2024-08-29 20:11:35,680 : INFO : root : Loading config.
2024-08-29 20:11:35,682 : INFO : YamlMultifileConfigLoader : Machine config file #1: config.yaml
2024-08-29 20:11:35,682 : INFO : ConfigProcessor : Loading config from cache: /var/folders/sv/d29kcl5x50v7vt1n6xb5jsd40000gn/T/c166cef8060ffee16a35821bf698da85.mpf_cache
2024-08-29 20:11:35,713 : INFO : ConfigProcessor : Loading config from cache: /var/folders/sv/d29kcl5x50v7vt1n6xb5jsd40000gn/T/6b31c5ac6ecbad948994a8204ea6b05b.mpf_cache
2024-08-29 20:11:35,713 : INFO : ConfigProcessor : Loading config from cache: /var/folders/sv/d29kcl5x50v7vt1n6xb5jsd40000gn/T/fe612d1e66c8a96c19ba449d3748eeac.mpf_cache
2024-08-29 20:11:35,713 : INFO : ConfigProcessor : Loading config from cache: /var/folders/sv/d29kcl5x50v7vt1n6xb5jsd40000gn/T/6b31c5ac6ecbad948994a8204ea6b05b.mpf_cache
2024-08-29 20:11:35,713 : INFO : ConfigProcessor : Loading config from cache: /var/folders/sv/d29kcl5x50v7vt1n6xb5jsd40000gn/T/8765227693ecd961e0504502a81255e0.mpf_cache
2024-08-29 20:11:35,714 : INFO : ConfigProcessor : Loading config from cache: /var/folders/sv/d29kcl5x50v7vt1n6xb5jsd40000gn/T/b247728c74b4d81bcb2825e2b07062a7.mpf_cache
2024-08-29 20:11:35,714 : INFO : ConfigProcessor : Loading config from cache: /var/folders/sv/d29kcl5x50v7vt1n6xb5jsd40000gn/T/f240f94f0b5d0f37ec4fd7571275a101.mpf_cache
2024-08-29 20:11:35,714 : INFO : ConfigProcessor : Loading config from cache: /var/folders/sv/d29kcl5x50v7vt1n6xb5jsd40000gn/T/6a2f50ed892485825cc04dc0a68eab9f.mpf_cache
2024-08-29 20:11:35,715 : WARNING : ConfigProcessor : Config file in cache changed: /Users/nicktaseris/Desktop/Pinball/KOTH/modes/beat_the_surfer/config/beat_the_surfer.yaml
2024-08-29 20:11:35,715 : INFO : ConfigProcessor : Loading config from file /Users/nicktaseris/Desktop/Pinball/KOTH/modes/beat_the_surfer/config/beat_the_surfer.yaml.
2024-08-29 20:11:35,716 : INFO : ConfigProcessor : Loading config: /Users/nicktaseris/Desktop/Pinball/KOTH/modes/beat_the_surfer/config/beat_the_surfer.yaml
2024-08-29 20:11:35,717 : INFO : ConfigProcessor : Config file cache created: /var/folders/sv/d29kcl5x50v7vt1n6xb5jsd40000gn/T/d58c58eb9fd1a2dc27f8acd255fb3761.mpf_cache
2024-08-29 20:11:35,717 : INFO : ConfigProcessor : Loading config from cache: /var/folders/sv/d29kcl5x50v7vt1n6xb5jsd40000gn/T/07adfd310b3ef0e03c5cbc91527abb6c.mpf_cache
2024-08-29 20:11:35,717 : INFO : ConfigProcessor : Loading config from cache: /var/folders/sv/d29kcl5x50v7vt1n6xb5jsd40000gn/T/12bd5247c3bf989b919364bdb7829769.mpf_cache
2024-08-29 20:11:35,718 : INFO : ConfigProcessor : Loading config from cache: /var/folders/sv/d29kcl5x50v7vt1n6xb5jsd40000gn/T/362e08f51a1a1b7a0809dd52f9c83f83.mpf_cache
2024-08-29 20:11:35,718 : INFO : ConfigProcessor : Loading config from cache: /var/folders/sv/d29kcl5x50v7vt1n6xb5jsd40000gn/T/e0db17dd068fe6304aabdbeff00fac0d.mpf_cache
2024-08-29 20:11:35,718 : INFO : ConfigProcessor : Loading config from cache: /var/folders/sv/d29kcl5x50v7vt1n6xb5jsd40000gn/T/331d8d1a1bc190cae8c13495e1db372f.mpf_cache
2024-08-29 20:11:35,718 : INFO : ConfigProcessor : Loading config from cache: /var/folders/sv/d29kcl5x50v7vt1n6xb5jsd40000gn/T/d17a9ff77386e6f1439d0802ace1de07.mpf_cache
2024-08-29 20:11:35,719 : INFO : ConfigProcessor : Loading config from cache: /var/folders/sv/d29kcl5x50v7vt1n6xb5jsd40000gn/T/280fd64455d0d243a54ab4db98fbccbd.mpf_cache
2024-08-29 20:11:35,719 : INFO : ConfigProcessor : Loading config from cache: /var/folders/sv/d29kcl5x50v7vt1n6xb5jsd40000gn/T/0c0596ed8fbb40b6113901d21bdc0a39.mpf_cache
2024-08-29 20:11:35,719 : INFO : ConfigProcessor : Loading config from cache: /var/folders/sv/d29kcl5x50v7vt1n6xb5jsd40000gn/T/f521a0f834965d73920394ccceaa3c1c.mpf_cache
2024-08-29 20:11:35,719 : INFO : ConfigProcessor : Loading config from cache: /var/folders/sv/d29kcl5x50v7vt1n6xb5jsd40000gn/T/0fedc249e142fba0aaf46d9adc7061fa.mpf_cache
2024-08-29 20:11:35,720 : INFO : ConfigProcessor : Loading config from cache: /var/folders/sv/d29kcl5x50v7vt1n6xb5jsd40000gn/T/c57745b2fe399992c4aedf0209f8acc9.mpf_cache
2024-08-29 20:11:35,720 : INFO : ConfigProcessor : Loading config from cache: /var/folders/sv/d29kcl5x50v7vt1n6xb5jsd40000gn/T/4d7707f845442344c77faa09114dd414.mpf_cache
2024-08-29 20:11:35,720 : INFO : ConfigProcessor : Loading config from cache: /var/folders/sv/d29kcl5x50v7vt1n6xb5jsd40000gn/T/13b622eeb34cc558f4c171e6faf49f20.mpf_cache
2024-08-29 20:11:35,720 : INFO : ConfigProcessor : Loading config from cache: /var/folders/sv/d29kcl5x50v7vt1n6xb5jsd40000gn/T/897ffb6d77163469c302d894201d7081.mpf_cache
2024-08-29 20:11:35,720 : INFO : ConfigProcessor : Loading config from cache: /var/folders/sv/d29kcl5x50v7vt1n6xb5jsd40000gn/T/51caa30b8c50b4dd14ddbf8a263fb4c6.mpf_cache
2024-08-29 20:11:35,721 : INFO : ConfigProcessor : Loading config from cache: /var/folders/sv/d29kcl5x50v7vt1n6xb5jsd40000gn/T/aa4dd12681abd3ba3467de4d4b71c6b2.mpf_cache
2024-08-29 20:11:35,721 : INFO : ConfigProcessor : Loading config from cache: /var/folders/sv/d29kcl5x50v7vt1n6xb5jsd40000gn/T/edf8b775a93855f849af0e2eff0a7bac.mpf_cache
2024-08-29 20:11:35,721 : INFO : ConfigProcessor : Loading config from cache: /var/folders/sv/d29kcl5x50v7vt1n6xb5jsd40000gn/T/a8808f7c3567c8d62dc12e9ad7d55d7c.mpf_cache
2024-08-29 20:11:35,721 : INFO : ConfigProcessor : Loading config from cache: /var/folders/sv/d29kcl5x50v7vt1n6xb5jsd40000gn/T/3048ed2d7ea14eee3db896f6760aa474.mpf_cache
2024-08-29 20:11:35,721 : INFO : ConfigProcessor : Loading config from cache: /var/folders/sv/d29kcl5x50v7vt1n6xb5jsd40000gn/T/a14a120665a0ee9fd8a6e22274033983.mpf_cache
2024-08-29 20:11:35,722 : INFO : ConfigProcessor : Loading config from cache: /var/folders/sv/d29kcl5x50v7vt1n6xb5jsd40000gn/T/984de704eb69e43ca43e84d7915bfa21.mpf_cache
2024-08-29 20:11:35,722 : INFO : ConfigProcessor : Loading config from cache: /var/folders/sv/d29kcl5x50v7vt1n6xb5jsd40000gn/T/0a9cb7260d26760274024f443d38cc22.mpf_cache
2024-08-29 20:11:35,722 : INFO : ConfigProcessor : Loading config from cache: /var/folders/sv/d29kcl5x50v7vt1n6xb5jsd40000gn/T/deb753c2acdccb3c49ddc8f2a7e04ee6.mpf_cache
2024-08-29 20:11:35,722 : INFO : ConfigProcessor : Loading config from cache: /var/folders/sv/d29kcl5x50v7vt1n6xb5jsd40000gn/T/4a90c06755c4a5beef2ee4c243f54397.mpf_cache
2024-08-29 20:11:35,723 : INFO : Machine : Mission Pinball Framework Core Engine v0.80.0.dev1
2024-08-29 20:11:35,723 : INFO : Machine : Command line arguments: {'no_load_cache': False, 'create_config_cache': True, 'bcp': True, 'configfile': ['config.yaml'], 'force_assets_load': False, 'platform_integration_test': False, 'jsonlogging': False, 'logfile': 'logs/2024-08-29-20-11-35-mpf-Nicks-Air.lan.log', 'pause': False, 'production': False, 'text_ui': True, 'loglevel': 15, 'consoleloglevel': 20, 'force_platform': None, 'syslog_address': None, 'mc_file_name': None, 'no_sound': False, 'full_logfile_path': '/Users/nicktaseris/Desktop/Pinball/KOTH/logs/2024-08-29-20-11-35-mpf-Nicks-Air.lan.log'}
2024-08-29 20:11:35,723 : INFO : Machine : MPF path: /Users/nicktaseris/mpfenv/lib/python3.9/site-packages/mpf
2024-08-29 20:11:35,723 : INFO : Machine : Machine path: /Users/nicktaseris/Desktop/Pinball/KOTH
2024-08-29 20:11:35,723 : INFO : Machine : Platform: darwin
2024-08-29 20:11:35,723 : INFO : Machine : Python executable location: /Users/nicktaseris/mpfenv/bin/python3
2024-08-29 20:11:35,723 : INFO : Machine : Python version: 3.9.13 (64-bit)
2024-08-29 20:11:35,723 : INFO : Machine : Initializing MPF...
2024-08-29 20:11:35,751 : INFO : EventManager : Event: ======'machine_var_credits_string'====== Args={'value': 'FREE PLAY', 'prev_value': None, 'change': True}
2024-08-29 20:11:35,757 : INFO : EventManager : Event: ======'machine_var_master_volume'====== Args={'value': 0.5, 'prev_value': None, 'change': True}
2024-08-29 20:11:35,757 : INFO : EventManager : Event: ======'machine_var_player1_score'====== Args={'value': 34335100, 'prev_value': None, 'change': True}
2024-08-29 20:11:35,757 : INFO : EventManager : Event: ======'machine_var_mpf_version'====== Args={'value': 'Mission Pinball Framework v0.80.0.dev1', 'prev_value': None, 'change': True}
2024-08-29 20:11:35,757 : INFO : EventManager : Event: ======'machine_var_mpf_extended_version'====== Args={'value': 'Mission Pinball Framework v0.80.0.dev1, Config version:6, Show version: 6, BCP version:1.1', 'prev_value': None, 'change': True}
2024-08-29 20:11:35,757 : INFO : EventManager : Event: ======'machine_var_python_version'====== Args={'value': '3.9.13', 'prev_value': None, 'change': True}
2024-08-29 20:11:35,766 : INFO : EventManager : Event: ======'machine_var_platform'====== Args={'value': 'macOS-12.1-arm64-arm-64bit', 'prev_value': None, 'change': True}
2024-08-29 20:11:35,766 : INFO : EventManager : Event: ======'machine_var_platform_system'====== Args={'value': 'Darwin', 'prev_value': None, 'change': True}
2024-08-29 20:11:35,767 : INFO : EventManager : Event: ======'machine_var_platform_release'====== Args={'value': '21.2.0', 'prev_value': None, 'change': True}
2024-08-29 20:11:35,767 : INFO : EventManager : Event: ======'machine_var_platform_version'====== Args={'value': 'Darwin Kernel Version 21.2.0: Sun Nov 28 20:29:10 PST 2021; root:xnu-8019.61.5~1/RELEASE_ARM64_T8101', 'prev_value': None, 'change': True}
2024-08-29 20:11:35,767 : INFO : EventManager : Event: ======'machine_var_platform_machine'====== Args={'value': 'arm64', 'prev_value': None, 'change': True}
2024-08-29 20:11:35,767 : INFO : EventManager : Event: ======'machine_var_log_file_path'====== Args={'value': '/Users/nicktaseris/Desktop/Pinball/KOTH/logs/2024-08-29-20-11-35-mpf-Nicks-Air.lan.log', 'prev_value': None, 'change': True}
2024-08-29 20:11:35,767 : INFO : EventManager : Event: ======'init_phase_1'====== Args={}
2024-08-29 20:11:35,795 : INFO : EventManager : Event: ======'drop_target_bank_strickland_bank_up'====== Args={}
2024-08-29 20:11:35,795 : INFO : EventManager : Event: ======'init_phase_2'====== Args={}
2024-08-29 20:11:35,796 : INFO : SwitchController : Found active switch: ('39', <Platform.SmartVirtual>) <switch.s_trough1>
2024-08-29 20:11:35,796 : INFO : SwitchController : Found active switch: ('40', <Platform.SmartVirtual>) <switch.s_trough2>
2024-08-29 20:11:35,796 : INFO : SwitchController : Found active switch: ('41', <Platform.SmartVirtual>) <switch.s_trough3>
2024-08-29 20:11:35,796 : INFO : SwitchController : Found active switch: ('42', <Platform.SmartVirtual>) <switch.s_trough4>
2024-08-29 20:11:35,796 : INFO : SwitchController : Found active switch: ('43', <Platform.SmartVirtual>) <switch.s_trough5>
2024-08-29 20:11:35,796 : INFO : SwitchController : Found active switch: ('44', <Platform.SmartVirtual>) <switch.s_trough6>
2024-08-29 20:11:35,801 : INFO : EventManager : Event: ======'machine_var_score1_label'====== Args={'value': 'GRAND CHAMPION', 'prev_value': None, 'change': True}
2024-08-29 20:11:35,801 : INFO : EventManager : Event: ======'machine_var_score1_name'====== Args={'value': 'NJT', 'prev_value': None, 'change': True}
2024-08-29 20:11:35,801 : INFO : EventManager : Event: ======'machine_var_score1_value'====== Args={'value': 36245050, 'prev_value': None, 'change': True}
2024-08-29 20:11:35,802 : INFO : EventManager : Event: ======'machine_var_score2_label'====== Args={'value': 'HIGH SCORE 1', 'prev_value': None, 'change': True}
2024-08-29 20:11:35,802 : INFO : EventManager : Event: ======'machine_var_score2_name'====== Args={'value': 'NJT', 'prev_value': None, 'change': True}
2024-08-29 20:11:35,802 : INFO : EventManager : Event: ======'machine_var_score2_value'====== Args={'value': 36245050, 'prev_value': None, 'change': True}
2024-08-29 20:11:35,802 : INFO : EventManager : Event: ======'machine_var_score3_label'====== Args={'value': 'HIGH SCORE 2', 'prev_value': None, 'change': True}
2024-08-29 20:11:35,802 : INFO : EventManager : Event: ======'machine_var_score3_name'====== Args={'value': 'NNNNNNNNNNNNN', 'prev_value': None, 'change': True}
2024-08-29 20:11:35,802 : INFO : EventManager : Event: ======'machine_var_score3_value'====== Args={'value': 35245050, 'prev_value': None, 'change': True}
2024-08-29 20:11:35,802 : INFO : EventManager : Event: ======'machine_var_score4_label'====== Args={'value': 'HIGH SCORE 3', 'prev_value': None, 'change': True}
2024-08-29 20:11:35,802 : INFO : EventManager : Event: ======'machine_var_score4_name'====== Args={'value': 'NJT', 'prev_value': None, 'change': True}
2024-08-29 20:11:35,802 : INFO : EventManager : Event: ======'machine_var_score4_value'====== Args={'value': 34335100, 'prev_value': None, 'change': True}
2024-08-29 20:11:35,802 : INFO : EventManager : Event: ======'bcp_connection_attempt'====== Args={'name': 'local_display', 'host': 'localhost', 'port': 5050}
2024-08-29 20:11:35,803 : INFO : BCPClientSocket : Connecting BCP to 'local_display' at localhost:5050...
2024-08-29 20:11:35,806 : INFO : BCPClientSocket : Connected BCP to 'local_display' localhost:5050
2024-08-29 20:11:35,806 : INFO : EventManager : Event: ======'bcp_clients_connected'====== Args={}
2024-08-29 20:11:35,807 : INFO : ball_device.bd_trough : BCH: Initial count: 6
2024-08-29 20:11:35,807 : INFO : ball_device.bd_trough : State: idle
2024-08-29 20:11:35,807 : INFO : ball_device.bd_plunger : BCH: Initial count: 0
2024-08-29 20:11:35,807 : INFO : ball_device.bd_plunger : State: idle
2024-08-29 20:11:35,807 : INFO : ball_device.bd_scoop : BCH: Initial count: 0
2024-08-29 20:11:35,807 : INFO : ball_device.bd_scoop : State: idle
2024-08-29 20:11:35,812 : INFO : EventManager : Event: ======'init_phase_3'====== Args={}
2024-08-29 20:11:35,817 : INFO : EventManager : Event: ======'init_phase_4'====== Args={}
2024-08-29 20:11:35,817 : INFO : BallController : Initial balls found: 6
2024-08-29 20:11:35,818 : INFO : EventManager : Event: ======'machine_var_audits_events_game_ended'====== Args={'value': 14, 'prev_value': None, 'change': True}
2024-08-29 20:11:35,818 : INFO : EventManager : Event: ======'machine_var_audits_events_game_started'====== Args={'value': 1108, 'prev_value': None, 'change': True}
2024-08-29 20:11:35,818 : INFO : EventManager : Event: ======'machine_var_audits_missing_switches_s_a_target'====== Args={'value': 3, 'prev_value': None, 'change': True}
2024-08-29 20:11:35,818 : INFO : EventManager : Event: ======'machine_var_audits_missing_switches_s_bottom_inline_drop'====== Args={'value': 48, 'prev_value': None, 'change': True}
2024-08-29 20:11:35,818 : INFO : EventManager : Event: ======'machine_var_audits_missing_switches_s_bottom_pop_bumper'====== Args={'value': 2, 'prev_value': None, 'change': True}
2024-08-29 20:11:35,818 : INFO : EventManager : Event: ======'machine_var_audits_missing_switches_s_center_spinner'====== Args={'value': 84, 'prev_value': None, 'change': True}
2024-08-29 20:11:35,818 : INFO : EventManager : Event: ======'machine_var_audits_missing_switches_s_e_target'====== Args={'value': 6, 'prev_value': None, 'change': True}
2024-08-29 20:11:35,818 : INFO : EventManager : Event: ======'machine_var_audits_missing_switches_s_launch_button'====== Args={'value': 579, 'prev_value': None, 'change': True}
2024-08-29 20:11:35,818 : INFO : EventManager : Event: ======'machine_var_audits_missing_switches_s_left_flipper'====== Args={'value': 2, 'prev_value': None, 'change': True}
2024-08-29 20:11:35,818 : INFO : EventManager : Event: ======'machine_var_audits_missing_switches_s_left_inlane'====== Args={'value': 71, 'prev_value': None, 'change': True}
2024-08-29 20:11:35,818 : INFO : EventManager : Event: ======'machine_var_audits_missing_switches_s_left_inner_horseshoe'====== Args={'value': 186, 'prev_value': None, 'change': True}
2024-08-29 20:11:35,819 : INFO : EventManager : Event: ======'machine_var_audits_missing_switches_s_left_orbit_enter'====== Args={'value': 2, 'prev_value': None, 'change': True}
2024-08-29 20:11:35,819 : INFO : EventManager : Event: ======'machine_var_audits_missing_switches_s_left_orbit_exit'====== Args={'value': 300, 'prev_value': None, 'change': True}
2024-08-29 20:11:35,819 : INFO : EventManager : Event: ======'machine_var_audits_missing_switches_s_left_outlane'====== Args={'value': 84, 'prev_value': None, 'change': True}
2024-08-29 20:11:35,819 : INFO : EventManager : Event: ======'machine_var_audits_missing_switches_s_left_pop_bumper'====== Args={'value': 667, 'prev_value': None, 'change': True}
2024-08-29 20:11:35,819 : INFO : EventManager : Event: ======'machine_var_audits_missing_switches_s_left_ramp_enter'====== Args={'value': 380, 'prev_value': None, 'change': True}
2024-08-29 20:11:35,819 : INFO : EventManager : Event: ======'machine_var_audits_missing_switches_s_left_ramp_exit'====== Args={'value': 380, 'prev_value': None, 'change': True}
2024-08-29 20:11:35,819 : INFO : EventManager : Event: ======'machine_var_audits_missing_switches_s_left_ramp_standup'====== Args={'value': 2, 'prev_value': None, 'change': True}
2024-08-29 20:11:35,819 : INFO : EventManager : Event: ======'machine_var_audits_missing_switches_s_left_rollover_lane'====== Args={'value': 58, 'prev_value': None, 'change': True}
2024-08-29 20:11:35,819 : INFO : EventManager : Event: ======'machine_var_audits_missing_switches_s_left_sling'====== Args={'value': 758, 'prev_value': None, 'change': True}
2024-08-29 20:11:35,819 : INFO : EventManager : Event: ======'machine_var_audits_missing_switches_s_left_spinner'====== Args={'value': 209, 'prev_value': None, 'change': True}
2024-08-29 20:11:35,819 : INFO : EventManager : Event: ======'machine_var_audits_missing_switches_s_middle_inline_drop'====== Args={'value': 44, 'prev_value': None, 'change': True}
2024-08-29 20:11:35,819 : INFO : EventManager : Event: ======'machine_var_audits_missing_switches_s_middle_rollover_lane'====== Args={'value': 58, 'prev_value': None, 'change': True}
2024-08-29 20:11:35,819 : INFO : EventManager : Event: ======'machine_var_audits_missing_switches_s_n_target'====== Args={'value': 9, 'prev_value': None, 'change': True}
2024-08-29 20:11:35,819 : INFO : EventManager : Event: ======'machine_var_audits_missing_switches_s_right_flipper'====== Args={'value': 2, 'prev_value': None, 'change': True}
2024-08-29 20:11:35,820 : INFO : EventManager : Event: ======'machine_var_audits_missing_switches_s_right_inlane'====== Args={'value': 264, 'prev_value': None, 'change': True}
2024-08-29 20:11:35,820 : INFO : EventManager : Event: ======'machine_var_audits_missing_switches_s_right_inner_horseshoe'====== Args={'value': 71, 'prev_value': None, 'change': True}
2024-08-29 20:11:35,820 : INFO : EventManager : Event: ======'machine_var_audits_missing_switches_s_right_orbit_exit'====== Args={'value': 300, 'prev_value': None, 'change': True}
2024-08-29 20:11:35,820 : INFO : EventManager : Event: ======'machine_var_audits_missing_switches_s_right_pop_bumper'====== Args={'value': 91, 'prev_value': None, 'change': True}
2024-08-29 20:11:35,820 : INFO : EventManager : Event: ======'machine_var_audits_missing_switches_s_right_ramp_enter'====== Args={'value': 380, 'prev_value': None, 'change': True}
2024-08-29 20:11:35,820 : INFO : EventManager : Event: ======'machine_var_audits_missing_switches_s_right_ramp_exit'====== Args={'value': 380, 'prev_value': None, 'change': True}
2024-08-29 20:11:35,820 : INFO : EventManager : Event: ======'machine_var_audits_missing_switches_s_right_ramp_standup'====== Args={'value': 84, 'prev_value': None, 'change': True}
2024-08-29 20:11:35,820 : INFO : EventManager : Event: ======'machine_var_audits_missing_switches_s_right_rollover_lane'====== Args={'value': 58, 'prev_value': None, 'change': True}
2024-08-29 20:11:35,820 : INFO : EventManager : Event: ======'machine_var_audits_missing_switches_s_right_sling'====== Args={'value': 40, 'prev_value': None, 'change': True}
2024-08-29 20:11:35,820 : INFO : EventManager : Event: ======'machine_var_audits_missing_switches_s_top_inline_drop'====== Args={'value': 91, 'prev_value': None, 'change': True}
2024-08-29 20:11:35,820 : INFO : EventManager : Event: ======'machine_var_audits_missing_switches_s_trough2'====== Args={'value': 301, 'prev_value': None, 'change': True}
2024-08-29 20:11:35,820 : INFO : EventManager : Event: ======'machine_var_audits_missing_switches_s_trough3'====== Args={'value': 237, 'prev_value': None, 'change': True}
2024-08-29 20:11:35,821 : INFO : EventManager : Event: ======'machine_var_audits_missing_switches_s_trough4'====== Args={'value': 530, 'prev_value': None, 'change': True}
2024-08-29 20:11:35,821 : INFO : EventManager : Event: ======'machine_var_audits_missing_switches_s_trough5'====== Args={'value': 1063, 'prev_value': None, 'change': True}
2024-08-29 20:11:35,821 : INFO : EventManager : Event: ======'machine_var_audits_missing_switches_s_trough6'====== Args={'value': 1063, 'prev_value': None, 'change': True}
2024-08-29 20:11:35,821 : INFO : EventManager : Event: ======'machine_var_audits_missing_switches_s_trough_jam'====== Args={'value': 996, 'prev_value': None, 'change': True}
2024-08-29 20:11:35,821 : INFO : EventManager : Event: ======'machine_var_audits_player_score'====== Args={'value': {'average': 16873553, 'top': [36245050, 36245050, 35245050, 34335100, 34245100, 32335100, 30565250, 29425150, 389100, 370600], 'total': 16}, 'prev_value': None, 'change': True}
2024-08-29 20:11:35,821 : INFO : EventManager : Event: ======'machine_var_audits_shots_a_rollover_lane'====== Args={'value': 19, 'prev_value': None, 'change': True}
2024-08-29 20:11:35,821 : INFO : EventManager : Event: ======'machine_var_audits_shots_a_target'====== Args={'value': 7, 'prev_value': None, 'change': True}
2024-08-29 20:11:35,821 : INFO : EventManager : Event: ======'machine_var_audits_shots_ball_lock_a_target'====== Args={'value': 6, 'prev_value': None, 'change': True}
2024-08-29 20:11:35,821 : INFO : EventManager : Event: ======'machine_var_audits_shots_ball_lock_e_target'====== Args={'value': 5, 'prev_value': None, 'change': True}
2024-08-29 20:11:35,821 : INFO : EventManager : Event: ======'machine_var_audits_shots_ball_lock_n_target'====== Args={'value': 5, 'prev_value': None, 'change': True}
2024-08-29 20:11:35,822 : INFO : EventManager : Event: ======'machine_var_audits_shots_ball_lock_p2_target'====== Args={'value': 9, 'prev_value': None, 'change': True}
2024-08-29 20:11:35,822 : INFO : EventManager : Event: ======'machine_var_audits_shots_bottom_inline_drop'====== Args={'value': 49, 'prev_value': None, 'change': True}
2024-08-29 20:11:35,822 : INFO : EventManager : Event: ======'machine_var_audits_shots_e_target'====== Args={'value': 3, 'prev_value': None, 'change': True}
2024-08-29 20:11:35,822 : INFO : EventManager : Event: ======'machine_var_audits_shots_h_rollover_lane'====== Args={'value': 23, 'prev_value': None, 'change': True}
2024-08-29 20:11:35,822 : INFO : EventManager : Event: ======'machine_var_audits_shots_k_rollover_lane'====== Args={'value': 19, 'prev_value': None, 'change': True}
2024-08-29 20:11:35,822 : INFO : EventManager : Event: ======'machine_var_audits_shots_left_rollover_lane'====== Args={'value': 219, 'prev_value': None, 'change': True}
2024-08-29 20:11:35,822 : INFO : EventManager : Event: ======'machine_var_audits_shots_middle_inline_drop'====== Args={'value': 48, 'prev_value': None, 'change': True}
2024-08-29 20:11:35,822 : INFO : EventManager : Event: ======'machine_var_audits_shots_middle_rollover_lane'====== Args={'value': 209, 'prev_value': None, 'change': True}
2024-08-29 20:11:35,822 : INFO : EventManager : Event: ======'machine_var_audits_shots_mode_scoop'====== Args={'value': 85, 'prev_value': None, 'change': True}
2024-08-29 20:11:35,822 : INFO : EventManager : Event: ======'machine_var_audits_shots_n_rollover_lane'====== Args={'value': 15, 'prev_value': None, 'change': True}
2024-08-29 20:11:35,823 : INFO : EventManager : Event: ======'machine_var_audits_shots_n_target'====== Args={'value': 9, 'prev_value': None, 'change': True}
2024-08-29 20:11:35,823 : INFO : EventManager : Event: ======'machine_var_audits_shots_o_target'====== Args={'value': 4, 'prev_value': None, 'change': True}
2024-08-29 20:11:35,823 : INFO : EventManager : Event: ======'machine_var_audits_shots_p2_target'====== Args={'value': 5, 'prev_value': None, 'change': True}
2024-08-29 20:11:35,823 : INFO : EventManager : Event: ======'machine_var_audits_shots_p_target'====== Args={'value': 8, 'prev_value': None, 'change': True}
2024-08-29 20:11:35,823 : INFO : EventManager : Event: ======'machine_var_audits_shots_qualify_a_target'====== Args={'value': 7, 'prev_value': None, 'change': True}
2024-08-29 20:11:35,823 : INFO : EventManager : Event: ======'machine_var_audits_shots_qualify_e_target'====== Args={'value': 8, 'prev_value': None, 'change': True}
2024-08-29 20:11:35,823 : INFO : EventManager : Event: ======'machine_var_audits_shots_qualify_n_target'====== Args={'value': 7, 'prev_value': None, 'change': True}
2024-08-29 20:11:35,823 : INFO : EventManager : Event: ======'machine_var_audits_shots_qualify_o_target'====== Args={'value': 446, 'prev_value': None, 'change': True}
2024-08-29 20:11:35,824 : INFO : EventManager : Event: ======'machine_var_audits_shots_qualify_p2_target'====== Args={'value': 9, 'prev_value': None, 'change': True}
2024-08-29 20:11:35,824 : INFO : EventManager : Event: ======'machine_var_audits_shots_qualify_p_target'====== Args={'value': 411, 'prev_value': None, 'change': True}
2024-08-29 20:11:35,824 : INFO : EventManager : Event: ======'machine_var_audits_shots_qualify_r_target'====== Args={'value': 458, 'prev_value': None, 'change': True}
2024-08-29 20:11:35,824 : INFO : EventManager : Event: ======'machine_var_audits_shots_r_target'====== Args={'value': 14, 'prev_value': None, 'change': True}
2024-08-29 20:11:35,824 : INFO : EventManager : Event: ======'machine_var_audits_shots_rainey_multiball_ball_lock_a_target'====== Args={'value': 107, 'prev_value': None, 'change': True}
2024-08-29 20:11:35,824 : INFO : EventManager : Event: ======'machine_var_audits_shots_rainey_multiball_ball_lock_e_target'====== Args={'value': 93, 'prev_value': None, 'change': True}
2024-08-29 20:11:35,824 : INFO : EventManager : Event: ======'machine_var_audits_shots_rainey_multiball_ball_lock_n_target'====== Args={'value': 89, 'prev_value': None, 'change': True}
2024-08-29 20:11:35,825 : INFO : EventManager : Event: ======'machine_var_audits_shots_rainey_multiball_ball_lock_p2_target'====== Args={'value': 180, 'prev_value': None, 'change': True}
2024-08-29 20:11:35,825 : INFO : EventManager : Event: ======'machine_var_audits_shots_right_rollover_lane'====== Args={'value': 213, 'prev_value': None, 'change': True}
2024-08-29 20:11:35,825 : INFO : EventManager : Event: ======'machine_var_audits_shots_scoop'====== Args={'value': 285, 'prev_value': None, 'change': True}
2024-08-29 20:11:35,825 : INFO : EventManager : Event: ======'machine_var_audits_shots_scoop_mission_select'====== Args={'value': 57, 'prev_value': None, 'change': True}
2024-08-29 20:11:35,825 : INFO : EventManager : Event: ======'machine_var_audits_shots_shot_left_ramp'====== Args={'value': 17, 'prev_value': None, 'change': True}
2024-08-29 20:11:35,825 : INFO : EventManager : Event: ======'machine_var_audits_shots_shot_right_ramp'====== Args={'value': 24, 'prev_value': None, 'change': True}
2024-08-29 20:11:35,825 : INFO : EventManager : Event: ======'machine_var_audits_shots_skillshot_a_target'====== Args={'value': 102, 'prev_value': None, 'change': True}
2024-08-29 20:11:35,826 : INFO : EventManager : Event: ======'machine_var_audits_shots_skillshot_e_target'====== Args={'value': 85, 'prev_value': None, 'change': True}
2024-08-29 20:11:35,826 : INFO : EventManager : Event: ======'machine_var_audits_shots_skillshot_n_target'====== Args={'value': 68, 'prev_value': None, 'change': True}
2024-08-29 20:11:35,826 : INFO : EventManager : Event: ======'machine_var_audits_shots_skillshot_o_target'====== Args={'value': 155, 'prev_value': None, 'change': True}
2024-08-29 20:11:35,826 : INFO : EventManager : Event: ======'machine_var_audits_shots_skillshot_p2_target'====== Args={'value': 151, 'prev_value': None, 'change': True}
2024-08-29 20:11:35,826 : INFO : EventManager : Event: ======'machine_var_audits_shots_skillshot_p_target'====== Args={'value': 86, 'prev_value': None, 'change': True}
2024-08-29 20:11:35,826 : INFO : EventManager : Event: ======'machine_var_audits_shots_skillshot_r_target'====== Args={'value': 169, 'prev_value': None, 'change': True}
2024-08-29 20:11:35,826 : INFO : EventManager : Event: ======'machine_var_audits_shots_spinner'====== Args={'value': 11, 'prev_value': None, 'change': True}
2024-08-29 20:11:35,827 : INFO : EventManager : Event: ======'machine_var_audits_shots_top_inline_drop'====== Args={'value': 8, 'prev_value': None, 'change': True}
2024-08-29 20:11:35,827 : INFO : EventManager : Event: ======'machine_var_audits_switches_s_a_target'====== Args={'value': 235, 'prev_value': None, 'change': True}
2024-08-29 20:11:35,827 : INFO : EventManager : Event: ======'machine_var_audits_switches_s_bottom_inline_drop'====== Args={'value': 1071, 'prev_value': None, 'change': True}
2024-08-29 20:11:35,827 : INFO : EventManager : Event: ======'machine_var_audits_switches_s_bottom_pop_bumper'====== Args={'value': 494, 'prev_value': None, 'change': True}
2024-08-29 20:11:35,827 : INFO : EventManager : Event: ======'machine_var_audits_switches_s_center_spinner'====== Args={'value': 288, 'prev_value': None, 'change': True}
2024-08-29 20:11:35,827 : INFO : EventManager : Event: ======'machine_var_audits_switches_s_e_target'====== Args={'value': 226, 'prev_value': None, 'change': True}
2024-08-29 20:11:35,827 : INFO : EventManager : Event: ======'machine_var_audits_switches_s_launch_button'====== Args={'value': 10, 'prev_value': None, 'change': True}
2024-08-29 20:11:35,828 : INFO : EventManager : Event: ======'machine_var_audits_switches_s_left_flipper'====== Args={'value': 630, 'prev_value': None, 'change': True}
2024-08-29 20:11:35,828 : INFO : EventManager : Event: ======'machine_var_audits_switches_s_left_inlane'====== Args={'value': 30, 'prev_value': None, 'change': True}
2024-08-29 20:11:35,828 : INFO : EventManager : Event: ======'machine_var_audits_switches_s_left_inner_horseshoe'====== Args={'value': 19, 'prev_value': None, 'change': True}
2024-08-29 20:11:35,828 : INFO : EventManager : Event: ======'machine_var_audits_switches_s_left_orbit_enter'====== Args={'value': 101, 'prev_value': None, 'change': True}
2024-08-29 20:11:35,828 : INFO : EventManager : Event: ======'machine_var_audits_switches_s_left_orbit_exit'====== Args={'value': 21, 'prev_value': None, 'change': True}
2024-08-29 20:11:35,828 : INFO : EventManager : Event: ======'machine_var_audits_switches_s_left_outlane'====== Args={'value': 49, 'prev_value': None, 'change': True}
2024-08-29 20:11:35,828 : INFO : EventManager : Event: ======'machine_var_audits_switches_s_left_pop_bumper'====== Args={'value': 9, 'prev_value': None, 'change': True}
2024-08-29 20:11:35,829 : INFO : EventManager : Event: ======'machine_var_audits_switches_s_left_ramp_enter'====== Args={'value': 30, 'prev_value': None, 'change': True}
2024-08-29 20:11:35,829 : INFO : EventManager : Event: ======'machine_var_audits_switches_s_left_ramp_exit'====== Args={'value': 37, 'prev_value': None, 'change': True}
2024-08-29 20:11:35,829 : INFO : EventManager : Event: ======'machine_var_audits_switches_s_left_ramp_standup'====== Args={'value': 1502, 'prev_value': None, 'change': True}
2024-08-29 20:11:35,829 : INFO : EventManager : Event: ======'machine_var_audits_switches_s_left_rollover_lane'====== Args={'value': 224, 'prev_value': None, 'change': True}
2024-08-29 20:11:35,829 : INFO : EventManager : Event: ======'machine_var_audits_switches_s_left_sling'====== Args={'value': 12, 'prev_value': None, 'change': True}
2024-08-29 20:11:35,829 : INFO : EventManager : Event: ======'machine_var_audits_switches_s_left_spinner'====== Args={'value': 144, 'prev_value': None, 'change': True}
2024-08-29 20:11:35,830 : INFO : EventManager : Event: ======'machine_var_audits_switches_s_middle_inline_drop'====== Args={'value': 1052, 'prev_value': None, 'change': True}
2024-08-29 20:11:35,830 : INFO : EventManager : Event: ======'machine_var_audits_switches_s_middle_rollover_lane'====== Args={'value': 212, 'prev_value': None, 'change': True}
2024-08-29 20:11:35,830 : INFO : EventManager : Event: ======'machine_var_audits_switches_s_n_target'====== Args={'value': 209, 'prev_value': None, 'change': True}
2024-08-29 20:11:35,830 : INFO : EventManager : Event: ======'machine_var_audits_switches_s_o_target'====== Args={'value': 502, 'prev_value': None, 'change': True}
2024-08-29 20:11:35,830 : INFO : EventManager : Event: ======'machine_var_audits_switches_s_p2_target'====== Args={'value': 260, 'prev_value': None, 'change': True}
2024-08-29 20:11:35,831 : INFO : EventManager : Event: ======'machine_var_audits_switches_s_p_target'====== Args={'value': 640, 'prev_value': None, 'change': True}
2024-08-29 20:11:35,831 : INFO : EventManager : Event: ======'machine_var_audits_switches_s_plunger'====== Args={'value': 1420, 'prev_value': None, 'change': True}
2024-08-29 20:11:35,831 : INFO : EventManager : Event: ======'machine_var_audits_switches_s_plunger_lane'====== Args={'value': 39, 'prev_value': None, 'change': True}
2024-08-29 20:11:35,831 : INFO : EventManager : Event: ======'machine_var_audits_switches_s_plunger_lane_exit'====== Args={'value': 1108, 'prev_value': None, 'change': True}
2024-08-29 20:11:35,831 : INFO : EventManager : Event: ======'machine_var_audits_switches_s_r_target'====== Args={'value': 506, 'prev_value': None, 'change': True}
2024-08-29 20:11:35,831 : INFO : EventManager : Event: ======'machine_var_audits_switches_s_right_flipper'====== Args={'value': 2208, 'prev_value': None, 'change': True}
2024-08-29 20:11:35,832 : INFO : EventManager : Event: ======'machine_var_audits_switches_s_right_inlane'====== Args={'value': 24, 'prev_value': None, 'change': True}
2024-08-29 20:11:35,832 : INFO : EventManager : Event: ======'machine_var_audits_switches_s_right_inner_horseshoe'====== Args={'value': 25, 'prev_value': None, 'change': True}
2024-08-29 20:11:35,832 : INFO : EventManager : Event: ======'machine_var_audits_switches_s_right_orbit_exit'====== Args={'value': 34, 'prev_value': None, 'change': True}
2024-08-29 20:11:35,832 : INFO : EventManager : Event: ======'machine_var_audits_switches_s_right_outlane'====== Args={'value': 27, 'prev_value': None, 'change': True}
2024-08-29 20:11:35,832 : INFO : EventManager : Event: ======'machine_var_audits_switches_s_right_pop_bumper'====== Args={'value': 23, 'prev_value': None, 'change': True}
2024-08-29 20:11:35,833 : INFO : EventManager : Event: ======'machine_var_audits_switches_s_right_ramp_enter'====== Args={'value': 16, 'prev_value': None, 'change': True}
2024-08-29 20:11:35,833 : INFO : EventManager : Event: ======'machine_var_audits_switches_s_right_ramp_exit'====== Args={'value': 26, 'prev_value': None, 'change': True}
2024-08-29 20:11:35,833 : INFO : EventManager : Event: ======'machine_var_audits_switches_s_right_ramp_standup'====== Args={'value': 312, 'prev_value': None, 'change': True}
2024-08-29 20:11:35,833 : INFO : EventManager : Event: ======'machine_var_audits_switches_s_right_rollover_lane'====== Args={'value': 227, 'prev_value': None, 'change': True}
2024-08-29 20:11:35,833 : INFO : EventManager : Event: ======'machine_var_audits_switches_s_right_sling'====== Args={'value': 12, 'prev_value': None, 'change': True}
2024-08-29 20:11:35,834 : INFO : EventManager : Event: ======'machine_var_audits_switches_s_scoop'====== Args={'value': 768, 'prev_value': None, 'change': True}
2024-08-29 20:11:35,834 : INFO : EventManager : Event: ======'machine_var_audits_switches_s_start'====== Args={'value': 799, 'prev_value': None, 'change': True}
2024-08-29 20:11:35,834 : INFO : EventManager : Event: ======'machine_var_audits_switches_s_top_inline_drop'====== Args={'value': 58, 'prev_value': None, 'change': True}
2024-08-29 20:11:35,834 : INFO : EventManager : Event: ======'machine_var_audits_switches_s_trough1'====== Args={'value': 541, 'prev_value': None, 'change': True}
2024-08-29 20:11:35,834 : INFO : EventManager : Event: ======'machine_var_audits_switches_s_trough2'====== Args={'value': 36, 'prev_value': None, 'change': True}
2024-08-29 20:11:35,834 : INFO : EventManager : Event: ======'machine_var_audits_switches_s_trough3'====== Args={'value': 21, 'prev_value': None, 'change': True}
2024-08-29 20:11:35,835 : INFO : EventManager : Event: ======'machine_var_audits_switches_s_trough4'====== Args={'value': 3, 'prev_value': None, 'change': True}
2024-08-29 20:11:35,835 : INFO : EventManager : Event: ======'machine_var_audits_switches_s_trough5'====== Args={'value': 2, 'prev_value': None, 'change': True}
2024-08-29 20:11:35,835 : INFO : EventManager : Event: ======'machine_var_audits_switches_s_trough6'====== Args={'value': 1, 'prev_value': None, 'change': True}
2024-08-29 20:11:35,835 : INFO : EventManager : Event: ======'machine_var_audits_switches_s_trough_jam'====== Args={'value': 5, 'prev_value': None, 'change': True}
2024-08-29 20:11:35,836 : INFO : EventManager : Event: ======'init_phase_5'====== Args={}
2024-08-29 20:11:35,838 : INFO : EventManager : Event: ======'init_done'====== Args={}
2024-08-29 20:11:35,838 : INFO : EventManager : Event: ======'machine_reset_phase_1'====== Args={}
2024-08-29 20:11:35,842 : INFO : EventManager : Event: ======'machine_reset_phase_2'====== Args={}
2024-08-29 20:11:35,842 : INFO : EventManager : Event: ======'machine_reset_phase_3'====== Args={}
2024-08-29 20:11:35,842 : INFO : drop_target_bank.strickland_bank : All targets are already up. Will not reset bank.
2024-08-29 20:11:35,842 : INFO : EventManager : Event: ======'reset_complete'====== Args={}
2024-08-29 20:11:35,842 : INFO : EventManager : Event: ======'mode_attract_will_start'====== Args={}
2024-08-29 20:11:35,843 : INFO : Timer.attract_switch : Starting Timer.
2024-08-29 20:11:35,843 : INFO : EventManager : Event: ======'timer_attract_switch_started'====== Args={'ticks': 0, 'ticks_remaining': 46}
2024-08-29 20:11:35,843 : INFO : EventManager : Event: ======'timer_attract_switch_tick'====== Args={'ticks': 0, 'ticks_remaining': 46}
2024-08-29 20:11:35,843 : INFO : EventManager : Event: ======'mode_attract_starting'====== Args={}
2024-08-29 20:11:35,843 : INFO : Mode.attract : Started. Priority: 10
2024-08-29 20:11:35,843 : INFO : EventManager : Event: ======'modes_active_modes_changed'====== Args={}
2024-08-29 20:11:35,843 : INFO : EventManager : Event: ======'mode_attract_started'====== Args={}
2024-08-29 20:11:35,843 : INFO : EventManager : Event: ======'collecting_balls_complete'====== Args={}
2024-08-29 20:11:35,844 : INFO : Machine : Starting the main run loop.
2024-08-29 20:11:36,132 : INFO : BcpServer : New client connected.
2024-08-29 20:11:36,429 : INFO : SwitchController : <<<<<<< 's_start' active >>>>>>>
2024-08-29 20:11:36,430 : INFO : EventManager : Event: ======'s_start_active'====== Args={}
2024-08-29 20:11:36,431 : INFO : EventManager : Event: ======'sw_add_player'====== Args={'priority': 0}
2024-08-29 20:11:36,536 : INFO : SwitchController : <<<<<<< 's_start' inactive >>>>>>>
2024-08-29 20:11:36,536 : INFO : EventManager : Event: ======'request_to_start_game'====== Args={}
2024-08-29 20:11:36,536 : INFO : EventManager : Event: ======'game_start'====== Args={'buttons': [], 'hold_time': 0.10586129099999997}
2024-08-29 20:11:36,537 : INFO : EventManager : Event: ======'mode_game_will_start'====== Args={'buttons': [], 'hold_time': 0.10586129099999997}
2024-08-29 20:11:36,537 : INFO : EventManager : Event: ======'mode_game_starting'====== Args={'buttons': [], 'hold_time': 0.10586129099999997}
2024-08-29 20:11:36,537 : INFO : EventManager : Event: ======'mode_attract_will_stop'====== Args={}
2024-08-29 20:11:36,537 : INFO : EventManager : Event: ======'mode_attract_stopping'====== Args={}
2024-08-29 20:11:36,537 : INFO : Mode.attract : Stopped.
2024-08-29 20:11:36,537 : INFO : EventManager : Event: ======'modes_active_modes_changed'====== Args={}
2024-08-29 20:11:36,538 : INFO : EventManager : Event: ======'mode_attract_stopped'====== Args={}
2024-08-29 20:11:36,538 : INFO : EventManager : Event: ======'clear'====== Args={'key': 'attract'}
2024-08-29 20:11:36,538 : INFO : Timer.attract_switch : Stopping Timer
2024-08-29 20:11:36,538 : INFO : EventManager : Event: ======'timer_attract_switch_stopped'====== Args={'ticks': 0, 'ticks_remaining': 46}
2024-08-29 20:11:36,538 : INFO : Mode.game : Started. Priority: 20
2024-08-29 20:11:36,538 : INFO : EventManager : Event: ======'modes_active_modes_changed'====== Args={}
2024-08-29 20:11:36,538 : INFO : EventManager : Event: ======'mode_game_started'====== Args={'buttons': [], 'hold_time': 0.10586129099999997}
2024-08-29 20:11:36,538 : INFO : EventManager : Event: ======'game_will_start'====== Args={}
2024-08-29 20:11:36,539 : INFO : EventManager : Event: ======'game_starting'====== Args={'game': <Mode.game>}
2024-08-29 20:11:36,539 : INFO : EventManager : Unordered handler for class <Auditor> on event game_ended with priority 1. Handlers: [RegisteredHandler(callback=<bound method Auditor.disable of <Auditor>>, priority=1, kwargs={}, key=UUID('cea33831-b0fe-4c9e-9b38-df5006e76656'), condition=None, blocking_facility=None), RegisteredHandler(callback=<bound method Auditor._save_audits of <Auditor>>, priority=1, kwargs={}, key=UUID('3131ebfc-f08b-4bb8-b5de-e254cd4dc2c1'), condition=None, blocking_facility=None)]. The order of those handlers is not defined and they will be executed in random order. This might lead to race conditions and potential bugs.
2024-08-29 20:11:36,539 : INFO : EventManager : Event: ======'player_add_request'====== Args={}
2024-08-29 20:11:36,539 : INFO : EventManager : Event: ======'player_will_add'====== Args={'number': 1}
2024-08-29 20:11:36,539 : INFO : EventManager : Event: ======'player_adding'====== Args={'player': <Player 1>, 'number': 1}
2024-08-29 20:11:36,540 : INFO : EventManager : Event: ======'player_added'====== Args={'player': <Player 1>, 'num': 1}
2024-08-29 20:11:36,540 : INFO : Mode.game : Player added successfully. Total players: 1
2024-08-29 20:11:36,540 : INFO : EventManager : Event: ======'player_index'====== Args={'value': 0, 'prev_value': 0, 'change': 0, 'player_num': 1}
2024-08-29 20:11:36,540 : INFO : EventManager : Event: ======'player_number'====== Args={'value': 1, 'prev_value': 1, 'change': 0, 'player_num': 1}
2024-08-29 20:11:36,540 : INFO : EventManager : Event: ======'player_score'====== Args={'value': 0, 'prev_value': 0, 'change': 0, 'player_num': 1}
2024-08-29 20:11:36,540 : INFO : EventManager : Event: ======'game_started'====== Args={}
2024-08-29 20:11:36,541 : INFO : EventManager : Event: ======'player_turn_will_start'====== Args={'player': <Player 1>, 'number': 1}
2024-08-29 20:11:36,541 : INFO : EventManager : Event: ======'player_turn_starting'====== Args={'player': <Player 1>, 'number': 1}
2024-08-29 20:11:36,541 : INFO : EventManager : Event: ======'player_ball'====== Args={'value': 1, 'prev_value': 0, 'change': 1, 'player_num': 1}
2024-08-29 20:11:36,541 : INFO : EventManager : Event: ======'player_turn_started'====== Args={'player': <Player 1>, 'number': 1}
2024-08-29 20:11:36,541 : INFO : EventManager : Event: ======'ball_will_start'====== Args={'player': 1, 'ball': 1, 'balls_remaining': 2, 'is_extra_ball': False}
2024-08-29 20:11:36,542 : INFO : EventManager : Event: ======'ball_starting'====== Args={'player': 1, 'ball': 1, 'balls_remaining': 2, 'is_extra_ball': False}
2024-08-29 20:11:36,542 : INFO : EventManager : Event: ======'mode_rainey_multiball_will_start'====== Args={'queue': <QueuedEvent>, 'player': 1, 'ball': 1, 'balls_remaining': 2, 'is_extra_ball': False}
2024-08-29 20:11:36,542 : INFO : EventManager : Event: ======'mode_rainey_multiball_starting'====== Args={'queue': <QueuedEvent>, 'player': 1, 'ball': 1, 'balls_remaining': 2, 'is_extra_ball': False}
2024-08-29 20:11:36,542 : INFO : EventManager : Event: ======'mode_skillshot_will_start'====== Args={'queue': <QueuedEvent>, 'player': 1, 'ball': 1, 'balls_remaining': 2, 'is_extra_ball': False}
2024-08-29 20:11:36,543 : INFO : EventManager : Event: ======'skillshot_complete'====== Args={'state': 'None'}
2024-08-29 20:11:36,543 : INFO : EventManager : Event: ======'skillshot_None_complete'====== Args={}
2024-08-29 20:11:36,543 : INFO : EventManager : Event: ======'player_shot_skillshot_p_target_enabled'====== Args={'value': True, 'prev_value': 0, 'change': 1, 'player_num': 1}
2024-08-29 20:11:36,543 : INFO : EventManager : Event: ======'player_shot_skillshot_r_target_enabled'====== Args={'value': True, 'prev_value': 0, 'change': 1, 'player_num': 1}
2024-08-29 20:11:36,544 : INFO : EventManager : Event: ======'player_shot_skillshot_o_target_enabled'====== Args={'value': True, 'prev_value': 0, 'change': 1, 'player_num': 1}
2024-08-29 20:11:36,544 : INFO : EventManager : Event: ======'player_shot_skillshot_p2_target_enabled'====== Args={'value': True, 'prev_value': 0, 'change': 1, 'player_num': 1}
2024-08-29 20:11:36,544 : INFO : EventManager : Event: ======'player_shot_skillshot_a_target_enabled'====== Args={'value': True, 'prev_value': 0, 'change': 1, 'player_num': 1}
2024-08-29 20:11:36,544 : INFO : EventManager : Event: ======'player_shot_skillshot_n_target_enabled'====== Args={'value': True, 'prev_value': 0, 'change': 1, 'player_num': 1}
2024-08-29 20:11:36,545 : INFO : EventManager : Event: ======'player_shot_skillshot_e_target_enabled'====== Args={'value': True, 'prev_value': 0, 'change': 1, 'player_num': 1}
2024-08-29 20:11:36,545 : INFO : EventManager : Event: ======'player_skillshot_skillshot_rotate_tick'====== Args={'value': 0, 'prev_value': 0, 'change': 0, 'player_num': 1}
2024-08-29 20:11:36,545 : INFO : Timer.skillshot_rotate : Starting Timer.
2024-08-29 20:11:36,545 : INFO : EventManager : Event: ======'timer_skillshot_rotate_started'====== Args={'ticks': 0, 'ticks_remaining': 0}
2024-08-29 20:11:36,545 : INFO : EventManager : Event: ======'timer_skillshot_rotate_tick'====== Args={'ticks': 0, 'ticks_remaining': 0}
2024-08-29 20:11:36,546 : INFO : EventManager : Event: ======'mode_skillshot_starting'====== Args={'queue': <QueuedEvent>, 'player': 1, 'ball': 1, 'balls_remaining': 2, 'is_extra_ball': False}
2024-08-29 20:11:36,546 : INFO : drop_target_bank.strickland_bank : All targets are already up. Will not reset bank.
2024-08-29 20:11:36,546 : INFO : EventManager : Event: ======'cmd_flippers_enable'====== Args={'priority': 0}
2024-08-29 20:11:36,546 : INFO : EventManager : Event: ======'cmd_autofire_coils_enable'====== Args={'priority': 0}
2024-08-29 20:11:36,546 : INFO : EventManager : Event: ======'cmd_drop_targets_reset'====== Args={'priority': 0}
2024-08-29 20:11:36,546 : INFO : Mode.skillshot : Started. Priority: 200
2024-08-29 20:11:36,546 : INFO : EventManager : Event: ======'modes_active_modes_changed'====== Args={}
2024-08-29 20:11:36,546 : INFO : EventManager : Event: ======'mode_skillshot_started'====== Args={'queue': <QueuedEvent>, 'player': 1, 'ball': 1, 'balls_remaining': 2, 'is_extra_ball': False}
2024-08-29 20:11:36,547 : INFO : EventManager : Event: ======'player_shot_skillshot_p_target'====== Args={'value': 1, 'prev_value': 0, 'change': 1, 'player_num': 1}
2024-08-29 20:11:36,547 : INFO : EventManager : Event: ======'balls_in_play'====== Args={'balls': 1}
2024-08-29 20:11:36,547 : INFO : EventManager : Event: ======'ball_started'====== Args={'player': 1, 'ball': 1, 'balls_remaining': 2, 'is_extra_ball': False}
2024-08-29 20:11:36,547 : INFO : EventManager : Event: ======'logicblock_mb_counter_updated'====== Args={'value': 0, 'enabled': False}
2024-08-29 20:11:36,547 : INFO : Mode.rainey_multiball : Started. Priority: 250
2024-08-29 20:11:36,547 : INFO : EventManager : Event: ======'modes_active_modes_changed'====== Args={}
2024-08-29 20:11:36,547 : INFO : EventManager : Event: ======'mode_rainey_multiball_started'====== Args={'queue': <QueuedEvent>, 'player': 1, 'ball': 1, 'balls_remaining': 2, 'is_extra_ball': False}
2024-08-29 20:11:36,547 : INFO : EventManager : Event: ======'mode_extra_ball_will_start'====== Args={'player': 1, 'ball': 1, 'balls_remaining': 2, 'is_extra_ball': False}
2024-08-29 20:11:36,548 : INFO : EventManager : Event: ======'player_extra_ball_score_one_num_awarded'====== Args={'value': 0, 'prev_value': 0, 'change': 0, 'player_num': 1}
2024-08-29 20:11:36,548 : INFO : EventManager : Event: ======'player_extra_ball_score_two_num_awarded'====== Args={'value': 0, 'prev_value': 0, 'change': 0, 'player_num': 1}
2024-08-29 20:11:36,548 : INFO : EventManager : Event: ======'mode_extra_ball_starting'====== Args={'player': 1, 'ball': 1, 'balls_remaining': 2, 'is_extra_ball': False}
2024-08-29 20:11:36,548 : INFO : EventManager : Event: ======'mode_hank_rollover_will_start'====== Args={'player': 1, 'ball': 1, 'balls_remaining': 2, 'is_extra_ball': False}
2024-08-29 20:11:36,548 : INFO : EventManager : Event: ======'player_shot_h_rollover_lane_enabled'====== Args={'value': True, 'prev_value': 0, 'change': 1, 'player_num': 1}
2024-08-29 20:11:36,548 : INFO : EventManager : Event: ======'player_shot_a_rollover_lane_enabled'====== Args={'value': True, 'prev_value': 0, 'change': 1, 'player_num': 1}
2024-08-29 20:11:36,549 : INFO : EventManager : Event: ======'player_shot_n_rollover_lane_enabled'====== Args={'value': True, 'prev_value': 0, 'change': 1, 'player_num': 1}
2024-08-29 20:11:36,549 : INFO : EventManager : Event: ======'player_shot_k_rollover_lane_enabled'====== Args={'value': True, 'prev_value': 0, 'change': 1, 'player_num': 1}
2024-08-29 20:11:36,549 : INFO : EventManager : Event: ======'hank_lanes_complete'====== Args={'state': 'unlit'}
2024-08-29 20:11:36,549 : INFO : EventManager : Event: ======'hank_lanes_unlit_complete'====== Args={}
2024-08-29 20:11:36,550 : INFO : EventManager : Event: ======'mode_hank_rollover_starting'====== Args={'player': 1, 'ball': 1, 'balls_remaining': 2, 'is_extra_ball': False}
2024-08-29 20:11:36,550 : INFO : EventManager : Event: ======'mode_BBQ_rollover_will_start'====== Args={'player': 1, 'ball': 1, 'balls_remaining': 2, 'is_extra_ball': False}
2024-08-29 20:11:36,550 : INFO : EventManager : Event: ======'player_shot_left_rollover_lane_enabled'====== Args={'value': True, 'prev_value': 0, 'change': 1, 'player_num': 1}
2024-08-29 20:11:36,550 : INFO : EventManager : Event: ======'player_shot_middle_rollover_lane_enabled'====== Args={'value': True, 'prev_value': 0, 'change': 1, 'player_num': 1}
2024-08-29 20:11:36,550 : INFO : EventManager : Event: ======'player_shot_right_rollover_lane_enabled'====== Args={'value': True, 'prev_value': 0, 'change': 1, 'player_num': 1}
2024-08-29 20:11:36,551 : INFO : EventManager : Event: ======'BBQ_lanes_complete'====== Args={'state': 'unlit'}
2024-08-29 20:11:36,551 : INFO : EventManager : Event: ======'BBQ_lanes_unlit_complete'====== Args={}
2024-08-29 20:11:36,551 : INFO : EventManager : Event: ======'mode_BBQ_rollover_starting'====== Args={'player': 1, 'ball': 1, 'balls_remaining': 2, 'is_extra_ball': False}
2024-08-29 20:11:36,551 : INFO : EventManager : Event: ======'mode_base_will_start'====== Args={'player': 1, 'ball': 1, 'balls_remaining': 2, 'is_extra_ball': False}
2024-08-29 20:11:36,552 : INFO : EventManager : Event: ======'player_shot_qualify_p_target_enabled'====== Args={'value': True, 'prev_value': 0, 'change': 1, 'player_num': 1}
2024-08-29 20:11:36,552 : INFO : EventManager : Event: ======'player_shot_qualify_r_target_enabled'====== Args={'value': True, 'prev_value': 0, 'change': 1, 'player_num': 1}
2024-08-29 20:11:36,552 : INFO : EventManager : Event: ======'player_shot_qualify_o_target_enabled'====== Args={'value': True, 'prev_value': 0, 'change': 1, 'player_num': 1}
2024-08-29 20:11:36,552 : INFO : EventManager : Event: ======'player_shot_mode_scoop_enabled'====== Args={'value': False, 'prev_value': 0, 'change': 0, 'player_num': 1}
2024-08-29 20:11:36,552 : INFO : EventManager : Event: ======'player_shot_rainey_multiball_ball_lock_p2_target_enabled'====== Args={'value': True, 'prev_value': 0, 'change': 1, 'player_num': 1}
2024-08-29 20:11:36,553 : INFO : EventManager : Event: ======'player_shot_rainey_multiball_ball_lock_a_target_enabled'====== Args={'value': True, 'prev_value': 0, 'change': 1, 'player_num': 1}
2024-08-29 20:11:36,553 : INFO : EventManager : Event: ======'player_shot_rainey_multiball_ball_lock_n_target_enabled'====== Args={'value': True, 'prev_value': 0, 'change': 1, 'player_num': 1}
2024-08-29 20:11:36,553 : INFO : EventManager : Event: ======'player_shot_rainey_multiball_ball_lock_e_target_enabled'====== Args={'value': True, 'prev_value': 0, 'change': 1, 'player_num': 1}
2024-08-29 20:11:36,553 : INFO : EventManager : Event: ======'player_shot_bottom_inline_drop_enabled'====== Args={'value': True, 'prev_value': 0, 'change': 1, 'player_num': 1}
2024-08-29 20:11:36,553 : INFO : EventManager : Event: ======'player_shot_middle_inline_drop_enabled'====== Args={'value': True, 'prev_value': 0, 'change': 1, 'player_num': 1}
2024-08-29 20:11:36,554 : INFO : EventManager : Event: ======'player_shot_top_inline_drop_enabled'====== Args={'value': True, 'prev_value': 0, 'change': 1, 'player_num': 1}
2024-08-29 20:11:36,554 : INFO : EventManager : Event: ======'qualify_mission_complete'====== Args={'state': 'unlit'}
2024-08-29 20:11:36,554 : INFO : EventManager : Event: ======'qualify_mission_unlit_complete'====== Args={}
2024-08-29 20:11:36,554 : INFO : EventManager : Event: ======'light_rainey_multiball_ball_lock_complete'====== Args={'state': 'unlit'}
2024-08-29 20:11:36,554 : INFO : EventManager : Event: ======'light_rainey_multiball_ball_lock_unlit_complete'====== Args={}
2024-08-29 20:11:36,555 : INFO : EventManager : Event: ======'strickland_drops_complete'====== Args={'state': 'unlit'}
2024-08-29 20:11:36,555 : INFO : EventManager : Event: ======'strickland_drops_unlit_complete'====== Args={}
2024-08-29 20:11:36,555 : INFO : EventManager : Event: ======'achievement_bill_bulk_and_the_body_buddies_changed_state'====== Args={'restore': False, 'state': 'enabled', 'selected': False}
2024-08-29 20:11:36,555 : INFO : EventManager : Event: ======'achievement_bill_bulk_and_the_body_buddies_state_enabled'====== Args={'restore': False, 'state': 'enabled', 'selected': False}
2024-08-29 20:11:36,558 : INFO : EventManager : Event: ======'mode_base_starting'====== Args={'player': 1, 'ball': 1, 'balls_remaining': 2, 'is_extra_ball': False}
2024-08-29 20:11:36,558 : INFO : EventManager : Event: ======'mode_strickland_multiball_will_start'====== Args={'state': 'unlit'}
2024-08-29 20:11:36,558 : INFO : EventManager : Event: ======'mode_strickland_multiball_starting'====== Args={'state': 'unlit'}
2024-08-29 20:11:36,559 : INFO : Mode.strickland_multiball : Started. Priority: 250
2024-08-29 20:11:36,559 : INFO : EventManager : Event: ======'modes_active_modes_changed'====== Args={}
2024-08-29 20:11:36,559 : INFO : EventManager : Event: ======'mode_strickland_multiball_started'====== Args={'state': 'unlit'}
2024-08-29 20:11:36,559 : INFO : Mode.extra_ball : Started. Priority: 900
2024-08-29 20:11:36,559 : INFO : EventManager : Event: ======'modes_active_modes_changed'====== Args={}
2024-08-29 20:11:36,559 : INFO : EventManager : Event: ======'mode_extra_ball_started'====== Args={'player': 1, 'ball': 1, 'balls_remaining': 2, 'is_extra_ball': False}
2024-08-29 20:11:36,562 : INFO : EventManager : Event: ======'logicblock_lb_hank_complete_count_updated'====== Args={'value': 1, 'enabled': True}
2024-08-29 20:11:36,562 : INFO : EventManager : Event: ======'logicblock_lb_hank_complete_count_updated'====== Args={'value': 1, 'enabled': True}
2024-08-29 20:11:36,562 : INFO : Mode.hank_rollover : Started. Priority: 200
2024-08-29 20:11:36,562 : INFO : EventManager : Event: ======'modes_active_modes_changed'====== Args={}
2024-08-29 20:11:36,562 : INFO : EventManager : Event: ======'mode_hank_rollover_started'====== Args={'player': 1, 'ball': 1, 'balls_remaining': 2, 'is_extra_ball': False}
2024-08-29 20:11:36,562 : INFO : EventManager : Event: ======'logicblock_lb_BBQ_complete_count_updated'====== Args={'value': 1, 'enabled': True}
2024-08-29 20:11:36,562 : INFO : EventManager : Event: ======'logicblock_lb_BBQ_complete_count_updated'====== Args={'value': 1, 'enabled': True}
2024-08-29 20:11:36,562 : INFO : Mode.BBQ_rollover : Started. Priority: 200
2024-08-29 20:11:36,562 : INFO : EventManager : Event: ======'modes_active_modes_changed'====== Args={}
2024-08-29 20:11:36,562 : INFO : EventManager : Event: ======'mode_BBQ_rollover_started'====== Args={'player': 1, 'ball': 1, 'balls_remaining': 2, 'is_extra_ball': False}
2024-08-29 20:11:36,562 : INFO : EventManager : Event: ======'player_bonus_multiplier'====== Args={'value': 1, 'prev_value': 0, 'change': 1, 'player_num': 1, 'source': 'BBQ_rollover'}
2024-08-29 20:11:36,562 : INFO : EventManager : Event: ======'logicblock_bill_mini_wizard_updated'====== Args={'value': [False, False], 'enabled': True}
2024-08-29 20:11:36,563 : INFO : EventManager : Event: ======'logicblock_dale_mini_wizard_updated'====== Args={'value': [False, False], 'enabled': True}
2024-08-29 20:11:36,563 : INFO : EventManager : Event: ======'logicblock_hank_mini_wizard_updated'====== Args={'value': [False, False], 'enabled': True}
2024-08-29 20:11:36,563 : INFO : EventManager : Event: ======'logicblock_boom_mini_wizard_updated'====== Args={'value': [False, False], 'enabled': True}
2024-08-29 20:11:36,563 : INFO : EventManager : Event: ======'logicblock_wizard_mode_updated'====== Args={'value': [False, False, False, False], 'enabled': True}
2024-08-29 20:11:36,563 : INFO : EventManager : Event: ======'logicblock_bill_mini_wizard_updated'====== Args={'value': [False, False], 'enabled': True}
2024-08-29 20:11:36,563 : INFO : EventManager : Event: ======'logicblock_dale_mini_wizard_updated'====== Args={'value': [False, False], 'enabled': True}
2024-08-29 20:11:36,563 : INFO : EventManager : Event: ======'logicblock_hank_mini_wizard_updated'====== Args={'value': [False, False], 'enabled': True}
2024-08-29 20:11:36,563 : INFO : EventManager : Event: ======'logicblock_boom_mini_wizard_updated'====== Args={'value': [False, False], 'enabled': True}
2024-08-29 20:11:36,563 : INFO : EventManager : Event: ======'logicblock_wizard_mode_updated'====== Args={'value': [False, False, False, False], 'enabled': True}
2024-08-29 20:11:36,563 : INFO : Mode.base : Started. Priority: 100
2024-08-29 20:11:36,563 : INFO : EventManager : Event: ======'modes_active_modes_changed'====== Args={}
2024-08-29 20:11:36,563 : INFO : EventManager : Event: ======'mode_base_started'====== Args={'player': 1, 'ball': 1, 'balls_remaining': 2, 'is_extra_ball': False}
2024-08-29 20:11:36,563 : INFO : EventManager : Event: ======'ball_save_default_enabled'====== Args={}
2024-08-29 20:11:36,564 : INFO : EventManager : Event: ======'single_player_ball_started'====== Args={}
2024-08-29 20:11:36,564 : INFO : EventManager : Event: ======'slide__removed'====== Args={'_from_bcp': True}
2024-08-29 20:11:36,564 : INFO : EventManager : Event: ======'ball_start_target'====== Args={'target': 'playfield'}
2024-08-29 20:11:36,564 : INFO : ball_device.bd_plunger : Setting up player-controlled eject. Balls: 1, Target: <playfield.playfield>, player_controlled_eject_event: s_launch_button_inactive
2024-08-29 20:11:36,564 : INFO : EventManager : Event: ======'balldevice_balls_available'====== Args={}
2024-08-29 20:11:36,565 : INFO : ball_device.bd_trough : State: waiting_for_target_ready
2024-08-29 20:11:36,565 : INFO : EventManager : Event: ======'balldevice_bd_trough_ball_eject_attempt'====== Args={'balls': 1, 'target': <ball_device.bd_plunger>, 'source': <ball_device.bd_trough>, 'mechanical_eject': True, 'num_attempts': 0}
2024-08-29 20:11:36,565 : INFO : ball_device.bd_plunger : State: waiting_for_ball
2024-08-29 20:11:36,565 : INFO : ball_device.bd_trough : State: ejecting
2024-08-29 20:11:36,565 : INFO : ball_device.bd_trough : Ejecting ball to <ball_device.bd_plunger>
2024-08-29 20:11:36,565 : INFO : EventManager : Event: ======'balldevice_bd_trough_ejecting_ball'====== Args={'balls': 1, 'target': <ball_device.bd_plunger>, 'source': <ball_device.bd_trough>, 'mechanical_eject': True, 'num_attempts': 0}
2024-08-29 20:11:36,565 : INFO : ball_device.bd_trough : Wait for ball to leave device
2024-08-29 20:11:36,566 : INFO : coil.c_trough_eject : Pulsing Driver for 20ms (1.0 pulse_power)
2024-08-29 20:11:36,566 : INFO : SwitchController : <<<<<<< 's_trough1' inactive >>>>>>>
2024-08-29 20:11:36,566 : INFO : ball_device.bd_trough : State: ball_left
2024-08-29 20:11:36,566 : INFO : ball_device.bd_trough : Ball left
2024-08-29 20:11:36,566 : INFO : ball_device.bd_trough : Wait for confirm with timeout 3.0
2024-08-29 20:11:36,588 : INFO : EventManager : Event: ======'slide_arlen_intro_created'====== Args={'_from_bcp': True}
2024-08-29 20:11:36,588 : INFO : EventManager : Event: ======'slide_arlen_intro_active'====== Args={'original_context': 'skillshot', 'original_calling_context': 'mode_skillshot_started{ball==1}', 'priority': 200.0, 'queue': '<QueuedEvent>', 'player': 1.0, 'ball': 1.0, 'balls_remaining': 2.0, 'is_extra_ball': False, 'cmd': 'slides_play', '_from_bcp': True}
2024-08-29 20:11:36,594 : INFO : EventManager : Event: ======'slide_base_created'====== Args={'_from_bcp': True}
2024-08-29 20:11:36,667 : INFO : SwitchController : <<<<<<< 's_plunger' active >>>>>>>
2024-08-29 20:11:36,667 : INFO : EventManager : Event: ======'machine_var_audits_switches_s_plunger'====== Args={'value': 1421, 'prev_value': 1420, 'change': 1}
2024-08-29 20:11:37,005 : WARNING : SwitchController : Received duplicate switch state 1 for switch s_plunger from the platform interface. Log Code: Log-SwitchController-1 (https://missionpinball.org/logs)
2024-08-29 20:11:37,046 : INFO : EventManager : Event: ======'player_skillshot_skillshot_rotate_tick'====== Args={'value': 1, 'prev_value': 0, 'change': 1, 'player_num': 1}
2024-08-29 20:11:37,047 : INFO : EventManager : Event: ======'timer_skillshot_rotate_tick'====== Args={'ticks': 1, 'ticks_remaining': 0}
2024-08-29 20:11:37,048 : INFO : EventManager : Event: ======'player_shot_skillshot_p_target'====== Args={'value': 0, 'prev_value': 1, 'change': -1, 'player_num': 1}
2024-08-29 20:11:37,049 : INFO : EventManager : Event: ======'player_shot_skillshot_r_target'====== Args={'value': 1, 'prev_value': 0, 'change': 1, 'player_num': 1}
2024-08-29 20:11:37,087 : INFO : SwitchController : <<<<<<< 's_plunger' inactive >>>>>>>
2024-08-29 20:11:37,546 : INFO : EventManager : Event: ======'player_skillshot_skillshot_rotate_tick'====== Args={'value': 2, 'prev_value': 1, 'change': 1, 'player_num': 1}
2024-08-29 20:11:37,547 : INFO : EventManager : Event: ======'timer_skillshot_rotate_tick'====== Args={'ticks': 2, 'ticks_remaining': 0}
2024-08-29 20:11:37,548 : INFO : EventManager : Event: ======'player_shot_skillshot_r_target'====== Args={'value': 0, 'prev_value': 1, 'change': -1, 'player_num': 1}
2024-08-29 20:11:37,550 : INFO : EventManager : Event: ======'player_shot_skillshot_o_target'====== Args={'value': 1, 'prev_value': 0, 'change': 1, 'player_num': 1}
2024-08-29 20:11:38,046 : INFO : EventManager : Event: ======'player_skillshot_skillshot_rotate_tick'====== Args={'value': 3, 'prev_value': 2, 'change': 1, 'player_num': 1}
2024-08-29 20:11:38,048 : INFO : EventManager : Event: ======'timer_skillshot_rotate_tick'====== Args={'ticks': 3, 'ticks_remaining': 0}
2024-08-29 20:11:38,049 : INFO : EventManager : Event: ======'player_shot_skillshot_o_target'====== Args={'value': 0, 'prev_value': 1, 'change': -1, 'player_num': 1}
2024-08-29 20:11:38,051 : INFO : EventManager : Event: ======'player_shot_skillshot_p2_target'====== Args={'value': 1, 'prev_value': 0, 'change': 1, 'player_num': 1}
2024-08-29 20:11:38,545 : INFO : EventManager : Event: ======'player_skillshot_skillshot_rotate_tick'====== Args={'value': 4, 'prev_value': 3, 'change': 1, 'player_num': 1}
2024-08-29 20:11:38,546 : INFO : EventManager : Event: ======'timer_skillshot_rotate_tick'====== Args={'ticks': 4, 'ticks_remaining': 0}
2024-08-29 20:11:38,547 : INFO : EventManager : Event: ======'player_shot_skillshot_p2_target'====== Args={'value': 0, 'prev_value': 1, 'change': -1, 'player_num': 1}
2024-08-29 20:11:38,548 : INFO : EventManager : Event: ======'player_shot_skillshot_a_target'====== Args={'value': 1, 'prev_value': 0, 'change': 1, 'player_num': 1}
2024-08-29 20:11:39,046 : INFO : EventManager : Event: ======'player_skillshot_skillshot_rotate_tick'====== Args={'value': 5, 'prev_value': 4, 'change': 1, 'player_num': 1}
2024-08-29 20:11:39,048 : INFO : EventManager : Event: ======'timer_skillshot_rotate_tick'====== Args={'ticks': 5, 'ticks_remaining': 0}
2024-08-29 20:11:39,048 : INFO : EventManager : Event: ======'player_shot_skillshot_a_target'====== Args={'value': 0, 'prev_value': 1, 'change': -1, 'player_num': 1}
2024-08-29 20:11:39,052 : INFO : EventManager : Event: ======'player_shot_skillshot_n_target'====== Args={'value': 1, 'prev_value': 0, 'change': 1, 'player_num': 1}
2024-08-29 20:11:39,545 : INFO : EventManager : Event: ======'player_skillshot_skillshot_rotate_tick'====== Args={'value': 6, 'prev_value': 5, 'change': 1, 'player_num': 1}
2024-08-29 20:11:39,548 : INFO : EventManager : Event: ======'timer_skillshot_rotate_tick'====== Args={'ticks': 6, 'ticks_remaining': 0}
2024-08-29 20:11:39,550 : INFO : EventManager : Event: ======'player_shot_skillshot_n_target'====== Args={'value': 0, 'prev_value': 1, 'change': -1, 'player_num': 1}
2024-08-29 20:11:39,551 : INFO : EventManager : Event: ======'player_shot_skillshot_e_target'====== Args={'value': 1, 'prev_value': 0, 'change': 1, 'player_num': 1}
2024-08-29 20:11:39,566 : INFO : ball_device.bd_trough : State: failed_confirm
2024-08-29 20:11:39,567 : INFO : ball_device.bd_trough : Got timeout (3.0s) before confirm from <ball_device.bd_plunger>
2024-08-29 20:11:39,567 : INFO : ball_device.bd_plunger : Expecting incoming ball which may skip the device.
2024-08-29 20:11:39,567 : INFO : EventManager : Event: ======'balldevice_bd_plunger_ejecting_ball'====== Args={'balls': 1, 'target': <playfield.playfield>, 'source': <ball_device.bd_plunger>, 'mechanical_eject': False, 'num_attempts': 1}
2024-08-29 20:11:39,865 : INFO : SwitchController : <<<<<<< 's_plunger_lane_exit' active >>>>>>>
2024-08-29 20:11:39,865 : INFO : EventManager : Event: ======'s_plunger_lane_exit_active'====== Args={}
2024-08-29 20:11:39,865 : INFO : EventManager : Event: ======'sw_playfield_active'====== Args={}
2024-08-29 20:11:39,865 : INFO : EventManager : Event: ======'machine_var_audits_switches_s_plunger_lane_exit'====== Args={'value': 1109, 'prev_value': 1108, 'change': 1}
2024-08-29 20:11:39,867 : INFO : EventManager : Event: ======'ball_save_default_timer_start'====== Args={}
2024-08-29 20:11:39,868 : INFO : EventManager : Event: ======'playfield_active'====== Args={}
2024-08-29 20:11:39,875 : INFO : EventManager : Event: ======'ball_save_default_hurry_up'====== Args={}
2024-08-29 20:11:39,882 : INFO : ball_device.bd_plunger : Got confirm for skipping ball.
2024-08-29 20:11:39,883 : INFO : ball_device.bd_plunger : Eject successful
2024-08-29 20:11:39,883 : INFO : EventManager : Event: ======'balldevice_bd_plunger_ball_eject_success'====== Args={'balls': 1, 'target': <playfield.playfield>}
2024-08-29 20:11:39,883 : INFO : EventManager : Event: ======'balldevice_playfield_ball_enter'====== Args={'new_balls': 1, 'unclaimed_balls': 1, 'device': <playfield.playfield>}
2024-08-29 20:11:39,883 : INFO : EventManager : Event: ======'playfield_ball_count_change'====== Args={'balls': 1, 'change': 1}
2024-08-29 20:11:39,884 : INFO : ball_device.bd_plunger : State: idle
2024-08-29 20:11:39,884 : INFO : ball_device.bd_trough : Eject successful
2024-08-29 20:11:39,884 : INFO : EventManager : Event: ======'balldevice_bd_trough_ball_eject_success'====== Args={'balls': 1, 'target': <ball_device.bd_plunger>}
2024-08-29 20:11:39,885 : INFO : EventManager : Event: ======'balldevice_bd_trough_ball_count_changed'====== Args={'balls': 5}
2024-08-29 20:11:39,885 : INFO : ball_device.bd_trough : State: idle
2024-08-29 20:11:39,975 : INFO : SwitchController : <<<<<<< 's_plunger_lane_exit' inactive >>>>>>>
2024-08-29 20:11:39,975 : INFO : EventManager : Event: ======'s_plunger_lane_exit_inactive'====== Args={}
2024-08-29 20:11:39,975 : INFO : Timer.skillshot_rotate : Stopping Timer
2024-08-29 20:11:39,975 : INFO : EventManager : Event: ======'timer_skillshot_rotate_stopped'====== Args={'ticks': 6, 'ticks_remaining': 0}
2024-08-29 20:11:39,975 : INFO : EventManager : Event: ======'advance_skillshot_7'====== Args={'priority': 0}
2024-08-29 20:11:39,975 : INFO : EventManager : Event: ======'player_shot_skillshot_e_target'====== Args={'value': 2, 'prev_value': 1, 'change': 1, 'player_num': 1}
2024-08-29 20:11:41,869 : INFO : EventManager : Event: ======'ball_save_default_grace_period'====== Args={}
2024-08-29 20:11:42,869 : INFO : EventManager : Event: ======'stop_mode_skillshot'====== Args={'priority': 0}
2024-08-29 20:11:42,870 : INFO : EventManager : Event: ======'mode_skillshot_will_stop'====== Args={}
2024-08-29 20:11:42,870 : INFO : EventManager : Event: ======'mode_skillshot_stopping'====== Args={}
2024-08-29 20:11:42,870 : INFO : Mode.skillshot : Stopped.
2024-08-29 20:11:42,871 : INFO : EventManager : Event: ======'modes_active_modes_changed'====== Args={}
2024-08-29 20:11:42,873 : INFO : EventManager : Event: ======'mode_skillshot_stopped'====== Args={}
2024-08-29 20:11:42,874 : INFO : EventManager : Event: ======'clear'====== Args={'key': 'skillshot'}
2024-08-29 20:11:42,877 : INFO : Timer.skillshot_rotate : Stopping Timer
2024-08-29 20:11:42,877 : INFO : EventManager : Event: ======'timer_skillshot_rotate_stopped'====== Args={'ticks': 6, 'ticks_remaining': 0}
2024-08-29 20:11:42,882 : INFO : EventManager : Event: ======'slide_arlen_intro_inactive'====== Args={'is_removing': True, '_from_bcp': True}
2024-08-29 20:11:42,882 : INFO : EventManager : Event: ======'slide_base_active'====== Args={'_from_bcp': True}
2024-08-29 20:11:43,242 : INFO : SwitchController : <<<<<<< 's_p_target' active >>>>>>>
2024-08-29 20:11:43,242 : INFO : EventManager : Event: ======'s_p_target_active'====== Args={}
2024-08-29 20:11:43,243 : INFO : EventManager : Event: ======'machine_var_audits_switches_s_p_target'====== Args={'value': 641, 'prev_value': 640, 'change': 1}
2024-08-29 20:11:43,245 : INFO : EventManager : Event: ======'player_shot_qualify_p_target'====== Args={'value': 1, 'prev_value': 0, 'change': 1, 'player_num': 1}
2024-08-29 20:11:43,252 : INFO : EventManager : Event: ======'machine_var_audits_shots_qualify_p_target'====== Args={'value': 412, 'prev_value': 411, 'change': 1}
2024-08-29 20:11:43,253 : INFO : EventManager : Event: ======'qualify_p_target_hit'====== Args={'profile': 'mission_qualify', 'state': 'unlit', 'advancing': True}
2024-08-29 20:11:43,253 : INFO : EventManager : Event: ======'qualify_p_target_mission_qualify_hit'====== Args={'profile': 'mission_qualify', 'state': 'unlit', 'advancing': True}
2024-08-29 20:11:43,254 : INFO : EventManager : Event: ======'qualify_p_target_mission_qualify_unlit_hit'====== Args={'profile': 'mission_qualify', 'state': 'unlit', 'advancing': True}
2024-08-29 20:11:43,254 : INFO : EventManager : Event: ======'qualify_p_target_unlit_hit'====== Args={'profile': 'mission_qualify', 'state': 'unlit', 'advancing': True}
2024-08-29 20:11:43,254 : INFO : EventManager : Event: ======'player_score'====== Args={'value': 50, 'prev_value': 0, 'change': 50, 'player_num': 1, 'source': 'base'}
2024-08-29 20:11:43,254 : INFO : EventManager : Event: ======'qualify_mission_hit'====== Args={'shot': 'qualify_p_target'}
2024-08-29 20:11:43,254 : INFO : EventManager : Event: ======'qualify_mission_unlit_hit'====== Args={'shot': 'qualify_p_target'}
2024-08-29 20:11:43,270 : INFO : EventManager : Event: ======'widget_propane_widget_p_active'====== Args={'original_context': 'base', 'original_calling_context': 'qualify_p_target_hit', 'priority': 100.0, 'profile': 'mission_qualify', 'state': 'unlit', 'advancing': True, 'cmd': 'widgets_play', '_from_bcp': True}
2024-08-29 20:11:43,271 : INFO : EventManager : Event: ======'slide_arlen_intro_removed'====== Args={'_from_bcp': True}
2024-08-29 20:11:43,358 : INFO : SwitchController : <<<<<<< 's_p_target' inactive >>>>>>>
2024-08-29 20:11:43,635 : INFO : EventManager : Event: ======'slide_arlen_intro_removed'====== Args={'_from_bcp': True}
2024-08-29 20:11:43,869 : INFO : EventManager : Event: ======'ball_save_default_disabled'====== Args={}
2024-08-29 20:11:44,523 : INFO : SwitchController : <<<<<<< 's_p_target' active >>>>>>>
2024-08-29 20:11:44,523 : INFO : EventManager : Event: ======'s_p_target_active'====== Args={}
2024-08-29 20:11:44,524 : INFO : EventManager : Event: ======'machine_var_audits_switches_s_p_target'====== Args={'value': 642, 'prev_value': 641, 'change': 1}
2024-08-29 20:11:44,525 : INFO : EventManager : Event: ======'machine_var_audits_shots_qualify_p_target'====== Args={'value': 413, 'prev_value': 412, 'change': 1}
2024-08-29 20:11:44,526 : INFO : EventManager : Event: ======'qualify_p_target_hit'====== Args={'profile': 'mission_qualify', 'state': 'lit', 'advancing': False}
2024-08-29 20:11:44,527 : INFO : EventManager : Event: ======'qualify_p_target_mission_qualify_hit'====== Args={'profile': 'mission_qualify', 'state': 'lit', 'advancing': False}
2024-08-29 20:11:44,527 : INFO : EventManager : Event: ======'qualify_p_target_mission_qualify_lit_hit'====== Args={'profile': 'mission_qualify', 'state': 'lit', 'advancing': False}
2024-08-29 20:11:44,527 : INFO : EventManager : Event: ======'qualify_p_target_lit_hit'====== Args={'profile': 'mission_qualify', 'state': 'lit', 'advancing': False}
2024-08-29 20:11:44,528 : INFO : EventManager : Event: ======'player_score'====== Args={'value': 100, 'prev_value': 50, 'change': 50, 'player_num': 1, 'source': 'base'}
2024-08-29 20:11:44,529 : INFO : EventManager : Event: ======'qualify_mission_hit'====== Args={'shot': 'qualify_p_target'}
2024-08-29 20:11:44,529 : INFO : EventManager : Event: ======'qualify_mission_lit_hit'====== Args={'shot': 'qualify_p_target'}
2024-08-29 20:11:44,639 : INFO : SwitchController : <<<<<<< 's_p_target' inactive >>>>>>>
2024-08-29 20:11:45,241 : INFO : SwitchController : <<<<<<< 's_p_target' active >>>>>>>
2024-08-29 20:11:45,242 : INFO : EventManager : Event: ======'s_p_target_active'====== Args={}
2024-08-29 20:11:45,242 : INFO : EventManager : Event: ======'machine_var_audits_switches_s_p_target'====== Args={'value': 643, 'prev_value': 642, 'change': 1}
2024-08-29 20:11:45,244 : INFO : EventManager : Event: ======'machine_var_audits_shots_qualify_p_target'====== Args={'value': 414, 'prev_value': 413, 'change': 1}
2024-08-29 20:11:45,245 : INFO : EventManager : Event: ======'qualify_p_target_hit'====== Args={'profile': 'mission_qualify', 'state': 'lit', 'advancing': False}
2024-08-29 20:11:45,246 : INFO : EventManager : Event: ======'qualify_p_target_mission_qualify_hit'====== Args={'profile': 'mission_qualify', 'state': 'lit', 'advancing': False}
2024-08-29 20:11:45,246 : INFO : EventManager : Event: ======'qualify_p_target_mission_qualify_lit_hit'====== Args={'profile': 'mission_qualify', 'state': 'lit', 'advancing': False}
2024-08-29 20:11:45,246 : INFO : EventManager : Event: ======'qualify_p_target_lit_hit'====== Args={'profile': 'mission_qualify', 'state': 'lit', 'advancing': False}
2024-08-29 20:11:45,246 : INFO : EventManager : Event: ======'player_score'====== Args={'value': 150, 'prev_value': 100, 'change': 50, 'player_num': 1, 'source': 'base'}
2024-08-29 20:11:45,247 : INFO : EventManager : Event: ======'qualify_mission_hit'====== Args={'shot': 'qualify_p_target'}
2024-08-29 20:11:45,247 : INFO : EventManager : Event: ======'qualify_mission_lit_hit'====== Args={'shot': 'qualify_p_target'}
2024-08-29 20:11:45,374 : INFO : SwitchController : <<<<<<< 's_p_target' inactive >>>>>>>
2024-08-29 20:11:47,988 : INFO : Machine : Shutting down...
2024-08-29 20:11:47,988 : INFO : EventManager : Event: ======'shutdown'====== Args={}
2024-08-29 20:11:47,993 : INFO : EventManager : Event: ======'mode_game_will_stop'====== Args={}
2024-08-29 20:11:47,994 : INFO : EventManager : Event: ======'mode_game_stopping'====== Args={}
2024-08-29 20:11:47,994 : INFO : EventManager : Event: ======'mode_extra_ball_will_stop'====== Args={}
2024-08-29 20:11:47,994 : INFO : EventManager : Event: ======'mode_extra_ball_stopping'====== Args={}
2024-08-29 20:11:47,995 : INFO : EventManager : Event: ======'mode_strickland_multiball_will_stop'====== Args={}
2024-08-29 20:11:47,995 : INFO : EventManager : Event: ======'mode_strickland_multiball_stopping'====== Args={}
2024-08-29 20:11:47,995 : INFO : EventManager : Event: ======'mode_hank_rollover_will_stop'====== Args={}
2024-08-29 20:11:47,995 : INFO : EventManager : Event: ======'mode_hank_rollover_stopping'====== Args={}
2024-08-29 20:11:47,995 : INFO : EventManager : Event: ======'mode_BBQ_rollover_will_stop'====== Args={}
2024-08-29 20:11:47,995 : INFO : EventManager : Event: ======'mode_BBQ_rollover_stopping'====== Args={}
2024-08-29 20:11:47,995 : INFO : EventManager : Event: ======'mode_base_will_stop'====== Args={}
2024-08-29 20:11:47,995 : INFO : EventManager : Event: ======'mode_base_stopping'====== Args={}
2024-08-29 20:11:47,995 : INFO : EventManager : Event: ======'mode_rainey_multiball_will_stop'====== Args={}
2024-08-29 20:11:47,995 : INFO : EventManager : Event: ======'mode_rainey_multiball_stopping'====== Args={}
2024-08-29 20:11:47,996 : INFO : Mode.rainey_multiball : Stopped.
2024-08-29 20:11:47,996 : INFO : EventManager : Event: ======'modes_active_modes_changed'====== Args={}
2024-08-29 20:11:47,996 : INFO : EventManager : Event: ======'mode_rainey_multiball_stopped'====== Args={}
2024-08-29 20:11:47,996 : INFO : EventManager : Event: ======'clear'====== Args={'key': 'rainey_multiball'}
2024-08-29 20:11:47,997 : INFO : Mode.base : Stopped.
2024-08-29 20:11:47,997 : INFO : EventManager : Event: ======'modes_active_modes_changed'====== Args={}
2024-08-29 20:11:47,997 : INFO : EventManager : Event: ======'mode_base_stopped'====== Args={}
2024-08-29 20:11:47,997 : INFO : EventManager : Event: ======'clear'====== Args={'key': 'base'}
2024-08-29 20:11:48,001 : INFO : Mode.BBQ_rollover : Stopped.
2024-08-29 20:11:48,001 : INFO : EventManager : Event: ======'modes_active_modes_changed'====== Args={}
2024-08-29 20:11:48,001 : INFO : EventManager : Event: ======'mode_BBQ_rollover_stopped'====== Args={}
2024-08-29 20:11:48,001 : INFO : EventManager : Event: ======'clear'====== Args={'key': 'BBQ_rollover'}
2024-08-29 20:11:48,003 : INFO : Mode.hank_rollover : Stopped.
2024-08-29 20:11:48,003 : INFO : EventManager : Event: ======'modes_active_modes_changed'====== Args={}
2024-08-29 20:11:48,003 : INFO : EventManager : Event: ======'mode_hank_rollover_stopped'====== Args={}
2024-08-29 20:11:48,004 : INFO : EventManager : Event: ======'clear'====== Args={'key': 'hank_rollover'}
2024-08-29 20:11:48,005 : INFO : Mode.strickland_multiball : Stopped.
2024-08-29 20:11:48,005 : INFO : EventManager : Event: ======'modes_active_modes_changed'====== Args={}
2024-08-29 20:11:48,005 : INFO : EventManager : Event: ======'mode_strickland_multiball_stopped'====== Args={}
2024-08-29 20:11:48,006 : INFO : EventManager : Event: ======'clear'====== Args={'key': 'strickland_multiball'}
2024-08-29 20:11:48,006 : INFO : Mode.extra_ball : Stopped.
2024-08-29 20:11:48,006 : INFO : EventManager : Event: ======'modes_active_modes_changed'====== Args={}
2024-08-29 20:11:48,006 : INFO : EventManager : Event: ======'mode_extra_ball_stopped'====== Args={}
2024-08-29 20:11:48,006 : INFO : EventManager : Event: ======'clear'====== Args={'key': 'extra_ball'}
2024-08-29 20:11:48,007 : INFO : Mode.game : Stopped.
2024-08-29 20:11:48,007 : INFO : EventManager : Event: ======'modes_active_modes_changed'====== Args={}
2024-08-29 20:11:48,007 : INFO : EventManager : Event: ======'mode_game_stopped'====== Args={}
2024-08-29 20:11:48,007 : INFO : EventManager : Event: ======'clear'====== Args={'key': 'game'}
2024-08-29 20:11:48,010 : INFO : root : MPF run loop ended.
