2024-07-18 21:09:35,222 : INFO : root : Loading config.
2024-07-18 21:09:35,224 : INFO : YamlMultifileConfigLoader : Machine config file #1: config.yaml
2024-07-18 21:09:35,224 : INFO : ConfigProcessor : Loading config from cache: /var/folders/sv/d29kcl5x50v7vt1n6xb5jsd40000gn/T/c166cef8060ffee16a35821bf698da85.mpf_cache
2024-07-18 21:09:35,252 : INFO : ConfigProcessor : Loading config from cache: /var/folders/sv/d29kcl5x50v7vt1n6xb5jsd40000gn/T/6b31c5ac6ecbad948994a8204ea6b05b.mpf_cache
2024-07-18 21:09:35,253 : INFO : ConfigProcessor : Loading config from cache: /var/folders/sv/d29kcl5x50v7vt1n6xb5jsd40000gn/T/fe612d1e66c8a96c19ba449d3748eeac.mpf_cache
2024-07-18 21:09:35,253 : INFO : ConfigProcessor : Loading config from cache: /var/folders/sv/d29kcl5x50v7vt1n6xb5jsd40000gn/T/6b31c5ac6ecbad948994a8204ea6b05b.mpf_cache
2024-07-18 21:09:35,253 : INFO : ConfigProcessor : Loading config from cache: /var/folders/sv/d29kcl5x50v7vt1n6xb5jsd40000gn/T/8765227693ecd961e0504502a81255e0.mpf_cache
2024-07-18 21:09:35,253 : INFO : ConfigProcessor : Loading config from cache: /var/folders/sv/d29kcl5x50v7vt1n6xb5jsd40000gn/T/b247728c74b4d81bcb2825e2b07062a7.mpf_cache
2024-07-18 21:09:35,253 : INFO : ConfigProcessor : Loading config from cache: /var/folders/sv/d29kcl5x50v7vt1n6xb5jsd40000gn/T/f240f94f0b5d0f37ec4fd7571275a101.mpf_cache
2024-07-18 21:09:35,254 : INFO : ConfigProcessor : Loading config from cache: /var/folders/sv/d29kcl5x50v7vt1n6xb5jsd40000gn/T/c4409acfdf3ec94666e0adef48d55400.mpf_cache
2024-07-18 21:09:35,254 : INFO : ConfigProcessor : Loading config from cache: /var/folders/sv/d29kcl5x50v7vt1n6xb5jsd40000gn/T/6a2f50ed892485825cc04dc0a68eab9f.mpf_cache
2024-07-18 21:09:35,254 : WARNING : ConfigProcessor : Config file in cache changed: /Users/nicktaseris/Desktop/Pinball/KOTH/modes/beat_the_surfer/config/beat_the_surfer.yaml
2024-07-18 21:09:35,254 : INFO : ConfigProcessor : Loading config from file /Users/nicktaseris/Desktop/Pinball/KOTH/modes/beat_the_surfer/config/beat_the_surfer.yaml.
2024-07-18 21:09:35,255 : INFO : ConfigProcessor : Loading config: /Users/nicktaseris/Desktop/Pinball/KOTH/modes/beat_the_surfer/config/beat_the_surfer.yaml
2024-07-18 21:09:35,255 : INFO : ConfigProcessor : Config file cache created: /var/folders/sv/d29kcl5x50v7vt1n6xb5jsd40000gn/T/d58c58eb9fd1a2dc27f8acd255fb3761.mpf_cache
2024-07-18 21:09:35,255 : INFO : ConfigProcessor : Loading config from cache: /var/folders/sv/d29kcl5x50v7vt1n6xb5jsd40000gn/T/07adfd310b3ef0e03c5cbc91527abb6c.mpf_cache
2024-07-18 21:09:35,255 : INFO : ConfigProcessor : Loading config from cache: /var/folders/sv/d29kcl5x50v7vt1n6xb5jsd40000gn/T/12bd5247c3bf989b919364bdb7829769.mpf_cache
2024-07-18 21:09:35,256 : INFO : ConfigProcessor : Loading config from cache: /var/folders/sv/d29kcl5x50v7vt1n6xb5jsd40000gn/T/362e08f51a1a1b7a0809dd52f9c83f83.mpf_cache
2024-07-18 21:09:35,256 : INFO : ConfigProcessor : Loading config from cache: /var/folders/sv/d29kcl5x50v7vt1n6xb5jsd40000gn/T/e45e3bd39557ed8d0881194a7afab8f7.mpf_cache
2024-07-18 21:09:35,256 : INFO : ConfigProcessor : Loading config from cache: /var/folders/sv/d29kcl5x50v7vt1n6xb5jsd40000gn/T/331d8d1a1bc190cae8c13495e1db372f.mpf_cache
2024-07-18 21:09:35,256 : INFO : ConfigProcessor : Loading config from cache: /var/folders/sv/d29kcl5x50v7vt1n6xb5jsd40000gn/T/d17a9ff77386e6f1439d0802ace1de07.mpf_cache
2024-07-18 21:09:35,256 : INFO : ConfigProcessor : Loading config from cache: /var/folders/sv/d29kcl5x50v7vt1n6xb5jsd40000gn/T/280fd64455d0d243a54ab4db98fbccbd.mpf_cache
2024-07-18 21:09:35,257 : INFO : ConfigProcessor : Loading config from cache: /var/folders/sv/d29kcl5x50v7vt1n6xb5jsd40000gn/T/0c0596ed8fbb40b6113901d21bdc0a39.mpf_cache
2024-07-18 21:09:35,257 : INFO : ConfigProcessor : Loading config from cache: /var/folders/sv/d29kcl5x50v7vt1n6xb5jsd40000gn/T/2982e2d98506102244e9fa0f437a9fca.mpf_cache
2024-07-18 21:09:35,257 : INFO : ConfigProcessor : Loading config from cache: /var/folders/sv/d29kcl5x50v7vt1n6xb5jsd40000gn/T/0fedc249e142fba0aaf46d9adc7061fa.mpf_cache
2024-07-18 21:09:35,257 : INFO : ConfigProcessor : Loading config from cache: /var/folders/sv/d29kcl5x50v7vt1n6xb5jsd40000gn/T/c57745b2fe399992c4aedf0209f8acc9.mpf_cache
2024-07-18 21:09:35,258 : INFO : ConfigProcessor : Loading config from cache: /var/folders/sv/d29kcl5x50v7vt1n6xb5jsd40000gn/T/3048ed2d7ea14eee3db896f6760aa474.mpf_cache
2024-07-18 21:09:35,258 : INFO : Machine : Mission Pinball Framework Core Engine v0.80.0.dev1
2024-07-18 21:09:35,258 : INFO : Machine : Command line arguments: {'no_load_cache': False, 'create_config_cache': True, 'bcp': True, 'configfile': ['config.yaml'], 'force_assets_load': False, 'platform_integration_test': False, 'jsonlogging': False, 'logfile': 'logs/2024-07-18-21-09-35-mpf-Nicks-Air.lan.log', 'pause': False, 'production': False, 'text_ui': True, 'loglevel': 15, 'consoleloglevel': 20, 'force_platform': None, 'syslog_address': None, 'mc_file_name': None, 'no_sound': False, 'full_logfile_path': '/Users/nicktaseris/Desktop/Pinball/KOTH/logs/2024-07-18-21-09-35-mpf-Nicks-Air.lan.log'}
2024-07-18 21:09:35,258 : INFO : Machine : MPF path: /Users/nicktaseris/mpfenv/lib/python3.9/site-packages/mpf
2024-07-18 21:09:35,258 : INFO : Machine : Machine path: /Users/nicktaseris/Desktop/Pinball/KOTH
2024-07-18 21:09:35,258 : INFO : Machine : Platform: darwin
2024-07-18 21:09:35,258 : INFO : Machine : Python executable location: /Users/nicktaseris/mpfenv/bin/python3
2024-07-18 21:09:35,258 : INFO : Machine : Python version: 3.9.13 (64-bit)
2024-07-18 21:09:35,259 : INFO : Machine : Initializing MPF...
2024-07-18 21:09:35,288 : INFO : EventManager : Event: ======'machine_var_credits_string'====== Args={'value': 'FREE PLAY', 'prev_value': None, 'change': True}
2024-07-18 21:09:35,294 : INFO : EventManager : Event: ======'machine_var_master_volume'====== Args={'value': 0.5, 'prev_value': None, 'change': True}
2024-07-18 21:09:35,294 : INFO : EventManager : Event: ======'machine_var_player1_score'====== Args={'value': 175300, 'prev_value': None, 'change': True}
2024-07-18 21:09:35,294 : INFO : EventManager : Event: ======'machine_var_mpf_version'====== Args={'value': 'Mission Pinball Framework v0.80.0.dev1', 'prev_value': None, 'change': True}
2024-07-18 21:09:35,294 : INFO : EventManager : Event: ======'machine_var_mpf_extended_version'====== Args={'value': 'Mission Pinball Framework v0.80.0.dev1, Config version:6, Show version: 6, BCP version:1.1', 'prev_value': None, 'change': True}
2024-07-18 21:09:35,294 : INFO : EventManager : Event: ======'machine_var_python_version'====== Args={'value': '3.9.13', 'prev_value': None, 'change': True}
2024-07-18 21:09:35,306 : INFO : EventManager : Event: ======'machine_var_platform'====== Args={'value': 'macOS-12.1-arm64-arm-64bit', 'prev_value': None, 'change': True}
2024-07-18 21:09:35,306 : INFO : EventManager : Event: ======'machine_var_platform_system'====== Args={'value': 'Darwin', 'prev_value': None, 'change': True}
2024-07-18 21:09:35,306 : INFO : EventManager : Event: ======'machine_var_platform_release'====== Args={'value': '21.2.0', 'prev_value': None, 'change': True}
2024-07-18 21:09:35,306 : INFO : EventManager : Event: ======'machine_var_platform_version'====== Args={'value': 'Darwin Kernel Version 21.2.0: Sun Nov 28 20:29:10 PST 2021; root:xnu-8019.61.5~1/RELEASE_ARM64_T8101', 'prev_value': None, 'change': True}
2024-07-18 21:09:35,306 : INFO : EventManager : Event: ======'machine_var_platform_machine'====== Args={'value': 'arm64', 'prev_value': None, 'change': True}
2024-07-18 21:09:35,306 : INFO : EventManager : Event: ======'machine_var_log_file_path'====== Args={'value': '/Users/nicktaseris/Desktop/Pinball/KOTH/logs/2024-07-18-21-09-35-mpf-Nicks-Air.lan.log', 'prev_value': None, 'change': True}
2024-07-18 21:09:35,306 : INFO : EventManager : Event: ======'init_phase_1'====== Args={}
2024-07-18 21:09:35,331 : INFO : EventManager : Event: ======'drop_target_bank_strickland_bank_up'====== Args={}
2024-07-18 21:09:35,332 : INFO : EventManager : Event: ======'init_phase_2'====== Args={}
2024-07-18 21:09:35,332 : INFO : SwitchController : Found active switch: ('39', <Platform.SmartVirtual>) <switch.s_trough1>
2024-07-18 21:09:35,332 : INFO : SwitchController : Found active switch: ('40', <Platform.SmartVirtual>) <switch.s_trough2>
2024-07-18 21:09:35,332 : INFO : SwitchController : Found active switch: ('41', <Platform.SmartVirtual>) <switch.s_trough3>
2024-07-18 21:09:35,332 : INFO : SwitchController : Found active switch: ('42', <Platform.SmartVirtual>) <switch.s_trough4>
2024-07-18 21:09:35,332 : INFO : SwitchController : Found active switch: ('43', <Platform.SmartVirtual>) <switch.s_trough5>
2024-07-18 21:09:35,332 : INFO : SwitchController : Found active switch: ('44', <Platform.SmartVirtual>) <switch.s_trough6>
2024-07-18 21:09:35,336 : INFO : EventManager : Event: ======'machine_var_score1_label'====== Args={'value': 'GRAND CHAMPION', 'prev_value': None, 'change': True}
2024-07-18 21:09:35,336 : INFO : EventManager : Event: ======'machine_var_score1_name'====== Args={'value': 'BRI', 'prev_value': None, 'change': True}
2024-07-18 21:09:35,336 : INFO : EventManager : Event: ======'machine_var_score1_value'====== Args={'value': 4242, 'prev_value': None, 'change': True}
2024-07-18 21:09:35,336 : INFO : EventManager : Event: ======'machine_var_score2_label'====== Args={'value': 'HIGH SCORE 1', 'prev_value': None, 'change': True}
2024-07-18 21:09:35,336 : INFO : EventManager : Event: ======'machine_var_score2_name'====== Args={'value': 'GHK', 'prev_value': None, 'change': True}
2024-07-18 21:09:35,337 : INFO : EventManager : Event: ======'machine_var_score2_value'====== Args={'value': 2323, 'prev_value': None, 'change': True}
2024-07-18 21:09:35,337 : INFO : EventManager : Event: ======'machine_var_score3_label'====== Args={'value': 'HIGH SCORE 2', 'prev_value': None, 'change': True}
2024-07-18 21:09:35,337 : INFO : EventManager : Event: ======'machine_var_score3_name'====== Args={'value': 'JK', 'prev_value': None, 'change': True}
2024-07-18 21:09:35,337 : INFO : EventManager : Event: ======'machine_var_score3_value'====== Args={'value': 1337, 'prev_value': None, 'change': True}
2024-07-18 21:09:35,337 : INFO : EventManager : Event: ======'machine_var_score4_label'====== Args={'value': 'HIGH SCORE 3', 'prev_value': None, 'change': True}
2024-07-18 21:09:35,337 : INFO : EventManager : Event: ======'machine_var_score4_name'====== Args={'value': 'QC', 'prev_value': None, 'change': True}
2024-07-18 21:09:35,337 : INFO : EventManager : Event: ======'machine_var_score4_value'====== Args={'value': 42, 'prev_value': None, 'change': True}
2024-07-18 21:09:35,337 : INFO : EventManager : Event: ======'machine_var_score5_label'====== Args={'value': 'HIGH SCORE 4', 'prev_value': None, 'change': True}
2024-07-18 21:09:35,337 : INFO : EventManager : Event: ======'machine_var_score5_name'====== Args={'value': 'MPF', 'prev_value': None, 'change': True}
2024-07-18 21:09:35,337 : INFO : EventManager : Event: ======'machine_var_score5_value'====== Args={'value': 23, 'prev_value': None, 'change': True}
2024-07-18 21:09:35,337 : INFO : EventManager : Event: ======'bcp_connection_attempt'====== Args={'name': 'local_display', 'host': 'localhost', 'port': 5050}
2024-07-18 21:09:35,338 : INFO : BCPClientSocket : Connecting BCP to 'local_display' at localhost:5050...
2024-07-18 21:09:35,348 : INFO : BCPClientSocket : Connected BCP to 'local_display' localhost:5050
2024-07-18 21:09:35,348 : INFO : EventManager : Event: ======'bcp_clients_connected'====== Args={}
2024-07-18 21:09:35,349 : INFO : ball_device.bd_trough : BCH: Initial count: 6
2024-07-18 21:09:35,349 : INFO : ball_device.bd_trough : State: idle
2024-07-18 21:09:35,349 : INFO : ball_device.bd_plunger : BCH: Initial count: 0
2024-07-18 21:09:35,350 : INFO : ball_device.bd_plunger : State: idle
2024-07-18 21:09:35,350 : INFO : ball_device.bd_scoop : BCH: Initial count: 0
2024-07-18 21:09:35,350 : INFO : ball_device.bd_scoop : State: idle
2024-07-18 21:09:35,354 : INFO : EventManager : Event: ======'init_phase_3'====== Args={}
2024-07-18 21:09:35,356 : INFO : EventManager : Event: ======'init_phase_4'====== Args={}
2024-07-18 21:09:35,356 : INFO : BallController : Initial balls found: 6
2024-07-18 21:09:35,356 : INFO : EventManager : Event: ======'machine_var_audits_events_game_ended'====== Args={'value': 4, 'prev_value': None, 'change': True}
2024-07-18 21:09:35,357 : INFO : EventManager : Event: ======'machine_var_audits_events_game_started'====== Args={'value': 476, 'prev_value': None, 'change': True}
2024-07-18 21:09:35,357 : INFO : EventManager : Event: ======'machine_var_audits_missing_switches_s_a_target'====== Args={'value': 1, 'prev_value': None, 'change': True}
2024-07-18 21:09:35,357 : INFO : EventManager : Event: ======'machine_var_audits_missing_switches_s_bottom_inline_drop'====== Args={'value': 23, 'prev_value': None, 'change': True}
2024-07-18 21:09:35,357 : INFO : EventManager : Event: ======'machine_var_audits_missing_switches_s_bottom_pop_bumper'====== Args={'value': 35, 'prev_value': None, 'change': True}
2024-07-18 21:09:35,357 : INFO : EventManager : Event: ======'machine_var_audits_missing_switches_s_center_spinner'====== Args={'value': 13, 'prev_value': None, 'change': True}
2024-07-18 21:09:35,357 : INFO : EventManager : Event: ======'machine_var_audits_missing_switches_s_e_target'====== Args={'value': 4, 'prev_value': None, 'change': True}
2024-07-18 21:09:35,357 : INFO : EventManager : Event: ======'machine_var_audits_missing_switches_s_launch_button'====== Args={'value': 1, 'prev_value': None, 'change': True}
2024-07-18 21:09:35,357 : INFO : EventManager : Event: ======'machine_var_audits_missing_switches_s_left_flipper'====== Args={'value': 27, 'prev_value': None, 'change': True}
2024-07-18 21:09:35,357 : INFO : EventManager : Event: ======'machine_var_audits_missing_switches_s_left_inlane'====== Args={'value': 25, 'prev_value': None, 'change': True}
2024-07-18 21:09:35,357 : INFO : EventManager : Event: ======'machine_var_audits_missing_switches_s_left_inner_horseshoe'====== Args={'value': 110, 'prev_value': None, 'change': True}
2024-07-18 21:09:35,357 : INFO : EventManager : Event: ======'machine_var_audits_missing_switches_s_left_orbit_enter'====== Args={'value': 44, 'prev_value': None, 'change': True}
2024-07-18 21:09:35,357 : INFO : EventManager : Event: ======'machine_var_audits_missing_switches_s_left_orbit_exit'====== Args={'value': 232, 'prev_value': None, 'change': True}
2024-07-18 21:09:35,357 : INFO : EventManager : Event: ======'machine_var_audits_missing_switches_s_left_outlane'====== Args={'value': 13, 'prev_value': None, 'change': True}
2024-07-18 21:09:35,357 : INFO : EventManager : Event: ======'machine_var_audits_missing_switches_s_left_pop_bumper'====== Args={'value': 35, 'prev_value': None, 'change': True}
2024-07-18 21:09:35,357 : INFO : EventManager : Event: ======'machine_var_audits_missing_switches_s_left_ramp_enter'====== Args={'value': 25, 'prev_value': None, 'change': True}
2024-07-18 21:09:35,358 : INFO : EventManager : Event: ======'machine_var_audits_missing_switches_s_left_ramp_exit'====== Args={'value': 25, 'prev_value': None, 'change': True}
2024-07-18 21:09:35,358 : INFO : EventManager : Event: ======'machine_var_audits_missing_switches_s_left_ramp_standup'====== Args={'value': 1, 'prev_value': None, 'change': True}
2024-07-18 21:09:35,358 : INFO : EventManager : Event: ======'machine_var_audits_missing_switches_s_left_rollover_lane'====== Args={'value': 5, 'prev_value': None, 'change': True}
2024-07-18 21:09:35,358 : INFO : EventManager : Event: ======'machine_var_audits_missing_switches_s_left_sling'====== Args={'value': 126, 'prev_value': None, 'change': True}
2024-07-18 21:09:35,358 : INFO : EventManager : Event: ======'machine_var_audits_missing_switches_s_left_spinner'====== Args={'value': 44, 'prev_value': None, 'change': True}
2024-07-18 21:09:35,358 : INFO : EventManager : Event: ======'machine_var_audits_missing_switches_s_middle_inline_drop'====== Args={'value': 23, 'prev_value': None, 'change': True}
2024-07-18 21:09:35,358 : INFO : EventManager : Event: ======'machine_var_audits_missing_switches_s_middle_rollover_lane'====== Args={'value': 5, 'prev_value': None, 'change': True}
2024-07-18 21:09:35,358 : INFO : EventManager : Event: ======'machine_var_audits_missing_switches_s_n_target'====== Args={'value': 4, 'prev_value': None, 'change': True}
2024-07-18 21:09:35,358 : INFO : EventManager : Event: ======'machine_var_audits_missing_switches_s_p2_target'====== Args={'value': 6, 'prev_value': None, 'change': True}
2024-07-18 21:09:35,358 : INFO : EventManager : Event: ======'machine_var_audits_missing_switches_s_p_target'====== Args={'value': 24, 'prev_value': None, 'change': True}
2024-07-18 21:09:35,358 : INFO : EventManager : Event: ======'machine_var_audits_missing_switches_s_r_target'====== Args={'value': 2, 'prev_value': None, 'change': True}
2024-07-18 21:09:35,358 : INFO : EventManager : Event: ======'machine_var_audits_missing_switches_s_right_flipper'====== Args={'value': 25, 'prev_value': None, 'change': True}
2024-07-18 21:09:35,358 : INFO : EventManager : Event: ======'machine_var_audits_missing_switches_s_right_inlane'====== Args={'value': 25, 'prev_value': None, 'change': True}
2024-07-18 21:09:35,359 : INFO : EventManager : Event: ======'machine_var_audits_missing_switches_s_right_inner_horseshoe'====== Args={'value': 117, 'prev_value': None, 'change': True}
2024-07-18 21:09:35,359 : INFO : EventManager : Event: ======'machine_var_audits_missing_switches_s_right_orbit_exit'====== Args={'value': 219, 'prev_value': None, 'change': True}
2024-07-18 21:09:35,359 : INFO : EventManager : Event: ======'machine_var_audits_missing_switches_s_right_outlane'====== Args={'value': 25, 'prev_value': None, 'change': True}
2024-07-18 21:09:35,359 : INFO : EventManager : Event: ======'machine_var_audits_missing_switches_s_right_pop_bumper'====== Args={'value': 35, 'prev_value': None, 'change': True}
2024-07-18 21:09:35,359 : INFO : EventManager : Event: ======'machine_var_audits_missing_switches_s_right_ramp_enter'====== Args={'value': 181, 'prev_value': None, 'change': True}
2024-07-18 21:09:35,359 : INFO : EventManager : Event: ======'machine_var_audits_missing_switches_s_right_ramp_exit'====== Args={'value': 181, 'prev_value': None, 'change': True}
2024-07-18 21:09:35,359 : INFO : EventManager : Event: ======'machine_var_audits_missing_switches_s_right_ramp_standup'====== Args={'value': 23, 'prev_value': None, 'change': True}
2024-07-18 21:09:35,359 : INFO : EventManager : Event: ======'machine_var_audits_missing_switches_s_right_rollover_lane'====== Args={'value': 5, 'prev_value': None, 'change': True}
2024-07-18 21:09:35,359 : INFO : EventManager : Event: ======'machine_var_audits_missing_switches_s_right_sling'====== Args={'value': 427, 'prev_value': None, 'change': True}
2024-07-18 21:09:35,359 : INFO : EventManager : Event: ======'machine_var_audits_missing_switches_s_top_inline_drop'====== Args={'value': 32, 'prev_value': None, 'change': True}
2024-07-18 21:09:35,359 : INFO : EventManager : Event: ======'machine_var_audits_missing_switches_s_trough1'====== Args={'value': 1, 'prev_value': None, 'change': True}
2024-07-18 21:09:35,360 : INFO : EventManager : Event: ======'machine_var_audits_missing_switches_s_trough2'====== Args={'value': 13, 'prev_value': None, 'change': True}
2024-07-18 21:09:35,360 : INFO : EventManager : Event: ======'machine_var_audits_missing_switches_s_trough3'====== Args={'value': 13, 'prev_value': None, 'change': True}
2024-07-18 21:09:35,360 : INFO : EventManager : Event: ======'machine_var_audits_missing_switches_s_trough4'====== Args={'value': 431, 'prev_value': None, 'change': True}
2024-07-18 21:09:35,360 : INFO : EventManager : Event: ======'machine_var_audits_missing_switches_s_trough5'====== Args={'value': 431, 'prev_value': None, 'change': True}
2024-07-18 21:09:35,360 : INFO : EventManager : Event: ======'machine_var_audits_missing_switches_s_trough6'====== Args={'value': 431, 'prev_value': None, 'change': True}
2024-07-18 21:09:35,360 : INFO : EventManager : Event: ======'machine_var_audits_missing_switches_s_trough_jam'====== Args={'value': 364, 'prev_value': None, 'change': True}
2024-07-18 21:09:35,360 : INFO : EventManager : Event: ======'machine_var_audits_player_score'====== Args={'value': {'average': 109379, 'top': [370600, 175300, 400, 300, 250], 'total': 5}, 'prev_value': None, 'change': True}
2024-07-18 21:09:35,360 : INFO : EventManager : Event: ======'machine_var_audits_shots_a_rollover_lane'====== Args={'value': 7, 'prev_value': None, 'change': True}
2024-07-18 21:09:35,360 : INFO : EventManager : Event: ======'machine_var_audits_shots_a_target'====== Args={'value': 7, 'prev_value': None, 'change': True}
2024-07-18 21:09:35,361 : INFO : EventManager : Event: ======'machine_var_audits_shots_e_target'====== Args={'value': 3, 'prev_value': None, 'change': True}
2024-07-18 21:09:35,361 : INFO : EventManager : Event: ======'machine_var_audits_shots_h_rollover_lane'====== Args={'value': 9, 'prev_value': None, 'change': True}
2024-07-18 21:09:35,361 : INFO : EventManager : Event: ======'machine_var_audits_shots_k_rollover_lane'====== Args={'value': 7, 'prev_value': None, 'change': True}
2024-07-18 21:09:35,361 : INFO : EventManager : Event: ======'machine_var_audits_shots_left_rollover_lane'====== Args={'value': 183, 'prev_value': None, 'change': True}
2024-07-18 21:09:35,361 : INFO : EventManager : Event: ======'machine_var_audits_shots_middle_rollover_lane'====== Args={'value': 177, 'prev_value': None, 'change': True}
2024-07-18 21:09:35,361 : INFO : EventManager : Event: ======'machine_var_audits_shots_n_rollover_lane'====== Args={'value': 7, 'prev_value': None, 'change': True}
2024-07-18 21:09:35,361 : INFO : EventManager : Event: ======'machine_var_audits_shots_n_target'====== Args={'value': 9, 'prev_value': None, 'change': True}
2024-07-18 21:09:35,361 : INFO : EventManager : Event: ======'machine_var_audits_shots_o_target'====== Args={'value': 4, 'prev_value': None, 'change': True}
2024-07-18 21:09:35,361 : INFO : EventManager : Event: ======'machine_var_audits_shots_p2_target'====== Args={'value': 5, 'prev_value': None, 'change': True}
2024-07-18 21:09:35,362 : INFO : EventManager : Event: ======'machine_var_audits_shots_p_target'====== Args={'value': 8, 'prev_value': None, 'change': True}
2024-07-18 21:09:35,362 : INFO : EventManager : Event: ======'machine_var_audits_shots_qualify_o_target'====== Args={'value': 86, 'prev_value': None, 'change': True}
2024-07-18 21:09:35,362 : INFO : EventManager : Event: ======'machine_var_audits_shots_qualify_p_target'====== Args={'value': 78, 'prev_value': None, 'change': True}
2024-07-18 21:09:35,362 : INFO : EventManager : Event: ======'machine_var_audits_shots_qualify_r_target'====== Args={'value': 101, 'prev_value': None, 'change': True}
2024-07-18 21:09:35,362 : INFO : EventManager : Event: ======'machine_var_audits_shots_r_target'====== Args={'value': 14, 'prev_value': None, 'change': True}
2024-07-18 21:09:35,362 : INFO : EventManager : Event: ======'machine_var_audits_shots_right_rollover_lane'====== Args={'value': 182, 'prev_value': None, 'change': True}
2024-07-18 21:09:35,362 : INFO : EventManager : Event: ======'machine_var_audits_shots_skillshot_a_target'====== Args={'value': 61, 'prev_value': None, 'change': True}
2024-07-18 21:09:35,362 : INFO : EventManager : Event: ======'machine_var_audits_shots_skillshot_e_target'====== Args={'value': 44, 'prev_value': None, 'change': True}
2024-07-18 21:09:35,363 : INFO : EventManager : Event: ======'machine_var_audits_shots_skillshot_n_target'====== Args={'value': 43, 'prev_value': None, 'change': True}
2024-07-18 21:09:35,363 : INFO : EventManager : Event: ======'machine_var_audits_shots_skillshot_o_target'====== Args={'value': 26, 'prev_value': None, 'change': True}
2024-07-18 21:09:35,363 : INFO : EventManager : Event: ======'machine_var_audits_shots_skillshot_p2_target'====== Args={'value': 21, 'prev_value': None, 'change': True}
2024-07-18 21:09:35,363 : INFO : EventManager : Event: ======'machine_var_audits_shots_skillshot_p_target'====== Args={'value': 29, 'prev_value': None, 'change': True}
2024-07-18 21:09:35,363 : INFO : EventManager : Event: ======'machine_var_audits_shots_skillshot_r_target'====== Args={'value': 20, 'prev_value': None, 'change': True}
2024-07-18 21:09:35,363 : INFO : EventManager : Event: ======'machine_var_audits_switches_s_a_target'====== Args={'value': 110, 'prev_value': None, 'change': True}
2024-07-18 21:09:35,363 : INFO : EventManager : Event: ======'machine_var_audits_switches_s_bottom_inline_drop'====== Args={'value': 684, 'prev_value': None, 'change': True}
2024-07-18 21:09:35,364 : INFO : EventManager : Event: ======'machine_var_audits_switches_s_bottom_pop_bumper'====== Args={'value': 10, 'prev_value': None, 'change': True}
2024-07-18 21:09:35,364 : INFO : EventManager : Event: ======'machine_var_audits_switches_s_center_spinner'====== Args={'value': 97, 'prev_value': None, 'change': True}
2024-07-18 21:09:35,364 : INFO : EventManager : Event: ======'machine_var_audits_switches_s_e_target'====== Args={'value': 114, 'prev_value': None, 'change': True}
2024-07-18 21:09:35,364 : INFO : EventManager : Event: ======'machine_var_audits_switches_s_launch_button'====== Args={'value': 9, 'prev_value': None, 'change': True}
2024-07-18 21:09:35,364 : INFO : EventManager : Event: ======'machine_var_audits_switches_s_left_flipper'====== Args={'value': 198, 'prev_value': None, 'change': True}
2024-07-18 21:09:35,364 : INFO : EventManager : Event: ======'machine_var_audits_switches_s_left_inlane'====== Args={'value': 18, 'prev_value': None, 'change': True}
2024-07-18 21:09:35,364 : INFO : EventManager : Event: ======'machine_var_audits_switches_s_left_inner_horseshoe'====== Args={'value': 15, 'prev_value': None, 'change': True}
2024-07-18 21:09:35,365 : INFO : EventManager : Event: ======'machine_var_audits_switches_s_left_orbit_enter'====== Args={'value': 22, 'prev_value': None, 'change': True}
2024-07-18 21:09:35,365 : INFO : EventManager : Event: ======'machine_var_audits_switches_s_left_orbit_exit'====== Args={'value': 13, 'prev_value': None, 'change': True}
2024-07-18 21:09:35,365 : INFO : EventManager : Event: ======'machine_var_audits_switches_s_left_outlane'====== Args={'value': 35, 'prev_value': None, 'change': True}
2024-07-18 21:09:35,365 : INFO : EventManager : Event: ======'machine_var_audits_switches_s_left_pop_bumper'====== Args={'value': 9, 'prev_value': None, 'change': True}
2024-07-18 21:09:35,365 : INFO : EventManager : Event: ======'machine_var_audits_switches_s_left_ramp_enter'====== Args={'value': 20, 'prev_value': None, 'change': True}
2024-07-18 21:09:35,365 : INFO : EventManager : Event: ======'machine_var_audits_switches_s_left_ramp_exit'====== Args={'value': 5, 'prev_value': None, 'change': True}
2024-07-18 21:09:35,365 : INFO : EventManager : Event: ======'machine_var_audits_switches_s_left_ramp_standup'====== Args={'value': 778, 'prev_value': None, 'change': True}
2024-07-18 21:09:35,366 : INFO : EventManager : Event: ======'machine_var_audits_switches_s_left_rollover_lane'====== Args={'value': 188, 'prev_value': None, 'change': True}
2024-07-18 21:09:35,366 : INFO : EventManager : Event: ======'machine_var_audits_switches_s_left_sling'====== Args={'value': 12, 'prev_value': None, 'change': True}
2024-07-18 21:09:35,366 : INFO : EventManager : Event: ======'machine_var_audits_switches_s_left_spinner'====== Args={'value': 116, 'prev_value': None, 'change': True}
2024-07-18 21:09:35,366 : INFO : EventManager : Event: ======'machine_var_audits_switches_s_middle_inline_drop'====== Args={'value': 695, 'prev_value': None, 'change': True}
2024-07-18 21:09:35,366 : INFO : EventManager : Event: ======'machine_var_audits_switches_s_middle_rollover_lane'====== Args={'value': 180, 'prev_value': None, 'change': True}
2024-07-18 21:09:35,366 : INFO : EventManager : Event: ======'machine_var_audits_switches_s_n_target'====== Args={'value': 104, 'prev_value': None, 'change': True}
2024-07-18 21:09:35,366 : INFO : EventManager : Event: ======'machine_var_audits_switches_s_o_target'====== Args={'value': 133, 'prev_value': None, 'change': True}
2024-07-18 21:09:35,367 : INFO : EventManager : Event: ======'machine_var_audits_switches_s_p2_target'====== Args={'value': 46, 'prev_value': None, 'change': True}
2024-07-18 21:09:35,367 : INFO : EventManager : Event: ======'machine_var_audits_switches_s_p_target'====== Args={'value': 299, 'prev_value': None, 'change': True}
2024-07-18 21:09:35,367 : INFO : EventManager : Event: ======'machine_var_audits_switches_s_plunger'====== Args={'value': 582, 'prev_value': None, 'change': True}
2024-07-18 21:09:35,367 : INFO : EventManager : Event: ======'machine_var_audits_switches_s_plunger_lane'====== Args={'value': 39, 'prev_value': None, 'change': True}
2024-07-18 21:09:35,367 : INFO : EventManager : Event: ======'machine_var_audits_switches_s_plunger_lane_exit'====== Args={'value': 367, 'prev_value': None, 'change': True}
2024-07-18 21:09:35,367 : INFO : EventManager : Event: ======'machine_var_audits_switches_s_r_target'====== Args={'value': 141, 'prev_value': None, 'change': True}
2024-07-18 21:09:35,368 : INFO : EventManager : Event: ======'machine_var_audits_switches_s_right_flipper'====== Args={'value': 536, 'prev_value': None, 'change': True}
2024-07-18 21:09:35,368 : INFO : EventManager : Event: ======'machine_var_audits_switches_s_right_inlane'====== Args={'value': 16, 'prev_value': None, 'change': True}
2024-07-18 21:09:35,368 : INFO : EventManager : Event: ======'machine_var_audits_switches_s_right_inner_horseshoe'====== Args={'value': 8, 'prev_value': None, 'change': True}
2024-07-18 21:09:35,368 : INFO : EventManager : Event: ======'machine_var_audits_switches_s_right_orbit_exit'====== Args={'value': 33, 'prev_value': None, 'change': True}
2024-07-18 21:09:35,368 : INFO : EventManager : Event: ======'machine_var_audits_switches_s_right_outlane'====== Args={'value': 15, 'prev_value': None, 'change': True}
2024-07-18 21:09:35,368 : INFO : EventManager : Event: ======'machine_var_audits_switches_s_right_pop_bumper'====== Args={'value': 17, 'prev_value': None, 'change': True}
2024-07-18 21:09:35,369 : INFO : EventManager : Event: ======'machine_var_audits_switches_s_right_ramp_enter'====== Args={'value': 1, 'prev_value': None, 'change': True}
2024-07-18 21:09:35,369 : INFO : EventManager : Event: ======'machine_var_audits_switches_s_right_ramp_exit'====== Args={'value': 1, 'prev_value': None, 'change': True}
2024-07-18 21:09:35,369 : INFO : EventManager : Event: ======'machine_var_audits_switches_s_right_ramp_standup'====== Args={'value': 217, 'prev_value': None, 'change': True}
2024-07-18 21:09:35,369 : INFO : EventManager : Event: ======'machine_var_audits_switches_s_right_rollover_lane'====== Args={'value': 196, 'prev_value': None, 'change': True}
2024-07-18 21:09:35,369 : INFO : EventManager : Event: ======'machine_var_audits_switches_s_right_sling'====== Args={'value': 1, 'prev_value': None, 'change': True}
2024-07-18 21:09:35,370 : INFO : EventManager : Event: ======'machine_var_audits_switches_s_scoop'====== Args={'value': 104, 'prev_value': None, 'change': True}
2024-07-18 21:09:35,370 : INFO : EventManager : Event: ======'machine_var_audits_switches_s_start'====== Args={'value': 304, 'prev_value': None, 'change': True}
2024-07-18 21:09:35,370 : INFO : EventManager : Event: ======'machine_var_audits_switches_s_top_inline_drop'====== Args={'value': 40, 'prev_value': None, 'change': True}
2024-07-18 21:09:35,370 : INFO : EventManager : Event: ======'machine_var_audits_switches_s_trough1'====== Args={'value': 362, 'prev_value': None, 'change': True}
2024-07-18 21:09:35,370 : INFO : EventManager : Event: ======'machine_var_audits_switches_s_trough2'====== Args={'value': 26, 'prev_value': None, 'change': True}
2024-07-18 21:09:35,370 : INFO : EventManager : Event: ======'machine_var_audits_switches_s_trough3'====== Args={'value': 6, 'prev_value': None, 'change': True}
2024-07-18 21:09:35,371 : INFO : EventManager : Event: ======'machine_var_audits_switches_s_trough4'====== Args={'value': 2, 'prev_value': None, 'change': True}
2024-07-18 21:09:35,371 : INFO : EventManager : Event: ======'machine_var_audits_switches_s_trough5'====== Args={'value': 2, 'prev_value': None, 'change': True}
2024-07-18 21:09:35,371 : INFO : EventManager : Event: ======'machine_var_audits_switches_s_trough6'====== Args={'value': 1, 'prev_value': None, 'change': True}
2024-07-18 21:09:35,371 : INFO : EventManager : Event: ======'machine_var_audits_switches_s_trough_jam'====== Args={'value': 5, 'prev_value': None, 'change': True}
2024-07-18 21:09:35,372 : INFO : EventManager : Event: ======'init_phase_5'====== Args={}
2024-07-18 21:09:35,375 : INFO : EventManager : Event: ======'init_done'====== Args={}
2024-07-18 21:09:35,376 : INFO : EventManager : Event: ======'machine_reset_phase_1'====== Args={}
2024-07-18 21:09:35,387 : INFO : EventManager : Event: ======'machine_reset_phase_2'====== Args={}
2024-07-18 21:09:35,388 : INFO : EventManager : Event: ======'machine_reset_phase_3'====== Args={}
2024-07-18 21:09:35,388 : INFO : drop_target_bank.strickland_bank : All targets are already up. Will not reset bank.
2024-07-18 21:09:35,388 : INFO : EventManager : Event: ======'reset_complete'====== Args={}
2024-07-18 21:09:35,388 : INFO : EventManager : Event: ======'mode_attract_will_start'====== Args={}
2024-07-18 21:09:35,388 : INFO : Timer.attract_switch : Starting Timer.
2024-07-18 21:09:35,388 : INFO : EventManager : Event: ======'timer_attract_switch_started'====== Args={'ticks': 0, 'ticks_remaining': 45}
2024-07-18 21:09:35,388 : INFO : EventManager : Event: ======'timer_attract_switch_tick'====== Args={'ticks': 0, 'ticks_remaining': 45}
2024-07-18 21:09:35,389 : INFO : EventManager : Event: ======'mode_attract_starting'====== Args={}
2024-07-18 21:09:35,389 : INFO : Mode.attract : Started. Priority: 10
2024-07-18 21:09:35,389 : INFO : EventManager : Event: ======'modes_active_modes_changed'====== Args={}
2024-07-18 21:09:35,389 : INFO : EventManager : Event: ======'mode_attract_started'====== Args={}
2024-07-18 21:09:35,389 : INFO : EventManager : Event: ======'collecting_balls_complete'====== Args={}
2024-07-18 21:09:35,389 : INFO : Machine : Starting the main run loop.
2024-07-18 21:09:35,640 : INFO : BcpServer : New client connected.
2024-07-18 21:09:36,390 : INFO : EventManager : Event: ======'timer_attract_switch_tick'====== Args={'ticks': 1, 'ticks_remaining': 44}
2024-07-18 21:09:36,428 : INFO : SwitchController : <<<<<<< 's_start' active >>>>>>>
2024-07-18 21:09:36,428 : INFO : EventManager : Event: ======'slide__removed'====== Args={'_from_bcp': True}
2024-07-18 21:09:36,450 : INFO : EventManager : Event: ======'slide_dtp_logo_attract_created'====== Args={'_from_bcp': True}
2024-07-18 21:09:36,450 : INFO : EventManager : Event: ======'slide_dtp_logo_attract_active'====== Args={'original_context': 'attract', 'original_calling_context': 'timer_attract_switch_tick{ticks==1}', 'cmd': 'slides_play', '_from_bcp': True}
2024-07-18 21:09:36,521 : INFO : SwitchController : <<<<<<< 's_start' inactive >>>>>>>
2024-07-18 21:09:36,521 : INFO : EventManager : Event: ======'request_to_start_game'====== Args={}
2024-07-18 21:09:36,522 : INFO : EventManager : Event: ======'game_start'====== Args={'buttons': [], 'hold_time': 0.09345587499999986}
2024-07-18 21:09:36,522 : INFO : EventManager : Event: ======'mode_game_will_start'====== Args={'buttons': [], 'hold_time': 0.09345587499999986}
2024-07-18 21:09:36,522 : INFO : EventManager : Event: ======'mode_game_starting'====== Args={'buttons': [], 'hold_time': 0.09345587499999986}
2024-07-18 21:09:36,522 : INFO : EventManager : Event: ======'mode_attract_will_stop'====== Args={}
2024-07-18 21:09:36,522 : INFO : EventManager : Event: ======'mode_attract_stopping'====== Args={}
2024-07-18 21:09:36,522 : INFO : Mode.attract : Stopped.
2024-07-18 21:09:36,522 : INFO : EventManager : Event: ======'modes_active_modes_changed'====== Args={}
2024-07-18 21:09:36,522 : INFO : EventManager : Event: ======'mode_attract_stopped'====== Args={}
2024-07-18 21:09:36,523 : INFO : EventManager : Event: ======'clear'====== Args={'key': 'attract'}
2024-07-18 21:09:36,523 : INFO : Timer.attract_switch : Stopping Timer
2024-07-18 21:09:36,523 : INFO : EventManager : Event: ======'timer_attract_switch_stopped'====== Args={'ticks': 1, 'ticks_remaining': 44}
2024-07-18 21:09:36,523 : INFO : Mode.game : Started. Priority: 20
2024-07-18 21:09:36,523 : INFO : EventManager : Event: ======'modes_active_modes_changed'====== Args={}
2024-07-18 21:09:36,523 : INFO : EventManager : Event: ======'mode_game_started'====== Args={'buttons': [], 'hold_time': 0.09345587499999986}
2024-07-18 21:09:36,523 : INFO : EventManager : Event: ======'game_will_start'====== Args={}
2024-07-18 21:09:36,523 : INFO : EventManager : Event: ======'game_starting'====== Args={'game': <Mode.game>}
2024-07-18 21:09:36,524 : INFO : EventManager : Unordered handler for class <Auditor> on event game_ended with priority 1. Handlers: [RegisteredHandler(callback=<bound method Auditor.disable of <Auditor>>, priority=1, kwargs={}, key=UUID('15b66fac-ef60-4cc2-862c-d2e70aa227fc'), condition=None, blocking_facility=None), RegisteredHandler(callback=<bound method Auditor._save_audits of <Auditor>>, priority=1, kwargs={}, key=UUID('32b94015-3cdf-4e63-b0c9-a45e6be442bc'), condition=None, blocking_facility=None)]. The order of those handlers is not defined and they will be executed in random order. This might lead to race conditions and potential bugs.
2024-07-18 21:09:36,524 : INFO : EventManager : Event: ======'player_add_request'====== Args={}
2024-07-18 21:09:36,524 : INFO : EventManager : Event: ======'player_will_add'====== Args={'number': 1}
2024-07-18 21:09:36,524 : INFO : EventManager : Event: ======'player_adding'====== Args={'player': <Player 1>, 'number': 1}
2024-07-18 21:09:36,524 : INFO : EventManager : Event: ======'player_added'====== Args={'player': <Player 1>, 'num': 1}
2024-07-18 21:09:36,524 : INFO : Mode.game : Player added successfully. Total players: 1
2024-07-18 21:09:36,524 : INFO : EventManager : Event: ======'player_index'====== Args={'value': 0, 'prev_value': 0, 'change': 0, 'player_num': 1}
2024-07-18 21:09:36,524 : INFO : EventManager : Event: ======'player_number'====== Args={'value': 1, 'prev_value': 1, 'change': 0, 'player_num': 1}
2024-07-18 21:09:36,525 : INFO : EventManager : Event: ======'player_score'====== Args={'value': 0, 'prev_value': 0, 'change': 0, 'player_num': 1}
2024-07-18 21:09:36,525 : INFO : EventManager : Event: ======'game_started'====== Args={}
2024-07-18 21:09:36,525 : INFO : EventManager : Event: ======'player_turn_will_start'====== Args={'player': <Player 1>, 'number': 1}
2024-07-18 21:09:36,528 : INFO : EventManager : Event: ======'player_turn_starting'====== Args={'player': <Player 1>, 'number': 1}
2024-07-18 21:09:36,528 : INFO : EventManager : Event: ======'player_ball'====== Args={'value': 1, 'prev_value': 0, 'change': 1, 'player_num': 1}
2024-07-18 21:09:36,528 : INFO : EventManager : Event: ======'player_turn_started'====== Args={'player': <Player 1>, 'number': 1}
2024-07-18 21:09:36,529 : INFO : EventManager : Event: ======'ball_will_start'====== Args={'player': 1, 'ball': 1, 'balls_remaining': 2, 'is_extra_ball': False}
2024-07-18 21:09:36,529 : INFO : EventManager : Event: ======'ball_starting'====== Args={'player': 1, 'ball': 1, 'balls_remaining': 2, 'is_extra_ball': False}
2024-07-18 21:09:36,529 : INFO : EventManager : Event: ======'mode_skillshot_will_start'====== Args={'queue': <QueuedEvent>, 'player': 1, 'ball': 1, 'balls_remaining': 2, 'is_extra_ball': False}
2024-07-18 21:09:36,529 : INFO : EventManager : Event: ======'skillshot_complete'====== Args={'state': 'None'}
2024-07-18 21:09:36,529 : INFO : EventManager : Event: ======'skillshot_None_complete'====== Args={}
2024-07-18 21:09:36,529 : INFO : EventManager : Event: ======'player_shot_skillshot_p_target_enabled'====== Args={'value': True, 'prev_value': 0, 'change': 1, 'player_num': 1}
2024-07-18 21:09:36,530 : INFO : EventManager : Event: ======'player_shot_skillshot_r_target_enabled'====== Args={'value': True, 'prev_value': 0, 'change': 1, 'player_num': 1}
2024-07-18 21:09:36,530 : INFO : EventManager : Event: ======'player_shot_skillshot_o_target_enabled'====== Args={'value': True, 'prev_value': 0, 'change': 1, 'player_num': 1}
2024-07-18 21:09:36,530 : INFO : EventManager : Event: ======'player_shot_skillshot_p2_target_enabled'====== Args={'value': True, 'prev_value': 0, 'change': 1, 'player_num': 1}
2024-07-18 21:09:36,530 : INFO : EventManager : Event: ======'player_shot_skillshot_a_target_enabled'====== Args={'value': True, 'prev_value': 0, 'change': 1, 'player_num': 1}
2024-07-18 21:09:36,531 : INFO : EventManager : Event: ======'player_shot_skillshot_n_target_enabled'====== Args={'value': True, 'prev_value': 0, 'change': 1, 'player_num': 1}
2024-07-18 21:09:36,531 : INFO : EventManager : Event: ======'player_shot_skillshot_e_target_enabled'====== Args={'value': True, 'prev_value': 0, 'change': 1, 'player_num': 1}
2024-07-18 21:09:36,531 : INFO : EventManager : Event: ======'player_skillshot_skillshot_rotate_tick'====== Args={'value': 0, 'prev_value': 0, 'change': 0, 'player_num': 1}
2024-07-18 21:09:36,531 : INFO : Timer.skillshot_rotate : Starting Timer.
2024-07-18 21:09:36,531 : INFO : EventManager : Event: ======'timer_skillshot_rotate_started'====== Args={'ticks': 0, 'ticks_remaining': 0}
2024-07-18 21:09:36,531 : INFO : EventManager : Event: ======'timer_skillshot_rotate_tick'====== Args={'ticks': 0, 'ticks_remaining': 0}
2024-07-18 21:09:36,532 : INFO : EventManager : Event: ======'mode_skillshot_starting'====== Args={'queue': <QueuedEvent>, 'player': 1, 'ball': 1, 'balls_remaining': 2, 'is_extra_ball': False}
2024-07-18 21:09:36,532 : INFO : drop_target_bank.strickland_bank : All targets are already up. Will not reset bank.
2024-07-18 21:09:36,532 : INFO : EventManager : Event: ======'cmd_flippers_enable'====== Args={'priority': 0}
2024-07-18 21:09:36,532 : INFO : EventManager : Event: ======'cmd_autofire_coils_enable'====== Args={'priority': 0}
2024-07-18 21:09:36,532 : INFO : EventManager : Event: ======'cmd_drop_targets_reset'====== Args={'priority': 0}
2024-07-18 21:09:36,532 : INFO : Mode.skillshot : Started. Priority: 200
2024-07-18 21:09:36,533 : INFO : EventManager : Event: ======'modes_active_modes_changed'====== Args={}
2024-07-18 21:09:36,533 : INFO : EventManager : Event: ======'mode_skillshot_started'====== Args={'queue': <QueuedEvent>, 'player': 1, 'ball': 1, 'balls_remaining': 2, 'is_extra_ball': False}
2024-07-18 21:09:36,533 : INFO : EventManager : Event: ======'player_shot_skillshot_p_target'====== Args={'value': 1, 'prev_value': 0, 'change': 1, 'player_num': 1}
2024-07-18 21:09:36,533 : INFO : EventManager : Event: ======'balls_in_play'====== Args={'balls': 1}
2024-07-18 21:09:36,533 : INFO : EventManager : Event: ======'ball_started'====== Args={'player': 1, 'ball': 1, 'balls_remaining': 2, 'is_extra_ball': False}
2024-07-18 21:09:36,536 : INFO : EventManager : Event: ======'mode_rainey_multiball_will_start'====== Args={'player': 1, 'ball': 1, 'balls_remaining': 2, 'is_extra_ball': False}
2024-07-18 21:09:36,536 : INFO : EventManager : Event: ======'mode_rainey_multiball_starting'====== Args={'player': 1, 'ball': 1, 'balls_remaining': 2, 'is_extra_ball': False}
2024-07-18 21:09:36,537 : INFO : EventManager : Event: ======'mode_hank_rollover_will_start'====== Args={'player': 1, 'ball': 1, 'balls_remaining': 2, 'is_extra_ball': False}
2024-07-18 21:09:36,537 : INFO : EventManager : Event: ======'player_shot_h_rollover_lane_enabled'====== Args={'value': True, 'prev_value': 0, 'change': 1, 'player_num': 1}
2024-07-18 21:09:36,537 : INFO : EventManager : Event: ======'player_shot_a_rollover_lane_enabled'====== Args={'value': True, 'prev_value': 0, 'change': 1, 'player_num': 1}
2024-07-18 21:09:36,537 : INFO : EventManager : Event: ======'player_shot_n_rollover_lane_enabled'====== Args={'value': True, 'prev_value': 0, 'change': 1, 'player_num': 1}
2024-07-18 21:09:36,538 : INFO : EventManager : Event: ======'player_shot_k_rollover_lane_enabled'====== Args={'value': True, 'prev_value': 0, 'change': 1, 'player_num': 1}
2024-07-18 21:09:36,538 : INFO : EventManager : Event: ======'hank_lanes_complete'====== Args={'state': 'unlit'}
2024-07-18 21:09:36,538 : INFO : EventManager : Event: ======'hank_lanes_unlit_complete'====== Args={}
2024-07-18 21:09:36,538 : INFO : EventManager : Event: ======'mode_hank_rollover_starting'====== Args={'player': 1, 'ball': 1, 'balls_remaining': 2, 'is_extra_ball': False}
2024-07-18 21:09:36,538 : INFO : EventManager : Event: ======'mode_BBQ_rollover_will_start'====== Args={'player': 1, 'ball': 1, 'balls_remaining': 2, 'is_extra_ball': False}
2024-07-18 21:09:36,539 : INFO : EventManager : Event: ======'player_shot_left_rollover_lane_enabled'====== Args={'value': True, 'prev_value': 0, 'change': 1, 'player_num': 1}
2024-07-18 21:09:36,539 : INFO : EventManager : Event: ======'player_shot_middle_rollover_lane_enabled'====== Args={'value': True, 'prev_value': 0, 'change': 1, 'player_num': 1}
2024-07-18 21:09:36,539 : INFO : EventManager : Event: ======'player_shot_right_rollover_lane_enabled'====== Args={'value': True, 'prev_value': 0, 'change': 1, 'player_num': 1}
2024-07-18 21:09:36,539 : INFO : EventManager : Event: ======'BBQ_lanes_complete'====== Args={'state': 'unlit'}
2024-07-18 21:09:36,539 : INFO : EventManager : Event: ======'BBQ_lanes_unlit_complete'====== Args={}
2024-07-18 21:09:36,540 : INFO : EventManager : Event: ======'mode_BBQ_rollover_starting'====== Args={'player': 1, 'ball': 1, 'balls_remaining': 2, 'is_extra_ball': False}
2024-07-18 21:09:36,540 : INFO : EventManager : Event: ======'mode_base_will_start'====== Args={'player': 1, 'ball': 1, 'balls_remaining': 2, 'is_extra_ball': False}
2024-07-18 21:09:36,540 : INFO : EventManager : Event: ======'player_extra_ball_score_one_num_awarded'====== Args={'value': 0, 'prev_value': 0, 'change': 0, 'player_num': 1}
2024-07-18 21:09:36,540 : INFO : EventManager : Event: ======'player_extra_ball_score_two_num_awarded'====== Args={'value': 0, 'prev_value': 0, 'change': 0, 'player_num': 1}
2024-07-18 21:09:36,541 : INFO : EventManager : Event: ======'player_shot_qualify_p_target_enabled'====== Args={'value': True, 'prev_value': 0, 'change': 1, 'player_num': 1}
2024-07-18 21:09:36,541 : INFO : EventManager : Event: ======'player_shot_qualify_r_target_enabled'====== Args={'value': True, 'prev_value': 0, 'change': 1, 'player_num': 1}
2024-07-18 21:09:36,542 : INFO : EventManager : Event: ======'player_shot_qualify_o_target_enabled'====== Args={'value': True, 'prev_value': 0, 'change': 1, 'player_num': 1}
2024-07-18 21:09:36,543 : INFO : EventManager : Event: ======'qualify_mission_complete'====== Args={'state': 'unlit'}
2024-07-18 21:09:36,543 : INFO : EventManager : Event: ======'qualify_mission_unlit_complete'====== Args={}
2024-07-18 21:09:36,545 : INFO : EventManager : Event: ======'mode_base_starting'====== Args={'player': 1, 'ball': 1, 'balls_remaining': 2, 'is_extra_ball': False}
2024-07-18 21:09:36,546 : INFO : Mode.base : Started. Priority: 100
2024-07-18 21:09:36,546 : INFO : EventManager : Event: ======'modes_active_modes_changed'====== Args={}
2024-07-18 21:09:36,546 : INFO : EventManager : Event: ======'mode_base_started'====== Args={'player': 1, 'ball': 1, 'balls_remaining': 2, 'is_extra_ball': False}
2024-07-18 21:09:36,546 : INFO : EventManager : Event: ======'ball_save_default_enabled'====== Args={}
2024-07-18 21:09:36,546 : INFO : EventManager : Event: ======'logicblock_mb_counter_updated'====== Args={'value': 0, 'enabled': True}
2024-07-18 21:09:36,546 : INFO : EventManager : Event: ======'logicblock_mb_counter_updated'====== Args={'value': 0, 'enabled': True}
2024-07-18 21:09:36,547 : INFO : Mode.rainey_multiball : Started. Priority: 250
2024-07-18 21:09:36,547 : INFO : EventManager : Event: ======'modes_active_modes_changed'====== Args={}
2024-07-18 21:09:36,547 : INFO : EventManager : Event: ======'mode_rainey_multiball_started'====== Args={'player': 1, 'ball': 1, 'balls_remaining': 2, 'is_extra_ball': False}
2024-07-18 21:09:36,547 : INFO : EventManager : Event: ======'logicblock_lb_hank_complete_count_updated'====== Args={'value': 1, 'enabled': True}
2024-07-18 21:09:36,547 : INFO : EventManager : Event: ======'logicblock_lb_hank_complete_count_updated'====== Args={'value': 1, 'enabled': True}
2024-07-18 21:09:36,547 : INFO : Mode.hank_rollover : Started. Priority: 200
2024-07-18 21:09:36,547 : INFO : EventManager : Event: ======'modes_active_modes_changed'====== Args={}
2024-07-18 21:09:36,547 : INFO : EventManager : Event: ======'mode_hank_rollover_started'====== Args={'player': 1, 'ball': 1, 'balls_remaining': 2, 'is_extra_ball': False}
2024-07-18 21:09:36,547 : INFO : EventManager : Event: ======'logicblock_lb_BBQ_complete_count_updated'====== Args={'value': 1, 'enabled': True}
2024-07-18 21:09:36,547 : INFO : EventManager : Event: ======'logicblock_lb_BBQ_complete_count_updated'====== Args={'value': 1, 'enabled': True}
2024-07-18 21:09:36,547 : INFO : Mode.BBQ_rollover : Started. Priority: 200
2024-07-18 21:09:36,548 : INFO : EventManager : Event: ======'modes_active_modes_changed'====== Args={}
2024-07-18 21:09:36,548 : INFO : EventManager : Event: ======'mode_BBQ_rollover_started'====== Args={'player': 1, 'ball': 1, 'balls_remaining': 2, 'is_extra_ball': False}
2024-07-18 21:09:36,548 : INFO : EventManager : Event: ======'player_bonus_multiplier'====== Args={'value': 1, 'prev_value': 0, 'change': 1, 'player_num': 1, 'source': 'BBQ_rollover'}
2024-07-18 21:09:36,548 : INFO : EventManager : Event: ======'single_player_ball_started'====== Args={}
2024-07-18 21:09:36,548 : INFO : EventManager : Event: ======'ball_start_target'====== Args={'target': 'playfield'}
2024-07-18 21:09:36,549 : INFO : ball_device.bd_plunger : Setting up player-controlled eject. Balls: 1, Target: <playfield.playfield>, player_controlled_eject_event: s_launch_button_inactive
2024-07-18 21:09:36,549 : INFO : EventManager : Event: ======'balldevice_balls_available'====== Args={}
2024-07-18 21:09:36,549 : INFO : ball_device.bd_trough : State: waiting_for_target_ready
2024-07-18 21:09:36,549 : INFO : EventManager : Event: ======'balldevice_bd_trough_ball_eject_attempt'====== Args={'balls': 1, 'target': <ball_device.bd_plunger>, 'source': <ball_device.bd_trough>, 'mechanical_eject': True, 'num_attempts': 0}
2024-07-18 21:09:36,549 : INFO : ball_device.bd_plunger : State: waiting_for_ball
2024-07-18 21:09:36,549 : INFO : ball_device.bd_trough : State: ejecting
2024-07-18 21:09:36,549 : INFO : ball_device.bd_trough : Ejecting ball to <ball_device.bd_plunger>
2024-07-18 21:09:36,549 : INFO : EventManager : Event: ======'balldevice_bd_trough_ejecting_ball'====== Args={'balls': 1, 'target': <ball_device.bd_plunger>, 'source': <ball_device.bd_trough>, 'mechanical_eject': True, 'num_attempts': 0}
2024-07-18 21:09:36,550 : INFO : ball_device.bd_trough : Wait for ball to leave device
2024-07-18 21:09:36,550 : INFO : coil.c_trough_eject : Pulsing Driver for 20ms (1.0 pulse_power)
2024-07-18 21:09:36,550 : INFO : SwitchController : <<<<<<< 's_trough1' inactive >>>>>>>
2024-07-18 21:09:36,550 : INFO : ball_device.bd_trough : State: ball_left
2024-07-18 21:09:36,550 : INFO : ball_device.bd_trough : Ball left
2024-07-18 21:09:36,550 : INFO : ball_device.bd_trough : Wait for confirm with timeout 3.0
2024-07-18 21:09:36,571 : INFO : EventManager : Event: ======'slide_skillshot_created'====== Args={'_from_bcp': True}
2024-07-18 21:09:36,571 : INFO : EventManager : Event: ======'slide_dtp_logo_attract_inactive'====== Args={'_from_bcp': True}
2024-07-18 21:09:36,572 : INFO : EventManager : Event: ======'slide_skillshot_active'====== Args={'original_context': 'skillshot', 'original_calling_context': 'mode_skillshot_started', 'queue': '<QueuedEvent>', 'cmd': 'slides_play', '_from_bcp': True}
2024-07-18 21:09:36,572 : INFO : EventManager : Event: ======'slide_dtp_logo_attract_removed'====== Args={'_from_bcp': True}
2024-07-18 21:09:36,582 : INFO : EventManager : Event: ======'slide_base_created'====== Args={'_from_bcp': True}
2024-07-18 21:09:36,651 : INFO : SwitchController : <<<<<<< 's_plunger' active >>>>>>>
2024-07-18 21:09:36,651 : INFO : EventManager : Event: ======'machine_var_audits_switches_s_plunger'====== Args={'value': 583, 'prev_value': 582, 'change': 1}
2024-07-18 21:09:37,153 : INFO : ball_device.bd_plunger : Received ball from <ball_device.bd_trough>
2024-07-18 21:09:37,154 : INFO : EventManager : Event: ======'balldevice_bd_plunger_ball_enter'====== Args={'new_balls': 1, 'unclaimed_balls': 0, 'new_available_balls': 0, 'device': <ball_device.bd_plunger>}
2024-07-18 21:09:37,159 : INFO : EventManager : Event: ======'balldevice_bd_plunger_ball_entered'====== Args={'new_balls': 0, 'device': <ball_device.bd_plunger>}
2024-07-18 21:09:37,159 : INFO : EventManager : Event: ======'balldevice_bd_plunger_ball_count_changed'====== Args={'balls': 1}
2024-07-18 21:09:37,160 : INFO : ball_device.bd_trough : Got eject confirm
2024-07-18 21:09:37,160 : INFO : ball_device.bd_trough : Eject successful
2024-07-18 21:09:37,160 : INFO : EventManager : Event: ======'balldevice_bd_trough_ball_eject_success'====== Args={'balls': 1, 'target': <ball_device.bd_plunger>}
2024-07-18 21:09:37,161 : INFO : EventManager : Event: ======'balldevice_bd_trough_ball_count_changed'====== Args={'balls': 5}
2024-07-18 21:09:37,161 : INFO : ball_device.bd_trough : State: idle
2024-07-18 21:09:37,162 : INFO : ball_device.bd_plunger : State: waiting_for_target_ready
2024-07-18 21:09:37,163 : INFO : EventManager : Event: ======'balldevice_bd_plunger_ball_eject_attempt'====== Args={'balls': 1, 'target': <playfield.playfield>, 'source': <ball_device.bd_plunger>, 'mechanical_eject': True, 'num_attempts': 0}
2024-07-18 21:09:37,163 : INFO : ball_device.bd_plunger : State: ejecting
2024-07-18 21:09:37,164 : INFO : ball_device.bd_plunger : Ejecting ball to <playfield.playfield>
2024-07-18 21:09:37,164 : INFO : EventManager : Event: ======'balldevice_bd_plunger_ejecting_ball'====== Args={'balls': 1, 'target': <playfield.playfield>, 'source': <ball_device.bd_plunger>, 'mechanical_eject': True, 'num_attempts': 0}
2024-07-18 21:09:37,166 : INFO : ball_device.bd_plunger : Wait for ball to leave device
2024-07-18 21:09:37,532 : INFO : EventManager : Event: ======'player_skillshot_skillshot_rotate_tick'====== Args={'value': 1, 'prev_value': 0, 'change': 1, 'player_num': 1}
2024-07-18 21:09:37,535 : INFO : EventManager : Event: ======'timer_skillshot_rotate_tick'====== Args={'ticks': 1, 'ticks_remaining': 0}
2024-07-18 21:09:37,549 : INFO : EventManager : Event: ======'player_shot_skillshot_p_target'====== Args={'value': 0, 'prev_value': 1, 'change': -1, 'player_num': 1}
2024-07-18 21:09:37,556 : INFO : EventManager : Event: ======'player_shot_skillshot_r_target'====== Args={'value': 1, 'prev_value': 0, 'change': 1, 'player_num': 1}
2024-07-18 21:09:38,533 : INFO : EventManager : Event: ======'player_skillshot_skillshot_rotate_tick'====== Args={'value': 2, 'prev_value': 1, 'change': 1, 'player_num': 1}
2024-07-18 21:09:38,534 : INFO : EventManager : Event: ======'timer_skillshot_rotate_tick'====== Args={'ticks': 2, 'ticks_remaining': 0}
2024-07-18 21:09:38,534 : INFO : EventManager : Event: ======'player_shot_skillshot_r_target'====== Args={'value': 0, 'prev_value': 1, 'change': -1, 'player_num': 1}
2024-07-18 21:09:38,536 : INFO : EventManager : Event: ======'player_shot_skillshot_o_target'====== Args={'value': 1, 'prev_value': 0, 'change': 1, 'player_num': 1}
2024-07-18 21:09:38,709 : INFO : SwitchController : <<<<<<< 's_scoop' active >>>>>>>
2024-07-18 21:09:38,709 : INFO : EventManager : Event: ======'machine_var_audits_switches_s_scoop'====== Args={'value': 105, 'prev_value': 104, 'change': 1}
2024-07-18 21:09:39,211 : INFO : EventManager : Event: ======'balldevice_bd_scoop_ball_count_changed'====== Args={'balls': 1}
2024-07-18 21:09:39,212 : INFO : ball_device.bd_scoop : Received unexpected ball
2024-07-18 21:09:39,212 : INFO : EventManager : Event: ======'balldevice_captured_from_playfield'====== Args={'balls': 1}
2024-07-18 21:09:39,213 : INFO : EventManager : Event: ======'sw_playfield_active'====== Args={'balls': 1}
2024-07-18 21:09:39,213 : INFO : EventManager : Event: ======'playfield_active'====== Args={}
2024-07-18 21:09:39,214 : INFO : EventManager : Event: ======'playfield_ball_count_change'====== Args={'balls': -1, 'change': -1}
2024-07-18 21:09:39,216 : INFO : EventManager : Event: ======'balldevice_playfield_ball_enter'====== Args={'new_balls': 1, 'unclaimed_balls': 1, 'device': <playfield.playfield>}
2024-07-18 21:09:39,216 : INFO : EventManager : Event: ======'playfield_ball_count_change'====== Args={'balls': 0, 'change': 1}
2024-07-18 21:09:39,217 : INFO : BallController : Found a new ball which was captured from playfield. Known balls: 7
2024-07-18 21:09:39,217 : INFO : EventManager : Event: ======'found_new_ball'====== Args={}
2024-07-18 21:09:39,217 : INFO : EventManager : Event: ======'balldevice_bd_scoop_ball_enter'====== Args={'new_balls': 1, 'unclaimed_balls': 1, 'new_available_balls': 1, 'device': <ball_device.bd_scoop>}
2024-07-18 21:09:39,218 : INFO : EventManager : Event: ======'ball_hold_scoop_held_ball'====== Args={'balls_held': 1, 'total_balls_held': 1}
2024-07-18 21:09:39,218 : INFO : EventManager : Event: ======'ball_hold_scoop_full'====== Args={'balls': 1}
2024-07-18 21:09:39,219 : INFO : EventManager : Event: ======'mode_mission_select_will_start'====== Args={'balls': 1}
2024-07-18 21:09:39,221 : INFO : EventManager : Event: ======'mode_mission_select_starting'====== Args={'balls': 1}
2024-07-18 21:09:39,221 : INFO : Mode.mission_select : Started. Priority: 800
2024-07-18 21:09:39,221 : INFO : EventManager : Event: ======'modes_active_modes_changed'====== Args={}
2024-07-18 21:09:39,221 : INFO : EventManager : Event: ======'mode_mission_select_started'====== Args={'balls': 1}
2024-07-18 21:09:39,222 : INFO : EventManager : Event: ======'item_highlighted'====== Args={'carousel': 'mission_select', 'direction': None, 'item': 'beat_the_surfer'}
2024-07-18 21:09:39,223 : INFO : EventManager : Event: ======'balldevice_balls_available'====== Args={}
2024-07-18 21:09:39,223 : INFO : EventManager : Event: ======'balldevice_bd_scoop_ball_entered'====== Args={'new_balls': 1, 'device': <ball_device.bd_scoop>}
2024-07-18 21:09:39,279 : INFO : EventManager : Event: ======'slide_mission_select_created'====== Args={'_from_bcp': True}
2024-07-18 21:09:39,279 : INFO : EventManager : Event: ======'slide_skillshot_inactive'====== Args={'_from_bcp': True}
2024-07-18 21:09:39,279 : INFO : EventManager : Event: ======'slide_mission_select_active'====== Args={'original_context': 'mission_select', 'original_calling_context': 'mode_mission_select_started', 'cmd': 'slides_play', '_from_bcp': True}
2024-07-18 21:09:39,459 : INFO : SwitchController : <<<<<<< 's_scoop' inactive >>>>>>>
2024-07-18 21:09:39,532 : INFO : EventManager : Event: ======'player_skillshot_skillshot_rotate_tick'====== Args={'value': 3, 'prev_value': 2, 'change': 1, 'player_num': 1}
2024-07-18 21:09:39,533 : INFO : EventManager : Event: ======'timer_skillshot_rotate_tick'====== Args={'ticks': 3, 'ticks_remaining': 0}
2024-07-18 21:09:39,534 : INFO : EventManager : Event: ======'player_shot_skillshot_o_target'====== Args={'value': 0, 'prev_value': 1, 'change': -1, 'player_num': 1}
2024-07-18 21:09:39,535 : INFO : EventManager : Event: ======'player_shot_skillshot_p2_target'====== Args={'value': 1, 'prev_value': 0, 'change': 1, 'player_num': 1}
2024-07-18 21:09:40,353 : INFO : SwitchController : <<<<<<< 's_start' active >>>>>>>
2024-07-18 21:09:40,354 : INFO : EventManager : Event: ======'sw_start'====== Args={}
2024-07-18 21:09:40,354 : INFO : EventManager : Event: ======'machine_var_audits_switches_s_start'====== Args={'value': 305, 'prev_value': 304, 'change': 1}
2024-07-18 21:09:40,357 : INFO : EventManager : Event: ======'player_add_request'====== Args={}
2024-07-18 21:09:40,363 : INFO : EventManager : Event: ======'player_will_add'====== Args={'number': 2}
2024-07-18 21:09:40,369 : INFO : EventManager : Event: ======'player_adding'====== Args={'player': <Player 2>, 'number': 2}
2024-07-18 21:09:40,369 : INFO : EventManager : Event: ======'player_added'====== Args={'player': <Player 2>, 'num': 2}
2024-07-18 21:09:40,370 : INFO : Mode.game : Player added successfully. Total players: 2
2024-07-18 21:09:40,370 : INFO : EventManager : Event: ======'multiplayer_game'====== Args={}
2024-07-18 21:09:40,372 : INFO : EventManager : Event: ======'player_index'====== Args={'value': 1, 'prev_value': 1, 'change': 0, 'player_num': 2}
2024-07-18 21:09:40,373 : INFO : EventManager : Event: ======'player_number'====== Args={'value': 2, 'prev_value': 2, 'change': 0, 'player_num': 2}
2024-07-18 21:09:40,374 : INFO : EventManager : Event: ======'player_score'====== Args={'value': 0, 'prev_value': 0, 'change': 0, 'player_num': 2}
2024-07-18 21:09:40,489 : INFO : SwitchController : <<<<<<< 's_start' inactive >>>>>>>
2024-07-18 21:09:40,489 : INFO : EventManager : Event: ======'s_start_inactive'====== Args={}
2024-07-18 21:09:40,489 : INFO : EventManager : Event: ======'mission_select_beat_the_surfer_selected'====== Args={}
2024-07-18 21:09:40,489 : INFO : EventManager : Event: ======'mission_select_item_selected'====== Args={}
2024-07-18 21:09:40,489 : INFO : EventManager : Event: ======'player_selected_mission'====== Args={'value': 'beat the surfer', 'prev_value': 0, 'change': True, 'player_num': 1, 'source': 'mission_select'}
2024-07-18 21:09:40,489 : INFO : EventManager : Event: ======'mode_mission_select_will_stop'====== Args={}
2024-07-18 21:09:40,489 : INFO : EventManager : Event: ======'mode_mission_select_stopping'====== Args={}
2024-07-18 21:09:40,489 : INFO : ball_device.bd_scoop : Adding 1 ball(s) to the eject_queue with target <playfield.playfield>.
2024-07-18 21:09:40,490 : INFO : EventManager : Event: ======'balldevice_balls_available'====== Args={}
2024-07-18 21:09:40,490 : INFO : EventManager : Event: ======'ball_hold_scoop_balls_released'====== Args={'balls_released': 1}
2024-07-18 21:09:40,490 : INFO : Mode.mission_select : Stopped.
2024-07-18 21:09:40,490 : INFO : EventManager : Event: ======'modes_active_modes_changed'====== Args={}
2024-07-18 21:09:40,490 : INFO : EventManager : Event: ======'mode_mission_select_stopped'====== Args={}
2024-07-18 21:09:40,490 : INFO : EventManager : Event: ======'clear'====== Args={'key': 'mission_select'}
2024-07-18 21:09:40,505 : INFO : EventManager : Event: ======'slide_mission_select_inactive'====== Args={'_from_bcp': True}
2024-07-18 21:09:40,505 : INFO : EventManager : Event: ======'slide_skillshot_active'====== Args={'_from_bcp': True}
2024-07-18 21:09:40,505 : INFO : EventManager : Event: ======'slide_mission_select_removed'====== Args={'_from_bcp': True}
2024-07-18 21:09:40,532 : INFO : EventManager : Event: ======'player_skillshot_skillshot_rotate_tick'====== Args={'value': 4, 'prev_value': 3, 'change': 1, 'player_num': 1}
2024-07-18 21:09:40,532 : INFO : EventManager : Event: ======'timer_skillshot_rotate_tick'====== Args={'ticks': 4, 'ticks_remaining': 0}
2024-07-18 21:09:40,532 : INFO : EventManager : Event: ======'player_shot_skillshot_p2_target'====== Args={'value': 0, 'prev_value': 1, 'change': -1, 'player_num': 1}
2024-07-18 21:09:40,533 : INFO : EventManager : Event: ======'player_shot_skillshot_a_target'====== Args={'value': 1, 'prev_value': 0, 'change': 1, 'player_num': 1}
2024-07-18 21:09:41,533 : INFO : EventManager : Event: ======'player_skillshot_skillshot_rotate_tick'====== Args={'value': 5, 'prev_value': 4, 'change': 1, 'player_num': 1}
2024-07-18 21:09:41,535 : INFO : EventManager : Event: ======'timer_skillshot_rotate_tick'====== Args={'ticks': 5, 'ticks_remaining': 0}
2024-07-18 21:09:41,544 : INFO : EventManager : Event: ======'player_shot_skillshot_a_target'====== Args={'value': 0, 'prev_value': 1, 'change': -1, 'player_num': 1}
2024-07-18 21:09:41,546 : INFO : EventManager : Event: ======'player_shot_skillshot_n_target'====== Args={'value': 1, 'prev_value': 0, 'change': 1, 'player_num': 1}
2024-07-18 21:09:42,533 : INFO : EventManager : Event: ======'player_skillshot_skillshot_rotate_tick'====== Args={'value': 6, 'prev_value': 5, 'change': 1, 'player_num': 1}
2024-07-18 21:09:42,535 : INFO : EventManager : Event: ======'timer_skillshot_rotate_tick'====== Args={'ticks': 6, 'ticks_remaining': 0}
2024-07-18 21:09:42,545 : INFO : EventManager : Event: ======'player_shot_skillshot_n_target'====== Args={'value': 0, 'prev_value': 1, 'change': -1, 'player_num': 1}
2024-07-18 21:09:42,547 : INFO : EventManager : Event: ======'player_shot_skillshot_e_target'====== Args={'value': 1, 'prev_value': 0, 'change': 1, 'player_num': 1}
2024-07-18 21:09:43,532 : INFO : EventManager : Event: ======'player_skillshot_skillshot_rotate_tick'====== Args={'value': 7, 'prev_value': 6, 'change': 1, 'player_num': 1}
2024-07-18 21:09:43,534 : INFO : EventManager : Event: ======'timer_skillshot_rotate_tick'====== Args={'ticks': 7, 'ticks_remaining': 0}
2024-07-18 21:09:43,542 : INFO : EventManager : Event: ======'player_shot_skillshot_p_target'====== Args={'value': 1, 'prev_value': 0, 'change': 1, 'player_num': 1}
2024-07-18 21:09:43,543 : INFO : EventManager : Event: ======'player_shot_skillshot_e_target'====== Args={'value': 0, 'prev_value': 1, 'change': -1, 'player_num': 1}
2024-07-18 21:09:44,215 : INFO : EventManager : Event: ======'stop_mode_skillshot'====== Args={'priority': 0}
2024-07-18 21:09:44,216 : INFO : EventManager : Event: ======'mode_skillshot_will_stop'====== Args={}
2024-07-18 21:09:44,216 : INFO : EventManager : Event: ======'mode_skillshot_stopping'====== Args={}
2024-07-18 21:09:44,216 : INFO : Mode.skillshot : Stopped.
2024-07-18 21:09:44,217 : INFO : EventManager : Event: ======'modes_active_modes_changed'====== Args={}
2024-07-18 21:09:44,217 : INFO : EventManager : Event: ======'mode_skillshot_stopped'====== Args={}
2024-07-18 21:09:44,218 : INFO : EventManager : Event: ======'clear'====== Args={'key': 'skillshot'}
2024-07-18 21:09:44,220 : INFO : Timer.skillshot_rotate : Stopping Timer
2024-07-18 21:09:44,220 : INFO : EventManager : Event: ======'timer_skillshot_rotate_stopped'====== Args={'ticks': 7, 'ticks_remaining': 0}
2024-07-18 21:09:44,222 : INFO : EventManager : Event: ======'slide_skillshot_inactive'====== Args={'_from_bcp': True}
2024-07-18 21:09:44,222 : INFO : EventManager : Event: ======'slide_base_active'====== Args={'_from_bcp': True}
2024-07-18 21:09:44,224 : INFO : EventManager : Event: ======'slide_skillshot_removed'====== Args={'_from_bcp': True}
2024-07-18 21:09:44,392 : INFO : Machine : Shutting down...
2024-07-18 21:09:44,392 : INFO : EventManager : Event: ======'shutdown'====== Args={}
2024-07-18 21:09:44,392 : INFO : EventManager : Event: ======'mode_game_will_stop'====== Args={}
2024-07-18 21:09:44,393 : INFO : EventManager : Event: ======'mode_game_stopping'====== Args={}
2024-07-18 21:09:44,393 : INFO : EventManager : Event: ======'mode_base_will_stop'====== Args={}
2024-07-18 21:09:44,393 : INFO : EventManager : Event: ======'mode_base_stopping'====== Args={}
2024-07-18 21:09:44,393 : INFO : EventManager : Event: ======'mode_rainey_multiball_will_stop'====== Args={}
2024-07-18 21:09:44,393 : INFO : EventManager : Event: ======'mode_rainey_multiball_stopping'====== Args={}
2024-07-18 21:09:44,393 : INFO : EventManager : Event: ======'mode_hank_rollover_will_stop'====== Args={}
2024-07-18 21:09:44,393 : INFO : EventManager : Event: ======'mode_hank_rollover_stopping'====== Args={}
2024-07-18 21:09:44,393 : INFO : EventManager : Event: ======'mode_BBQ_rollover_will_stop'====== Args={}
2024-07-18 21:09:44,393 : INFO : EventManager : Event: ======'mode_BBQ_rollover_stopping'====== Args={}
2024-07-18 21:09:44,393 : INFO : Mode.BBQ_rollover : Stopped.
2024-07-18 21:09:44,393 : INFO : EventManager : Event: ======'modes_active_modes_changed'====== Args={}
2024-07-18 21:09:44,393 : INFO : EventManager : Event: ======'mode_BBQ_rollover_stopped'====== Args={}
2024-07-18 21:09:44,393 : INFO : EventManager : Event: ======'clear'====== Args={'key': 'BBQ_rollover'}
2024-07-18 21:09:44,394 : INFO : Mode.hank_rollover : Stopped.
2024-07-18 21:09:44,394 : INFO : EventManager : Event: ======'modes_active_modes_changed'====== Args={}
2024-07-18 21:09:44,394 : INFO : EventManager : Event: ======'mode_hank_rollover_stopped'====== Args={}
2024-07-18 21:09:44,394 : INFO : EventManager : Event: ======'clear'====== Args={'key': 'hank_rollover'}
2024-07-18 21:09:44,394 : INFO : Mode.rainey_multiball : Stopped.
2024-07-18 21:09:44,394 : INFO : EventManager : Event: ======'modes_active_modes_changed'====== Args={}
2024-07-18 21:09:44,394 : INFO : EventManager : Event: ======'mode_rainey_multiball_stopped'====== Args={}
2024-07-18 21:09:44,394 : INFO : EventManager : Event: ======'clear'====== Args={'key': 'rainey_multiball'}
2024-07-18 21:09:44,394 : INFO : Mode.base : Stopped.
2024-07-18 21:09:44,394 : INFO : EventManager : Event: ======'modes_active_modes_changed'====== Args={}
2024-07-18 21:09:44,394 : INFO : EventManager : Event: ======'mode_base_stopped'====== Args={}
2024-07-18 21:09:44,394 : INFO : EventManager : Event: ======'clear'====== Args={'key': 'base'}
2024-07-18 21:09:44,394 : INFO : EventManager : Event: ======'ball_save_default_disabled'====== Args={}
2024-07-18 21:09:44,395 : INFO : Mode.game : Stopped.
2024-07-18 21:09:44,395 : INFO : EventManager : Event: ======'modes_active_modes_changed'====== Args={}
2024-07-18 21:09:44,395 : INFO : EventManager : Event: ======'mode_game_stopped'====== Args={}
2024-07-18 21:09:44,395 : INFO : EventManager : Event: ======'clear'====== Args={'key': 'game'}
2024-07-18 21:09:44,404 : INFO : root : MPF run loop ended.
