2024-08-20 21:13:00,798 : INFO : root : Loading config.
2024-08-20 21:13:00,800 : INFO : YamlMultifileConfigLoader : Machine config file #1: config.yaml
2024-08-20 21:13:00,801 : INFO : ConfigProcessor : Loading config from cache: /var/folders/sv/d29kcl5x50v7vt1n6xb5jsd40000gn/T/c166cef8060ffee16a35821bf698da85.mpf_cache
2024-08-20 21:13:00,831 : INFO : ConfigProcessor : Loading config from cache: /var/folders/sv/d29kcl5x50v7vt1n6xb5jsd40000gn/T/6b31c5ac6ecbad948994a8204ea6b05b.mpf_cache
2024-08-20 21:13:00,831 : INFO : ConfigProcessor : Loading config from cache: /var/folders/sv/d29kcl5x50v7vt1n6xb5jsd40000gn/T/fe612d1e66c8a96c19ba449d3748eeac.mpf_cache
2024-08-20 21:13:00,831 : INFO : ConfigProcessor : Loading config from cache: /var/folders/sv/d29kcl5x50v7vt1n6xb5jsd40000gn/T/6b31c5ac6ecbad948994a8204ea6b05b.mpf_cache
2024-08-20 21:13:00,831 : INFO : ConfigProcessor : Loading config from cache: /var/folders/sv/d29kcl5x50v7vt1n6xb5jsd40000gn/T/8765227693ecd961e0504502a81255e0.mpf_cache
2024-08-20 21:13:00,832 : INFO : ConfigProcessor : Loading config from cache: /var/folders/sv/d29kcl5x50v7vt1n6xb5jsd40000gn/T/b247728c74b4d81bcb2825e2b07062a7.mpf_cache
2024-08-20 21:13:00,832 : INFO : ConfigProcessor : Loading config from cache: /var/folders/sv/d29kcl5x50v7vt1n6xb5jsd40000gn/T/f240f94f0b5d0f37ec4fd7571275a101.mpf_cache
2024-08-20 21:13:00,832 : INFO : ConfigProcessor : Loading config from cache: /var/folders/sv/d29kcl5x50v7vt1n6xb5jsd40000gn/T/c4409acfdf3ec94666e0adef48d55400.mpf_cache
2024-08-20 21:13:00,833 : INFO : ConfigProcessor : Loading config from cache: /var/folders/sv/d29kcl5x50v7vt1n6xb5jsd40000gn/T/6a2f50ed892485825cc04dc0a68eab9f.mpf_cache
2024-08-20 21:13:00,833 : INFO : ConfigProcessor : Loading config from cache: /var/folders/sv/d29kcl5x50v7vt1n6xb5jsd40000gn/T/d58c58eb9fd1a2dc27f8acd255fb3761.mpf_cache
2024-08-20 21:13:00,833 : INFO : ConfigProcessor : Loading config from cache: /var/folders/sv/d29kcl5x50v7vt1n6xb5jsd40000gn/T/07adfd310b3ef0e03c5cbc91527abb6c.mpf_cache
2024-08-20 21:13:00,833 : INFO : ConfigProcessor : Loading config from cache: /var/folders/sv/d29kcl5x50v7vt1n6xb5jsd40000gn/T/12bd5247c3bf989b919364bdb7829769.mpf_cache
2024-08-20 21:13:00,833 : INFO : ConfigProcessor : Loading config from cache: /var/folders/sv/d29kcl5x50v7vt1n6xb5jsd40000gn/T/362e08f51a1a1b7a0809dd52f9c83f83.mpf_cache
2024-08-20 21:13:00,834 : INFO : ConfigProcessor : Loading config from cache: /var/folders/sv/d29kcl5x50v7vt1n6xb5jsd40000gn/T/e45e3bd39557ed8d0881194a7afab8f7.mpf_cache
2024-08-20 21:13:00,834 : INFO : ConfigProcessor : Loading config from cache: /var/folders/sv/d29kcl5x50v7vt1n6xb5jsd40000gn/T/331d8d1a1bc190cae8c13495e1db372f.mpf_cache
2024-08-20 21:13:00,834 : INFO : ConfigProcessor : Loading config from cache: /var/folders/sv/d29kcl5x50v7vt1n6xb5jsd40000gn/T/d17a9ff77386e6f1439d0802ace1de07.mpf_cache
2024-08-20 21:13:00,834 : INFO : ConfigProcessor : Loading config from cache: /var/folders/sv/d29kcl5x50v7vt1n6xb5jsd40000gn/T/280fd64455d0d243a54ab4db98fbccbd.mpf_cache
2024-08-20 21:13:00,834 : INFO : ConfigProcessor : Loading config from cache: /var/folders/sv/d29kcl5x50v7vt1n6xb5jsd40000gn/T/0c0596ed8fbb40b6113901d21bdc0a39.mpf_cache
2024-08-20 21:13:00,835 : INFO : ConfigProcessor : Loading config from cache: /var/folders/sv/d29kcl5x50v7vt1n6xb5jsd40000gn/T/f521a0f834965d73920394ccceaa3c1c.mpf_cache
2024-08-20 21:13:00,835 : INFO : ConfigProcessor : Loading config from cache: /var/folders/sv/d29kcl5x50v7vt1n6xb5jsd40000gn/T/0fedc249e142fba0aaf46d9adc7061fa.mpf_cache
2024-08-20 21:13:00,835 : INFO : ConfigProcessor : Loading config from cache: /var/folders/sv/d29kcl5x50v7vt1n6xb5jsd40000gn/T/c57745b2fe399992c4aedf0209f8acc9.mpf_cache
2024-08-20 21:13:00,835 : INFO : ConfigProcessor : Loading config from cache: /var/folders/sv/d29kcl5x50v7vt1n6xb5jsd40000gn/T/4d7707f845442344c77faa09114dd414.mpf_cache
2024-08-20 21:13:00,836 : INFO : ConfigProcessor : Loading config from cache: /var/folders/sv/d29kcl5x50v7vt1n6xb5jsd40000gn/T/13b622eeb34cc558f4c171e6faf49f20.mpf_cache
2024-08-20 21:13:00,836 : INFO : ConfigProcessor : Loading config from cache: /var/folders/sv/d29kcl5x50v7vt1n6xb5jsd40000gn/T/897ffb6d77163469c302d894201d7081.mpf_cache
2024-08-20 21:13:00,836 : INFO : ConfigProcessor : Loading config from cache: /var/folders/sv/d29kcl5x50v7vt1n6xb5jsd40000gn/T/51caa30b8c50b4dd14ddbf8a263fb4c6.mpf_cache
2024-08-20 21:13:00,836 : INFO : ConfigProcessor : Loading config from cache: /var/folders/sv/d29kcl5x50v7vt1n6xb5jsd40000gn/T/aa4dd12681abd3ba3467de4d4b71c6b2.mpf_cache
2024-08-20 21:13:00,837 : INFO : ConfigProcessor : Loading config from cache: /var/folders/sv/d29kcl5x50v7vt1n6xb5jsd40000gn/T/edf8b775a93855f849af0e2eff0a7bac.mpf_cache
2024-08-20 21:13:00,838 : INFO : ConfigProcessor : Loading config from cache: /var/folders/sv/d29kcl5x50v7vt1n6xb5jsd40000gn/T/3048ed2d7ea14eee3db896f6760aa474.mpf_cache
2024-08-20 21:13:00,838 : INFO : ConfigProcessor : Loading config from cache: /var/folders/sv/d29kcl5x50v7vt1n6xb5jsd40000gn/T/a14a120665a0ee9fd8a6e22274033983.mpf_cache
2024-08-20 21:13:00,838 : INFO : ConfigProcessor : Loading config from cache: /var/folders/sv/d29kcl5x50v7vt1n6xb5jsd40000gn/T/984de704eb69e43ca43e84d7915bfa21.mpf_cache
2024-08-20 21:13:00,839 : INFO : ConfigProcessor : Loading config from cache: /var/folders/sv/d29kcl5x50v7vt1n6xb5jsd40000gn/T/0a9cb7260d26760274024f443d38cc22.mpf_cache
2024-08-20 21:13:00,839 : INFO : ConfigProcessor : Loading config from cache: /var/folders/sv/d29kcl5x50v7vt1n6xb5jsd40000gn/T/deb753c2acdccb3c49ddc8f2a7e04ee6.mpf_cache
2024-08-20 21:13:00,840 : INFO : ConfigProcessor : Loading config from cache: /var/folders/sv/d29kcl5x50v7vt1n6xb5jsd40000gn/T/4a90c06755c4a5beef2ee4c243f54397.mpf_cache
2024-08-20 21:13:00,840 : INFO : Machine : Mission Pinball Framework Core Engine v0.80.0.dev1
2024-08-20 21:13:00,840 : INFO : Machine : Command line arguments: {'no_load_cache': False, 'create_config_cache': True, 'bcp': True, 'configfile': ['config.yaml'], 'force_assets_load': False, 'platform_integration_test': False, 'jsonlogging': False, 'logfile': 'logs/2024-08-20-21-13-00-mpf-Nicks-Air.lan.log', 'pause': False, 'production': False, 'text_ui': True, 'loglevel': 15, 'consoleloglevel': 20, 'force_platform': None, 'syslog_address': None, 'mc_file_name': None, 'no_sound': False, 'full_logfile_path': '/Users/nicktaseris/Desktop/Pinball/KOTH/logs/2024-08-20-21-13-00-mpf-Nicks-Air.lan.log'}
2024-08-20 21:13:00,840 : INFO : Machine : MPF path: /Users/nicktaseris/mpfenv/lib/python3.9/site-packages/mpf
2024-08-20 21:13:00,840 : INFO : Machine : Machine path: /Users/nicktaseris/Desktop/Pinball/KOTH
2024-08-20 21:13:00,840 : INFO : Machine : Platform: darwin
2024-08-20 21:13:00,840 : INFO : Machine : Python executable location: /Users/nicktaseris/mpfenv/bin/python3
2024-08-20 21:13:00,840 : INFO : Machine : Python version: 3.9.13 (64-bit)
2024-08-20 21:13:00,840 : INFO : Machine : Initializing MPF...
2024-08-20 21:13:00,866 : INFO : EventManager : Event: ======'machine_var_credits_string'====== Args={'value': 'FREE PLAY', 'prev_value': None, 'change': True}
2024-08-20 21:13:00,873 : INFO : EventManager : Event: ======'machine_var_master_volume'====== Args={'value': 0.5, 'prev_value': None, 'change': True}
2024-08-20 21:13:00,873 : INFO : EventManager : Event: ======'machine_var_player1_score'====== Args={'value': 175300, 'prev_value': None, 'change': True}
2024-08-20 21:13:00,873 : INFO : EventManager : Event: ======'machine_var_mpf_version'====== Args={'value': 'Mission Pinball Framework v0.80.0.dev1', 'prev_value': None, 'change': True}
2024-08-20 21:13:00,873 : INFO : EventManager : Event: ======'machine_var_mpf_extended_version'====== Args={'value': 'Mission Pinball Framework v0.80.0.dev1, Config version:6, Show version: 6, BCP version:1.1', 'prev_value': None, 'change': True}
2024-08-20 21:13:00,873 : INFO : EventManager : Event: ======'machine_var_python_version'====== Args={'value': '3.9.13', 'prev_value': None, 'change': True}
2024-08-20 21:13:00,882 : INFO : EventManager : Event: ======'machine_var_platform'====== Args={'value': 'macOS-12.1-arm64-arm-64bit', 'prev_value': None, 'change': True}
2024-08-20 21:13:00,882 : INFO : EventManager : Event: ======'machine_var_platform_system'====== Args={'value': 'Darwin', 'prev_value': None, 'change': True}
2024-08-20 21:13:00,882 : INFO : EventManager : Event: ======'machine_var_platform_release'====== Args={'value': '21.2.0', 'prev_value': None, 'change': True}
2024-08-20 21:13:00,882 : INFO : EventManager : Event: ======'machine_var_platform_version'====== Args={'value': 'Darwin Kernel Version 21.2.0: Sun Nov 28 20:29:10 PST 2021; root:xnu-8019.61.5~1/RELEASE_ARM64_T8101', 'prev_value': None, 'change': True}
2024-08-20 21:13:00,882 : INFO : EventManager : Event: ======'machine_var_platform_machine'====== Args={'value': 'arm64', 'prev_value': None, 'change': True}
2024-08-20 21:13:00,882 : INFO : EventManager : Event: ======'machine_var_log_file_path'====== Args={'value': '/Users/nicktaseris/Desktop/Pinball/KOTH/logs/2024-08-20-21-13-00-mpf-Nicks-Air.lan.log', 'prev_value': None, 'change': True}
2024-08-20 21:13:00,882 : INFO : EventManager : Event: ======'init_phase_1'====== Args={}
2024-08-20 21:13:00,911 : INFO : EventManager : Event: ======'drop_target_bank_strickland_bank_up'====== Args={}
2024-08-20 21:13:00,911 : INFO : EventManager : Event: ======'init_phase_2'====== Args={}
2024-08-20 21:13:00,911 : INFO : SwitchController : Found active switch: ('39', <Platform.SmartVirtual>) <switch.s_trough1>
2024-08-20 21:13:00,911 : INFO : SwitchController : Found active switch: ('40', <Platform.SmartVirtual>) <switch.s_trough2>
2024-08-20 21:13:00,911 : INFO : SwitchController : Found active switch: ('41', <Platform.SmartVirtual>) <switch.s_trough3>
2024-08-20 21:13:00,912 : INFO : SwitchController : Found active switch: ('42', <Platform.SmartVirtual>) <switch.s_trough4>
2024-08-20 21:13:00,912 : INFO : SwitchController : Found active switch: ('43', <Platform.SmartVirtual>) <switch.s_trough5>
2024-08-20 21:13:00,912 : INFO : SwitchController : Found active switch: ('44', <Platform.SmartVirtual>) <switch.s_trough6>
2024-08-20 21:13:00,917 : INFO : EventManager : Event: ======'machine_var_score1_label'====== Args={'value': 'GRAND CHAMPION', 'prev_value': None, 'change': True}
2024-08-20 21:13:00,917 : INFO : EventManager : Event: ======'machine_var_score1_name'====== Args={'value': 'BRI', 'prev_value': None, 'change': True}
2024-08-20 21:13:00,917 : INFO : EventManager : Event: ======'machine_var_score1_value'====== Args={'value': 4242, 'prev_value': None, 'change': True}
2024-08-20 21:13:00,917 : INFO : EventManager : Event: ======'machine_var_score2_label'====== Args={'value': 'HIGH SCORE 1', 'prev_value': None, 'change': True}
2024-08-20 21:13:00,917 : INFO : EventManager : Event: ======'machine_var_score2_name'====== Args={'value': 'GHK', 'prev_value': None, 'change': True}
2024-08-20 21:13:00,917 : INFO : EventManager : Event: ======'machine_var_score2_value'====== Args={'value': 2323, 'prev_value': None, 'change': True}
2024-08-20 21:13:00,917 : INFO : EventManager : Event: ======'machine_var_score3_label'====== Args={'value': 'HIGH SCORE 2', 'prev_value': None, 'change': True}
2024-08-20 21:13:00,917 : INFO : EventManager : Event: ======'machine_var_score3_name'====== Args={'value': 'JK', 'prev_value': None, 'change': True}
2024-08-20 21:13:00,917 : INFO : EventManager : Event: ======'machine_var_score3_value'====== Args={'value': 1337, 'prev_value': None, 'change': True}
2024-08-20 21:13:00,917 : INFO : EventManager : Event: ======'machine_var_score4_label'====== Args={'value': 'HIGH SCORE 3', 'prev_value': None, 'change': True}
2024-08-20 21:13:00,917 : INFO : EventManager : Event: ======'machine_var_score4_name'====== Args={'value': 'QC', 'prev_value': None, 'change': True}
2024-08-20 21:13:00,917 : INFO : EventManager : Event: ======'machine_var_score4_value'====== Args={'value': 42, 'prev_value': None, 'change': True}
2024-08-20 21:13:00,917 : INFO : EventManager : Event: ======'machine_var_score5_label'====== Args={'value': 'HIGH SCORE 4', 'prev_value': None, 'change': True}
2024-08-20 21:13:00,917 : INFO : EventManager : Event: ======'machine_var_score5_name'====== Args={'value': 'MPF', 'prev_value': None, 'change': True}
2024-08-20 21:13:00,918 : INFO : EventManager : Event: ======'machine_var_score5_value'====== Args={'value': 23, 'prev_value': None, 'change': True}
2024-08-20 21:13:00,918 : INFO : EventManager : Event: ======'bcp_connection_attempt'====== Args={'name': 'local_display', 'host': 'localhost', 'port': 5050}
2024-08-20 21:13:00,918 : INFO : BCPClientSocket : Connecting BCP to 'local_display' at localhost:5050...
2024-08-20 21:13:00,921 : INFO : BCPClientSocket : Connected BCP to 'local_display' localhost:5050
2024-08-20 21:13:00,922 : INFO : EventManager : Event: ======'bcp_clients_connected'====== Args={}
2024-08-20 21:13:00,922 : INFO : ball_device.bd_trough : BCH: Initial count: 6
2024-08-20 21:13:00,923 : INFO : ball_device.bd_trough : State: idle
2024-08-20 21:13:00,923 : INFO : ball_device.bd_plunger : BCH: Initial count: 0
2024-08-20 21:13:00,923 : INFO : ball_device.bd_plunger : State: idle
2024-08-20 21:13:00,923 : INFO : ball_device.bd_scoop : BCH: Initial count: 0
2024-08-20 21:13:00,923 : INFO : ball_device.bd_scoop : State: idle
2024-08-20 21:13:00,928 : INFO : EventManager : Event: ======'init_phase_3'====== Args={}
2024-08-20 21:13:00,933 : INFO : EventManager : Event: ======'init_phase_4'====== Args={}
2024-08-20 21:13:00,933 : INFO : BallController : Initial balls found: 6
2024-08-20 21:13:00,934 : INFO : EventManager : Event: ======'machine_var_audits_events_game_ended'====== Args={'value': 4, 'prev_value': None, 'change': True}
2024-08-20 21:13:00,934 : INFO : EventManager : Event: ======'machine_var_audits_events_game_started'====== Args={'value': 872, 'prev_value': None, 'change': True}
2024-08-20 21:13:00,934 : INFO : EventManager : Event: ======'machine_var_audits_missing_switches_s_a_target'====== Args={'value': 1, 'prev_value': None, 'change': True}
2024-08-20 21:13:00,934 : INFO : EventManager : Event: ======'machine_var_audits_missing_switches_s_bottom_inline_drop'====== Args={'value': 62, 'prev_value': None, 'change': True}
2024-08-20 21:13:00,934 : INFO : EventManager : Event: ======'machine_var_audits_missing_switches_s_bottom_pop_bumper'====== Args={'value': 431, 'prev_value': None, 'change': True}
2024-08-20 21:13:00,934 : INFO : EventManager : Event: ======'machine_var_audits_missing_switches_s_center_spinner'====== Args={'value': 1, 'prev_value': None, 'change': True}
2024-08-20 21:13:00,934 : INFO : EventManager : Event: ======'machine_var_audits_missing_switches_s_e_target'====== Args={'value': 1, 'prev_value': None, 'change': True}
2024-08-20 21:13:00,934 : INFO : EventManager : Event: ======'machine_var_audits_missing_switches_s_launch_button'====== Args={'value': 343, 'prev_value': None, 'change': True}
2024-08-20 21:13:00,934 : INFO : EventManager : Event: ======'machine_var_audits_missing_switches_s_left_flipper'====== Args={'value': 2, 'prev_value': None, 'change': True}
2024-08-20 21:13:00,934 : INFO : EventManager : Event: ======'machine_var_audits_missing_switches_s_left_inlane'====== Args={'value': 28, 'prev_value': None, 'change': True}
2024-08-20 21:13:00,935 : INFO : EventManager : Event: ======'machine_var_audits_missing_switches_s_left_inner_horseshoe'====== Args={'value': 62, 'prev_value': None, 'change': True}
2024-08-20 21:13:00,935 : INFO : EventManager : Event: ======'machine_var_audits_missing_switches_s_left_orbit_enter'====== Args={'value': 28, 'prev_value': None, 'change': True}
2024-08-20 21:13:00,935 : INFO : EventManager : Event: ======'machine_var_audits_missing_switches_s_left_orbit_exit'====== Args={'value': 64, 'prev_value': None, 'change': True}
2024-08-20 21:13:00,935 : INFO : EventManager : Event: ======'machine_var_audits_missing_switches_s_left_outlane'====== Args={'value': 28, 'prev_value': None, 'change': True}
2024-08-20 21:13:00,935 : INFO : EventManager : Event: ======'machine_var_audits_missing_switches_s_left_pop_bumper'====== Args={'value': 431, 'prev_value': None, 'change': True}
2024-08-20 21:13:00,935 : INFO : EventManager : Event: ======'machine_var_audits_missing_switches_s_left_ramp_enter'====== Args={'value': 144, 'prev_value': None, 'change': True}
2024-08-20 21:13:00,935 : INFO : EventManager : Event: ======'machine_var_audits_missing_switches_s_left_ramp_exit'====== Args={'value': 144, 'prev_value': None, 'change': True}
2024-08-20 21:13:00,935 : INFO : EventManager : Event: ======'machine_var_audits_missing_switches_s_left_ramp_standup'====== Args={'value': 1, 'prev_value': None, 'change': True}
2024-08-20 21:13:00,935 : INFO : EventManager : Event: ======'machine_var_audits_missing_switches_s_left_rollover_lane'====== Args={'value': 63, 'prev_value': None, 'change': True}
2024-08-20 21:13:00,935 : INFO : EventManager : Event: ======'machine_var_audits_missing_switches_s_left_sling'====== Args={'value': 522, 'prev_value': None, 'change': True}
2024-08-20 21:13:00,935 : INFO : EventManager : Event: ======'machine_var_audits_missing_switches_s_left_spinner'====== Args={'value': 64, 'prev_value': None, 'change': True}
2024-08-20 21:13:00,935 : INFO : EventManager : Event: ======'machine_var_audits_missing_switches_s_middle_inline_drop'====== Args={'value': 62, 'prev_value': None, 'change': True}
2024-08-20 21:13:00,935 : INFO : EventManager : Event: ======'machine_var_audits_missing_switches_s_middle_rollover_lane'====== Args={'value': 63, 'prev_value': None, 'change': True}
2024-08-20 21:13:00,935 : INFO : EventManager : Event: ======'machine_var_audits_missing_switches_s_n_target'====== Args={'value': 1, 'prev_value': None, 'change': True}
2024-08-20 21:13:00,935 : INFO : EventManager : Event: ======'machine_var_audits_missing_switches_s_o_target'====== Args={'value': 3, 'prev_value': None, 'change': True}
2024-08-20 21:13:00,936 : INFO : EventManager : Event: ======'machine_var_audits_missing_switches_s_p_target'====== Args={'value': 1, 'prev_value': None, 'change': True}
2024-08-20 21:13:00,936 : INFO : EventManager : Event: ======'machine_var_audits_missing_switches_s_r_target'====== Args={'value': 1, 'prev_value': None, 'change': True}
2024-08-20 21:13:00,936 : INFO : EventManager : Event: ======'machine_var_audits_missing_switches_s_right_flipper'====== Args={'value': 2, 'prev_value': None, 'change': True}
2024-08-20 21:13:00,936 : INFO : EventManager : Event: ======'machine_var_audits_missing_switches_s_right_inlane'====== Args={'value': 28, 'prev_value': None, 'change': True}
2024-08-20 21:13:00,936 : INFO : EventManager : Event: ======'machine_var_audits_missing_switches_s_right_inner_horseshoe'====== Args={'value': 62, 'prev_value': None, 'change': True}
2024-08-20 21:13:00,936 : INFO : EventManager : Event: ======'machine_var_audits_missing_switches_s_right_orbit_exit'====== Args={'value': 64, 'prev_value': None, 'change': True}
2024-08-20 21:13:00,936 : INFO : EventManager : Event: ======'machine_var_audits_missing_switches_s_right_outlane'====== Args={'value': 28, 'prev_value': None, 'change': True}
2024-08-20 21:13:00,936 : INFO : EventManager : Event: ======'machine_var_audits_missing_switches_s_right_pop_bumper'====== Args={'value': 62, 'prev_value': None, 'change': True}
2024-08-20 21:13:00,936 : INFO : EventManager : Event: ======'machine_var_audits_missing_switches_s_right_ramp_enter'====== Args={'value': 144, 'prev_value': None, 'change': True}
2024-08-20 21:13:00,936 : INFO : EventManager : Event: ======'machine_var_audits_missing_switches_s_right_ramp_exit'====== Args={'value': 144, 'prev_value': None, 'change': True}
2024-08-20 21:13:00,936 : INFO : EventManager : Event: ======'machine_var_audits_missing_switches_s_right_ramp_standup'====== Args={'value': 222, 'prev_value': None, 'change': True}
2024-08-20 21:13:00,937 : INFO : EventManager : Event: ======'machine_var_audits_missing_switches_s_right_rollover_lane'====== Args={'value': 63, 'prev_value': None, 'change': True}
2024-08-20 21:13:00,937 : INFO : EventManager : Event: ======'machine_var_audits_missing_switches_s_right_sling'====== Args={'value': 823, 'prev_value': None, 'change': True}
2024-08-20 21:13:00,937 : INFO : EventManager : Event: ======'machine_var_audits_missing_switches_s_scoop'====== Args={'value': 2, 'prev_value': None, 'change': True}
2024-08-20 21:13:00,937 : INFO : EventManager : Event: ======'machine_var_audits_missing_switches_s_start'====== Args={'value': 2, 'prev_value': None, 'change': True}
2024-08-20 21:13:00,937 : INFO : EventManager : Event: ======'machine_var_audits_missing_switches_s_top_inline_drop'====== Args={'value': 62, 'prev_value': None, 'change': True}
2024-08-20 21:13:00,937 : INFO : EventManager : Event: ======'machine_var_audits_missing_switches_s_trough1'====== Args={'value': 62, 'prev_value': None, 'change': True}
2024-08-20 21:13:00,937 : INFO : EventManager : Event: ======'machine_var_audits_missing_switches_s_trough2'====== Args={'value': 65, 'prev_value': None, 'change': True}
2024-08-20 21:13:00,937 : INFO : EventManager : Event: ======'machine_var_audits_missing_switches_s_trough3'====== Args={'value': 1, 'prev_value': None, 'change': True}
2024-08-20 21:13:00,937 : INFO : EventManager : Event: ======'machine_var_audits_missing_switches_s_trough4'====== Args={'value': 294, 'prev_value': None, 'change': True}
2024-08-20 21:13:00,937 : INFO : EventManager : Event: ======'machine_var_audits_missing_switches_s_trough5'====== Args={'value': 827, 'prev_value': None, 'change': True}
2024-08-20 21:13:00,937 : INFO : EventManager : Event: ======'machine_var_audits_missing_switches_s_trough6'====== Args={'value': 827, 'prev_value': None, 'change': True}
2024-08-20 21:13:00,938 : INFO : EventManager : Event: ======'machine_var_audits_missing_switches_s_trough_jam'====== Args={'value': 760, 'prev_value': None, 'change': True}
2024-08-20 21:13:00,938 : INFO : EventManager : Event: ======'machine_var_audits_player_score'====== Args={'value': {'average': 109379, 'top': [370600, 175300, 400, 300, 250], 'total': 5}, 'prev_value': None, 'change': True}
2024-08-20 21:13:00,938 : INFO : EventManager : Event: ======'machine_var_audits_shots_a_rollover_lane'====== Args={'value': 17, 'prev_value': None, 'change': True}
2024-08-20 21:13:00,938 : INFO : EventManager : Event: ======'machine_var_audits_shots_a_target'====== Args={'value': 7, 'prev_value': None, 'change': True}
2024-08-20 21:13:00,938 : INFO : EventManager : Event: ======'machine_var_audits_shots_ball_lock_a_target'====== Args={'value': 6, 'prev_value': None, 'change': True}
2024-08-20 21:13:00,938 : INFO : EventManager : Event: ======'machine_var_audits_shots_ball_lock_e_target'====== Args={'value': 5, 'prev_value': None, 'change': True}
2024-08-20 21:13:00,938 : INFO : EventManager : Event: ======'machine_var_audits_shots_ball_lock_n_target'====== Args={'value': 5, 'prev_value': None, 'change': True}
2024-08-20 21:13:00,938 : INFO : EventManager : Event: ======'machine_var_audits_shots_ball_lock_p2_target'====== Args={'value': 9, 'prev_value': None, 'change': True}
2024-08-20 21:13:00,938 : INFO : EventManager : Event: ======'machine_var_audits_shots_e_target'====== Args={'value': 3, 'prev_value': None, 'change': True}
2024-08-20 21:13:00,939 : INFO : EventManager : Event: ======'machine_var_audits_shots_h_rollover_lane'====== Args={'value': 21, 'prev_value': None, 'change': True}
2024-08-20 21:13:00,939 : INFO : EventManager : Event: ======'machine_var_audits_shots_k_rollover_lane'====== Args={'value': 17, 'prev_value': None, 'change': True}
2024-08-20 21:13:00,939 : INFO : EventManager : Event: ======'machine_var_audits_shots_left_rollover_lane'====== Args={'value': 215, 'prev_value': None, 'change': True}
2024-08-20 21:13:00,939 : INFO : EventManager : Event: ======'machine_var_audits_shots_middle_rollover_lane'====== Args={'value': 204, 'prev_value': None, 'change': True}
2024-08-20 21:13:00,939 : INFO : EventManager : Event: ======'machine_var_audits_shots_n_rollover_lane'====== Args={'value': 15, 'prev_value': None, 'change': True}
2024-08-20 21:13:00,939 : INFO : EventManager : Event: ======'machine_var_audits_shots_n_target'====== Args={'value': 9, 'prev_value': None, 'change': True}
2024-08-20 21:13:00,939 : INFO : EventManager : Event: ======'machine_var_audits_shots_o_target'====== Args={'value': 4, 'prev_value': None, 'change': True}
2024-08-20 21:13:00,939 : INFO : EventManager : Event: ======'machine_var_audits_shots_p2_target'====== Args={'value': 5, 'prev_value': None, 'change': True}
2024-08-20 21:13:00,939 : INFO : EventManager : Event: ======'machine_var_audits_shots_p_target'====== Args={'value': 8, 'prev_value': None, 'change': True}
2024-08-20 21:13:00,940 : INFO : EventManager : Event: ======'machine_var_audits_shots_qualify_a_target'====== Args={'value': 7, 'prev_value': None, 'change': True}
2024-08-20 21:13:00,940 : INFO : EventManager : Event: ======'machine_var_audits_shots_qualify_e_target'====== Args={'value': 8, 'prev_value': None, 'change': True}
2024-08-20 21:13:00,940 : INFO : EventManager : Event: ======'machine_var_audits_shots_qualify_n_target'====== Args={'value': 7, 'prev_value': None, 'change': True}
2024-08-20 21:13:00,940 : INFO : EventManager : Event: ======'machine_var_audits_shots_qualify_o_target'====== Args={'value': 283, 'prev_value': None, 'change': True}
2024-08-20 21:13:00,940 : INFO : EventManager : Event: ======'machine_var_audits_shots_qualify_p2_target'====== Args={'value': 9, 'prev_value': None, 'change': True}
2024-08-20 21:13:00,940 : INFO : EventManager : Event: ======'machine_var_audits_shots_qualify_p_target'====== Args={'value': 258, 'prev_value': None, 'change': True}
2024-08-20 21:13:00,940 : INFO : EventManager : Event: ======'machine_var_audits_shots_qualify_r_target'====== Args={'value': 292, 'prev_value': None, 'change': True}
2024-08-20 21:13:00,941 : INFO : EventManager : Event: ======'machine_var_audits_shots_r_target'====== Args={'value': 14, 'prev_value': None, 'change': True}
2024-08-20 21:13:00,941 : INFO : EventManager : Event: ======'machine_var_audits_shots_rainey_multiball_ball_lock_a_target'====== Args={'value': 45, 'prev_value': None, 'change': True}
2024-08-20 21:13:00,941 : INFO : EventManager : Event: ======'machine_var_audits_shots_rainey_multiball_ball_lock_e_target'====== Args={'value': 45, 'prev_value': None, 'change': True}
2024-08-20 21:13:00,941 : INFO : EventManager : Event: ======'machine_var_audits_shots_rainey_multiball_ball_lock_n_target'====== Args={'value': 43, 'prev_value': None, 'change': True}
2024-08-20 21:13:00,941 : INFO : EventManager : Event: ======'machine_var_audits_shots_rainey_multiball_ball_lock_p2_target'====== Args={'value': 85, 'prev_value': None, 'change': True}
2024-08-20 21:13:00,941 : INFO : EventManager : Event: ======'machine_var_audits_shots_right_rollover_lane'====== Args={'value': 209, 'prev_value': None, 'change': True}
2024-08-20 21:13:00,941 : INFO : EventManager : Event: ======'machine_var_audits_shots_scoop'====== Args={'value': 257, 'prev_value': None, 'change': True}
2024-08-20 21:13:00,942 : INFO : EventManager : Event: ======'machine_var_audits_shots_scoop_mission_select'====== Args={'value': 57, 'prev_value': None, 'change': True}
2024-08-20 21:13:00,942 : INFO : EventManager : Event: ======'machine_var_audits_shots_shot_left_ramp'====== Args={'value': 17, 'prev_value': None, 'change': True}
2024-08-20 21:13:00,942 : INFO : EventManager : Event: ======'machine_var_audits_shots_shot_right_ramp'====== Args={'value': 24, 'prev_value': None, 'change': True}
2024-08-20 21:13:00,942 : INFO : EventManager : Event: ======'machine_var_audits_shots_skillshot_a_target'====== Args={'value': 76, 'prev_value': None, 'change': True}
2024-08-20 21:13:00,942 : INFO : EventManager : Event: ======'machine_var_audits_shots_skillshot_e_target'====== Args={'value': 70, 'prev_value': None, 'change': True}
2024-08-20 21:13:00,942 : INFO : EventManager : Event: ======'machine_var_audits_shots_skillshot_n_target'====== Args={'value': 55, 'prev_value': None, 'change': True}
2024-08-20 21:13:00,942 : INFO : EventManager : Event: ======'machine_var_audits_shots_skillshot_o_target'====== Args={'value': 119, 'prev_value': None, 'change': True}
2024-08-20 21:13:00,943 : INFO : EventManager : Event: ======'machine_var_audits_shots_skillshot_p2_target'====== Args={'value': 92, 'prev_value': None, 'change': True}
2024-08-20 21:13:00,943 : INFO : EventManager : Event: ======'machine_var_audits_shots_skillshot_p_target'====== Args={'value': 48, 'prev_value': None, 'change': True}
2024-08-20 21:13:00,943 : INFO : EventManager : Event: ======'machine_var_audits_shots_skillshot_r_target'====== Args={'value': 117, 'prev_value': None, 'change': True}
2024-08-20 21:13:00,943 : INFO : EventManager : Event: ======'machine_var_audits_shots_spinner'====== Args={'value': 10, 'prev_value': None, 'change': True}
2024-08-20 21:13:00,943 : INFO : EventManager : Event: ======'machine_var_audits_switches_s_a_target'====== Args={'value': 173, 'prev_value': None, 'change': True}
2024-08-20 21:13:00,943 : INFO : EventManager : Event: ======'machine_var_audits_switches_s_bottom_inline_drop'====== Args={'value': 1019, 'prev_value': None, 'change': True}
2024-08-20 21:13:00,943 : INFO : EventManager : Event: ======'machine_var_audits_switches_s_bottom_pop_bumper'====== Args={'value': 10, 'prev_value': None, 'change': True}
2024-08-20 21:13:00,944 : INFO : EventManager : Event: ======'machine_var_audits_switches_s_center_spinner'====== Args={'value': 269, 'prev_value': None, 'change': True}
2024-08-20 21:13:00,944 : INFO : EventManager : Event: ======'machine_var_audits_switches_s_e_target'====== Args={'value': 177, 'prev_value': None, 'change': True}
2024-08-20 21:13:00,944 : INFO : EventManager : Event: ======'machine_var_audits_switches_s_launch_button'====== Args={'value': 10, 'prev_value': None, 'change': True}
2024-08-20 21:13:00,944 : INFO : EventManager : Event: ======'machine_var_audits_switches_s_left_flipper'====== Args={'value': 556, 'prev_value': None, 'change': True}
2024-08-20 21:13:00,944 : INFO : EventManager : Event: ======'machine_var_audits_switches_s_left_inlane'====== Args={'value': 28, 'prev_value': None, 'change': True}
2024-08-20 21:13:00,944 : INFO : EventManager : Event: ======'machine_var_audits_switches_s_left_inner_horseshoe'====== Args={'value': 16, 'prev_value': None, 'change': True}
2024-08-20 21:13:00,945 : INFO : EventManager : Event: ======'machine_var_audits_switches_s_left_orbit_enter'====== Args={'value': 73, 'prev_value': None, 'change': True}
2024-08-20 21:13:00,945 : INFO : EventManager : Event: ======'machine_var_audits_switches_s_left_orbit_exit'====== Args={'value': 21, 'prev_value': None, 'change': True}
2024-08-20 21:13:00,945 : INFO : EventManager : Event: ======'machine_var_audits_switches_s_left_outlane'====== Args={'value': 47, 'prev_value': None, 'change': True}
2024-08-20 21:13:00,945 : INFO : EventManager : Event: ======'machine_var_audits_switches_s_left_pop_bumper'====== Args={'value': 9, 'prev_value': None, 'change': True}
2024-08-20 21:13:00,945 : INFO : EventManager : Event: ======'machine_var_audits_switches_s_left_ramp_enter'====== Args={'value': 30, 'prev_value': None, 'change': True}
2024-08-20 21:13:00,945 : INFO : EventManager : Event: ======'machine_var_audits_switches_s_left_ramp_exit'====== Args={'value': 37, 'prev_value': None, 'change': True}
2024-08-20 21:13:00,945 : INFO : EventManager : Event: ======'machine_var_audits_switches_s_left_ramp_standup'====== Args={'value': 1381, 'prev_value': None, 'change': True}
2024-08-20 21:13:00,946 : INFO : EventManager : Event: ======'machine_var_audits_switches_s_left_rollover_lane'====== Args={'value': 220, 'prev_value': None, 'change': True}
2024-08-20 21:13:00,946 : INFO : EventManager : Event: ======'machine_var_audits_switches_s_left_sling'====== Args={'value': 12, 'prev_value': None, 'change': True}
2024-08-20 21:13:00,946 : INFO : EventManager : Event: ======'machine_var_audits_switches_s_left_spinner'====== Args={'value': 143, 'prev_value': None, 'change': True}
2024-08-20 21:13:00,946 : INFO : EventManager : Event: ======'machine_var_audits_switches_s_middle_inline_drop'====== Args={'value': 1001, 'prev_value': None, 'change': True}
2024-08-20 21:13:00,947 : INFO : EventManager : Event: ======'machine_var_audits_switches_s_middle_rollover_lane'====== Args={'value': 207, 'prev_value': None, 'change': True}
2024-08-20 21:13:00,947 : INFO : EventManager : Event: ======'machine_var_audits_switches_s_n_target'====== Args={'value': 163, 'prev_value': None, 'change': True}
2024-08-20 21:13:00,947 : INFO : EventManager : Event: ======'machine_var_audits_switches_s_o_target'====== Args={'value': 330, 'prev_value': None, 'change': True}
2024-08-20 21:13:00,947 : INFO : EventManager : Event: ======'machine_var_audits_switches_s_p2_target'====== Args={'value': 165, 'prev_value': None, 'change': True}
2024-08-20 21:13:00,947 : INFO : EventManager : Event: ======'machine_var_audits_switches_s_p_target'====== Args={'value': 480, 'prev_value': None, 'change': True}
2024-08-20 21:13:00,947 : INFO : EventManager : Event: ======'machine_var_audits_switches_s_plunger'====== Args={'value': 1078, 'prev_value': None, 'change': True}
2024-08-20 21:13:00,948 : INFO : EventManager : Event: ======'machine_var_audits_switches_s_plunger_lane'====== Args={'value': 39, 'prev_value': None, 'change': True}
2024-08-20 21:13:00,948 : INFO : EventManager : Event: ======'machine_var_audits_switches_s_plunger_lane_exit'====== Args={'value': 808, 'prev_value': None, 'change': True}
2024-08-20 21:13:00,948 : INFO : EventManager : Event: ======'machine_var_audits_switches_s_r_target'====== Args={'value': 333, 'prev_value': None, 'change': True}
2024-08-20 21:13:00,948 : INFO : EventManager : Event: ======'machine_var_audits_switches_s_right_flipper'====== Args={'value': 1594, 'prev_value': None, 'change': True}
2024-08-20 21:13:00,948 : INFO : EventManager : Event: ======'machine_var_audits_switches_s_right_inlane'====== Args={'value': 24, 'prev_value': None, 'change': True}
2024-08-20 21:13:00,948 : INFO : EventManager : Event: ======'machine_var_audits_switches_s_right_inner_horseshoe'====== Args={'value': 17, 'prev_value': None, 'change': True}
2024-08-20 21:13:00,949 : INFO : EventManager : Event: ======'machine_var_audits_switches_s_right_orbit_exit'====== Args={'value': 34, 'prev_value': None, 'change': True}
2024-08-20 21:13:00,949 : INFO : EventManager : Event: ======'machine_var_audits_switches_s_right_outlane'====== Args={'value': 25, 'prev_value': None, 'change': True}
2024-08-20 21:13:00,949 : INFO : EventManager : Event: ======'machine_var_audits_switches_s_right_pop_bumper'====== Args={'value': 19, 'prev_value': None, 'change': True}
2024-08-20 21:13:00,949 : INFO : EventManager : Event: ======'machine_var_audits_switches_s_right_ramp_enter'====== Args={'value': 16, 'prev_value': None, 'change': True}
2024-08-20 21:13:00,949 : INFO : EventManager : Event: ======'machine_var_audits_switches_s_right_ramp_exit'====== Args={'value': 26, 'prev_value': None, 'change': True}
2024-08-20 21:13:00,950 : INFO : EventManager : Event: ======'machine_var_audits_switches_s_right_ramp_standup'====== Args={'value': 287, 'prev_value': None, 'change': True}
2024-08-20 21:13:00,950 : INFO : EventManager : Event: ======'machine_var_audits_switches_s_right_rollover_lane'====== Args={'value': 223, 'prev_value': None, 'change': True}
2024-08-20 21:13:00,950 : INFO : EventManager : Event: ======'machine_var_audits_switches_s_right_sling'====== Args={'value': 1, 'prev_value': None, 'change': True}
2024-08-20 21:13:00,950 : INFO : EventManager : Event: ======'machine_var_audits_switches_s_scoop'====== Args={'value': 585, 'prev_value': None, 'change': True}
2024-08-20 21:13:00,950 : INFO : EventManager : Event: ======'machine_var_audits_switches_s_start'====== Args={'value': 659, 'prev_value': None, 'change': True}
2024-08-20 21:13:00,951 : INFO : EventManager : Event: ======'machine_var_audits_switches_s_top_inline_drop'====== Args={'value': 48, 'prev_value': None, 'change': True}
2024-08-20 21:13:00,951 : INFO : EventManager : Event: ======'machine_var_audits_switches_s_trough1'====== Args={'value': 420, 'prev_value': None, 'change': True}
2024-08-20 21:13:00,951 : INFO : EventManager : Event: ======'machine_var_audits_switches_s_trough2'====== Args={'value': 36, 'prev_value': None, 'change': True}
2024-08-20 21:13:00,951 : INFO : EventManager : Event: ======'machine_var_audits_switches_s_trough3'====== Args={'value': 21, 'prev_value': None, 'change': True}
2024-08-20 21:13:00,951 : INFO : EventManager : Event: ======'machine_var_audits_switches_s_trough4'====== Args={'value': 3, 'prev_value': None, 'change': True}
2024-08-20 21:13:00,952 : INFO : EventManager : Event: ======'machine_var_audits_switches_s_trough5'====== Args={'value': 2, 'prev_value': None, 'change': True}
2024-08-20 21:13:00,952 : INFO : EventManager : Event: ======'machine_var_audits_switches_s_trough6'====== Args={'value': 1, 'prev_value': None, 'change': True}
2024-08-20 21:13:00,952 : INFO : EventManager : Event: ======'machine_var_audits_switches_s_trough_jam'====== Args={'value': 5, 'prev_value': None, 'change': True}
2024-08-20 21:13:00,952 : INFO : EventManager : Event: ======'init_phase_5'====== Args={}
2024-08-20 21:13:00,955 : INFO : EventManager : Event: ======'init_done'====== Args={}
2024-08-20 21:13:00,955 : INFO : EventManager : Event: ======'machine_reset_phase_1'====== Args={}
2024-08-20 21:13:00,959 : INFO : EventManager : Event: ======'machine_reset_phase_2'====== Args={}
2024-08-20 21:13:00,959 : INFO : BcpServer : New client connected.
2024-08-20 21:13:00,963 : INFO : EventManager : Event: ======'machine_reset_phase_3'====== Args={}
2024-08-20 21:13:00,963 : INFO : drop_target_bank.strickland_bank : All targets are already up. Will not reset bank.
2024-08-20 21:13:00,963 : INFO : EventManager : Event: ======'reset_complete'====== Args={}
2024-08-20 21:13:00,964 : INFO : EventManager : Event: ======'mode_attract_will_start'====== Args={}
2024-08-20 21:13:00,964 : INFO : Timer.attract_switch : Starting Timer.
2024-08-20 21:13:00,964 : INFO : EventManager : Event: ======'timer_attract_switch_started'====== Args={'ticks': 0, 'ticks_remaining': 46}
2024-08-20 21:13:00,964 : INFO : EventManager : Event: ======'timer_attract_switch_tick'====== Args={'ticks': 0, 'ticks_remaining': 46}
2024-08-20 21:13:00,965 : INFO : EventManager : Event: ======'mode_attract_starting'====== Args={}
2024-08-20 21:13:00,965 : INFO : Mode.attract : Started. Priority: 10
2024-08-20 21:13:00,965 : INFO : EventManager : Event: ======'modes_active_modes_changed'====== Args={}
2024-08-20 21:13:00,965 : INFO : EventManager : Event: ======'mode_attract_started'====== Args={}
2024-08-20 21:13:00,965 : INFO : EventManager : Event: ======'collecting_balls_complete'====== Args={}
2024-08-20 21:13:00,965 : INFO : Machine : Starting the main run loop.
2024-08-20 21:13:01,966 : INFO : EventManager : Event: ======'timer_attract_switch_tick'====== Args={'ticks': 1, 'ticks_remaining': 45}
2024-08-20 21:13:01,989 : INFO : EventManager : Event: ======'slide__removed'====== Args={'_from_bcp': True}
2024-08-20 21:13:02,018 : INFO : EventManager : Event: ======'slide_dtp_logo_attract_created'====== Args={'_from_bcp': True}
2024-08-20 21:13:02,018 : INFO : EventManager : Event: ======'slide_dtp_logo_attract_active'====== Args={'original_context': 'attract', 'original_calling_context': 'timer_attract_switch_tick{ticks==1}', 'cmd': 'slides_play', '_from_bcp': True}
2024-08-20 21:13:02,966 : INFO : EventManager : Event: ======'timer_attract_switch_tick'====== Args={'ticks': 2, 'ticks_remaining': 44}
2024-08-20 21:13:03,966 : INFO : EventManager : Event: ======'timer_attract_switch_tick'====== Args={'ticks': 3, 'ticks_remaining': 43}
2024-08-20 21:13:04,966 : INFO : EventManager : Event: ======'timer_attract_switch_tick'====== Args={'ticks': 4, 'ticks_remaining': 42}
2024-08-20 21:13:04,983 : INFO : EventManager : Event: ======'slide_high_scores_attract_created'====== Args={'_from_bcp': True}
2024-08-20 21:13:04,983 : INFO : EventManager : Event: ======'slide_dtp_logo_attract_inactive'====== Args={'_from_bcp': True}
2024-08-20 21:13:04,984 : INFO : EventManager : Event: ======'slide_high_scores_attract_active'====== Args={'original_context': 'attract', 'original_calling_context': 'timer_attract_switch_tick{ticks==4}', 'cmd': 'slides_play', '_from_bcp': True}
2024-08-20 21:13:04,984 : INFO : EventManager : Event: ======'slide_dtp_logo_attract_removed'====== Args={'_from_bcp': True}
2024-08-20 21:13:05,966 : INFO : EventManager : Event: ======'timer_attract_switch_tick'====== Args={'ticks': 5, 'ticks_remaining': 41}
2024-08-20 21:13:06,966 : INFO : EventManager : Event: ======'timer_attract_switch_tick'====== Args={'ticks': 6, 'ticks_remaining': 40}
2024-08-20 21:13:07,966 : INFO : EventManager : Event: ======'timer_attract_switch_tick'====== Args={'ticks': 7, 'ticks_remaining': 39}
2024-08-20 21:13:08,966 : INFO : EventManager : Event: ======'timer_attract_switch_tick'====== Args={'ticks': 8, 'ticks_remaining': 38}
2024-08-20 21:13:09,019 : INFO : EventManager : Event: ======'slide_koth_logo_attract_created'====== Args={'_from_bcp': True}
2024-08-20 21:13:09,020 : INFO : EventManager : Event: ======'slide_high_scores_attract_inactive'====== Args={'_from_bcp': True}
2024-08-20 21:13:09,020 : INFO : EventManager : Event: ======'slide_koth_logo_attract_active'====== Args={'original_context': 'attract', 'original_calling_context': 'timer_attract_switch_tick{ticks==8}', 'cmd': 'slides_play', '_from_bcp': True}
2024-08-20 21:13:09,020 : INFO : EventManager : Event: ======'slide_high_scores_attract_removed'====== Args={'_from_bcp': True}
2024-08-20 21:13:09,966 : INFO : EventManager : Event: ======'timer_attract_switch_tick'====== Args={'ticks': 9, 'ticks_remaining': 37}
2024-08-20 21:13:10,965 : INFO : EventManager : Event: ======'timer_attract_switch_tick'====== Args={'ticks': 10, 'ticks_remaining': 36}
2024-08-20 21:13:11,965 : INFO : EventManager : Event: ======'timer_attract_switch_tick'====== Args={'ticks': 11, 'ticks_remaining': 35}
2024-08-20 21:13:12,965 : INFO : EventManager : Event: ======'timer_attract_switch_tick'====== Args={'ticks': 12, 'ticks_remaining': 34}
2024-08-20 21:13:13,965 : INFO : EventManager : Event: ======'timer_attract_switch_tick'====== Args={'ticks': 13, 'ticks_remaining': 33}
2024-08-20 21:13:14,965 : INFO : EventManager : Event: ======'timer_attract_switch_tick'====== Args={'ticks': 14, 'ticks_remaining': 32}
2024-08-20 21:13:15,965 : INFO : EventManager : Event: ======'timer_attract_switch_tick'====== Args={'ticks': 15, 'ticks_remaining': 31}
2024-08-20 21:13:16,964 : INFO : EventManager : Event: ======'timer_attract_switch_tick'====== Args={'ticks': 16, 'ticks_remaining': 30}
2024-08-20 21:13:17,965 : INFO : EventManager : Event: ======'timer_attract_switch_tick'====== Args={'ticks': 17, 'ticks_remaining': 29}
2024-08-20 21:13:18,964 : INFO : EventManager : Event: ======'timer_attract_switch_tick'====== Args={'ticks': 18, 'ticks_remaining': 28}
2024-08-20 21:13:19,965 : INFO : EventManager : Event: ======'timer_attract_switch_tick'====== Args={'ticks': 19, 'ticks_remaining': 27}
2024-08-20 21:13:20,965 : INFO : EventManager : Event: ======'timer_attract_switch_tick'====== Args={'ticks': 20, 'ticks_remaining': 26}
2024-08-20 21:13:21,965 : INFO : EventManager : Event: ======'timer_attract_switch_tick'====== Args={'ticks': 21, 'ticks_remaining': 25}
2024-08-20 21:13:22,965 : INFO : EventManager : Event: ======'timer_attract_switch_tick'====== Args={'ticks': 22, 'ticks_remaining': 24}
2024-08-20 21:13:23,965 : INFO : EventManager : Event: ======'timer_attract_switch_tick'====== Args={'ticks': 23, 'ticks_remaining': 23}
2024-08-20 21:13:24,965 : INFO : EventManager : Event: ======'timer_attract_switch_tick'====== Args={'ticks': 24, 'ticks_remaining': 22}
2024-08-20 21:13:25,964 : INFO : EventManager : Event: ======'timer_attract_switch_tick'====== Args={'ticks': 25, 'ticks_remaining': 21}
2024-08-20 21:13:26,965 : INFO : EventManager : Event: ======'timer_attract_switch_tick'====== Args={'ticks': 26, 'ticks_remaining': 20}
2024-08-20 21:13:27,965 : INFO : EventManager : Event: ======'timer_attract_switch_tick'====== Args={'ticks': 27, 'ticks_remaining': 19}
2024-08-20 21:13:28,965 : INFO : EventManager : Event: ======'timer_attract_switch_tick'====== Args={'ticks': 28, 'ticks_remaining': 18}
2024-08-20 21:13:29,965 : INFO : EventManager : Event: ======'timer_attract_switch_tick'====== Args={'ticks': 29, 'ticks_remaining': 17}
2024-08-20 21:13:30,964 : INFO : EventManager : Event: ======'timer_attract_switch_tick'====== Args={'ticks': 30, 'ticks_remaining': 16}
2024-08-20 21:13:31,965 : INFO : EventManager : Event: ======'timer_attract_switch_tick'====== Args={'ticks': 31, 'ticks_remaining': 15}
2024-08-20 21:13:32,964 : INFO : EventManager : Event: ======'timer_attract_switch_tick'====== Args={'ticks': 32, 'ticks_remaining': 14}
2024-08-20 21:13:33,964 : INFO : EventManager : Event: ======'timer_attract_switch_tick'====== Args={'ticks': 33, 'ticks_remaining': 13}
2024-08-20 21:13:34,964 : INFO : EventManager : Event: ======'timer_attract_switch_tick'====== Args={'ticks': 34, 'ticks_remaining': 12}
2024-08-20 21:13:35,964 : INFO : EventManager : Event: ======'timer_attract_switch_tick'====== Args={'ticks': 35, 'ticks_remaining': 11}
2024-08-20 21:13:36,964 : INFO : EventManager : Event: ======'timer_attract_switch_tick'====== Args={'ticks': 36, 'ticks_remaining': 10}
2024-08-20 21:13:37,964 : INFO : EventManager : Event: ======'timer_attract_switch_tick'====== Args={'ticks': 37, 'ticks_remaining': 9}
2024-08-20 21:13:38,964 : INFO : EventManager : Event: ======'timer_attract_switch_tick'====== Args={'ticks': 38, 'ticks_remaining': 8}
2024-08-20 21:13:38,979 : INFO : EventManager : Event: ======'slide_koth_logo_still_created'====== Args={'_from_bcp': True}
2024-08-20 21:13:38,980 : INFO : EventManager : Event: ======'slide_koth_logo_attract_inactive'====== Args={'_from_bcp': True}
2024-08-20 21:13:38,980 : INFO : EventManager : Event: ======'slide_koth_logo_still_active'====== Args={'original_context': 'attract', 'original_calling_context': 'timer_attract_switch_tick{ticks==38}', 'cmd': 'slides_play', '_from_bcp': True}
2024-08-20 21:13:38,980 : INFO : EventManager : Event: ======'slide_koth_logo_attract_removed'====== Args={'_from_bcp': True}
2024-08-20 21:13:39,964 : INFO : EventManager : Event: ======'timer_attract_switch_tick'====== Args={'ticks': 39, 'ticks_remaining': 7}
2024-08-20 21:13:40,964 : INFO : EventManager : Event: ======'timer_attract_switch_tick'====== Args={'ticks': 40, 'ticks_remaining': 6}
2024-08-20 21:13:41,963 : INFO : EventManager : Event: ======'timer_attract_switch_tick'====== Args={'ticks': 41, 'ticks_remaining': 5}
2024-08-20 21:13:42,964 : INFO : EventManager : Event: ======'timer_attract_switch_tick'====== Args={'ticks': 42, 'ticks_remaining': 4}
2024-08-20 21:13:43,963 : INFO : EventManager : Event: ======'timer_attract_switch_tick'====== Args={'ticks': 43, 'ticks_remaining': 3}
2024-08-20 21:13:44,964 : INFO : EventManager : Event: ======'timer_attract_switch_tick'====== Args={'ticks': 44, 'ticks_remaining': 2}
2024-08-20 21:13:45,964 : INFO : EventManager : Event: ======'timer_attract_switch_tick'====== Args={'ticks': 45, 'ticks_remaining': 1}
2024-08-20 21:13:46,964 : INFO : Timer.attract_switch : Timer Complete
2024-08-20 21:13:46,964 : INFO : Timer.attract_switch : Stopping Timer
2024-08-20 21:13:46,964 : INFO : EventManager : Event: ======'timer_attract_switch_stopped'====== Args={'ticks': 46, 'ticks_remaining': 1}
2024-08-20 21:13:46,965 : INFO : EventManager : Event: ======'timer_attract_switch_complete'====== Args={'ticks': 46, 'ticks_remaining': 1}
2024-08-20 21:13:46,966 : INFO : Timer.attract_switch : Starting Timer.
2024-08-20 21:13:46,966 : INFO : EventManager : Event: ======'timer_attract_switch_started'====== Args={'ticks': 0, 'ticks_remaining': 46}
2024-08-20 21:13:46,967 : INFO : EventManager : Event: ======'timer_attract_switch_tick'====== Args={'ticks': 0, 'ticks_remaining': 46}
2024-08-20 21:13:47,967 : INFO : EventManager : Event: ======'timer_attract_switch_tick'====== Args={'ticks': 1, 'ticks_remaining': 45}
2024-08-20 21:13:47,977 : INFO : EventManager : Event: ======'slide_dtp_logo_attract_created'====== Args={'_from_bcp': True}
2024-08-20 21:13:47,977 : INFO : EventManager : Event: ======'slide_koth_logo_still_inactive'====== Args={'_from_bcp': True}
2024-08-20 21:13:47,977 : INFO : EventManager : Event: ======'slide_dtp_logo_attract_active'====== Args={'original_context': 'attract', 'original_calling_context': 'timer_attract_switch_tick{ticks==1}', 'cmd': 'slides_play', '_from_bcp': True}
2024-08-20 21:13:47,978 : INFO : EventManager : Event: ======'slide_koth_logo_still_removed'====== Args={'_from_bcp': True}
2024-08-20 21:13:48,967 : INFO : EventManager : Event: ======'timer_attract_switch_tick'====== Args={'ticks': 2, 'ticks_remaining': 44}
2024-08-20 21:13:49,967 : INFO : EventManager : Event: ======'timer_attract_switch_tick'====== Args={'ticks': 3, 'ticks_remaining': 43}
2024-08-20 21:13:50,967 : INFO : EventManager : Event: ======'timer_attract_switch_tick'====== Args={'ticks': 4, 'ticks_remaining': 42}
2024-08-20 21:13:50,980 : INFO : EventManager : Event: ======'slide_high_scores_attract_created'====== Args={'_from_bcp': True}
2024-08-20 21:13:50,980 : INFO : EventManager : Event: ======'slide_dtp_logo_attract_inactive'====== Args={'_from_bcp': True}
2024-08-20 21:13:50,980 : INFO : EventManager : Event: ======'slide_high_scores_attract_active'====== Args={'original_context': 'attract', 'original_calling_context': 'timer_attract_switch_tick{ticks==4}', 'cmd': 'slides_play', '_from_bcp': True}
2024-08-20 21:13:50,981 : INFO : EventManager : Event: ======'slide_dtp_logo_attract_removed'====== Args={'_from_bcp': True}
2024-08-20 21:13:51,967 : INFO : EventManager : Event: ======'timer_attract_switch_tick'====== Args={'ticks': 5, 'ticks_remaining': 41}
2024-08-20 21:13:52,967 : INFO : EventManager : Event: ======'timer_attract_switch_tick'====== Args={'ticks': 6, 'ticks_remaining': 40}
2024-08-20 21:13:53,967 : INFO : EventManager : Event: ======'timer_attract_switch_tick'====== Args={'ticks': 7, 'ticks_remaining': 39}
2024-08-20 21:13:54,967 : INFO : EventManager : Event: ======'timer_attract_switch_tick'====== Args={'ticks': 8, 'ticks_remaining': 38}
2024-08-20 21:13:55,001 : INFO : EventManager : Event: ======'slide_koth_logo_attract_created'====== Args={'_from_bcp': True}
2024-08-20 21:13:55,001 : INFO : EventManager : Event: ======'slide_high_scores_attract_inactive'====== Args={'_from_bcp': True}
2024-08-20 21:13:55,001 : INFO : EventManager : Event: ======'slide_koth_logo_attract_active'====== Args={'original_context': 'attract', 'original_calling_context': 'timer_attract_switch_tick{ticks==8}', 'cmd': 'slides_play', '_from_bcp': True}
2024-08-20 21:13:55,002 : INFO : EventManager : Event: ======'slide_high_scores_attract_removed'====== Args={'_from_bcp': True}
2024-08-20 21:13:55,967 : INFO : EventManager : Event: ======'timer_attract_switch_tick'====== Args={'ticks': 9, 'ticks_remaining': 37}
2024-08-20 21:13:56,966 : INFO : EventManager : Event: ======'timer_attract_switch_tick'====== Args={'ticks': 10, 'ticks_remaining': 36}
2024-08-20 21:13:57,967 : INFO : EventManager : Event: ======'timer_attract_switch_tick'====== Args={'ticks': 11, 'ticks_remaining': 35}
2024-08-20 21:13:58,967 : INFO : EventManager : Event: ======'timer_attract_switch_tick'====== Args={'ticks': 12, 'ticks_remaining': 34}
2024-08-20 21:13:59,967 : INFO : EventManager : Event: ======'timer_attract_switch_tick'====== Args={'ticks': 13, 'ticks_remaining': 33}
2024-08-20 21:14:00,966 : INFO : EventManager : Event: ======'timer_attract_switch_tick'====== Args={'ticks': 14, 'ticks_remaining': 32}
2024-08-20 21:14:01,966 : INFO : EventManager : Event: ======'timer_attract_switch_tick'====== Args={'ticks': 15, 'ticks_remaining': 31}
2024-08-20 21:14:02,966 : INFO : EventManager : Event: ======'timer_attract_switch_tick'====== Args={'ticks': 16, 'ticks_remaining': 30}
2024-08-20 21:14:03,966 : INFO : EventManager : Event: ======'timer_attract_switch_tick'====== Args={'ticks': 17, 'ticks_remaining': 29}
2024-08-20 21:14:04,966 : INFO : EventManager : Event: ======'timer_attract_switch_tick'====== Args={'ticks': 18, 'ticks_remaining': 28}
2024-08-20 21:14:05,967 : INFO : EventManager : Event: ======'timer_attract_switch_tick'====== Args={'ticks': 19, 'ticks_remaining': 27}
2024-08-20 21:14:06,966 : INFO : EventManager : Event: ======'timer_attract_switch_tick'====== Args={'ticks': 20, 'ticks_remaining': 26}
2024-08-20 21:14:07,966 : INFO : EventManager : Event: ======'timer_attract_switch_tick'====== Args={'ticks': 21, 'ticks_remaining': 25}
2024-08-20 21:14:08,966 : INFO : EventManager : Event: ======'timer_attract_switch_tick'====== Args={'ticks': 22, 'ticks_remaining': 24}
2024-08-20 21:14:09,966 : INFO : EventManager : Event: ======'timer_attract_switch_tick'====== Args={'ticks': 23, 'ticks_remaining': 23}
2024-08-20 21:14:10,966 : INFO : EventManager : Event: ======'timer_attract_switch_tick'====== Args={'ticks': 24, 'ticks_remaining': 22}
2024-08-20 21:14:11,966 : INFO : EventManager : Event: ======'timer_attract_switch_tick'====== Args={'ticks': 25, 'ticks_remaining': 21}
2024-08-20 21:14:12,966 : INFO : EventManager : Event: ======'timer_attract_switch_tick'====== Args={'ticks': 26, 'ticks_remaining': 20}
2024-08-20 21:14:13,966 : INFO : EventManager : Event: ======'timer_attract_switch_tick'====== Args={'ticks': 27, 'ticks_remaining': 19}
2024-08-20 21:14:14,966 : INFO : EventManager : Event: ======'timer_attract_switch_tick'====== Args={'ticks': 28, 'ticks_remaining': 18}
2024-08-20 21:14:15,966 : INFO : EventManager : Event: ======'timer_attract_switch_tick'====== Args={'ticks': 29, 'ticks_remaining': 17}
2024-08-20 21:14:16,966 : INFO : EventManager : Event: ======'timer_attract_switch_tick'====== Args={'ticks': 30, 'ticks_remaining': 16}
2024-08-20 21:14:17,966 : INFO : EventManager : Event: ======'timer_attract_switch_tick'====== Args={'ticks': 31, 'ticks_remaining': 15}
2024-08-20 21:14:18,966 : INFO : EventManager : Event: ======'timer_attract_switch_tick'====== Args={'ticks': 32, 'ticks_remaining': 14}
2024-08-20 21:14:19,966 : INFO : EventManager : Event: ======'timer_attract_switch_tick'====== Args={'ticks': 33, 'ticks_remaining': 13}
2024-08-20 21:14:20,966 : INFO : EventManager : Event: ======'timer_attract_switch_tick'====== Args={'ticks': 34, 'ticks_remaining': 12}
2024-08-20 21:14:21,966 : INFO : EventManager : Event: ======'timer_attract_switch_tick'====== Args={'ticks': 35, 'ticks_remaining': 11}
2024-08-20 21:14:22,966 : INFO : EventManager : Event: ======'timer_attract_switch_tick'====== Args={'ticks': 36, 'ticks_remaining': 10}
2024-08-20 21:14:23,966 : INFO : EventManager : Event: ======'timer_attract_switch_tick'====== Args={'ticks': 37, 'ticks_remaining': 9}
2024-08-20 21:14:24,966 : INFO : EventManager : Event: ======'timer_attract_switch_tick'====== Args={'ticks': 38, 'ticks_remaining': 8}
2024-08-20 21:14:24,973 : INFO : EventManager : Event: ======'slide_koth_logo_still_created'====== Args={'_from_bcp': True}
2024-08-20 21:14:24,974 : INFO : EventManager : Event: ======'slide_koth_logo_attract_inactive'====== Args={'_from_bcp': True}
2024-08-20 21:14:24,974 : INFO : EventManager : Event: ======'slide_koth_logo_still_active'====== Args={'original_context': 'attract', 'original_calling_context': 'timer_attract_switch_tick{ticks==38}', 'cmd': 'slides_play', '_from_bcp': True}
2024-08-20 21:14:24,975 : INFO : EventManager : Event: ======'slide_koth_logo_attract_removed'====== Args={'_from_bcp': True}
2024-08-20 21:14:25,966 : INFO : EventManager : Event: ======'timer_attract_switch_tick'====== Args={'ticks': 39, 'ticks_remaining': 7}
2024-08-20 21:14:26,966 : INFO : EventManager : Event: ======'timer_attract_switch_tick'====== Args={'ticks': 40, 'ticks_remaining': 6}
2024-08-20 21:14:27,966 : INFO : EventManager : Event: ======'timer_attract_switch_tick'====== Args={'ticks': 41, 'ticks_remaining': 5}
2024-08-20 21:14:28,966 : INFO : EventManager : Event: ======'timer_attract_switch_tick'====== Args={'ticks': 42, 'ticks_remaining': 4}
2024-08-20 21:14:29,966 : INFO : EventManager : Event: ======'timer_attract_switch_tick'====== Args={'ticks': 43, 'ticks_remaining': 3}
2024-08-20 21:14:30,966 : INFO : EventManager : Event: ======'timer_attract_switch_tick'====== Args={'ticks': 44, 'ticks_remaining': 2}
2024-08-20 21:14:31,966 : INFO : EventManager : Event: ======'timer_attract_switch_tick'====== Args={'ticks': 45, 'ticks_remaining': 1}
2024-08-20 21:14:32,965 : INFO : Timer.attract_switch : Timer Complete
2024-08-20 21:14:32,966 : INFO : Timer.attract_switch : Stopping Timer
2024-08-20 21:14:32,967 : INFO : EventManager : Event: ======'timer_attract_switch_stopped'====== Args={'ticks': 46, 'ticks_remaining': 1}
2024-08-20 21:14:32,967 : INFO : EventManager : Event: ======'timer_attract_switch_complete'====== Args={'ticks': 46, 'ticks_remaining': 1}
2024-08-20 21:14:32,968 : INFO : Timer.attract_switch : Starting Timer.
2024-08-20 21:14:32,969 : INFO : EventManager : Event: ======'timer_attract_switch_started'====== Args={'ticks': 0, 'ticks_remaining': 46}
2024-08-20 21:14:32,969 : INFO : EventManager : Event: ======'timer_attract_switch_tick'====== Args={'ticks': 0, 'ticks_remaining': 46}
2024-08-20 21:14:33,969 : INFO : EventManager : Event: ======'timer_attract_switch_tick'====== Args={'ticks': 1, 'ticks_remaining': 45}
2024-08-20 21:14:33,982 : INFO : EventManager : Event: ======'slide_dtp_logo_attract_created'====== Args={'_from_bcp': True}
2024-08-20 21:14:33,983 : INFO : EventManager : Event: ======'slide_koth_logo_still_inactive'====== Args={'_from_bcp': True}
2024-08-20 21:14:33,984 : INFO : EventManager : Event: ======'slide_dtp_logo_attract_active'====== Args={'original_context': 'attract', 'original_calling_context': 'timer_attract_switch_tick{ticks==1}', 'cmd': 'slides_play', '_from_bcp': True}
2024-08-20 21:14:33,984 : INFO : EventManager : Event: ======'slide_koth_logo_still_removed'====== Args={'_from_bcp': True}
2024-08-20 21:14:34,970 : INFO : EventManager : Event: ======'timer_attract_switch_tick'====== Args={'ticks': 2, 'ticks_remaining': 44}
2024-08-20 21:14:35,969 : INFO : EventManager : Event: ======'timer_attract_switch_tick'====== Args={'ticks': 3, 'ticks_remaining': 43}
2024-08-20 21:14:36,970 : INFO : EventManager : Event: ======'timer_attract_switch_tick'====== Args={'ticks': 4, 'ticks_remaining': 42}
2024-08-20 21:14:36,992 : INFO : EventManager : Event: ======'slide_high_scores_attract_created'====== Args={'_from_bcp': True}
2024-08-20 21:14:36,993 : INFO : EventManager : Event: ======'slide_dtp_logo_attract_inactive'====== Args={'_from_bcp': True}
2024-08-20 21:14:36,993 : INFO : EventManager : Event: ======'slide_high_scores_attract_active'====== Args={'original_context': 'attract', 'original_calling_context': 'timer_attract_switch_tick{ticks==4}', 'cmd': 'slides_play', '_from_bcp': True}
2024-08-20 21:14:36,994 : INFO : EventManager : Event: ======'slide_dtp_logo_attract_removed'====== Args={'_from_bcp': True}
2024-08-20 21:14:37,970 : INFO : EventManager : Event: ======'timer_attract_switch_tick'====== Args={'ticks': 5, 'ticks_remaining': 41}
2024-08-20 21:14:38,969 : INFO : EventManager : Event: ======'timer_attract_switch_tick'====== Args={'ticks': 6, 'ticks_remaining': 40}
2024-08-20 21:14:39,970 : INFO : EventManager : Event: ======'timer_attract_switch_tick'====== Args={'ticks': 7, 'ticks_remaining': 39}
2024-08-20 21:14:40,970 : INFO : EventManager : Event: ======'timer_attract_switch_tick'====== Args={'ticks': 8, 'ticks_remaining': 38}
2024-08-20 21:14:41,006 : INFO : EventManager : Event: ======'slide_koth_logo_attract_created'====== Args={'_from_bcp': True}
2024-08-20 21:14:41,006 : INFO : EventManager : Event: ======'slide_high_scores_attract_inactive'====== Args={'_from_bcp': True}
2024-08-20 21:14:41,006 : INFO : EventManager : Event: ======'slide_koth_logo_attract_active'====== Args={'original_context': 'attract', 'original_calling_context': 'timer_attract_switch_tick{ticks==8}', 'cmd': 'slides_play', '_from_bcp': True}
2024-08-20 21:14:41,007 : INFO : EventManager : Event: ======'slide_high_scores_attract_removed'====== Args={'_from_bcp': True}
2024-08-20 21:14:41,969 : INFO : EventManager : Event: ======'timer_attract_switch_tick'====== Args={'ticks': 9, 'ticks_remaining': 37}
2024-08-20 21:14:42,969 : INFO : EventManager : Event: ======'timer_attract_switch_tick'====== Args={'ticks': 10, 'ticks_remaining': 36}
2024-08-20 21:14:43,969 : INFO : EventManager : Event: ======'timer_attract_switch_tick'====== Args={'ticks': 11, 'ticks_remaining': 35}
2024-08-20 21:14:44,969 : INFO : EventManager : Event: ======'timer_attract_switch_tick'====== Args={'ticks': 12, 'ticks_remaining': 34}
2024-08-20 21:14:45,969 : INFO : EventManager : Event: ======'timer_attract_switch_tick'====== Args={'ticks': 13, 'ticks_remaining': 33}
2024-08-20 21:14:46,970 : INFO : EventManager : Event: ======'timer_attract_switch_tick'====== Args={'ticks': 14, 'ticks_remaining': 32}
2024-08-20 21:14:47,969 : INFO : EventManager : Event: ======'timer_attract_switch_tick'====== Args={'ticks': 15, 'ticks_remaining': 31}
2024-08-20 21:14:48,969 : INFO : EventManager : Event: ======'timer_attract_switch_tick'====== Args={'ticks': 16, 'ticks_remaining': 30}
2024-08-20 21:14:49,969 : INFO : EventManager : Event: ======'timer_attract_switch_tick'====== Args={'ticks': 17, 'ticks_remaining': 29}
2024-08-20 21:14:50,969 : INFO : EventManager : Event: ======'timer_attract_switch_tick'====== Args={'ticks': 18, 'ticks_remaining': 28}
2024-08-20 21:14:51,969 : INFO : EventManager : Event: ======'timer_attract_switch_tick'====== Args={'ticks': 19, 'ticks_remaining': 27}
2024-08-20 21:14:52,969 : INFO : EventManager : Event: ======'timer_attract_switch_tick'====== Args={'ticks': 20, 'ticks_remaining': 26}
2024-08-20 21:14:53,968 : INFO : EventManager : Event: ======'timer_attract_switch_tick'====== Args={'ticks': 21, 'ticks_remaining': 25}
2024-08-20 21:14:54,969 : INFO : EventManager : Event: ======'timer_attract_switch_tick'====== Args={'ticks': 22, 'ticks_remaining': 24}
2024-08-20 21:14:55,969 : INFO : EventManager : Event: ======'timer_attract_switch_tick'====== Args={'ticks': 23, 'ticks_remaining': 23}
2024-08-20 21:14:56,968 : INFO : EventManager : Event: ======'timer_attract_switch_tick'====== Args={'ticks': 24, 'ticks_remaining': 22}
2024-08-20 21:14:57,968 : INFO : EventManager : Event: ======'timer_attract_switch_tick'====== Args={'ticks': 25, 'ticks_remaining': 21}
2024-08-20 21:14:58,968 : INFO : EventManager : Event: ======'timer_attract_switch_tick'====== Args={'ticks': 26, 'ticks_remaining': 20}
2024-08-20 21:14:59,968 : INFO : EventManager : Event: ======'timer_attract_switch_tick'====== Args={'ticks': 27, 'ticks_remaining': 19}
2024-08-20 21:15:00,968 : INFO : EventManager : Event: ======'timer_attract_switch_tick'====== Args={'ticks': 28, 'ticks_remaining': 18}
2024-08-20 21:15:01,969 : INFO : EventManager : Event: ======'timer_attract_switch_tick'====== Args={'ticks': 29, 'ticks_remaining': 17}
2024-08-20 21:15:02,969 : INFO : EventManager : Event: ======'timer_attract_switch_tick'====== Args={'ticks': 30, 'ticks_remaining': 16}
2024-08-20 21:15:03,968 : INFO : EventManager : Event: ======'timer_attract_switch_tick'====== Args={'ticks': 31, 'ticks_remaining': 15}
2024-08-20 21:15:04,968 : INFO : EventManager : Event: ======'timer_attract_switch_tick'====== Args={'ticks': 32, 'ticks_remaining': 14}
2024-08-20 21:15:05,968 : INFO : EventManager : Event: ======'timer_attract_switch_tick'====== Args={'ticks': 33, 'ticks_remaining': 13}
2024-08-20 21:15:06,969 : INFO : EventManager : Event: ======'timer_attract_switch_tick'====== Args={'ticks': 34, 'ticks_remaining': 12}
2024-08-20 21:15:07,969 : INFO : EventManager : Event: ======'timer_attract_switch_tick'====== Args={'ticks': 35, 'ticks_remaining': 11}
2024-08-20 21:15:08,968 : INFO : EventManager : Event: ======'timer_attract_switch_tick'====== Args={'ticks': 36, 'ticks_remaining': 10}
2024-08-20 21:15:09,968 : INFO : EventManager : Event: ======'timer_attract_switch_tick'====== Args={'ticks': 37, 'ticks_remaining': 9}
2024-08-20 21:15:10,968 : INFO : EventManager : Event: ======'timer_attract_switch_tick'====== Args={'ticks': 38, 'ticks_remaining': 8}
2024-08-20 21:15:10,983 : INFO : EventManager : Event: ======'slide_koth_logo_still_created'====== Args={'_from_bcp': True}
2024-08-20 21:15:10,984 : INFO : EventManager : Event: ======'slide_koth_logo_attract_inactive'====== Args={'_from_bcp': True}
2024-08-20 21:15:10,985 : INFO : EventManager : Event: ======'slide_koth_logo_still_active'====== Args={'original_context': 'attract', 'original_calling_context': 'timer_attract_switch_tick{ticks==38}', 'cmd': 'slides_play', '_from_bcp': True}
2024-08-20 21:15:10,986 : INFO : EventManager : Event: ======'slide_koth_logo_attract_removed'====== Args={'_from_bcp': True}
2024-08-20 21:15:11,969 : INFO : EventManager : Event: ======'timer_attract_switch_tick'====== Args={'ticks': 39, 'ticks_remaining': 7}
2024-08-20 21:15:12,968 : INFO : EventManager : Event: ======'timer_attract_switch_tick'====== Args={'ticks': 40, 'ticks_remaining': 6}
2024-08-20 21:15:13,969 : INFO : EventManager : Event: ======'timer_attract_switch_tick'====== Args={'ticks': 41, 'ticks_remaining': 5}
2024-08-20 21:15:14,969 : INFO : EventManager : Event: ======'timer_attract_switch_tick'====== Args={'ticks': 42, 'ticks_remaining': 4}
2024-08-20 21:15:15,968 : INFO : EventManager : Event: ======'timer_attract_switch_tick'====== Args={'ticks': 43, 'ticks_remaining': 3}
2024-08-20 21:15:16,968 : INFO : EventManager : Event: ======'timer_attract_switch_tick'====== Args={'ticks': 44, 'ticks_remaining': 2}
2024-08-20 21:15:17,968 : INFO : EventManager : Event: ======'timer_attract_switch_tick'====== Args={'ticks': 45, 'ticks_remaining': 1}
2024-08-20 21:15:18,969 : INFO : Timer.attract_switch : Timer Complete
2024-08-20 21:15:18,969 : INFO : Timer.attract_switch : Stopping Timer
2024-08-20 21:15:18,970 : INFO : EventManager : Event: ======'timer_attract_switch_stopped'====== Args={'ticks': 46, 'ticks_remaining': 1}
2024-08-20 21:15:18,970 : INFO : EventManager : Event: ======'timer_attract_switch_complete'====== Args={'ticks': 46, 'ticks_remaining': 1}
2024-08-20 21:15:18,971 : INFO : Timer.attract_switch : Starting Timer.
2024-08-20 21:15:18,972 : INFO : EventManager : Event: ======'timer_attract_switch_started'====== Args={'ticks': 0, 'ticks_remaining': 46}
2024-08-20 21:15:18,972 : INFO : EventManager : Event: ======'timer_attract_switch_tick'====== Args={'ticks': 0, 'ticks_remaining': 46}
2024-08-20 21:15:19,972 : INFO : EventManager : Event: ======'timer_attract_switch_tick'====== Args={'ticks': 1, 'ticks_remaining': 45}
2024-08-20 21:15:19,980 : INFO : EventManager : Event: ======'slide_dtp_logo_attract_created'====== Args={'_from_bcp': True}
2024-08-20 21:15:19,981 : INFO : EventManager : Event: ======'slide_koth_logo_still_inactive'====== Args={'_from_bcp': True}
2024-08-20 21:15:19,982 : INFO : EventManager : Event: ======'slide_dtp_logo_attract_active'====== Args={'original_context': 'attract', 'original_calling_context': 'timer_attract_switch_tick{ticks==1}', 'cmd': 'slides_play', '_from_bcp': True}
2024-08-20 21:15:19,982 : INFO : EventManager : Event: ======'slide_koth_logo_still_removed'====== Args={'_from_bcp': True}
2024-08-20 21:15:20,973 : INFO : EventManager : Event: ======'timer_attract_switch_tick'====== Args={'ticks': 2, 'ticks_remaining': 44}
2024-08-20 21:15:21,972 : INFO : EventManager : Event: ======'timer_attract_switch_tick'====== Args={'ticks': 3, 'ticks_remaining': 43}
2024-08-20 21:15:22,972 : INFO : EventManager : Event: ======'timer_attract_switch_tick'====== Args={'ticks': 4, 'ticks_remaining': 42}
2024-08-20 21:15:22,982 : INFO : EventManager : Event: ======'slide_high_scores_attract_created'====== Args={'_from_bcp': True}
2024-08-20 21:15:22,983 : INFO : EventManager : Event: ======'slide_dtp_logo_attract_inactive'====== Args={'_from_bcp': True}
2024-08-20 21:15:22,984 : INFO : EventManager : Event: ======'slide_high_scores_attract_active'====== Args={'original_context': 'attract', 'original_calling_context': 'timer_attract_switch_tick{ticks==4}', 'cmd': 'slides_play', '_from_bcp': True}
2024-08-20 21:15:22,985 : INFO : EventManager : Event: ======'slide_dtp_logo_attract_removed'====== Args={'_from_bcp': True}
2024-08-20 21:15:23,972 : INFO : EventManager : Event: ======'timer_attract_switch_tick'====== Args={'ticks': 5, 'ticks_remaining': 41}
2024-08-20 21:15:24,972 : INFO : EventManager : Event: ======'timer_attract_switch_tick'====== Args={'ticks': 6, 'ticks_remaining': 40}
2024-08-20 21:15:25,972 : INFO : EventManager : Event: ======'timer_attract_switch_tick'====== Args={'ticks': 7, 'ticks_remaining': 39}
2024-08-20 21:15:26,972 : INFO : EventManager : Event: ======'timer_attract_switch_tick'====== Args={'ticks': 8, 'ticks_remaining': 38}
2024-08-20 21:15:27,008 : INFO : EventManager : Event: ======'slide_koth_logo_attract_created'====== Args={'_from_bcp': True}
2024-08-20 21:15:27,009 : INFO : EventManager : Event: ======'slide_high_scores_attract_inactive'====== Args={'_from_bcp': True}
2024-08-20 21:15:27,009 : INFO : EventManager : Event: ======'slide_koth_logo_attract_active'====== Args={'original_context': 'attract', 'original_calling_context': 'timer_attract_switch_tick{ticks==8}', 'cmd': 'slides_play', '_from_bcp': True}
2024-08-20 21:15:27,010 : INFO : EventManager : Event: ======'slide_high_scores_attract_removed'====== Args={'_from_bcp': True}
2024-08-20 21:15:27,972 : INFO : EventManager : Event: ======'timer_attract_switch_tick'====== Args={'ticks': 9, 'ticks_remaining': 37}
2024-08-20 21:15:28,972 : INFO : EventManager : Event: ======'timer_attract_switch_tick'====== Args={'ticks': 10, 'ticks_remaining': 36}
2024-08-20 21:15:29,972 : INFO : EventManager : Event: ======'timer_attract_switch_tick'====== Args={'ticks': 11, 'ticks_remaining': 35}
2024-08-20 21:15:30,973 : INFO : EventManager : Event: ======'timer_attract_switch_tick'====== Args={'ticks': 12, 'ticks_remaining': 34}
2024-08-20 21:15:31,972 : INFO : EventManager : Event: ======'timer_attract_switch_tick'====== Args={'ticks': 13, 'ticks_remaining': 33}
2024-08-20 21:15:32,972 : INFO : EventManager : Event: ======'timer_attract_switch_tick'====== Args={'ticks': 14, 'ticks_remaining': 32}
2024-08-20 21:15:33,972 : INFO : EventManager : Event: ======'timer_attract_switch_tick'====== Args={'ticks': 15, 'ticks_remaining': 31}
2024-08-20 21:15:34,972 : INFO : EventManager : Event: ======'timer_attract_switch_tick'====== Args={'ticks': 16, 'ticks_remaining': 30}
2024-08-20 21:15:35,973 : INFO : EventManager : Event: ======'timer_attract_switch_tick'====== Args={'ticks': 17, 'ticks_remaining': 29}
2024-08-20 21:15:36,972 : INFO : EventManager : Event: ======'timer_attract_switch_tick'====== Args={'ticks': 18, 'ticks_remaining': 28}
2024-08-20 21:15:37,972 : INFO : EventManager : Event: ======'timer_attract_switch_tick'====== Args={'ticks': 19, 'ticks_remaining': 27}
2024-08-20 21:15:38,972 : INFO : EventManager : Event: ======'timer_attract_switch_tick'====== Args={'ticks': 20, 'ticks_remaining': 26}
2024-08-20 21:15:39,972 : INFO : EventManager : Event: ======'timer_attract_switch_tick'====== Args={'ticks': 21, 'ticks_remaining': 25}
2024-08-20 21:15:40,972 : INFO : EventManager : Event: ======'timer_attract_switch_tick'====== Args={'ticks': 22, 'ticks_remaining': 24}
2024-08-20 21:15:41,972 : INFO : EventManager : Event: ======'timer_attract_switch_tick'====== Args={'ticks': 23, 'ticks_remaining': 23}
2024-08-20 21:15:42,972 : INFO : EventManager : Event: ======'timer_attract_switch_tick'====== Args={'ticks': 24, 'ticks_remaining': 22}
2024-08-20 21:15:43,972 : INFO : EventManager : Event: ======'timer_attract_switch_tick'====== Args={'ticks': 25, 'ticks_remaining': 21}
2024-08-20 21:15:44,972 : INFO : EventManager : Event: ======'timer_attract_switch_tick'====== Args={'ticks': 26, 'ticks_remaining': 20}
2024-08-20 21:15:45,972 : INFO : EventManager : Event: ======'timer_attract_switch_tick'====== Args={'ticks': 27, 'ticks_remaining': 19}
2024-08-20 21:15:46,972 : INFO : EventManager : Event: ======'timer_attract_switch_tick'====== Args={'ticks': 28, 'ticks_remaining': 18}
2024-08-20 21:15:47,971 : INFO : EventManager : Event: ======'timer_attract_switch_tick'====== Args={'ticks': 29, 'ticks_remaining': 17}
2024-08-20 21:15:48,972 : INFO : EventManager : Event: ======'timer_attract_switch_tick'====== Args={'ticks': 30, 'ticks_remaining': 16}
2024-08-20 21:15:49,972 : INFO : EventManager : Event: ======'timer_attract_switch_tick'====== Args={'ticks': 31, 'ticks_remaining': 15}
2024-08-20 21:15:50,972 : INFO : EventManager : Event: ======'timer_attract_switch_tick'====== Args={'ticks': 32, 'ticks_remaining': 14}
2024-08-20 21:15:51,971 : INFO : EventManager : Event: ======'timer_attract_switch_tick'====== Args={'ticks': 33, 'ticks_remaining': 13}
2024-08-20 21:15:52,972 : INFO : EventManager : Event: ======'timer_attract_switch_tick'====== Args={'ticks': 34, 'ticks_remaining': 12}
2024-08-20 21:15:53,972 : INFO : EventManager : Event: ======'timer_attract_switch_tick'====== Args={'ticks': 35, 'ticks_remaining': 11}
2024-08-20 21:15:54,972 : INFO : EventManager : Event: ======'timer_attract_switch_tick'====== Args={'ticks': 36, 'ticks_remaining': 10}
2024-08-20 21:15:55,972 : INFO : EventManager : Event: ======'timer_attract_switch_tick'====== Args={'ticks': 37, 'ticks_remaining': 9}
2024-08-20 21:15:56,971 : INFO : EventManager : Event: ======'timer_attract_switch_tick'====== Args={'ticks': 38, 'ticks_remaining': 8}
2024-08-20 21:15:56,982 : INFO : EventManager : Event: ======'slide_koth_logo_still_created'====== Args={'_from_bcp': True}
2024-08-20 21:15:56,983 : INFO : EventManager : Event: ======'slide_koth_logo_attract_inactive'====== Args={'_from_bcp': True}
2024-08-20 21:15:56,984 : INFO : EventManager : Event: ======'slide_koth_logo_still_active'====== Args={'original_context': 'attract', 'original_calling_context': 'timer_attract_switch_tick{ticks==38}', 'cmd': 'slides_play', '_from_bcp': True}
2024-08-20 21:15:56,984 : INFO : EventManager : Event: ======'slide_koth_logo_attract_removed'====== Args={'_from_bcp': True}
2024-08-20 21:15:57,971 : INFO : EventManager : Event: ======'timer_attract_switch_tick'====== Args={'ticks': 39, 'ticks_remaining': 7}
2024-08-20 21:15:58,971 : INFO : EventManager : Event: ======'timer_attract_switch_tick'====== Args={'ticks': 40, 'ticks_remaining': 6}
2024-08-20 21:15:59,971 : INFO : EventManager : Event: ======'timer_attract_switch_tick'====== Args={'ticks': 41, 'ticks_remaining': 5}
2024-08-20 21:16:00,971 : INFO : EventManager : Event: ======'timer_attract_switch_tick'====== Args={'ticks': 42, 'ticks_remaining': 4}
2024-08-20 21:16:01,971 : INFO : EventManager : Event: ======'timer_attract_switch_tick'====== Args={'ticks': 43, 'ticks_remaining': 3}
2024-08-20 21:16:02,971 : INFO : EventManager : Event: ======'timer_attract_switch_tick'====== Args={'ticks': 44, 'ticks_remaining': 2}
2024-08-20 21:16:03,972 : INFO : EventManager : Event: ======'timer_attract_switch_tick'====== Args={'ticks': 45, 'ticks_remaining': 1}
2024-08-20 21:16:04,971 : INFO : Timer.attract_switch : Timer Complete
2024-08-20 21:16:04,971 : INFO : Timer.attract_switch : Stopping Timer
2024-08-20 21:16:04,972 : INFO : EventManager : Event: ======'timer_attract_switch_stopped'====== Args={'ticks': 46, 'ticks_remaining': 1}
2024-08-20 21:16:04,973 : INFO : EventManager : Event: ======'timer_attract_switch_complete'====== Args={'ticks': 46, 'ticks_remaining': 1}
2024-08-20 21:16:04,973 : INFO : Timer.attract_switch : Starting Timer.
2024-08-20 21:16:04,974 : INFO : EventManager : Event: ======'timer_attract_switch_started'====== Args={'ticks': 0, 'ticks_remaining': 46}
2024-08-20 21:16:04,974 : INFO : EventManager : Event: ======'timer_attract_switch_tick'====== Args={'ticks': 0, 'ticks_remaining': 46}
2024-08-20 21:16:05,974 : INFO : EventManager : Event: ======'timer_attract_switch_tick'====== Args={'ticks': 1, 'ticks_remaining': 45}
2024-08-20 21:16:05,979 : INFO : EventManager : Event: ======'slide_dtp_logo_attract_created'====== Args={'_from_bcp': True}
2024-08-20 21:16:05,980 : INFO : EventManager : Event: ======'slide_koth_logo_still_inactive'====== Args={'_from_bcp': True}
2024-08-20 21:16:05,981 : INFO : EventManager : Event: ======'slide_dtp_logo_attract_active'====== Args={'original_context': 'attract', 'original_calling_context': 'timer_attract_switch_tick{ticks==1}', 'cmd': 'slides_play', '_from_bcp': True}
2024-08-20 21:16:05,981 : INFO : EventManager : Event: ======'slide_koth_logo_still_removed'====== Args={'_from_bcp': True}
2024-08-20 21:16:06,976 : INFO : EventManager : Event: ======'timer_attract_switch_tick'====== Args={'ticks': 2, 'ticks_remaining': 44}
2024-08-20 21:16:07,975 : INFO : EventManager : Event: ======'timer_attract_switch_tick'====== Args={'ticks': 3, 'ticks_remaining': 43}
2024-08-20 21:16:08,976 : INFO : EventManager : Event: ======'timer_attract_switch_tick'====== Args={'ticks': 4, 'ticks_remaining': 42}
2024-08-20 21:16:08,990 : INFO : EventManager : Event: ======'slide_high_scores_attract_created'====== Args={'_from_bcp': True}
2024-08-20 21:16:08,991 : INFO : EventManager : Event: ======'slide_dtp_logo_attract_inactive'====== Args={'_from_bcp': True}
2024-08-20 21:16:08,991 : INFO : EventManager : Event: ======'slide_high_scores_attract_active'====== Args={'original_context': 'attract', 'original_calling_context': 'timer_attract_switch_tick{ticks==4}', 'cmd': 'slides_play', '_from_bcp': True}
2024-08-20 21:16:08,992 : INFO : EventManager : Event: ======'slide_dtp_logo_attract_removed'====== Args={'_from_bcp': True}
2024-08-20 21:16:09,975 : INFO : EventManager : Event: ======'timer_attract_switch_tick'====== Args={'ticks': 5, 'ticks_remaining': 41}
2024-08-20 21:16:10,975 : INFO : EventManager : Event: ======'timer_attract_switch_tick'====== Args={'ticks': 6, 'ticks_remaining': 40}
2024-08-20 21:16:11,975 : INFO : EventManager : Event: ======'timer_attract_switch_tick'====== Args={'ticks': 7, 'ticks_remaining': 39}
2024-08-20 21:16:12,975 : INFO : EventManager : Event: ======'timer_attract_switch_tick'====== Args={'ticks': 8, 'ticks_remaining': 38}
2024-08-20 21:16:13,014 : INFO : EventManager : Event: ======'slide_koth_logo_attract_created'====== Args={'_from_bcp': True}
2024-08-20 21:16:13,015 : INFO : EventManager : Event: ======'slide_high_scores_attract_inactive'====== Args={'_from_bcp': True}
2024-08-20 21:16:13,015 : INFO : EventManager : Event: ======'slide_koth_logo_attract_active'====== Args={'original_context': 'attract', 'original_calling_context': 'timer_attract_switch_tick{ticks==8}', 'cmd': 'slides_play', '_from_bcp': True}
2024-08-20 21:16:13,016 : INFO : EventManager : Event: ======'slide_high_scores_attract_removed'====== Args={'_from_bcp': True}
2024-08-20 21:16:13,975 : INFO : EventManager : Event: ======'timer_attract_switch_tick'====== Args={'ticks': 9, 'ticks_remaining': 37}
2024-08-20 21:16:14,975 : INFO : EventManager : Event: ======'timer_attract_switch_tick'====== Args={'ticks': 10, 'ticks_remaining': 36}
2024-08-20 21:16:15,975 : INFO : EventManager : Event: ======'timer_attract_switch_tick'====== Args={'ticks': 11, 'ticks_remaining': 35}
2024-08-20 21:16:16,975 : INFO : EventManager : Event: ======'timer_attract_switch_tick'====== Args={'ticks': 12, 'ticks_remaining': 34}
2024-08-20 21:16:17,975 : INFO : EventManager : Event: ======'timer_attract_switch_tick'====== Args={'ticks': 13, 'ticks_remaining': 33}
2024-08-20 21:16:18,975 : INFO : EventManager : Event: ======'timer_attract_switch_tick'====== Args={'ticks': 14, 'ticks_remaining': 32}
2024-08-20 21:16:19,975 : INFO : EventManager : Event: ======'timer_attract_switch_tick'====== Args={'ticks': 15, 'ticks_remaining': 31}
2024-08-20 21:16:20,974 : INFO : EventManager : Event: ======'timer_attract_switch_tick'====== Args={'ticks': 16, 'ticks_remaining': 30}
2024-08-20 21:16:21,975 : INFO : EventManager : Event: ======'timer_attract_switch_tick'====== Args={'ticks': 17, 'ticks_remaining': 29}
2024-08-20 21:16:22,975 : INFO : EventManager : Event: ======'timer_attract_switch_tick'====== Args={'ticks': 18, 'ticks_remaining': 28}
2024-08-20 21:16:23,974 : INFO : EventManager : Event: ======'timer_attract_switch_tick'====== Args={'ticks': 19, 'ticks_remaining': 27}
2024-08-20 21:16:24,974 : INFO : EventManager : Event: ======'timer_attract_switch_tick'====== Args={'ticks': 20, 'ticks_remaining': 26}
2024-08-20 21:16:25,975 : INFO : EventManager : Event: ======'timer_attract_switch_tick'====== Args={'ticks': 21, 'ticks_remaining': 25}
2024-08-20 21:16:26,975 : INFO : EventManager : Event: ======'timer_attract_switch_tick'====== Args={'ticks': 22, 'ticks_remaining': 24}
2024-08-20 21:16:27,974 : INFO : EventManager : Event: ======'timer_attract_switch_tick'====== Args={'ticks': 23, 'ticks_remaining': 23}
2024-08-20 21:16:28,974 : INFO : EventManager : Event: ======'timer_attract_switch_tick'====== Args={'ticks': 24, 'ticks_remaining': 22}
2024-08-20 21:16:29,974 : INFO : EventManager : Event: ======'timer_attract_switch_tick'====== Args={'ticks': 25, 'ticks_remaining': 21}
2024-08-20 21:16:30,974 : INFO : EventManager : Event: ======'timer_attract_switch_tick'====== Args={'ticks': 26, 'ticks_remaining': 20}
2024-08-20 21:16:31,974 : INFO : EventManager : Event: ======'timer_attract_switch_tick'====== Args={'ticks': 27, 'ticks_remaining': 19}
2024-08-20 21:16:32,975 : INFO : EventManager : Event: ======'timer_attract_switch_tick'====== Args={'ticks': 28, 'ticks_remaining': 18}
2024-08-20 21:16:33,974 : INFO : EventManager : Event: ======'timer_attract_switch_tick'====== Args={'ticks': 29, 'ticks_remaining': 17}
2024-08-20 21:16:34,974 : INFO : EventManager : Event: ======'timer_attract_switch_tick'====== Args={'ticks': 30, 'ticks_remaining': 16}
2024-08-20 21:16:35,973 : INFO : EventManager : Event: ======'timer_attract_switch_tick'====== Args={'ticks': 31, 'ticks_remaining': 15}
2024-08-20 21:16:36,974 : INFO : EventManager : Event: ======'timer_attract_switch_tick'====== Args={'ticks': 32, 'ticks_remaining': 14}
2024-08-20 21:16:37,974 : INFO : EventManager : Event: ======'timer_attract_switch_tick'====== Args={'ticks': 33, 'ticks_remaining': 13}
2024-08-20 21:16:38,974 : INFO : EventManager : Event: ======'timer_attract_switch_tick'====== Args={'ticks': 34, 'ticks_remaining': 12}
2024-08-20 21:16:39,974 : INFO : EventManager : Event: ======'timer_attract_switch_tick'====== Args={'ticks': 35, 'ticks_remaining': 11}
2024-08-20 21:16:40,974 : INFO : EventManager : Event: ======'timer_attract_switch_tick'====== Args={'ticks': 36, 'ticks_remaining': 10}
2024-08-20 21:16:41,974 : INFO : EventManager : Event: ======'timer_attract_switch_tick'====== Args={'ticks': 37, 'ticks_remaining': 9}
2024-08-20 21:16:42,974 : INFO : EventManager : Event: ======'timer_attract_switch_tick'====== Args={'ticks': 38, 'ticks_remaining': 8}
2024-08-20 21:16:42,983 : INFO : EventManager : Event: ======'slide_koth_logo_still_created'====== Args={'_from_bcp': True}
2024-08-20 21:16:42,984 : INFO : EventManager : Event: ======'slide_koth_logo_attract_inactive'====== Args={'_from_bcp': True}
2024-08-20 21:16:42,985 : INFO : EventManager : Event: ======'slide_koth_logo_still_active'====== Args={'original_context': 'attract', 'original_calling_context': 'timer_attract_switch_tick{ticks==38}', 'cmd': 'slides_play', '_from_bcp': True}
2024-08-20 21:16:42,985 : INFO : EventManager : Event: ======'slide_koth_logo_attract_removed'====== Args={'_from_bcp': True}
2024-08-20 21:16:43,973 : INFO : EventManager : Event: ======'timer_attract_switch_tick'====== Args={'ticks': 39, 'ticks_remaining': 7}
2024-08-20 21:16:44,974 : INFO : EventManager : Event: ======'timer_attract_switch_tick'====== Args={'ticks': 40, 'ticks_remaining': 6}
2024-08-20 21:16:45,974 : INFO : EventManager : Event: ======'timer_attract_switch_tick'====== Args={'ticks': 41, 'ticks_remaining': 5}
2024-08-20 21:16:46,972 : INFO : EventManager : Event: ======'timer_attract_switch_tick'====== Args={'ticks': 42, 'ticks_remaining': 4}
2024-08-20 21:16:47,971 : INFO : EventManager : Event: ======'timer_attract_switch_tick'====== Args={'ticks': 43, 'ticks_remaining': 3}
2024-08-20 21:16:48,969 : INFO : EventManager : Event: ======'timer_attract_switch_tick'====== Args={'ticks': 44, 'ticks_remaining': 2}
2024-08-20 21:16:49,968 : INFO : EventManager : Event: ======'timer_attract_switch_tick'====== Args={'ticks': 45, 'ticks_remaining': 1}
2024-08-20 21:16:50,967 : INFO : Timer.attract_switch : Timer Complete
2024-08-20 21:16:50,967 : INFO : Timer.attract_switch : Stopping Timer
2024-08-20 21:16:50,967 : INFO : EventManager : Event: ======'timer_attract_switch_stopped'====== Args={'ticks': 46, 'ticks_remaining': 1}
2024-08-20 21:16:50,968 : INFO : EventManager : Event: ======'timer_attract_switch_complete'====== Args={'ticks': 46, 'ticks_remaining': 1}
2024-08-20 21:16:50,968 : INFO : Timer.attract_switch : Starting Timer.
2024-08-20 21:16:50,968 : INFO : EventManager : Event: ======'timer_attract_switch_started'====== Args={'ticks': 0, 'ticks_remaining': 46}
2024-08-20 21:16:50,969 : INFO : EventManager : Event: ======'timer_attract_switch_tick'====== Args={'ticks': 0, 'ticks_remaining': 46}
2024-08-20 21:16:51,968 : INFO : EventManager : Event: ======'timer_attract_switch_tick'====== Args={'ticks': 1, 'ticks_remaining': 45}
2024-08-20 21:16:51,972 : INFO : EventManager : Event: ======'slide_dtp_logo_attract_created'====== Args={'_from_bcp': True}
2024-08-20 21:16:51,973 : INFO : EventManager : Event: ======'slide_koth_logo_still_inactive'====== Args={'_from_bcp': True}
2024-08-20 21:16:51,974 : INFO : EventManager : Event: ======'slide_dtp_logo_attract_active'====== Args={'original_context': 'attract', 'original_calling_context': 'timer_attract_switch_tick{ticks==1}', 'cmd': 'slides_play', '_from_bcp': True}
2024-08-20 21:16:51,974 : INFO : EventManager : Event: ======'slide_koth_logo_still_removed'====== Args={'_from_bcp': True}
2024-08-20 21:16:52,968 : INFO : EventManager : Event: ======'timer_attract_switch_tick'====== Args={'ticks': 2, 'ticks_remaining': 44}
2024-08-20 21:16:53,967 : INFO : EventManager : Event: ======'timer_attract_switch_tick'====== Args={'ticks': 3, 'ticks_remaining': 43}
2024-08-20 21:16:54,966 : INFO : EventManager : Event: ======'timer_attract_switch_tick'====== Args={'ticks': 4, 'ticks_remaining': 42}
2024-08-20 21:16:54,986 : INFO : EventManager : Event: ======'slide_high_scores_attract_created'====== Args={'_from_bcp': True}
2024-08-20 21:16:54,986 : INFO : EventManager : Event: ======'slide_dtp_logo_attract_inactive'====== Args={'_from_bcp': True}
2024-08-20 21:16:54,987 : INFO : EventManager : Event: ======'slide_high_scores_attract_active'====== Args={'original_context': 'attract', 'original_calling_context': 'timer_attract_switch_tick{ticks==4}', 'cmd': 'slides_play', '_from_bcp': True}
2024-08-20 21:16:54,987 : INFO : EventManager : Event: ======'slide_dtp_logo_attract_removed'====== Args={'_from_bcp': True}
2024-08-20 21:16:55,965 : INFO : EventManager : Event: ======'timer_attract_switch_tick'====== Args={'ticks': 5, 'ticks_remaining': 41}
2024-08-20 21:16:56,964 : INFO : EventManager : Event: ======'timer_attract_switch_tick'====== Args={'ticks': 6, 'ticks_remaining': 40}
2024-08-20 21:16:57,963 : INFO : EventManager : Event: ======'timer_attract_switch_tick'====== Args={'ticks': 7, 'ticks_remaining': 39}
2024-08-20 21:16:58,963 : INFO : EventManager : Event: ======'timer_attract_switch_tick'====== Args={'ticks': 8, 'ticks_remaining': 38}
2024-08-20 21:16:59,000 : INFO : EventManager : Event: ======'slide_koth_logo_attract_created'====== Args={'_from_bcp': True}
2024-08-20 21:16:59,001 : INFO : EventManager : Event: ======'slide_high_scores_attract_inactive'====== Args={'_from_bcp': True}
2024-08-20 21:16:59,002 : INFO : EventManager : Event: ======'slide_koth_logo_attract_active'====== Args={'original_context': 'attract', 'original_calling_context': 'timer_attract_switch_tick{ticks==8}', 'cmd': 'slides_play', '_from_bcp': True}
2024-08-20 21:16:59,002 : INFO : EventManager : Event: ======'slide_high_scores_attract_removed'====== Args={'_from_bcp': True}
2024-08-20 21:16:59,962 : INFO : EventManager : Event: ======'timer_attract_switch_tick'====== Args={'ticks': 9, 'ticks_remaining': 37}
2024-08-20 21:17:00,961 : INFO : EventManager : Event: ======'timer_attract_switch_tick'====== Args={'ticks': 10, 'ticks_remaining': 36}
2024-08-20 21:17:01,960 : INFO : EventManager : Event: ======'timer_attract_switch_tick'====== Args={'ticks': 11, 'ticks_remaining': 35}
2024-08-20 21:17:02,128 : INFO : Machine : Shutting down...
2024-08-20 21:17:02,128 : INFO : EventManager : Event: ======'shutdown'====== Args={}
2024-08-20 21:17:02,148 : INFO : root : MPF run loop ended.
