2024-07-14 17:49:44,771 : INFO : root : Loading config.
2024-07-14 17:49:44,773 : INFO : YamlMultifileConfigLoader : Machine config file #1: config.yaml
2024-07-14 17:49:44,773 : INFO : ConfigProcessor : Loading config from cache: /var/folders/sv/d29kcl5x50v7vt1n6xb5jsd40000gn/T/c166cef8060ffee16a35821bf698da85.mpf_cache
2024-07-14 17:49:44,804 : INFO : ConfigProcessor : Loading config from cache: /var/folders/sv/d29kcl5x50v7vt1n6xb5jsd40000gn/T/6b31c5ac6ecbad948994a8204ea6b05b.mpf_cache
2024-07-14 17:49:44,805 : INFO : ConfigProcessor : Loading config from cache: /var/folders/sv/d29kcl5x50v7vt1n6xb5jsd40000gn/T/fe612d1e66c8a96c19ba449d3748eeac.mpf_cache
2024-07-14 17:49:44,805 : INFO : ConfigProcessor : Loading config from cache: /var/folders/sv/d29kcl5x50v7vt1n6xb5jsd40000gn/T/6b31c5ac6ecbad948994a8204ea6b05b.mpf_cache
2024-07-14 17:49:44,805 : WARNING : ConfigProcessor : Config file in cache changed: /Users/nicktaseris/Desktop/Pinball/KOTH/modes/bonus/config/bonus.yaml
2024-07-14 17:49:44,805 : INFO : ConfigProcessor : Loading config from file /Users/nicktaseris/mpfenv/lib/python3.9/site-packages/mpf/modes/bonus/config/bonus.yaml.
2024-07-14 17:49:44,806 : INFO : ConfigProcessor : Loading config: /Users/nicktaseris/mpfenv/lib/python3.9/site-packages/mpf/modes/bonus/config/bonus.yaml
2024-07-14 17:49:44,806 : INFO : ConfigProcessor : Loading config from file /Users/nicktaseris/Desktop/Pinball/KOTH/modes/bonus/config/bonus.yaml.
2024-07-14 17:49:44,807 : INFO : ConfigProcessor : Loading config: /Users/nicktaseris/Desktop/Pinball/KOTH/modes/bonus/config/bonus.yaml
2024-07-14 17:49:44,807 : INFO : ConfigProcessor : Config file cache created: /var/folders/sv/d29kcl5x50v7vt1n6xb5jsd40000gn/T/8765227693ecd961e0504502a81255e0.mpf_cache
2024-07-14 17:49:44,808 : INFO : ConfigProcessor : Loading config from cache: /var/folders/sv/d29kcl5x50v7vt1n6xb5jsd40000gn/T/b247728c74b4d81bcb2825e2b07062a7.mpf_cache
2024-07-14 17:49:44,808 : INFO : ConfigProcessor : Loading config from cache: /var/folders/sv/d29kcl5x50v7vt1n6xb5jsd40000gn/T/f240f94f0b5d0f37ec4fd7571275a101.mpf_cache
2024-07-14 17:49:44,808 : INFO : ConfigProcessor : Loading config from cache: /var/folders/sv/d29kcl5x50v7vt1n6xb5jsd40000gn/T/c4409acfdf3ec94666e0adef48d55400.mpf_cache
2024-07-14 17:49:44,808 : INFO : ConfigProcessor : Loading config from cache: /var/folders/sv/d29kcl5x50v7vt1n6xb5jsd40000gn/T/6a2f50ed892485825cc04dc0a68eab9f.mpf_cache
2024-07-14 17:49:44,808 : INFO : ConfigProcessor : Loading config from cache: /var/folders/sv/d29kcl5x50v7vt1n6xb5jsd40000gn/T/d58c58eb9fd1a2dc27f8acd255fb3761.mpf_cache
2024-07-14 17:49:44,809 : INFO : ConfigProcessor : Loading config from cache: /var/folders/sv/d29kcl5x50v7vt1n6xb5jsd40000gn/T/07adfd310b3ef0e03c5cbc91527abb6c.mpf_cache
2024-07-14 17:49:44,809 : INFO : ConfigProcessor : Loading config from cache: /var/folders/sv/d29kcl5x50v7vt1n6xb5jsd40000gn/T/12bd5247c3bf989b919364bdb7829769.mpf_cache
2024-07-14 17:49:44,809 : INFO : ConfigProcessor : Loading config from cache: /var/folders/sv/d29kcl5x50v7vt1n6xb5jsd40000gn/T/362e08f51a1a1b7a0809dd52f9c83f83.mpf_cache
2024-07-14 17:49:44,809 : INFO : ConfigProcessor : Loading config from cache: /var/folders/sv/d29kcl5x50v7vt1n6xb5jsd40000gn/T/e45e3bd39557ed8d0881194a7afab8f7.mpf_cache
2024-07-14 17:49:44,809 : INFO : ConfigProcessor : Loading config from cache: /var/folders/sv/d29kcl5x50v7vt1n6xb5jsd40000gn/T/331d8d1a1bc190cae8c13495e1db372f.mpf_cache
2024-07-14 17:49:44,809 : INFO : ConfigProcessor : Loading config from cache: /var/folders/sv/d29kcl5x50v7vt1n6xb5jsd40000gn/T/34853b7ed6df3aedbba239874ade5ac8.mpf_cache
2024-07-14 17:49:44,809 : INFO : ConfigProcessor : Loading config from cache: /var/folders/sv/d29kcl5x50v7vt1n6xb5jsd40000gn/T/280fd64455d0d243a54ab4db98fbccbd.mpf_cache
2024-07-14 17:49:44,810 : INFO : ConfigProcessor : Loading config from cache: /var/folders/sv/d29kcl5x50v7vt1n6xb5jsd40000gn/T/0c0596ed8fbb40b6113901d21bdc0a39.mpf_cache
2024-07-14 17:49:44,810 : INFO : ConfigProcessor : Loading config from cache: /var/folders/sv/d29kcl5x50v7vt1n6xb5jsd40000gn/T/3048ed2d7ea14eee3db896f6760aa474.mpf_cache
2024-07-14 17:49:44,810 : INFO : Machine : Mission Pinball Framework Core Engine v0.80.0.dev1
2024-07-14 17:49:44,810 : INFO : Machine : Command line arguments: {'no_load_cache': False, 'create_config_cache': True, 'bcp': True, 'configfile': ['config.yaml'], 'force_assets_load': False, 'platform_integration_test': False, 'jsonlogging': False, 'logfile': 'logs/2024-07-14-17-49-44-mpf-Nicks-MacBook-Air.local.log', 'pause': False, 'production': False, 'text_ui': True, 'loglevel': 15, 'consoleloglevel': 20, 'force_platform': None, 'syslog_address': None, 'mc_file_name': None, 'no_sound': False, 'full_logfile_path': '/Users/nicktaseris/Desktop/Pinball/KOTH/logs/2024-07-14-17-49-44-mpf-Nicks-MacBook-Air.local.log'}
2024-07-14 17:49:44,810 : INFO : Machine : MPF path: /Users/nicktaseris/mpfenv/lib/python3.9/site-packages/mpf
2024-07-14 17:49:44,810 : INFO : Machine : Machine path: /Users/nicktaseris/Desktop/Pinball/KOTH
2024-07-14 17:49:44,810 : INFO : Machine : Platform: darwin
2024-07-14 17:49:44,810 : INFO : Machine : Python executable location: /Users/nicktaseris/mpfenv/bin/python3
2024-07-14 17:49:44,810 : INFO : Machine : Python version: 3.9.13 (64-bit)
2024-07-14 17:49:44,811 : INFO : Machine : Initializing MPF...
2024-07-14 17:49:44,840 : INFO : EventManager : Event: ======'machine_var_credits_string'====== Args={'value': 'FREE PLAY', 'prev_value': None, 'change': True}
2024-07-14 17:49:44,846 : INFO : EventManager : Event: ======'machine_var_master_volume'====== Args={'value': 0.5, 'prev_value': None, 'change': True}
2024-07-14 17:49:44,846 : INFO : EventManager : Event: ======'machine_var_player1_score'====== Args={'value': 370600, 'prev_value': None, 'change': True}
2024-07-14 17:49:44,846 : INFO : EventManager : Event: ======'machine_var_mpf_version'====== Args={'value': 'Mission Pinball Framework v0.80.0.dev1', 'prev_value': None, 'change': True}
2024-07-14 17:49:44,846 : INFO : EventManager : Event: ======'machine_var_mpf_extended_version'====== Args={'value': 'Mission Pinball Framework v0.80.0.dev1, Config version:6, Show version: 6, BCP version:1.1', 'prev_value': None, 'change': True}
2024-07-14 17:49:44,846 : INFO : EventManager : Event: ======'machine_var_python_version'====== Args={'value': '3.9.13', 'prev_value': None, 'change': True}
2024-07-14 17:49:44,857 : INFO : EventManager : Event: ======'machine_var_platform'====== Args={'value': 'macOS-12.1-arm64-arm-64bit', 'prev_value': None, 'change': True}
2024-07-14 17:49:44,857 : INFO : EventManager : Event: ======'machine_var_platform_system'====== Args={'value': 'Darwin', 'prev_value': None, 'change': True}
2024-07-14 17:49:44,857 : INFO : EventManager : Event: ======'machine_var_platform_release'====== Args={'value': '21.2.0', 'prev_value': None, 'change': True}
2024-07-14 17:49:44,857 : INFO : EventManager : Event: ======'machine_var_platform_version'====== Args={'value': 'Darwin Kernel Version 21.2.0: Sun Nov 28 20:29:10 PST 2021; root:xnu-8019.61.5~1/RELEASE_ARM64_T8101', 'prev_value': None, 'change': True}
2024-07-14 17:49:44,857 : INFO : EventManager : Event: ======'machine_var_platform_machine'====== Args={'value': 'arm64', 'prev_value': None, 'change': True}
2024-07-14 17:49:44,857 : INFO : EventManager : Event: ======'machine_var_log_file_path'====== Args={'value': '/Users/nicktaseris/Desktop/Pinball/KOTH/logs/2024-07-14-17-49-44-mpf-Nicks-MacBook-Air.local.log', 'prev_value': None, 'change': True}
2024-07-14 17:49:44,857 : INFO : EventManager : Event: ======'init_phase_1'====== Args={}
2024-07-14 17:49:44,880 : INFO : EventManager : Event: ======'drop_target_bank_strickland_bank_up'====== Args={}
2024-07-14 17:49:44,881 : INFO : EventManager : Event: ======'init_phase_2'====== Args={}
2024-07-14 17:49:44,881 : INFO : SwitchController : Found active switch: ('39', <Platform.SmartVirtual>) <switch.s_trough1>
2024-07-14 17:49:44,881 : INFO : SwitchController : Found active switch: ('40', <Platform.SmartVirtual>) <switch.s_trough2>
2024-07-14 17:49:44,881 : INFO : SwitchController : Found active switch: ('41', <Platform.SmartVirtual>) <switch.s_trough3>
2024-07-14 17:49:44,881 : INFO : SwitchController : Found active switch: ('42', <Platform.SmartVirtual>) <switch.s_trough4>
2024-07-14 17:49:44,881 : INFO : SwitchController : Found active switch: ('43', <Platform.SmartVirtual>) <switch.s_trough5>
2024-07-14 17:49:44,881 : INFO : SwitchController : Found active switch: ('44', <Platform.SmartVirtual>) <switch.s_trough6>
2024-07-14 17:49:44,884 : INFO : EventManager : Event: ======'bcp_connection_attempt'====== Args={'name': 'local_display', 'host': 'localhost', 'port': 5050}
2024-07-14 17:49:44,885 : INFO : BCPClientSocket : Connecting BCP to 'local_display' at localhost:5050...
2024-07-14 17:49:44,887 : INFO : BCPClientSocket : Connected BCP to 'local_display' localhost:5050
2024-07-14 17:49:44,887 : INFO : EventManager : Event: ======'bcp_clients_connected'====== Args={}
2024-07-14 17:49:44,888 : INFO : ball_device.bd_trough : BCH: Initial count: 6
2024-07-14 17:49:44,888 : INFO : ball_device.bd_trough : State: idle
2024-07-14 17:49:44,889 : INFO : ball_device.bd_plunger : BCH: Initial count: 0
2024-07-14 17:49:44,889 : INFO : ball_device.bd_plunger : State: idle
2024-07-14 17:49:44,889 : INFO : ball_device.bd_scoop : BCH: Initial count: 0
2024-07-14 17:49:44,889 : INFO : ball_device.bd_scoop : State: idle
2024-07-14 17:49:44,893 : INFO : EventManager : Event: ======'init_phase_3'====== Args={}
2024-07-14 17:49:44,896 : INFO : EventManager : Event: ======'init_phase_4'====== Args={}
2024-07-14 17:49:44,896 : INFO : BallController : Initial balls found: 6
2024-07-14 17:49:44,897 : INFO : EventManager : Event: ======'machine_var_audits_events_game_ended'====== Args={'value': 3, 'prev_value': None, 'change': True}
2024-07-14 17:49:44,897 : INFO : EventManager : Event: ======'machine_var_audits_events_game_started'====== Args={'value': 317, 'prev_value': None, 'change': True}
2024-07-14 17:49:44,897 : INFO : EventManager : Event: ======'machine_var_audits_missing_switches_s_a_target'====== Args={'value': 5, 'prev_value': None, 'change': True}
2024-07-14 17:49:44,897 : INFO : EventManager : Event: ======'machine_var_audits_missing_switches_s_bottom_inline_drop'====== Args={'value': 62, 'prev_value': None, 'change': True}
2024-07-14 17:49:44,897 : INFO : EventManager : Event: ======'machine_var_audits_missing_switches_s_bottom_pop_bumper'====== Args={'value': 18, 'prev_value': None, 'change': True}
2024-07-14 17:49:44,897 : INFO : EventManager : Event: ======'machine_var_audits_missing_switches_s_center_spinner'====== Args={'value': 64, 'prev_value': None, 'change': True}
2024-07-14 17:49:44,897 : INFO : EventManager : Event: ======'machine_var_audits_missing_switches_s_e_target'====== Args={'value': 14, 'prev_value': None, 'change': True}
2024-07-14 17:49:44,897 : INFO : EventManager : Event: ======'machine_var_audits_missing_switches_s_left_flipper'====== Args={'value': 36, 'prev_value': None, 'change': True}
2024-07-14 17:49:44,897 : INFO : EventManager : Event: ======'machine_var_audits_missing_switches_s_left_inlane'====== Args={'value': 195, 'prev_value': None, 'change': True}
2024-07-14 17:49:44,897 : INFO : EventManager : Event: ======'machine_var_audits_missing_switches_s_left_inner_horseshoe'====== Args={'value': 73, 'prev_value': None, 'change': True}
2024-07-14 17:49:44,898 : INFO : EventManager : Event: ======'machine_var_audits_missing_switches_s_left_orbit_enter'====== Args={'value': 232, 'prev_value': None, 'change': True}
2024-07-14 17:49:44,898 : INFO : EventManager : Event: ======'machine_var_audits_missing_switches_s_left_orbit_exit'====== Args={'value': 73, 'prev_value': None, 'change': True}
2024-07-14 17:49:44,898 : INFO : EventManager : Event: ======'machine_var_audits_missing_switches_s_left_outlane'====== Args={'value': 192, 'prev_value': None, 'change': True}
2024-07-14 17:49:44,898 : INFO : EventManager : Event: ======'machine_var_audits_missing_switches_s_left_pop_bumper'====== Args={'value': 268, 'prev_value': None, 'change': True}
2024-07-14 17:49:44,898 : INFO : EventManager : Event: ======'machine_var_audits_missing_switches_s_left_ramp_enter'====== Args={'value': 131, 'prev_value': None, 'change': True}
2024-07-14 17:49:44,898 : INFO : EventManager : Event: ======'machine_var_audits_missing_switches_s_left_ramp_exit'====== Args={'value': 195, 'prev_value': None, 'change': True}
2024-07-14 17:49:44,898 : INFO : EventManager : Event: ======'machine_var_audits_missing_switches_s_left_sling'====== Args={'value': 257, 'prev_value': None, 'change': True}
2024-07-14 17:49:44,898 : INFO : EventManager : Event: ======'machine_var_audits_missing_switches_s_left_spinner'====== Args={'value': 206, 'prev_value': None, 'change': True}
2024-07-14 17:49:44,898 : INFO : EventManager : Event: ======'machine_var_audits_missing_switches_s_middle_inline_drop'====== Args={'value': 62, 'prev_value': None, 'change': True}
2024-07-14 17:49:44,898 : INFO : EventManager : Event: ======'machine_var_audits_missing_switches_s_n_target'====== Args={'value': 3, 'prev_value': None, 'change': True}
2024-07-14 17:49:44,898 : INFO : EventManager : Event: ======'machine_var_audits_missing_switches_s_o_target'====== Args={'value': 2, 'prev_value': None, 'change': True}
2024-07-14 17:49:44,898 : INFO : EventManager : Event: ======'machine_var_audits_missing_switches_s_p2_target'====== Args={'value': 9, 'prev_value': None, 'change': True}
2024-07-14 17:49:44,898 : INFO : EventManager : Event: ======'machine_var_audits_missing_switches_s_r_target'====== Args={'value': 4, 'prev_value': None, 'change': True}
2024-07-14 17:49:44,898 : INFO : EventManager : Event: ======'machine_var_audits_missing_switches_s_right_flipper'====== Args={'value': 20, 'prev_value': None, 'change': True}
2024-07-14 17:49:44,898 : INFO : EventManager : Event: ======'machine_var_audits_missing_switches_s_right_inlane'====== Args={'value': 268, 'prev_value': None, 'change': True}
2024-07-14 17:49:44,898 : INFO : EventManager : Event: ======'machine_var_audits_missing_switches_s_right_inner_horseshoe'====== Args={'value': 47, 'prev_value': None, 'change': True}
2024-07-14 17:49:44,898 : INFO : EventManager : Event: ======'machine_var_audits_missing_switches_s_right_orbit_exit'====== Args={'value': 60, 'prev_value': None, 'change': True}
2024-07-14 17:49:44,899 : INFO : EventManager : Event: ======'machine_var_audits_missing_switches_s_right_outlane'====== Args={'value': 268, 'prev_value': None, 'change': True}
2024-07-14 17:49:44,899 : INFO : EventManager : Event: ======'machine_var_audits_missing_switches_s_right_pop_bumper'====== Args={'value': 21, 'prev_value': None, 'change': True}
2024-07-14 17:49:44,899 : INFO : EventManager : Event: ======'machine_var_audits_missing_switches_s_right_ramp_enter'====== Args={'value': 22, 'prev_value': None, 'change': True}
2024-07-14 17:49:44,899 : INFO : EventManager : Event: ======'machine_var_audits_missing_switches_s_right_ramp_exit'====== Args={'value': 22, 'prev_value': None, 'change': True}
2024-07-14 17:49:44,899 : INFO : EventManager : Event: ======'machine_var_audits_missing_switches_s_right_sling'====== Args={'value': 268, 'prev_value': None, 'change': True}
2024-07-14 17:49:44,899 : INFO : EventManager : Event: ======'machine_var_audits_missing_switches_s_scoop'====== Args={'value': 11, 'prev_value': None, 'change': True}
2024-07-14 17:49:44,899 : INFO : EventManager : Event: ======'machine_var_audits_missing_switches_s_start'====== Args={'value': 12, 'prev_value': None, 'change': True}
2024-07-14 17:49:44,899 : INFO : EventManager : Event: ======'machine_var_audits_missing_switches_s_top_inline_drop'====== Args={'value': 62, 'prev_value': None, 'change': True}
2024-07-14 17:49:44,899 : INFO : EventManager : Event: ======'machine_var_audits_missing_switches_s_trough2'====== Args={'value': 194, 'prev_value': None, 'change': True}
2024-07-14 17:49:44,899 : INFO : EventManager : Event: ======'machine_var_audits_missing_switches_s_trough3'====== Args={'value': 272, 'prev_value': None, 'change': True}
2024-07-14 17:49:44,899 : INFO : EventManager : Event: ======'machine_var_audits_missing_switches_s_trough4'====== Args={'value': 272, 'prev_value': None, 'change': True}
2024-07-14 17:49:44,899 : INFO : EventManager : Event: ======'machine_var_audits_missing_switches_s_trough5'====== Args={'value': 272, 'prev_value': None, 'change': True}
2024-07-14 17:49:44,899 : INFO : EventManager : Event: ======'machine_var_audits_missing_switches_s_trough6'====== Args={'value': 272, 'prev_value': None, 'change': True}
2024-07-14 17:49:44,899 : INFO : EventManager : Event: ======'machine_var_audits_missing_switches_s_trough_jam'====== Args={'value': 205, 'prev_value': None, 'change': True}
2024-07-14 17:49:44,900 : INFO : EventManager : Event: ======'machine_var_audits_player_score'====== Args={'value': {'average': 92899, 'top': [370600, 400, 300, 250], 'total': 4}, 'prev_value': None, 'change': True}
2024-07-14 17:49:44,900 : INFO : EventManager : Event: ======'machine_var_audits_shots_a_target'====== Args={'value': 7, 'prev_value': None, 'change': True}
2024-07-14 17:49:44,900 : INFO : EventManager : Event: ======'machine_var_audits_shots_e_target'====== Args={'value': 3, 'prev_value': None, 'change': True}
2024-07-14 17:49:44,900 : INFO : EventManager : Event: ======'machine_var_audits_shots_left_rollover_lane'====== Args={'value': 116, 'prev_value': None, 'change': True}
2024-07-14 17:49:44,900 : INFO : EventManager : Event: ======'machine_var_audits_shots_middle_rollover_lane'====== Args={'value': 113, 'prev_value': None, 'change': True}
2024-07-14 17:49:44,900 : INFO : EventManager : Event: ======'machine_var_audits_shots_n_target'====== Args={'value': 9, 'prev_value': None, 'change': True}
2024-07-14 17:49:44,900 : INFO : EventManager : Event: ======'machine_var_audits_shots_o_target'====== Args={'value': 4, 'prev_value': None, 'change': True}
2024-07-14 17:49:44,900 : INFO : EventManager : Event: ======'machine_var_audits_shots_p2_target'====== Args={'value': 5, 'prev_value': None, 'change': True}
2024-07-14 17:49:44,900 : INFO : EventManager : Event: ======'machine_var_audits_shots_p_target'====== Args={'value': 8, 'prev_value': None, 'change': True}
2024-07-14 17:49:44,900 : INFO : EventManager : Event: ======'machine_var_audits_shots_qualify_o_target'====== Args={'value': 37, 'prev_value': None, 'change': True}
2024-07-14 17:49:44,900 : INFO : EventManager : Event: ======'machine_var_audits_shots_qualify_p_target'====== Args={'value': 33, 'prev_value': None, 'change': True}
2024-07-14 17:49:44,901 : INFO : EventManager : Event: ======'machine_var_audits_shots_qualify_r_target'====== Args={'value': 67, 'prev_value': None, 'change': True}
2024-07-14 17:49:44,901 : INFO : EventManager : Event: ======'machine_var_audits_shots_r_target'====== Args={'value': 14, 'prev_value': None, 'change': True}
2024-07-14 17:49:44,901 : INFO : EventManager : Event: ======'machine_var_audits_shots_right_rollover_lane'====== Args={'value': 116, 'prev_value': None, 'change': True}
2024-07-14 17:49:44,901 : INFO : EventManager : Event: ======'machine_var_audits_shots_skillshot_a_target'====== Args={'value': 37, 'prev_value': None, 'change': True}
2024-07-14 17:49:44,901 : INFO : EventManager : Event: ======'machine_var_audits_shots_skillshot_e_target'====== Args={'value': 20, 'prev_value': None, 'change': True}
2024-07-14 17:49:44,901 : INFO : EventManager : Event: ======'machine_var_audits_shots_skillshot_n_target'====== Args={'value': 23, 'prev_value': None, 'change': True}
2024-07-14 17:49:44,901 : INFO : EventManager : Event: ======'machine_var_audits_shots_skillshot_o_target'====== Args={'value': 6, 'prev_value': None, 'change': True}
2024-07-14 17:49:44,901 : INFO : EventManager : Event: ======'machine_var_audits_shots_skillshot_p2_target'====== Args={'value': 3, 'prev_value': None, 'change': True}
2024-07-14 17:49:44,901 : INFO : EventManager : Event: ======'machine_var_audits_shots_skillshot_p_target'====== Args={'value': 10, 'prev_value': None, 'change': True}
2024-07-14 17:49:44,901 : INFO : EventManager : Event: ======'machine_var_audits_shots_skillshot_r_target'====== Args={'value': 10, 'prev_value': None, 'change': True}
2024-07-14 17:49:44,902 : INFO : EventManager : Event: ======'machine_var_audits_switches_s_a_target'====== Args={'value': 76, 'prev_value': None, 'change': True}
2024-07-14 17:49:44,902 : INFO : EventManager : Event: ======'machine_var_audits_switches_s_bottom_inline_drop'====== Args={'value': 17, 'prev_value': None, 'change': True}
2024-07-14 17:49:44,902 : INFO : EventManager : Event: ======'machine_var_audits_switches_s_bottom_pop_bumper'====== Args={'value': 6, 'prev_value': None, 'change': True}
2024-07-14 17:49:44,902 : INFO : EventManager : Event: ======'machine_var_audits_switches_s_center_spinner'====== Args={'value': 3, 'prev_value': None, 'change': True}
2024-07-14 17:49:44,902 : INFO : EventManager : Event: ======'machine_var_audits_switches_s_e_target'====== Args={'value': 77, 'prev_value': None, 'change': True}
2024-07-14 17:49:44,902 : INFO : EventManager : Event: ======'machine_var_audits_switches_s_left_flipper'====== Args={'value': 127, 'prev_value': None, 'change': True}
2024-07-14 17:49:44,902 : INFO : EventManager : Event: ======'machine_var_audits_switches_s_left_inlane'====== Args={'value': 7, 'prev_value': None, 'change': True}
2024-07-14 17:49:44,902 : INFO : EventManager : Event: ======'machine_var_audits_switches_s_left_inner_horseshoe'====== Args={'value': 6, 'prev_value': None, 'change': True}
2024-07-14 17:49:44,902 : INFO : EventManager : Event: ======'machine_var_audits_switches_s_left_orbit_enter'====== Args={'value': 8, 'prev_value': None, 'change': True}
2024-07-14 17:49:44,903 : INFO : EventManager : Event: ======'machine_var_audits_switches_s_left_orbit_exit'====== Args={'value': 13, 'prev_value': None, 'change': True}
2024-07-14 17:49:44,903 : INFO : EventManager : Event: ======'machine_var_audits_switches_s_left_outlane'====== Args={'value': 15, 'prev_value': None, 'change': True}
2024-07-14 17:49:44,903 : INFO : EventManager : Event: ======'machine_var_audits_switches_s_left_pop_bumper'====== Args={'value': 2, 'prev_value': None, 'change': True}
2024-07-14 17:49:44,903 : INFO : EventManager : Event: ======'machine_var_audits_switches_s_left_ramp_enter'====== Args={'value': 9, 'prev_value': None, 'change': True}
2024-07-14 17:49:44,903 : INFO : EventManager : Event: ======'machine_var_audits_switches_s_left_ramp_exit'====== Args={'value': 3, 'prev_value': None, 'change': True}
2024-07-14 17:49:44,903 : INFO : EventManager : Event: ======'machine_var_audits_switches_s_left_ramp_standup'====== Args={'value': 335, 'prev_value': None, 'change': True}
2024-07-14 17:49:44,903 : INFO : EventManager : Event: ======'machine_var_audits_switches_s_left_rollover_lane'====== Args={'value': 121, 'prev_value': None, 'change': True}
2024-07-14 17:49:44,904 : INFO : EventManager : Event: ======'machine_var_audits_switches_s_left_sling'====== Args={'value': 10, 'prev_value': None, 'change': True}
2024-07-14 17:49:44,904 : INFO : EventManager : Event: ======'machine_var_audits_switches_s_left_spinner'====== Args={'value': 27, 'prev_value': None, 'change': True}
2024-07-14 17:49:44,904 : INFO : EventManager : Event: ======'machine_var_audits_switches_s_middle_inline_drop'====== Args={'value': 18, 'prev_value': None, 'change': True}
2024-07-14 17:49:44,904 : INFO : EventManager : Event: ======'machine_var_audits_switches_s_middle_rollover_lane'====== Args={'value': 116, 'prev_value': None, 'change': True}
2024-07-14 17:49:44,904 : INFO : EventManager : Event: ======'machine_var_audits_switches_s_n_target'====== Args={'value': 76, 'prev_value': None, 'change': True}
2024-07-14 17:49:44,904 : INFO : EventManager : Event: ======'machine_var_audits_switches_s_o_target'====== Args={'value': 82, 'prev_value': None, 'change': True}
2024-07-14 17:49:44,904 : INFO : EventManager : Event: ======'machine_var_audits_switches_s_p2_target'====== Args={'value': 23, 'prev_value': None, 'change': True}
2024-07-14 17:49:44,904 : INFO : EventManager : Event: ======'machine_var_audits_switches_s_p_target'====== Args={'value': 247, 'prev_value': None, 'change': True}
2024-07-14 17:49:44,905 : INFO : EventManager : Event: ======'machine_var_audits_switches_s_plunger'====== Args={'value': 392, 'prev_value': None, 'change': True}
2024-07-14 17:49:44,905 : INFO : EventManager : Event: ======'machine_var_audits_switches_s_plunger_lane'====== Args={'value': 39, 'prev_value': None, 'change': True}
2024-07-14 17:49:44,905 : INFO : EventManager : Event: ======'machine_var_audits_switches_s_plunger_lane_exit'====== Args={'value': 211, 'prev_value': None, 'change': True}
2024-07-14 17:49:44,905 : INFO : EventManager : Event: ======'machine_var_audits_switches_s_r_target'====== Args={'value': 104, 'prev_value': None, 'change': True}
2024-07-14 17:49:44,905 : INFO : EventManager : Event: ======'machine_var_audits_switches_s_right_flipper'====== Args={'value': 115, 'prev_value': None, 'change': True}
2024-07-14 17:49:44,905 : INFO : EventManager : Event: ======'machine_var_audits_switches_s_right_inlane'====== Args={'value': 9, 'prev_value': None, 'change': True}
2024-07-14 17:49:44,905 : INFO : EventManager : Event: ======'machine_var_audits_switches_s_right_inner_horseshoe'====== Args={'value': 5, 'prev_value': None, 'change': True}
2024-07-14 17:49:44,906 : INFO : EventManager : Event: ======'machine_var_audits_switches_s_right_orbit_exit'====== Args={'value': 33, 'prev_value': None, 'change': True}
2024-07-14 17:49:44,906 : INFO : EventManager : Event: ======'machine_var_audits_switches_s_right_outlane'====== Args={'value': 7, 'prev_value': None, 'change': True}
2024-07-14 17:49:44,906 : INFO : EventManager : Event: ======'machine_var_audits_switches_s_right_pop_bumper'====== Args={'value': 15, 'prev_value': None, 'change': True}
2024-07-14 17:49:44,906 : INFO : EventManager : Event: ======'machine_var_audits_switches_s_right_ramp_enter'====== Args={'value': 1, 'prev_value': None, 'change': True}
2024-07-14 17:49:44,906 : INFO : EventManager : Event: ======'machine_var_audits_switches_s_right_ramp_exit'====== Args={'value': 1, 'prev_value': None, 'change': True}
2024-07-14 17:49:44,906 : INFO : EventManager : Event: ======'machine_var_audits_switches_s_right_ramp_standup'====== Args={'value': 166, 'prev_value': None, 'change': True}
2024-07-14 17:49:44,906 : INFO : EventManager : Event: ======'machine_var_audits_switches_s_right_rollover_lane'====== Args={'value': 130, 'prev_value': None, 'change': True}
2024-07-14 17:49:44,907 : INFO : EventManager : Event: ======'machine_var_audits_switches_s_right_sling'====== Args={'value': 1, 'prev_value': None, 'change': True}
2024-07-14 17:49:44,907 : INFO : EventManager : Event: ======'machine_var_audits_switches_s_scoop'====== Args={'value': 64, 'prev_value': None, 'change': True}
2024-07-14 17:49:44,907 : INFO : EventManager : Event: ======'machine_var_audits_switches_s_start'====== Args={'value': 264, 'prev_value': None, 'change': True}
2024-07-14 17:49:44,907 : INFO : EventManager : Event: ======'machine_var_audits_switches_s_top_inline_drop'====== Args={'value': 12, 'prev_value': None, 'change': True}
2024-07-14 17:49:44,907 : INFO : EventManager : Event: ======'machine_var_audits_switches_s_trough1'====== Args={'value': 274, 'prev_value': None, 'change': True}
2024-07-14 17:49:44,907 : INFO : EventManager : Event: ======'machine_var_audits_switches_s_trough2'====== Args={'value': 11, 'prev_value': None, 'change': True}
2024-07-14 17:49:44,907 : INFO : EventManager : Event: ======'machine_var_audits_switches_s_trough3'====== Args={'value': 2, 'prev_value': None, 'change': True}
2024-07-14 17:49:44,908 : INFO : EventManager : Event: ======'machine_var_audits_switches_s_trough4'====== Args={'value': 2, 'prev_value': None, 'change': True}
2024-07-14 17:49:44,908 : INFO : EventManager : Event: ======'machine_var_audits_switches_s_trough5'====== Args={'value': 2, 'prev_value': None, 'change': True}
2024-07-14 17:49:44,908 : INFO : EventManager : Event: ======'machine_var_audits_switches_s_trough6'====== Args={'value': 1, 'prev_value': None, 'change': True}
2024-07-14 17:49:44,908 : INFO : EventManager : Event: ======'machine_var_audits_switches_s_trough_jam'====== Args={'value': 5, 'prev_value': None, 'change': True}
2024-07-14 17:49:44,908 : INFO : EventManager : Event: ======'init_phase_5'====== Args={}
2024-07-14 17:49:44,912 : INFO : EventManager : Event: ======'init_done'====== Args={}
2024-07-14 17:49:44,913 : INFO : BcpServer : New client connected.
2024-07-14 17:49:44,913 : INFO : EventManager : Event: ======'machine_reset_phase_1'====== Args={}
2024-07-14 17:49:44,928 : INFO : EventManager : Event: ======'machine_reset_phase_2'====== Args={}
2024-07-14 17:49:44,928 : INFO : EventManager : Event: ======'machine_reset_phase_3'====== Args={}
2024-07-14 17:49:44,928 : INFO : drop_target_bank.strickland_bank : All targets are already up. Will not reset bank.
2024-07-14 17:49:44,929 : INFO : EventManager : Event: ======'reset_complete'====== Args={}
2024-07-14 17:49:44,929 : INFO : EventManager : Event: ======'mode_attract_will_start'====== Args={}
2024-07-14 17:49:44,929 : INFO : Timer.attract_switch : Starting Timer.
2024-07-14 17:49:44,929 : INFO : EventManager : Event: ======'timer_attract_switch_started'====== Args={'ticks': 0, 'ticks_remaining': 45}
2024-07-14 17:49:44,929 : INFO : EventManager : Event: ======'timer_attract_switch_tick'====== Args={'ticks': 0, 'ticks_remaining': 45}
2024-07-14 17:49:44,929 : INFO : EventManager : Event: ======'mode_attract_starting'====== Args={}
2024-07-14 17:49:44,930 : INFO : Mode.attract : Started. Priority: 10
2024-07-14 17:49:44,930 : INFO : EventManager : Event: ======'modes_active_modes_changed'====== Args={}
2024-07-14 17:49:44,930 : INFO : EventManager : Event: ======'mode_attract_started'====== Args={}
2024-07-14 17:49:44,930 : INFO : EventManager : Event: ======'collecting_balls_complete'====== Args={}
2024-07-14 17:49:44,930 : INFO : Machine : Starting the main run loop.
2024-07-14 17:49:45,930 : INFO : EventManager : Event: ======'timer_attract_switch_tick'====== Args={'ticks': 1, 'ticks_remaining': 44}
2024-07-14 17:49:45,946 : INFO : EventManager : Event: ======'slide__removed'====== Args={'_from_bcp': True}
2024-07-14 17:49:45,970 : INFO : EventManager : Event: ======'slide_dtp_logo_attract_created'====== Args={'_from_bcp': True}
2024-07-14 17:49:45,971 : INFO : EventManager : Event: ======'slide_dtp_logo_attract_active'====== Args={'original_context': 'attract', 'original_calling_context': 'timer_attract_switch_tick{ticks==1}', 'cmd': 'slides_play', '_from_bcp': True}
2024-07-14 17:49:46,373 : INFO : SwitchController : <<<<<<< 's_start' active >>>>>>>
2024-07-14 17:49:46,498 : INFO : SwitchController : <<<<<<< 's_start' inactive >>>>>>>
2024-07-14 17:49:46,498 : INFO : EventManager : Event: ======'request_to_start_game'====== Args={}
2024-07-14 17:49:46,500 : INFO : EventManager : Event: ======'game_start'====== Args={'buttons': [], 'hold_time': 0.12432037499999993}
2024-07-14 17:49:46,501 : INFO : EventManager : Event: ======'mode_game_will_start'====== Args={'buttons': [], 'hold_time': 0.12432037499999993}
2024-07-14 17:49:46,502 : INFO : EventManager : Event: ======'mode_game_starting'====== Args={'buttons': [], 'hold_time': 0.12432037499999993}
2024-07-14 17:49:46,503 : INFO : EventManager : Event: ======'mode_attract_will_stop'====== Args={}
2024-07-14 17:49:46,503 : INFO : EventManager : Event: ======'mode_attract_stopping'====== Args={}
2024-07-14 17:49:46,504 : INFO : Mode.attract : Stopped.
2024-07-14 17:49:46,504 : INFO : EventManager : Event: ======'modes_active_modes_changed'====== Args={}
2024-07-14 17:49:46,506 : INFO : EventManager : Event: ======'mode_attract_stopped'====== Args={}
2024-07-14 17:49:46,506 : INFO : EventManager : Event: ======'clear'====== Args={'key': 'attract'}
2024-07-14 17:49:46,507 : INFO : Timer.attract_switch : Stopping Timer
2024-07-14 17:49:46,507 : INFO : EventManager : Event: ======'timer_attract_switch_stopped'====== Args={'ticks': 1, 'ticks_remaining': 44}
2024-07-14 17:49:46,508 : INFO : Mode.game : Started. Priority: 20
2024-07-14 17:49:46,508 : INFO : EventManager : Event: ======'modes_active_modes_changed'====== Args={}
2024-07-14 17:49:46,508 : INFO : EventManager : Event: ======'mode_game_started'====== Args={'buttons': [], 'hold_time': 0.12432037499999993}
2024-07-14 17:49:46,510 : INFO : EventManager : Event: ======'game_will_start'====== Args={}
2024-07-14 17:49:46,522 : INFO : EventManager : Event: ======'game_starting'====== Args={'game': <Mode.game>}
2024-07-14 17:49:46,524 : INFO : EventManager : Unordered handler for class <Auditor> on event game_ended with priority 1. Handlers: [RegisteredHandler(callback=<bound method Auditor.disable of <Auditor>>, priority=1, kwargs={}, key=UUID('a496e564-9dd6-4363-a3f8-80d2b6c10a6c'), condition=None, blocking_facility=None), RegisteredHandler(callback=<bound method Auditor._save_audits of <Auditor>>, priority=1, kwargs={}, key=UUID('4f0c3af1-de12-487e-9680-039429fa79b4'), condition=None, blocking_facility=None)]. The order of those handlers is not defined and they will be executed in random order. This might lead to race conditions and potential bugs.
2024-07-14 17:49:46,524 : INFO : EventManager : Event: ======'player_add_request'====== Args={}
2024-07-14 17:49:46,525 : INFO : EventManager : Event: ======'player_will_add'====== Args={'number': 1}
2024-07-14 17:49:46,525 : INFO : EventManager : Event: ======'player_adding'====== Args={'player': <Player 1>, 'number': 1}
2024-07-14 17:49:46,526 : INFO : EventManager : Event: ======'player_added'====== Args={'player': <Player 1>, 'num': 1}
2024-07-14 17:49:46,526 : INFO : Mode.game : Player added successfully. Total players: 1
2024-07-14 17:49:46,526 : INFO : EventManager : Event: ======'player_index'====== Args={'value': 0, 'prev_value': 0, 'change': 0, 'player_num': 1}
2024-07-14 17:49:46,527 : INFO : EventManager : Event: ======'player_number'====== Args={'value': 1, 'prev_value': 1, 'change': 0, 'player_num': 1}
2024-07-14 17:49:46,527 : INFO : EventManager : Event: ======'player_score'====== Args={'value': 0, 'prev_value': 0, 'change': 0, 'player_num': 1}
2024-07-14 17:49:46,528 : INFO : EventManager : Event: ======'game_started'====== Args={}
2024-07-14 17:49:46,529 : INFO : EventManager : Event: ======'player_turn_will_start'====== Args={'player': <Player 1>, 'number': 1}
2024-07-14 17:49:46,535 : INFO : EventManager : Event: ======'player_turn_starting'====== Args={'player': <Player 1>, 'number': 1}
2024-07-14 17:49:46,537 : INFO : EventManager : Event: ======'player_ball'====== Args={'value': 1, 'prev_value': 0, 'change': 1, 'player_num': 1}
2024-07-14 17:49:46,538 : INFO : EventManager : Event: ======'player_turn_started'====== Args={'player': <Player 1>, 'number': 1}
2024-07-14 17:49:46,544 : INFO : EventManager : Event: ======'ball_will_start'====== Args={'player': 1, 'ball': 1, 'balls_remaining': 2, 'is_extra_ball': False}
2024-07-14 17:49:46,544 : INFO : EventManager : Event: ======'ball_starting'====== Args={'player': 1, 'ball': 1, 'balls_remaining': 2, 'is_extra_ball': False}
2024-07-14 17:49:46,545 : INFO : EventManager : Event: ======'mode_skillshot_will_start'====== Args={'queue': <QueuedEvent>, 'player': 1, 'ball': 1, 'balls_remaining': 2, 'is_extra_ball': False}
2024-07-14 17:49:46,545 : INFO : EventManager : Event: ======'skillshot_complete'====== Args={'state': 'None'}
2024-07-14 17:49:46,545 : INFO : EventManager : Event: ======'skillshot_None_complete'====== Args={}
2024-07-14 17:49:46,546 : INFO : EventManager : Event: ======'player_shot_skillshot_p_target_enabled'====== Args={'value': True, 'prev_value': 0, 'change': 1, 'player_num': 1}
2024-07-14 17:49:46,547 : INFO : EventManager : Event: ======'player_shot_skillshot_r_target_enabled'====== Args={'value': True, 'prev_value': 0, 'change': 1, 'player_num': 1}
2024-07-14 17:49:46,547 : INFO : EventManager : Event: ======'player_shot_skillshot_o_target_enabled'====== Args={'value': True, 'prev_value': 0, 'change': 1, 'player_num': 1}
2024-07-14 17:49:46,547 : INFO : EventManager : Event: ======'player_shot_skillshot_p2_target_enabled'====== Args={'value': True, 'prev_value': 0, 'change': 1, 'player_num': 1}
2024-07-14 17:49:46,548 : INFO : EventManager : Event: ======'player_shot_skillshot_a_target_enabled'====== Args={'value': True, 'prev_value': 0, 'change': 1, 'player_num': 1}
2024-07-14 17:49:46,548 : INFO : EventManager : Event: ======'player_shot_skillshot_n_target_enabled'====== Args={'value': True, 'prev_value': 0, 'change': 1, 'player_num': 1}
2024-07-14 17:49:46,549 : INFO : EventManager : Event: ======'player_shot_skillshot_e_target_enabled'====== Args={'value': True, 'prev_value': 0, 'change': 1, 'player_num': 1}
2024-07-14 17:49:46,549 : INFO : EventManager : Event: ======'player_skillshot_skillshot_rotate_tick'====== Args={'value': 0, 'prev_value': 0, 'change': 0, 'player_num': 1}
2024-07-14 17:49:46,549 : INFO : Timer.skillshot_rotate : Starting Timer.
2024-07-14 17:49:46,550 : INFO : EventManager : Event: ======'timer_skillshot_rotate_started'====== Args={'ticks': 0, 'ticks_remaining': 0}
2024-07-14 17:49:46,550 : INFO : EventManager : Event: ======'timer_skillshot_rotate_tick'====== Args={'ticks': 0, 'ticks_remaining': 0}
2024-07-14 17:49:46,551 : INFO : EventManager : Event: ======'mode_skillshot_starting'====== Args={'queue': <QueuedEvent>, 'player': 1, 'ball': 1, 'balls_remaining': 2, 'is_extra_ball': False}
2024-07-14 17:49:46,551 : INFO : drop_target_bank.strickland_bank : All targets are already up. Will not reset bank.
2024-07-14 17:49:46,551 : INFO : EventManager : Event: ======'cmd_flippers_enable'====== Args={'priority': 0}
2024-07-14 17:49:46,551 : INFO : EventManager : Event: ======'cmd_autofire_coils_enable'====== Args={'priority': 0}
2024-07-14 17:49:46,551 : INFO : EventManager : Event: ======'cmd_drop_targets_reset'====== Args={'priority': 0}
2024-07-14 17:49:46,552 : INFO : Mode.skillshot : Started. Priority: 200
2024-07-14 17:49:46,552 : INFO : EventManager : Event: ======'modes_active_modes_changed'====== Args={}
2024-07-14 17:49:46,552 : INFO : EventManager : Event: ======'mode_skillshot_started'====== Args={'queue': <QueuedEvent>, 'player': 1, 'ball': 1, 'balls_remaining': 2, 'is_extra_ball': False}
2024-07-14 17:49:46,552 : INFO : EventManager : Event: ======'player_shot_skillshot_p_target'====== Args={'value': 1, 'prev_value': 0, 'change': 1, 'player_num': 1}
2024-07-14 17:49:46,553 : INFO : EventManager : Event: ======'balls_in_play'====== Args={'balls': 1}
2024-07-14 17:49:46,553 : INFO : EventManager : Event: ======'ball_started'====== Args={'player': 1, 'ball': 1, 'balls_remaining': 2, 'is_extra_ball': False}
2024-07-14 17:49:46,553 : INFO : EventManager : Event: ======'mode_BBQ_rollover_will_start'====== Args={'player': 1, 'ball': 1, 'balls_remaining': 2, 'is_extra_ball': False}
2024-07-14 17:49:46,554 : INFO : EventManager : Event: ======'player_shot_left_rollover_lane_enabled'====== Args={'value': True, 'prev_value': 0, 'change': 1, 'player_num': 1}
2024-07-14 17:49:46,554 : INFO : EventManager : Event: ======'player_shot_middle_rollover_lane_enabled'====== Args={'value': True, 'prev_value': 0, 'change': 1, 'player_num': 1}
2024-07-14 17:49:46,554 : INFO : EventManager : Event: ======'player_shot_right_rollover_lane_enabled'====== Args={'value': True, 'prev_value': 0, 'change': 1, 'player_num': 1}
2024-07-14 17:49:46,555 : INFO : EventManager : Event: ======'BBQ_lanes_complete'====== Args={'state': 'unlit'}
2024-07-14 17:49:46,555 : INFO : EventManager : Event: ======'BBQ_lanes_unlit_complete'====== Args={}
2024-07-14 17:49:46,556 : INFO : EventManager : Event: ======'mode_BBQ_rollover_starting'====== Args={'player': 1, 'ball': 1, 'balls_remaining': 2, 'is_extra_ball': False}
2024-07-14 17:49:46,556 : INFO : EventManager : Event: ======'mode_base_will_start'====== Args={'player': 1, 'ball': 1, 'balls_remaining': 2, 'is_extra_ball': False}
2024-07-14 17:49:46,556 : INFO : EventManager : Event: ======'player_shot_qualify_p_target_enabled'====== Args={'value': True, 'prev_value': 0, 'change': 1, 'player_num': 1}
2024-07-14 17:49:46,557 : INFO : EventManager : Event: ======'player_shot_qualify_r_target_enabled'====== Args={'value': True, 'prev_value': 0, 'change': 1, 'player_num': 1}
2024-07-14 17:49:46,557 : INFO : EventManager : Event: ======'player_shot_qualify_o_target_enabled'====== Args={'value': True, 'prev_value': 0, 'change': 1, 'player_num': 1}
2024-07-14 17:49:46,557 : INFO : EventManager : Event: ======'qualify_mission_complete'====== Args={'state': 'unlit'}
2024-07-14 17:49:46,557 : INFO : EventManager : Event: ======'qualify_mission_unlit_complete'====== Args={}
2024-07-14 17:49:46,559 : INFO : EventManager : Event: ======'mode_base_starting'====== Args={'player': 1, 'ball': 1, 'balls_remaining': 2, 'is_extra_ball': False}
2024-07-14 17:49:46,560 : INFO : Mode.base : Started. Priority: 100
2024-07-14 17:49:46,560 : INFO : EventManager : Event: ======'modes_active_modes_changed'====== Args={}
2024-07-14 17:49:46,561 : INFO : EventManager : Event: ======'mode_base_started'====== Args={'player': 1, 'ball': 1, 'balls_remaining': 2, 'is_extra_ball': False}
2024-07-14 17:49:46,561 : INFO : EventManager : Event: ======'ball_save_default_enabled'====== Args={}
2024-07-14 17:49:46,561 : INFO : EventManager : Event: ======'logicblock_lb_BBQ_complete_count_updated'====== Args={'value': 1, 'enabled': True}
2024-07-14 17:49:46,561 : INFO : EventManager : Event: ======'logicblock_lb_BBQ_complete_count_updated'====== Args={'value': 1, 'enabled': True}
2024-07-14 17:49:46,562 : INFO : Mode.BBQ_rollover : Started. Priority: 600
2024-07-14 17:49:46,562 : INFO : EventManager : Event: ======'modes_active_modes_changed'====== Args={}
2024-07-14 17:49:46,562 : INFO : EventManager : Event: ======'mode_BBQ_rollover_started'====== Args={'player': 1, 'ball': 1, 'balls_remaining': 2, 'is_extra_ball': False}
2024-07-14 17:49:46,562 : INFO : EventManager : Event: ======'player_pf_multiplier'====== Args={'value': 1, 'prev_value': 0, 'change': 1, 'player_num': 1, 'source': 'BBQ_rollover'}
2024-07-14 17:49:46,562 : INFO : EventManager : Event: ======'single_player_ball_started'====== Args={}
2024-07-14 17:49:46,562 : INFO : EventManager : Event: ======'ball_start_target'====== Args={'target': 'playfield'}
2024-07-14 17:49:46,562 : INFO : ball_device.bd_plunger : Setting up player-controlled eject. Balls: 1, Target: <playfield.playfield>, player_controlled_eject_event: None
2024-07-14 17:49:46,563 : INFO : EventManager : Event: ======'balldevice_balls_available'====== Args={}
2024-07-14 17:49:46,568 : INFO : ball_device.bd_trough : State: waiting_for_target_ready
2024-07-14 17:49:46,568 : INFO : EventManager : Event: ======'balldevice_bd_trough_ball_eject_attempt'====== Args={'balls': 1, 'target': <ball_device.bd_plunger>, 'source': <ball_device.bd_trough>, 'mechanical_eject': True, 'num_attempts': 0}
2024-07-14 17:49:46,568 : INFO : ball_device.bd_plunger : State: waiting_for_ball
2024-07-14 17:49:46,568 : INFO : ball_device.bd_trough : State: ejecting
2024-07-14 17:49:46,569 : INFO : ball_device.bd_trough : Ejecting ball to <ball_device.bd_plunger>
2024-07-14 17:49:46,569 : INFO : EventManager : Event: ======'balldevice_bd_trough_ejecting_ball'====== Args={'balls': 1, 'target': <ball_device.bd_plunger>, 'source': <ball_device.bd_trough>, 'mechanical_eject': True, 'num_attempts': 0}
2024-07-14 17:49:46,569 : INFO : ball_device.bd_trough : Wait for ball to leave device
2024-07-14 17:49:46,569 : INFO : coil.c_trough_eject : Pulsing Driver for 20ms (1.0 pulse_power)
2024-07-14 17:49:46,569 : INFO : SwitchController : <<<<<<< 's_trough1' inactive >>>>>>>
2024-07-14 17:49:46,570 : INFO : ball_device.bd_trough : State: ball_left
2024-07-14 17:49:46,570 : INFO : ball_device.bd_trough : Ball left
2024-07-14 17:49:46,570 : INFO : ball_device.bd_trough : Wait for confirm with timeout 3.0
2024-07-14 17:49:46,575 : INFO : EventManager : Event: ======'slide_skillshot_created'====== Args={'_from_bcp': True}
2024-07-14 17:49:46,575 : INFO : EventManager : Event: ======'slide_dtp_logo_attract_inactive'====== Args={'_from_bcp': True}
2024-07-14 17:49:46,575 : INFO : EventManager : Event: ======'slide_skillshot_active'====== Args={'original_context': 'skillshot', 'original_calling_context': 'mode_skillshot_started', 'queue': '<QueuedEvent>', 'cmd': 'slides_play', '_from_bcp': True}
2024-07-14 17:49:46,575 : INFO : EventManager : Event: ======'slide_dtp_logo_attract_removed'====== Args={'_from_bcp': True}
2024-07-14 17:49:46,590 : INFO : EventManager : Event: ======'slide_base_created'====== Args={'_from_bcp': True}
2024-07-14 17:49:46,671 : INFO : SwitchController : <<<<<<< 's_plunger' active >>>>>>>
2024-07-14 17:49:46,671 : INFO : EventManager : Event: ======'machine_var_audits_switches_s_plunger'====== Args={'value': 393, 'prev_value': 392, 'change': 1}
2024-07-14 17:49:47,172 : INFO : ball_device.bd_plunger : Received ball from <ball_device.bd_trough>
2024-07-14 17:49:47,172 : INFO : EventManager : Event: ======'balldevice_bd_plunger_ball_enter'====== Args={'new_balls': 1, 'unclaimed_balls': 0, 'new_available_balls': 0, 'device': <ball_device.bd_plunger>}
2024-07-14 17:49:47,174 : INFO : EventManager : Event: ======'balldevice_bd_plunger_ball_entered'====== Args={'new_balls': 0, 'device': <ball_device.bd_plunger>}
2024-07-14 17:49:47,174 : INFO : EventManager : Event: ======'balldevice_bd_plunger_ball_count_changed'====== Args={'balls': 1}
2024-07-14 17:49:47,174 : INFO : ball_device.bd_trough : Got eject confirm
2024-07-14 17:49:47,175 : INFO : ball_device.bd_trough : Eject successful
2024-07-14 17:49:47,175 : INFO : EventManager : Event: ======'balldevice_bd_trough_ball_eject_success'====== Args={'balls': 1, 'target': <ball_device.bd_plunger>}
2024-07-14 17:49:47,175 : INFO : EventManager : Event: ======'balldevice_bd_trough_ball_count_changed'====== Args={'balls': 5}
2024-07-14 17:49:47,176 : INFO : ball_device.bd_trough : State: idle
2024-07-14 17:49:47,176 : INFO : ball_device.bd_plunger : State: waiting_for_target_ready
2024-07-14 17:49:47,176 : INFO : EventManager : Event: ======'balldevice_bd_plunger_ball_eject_attempt'====== Args={'balls': 1, 'target': <playfield.playfield>, 'source': <ball_device.bd_plunger>, 'mechanical_eject': True, 'num_attempts': 0}
2024-07-14 17:49:47,177 : INFO : ball_device.bd_plunger : State: ejecting
2024-07-14 17:49:47,177 : INFO : ball_device.bd_plunger : Ejecting ball to <playfield.playfield>
2024-07-14 17:49:47,178 : INFO : EventManager : Event: ======'balldevice_bd_plunger_ejecting_ball'====== Args={'balls': 1, 'target': <playfield.playfield>, 'source': <ball_device.bd_plunger>, 'mechanical_eject': True, 'num_attempts': 0}
2024-07-14 17:49:47,179 : INFO : ball_device.bd_plunger : Wait for ball to leave device
2024-07-14 17:49:47,555 : INFO : EventManager : Event: ======'player_skillshot_skillshot_rotate_tick'====== Args={'value': 1, 'prev_value': 0, 'change': 1, 'player_num': 1}
2024-07-14 17:49:47,564 : INFO : EventManager : Event: ======'timer_skillshot_rotate_tick'====== Args={'ticks': 1, 'ticks_remaining': 0}
2024-07-14 17:49:47,565 : INFO : EventManager : Event: ======'player_shot_skillshot_p_target'====== Args={'value': 0, 'prev_value': 1, 'change': -1, 'player_num': 1}
2024-07-14 17:49:47,566 : INFO : EventManager : Event: ======'player_shot_skillshot_r_target'====== Args={'value': 1, 'prev_value': 0, 'change': 1, 'player_num': 1}
2024-07-14 17:49:48,314 : WARNING : SwitchController : Received duplicate switch state 1 for switch s_plunger from the platform interface. Log Code: Log-SwitchController-1 (https://missionpinball.org/logs)
2024-07-14 17:49:48,530 : INFO : SwitchController : <<<<<<< 's_plunger' inactive >>>>>>>
2024-07-14 17:49:48,531 : INFO : ball_device.bd_plunger : State: ball_left
2024-07-14 17:49:48,531 : INFO : ball_device.bd_plunger : Ball left
2024-07-14 17:49:48,532 : INFO : ball_device.bd_plunger : Wait for confirm with timeout 3.0
2024-07-14 17:49:48,554 : INFO : EventManager : Event: ======'player_skillshot_skillshot_rotate_tick'====== Args={'value': 2, 'prev_value': 1, 'change': 1, 'player_num': 1}
2024-07-14 17:49:48,555 : INFO : EventManager : Event: ======'timer_skillshot_rotate_tick'====== Args={'ticks': 2, 'ticks_remaining': 0}
2024-07-14 17:49:48,556 : INFO : EventManager : Event: ======'player_shot_skillshot_r_target'====== Args={'value': 0, 'prev_value': 1, 'change': -1, 'player_num': 1}
2024-07-14 17:49:48,557 : INFO : EventManager : Event: ======'player_shot_skillshot_o_target'====== Args={'value': 1, 'prev_value': 0, 'change': 1, 'player_num': 1}
2024-07-14 17:49:49,550 : INFO : EventManager : Event: ======'player_skillshot_skillshot_rotate_tick'====== Args={'value': 3, 'prev_value': 2, 'change': 1, 'player_num': 1}
2024-07-14 17:49:49,551 : INFO : EventManager : Event: ======'timer_skillshot_rotate_tick'====== Args={'ticks': 3, 'ticks_remaining': 0}
2024-07-14 17:49:49,552 : INFO : EventManager : Event: ======'player_shot_skillshot_o_target'====== Args={'value': 0, 'prev_value': 1, 'change': -1, 'player_num': 1}
2024-07-14 17:49:49,553 : INFO : EventManager : Event: ======'player_shot_skillshot_p2_target'====== Args={'value': 1, 'prev_value': 0, 'change': 1, 'player_num': 1}
2024-07-14 17:49:50,551 : INFO : EventManager : Event: ======'player_skillshot_skillshot_rotate_tick'====== Args={'value': 4, 'prev_value': 3, 'change': 1, 'player_num': 1}
2024-07-14 17:49:50,552 : INFO : EventManager : Event: ======'timer_skillshot_rotate_tick'====== Args={'ticks': 4, 'ticks_remaining': 0}
2024-07-14 17:49:50,554 : INFO : EventManager : Event: ======'player_shot_skillshot_p2_target'====== Args={'value': 0, 'prev_value': 1, 'change': -1, 'player_num': 1}
2024-07-14 17:49:50,555 : INFO : EventManager : Event: ======'player_shot_skillshot_a_target'====== Args={'value': 1, 'prev_value': 0, 'change': 1, 'player_num': 1}
2024-07-14 17:49:51,532 : INFO : ball_device.bd_plunger : State: failed_confirm
2024-07-14 17:49:51,533 : INFO : ball_device.bd_plunger : Got timeout (3.0s) before confirm from <playfield.playfield>
2024-07-14 17:49:51,551 : INFO : EventManager : Event: ======'player_skillshot_skillshot_rotate_tick'====== Args={'value': 5, 'prev_value': 4, 'change': 1, 'player_num': 1}
2024-07-14 17:49:51,553 : INFO : EventManager : Event: ======'timer_skillshot_rotate_tick'====== Args={'ticks': 5, 'ticks_remaining': 0}
2024-07-14 17:49:51,554 : INFO : EventManager : Event: ======'player_shot_skillshot_a_target'====== Args={'value': 0, 'prev_value': 1, 'change': -1, 'player_num': 1}
2024-07-14 17:49:51,555 : INFO : EventManager : Event: ======'player_shot_skillshot_n_target'====== Args={'value': 1, 'prev_value': 0, 'change': 1, 'player_num': 1}
2024-07-14 17:49:51,635 : INFO : ball_device.bd_plunger : Confirming eject because target is playfield and ball did not return.
2024-07-14 17:49:51,635 : INFO : ball_device.bd_plunger : Eject successful
2024-07-14 17:49:51,635 : INFO : EventManager : Event: ======'balldevice_bd_plunger_ball_eject_success'====== Args={'balls': 1, 'target': <playfield.playfield>}
2024-07-14 17:49:51,636 : INFO : EventManager : Event: ======'balldevice_playfield_ball_enter'====== Args={'new_balls': 1, 'unclaimed_balls': 1, 'device': <playfield.playfield>}
2024-07-14 17:49:51,636 : INFO : EventManager : Event: ======'playfield_ball_count_change'====== Args={'balls': 1, 'change': 1}
2024-07-14 17:49:51,637 : INFO : EventManager : Event: ======'balldevice_bd_plunger_ball_count_changed'====== Args={'balls': 0}
2024-07-14 17:49:51,637 : INFO : ball_device.bd_plunger : State: idle
2024-07-14 17:49:52,550 : INFO : EventManager : Event: ======'player_skillshot_skillshot_rotate_tick'====== Args={'value': 6, 'prev_value': 5, 'change': 1, 'player_num': 1}
2024-07-14 17:49:52,551 : INFO : EventManager : Event: ======'timer_skillshot_rotate_tick'====== Args={'ticks': 6, 'ticks_remaining': 0}
2024-07-14 17:49:52,552 : INFO : EventManager : Event: ======'player_shot_skillshot_n_target'====== Args={'value': 0, 'prev_value': 1, 'change': -1, 'player_num': 1}
2024-07-14 17:49:52,554 : INFO : EventManager : Event: ======'player_shot_skillshot_e_target'====== Args={'value': 1, 'prev_value': 0, 'change': 1, 'player_num': 1}
2024-07-14 17:49:53,551 : INFO : EventManager : Event: ======'player_skillshot_skillshot_rotate_tick'====== Args={'value': 7, 'prev_value': 6, 'change': 1, 'player_num': 1}
2024-07-14 17:49:53,552 : INFO : EventManager : Event: ======'timer_skillshot_rotate_tick'====== Args={'ticks': 7, 'ticks_remaining': 0}
2024-07-14 17:49:53,553 : INFO : EventManager : Event: ======'player_shot_skillshot_p_target'====== Args={'value': 1, 'prev_value': 0, 'change': 1, 'player_num': 1}
2024-07-14 17:49:53,555 : INFO : EventManager : Event: ======'player_shot_skillshot_e_target'====== Args={'value': 0, 'prev_value': 1, 'change': -1, 'player_num': 1}
2024-07-14 17:49:54,050 : INFO : SwitchController : <<<<<<< 's_e_target' active >>>>>>>
2024-07-14 17:49:54,050 : INFO : EventManager : Event: ======'s_e_target_active'====== Args={}
2024-07-14 17:49:54,051 : INFO : EventManager : Event: ======'machine_var_audits_switches_s_e_target'====== Args={'value': 78, 'prev_value': 77, 'change': 1}
2024-07-14 17:49:54,053 : INFO : EventManager : Event: ======'machine_var_audits_shots_skillshot_e_target'====== Args={'value': 21, 'prev_value': 20, 'change': 1}
2024-07-14 17:49:54,062 : INFO : EventManager : Event: ======'skillshot_e_target_hit'====== Args={'profile': 'skillshot_profile', 'state': 'off', 'advancing': False}
2024-07-14 17:49:54,062 : INFO : EventManager : Event: ======'skillshot_e_target_skillshot_profile_hit'====== Args={'profile': 'skillshot_profile', 'state': 'off', 'advancing': False}
2024-07-14 17:49:54,063 : INFO : EventManager : Event: ======'skillshot_e_target_skillshot_profile_off_hit'====== Args={'profile': 'skillshot_profile', 'state': 'off', 'advancing': False}
2024-07-14 17:49:54,063 : INFO : EventManager : Event: ======'skillshot_e_target_off_hit'====== Args={'profile': 'skillshot_profile', 'state': 'off', 'advancing': False}
2024-07-14 17:49:54,064 : INFO : EventManager : Event: ======'player_score'====== Args={'value': 50, 'prev_value': 0, 'change': 50, 'player_num': 1, 'source': 'base'}
2024-07-14 17:49:54,064 : INFO : EventManager : Event: ======'skillshot_hit'====== Args={'shot': 'skillshot_e_target'}
2024-07-14 17:49:54,064 : INFO : EventManager : Event: ======'skillshot_off_hit'====== Args={'shot': 'skillshot_e_target'}
2024-07-14 17:49:54,064 : INFO : EventManager : Event: ======'stop_mode_skillshot'====== Args={'priority': 0}
2024-07-14 17:49:54,064 : INFO : EventManager : Event: ======'mode_skillshot_will_stop'====== Args={}
2024-07-14 17:49:54,065 : INFO : EventManager : Event: ======'mode_skillshot_stopping'====== Args={}
2024-07-14 17:49:54,066 : INFO : Mode.skillshot : Stopped.
2024-07-14 17:49:54,066 : INFO : EventManager : Event: ======'modes_active_modes_changed'====== Args={}
2024-07-14 17:49:54,066 : INFO : EventManager : Event: ======'mode_skillshot_stopped'====== Args={}
2024-07-14 17:49:54,066 : INFO : EventManager : Event: ======'clear'====== Args={'key': 'skillshot'}
2024-07-14 17:49:54,067 : INFO : Timer.skillshot_rotate : Stopping Timer
2024-07-14 17:49:54,067 : INFO : EventManager : Event: ======'timer_skillshot_rotate_stopped'====== Args={'ticks': 7, 'ticks_remaining': 0}
2024-07-14 17:49:54,079 : INFO : EventManager : Event: ======'slide_skillshot_inactive'====== Args={'_from_bcp': True}
2024-07-14 17:49:54,079 : INFO : EventManager : Event: ======'slide_base_active'====== Args={'_from_bcp': True}
2024-07-14 17:49:54,080 : INFO : EventManager : Event: ======'slide_skillshot_removed'====== Args={'_from_bcp': True}
2024-07-14 17:49:54,149 : INFO : SwitchController : <<<<<<< 's_e_target' inactive >>>>>>>
2024-07-14 17:49:58,114 : INFO : SwitchController : <<<<<<< 's_trough1' active >>>>>>>
2024-07-14 17:49:58,115 : INFO : EventManager : Event: ======'machine_var_audits_switches_s_trough1'====== Args={'value': 275, 'prev_value': 274, 'change': 1}
2024-07-14 17:49:58,616 : INFO : EventManager : Event: ======'balldevice_bd_trough_ball_count_changed'====== Args={'balls': 6}
2024-07-14 17:49:58,616 : INFO : ball_device.bd_trough : Received unexpected ball
2024-07-14 17:49:58,617 : INFO : EventManager : Event: ======'balldevice_captured_from_playfield'====== Args={'balls': 1}
2024-07-14 17:49:58,617 : INFO : EventManager : Event: ======'sw_playfield_active'====== Args={'balls': 1}
2024-07-14 17:49:58,618 : INFO : EventManager : Event: ======'playfield_ball_count_change'====== Args={'balls': 0, 'change': -1}
2024-07-14 17:49:58,619 : INFO : EventManager : Event: ======'balldevice_bd_trough_ball_enter'====== Args={'new_balls': 1, 'unclaimed_balls': 1, 'new_available_balls': 1, 'device': <ball_device.bd_trough>}
2024-07-14 17:49:58,620 : INFO : EventManager : Event: ======'ball_drain'====== Args={'device': <ball_device.bd_trough>, 'balls': 1}
2024-07-14 17:49:58,620 : INFO : EventManager : Event: ======'ball_save_default_saving_ball'====== Args={'balls': 1, 'early_save': False}
2024-07-14 17:49:58,621 : INFO : ball_device.bd_plunger : Adding 1 ball(s) to the eject_queue with target <playfield.playfield>.
2024-07-14 17:49:58,622 : INFO : EventManager : Event: ======'balldevice_balls_available'====== Args={}
2024-07-14 17:49:58,623 : INFO : EventManager : Event: ======'ball_save_default_disabled'====== Args={}
2024-07-14 17:49:58,624 : INFO : EventManager : Event: ======'balldevice_balls_available'====== Args={}
2024-07-14 17:49:58,624 : INFO : EventManager : Event: ======'balldevice_bd_trough_ball_entered'====== Args={'new_balls': 1, 'device': <ball_device.bd_trough>}
2024-07-14 17:49:58,625 : INFO : ball_device.bd_trough : State: waiting_for_target_ready
2024-07-14 17:49:58,626 : INFO : EventManager : Event: ======'balldevice_bd_trough_ball_eject_attempt'====== Args={'balls': 1, 'target': <ball_device.bd_plunger>, 'source': <ball_device.bd_trough>, 'mechanical_eject': False, 'num_attempts': 0}
2024-07-14 17:49:58,626 : INFO : ball_device.bd_plunger : State: waiting_for_ball
2024-07-14 17:49:58,626 : INFO : ball_device.bd_trough : State: ejecting
2024-07-14 17:49:58,627 : INFO : ball_device.bd_trough : Ejecting ball to <ball_device.bd_plunger>
2024-07-14 17:49:58,627 : INFO : EventManager : Event: ======'balldevice_bd_trough_ejecting_ball'====== Args={'balls': 1, 'target': <ball_device.bd_plunger>, 'source': <ball_device.bd_trough>, 'mechanical_eject': False, 'num_attempts': 0}
2024-07-14 17:49:58,628 : INFO : ball_device.bd_trough : Wait for ball to leave device
2024-07-14 17:49:58,629 : INFO : coil.c_trough_eject : Pulsing Driver for 20ms (1.0 pulse_power)
2024-07-14 17:49:58,630 : INFO : SwitchController : <<<<<<< 's_trough1' inactive >>>>>>>
2024-07-14 17:49:58,632 : INFO : ball_device.bd_trough : State: ball_left
2024-07-14 17:49:58,632 : INFO : ball_device.bd_trough : Ball left
2024-07-14 17:49:58,632 : INFO : ball_device.bd_trough : Wait for confirm with timeout 3.0
2024-07-14 17:49:58,731 : INFO : SwitchController : <<<<<<< 's_plunger' active >>>>>>>
2024-07-14 17:49:58,732 : INFO : EventManager : Event: ======'machine_var_audits_switches_s_plunger'====== Args={'value': 394, 'prev_value': 393, 'change': 1}
2024-07-14 17:49:58,864 : WARNING : SwitchController : Received duplicate switch state 0 for switch s_trough1 from the platform interface. Log Code: Log-SwitchController-1 (https://missionpinball.org/logs)
2024-07-14 17:49:59,232 : INFO : ball_device.bd_plunger : Received ball from <ball_device.bd_trough>
2024-07-14 17:49:59,232 : INFO : EventManager : Event: ======'balldevice_bd_plunger_ball_enter'====== Args={'new_balls': 1, 'unclaimed_balls': 0, 'new_available_balls': 0, 'device': <ball_device.bd_plunger>}
2024-07-14 17:49:59,234 : INFO : EventManager : Event: ======'balldevice_bd_plunger_ball_entered'====== Args={'new_balls': 0, 'device': <ball_device.bd_plunger>}
2024-07-14 17:49:59,235 : INFO : EventManager : Event: ======'balldevice_bd_plunger_ball_count_changed'====== Args={'balls': 1}
2024-07-14 17:49:59,235 : INFO : ball_device.bd_trough : Got eject confirm
2024-07-14 17:49:59,236 : INFO : ball_device.bd_trough : Eject successful
2024-07-14 17:49:59,236 : INFO : EventManager : Event: ======'balldevice_bd_trough_ball_eject_success'====== Args={'balls': 1, 'target': <ball_device.bd_plunger>}
2024-07-14 17:49:59,237 : INFO : EventManager : Event: ======'balldevice_bd_trough_ball_count_changed'====== Args={'balls': 5}
2024-07-14 17:49:59,238 : INFO : ball_device.bd_trough : State: idle
2024-07-14 17:49:59,238 : INFO : ball_device.bd_plunger : State: waiting_for_target_ready
2024-07-14 17:49:59,239 : INFO : EventManager : Event: ======'balldevice_bd_plunger_ball_eject_attempt'====== Args={'balls': 1, 'target': <playfield.playfield>, 'source': <ball_device.bd_plunger>, 'mechanical_eject': False, 'num_attempts': 0}
2024-07-14 17:49:59,240 : INFO : ball_device.bd_plunger : State: ejecting
2024-07-14 17:49:59,240 : INFO : ball_device.bd_plunger : Ejecting ball to <playfield.playfield>
2024-07-14 17:49:59,240 : INFO : EventManager : Event: ======'balldevice_bd_plunger_ejecting_ball'====== Args={'balls': 1, 'target': <playfield.playfield>, 'source': <ball_device.bd_plunger>, 'mechanical_eject': False, 'num_attempts': 0}
2024-07-14 17:49:59,241 : INFO : ball_device.bd_plunger : Wait for ball to leave device
2024-07-14 17:50:02,243 : INFO : EventManager : Event: ======'balldevice_bd_plunger_ball_eject_failed'====== Args={'target': <playfield.playfield>, 'balls': 1, 'retry': True, 'num_attempts': 1}
2024-07-14 17:50:02,247 : INFO : ball_device.bd_plunger : State: waiting_for_target_ready
2024-07-14 17:50:02,248 : INFO : EventManager : Event: ======'balldevice_bd_plunger_ball_eject_attempt'====== Args={'balls': 1, 'target': <playfield.playfield>, 'source': <ball_device.bd_plunger>, 'mechanical_eject': False, 'num_attempts': 1}
2024-07-14 17:50:02,249 : INFO : ball_device.bd_plunger : State: ejecting
2024-07-14 17:50:02,249 : INFO : ball_device.bd_plunger : Ejecting ball to <playfield.playfield>
2024-07-14 17:50:02,250 : INFO : EventManager : Event: ======'balldevice_bd_plunger_ejecting_ball'====== Args={'balls': 1, 'target': <playfield.playfield>, 'source': <ball_device.bd_plunger>, 'mechanical_eject': False, 'num_attempts': 1}
2024-07-14 17:50:02,252 : INFO : ball_device.bd_plunger : Wait for ball to leave device
2024-07-14 17:50:02,831 : WARNING : SwitchController : Received duplicate switch state 1 for switch s_plunger from the platform interface. Log Code: Log-SwitchController-1 (https://missionpinball.org/logs)
2024-07-14 17:50:03,515 : INFO : SwitchController : <<<<<<< 's_plunger' inactive >>>>>>>
2024-07-14 17:50:03,516 : INFO : ball_device.bd_plunger : State: ball_left
2024-07-14 17:50:03,516 : INFO : ball_device.bd_plunger : Ball left
2024-07-14 17:50:03,517 : INFO : ball_device.bd_plunger : Wait for confirm with timeout 3.0
2024-07-14 17:50:06,518 : INFO : ball_device.bd_plunger : State: failed_confirm
2024-07-14 17:50:06,519 : INFO : ball_device.bd_plunger : Got timeout (3.0s) before confirm from <playfield.playfield>
2024-07-14 17:50:06,620 : INFO : ball_device.bd_plunger : Confirming eject because target is playfield and ball did not return.
2024-07-14 17:50:06,620 : INFO : ball_device.bd_plunger : Eject successful
2024-07-14 17:50:06,621 : INFO : EventManager : Event: ======'balldevice_bd_plunger_ball_eject_success'====== Args={'balls': 1, 'target': <playfield.playfield>}
2024-07-14 17:50:06,622 : INFO : EventManager : Event: ======'balldevice_playfield_ball_enter'====== Args={'new_balls': 1, 'unclaimed_balls': 1, 'device': <playfield.playfield>}
2024-07-14 17:50:06,622 : INFO : EventManager : Event: ======'playfield_ball_count_change'====== Args={'balls': 1, 'change': 1}
2024-07-14 17:50:06,624 : INFO : EventManager : Event: ======'balldevice_bd_plunger_ball_count_changed'====== Args={'balls': 0}
2024-07-14 17:50:06,624 : INFO : ball_device.bd_plunger : State: idle
2024-07-14 17:50:07,911 : INFO : SwitchController : <<<<<<< 's_plunger_lane_exit' active >>>>>>>
2024-07-14 17:50:07,911 : INFO : EventManager : Event: ======'s_plunger_lane_exit_active'====== Args={}
2024-07-14 17:50:07,911 : INFO : EventManager : Event: ======'sw_playfield_active'====== Args={}
2024-07-14 17:50:07,912 : INFO : EventManager : Event: ======'machine_var_audits_switches_s_plunger_lane_exit'====== Args={'value': 212, 'prev_value': 211, 'change': 1}
2024-07-14 17:50:07,984 : INFO : SwitchController : <<<<<<< 's_plunger_lane_exit' inactive >>>>>>>
2024-07-14 17:50:08,801 : INFO : SwitchController : <<<<<<< 's_bottom_pop_bumper' active >>>>>>>
2024-07-14 17:50:08,802 : INFO : EventManager : Event: ======'s_bottom_pop_bumper_active'====== Args={}
2024-07-14 17:50:08,803 : INFO : EventManager : Event: ======'machine_var_audits_switches_s_bottom_pop_bumper'====== Args={'value': 7, 'prev_value': 6, 'change': 1}
2024-07-14 17:50:08,805 : INFO : EventManager : Event: ======'player_score'====== Args={'value': 60, 'prev_value': 50, 'change': 10, 'player_num': 1, 'source': 'base'}
2024-07-14 17:50:08,917 : INFO : SwitchController : <<<<<<< 's_bottom_pop_bumper' inactive >>>>>>>
2024-07-14 17:50:09,017 : INFO : SwitchController : <<<<<<< 's_bottom_pop_bumper' active >>>>>>>
2024-07-14 17:50:09,018 : INFO : EventManager : Event: ======'s_bottom_pop_bumper_active'====== Args={}
2024-07-14 17:50:09,019 : INFO : EventManager : Event: ======'machine_var_audits_switches_s_bottom_pop_bumper'====== Args={'value': 8, 'prev_value': 7, 'change': 1}
2024-07-14 17:50:09,021 : INFO : EventManager : Event: ======'player_score'====== Args={'value': 70, 'prev_value': 60, 'change': 10, 'player_num': 1, 'source': 'base'}
2024-07-14 17:50:09,117 : INFO : SwitchController : <<<<<<< 's_bottom_pop_bumper' inactive >>>>>>>
2024-07-14 17:50:09,201 : INFO : SwitchController : <<<<<<< 's_bottom_pop_bumper' active >>>>>>>
2024-07-14 17:50:09,202 : INFO : EventManager : Event: ======'s_bottom_pop_bumper_active'====== Args={}
2024-07-14 17:50:09,202 : INFO : EventManager : Event: ======'machine_var_audits_switches_s_bottom_pop_bumper'====== Args={'value': 9, 'prev_value': 8, 'change': 1}
2024-07-14 17:50:09,204 : INFO : EventManager : Event: ======'player_score'====== Args={'value': 80, 'prev_value': 70, 'change': 10, 'player_num': 1, 'source': 'base'}
2024-07-14 17:50:09,283 : INFO : SwitchController : <<<<<<< 's_bottom_pop_bumper' inactive >>>>>>>
2024-07-14 17:50:12,484 : INFO : SwitchController : <<<<<<< 's_left_ramp_standup' active >>>>>>>
2024-07-14 17:50:12,485 : INFO : EventManager : Event: ======'s_left_ramp_standup_active'====== Args={}
2024-07-14 17:50:12,485 : INFO : EventManager : Event: ======'machine_var_audits_switches_s_left_ramp_standup'====== Args={'value': 336, 'prev_value': 335, 'change': 1}
2024-07-14 17:50:12,487 : INFO : EventManager : Event: ======'player_score'====== Args={'value': 180, 'prev_value': 80, 'change': 100, 'player_num': 1, 'source': 'base'}
2024-07-14 17:50:12,496 : INFO : EventManager : Event: ======'player_alamo'====== Args={'value': 1, 'prev_value': 0, 'change': 1, 'player_num': 1, 'source': 'base'}
2024-07-14 17:50:12,616 : INFO : SwitchController : <<<<<<< 's_left_ramp_standup' inactive >>>>>>>
2024-07-14 17:50:12,835 : INFO : SwitchController : <<<<<<< 's_left_ramp_standup' active >>>>>>>
2024-07-14 17:50:12,835 : INFO : EventManager : Event: ======'s_left_ramp_standup_active'====== Args={}
2024-07-14 17:50:12,836 : INFO : EventManager : Event: ======'machine_var_audits_switches_s_left_ramp_standup'====== Args={'value': 337, 'prev_value': 336, 'change': 1}
2024-07-14 17:50:12,838 : INFO : EventManager : Event: ======'player_score'====== Args={'value': 280, 'prev_value': 180, 'change': 100, 'player_num': 1, 'source': 'base'}
2024-07-14 17:50:12,839 : INFO : EventManager : Event: ======'player_alamo'====== Args={'value': 2, 'prev_value': 1, 'change': 1, 'player_num': 1, 'source': 'base'}
2024-07-14 17:50:12,916 : INFO : SwitchController : <<<<<<< 's_left_ramp_standup' inactive >>>>>>>
2024-07-14 17:50:12,984 : INFO : SwitchController : <<<<<<< 's_left_ramp_standup' active >>>>>>>
2024-07-14 17:50:12,984 : INFO : EventManager : Event: ======'s_left_ramp_standup_active'====== Args={}
2024-07-14 17:50:12,984 : INFO : EventManager : Event: ======'machine_var_audits_switches_s_left_ramp_standup'====== Args={'value': 338, 'prev_value': 337, 'change': 1}
2024-07-14 17:50:12,986 : INFO : EventManager : Event: ======'player_score'====== Args={'value': 380, 'prev_value': 280, 'change': 100, 'player_num': 1, 'source': 'base'}
2024-07-14 17:50:12,986 : INFO : EventManager : Event: ======'player_alamo'====== Args={'value': 3, 'prev_value': 2, 'change': 1, 'player_num': 1, 'source': 'base'}
2024-07-14 17:50:13,084 : INFO : SwitchController : <<<<<<< 's_left_ramp_standup' inactive >>>>>>>
2024-07-14 17:50:13,151 : INFO : SwitchController : <<<<<<< 's_left_ramp_standup' active >>>>>>>
2024-07-14 17:50:13,151 : INFO : EventManager : Event: ======'s_left_ramp_standup_active'====== Args={}
2024-07-14 17:50:13,152 : INFO : EventManager : Event: ======'machine_var_audits_switches_s_left_ramp_standup'====== Args={'value': 339, 'prev_value': 338, 'change': 1}
2024-07-14 17:50:13,153 : INFO : EventManager : Event: ======'player_score'====== Args={'value': 480, 'prev_value': 380, 'change': 100, 'player_num': 1, 'source': 'base'}
2024-07-14 17:50:13,154 : INFO : EventManager : Event: ======'player_alamo'====== Args={'value': 4, 'prev_value': 3, 'change': 1, 'player_num': 1, 'source': 'base'}
2024-07-14 17:50:13,233 : INFO : SwitchController : <<<<<<< 's_left_ramp_standup' inactive >>>>>>>
2024-07-14 17:50:13,283 : INFO : SwitchController : <<<<<<< 's_left_ramp_standup' active >>>>>>>
2024-07-14 17:50:13,283 : INFO : EventManager : Event: ======'s_left_ramp_standup_active'====== Args={}
2024-07-14 17:50:13,284 : INFO : EventManager : Event: ======'machine_var_audits_switches_s_left_ramp_standup'====== Args={'value': 340, 'prev_value': 339, 'change': 1}
2024-07-14 17:50:13,285 : INFO : EventManager : Event: ======'player_score'====== Args={'value': 580, 'prev_value': 480, 'change': 100, 'player_num': 1, 'source': 'base'}
2024-07-14 17:50:13,285 : INFO : EventManager : Event: ======'player_alamo'====== Args={'value': 5, 'prev_value': 4, 'change': 1, 'player_num': 1, 'source': 'base'}
2024-07-14 17:50:13,367 : INFO : SwitchController : <<<<<<< 's_left_ramp_standup' inactive >>>>>>>
2024-07-14 17:50:14,281 : INFO : SwitchController : <<<<<<< 's_trough1' active >>>>>>>
2024-07-14 17:50:14,281 : INFO : EventManager : Event: ======'machine_var_audits_switches_s_trough1'====== Args={'value': 276, 'prev_value': 275, 'change': 1}
2024-07-14 17:50:14,782 : INFO : EventManager : Event: ======'balldevice_bd_trough_ball_count_changed'====== Args={'balls': 6}
2024-07-14 17:50:14,783 : INFO : ball_device.bd_trough : Received unexpected ball
2024-07-14 17:50:14,783 : INFO : EventManager : Event: ======'balldevice_captured_from_playfield'====== Args={'balls': 1}
2024-07-14 17:50:14,784 : INFO : EventManager : Event: ======'sw_playfield_active'====== Args={'balls': 1}
2024-07-14 17:50:14,784 : INFO : EventManager : Event: ======'playfield_ball_count_change'====== Args={'balls': 0, 'change': -1}
2024-07-14 17:50:14,786 : INFO : EventManager : Event: ======'balldevice_bd_trough_ball_enter'====== Args={'new_balls': 1, 'unclaimed_balls': 1, 'new_available_balls': 1, 'device': <ball_device.bd_trough>}
2024-07-14 17:50:14,787 : INFO : EventManager : Event: ======'ball_drain'====== Args={'device': <ball_device.bd_trough>, 'balls': 1}
2024-07-14 17:50:14,788 : INFO : EventManager : Event: ======'ball_will_end'====== Args={}
2024-07-14 17:50:14,789 : INFO : EventManager : Event: ======'balldevice_balls_available'====== Args={}
2024-07-14 17:50:14,789 : INFO : EventManager : Event: ======'balldevice_bd_trough_ball_entered'====== Args={'new_balls': 1, 'device': <ball_device.bd_trough>}
2024-07-14 17:50:14,791 : INFO : EventManager : Event: ======'ball_ending'====== Args={}
2024-07-14 17:50:14,792 : INFO : EventManager : Event: ======'mode_bonus_will_start'====== Args={'queue': <QueuedEvent>}
2024-07-14 17:50:14,793 : INFO : EventManager : Event: ======'mode_bonus_starting'====== Args={'queue': <QueuedEvent>}
2024-07-14 17:50:14,794 : INFO : Mode.bonus : Started. Priority: 500
2024-07-14 17:50:14,794 : INFO : EventManager : Event: ======'modes_active_modes_changed'====== Args={}
2024-07-14 17:50:14,794 : INFO : EventManager : Event: ======'mode_bonus_started'====== Args={'queue': <QueuedEvent>}
2024-07-14 17:50:14,797 : INFO : EventManager : Event: ======'bonus_start'====== Args={}
2024-07-14 17:50:14,834 : INFO : EventManager : Event: ======'slide_bonus_created'====== Args={'_from_bcp': True}
2024-07-14 17:50:14,834 : INFO : EventManager : Event: ======'slide_base_inactive'====== Args={'_from_bcp': True}
2024-07-14 17:50:14,834 : INFO : EventManager : Event: ======'slide_bonus_active'====== Args={'original_context': 'bonus', 'original_calling_context': 'mode_bonus_started', 'queue': '<QueuedEvent>', 'cmd': 'slides_play', '_from_bcp': True}
2024-07-14 17:50:15,048 : INFO : SwitchController : <<<<<<< 's_trough1' inactive >>>>>>>
2024-07-14 17:50:16,799 : INFO : EventManager : Event: ======'bonus_entry'====== Args={'entry': 'alamo_bonus', 'score': 25000, 'text': 'Alamos Drank', 'bonus_score': 25000, 'hits': 5}
2024-07-14 17:50:18,801 : INFO : EventManager : Event: ======'bonus_entry'====== Args={'entry': 'mode_bonus', 'score': 50000, 'text': 'Modes Completed', 'bonus_score': 75000, 'hits': 1}
2024-07-14 17:50:20,550 : INFO : EventManager : Event: ======'balldevice_bd_trough_ball_count_changed'====== Args={'balls': 5}
2024-07-14 17:50:20,551 : WARNING : ball_device.bd_trough : Ball disappeared while idle. This should not normally happen.
2024-07-14 17:50:20,551 : INFO : EventManager : Event: ======'balldevice_playfield_ball_enter'====== Args={'new_balls': 1, 'unclaimed_balls': 1, 'device': <playfield.playfield>}
2024-07-14 17:50:20,552 : INFO : EventManager : Event: ======'playfield_ball_count_change'====== Args={'balls': 1, 'change': 1}
2024-07-14 17:50:20,552 : INFO : ball_device.bd_trough : 1 ball(s) missing from device. Mechanical eject? False
2024-07-14 17:50:20,553 : INFO : EventManager : Event: ======'balldevice_bd_trough_ball_missing'====== Args={'balls': 1}
2024-07-14 17:50:20,553 : INFO : EventManager : Event: ======'balldevice_ball_missing'====== Args={'balls': 1, 'name': 'bd_trough'}
2024-07-14 17:50:20,804 : INFO : EventManager : Event: ======'bonus_entry'====== Args={'entry': 'BBQ_lanes_complete', 'score': 1000, 'text': None, 'bonus_score': 76000, 'hits': 1}
2024-07-14 17:50:22,806 : INFO : EventManager : Event: ======'player_score'====== Args={'value': 76580, 'prev_value': 580, 'change': 76000, 'player_num': 1, 'source': 'bonus'}
2024-07-14 17:50:22,808 : INFO : EventManager : Event: ======'bonus_entry'====== Args={'entry': 'total', 'text': 'Total Bonus', 'score': 76000}
2024-07-14 17:50:24,810 : INFO : EventManager : Event: ======'mode_bonus_will_stop'====== Args={}
2024-07-14 17:50:24,811 : INFO : EventManager : Event: ======'mode_bonus_stopping'====== Args={}
2024-07-14 17:50:24,812 : INFO : Mode.bonus : Stopped.
2024-07-14 17:50:24,812 : INFO : EventManager : Event: ======'modes_active_modes_changed'====== Args={}
2024-07-14 17:50:24,815 : INFO : EventManager : Event: ======'mode_bonus_stopped'====== Args={}
2024-07-14 17:50:24,815 : INFO : EventManager : Event: ======'clear'====== Args={'key': 'bonus'}
2024-07-14 17:50:24,816 : INFO : EventManager : Event: ======'mode_BBQ_rollover_will_stop'====== Args={}
2024-07-14 17:50:24,817 : INFO : EventManager : Event: ======'mode_BBQ_rollover_stopping'====== Args={}
2024-07-14 17:50:24,817 : INFO : EventManager : Event: ======'mode_base_will_stop'====== Args={}
2024-07-14 17:50:24,817 : INFO : EventManager : Event: ======'mode_base_stopping'====== Args={}
2024-07-14 17:50:24,818 : INFO : Mode.base : Stopped.
2024-07-14 17:50:24,818 : INFO : EventManager : Event: ======'modes_active_modes_changed'====== Args={}
2024-07-14 17:50:24,819 : INFO : EventManager : Event: ======'mode_base_stopped'====== Args={}
2024-07-14 17:50:24,820 : INFO : EventManager : Event: ======'clear'====== Args={'key': 'base'}
2024-07-14 17:50:24,822 : INFO : Mode.BBQ_rollover : Stopped.
2024-07-14 17:50:24,822 : INFO : EventManager : Event: ======'modes_active_modes_changed'====== Args={}
2024-07-14 17:50:24,823 : INFO : EventManager : Event: ======'mode_BBQ_rollover_stopped'====== Args={}
2024-07-14 17:50:24,823 : INFO : EventManager : Event: ======'clear'====== Args={'key': 'BBQ_rollover'}
2024-07-14 17:50:24,824 : INFO : EventManager : Event: ======'cmd_flippers_disable'====== Args={'priority': 0}
2024-07-14 17:50:24,825 : INFO : EventManager : Event: ======'cmd_autofire_coils_disable'====== Args={'priority': 0}
2024-07-14 17:50:24,825 : INFO : EventManager : Event: ======'ball_ended'====== Args={}
2024-07-14 17:50:24,828 : INFO : EventManager : Event: ======'player_turn_will_end'====== Args={'player': <Player 1>, 'number': 1}
2024-07-14 17:50:24,846 : INFO : EventManager : Event: ======'player_turn_ending'====== Args={'player': <Player 1>, 'number': 1}
2024-07-14 17:50:24,847 : INFO : EventManager : Event: ======'slide_bonus_inactive'====== Args={'_from_bcp': True}
2024-07-14 17:50:24,847 : INFO : EventManager : Event: ======'slide_base_active'====== Args={'_from_bcp': True}
2024-07-14 17:50:24,847 : INFO : EventManager : Event: ======'slide_bonus_removed'====== Args={'_from_bcp': True}
2024-07-14 17:50:24,848 : INFO : EventManager : Event: ======'player_turn_ended'====== Args={'player': <Player 1>, 'number': 1}
2024-07-14 17:50:24,848 : INFO : EventManager : Event: ======'player_turn_will_start'====== Args={'player': <Player 1>, 'number': 1}
2024-07-14 17:50:24,848 : INFO : EventManager : Event: ======'player_turn_starting'====== Args={'player': <Player 1>, 'number': 1}
2024-07-14 17:50:24,849 : INFO : EventManager : Event: ======'player_ball'====== Args={'value': 2, 'prev_value': 1, 'change': 1, 'player_num': 1}
2024-07-14 17:50:24,849 : INFO : EventManager : Event: ======'player_turn_started'====== Args={'player': <Player 1>, 'number': 1}
2024-07-14 17:50:24,850 : INFO : EventManager : Event: ======'ball_will_start'====== Args={'player': 1, 'ball': 2, 'balls_remaining': 1, 'is_extra_ball': False}
2024-07-14 17:50:24,851 : INFO : BallController : Found 1 ball(s) on playfield.
2024-07-14 17:50:24,851 : WARNING : BallController : Playfields still contain balls. Waiting for those to drain.
2024-07-14 17:50:25,856 : INFO : BallController : Found 1 ball(s) on playfield.
2024-07-14 17:50:25,856 : WARNING : BallController : Playfields still contain balls. Waiting for those to drain.
2024-07-14 17:50:26,860 : INFO : BallController : Found 1 ball(s) on playfield.
2024-07-14 17:50:26,861 : WARNING : BallController : Playfields still contain balls. Waiting for those to drain.
2024-07-14 17:50:27,862 : INFO : BallController : Found 1 ball(s) on playfield.
2024-07-14 17:50:27,862 : WARNING : BallController : Playfields still contain balls. Waiting for those to drain.
2024-07-14 17:50:28,863 : INFO : BallController : Found 1 ball(s) on playfield.
2024-07-14 17:50:28,863 : WARNING : BallController : Playfields still contain balls. Waiting for those to drain.
2024-07-14 17:50:29,754 : INFO : Machine : Shutting down...
2024-07-14 17:50:29,754 : INFO : EventManager : Event: ======'shutdown'====== Args={}
2024-07-14 17:50:29,756 : INFO : EventManager : Event: ======'mode_game_will_stop'====== Args={}
2024-07-14 17:50:29,756 : INFO : EventManager : Event: ======'mode_game_stopping'====== Args={}
2024-07-14 17:50:29,757 : INFO : Mode.game : Stopped.
2024-07-14 17:50:29,757 : INFO : EventManager : Event: ======'modes_active_modes_changed'====== Args={}
2024-07-14 17:50:29,757 : INFO : EventManager : Event: ======'mode_game_stopped'====== Args={}
2024-07-14 17:50:29,757 : INFO : EventManager : Event: ======'clear'====== Args={'key': 'game'}
2024-07-14 17:50:29,759 : INFO : root : MPF run loop ended.
