2024-09-04 20:35:50,681 : INFO : root : Loading config.
2024-09-04 20:35:50,683 : INFO : YamlMultifileConfigLoader : Machine config file #1: config.yaml
2024-09-04 20:35:50,683 : INFO : ConfigProcessor : Loading config from cache: /var/folders/sv/d29kcl5x50v7vt1n6xb5jsd40000gn/T/c166cef8060ffee16a35821bf698da85.mpf_cache
2024-09-04 20:35:50,716 : INFO : ConfigProcessor : Loading config from cache: /var/folders/sv/d29kcl5x50v7vt1n6xb5jsd40000gn/T/6b31c5ac6ecbad948994a8204ea6b05b.mpf_cache
2024-09-04 20:35:50,716 : INFO : ConfigProcessor : Loading config from cache: /var/folders/sv/d29kcl5x50v7vt1n6xb5jsd40000gn/T/fe612d1e66c8a96c19ba449d3748eeac.mpf_cache
2024-09-04 20:35:50,716 : INFO : ConfigProcessor : Loading config from cache: /var/folders/sv/d29kcl5x50v7vt1n6xb5jsd40000gn/T/6b31c5ac6ecbad948994a8204ea6b05b.mpf_cache
2024-09-04 20:35:50,717 : INFO : ConfigProcessor : Loading config from cache: /var/folders/sv/d29kcl5x50v7vt1n6xb5jsd40000gn/T/8765227693ecd961e0504502a81255e0.mpf_cache
2024-09-04 20:35:50,717 : INFO : ConfigProcessor : Loading config from cache: /var/folders/sv/d29kcl5x50v7vt1n6xb5jsd40000gn/T/b247728c74b4d81bcb2825e2b07062a7.mpf_cache
2024-09-04 20:35:50,718 : INFO : ConfigProcessor : Loading config from cache: /var/folders/sv/d29kcl5x50v7vt1n6xb5jsd40000gn/T/f240f94f0b5d0f37ec4fd7571275a101.mpf_cache
2024-09-04 20:35:50,718 : INFO : ConfigProcessor : Loading config from cache: /var/folders/sv/d29kcl5x50v7vt1n6xb5jsd40000gn/T/6a2f50ed892485825cc04dc0a68eab9f.mpf_cache
2024-09-04 20:35:50,718 : INFO : ConfigProcessor : Loading config from cache: /var/folders/sv/d29kcl5x50v7vt1n6xb5jsd40000gn/T/d58c58eb9fd1a2dc27f8acd255fb3761.mpf_cache
2024-09-04 20:35:50,718 : INFO : ConfigProcessor : Loading config from cache: /var/folders/sv/d29kcl5x50v7vt1n6xb5jsd40000gn/T/07adfd310b3ef0e03c5cbc91527abb6c.mpf_cache
2024-09-04 20:35:50,719 : INFO : ConfigProcessor : Loading config from cache: /var/folders/sv/d29kcl5x50v7vt1n6xb5jsd40000gn/T/12bd5247c3bf989b919364bdb7829769.mpf_cache
2024-09-04 20:35:50,719 : INFO : ConfigProcessor : Loading config from cache: /var/folders/sv/d29kcl5x50v7vt1n6xb5jsd40000gn/T/362e08f51a1a1b7a0809dd52f9c83f83.mpf_cache
2024-09-04 20:35:50,719 : INFO : ConfigProcessor : Loading config from cache: /var/folders/sv/d29kcl5x50v7vt1n6xb5jsd40000gn/T/e0db17dd068fe6304aabdbeff00fac0d.mpf_cache
2024-09-04 20:35:50,719 : INFO : ConfigProcessor : Loading config from cache: /var/folders/sv/d29kcl5x50v7vt1n6xb5jsd40000gn/T/331d8d1a1bc190cae8c13495e1db372f.mpf_cache
2024-09-04 20:35:50,719 : INFO : ConfigProcessor : Loading config from cache: /var/folders/sv/d29kcl5x50v7vt1n6xb5jsd40000gn/T/d17a9ff77386e6f1439d0802ace1de07.mpf_cache
2024-09-04 20:35:50,720 : INFO : ConfigProcessor : Loading config from cache: /var/folders/sv/d29kcl5x50v7vt1n6xb5jsd40000gn/T/280fd64455d0d243a54ab4db98fbccbd.mpf_cache
2024-09-04 20:35:50,720 : INFO : ConfigProcessor : Loading config from cache: /var/folders/sv/d29kcl5x50v7vt1n6xb5jsd40000gn/T/0c0596ed8fbb40b6113901d21bdc0a39.mpf_cache
2024-09-04 20:35:50,720 : INFO : ConfigProcessor : Loading config from cache: /var/folders/sv/d29kcl5x50v7vt1n6xb5jsd40000gn/T/f521a0f834965d73920394ccceaa3c1c.mpf_cache
2024-09-04 20:35:50,720 : INFO : ConfigProcessor : Loading config from cache: /var/folders/sv/d29kcl5x50v7vt1n6xb5jsd40000gn/T/0fedc249e142fba0aaf46d9adc7061fa.mpf_cache
2024-09-04 20:35:50,721 : INFO : ConfigProcessor : Loading config from cache: /var/folders/sv/d29kcl5x50v7vt1n6xb5jsd40000gn/T/c57745b2fe399992c4aedf0209f8acc9.mpf_cache
2024-09-04 20:35:50,721 : INFO : ConfigProcessor : Loading config from cache: /var/folders/sv/d29kcl5x50v7vt1n6xb5jsd40000gn/T/4d7707f845442344c77faa09114dd414.mpf_cache
2024-09-04 20:35:50,721 : INFO : ConfigProcessor : Loading config from cache: /var/folders/sv/d29kcl5x50v7vt1n6xb5jsd40000gn/T/13b622eeb34cc558f4c171e6faf49f20.mpf_cache
2024-09-04 20:35:50,721 : INFO : ConfigProcessor : Loading config from cache: /var/folders/sv/d29kcl5x50v7vt1n6xb5jsd40000gn/T/897ffb6d77163469c302d894201d7081.mpf_cache
2024-09-04 20:35:50,721 : INFO : ConfigProcessor : Loading config from cache: /var/folders/sv/d29kcl5x50v7vt1n6xb5jsd40000gn/T/51caa30b8c50b4dd14ddbf8a263fb4c6.mpf_cache
2024-09-04 20:35:50,722 : INFO : ConfigProcessor : Loading config from cache: /var/folders/sv/d29kcl5x50v7vt1n6xb5jsd40000gn/T/aa4dd12681abd3ba3467de4d4b71c6b2.mpf_cache
2024-09-04 20:35:50,722 : INFO : ConfigProcessor : Loading config from cache: /var/folders/sv/d29kcl5x50v7vt1n6xb5jsd40000gn/T/edf8b775a93855f849af0e2eff0a7bac.mpf_cache
2024-09-04 20:35:50,722 : INFO : ConfigProcessor : Loading config from cache: /var/folders/sv/d29kcl5x50v7vt1n6xb5jsd40000gn/T/a8808f7c3567c8d62dc12e9ad7d55d7c.mpf_cache
2024-09-04 20:35:50,723 : INFO : ConfigProcessor : Loading config from cache: /var/folders/sv/d29kcl5x50v7vt1n6xb5jsd40000gn/T/9437faed8d9c330c56f3b67b3f9b149d.mpf_cache
2024-09-04 20:35:50,723 : INFO : ConfigProcessor : Loading config from cache: /var/folders/sv/d29kcl5x50v7vt1n6xb5jsd40000gn/T/4bb31ac09fad15f35aa3bae4975f2b4d.mpf_cache
2024-09-04 20:35:50,724 : INFO : ConfigProcessor : Loading config from cache: /var/folders/sv/d29kcl5x50v7vt1n6xb5jsd40000gn/T/3048ed2d7ea14eee3db896f6760aa474.mpf_cache
2024-09-04 20:35:50,725 : INFO : ConfigProcessor : Loading config from cache: /var/folders/sv/d29kcl5x50v7vt1n6xb5jsd40000gn/T/a14a120665a0ee9fd8a6e22274033983.mpf_cache
2024-09-04 20:35:50,725 : INFO : ConfigProcessor : Loading config from cache: /var/folders/sv/d29kcl5x50v7vt1n6xb5jsd40000gn/T/984de704eb69e43ca43e84d7915bfa21.mpf_cache
2024-09-04 20:35:50,726 : INFO : ConfigProcessor : Loading config from cache: /var/folders/sv/d29kcl5x50v7vt1n6xb5jsd40000gn/T/0a9cb7260d26760274024f443d38cc22.mpf_cache
2024-09-04 20:35:50,726 : INFO : ConfigProcessor : Loading config from cache: /var/folders/sv/d29kcl5x50v7vt1n6xb5jsd40000gn/T/deb753c2acdccb3c49ddc8f2a7e04ee6.mpf_cache
2024-09-04 20:35:50,726 : INFO : ConfigProcessor : Loading config from cache: /var/folders/sv/d29kcl5x50v7vt1n6xb5jsd40000gn/T/4a90c06755c4a5beef2ee4c243f54397.mpf_cache
2024-09-04 20:35:50,726 : INFO : Machine : Mission Pinball Framework Core Engine v0.80.0.dev1
2024-09-04 20:35:50,726 : INFO : Machine : Command line arguments: {'no_load_cache': False, 'create_config_cache': True, 'bcp': True, 'configfile': ['config.yaml'], 'force_assets_load': False, 'platform_integration_test': False, 'jsonlogging': False, 'logfile': 'logs/2024-09-04-20-35-50-mpf-Nicks-Air.lan.log', 'pause': False, 'production': False, 'text_ui': True, 'loglevel': 15, 'consoleloglevel': 20, 'force_platform': None, 'syslog_address': None, 'mc_file_name': None, 'no_sound': False, 'full_logfile_path': '/Users/nicktaseris/Desktop/Pinball/KOTH/logs/2024-09-04-20-35-50-mpf-Nicks-Air.lan.log'}
2024-09-04 20:35:50,727 : INFO : Machine : MPF path: /Users/nicktaseris/mpfenv/lib/python3.9/site-packages/mpf
2024-09-04 20:35:50,727 : INFO : Machine : Machine path: /Users/nicktaseris/Desktop/Pinball/KOTH
2024-09-04 20:35:50,727 : INFO : Machine : Platform: darwin
2024-09-04 20:35:50,727 : INFO : Machine : Python executable location: /Users/nicktaseris/mpfenv/bin/python3
2024-09-04 20:35:50,727 : INFO : Machine : Python version: 3.9.13 (64-bit)
2024-09-04 20:35:50,727 : INFO : Machine : Initializing MPF...
2024-09-04 20:35:50,754 : INFO : EventManager : Event: ======'machine_var_credits_string'====== Args={'value': 'FREE PLAY', 'prev_value': None, 'change': True}
2024-09-04 20:35:50,767 : INFO : EventManager : Event: ======'machine_var_master_volume'====== Args={'value': 0.5, 'prev_value': None, 'change': True}
2024-09-04 20:35:50,767 : INFO : EventManager : Event: ======'machine_var_player1_score'====== Args={'value': 34335100, 'prev_value': None, 'change': True}
2024-09-04 20:35:50,767 : INFO : EventManager : Event: ======'machine_var_mpf_version'====== Args={'value': 'Mission Pinball Framework v0.80.0.dev1', 'prev_value': None, 'change': True}
2024-09-04 20:35:50,767 : INFO : EventManager : Event: ======'machine_var_mpf_extended_version'====== Args={'value': 'Mission Pinball Framework v0.80.0.dev1, Config version:6, Show version: 6, BCP version:1.1', 'prev_value': None, 'change': True}
2024-09-04 20:35:50,767 : INFO : EventManager : Event: ======'machine_var_python_version'====== Args={'value': '3.9.13', 'prev_value': None, 'change': True}
2024-09-04 20:35:50,779 : INFO : EventManager : Event: ======'machine_var_platform'====== Args={'value': 'macOS-12.1-arm64-arm-64bit', 'prev_value': None, 'change': True}
2024-09-04 20:35:50,779 : INFO : EventManager : Event: ======'machine_var_platform_system'====== Args={'value': 'Darwin', 'prev_value': None, 'change': True}
2024-09-04 20:35:50,779 : INFO : EventManager : Event: ======'machine_var_platform_release'====== Args={'value': '21.2.0', 'prev_value': None, 'change': True}
2024-09-04 20:35:50,779 : INFO : EventManager : Event: ======'machine_var_platform_version'====== Args={'value': 'Darwin Kernel Version 21.2.0: Sun Nov 28 20:29:10 PST 2021; root:xnu-8019.61.5~1/RELEASE_ARM64_T8101', 'prev_value': None, 'change': True}
2024-09-04 20:35:50,779 : INFO : EventManager : Event: ======'machine_var_platform_machine'====== Args={'value': 'arm64', 'prev_value': None, 'change': True}
2024-09-04 20:35:50,779 : INFO : EventManager : Event: ======'machine_var_log_file_path'====== Args={'value': '/Users/nicktaseris/Desktop/Pinball/KOTH/logs/2024-09-04-20-35-50-mpf-Nicks-Air.lan.log', 'prev_value': None, 'change': True}
2024-09-04 20:35:50,779 : INFO : EventManager : Event: ======'init_phase_1'====== Args={}
2024-09-04 20:35:50,802 : INFO : EventManager : Event: ======'drop_target_bank_strickland_bank_up'====== Args={}
2024-09-04 20:35:50,802 : INFO : EventManager : Event: ======'init_phase_2'====== Args={}
2024-09-04 20:35:50,803 : INFO : SwitchController : Found active switch: ('39', <Platform.SmartVirtual>) <switch.s_trough1>
2024-09-04 20:35:50,803 : INFO : SwitchController : Found active switch: ('40', <Platform.SmartVirtual>) <switch.s_trough2>
2024-09-04 20:35:50,803 : INFO : SwitchController : Found active switch: ('41', <Platform.SmartVirtual>) <switch.s_trough3>
2024-09-04 20:35:50,803 : INFO : SwitchController : Found active switch: ('42', <Platform.SmartVirtual>) <switch.s_trough4>
2024-09-04 20:35:50,803 : INFO : SwitchController : Found active switch: ('43', <Platform.SmartVirtual>) <switch.s_trough5>
2024-09-04 20:35:50,803 : INFO : SwitchController : Found active switch: ('44', <Platform.SmartVirtual>) <switch.s_trough6>
2024-09-04 20:35:50,809 : INFO : EventManager : Event: ======'machine_var_score1_label'====== Args={'value': 'GRAND CHAMPION', 'prev_value': None, 'change': True}
2024-09-04 20:35:50,809 : INFO : EventManager : Event: ======'machine_var_score1_name'====== Args={'value': 'NJT', 'prev_value': None, 'change': True}
2024-09-04 20:35:50,809 : INFO : EventManager : Event: ======'machine_var_score1_value'====== Args={'value': 36245050, 'prev_value': None, 'change': True}
2024-09-04 20:35:50,809 : INFO : EventManager : Event: ======'machine_var_score2_label'====== Args={'value': 'HIGH SCORE 1', 'prev_value': None, 'change': True}
2024-09-04 20:35:50,809 : INFO : EventManager : Event: ======'machine_var_score2_name'====== Args={'value': 'NJT', 'prev_value': None, 'change': True}
2024-09-04 20:35:50,809 : INFO : EventManager : Event: ======'machine_var_score2_value'====== Args={'value': 36245050, 'prev_value': None, 'change': True}
2024-09-04 20:35:50,809 : INFO : EventManager : Event: ======'machine_var_score3_label'====== Args={'value': 'HIGH SCORE 2', 'prev_value': None, 'change': True}
2024-09-04 20:35:50,809 : INFO : EventManager : Event: ======'machine_var_score3_name'====== Args={'value': 'NNNNNNNNNNNNN', 'prev_value': None, 'change': True}
2024-09-04 20:35:50,809 : INFO : EventManager : Event: ======'machine_var_score3_value'====== Args={'value': 35245050, 'prev_value': None, 'change': True}
2024-09-04 20:35:50,809 : INFO : EventManager : Event: ======'machine_var_score4_label'====== Args={'value': 'HIGH SCORE 3', 'prev_value': None, 'change': True}
2024-09-04 20:35:50,809 : INFO : EventManager : Event: ======'machine_var_score4_name'====== Args={'value': 'NJT', 'prev_value': None, 'change': True}
2024-09-04 20:35:50,809 : INFO : EventManager : Event: ======'machine_var_score4_value'====== Args={'value': 34335100, 'prev_value': None, 'change': True}
2024-09-04 20:35:50,809 : INFO : EventManager : Event: ======'bcp_connection_attempt'====== Args={'name': 'local_display', 'host': 'localhost', 'port': 5050}
2024-09-04 20:35:50,810 : INFO : BCPClientSocket : Connecting BCP to 'local_display' at localhost:5050...
2024-09-04 20:35:50,813 : INFO : BCPClientSocket : Connected BCP to 'local_display' localhost:5050
2024-09-04 20:35:50,813 : INFO : EventManager : Event: ======'bcp_clients_connected'====== Args={}
2024-09-04 20:35:50,814 : INFO : ball_device.bd_trough : BCH: Initial count: 6
2024-09-04 20:35:50,814 : INFO : ball_device.bd_trough : State: idle
2024-09-04 20:35:50,818 : INFO : ball_device.bd_plunger : BCH: Initial count: 0
2024-09-04 20:35:50,818 : INFO : ball_device.bd_plunger : State: idle
2024-09-04 20:35:50,818 : INFO : ball_device.bd_scoop : BCH: Initial count: 0
2024-09-04 20:35:50,818 : INFO : ball_device.bd_scoop : State: idle
2024-09-04 20:35:50,823 : INFO : EventManager : Event: ======'init_phase_3'====== Args={}
2024-09-04 20:35:50,825 : INFO : EventManager : Event: ======'init_phase_4'====== Args={}
2024-09-04 20:35:50,825 : INFO : BallController : Initial balls found: 6
2024-09-04 20:35:50,825 : INFO : EventManager : Event: ======'machine_var_audits_events_game_ended'====== Args={'value': 14, 'prev_value': None, 'change': True}
2024-09-04 20:35:50,825 : INFO : EventManager : Event: ======'machine_var_audits_events_game_started'====== Args={'value': 1225, 'prev_value': None, 'change': True}
2024-09-04 20:35:50,826 : INFO : EventManager : Event: ======'machine_var_audits_missing_switches_s_a_target'====== Args={'value': 2, 'prev_value': None, 'change': True}
2024-09-04 20:35:50,826 : INFO : EventManager : Event: ======'machine_var_audits_missing_switches_s_bottom_inline_drop'====== Args={'value': 25, 'prev_value': None, 'change': True}
2024-09-04 20:35:50,826 : INFO : EventManager : Event: ======'machine_var_audits_missing_switches_s_bottom_pop_bumper'====== Args={'value': 21, 'prev_value': None, 'change': True}
2024-09-04 20:35:50,826 : INFO : EventManager : Event: ======'machine_var_audits_missing_switches_s_center_spinner'====== Args={'value': 21, 'prev_value': None, 'change': True}
2024-09-04 20:35:50,826 : INFO : EventManager : Event: ======'machine_var_audits_missing_switches_s_e_target'====== Args={'value': 2, 'prev_value': None, 'change': True}
2024-09-04 20:35:50,826 : INFO : EventManager : Event: ======'machine_var_audits_missing_switches_s_launch_button'====== Args={'value': 696, 'prev_value': None, 'change': True}
2024-09-04 20:35:50,826 : INFO : EventManager : Event: ======'machine_var_audits_missing_switches_s_left_flipper'====== Args={'value': 21, 'prev_value': None, 'change': True}
2024-09-04 20:35:50,826 : INFO : EventManager : Event: ======'machine_var_audits_missing_switches_s_left_inlane'====== Args={'value': 10, 'prev_value': None, 'change': True}
2024-09-04 20:35:50,826 : INFO : EventManager : Event: ======'machine_var_audits_missing_switches_s_left_inner_horseshoe'====== Args={'value': 303, 'prev_value': None, 'change': True}
2024-09-04 20:35:50,826 : INFO : EventManager : Event: ======'machine_var_audits_missing_switches_s_left_orbit_enter'====== Args={'value': 21, 'prev_value': None, 'change': True}
2024-09-04 20:35:50,826 : INFO : EventManager : Event: ======'machine_var_audits_missing_switches_s_left_orbit_exit'====== Args={'value': 417, 'prev_value': None, 'change': True}
2024-09-04 20:35:50,826 : INFO : EventManager : Event: ======'machine_var_audits_missing_switches_s_left_outlane'====== Args={'value': 10, 'prev_value': None, 'change': True}
2024-09-04 20:35:50,826 : INFO : EventManager : Event: ======'machine_var_audits_missing_switches_s_left_pop_bumper'====== Args={'value': 784, 'prev_value': None, 'change': True}
2024-09-04 20:35:50,826 : INFO : EventManager : Event: ======'machine_var_audits_missing_switches_s_left_ramp_enter'====== Args={'value': 497, 'prev_value': None, 'change': True}
2024-09-04 20:35:50,826 : INFO : EventManager : Event: ======'machine_var_audits_missing_switches_s_left_ramp_exit'====== Args={'value': 497, 'prev_value': None, 'change': True}
2024-09-04 20:35:50,826 : INFO : EventManager : Event: ======'machine_var_audits_missing_switches_s_left_ramp_standup'====== Args={'value': 21, 'prev_value': None, 'change': True}
2024-09-04 20:35:50,827 : INFO : EventManager : Event: ======'machine_var_audits_missing_switches_s_left_rollover_lane'====== Args={'value': 24, 'prev_value': None, 'change': True}
2024-09-04 20:35:50,827 : INFO : EventManager : Event: ======'machine_var_audits_missing_switches_s_left_sling'====== Args={'value': 875, 'prev_value': None, 'change': True}
2024-09-04 20:35:50,827 : INFO : EventManager : Event: ======'machine_var_audits_missing_switches_s_left_spinner'====== Args={'value': 21, 'prev_value': None, 'change': True}
2024-09-04 20:35:50,827 : INFO : EventManager : Event: ======'machine_var_audits_missing_switches_s_middle_inline_drop'====== Args={'value': 25, 'prev_value': None, 'change': True}
2024-09-04 20:35:50,827 : INFO : EventManager : Event: ======'machine_var_audits_missing_switches_s_middle_rollover_lane'====== Args={'value': 24, 'prev_value': None, 'change': True}
2024-09-04 20:35:50,827 : INFO : EventManager : Event: ======'machine_var_audits_missing_switches_s_n_target'====== Args={'value': 2, 'prev_value': None, 'change': True}
2024-09-04 20:35:50,827 : INFO : EventManager : Event: ======'machine_var_audits_missing_switches_s_p2_target'====== Args={'value': 2, 'prev_value': None, 'change': True}
2024-09-04 20:35:50,827 : INFO : EventManager : Event: ======'machine_var_audits_missing_switches_s_right_inlane'====== Args={'value': 10, 'prev_value': None, 'change': True}
2024-09-04 20:35:50,827 : INFO : EventManager : Event: ======'machine_var_audits_missing_switches_s_right_inner_horseshoe'====== Args={'value': 21, 'prev_value': None, 'change': True}
2024-09-04 20:35:50,827 : INFO : EventManager : Event: ======'machine_var_audits_missing_switches_s_right_orbit_exit'====== Args={'value': 417, 'prev_value': None, 'change': True}
2024-09-04 20:35:50,827 : INFO : EventManager : Event: ======'machine_var_audits_missing_switches_s_right_outlane'====== Args={'value': 10, 'prev_value': None, 'change': True}
2024-09-04 20:35:50,827 : INFO : EventManager : Event: ======'machine_var_audits_missing_switches_s_right_pop_bumper'====== Args={'value': 24, 'prev_value': None, 'change': True}
2024-09-04 20:35:50,827 : INFO : EventManager : Event: ======'machine_var_audits_missing_switches_s_right_ramp_enter'====== Args={'value': 497, 'prev_value': None, 'change': True}
2024-09-04 20:35:50,828 : INFO : EventManager : Event: ======'machine_var_audits_missing_switches_s_right_ramp_exit'====== Args={'value': 497, 'prev_value': None, 'change': True}
2024-09-04 20:35:50,828 : INFO : EventManager : Event: ======'machine_var_audits_missing_switches_s_right_ramp_standup'====== Args={'value': 21, 'prev_value': None, 'change': True}
2024-09-04 20:35:50,828 : INFO : EventManager : Event: ======'machine_var_audits_missing_switches_s_right_rollover_lane'====== Args={'value': 24, 'prev_value': None, 'change': True}
2024-09-04 20:35:50,828 : INFO : EventManager : Event: ======'machine_var_audits_missing_switches_s_right_sling'====== Args={'value': 69, 'prev_value': None, 'change': True}
2024-09-04 20:35:50,828 : INFO : EventManager : Event: ======'machine_var_audits_missing_switches_s_top_inline_drop'====== Args={'value': 208, 'prev_value': None, 'change': True}
2024-09-04 20:35:50,828 : INFO : EventManager : Event: ======'machine_var_audits_missing_switches_s_trough1'====== Args={'value': 23, 'prev_value': None, 'change': True}
2024-09-04 20:35:50,828 : INFO : EventManager : Event: ======'machine_var_audits_missing_switches_s_trough2'====== Args={'value': 23, 'prev_value': None, 'change': True}
2024-09-04 20:35:50,828 : INFO : EventManager : Event: ======'machine_var_audits_missing_switches_s_trough3'====== Args={'value': 23, 'prev_value': None, 'change': True}
2024-09-04 20:35:50,828 : INFO : EventManager : Event: ======'machine_var_audits_missing_switches_s_trough4'====== Args={'value': 647, 'prev_value': None, 'change': True}
2024-09-04 20:35:50,828 : INFO : EventManager : Event: ======'machine_var_audits_missing_switches_s_trough5'====== Args={'value': 1180, 'prev_value': None, 'change': True}
2024-09-04 20:35:50,828 : INFO : EventManager : Event: ======'machine_var_audits_missing_switches_s_trough6'====== Args={'value': 1180, 'prev_value': None, 'change': True}
2024-09-04 20:35:50,829 : INFO : EventManager : Event: ======'machine_var_audits_missing_switches_s_trough_jam'====== Args={'value': 1113, 'prev_value': None, 'change': True}
2024-09-04 20:35:50,829 : INFO : EventManager : Event: ======'machine_var_audits_player_score'====== Args={'value': {'average': 16873553, 'top': [36245050, 36245050, 35245050, 34335100, 34245100, 32335100, 30565250, 29425150, 389100, 370600], 'total': 16}, 'prev_value': None, 'change': True}
2024-09-04 20:35:50,829 : INFO : EventManager : Event: ======'machine_var_audits_shots_a_rollover_lane'====== Args={'value': 176, 'prev_value': None, 'change': True}
2024-09-04 20:35:50,829 : INFO : EventManager : Event: ======'machine_var_audits_shots_a_target'====== Args={'value': 7, 'prev_value': None, 'change': True}
2024-09-04 20:35:50,829 : INFO : EventManager : Event: ======'machine_var_audits_shots_ball_lock_a_target'====== Args={'value': 6, 'prev_value': None, 'change': True}
2024-09-04 20:35:50,829 : INFO : EventManager : Event: ======'machine_var_audits_shots_ball_lock_e_target'====== Args={'value': 5, 'prev_value': None, 'change': True}
2024-09-04 20:35:50,829 : INFO : EventManager : Event: ======'machine_var_audits_shots_ball_lock_n_target'====== Args={'value': 5, 'prev_value': None, 'change': True}
2024-09-04 20:35:50,829 : INFO : EventManager : Event: ======'machine_var_audits_shots_ball_lock_p2_target'====== Args={'value': 9, 'prev_value': None, 'change': True}
2024-09-04 20:35:50,829 : INFO : EventManager : Event: ======'machine_var_audits_shots_bottom_inline_drop'====== Args={'value': 50, 'prev_value': None, 'change': True}
2024-09-04 20:35:50,829 : INFO : EventManager : Event: ======'machine_var_audits_shots_e_target'====== Args={'value': 3, 'prev_value': None, 'change': True}
2024-09-04 20:35:50,830 : INFO : EventManager : Event: ======'machine_var_audits_shots_h_rollover_lane'====== Args={'value': 182, 'prev_value': None, 'change': True}
2024-09-04 20:35:50,830 : INFO : EventManager : Event: ======'machine_var_audits_shots_k_rollover_lane'====== Args={'value': 177, 'prev_value': None, 'change': True}
2024-09-04 20:35:50,830 : INFO : EventManager : Event: ======'machine_var_audits_shots_left_rollover_lane'====== Args={'value': 221, 'prev_value': None, 'change': True}
2024-09-04 20:35:50,830 : INFO : EventManager : Event: ======'machine_var_audits_shots_middle_inline_drop'====== Args={'value': 49, 'prev_value': None, 'change': True}
2024-09-04 20:35:50,830 : INFO : EventManager : Event: ======'machine_var_audits_shots_middle_rollover_lane'====== Args={'value': 211, 'prev_value': None, 'change': True}
2024-09-04 20:35:50,830 : INFO : EventManager : Event: ======'machine_var_audits_shots_mode_scoop'====== Args={'value': 116, 'prev_value': None, 'change': True}
2024-09-04 20:35:50,830 : INFO : EventManager : Event: ======'machine_var_audits_shots_n_rollover_lane'====== Args={'value': 171, 'prev_value': None, 'change': True}
2024-09-04 20:35:50,830 : INFO : EventManager : Event: ======'machine_var_audits_shots_n_target'====== Args={'value': 9, 'prev_value': None, 'change': True}
2024-09-04 20:35:50,830 : INFO : EventManager : Event: ======'machine_var_audits_shots_o_target'====== Args={'value': 4, 'prev_value': None, 'change': True}
2024-09-04 20:35:50,831 : INFO : EventManager : Event: ======'machine_var_audits_shots_p2_target'====== Args={'value': 5, 'prev_value': None, 'change': True}
2024-09-04 20:35:50,831 : INFO : EventManager : Event: ======'machine_var_audits_shots_p_target'====== Args={'value': 8, 'prev_value': None, 'change': True}
2024-09-04 20:35:50,831 : INFO : EventManager : Event: ======'machine_var_audits_shots_qualify_a_target'====== Args={'value': 7, 'prev_value': None, 'change': True}
2024-09-04 20:35:50,831 : INFO : EventManager : Event: ======'machine_var_audits_shots_qualify_e_target'====== Args={'value': 8, 'prev_value': None, 'change': True}
2024-09-04 20:35:50,831 : INFO : EventManager : Event: ======'machine_var_audits_shots_qualify_n_target'====== Args={'value': 7, 'prev_value': None, 'change': True}
2024-09-04 20:35:50,831 : INFO : EventManager : Event: ======'machine_var_audits_shots_qualify_o_target'====== Args={'value': 492, 'prev_value': None, 'change': True}
2024-09-04 20:35:50,831 : INFO : EventManager : Event: ======'machine_var_audits_shots_qualify_p2_target'====== Args={'value': 9, 'prev_value': None, 'change': True}
2024-09-04 20:35:50,831 : INFO : EventManager : Event: ======'machine_var_audits_shots_qualify_p_target'====== Args={'value': 464, 'prev_value': None, 'change': True}
2024-09-04 20:35:50,832 : INFO : EventManager : Event: ======'machine_var_audits_shots_qualify_r_target'====== Args={'value': 503, 'prev_value': None, 'change': True}
2024-09-04 20:35:50,832 : INFO : EventManager : Event: ======'machine_var_audits_shots_r_target'====== Args={'value': 14, 'prev_value': None, 'change': True}
2024-09-04 20:35:50,832 : INFO : EventManager : Event: ======'machine_var_audits_shots_rainey_multiball_ball_lock_a_target'====== Args={'value': 138, 'prev_value': None, 'change': True}
2024-09-04 20:35:50,832 : INFO : EventManager : Event: ======'machine_var_audits_shots_rainey_multiball_ball_lock_e_target'====== Args={'value': 121, 'prev_value': None, 'change': True}
2024-09-04 20:35:50,832 : INFO : EventManager : Event: ======'machine_var_audits_shots_rainey_multiball_ball_lock_n_target'====== Args={'value': 114, 'prev_value': None, 'change': True}
2024-09-04 20:35:50,832 : INFO : EventManager : Event: ======'machine_var_audits_shots_rainey_multiball_ball_lock_p2_target'====== Args={'value': 234, 'prev_value': None, 'change': True}
2024-09-04 20:35:50,832 : INFO : EventManager : Event: ======'machine_var_audits_shots_right_rollover_lane'====== Args={'value': 215, 'prev_value': None, 'change': True}
2024-09-04 20:35:50,833 : INFO : EventManager : Event: ======'machine_var_audits_shots_scoop'====== Args={'value': 285, 'prev_value': None, 'change': True}
2024-09-04 20:35:50,833 : INFO : EventManager : Event: ======'machine_var_audits_shots_scoop_mission_select'====== Args={'value': 57, 'prev_value': None, 'change': True}
2024-09-04 20:35:50,833 : INFO : EventManager : Event: ======'machine_var_audits_shots_shot_left_ramp'====== Args={'value': 17, 'prev_value': None, 'change': True}
2024-09-04 20:35:50,833 : INFO : EventManager : Event: ======'machine_var_audits_shots_shot_right_ramp'====== Args={'value': 24, 'prev_value': None, 'change': True}
2024-09-04 20:35:50,833 : INFO : EventManager : Event: ======'machine_var_audits_shots_skillshot_a_target'====== Args={'value': 111, 'prev_value': None, 'change': True}
2024-09-04 20:35:50,833 : INFO : EventManager : Event: ======'machine_var_audits_shots_skillshot_e_target'====== Args={'value': 93, 'prev_value': None, 'change': True}
2024-09-04 20:35:50,833 : INFO : EventManager : Event: ======'machine_var_audits_shots_skillshot_n_target'====== Args={'value': 75, 'prev_value': None, 'change': True}
2024-09-04 20:35:50,833 : INFO : EventManager : Event: ======'machine_var_audits_shots_skillshot_o_target'====== Args={'value': 165, 'prev_value': None, 'change': True}
2024-09-04 20:35:50,834 : INFO : EventManager : Event: ======'machine_var_audits_shots_skillshot_p2_target'====== Args={'value': 185, 'prev_value': None, 'change': True}
2024-09-04 20:35:50,834 : INFO : EventManager : Event: ======'machine_var_audits_shots_skillshot_p_target'====== Args={'value': 110, 'prev_value': None, 'change': True}
2024-09-04 20:35:50,834 : INFO : EventManager : Event: ======'machine_var_audits_shots_skillshot_r_target'====== Args={'value': 176, 'prev_value': None, 'change': True}
2024-09-04 20:35:50,834 : INFO : EventManager : Event: ======'machine_var_audits_shots_spinner'====== Args={'value': 11, 'prev_value': None, 'change': True}
2024-09-04 20:35:50,834 : INFO : EventManager : Event: ======'machine_var_audits_shots_top_inline_drop'====== Args={'value': 8, 'prev_value': None, 'change': True}
2024-09-04 20:35:50,834 : INFO : EventManager : Event: ======'machine_var_audits_switches_s_a_target'====== Args={'value': 266, 'prev_value': None, 'change': True}
2024-09-04 20:35:50,834 : INFO : EventManager : Event: ======'machine_var_audits_switches_s_bottom_inline_drop'====== Args={'value': 1072, 'prev_value': None, 'change': True}
2024-09-04 20:35:50,835 : INFO : EventManager : Event: ======'machine_var_audits_switches_s_bottom_pop_bumper'====== Args={'value': 513, 'prev_value': None, 'change': True}
2024-09-04 20:35:50,835 : INFO : EventManager : Event: ======'machine_var_audits_switches_s_center_spinner'====== Args={'value': 351, 'prev_value': None, 'change': True}
2024-09-04 20:35:50,835 : INFO : EventManager : Event: ======'machine_var_audits_switches_s_e_target'====== Args={'value': 254, 'prev_value': None, 'change': True}
2024-09-04 20:35:50,835 : INFO : EventManager : Event: ======'machine_var_audits_switches_s_launch_button'====== Args={'value': 10, 'prev_value': None, 'change': True}
2024-09-04 20:35:50,835 : INFO : EventManager : Event: ======'machine_var_audits_switches_s_left_flipper'====== Args={'value': 656, 'prev_value': None, 'change': True}
2024-09-04 20:35:50,835 : INFO : EventManager : Event: ======'machine_var_audits_switches_s_left_inlane'====== Args={'value': 187, 'prev_value': None, 'change': True}
2024-09-04 20:35:50,835 : INFO : EventManager : Event: ======'machine_var_audits_switches_s_left_inner_horseshoe'====== Args={'value': 19, 'prev_value': None, 'change': True}
2024-09-04 20:35:50,836 : INFO : EventManager : Event: ======'machine_var_audits_switches_s_left_orbit_enter'====== Args={'value': 118, 'prev_value': None, 'change': True}
2024-09-04 20:35:50,836 : INFO : EventManager : Event: ======'machine_var_audits_switches_s_left_orbit_exit'====== Args={'value': 21, 'prev_value': None, 'change': True}
2024-09-04 20:35:50,836 : INFO : EventManager : Event: ======'machine_var_audits_switches_s_left_outlane'====== Args={'value': 208, 'prev_value': None, 'change': True}
2024-09-04 20:35:50,836 : INFO : EventManager : Event: ======'machine_var_audits_switches_s_left_pop_bumper'====== Args={'value': 9, 'prev_value': None, 'change': True}
2024-09-04 20:35:50,836 : INFO : EventManager : Event: ======'machine_var_audits_switches_s_left_ramp_enter'====== Args={'value': 30, 'prev_value': None, 'change': True}
2024-09-04 20:35:50,836 : INFO : EventManager : Event: ======'machine_var_audits_switches_s_left_ramp_exit'====== Args={'value': 37, 'prev_value': None, 'change': True}
2024-09-04 20:35:50,837 : INFO : EventManager : Event: ======'machine_var_audits_switches_s_left_ramp_standup'====== Args={'value': 1555, 'prev_value': None, 'change': True}
2024-09-04 20:35:50,837 : INFO : EventManager : Event: ======'machine_var_audits_switches_s_left_rollover_lane'====== Args={'value': 226, 'prev_value': None, 'change': True}
2024-09-04 20:35:50,837 : INFO : EventManager : Event: ======'machine_var_audits_switches_s_left_sling'====== Args={'value': 12, 'prev_value': None, 'change': True}
2024-09-04 20:35:50,837 : INFO : EventManager : Event: ======'machine_var_audits_switches_s_left_spinner'====== Args={'value': 275, 'prev_value': None, 'change': True}
2024-09-04 20:35:50,837 : INFO : EventManager : Event: ======'machine_var_audits_switches_s_middle_inline_drop'====== Args={'value': 1053, 'prev_value': None, 'change': True}
2024-09-04 20:35:50,837 : INFO : EventManager : Event: ======'machine_var_audits_switches_s_middle_rollover_lane'====== Args={'value': 214, 'prev_value': None, 'change': True}
2024-09-04 20:35:50,838 : INFO : EventManager : Event: ======'machine_var_audits_switches_s_n_target'====== Args={'value': 234, 'prev_value': None, 'change': True}
2024-09-04 20:35:50,838 : INFO : EventManager : Event: ======'machine_var_audits_switches_s_o_target'====== Args={'value': 551, 'prev_value': None, 'change': True}
2024-09-04 20:35:50,838 : INFO : EventManager : Event: ======'machine_var_audits_switches_s_p2_target'====== Args={'value': 314, 'prev_value': None, 'change': True}
2024-09-04 20:35:50,838 : INFO : EventManager : Event: ======'machine_var_audits_switches_s_p_target'====== Args={'value': 699, 'prev_value': None, 'change': True}
2024-09-04 20:35:50,838 : INFO : EventManager : Event: ======'machine_var_audits_switches_s_plunger'====== Args={'value': 1562, 'prev_value': None, 'change': True}
2024-09-04 20:35:50,839 : INFO : EventManager : Event: ======'machine_var_audits_switches_s_plunger_lane'====== Args={'value': 39, 'prev_value': None, 'change': True}
2024-09-04 20:35:50,839 : INFO : EventManager : Event: ======'machine_var_audits_switches_s_plunger_lane_exit'====== Args={'value': 1230, 'prev_value': None, 'change': True}
2024-09-04 20:35:50,839 : INFO : EventManager : Event: ======'machine_var_audits_switches_s_r_target'====== Args={'value': 555, 'prev_value': None, 'change': True}
2024-09-04 20:35:50,839 : INFO : EventManager : Event: ======'machine_var_audits_switches_s_right_flipper'====== Args={'value': 2259, 'prev_value': None, 'change': True}
2024-09-04 20:35:50,839 : INFO : EventManager : Event: ======'machine_var_audits_switches_s_right_inlane'====== Args={'value': 180, 'prev_value': None, 'change': True}
2024-09-04 20:35:50,839 : INFO : EventManager : Event: ======'machine_var_audits_switches_s_right_inner_horseshoe'====== Args={'value': 29, 'prev_value': None, 'change': True}
2024-09-04 20:35:50,840 : INFO : EventManager : Event: ======'machine_var_audits_switches_s_right_orbit_exit'====== Args={'value': 34, 'prev_value': None, 'change': True}
2024-09-04 20:35:50,840 : INFO : EventManager : Event: ======'machine_var_audits_switches_s_right_outlane'====== Args={'value': 185, 'prev_value': None, 'change': True}
2024-09-04 20:35:50,840 : INFO : EventManager : Event: ======'machine_var_audits_switches_s_right_pop_bumper'====== Args={'value': 25, 'prev_value': None, 'change': True}
2024-09-04 20:35:50,840 : INFO : EventManager : Event: ======'machine_var_audits_switches_s_right_ramp_enter'====== Args={'value': 16, 'prev_value': None, 'change': True}
2024-09-04 20:35:50,840 : INFO : EventManager : Event: ======'machine_var_audits_switches_s_right_ramp_exit'====== Args={'value': 26, 'prev_value': None, 'change': True}
2024-09-04 20:35:50,840 : INFO : EventManager : Event: ======'machine_var_audits_switches_s_right_ramp_standup'====== Args={'value': 314, 'prev_value': None, 'change': True}
2024-09-04 20:35:50,841 : INFO : EventManager : Event: ======'machine_var_audits_switches_s_right_rollover_lane'====== Args={'value': 229, 'prev_value': None, 'change': True}
2024-09-04 20:35:50,841 : INFO : EventManager : Event: ======'machine_var_audits_switches_s_right_sling'====== Args={'value': 15, 'prev_value': None, 'change': True}
2024-09-04 20:35:50,841 : INFO : EventManager : Event: ======'machine_var_audits_switches_s_scoop'====== Args={'value': 968, 'prev_value': None, 'change': True}
2024-09-04 20:35:50,841 : INFO : EventManager : Event: ======'machine_var_audits_switches_s_start'====== Args={'value': 827, 'prev_value': None, 'change': True}
2024-09-04 20:35:50,841 : INFO : EventManager : Event: ======'machine_var_audits_switches_s_top_inline_drop'====== Args={'value': 58, 'prev_value': None, 'change': True}
2024-09-04 20:35:50,842 : INFO : EventManager : Event: ======'machine_var_audits_switches_s_trough1'====== Args={'value': 557, 'prev_value': None, 'change': True}
2024-09-04 20:35:50,842 : INFO : EventManager : Event: ======'machine_var_audits_switches_s_trough2'====== Args={'value': 37, 'prev_value': None, 'change': True}
2024-09-04 20:35:50,842 : INFO : EventManager : Event: ======'machine_var_audits_switches_s_trough3'====== Args={'value': 22, 'prev_value': None, 'change': True}
2024-09-04 20:35:50,842 : INFO : EventManager : Event: ======'machine_var_audits_switches_s_trough4'====== Args={'value': 3, 'prev_value': None, 'change': True}
2024-09-04 20:35:50,842 : INFO : EventManager : Event: ======'machine_var_audits_switches_s_trough5'====== Args={'value': 2, 'prev_value': None, 'change': True}
2024-09-04 20:35:50,843 : INFO : EventManager : Event: ======'machine_var_audits_switches_s_trough6'====== Args={'value': 1, 'prev_value': None, 'change': True}
2024-09-04 20:35:50,843 : INFO : EventManager : Event: ======'machine_var_audits_switches_s_trough_jam'====== Args={'value': 5, 'prev_value': None, 'change': True}
2024-09-04 20:35:50,843 : INFO : EventManager : Event: ======'init_phase_5'====== Args={}
2024-09-04 20:35:50,846 : INFO : EventManager : Event: ======'init_done'====== Args={}
2024-09-04 20:35:50,846 : INFO : EventManager : Event: ======'machine_reset_phase_1'====== Args={}
2024-09-04 20:35:50,857 : INFO : EventManager : Event: ======'machine_reset_phase_2'====== Args={}
2024-09-04 20:35:50,857 : INFO : EventManager : Event: ======'machine_reset_phase_3'====== Args={}
2024-09-04 20:35:50,857 : INFO : drop_target_bank.strickland_bank : All targets are already up. Will not reset bank.
2024-09-04 20:35:50,857 : INFO : EventManager : Event: ======'reset_complete'====== Args={}
2024-09-04 20:35:50,857 : INFO : EventManager : Event: ======'mode_attract_will_start'====== Args={}
2024-09-04 20:35:50,857 : INFO : Timer.attract_switch : Starting Timer.
2024-09-04 20:35:50,857 : INFO : EventManager : Event: ======'timer_attract_switch_started'====== Args={'ticks': 0, 'ticks_remaining': 46}
2024-09-04 20:35:50,857 : INFO : EventManager : Event: ======'timer_attract_switch_tick'====== Args={'ticks': 0, 'ticks_remaining': 46}
2024-09-04 20:35:50,858 : INFO : EventManager : Event: ======'mode_attract_starting'====== Args={}
2024-09-04 20:35:50,858 : INFO : Mode.attract : Started. Priority: 10
2024-09-04 20:35:50,858 : INFO : EventManager : Event: ======'modes_active_modes_changed'====== Args={}
2024-09-04 20:35:50,858 : INFO : EventManager : Event: ======'mode_attract_started'====== Args={}
2024-09-04 20:35:50,858 : INFO : EventManager : Event: ======'collecting_balls_complete'====== Args={}
2024-09-04 20:35:50,858 : INFO : Machine : Starting the main run loop.
2024-09-04 20:35:51,066 : INFO : BcpServer : New client connected.
2024-09-04 20:35:51,370 : INFO : SwitchController : <<<<<<< 's_start' active >>>>>>>
2024-09-04 20:35:51,371 : INFO : EventManager : Event: ======'s_start_active'====== Args={}
2024-09-04 20:35:51,371 : INFO : EventManager : Event: ======'sw_add_player'====== Args={'priority': 0}
2024-09-04 20:35:51,492 : INFO : SwitchController : <<<<<<< 's_start' inactive >>>>>>>
2024-09-04 20:35:51,492 : INFO : EventManager : Event: ======'request_to_start_game'====== Args={}
2024-09-04 20:35:51,493 : INFO : EventManager : Event: ======'game_start'====== Args={'buttons': [], 'hold_time': 0.12107891700000006}
2024-09-04 20:35:51,493 : INFO : EventManager : Event: ======'mode_game_will_start'====== Args={'buttons': [], 'hold_time': 0.12107891700000006}
2024-09-04 20:35:51,493 : INFO : EventManager : Event: ======'mode_game_starting'====== Args={'buttons': [], 'hold_time': 0.12107891700000006}
2024-09-04 20:35:51,493 : INFO : EventManager : Event: ======'mode_attract_will_stop'====== Args={}
2024-09-04 20:35:51,493 : INFO : EventManager : Event: ======'mode_attract_stopping'====== Args={}
2024-09-04 20:35:51,493 : INFO : Mode.attract : Stopped.
2024-09-04 20:35:51,493 : INFO : EventManager : Event: ======'modes_active_modes_changed'====== Args={}
2024-09-04 20:35:51,494 : INFO : EventManager : Event: ======'mode_attract_stopped'====== Args={}
2024-09-04 20:35:51,494 : INFO : EventManager : Event: ======'clear'====== Args={'key': 'attract'}
2024-09-04 20:35:51,494 : INFO : Timer.attract_switch : Stopping Timer
2024-09-04 20:35:51,494 : INFO : EventManager : Event: ======'timer_attract_switch_stopped'====== Args={'ticks': 0, 'ticks_remaining': 46}
2024-09-04 20:35:51,494 : INFO : Mode.game : Started. Priority: 20
2024-09-04 20:35:51,494 : INFO : EventManager : Event: ======'modes_active_modes_changed'====== Args={}
2024-09-04 20:35:51,494 : INFO : EventManager : Event: ======'mode_game_started'====== Args={'buttons': [], 'hold_time': 0.12107891700000006}
2024-09-04 20:35:51,495 : INFO : EventManager : Event: ======'game_will_start'====== Args={}
2024-09-04 20:35:51,495 : INFO : EventManager : Event: ======'game_starting'====== Args={'game': <Mode.game>}
2024-09-04 20:35:51,495 : INFO : EventManager : Unordered handler for class <Auditor> on event game_ended with priority 1. Handlers: [RegisteredHandler(callback=<bound method Auditor.disable of <Auditor>>, priority=1, kwargs={}, key=UUID('e7e4db3a-3625-46b8-ae9f-6a004d32417c'), condition=None, blocking_facility=None), RegisteredHandler(callback=<bound method Auditor._save_audits of <Auditor>>, priority=1, kwargs={}, key=UUID('d902288d-04a2-4eb0-977d-daab27ff7a9a'), condition=None, blocking_facility=None)]. The order of those handlers is not defined and they will be executed in random order. This might lead to race conditions and potential bugs.
2024-09-04 20:35:51,495 : INFO : EventManager : Event: ======'player_add_request'====== Args={}
2024-09-04 20:35:51,496 : INFO : EventManager : Event: ======'player_will_add'====== Args={'number': 1}
2024-09-04 20:35:51,496 : INFO : EventManager : Event: ======'player_adding'====== Args={'player': <Player 1>, 'number': 1}
2024-09-04 20:35:51,496 : INFO : EventManager : Event: ======'player_added'====== Args={'player': <Player 1>, 'num': 1}
2024-09-04 20:35:51,496 : INFO : Mode.game : Player added successfully. Total players: 1
2024-09-04 20:35:51,496 : INFO : EventManager : Event: ======'player_index'====== Args={'value': 0, 'prev_value': 0, 'change': 0, 'player_num': 1}
2024-09-04 20:35:51,496 : INFO : EventManager : Event: ======'player_number'====== Args={'value': 1, 'prev_value': 1, 'change': 0, 'player_num': 1}
2024-09-04 20:35:51,496 : INFO : EventManager : Event: ======'player_score'====== Args={'value': 0, 'prev_value': 0, 'change': 0, 'player_num': 1}
2024-09-04 20:35:51,497 : INFO : EventManager : Event: ======'game_started'====== Args={}
2024-09-04 20:35:51,497 : INFO : EventManager : Event: ======'player_turn_will_start'====== Args={'player': <Player 1>, 'number': 1}
2024-09-04 20:35:51,497 : INFO : EventManager : Event: ======'player_turn_starting'====== Args={'player': <Player 1>, 'number': 1}
2024-09-04 20:35:51,497 : INFO : EventManager : Event: ======'player_ball'====== Args={'value': 1, 'prev_value': 0, 'change': 1, 'player_num': 1}
2024-09-04 20:35:51,498 : INFO : EventManager : Event: ======'player_turn_started'====== Args={'player': <Player 1>, 'number': 1}
2024-09-04 20:35:51,498 : INFO : EventManager : Event: ======'ball_will_start'====== Args={'player': 1, 'ball': 1, 'balls_remaining': 2, 'is_extra_ball': False}
2024-09-04 20:35:51,498 : INFO : EventManager : Event: ======'ball_starting'====== Args={'player': 1, 'ball': 1, 'balls_remaining': 2, 'is_extra_ball': False}
2024-09-04 20:35:51,498 : INFO : EventManager : Event: ======'mode_rainey_multiball_will_start'====== Args={'queue': <QueuedEvent>, 'player': 1, 'ball': 1, 'balls_remaining': 2, 'is_extra_ball': False}
2024-09-04 20:35:51,499 : INFO : EventManager : Event: ======'mode_rainey_multiball_starting'====== Args={'queue': <QueuedEvent>, 'player': 1, 'ball': 1, 'balls_remaining': 2, 'is_extra_ball': False}
2024-09-04 20:35:51,499 : INFO : EventManager : Event: ======'mode_skillshot_will_start'====== Args={'queue': <QueuedEvent>, 'player': 1, 'ball': 1, 'balls_remaining': 2, 'is_extra_ball': False}
2024-09-04 20:35:51,500 : INFO : EventManager : Event: ======'skillshot_complete'====== Args={'state': 'None'}
2024-09-04 20:35:51,500 : INFO : EventManager : Event: ======'skillshot_None_complete'====== Args={}
2024-09-04 20:35:51,500 : INFO : EventManager : Event: ======'player_shot_skillshot_p_target_enabled'====== Args={'value': True, 'prev_value': 0, 'change': 1, 'player_num': 1}
2024-09-04 20:35:51,500 : INFO : EventManager : Event: ======'player_shot_skillshot_r_target_enabled'====== Args={'value': True, 'prev_value': 0, 'change': 1, 'player_num': 1}
2024-09-04 20:35:51,501 : INFO : EventManager : Event: ======'player_shot_skillshot_o_target_enabled'====== Args={'value': True, 'prev_value': 0, 'change': 1, 'player_num': 1}
2024-09-04 20:35:51,501 : INFO : EventManager : Event: ======'player_shot_skillshot_p2_target_enabled'====== Args={'value': True, 'prev_value': 0, 'change': 1, 'player_num': 1}
2024-09-04 20:35:51,501 : INFO : EventManager : Event: ======'player_shot_skillshot_a_target_enabled'====== Args={'value': True, 'prev_value': 0, 'change': 1, 'player_num': 1}
2024-09-04 20:35:51,501 : INFO : EventManager : Event: ======'player_shot_skillshot_n_target_enabled'====== Args={'value': True, 'prev_value': 0, 'change': 1, 'player_num': 1}
2024-09-04 20:35:51,502 : INFO : EventManager : Event: ======'player_shot_skillshot_e_target_enabled'====== Args={'value': True, 'prev_value': 0, 'change': 1, 'player_num': 1}
2024-09-04 20:35:51,502 : INFO : EventManager : Event: ======'player_skillshot_skillshot_rotate_tick'====== Args={'value': 0, 'prev_value': 0, 'change': 0, 'player_num': 1}
2024-09-04 20:35:51,502 : INFO : Timer.skillshot_rotate : Starting Timer.
2024-09-04 20:35:51,502 : INFO : EventManager : Event: ======'timer_skillshot_rotate_started'====== Args={'ticks': 0, 'ticks_remaining': 0}
2024-09-04 20:35:51,502 : INFO : EventManager : Event: ======'timer_skillshot_rotate_tick'====== Args={'ticks': 0, 'ticks_remaining': 0}
2024-09-04 20:35:51,503 : INFO : EventManager : Event: ======'mode_skillshot_starting'====== Args={'queue': <QueuedEvent>, 'player': 1, 'ball': 1, 'balls_remaining': 2, 'is_extra_ball': False}
2024-09-04 20:35:51,503 : INFO : drop_target_bank.strickland_bank : All targets are already up. Will not reset bank.
2024-09-04 20:35:51,503 : INFO : EventManager : Event: ======'cmd_flippers_enable'====== Args={'priority': 0}
2024-09-04 20:35:51,503 : INFO : EventManager : Event: ======'cmd_autofire_coils_enable'====== Args={'priority': 0}
2024-09-04 20:35:51,503 : INFO : EventManager : Event: ======'cmd_drop_targets_reset'====== Args={'priority': 0}
2024-09-04 20:35:51,503 : INFO : Mode.skillshot : Started. Priority: 200
2024-09-04 20:35:51,503 : INFO : EventManager : Event: ======'modes_active_modes_changed'====== Args={}
2024-09-04 20:35:51,504 : INFO : EventManager : Event: ======'mode_skillshot_started'====== Args={'queue': <QueuedEvent>, 'player': 1, 'ball': 1, 'balls_remaining': 2, 'is_extra_ball': False}
2024-09-04 20:35:51,504 : INFO : EventManager : Event: ======'player_shot_skillshot_p_target'====== Args={'value': 1, 'prev_value': 0, 'change': 1, 'player_num': 1}
2024-09-04 20:35:51,504 : INFO : EventManager : Event: ======'balls_in_play'====== Args={'balls': 1}
2024-09-04 20:35:51,504 : INFO : EventManager : Event: ======'ball_started'====== Args={'player': 1, 'ball': 1, 'balls_remaining': 2, 'is_extra_ball': False}
2024-09-04 20:35:51,507 : INFO : EventManager : Event: ======'mode_extra_ball_will_start'====== Args={'player': 1, 'ball': 1, 'balls_remaining': 2, 'is_extra_ball': False}
2024-09-04 20:35:51,507 : INFO : EventManager : Event: ======'player_extra_ball_score_one_num_awarded'====== Args={'value': 0, 'prev_value': 0, 'change': 0, 'player_num': 1}
2024-09-04 20:35:51,508 : INFO : EventManager : Event: ======'player_extra_ball_score_two_num_awarded'====== Args={'value': 0, 'prev_value': 0, 'change': 0, 'player_num': 1}
2024-09-04 20:35:51,508 : INFO : EventManager : Event: ======'player_extra_ball_score_three_num_awarded'====== Args={'value': 0, 'prev_value': 0, 'change': 0, 'player_num': 1}
2024-09-04 20:35:51,508 : INFO : EventManager : Event: ======'mode_extra_ball_starting'====== Args={'player': 1, 'ball': 1, 'balls_remaining': 2, 'is_extra_ball': False}
2024-09-04 20:35:51,508 : INFO : EventManager : Event: ======'mode_BBQ_rollover_will_start'====== Args={'player': 1, 'ball': 1, 'balls_remaining': 2, 'is_extra_ball': False}
2024-09-04 20:35:51,509 : INFO : EventManager : Event: ======'player_shot_left_rollover_lane_enabled'====== Args={'value': True, 'prev_value': 0, 'change': 1, 'player_num': 1}
2024-09-04 20:35:51,509 : INFO : EventManager : Event: ======'player_shot_middle_rollover_lane_enabled'====== Args={'value': True, 'prev_value': 0, 'change': 1, 'player_num': 1}
2024-09-04 20:35:51,509 : INFO : EventManager : Event: ======'player_shot_right_rollover_lane_enabled'====== Args={'value': True, 'prev_value': 0, 'change': 1, 'player_num': 1}
2024-09-04 20:35:51,509 : INFO : EventManager : Event: ======'BBQ_lanes_complete'====== Args={'state': 'unlit'}
2024-09-04 20:35:51,509 : INFO : EventManager : Event: ======'BBQ_lanes_unlit_complete'====== Args={}
2024-09-04 20:35:51,510 : INFO : EventManager : Event: ======'mode_BBQ_rollover_starting'====== Args={'player': 1, 'ball': 1, 'balls_remaining': 2, 'is_extra_ball': False}
2024-09-04 20:35:51,510 : INFO : EventManager : Event: ======'mode_hank_rollover_will_start'====== Args={'player': 1, 'ball': 1, 'balls_remaining': 2, 'is_extra_ball': False}
2024-09-04 20:35:51,511 : INFO : EventManager : Event: ======'player_shot_h_rollover_lane_enabled'====== Args={'value': True, 'prev_value': 0, 'change': 1, 'player_num': 1}
2024-09-04 20:35:51,511 : INFO : EventManager : Event: ======'player_shot_a_rollover_lane_enabled'====== Args={'value': True, 'prev_value': 0, 'change': 1, 'player_num': 1}
2024-09-04 20:35:51,511 : INFO : EventManager : Event: ======'player_shot_n_rollover_lane_enabled'====== Args={'value': True, 'prev_value': 0, 'change': 1, 'player_num': 1}
2024-09-04 20:35:51,511 : INFO : EventManager : Event: ======'player_shot_k_rollover_lane_enabled'====== Args={'value': True, 'prev_value': 0, 'change': 1, 'player_num': 1}
2024-09-04 20:35:51,512 : INFO : EventManager : Event: ======'hank_lanes_complete'====== Args={'state': 'unlit'}
2024-09-04 20:35:51,512 : INFO : EventManager : Event: ======'hank_lanes_unlit_complete'====== Args={}
2024-09-04 20:35:51,512 : INFO : EventManager : Event: ======'mode_hank_rollover_starting'====== Args={'player': 1, 'ball': 1, 'balls_remaining': 2, 'is_extra_ball': False}
2024-09-04 20:35:51,512 : INFO : EventManager : Event: ======'mode_base_will_start'====== Args={'player': 1, 'ball': 1, 'balls_remaining': 2, 'is_extra_ball': False}
2024-09-04 20:35:51,512 : INFO : EventManager : Event: ======'player_shot_qualify_p_target_enabled'====== Args={'value': True, 'prev_value': 0, 'change': 1, 'player_num': 1}
2024-09-04 20:35:51,513 : INFO : EventManager : Event: ======'player_shot_qualify_r_target_enabled'====== Args={'value': True, 'prev_value': 0, 'change': 1, 'player_num': 1}
2024-09-04 20:35:51,513 : INFO : EventManager : Event: ======'player_shot_qualify_o_target_enabled'====== Args={'value': True, 'prev_value': 0, 'change': 1, 'player_num': 1}
2024-09-04 20:35:51,513 : INFO : EventManager : Event: ======'player_shot_mode_scoop_enabled'====== Args={'value': False, 'prev_value': 0, 'change': 0, 'player_num': 1}
2024-09-04 20:35:51,513 : INFO : EventManager : Event: ======'player_shot_rainey_multiball_ball_lock_p2_target_enabled'====== Args={'value': True, 'prev_value': 0, 'change': 1, 'player_num': 1}
2024-09-04 20:35:51,513 : INFO : EventManager : Event: ======'player_shot_rainey_multiball_ball_lock_a_target_enabled'====== Args={'value': True, 'prev_value': 0, 'change': 1, 'player_num': 1}
2024-09-04 20:35:51,514 : INFO : EventManager : Event: ======'player_shot_rainey_multiball_ball_lock_n_target_enabled'====== Args={'value': True, 'prev_value': 0, 'change': 1, 'player_num': 1}
2024-09-04 20:35:51,514 : INFO : EventManager : Event: ======'player_shot_rainey_multiball_ball_lock_e_target_enabled'====== Args={'value': True, 'prev_value': 0, 'change': 1, 'player_num': 1}
2024-09-04 20:35:51,514 : INFO : EventManager : Event: ======'player_shot_bottom_inline_drop_enabled'====== Args={'value': True, 'prev_value': 0, 'change': 1, 'player_num': 1}
2024-09-04 20:35:51,514 : INFO : EventManager : Event: ======'player_shot_middle_inline_drop_enabled'====== Args={'value': True, 'prev_value': 0, 'change': 1, 'player_num': 1}
2024-09-04 20:35:51,514 : INFO : EventManager : Event: ======'player_shot_top_inline_drop_enabled'====== Args={'value': True, 'prev_value': 0, 'change': 1, 'player_num': 1}
2024-09-04 20:35:51,515 : INFO : EventManager : Event: ======'qualify_mission_complete'====== Args={'state': 'unlit'}
2024-09-04 20:35:51,515 : INFO : EventManager : Event: ======'qualify_mission_unlit_complete'====== Args={}
2024-09-04 20:35:51,515 : INFO : EventManager : Event: ======'light_rainey_multiball_ball_lock_complete'====== Args={'state': 'unlit'}
2024-09-04 20:35:51,515 : INFO : EventManager : Event: ======'light_rainey_multiball_ball_lock_unlit_complete'====== Args={}
2024-09-04 20:35:51,515 : INFO : EventManager : Event: ======'strickland_drops_complete'====== Args={'state': 'unlit'}
2024-09-04 20:35:51,515 : INFO : EventManager : Event: ======'strickland_drops_unlit_complete'====== Args={}
2024-09-04 20:35:51,516 : INFO : EventManager : Event: ======'achievement_bill_bulk_and_the_body_buddies_changed_state'====== Args={'restore': False, 'state': 'enabled', 'selected': False}
2024-09-04 20:35:51,516 : INFO : EventManager : Event: ======'achievement_bill_bulk_and_the_body_buddies_state_enabled'====== Args={'restore': False, 'state': 'enabled', 'selected': False}
2024-09-04 20:35:51,518 : INFO : EventManager : Event: ======'mode_base_starting'====== Args={'player': 1, 'ball': 1, 'balls_remaining': 2, 'is_extra_ball': False}
2024-09-04 20:35:51,519 : INFO : EventManager : Event: ======'mode_strickland_multiball_will_start'====== Args={'state': 'unlit'}
2024-09-04 20:35:51,519 : INFO : EventManager : Event: ======'mode_strickland_multiball_starting'====== Args={'state': 'unlit'}
2024-09-04 20:35:51,519 : INFO : Mode.strickland_multiball : Started. Priority: 250
2024-09-04 20:35:51,519 : INFO : EventManager : Event: ======'modes_active_modes_changed'====== Args={}
2024-09-04 20:35:51,519 : INFO : EventManager : Event: ======'mode_strickland_multiball_started'====== Args={'state': 'unlit'}
2024-09-04 20:35:51,519 : INFO : Mode.extra_ball : Started. Priority: 900
2024-09-04 20:35:51,519 : INFO : EventManager : Event: ======'modes_active_modes_changed'====== Args={}
2024-09-04 20:35:51,519 : INFO : EventManager : Event: ======'mode_extra_ball_started'====== Args={'player': 1, 'ball': 1, 'balls_remaining': 2, 'is_extra_ball': False}
2024-09-04 20:35:51,519 : INFO : EventManager : Event: ======'logicblock_mb_counter_updated'====== Args={'value': 0, 'enabled': False}
2024-09-04 20:35:51,519 : INFO : Mode.rainey_multiball : Started. Priority: 250
2024-09-04 20:35:51,519 : INFO : EventManager : Event: ======'modes_active_modes_changed'====== Args={}
2024-09-04 20:35:51,520 : INFO : EventManager : Event: ======'mode_rainey_multiball_started'====== Args={'queue': <QueuedEvent>, 'player': 1, 'ball': 1, 'balls_remaining': 2, 'is_extra_ball': False}
2024-09-04 20:35:51,520 : INFO : EventManager : Event: ======'logicblock_lb_BBQ_complete_count_updated'====== Args={'value': 1, 'enabled': True}
2024-09-04 20:35:51,520 : INFO : EventManager : Event: ======'logicblock_lb_BBQ_complete_count_updated'====== Args={'value': 1, 'enabled': True}
2024-09-04 20:35:51,520 : INFO : Mode.BBQ_rollover : Started. Priority: 200
2024-09-04 20:35:51,520 : INFO : EventManager : Event: ======'modes_active_modes_changed'====== Args={}
2024-09-04 20:35:51,520 : INFO : EventManager : Event: ======'mode_BBQ_rollover_started'====== Args={'player': 1, 'ball': 1, 'balls_remaining': 2, 'is_extra_ball': False}
2024-09-04 20:35:51,520 : INFO : EventManager : Event: ======'logicblock_lb_hank_complete_count_updated'====== Args={'value': 1, 'enabled': True}
2024-09-04 20:35:51,520 : INFO : EventManager : Event: ======'logicblock_lb_hank_complete_count_updated'====== Args={'value': 1, 'enabled': True}
2024-09-04 20:35:51,520 : INFO : Mode.hank_rollover : Started. Priority: 200
2024-09-04 20:35:51,520 : INFO : EventManager : Event: ======'modes_active_modes_changed'====== Args={}
2024-09-04 20:35:51,520 : INFO : EventManager : Event: ======'mode_hank_rollover_started'====== Args={'player': 1, 'ball': 1, 'balls_remaining': 2, 'is_extra_ball': False}
2024-09-04 20:35:51,520 : INFO : EventManager : Event: ======'player_bonus_multiplier'====== Args={'value': 1, 'prev_value': 0, 'change': 1, 'player_num': 1, 'source': 'BBQ_rollover'}
2024-09-04 20:35:51,520 : INFO : EventManager : Event: ======'logicblock_bill_mini_wizard_updated'====== Args={'value': [False, False], 'enabled': True}
2024-09-04 20:35:51,521 : INFO : EventManager : Event: ======'logicblock_dale_mini_wizard_updated'====== Args={'value': [False, False], 'enabled': True}
2024-09-04 20:35:51,521 : INFO : EventManager : Event: ======'logicblock_hank_mini_wizard_updated'====== Args={'value': [False, False], 'enabled': True}
2024-09-04 20:35:51,521 : INFO : EventManager : Event: ======'logicblock_boom_mini_wizard_updated'====== Args={'value': [False, False], 'enabled': True}
2024-09-04 20:35:51,521 : INFO : EventManager : Event: ======'logicblock_wizard_mode_updated'====== Args={'value': [False, False, False, False], 'enabled': True}
2024-09-04 20:35:51,521 : INFO : EventManager : Event: ======'logicblock_bill_mini_wizard_updated'====== Args={'value': [False, False], 'enabled': True}
2024-09-04 20:35:51,521 : INFO : EventManager : Event: ======'logicblock_dale_mini_wizard_updated'====== Args={'value': [False, False], 'enabled': True}
2024-09-04 20:35:51,521 : INFO : EventManager : Event: ======'logicblock_hank_mini_wizard_updated'====== Args={'value': [False, False], 'enabled': True}
2024-09-04 20:35:51,521 : INFO : EventManager : Event: ======'logicblock_boom_mini_wizard_updated'====== Args={'value': [False, False], 'enabled': True}
2024-09-04 20:35:51,521 : INFO : EventManager : Event: ======'logicblock_wizard_mode_updated'====== Args={'value': [False, False, False, False], 'enabled': True}
2024-09-04 20:35:51,521 : INFO : Mode.base : Started. Priority: 100
2024-09-04 20:35:51,521 : INFO : EventManager : Event: ======'modes_active_modes_changed'====== Args={}
2024-09-04 20:35:51,521 : INFO : EventManager : Event: ======'mode_base_started'====== Args={'player': 1, 'ball': 1, 'balls_remaining': 2, 'is_extra_ball': False}
2024-09-04 20:35:51,521 : INFO : EventManager : Event: ======'ball_save_default_enabled'====== Args={}
2024-09-04 20:35:51,522 : INFO : EventManager : Event: ======'single_player_ball_started'====== Args={}
2024-09-04 20:35:51,522 : INFO : EventManager : Event: ======'slide__removed'====== Args={'_from_bcp': True}
2024-09-04 20:35:51,522 : INFO : EventManager : Event: ======'ball_start_target'====== Args={'target': 'playfield'}
2024-09-04 20:35:51,522 : INFO : ball_device.bd_plunger : Setting up player-controlled eject. Balls: 1, Target: <playfield.playfield>, player_controlled_eject_event: s_launch_button_inactive
2024-09-04 20:35:51,522 : INFO : EventManager : Event: ======'balldevice_balls_available'====== Args={}
2024-09-04 20:35:51,523 : INFO : ball_device.bd_trough : State: waiting_for_target_ready
2024-09-04 20:35:51,523 : INFO : EventManager : Event: ======'balldevice_bd_trough_ball_eject_attempt'====== Args={'balls': 1, 'target': <ball_device.bd_plunger>, 'source': <ball_device.bd_trough>, 'mechanical_eject': True, 'num_attempts': 0}
2024-09-04 20:35:51,523 : INFO : ball_device.bd_plunger : State: waiting_for_ball
2024-09-04 20:35:51,523 : INFO : ball_device.bd_trough : State: ejecting
2024-09-04 20:35:51,523 : INFO : ball_device.bd_trough : Ejecting ball to <ball_device.bd_plunger>
2024-09-04 20:35:51,523 : INFO : EventManager : Event: ======'balldevice_bd_trough_ejecting_ball'====== Args={'balls': 1, 'target': <ball_device.bd_plunger>, 'source': <ball_device.bd_trough>, 'mechanical_eject': True, 'num_attempts': 0}
2024-09-04 20:35:51,523 : INFO : ball_device.bd_trough : Wait for ball to leave device
2024-09-04 20:35:51,524 : INFO : coil.c_trough_eject : Pulsing Driver for 20ms (1.0 pulse_power)
2024-09-04 20:35:51,524 : INFO : SwitchController : <<<<<<< 's_trough1' inactive >>>>>>>
2024-09-04 20:35:51,524 : INFO : ball_device.bd_trough : State: ball_left
2024-09-04 20:35:51,524 : INFO : ball_device.bd_trough : Ball left
2024-09-04 20:35:51,524 : INFO : ball_device.bd_trough : Wait for confirm with timeout 3.0
2024-09-04 20:35:51,541 : INFO : EventManager : Event: ======'slide_arlen_intro_created'====== Args={'_from_bcp': True}
2024-09-04 20:35:51,541 : INFO : EventManager : Event: ======'slide_arlen_intro_active'====== Args={'original_context': 'skillshot', 'original_calling_context': 'mode_skillshot_started{ball==1}', 'priority': 200.0, 'queue': '<QueuedEvent>', 'player': 1.0, 'ball': 1.0, 'balls_remaining': 2.0, 'is_extra_ball': False, 'cmd': 'slides_play', '_from_bcp': True}
2024-09-04 20:35:51,548 : INFO : EventManager : Event: ======'slide_base_created'====== Args={'_from_bcp': True}
2024-09-04 20:35:51,591 : INFO : SwitchController : <<<<<<< 's_plunger' active >>>>>>>
2024-09-04 20:35:51,591 : INFO : EventManager : Event: ======'machine_var_audits_switches_s_plunger'====== Args={'value': 1563, 'prev_value': 1562, 'change': 1}
2024-09-04 20:35:51,675 : INFO : SwitchController : <<<<<<< 's_plunger' inactive >>>>>>>
2024-09-04 20:35:52,004 : INFO : EventManager : Event: ======'player_skillshot_skillshot_rotate_tick'====== Args={'value': 1, 'prev_value': 0, 'change': 1, 'player_num': 1}
2024-09-04 20:35:52,005 : INFO : EventManager : Event: ======'timer_skillshot_rotate_tick'====== Args={'ticks': 1, 'ticks_remaining': 0}
2024-09-04 20:35:52,006 : INFO : EventManager : Event: ======'player_shot_skillshot_p_target'====== Args={'value': 0, 'prev_value': 1, 'change': -1, 'player_num': 1}
2024-09-04 20:35:52,008 : INFO : EventManager : Event: ======'player_shot_skillshot_r_target'====== Args={'value': 1, 'prev_value': 0, 'change': 1, 'player_num': 1}
2024-09-04 20:35:52,503 : INFO : EventManager : Event: ======'player_skillshot_skillshot_rotate_tick'====== Args={'value': 2, 'prev_value': 1, 'change': 1, 'player_num': 1}
2024-09-04 20:35:52,504 : INFO : EventManager : Event: ======'timer_skillshot_rotate_tick'====== Args={'ticks': 2, 'ticks_remaining': 0}
2024-09-04 20:35:52,504 : INFO : EventManager : Event: ======'player_shot_skillshot_r_target'====== Args={'value': 0, 'prev_value': 1, 'change': -1, 'player_num': 1}
2024-09-04 20:35:52,505 : INFO : EventManager : Event: ======'player_shot_skillshot_o_target'====== Args={'value': 1, 'prev_value': 0, 'change': 1, 'player_num': 1}
2024-09-04 20:35:53,004 : INFO : EventManager : Event: ======'player_skillshot_skillshot_rotate_tick'====== Args={'value': 3, 'prev_value': 2, 'change': 1, 'player_num': 1}
2024-09-04 20:35:53,005 : INFO : EventManager : Event: ======'timer_skillshot_rotate_tick'====== Args={'ticks': 3, 'ticks_remaining': 0}
2024-09-04 20:35:53,005 : INFO : EventManager : Event: ======'player_shot_skillshot_o_target'====== Args={'value': 0, 'prev_value': 1, 'change': -1, 'player_num': 1}
2024-09-04 20:35:53,006 : INFO : EventManager : Event: ======'player_shot_skillshot_p2_target'====== Args={'value': 1, 'prev_value': 0, 'change': 1, 'player_num': 1}
2024-09-04 20:35:53,504 : INFO : EventManager : Event: ======'player_skillshot_skillshot_rotate_tick'====== Args={'value': 4, 'prev_value': 3, 'change': 1, 'player_num': 1}
2024-09-04 20:35:53,505 : INFO : EventManager : Event: ======'timer_skillshot_rotate_tick'====== Args={'ticks': 4, 'ticks_remaining': 0}
2024-09-04 20:35:53,506 : INFO : EventManager : Event: ======'player_shot_skillshot_p2_target'====== Args={'value': 0, 'prev_value': 1, 'change': -1, 'player_num': 1}
2024-09-04 20:35:53,508 : INFO : EventManager : Event: ======'player_shot_skillshot_a_target'====== Args={'value': 1, 'prev_value': 0, 'change': 1, 'player_num': 1}
2024-09-04 20:35:53,648 : INFO : SwitchController : <<<<<<< 's_plunger_lane_exit' active >>>>>>>
2024-09-04 20:35:53,648 : INFO : EventManager : Event: ======'s_plunger_lane_exit_active'====== Args={}
2024-09-04 20:35:53,648 : INFO : EventManager : Event: ======'sw_playfield_active'====== Args={}
2024-09-04 20:35:53,648 : INFO : EventManager : Event: ======'machine_var_audits_switches_s_plunger_lane_exit'====== Args={'value': 1231, 'prev_value': 1230, 'change': 1}
2024-09-04 20:35:53,649 : INFO : EventManager : Event: ======'ball_save_default_timer_start'====== Args={}
2024-09-04 20:35:53,650 : INFO : EventManager : Event: ======'playfield_active'====== Args={}
2024-09-04 20:35:53,650 : INFO : EventManager : Event: ======'unexpected_ball_on_playfield'====== Args={}
2024-09-04 20:35:53,655 : INFO : EventManager : Event: ======'ball_save_default_hurry_up'====== Args={}
2024-09-04 20:35:53,658 : INFO : EventManager : Event: ======'slide_arlen_intro_inactive'====== Args={'is_removing': True, '_from_bcp': True}
2024-09-04 20:35:53,659 : INFO : EventManager : Event: ======'slide_base_active'====== Args={'_from_bcp': True}
2024-09-04 20:35:53,662 : INFO : EventManager : Event: ======'slide_arlen_intro_removed'====== Args={'_from_bcp': True}
2024-09-04 20:35:53,683 : INFO : EventManager : Event: ======'slide_skillshot_created'====== Args={'_from_bcp': True}
2024-09-04 20:35:53,683 : INFO : EventManager : Event: ======'slide_arlen_intro_removed'====== Args={'_from_bcp': True}
2024-09-04 20:35:53,683 : INFO : EventManager : Event: ======'slide_base_inactive'====== Args={'is_removing': False, '_from_bcp': True}
2024-09-04 20:35:53,683 : INFO : EventManager : Event: ======'slide_skillshot_active'====== Args={'original_context': 'skillshot', 'original_calling_context': 'slide_arlen_intro_inactive', 'priority': 200.0, 'is_removing': True, 'cmd': 'slides_play', '_from_bcp': True}
2024-09-04 20:35:53,748 : INFO : SwitchController : <<<<<<< 's_plunger_lane_exit' inactive >>>>>>>
2024-09-04 20:35:53,748 : INFO : EventManager : Event: ======'s_plunger_lane_exit_inactive'====== Args={}
2024-09-04 20:35:53,749 : INFO : Timer.skillshot_rotate : Stopping Timer
2024-09-04 20:35:53,749 : INFO : EventManager : Event: ======'timer_skillshot_rotate_stopped'====== Args={'ticks': 4, 'ticks_remaining': 0}
2024-09-04 20:35:53,749 : INFO : EventManager : Event: ======'advance_skillshot_5'====== Args={'priority': 0}
2024-09-04 20:35:53,749 : INFO : EventManager : Event: ======'player_shot_skillshot_a_target'====== Args={'value': 2, 'prev_value': 1, 'change': 1, 'player_num': 1}
2024-09-04 20:35:54,411 : INFO : EventManager : Event: ======'slide_arlen_intro_removed'====== Args={'_from_bcp': True}
2024-09-04 20:35:54,526 : INFO : ball_device.bd_trough : State: failed_confirm
2024-09-04 20:35:54,526 : INFO : ball_device.bd_trough : Got timeout (3.0s) before confirm from <ball_device.bd_plunger>
2024-09-04 20:35:54,526 : INFO : ball_device.bd_plunger : Expecting incoming ball which may skip the device.
2024-09-04 20:35:54,527 : INFO : EventManager : Event: ======'balldevice_bd_plunger_ejecting_ball'====== Args={'balls': 1, 'target': <playfield.playfield>, 'source': <ball_device.bd_plunger>, 'mechanical_eject': False, 'num_attempts': 1}
2024-09-04 20:35:55,652 : INFO : EventManager : Event: ======'ball_save_default_grace_period'====== Args={}
2024-09-04 20:35:56,656 : INFO : EventManager : Event: ======'stop_mode_skillshot'====== Args={'priority': 0}
2024-09-04 20:35:56,658 : INFO : EventManager : Event: ======'mode_skillshot_will_stop'====== Args={}
2024-09-04 20:35:56,658 : INFO : EventManager : Event: ======'mode_skillshot_stopping'====== Args={}
2024-09-04 20:35:56,659 : INFO : Mode.skillshot : Stopped.
2024-09-04 20:35:56,659 : INFO : EventManager : Event: ======'modes_active_modes_changed'====== Args={}
2024-09-04 20:35:56,661 : INFO : EventManager : Event: ======'mode_skillshot_stopped'====== Args={}
2024-09-04 20:35:56,662 : INFO : EventManager : Event: ======'clear'====== Args={'key': 'skillshot'}
2024-09-04 20:35:56,664 : INFO : Timer.skillshot_rotate : Stopping Timer
2024-09-04 20:35:56,665 : INFO : EventManager : Event: ======'timer_skillshot_rotate_stopped'====== Args={'ticks': 4, 'ticks_remaining': 0}
2024-09-04 20:35:56,683 : INFO : EventManager : Event: ======'slide_skillshot_inactive'====== Args={'is_removing': True, '_from_bcp': True}
2024-09-04 20:35:56,684 : INFO : EventManager : Event: ======'slide_base_active'====== Args={'_from_bcp': True}
2024-09-04 20:35:56,684 : INFO : EventManager : Event: ======'slide_skillshot_removed'====== Args={'_from_bcp': True}
2024-09-04 20:35:57,530 : INFO : ball_device.bd_plunger : Got confirm for skipping ball.
2024-09-04 20:35:57,530 : INFO : ball_device.bd_plunger : Eject successful
2024-09-04 20:35:57,530 : INFO : EventManager : Event: ======'balldevice_bd_plunger_ball_eject_success'====== Args={'balls': 1, 'target': <playfield.playfield>}
2024-09-04 20:35:57,532 : INFO : EventManager : Event: ======'balldevice_playfield_ball_enter'====== Args={'new_balls': 1, 'unclaimed_balls': 1, 'device': <playfield.playfield>}
2024-09-04 20:35:57,532 : INFO : EventManager : Event: ======'playfield_ball_count_change'====== Args={'balls': 1, 'change': 1}
2024-09-04 20:35:57,533 : INFO : ball_device.bd_plunger : State: idle
2024-09-04 20:35:57,534 : INFO : ball_device.bd_trough : Eject successful
2024-09-04 20:35:57,534 : INFO : EventManager : Event: ======'balldevice_bd_trough_ball_eject_success'====== Args={'balls': 1, 'target': <ball_device.bd_plunger>}
2024-09-04 20:35:57,534 : INFO : EventManager : Event: ======'balldevice_bd_trough_ball_count_changed'====== Args={'balls': 5}
2024-09-04 20:35:57,535 : INFO : ball_device.bd_trough : State: idle
2024-09-04 20:35:57,652 : INFO : EventManager : Event: ======'ball_save_default_disabled'====== Args={}
2024-09-04 20:35:59,661 : INFO : SwitchController : <<<<<<< 's_p_target' active >>>>>>>
2024-09-04 20:35:59,661 : INFO : EventManager : Event: ======'s_p_target_active'====== Args={}
2024-09-04 20:35:59,661 : INFO : EventManager : Event: ======'machine_var_audits_switches_s_p_target'====== Args={'value': 700, 'prev_value': 699, 'change': 1}
2024-09-04 20:35:59,663 : INFO : EventManager : Event: ======'player_shot_qualify_p_target'====== Args={'value': 1, 'prev_value': 0, 'change': 1, 'player_num': 1}
2024-09-04 20:35:59,671 : INFO : EventManager : Event: ======'machine_var_audits_shots_qualify_p_target'====== Args={'value': 465, 'prev_value': 464, 'change': 1}
2024-09-04 20:35:59,673 : INFO : EventManager : Event: ======'qualify_p_target_hit'====== Args={'profile': 'mission_qualify', 'state': 'unlit', 'advancing': True}
2024-09-04 20:35:59,674 : INFO : EventManager : Event: ======'qualify_p_target_mission_qualify_hit'====== Args={'profile': 'mission_qualify', 'state': 'unlit', 'advancing': True}
2024-09-04 20:35:59,674 : INFO : EventManager : Event: ======'qualify_p_target_mission_qualify_unlit_hit'====== Args={'profile': 'mission_qualify', 'state': 'unlit', 'advancing': True}
2024-09-04 20:35:59,674 : INFO : EventManager : Event: ======'qualify_p_target_unlit_hit'====== Args={'profile': 'mission_qualify', 'state': 'unlit', 'advancing': True}
2024-09-04 20:35:59,674 : INFO : EventManager : Event: ======'player_score'====== Args={'value': 50, 'prev_value': 0, 'change': 50, 'player_num': 1, 'source': 'base'}
2024-09-04 20:35:59,675 : INFO : EventManager : Event: ======'qualify_mission_hit'====== Args={'shot': 'qualify_p_target'}
2024-09-04 20:35:59,675 : INFO : EventManager : Event: ======'qualify_mission_unlit_hit'====== Args={'shot': 'qualify_p_target'}
2024-09-04 20:35:59,704 : INFO : EventManager : Event: ======'widget_propane_widget_p_active'====== Args={'original_context': 'base', 'original_calling_context': 'qualify_p_target_hit', 'priority': 100.0, 'profile': 'mission_qualify', 'state': 'unlit', 'advancing': True, 'cmd': 'widgets_play', '_from_bcp': True}
2024-09-04 20:35:59,769 : INFO : SwitchController : <<<<<<< 's_p_target' inactive >>>>>>>
2024-09-04 20:36:00,234 : INFO : SwitchController : <<<<<<< 's_r_target' active >>>>>>>
2024-09-04 20:36:00,235 : INFO : EventManager : Event: ======'s_r_target_active'====== Args={}
2024-09-04 20:36:00,236 : INFO : EventManager : Event: ======'machine_var_audits_switches_s_r_target'====== Args={'value': 556, 'prev_value': 555, 'change': 1}
2024-09-04 20:36:00,238 : INFO : EventManager : Event: ======'player_shot_qualify_r_target'====== Args={'value': 1, 'prev_value': 0, 'change': 1, 'player_num': 1}
2024-09-04 20:36:00,239 : INFO : EventManager : Event: ======'machine_var_audits_shots_qualify_r_target'====== Args={'value': 504, 'prev_value': 503, 'change': 1}
2024-09-04 20:36:00,240 : INFO : EventManager : Event: ======'qualify_r_target_hit'====== Args={'profile': 'mission_qualify', 'state': 'unlit', 'advancing': True}
2024-09-04 20:36:00,240 : INFO : EventManager : Event: ======'qualify_r_target_mission_qualify_hit'====== Args={'profile': 'mission_qualify', 'state': 'unlit', 'advancing': True}
2024-09-04 20:36:00,241 : INFO : EventManager : Event: ======'qualify_r_target_mission_qualify_unlit_hit'====== Args={'profile': 'mission_qualify', 'state': 'unlit', 'advancing': True}
2024-09-04 20:36:00,241 : INFO : EventManager : Event: ======'qualify_r_target_unlit_hit'====== Args={'profile': 'mission_qualify', 'state': 'unlit', 'advancing': True}
2024-09-04 20:36:00,241 : INFO : EventManager : Event: ======'player_score'====== Args={'value': 100, 'prev_value': 50, 'change': 50, 'player_num': 1, 'source': 'base'}
2024-09-04 20:36:00,242 : INFO : EventManager : Event: ======'qualify_mission_hit'====== Args={'shot': 'qualify_r_target'}
2024-09-04 20:36:00,243 : INFO : EventManager : Event: ======'qualify_mission_unlit_hit'====== Args={'shot': 'qualify_r_target'}
2024-09-04 20:36:00,266 : INFO : EventManager : Event: ======'widget_propane_widget_r_active'====== Args={'original_context': 'base', 'original_calling_context': 'qualify_r_target_hit', 'priority': 100.0, 'profile': 'mission_qualify', 'state': 'unlit', 'advancing': True, 'cmd': 'widgets_play', '_from_bcp': True}
2024-09-04 20:36:00,356 : INFO : SwitchController : <<<<<<< 's_r_target' inactive >>>>>>>
2024-09-04 20:36:00,772 : INFO : SwitchController : <<<<<<< 's_o_target' active >>>>>>>
2024-09-04 20:36:00,772 : INFO : EventManager : Event: ======'s_o_target_active'====== Args={}
2024-09-04 20:36:00,773 : INFO : EventManager : Event: ======'machine_var_audits_switches_s_o_target'====== Args={'value': 552, 'prev_value': 551, 'change': 1}
2024-09-04 20:36:00,774 : INFO : EventManager : Event: ======'player_shot_qualify_o_target'====== Args={'value': 1, 'prev_value': 0, 'change': 1, 'player_num': 1}
2024-09-04 20:36:00,775 : INFO : EventManager : Event: ======'machine_var_audits_shots_qualify_o_target'====== Args={'value': 493, 'prev_value': 492, 'change': 1}
2024-09-04 20:36:00,776 : INFO : EventManager : Event: ======'qualify_o_target_hit'====== Args={'profile': 'mission_qualify', 'state': 'unlit', 'advancing': True}
2024-09-04 20:36:00,776 : INFO : EventManager : Event: ======'qualify_o_target_mission_qualify_hit'====== Args={'profile': 'mission_qualify', 'state': 'unlit', 'advancing': True}
2024-09-04 20:36:00,776 : INFO : EventManager : Event: ======'qualify_o_target_mission_qualify_unlit_hit'====== Args={'profile': 'mission_qualify', 'state': 'unlit', 'advancing': True}
2024-09-04 20:36:00,776 : INFO : EventManager : Event: ======'qualify_o_target_unlit_hit'====== Args={'profile': 'mission_qualify', 'state': 'unlit', 'advancing': True}
2024-09-04 20:36:00,776 : INFO : EventManager : Event: ======'player_score'====== Args={'value': 150, 'prev_value': 100, 'change': 50, 'player_num': 1, 'source': 'base'}
2024-09-04 20:36:00,777 : INFO : EventManager : Event: ======'qualify_mission_complete'====== Args={'state': 'lit'}
2024-09-04 20:36:00,777 : INFO : EventManager : Event: ======'qualify_mission_lit_complete'====== Args={}
2024-09-04 20:36:00,778 : INFO : EventManager : Event: ======'player_shot_mode_scoop_enabled'====== Args={'value': True, 'prev_value': False, 'change': 1, 'player_num': 1}
2024-09-04 20:36:00,780 : INFO : EventManager : Event: ======'qualify_mission_hit'====== Args={'shot': 'qualify_o_target'}
2024-09-04 20:36:00,781 : INFO : EventManager : Event: ======'qualify_mission_unlit_hit'====== Args={'shot': 'qualify_o_target'}
2024-09-04 20:36:00,797 : INFO : EventManager : Event: ======'widget_propane_widget_o_active'====== Args={'original_context': 'base', 'original_calling_context': 'qualify_o_target_hit', 'priority': 100.0, 'profile': 'mission_qualify', 'state': 'unlit', 'advancing': True, 'cmd': 'widgets_play', '_from_bcp': True}
2024-09-04 20:36:00,884 : INFO : SwitchController : <<<<<<< 's_o_target' inactive >>>>>>>
2024-09-04 20:36:01,280 : INFO : EventManager : Event: ======'player_shot_qualify_p_target'====== Args={'value': 0, 'prev_value': 1, 'change': -1, 'player_num': 1}
2024-09-04 20:36:01,282 : INFO : EventManager : Event: ======'player_shot_qualify_r_target'====== Args={'value': 0, 'prev_value': 1, 'change': -1, 'player_num': 1}
2024-09-04 20:36:01,283 : INFO : EventManager : Event: ======'player_shot_qualify_o_target'====== Args={'value': 0, 'prev_value': 1, 'change': -1, 'player_num': 1}
2024-09-04 20:36:01,285 : INFO : EventManager : Event: ======'qualify_mission_complete'====== Args={'state': 'unlit'}
2024-09-04 20:36:01,285 : INFO : EventManager : Event: ======'qualify_mission_unlit_complete'====== Args={}
2024-09-04 20:36:02,184 : INFO : SwitchController : <<<<<<< 's_scoop' active >>>>>>>
2024-09-04 20:36:02,184 : INFO : EventManager : Event: ======'s_scoop_active'====== Args={}
2024-09-04 20:36:02,185 : INFO : EventManager : Event: ======'machine_var_audits_switches_s_scoop'====== Args={'value': 969, 'prev_value': 968, 'change': 1}
2024-09-04 20:36:02,187 : INFO : EventManager : Event: ======'player_shot_mode_scoop'====== Args={'value': 1, 'prev_value': 0, 'change': 1, 'player_num': 1}
2024-09-04 20:36:02,187 : INFO : EventManager : Event: ======'machine_var_audits_shots_mode_scoop'====== Args={'value': 117, 'prev_value': 116, 'change': 1}
2024-09-04 20:36:02,189 : INFO : EventManager : Event: ======'mode_scoop_hit'====== Args={'profile': 'default', 'state': 'unlit', 'advancing': True}
2024-09-04 20:36:02,189 : INFO : EventManager : Event: ======'mode_scoop_default_hit'====== Args={'profile': 'default', 'state': 'unlit', 'advancing': True}
2024-09-04 20:36:02,189 : INFO : EventManager : Event: ======'mode_scoop_default_unlit_hit'====== Args={'profile': 'default', 'state': 'unlit', 'advancing': True}
2024-09-04 20:36:02,190 : INFO : EventManager : Event: ======'mode_scoop_unlit_hit'====== Args={'profile': 'default', 'state': 'unlit', 'advancing': True}
2024-09-04 20:36:02,190 : INFO : EventManager : Event: ======'mode_mission_select_will_start'====== Args={'profile': 'default', 'state': 'unlit', 'advancing': True}
2024-09-04 20:36:02,193 : INFO : EventManager : Event: ======'mode_mission_select_starting'====== Args={'profile': 'default', 'state': 'unlit', 'advancing': True}
2024-09-04 20:36:02,194 : INFO : Mode.mission_select : Started. Priority: 300
2024-09-04 20:36:02,194 : INFO : EventManager : Event: ======'modes_active_modes_changed'====== Args={}
2024-09-04 20:36:02,194 : INFO : EventManager : Event: ======'mode_mission_select_started'====== Args={'profile': 'default', 'state': 'unlit', 'advancing': True}
2024-09-04 20:36:02,195 : INFO : EventManager : Event: ======'player_shot_mode_scoop_enabled'====== Args={'value': False, 'prev_value': True, 'change': -1, 'player_num': 1}
2024-09-04 20:36:02,198 : INFO : EventManager : Event: ======'item_highlighted'====== Args={'carousel': 'mission_select', 'direction': None, 'item': 'beat_the_surfer'}
2024-09-04 20:36:02,318 : INFO : SwitchController : <<<<<<< 's_scoop' inactive >>>>>>>
2024-09-04 20:36:02,366 : INFO : EventManager : Event: ======'slide_mission_select_created'====== Args={'_from_bcp': True}
2024-09-04 20:36:02,366 : INFO : EventManager : Event: ======'slide_base_inactive'====== Args={'is_removing': False, '_from_bcp': True}
2024-09-04 20:36:02,366 : INFO : EventManager : Event: ======'slide_mission_select_active'====== Args={'original_context': 'mission_select', 'original_calling_context': 'mode_mission_select_started', 'priority': 300.0, 'profile': 'default', 'state': 'unlit', 'advancing': True, 'cmd': 'slides_play', '_from_bcp': True}
2024-09-04 20:36:02,368 : INFO : EventManager : Event: ======'widget_MPFWidget_removed'====== Args={'_from_bcp': True}
2024-09-04 20:36:02,368 : INFO : EventManager : Event: ======'widget_@Control@9_removed'====== Args={'_from_bcp': True}
2024-09-04 20:36:02,368 : INFO : EventManager : Event: ======'widget_@Control@10_removed'====== Args={'_from_bcp': True}
2024-09-04 20:36:04,051 : INFO : SwitchController : <<<<<<< 's_right_flipper' active >>>>>>>
2024-09-04 20:36:04,051 : INFO : EventManager : Event: ======'s_right_flipper_active'====== Args={}
2024-09-04 20:36:04,053 : INFO : EventManager : Event: ======'machine_var_audits_switches_s_right_flipper'====== Args={'value': 2260, 'prev_value': 2259, 'change': 1}
2024-09-04 20:36:04,055 : INFO : EventManager : Event: ======'item_highlighted'====== Args={'carousel': 'mission_select', 'direction': 'forwards', 'item': 'beer_can_named_desire'}
2024-09-04 20:36:04,151 : INFO : SwitchController : <<<<<<< 's_right_flipper' inactive >>>>>>>
2024-09-04 20:36:05,392 : INFO : SwitchController : <<<<<<< 's_start' active >>>>>>>
2024-09-04 20:36:05,392 : INFO : EventManager : Event: ======'s_start_active'====== Args={}
2024-09-04 20:36:05,393 : INFO : EventManager : Event: ======'machine_var_audits_switches_s_start'====== Args={'value': 828, 'prev_value': 827, 'change': 1}
2024-09-04 20:36:05,396 : INFO : EventManager : Event: ======'sw_add_player'====== Args={'priority': 0}
2024-09-04 20:36:05,396 : INFO : EventManager : Event: ======'sw_add_player'====== Args={'priority': 0}
2024-09-04 20:36:05,396 : INFO : EventManager : Event: ======'player_add_request'====== Args={}
2024-09-04 20:36:05,402 : INFO : EventManager : Event: ======'player_add_request'====== Args={}
2024-09-04 20:36:05,409 : INFO : EventManager : Event: ======'player_will_add'====== Args={'number': 2}
2024-09-04 20:36:05,414 : INFO : EventManager : Event: ======'player_adding'====== Args={'player': <Player 2>, 'number': 2}
2024-09-04 20:36:05,414 : INFO : EventManager : Event: ======'player_added'====== Args={'player': <Player 2>, 'num': 2}
2024-09-04 20:36:05,415 : INFO : Mode.game : Player added successfully. Total players: 2
2024-09-04 20:36:05,415 : INFO : EventManager : Event: ======'multiplayer_game'====== Args={}
2024-09-04 20:36:05,415 : INFO : EventManager : Event: ======'player_index'====== Args={'value': 1, 'prev_value': 1, 'change': 0, 'player_num': 2}
2024-09-04 20:36:05,416 : INFO : EventManager : Event: ======'player_number'====== Args={'value': 2, 'prev_value': 2, 'change': 0, 'player_num': 2}
2024-09-04 20:36:05,416 : INFO : EventManager : Event: ======'player_score'====== Args={'value': 0, 'prev_value': 0, 'change': 0, 'player_num': 2}
2024-09-04 20:36:05,423 : INFO : EventManager : Event: ======'player_will_add'====== Args={'number': 3}
2024-09-04 20:36:05,424 : INFO : EventManager : Event: ======'player_adding'====== Args={'player': <Player 3>, 'number': 3}
2024-09-04 20:36:05,424 : INFO : EventManager : Event: ======'player_added'====== Args={'player': <Player 3>, 'num': 3}
2024-09-04 20:36:05,424 : INFO : Mode.game : Player added successfully. Total players: 3
2024-09-04 20:36:05,425 : INFO : EventManager : Event: ======'player_index'====== Args={'value': 2, 'prev_value': 2, 'change': 0, 'player_num': 3}
2024-09-04 20:36:05,425 : INFO : EventManager : Event: ======'player_number'====== Args={'value': 3, 'prev_value': 3, 'change': 0, 'player_num': 3}
2024-09-04 20:36:05,425 : INFO : EventManager : Event: ======'player_score'====== Args={'value': 0, 'prev_value': 0, 'change': 0, 'player_num': 3}
2024-09-04 20:36:05,495 : INFO : SwitchController : <<<<<<< 's_start' inactive >>>>>>>
2024-09-04 20:36:05,495 : INFO : EventManager : Event: ======'s_start_inactive'====== Args={}
2024-09-04 20:36:05,495 : INFO : EventManager : Event: ======'mission_select_beer_can_named_desire_selected'====== Args={}
2024-09-04 20:36:05,495 : INFO : EventManager : Event: ======'mission_select_item_selected'====== Args={}
2024-09-04 20:36:05,495 : INFO : EventManager : Event: ======'player_selected_mission'====== Args={'value': 'beer can named desire', 'prev_value': 0, 'change': True, 'player_num': 1, 'source': 'mission_select'}
2024-09-04 20:36:05,496 : INFO : EventManager : Event: ======'mode_beer_can_named_desire_will_start'====== Args={}
2024-09-04 20:36:05,496 : INFO : EventManager : Event: ======'player_beer_can_named_desire_beer_can_named_desire_mode_countdown_tick'====== Args={'value': 25, 'prev_value': 0, 'change': 25, 'player_num': 1}
2024-09-04 20:36:05,496 : INFO : Timer.beer_can_named_desire_mode_countdown : Starting Timer.
2024-09-04 20:36:05,496 : INFO : EventManager : Event: ======'timer_beer_can_named_desire_mode_countdown_started'====== Args={'ticks': 25, 'ticks_remaining': 25}
2024-09-04 20:36:05,496 : INFO : EventManager : Event: ======'timer_beer_can_named_desire_mode_countdown_tick'====== Args={'ticks': 25, 'ticks_remaining': 25}
2024-09-04 20:36:05,496 : INFO : EventManager : Event: ======'mode_beer_can_named_desire_starting'====== Args={}
2024-09-04 20:36:05,496 : INFO : EventManager : Event: ======'mode_mission_select_will_stop'====== Args={}
2024-09-04 20:36:05,496 : INFO : EventManager : Event: ======'mode_mission_select_stopping'====== Args={}
2024-09-04 20:36:05,496 : INFO : Mode.beer_can_named_desire : Started. Priority: 130
2024-09-04 20:36:05,497 : INFO : EventManager : Event: ======'modes_active_modes_changed'====== Args={}
2024-09-04 20:36:05,497 : INFO : EventManager : Event: ======'mode_beer_can_named_desire_started'====== Args={}
2024-09-04 20:36:05,497 : INFO : Mode.mission_select : Stopped.
2024-09-04 20:36:05,497 : INFO : EventManager : Event: ======'modes_active_modes_changed'====== Args={}
2024-09-04 20:36:05,497 : INFO : EventManager : Event: ======'mode_mission_select_stopped'====== Args={}
2024-09-04 20:36:05,497 : INFO : EventManager : Event: ======'clear'====== Args={'key': 'mission_select'}
2024-09-04 20:36:05,533 : INFO : EventManager : Event: ======'slide_beer_can_named_desire_rules_created'====== Args={'_from_bcp': True}
2024-09-04 20:36:05,533 : INFO : EventManager : Event: ======'slide_mission_select_inactive'====== Args={'is_removing': True, '_from_bcp': True}
2024-09-04 20:36:05,533 : INFO : EventManager : Event: ======'slide_beer_can_named_desire_rules_active'====== Args={'_from_bcp': True}
2024-09-04 20:36:05,533 : INFO : EventManager : Event: ======'slide_mission_select_removed'====== Args={'_from_bcp': True}
2024-09-04 20:36:06,497 : INFO : EventManager : Event: ======'player_beer_can_named_desire_beer_can_named_desire_mode_countdown_tick'====== Args={'value': 24, 'prev_value': 25, 'change': -1, 'player_num': 1}
2024-09-04 20:36:06,501 : INFO : EventManager : Event: ======'timer_beer_can_named_desire_mode_countdown_tick'====== Args={'ticks': 24, 'ticks_remaining': 24}
2024-09-04 20:36:07,497 : INFO : EventManager : Event: ======'player_beer_can_named_desire_beer_can_named_desire_mode_countdown_tick'====== Args={'value': 23, 'prev_value': 24, 'change': -1, 'player_num': 1}
2024-09-04 20:36:07,498 : INFO : EventManager : Event: ======'timer_beer_can_named_desire_mode_countdown_tick'====== Args={'ticks': 23, 'ticks_remaining': 23}
2024-09-04 20:36:08,497 : INFO : EventManager : Event: ======'player_beer_can_named_desire_beer_can_named_desire_mode_countdown_tick'====== Args={'value': 22, 'prev_value': 23, 'change': -1, 'player_num': 1}
2024-09-04 20:36:08,499 : INFO : EventManager : Event: ======'timer_beer_can_named_desire_mode_countdown_tick'====== Args={'ticks': 22, 'ticks_remaining': 22}
2024-09-04 20:36:08,500 : INFO : EventManager : Event: ======'slide_beer_can_named_desire_rules_inactive'====== Args={'is_removing': True, '_from_bcp': True}
2024-09-04 20:36:08,501 : INFO : EventManager : Event: ======'slide_base_active'====== Args={'_from_bcp': True}
2024-09-04 20:36:08,501 : INFO : EventManager : Event: ======'slide_beer_can_named_desire_rules_removed'====== Args={'_from_bcp': True}
2024-09-04 20:36:08,546 : INFO : EventManager : Event: ======'slide_beer_can_named_desire_created'====== Args={'_from_bcp': True}
2024-09-04 20:36:08,547 : INFO : EventManager : Event: ======'slide_base_inactive'====== Args={'is_removing': False, '_from_bcp': True}
2024-09-04 20:36:08,547 : INFO : EventManager : Event: ======'slide_beer_can_named_desire_active'====== Args={'original_context': 'beer_can_named_desire', 'original_calling_context': 'slide_beer_can_named_desire_rules_inactive', 'priority': 130.0, 'is_removing': True, 'cmd': 'slides_play', '_from_bcp': True}
2024-09-04 20:36:09,497 : INFO : EventManager : Event: ======'player_beer_can_named_desire_beer_can_named_desire_mode_countdown_tick'====== Args={'value': 21, 'prev_value': 22, 'change': -1, 'player_num': 1}
2024-09-04 20:36:09,498 : INFO : EventManager : Event: ======'timer_beer_can_named_desire_mode_countdown_tick'====== Args={'ticks': 21, 'ticks_remaining': 21}
2024-09-04 20:36:10,498 : INFO : EventManager : Event: ======'player_beer_can_named_desire_beer_can_named_desire_mode_countdown_tick'====== Args={'value': 20, 'prev_value': 21, 'change': -1, 'player_num': 1}
2024-09-04 20:36:10,498 : INFO : EventManager : Event: ======'timer_beer_can_named_desire_mode_countdown_tick'====== Args={'ticks': 20, 'ticks_remaining': 20}
2024-09-04 20:36:11,498 : INFO : EventManager : Event: ======'player_beer_can_named_desire_beer_can_named_desire_mode_countdown_tick'====== Args={'value': 19, 'prev_value': 20, 'change': -1, 'player_num': 1}
2024-09-04 20:36:11,500 : INFO : EventManager : Event: ======'timer_beer_can_named_desire_mode_countdown_tick'====== Args={'ticks': 19, 'ticks_remaining': 19}
2024-09-04 20:36:12,498 : INFO : EventManager : Event: ======'player_beer_can_named_desire_beer_can_named_desire_mode_countdown_tick'====== Args={'value': 18, 'prev_value': 19, 'change': -1, 'player_num': 1}
2024-09-04 20:36:12,499 : INFO : EventManager : Event: ======'timer_beer_can_named_desire_mode_countdown_tick'====== Args={'ticks': 18, 'ticks_remaining': 18}
2024-09-04 20:36:13,497 : INFO : EventManager : Event: ======'player_beer_can_named_desire_beer_can_named_desire_mode_countdown_tick'====== Args={'value': 17, 'prev_value': 18, 'change': -1, 'player_num': 1}
2024-09-04 20:36:13,498 : INFO : EventManager : Event: ======'timer_beer_can_named_desire_mode_countdown_tick'====== Args={'ticks': 17, 'ticks_remaining': 17}
2024-09-04 20:36:14,498 : INFO : EventManager : Event: ======'player_beer_can_named_desire_beer_can_named_desire_mode_countdown_tick'====== Args={'value': 16, 'prev_value': 17, 'change': -1, 'player_num': 1}
2024-09-04 20:36:14,499 : INFO : EventManager : Event: ======'timer_beer_can_named_desire_mode_countdown_tick'====== Args={'ticks': 16, 'ticks_remaining': 16}
2024-09-04 20:36:15,498 : INFO : EventManager : Event: ======'player_beer_can_named_desire_beer_can_named_desire_mode_countdown_tick'====== Args={'value': 15, 'prev_value': 16, 'change': -1, 'player_num': 1}
2024-09-04 20:36:15,499 : INFO : EventManager : Event: ======'timer_beer_can_named_desire_mode_countdown_tick'====== Args={'ticks': 15, 'ticks_remaining': 15}
2024-09-04 20:36:15,521 : INFO : Machine : Shutting down...
2024-09-04 20:36:15,521 : INFO : EventManager : Event: ======'shutdown'====== Args={}
2024-09-04 20:36:15,523 : INFO : EventManager : Event: ======'mode_game_will_stop'====== Args={}
2024-09-04 20:36:15,523 : INFO : EventManager : Event: ======'mode_game_stopping'====== Args={}
2024-09-04 20:36:15,523 : INFO : EventManager : Event: ======'mode_strickland_multiball_will_stop'====== Args={}
2024-09-04 20:36:15,523 : INFO : EventManager : Event: ======'mode_strickland_multiball_stopping'====== Args={}
2024-09-04 20:36:15,523 : INFO : EventManager : Event: ======'mode_extra_ball_will_stop'====== Args={}
2024-09-04 20:36:15,523 : INFO : EventManager : Event: ======'mode_extra_ball_stopping'====== Args={}
2024-09-04 20:36:15,523 : INFO : EventManager : Event: ======'mode_BBQ_rollover_will_stop'====== Args={}
2024-09-04 20:36:15,523 : INFO : EventManager : Event: ======'mode_BBQ_rollover_stopping'====== Args={}
2024-09-04 20:36:15,523 : INFO : EventManager : Event: ======'mode_hank_rollover_will_stop'====== Args={}
2024-09-04 20:36:15,523 : INFO : EventManager : Event: ======'mode_hank_rollover_stopping'====== Args={}
2024-09-04 20:36:15,523 : INFO : EventManager : Event: ======'mode_beer_can_named_desire_will_stop'====== Args={}
2024-09-04 20:36:15,523 : INFO : EventManager : Event: ======'mode_beer_can_named_desire_stopping'====== Args={}
2024-09-04 20:36:15,523 : INFO : EventManager : Event: ======'mode_rainey_multiball_will_stop'====== Args={}
2024-09-04 20:36:15,523 : INFO : EventManager : Event: ======'mode_rainey_multiball_stopping'====== Args={}
2024-09-04 20:36:15,523 : INFO : EventManager : Event: ======'mode_base_will_stop'====== Args={}
2024-09-04 20:36:15,523 : INFO : EventManager : Event: ======'mode_base_stopping'====== Args={}
2024-09-04 20:36:15,524 : INFO : Mode.base : Stopped.
2024-09-04 20:36:15,524 : INFO : EventManager : Event: ======'modes_active_modes_changed'====== Args={}
2024-09-04 20:36:15,524 : INFO : EventManager : Event: ======'mode_base_stopped'====== Args={}
2024-09-04 20:36:15,524 : INFO : EventManager : Event: ======'clear'====== Args={'key': 'base'}
2024-09-04 20:36:15,525 : INFO : Mode.rainey_multiball : Stopped.
2024-09-04 20:36:15,525 : INFO : EventManager : Event: ======'modes_active_modes_changed'====== Args={}
2024-09-04 20:36:15,525 : INFO : EventManager : Event: ======'mode_rainey_multiball_stopped'====== Args={}
2024-09-04 20:36:15,525 : INFO : EventManager : Event: ======'clear'====== Args={'key': 'rainey_multiball'}
2024-09-04 20:36:15,525 : INFO : Mode.beer_can_named_desire : Stopped.
2024-09-04 20:36:15,525 : INFO : EventManager : Event: ======'modes_active_modes_changed'====== Args={}
2024-09-04 20:36:15,525 : INFO : EventManager : Event: ======'mode_beer_can_named_desire_stopped'====== Args={}
2024-09-04 20:36:15,525 : INFO : EventManager : Event: ======'clear'====== Args={'key': 'beer_can_named_desire'}
2024-09-04 20:36:15,525 : INFO : Timer.beer_can_named_desire_mode_countdown : Stopping Timer
2024-09-04 20:36:15,525 : INFO : EventManager : Event: ======'timer_beer_can_named_desire_mode_countdown_stopped'====== Args={'ticks': 15, 'ticks_remaining': 15}
2024-09-04 20:36:15,525 : INFO : Mode.hank_rollover : Stopped.
2024-09-04 20:36:15,525 : INFO : EventManager : Event: ======'modes_active_modes_changed'====== Args={}
2024-09-04 20:36:15,525 : INFO : EventManager : Event: ======'mode_hank_rollover_stopped'====== Args={}
2024-09-04 20:36:15,526 : INFO : EventManager : Event: ======'clear'====== Args={'key': 'hank_rollover'}
2024-09-04 20:36:15,526 : INFO : Mode.BBQ_rollover : Stopped.
2024-09-04 20:36:15,526 : INFO : EventManager : Event: ======'modes_active_modes_changed'====== Args={}
2024-09-04 20:36:15,526 : INFO : EventManager : Event: ======'mode_BBQ_rollover_stopped'====== Args={}
2024-09-04 20:36:15,526 : INFO : EventManager : Event: ======'clear'====== Args={'key': 'BBQ_rollover'}
2024-09-04 20:36:15,526 : INFO : Mode.extra_ball : Stopped.
2024-09-04 20:36:15,527 : INFO : EventManager : Event: ======'modes_active_modes_changed'====== Args={}
2024-09-04 20:36:15,527 : INFO : EventManager : Event: ======'mode_extra_ball_stopped'====== Args={}
2024-09-04 20:36:15,527 : INFO : EventManager : Event: ======'clear'====== Args={'key': 'extra_ball'}
2024-09-04 20:36:15,527 : INFO : Mode.strickland_multiball : Stopped.
2024-09-04 20:36:15,527 : INFO : EventManager : Event: ======'modes_active_modes_changed'====== Args={}
2024-09-04 20:36:15,527 : INFO : EventManager : Event: ======'mode_strickland_multiball_stopped'====== Args={}
2024-09-04 20:36:15,527 : INFO : EventManager : Event: ======'clear'====== Args={'key': 'strickland_multiball'}
2024-09-04 20:36:15,527 : INFO : Mode.game : Stopped.
2024-09-04 20:36:15,527 : INFO : EventManager : Event: ======'modes_active_modes_changed'====== Args={}
2024-09-04 20:36:15,527 : INFO : EventManager : Event: ======'mode_game_stopped'====== Args={}
2024-09-04 20:36:15,527 : INFO : EventManager : Event: ======'clear'====== Args={'key': 'game'}
2024-09-04 20:36:15,542 : INFO : root : MPF run loop ended.
