2024-07-13 16:23:28,172 : INFO : root : Loading config.
2024-07-13 16:23:28,174 : INFO : YamlMultifileConfigLoader : Machine config file #1: config.yaml
2024-07-13 16:23:28,174 : INFO : ConfigProcessor : Loading config from cache: /var/folders/sv/d29kcl5x50v7vt1n6xb5jsd40000gn/T/c166cef8060ffee16a35821bf698da85.mpf_cache
2024-07-13 16:23:28,207 : INFO : ConfigProcessor : Loading config from cache: /var/folders/sv/d29kcl5x50v7vt1n6xb5jsd40000gn/T/6b31c5ac6ecbad948994a8204ea6b05b.mpf_cache
2024-07-13 16:23:28,207 : INFO : ConfigProcessor : Loading config from cache: /var/folders/sv/d29kcl5x50v7vt1n6xb5jsd40000gn/T/fe612d1e66c8a96c19ba449d3748eeac.mpf_cache
2024-07-13 16:23:28,208 : INFO : ConfigProcessor : Loading config from cache: /var/folders/sv/d29kcl5x50v7vt1n6xb5jsd40000gn/T/6b31c5ac6ecbad948994a8204ea6b05b.mpf_cache
2024-07-13 16:23:28,208 : INFO : ConfigProcessor : Loading config from cache: /var/folders/sv/d29kcl5x50v7vt1n6xb5jsd40000gn/T/8765227693ecd961e0504502a81255e0.mpf_cache
2024-07-13 16:23:28,208 : INFO : ConfigProcessor : Loading config from cache: /var/folders/sv/d29kcl5x50v7vt1n6xb5jsd40000gn/T/b247728c74b4d81bcb2825e2b07062a7.mpf_cache
2024-07-13 16:23:28,209 : INFO : ConfigProcessor : Loading config from cache: /var/folders/sv/d29kcl5x50v7vt1n6xb5jsd40000gn/T/f240f94f0b5d0f37ec4fd7571275a101.mpf_cache
2024-07-13 16:23:28,209 : INFO : ConfigProcessor : Loading config from cache: /var/folders/sv/d29kcl5x50v7vt1n6xb5jsd40000gn/T/c4409acfdf3ec94666e0adef48d55400.mpf_cache
2024-07-13 16:23:28,209 : WARNING : ConfigProcessor : Config file in cache changed: /Users/nicktaseris/Desktop/Pinball/KOTH/modes/BBQ_rollover/config/BBQ_rollover.yaml
2024-07-13 16:23:28,209 : INFO : ConfigProcessor : Loading config from file /Users/nicktaseris/Desktop/Pinball/KOTH/modes/BBQ_rollover/config/BBQ_rollover.yaml.
2024-07-13 16:23:28,212 : INFO : ConfigProcessor : Loading config: /Users/nicktaseris/Desktop/Pinball/KOTH/modes/BBQ_rollover/config/BBQ_rollover.yaml
2024-07-13 16:23:28,213 : INFO : ConfigProcessor : Config file cache created: /var/folders/sv/d29kcl5x50v7vt1n6xb5jsd40000gn/T/6a2f50ed892485825cc04dc0a68eab9f.mpf_cache
2024-07-13 16:23:28,213 : INFO : ConfigProcessor : Loading config from cache: /var/folders/sv/d29kcl5x50v7vt1n6xb5jsd40000gn/T/d58c58eb9fd1a2dc27f8acd255fb3761.mpf_cache
2024-07-13 16:23:28,213 : INFO : ConfigProcessor : Loading config from cache: /var/folders/sv/d29kcl5x50v7vt1n6xb5jsd40000gn/T/07adfd310b3ef0e03c5cbc91527abb6c.mpf_cache
2024-07-13 16:23:28,213 : INFO : ConfigProcessor : Loading config from cache: /var/folders/sv/d29kcl5x50v7vt1n6xb5jsd40000gn/T/12bd5247c3bf989b919364bdb7829769.mpf_cache
2024-07-13 16:23:28,214 : INFO : ConfigProcessor : Loading config from cache: /var/folders/sv/d29kcl5x50v7vt1n6xb5jsd40000gn/T/362e08f51a1a1b7a0809dd52f9c83f83.mpf_cache
2024-07-13 16:23:28,214 : INFO : ConfigProcessor : Loading config from cache: /var/folders/sv/d29kcl5x50v7vt1n6xb5jsd40000gn/T/e45e3bd39557ed8d0881194a7afab8f7.mpf_cache
2024-07-13 16:23:28,214 : INFO : ConfigProcessor : Loading config from cache: /var/folders/sv/d29kcl5x50v7vt1n6xb5jsd40000gn/T/331d8d1a1bc190cae8c13495e1db372f.mpf_cache
2024-07-13 16:23:28,214 : INFO : ConfigProcessor : Loading config from cache: /var/folders/sv/d29kcl5x50v7vt1n6xb5jsd40000gn/T/34853b7ed6df3aedbba239874ade5ac8.mpf_cache
2024-07-13 16:23:28,214 : INFO : ConfigProcessor : Loading config from cache: /var/folders/sv/d29kcl5x50v7vt1n6xb5jsd40000gn/T/280fd64455d0d243a54ab4db98fbccbd.mpf_cache
2024-07-13 16:23:28,215 : INFO : ConfigProcessor : Loading config from cache: /var/folders/sv/d29kcl5x50v7vt1n6xb5jsd40000gn/T/f740dfd95525cc25ca6fd48a25d35ac6.mpf_cache
2024-07-13 16:23:28,215 : INFO : ConfigProcessor : Loading config from cache: /var/folders/sv/d29kcl5x50v7vt1n6xb5jsd40000gn/T/3048ed2d7ea14eee3db896f6760aa474.mpf_cache
2024-07-13 16:23:28,215 : INFO : Machine : Mission Pinball Framework Core Engine v0.80.0.dev1
2024-07-13 16:23:28,216 : INFO : Machine : Command line arguments: {'no_load_cache': False, 'create_config_cache': True, 'bcp': True, 'configfile': ['config.yaml'], 'force_assets_load': False, 'platform_integration_test': False, 'jsonlogging': False, 'logfile': 'logs/2024-07-13-16-23-28-mpf-Nicks-MacBook-Air.local.log', 'pause': False, 'production': False, 'text_ui': True, 'loglevel': 15, 'consoleloglevel': 20, 'force_platform': None, 'syslog_address': None, 'mc_file_name': None, 'no_sound': False, 'full_logfile_path': '/Users/nicktaseris/Desktop/Pinball/KOTH/logs/2024-07-13-16-23-28-mpf-Nicks-MacBook-Air.local.log'}
2024-07-13 16:23:28,216 : INFO : Machine : MPF path: /Users/nicktaseris/mpfenv/lib/python3.9/site-packages/mpf
2024-07-13 16:23:28,216 : INFO : Machine : Machine path: /Users/nicktaseris/Desktop/Pinball/KOTH
2024-07-13 16:23:28,216 : INFO : Machine : Platform: darwin
2024-07-13 16:23:28,216 : INFO : Machine : Python executable location: /Users/nicktaseris/mpfenv/bin/python3
2024-07-13 16:23:28,216 : INFO : Machine : Python version: 3.9.13 (64-bit)
2024-07-13 16:23:28,216 : INFO : Machine : Initializing MPF...
2024-07-13 16:23:28,246 : INFO : EventManager : Event: ======'machine_var_credits_string'====== Args={'value': 'FREE PLAY', 'prev_value': None, 'change': True}
2024-07-13 16:23:28,252 : INFO : EventManager : Event: ======'machine_var_master_volume'====== Args={'value': 0.5, 'prev_value': None, 'change': True}
2024-07-13 16:23:28,252 : INFO : EventManager : Event: ======'machine_var_player1_score'====== Args={'value': 370600, 'prev_value': None, 'change': True}
2024-07-13 16:23:28,252 : INFO : EventManager : Event: ======'machine_var_mpf_version'====== Args={'value': 'Mission Pinball Framework v0.80.0.dev1', 'prev_value': None, 'change': True}
2024-07-13 16:23:28,252 : INFO : EventManager : Event: ======'machine_var_mpf_extended_version'====== Args={'value': 'Mission Pinball Framework v0.80.0.dev1, Config version:6, Show version: 6, BCP version:1.1', 'prev_value': None, 'change': True}
2024-07-13 16:23:28,252 : INFO : EventManager : Event: ======'machine_var_python_version'====== Args={'value': '3.9.13', 'prev_value': None, 'change': True}
2024-07-13 16:23:28,283 : INFO : EventManager : Event: ======'machine_var_platform'====== Args={'value': 'macOS-12.1-arm64-arm-64bit', 'prev_value': None, 'change': True}
2024-07-13 16:23:28,283 : INFO : EventManager : Event: ======'machine_var_platform_system'====== Args={'value': 'Darwin', 'prev_value': None, 'change': True}
2024-07-13 16:23:28,283 : INFO : EventManager : Event: ======'machine_var_platform_release'====== Args={'value': '21.2.0', 'prev_value': None, 'change': True}
2024-07-13 16:23:28,283 : INFO : EventManager : Event: ======'machine_var_platform_version'====== Args={'value': 'Darwin Kernel Version 21.2.0: Sun Nov 28 20:29:10 PST 2021; root:xnu-8019.61.5~1/RELEASE_ARM64_T8101', 'prev_value': None, 'change': True}
2024-07-13 16:23:28,283 : INFO : EventManager : Event: ======'machine_var_platform_machine'====== Args={'value': 'arm64', 'prev_value': None, 'change': True}
2024-07-13 16:23:28,283 : INFO : EventManager : Event: ======'machine_var_log_file_path'====== Args={'value': '/Users/nicktaseris/Desktop/Pinball/KOTH/logs/2024-07-13-16-23-28-mpf-Nicks-MacBook-Air.local.log', 'prev_value': None, 'change': True}
2024-07-13 16:23:28,283 : INFO : EventManager : Event: ======'init_phase_1'====== Args={}
2024-07-13 16:23:28,301 : INFO : EventManager : Event: ======'drop_target_bank_strickland_bank_up'====== Args={}
2024-07-13 16:23:28,302 : INFO : EventManager : Event: ======'init_phase_2'====== Args={}
2024-07-13 16:23:28,302 : INFO : SwitchController : Found active switch: ('39', <Platform.SmartVirtual>) <switch.s_trough1>
2024-07-13 16:23:28,302 : INFO : SwitchController : Found active switch: ('40', <Platform.SmartVirtual>) <switch.s_trough2>
2024-07-13 16:23:28,302 : INFO : SwitchController : Found active switch: ('41', <Platform.SmartVirtual>) <switch.s_trough3>
2024-07-13 16:23:28,302 : INFO : SwitchController : Found active switch: ('42', <Platform.SmartVirtual>) <switch.s_trough4>
2024-07-13 16:23:28,302 : INFO : SwitchController : Found active switch: ('43', <Platform.SmartVirtual>) <switch.s_trough5>
2024-07-13 16:23:28,302 : INFO : SwitchController : Found active switch: ('44', <Platform.SmartVirtual>) <switch.s_trough6>
2024-07-13 16:23:28,305 : INFO : EventManager : Event: ======'bcp_connection_attempt'====== Args={'name': 'local_display', 'host': 'localhost', 'port': 5050}
2024-07-13 16:23:28,306 : INFO : BCPClientSocket : Connecting BCP to 'local_display' at localhost:5050...
2024-07-13 16:23:28,723 : INFO : BCPClientSocket : Connected BCP to 'local_display' localhost:5050
2024-07-13 16:23:28,724 : INFO : EventManager : Event: ======'bcp_clients_connected'====== Args={}
2024-07-13 16:23:28,728 : INFO : ball_device.bd_trough : BCH: Initial count: 6
2024-07-13 16:23:28,729 : INFO : ball_device.bd_trough : State: idle
2024-07-13 16:23:28,729 : INFO : ball_device.bd_plunger : BCH: Initial count: 0
2024-07-13 16:23:28,730 : INFO : ball_device.bd_plunger : State: idle
2024-07-13 16:23:28,730 : INFO : ball_device.bd_scoop : BCH: Initial count: 0
2024-07-13 16:23:28,731 : INFO : ball_device.bd_scoop : State: idle
2024-07-13 16:23:28,737 : INFO : EventManager : Event: ======'init_phase_3'====== Args={}
2024-07-13 16:23:28,741 : INFO : EventManager : Event: ======'init_phase_4'====== Args={}
2024-07-13 16:23:28,742 : INFO : BallController : Initial balls found: 6
2024-07-13 16:23:28,742 : INFO : EventManager : Event: ======'machine_var_audits_events_game_ended'====== Args={'value': 3, 'prev_value': None, 'change': True}
2024-07-13 16:23:28,742 : INFO : EventManager : Event: ======'machine_var_audits_events_game_started'====== Args={'value': 279, 'prev_value': None, 'change': True}
2024-07-13 16:23:28,742 : INFO : EventManager : Event: ======'machine_var_audits_missing_switches_s_bottom_inline_drop'====== Args={'value': 24, 'prev_value': None, 'change': True}
2024-07-13 16:23:28,742 : INFO : EventManager : Event: ======'machine_var_audits_missing_switches_s_bottom_pop_bumper'====== Args={'value': 18, 'prev_value': None, 'change': True}
2024-07-13 16:23:28,742 : INFO : EventManager : Event: ======'machine_var_audits_missing_switches_s_center_spinner'====== Args={'value': 26, 'prev_value': None, 'change': True}
2024-07-13 16:23:28,742 : INFO : EventManager : Event: ======'machine_var_audits_missing_switches_s_e_target'====== Args={'value': 1, 'prev_value': None, 'change': True}
2024-07-13 16:23:28,743 : INFO : EventManager : Event: ======'machine_var_audits_missing_switches_s_left_flipper'====== Args={'value': 23, 'prev_value': None, 'change': True}
2024-07-13 16:23:28,743 : INFO : EventManager : Event: ======'machine_var_audits_missing_switches_s_left_inlane'====== Args={'value': 157, 'prev_value': None, 'change': True}
2024-07-13 16:23:28,743 : INFO : EventManager : Event: ======'machine_var_audits_missing_switches_s_left_inner_horseshoe'====== Args={'value': 35, 'prev_value': None, 'change': True}
2024-07-13 16:23:28,743 : INFO : EventManager : Event: ======'machine_var_audits_missing_switches_s_left_orbit_enter'====== Args={'value': 194, 'prev_value': None, 'change': True}
2024-07-13 16:23:28,743 : INFO : EventManager : Event: ======'machine_var_audits_missing_switches_s_left_orbit_exit'====== Args={'value': 35, 'prev_value': None, 'change': True}
2024-07-13 16:23:28,743 : INFO : EventManager : Event: ======'machine_var_audits_missing_switches_s_left_outlane'====== Args={'value': 154, 'prev_value': None, 'change': True}
2024-07-13 16:23:28,743 : INFO : EventManager : Event: ======'machine_var_audits_missing_switches_s_left_pop_bumper'====== Args={'value': 230, 'prev_value': None, 'change': True}
2024-07-13 16:23:28,743 : INFO : EventManager : Event: ======'machine_var_audits_missing_switches_s_left_ramp_enter'====== Args={'value': 93, 'prev_value': None, 'change': True}
2024-07-13 16:23:28,743 : INFO : EventManager : Event: ======'machine_var_audits_missing_switches_s_left_ramp_exit'====== Args={'value': 157, 'prev_value': None, 'change': True}
2024-07-13 16:23:28,743 : INFO : EventManager : Event: ======'machine_var_audits_missing_switches_s_left_ramp_standup'====== Args={'value': 6, 'prev_value': None, 'change': True}
2024-07-13 16:23:28,743 : INFO : EventManager : Event: ======'machine_var_audits_missing_switches_s_left_sling'====== Args={'value': 219, 'prev_value': None, 'change': True}
2024-07-13 16:23:28,743 : INFO : EventManager : Event: ======'machine_var_audits_missing_switches_s_left_spinner'====== Args={'value': 168, 'prev_value': None, 'change': True}
2024-07-13 16:23:28,743 : INFO : EventManager : Event: ======'machine_var_audits_missing_switches_s_middle_inline_drop'====== Args={'value': 24, 'prev_value': None, 'change': True}
2024-07-13 16:23:28,743 : INFO : EventManager : Event: ======'machine_var_audits_missing_switches_s_n_target'====== Args={'value': 4, 'prev_value': None, 'change': True}
2024-07-13 16:23:28,743 : INFO : EventManager : Event: ======'machine_var_audits_missing_switches_s_o_target'====== Args={'value': 127, 'prev_value': None, 'change': True}
2024-07-13 16:23:28,743 : INFO : EventManager : Event: ======'machine_var_audits_missing_switches_s_p2_target'====== Args={'value': 13, 'prev_value': None, 'change': True}
2024-07-13 16:23:28,744 : INFO : EventManager : Event: ======'machine_var_audits_missing_switches_s_p_target'====== Args={'value': 7, 'prev_value': None, 'change': True}
2024-07-13 16:23:28,744 : INFO : EventManager : Event: ======'machine_var_audits_missing_switches_s_r_target'====== Args={'value': 2, 'prev_value': None, 'change': True}
2024-07-13 16:23:28,744 : INFO : EventManager : Event: ======'machine_var_audits_missing_switches_s_right_flipper'====== Args={'value': 11, 'prev_value': None, 'change': True}
2024-07-13 16:23:28,744 : INFO : EventManager : Event: ======'machine_var_audits_missing_switches_s_right_inlane'====== Args={'value': 230, 'prev_value': None, 'change': True}
2024-07-13 16:23:28,744 : INFO : EventManager : Event: ======'machine_var_audits_missing_switches_s_right_inner_horseshoe'====== Args={'value': 9, 'prev_value': None, 'change': True}
2024-07-13 16:23:28,744 : INFO : EventManager : Event: ======'machine_var_audits_missing_switches_s_right_orbit_exit'====== Args={'value': 22, 'prev_value': None, 'change': True}
2024-07-13 16:23:28,744 : INFO : EventManager : Event: ======'machine_var_audits_missing_switches_s_right_outlane'====== Args={'value': 230, 'prev_value': None, 'change': True}
2024-07-13 16:23:28,744 : INFO : EventManager : Event: ======'machine_var_audits_missing_switches_s_right_pop_bumper'====== Args={'value': 3, 'prev_value': None, 'change': True}
2024-07-13 16:23:28,744 : INFO : EventManager : Event: ======'machine_var_audits_missing_switches_s_right_ramp_enter'====== Args={'value': 268, 'prev_value': None, 'change': True}
2024-07-13 16:23:28,744 : INFO : EventManager : Event: ======'machine_var_audits_missing_switches_s_right_ramp_exit'====== Args={'value': 268, 'prev_value': None, 'change': True}
2024-07-13 16:23:28,744 : INFO : EventManager : Event: ======'machine_var_audits_missing_switches_s_right_ramp_standup'====== Args={'value': 6, 'prev_value': None, 'change': True}
2024-07-13 16:23:28,744 : INFO : EventManager : Event: ======'machine_var_audits_missing_switches_s_right_sling'====== Args={'value': 230, 'prev_value': None, 'change': True}
2024-07-13 16:23:28,745 : INFO : EventManager : Event: ======'machine_var_audits_missing_switches_s_scoop'====== Args={'value': 9, 'prev_value': None, 'change': True}
2024-07-13 16:23:28,745 : INFO : EventManager : Event: ======'machine_var_audits_missing_switches_s_start'====== Args={'value': 11, 'prev_value': None, 'change': True}
2024-07-13 16:23:28,745 : INFO : EventManager : Event: ======'machine_var_audits_missing_switches_s_top_inline_drop'====== Args={'value': 24, 'prev_value': None, 'change': True}
2024-07-13 16:23:28,745 : INFO : EventManager : Event: ======'machine_var_audits_missing_switches_s_trough2'====== Args={'value': 156, 'prev_value': None, 'change': True}
2024-07-13 16:23:28,745 : INFO : EventManager : Event: ======'machine_var_audits_missing_switches_s_trough3'====== Args={'value': 234, 'prev_value': None, 'change': True}
2024-07-13 16:23:28,745 : INFO : EventManager : Event: ======'machine_var_audits_missing_switches_s_trough4'====== Args={'value': 234, 'prev_value': None, 'change': True}
2024-07-13 16:23:28,745 : INFO : EventManager : Event: ======'machine_var_audits_missing_switches_s_trough5'====== Args={'value': 234, 'prev_value': None, 'change': True}
2024-07-13 16:23:28,745 : INFO : EventManager : Event: ======'machine_var_audits_missing_switches_s_trough6'====== Args={'value': 234, 'prev_value': None, 'change': True}
2024-07-13 16:23:28,745 : INFO : EventManager : Event: ======'machine_var_audits_missing_switches_s_trough_jam'====== Args={'value': 167, 'prev_value': None, 'change': True}
2024-07-13 16:23:28,745 : INFO : EventManager : Event: ======'machine_var_audits_player_score'====== Args={'value': {'average': 92899, 'top': [370600, 400, 300, 250], 'total': 4}, 'prev_value': None, 'change': True}
2024-07-13 16:23:28,746 : INFO : EventManager : Event: ======'machine_var_audits_shots_a_target'====== Args={'value': 7, 'prev_value': None, 'change': True}
2024-07-13 16:23:28,746 : INFO : EventManager : Event: ======'machine_var_audits_shots_e_target'====== Args={'value': 3, 'prev_value': None, 'change': True}
2024-07-13 16:23:28,746 : INFO : EventManager : Event: ======'machine_var_audits_shots_left_rollover_lane'====== Args={'value': 75, 'prev_value': None, 'change': True}
2024-07-13 16:23:28,746 : INFO : EventManager : Event: ======'machine_var_audits_shots_middle_rollover_lane'====== Args={'value': 71, 'prev_value': None, 'change': True}
2024-07-13 16:23:28,746 : INFO : EventManager : Event: ======'machine_var_audits_shots_n_target'====== Args={'value': 9, 'prev_value': None, 'change': True}
2024-07-13 16:23:28,746 : INFO : EventManager : Event: ======'machine_var_audits_shots_o_target'====== Args={'value': 4, 'prev_value': None, 'change': True}
2024-07-13 16:23:28,746 : INFO : EventManager : Event: ======'machine_var_audits_shots_p2_target'====== Args={'value': 5, 'prev_value': None, 'change': True}
2024-07-13 16:23:28,746 : INFO : EventManager : Event: ======'machine_var_audits_shots_p_target'====== Args={'value': 8, 'prev_value': None, 'change': True}
2024-07-13 16:23:28,746 : INFO : EventManager : Event: ======'machine_var_audits_shots_qualify_o_target'====== Args={'value': 12, 'prev_value': None, 'change': True}
2024-07-13 16:23:28,747 : INFO : EventManager : Event: ======'machine_var_audits_shots_qualify_p_target'====== Args={'value': 8, 'prev_value': None, 'change': True}
2024-07-13 16:23:28,747 : INFO : EventManager : Event: ======'machine_var_audits_shots_qualify_r_target'====== Args={'value': 44, 'prev_value': None, 'change': True}
2024-07-13 16:23:28,747 : INFO : EventManager : Event: ======'machine_var_audits_shots_r_target'====== Args={'value': 14, 'prev_value': None, 'change': True}
2024-07-13 16:23:28,747 : INFO : EventManager : Event: ======'machine_var_audits_shots_right_rollover_lane'====== Args={'value': 75, 'prev_value': None, 'change': True}
2024-07-13 16:23:28,747 : INFO : EventManager : Event: ======'machine_var_audits_shots_skillshot_a_target'====== Args={'value': 11, 'prev_value': None, 'change': True}
2024-07-13 16:23:28,747 : INFO : EventManager : Event: ======'machine_var_audits_shots_skillshot_e_target'====== Args={'value': 15, 'prev_value': None, 'change': True}
2024-07-13 16:23:28,747 : INFO : EventManager : Event: ======'machine_var_audits_shots_skillshot_n_target'====== Args={'value': 13, 'prev_value': None, 'change': True}
2024-07-13 16:23:28,747 : INFO : EventManager : Event: ======'machine_var_audits_shots_skillshot_o_target'====== Args={'value': 4, 'prev_value': None, 'change': True}
2024-07-13 16:23:28,748 : INFO : EventManager : Event: ======'machine_var_audits_shots_skillshot_p2_target'====== Args={'value': 1, 'prev_value': None, 'change': True}
2024-07-13 16:23:28,748 : INFO : EventManager : Event: ======'machine_var_audits_shots_skillshot_p_target'====== Args={'value': 1, 'prev_value': None, 'change': True}
2024-07-13 16:23:28,748 : INFO : EventManager : Event: ======'machine_var_audits_shots_skillshot_r_target'====== Args={'value': 8, 'prev_value': None, 'change': True}
2024-07-13 16:23:28,748 : INFO : EventManager : Event: ======'machine_var_audits_switches_s_a_target'====== Args={'value': 47, 'prev_value': None, 'change': True}
2024-07-13 16:23:28,748 : INFO : EventManager : Event: ======'machine_var_audits_switches_s_bottom_inline_drop'====== Args={'value': 17, 'prev_value': None, 'change': True}
2024-07-13 16:23:28,748 : INFO : EventManager : Event: ======'machine_var_audits_switches_s_bottom_pop_bumper'====== Args={'value': 5, 'prev_value': None, 'change': True}
2024-07-13 16:23:28,749 : INFO : EventManager : Event: ======'machine_var_audits_switches_s_center_spinner'====== Args={'value': 3, 'prev_value': None, 'change': True}
2024-07-13 16:23:28,749 : INFO : EventManager : Event: ======'machine_var_audits_switches_s_e_target'====== Args={'value': 72, 'prev_value': None, 'change': True}
2024-07-13 16:23:28,749 : INFO : EventManager : Event: ======'machine_var_audits_switches_s_left_flipper'====== Args={'value': 124, 'prev_value': None, 'change': True}
2024-07-13 16:23:28,749 : INFO : EventManager : Event: ======'machine_var_audits_switches_s_left_inlane'====== Args={'value': 7, 'prev_value': None, 'change': True}
2024-07-13 16:23:28,749 : INFO : EventManager : Event: ======'machine_var_audits_switches_s_left_inner_horseshoe'====== Args={'value': 6, 'prev_value': None, 'change': True}
2024-07-13 16:23:28,750 : INFO : EventManager : Event: ======'machine_var_audits_switches_s_left_orbit_enter'====== Args={'value': 8, 'prev_value': None, 'change': True}
2024-07-13 16:23:28,750 : INFO : EventManager : Event: ======'machine_var_audits_switches_s_left_orbit_exit'====== Args={'value': 13, 'prev_value': None, 'change': True}
2024-07-13 16:23:28,750 : INFO : EventManager : Event: ======'machine_var_audits_switches_s_left_outlane'====== Args={'value': 15, 'prev_value': None, 'change': True}
2024-07-13 16:23:28,750 : INFO : EventManager : Event: ======'machine_var_audits_switches_s_left_pop_bumper'====== Args={'value': 2, 'prev_value': None, 'change': True}
2024-07-13 16:23:28,750 : INFO : EventManager : Event: ======'machine_var_audits_switches_s_left_ramp_enter'====== Args={'value': 9, 'prev_value': None, 'change': True}
2024-07-13 16:23:28,750 : INFO : EventManager : Event: ======'machine_var_audits_switches_s_left_ramp_exit'====== Args={'value': 3, 'prev_value': None, 'change': True}
2024-07-13 16:23:28,751 : INFO : EventManager : Event: ======'machine_var_audits_switches_s_left_ramp_standup'====== Args={'value': 318, 'prev_value': None, 'change': True}
2024-07-13 16:23:28,751 : INFO : EventManager : Event: ======'machine_var_audits_switches_s_left_rollover_lane'====== Args={'value': 80, 'prev_value': None, 'change': True}
2024-07-13 16:23:28,751 : INFO : EventManager : Event: ======'machine_var_audits_switches_s_left_sling'====== Args={'value': 10, 'prev_value': None, 'change': True}
2024-07-13 16:23:28,751 : INFO : EventManager : Event: ======'machine_var_audits_switches_s_left_spinner'====== Args={'value': 27, 'prev_value': None, 'change': True}
2024-07-13 16:23:28,751 : INFO : EventManager : Event: ======'machine_var_audits_switches_s_middle_inline_drop'====== Args={'value': 18, 'prev_value': None, 'change': True}
2024-07-13 16:23:28,751 : INFO : EventManager : Event: ======'machine_var_audits_switches_s_middle_rollover_lane'====== Args={'value': 74, 'prev_value': None, 'change': True}
2024-07-13 16:23:28,752 : INFO : EventManager : Event: ======'machine_var_audits_switches_s_n_target'====== Args={'value': 63, 'prev_value': None, 'change': True}
2024-07-13 16:23:28,752 : INFO : EventManager : Event: ======'machine_var_audits_switches_s_o_target'====== Args={'value': 57, 'prev_value': None, 'change': True}
2024-07-13 16:23:28,752 : INFO : EventManager : Event: ======'machine_var_audits_switches_s_p2_target'====== Args={'value': 11, 'prev_value': None, 'change': True}
2024-07-13 16:23:28,752 : INFO : EventManager : Event: ======'machine_var_audits_switches_s_p_target'====== Args={'value': 221, 'prev_value': None, 'change': True}
2024-07-13 16:23:28,752 : INFO : EventManager : Event: ======'machine_var_audits_switches_s_plunger'====== Args={'value': 349, 'prev_value': None, 'change': True}
2024-07-13 16:23:28,753 : INFO : EventManager : Event: ======'machine_var_audits_switches_s_plunger_lane'====== Args={'value': 39, 'prev_value': None, 'change': True}
2024-07-13 16:23:28,753 : INFO : EventManager : Event: ======'machine_var_audits_switches_s_plunger_lane_exit'====== Args={'value': 174, 'prev_value': None, 'change': True}
2024-07-13 16:23:28,753 : INFO : EventManager : Event: ======'machine_var_audits_switches_s_r_target'====== Args={'value': 79, 'prev_value': None, 'change': True}
2024-07-13 16:23:28,753 : INFO : EventManager : Event: ======'machine_var_audits_switches_s_right_flipper'====== Args={'value': 103, 'prev_value': None, 'change': True}
2024-07-13 16:23:28,753 : INFO : EventManager : Event: ======'machine_var_audits_switches_s_right_inlane'====== Args={'value': 9, 'prev_value': None, 'change': True}
2024-07-13 16:23:28,754 : INFO : EventManager : Event: ======'machine_var_audits_switches_s_right_inner_horseshoe'====== Args={'value': 5, 'prev_value': None, 'change': True}
2024-07-13 16:23:28,754 : INFO : EventManager : Event: ======'machine_var_audits_switches_s_right_orbit_exit'====== Args={'value': 33, 'prev_value': None, 'change': True}
2024-07-13 16:23:28,754 : INFO : EventManager : Event: ======'machine_var_audits_switches_s_right_outlane'====== Args={'value': 7, 'prev_value': None, 'change': True}
2024-07-13 16:23:28,754 : INFO : EventManager : Event: ======'machine_var_audits_switches_s_right_pop_bumper'====== Args={'value': 10, 'prev_value': None, 'change': True}
2024-07-13 16:23:28,754 : INFO : EventManager : Event: ======'machine_var_audits_switches_s_right_ramp_enter'====== Args={'value': 0, 'prev_value': None, 'change': True}
2024-07-13 16:23:28,754 : INFO : EventManager : Event: ======'machine_var_audits_switches_s_right_ramp_exit'====== Args={'value': 0, 'prev_value': None, 'change': True}
2024-07-13 16:23:28,755 : INFO : EventManager : Event: ======'machine_var_audits_switches_s_right_ramp_standup'====== Args={'value': 152, 'prev_value': None, 'change': True}
2024-07-13 16:23:28,755 : INFO : EventManager : Event: ======'machine_var_audits_switches_s_right_rollover_lane'====== Args={'value': 89, 'prev_value': None, 'change': True}
2024-07-13 16:23:28,755 : INFO : EventManager : Event: ======'machine_var_audits_switches_s_right_sling'====== Args={'value': 1, 'prev_value': None, 'change': True}
2024-07-13 16:23:28,755 : INFO : EventManager : Event: ======'machine_var_audits_switches_s_scoop'====== Args={'value': 46, 'prev_value': None, 'change': True}
2024-07-13 16:23:28,756 : INFO : EventManager : Event: ======'machine_var_audits_switches_s_start'====== Args={'value': 259, 'prev_value': None, 'change': True}
2024-07-13 16:23:28,756 : INFO : EventManager : Event: ======'machine_var_audits_switches_s_top_inline_drop'====== Args={'value': 12, 'prev_value': None, 'change': True}
2024-07-13 16:23:28,756 : INFO : EventManager : Event: ======'machine_var_audits_switches_s_trough1'====== Args={'value': 266, 'prev_value': None, 'change': True}
2024-07-13 16:23:28,756 : INFO : EventManager : Event: ======'machine_var_audits_switches_s_trough2'====== Args={'value': 11, 'prev_value': None, 'change': True}
2024-07-13 16:23:28,756 : INFO : EventManager : Event: ======'machine_var_audits_switches_s_trough3'====== Args={'value': 2, 'prev_value': None, 'change': True}
2024-07-13 16:23:28,757 : INFO : EventManager : Event: ======'machine_var_audits_switches_s_trough4'====== Args={'value': 2, 'prev_value': None, 'change': True}
2024-07-13 16:23:28,757 : INFO : EventManager : Event: ======'machine_var_audits_switches_s_trough5'====== Args={'value': 2, 'prev_value': None, 'change': True}
2024-07-13 16:23:28,757 : INFO : EventManager : Event: ======'machine_var_audits_switches_s_trough6'====== Args={'value': 1, 'prev_value': None, 'change': True}
2024-07-13 16:23:28,757 : INFO : EventManager : Event: ======'machine_var_audits_switches_s_trough_jam'====== Args={'value': 5, 'prev_value': None, 'change': True}
2024-07-13 16:23:28,758 : INFO : EventManager : Event: ======'init_phase_5'====== Args={}
2024-07-13 16:23:28,764 : INFO : EventManager : Event: ======'init_done'====== Args={}
2024-07-13 16:23:28,765 : INFO : EventManager : Event: ======'machine_reset_phase_1'====== Args={}
2024-07-13 16:23:28,777 : INFO : EventManager : Event: ======'machine_reset_phase_2'====== Args={}
2024-07-13 16:23:28,778 : INFO : EventManager : Event: ======'machine_reset_phase_3'====== Args={}
2024-07-13 16:23:28,778 : INFO : drop_target_bank.strickland_bank : All targets are already up. Will not reset bank.
2024-07-13 16:23:28,778 : INFO : EventManager : Event: ======'reset_complete'====== Args={}
2024-07-13 16:23:28,778 : INFO : EventManager : Event: ======'mode_attract_will_start'====== Args={}
2024-07-13 16:23:28,778 : INFO : Timer.attract_switch : Starting Timer.
2024-07-13 16:23:28,778 : INFO : EventManager : Event: ======'timer_attract_switch_started'====== Args={'ticks': 0, 'ticks_remaining': 45}
2024-07-13 16:23:28,778 : INFO : EventManager : Event: ======'timer_attract_switch_tick'====== Args={'ticks': 0, 'ticks_remaining': 45}
2024-07-13 16:23:28,779 : INFO : EventManager : Event: ======'mode_attract_starting'====== Args={}
2024-07-13 16:23:28,779 : INFO : Mode.attract : Started. Priority: 10
2024-07-13 16:23:28,779 : INFO : EventManager : Event: ======'modes_active_modes_changed'====== Args={}
2024-07-13 16:23:28,779 : INFO : EventManager : Event: ======'mode_attract_started'====== Args={}
2024-07-13 16:23:28,779 : INFO : EventManager : Event: ======'collecting_balls_complete'====== Args={}
2024-07-13 16:23:28,780 : INFO : Machine : Starting the main run loop.
2024-07-13 16:23:29,294 : INFO : SwitchController : <<<<<<< 's_start' active >>>>>>>
2024-07-13 16:23:29,371 : INFO : SwitchController : <<<<<<< 's_start' inactive >>>>>>>
2024-07-13 16:23:29,371 : INFO : EventManager : Event: ======'request_to_start_game'====== Args={}
2024-07-13 16:23:29,372 : INFO : EventManager : Event: ======'game_start'====== Args={'buttons': [], 'hold_time': 0.07663504200000015}
2024-07-13 16:23:29,372 : INFO : EventManager : Event: ======'mode_game_will_start'====== Args={'buttons': [], 'hold_time': 0.07663504200000015}
2024-07-13 16:23:29,373 : INFO : EventManager : Event: ======'mode_game_starting'====== Args={'buttons': [], 'hold_time': 0.07663504200000015}
2024-07-13 16:23:29,373 : INFO : EventManager : Event: ======'mode_attract_will_stop'====== Args={}
2024-07-13 16:23:29,373 : INFO : EventManager : Event: ======'mode_attract_stopping'====== Args={}
2024-07-13 16:23:29,373 : INFO : Mode.attract : Stopped.
2024-07-13 16:23:29,373 : INFO : EventManager : Event: ======'modes_active_modes_changed'====== Args={}
2024-07-13 16:23:29,374 : INFO : EventManager : Event: ======'mode_attract_stopped'====== Args={}
2024-07-13 16:23:29,374 : INFO : EventManager : Event: ======'clear'====== Args={'key': 'attract'}
2024-07-13 16:23:29,375 : INFO : Timer.attract_switch : Stopping Timer
2024-07-13 16:23:29,375 : INFO : EventManager : Event: ======'timer_attract_switch_stopped'====== Args={'ticks': 0, 'ticks_remaining': 45}
2024-07-13 16:23:29,375 : INFO : Mode.game : Started. Priority: 20
2024-07-13 16:23:29,375 : INFO : EventManager : Event: ======'modes_active_modes_changed'====== Args={}
2024-07-13 16:23:29,375 : INFO : EventManager : Event: ======'mode_game_started'====== Args={'buttons': [], 'hold_time': 0.07663504200000015}
2024-07-13 16:23:29,376 : INFO : EventManager : Event: ======'game_will_start'====== Args={}
2024-07-13 16:23:29,377 : INFO : EventManager : Event: ======'game_starting'====== Args={'game': <Mode.game>}
2024-07-13 16:23:29,378 : INFO : EventManager : Unordered handler for class <Auditor> on event game_ended with priority 1. Handlers: [RegisteredHandler(callback=<bound method Auditor.disable of <Auditor>>, priority=1, kwargs={}, key=UUID('f0c0077b-6e55-413f-b040-5d32387cd7ba'), condition=None, blocking_facility=None), RegisteredHandler(callback=<bound method Auditor._save_audits of <Auditor>>, priority=1, kwargs={}, key=UUID('a74b5fe1-939c-418c-ae34-e2103a196820'), condition=None, blocking_facility=None)]. The order of those handlers is not defined and they will be executed in random order. This might lead to race conditions and potential bugs.
2024-07-13 16:23:29,378 : INFO : EventManager : Event: ======'player_add_request'====== Args={}
2024-07-13 16:23:29,378 : INFO : EventManager : Event: ======'player_will_add'====== Args={'number': 1}
2024-07-13 16:23:29,378 : INFO : EventManager : Event: ======'player_adding'====== Args={'player': <Player 1>, 'number': 1}
2024-07-13 16:23:29,378 : INFO : EventManager : Event: ======'player_added'====== Args={'player': <Player 1>, 'num': 1}
2024-07-13 16:23:29,378 : INFO : Mode.game : Player added successfully. Total players: 1
2024-07-13 16:23:29,379 : INFO : EventManager : Event: ======'player_index'====== Args={'value': 0, 'prev_value': 0, 'change': 0, 'player_num': 1}
2024-07-13 16:23:29,379 : INFO : EventManager : Event: ======'player_number'====== Args={'value': 1, 'prev_value': 1, 'change': 0, 'player_num': 1}
2024-07-13 16:23:29,380 : INFO : EventManager : Event: ======'player_score'====== Args={'value': 0, 'prev_value': 0, 'change': 0, 'player_num': 1}
2024-07-13 16:23:29,381 : INFO : EventManager : Event: ======'game_started'====== Args={}
2024-07-13 16:23:29,381 : INFO : EventManager : Event: ======'player_turn_will_start'====== Args={'player': <Player 1>, 'number': 1}
2024-07-13 16:23:29,381 : INFO : EventManager : Event: ======'player_turn_starting'====== Args={'player': <Player 1>, 'number': 1}
2024-07-13 16:23:29,394 : INFO : EventManager : Event: ======'player_ball'====== Args={'value': 1, 'prev_value': 0, 'change': 1, 'player_num': 1}
2024-07-13 16:23:29,395 : INFO : EventManager : Event: ======'player_turn_started'====== Args={'player': <Player 1>, 'number': 1}
2024-07-13 16:23:29,396 : INFO : EventManager : Event: ======'slide__removed'====== Args={'_from_bcp': True}
2024-07-13 16:23:29,396 : INFO : EventManager : Event: ======'ball_will_start'====== Args={'player': 1, 'ball': 1, 'balls_remaining': 2, 'is_extra_ball': False}
2024-07-13 16:23:29,397 : INFO : BcpServer : New client connected.
2024-07-13 16:23:29,398 : INFO : EventManager : Event: ======'ball_starting'====== Args={'player': 1, 'ball': 1, 'balls_remaining': 2, 'is_extra_ball': False}
2024-07-13 16:23:29,398 : INFO : EventManager : Event: ======'mode_skillshot_will_start'====== Args={'queue': <QueuedEvent>, 'player': 1, 'ball': 1, 'balls_remaining': 2, 'is_extra_ball': False}
2024-07-13 16:23:29,399 : INFO : EventManager : Event: ======'skillshot_complete'====== Args={'state': 'None'}
2024-07-13 16:23:29,399 : INFO : EventManager : Event: ======'skillshot_None_complete'====== Args={}
2024-07-13 16:23:29,400 : INFO : EventManager : Event: ======'player_shot_skillshot_p_target_enabled'====== Args={'value': True, 'prev_value': 0, 'change': 1, 'player_num': 1}
2024-07-13 16:23:29,401 : INFO : EventManager : Event: ======'player_shot_skillshot_r_target_enabled'====== Args={'value': True, 'prev_value': 0, 'change': 1, 'player_num': 1}
2024-07-13 16:23:29,401 : INFO : EventManager : Event: ======'player_shot_skillshot_o_target_enabled'====== Args={'value': True, 'prev_value': 0, 'change': 1, 'player_num': 1}
2024-07-13 16:23:29,402 : INFO : EventManager : Event: ======'player_shot_skillshot_p2_target_enabled'====== Args={'value': True, 'prev_value': 0, 'change': 1, 'player_num': 1}
2024-07-13 16:23:29,402 : INFO : EventManager : Event: ======'player_shot_skillshot_a_target_enabled'====== Args={'value': True, 'prev_value': 0, 'change': 1, 'player_num': 1}
2024-07-13 16:23:29,403 : INFO : EventManager : Event: ======'player_shot_skillshot_n_target_enabled'====== Args={'value': True, 'prev_value': 0, 'change': 1, 'player_num': 1}
2024-07-13 16:23:29,404 : INFO : EventManager : Event: ======'player_shot_skillshot_e_target_enabled'====== Args={'value': True, 'prev_value': 0, 'change': 1, 'player_num': 1}
2024-07-13 16:23:29,404 : INFO : EventManager : Event: ======'player_skillshot_skillshot_rotate_tick'====== Args={'value': 0, 'prev_value': 0, 'change': 0, 'player_num': 1}
2024-07-13 16:23:29,404 : INFO : Timer.skillshot_rotate : Starting Timer.
2024-07-13 16:23:29,404 : INFO : EventManager : Event: ======'timer_skillshot_rotate_started'====== Args={'ticks': 0, 'ticks_remaining': 0}
2024-07-13 16:23:29,405 : INFO : EventManager : Event: ======'timer_skillshot_rotate_tick'====== Args={'ticks': 0, 'ticks_remaining': 0}
2024-07-13 16:23:29,406 : INFO : EventManager : Event: ======'mode_skillshot_starting'====== Args={'queue': <QueuedEvent>, 'player': 1, 'ball': 1, 'balls_remaining': 2, 'is_extra_ball': False}
2024-07-13 16:23:29,407 : INFO : drop_target_bank.strickland_bank : All targets are already up. Will not reset bank.
2024-07-13 16:23:29,407 : INFO : EventManager : Event: ======'cmd_flippers_enable'====== Args={'priority': 0}
2024-07-13 16:23:29,407 : INFO : EventManager : Event: ======'cmd_autofire_coils_enable'====== Args={'priority': 0}
2024-07-13 16:23:29,407 : INFO : EventManager : Event: ======'cmd_drop_targets_reset'====== Args={'priority': 0}
2024-07-13 16:23:29,407 : INFO : Mode.skillshot : Started. Priority: 200
2024-07-13 16:23:29,407 : INFO : EventManager : Event: ======'modes_active_modes_changed'====== Args={}
2024-07-13 16:23:29,407 : INFO : EventManager : Event: ======'mode_skillshot_started'====== Args={'queue': <QueuedEvent>, 'player': 1, 'ball': 1, 'balls_remaining': 2, 'is_extra_ball': False}
2024-07-13 16:23:29,407 : INFO : EventManager : Event: ======'player_shot_skillshot_p_target'====== Args={'value': 1, 'prev_value': 0, 'change': 1, 'player_num': 1}
2024-07-13 16:23:29,408 : INFO : EventManager : Event: ======'balls_in_play'====== Args={'balls': 1}
2024-07-13 16:23:29,408 : INFO : EventManager : Event: ======'ball_started'====== Args={'player': 1, 'ball': 1, 'balls_remaining': 2, 'is_extra_ball': False}
2024-07-13 16:23:29,415 : INFO : EventManager : Event: ======'mode_BBQ_rollover_will_start'====== Args={'player': 1, 'ball': 1, 'balls_remaining': 2, 'is_extra_ball': False}
2024-07-13 16:23:29,415 : INFO : EventManager : Event: ======'player_shot_left_rollover_lane_enabled'====== Args={'value': True, 'prev_value': 0, 'change': 1, 'player_num': 1}
2024-07-13 16:23:29,415 : INFO : EventManager : Event: ======'player_shot_middle_rollover_lane_enabled'====== Args={'value': True, 'prev_value': 0, 'change': 1, 'player_num': 1}
2024-07-13 16:23:29,415 : INFO : EventManager : Event: ======'player_shot_right_rollover_lane_enabled'====== Args={'value': True, 'prev_value': 0, 'change': 1, 'player_num': 1}
2024-07-13 16:23:29,416 : INFO : EventManager : Event: ======'BBQ_lanes_complete'====== Args={'state': 'unlit'}
2024-07-13 16:23:29,416 : INFO : EventManager : Event: ======'BBQ_lanes_unlit_complete'====== Args={}
2024-07-13 16:23:29,418 : INFO : EventManager : Event: ======'mode_BBQ_rollover_starting'====== Args={'player': 1, 'ball': 1, 'balls_remaining': 2, 'is_extra_ball': False}
2024-07-13 16:23:29,418 : INFO : EventManager : Event: ======'mode_base_will_start'====== Args={'player': 1, 'ball': 1, 'balls_remaining': 2, 'is_extra_ball': False}
2024-07-13 16:23:29,418 : INFO : EventManager : Event: ======'player_shot_qualify_p_target_enabled'====== Args={'value': True, 'prev_value': 0, 'change': 1, 'player_num': 1}
2024-07-13 16:23:29,418 : INFO : EventManager : Event: ======'player_shot_qualify_r_target_enabled'====== Args={'value': True, 'prev_value': 0, 'change': 1, 'player_num': 1}
2024-07-13 16:23:29,418 : INFO : EventManager : Event: ======'player_shot_qualify_o_target_enabled'====== Args={'value': True, 'prev_value': 0, 'change': 1, 'player_num': 1}
2024-07-13 16:23:29,421 : INFO : EventManager : Event: ======'mode_base_starting'====== Args={'player': 1, 'ball': 1, 'balls_remaining': 2, 'is_extra_ball': False}
2024-07-13 16:23:29,421 : INFO : Mode.base : Started. Priority: 100
2024-07-13 16:23:29,421 : INFO : EventManager : Event: ======'modes_active_modes_changed'====== Args={}
2024-07-13 16:23:29,421 : INFO : EventManager : Event: ======'mode_base_started'====== Args={'player': 1, 'ball': 1, 'balls_remaining': 2, 'is_extra_ball': False}
2024-07-13 16:23:29,422 : INFO : EventManager : Event: ======'ball_save_default_enabled'====== Args={}
2024-07-13 16:23:29,429 : INFO : EventManager : Event: ======'logicblock_lb_BBQ_complete_count_updated'====== Args={'value': 1, 'enabled': True}
2024-07-13 16:23:29,429 : INFO : EventManager : Event: ======'logicblock_lb_BBQ_complete_count_updated'====== Args={'value': 1, 'enabled': True}
2024-07-13 16:23:29,429 : INFO : Mode.BBQ_rollover : Started. Priority: 600
2024-07-13 16:23:29,429 : INFO : EventManager : Event: ======'modes_active_modes_changed'====== Args={}
2024-07-13 16:23:29,429 : INFO : EventManager : Event: ======'mode_BBQ_rollover_started'====== Args={'player': 1, 'ball': 1, 'balls_remaining': 2, 'is_extra_ball': False}
2024-07-13 16:23:29,429 : INFO : EventManager : Event: ======'player_pf_multiplier'====== Args={'value': 1, 'prev_value': 0, 'change': 1, 'player_num': 1, 'source': 'BBQ_rollover'}
2024-07-13 16:23:29,430 : INFO : EventManager : Event: ======'single_player_ball_started'====== Args={}
2024-07-13 16:23:29,430 : INFO : EventManager : Event: ======'ball_start_target'====== Args={'target': 'playfield'}
2024-07-13 16:23:29,430 : INFO : ball_device.bd_plunger : Setting up player-controlled eject. Balls: 1, Target: <playfield.playfield>, player_controlled_eject_event: None
2024-07-13 16:23:29,431 : INFO : EventManager : Event: ======'balldevice_balls_available'====== Args={}
2024-07-13 16:23:29,431 : INFO : ball_device.bd_trough : State: waiting_for_target_ready
2024-07-13 16:23:29,431 : INFO : EventManager : Event: ======'balldevice_bd_trough_ball_eject_attempt'====== Args={'balls': 1, 'target': <ball_device.bd_plunger>, 'source': <ball_device.bd_trough>, 'mechanical_eject': True, 'num_attempts': 0}
2024-07-13 16:23:29,432 : INFO : ball_device.bd_plunger : State: waiting_for_ball
2024-07-13 16:23:29,432 : INFO : ball_device.bd_trough : State: ejecting
2024-07-13 16:23:29,432 : INFO : ball_device.bd_trough : Ejecting ball to <ball_device.bd_plunger>
2024-07-13 16:23:29,432 : INFO : EventManager : Event: ======'balldevice_bd_trough_ejecting_ball'====== Args={'balls': 1, 'target': <ball_device.bd_plunger>, 'source': <ball_device.bd_trough>, 'mechanical_eject': True, 'num_attempts': 0}
2024-07-13 16:23:29,437 : INFO : EventManager : Event: ======'slide_skillshot_created'====== Args={'_from_bcp': True}
2024-07-13 16:23:29,438 : INFO : EventManager : Event: ======'slide_skillshot_active'====== Args={'original_context': 'skillshot', 'original_calling_context': 'mode_skillshot_started', 'queue': '<QueuedEvent>', 'cmd': 'slides_play', '_from_bcp': True}
2024-07-13 16:23:29,438 : INFO : ball_device.bd_trough : Wait for ball to leave device
2024-07-13 16:23:29,438 : INFO : coil.c_trough_eject : Pulsing Driver for 20ms (1.0 pulse_power)
2024-07-13 16:23:29,438 : INFO : SwitchController : <<<<<<< 's_trough1' inactive >>>>>>>
2024-07-13 16:23:29,439 : INFO : ball_device.bd_trough : State: ball_left
2024-07-13 16:23:29,439 : INFO : ball_device.bd_trough : Ball left
2024-07-13 16:23:29,439 : INFO : ball_device.bd_trough : Wait for confirm with timeout 3.0
2024-07-13 16:23:29,457 : INFO : EventManager : Event: ======'slide_base_created'====== Args={'_from_bcp': True}
2024-07-13 16:23:29,539 : INFO : SwitchController : <<<<<<< 's_plunger' active >>>>>>>
2024-07-13 16:23:29,539 : INFO : EventManager : Event: ======'machine_var_audits_switches_s_plunger'====== Args={'value': 350, 'prev_value': 349, 'change': 1}
2024-07-13 16:23:30,040 : INFO : ball_device.bd_plunger : Received ball from <ball_device.bd_trough>
2024-07-13 16:23:30,040 : INFO : EventManager : Event: ======'balldevice_bd_plunger_ball_enter'====== Args={'new_balls': 1, 'unclaimed_balls': 0, 'new_available_balls': 0, 'device': <ball_device.bd_plunger>}
2024-07-13 16:23:30,041 : INFO : EventManager : Event: ======'balldevice_bd_plunger_ball_entered'====== Args={'new_balls': 0, 'device': <ball_device.bd_plunger>}
2024-07-13 16:23:30,041 : INFO : EventManager : Event: ======'balldevice_bd_plunger_ball_count_changed'====== Args={'balls': 1}
2024-07-13 16:23:30,041 : INFO : ball_device.bd_trough : Got eject confirm
2024-07-13 16:23:30,041 : INFO : ball_device.bd_trough : Eject successful
2024-07-13 16:23:30,041 : INFO : EventManager : Event: ======'balldevice_bd_trough_ball_eject_success'====== Args={'balls': 1, 'target': <ball_device.bd_plunger>}
2024-07-13 16:23:30,042 : INFO : EventManager : Event: ======'balldevice_bd_trough_ball_count_changed'====== Args={'balls': 5}
2024-07-13 16:23:30,042 : INFO : ball_device.bd_trough : State: idle
2024-07-13 16:23:30,042 : INFO : ball_device.bd_plunger : State: waiting_for_target_ready
2024-07-13 16:23:30,042 : INFO : EventManager : Event: ======'balldevice_bd_plunger_ball_eject_attempt'====== Args={'balls': 1, 'target': <playfield.playfield>, 'source': <ball_device.bd_plunger>, 'mechanical_eject': True, 'num_attempts': 0}
2024-07-13 16:23:30,043 : INFO : ball_device.bd_plunger : State: ejecting
2024-07-13 16:23:30,043 : INFO : ball_device.bd_plunger : Ejecting ball to <playfield.playfield>
2024-07-13 16:23:30,043 : INFO : EventManager : Event: ======'balldevice_bd_plunger_ejecting_ball'====== Args={'balls': 1, 'target': <playfield.playfield>, 'source': <ball_device.bd_plunger>, 'mechanical_eject': True, 'num_attempts': 0}
2024-07-13 16:23:30,044 : INFO : ball_device.bd_plunger : Wait for ball to leave device
2024-07-13 16:23:30,405 : INFO : EventManager : Event: ======'player_skillshot_skillshot_rotate_tick'====== Args={'value': 1, 'prev_value': 0, 'change': 1, 'player_num': 1}
2024-07-13 16:23:30,407 : INFO : EventManager : Event: ======'timer_skillshot_rotate_tick'====== Args={'ticks': 1, 'ticks_remaining': 0}
2024-07-13 16:23:30,409 : INFO : EventManager : Event: ======'player_shot_skillshot_p_target'====== Args={'value': 0, 'prev_value': 1, 'change': -1, 'player_num': 1}
2024-07-13 16:23:30,414 : INFO : EventManager : Event: ======'player_shot_skillshot_r_target'====== Args={'value': 1, 'prev_value': 0, 'change': 1, 'player_num': 1}
2024-07-13 16:23:31,405 : INFO : EventManager : Event: ======'player_skillshot_skillshot_rotate_tick'====== Args={'value': 2, 'prev_value': 1, 'change': 1, 'player_num': 1}
2024-07-13 16:23:31,408 : INFO : EventManager : Event: ======'timer_skillshot_rotate_tick'====== Args={'ticks': 2, 'ticks_remaining': 0}
2024-07-13 16:23:31,408 : INFO : EventManager : Event: ======'player_shot_skillshot_r_target'====== Args={'value': 0, 'prev_value': 1, 'change': -1, 'player_num': 1}
2024-07-13 16:23:31,409 : INFO : EventManager : Event: ======'player_shot_skillshot_o_target'====== Args={'value': 1, 'prev_value': 0, 'change': 1, 'player_num': 1}
2024-07-13 16:23:31,574 : WARNING : SwitchController : Received duplicate switch state 1 for switch s_plunger from the platform interface. Log Code: Log-SwitchController-1 (https://missionpinball.org/logs)
2024-07-13 16:23:32,022 : INFO : SwitchController : <<<<<<< 's_plunger' inactive >>>>>>>
2024-07-13 16:23:32,024 : INFO : ball_device.bd_plunger : State: ball_left
2024-07-13 16:23:32,024 : INFO : ball_device.bd_plunger : Ball left
2024-07-13 16:23:32,024 : INFO : ball_device.bd_plunger : Wait for confirm with timeout 3.0
2024-07-13 16:23:32,406 : INFO : EventManager : Event: ======'player_skillshot_skillshot_rotate_tick'====== Args={'value': 3, 'prev_value': 2, 'change': 1, 'player_num': 1}
2024-07-13 16:23:32,407 : INFO : EventManager : Event: ======'timer_skillshot_rotate_tick'====== Args={'ticks': 3, 'ticks_remaining': 0}
2024-07-13 16:23:32,408 : INFO : EventManager : Event: ======'player_shot_skillshot_o_target'====== Args={'value': 0, 'prev_value': 1, 'change': -1, 'player_num': 1}
2024-07-13 16:23:32,410 : INFO : EventManager : Event: ======'player_shot_skillshot_p2_target'====== Args={'value': 1, 'prev_value': 0, 'change': 1, 'player_num': 1}
2024-07-13 16:23:33,406 : INFO : EventManager : Event: ======'player_skillshot_skillshot_rotate_tick'====== Args={'value': 4, 'prev_value': 3, 'change': 1, 'player_num': 1}
2024-07-13 16:23:33,407 : INFO : EventManager : Event: ======'timer_skillshot_rotate_tick'====== Args={'ticks': 4, 'ticks_remaining': 0}
2024-07-13 16:23:33,408 : INFO : EventManager : Event: ======'player_shot_skillshot_p2_target'====== Args={'value': 0, 'prev_value': 1, 'change': -1, 'player_num': 1}
2024-07-13 16:23:33,409 : INFO : EventManager : Event: ======'player_shot_skillshot_a_target'====== Args={'value': 1, 'prev_value': 0, 'change': 1, 'player_num': 1}
2024-07-13 16:23:34,405 : INFO : EventManager : Event: ======'player_skillshot_skillshot_rotate_tick'====== Args={'value': 5, 'prev_value': 4, 'change': 1, 'player_num': 1}
2024-07-13 16:23:34,406 : INFO : EventManager : Event: ======'timer_skillshot_rotate_tick'====== Args={'ticks': 5, 'ticks_remaining': 0}
2024-07-13 16:23:34,407 : INFO : EventManager : Event: ======'player_shot_skillshot_a_target'====== Args={'value': 0, 'prev_value': 1, 'change': -1, 'player_num': 1}
2024-07-13 16:23:34,409 : INFO : EventManager : Event: ======'player_shot_skillshot_n_target'====== Args={'value': 1, 'prev_value': 0, 'change': 1, 'player_num': 1}
2024-07-13 16:23:35,026 : INFO : ball_device.bd_plunger : State: failed_confirm
2024-07-13 16:23:35,027 : INFO : ball_device.bd_plunger : Got timeout (3.0s) before confirm from <playfield.playfield>
2024-07-13 16:23:35,128 : INFO : ball_device.bd_plunger : Confirming eject because target is playfield and ball did not return.
2024-07-13 16:23:35,129 : INFO : ball_device.bd_plunger : Eject successful
2024-07-13 16:23:35,129 : INFO : EventManager : Event: ======'balldevice_bd_plunger_ball_eject_success'====== Args={'balls': 1, 'target': <playfield.playfield>}
2024-07-13 16:23:35,130 : INFO : EventManager : Event: ======'balldevice_playfield_ball_enter'====== Args={'new_balls': 1, 'unclaimed_balls': 1, 'device': <playfield.playfield>}
2024-07-13 16:23:35,131 : INFO : EventManager : Event: ======'playfield_ball_count_change'====== Args={'balls': 1, 'change': 1}
2024-07-13 16:23:35,132 : INFO : EventManager : Event: ======'balldevice_bd_plunger_ball_count_changed'====== Args={'balls': 0}
2024-07-13 16:23:35,132 : INFO : ball_device.bd_plunger : State: idle
2024-07-13 16:23:35,405 : INFO : EventManager : Event: ======'player_skillshot_skillshot_rotate_tick'====== Args={'value': 6, 'prev_value': 5, 'change': 1, 'player_num': 1}
2024-07-13 16:23:35,406 : INFO : EventManager : Event: ======'timer_skillshot_rotate_tick'====== Args={'ticks': 6, 'ticks_remaining': 0}
2024-07-13 16:23:35,406 : INFO : EventManager : Event: ======'player_shot_skillshot_n_target'====== Args={'value': 0, 'prev_value': 1, 'change': -1, 'player_num': 1}
2024-07-13 16:23:35,407 : INFO : EventManager : Event: ======'player_shot_skillshot_e_target'====== Args={'value': 1, 'prev_value': 0, 'change': 1, 'player_num': 1}
2024-07-13 16:23:36,075 : INFO : SwitchController : <<<<<<< 's_plunger_lane_exit' active >>>>>>>
2024-07-13 16:23:36,076 : INFO : EventManager : Event: ======'s_plunger_lane_exit_active'====== Args={}
2024-07-13 16:23:36,076 : INFO : EventManager : Event: ======'sw_playfield_active'====== Args={}
2024-07-13 16:23:36,076 : INFO : EventManager : Event: ======'machine_var_audits_switches_s_plunger_lane_exit'====== Args={'value': 175, 'prev_value': 174, 'change': 1}
2024-07-13 16:23:36,077 : INFO : EventManager : Event: ======'ball_save_default_timer_start'====== Args={}
2024-07-13 16:23:36,224 : INFO : SwitchController : <<<<<<< 's_plunger_lane_exit' inactive >>>>>>>
2024-07-13 16:23:36,405 : INFO : EventManager : Event: ======'player_skillshot_skillshot_rotate_tick'====== Args={'value': 7, 'prev_value': 6, 'change': 1, 'player_num': 1}
2024-07-13 16:23:36,407 : INFO : EventManager : Event: ======'timer_skillshot_rotate_tick'====== Args={'ticks': 7, 'ticks_remaining': 0}
2024-07-13 16:23:36,407 : INFO : EventManager : Event: ======'player_shot_skillshot_p_target'====== Args={'value': 1, 'prev_value': 0, 'change': 1, 'player_num': 1}
2024-07-13 16:23:36,408 : INFO : EventManager : Event: ======'player_shot_skillshot_e_target'====== Args={'value': 0, 'prev_value': 1, 'change': -1, 'player_num': 1}
2024-07-13 16:23:37,405 : INFO : EventManager : Event: ======'player_skillshot_skillshot_rotate_tick'====== Args={'value': 8, 'prev_value': 7, 'change': 1, 'player_num': 1}
2024-07-13 16:23:37,406 : INFO : EventManager : Event: ======'timer_skillshot_rotate_tick'====== Args={'ticks': 8, 'ticks_remaining': 0}
2024-07-13 16:23:37,406 : INFO : EventManager : Event: ======'player_shot_skillshot_p_target'====== Args={'value': 0, 'prev_value': 1, 'change': -1, 'player_num': 1}
2024-07-13 16:23:37,407 : INFO : EventManager : Event: ======'player_shot_skillshot_r_target'====== Args={'value': 1, 'prev_value': 0, 'change': 1, 'player_num': 1}
2024-07-13 16:23:37,863 : INFO : SwitchController : <<<<<<< 's_e_target' active >>>>>>>
2024-07-13 16:23:37,863 : INFO : EventManager : Event: ======'s_e_target_active'====== Args={}
2024-07-13 16:23:37,864 : INFO : EventManager : Event: ======'machine_var_audits_switches_s_e_target'====== Args={'value': 73, 'prev_value': 72, 'change': 1}
2024-07-13 16:23:37,865 : INFO : EventManager : Event: ======'machine_var_audits_shots_skillshot_e_target'====== Args={'value': 16, 'prev_value': 15, 'change': 1}
2024-07-13 16:23:37,873 : INFO : EventManager : Event: ======'skillshot_e_target_hit'====== Args={'profile': 'skillshot_profile', 'state': 'off', 'advancing': False}
2024-07-13 16:23:37,874 : INFO : EventManager : Event: ======'skillshot_e_target_skillshot_profile_hit'====== Args={'profile': 'skillshot_profile', 'state': 'off', 'advancing': False}
2024-07-13 16:23:37,875 : INFO : EventManager : Event: ======'skillshot_e_target_skillshot_profile_off_hit'====== Args={'profile': 'skillshot_profile', 'state': 'off', 'advancing': False}
2024-07-13 16:23:37,875 : INFO : EventManager : Event: ======'skillshot_e_target_off_hit'====== Args={'profile': 'skillshot_profile', 'state': 'off', 'advancing': False}
2024-07-13 16:23:37,875 : INFO : EventManager : Event: ======'player_score'====== Args={'value': 50, 'prev_value': 0, 'change': 50, 'player_num': 1, 'source': 'base'}
2024-07-13 16:23:37,876 : INFO : EventManager : Event: ======'skillshot_hit'====== Args={'shot': 'skillshot_e_target'}
2024-07-13 16:23:37,876 : INFO : EventManager : Event: ======'skillshot_off_hit'====== Args={'shot': 'skillshot_e_target'}
2024-07-13 16:23:37,876 : INFO : EventManager : Event: ======'stop_mode_skillshot'====== Args={'priority': 0}
2024-07-13 16:23:37,877 : INFO : EventManager : Event: ======'mode_skillshot_will_stop'====== Args={}
2024-07-13 16:23:37,877 : INFO : EventManager : Event: ======'mode_skillshot_stopping'====== Args={}
2024-07-13 16:23:37,878 : INFO : Mode.skillshot : Stopped.
2024-07-13 16:23:37,878 : INFO : EventManager : Event: ======'modes_active_modes_changed'====== Args={}
2024-07-13 16:23:37,879 : INFO : EventManager : Event: ======'mode_skillshot_stopped'====== Args={}
2024-07-13 16:23:37,879 : INFO : EventManager : Event: ======'clear'====== Args={'key': 'skillshot'}
2024-07-13 16:23:37,880 : INFO : Timer.skillshot_rotate : Stopping Timer
2024-07-13 16:23:37,880 : INFO : EventManager : Event: ======'timer_skillshot_rotate_stopped'====== Args={'ticks': 8, 'ticks_remaining': 0}
2024-07-13 16:23:37,888 : INFO : EventManager : Event: ======'slide_skillshot_inactive'====== Args={'_from_bcp': True}
2024-07-13 16:23:37,889 : INFO : EventManager : Event: ======'slide_base_active'====== Args={'_from_bcp': True}
2024-07-13 16:23:37,889 : INFO : EventManager : Event: ======'slide_skillshot_removed'====== Args={'_from_bcp': True}
2024-07-13 16:23:37,978 : INFO : SwitchController : <<<<<<< 's_e_target' inactive >>>>>>>
2024-07-13 16:23:39,045 : INFO : SwitchController : <<<<<<< 's_right_rollover_lane' active >>>>>>>
2024-07-13 16:23:39,045 : INFO : EventManager : Event: ======'s_right_rollover_lane_active'====== Args={}
2024-07-13 16:23:39,046 : INFO : EventManager : Event: ======'machine_var_audits_switches_s_right_rollover_lane'====== Args={'value': 90, 'prev_value': 89, 'change': 1}
2024-07-13 16:23:39,048 : INFO : EventManager : Event: ======'player_shot_right_rollover_lane'====== Args={'value': 1, 'prev_value': 0, 'change': 1, 'player_num': 1}
2024-07-13 16:23:39,049 : INFO : EventManager : Event: ======'machine_var_audits_shots_right_rollover_lane'====== Args={'value': 76, 'prev_value': 75, 'change': 1}
2024-07-13 16:23:39,051 : INFO : EventManager : Event: ======'right_rollover_lane_hit'====== Args={'profile': 'default', 'state': 'unlit', 'advancing': True}
2024-07-13 16:23:39,051 : INFO : EventManager : Event: ======'right_rollover_lane_default_hit'====== Args={'profile': 'default', 'state': 'unlit', 'advancing': True}
2024-07-13 16:23:39,051 : INFO : EventManager : Event: ======'right_rollover_lane_default_unlit_hit'====== Args={'profile': 'default', 'state': 'unlit', 'advancing': True}
2024-07-13 16:23:39,051 : INFO : EventManager : Event: ======'right_rollover_lane_unlit_hit'====== Args={'profile': 'default', 'state': 'unlit', 'advancing': True}
2024-07-13 16:23:39,051 : INFO : EventManager : Event: ======'player_score'====== Args={'value': 100, 'prev_value': 50, 'change': 50, 'player_num': 1, 'source': 'base'}
2024-07-13 16:23:39,052 : INFO : EventManager : Event: ======'BBQ_lanes_hit'====== Args={'shot': 'right_rollover_lane'}
2024-07-13 16:23:39,052 : INFO : EventManager : Event: ======'BBQ_lanes_unlit_hit'====== Args={'shot': 'right_rollover_lane'}
2024-07-13 16:23:39,128 : INFO : SwitchController : <<<<<<< 's_right_rollover_lane' inactive >>>>>>>
2024-07-13 16:23:39,795 : INFO : SwitchController : <<<<<<< 's_middle_rollover_lane' active >>>>>>>
2024-07-13 16:23:39,795 : INFO : EventManager : Event: ======'s_middle_rollover_lane_active'====== Args={}
2024-07-13 16:23:39,795 : INFO : EventManager : Event: ======'machine_var_audits_switches_s_middle_rollover_lane'====== Args={'value': 75, 'prev_value': 74, 'change': 1}
2024-07-13 16:23:39,796 : INFO : EventManager : Event: ======'player_shot_middle_rollover_lane'====== Args={'value': 1, 'prev_value': 0, 'change': 1, 'player_num': 1}
2024-07-13 16:23:39,797 : INFO : EventManager : Event: ======'machine_var_audits_shots_middle_rollover_lane'====== Args={'value': 72, 'prev_value': 71, 'change': 1}
2024-07-13 16:23:39,798 : INFO : EventManager : Event: ======'middle_rollover_lane_hit'====== Args={'profile': 'default', 'state': 'unlit', 'advancing': True}
2024-07-13 16:23:39,798 : INFO : EventManager : Event: ======'middle_rollover_lane_default_hit'====== Args={'profile': 'default', 'state': 'unlit', 'advancing': True}
2024-07-13 16:23:39,799 : INFO : EventManager : Event: ======'middle_rollover_lane_default_unlit_hit'====== Args={'profile': 'default', 'state': 'unlit', 'advancing': True}
2024-07-13 16:23:39,799 : INFO : EventManager : Event: ======'middle_rollover_lane_unlit_hit'====== Args={'profile': 'default', 'state': 'unlit', 'advancing': True}
2024-07-13 16:23:39,799 : INFO : EventManager : Event: ======'player_score'====== Args={'value': 150, 'prev_value': 100, 'change': 50, 'player_num': 1, 'source': 'base'}
2024-07-13 16:23:39,800 : INFO : EventManager : Event: ======'BBQ_lanes_hit'====== Args={'shot': 'middle_rollover_lane'}
2024-07-13 16:23:39,800 : INFO : EventManager : Event: ======'BBQ_lanes_unlit_hit'====== Args={'shot': 'middle_rollover_lane'}
2024-07-13 16:23:39,899 : INFO : SwitchController : <<<<<<< 's_middle_rollover_lane' inactive >>>>>>>
2024-07-13 16:23:40,563 : INFO : SwitchController : <<<<<<< 's_left_rollover_lane' active >>>>>>>
2024-07-13 16:23:40,563 : INFO : EventManager : Event: ======'s_left_rollover_lane_active'====== Args={}
2024-07-13 16:23:40,563 : INFO : EventManager : Event: ======'machine_var_audits_switches_s_left_rollover_lane'====== Args={'value': 81, 'prev_value': 80, 'change': 1}
2024-07-13 16:23:40,565 : INFO : EventManager : Event: ======'player_shot_left_rollover_lane'====== Args={'value': 1, 'prev_value': 0, 'change': 1, 'player_num': 1}
2024-07-13 16:23:40,566 : INFO : EventManager : Event: ======'machine_var_audits_shots_left_rollover_lane'====== Args={'value': 76, 'prev_value': 75, 'change': 1}
2024-07-13 16:23:40,567 : INFO : EventManager : Event: ======'left_rollover_lane_hit'====== Args={'profile': 'default', 'state': 'unlit', 'advancing': True}
2024-07-13 16:23:40,568 : INFO : EventManager : Event: ======'left_rollover_lane_default_hit'====== Args={'profile': 'default', 'state': 'unlit', 'advancing': True}
2024-07-13 16:23:40,568 : INFO : EventManager : Event: ======'left_rollover_lane_default_unlit_hit'====== Args={'profile': 'default', 'state': 'unlit', 'advancing': True}
2024-07-13 16:23:40,568 : INFO : EventManager : Event: ======'left_rollover_lane_unlit_hit'====== Args={'profile': 'default', 'state': 'unlit', 'advancing': True}
2024-07-13 16:23:40,568 : INFO : EventManager : Event: ======'player_score'====== Args={'value': 200, 'prev_value': 150, 'change': 50, 'player_num': 1, 'source': 'base'}
2024-07-13 16:23:40,569 : INFO : EventManager : Event: ======'BBQ_lanes_complete'====== Args={'state': 'lit'}
2024-07-13 16:23:40,570 : INFO : EventManager : Event: ======'BBQ_lanes_lit_complete'====== Args={}
2024-07-13 16:23:40,570 : INFO : EventManager : Event: ======'player_score'====== Args={'value': 1200, 'prev_value': 200, 'change': 1000, 'player_num': 1, 'source': 'BBQ_rollover'}
2024-07-13 16:23:40,573 : INFO : EventManager : Event: ======'logicblock_lb_BBQ_complete_count_updated'====== Args={'value': 2, 'enabled': True}
2024-07-13 16:23:40,573 : INFO : EventManager : Event: ======'BBQ_lanes_done'====== Args={'count': 2}
2024-07-13 16:23:40,574 : INFO : EventManager : Event: ======'player_pf_multiplier'====== Args={'value': 2, 'prev_value': 1, 'change': 1, 'player_num': 1, 'source': 'BBQ_rollover'}
2024-07-13 16:23:40,576 : INFO : EventManager : Event: ======'BBQ_lanes_hit'====== Args={'shot': 'left_rollover_lane'}
2024-07-13 16:23:40,576 : INFO : EventManager : Event: ======'BBQ_lanes_unlit_hit'====== Args={'shot': 'left_rollover_lane'}
2024-07-13 16:23:40,678 : INFO : SwitchController : <<<<<<< 's_left_rollover_lane' inactive >>>>>>>
2024-07-13 16:23:41,573 : INFO : EventManager : Event: ======'player_shot_left_rollover_lane'====== Args={'value': 0, 'prev_value': 1, 'change': -1, 'player_num': 1}
2024-07-13 16:23:41,575 : INFO : EventManager : Event: ======'player_shot_middle_rollover_lane'====== Args={'value': 0, 'prev_value': 1, 'change': -1, 'player_num': 1}
2024-07-13 16:23:41,576 : INFO : EventManager : Event: ======'player_shot_right_rollover_lane'====== Args={'value': 0, 'prev_value': 1, 'change': -1, 'player_num': 1}
2024-07-13 16:23:41,577 : INFO : EventManager : Event: ======'BBQ_lanes_complete'====== Args={'state': 'unlit'}
2024-07-13 16:23:41,577 : INFO : EventManager : Event: ======'BBQ_lanes_unlit_complete'====== Args={}
2024-07-13 16:23:41,580 : INFO : EventManager : Event: ======'player_score'====== Args={'value': 3200, 'prev_value': 1200, 'change': 2000, 'player_num': 1, 'source': 'BBQ_rollover'}
2024-07-13 16:23:42,078 : INFO : SwitchController : <<<<<<< 's_right_rollover_lane' active >>>>>>>
2024-07-13 16:23:42,078 : INFO : EventManager : Event: ======'s_right_rollover_lane_active'====== Args={}
2024-07-13 16:23:42,079 : INFO : EventManager : Event: ======'machine_var_audits_switches_s_right_rollover_lane'====== Args={'value': 91, 'prev_value': 90, 'change': 1}
2024-07-13 16:23:42,081 : INFO : EventManager : Event: ======'player_shot_right_rollover_lane'====== Args={'value': 1, 'prev_value': 0, 'change': 1, 'player_num': 1}
2024-07-13 16:23:42,090 : INFO : EventManager : Event: ======'machine_var_audits_shots_right_rollover_lane'====== Args={'value': 77, 'prev_value': 76, 'change': 1}
2024-07-13 16:23:42,091 : INFO : EventManager : Event: ======'right_rollover_lane_hit'====== Args={'profile': 'default', 'state': 'unlit', 'advancing': True}
2024-07-13 16:23:42,091 : INFO : EventManager : Event: ======'right_rollover_lane_default_hit'====== Args={'profile': 'default', 'state': 'unlit', 'advancing': True}
2024-07-13 16:23:42,092 : INFO : EventManager : Event: ======'right_rollover_lane_default_unlit_hit'====== Args={'profile': 'default', 'state': 'unlit', 'advancing': True}
2024-07-13 16:23:42,092 : INFO : EventManager : Event: ======'right_rollover_lane_unlit_hit'====== Args={'profile': 'default', 'state': 'unlit', 'advancing': True}
2024-07-13 16:23:42,092 : INFO : EventManager : Event: ======'player_score'====== Args={'value': 3250, 'prev_value': 3200, 'change': 50, 'player_num': 1, 'source': 'base'}
2024-07-13 16:23:42,094 : INFO : EventManager : Event: ======'BBQ_lanes_hit'====== Args={'shot': 'right_rollover_lane'}
2024-07-13 16:23:42,094 : INFO : EventManager : Event: ======'BBQ_lanes_unlit_hit'====== Args={'shot': 'right_rollover_lane'}
2024-07-13 16:23:42,191 : INFO : SwitchController : <<<<<<< 's_right_rollover_lane' inactive >>>>>>>
2024-07-13 16:23:43,179 : INFO : SwitchController : <<<<<<< 's_middle_rollover_lane' active >>>>>>>
2024-07-13 16:23:43,180 : INFO : EventManager : Event: ======'s_middle_rollover_lane_active'====== Args={}
2024-07-13 16:23:43,180 : INFO : EventManager : Event: ======'machine_var_audits_switches_s_middle_rollover_lane'====== Args={'value': 76, 'prev_value': 75, 'change': 1}
2024-07-13 16:23:43,181 : INFO : EventManager : Event: ======'player_shot_middle_rollover_lane'====== Args={'value': 1, 'prev_value': 0, 'change': 1, 'player_num': 1}
2024-07-13 16:23:43,182 : INFO : EventManager : Event: ======'machine_var_audits_shots_middle_rollover_lane'====== Args={'value': 73, 'prev_value': 72, 'change': 1}
2024-07-13 16:23:43,183 : INFO : EventManager : Event: ======'middle_rollover_lane_hit'====== Args={'profile': 'default', 'state': 'unlit', 'advancing': True}
2024-07-13 16:23:43,183 : INFO : EventManager : Event: ======'middle_rollover_lane_default_hit'====== Args={'profile': 'default', 'state': 'unlit', 'advancing': True}
2024-07-13 16:23:43,184 : INFO : EventManager : Event: ======'middle_rollover_lane_default_unlit_hit'====== Args={'profile': 'default', 'state': 'unlit', 'advancing': True}
2024-07-13 16:23:43,184 : INFO : EventManager : Event: ======'middle_rollover_lane_unlit_hit'====== Args={'profile': 'default', 'state': 'unlit', 'advancing': True}
2024-07-13 16:23:43,184 : INFO : EventManager : Event: ======'player_score'====== Args={'value': 3300, 'prev_value': 3250, 'change': 50, 'player_num': 1, 'source': 'base'}
2024-07-13 16:23:43,186 : INFO : EventManager : Event: ======'BBQ_lanes_hit'====== Args={'shot': 'middle_rollover_lane'}
2024-07-13 16:23:43,187 : INFO : EventManager : Event: ======'BBQ_lanes_unlit_hit'====== Args={'shot': 'middle_rollover_lane'}
2024-07-13 16:23:43,295 : INFO : SwitchController : <<<<<<< 's_middle_rollover_lane' inactive >>>>>>>
2024-07-13 16:23:44,078 : INFO : EventManager : Event: ======'ball_save_default_hurry_up'====== Args={}
2024-07-13 16:23:44,727 : INFO : SwitchController : <<<<<<< 's_left_rollover_lane' active >>>>>>>
2024-07-13 16:23:44,727 : INFO : EventManager : Event: ======'s_left_rollover_lane_active'====== Args={}
2024-07-13 16:23:44,728 : INFO : EventManager : Event: ======'machine_var_audits_switches_s_left_rollover_lane'====== Args={'value': 82, 'prev_value': 81, 'change': 1}
2024-07-13 16:23:44,729 : INFO : EventManager : Event: ======'player_shot_left_rollover_lane'====== Args={'value': 1, 'prev_value': 0, 'change': 1, 'player_num': 1}
2024-07-13 16:23:44,729 : INFO : EventManager : Event: ======'machine_var_audits_shots_left_rollover_lane'====== Args={'value': 77, 'prev_value': 76, 'change': 1}
2024-07-13 16:23:44,730 : INFO : EventManager : Event: ======'left_rollover_lane_hit'====== Args={'profile': 'default', 'state': 'unlit', 'advancing': True}
2024-07-13 16:23:44,730 : INFO : EventManager : Event: ======'left_rollover_lane_default_hit'====== Args={'profile': 'default', 'state': 'unlit', 'advancing': True}
2024-07-13 16:23:44,730 : INFO : EventManager : Event: ======'left_rollover_lane_default_unlit_hit'====== Args={'profile': 'default', 'state': 'unlit', 'advancing': True}
2024-07-13 16:23:44,730 : INFO : EventManager : Event: ======'left_rollover_lane_unlit_hit'====== Args={'profile': 'default', 'state': 'unlit', 'advancing': True}
2024-07-13 16:23:44,730 : INFO : EventManager : Event: ======'player_score'====== Args={'value': 3350, 'prev_value': 3300, 'change': 50, 'player_num': 1, 'source': 'base'}
2024-07-13 16:23:44,730 : INFO : EventManager : Event: ======'BBQ_lanes_complete'====== Args={'state': 'lit'}
2024-07-13 16:23:44,731 : INFO : EventManager : Event: ======'BBQ_lanes_lit_complete'====== Args={}
2024-07-13 16:23:44,732 : INFO : EventManager : Event: ======'player_score'====== Args={'value': 5350, 'prev_value': 3350, 'change': 2000, 'player_num': 1, 'source': 'BBQ_rollover'}
2024-07-13 16:23:44,733 : INFO : EventManager : Event: ======'logicblock_lb_BBQ_complete_count_updated'====== Args={'value': 3, 'enabled': True}
2024-07-13 16:23:44,733 : INFO : EventManager : Event: ======'BBQ_lanes_done'====== Args={'count': 3}
2024-07-13 16:23:44,734 : INFO : EventManager : Event: ======'player_pf_multiplier'====== Args={'value': 3, 'prev_value': 2, 'change': 1, 'player_num': 1, 'source': 'BBQ_rollover'}
2024-07-13 16:23:44,735 : INFO : EventManager : Event: ======'BBQ_lanes_hit'====== Args={'shot': 'left_rollover_lane'}
2024-07-13 16:23:44,735 : INFO : EventManager : Event: ======'BBQ_lanes_unlit_hit'====== Args={'shot': 'left_rollover_lane'}
2024-07-13 16:23:44,779 : INFO : SwitchController : <<<<<<< 's_left_rollover_lane' inactive >>>>>>>
2024-07-13 16:23:45,734 : INFO : EventManager : Event: ======'player_shot_left_rollover_lane'====== Args={'value': 0, 'prev_value': 1, 'change': -1, 'player_num': 1}
2024-07-13 16:23:45,735 : INFO : EventManager : Event: ======'player_shot_middle_rollover_lane'====== Args={'value': 0, 'prev_value': 1, 'change': -1, 'player_num': 1}
2024-07-13 16:23:45,738 : INFO : EventManager : Event: ======'player_shot_right_rollover_lane'====== Args={'value': 0, 'prev_value': 1, 'change': -1, 'player_num': 1}
2024-07-13 16:23:45,739 : INFO : EventManager : Event: ======'BBQ_lanes_complete'====== Args={'state': 'unlit'}
2024-07-13 16:23:45,740 : INFO : EventManager : Event: ======'BBQ_lanes_unlit_complete'====== Args={}
2024-07-13 16:23:45,742 : INFO : EventManager : Event: ======'player_score'====== Args={'value': 8350, 'prev_value': 5350, 'change': 3000, 'player_num': 1, 'source': 'BBQ_rollover'}
2024-07-13 16:23:46,079 : INFO : EventManager : Event: ======'ball_save_default_grace_period'====== Args={}
2024-07-13 16:23:46,478 : INFO : SwitchController : <<<<<<< 's_right_rollover_lane' active >>>>>>>
2024-07-13 16:23:46,479 : INFO : EventManager : Event: ======'s_right_rollover_lane_active'====== Args={}
2024-07-13 16:23:46,479 : INFO : EventManager : Event: ======'machine_var_audits_switches_s_right_rollover_lane'====== Args={'value': 92, 'prev_value': 91, 'change': 1}
2024-07-13 16:23:46,481 : INFO : EventManager : Event: ======'player_shot_right_rollover_lane'====== Args={'value': 1, 'prev_value': 0, 'change': 1, 'player_num': 1}
2024-07-13 16:23:46,482 : INFO : EventManager : Event: ======'machine_var_audits_shots_right_rollover_lane'====== Args={'value': 78, 'prev_value': 77, 'change': 1}
2024-07-13 16:23:46,483 : INFO : EventManager : Event: ======'right_rollover_lane_hit'====== Args={'profile': 'default', 'state': 'unlit', 'advancing': True}
2024-07-13 16:23:46,483 : INFO : EventManager : Event: ======'right_rollover_lane_default_hit'====== Args={'profile': 'default', 'state': 'unlit', 'advancing': True}
2024-07-13 16:23:46,483 : INFO : EventManager : Event: ======'right_rollover_lane_default_unlit_hit'====== Args={'profile': 'default', 'state': 'unlit', 'advancing': True}
2024-07-13 16:23:46,484 : INFO : EventManager : Event: ======'right_rollover_lane_unlit_hit'====== Args={'profile': 'default', 'state': 'unlit', 'advancing': True}
2024-07-13 16:23:46,484 : INFO : EventManager : Event: ======'player_score'====== Args={'value': 8400, 'prev_value': 8350, 'change': 50, 'player_num': 1, 'source': 'base'}
2024-07-13 16:23:46,492 : INFO : EventManager : Event: ======'BBQ_lanes_hit'====== Args={'shot': 'right_rollover_lane'}
2024-07-13 16:23:46,493 : INFO : EventManager : Event: ======'BBQ_lanes_unlit_hit'====== Args={'shot': 'right_rollover_lane'}
2024-07-13 16:23:46,591 : INFO : SwitchController : <<<<<<< 's_right_rollover_lane' inactive >>>>>>>
2024-07-13 16:23:47,526 : INFO : SwitchController : <<<<<<< 's_left_rollover_lane' active >>>>>>>
2024-07-13 16:23:47,526 : INFO : EventManager : Event: ======'s_left_rollover_lane_active'====== Args={}
2024-07-13 16:23:47,526 : INFO : EventManager : Event: ======'machine_var_audits_switches_s_left_rollover_lane'====== Args={'value': 83, 'prev_value': 82, 'change': 1}
2024-07-13 16:23:47,527 : INFO : EventManager : Event: ======'player_shot_left_rollover_lane'====== Args={'value': 1, 'prev_value': 0, 'change': 1, 'player_num': 1}
2024-07-13 16:23:47,528 : INFO : EventManager : Event: ======'machine_var_audits_shots_left_rollover_lane'====== Args={'value': 78, 'prev_value': 77, 'change': 1}
2024-07-13 16:23:47,529 : INFO : EventManager : Event: ======'left_rollover_lane_hit'====== Args={'profile': 'default', 'state': 'unlit', 'advancing': True}
2024-07-13 16:23:47,529 : INFO : EventManager : Event: ======'left_rollover_lane_default_hit'====== Args={'profile': 'default', 'state': 'unlit', 'advancing': True}
2024-07-13 16:23:47,529 : INFO : EventManager : Event: ======'left_rollover_lane_default_unlit_hit'====== Args={'profile': 'default', 'state': 'unlit', 'advancing': True}
2024-07-13 16:23:47,529 : INFO : EventManager : Event: ======'left_rollover_lane_unlit_hit'====== Args={'profile': 'default', 'state': 'unlit', 'advancing': True}
2024-07-13 16:23:47,529 : INFO : EventManager : Event: ======'player_score'====== Args={'value': 8450, 'prev_value': 8400, 'change': 50, 'player_num': 1, 'source': 'base'}
2024-07-13 16:23:47,531 : INFO : EventManager : Event: ======'BBQ_lanes_hit'====== Args={'shot': 'left_rollover_lane'}
2024-07-13 16:23:47,532 : INFO : EventManager : Event: ======'BBQ_lanes_unlit_hit'====== Args={'shot': 'left_rollover_lane'}
2024-07-13 16:23:47,629 : INFO : SwitchController : <<<<<<< 's_left_rollover_lane' inactive >>>>>>>
2024-07-13 16:23:48,078 : INFO : EventManager : Event: ======'ball_save_default_disabled'====== Args={}
2024-07-13 16:23:48,710 : INFO : SwitchController : <<<<<<< 's_middle_rollover_lane' active >>>>>>>
2024-07-13 16:23:48,710 : INFO : EventManager : Event: ======'s_middle_rollover_lane_active'====== Args={}
2024-07-13 16:23:48,710 : INFO : EventManager : Event: ======'machine_var_audits_switches_s_middle_rollover_lane'====== Args={'value': 77, 'prev_value': 76, 'change': 1}
2024-07-13 16:23:48,711 : INFO : EventManager : Event: ======'player_shot_middle_rollover_lane'====== Args={'value': 1, 'prev_value': 0, 'change': 1, 'player_num': 1}
2024-07-13 16:23:48,712 : INFO : EventManager : Event: ======'machine_var_audits_shots_middle_rollover_lane'====== Args={'value': 74, 'prev_value': 73, 'change': 1}
2024-07-13 16:23:48,713 : INFO : EventManager : Event: ======'middle_rollover_lane_hit'====== Args={'profile': 'default', 'state': 'unlit', 'advancing': True}
2024-07-13 16:23:48,713 : INFO : EventManager : Event: ======'middle_rollover_lane_default_hit'====== Args={'profile': 'default', 'state': 'unlit', 'advancing': True}
2024-07-13 16:23:48,713 : INFO : EventManager : Event: ======'middle_rollover_lane_default_unlit_hit'====== Args={'profile': 'default', 'state': 'unlit', 'advancing': True}
2024-07-13 16:23:48,714 : INFO : EventManager : Event: ======'middle_rollover_lane_unlit_hit'====== Args={'profile': 'default', 'state': 'unlit', 'advancing': True}
2024-07-13 16:23:48,714 : INFO : EventManager : Event: ======'player_score'====== Args={'value': 8500, 'prev_value': 8450, 'change': 50, 'player_num': 1, 'source': 'base'}
2024-07-13 16:23:48,715 : INFO : EventManager : Event: ======'BBQ_lanes_complete'====== Args={'state': 'lit'}
2024-07-13 16:23:48,715 : INFO : EventManager : Event: ======'BBQ_lanes_lit_complete'====== Args={}
2024-07-13 16:23:48,717 : INFO : EventManager : Event: ======'player_score'====== Args={'value': 11500, 'prev_value': 8500, 'change': 3000, 'player_num': 1, 'source': 'BBQ_rollover'}
2024-07-13 16:23:48,719 : INFO : EventManager : Event: ======'logicblock_lb_BBQ_complete_count_updated'====== Args={'value': 4, 'enabled': True}
2024-07-13 16:23:48,720 : INFO : EventManager : Event: ======'BBQ_lanes_done'====== Args={'count': 4}
2024-07-13 16:23:48,720 : INFO : EventManager : Event: ======'player_pf_multiplier'====== Args={'value': 4, 'prev_value': 3, 'change': 1, 'player_num': 1, 'source': 'BBQ_rollover'}
2024-07-13 16:23:48,722 : INFO : EventManager : Event: ======'BBQ_lanes_hit'====== Args={'shot': 'middle_rollover_lane'}
2024-07-13 16:23:48,723 : INFO : EventManager : Event: ======'BBQ_lanes_unlit_hit'====== Args={'shot': 'middle_rollover_lane'}
2024-07-13 16:23:48,830 : INFO : SwitchController : <<<<<<< 's_middle_rollover_lane' inactive >>>>>>>
2024-07-13 16:23:49,721 : INFO : EventManager : Event: ======'player_shot_left_rollover_lane'====== Args={'value': 0, 'prev_value': 1, 'change': -1, 'player_num': 1}
2024-07-13 16:23:49,722 : INFO : EventManager : Event: ======'player_shot_middle_rollover_lane'====== Args={'value': 0, 'prev_value': 1, 'change': -1, 'player_num': 1}
2024-07-13 16:23:49,723 : INFO : EventManager : Event: ======'player_shot_right_rollover_lane'====== Args={'value': 0, 'prev_value': 1, 'change': -1, 'player_num': 1}
2024-07-13 16:23:49,726 : INFO : EventManager : Event: ======'BBQ_lanes_complete'====== Args={'state': 'unlit'}
2024-07-13 16:23:49,727 : INFO : EventManager : Event: ======'BBQ_lanes_unlit_complete'====== Args={}
2024-07-13 16:23:49,729 : INFO : EventManager : Event: ======'player_score'====== Args={'value': 15500, 'prev_value': 11500, 'change': 4000, 'player_num': 1, 'source': 'BBQ_rollover'}
2024-07-13 16:24:30,730 : INFO : Machine : Shutting down...
2024-07-13 16:24:30,733 : INFO : EventManager : Event: ======'shutdown'====== Args={}
2024-07-13 16:24:30,755 : INFO : EventManager : Event: ======'mode_game_will_stop'====== Args={}
2024-07-13 16:24:30,756 : INFO : EventManager : Event: ======'mode_game_stopping'====== Args={}
2024-07-13 16:24:30,756 : INFO : EventManager : Event: ======'mode_base_will_stop'====== Args={}
2024-07-13 16:24:30,756 : INFO : EventManager : Event: ======'mode_base_stopping'====== Args={}
2024-07-13 16:24:30,756 : INFO : EventManager : Event: ======'mode_BBQ_rollover_will_stop'====== Args={}
2024-07-13 16:24:30,756 : INFO : EventManager : Event: ======'mode_BBQ_rollover_stopping'====== Args={}
2024-07-13 16:24:30,757 : INFO : Mode.BBQ_rollover : Stopped.
2024-07-13 16:24:30,787 : INFO : EventManager : Event: ======'modes_active_modes_changed'====== Args={}
2024-07-13 16:24:30,788 : INFO : EventManager : Event: ======'mode_BBQ_rollover_stopped'====== Args={}
2024-07-13 16:24:30,788 : INFO : EventManager : Event: ======'clear'====== Args={'key': 'BBQ_rollover'}
2024-07-13 16:24:30,790 : INFO : Mode.base : Stopped.
2024-07-13 16:24:30,791 : INFO : EventManager : Event: ======'modes_active_modes_changed'====== Args={}
2024-07-13 16:24:30,791 : INFO : EventManager : Event: ======'mode_base_stopped'====== Args={}
2024-07-13 16:24:30,791 : INFO : EventManager : Event: ======'clear'====== Args={'key': 'base'}
2024-07-13 16:24:30,793 : INFO : Mode.game : Stopped.
2024-07-13 16:24:30,793 : INFO : EventManager : Event: ======'modes_active_modes_changed'====== Args={}
2024-07-13 16:24:30,793 : INFO : EventManager : Event: ======'mode_game_stopped'====== Args={}
2024-07-13 16:24:30,793 : INFO : EventManager : Event: ======'clear'====== Args={'key': 'game'}
2024-07-13 16:24:30,798 : INFO : root : MPF run loop ended.
