2024-08-20 23:45:13,865 : INFO : root : Loading config.
2024-08-20 23:45:13,868 : INFO : YamlMultifileConfigLoader : Machine config file #1: config.yaml
2024-08-20 23:45:13,868 : INFO : ConfigProcessor : Loading config from cache: /var/folders/sv/d29kcl5x50v7vt1n6xb5jsd40000gn/T/c166cef8060ffee16a35821bf698da85.mpf_cache
2024-08-20 23:45:13,900 : INFO : ConfigProcessor : Loading config from cache: /var/folders/sv/d29kcl5x50v7vt1n6xb5jsd40000gn/T/6b31c5ac6ecbad948994a8204ea6b05b.mpf_cache
2024-08-20 23:45:13,900 : INFO : ConfigProcessor : Loading config from cache: /var/folders/sv/d29kcl5x50v7vt1n6xb5jsd40000gn/T/fe612d1e66c8a96c19ba449d3748eeac.mpf_cache
2024-08-20 23:45:13,901 : INFO : ConfigProcessor : Loading config from cache: /var/folders/sv/d29kcl5x50v7vt1n6xb5jsd40000gn/T/6b31c5ac6ecbad948994a8204ea6b05b.mpf_cache
2024-08-20 23:45:13,901 : INFO : ConfigProcessor : Loading config from cache: /var/folders/sv/d29kcl5x50v7vt1n6xb5jsd40000gn/T/8765227693ecd961e0504502a81255e0.mpf_cache
2024-08-20 23:45:13,901 : WARNING : ConfigProcessor : Config file in cache changed: /Users/nicktaseris/Desktop/Pinball/KOTH/modes/base/config/base.yaml
2024-08-20 23:45:13,901 : INFO : ConfigProcessor : Loading config from file /Users/nicktaseris/Desktop/Pinball/KOTH/modes/base/config/base.yaml.
2024-08-20 23:45:13,906 : INFO : ConfigProcessor : Loading config: /Users/nicktaseris/Desktop/Pinball/KOTH/modes/base/config/base.yaml
2024-08-20 23:45:13,907 : INFO : ConfigProcessor : Config file cache created: /var/folders/sv/d29kcl5x50v7vt1n6xb5jsd40000gn/T/b247728c74b4d81bcb2825e2b07062a7.mpf_cache
2024-08-20 23:45:13,907 : INFO : ConfigProcessor : Loading config from cache: /var/folders/sv/d29kcl5x50v7vt1n6xb5jsd40000gn/T/f240f94f0b5d0f37ec4fd7571275a101.mpf_cache
2024-08-20 23:45:13,907 : INFO : ConfigProcessor : Loading config from cache: /var/folders/sv/d29kcl5x50v7vt1n6xb5jsd40000gn/T/c4409acfdf3ec94666e0adef48d55400.mpf_cache
2024-08-20 23:45:13,907 : INFO : ConfigProcessor : Loading config from cache: /var/folders/sv/d29kcl5x50v7vt1n6xb5jsd40000gn/T/6a2f50ed892485825cc04dc0a68eab9f.mpf_cache
2024-08-20 23:45:13,907 : INFO : ConfigProcessor : Loading config from cache: /var/folders/sv/d29kcl5x50v7vt1n6xb5jsd40000gn/T/d58c58eb9fd1a2dc27f8acd255fb3761.mpf_cache
2024-08-20 23:45:13,908 : INFO : ConfigProcessor : Loading config from cache: /var/folders/sv/d29kcl5x50v7vt1n6xb5jsd40000gn/T/07adfd310b3ef0e03c5cbc91527abb6c.mpf_cache
2024-08-20 23:45:13,908 : INFO : ConfigProcessor : Loading config from cache: /var/folders/sv/d29kcl5x50v7vt1n6xb5jsd40000gn/T/12bd5247c3bf989b919364bdb7829769.mpf_cache
2024-08-20 23:45:13,908 : INFO : ConfigProcessor : Loading config from cache: /var/folders/sv/d29kcl5x50v7vt1n6xb5jsd40000gn/T/362e08f51a1a1b7a0809dd52f9c83f83.mpf_cache
2024-08-20 23:45:13,908 : INFO : ConfigProcessor : Loading config from cache: /var/folders/sv/d29kcl5x50v7vt1n6xb5jsd40000gn/T/e45e3bd39557ed8d0881194a7afab8f7.mpf_cache
2024-08-20 23:45:13,909 : INFO : ConfigProcessor : Loading config from cache: /var/folders/sv/d29kcl5x50v7vt1n6xb5jsd40000gn/T/331d8d1a1bc190cae8c13495e1db372f.mpf_cache
2024-08-20 23:45:13,909 : INFO : ConfigProcessor : Loading config from cache: /var/folders/sv/d29kcl5x50v7vt1n6xb5jsd40000gn/T/d17a9ff77386e6f1439d0802ace1de07.mpf_cache
2024-08-20 23:45:13,909 : INFO : ConfigProcessor : Loading config from cache: /var/folders/sv/d29kcl5x50v7vt1n6xb5jsd40000gn/T/280fd64455d0d243a54ab4db98fbccbd.mpf_cache
2024-08-20 23:45:13,909 : INFO : ConfigProcessor : Loading config from cache: /var/folders/sv/d29kcl5x50v7vt1n6xb5jsd40000gn/T/0c0596ed8fbb40b6113901d21bdc0a39.mpf_cache
2024-08-20 23:45:13,910 : INFO : ConfigProcessor : Loading config from cache: /var/folders/sv/d29kcl5x50v7vt1n6xb5jsd40000gn/T/f521a0f834965d73920394ccceaa3c1c.mpf_cache
2024-08-20 23:45:13,910 : INFO : ConfigProcessor : Loading config from cache: /var/folders/sv/d29kcl5x50v7vt1n6xb5jsd40000gn/T/0fedc249e142fba0aaf46d9adc7061fa.mpf_cache
2024-08-20 23:45:13,910 : INFO : ConfigProcessor : Loading config from cache: /var/folders/sv/d29kcl5x50v7vt1n6xb5jsd40000gn/T/c57745b2fe399992c4aedf0209f8acc9.mpf_cache
2024-08-20 23:45:13,910 : INFO : ConfigProcessor : Loading config from cache: /var/folders/sv/d29kcl5x50v7vt1n6xb5jsd40000gn/T/4d7707f845442344c77faa09114dd414.mpf_cache
2024-08-20 23:45:13,910 : INFO : ConfigProcessor : Loading config from cache: /var/folders/sv/d29kcl5x50v7vt1n6xb5jsd40000gn/T/13b622eeb34cc558f4c171e6faf49f20.mpf_cache
2024-08-20 23:45:13,911 : INFO : ConfigProcessor : Loading config from cache: /var/folders/sv/d29kcl5x50v7vt1n6xb5jsd40000gn/T/897ffb6d77163469c302d894201d7081.mpf_cache
2024-08-20 23:45:13,911 : INFO : ConfigProcessor : Loading config from cache: /var/folders/sv/d29kcl5x50v7vt1n6xb5jsd40000gn/T/51caa30b8c50b4dd14ddbf8a263fb4c6.mpf_cache
2024-08-20 23:45:13,911 : INFO : ConfigProcessor : Loading config from cache: /var/folders/sv/d29kcl5x50v7vt1n6xb5jsd40000gn/T/aa4dd12681abd3ba3467de4d4b71c6b2.mpf_cache
2024-08-20 23:45:13,911 : INFO : ConfigProcessor : Loading config from cache: /var/folders/sv/d29kcl5x50v7vt1n6xb5jsd40000gn/T/edf8b775a93855f849af0e2eff0a7bac.mpf_cache
2024-08-20 23:45:13,912 : INFO : ConfigProcessor : Loading config from cache: /var/folders/sv/d29kcl5x50v7vt1n6xb5jsd40000gn/T/3048ed2d7ea14eee3db896f6760aa474.mpf_cache
2024-08-20 23:45:13,912 : INFO : ConfigProcessor : Loading config from cache: /var/folders/sv/d29kcl5x50v7vt1n6xb5jsd40000gn/T/a14a120665a0ee9fd8a6e22274033983.mpf_cache
2024-08-20 23:45:13,912 : INFO : ConfigProcessor : Loading config from cache: /var/folders/sv/d29kcl5x50v7vt1n6xb5jsd40000gn/T/984de704eb69e43ca43e84d7915bfa21.mpf_cache
2024-08-20 23:45:13,913 : INFO : ConfigProcessor : Loading config from cache: /var/folders/sv/d29kcl5x50v7vt1n6xb5jsd40000gn/T/0a9cb7260d26760274024f443d38cc22.mpf_cache
2024-08-20 23:45:13,913 : INFO : ConfigProcessor : Loading config from cache: /var/folders/sv/d29kcl5x50v7vt1n6xb5jsd40000gn/T/deb753c2acdccb3c49ddc8f2a7e04ee6.mpf_cache
2024-08-20 23:45:13,913 : INFO : ConfigProcessor : Loading config from cache: /var/folders/sv/d29kcl5x50v7vt1n6xb5jsd40000gn/T/4a90c06755c4a5beef2ee4c243f54397.mpf_cache
2024-08-20 23:45:13,913 : INFO : Machine : Mission Pinball Framework Core Engine v0.80.0.dev1
2024-08-20 23:45:13,913 : INFO : Machine : Command line arguments: {'no_load_cache': False, 'create_config_cache': True, 'bcp': True, 'configfile': ['config.yaml'], 'force_assets_load': False, 'platform_integration_test': False, 'jsonlogging': False, 'logfile': 'logs/2024-08-20-23-45-13-mpf-Nicks-Air.lan.log', 'pause': False, 'production': False, 'text_ui': True, 'loglevel': 15, 'consoleloglevel': 20, 'force_platform': None, 'syslog_address': None, 'mc_file_name': None, 'no_sound': False, 'full_logfile_path': '/Users/nicktaseris/Desktop/Pinball/KOTH/logs/2024-08-20-23-45-13-mpf-Nicks-Air.lan.log'}
2024-08-20 23:45:13,913 : INFO : Machine : MPF path: /Users/nicktaseris/mpfenv/lib/python3.9/site-packages/mpf
2024-08-20 23:45:13,913 : INFO : Machine : Machine path: /Users/nicktaseris/Desktop/Pinball/KOTH
2024-08-20 23:45:13,913 : INFO : Machine : Platform: darwin
2024-08-20 23:45:13,913 : INFO : Machine : Python executable location: /Users/nicktaseris/mpfenv/bin/python3
2024-08-20 23:45:13,913 : INFO : Machine : Python version: 3.9.13 (64-bit)
2024-08-20 23:45:13,914 : INFO : Machine : Initializing MPF...
2024-08-20 23:45:13,941 : INFO : EventManager : Event: ======'machine_var_credits_string'====== Args={'value': 'FREE PLAY', 'prev_value': None, 'change': True}
2024-08-20 23:45:13,952 : INFO : EventManager : Event: ======'machine_var_master_volume'====== Args={'value': 0.5, 'prev_value': None, 'change': True}
2024-08-20 23:45:13,952 : INFO : EventManager : Event: ======'machine_var_player1_score'====== Args={'value': 175300, 'prev_value': None, 'change': True}
2024-08-20 23:45:13,952 : INFO : EventManager : Event: ======'machine_var_mpf_version'====== Args={'value': 'Mission Pinball Framework v0.80.0.dev1', 'prev_value': None, 'change': True}
2024-08-20 23:45:13,952 : INFO : EventManager : Event: ======'machine_var_mpf_extended_version'====== Args={'value': 'Mission Pinball Framework v0.80.0.dev1, Config version:6, Show version: 6, BCP version:1.1', 'prev_value': None, 'change': True}
2024-08-20 23:45:13,952 : INFO : EventManager : Event: ======'machine_var_python_version'====== Args={'value': '3.9.13', 'prev_value': None, 'change': True}
2024-08-20 23:45:13,961 : INFO : EventManager : Event: ======'machine_var_platform'====== Args={'value': 'macOS-12.1-arm64-arm-64bit', 'prev_value': None, 'change': True}
2024-08-20 23:45:13,961 : INFO : EventManager : Event: ======'machine_var_platform_system'====== Args={'value': 'Darwin', 'prev_value': None, 'change': True}
2024-08-20 23:45:13,961 : INFO : EventManager : Event: ======'machine_var_platform_release'====== Args={'value': '21.2.0', 'prev_value': None, 'change': True}
2024-08-20 23:45:13,961 : INFO : EventManager : Event: ======'machine_var_platform_version'====== Args={'value': 'Darwin Kernel Version 21.2.0: Sun Nov 28 20:29:10 PST 2021; root:xnu-8019.61.5~1/RELEASE_ARM64_T8101', 'prev_value': None, 'change': True}
2024-08-20 23:45:13,961 : INFO : EventManager : Event: ======'machine_var_platform_machine'====== Args={'value': 'arm64', 'prev_value': None, 'change': True}
2024-08-20 23:45:13,961 : INFO : EventManager : Event: ======'machine_var_log_file_path'====== Args={'value': '/Users/nicktaseris/Desktop/Pinball/KOTH/logs/2024-08-20-23-45-13-mpf-Nicks-Air.lan.log', 'prev_value': None, 'change': True}
2024-08-20 23:45:13,962 : INFO : EventManager : Event: ======'init_phase_1'====== Args={}
2024-08-20 23:45:13,983 : INFO : EventManager : Event: ======'drop_target_bank_strickland_bank_up'====== Args={}
2024-08-20 23:45:13,984 : INFO : EventManager : Event: ======'init_phase_2'====== Args={}
2024-08-20 23:45:13,984 : INFO : SwitchController : Found active switch: ('39', <Platform.SmartVirtual>) <switch.s_trough1>
2024-08-20 23:45:13,984 : INFO : SwitchController : Found active switch: ('40', <Platform.SmartVirtual>) <switch.s_trough2>
2024-08-20 23:45:13,984 : INFO : SwitchController : Found active switch: ('41', <Platform.SmartVirtual>) <switch.s_trough3>
2024-08-20 23:45:13,984 : INFO : SwitchController : Found active switch: ('42', <Platform.SmartVirtual>) <switch.s_trough4>
2024-08-20 23:45:13,984 : INFO : SwitchController : Found active switch: ('43', <Platform.SmartVirtual>) <switch.s_trough5>
2024-08-20 23:45:13,984 : INFO : SwitchController : Found active switch: ('44', <Platform.SmartVirtual>) <switch.s_trough6>
2024-08-20 23:45:13,990 : INFO : EventManager : Event: ======'machine_var_score1_label'====== Args={'value': 'GRAND CHAMPION', 'prev_value': None, 'change': True}
2024-08-20 23:45:13,990 : INFO : EventManager : Event: ======'machine_var_score1_name'====== Args={'value': 'BRI', 'prev_value': None, 'change': True}
2024-08-20 23:45:13,990 : INFO : EventManager : Event: ======'machine_var_score1_value'====== Args={'value': 4242, 'prev_value': None, 'change': True}
2024-08-20 23:45:13,990 : INFO : EventManager : Event: ======'machine_var_score2_label'====== Args={'value': 'HIGH SCORE 1', 'prev_value': None, 'change': True}
2024-08-20 23:45:13,990 : INFO : EventManager : Event: ======'machine_var_score2_name'====== Args={'value': 'GHK', 'prev_value': None, 'change': True}
2024-08-20 23:45:13,990 : INFO : EventManager : Event: ======'machine_var_score2_value'====== Args={'value': 2323, 'prev_value': None, 'change': True}
2024-08-20 23:45:13,990 : INFO : EventManager : Event: ======'machine_var_score3_label'====== Args={'value': 'HIGH SCORE 2', 'prev_value': None, 'change': True}
2024-08-20 23:45:13,990 : INFO : EventManager : Event: ======'machine_var_score3_name'====== Args={'value': 'JK', 'prev_value': None, 'change': True}
2024-08-20 23:45:13,990 : INFO : EventManager : Event: ======'machine_var_score3_value'====== Args={'value': 1337, 'prev_value': None, 'change': True}
2024-08-20 23:45:13,990 : INFO : EventManager : Event: ======'machine_var_score4_label'====== Args={'value': 'HIGH SCORE 3', 'prev_value': None, 'change': True}
2024-08-20 23:45:13,990 : INFO : EventManager : Event: ======'machine_var_score4_name'====== Args={'value': 'QC', 'prev_value': None, 'change': True}
2024-08-20 23:45:13,990 : INFO : EventManager : Event: ======'machine_var_score4_value'====== Args={'value': 42, 'prev_value': None, 'change': True}
2024-08-20 23:45:13,990 : INFO : EventManager : Event: ======'machine_var_score5_label'====== Args={'value': 'HIGH SCORE 4', 'prev_value': None, 'change': True}
2024-08-20 23:45:13,990 : INFO : EventManager : Event: ======'machine_var_score5_name'====== Args={'value': 'MPF', 'prev_value': None, 'change': True}
2024-08-20 23:45:13,990 : INFO : EventManager : Event: ======'machine_var_score5_value'====== Args={'value': 23, 'prev_value': None, 'change': True}
2024-08-20 23:45:13,991 : INFO : EventManager : Event: ======'bcp_connection_attempt'====== Args={'name': 'local_display', 'host': 'localhost', 'port': 5050}
2024-08-20 23:45:13,991 : INFO : BCPClientSocket : Connecting BCP to 'local_display' at localhost:5050...
2024-08-20 23:45:13,995 : INFO : BCPClientSocket : Connected BCP to 'local_display' localhost:5050
2024-08-20 23:45:13,995 : INFO : EventManager : Event: ======'bcp_clients_connected'====== Args={}
2024-08-20 23:45:13,996 : INFO : ball_device.bd_trough : BCH: Initial count: 6
2024-08-20 23:45:13,996 : INFO : ball_device.bd_trough : State: idle
2024-08-20 23:45:14,000 : INFO : ball_device.bd_plunger : BCH: Initial count: 0
2024-08-20 23:45:14,000 : INFO : ball_device.bd_plunger : State: idle
2024-08-20 23:45:14,000 : INFO : ball_device.bd_scoop : BCH: Initial count: 0
2024-08-20 23:45:14,000 : INFO : ball_device.bd_scoop : State: idle
2024-08-20 23:45:14,005 : INFO : EventManager : Event: ======'init_phase_3'====== Args={}
2024-08-20 23:45:14,007 : INFO : EventManager : Event: ======'init_phase_4'====== Args={}
2024-08-20 23:45:14,007 : INFO : BallController : Initial balls found: 6
2024-08-20 23:45:14,007 : INFO : EventManager : Event: ======'machine_var_audits_events_game_ended'====== Args={'value': 4, 'prev_value': None, 'change': True}
2024-08-20 23:45:14,007 : INFO : EventManager : Event: ======'machine_var_audits_events_game_started'====== Args={'value': 922, 'prev_value': None, 'change': True}
2024-08-20 23:45:14,007 : INFO : EventManager : Event: ======'machine_var_audits_missing_switches_s_a_target'====== Args={'value': 1, 'prev_value': None, 'change': True}
2024-08-20 23:45:14,008 : INFO : EventManager : Event: ======'machine_var_audits_missing_switches_s_bottom_inline_drop'====== Args={'value': 112, 'prev_value': None, 'change': True}
2024-08-20 23:45:14,008 : INFO : EventManager : Event: ======'machine_var_audits_missing_switches_s_bottom_pop_bumper'====== Args={'value': 481, 'prev_value': None, 'change': True}
2024-08-20 23:45:14,008 : INFO : EventManager : Event: ======'machine_var_audits_missing_switches_s_center_spinner'====== Args={'value': 6, 'prev_value': None, 'change': True}
2024-08-20 23:45:14,008 : INFO : EventManager : Event: ======'machine_var_audits_missing_switches_s_e_target'====== Args={'value': 1, 'prev_value': None, 'change': True}
2024-08-20 23:45:14,008 : INFO : EventManager : Event: ======'machine_var_audits_missing_switches_s_launch_button'====== Args={'value': 393, 'prev_value': None, 'change': True}
2024-08-20 23:45:14,008 : INFO : EventManager : Event: ======'machine_var_audits_missing_switches_s_left_flipper'====== Args={'value': 52, 'prev_value': None, 'change': True}
2024-08-20 23:45:14,008 : INFO : EventManager : Event: ======'machine_var_audits_missing_switches_s_left_inlane'====== Args={'value': 78, 'prev_value': None, 'change': True}
2024-08-20 23:45:14,008 : INFO : EventManager : Event: ======'machine_var_audits_missing_switches_s_left_orbit_exit'====== Args={'value': 114, 'prev_value': None, 'change': True}
2024-08-20 23:45:14,008 : INFO : EventManager : Event: ======'machine_var_audits_missing_switches_s_left_outlane'====== Args={'value': 78, 'prev_value': None, 'change': True}
2024-08-20 23:45:14,008 : INFO : EventManager : Event: ======'machine_var_audits_missing_switches_s_left_pop_bumper'====== Args={'value': 481, 'prev_value': None, 'change': True}
2024-08-20 23:45:14,008 : INFO : EventManager : Event: ======'machine_var_audits_missing_switches_s_left_ramp_enter'====== Args={'value': 194, 'prev_value': None, 'change': True}
2024-08-20 23:45:14,008 : INFO : EventManager : Event: ======'machine_var_audits_missing_switches_s_left_ramp_exit'====== Args={'value': 194, 'prev_value': None, 'change': True}
2024-08-20 23:45:14,008 : INFO : EventManager : Event: ======'machine_var_audits_missing_switches_s_left_ramp_standup'====== Args={'value': 1, 'prev_value': None, 'change': True}
2024-08-20 23:45:14,008 : INFO : EventManager : Event: ======'machine_var_audits_missing_switches_s_left_rollover_lane'====== Args={'value': 113, 'prev_value': None, 'change': True}
2024-08-20 23:45:14,008 : INFO : EventManager : Event: ======'machine_var_audits_missing_switches_s_left_sling'====== Args={'value': 572, 'prev_value': None, 'change': True}
2024-08-20 23:45:14,008 : INFO : EventManager : Event: ======'machine_var_audits_missing_switches_s_left_spinner'====== Args={'value': 23, 'prev_value': None, 'change': True}
2024-08-20 23:45:14,009 : INFO : EventManager : Event: ======'machine_var_audits_missing_switches_s_middle_inline_drop'====== Args={'value': 112, 'prev_value': None, 'change': True}
2024-08-20 23:45:14,009 : INFO : EventManager : Event: ======'machine_var_audits_missing_switches_s_middle_rollover_lane'====== Args={'value': 113, 'prev_value': None, 'change': True}
2024-08-20 23:45:14,009 : INFO : EventManager : Event: ======'machine_var_audits_missing_switches_s_n_target'====== Args={'value': 1, 'prev_value': None, 'change': True}
2024-08-20 23:45:14,009 : INFO : EventManager : Event: ======'machine_var_audits_missing_switches_s_o_target'====== Args={'value': 1, 'prev_value': None, 'change': True}
2024-08-20 23:45:14,009 : INFO : EventManager : Event: ======'machine_var_audits_missing_switches_s_p2_target'====== Args={'value': 1, 'prev_value': None, 'change': True}
2024-08-20 23:45:14,009 : INFO : EventManager : Event: ======'machine_var_audits_missing_switches_s_p_target'====== Args={'value': 1, 'prev_value': None, 'change': True}
2024-08-20 23:45:14,009 : INFO : EventManager : Event: ======'machine_var_audits_missing_switches_s_r_target'====== Args={'value': 1, 'prev_value': None, 'change': True}
2024-08-20 23:45:14,009 : INFO : EventManager : Event: ======'machine_var_audits_missing_switches_s_right_flipper'====== Args={'value': 52, 'prev_value': None, 'change': True}
2024-08-20 23:45:14,009 : INFO : EventManager : Event: ======'machine_var_audits_missing_switches_s_right_inlane'====== Args={'value': 78, 'prev_value': None, 'change': True}
2024-08-20 23:45:14,009 : INFO : EventManager : Event: ======'machine_var_audits_missing_switches_s_right_orbit_exit'====== Args={'value': 114, 'prev_value': None, 'change': True}
2024-08-20 23:45:14,009 : INFO : EventManager : Event: ======'machine_var_audits_missing_switches_s_right_outlane'====== Args={'value': 78, 'prev_value': None, 'change': True}
2024-08-20 23:45:14,009 : INFO : EventManager : Event: ======'machine_var_audits_missing_switches_s_right_pop_bumper'====== Args={'value': 112, 'prev_value': None, 'change': True}
2024-08-20 23:45:14,010 : INFO : EventManager : Event: ======'machine_var_audits_missing_switches_s_right_ramp_enter'====== Args={'value': 194, 'prev_value': None, 'change': True}
2024-08-20 23:45:14,010 : INFO : EventManager : Event: ======'machine_var_audits_missing_switches_s_right_ramp_exit'====== Args={'value': 194, 'prev_value': None, 'change': True}
2024-08-20 23:45:14,010 : INFO : EventManager : Event: ======'machine_var_audits_missing_switches_s_right_ramp_standup'====== Args={'value': 272, 'prev_value': None, 'change': True}
2024-08-20 23:45:14,010 : INFO : EventManager : Event: ======'machine_var_audits_missing_switches_s_right_rollover_lane'====== Args={'value': 113, 'prev_value': None, 'change': True}
2024-08-20 23:45:14,010 : INFO : EventManager : Event: ======'machine_var_audits_missing_switches_s_right_sling'====== Args={'value': 873, 'prev_value': None, 'change': True}
2024-08-20 23:45:14,010 : INFO : EventManager : Event: ======'machine_var_audits_missing_switches_s_scoop'====== Args={'value': 1, 'prev_value': None, 'change': True}
2024-08-20 23:45:14,010 : INFO : EventManager : Event: ======'machine_var_audits_missing_switches_s_start'====== Args={'value': 1, 'prev_value': None, 'change': True}
2024-08-20 23:45:14,010 : INFO : EventManager : Event: ======'machine_var_audits_missing_switches_s_top_inline_drop'====== Args={'value': 112, 'prev_value': None, 'change': True}
2024-08-20 23:45:14,010 : INFO : EventManager : Event: ======'machine_var_audits_missing_switches_s_trough1'====== Args={'value': 112, 'prev_value': None, 'change': True}
2024-08-20 23:45:14,010 : INFO : EventManager : Event: ======'machine_var_audits_missing_switches_s_trough2'====== Args={'value': 115, 'prev_value': None, 'change': True}
2024-08-20 23:45:14,010 : INFO : EventManager : Event: ======'machine_var_audits_missing_switches_s_trough3'====== Args={'value': 51, 'prev_value': None, 'change': True}
2024-08-20 23:45:14,011 : INFO : EventManager : Event: ======'machine_var_audits_missing_switches_s_trough4'====== Args={'value': 344, 'prev_value': None, 'change': True}
2024-08-20 23:45:14,011 : INFO : EventManager : Event: ======'machine_var_audits_missing_switches_s_trough5'====== Args={'value': 877, 'prev_value': None, 'change': True}
2024-08-20 23:45:14,011 : INFO : EventManager : Event: ======'machine_var_audits_missing_switches_s_trough6'====== Args={'value': 877, 'prev_value': None, 'change': True}
2024-08-20 23:45:14,011 : INFO : EventManager : Event: ======'machine_var_audits_missing_switches_s_trough_jam'====== Args={'value': 810, 'prev_value': None, 'change': True}
2024-08-20 23:45:14,011 : INFO : EventManager : Event: ======'machine_var_audits_player_score'====== Args={'value': {'average': 109379, 'top': [370600, 175300, 400, 300, 250], 'total': 5}, 'prev_value': None, 'change': True}
2024-08-20 23:45:14,011 : INFO : EventManager : Event: ======'machine_var_audits_shots_a_rollover_lane'====== Args={'value': 17, 'prev_value': None, 'change': True}
2024-08-20 23:45:14,011 : INFO : EventManager : Event: ======'machine_var_audits_shots_a_target'====== Args={'value': 7, 'prev_value': None, 'change': True}
2024-08-20 23:45:14,011 : INFO : EventManager : Event: ======'machine_var_audits_shots_ball_lock_a_target'====== Args={'value': 6, 'prev_value': None, 'change': True}
2024-08-20 23:45:14,011 : INFO : EventManager : Event: ======'machine_var_audits_shots_ball_lock_e_target'====== Args={'value': 5, 'prev_value': None, 'change': True}
2024-08-20 23:45:14,011 : INFO : EventManager : Event: ======'machine_var_audits_shots_ball_lock_n_target'====== Args={'value': 5, 'prev_value': None, 'change': True}
2024-08-20 23:45:14,012 : INFO : EventManager : Event: ======'machine_var_audits_shots_ball_lock_p2_target'====== Args={'value': 9, 'prev_value': None, 'change': True}
2024-08-20 23:45:14,012 : INFO : EventManager : Event: ======'machine_var_audits_shots_e_target'====== Args={'value': 3, 'prev_value': None, 'change': True}
2024-08-20 23:45:14,012 : INFO : EventManager : Event: ======'machine_var_audits_shots_h_rollover_lane'====== Args={'value': 21, 'prev_value': None, 'change': True}
2024-08-20 23:45:14,012 : INFO : EventManager : Event: ======'machine_var_audits_shots_k_rollover_lane'====== Args={'value': 17, 'prev_value': None, 'change': True}
2024-08-20 23:45:14,012 : INFO : EventManager : Event: ======'machine_var_audits_shots_left_rollover_lane'====== Args={'value': 215, 'prev_value': None, 'change': True}
2024-08-20 23:45:14,012 : INFO : EventManager : Event: ======'machine_var_audits_shots_middle_rollover_lane'====== Args={'value': 204, 'prev_value': None, 'change': True}
2024-08-20 23:45:14,012 : INFO : EventManager : Event: ======'machine_var_audits_shots_n_rollover_lane'====== Args={'value': 15, 'prev_value': None, 'change': True}
2024-08-20 23:45:14,012 : INFO : EventManager : Event: ======'machine_var_audits_shots_n_target'====== Args={'value': 9, 'prev_value': None, 'change': True}
2024-08-20 23:45:14,012 : INFO : EventManager : Event: ======'machine_var_audits_shots_o_target'====== Args={'value': 4, 'prev_value': None, 'change': True}
2024-08-20 23:45:14,013 : INFO : EventManager : Event: ======'machine_var_audits_shots_p2_target'====== Args={'value': 5, 'prev_value': None, 'change': True}
2024-08-20 23:45:14,013 : INFO : EventManager : Event: ======'machine_var_audits_shots_p_target'====== Args={'value': 8, 'prev_value': None, 'change': True}
2024-08-20 23:45:14,013 : INFO : EventManager : Event: ======'machine_var_audits_shots_qualify_a_target'====== Args={'value': 7, 'prev_value': None, 'change': True}
2024-08-20 23:45:14,013 : INFO : EventManager : Event: ======'machine_var_audits_shots_qualify_e_target'====== Args={'value': 8, 'prev_value': None, 'change': True}
2024-08-20 23:45:14,013 : INFO : EventManager : Event: ======'machine_var_audits_shots_qualify_n_target'====== Args={'value': 7, 'prev_value': None, 'change': True}
2024-08-20 23:45:14,013 : INFO : EventManager : Event: ======'machine_var_audits_shots_qualify_o_target'====== Args={'value': 321, 'prev_value': None, 'change': True}
2024-08-20 23:45:14,013 : INFO : EventManager : Event: ======'machine_var_audits_shots_qualify_p2_target'====== Args={'value': 9, 'prev_value': None, 'change': True}
2024-08-20 23:45:14,014 : INFO : EventManager : Event: ======'machine_var_audits_shots_qualify_p_target'====== Args={'value': 296, 'prev_value': None, 'change': True}
2024-08-20 23:45:14,014 : INFO : EventManager : Event: ======'machine_var_audits_shots_qualify_r_target'====== Args={'value': 330, 'prev_value': None, 'change': True}
2024-08-20 23:45:14,014 : INFO : EventManager : Event: ======'machine_var_audits_shots_r_target'====== Args={'value': 14, 'prev_value': None, 'change': True}
2024-08-20 23:45:14,014 : INFO : EventManager : Event: ======'machine_var_audits_shots_rainey_multiball_ball_lock_a_target'====== Args={'value': 60, 'prev_value': None, 'change': True}
2024-08-20 23:45:14,014 : INFO : EventManager : Event: ======'machine_var_audits_shots_rainey_multiball_ball_lock_e_target'====== Args={'value': 58, 'prev_value': None, 'change': True}
2024-08-20 23:45:14,014 : INFO : EventManager : Event: ======'machine_var_audits_shots_rainey_multiball_ball_lock_n_target'====== Args={'value': 56, 'prev_value': None, 'change': True}
2024-08-20 23:45:14,014 : INFO : EventManager : Event: ======'machine_var_audits_shots_rainey_multiball_ball_lock_p2_target'====== Args={'value': 120, 'prev_value': None, 'change': True}
2024-08-20 23:45:14,014 : INFO : EventManager : Event: ======'machine_var_audits_shots_right_rollover_lane'====== Args={'value': 209, 'prev_value': None, 'change': True}
2024-08-20 23:45:14,015 : INFO : EventManager : Event: ======'machine_var_audits_shots_scoop'====== Args={'value': 262, 'prev_value': None, 'change': True}
2024-08-20 23:45:14,015 : INFO : EventManager : Event: ======'machine_var_audits_shots_scoop_mission_select'====== Args={'value': 57, 'prev_value': None, 'change': True}
2024-08-20 23:45:14,015 : INFO : EventManager : Event: ======'machine_var_audits_shots_shot_left_ramp'====== Args={'value': 17, 'prev_value': None, 'change': True}
2024-08-20 23:45:14,015 : INFO : EventManager : Event: ======'machine_var_audits_shots_shot_right_ramp'====== Args={'value': 24, 'prev_value': None, 'change': True}
2024-08-20 23:45:14,015 : INFO : EventManager : Event: ======'machine_var_audits_shots_skillshot_a_target'====== Args={'value': 79, 'prev_value': None, 'change': True}
2024-08-20 23:45:14,015 : INFO : EventManager : Event: ======'machine_var_audits_shots_skillshot_e_target'====== Args={'value': 71, 'prev_value': None, 'change': True}
2024-08-20 23:45:14,015 : INFO : EventManager : Event: ======'machine_var_audits_shots_skillshot_n_target'====== Args={'value': 55, 'prev_value': None, 'change': True}
2024-08-20 23:45:14,016 : INFO : EventManager : Event: ======'machine_var_audits_shots_skillshot_o_target'====== Args={'value': 128, 'prev_value': None, 'change': True}
2024-08-20 23:45:14,016 : INFO : EventManager : Event: ======'machine_var_audits_shots_skillshot_p2_target'====== Args={'value': 107, 'prev_value': None, 'change': True}
2024-08-20 23:45:14,016 : INFO : EventManager : Event: ======'machine_var_audits_shots_skillshot_p_target'====== Args={'value': 54, 'prev_value': None, 'change': True}
2024-08-20 23:45:14,016 : INFO : EventManager : Event: ======'machine_var_audits_shots_skillshot_r_target'====== Args={'value': 129, 'prev_value': None, 'change': True}
2024-08-20 23:45:14,016 : INFO : EventManager : Event: ======'machine_var_audits_shots_spinner'====== Args={'value': 11, 'prev_value': None, 'change': True}
2024-08-20 23:45:14,016 : INFO : EventManager : Event: ======'machine_var_audits_switches_s_a_target'====== Args={'value': 188, 'prev_value': None, 'change': True}
2024-08-20 23:45:14,016 : INFO : EventManager : Event: ======'machine_var_audits_switches_s_bottom_inline_drop'====== Args={'value': 1019, 'prev_value': None, 'change': True}
2024-08-20 23:45:14,017 : INFO : EventManager : Event: ======'machine_var_audits_switches_s_bottom_pop_bumper'====== Args={'value': 10, 'prev_value': None, 'change': True}
2024-08-20 23:45:14,017 : INFO : EventManager : Event: ======'machine_var_audits_switches_s_center_spinner'====== Args={'value': 271, 'prev_value': None, 'change': True}
2024-08-20 23:45:14,017 : INFO : EventManager : Event: ======'machine_var_audits_switches_s_e_target'====== Args={'value': 190, 'prev_value': None, 'change': True}
2024-08-20 23:45:14,017 : INFO : EventManager : Event: ======'machine_var_audits_switches_s_launch_button'====== Args={'value': 10, 'prev_value': None, 'change': True}
2024-08-20 23:45:14,017 : INFO : EventManager : Event: ======'machine_var_audits_switches_s_left_flipper'====== Args={'value': 556, 'prev_value': None, 'change': True}
2024-08-20 23:45:14,017 : INFO : EventManager : Event: ======'machine_var_audits_switches_s_left_inlane'====== Args={'value': 28, 'prev_value': None, 'change': True}
2024-08-20 23:45:14,017 : INFO : EventManager : Event: ======'machine_var_audits_switches_s_left_inner_horseshoe'====== Args={'value': 19, 'prev_value': None, 'change': True}
2024-08-20 23:45:14,018 : INFO : EventManager : Event: ======'machine_var_audits_switches_s_left_orbit_enter'====== Args={'value': 77, 'prev_value': None, 'change': True}
2024-08-20 23:45:14,018 : INFO : EventManager : Event: ======'machine_var_audits_switches_s_left_orbit_exit'====== Args={'value': 21, 'prev_value': None, 'change': True}
2024-08-20 23:45:14,018 : INFO : EventManager : Event: ======'machine_var_audits_switches_s_left_outlane'====== Args={'value': 47, 'prev_value': None, 'change': True}
2024-08-20 23:45:14,018 : INFO : EventManager : Event: ======'machine_var_audits_switches_s_left_pop_bumper'====== Args={'value': 9, 'prev_value': None, 'change': True}
2024-08-20 23:45:14,018 : INFO : EventManager : Event: ======'machine_var_audits_switches_s_left_ramp_enter'====== Args={'value': 30, 'prev_value': None, 'change': True}
2024-08-20 23:45:14,018 : INFO : EventManager : Event: ======'machine_var_audits_switches_s_left_ramp_exit'====== Args={'value': 37, 'prev_value': None, 'change': True}
2024-08-20 23:45:14,019 : INFO : EventManager : Event: ======'machine_var_audits_switches_s_left_ramp_standup'====== Args={'value': 1407, 'prev_value': None, 'change': True}
2024-08-20 23:45:14,019 : INFO : EventManager : Event: ======'machine_var_audits_switches_s_left_rollover_lane'====== Args={'value': 220, 'prev_value': None, 'change': True}
2024-08-20 23:45:14,019 : INFO : EventManager : Event: ======'machine_var_audits_switches_s_left_sling'====== Args={'value': 12, 'prev_value': None, 'change': True}
2024-08-20 23:45:14,019 : INFO : EventManager : Event: ======'machine_var_audits_switches_s_left_spinner'====== Args={'value': 144, 'prev_value': None, 'change': True}
2024-08-20 23:45:14,019 : INFO : EventManager : Event: ======'machine_var_audits_switches_s_middle_inline_drop'====== Args={'value': 1001, 'prev_value': None, 'change': True}
2024-08-20 23:45:14,020 : INFO : EventManager : Event: ======'machine_var_audits_switches_s_middle_rollover_lane'====== Args={'value': 207, 'prev_value': None, 'change': True}
2024-08-20 23:45:14,020 : INFO : EventManager : Event: ======'machine_var_audits_switches_s_n_target'====== Args={'value': 176, 'prev_value': None, 'change': True}
2024-08-20 23:45:14,020 : INFO : EventManager : Event: ======'machine_var_audits_switches_s_o_target'====== Args={'value': 369, 'prev_value': None, 'change': True}
2024-08-20 23:45:14,020 : INFO : EventManager : Event: ======'machine_var_audits_switches_s_p2_target'====== Args={'value': 200, 'prev_value': None, 'change': True}
2024-08-20 23:45:14,020 : INFO : EventManager : Event: ======'machine_var_audits_switches_s_p_target'====== Args={'value': 518, 'prev_value': None, 'change': True}
2024-08-20 23:45:14,020 : INFO : EventManager : Event: ======'machine_var_audits_switches_s_plunger'====== Args={'value': 1129, 'prev_value': None, 'change': True}
2024-08-20 23:45:14,021 : INFO : EventManager : Event: ======'machine_var_audits_switches_s_plunger_lane'====== Args={'value': 39, 'prev_value': None, 'change': True}
2024-08-20 23:45:14,021 : INFO : EventManager : Event: ======'machine_var_audits_switches_s_plunger_lane_exit'====== Args={'value': 856, 'prev_value': None, 'change': True}
2024-08-20 23:45:14,021 : INFO : EventManager : Event: ======'machine_var_audits_switches_s_r_target'====== Args={'value': 371, 'prev_value': None, 'change': True}
2024-08-20 23:45:14,021 : INFO : EventManager : Event: ======'machine_var_audits_switches_s_right_flipper'====== Args={'value': 1594, 'prev_value': None, 'change': True}
2024-08-20 23:45:14,021 : INFO : EventManager : Event: ======'machine_var_audits_switches_s_right_inlane'====== Args={'value': 24, 'prev_value': None, 'change': True}
2024-08-20 23:45:14,022 : INFO : EventManager : Event: ======'machine_var_audits_switches_s_right_inner_horseshoe'====== Args={'value': 21, 'prev_value': None, 'change': True}
2024-08-20 23:45:14,022 : INFO : EventManager : Event: ======'machine_var_audits_switches_s_right_orbit_exit'====== Args={'value': 34, 'prev_value': None, 'change': True}
2024-08-20 23:45:14,022 : INFO : EventManager : Event: ======'machine_var_audits_switches_s_right_outlane'====== Args={'value': 25, 'prev_value': None, 'change': True}
2024-08-20 23:45:14,022 : INFO : EventManager : Event: ======'machine_var_audits_switches_s_right_pop_bumper'====== Args={'value': 19, 'prev_value': None, 'change': True}
2024-08-20 23:45:14,022 : INFO : EventManager : Event: ======'machine_var_audits_switches_s_right_ramp_enter'====== Args={'value': 16, 'prev_value': None, 'change': True}
2024-08-20 23:45:14,022 : INFO : EventManager : Event: ======'machine_var_audits_switches_s_right_ramp_exit'====== Args={'value': 26, 'prev_value': None, 'change': True}
2024-08-20 23:45:14,023 : INFO : EventManager : Event: ======'machine_var_audits_switches_s_right_ramp_standup'====== Args={'value': 287, 'prev_value': None, 'change': True}
2024-08-20 23:45:14,023 : INFO : EventManager : Event: ======'machine_var_audits_switches_s_right_rollover_lane'====== Args={'value': 223, 'prev_value': None, 'change': True}
2024-08-20 23:45:14,023 : INFO : EventManager : Event: ======'machine_var_audits_switches_s_right_sling'====== Args={'value': 1, 'prev_value': None, 'change': True}
2024-08-20 23:45:14,023 : INFO : EventManager : Event: ======'machine_var_audits_switches_s_scoop'====== Args={'value': 590, 'prev_value': None, 'change': True}
2024-08-20 23:45:14,023 : INFO : EventManager : Event: ======'machine_var_audits_switches_s_start'====== Args={'value': 661, 'prev_value': None, 'change': True}
2024-08-20 23:45:14,024 : INFO : EventManager : Event: ======'machine_var_audits_switches_s_top_inline_drop'====== Args={'value': 48, 'prev_value': None, 'change': True}
2024-08-20 23:45:14,024 : INFO : EventManager : Event: ======'machine_var_audits_switches_s_trough1'====== Args={'value': 420, 'prev_value': None, 'change': True}
2024-08-20 23:45:14,024 : INFO : EventManager : Event: ======'machine_var_audits_switches_s_trough2'====== Args={'value': 36, 'prev_value': None, 'change': True}
2024-08-20 23:45:14,024 : INFO : EventManager : Event: ======'machine_var_audits_switches_s_trough3'====== Args={'value': 21, 'prev_value': None, 'change': True}
2024-08-20 23:45:14,024 : INFO : EventManager : Event: ======'machine_var_audits_switches_s_trough4'====== Args={'value': 3, 'prev_value': None, 'change': True}
2024-08-20 23:45:14,025 : INFO : EventManager : Event: ======'machine_var_audits_switches_s_trough5'====== Args={'value': 2, 'prev_value': None, 'change': True}
2024-08-20 23:45:14,025 : INFO : EventManager : Event: ======'machine_var_audits_switches_s_trough6'====== Args={'value': 1, 'prev_value': None, 'change': True}
2024-08-20 23:45:14,025 : INFO : EventManager : Event: ======'machine_var_audits_switches_s_trough_jam'====== Args={'value': 5, 'prev_value': None, 'change': True}
2024-08-20 23:45:14,025 : INFO : EventManager : Event: ======'init_phase_5'====== Args={}
2024-08-20 23:45:14,028 : INFO : EventManager : Event: ======'init_done'====== Args={}
2024-08-20 23:45:14,028 : INFO : EventManager : Event: ======'machine_reset_phase_1'====== Args={}
2024-08-20 23:45:14,032 : INFO : EventManager : Event: ======'machine_reset_phase_2'====== Args={}
2024-08-20 23:45:14,032 : INFO : EventManager : Event: ======'machine_reset_phase_3'====== Args={}
2024-08-20 23:45:14,032 : INFO : drop_target_bank.strickland_bank : All targets are already up. Will not reset bank.
2024-08-20 23:45:14,032 : INFO : EventManager : Event: ======'reset_complete'====== Args={}
2024-08-20 23:45:14,032 : INFO : EventManager : Event: ======'mode_attract_will_start'====== Args={}
2024-08-20 23:45:14,032 : INFO : Timer.attract_switch : Starting Timer.
2024-08-20 23:45:14,032 : INFO : EventManager : Event: ======'timer_attract_switch_started'====== Args={'ticks': 0, 'ticks_remaining': 46}
2024-08-20 23:45:14,032 : INFO : EventManager : Event: ======'timer_attract_switch_tick'====== Args={'ticks': 0, 'ticks_remaining': 46}
2024-08-20 23:45:14,033 : INFO : EventManager : Event: ======'mode_attract_starting'====== Args={}
2024-08-20 23:45:14,033 : INFO : Mode.attract : Started. Priority: 10
2024-08-20 23:45:14,033 : INFO : EventManager : Event: ======'modes_active_modes_changed'====== Args={}
2024-08-20 23:45:14,033 : INFO : EventManager : Event: ======'mode_attract_started'====== Args={}
2024-08-20 23:45:14,033 : INFO : EventManager : Event: ======'collecting_balls_complete'====== Args={}
2024-08-20 23:45:14,033 : INFO : Machine : Starting the main run loop.
2024-08-20 23:45:14,611 : INFO : BcpServer : New client connected.
2024-08-20 23:45:14,727 : INFO : SwitchController : <<<<<<< 's_start' active >>>>>>>
2024-08-20 23:45:14,727 : INFO : EventManager : Event: ======'s_start_active'====== Args={}
2024-08-20 23:45:14,728 : INFO : EventManager : Event: ======'sw_add_player'====== Args={'priority': 0}
2024-08-20 23:45:14,834 : INFO : SwitchController : <<<<<<< 's_start' inactive >>>>>>>
2024-08-20 23:45:14,834 : INFO : EventManager : Event: ======'request_to_start_game'====== Args={}
2024-08-20 23:45:14,834 : INFO : EventManager : Event: ======'game_start'====== Args={'buttons': [], 'hold_time': 0.10637158399999991}
2024-08-20 23:45:14,834 : INFO : EventManager : Event: ======'mode_game_will_start'====== Args={'buttons': [], 'hold_time': 0.10637158399999991}
2024-08-20 23:45:14,835 : INFO : EventManager : Event: ======'mode_game_starting'====== Args={'buttons': [], 'hold_time': 0.10637158399999991}
2024-08-20 23:45:14,835 : INFO : EventManager : Event: ======'mode_attract_will_stop'====== Args={}
2024-08-20 23:45:14,835 : INFO : EventManager : Event: ======'mode_attract_stopping'====== Args={}
2024-08-20 23:45:14,835 : INFO : Mode.attract : Stopped.
2024-08-20 23:45:14,835 : INFO : EventManager : Event: ======'modes_active_modes_changed'====== Args={}
2024-08-20 23:45:14,835 : INFO : EventManager : Event: ======'mode_attract_stopped'====== Args={}
2024-08-20 23:45:14,835 : INFO : EventManager : Event: ======'clear'====== Args={'key': 'attract'}
2024-08-20 23:45:14,836 : INFO : Timer.attract_switch : Stopping Timer
2024-08-20 23:45:14,836 : INFO : EventManager : Event: ======'timer_attract_switch_stopped'====== Args={'ticks': 0, 'ticks_remaining': 46}
2024-08-20 23:45:14,836 : INFO : Mode.game : Started. Priority: 20
2024-08-20 23:45:14,836 : INFO : EventManager : Event: ======'modes_active_modes_changed'====== Args={}
2024-08-20 23:45:14,836 : INFO : EventManager : Event: ======'mode_game_started'====== Args={'buttons': [], 'hold_time': 0.10637158399999991}
2024-08-20 23:45:14,836 : INFO : EventManager : Event: ======'game_will_start'====== Args={}
2024-08-20 23:45:14,836 : INFO : EventManager : Event: ======'game_starting'====== Args={'game': <Mode.game>}
2024-08-20 23:45:14,837 : INFO : EventManager : Unordered handler for class <Auditor> on event game_ended with priority 1. Handlers: [RegisteredHandler(callback=<bound method Auditor.disable of <Auditor>>, priority=1, kwargs={}, key=UUID('a2ad437d-a0ed-418a-9bd1-2243e8d73ceb'), condition=None, blocking_facility=None), RegisteredHandler(callback=<bound method Auditor._save_audits of <Auditor>>, priority=1, kwargs={}, key=UUID('dac75a23-d1be-4883-a2e6-92f253a4649b'), condition=None, blocking_facility=None)]. The order of those handlers is not defined and they will be executed in random order. This might lead to race conditions and potential bugs.
2024-08-20 23:45:14,837 : INFO : EventManager : Event: ======'player_add_request'====== Args={}
2024-08-20 23:45:14,837 : INFO : EventManager : Event: ======'player_will_add'====== Args={'number': 1}
2024-08-20 23:45:14,837 : INFO : EventManager : Event: ======'player_adding'====== Args={'player': <Player 1>, 'number': 1}
2024-08-20 23:45:14,837 : INFO : EventManager : Event: ======'player_added'====== Args={'player': <Player 1>, 'num': 1}
2024-08-20 23:45:14,837 : INFO : Mode.game : Player added successfully. Total players: 1
2024-08-20 23:45:14,837 : INFO : EventManager : Event: ======'player_index'====== Args={'value': 0, 'prev_value': 0, 'change': 0, 'player_num': 1}
2024-08-20 23:45:14,837 : INFO : EventManager : Event: ======'player_number'====== Args={'value': 1, 'prev_value': 1, 'change': 0, 'player_num': 1}
2024-08-20 23:45:14,837 : INFO : EventManager : Event: ======'player_score'====== Args={'value': 0, 'prev_value': 0, 'change': 0, 'player_num': 1}
2024-08-20 23:45:14,838 : INFO : EventManager : Event: ======'game_started'====== Args={}
2024-08-20 23:45:14,838 : INFO : EventManager : Event: ======'player_turn_will_start'====== Args={'player': <Player 1>, 'number': 1}
2024-08-20 23:45:14,838 : INFO : EventManager : Event: ======'player_turn_starting'====== Args={'player': <Player 1>, 'number': 1}
2024-08-20 23:45:14,838 : INFO : EventManager : Event: ======'player_ball'====== Args={'value': 1, 'prev_value': 0, 'change': 1, 'player_num': 1}
2024-08-20 23:45:14,838 : INFO : EventManager : Event: ======'player_turn_started'====== Args={'player': <Player 1>, 'number': 1}
2024-08-20 23:45:14,839 : INFO : EventManager : Event: ======'ball_will_start'====== Args={'player': 1, 'ball': 1, 'balls_remaining': 2, 'is_extra_ball': False}
2024-08-20 23:45:14,839 : INFO : EventManager : Event: ======'ball_starting'====== Args={'player': 1, 'ball': 1, 'balls_remaining': 2, 'is_extra_ball': False}
2024-08-20 23:45:14,839 : INFO : EventManager : Event: ======'mode_rainey_multiball_will_start'====== Args={'queue': <QueuedEvent>, 'player': 1, 'ball': 1, 'balls_remaining': 2, 'is_extra_ball': False}
2024-08-20 23:45:14,840 : INFO : EventManager : Event: ======'mode_rainey_multiball_starting'====== Args={'queue': <QueuedEvent>, 'player': 1, 'ball': 1, 'balls_remaining': 2, 'is_extra_ball': False}
2024-08-20 23:45:14,840 : INFO : EventManager : Event: ======'mode_skillshot_will_start'====== Args={'queue': <QueuedEvent>, 'player': 1, 'ball': 1, 'balls_remaining': 2, 'is_extra_ball': False}
2024-08-20 23:45:14,840 : INFO : EventManager : Event: ======'skillshot_complete'====== Args={'state': 'None'}
2024-08-20 23:45:14,840 : INFO : EventManager : Event: ======'skillshot_None_complete'====== Args={}
2024-08-20 23:45:14,840 : INFO : EventManager : Event: ======'player_shot_skillshot_p_target_enabled'====== Args={'value': True, 'prev_value': 0, 'change': 1, 'player_num': 1}
2024-08-20 23:45:14,841 : INFO : EventManager : Event: ======'player_shot_skillshot_r_target_enabled'====== Args={'value': True, 'prev_value': 0, 'change': 1, 'player_num': 1}
2024-08-20 23:45:14,841 : INFO : EventManager : Event: ======'player_shot_skillshot_o_target_enabled'====== Args={'value': True, 'prev_value': 0, 'change': 1, 'player_num': 1}
2024-08-20 23:45:14,841 : INFO : EventManager : Event: ======'player_shot_skillshot_p2_target_enabled'====== Args={'value': True, 'prev_value': 0, 'change': 1, 'player_num': 1}
2024-08-20 23:45:14,841 : INFO : EventManager : Event: ======'player_shot_skillshot_a_target_enabled'====== Args={'value': True, 'prev_value': 0, 'change': 1, 'player_num': 1}
2024-08-20 23:45:14,842 : INFO : EventManager : Event: ======'player_shot_skillshot_n_target_enabled'====== Args={'value': True, 'prev_value': 0, 'change': 1, 'player_num': 1}
2024-08-20 23:45:14,842 : INFO : EventManager : Event: ======'player_shot_skillshot_e_target_enabled'====== Args={'value': True, 'prev_value': 0, 'change': 1, 'player_num': 1}
2024-08-20 23:45:14,842 : INFO : EventManager : Event: ======'player_skillshot_skillshot_rotate_tick'====== Args={'value': 0, 'prev_value': 0, 'change': 0, 'player_num': 1}
2024-08-20 23:45:14,842 : INFO : Timer.skillshot_rotate : Starting Timer.
2024-08-20 23:45:14,842 : INFO : EventManager : Event: ======'timer_skillshot_rotate_started'====== Args={'ticks': 0, 'ticks_remaining': 0}
2024-08-20 23:45:14,843 : INFO : EventManager : Event: ======'timer_skillshot_rotate_tick'====== Args={'ticks': 0, 'ticks_remaining': 0}
2024-08-20 23:45:14,843 : INFO : EventManager : Event: ======'mode_skillshot_starting'====== Args={'queue': <QueuedEvent>, 'player': 1, 'ball': 1, 'balls_remaining': 2, 'is_extra_ball': False}
2024-08-20 23:45:14,843 : INFO : drop_target_bank.strickland_bank : All targets are already up. Will not reset bank.
2024-08-20 23:45:14,843 : INFO : EventManager : Event: ======'cmd_flippers_enable'====== Args={'priority': 0}
2024-08-20 23:45:14,844 : INFO : EventManager : Event: ======'cmd_autofire_coils_enable'====== Args={'priority': 0}
2024-08-20 23:45:14,844 : INFO : EventManager : Event: ======'cmd_drop_targets_reset'====== Args={'priority': 0}
2024-08-20 23:45:14,844 : INFO : Mode.skillshot : Started. Priority: 200
2024-08-20 23:45:14,844 : INFO : EventManager : Event: ======'modes_active_modes_changed'====== Args={}
2024-08-20 23:45:14,844 : INFO : EventManager : Event: ======'mode_skillshot_started'====== Args={'queue': <QueuedEvent>, 'player': 1, 'ball': 1, 'balls_remaining': 2, 'is_extra_ball': False}
2024-08-20 23:45:14,844 : INFO : EventManager : Event: ======'player_shot_skillshot_p_target'====== Args={'value': 1, 'prev_value': 0, 'change': 1, 'player_num': 1}
2024-08-20 23:45:14,845 : INFO : EventManager : Event: ======'balls_in_play'====== Args={'balls': 1}
2024-08-20 23:45:14,845 : INFO : EventManager : Event: ======'ball_started'====== Args={'player': 1, 'ball': 1, 'balls_remaining': 2, 'is_extra_ball': False}
2024-08-20 23:45:14,845 : INFO : EventManager : Event: ======'logicblock_mb_counter_updated'====== Args={'value': 0, 'enabled': False}
2024-08-20 23:45:14,845 : INFO : Mode.rainey_multiball : Started. Priority: 250
2024-08-20 23:45:14,845 : INFO : EventManager : Event: ======'modes_active_modes_changed'====== Args={}
2024-08-20 23:45:14,845 : INFO : EventManager : Event: ======'mode_rainey_multiball_started'====== Args={'queue': <QueuedEvent>, 'player': 1, 'ball': 1, 'balls_remaining': 2, 'is_extra_ball': False}
2024-08-20 23:45:14,845 : INFO : EventManager : Event: ======'mode_extra_ball_will_start'====== Args={'player': 1, 'ball': 1, 'balls_remaining': 2, 'is_extra_ball': False}
2024-08-20 23:45:14,845 : INFO : EventManager : Event: ======'player_extra_ball_score_one_num_awarded'====== Args={'value': 0, 'prev_value': 0, 'change': 0, 'player_num': 1}
2024-08-20 23:45:14,845 : INFO : EventManager : Event: ======'player_extra_ball_score_two_num_awarded'====== Args={'value': 0, 'prev_value': 0, 'change': 0, 'player_num': 1}
2024-08-20 23:45:14,846 : INFO : EventManager : Event: ======'mode_extra_ball_starting'====== Args={'player': 1, 'ball': 1, 'balls_remaining': 2, 'is_extra_ball': False}
2024-08-20 23:45:14,846 : INFO : EventManager : Event: ======'mode_BBQ_rollover_will_start'====== Args={'player': 1, 'ball': 1, 'balls_remaining': 2, 'is_extra_ball': False}
2024-08-20 23:45:14,846 : INFO : EventManager : Event: ======'player_shot_left_rollover_lane_enabled'====== Args={'value': True, 'prev_value': 0, 'change': 1, 'player_num': 1}
2024-08-20 23:45:14,846 : INFO : EventManager : Event: ======'player_shot_middle_rollover_lane_enabled'====== Args={'value': True, 'prev_value': 0, 'change': 1, 'player_num': 1}
2024-08-20 23:45:14,846 : INFO : EventManager : Event: ======'player_shot_right_rollover_lane_enabled'====== Args={'value': True, 'prev_value': 0, 'change': 1, 'player_num': 1}
2024-08-20 23:45:14,846 : INFO : EventManager : Event: ======'BBQ_lanes_complete'====== Args={'state': 'unlit'}
2024-08-20 23:45:14,847 : INFO : EventManager : Event: ======'BBQ_lanes_unlit_complete'====== Args={}
2024-08-20 23:45:14,847 : INFO : EventManager : Event: ======'mode_BBQ_rollover_starting'====== Args={'player': 1, 'ball': 1, 'balls_remaining': 2, 'is_extra_ball': False}
2024-08-20 23:45:14,847 : INFO : EventManager : Event: ======'mode_hank_rollover_will_start'====== Args={'player': 1, 'ball': 1, 'balls_remaining': 2, 'is_extra_ball': False}
2024-08-20 23:45:14,848 : INFO : EventManager : Event: ======'player_shot_h_rollover_lane_enabled'====== Args={'value': True, 'prev_value': 0, 'change': 1, 'player_num': 1}
2024-08-20 23:45:14,848 : INFO : EventManager : Event: ======'player_shot_a_rollover_lane_enabled'====== Args={'value': True, 'prev_value': 0, 'change': 1, 'player_num': 1}
2024-08-20 23:45:14,848 : INFO : EventManager : Event: ======'player_shot_n_rollover_lane_enabled'====== Args={'value': True, 'prev_value': 0, 'change': 1, 'player_num': 1}
2024-08-20 23:45:14,848 : INFO : EventManager : Event: ======'player_shot_k_rollover_lane_enabled'====== Args={'value': True, 'prev_value': 0, 'change': 1, 'player_num': 1}
2024-08-20 23:45:14,849 : INFO : EventManager : Event: ======'hank_lanes_complete'====== Args={'state': 'unlit'}
2024-08-20 23:45:14,849 : INFO : EventManager : Event: ======'hank_lanes_unlit_complete'====== Args={}
2024-08-20 23:45:14,849 : INFO : EventManager : Event: ======'mode_hank_rollover_starting'====== Args={'player': 1, 'ball': 1, 'balls_remaining': 2, 'is_extra_ball': False}
2024-08-20 23:45:14,849 : INFO : EventManager : Event: ======'mode_base_will_start'====== Args={'player': 1, 'ball': 1, 'balls_remaining': 2, 'is_extra_ball': False}
2024-08-20 23:45:14,849 : INFO : EventManager : Event: ======'player_shot_qualify_p_target_enabled'====== Args={'value': True, 'prev_value': 0, 'change': 1, 'player_num': 1}
2024-08-20 23:45:14,850 : INFO : EventManager : Event: ======'player_shot_qualify_r_target_enabled'====== Args={'value': True, 'prev_value': 0, 'change': 1, 'player_num': 1}
2024-08-20 23:45:14,850 : INFO : EventManager : Event: ======'player_shot_qualify_o_target_enabled'====== Args={'value': True, 'prev_value': 0, 'change': 1, 'player_num': 1}
2024-08-20 23:45:14,850 : INFO : EventManager : Event: ======'player_shot_scoop_enabled'====== Args={'value': True, 'prev_value': 0, 'change': 1, 'player_num': 1}
2024-08-20 23:45:14,850 : INFO : EventManager : Event: ======'player_shot_rainey_multiball_ball_lock_p2_target_enabled'====== Args={'value': True, 'prev_value': 0, 'change': 1, 'player_num': 1}
2024-08-20 23:45:14,850 : INFO : EventManager : Event: ======'player_shot_rainey_multiball_ball_lock_a_target_enabled'====== Args={'value': True, 'prev_value': 0, 'change': 1, 'player_num': 1}
2024-08-20 23:45:14,851 : INFO : EventManager : Event: ======'player_shot_rainey_multiball_ball_lock_n_target_enabled'====== Args={'value': True, 'prev_value': 0, 'change': 1, 'player_num': 1}
2024-08-20 23:45:14,851 : INFO : EventManager : Event: ======'player_shot_rainey_multiball_ball_lock_e_target_enabled'====== Args={'value': True, 'prev_value': 0, 'change': 1, 'player_num': 1}
2024-08-20 23:45:14,851 : INFO : EventManager : Event: ======'player_shot_spinner_enabled'====== Args={'value': True, 'prev_value': 0, 'change': 1, 'player_num': 1}
2024-08-20 23:45:14,851 : INFO : EventManager : Event: ======'qualify_mission_complete'====== Args={'state': 'unlit'}
2024-08-20 23:45:14,851 : INFO : EventManager : Event: ======'qualify_mission_unlit_complete'====== Args={}
2024-08-20 23:45:14,851 : INFO : EventManager : Event: ======'light_rainey_multiball_ball_lock_complete'====== Args={'state': 'unlit'}
2024-08-20 23:45:14,852 : INFO : EventManager : Event: ======'light_rainey_multiball_ball_lock_unlit_complete'====== Args={}
2024-08-20 23:45:14,852 : INFO : EventManager : Event: ======'achievement_bill_bulk_and_the_body_buddies_changed_state'====== Args={'restore': False, 'state': 'enabled', 'selected': False}
2024-08-20 23:45:14,852 : INFO : EventManager : Event: ======'achievement_bill_bulk_and_the_body_buddies_state_enabled'====== Args={'restore': False, 'state': 'enabled', 'selected': False}
2024-08-20 23:45:14,854 : INFO : EventManager : Event: ======'mode_base_starting'====== Args={'player': 1, 'ball': 1, 'balls_remaining': 2, 'is_extra_ball': False}
2024-08-20 23:45:14,855 : INFO : Mode.extra_ball : Started. Priority: 900
2024-08-20 23:45:14,855 : INFO : EventManager : Event: ======'modes_active_modes_changed'====== Args={}
2024-08-20 23:45:14,855 : INFO : EventManager : Event: ======'mode_extra_ball_started'====== Args={'player': 1, 'ball': 1, 'balls_remaining': 2, 'is_extra_ball': False}
2024-08-20 23:45:14,858 : INFO : EventManager : Event: ======'logicblock_lb_BBQ_complete_count_updated'====== Args={'value': 1, 'enabled': True}
2024-08-20 23:45:14,858 : INFO : EventManager : Event: ======'logicblock_lb_BBQ_complete_count_updated'====== Args={'value': 1, 'enabled': True}
2024-08-20 23:45:14,858 : INFO : Mode.BBQ_rollover : Started. Priority: 200
2024-08-20 23:45:14,858 : INFO : EventManager : Event: ======'modes_active_modes_changed'====== Args={}
2024-08-20 23:45:14,858 : INFO : EventManager : Event: ======'mode_BBQ_rollover_started'====== Args={'player': 1, 'ball': 1, 'balls_remaining': 2, 'is_extra_ball': False}
2024-08-20 23:45:14,858 : INFO : EventManager : Event: ======'logicblock_lb_hank_complete_count_updated'====== Args={'value': 1, 'enabled': True}
2024-08-20 23:45:14,858 : INFO : EventManager : Event: ======'logicblock_lb_hank_complete_count_updated'====== Args={'value': 1, 'enabled': True}
2024-08-20 23:45:14,858 : INFO : Mode.hank_rollover : Started. Priority: 200
2024-08-20 23:45:14,858 : INFO : EventManager : Event: ======'modes_active_modes_changed'====== Args={}
2024-08-20 23:45:14,858 : INFO : EventManager : Event: ======'mode_hank_rollover_started'====== Args={'player': 1, 'ball': 1, 'balls_remaining': 2, 'is_extra_ball': False}
2024-08-20 23:45:14,858 : INFO : EventManager : Event: ======'logicblock_bill_mini_wizard_updated'====== Args={'value': [False, False], 'enabled': True}
2024-08-20 23:45:14,858 : INFO : EventManager : Event: ======'logicblock_dale_mini_wizard_updated'====== Args={'value': [False, False], 'enabled': True}
2024-08-20 23:45:14,859 : INFO : EventManager : Event: ======'logicblock_hank_mini_wizard_updated'====== Args={'value': [False, False], 'enabled': True}
2024-08-20 23:45:14,859 : INFO : EventManager : Event: ======'logicblock_boom_mini_wizard_updated'====== Args={'value': [False, False], 'enabled': True}
2024-08-20 23:45:14,859 : INFO : EventManager : Event: ======'logicblock_wizard_mode_updated'====== Args={'value': [False, False, False, False], 'enabled': True}
2024-08-20 23:45:14,859 : INFO : EventManager : Event: ======'logicblock_bill_mini_wizard_updated'====== Args={'value': [False, False], 'enabled': True}
2024-08-20 23:45:14,859 : INFO : EventManager : Event: ======'logicblock_dale_mini_wizard_updated'====== Args={'value': [False, False], 'enabled': True}
2024-08-20 23:45:14,859 : INFO : EventManager : Event: ======'logicblock_hank_mini_wizard_updated'====== Args={'value': [False, False], 'enabled': True}
2024-08-20 23:45:14,859 : INFO : EventManager : Event: ======'logicblock_boom_mini_wizard_updated'====== Args={'value': [False, False], 'enabled': True}
2024-08-20 23:45:14,859 : INFO : EventManager : Event: ======'logicblock_wizard_mode_updated'====== Args={'value': [False, False, False, False], 'enabled': True}
2024-08-20 23:45:14,859 : INFO : Mode.base : Started. Priority: 100
2024-08-20 23:45:14,859 : INFO : EventManager : Event: ======'modes_active_modes_changed'====== Args={}
2024-08-20 23:45:14,859 : INFO : EventManager : Event: ======'mode_base_started'====== Args={'player': 1, 'ball': 1, 'balls_remaining': 2, 'is_extra_ball': False}
2024-08-20 23:45:14,859 : INFO : EventManager : Event: ======'player_bonus_multiplier'====== Args={'value': 1, 'prev_value': 0, 'change': 1, 'player_num': 1, 'source': 'BBQ_rollover'}
2024-08-20 23:45:14,860 : INFO : EventManager : Event: ======'ball_save_default_enabled'====== Args={}
2024-08-20 23:45:14,860 : INFO : EventManager : Event: ======'single_player_ball_started'====== Args={}
2024-08-20 23:45:14,860 : INFO : EventManager : Event: ======'slide__removed'====== Args={'_from_bcp': True}
2024-08-20 23:45:14,860 : INFO : EventManager : Event: ======'ball_start_target'====== Args={'target': 'playfield'}
2024-08-20 23:45:14,860 : INFO : ball_device.bd_plunger : Setting up player-controlled eject. Balls: 1, Target: <playfield.playfield>, player_controlled_eject_event: s_launch_button_inactive
2024-08-20 23:45:14,860 : INFO : EventManager : Event: ======'balldevice_balls_available'====== Args={}
2024-08-20 23:45:14,861 : INFO : ball_device.bd_trough : State: waiting_for_target_ready
2024-08-20 23:45:14,861 : INFO : EventManager : Event: ======'balldevice_bd_trough_ball_eject_attempt'====== Args={'balls': 1, 'target': <ball_device.bd_plunger>, 'source': <ball_device.bd_trough>, 'mechanical_eject': True, 'num_attempts': 0}
2024-08-20 23:45:14,861 : INFO : ball_device.bd_plunger : State: waiting_for_ball
2024-08-20 23:45:14,861 : INFO : ball_device.bd_trough : State: ejecting
2024-08-20 23:45:14,861 : INFO : ball_device.bd_trough : Ejecting ball to <ball_device.bd_plunger>
2024-08-20 23:45:14,861 : INFO : EventManager : Event: ======'balldevice_bd_trough_ejecting_ball'====== Args={'balls': 1, 'target': <ball_device.bd_plunger>, 'source': <ball_device.bd_trough>, 'mechanical_eject': True, 'num_attempts': 0}
2024-08-20 23:45:14,862 : INFO : ball_device.bd_trough : Wait for ball to leave device
2024-08-20 23:45:14,862 : INFO : coil.c_trough_eject : Pulsing Driver for 20ms (1.0 pulse_power)
2024-08-20 23:45:14,862 : INFO : SwitchController : <<<<<<< 's_trough1' inactive >>>>>>>
2024-08-20 23:45:14,862 : INFO : ball_device.bd_trough : State: ball_left
2024-08-20 23:45:14,862 : INFO : ball_device.bd_trough : Ball left
2024-08-20 23:45:14,862 : INFO : ball_device.bd_trough : Wait for confirm with timeout 3.0
2024-08-20 23:45:14,882 : INFO : EventManager : Event: ======'slide_arlen_intro_created'====== Args={'_from_bcp': True}
2024-08-20 23:45:14,882 : INFO : EventManager : Event: ======'slide_arlen_intro_active'====== Args={'original_context': 'skillshot', 'original_calling_context': 'mode_skillshot_started', 'queue': '<QueuedEvent>', 'cmd': 'slides_play', '_from_bcp': True}
2024-08-20 23:45:14,888 : INFO : EventManager : Event: ======'slide_base_created'====== Args={'_from_bcp': True}
2024-08-20 23:45:14,963 : INFO : SwitchController : <<<<<<< 's_plunger' active >>>>>>>
2024-08-20 23:45:14,963 : INFO : EventManager : Event: ======'machine_var_audits_switches_s_plunger'====== Args={'value': 1130, 'prev_value': 1129, 'change': 1}
2024-08-20 23:45:15,033 : WARNING : SwitchController : Received duplicate switch state 1 for switch s_plunger from the platform interface. Log Code: Log-SwitchController-1 (https://missionpinball.org/logs)
2024-08-20 23:45:15,134 : INFO : SwitchController : <<<<<<< 's_plunger' inactive >>>>>>>
2024-08-20 23:45:15,844 : INFO : EventManager : Event: ======'player_skillshot_skillshot_rotate_tick'====== Args={'value': 1, 'prev_value': 0, 'change': 1, 'player_num': 1}
2024-08-20 23:45:15,845 : INFO : EventManager : Event: ======'timer_skillshot_rotate_tick'====== Args={'ticks': 1, 'ticks_remaining': 0}
2024-08-20 23:45:15,847 : INFO : EventManager : Event: ======'player_shot_skillshot_p_target'====== Args={'value': 0, 'prev_value': 1, 'change': -1, 'player_num': 1}
2024-08-20 23:45:15,848 : INFO : EventManager : Event: ======'player_shot_skillshot_r_target'====== Args={'value': 1, 'prev_value': 0, 'change': 1, 'player_num': 1}
2024-08-20 23:45:16,775 : INFO : SwitchController : <<<<<<< 's_plunger_lane_exit' active >>>>>>>
2024-08-20 23:45:16,775 : INFO : EventManager : Event: ======'s_plunger_lane_exit_active'====== Args={}
2024-08-20 23:45:16,775 : INFO : EventManager : Event: ======'sw_playfield_active'====== Args={}
2024-08-20 23:45:16,775 : INFO : EventManager : Event: ======'machine_var_audits_switches_s_plunger_lane_exit'====== Args={'value': 857, 'prev_value': 856, 'change': 1}
2024-08-20 23:45:16,777 : INFO : EventManager : Event: ======'ball_save_default_timer_start'====== Args={}
2024-08-20 23:45:16,778 : INFO : EventManager : Event: ======'playfield_active'====== Args={}
2024-08-20 23:45:16,778 : INFO : EventManager : Event: ======'unexpected_ball_on_playfield'====== Args={}
2024-08-20 23:45:16,843 : INFO : EventManager : Event: ======'player_skillshot_skillshot_rotate_tick'====== Args={'value': 2, 'prev_value': 1, 'change': 1, 'player_num': 1}
2024-08-20 23:45:16,843 : INFO : EventManager : Event: ======'timer_skillshot_rotate_tick'====== Args={'ticks': 2, 'ticks_remaining': 0}
2024-08-20 23:45:16,843 : INFO : EventManager : Event: ======'player_shot_skillshot_r_target'====== Args={'value': 0, 'prev_value': 1, 'change': -1, 'player_num': 1}
2024-08-20 23:45:16,843 : INFO : EventManager : Event: ======'player_shot_skillshot_o_target'====== Args={'value': 1, 'prev_value': 0, 'change': 1, 'player_num': 1}
2024-08-20 23:45:16,887 : INFO : SwitchController : <<<<<<< 's_plunger_lane_exit' inactive >>>>>>>
2024-08-20 23:45:16,887 : INFO : EventManager : Event: ======'s_plunger_lane_exit_inactive'====== Args={}
2024-08-20 23:45:16,887 : INFO : Timer.skillshot_rotate : Stopping Timer
2024-08-20 23:45:16,887 : INFO : EventManager : Event: ======'timer_skillshot_rotate_stopped'====== Args={'ticks': 2, 'ticks_remaining': 0}
2024-08-20 23:45:16,887 : INFO : EventManager : Event: ======'advance_skillshot_3'====== Args={'priority': 0}
2024-08-20 23:45:16,887 : INFO : EventManager : Event: ======'player_shot_skillshot_o_target'====== Args={'value': 2, 'prev_value': 1, 'change': 1, 'player_num': 1}
2024-08-20 23:45:17,863 : INFO : ball_device.bd_trough : State: failed_confirm
2024-08-20 23:45:17,864 : INFO : ball_device.bd_trough : Got timeout (3.0s) before confirm from <ball_device.bd_plunger>
2024-08-20 23:45:17,865 : INFO : ball_device.bd_plunger : Expecting incoming ball which may skip the device.
2024-08-20 23:45:17,865 : INFO : EventManager : Event: ======'balldevice_bd_plunger_ejecting_ball'====== Args={'balls': 1, 'target': <playfield.playfield>, 'source': <ball_device.bd_plunger>, 'mechanical_eject': False, 'num_attempts': 1}
2024-08-20 23:45:17,988 : INFO : SwitchController : <<<<<<< 's_o_target' active >>>>>>>
2024-08-20 23:45:17,988 : INFO : EventManager : Event: ======'playfield_active'====== Args={}
2024-08-20 23:45:17,988 : INFO : EventManager : Event: ======'playfield_active'====== Args={}
2024-08-20 23:45:17,988 : INFO : EventManager : Event: ======'s_o_target_active'====== Args={}
2024-08-20 23:45:17,988 : INFO : EventManager : Event: ======'machine_var_audits_switches_s_o_target'====== Args={'value': 370, 'prev_value': 369, 'change': 1}
2024-08-20 23:45:17,989 : INFO : EventManager : Event: ======'machine_var_audits_shots_skillshot_o_target'====== Args={'value': 129, 'prev_value': 128, 'change': 1}
2024-08-20 23:45:17,990 : INFO : EventManager : Event: ======'skillshot_o_target_hit'====== Args={'profile': 'skillshot_profile', 'state': 'lit', 'advancing': False}
2024-08-20 23:45:17,990 : INFO : EventManager : Event: ======'skillshot_o_target_skillshot_profile_hit'====== Args={'profile': 'skillshot_profile', 'state': 'lit', 'advancing': False}
2024-08-20 23:45:17,990 : INFO : EventManager : Event: ======'skillshot_o_target_skillshot_profile_lit_hit'====== Args={'profile': 'skillshot_profile', 'state': 'lit', 'advancing': False}
2024-08-20 23:45:17,990 : INFO : EventManager : Event: ======'skillshot_o_target_lit_hit'====== Args={'profile': 'skillshot_profile', 'state': 'lit', 'advancing': False}
2024-08-20 23:45:17,990 : INFO : EventManager : Event: ======'player_shot_qualify_o_target'====== Args={'value': 1, 'prev_value': 0, 'change': 1, 'player_num': 1}
2024-08-20 23:45:17,995 : INFO : EventManager : Event: ======'machine_var_audits_shots_qualify_o_target'====== Args={'value': 322, 'prev_value': 321, 'change': 1}
2024-08-20 23:45:17,995 : INFO : EventManager : Event: ======'qualify_o_target_hit'====== Args={'profile': 'mission_qualify', 'state': 'unlit', 'advancing': True}
2024-08-20 23:45:17,995 : INFO : EventManager : Event: ======'qualify_o_target_mission_qualify_hit'====== Args={'profile': 'mission_qualify', 'state': 'unlit', 'advancing': True}
2024-08-20 23:45:17,995 : INFO : EventManager : Event: ======'qualify_o_target_mission_qualify_unlit_hit'====== Args={'profile': 'mission_qualify', 'state': 'unlit', 'advancing': True}
2024-08-20 23:45:17,995 : INFO : EventManager : Event: ======'qualify_o_target_unlit_hit'====== Args={'profile': 'mission_qualify', 'state': 'unlit', 'advancing': True}
2024-08-20 23:45:17,995 : INFO : EventManager : Event: ======'player_score'====== Args={'value': 50, 'prev_value': 0, 'change': 50, 'player_num': 1, 'source': 'base'}
2024-08-20 23:45:17,995 : INFO : EventManager : Event: ======'skillshot_hit'====== Args={'shot': 'skillshot_o_target'}
2024-08-20 23:45:17,996 : INFO : EventManager : Event: ======'skillshot_lit_hit'====== Args={'shot': 'skillshot_o_target'}
2024-08-20 23:45:17,996 : INFO : EventManager : Event: ======'stop_mode_skillshot'====== Args={'priority': 0}
2024-08-20 23:45:17,996 : INFO : EventManager : Event: ======'mode_skillshot_will_stop'====== Args={}
2024-08-20 23:45:17,996 : INFO : EventManager : Event: ======'mode_skillshot_stopping'====== Args={}
2024-08-20 23:45:17,996 : INFO : EventManager : Event: ======'player_score'====== Args={'value': 90050, 'prev_value': 50, 'change': 90000, 'player_num': 1, 'source': 'skillshot'}
2024-08-20 23:45:17,998 : INFO : EventManager : Event: ======'qualify_mission_hit'====== Args={'shot': 'qualify_o_target'}
2024-08-20 23:45:17,998 : INFO : EventManager : Event: ======'qualify_mission_unlit_hit'====== Args={'shot': 'qualify_o_target'}
2024-08-20 23:45:17,999 : INFO : Mode.skillshot : Stopped.
2024-08-20 23:45:17,999 : INFO : EventManager : Event: ======'modes_active_modes_changed'====== Args={}
2024-08-20 23:45:17,999 : INFO : EventManager : Event: ======'mode_skillshot_stopped'====== Args={}
2024-08-20 23:45:17,999 : INFO : EventManager : Event: ======'clear'====== Args={'key': 'skillshot'}
2024-08-20 23:45:18,000 : INFO : Timer.skillshot_rotate : Stopping Timer
2024-08-20 23:45:18,000 : INFO : EventManager : Event: ======'timer_skillshot_rotate_stopped'====== Args={'ticks': 2, 'ticks_remaining': 0}
2024-08-20 23:45:18,015 : INFO : EventManager : Event: ======'slide_arlen_intro_inactive'====== Args={'_from_bcp': True}
2024-08-20 23:45:18,015 : INFO : EventManager : Event: ======'slide_base_active'====== Args={'_from_bcp': True}
2024-08-20 23:45:18,015 : INFO : EventManager : Event: ======'slide_arlen_intro_removed'====== Args={'_from_bcp': True}
2024-08-20 23:45:18,090 : INFO : SwitchController : <<<<<<< 's_o_target' inactive >>>>>>>
2024-08-20 23:45:19,573 : INFO : SwitchController : <<<<<<< 's_r_target' active >>>>>>>
2024-08-20 23:45:19,573 : INFO : EventManager : Event: ======'playfield_active'====== Args={}
2024-08-20 23:45:19,573 : INFO : EventManager : Event: ======'playfield_active'====== Args={}
2024-08-20 23:45:19,574 : INFO : EventManager : Event: ======'s_r_target_active'====== Args={}
2024-08-20 23:45:19,574 : INFO : EventManager : Event: ======'machine_var_audits_switches_s_r_target'====== Args={'value': 372, 'prev_value': 371, 'change': 1}
2024-08-20 23:45:19,576 : INFO : EventManager : Event: ======'player_shot_qualify_r_target'====== Args={'value': 1, 'prev_value': 0, 'change': 1, 'player_num': 1}
2024-08-20 23:45:19,577 : INFO : EventManager : Event: ======'machine_var_audits_shots_qualify_r_target'====== Args={'value': 331, 'prev_value': 330, 'change': 1}
2024-08-20 23:45:19,579 : INFO : EventManager : Event: ======'qualify_r_target_hit'====== Args={'profile': 'mission_qualify', 'state': 'unlit', 'advancing': True}
2024-08-20 23:45:19,579 : INFO : EventManager : Event: ======'qualify_r_target_mission_qualify_hit'====== Args={'profile': 'mission_qualify', 'state': 'unlit', 'advancing': True}
2024-08-20 23:45:19,579 : INFO : EventManager : Event: ======'qualify_r_target_mission_qualify_unlit_hit'====== Args={'profile': 'mission_qualify', 'state': 'unlit', 'advancing': True}
2024-08-20 23:45:19,580 : INFO : EventManager : Event: ======'qualify_r_target_unlit_hit'====== Args={'profile': 'mission_qualify', 'state': 'unlit', 'advancing': True}
2024-08-20 23:45:19,580 : INFO : EventManager : Event: ======'player_score'====== Args={'value': 90100, 'prev_value': 90050, 'change': 50, 'player_num': 1, 'source': 'base'}
2024-08-20 23:45:19,581 : INFO : EventManager : Event: ======'qualify_mission_hit'====== Args={'shot': 'qualify_r_target'}
2024-08-20 23:45:19,581 : INFO : EventManager : Event: ======'qualify_mission_unlit_hit'====== Args={'shot': 'qualify_r_target'}
2024-08-20 23:45:19,686 : INFO : SwitchController : <<<<<<< 's_r_target' inactive >>>>>>>
2024-08-20 23:45:20,408 : INFO : SwitchController : <<<<<<< 's_p_target' active >>>>>>>
2024-08-20 23:45:20,408 : INFO : EventManager : Event: ======'playfield_active'====== Args={}
2024-08-20 23:45:20,409 : INFO : EventManager : Event: ======'playfield_active'====== Args={}
2024-08-20 23:45:20,409 : INFO : EventManager : Event: ======'s_p_target_active'====== Args={}
2024-08-20 23:45:20,410 : INFO : EventManager : Event: ======'machine_var_audits_switches_s_p_target'====== Args={'value': 519, 'prev_value': 518, 'change': 1}
2024-08-20 23:45:20,412 : INFO : EventManager : Event: ======'player_shot_qualify_p_target'====== Args={'value': 1, 'prev_value': 0, 'change': 1, 'player_num': 1}
2024-08-20 23:45:20,413 : INFO : EventManager : Event: ======'machine_var_audits_shots_qualify_p_target'====== Args={'value': 297, 'prev_value': 296, 'change': 1}
2024-08-20 23:45:20,414 : INFO : EventManager : Event: ======'qualify_p_target_hit'====== Args={'profile': 'mission_qualify', 'state': 'unlit', 'advancing': True}
2024-08-20 23:45:20,415 : INFO : EventManager : Event: ======'qualify_p_target_mission_qualify_hit'====== Args={'profile': 'mission_qualify', 'state': 'unlit', 'advancing': True}
2024-08-20 23:45:20,416 : INFO : EventManager : Event: ======'qualify_p_target_mission_qualify_unlit_hit'====== Args={'profile': 'mission_qualify', 'state': 'unlit', 'advancing': True}
2024-08-20 23:45:20,416 : INFO : EventManager : Event: ======'qualify_p_target_unlit_hit'====== Args={'profile': 'mission_qualify', 'state': 'unlit', 'advancing': True}
2024-08-20 23:45:20,416 : INFO : EventManager : Event: ======'player_score'====== Args={'value': 90150, 'prev_value': 90100, 'change': 50, 'player_num': 1, 'source': 'base'}
2024-08-20 23:45:20,417 : INFO : EventManager : Event: ======'qualify_mission_complete'====== Args={'state': 'lit'}
2024-08-20 23:45:20,417 : INFO : EventManager : Event: ======'qualify_mission_lit_complete'====== Args={}
2024-08-20 23:45:20,418 : INFO : EventManager : Event: ======'qualify_mission_hit'====== Args={'shot': 'qualify_p_target'}
2024-08-20 23:45:20,418 : INFO : EventManager : Event: ======'qualify_mission_unlit_hit'====== Args={'shot': 'qualify_p_target'}
2024-08-20 23:45:20,506 : INFO : SwitchController : <<<<<<< 's_p_target' inactive >>>>>>>
2024-08-20 23:45:20,868 : INFO : ball_device.bd_plunger : Got confirm for skipping ball.
2024-08-20 23:45:20,868 : INFO : ball_device.bd_plunger : Eject successful
2024-08-20 23:45:20,869 : INFO : EventManager : Event: ======'balldevice_bd_plunger_ball_eject_success'====== Args={'balls': 1, 'target': <playfield.playfield>}
2024-08-20 23:45:20,870 : INFO : EventManager : Event: ======'balldevice_playfield_ball_enter'====== Args={'new_balls': 1, 'unclaimed_balls': 1, 'device': <playfield.playfield>}
2024-08-20 23:45:20,871 : INFO : EventManager : Event: ======'playfield_ball_count_change'====== Args={'balls': 1, 'change': 1}
2024-08-20 23:45:20,872 : INFO : ball_device.bd_plunger : State: idle
2024-08-20 23:45:20,872 : INFO : ball_device.bd_trough : Eject successful
2024-08-20 23:45:20,872 : INFO : EventManager : Event: ======'balldevice_bd_trough_ball_eject_success'====== Args={'balls': 1, 'target': <ball_device.bd_plunger>}
2024-08-20 23:45:20,873 : INFO : EventManager : Event: ======'balldevice_bd_trough_ball_count_changed'====== Args={'balls': 5}
2024-08-20 23:45:20,873 : INFO : ball_device.bd_trough : State: idle
2024-08-20 23:45:20,918 : INFO : EventManager : Event: ======'player_shot_qualify_p_target'====== Args={'value': 0, 'prev_value': 1, 'change': -1, 'player_num': 1}
2024-08-20 23:45:20,919 : INFO : EventManager : Event: ======'player_shot_qualify_r_target'====== Args={'value': 0, 'prev_value': 1, 'change': -1, 'player_num': 1}
2024-08-20 23:45:20,919 : INFO : EventManager : Event: ======'player_shot_qualify_o_target'====== Args={'value': 0, 'prev_value': 1, 'change': -1, 'player_num': 1}
2024-08-20 23:45:20,920 : INFO : EventManager : Event: ======'qualify_mission_complete'====== Args={'state': 'unlit'}
2024-08-20 23:45:20,920 : INFO : EventManager : Event: ======'qualify_mission_unlit_complete'====== Args={}
2024-08-20 23:45:21,779 : INFO : EventManager : Event: ======'stop_mode_skillshot'====== Args={'priority': 0}
2024-08-20 23:45:22,990 : INFO : EventManager : Event: ======'stop_mode_skillshot'====== Args={'priority': 0}
2024-08-20 23:45:22,990 : INFO : EventManager : Event: ======'stop_mode_skillshot'====== Args={'priority': 0}
2024-08-20 23:45:23,067 : INFO : SwitchController : <<<<<<< 's_scoop' active >>>>>>>
2024-08-20 23:45:23,067 : INFO : EventManager : Event: ======'s_scoop_active'====== Args={}
2024-08-20 23:45:23,067 : INFO : EventManager : Event: ======'machine_var_audits_switches_s_scoop'====== Args={'value': 591, 'prev_value': 590, 'change': 1}
2024-08-20 23:45:23,068 : INFO : EventManager : Event: ======'mode_mission_select_will_start'====== Args={}
2024-08-20 23:45:23,069 : INFO : EventManager : Event: ======'mode_mission_select_starting'====== Args={}
2024-08-20 23:45:23,069 : INFO : EventManager : Event: ======'player_shot_scoop'====== Args={'value': 1, 'prev_value': 0, 'change': 1, 'player_num': 1}
2024-08-20 23:45:23,069 : INFO : EventManager : Event: ======'machine_var_audits_shots_scoop'====== Args={'value': 263, 'prev_value': 262, 'change': 1}
2024-08-20 23:45:23,070 : INFO : EventManager : Event: ======'scoop_hit'====== Args={'profile': 'scoop_light', 'state': 'unqualified', 'advancing': True}
2024-08-20 23:45:23,070 : INFO : EventManager : Event: ======'scoop_scoop_light_hit'====== Args={'profile': 'scoop_light', 'state': 'unqualified', 'advancing': True}
2024-08-20 23:45:23,070 : INFO : EventManager : Event: ======'scoop_scoop_light_unqualified_hit'====== Args={'profile': 'scoop_light', 'state': 'unqualified', 'advancing': True}
2024-08-20 23:45:23,070 : INFO : EventManager : Event: ======'scoop_unqualified_hit'====== Args={'profile': 'scoop_light', 'state': 'unqualified', 'advancing': True}
2024-08-20 23:45:23,070 : INFO : Mode.mission_select : Started. Priority: 800
2024-08-20 23:45:23,070 : INFO : EventManager : Event: ======'modes_active_modes_changed'====== Args={}
2024-08-20 23:45:23,070 : INFO : EventManager : Event: ======'mode_mission_select_started'====== Args={}
2024-08-20 23:45:23,070 : INFO : EventManager : Event: ======'mode_base_will_stop'====== Args={}
2024-08-20 23:45:23,070 : INFO : EventManager : Event: ======'mode_base_stopping'====== Args={}
2024-08-20 23:45:23,070 : INFO : Mode.base : Stopped.
2024-08-20 23:45:23,070 : INFO : EventManager : Event: ======'modes_active_modes_changed'====== Args={}
2024-08-20 23:45:23,071 : INFO : EventManager : Event: ======'mode_base_stopped'====== Args={}
2024-08-20 23:45:23,071 : INFO : EventManager : Event: ======'clear'====== Args={'key': 'base'}
2024-08-20 23:45:23,071 : INFO : EventManager : Event: ======'ball_save_default_disabled'====== Args={}
2024-08-20 23:45:23,072 : INFO : EventManager : Event: ======'item_highlighted'====== Args={'carousel': 'mission_select', 'direction': None, 'item': 'beat_the_surfer'}
2024-08-20 23:45:23,124 : INFO : EventManager : Event: ======'slide_mission_select_created'====== Args={'_from_bcp': True}
2024-08-20 23:45:23,124 : INFO : EventManager : Event: ======'slide_base_inactive'====== Args={'_from_bcp': True}
2024-08-20 23:45:23,124 : INFO : EventManager : Event: ======'slide_mission_select_active'====== Args={'original_context': 'mission_select', 'original_calling_context': 'mode_mission_select_started', 'cmd': 'slides_play', '_from_bcp': True}
2024-08-20 23:45:23,125 : INFO : EventManager : Event: ======'slide_base_removed'====== Args={'_from_bcp': True}
2024-08-20 23:45:23,569 : INFO : EventManager : Event: ======'balldevice_bd_scoop_ball_count_changed'====== Args={'balls': 1}
2024-08-20 23:45:23,570 : INFO : ball_device.bd_scoop : Received unexpected ball
2024-08-20 23:45:23,570 : INFO : EventManager : Event: ======'balldevice_captured_from_playfield'====== Args={'balls': 1}
2024-08-20 23:45:23,571 : INFO : EventManager : Event: ======'sw_playfield_active'====== Args={'balls': 1}
2024-08-20 23:45:23,572 : INFO : EventManager : Event: ======'playfield_ball_count_change'====== Args={'balls': 0, 'change': -1}
2024-08-20 23:45:23,573 : INFO : EventManager : Event: ======'balldevice_bd_scoop_ball_enter'====== Args={'new_balls': 1, 'unclaimed_balls': 1, 'new_available_balls': 1, 'device': <ball_device.bd_scoop>}
2024-08-20 23:45:23,574 : INFO : EventManager : Event: ======'ball_hold_scoop_held_ball'====== Args={'balls_held': 1, 'total_balls_held': 1}
2024-08-20 23:45:23,574 : INFO : EventManager : Event: ======'ball_hold_scoop_full'====== Args={'balls': 1}
2024-08-20 23:45:23,575 : INFO : EventManager : Event: ======'balldevice_balls_available'====== Args={}
2024-08-20 23:45:23,575 : INFO : EventManager : Event: ======'balldevice_bd_scoop_ball_entered'====== Args={'new_balls': 1, 'device': <ball_device.bd_scoop>}
2024-08-20 23:45:26,503 : INFO : SwitchController : <<<<<<< 's_right_flipper' active >>>>>>>
2024-08-20 23:45:26,504 : INFO : EventManager : Event: ======'s_right_flipper_active'====== Args={}
2024-08-20 23:45:26,505 : INFO : EventManager : Event: ======'machine_var_audits_switches_s_right_flipper'====== Args={'value': 1595, 'prev_value': 1594, 'change': 1}
2024-08-20 23:45:26,506 : INFO : EventManager : Event: ======'item_highlighted'====== Args={'carousel': 'mission_select', 'direction': 'forwards', 'item': 'beer_can_named_desire'}
2024-08-20 23:45:26,639 : INFO : SwitchController : <<<<<<< 's_right_flipper' inactive >>>>>>>
2024-08-20 23:45:28,758 : INFO : SwitchController : <<<<<<< 's_left_flipper' active >>>>>>>
2024-08-20 23:45:28,758 : INFO : EventManager : Event: ======'s_left_flipper_active'====== Args={}
2024-08-20 23:45:28,759 : INFO : EventManager : Event: ======'machine_var_audits_switches_s_left_flipper'====== Args={'value': 557, 'prev_value': 556, 'change': 1}
2024-08-20 23:45:28,761 : INFO : EventManager : Event: ======'item_highlighted'====== Args={'carousel': 'mission_select', 'direction': 'backwards', 'item': 'beat_the_surfer'}
2024-08-20 23:45:28,874 : INFO : SwitchController : <<<<<<< 's_left_flipper' inactive >>>>>>>
2024-08-20 23:45:29,903 : INFO : SwitchController : <<<<<<< 's_start' active >>>>>>>
2024-08-20 23:45:29,903 : INFO : EventManager : Event: ======'machine_var_audits_switches_s_start'====== Args={'value': 662, 'prev_value': 661, 'change': 1}
2024-08-20 23:45:30,034 : INFO : SwitchController : <<<<<<< 's_start' inactive >>>>>>>
2024-08-20 23:45:30,034 : INFO : EventManager : Event: ======'s_start_inactive'====== Args={}
2024-08-20 23:45:30,034 : INFO : EventManager : Event: ======'mission_select_beat_the_surfer_selected'====== Args={}
2024-08-20 23:45:30,035 : INFO : EventManager : Event: ======'mission_select_item_selected'====== Args={}
2024-08-20 23:45:30,035 : INFO : EventManager : Event: ======'player_selected_mission'====== Args={'value': 'beat the surfer', 'prev_value': 0, 'change': True, 'player_num': 1, 'source': 'mission_select'}
2024-08-20 23:45:30,035 : INFO : EventManager : Event: ======'mode_beat_the_surfer_will_start'====== Args={}
2024-08-20 23:45:30,035 : INFO : EventManager : Event: ======'player_beat_the_surfer_beat_the_surfer_mode_countdown_tick'====== Args={'value': 5, 'prev_value': 0, 'change': 5, 'player_num': 1}
2024-08-20 23:45:30,035 : INFO : Timer.beat_the_surfer_mode_countdown : Starting Timer.
2024-08-20 23:45:30,036 : INFO : EventManager : Event: ======'timer_beat_the_surfer_mode_countdown_started'====== Args={'ticks': 5, 'ticks_remaining': 5}
2024-08-20 23:45:30,036 : INFO : EventManager : Event: ======'timer_beat_the_surfer_mode_countdown_tick'====== Args={'ticks': 5, 'ticks_remaining': 5}
2024-08-20 23:45:30,036 : INFO : EventManager : Event: ======'mode_beat_the_surfer_starting'====== Args={}
2024-08-20 23:45:30,036 : INFO : EventManager : Event: ======'mode_mission_select_will_stop'====== Args={}
2024-08-20 23:45:30,036 : INFO : EventManager : Event: ======'mode_mission_select_stopping'====== Args={}
2024-08-20 23:45:30,036 : INFO : ball_device.bd_scoop : Adding 1 ball(s) to the eject_queue with target <playfield.playfield>.
2024-08-20 23:45:30,037 : INFO : EventManager : Event: ======'balldevice_balls_available'====== Args={}
2024-08-20 23:45:30,037 : INFO : EventManager : Event: ======'ball_hold_scoop_balls_released'====== Args={'balls_released': 1}
2024-08-20 23:45:30,037 : INFO : Mode.beat_the_surfer : Started. Priority: 130
2024-08-20 23:45:30,037 : INFO : EventManager : Event: ======'modes_active_modes_changed'====== Args={}
2024-08-20 23:45:30,037 : INFO : EventManager : Event: ======'mode_beat_the_surfer_started'====== Args={}
2024-08-20 23:45:30,038 : INFO : Mode.mission_select : Stopped.
2024-08-20 23:45:30,038 : INFO : EventManager : Event: ======'modes_active_modes_changed'====== Args={}
2024-08-20 23:45:30,038 : INFO : EventManager : Event: ======'mode_mission_select_stopped'====== Args={}
2024-08-20 23:45:30,038 : INFO : EventManager : Event: ======'clear'====== Args={'key': 'mission_select'}
2024-08-20 23:45:30,039 : INFO : ball_device.bd_scoop : State: waiting_for_target_ready
2024-08-20 23:45:30,039 : INFO : EventManager : Event: ======'balldevice_bd_scoop_ball_eject_attempt'====== Args={'balls': 1, 'target': <playfield.playfield>, 'source': <ball_device.bd_scoop>, 'mechanical_eject': False, 'num_attempts': 0}
2024-08-20 23:45:30,039 : INFO : ball_device.bd_scoop : State: ejecting
2024-08-20 23:45:30,039 : INFO : ball_device.bd_scoop : Ejecting ball to <playfield.playfield>
2024-08-20 23:45:30,039 : INFO : EventManager : Event: ======'balldevice_bd_scoop_ejecting_ball'====== Args={'balls': 1, 'target': <playfield.playfield>, 'source': <ball_device.bd_scoop>, 'mechanical_eject': False, 'num_attempts': 0}
2024-08-20 23:45:30,040 : INFO : ball_device.bd_scoop : Wait for ball to leave device
2024-08-20 23:45:30,040 : INFO : coil.c_scoop_eject : Pulsing Driver for 10ms (1.0 pulse_power)
2024-08-20 23:45:30,040 : INFO : SwitchController : <<<<<<< 's_scoop' inactive >>>>>>>
2024-08-20 23:45:30,041 : INFO : ball_device.bd_scoop : State: ball_left
2024-08-20 23:45:30,041 : INFO : ball_device.bd_scoop : Ball left
2024-08-20 23:45:30,041 : INFO : ball_device.bd_scoop : Wait for confirm with timeout 10.0
2024-08-20 23:45:30,071 : INFO : EventManager : Event: ======'slide_beat_the_surfer_created'====== Args={'_from_bcp': True}
2024-08-20 23:45:30,074 : INFO : EventManager : Event: ======'slide_mission_select_inactive'====== Args={'_from_bcp': True}
2024-08-20 23:45:30,074 : INFO : EventManager : Event: ======'slide_beat_the_surfer_active'====== Args={'_from_bcp': True}
2024-08-20 23:45:30,074 : INFO : EventManager : Event: ======'slide_mission_select_removed'====== Args={'_from_bcp': True}
2024-08-20 23:45:31,037 : INFO : EventManager : Event: ======'player_beat_the_surfer_beat_the_surfer_mode_countdown_tick'====== Args={'value': 4, 'prev_value': 5, 'change': -1, 'player_num': 1}
2024-08-20 23:45:31,038 : INFO : EventManager : Event: ======'timer_beat_the_surfer_mode_countdown_tick'====== Args={'ticks': 4, 'ticks_remaining': 4}
2024-08-20 23:45:32,037 : INFO : EventManager : Event: ======'player_beat_the_surfer_beat_the_surfer_mode_countdown_tick'====== Args={'value': 3, 'prev_value': 4, 'change': -1, 'player_num': 1}
2024-08-20 23:45:32,038 : INFO : EventManager : Event: ======'timer_beat_the_surfer_mode_countdown_tick'====== Args={'ticks': 3, 'ticks_remaining': 3}
2024-08-20 23:45:33,037 : INFO : EventManager : Event: ======'player_beat_the_surfer_beat_the_surfer_mode_countdown_tick'====== Args={'value': 2, 'prev_value': 3, 'change': -1, 'player_num': 1}
2024-08-20 23:45:33,038 : INFO : EventManager : Event: ======'timer_beat_the_surfer_mode_countdown_tick'====== Args={'ticks': 2, 'ticks_remaining': 2}
2024-08-20 23:45:34,036 : INFO : EventManager : Event: ======'player_beat_the_surfer_beat_the_surfer_mode_countdown_tick'====== Args={'value': 1, 'prev_value': 2, 'change': -1, 'player_num': 1}
2024-08-20 23:45:34,037 : INFO : EventManager : Event: ======'timer_beat_the_surfer_mode_countdown_tick'====== Args={'ticks': 1, 'ticks_remaining': 1}
2024-08-20 23:45:35,036 : INFO : EventManager : Event: ======'player_beat_the_surfer_beat_the_surfer_mode_countdown_tick'====== Args={'value': 0, 'prev_value': 1, 'change': -1, 'player_num': 1}
2024-08-20 23:45:35,036 : INFO : Timer.beat_the_surfer_mode_countdown : Timer Complete
2024-08-20 23:45:35,037 : INFO : Timer.beat_the_surfer_mode_countdown : Stopping Timer
2024-08-20 23:45:35,037 : INFO : EventManager : Event: ======'timer_beat_the_surfer_mode_countdown_stopped'====== Args={'ticks': 0, 'ticks_remaining': 1}
2024-08-20 23:45:35,037 : INFO : EventManager : Event: ======'timer_beat_the_surfer_mode_countdown_complete'====== Args={'ticks': 0, 'ticks_remaining': 1}
2024-08-20 23:45:35,038 : INFO : EventManager : Event: ======'mode_beat_the_surfer_will_stop'====== Args={}
2024-08-20 23:45:35,038 : INFO : EventManager : Event: ======'mode_beat_the_surfer_stopping'====== Args={}
2024-08-20 23:45:35,038 : INFO : Mode.beat_the_surfer : Stopped.
2024-08-20 23:45:35,038 : INFO : EventManager : Event: ======'modes_active_modes_changed'====== Args={}
2024-08-20 23:45:35,039 : INFO : EventManager : Event: ======'mode_beat_the_surfer_stopped'====== Args={}
2024-08-20 23:45:35,039 : INFO : EventManager : Event: ======'clear'====== Args={'key': 'beat_the_surfer'}
2024-08-20 23:45:35,040 : INFO : Timer.beat_the_surfer_mode_countdown : Stopping Timer
2024-08-20 23:45:35,040 : INFO : EventManager : Event: ======'timer_beat_the_surfer_mode_countdown_stopped'====== Args={'ticks': 0, 'ticks_remaining': 1}
2024-08-20 23:45:40,041 : INFO : ball_device.bd_scoop : State: failed_confirm
2024-08-20 23:45:40,041 : INFO : ball_device.bd_scoop : Got timeout (10.0s) before confirm from <playfield.playfield>
2024-08-20 23:45:40,143 : INFO : ball_device.bd_scoop : Confirming eject because target is playfield and ball did not return.
2024-08-20 23:45:40,143 : INFO : ball_device.bd_scoop : Eject successful
2024-08-20 23:45:40,143 : INFO : EventManager : Event: ======'balldevice_bd_scoop_ball_eject_success'====== Args={'balls': 1, 'target': <playfield.playfield>}
2024-08-20 23:45:40,144 : INFO : EventManager : Event: ======'balldevice_playfield_ball_enter'====== Args={'new_balls': 1, 'unclaimed_balls': 1, 'device': <playfield.playfield>}
2024-08-20 23:45:40,144 : INFO : EventManager : Event: ======'playfield_ball_count_change'====== Args={'balls': 1, 'change': 1}
2024-08-20 23:45:40,144 : INFO : EventManager : Event: ======'balldevice_bd_scoop_ball_count_changed'====== Args={'balls': 0}
2024-08-20 23:45:40,145 : INFO : ball_device.bd_scoop : State: idle
2024-08-20 23:47:31,101 : INFO : Machine : Shutting down...
2024-08-20 23:47:31,101 : INFO : EventManager : Event: ======'shutdown'====== Args={}
2024-08-20 23:47:31,105 : INFO : EventManager : Event: ======'mode_game_will_stop'====== Args={}
2024-08-20 23:47:31,106 : INFO : EventManager : Event: ======'mode_game_stopping'====== Args={}
2024-08-20 23:47:31,107 : INFO : EventManager : Event: ======'mode_BBQ_rollover_will_stop'====== Args={}
2024-08-20 23:47:31,107 : INFO : EventManager : Event: ======'mode_BBQ_rollover_stopping'====== Args={}
2024-08-20 23:47:31,107 : INFO : EventManager : Event: ======'mode_hank_rollover_will_stop'====== Args={}
2024-08-20 23:47:31,107 : INFO : EventManager : Event: ======'mode_hank_rollover_stopping'====== Args={}
2024-08-20 23:47:31,108 : INFO : EventManager : Event: ======'mode_extra_ball_will_stop'====== Args={}
2024-08-20 23:47:31,108 : INFO : EventManager : Event: ======'mode_extra_ball_stopping'====== Args={}
2024-08-20 23:47:31,108 : INFO : EventManager : Event: ======'mode_rainey_multiball_will_stop'====== Args={}
2024-08-20 23:47:31,108 : INFO : EventManager : Event: ======'mode_rainey_multiball_stopping'====== Args={}
2024-08-20 23:47:31,109 : INFO : Mode.rainey_multiball : Stopped.
2024-08-20 23:47:31,109 : INFO : EventManager : Event: ======'modes_active_modes_changed'====== Args={}
2024-08-20 23:47:31,109 : INFO : EventManager : Event: ======'mode_rainey_multiball_stopped'====== Args={}
2024-08-20 23:47:31,109 : INFO : EventManager : Event: ======'clear'====== Args={'key': 'rainey_multiball'}
2024-08-20 23:47:31,110 : INFO : Mode.extra_ball : Stopped.
2024-08-20 23:47:31,110 : INFO : EventManager : Event: ======'modes_active_modes_changed'====== Args={}
2024-08-20 23:47:31,110 : INFO : EventManager : Event: ======'mode_extra_ball_stopped'====== Args={}
2024-08-20 23:47:31,110 : INFO : EventManager : Event: ======'clear'====== Args={'key': 'extra_ball'}
2024-08-20 23:47:31,111 : INFO : Mode.hank_rollover : Stopped.
2024-08-20 23:47:31,111 : INFO : EventManager : Event: ======'modes_active_modes_changed'====== Args={}
2024-08-20 23:47:31,111 : INFO : EventManager : Event: ======'mode_hank_rollover_stopped'====== Args={}
2024-08-20 23:47:31,111 : INFO : EventManager : Event: ======'clear'====== Args={'key': 'hank_rollover'}
2024-08-20 23:47:31,113 : INFO : Mode.BBQ_rollover : Stopped.
2024-08-20 23:47:31,113 : INFO : EventManager : Event: ======'modes_active_modes_changed'====== Args={}
2024-08-20 23:47:31,113 : INFO : EventManager : Event: ======'mode_BBQ_rollover_stopped'====== Args={}
2024-08-20 23:47:31,114 : INFO : EventManager : Event: ======'clear'====== Args={'key': 'BBQ_rollover'}
2024-08-20 23:47:31,116 : INFO : Mode.game : Stopped.
2024-08-20 23:47:31,116 : INFO : EventManager : Event: ======'modes_active_modes_changed'====== Args={}
2024-08-20 23:47:31,116 : INFO : EventManager : Event: ======'mode_game_stopped'====== Args={}
2024-08-20 23:47:31,117 : INFO : EventManager : Event: ======'clear'====== Args={'key': 'game'}
2024-08-20 23:47:31,120 : INFO : root : MPF run loop ended.
