2024-07-16 22:14:08,909 : INFO : root : Loading config.
2024-07-16 22:14:08,911 : INFO : YamlMultifileConfigLoader : Machine config file #1: config.yaml
2024-07-16 22:14:08,911 : INFO : ConfigProcessor : Loading config from cache: /var/folders/sv/d29kcl5x50v7vt1n6xb5jsd40000gn/T/c166cef8060ffee16a35821bf698da85.mpf_cache
2024-07-16 22:14:08,942 : INFO : ConfigProcessor : Loading config from cache: /var/folders/sv/d29kcl5x50v7vt1n6xb5jsd40000gn/T/6b31c5ac6ecbad948994a8204ea6b05b.mpf_cache
2024-07-16 22:14:08,942 : INFO : ConfigProcessor : Loading config from cache: /var/folders/sv/d29kcl5x50v7vt1n6xb5jsd40000gn/T/fe612d1e66c8a96c19ba449d3748eeac.mpf_cache
2024-07-16 22:14:08,943 : INFO : ConfigProcessor : Loading config from cache: /var/folders/sv/d29kcl5x50v7vt1n6xb5jsd40000gn/T/6b31c5ac6ecbad948994a8204ea6b05b.mpf_cache
2024-07-16 22:14:08,943 : INFO : ConfigProcessor : Loading config from cache: /var/folders/sv/d29kcl5x50v7vt1n6xb5jsd40000gn/T/8765227693ecd961e0504502a81255e0.mpf_cache
2024-07-16 22:14:08,943 : INFO : ConfigProcessor : Loading config from cache: /var/folders/sv/d29kcl5x50v7vt1n6xb5jsd40000gn/T/b247728c74b4d81bcb2825e2b07062a7.mpf_cache
2024-07-16 22:14:08,943 : INFO : ConfigProcessor : Loading config from cache: /var/folders/sv/d29kcl5x50v7vt1n6xb5jsd40000gn/T/f240f94f0b5d0f37ec4fd7571275a101.mpf_cache
2024-07-16 22:14:08,944 : INFO : ConfigProcessor : Loading config from cache: /var/folders/sv/d29kcl5x50v7vt1n6xb5jsd40000gn/T/c4409acfdf3ec94666e0adef48d55400.mpf_cache
2024-07-16 22:14:08,944 : INFO : ConfigProcessor : Loading config from cache: /var/folders/sv/d29kcl5x50v7vt1n6xb5jsd40000gn/T/6a2f50ed892485825cc04dc0a68eab9f.mpf_cache
2024-07-16 22:14:08,944 : INFO : ConfigProcessor : Loading config from cache: /var/folders/sv/d29kcl5x50v7vt1n6xb5jsd40000gn/T/d58c58eb9fd1a2dc27f8acd255fb3761.mpf_cache
2024-07-16 22:14:08,944 : INFO : ConfigProcessor : Loading config from cache: /var/folders/sv/d29kcl5x50v7vt1n6xb5jsd40000gn/T/07adfd310b3ef0e03c5cbc91527abb6c.mpf_cache
2024-07-16 22:14:08,945 : INFO : ConfigProcessor : Loading config from cache: /var/folders/sv/d29kcl5x50v7vt1n6xb5jsd40000gn/T/12bd5247c3bf989b919364bdb7829769.mpf_cache
2024-07-16 22:14:08,945 : INFO : ConfigProcessor : Loading config from cache: /var/folders/sv/d29kcl5x50v7vt1n6xb5jsd40000gn/T/362e08f51a1a1b7a0809dd52f9c83f83.mpf_cache
2024-07-16 22:14:08,945 : INFO : ConfigProcessor : Loading config from cache: /var/folders/sv/d29kcl5x50v7vt1n6xb5jsd40000gn/T/e45e3bd39557ed8d0881194a7afab8f7.mpf_cache
2024-07-16 22:14:08,945 : INFO : ConfigProcessor : Loading config from cache: /var/folders/sv/d29kcl5x50v7vt1n6xb5jsd40000gn/T/331d8d1a1bc190cae8c13495e1db372f.mpf_cache
2024-07-16 22:14:08,945 : INFO : ConfigProcessor : Loading config from cache: /var/folders/sv/d29kcl5x50v7vt1n6xb5jsd40000gn/T/d17a9ff77386e6f1439d0802ace1de07.mpf_cache
2024-07-16 22:14:08,946 : INFO : ConfigProcessor : Loading config from cache: /var/folders/sv/d29kcl5x50v7vt1n6xb5jsd40000gn/T/280fd64455d0d243a54ab4db98fbccbd.mpf_cache
2024-07-16 22:14:08,946 : INFO : ConfigProcessor : Loading config from cache: /var/folders/sv/d29kcl5x50v7vt1n6xb5jsd40000gn/T/0c0596ed8fbb40b6113901d21bdc0a39.mpf_cache
2024-07-16 22:14:08,946 : INFO : ConfigProcessor : Loading config from cache: /var/folders/sv/d29kcl5x50v7vt1n6xb5jsd40000gn/T/2982e2d98506102244e9fa0f437a9fca.mpf_cache
2024-07-16 22:14:08,947 : INFO : ConfigProcessor : Loading config from cache: /var/folders/sv/d29kcl5x50v7vt1n6xb5jsd40000gn/T/3048ed2d7ea14eee3db896f6760aa474.mpf_cache
2024-07-16 22:14:08,947 : INFO : Machine : Mission Pinball Framework Core Engine v0.80.0.dev1
2024-07-16 22:14:08,947 : INFO : Machine : Command line arguments: {'no_load_cache': False, 'create_config_cache': True, 'bcp': True, 'configfile': ['config.yaml'], 'force_assets_load': False, 'platform_integration_test': False, 'jsonlogging': False, 'logfile': 'logs/2024-07-16-22-14-08-mpf-Nicks-Air.lan.log', 'pause': False, 'production': False, 'text_ui': True, 'loglevel': 15, 'consoleloglevel': 20, 'force_platform': None, 'syslog_address': None, 'mc_file_name': None, 'no_sound': False, 'full_logfile_path': '/Users/nicktaseris/Desktop/Pinball/KOTH/logs/2024-07-16-22-14-08-mpf-Nicks-Air.lan.log'}
2024-07-16 22:14:08,948 : INFO : Machine : MPF path: /Users/nicktaseris/mpfenv/lib/python3.9/site-packages/mpf
2024-07-16 22:14:08,948 : INFO : Machine : Machine path: /Users/nicktaseris/Desktop/Pinball/KOTH
2024-07-16 22:14:08,948 : INFO : Machine : Platform: darwin
2024-07-16 22:14:08,948 : INFO : Machine : Python executable location: /Users/nicktaseris/mpfenv/bin/python3
2024-07-16 22:14:08,948 : INFO : Machine : Python version: 3.9.13 (64-bit)
2024-07-16 22:14:08,948 : INFO : Machine : Initializing MPF...
2024-07-16 22:14:08,978 : INFO : EventManager : Event: ======'machine_var_credits_string'====== Args={'value': 'FREE PLAY', 'prev_value': None, 'change': True}
2024-07-16 22:14:08,984 : INFO : EventManager : Event: ======'machine_var_master_volume'====== Args={'value': 0.5, 'prev_value': None, 'change': True}
2024-07-16 22:14:08,984 : INFO : EventManager : Event: ======'machine_var_player1_score'====== Args={'value': 175300, 'prev_value': None, 'change': True}
2024-07-16 22:14:08,984 : INFO : EventManager : Event: ======'machine_var_mpf_version'====== Args={'value': 'Mission Pinball Framework v0.80.0.dev1', 'prev_value': None, 'change': True}
2024-07-16 22:14:08,984 : INFO : EventManager : Event: ======'machine_var_mpf_extended_version'====== Args={'value': 'Mission Pinball Framework v0.80.0.dev1, Config version:6, Show version: 6, BCP version:1.1', 'prev_value': None, 'change': True}
2024-07-16 22:14:08,984 : INFO : EventManager : Event: ======'machine_var_python_version'====== Args={'value': '3.9.13', 'prev_value': None, 'change': True}
2024-07-16 22:14:08,993 : INFO : EventManager : Event: ======'machine_var_platform'====== Args={'value': 'macOS-12.1-arm64-arm-64bit', 'prev_value': None, 'change': True}
2024-07-16 22:14:08,993 : INFO : EventManager : Event: ======'machine_var_platform_system'====== Args={'value': 'Darwin', 'prev_value': None, 'change': True}
2024-07-16 22:14:08,993 : INFO : EventManager : Event: ======'machine_var_platform_release'====== Args={'value': '21.2.0', 'prev_value': None, 'change': True}
2024-07-16 22:14:08,993 : INFO : EventManager : Event: ======'machine_var_platform_version'====== Args={'value': 'Darwin Kernel Version 21.2.0: Sun Nov 28 20:29:10 PST 2021; root:xnu-8019.61.5~1/RELEASE_ARM64_T8101', 'prev_value': None, 'change': True}
2024-07-16 22:14:08,993 : INFO : EventManager : Event: ======'machine_var_platform_machine'====== Args={'value': 'arm64', 'prev_value': None, 'change': True}
2024-07-16 22:14:08,993 : INFO : EventManager : Event: ======'machine_var_log_file_path'====== Args={'value': '/Users/nicktaseris/Desktop/Pinball/KOTH/logs/2024-07-16-22-14-08-mpf-Nicks-Air.lan.log', 'prev_value': None, 'change': True}
2024-07-16 22:14:08,993 : INFO : EventManager : Event: ======'init_phase_1'====== Args={}
2024-07-16 22:14:09,017 : INFO : EventManager : Event: ======'drop_target_bank_strickland_bank_up'====== Args={}
2024-07-16 22:14:09,017 : INFO : EventManager : Event: ======'init_phase_2'====== Args={}
2024-07-16 22:14:09,018 : INFO : SwitchController : Found active switch: ('39', <Platform.SmartVirtual>) <switch.s_trough1>
2024-07-16 22:14:09,018 : INFO : SwitchController : Found active switch: ('40', <Platform.SmartVirtual>) <switch.s_trough2>
2024-07-16 22:14:09,018 : INFO : SwitchController : Found active switch: ('41', <Platform.SmartVirtual>) <switch.s_trough3>
2024-07-16 22:14:09,018 : INFO : SwitchController : Found active switch: ('42', <Platform.SmartVirtual>) <switch.s_trough4>
2024-07-16 22:14:09,018 : INFO : SwitchController : Found active switch: ('43', <Platform.SmartVirtual>) <switch.s_trough5>
2024-07-16 22:14:09,018 : INFO : SwitchController : Found active switch: ('44', <Platform.SmartVirtual>) <switch.s_trough6>
2024-07-16 22:14:09,021 : INFO : EventManager : Event: ======'machine_var_score1_label'====== Args={'value': 'GRAND CHAMPION', 'prev_value': None, 'change': True}
2024-07-16 22:14:09,021 : INFO : EventManager : Event: ======'machine_var_score1_name'====== Args={'value': 'BRI', 'prev_value': None, 'change': True}
2024-07-16 22:14:09,021 : INFO : EventManager : Event: ======'machine_var_score1_value'====== Args={'value': 4242, 'prev_value': None, 'change': True}
2024-07-16 22:14:09,021 : INFO : EventManager : Event: ======'machine_var_score2_label'====== Args={'value': 'HIGH SCORE 1', 'prev_value': None, 'change': True}
2024-07-16 22:14:09,021 : INFO : EventManager : Event: ======'machine_var_score2_name'====== Args={'value': 'GHK', 'prev_value': None, 'change': True}
2024-07-16 22:14:09,021 : INFO : EventManager : Event: ======'machine_var_score2_value'====== Args={'value': 2323, 'prev_value': None, 'change': True}
2024-07-16 22:14:09,022 : INFO : EventManager : Event: ======'machine_var_score3_label'====== Args={'value': 'HIGH SCORE 2', 'prev_value': None, 'change': True}
2024-07-16 22:14:09,022 : INFO : EventManager : Event: ======'machine_var_score3_name'====== Args={'value': 'JK', 'prev_value': None, 'change': True}
2024-07-16 22:14:09,022 : INFO : EventManager : Event: ======'machine_var_score3_value'====== Args={'value': 1337, 'prev_value': None, 'change': True}
2024-07-16 22:14:09,022 : INFO : EventManager : Event: ======'machine_var_score4_label'====== Args={'value': 'HIGH SCORE 3', 'prev_value': None, 'change': True}
2024-07-16 22:14:09,022 : INFO : EventManager : Event: ======'machine_var_score4_name'====== Args={'value': 'QC', 'prev_value': None, 'change': True}
2024-07-16 22:14:09,022 : INFO : EventManager : Event: ======'machine_var_score4_value'====== Args={'value': 42, 'prev_value': None, 'change': True}
2024-07-16 22:14:09,022 : INFO : EventManager : Event: ======'machine_var_score5_label'====== Args={'value': 'HIGH SCORE 4', 'prev_value': None, 'change': True}
2024-07-16 22:14:09,022 : INFO : EventManager : Event: ======'machine_var_score5_name'====== Args={'value': 'MPF', 'prev_value': None, 'change': True}
2024-07-16 22:14:09,022 : INFO : EventManager : Event: ======'machine_var_score5_value'====== Args={'value': 23, 'prev_value': None, 'change': True}
2024-07-16 22:14:09,022 : INFO : EventManager : Event: ======'bcp_connection_attempt'====== Args={'name': 'local_display', 'host': 'localhost', 'port': 5050}
2024-07-16 22:14:09,023 : INFO : BCPClientSocket : Connecting BCP to 'local_display' at localhost:5050...
2024-07-16 22:14:09,025 : INFO : BCPClientSocket : Connected BCP to 'local_display' localhost:5050
2024-07-16 22:14:09,025 : INFO : EventManager : Event: ======'bcp_clients_connected'====== Args={}
2024-07-16 22:14:09,026 : INFO : ball_device.bd_trough : BCH: Initial count: 6
2024-07-16 22:14:09,027 : INFO : ball_device.bd_trough : State: idle
2024-07-16 22:14:09,027 : INFO : ball_device.bd_plunger : BCH: Initial count: 0
2024-07-16 22:14:09,027 : INFO : ball_device.bd_plunger : State: idle
2024-07-16 22:14:09,027 : INFO : ball_device.bd_scoop : BCH: Initial count: 0
2024-07-16 22:14:09,027 : INFO : ball_device.bd_scoop : State: idle
2024-07-16 22:14:09,031 : INFO : EventManager : Event: ======'init_phase_3'====== Args={}
2024-07-16 22:14:09,036 : INFO : EventManager : Event: ======'init_phase_4'====== Args={}
2024-07-16 22:14:09,037 : INFO : BallController : Initial balls found: 6
2024-07-16 22:14:09,037 : INFO : EventManager : Event: ======'machine_var_audits_events_game_ended'====== Args={'value': 4, 'prev_value': None, 'change': True}
2024-07-16 22:14:09,037 : INFO : EventManager : Event: ======'machine_var_audits_events_game_started'====== Args={'value': 410, 'prev_value': None, 'change': True}
2024-07-16 22:14:09,037 : INFO : EventManager : Event: ======'machine_var_audits_missing_switches_s_a_target'====== Args={'value': 7, 'prev_value': None, 'change': True}
2024-07-16 22:14:09,037 : INFO : EventManager : Event: ======'machine_var_audits_missing_switches_s_bottom_inline_drop'====== Args={'value': 29, 'prev_value': None, 'change': True}
2024-07-16 22:14:09,037 : INFO : EventManager : Event: ======'machine_var_audits_missing_switches_s_bottom_pop_bumper'====== Args={'value': 92, 'prev_value': None, 'change': True}
2024-07-16 22:14:09,038 : INFO : EventManager : Event: ======'machine_var_audits_missing_switches_s_center_spinner'====== Args={'value': 157, 'prev_value': None, 'change': True}
2024-07-16 22:14:09,038 : INFO : EventManager : Event: ======'machine_var_audits_missing_switches_s_e_target'====== Args={'value': 4, 'prev_value': None, 'change': True}
2024-07-16 22:14:09,038 : INFO : EventManager : Event: ======'machine_var_audits_missing_switches_s_left_flipper'====== Args={'value': 10, 'prev_value': None, 'change': True}
2024-07-16 22:14:09,038 : INFO : EventManager : Event: ======'machine_var_audits_missing_switches_s_left_inlane'====== Args={'value': 44, 'prev_value': None, 'change': True}
2024-07-16 22:14:09,038 : INFO : EventManager : Event: ======'machine_var_audits_missing_switches_s_left_inner_horseshoe'====== Args={'value': 44, 'prev_value': None, 'change': True}
2024-07-16 22:14:09,038 : INFO : EventManager : Event: ======'machine_var_audits_missing_switches_s_left_orbit_enter'====== Args={'value': 15, 'prev_value': None, 'change': True}
2024-07-16 22:14:09,038 : INFO : EventManager : Event: ======'machine_var_audits_missing_switches_s_left_orbit_exit'====== Args={'value': 166, 'prev_value': None, 'change': True}
2024-07-16 22:14:09,038 : INFO : EventManager : Event: ======'machine_var_audits_missing_switches_s_left_outlane'====== Args={'value': 46, 'prev_value': None, 'change': True}
2024-07-16 22:14:09,038 : INFO : EventManager : Event: ======'machine_var_audits_missing_switches_s_left_pop_bumper'====== Args={'value': 44, 'prev_value': None, 'change': True}
2024-07-16 22:14:09,038 : INFO : EventManager : Event: ======'machine_var_audits_missing_switches_s_left_ramp_enter'====== Args={'value': 2, 'prev_value': None, 'change': True}
2024-07-16 22:14:09,038 : INFO : EventManager : Event: ======'machine_var_audits_missing_switches_s_left_ramp_exit'====== Args={'value': 288, 'prev_value': None, 'change': True}
2024-07-16 22:14:09,038 : INFO : EventManager : Event: ======'machine_var_audits_missing_switches_s_left_ramp_standup'====== Args={'value': 25, 'prev_value': None, 'change': True}
2024-07-16 22:14:09,038 : INFO : EventManager : Event: ======'machine_var_audits_missing_switches_s_left_rollover_lane'====== Args={'value': 25, 'prev_value': None, 'change': True}
2024-07-16 22:14:09,038 : INFO : EventManager : Event: ======'machine_var_audits_missing_switches_s_left_sling'====== Args={'value': 60, 'prev_value': None, 'change': True}
2024-07-16 22:14:09,038 : INFO : EventManager : Event: ======'machine_var_audits_missing_switches_s_middle_inline_drop'====== Args={'value': 29, 'prev_value': None, 'change': True}
2024-07-16 22:14:09,039 : INFO : EventManager : Event: ======'machine_var_audits_missing_switches_s_middle_rollover_lane'====== Args={'value': 25, 'prev_value': None, 'change': True}
2024-07-16 22:14:09,039 : INFO : EventManager : Event: ======'machine_var_audits_missing_switches_s_n_target'====== Args={'value': 23, 'prev_value': None, 'change': True}
2024-07-16 22:14:09,039 : INFO : EventManager : Event: ======'machine_var_audits_missing_switches_s_o_target'====== Args={'value': 10, 'prev_value': None, 'change': True}
2024-07-16 22:14:09,039 : INFO : EventManager : Event: ======'machine_var_audits_missing_switches_s_p2_target'====== Args={'value': 1, 'prev_value': None, 'change': True}
2024-07-16 22:14:09,039 : INFO : EventManager : Event: ======'machine_var_audits_missing_switches_s_p_target'====== Args={'value': 10, 'prev_value': None, 'change': True}
2024-07-16 22:14:09,039 : INFO : EventManager : Event: ======'machine_var_audits_missing_switches_s_r_target'====== Args={'value': 10, 'prev_value': None, 'change': True}
2024-07-16 22:14:09,039 : INFO : EventManager : Event: ======'machine_var_audits_missing_switches_s_right_inlane'====== Args={'value': 361, 'prev_value': None, 'change': True}
2024-07-16 22:14:09,039 : INFO : EventManager : Event: ======'machine_var_audits_missing_switches_s_right_inner_horseshoe'====== Args={'value': 51, 'prev_value': None, 'change': True}
2024-07-16 22:14:09,039 : INFO : EventManager : Event: ======'machine_var_audits_missing_switches_s_right_orbit_exit'====== Args={'value': 153, 'prev_value': None, 'change': True}
2024-07-16 22:14:09,039 : INFO : EventManager : Event: ======'machine_var_audits_missing_switches_s_right_outlane'====== Args={'value': 58, 'prev_value': None, 'change': True}
2024-07-16 22:14:09,039 : INFO : EventManager : Event: ======'machine_var_audits_missing_switches_s_right_pop_bumper'====== Args={'value': 71, 'prev_value': None, 'change': True}
2024-07-16 22:14:09,039 : INFO : EventManager : Event: ======'machine_var_audits_missing_switches_s_right_ramp_enter'====== Args={'value': 115, 'prev_value': None, 'change': True}
2024-07-16 22:14:09,040 : INFO : EventManager : Event: ======'machine_var_audits_missing_switches_s_right_ramp_exit'====== Args={'value': 115, 'prev_value': None, 'change': True}
2024-07-16 22:14:09,040 : INFO : EventManager : Event: ======'machine_var_audits_missing_switches_s_right_ramp_standup'====== Args={'value': 28, 'prev_value': None, 'change': True}
2024-07-16 22:14:09,040 : INFO : EventManager : Event: ======'machine_var_audits_missing_switches_s_right_rollover_lane'====== Args={'value': 25, 'prev_value': None, 'change': True}
2024-07-16 22:14:09,040 : INFO : EventManager : Event: ======'machine_var_audits_missing_switches_s_right_sling'====== Args={'value': 361, 'prev_value': None, 'change': True}
2024-07-16 22:14:09,040 : INFO : EventManager : Event: ======'machine_var_audits_missing_switches_s_top_inline_drop'====== Args={'value': 44, 'prev_value': None, 'change': True}
2024-07-16 22:14:09,040 : INFO : EventManager : Event: ======'machine_var_audits_missing_switches_s_trough1'====== Args={'value': 28, 'prev_value': None, 'change': True}
2024-07-16 22:14:09,040 : INFO : EventManager : Event: ======'machine_var_audits_missing_switches_s_trough2'====== Args={'value': 37, 'prev_value': None, 'change': True}
2024-07-16 22:14:09,040 : INFO : EventManager : Event: ======'machine_var_audits_missing_switches_s_trough3'====== Args={'value': 37, 'prev_value': None, 'change': True}
2024-07-16 22:14:09,040 : INFO : EventManager : Event: ======'machine_var_audits_missing_switches_s_trough4'====== Args={'value': 365, 'prev_value': None, 'change': True}
2024-07-16 22:14:09,040 : INFO : EventManager : Event: ======'machine_var_audits_missing_switches_s_trough5'====== Args={'value': 365, 'prev_value': None, 'change': True}
2024-07-16 22:14:09,040 : INFO : EventManager : Event: ======'machine_var_audits_missing_switches_s_trough6'====== Args={'value': 365, 'prev_value': None, 'change': True}
2024-07-16 22:14:09,041 : INFO : EventManager : Event: ======'machine_var_audits_missing_switches_s_trough_jam'====== Args={'value': 298, 'prev_value': None, 'change': True}
2024-07-16 22:14:09,041 : INFO : EventManager : Event: ======'machine_var_audits_player_score'====== Args={'value': {'average': 109379, 'top': [370600, 175300, 400, 300, 250], 'total': 5}, 'prev_value': None, 'change': True}
2024-07-16 22:14:09,041 : INFO : EventManager : Event: ======'machine_var_audits_shots_a_target'====== Args={'value': 7, 'prev_value': None, 'change': True}
2024-07-16 22:14:09,041 : INFO : EventManager : Event: ======'machine_var_audits_shots_e_target'====== Args={'value': 3, 'prev_value': None, 'change': True}
2024-07-16 22:14:09,041 : INFO : EventManager : Event: ======'machine_var_audits_shots_left_rollover_lane'====== Args={'value': 157, 'prev_value': None, 'change': True}
2024-07-16 22:14:09,041 : INFO : EventManager : Event: ======'machine_var_audits_shots_middle_rollover_lane'====== Args={'value': 152, 'prev_value': None, 'change': True}
2024-07-16 22:14:09,041 : INFO : EventManager : Event: ======'machine_var_audits_shots_n_target'====== Args={'value': 9, 'prev_value': None, 'change': True}
2024-07-16 22:14:09,041 : INFO : EventManager : Event: ======'machine_var_audits_shots_o_target'====== Args={'value': 4, 'prev_value': None, 'change': True}
2024-07-16 22:14:09,041 : INFO : EventManager : Event: ======'machine_var_audits_shots_p2_target'====== Args={'value': 5, 'prev_value': None, 'change': True}
2024-07-16 22:14:09,042 : INFO : EventManager : Event: ======'machine_var_audits_shots_p_target'====== Args={'value': 8, 'prev_value': None, 'change': True}
2024-07-16 22:14:09,042 : INFO : EventManager : Event: ======'machine_var_audits_shots_qualify_o_target'====== Args={'value': 58, 'prev_value': None, 'change': True}
2024-07-16 22:14:09,042 : INFO : EventManager : Event: ======'machine_var_audits_shots_qualify_p_target'====== Args={'value': 65, 'prev_value': None, 'change': True}
2024-07-16 22:14:09,042 : INFO : EventManager : Event: ======'machine_var_audits_shots_qualify_r_target'====== Args={'value': 85, 'prev_value': None, 'change': True}
2024-07-16 22:14:09,042 : INFO : EventManager : Event: ======'machine_var_audits_shots_r_target'====== Args={'value': 14, 'prev_value': None, 'change': True}
2024-07-16 22:14:09,042 : INFO : EventManager : Event: ======'machine_var_audits_shots_right_rollover_lane'====== Args={'value': 155, 'prev_value': None, 'change': True}
2024-07-16 22:14:09,042 : INFO : EventManager : Event: ======'machine_var_audits_shots_skillshot_a_target'====== Args={'value': 45, 'prev_value': None, 'change': True}
2024-07-16 22:14:09,042 : INFO : EventManager : Event: ======'machine_var_audits_shots_skillshot_e_target'====== Args={'value': 41, 'prev_value': None, 'change': True}
2024-07-16 22:14:09,042 : INFO : EventManager : Event: ======'machine_var_audits_shots_skillshot_n_target'====== Args={'value': 32, 'prev_value': None, 'change': True}
2024-07-16 22:14:09,043 : INFO : EventManager : Event: ======'machine_var_audits_shots_skillshot_o_target'====== Args={'value': 13, 'prev_value': None, 'change': True}
2024-07-16 22:14:09,043 : INFO : EventManager : Event: ======'machine_var_audits_shots_skillshot_p2_target'====== Args={'value': 9, 'prev_value': None, 'change': True}
2024-07-16 22:14:09,043 : INFO : EventManager : Event: ======'machine_var_audits_shots_skillshot_p_target'====== Args={'value': 25, 'prev_value': None, 'change': True}
2024-07-16 22:14:09,043 : INFO : EventManager : Event: ======'machine_var_audits_shots_skillshot_r_target'====== Args={'value': 14, 'prev_value': None, 'change': True}
2024-07-16 22:14:09,043 : INFO : EventManager : Event: ======'machine_var_audits_switches_s_a_target'====== Args={'value': 92, 'prev_value': None, 'change': True}
2024-07-16 22:14:09,043 : INFO : EventManager : Event: ======'machine_var_audits_switches_s_bottom_inline_drop'====== Args={'value': 267, 'prev_value': None, 'change': True}
2024-07-16 22:14:09,043 : INFO : EventManager : Event: ======'machine_var_audits_switches_s_bottom_pop_bumper'====== Args={'value': 9, 'prev_value': None, 'change': True}
2024-07-16 22:14:09,044 : INFO : EventManager : Event: ======'machine_var_audits_switches_s_center_spinner'====== Args={'value': 3, 'prev_value': None, 'change': True}
2024-07-16 22:14:09,044 : INFO : EventManager : Event: ======'machine_var_audits_switches_s_e_target'====== Args={'value': 105, 'prev_value': None, 'change': True}
2024-07-16 22:14:09,044 : INFO : EventManager : Event: ======'machine_var_audits_switches_s_left_flipper'====== Args={'value': 165, 'prev_value': None, 'change': True}
2024-07-16 22:14:09,044 : INFO : EventManager : Event: ======'machine_var_audits_switches_s_left_inlane'====== Args={'value': 10, 'prev_value': None, 'change': True}
2024-07-16 22:14:09,044 : INFO : EventManager : Event: ======'machine_var_audits_switches_s_left_inner_horseshoe'====== Args={'value': 15, 'prev_value': None, 'change': True}
2024-07-16 22:14:09,044 : INFO : EventManager : Event: ======'machine_var_audits_switches_s_left_orbit_enter'====== Args={'value': 21, 'prev_value': None, 'change': True}
2024-07-16 22:14:09,044 : INFO : EventManager : Event: ======'machine_var_audits_switches_s_left_orbit_exit'====== Args={'value': 13, 'prev_value': None, 'change': True}
2024-07-16 22:14:09,045 : INFO : EventManager : Event: ======'machine_var_audits_switches_s_left_outlane'====== Args={'value': 25, 'prev_value': None, 'change': True}
2024-07-16 22:14:09,045 : INFO : EventManager : Event: ======'machine_var_audits_switches_s_left_pop_bumper'====== Args={'value': 4, 'prev_value': None, 'change': True}
2024-07-16 22:14:09,045 : INFO : EventManager : Event: ======'machine_var_audits_switches_s_left_ramp_enter'====== Args={'value': 18, 'prev_value': None, 'change': True}
2024-07-16 22:14:09,045 : INFO : EventManager : Event: ======'machine_var_audits_switches_s_left_ramp_exit'====== Args={'value': 3, 'prev_value': None, 'change': True}
2024-07-16 22:14:09,045 : INFO : EventManager : Event: ======'machine_var_audits_switches_s_left_ramp_standup'====== Args={'value': 633, 'prev_value': None, 'change': True}
2024-07-16 22:14:09,045 : INFO : EventManager : Event: ======'machine_var_audits_switches_s_left_rollover_lane'====== Args={'value': 162, 'prev_value': None, 'change': True}
2024-07-16 22:14:09,045 : INFO : EventManager : Event: ======'machine_var_audits_switches_s_left_sling'====== Args={'value': 12, 'prev_value': None, 'change': True}
2024-07-16 22:14:09,046 : INFO : EventManager : Event: ======'machine_var_audits_switches_s_left_spinner'====== Args={'value': 97, 'prev_value': None, 'change': True}
2024-07-16 22:14:09,046 : INFO : EventManager : Event: ======'machine_var_audits_switches_s_middle_inline_drop'====== Args={'value': 254, 'prev_value': None, 'change': True}
2024-07-16 22:14:09,046 : INFO : EventManager : Event: ======'machine_var_audits_switches_s_middle_rollover_lane'====== Args={'value': 155, 'prev_value': None, 'change': True}
2024-07-16 22:14:09,046 : INFO : EventManager : Event: ======'machine_var_audits_switches_s_n_target'====== Args={'value': 91, 'prev_value': None, 'change': True}
2024-07-16 22:14:09,046 : INFO : EventManager : Event: ======'machine_var_audits_switches_s_o_target'====== Args={'value': 105, 'prev_value': None, 'change': True}
2024-07-16 22:14:09,046 : INFO : EventManager : Event: ======'machine_var_audits_switches_s_p2_target'====== Args={'value': 33, 'prev_value': None, 'change': True}
2024-07-16 22:14:09,046 : INFO : EventManager : Event: ======'machine_var_audits_switches_s_p_target'====== Args={'value': 286, 'prev_value': None, 'change': True}
2024-07-16 22:14:09,047 : INFO : EventManager : Event: ======'machine_var_audits_switches_s_plunger'====== Args={'value': 496, 'prev_value': None, 'change': True}
2024-07-16 22:14:09,047 : INFO : EventManager : Event: ======'machine_var_audits_switches_s_plunger_lane'====== Args={'value': 39, 'prev_value': None, 'change': True}
2024-07-16 22:14:09,047 : INFO : EventManager : Event: ======'machine_var_audits_switches_s_plunger_lane_exit'====== Args={'value': 294, 'prev_value': None, 'change': True}
2024-07-16 22:14:09,047 : INFO : EventManager : Event: ======'machine_var_audits_switches_s_r_target'====== Args={'value': 125, 'prev_value': None, 'change': True}
2024-07-16 22:14:09,047 : INFO : EventManager : Event: ======'machine_var_audits_switches_s_right_flipper'====== Args={'value': 418, 'prev_value': None, 'change': True}
2024-07-16 22:14:09,047 : INFO : EventManager : Event: ======'machine_var_audits_switches_s_right_inlane'====== Args={'value': 9, 'prev_value': None, 'change': True}
2024-07-16 22:14:09,048 : INFO : EventManager : Event: ======'machine_var_audits_switches_s_right_inner_horseshoe'====== Args={'value': 8, 'prev_value': None, 'change': True}
2024-07-16 22:14:09,048 : INFO : EventManager : Event: ======'machine_var_audits_switches_s_right_orbit_exit'====== Args={'value': 33, 'prev_value': None, 'change': True}
2024-07-16 22:14:09,048 : INFO : EventManager : Event: ======'machine_var_audits_switches_s_right_outlane'====== Args={'value': 8, 'prev_value': None, 'change': True}
2024-07-16 22:14:09,048 : INFO : EventManager : Event: ======'machine_var_audits_switches_s_right_pop_bumper'====== Args={'value': 16, 'prev_value': None, 'change': True}
2024-07-16 22:14:09,048 : INFO : EventManager : Event: ======'machine_var_audits_switches_s_right_ramp_enter'====== Args={'value': 1, 'prev_value': None, 'change': True}
2024-07-16 22:14:09,048 : INFO : EventManager : Event: ======'machine_var_audits_switches_s_right_ramp_exit'====== Args={'value': 1, 'prev_value': None, 'change': True}
2024-07-16 22:14:09,049 : INFO : EventManager : Event: ======'machine_var_audits_switches_s_right_ramp_standup'====== Args={'value': 184, 'prev_value': None, 'change': True}
2024-07-16 22:14:09,049 : INFO : EventManager : Event: ======'machine_var_audits_switches_s_right_rollover_lane'====== Args={'value': 169, 'prev_value': None, 'change': True}
2024-07-16 22:14:09,049 : INFO : EventManager : Event: ======'machine_var_audits_switches_s_right_sling'====== Args={'value': 1, 'prev_value': None, 'change': True}
2024-07-16 22:14:09,049 : INFO : EventManager : Event: ======'machine_var_audits_switches_s_scoop'====== Args={'value': 84, 'prev_value': None, 'change': True}
2024-07-16 22:14:09,049 : INFO : EventManager : Event: ======'machine_var_audits_switches_s_start'====== Args={'value': 288, 'prev_value': None, 'change': True}
2024-07-16 22:14:09,049 : INFO : EventManager : Event: ======'machine_var_audits_switches_s_top_inline_drop'====== Args={'value': 36, 'prev_value': None, 'change': True}
2024-07-16 22:14:09,050 : INFO : EventManager : Event: ======'machine_var_audits_switches_s_trough1'====== Args={'value': 324, 'prev_value': None, 'change': True}
2024-07-16 22:14:09,050 : INFO : EventManager : Event: ======'machine_var_audits_switches_s_trough2'====== Args={'value': 25, 'prev_value': None, 'change': True}
2024-07-16 22:14:09,050 : INFO : EventManager : Event: ======'machine_var_audits_switches_s_trough3'====== Args={'value': 5, 'prev_value': None, 'change': True}
2024-07-16 22:14:09,050 : INFO : EventManager : Event: ======'machine_var_audits_switches_s_trough4'====== Args={'value': 2, 'prev_value': None, 'change': True}
2024-07-16 22:14:09,050 : INFO : EventManager : Event: ======'machine_var_audits_switches_s_trough5'====== Args={'value': 2, 'prev_value': None, 'change': True}
2024-07-16 22:14:09,051 : INFO : EventManager : Event: ======'machine_var_audits_switches_s_trough6'====== Args={'value': 1, 'prev_value': None, 'change': True}
2024-07-16 22:14:09,051 : INFO : EventManager : Event: ======'machine_var_audits_switches_s_trough_jam'====== Args={'value': 5, 'prev_value': None, 'change': True}
2024-07-16 22:14:09,051 : INFO : EventManager : Event: ======'init_phase_5'====== Args={}
2024-07-16 22:14:09,053 : INFO : EventManager : Event: ======'init_done'====== Args={}
2024-07-16 22:14:09,054 : INFO : EventManager : Event: ======'machine_reset_phase_1'====== Args={}
2024-07-16 22:14:09,059 : INFO : EventManager : Event: ======'machine_reset_phase_2'====== Args={}
2024-07-16 22:14:09,059 : INFO : EventManager : Event: ======'machine_reset_phase_3'====== Args={}
2024-07-16 22:14:09,059 : INFO : drop_target_bank.strickland_bank : All targets are already up. Will not reset bank.
2024-07-16 22:14:09,060 : INFO : EventManager : Event: ======'reset_complete'====== Args={}
2024-07-16 22:14:09,060 : INFO : EventManager : Event: ======'mode_attract_will_start'====== Args={}
2024-07-16 22:14:09,060 : INFO : Timer.attract_switch : Starting Timer.
2024-07-16 22:14:09,060 : INFO : EventManager : Event: ======'timer_attract_switch_started'====== Args={'ticks': 0, 'ticks_remaining': 45}
2024-07-16 22:14:09,060 : INFO : EventManager : Event: ======'timer_attract_switch_tick'====== Args={'ticks': 0, 'ticks_remaining': 45}
2024-07-16 22:14:09,060 : INFO : EventManager : Event: ======'mode_attract_starting'====== Args={}
2024-07-16 22:14:09,060 : INFO : Mode.attract : Started. Priority: 10
2024-07-16 22:14:09,060 : INFO : EventManager : Event: ======'modes_active_modes_changed'====== Args={}
2024-07-16 22:14:09,060 : INFO : EventManager : Event: ======'mode_attract_started'====== Args={}
2024-07-16 22:14:09,061 : INFO : EventManager : Event: ======'collecting_balls_complete'====== Args={}
2024-07-16 22:14:09,061 : INFO : Machine : Starting the main run loop.
2024-07-16 22:14:09,860 : INFO : BcpServer : New client connected.
2024-07-16 22:14:10,047 : INFO : SwitchController : <<<<<<< 's_start' active >>>>>>>
2024-07-16 22:14:10,069 : INFO : EventManager : Event: ======'timer_attract_switch_tick'====== Args={'ticks': 1, 'ticks_remaining': 44}
2024-07-16 22:14:10,090 : INFO : EventManager : Event: ======'slide__removed'====== Args={'_from_bcp': True}
2024-07-16 22:14:10,114 : INFO : EventManager : Event: ======'slide_dtp_logo_attract_created'====== Args={'_from_bcp': True}
2024-07-16 22:14:10,114 : INFO : EventManager : Event: ======'slide_dtp_logo_attract_active'====== Args={'original_context': 'attract', 'original_calling_context': 'timer_attract_switch_tick{ticks==1}', 'cmd': 'slides_play', '_from_bcp': True}
2024-07-16 22:14:10,136 : INFO : SwitchController : <<<<<<< 's_start' inactive >>>>>>>
2024-07-16 22:14:10,136 : INFO : EventManager : Event: ======'request_to_start_game'====== Args={}
2024-07-16 22:14:10,137 : INFO : EventManager : Event: ======'game_start'====== Args={'buttons': [], 'hold_time': 0.08928991700000011}
2024-07-16 22:14:10,137 : INFO : EventManager : Event: ======'mode_game_will_start'====== Args={'buttons': [], 'hold_time': 0.08928991700000011}
2024-07-16 22:14:10,137 : INFO : EventManager : Event: ======'mode_game_starting'====== Args={'buttons': [], 'hold_time': 0.08928991700000011}
2024-07-16 22:14:10,137 : INFO : EventManager : Event: ======'mode_attract_will_stop'====== Args={}
2024-07-16 22:14:10,138 : INFO : EventManager : Event: ======'mode_attract_stopping'====== Args={}
2024-07-16 22:14:10,138 : INFO : Mode.attract : Stopped.
2024-07-16 22:14:10,138 : INFO : EventManager : Event: ======'modes_active_modes_changed'====== Args={}
2024-07-16 22:14:10,138 : INFO : EventManager : Event: ======'mode_attract_stopped'====== Args={}
2024-07-16 22:14:10,138 : INFO : EventManager : Event: ======'clear'====== Args={'key': 'attract'}
2024-07-16 22:14:10,138 : INFO : Timer.attract_switch : Stopping Timer
2024-07-16 22:14:10,139 : INFO : EventManager : Event: ======'timer_attract_switch_stopped'====== Args={'ticks': 1, 'ticks_remaining': 44}
2024-07-16 22:14:10,139 : INFO : Mode.game : Started. Priority: 20
2024-07-16 22:14:10,139 : INFO : EventManager : Event: ======'modes_active_modes_changed'====== Args={}
2024-07-16 22:14:10,139 : INFO : EventManager : Event: ======'mode_game_started'====== Args={'buttons': [], 'hold_time': 0.08928991700000011}
2024-07-16 22:14:10,139 : INFO : EventManager : Event: ======'game_will_start'====== Args={}
2024-07-16 22:14:10,139 : INFO : EventManager : Event: ======'game_starting'====== Args={'game': <Mode.game>}
2024-07-16 22:14:10,140 : INFO : EventManager : Unordered handler for class <Auditor> on event game_ended with priority 1. Handlers: [RegisteredHandler(callback=<bound method Auditor.disable of <Auditor>>, priority=1, kwargs={}, key=UUID('b669b6be-5850-4f15-99f0-ac14cfec51ee'), condition=None, blocking_facility=None), RegisteredHandler(callback=<bound method Auditor._save_audits of <Auditor>>, priority=1, kwargs={}, key=UUID('3397246b-5329-454b-a8c4-c4298790e3d6'), condition=None, blocking_facility=None)]. The order of those handlers is not defined and they will be executed in random order. This might lead to race conditions and potential bugs.
2024-07-16 22:14:10,140 : INFO : EventManager : Event: ======'player_add_request'====== Args={}
2024-07-16 22:14:10,140 : INFO : EventManager : Event: ======'player_will_add'====== Args={'number': 1}
2024-07-16 22:14:10,140 : INFO : EventManager : Event: ======'player_adding'====== Args={'player': <Player 1>, 'number': 1}
2024-07-16 22:14:10,140 : INFO : EventManager : Event: ======'player_added'====== Args={'player': <Player 1>, 'num': 1}
2024-07-16 22:14:10,140 : INFO : Mode.game : Player added successfully. Total players: 1
2024-07-16 22:14:10,140 : INFO : EventManager : Event: ======'player_index'====== Args={'value': 0, 'prev_value': 0, 'change': 0, 'player_num': 1}
2024-07-16 22:14:10,140 : INFO : EventManager : Event: ======'player_number'====== Args={'value': 1, 'prev_value': 1, 'change': 0, 'player_num': 1}
2024-07-16 22:14:10,141 : INFO : EventManager : Event: ======'player_score'====== Args={'value': 0, 'prev_value': 0, 'change': 0, 'player_num': 1}
2024-07-16 22:14:10,141 : INFO : EventManager : Event: ======'game_started'====== Args={}
2024-07-16 22:14:10,141 : INFO : EventManager : Event: ======'player_turn_will_start'====== Args={'player': <Player 1>, 'number': 1}
2024-07-16 22:14:10,141 : INFO : EventManager : Event: ======'player_turn_starting'====== Args={'player': <Player 1>, 'number': 1}
2024-07-16 22:14:10,145 : INFO : EventManager : Event: ======'player_ball'====== Args={'value': 1, 'prev_value': 0, 'change': 1, 'player_num': 1}
2024-07-16 22:14:10,146 : INFO : EventManager : Event: ======'player_turn_started'====== Args={'player': <Player 1>, 'number': 1}
2024-07-16 22:14:10,146 : INFO : EventManager : Event: ======'ball_will_start'====== Args={'player': 1, 'ball': 1, 'balls_remaining': 2, 'is_extra_ball': False}
2024-07-16 22:14:10,146 : INFO : EventManager : Event: ======'ball_starting'====== Args={'player': 1, 'ball': 1, 'balls_remaining': 2, 'is_extra_ball': False}
2024-07-16 22:14:10,146 : INFO : EventManager : Event: ======'mode_skillshot_will_start'====== Args={'queue': <QueuedEvent>, 'player': 1, 'ball': 1, 'balls_remaining': 2, 'is_extra_ball': False}
2024-07-16 22:14:10,147 : INFO : EventManager : Event: ======'skillshot_complete'====== Args={'state': 'None'}
2024-07-16 22:14:10,147 : INFO : EventManager : Event: ======'skillshot_None_complete'====== Args={}
2024-07-16 22:14:10,147 : INFO : EventManager : Event: ======'player_shot_skillshot_p_target_enabled'====== Args={'value': True, 'prev_value': 0, 'change': 1, 'player_num': 1}
2024-07-16 22:14:10,147 : INFO : EventManager : Event: ======'player_shot_skillshot_r_target_enabled'====== Args={'value': True, 'prev_value': 0, 'change': 1, 'player_num': 1}
2024-07-16 22:14:10,148 : INFO : EventManager : Event: ======'player_shot_skillshot_o_target_enabled'====== Args={'value': True, 'prev_value': 0, 'change': 1, 'player_num': 1}
2024-07-16 22:14:10,148 : INFO : EventManager : Event: ======'player_shot_skillshot_p2_target_enabled'====== Args={'value': True, 'prev_value': 0, 'change': 1, 'player_num': 1}
2024-07-16 22:14:10,148 : INFO : EventManager : Event: ======'player_shot_skillshot_a_target_enabled'====== Args={'value': True, 'prev_value': 0, 'change': 1, 'player_num': 1}
2024-07-16 22:14:10,149 : INFO : EventManager : Event: ======'player_shot_skillshot_n_target_enabled'====== Args={'value': True, 'prev_value': 0, 'change': 1, 'player_num': 1}
2024-07-16 22:14:10,149 : INFO : EventManager : Event: ======'player_shot_skillshot_e_target_enabled'====== Args={'value': True, 'prev_value': 0, 'change': 1, 'player_num': 1}
2024-07-16 22:14:10,149 : INFO : EventManager : Event: ======'player_skillshot_skillshot_rotate_tick'====== Args={'value': 0, 'prev_value': 0, 'change': 0, 'player_num': 1}
2024-07-16 22:14:10,150 : INFO : Timer.skillshot_rotate : Starting Timer.
2024-07-16 22:14:10,150 : INFO : EventManager : Event: ======'timer_skillshot_rotate_started'====== Args={'ticks': 0, 'ticks_remaining': 0}
2024-07-16 22:14:10,150 : INFO : EventManager : Event: ======'timer_skillshot_rotate_tick'====== Args={'ticks': 0, 'ticks_remaining': 0}
2024-07-16 22:14:10,151 : INFO : EventManager : Event: ======'mode_skillshot_starting'====== Args={'queue': <QueuedEvent>, 'player': 1, 'ball': 1, 'balls_remaining': 2, 'is_extra_ball': False}
2024-07-16 22:14:10,151 : INFO : drop_target_bank.strickland_bank : All targets are already up. Will not reset bank.
2024-07-16 22:14:10,151 : INFO : EventManager : Event: ======'cmd_flippers_enable'====== Args={'priority': 0}
2024-07-16 22:14:10,151 : INFO : EventManager : Event: ======'cmd_autofire_coils_enable'====== Args={'priority': 0}
2024-07-16 22:14:10,151 : INFO : EventManager : Event: ======'cmd_drop_targets_reset'====== Args={'priority': 0}
2024-07-16 22:14:10,151 : INFO : Mode.skillshot : Started. Priority: 200
2024-07-16 22:14:10,151 : INFO : EventManager : Event: ======'modes_active_modes_changed'====== Args={}
2024-07-16 22:14:10,151 : INFO : EventManager : Event: ======'mode_skillshot_started'====== Args={'queue': <QueuedEvent>, 'player': 1, 'ball': 1, 'balls_remaining': 2, 'is_extra_ball': False}
2024-07-16 22:14:10,151 : INFO : EventManager : Event: ======'player_shot_skillshot_p_target'====== Args={'value': 1, 'prev_value': 0, 'change': 1, 'player_num': 1}
2024-07-16 22:14:10,152 : INFO : EventManager : Event: ======'balls_in_play'====== Args={'balls': 1}
2024-07-16 22:14:10,152 : INFO : EventManager : Event: ======'ball_started'====== Args={'player': 1, 'ball': 1, 'balls_remaining': 2, 'is_extra_ball': False}
2024-07-16 22:14:10,156 : INFO : EventManager : Event: ======'mode_BBQ_rollover_will_start'====== Args={'player': 1, 'ball': 1, 'balls_remaining': 2, 'is_extra_ball': False}
2024-07-16 22:14:10,156 : INFO : EventManager : Event: ======'player_shot_left_rollover_lane_enabled'====== Args={'value': True, 'prev_value': 0, 'change': 1, 'player_num': 1}
2024-07-16 22:14:10,156 : INFO : EventManager : Event: ======'player_shot_middle_rollover_lane_enabled'====== Args={'value': True, 'prev_value': 0, 'change': 1, 'player_num': 1}
2024-07-16 22:14:10,156 : INFO : EventManager : Event: ======'player_shot_right_rollover_lane_enabled'====== Args={'value': True, 'prev_value': 0, 'change': 1, 'player_num': 1}
2024-07-16 22:14:10,157 : INFO : EventManager : Event: ======'BBQ_lanes_complete'====== Args={'state': 'unlit'}
2024-07-16 22:14:10,157 : INFO : EventManager : Event: ======'BBQ_lanes_unlit_complete'====== Args={}
2024-07-16 22:14:10,158 : INFO : EventManager : Event: ======'mode_BBQ_rollover_starting'====== Args={'player': 1, 'ball': 1, 'balls_remaining': 2, 'is_extra_ball': False}
2024-07-16 22:14:10,158 : INFO : EventManager : Event: ======'mode_base_will_start'====== Args={'player': 1, 'ball': 1, 'balls_remaining': 2, 'is_extra_ball': False}
2024-07-16 22:14:10,158 : INFO : EventManager : Event: ======'player_extra_ball_score_one_num_awarded'====== Args={'value': 0, 'prev_value': 0, 'change': 0, 'player_num': 1}
2024-07-16 22:14:10,158 : INFO : EventManager : Event: ======'player_extra_ball_score_two_num_awarded'====== Args={'value': 0, 'prev_value': 0, 'change': 0, 'player_num': 1}
2024-07-16 22:14:10,158 : INFO : EventManager : Event: ======'player_shot_qualify_p_target_enabled'====== Args={'value': True, 'prev_value': 0, 'change': 1, 'player_num': 1}
2024-07-16 22:14:10,159 : INFO : EventManager : Event: ======'player_shot_qualify_r_target_enabled'====== Args={'value': True, 'prev_value': 0, 'change': 1, 'player_num': 1}
2024-07-16 22:14:10,159 : INFO : EventManager : Event: ======'player_shot_qualify_o_target_enabled'====== Args={'value': True, 'prev_value': 0, 'change': 1, 'player_num': 1}
2024-07-16 22:14:10,159 : INFO : EventManager : Event: ======'qualify_mission_complete'====== Args={'state': 'unlit'}
2024-07-16 22:14:10,159 : INFO : EventManager : Event: ======'qualify_mission_unlit_complete'====== Args={}
2024-07-16 22:14:10,160 : INFO : EventManager : Event: ======'mode_base_starting'====== Args={'player': 1, 'ball': 1, 'balls_remaining': 2, 'is_extra_ball': False}
2024-07-16 22:14:10,161 : INFO : Mode.base : Started. Priority: 100
2024-07-16 22:14:10,161 : INFO : EventManager : Event: ======'modes_active_modes_changed'====== Args={}
2024-07-16 22:14:10,161 : INFO : EventManager : Event: ======'mode_base_started'====== Args={'player': 1, 'ball': 1, 'balls_remaining': 2, 'is_extra_ball': False}
2024-07-16 22:14:10,162 : INFO : EventManager : Event: ======'ball_save_default_enabled'====== Args={}
2024-07-16 22:14:10,162 : INFO : EventManager : Event: ======'logicblock_lb_BBQ_complete_count_updated'====== Args={'value': 1, 'enabled': True}
2024-07-16 22:14:10,162 : INFO : EventManager : Event: ======'logicblock_lb_BBQ_complete_count_updated'====== Args={'value': 1, 'enabled': True}
2024-07-16 22:14:10,162 : INFO : Mode.BBQ_rollover : Started. Priority: 200
2024-07-16 22:14:10,162 : INFO : EventManager : Event: ======'modes_active_modes_changed'====== Args={}
2024-07-16 22:14:10,162 : INFO : EventManager : Event: ======'mode_BBQ_rollover_started'====== Args={'player': 1, 'ball': 1, 'balls_remaining': 2, 'is_extra_ball': False}
2024-07-16 22:14:10,162 : INFO : EventManager : Event: ======'player_bonus_multiplier'====== Args={'value': 1, 'prev_value': 0, 'change': 1, 'player_num': 1, 'source': 'BBQ_rollover'}
2024-07-16 22:14:10,162 : INFO : EventManager : Event: ======'single_player_ball_started'====== Args={}
2024-07-16 22:14:10,163 : INFO : EventManager : Event: ======'ball_start_target'====== Args={'target': 'playfield'}
2024-07-16 22:14:10,163 : INFO : ball_device.bd_plunger : Setting up player-controlled eject. Balls: 1, Target: <playfield.playfield>, player_controlled_eject_event: None
2024-07-16 22:14:10,163 : INFO : EventManager : Event: ======'balldevice_balls_available'====== Args={}
2024-07-16 22:14:10,163 : INFO : ball_device.bd_trough : State: waiting_for_target_ready
2024-07-16 22:14:10,163 : INFO : EventManager : Event: ======'balldevice_bd_trough_ball_eject_attempt'====== Args={'balls': 1, 'target': <ball_device.bd_plunger>, 'source': <ball_device.bd_trough>, 'mechanical_eject': True, 'num_attempts': 0}
2024-07-16 22:14:10,163 : INFO : ball_device.bd_plunger : State: waiting_for_ball
2024-07-16 22:14:10,164 : INFO : ball_device.bd_trough : State: ejecting
2024-07-16 22:14:10,164 : INFO : ball_device.bd_trough : Ejecting ball to <ball_device.bd_plunger>
2024-07-16 22:14:10,164 : INFO : EventManager : Event: ======'balldevice_bd_trough_ejecting_ball'====== Args={'balls': 1, 'target': <ball_device.bd_plunger>, 'source': <ball_device.bd_trough>, 'mechanical_eject': True, 'num_attempts': 0}
2024-07-16 22:14:10,164 : INFO : ball_device.bd_trough : Wait for ball to leave device
2024-07-16 22:14:10,164 : INFO : coil.c_trough_eject : Pulsing Driver for 20ms (1.0 pulse_power)
2024-07-16 22:14:10,164 : INFO : SwitchController : <<<<<<< 's_trough1' inactive >>>>>>>
2024-07-16 22:14:10,165 : INFO : ball_device.bd_trough : State: ball_left
2024-07-16 22:14:10,165 : INFO : ball_device.bd_trough : Ball left
2024-07-16 22:14:10,165 : INFO : ball_device.bd_trough : Wait for confirm with timeout 3.0
2024-07-16 22:14:10,175 : INFO : EventManager : Event: ======'slide_skillshot_created'====== Args={'_from_bcp': True}
2024-07-16 22:14:10,176 : INFO : EventManager : Event: ======'slide_dtp_logo_attract_inactive'====== Args={'_from_bcp': True}
2024-07-16 22:14:10,176 : INFO : EventManager : Event: ======'slide_skillshot_active'====== Args={'original_context': 'skillshot', 'original_calling_context': 'mode_skillshot_started', 'queue': '<QueuedEvent>', 'cmd': 'slides_play', '_from_bcp': True}
2024-07-16 22:14:10,176 : INFO : EventManager : Event: ======'slide_dtp_logo_attract_removed'====== Args={'_from_bcp': True}
2024-07-16 22:14:10,186 : INFO : EventManager : Event: ======'slide_base_created'====== Args={'_from_bcp': True}
2024-07-16 22:14:10,265 : INFO : SwitchController : <<<<<<< 's_plunger' active >>>>>>>
2024-07-16 22:14:10,265 : INFO : EventManager : Event: ======'machine_var_audits_switches_s_plunger'====== Args={'value': 497, 'prev_value': 496, 'change': 1}
2024-07-16 22:14:10,505 : WARNING : SwitchController : Received duplicate switch state 1 for switch s_plunger from the platform interface. Log Code: Log-SwitchController-1 (https://missionpinball.org/logs)
2024-07-16 22:14:10,590 : INFO : SwitchController : <<<<<<< 's_plunger' inactive >>>>>>>
2024-07-16 22:14:11,151 : INFO : EventManager : Event: ======'player_skillshot_skillshot_rotate_tick'====== Args={'value': 1, 'prev_value': 0, 'change': 1, 'player_num': 1}
2024-07-16 22:14:11,165 : INFO : EventManager : Event: ======'timer_skillshot_rotate_tick'====== Args={'ticks': 1, 'ticks_remaining': 0}
2024-07-16 22:14:11,167 : INFO : EventManager : Event: ======'player_shot_skillshot_p_target'====== Args={'value': 0, 'prev_value': 1, 'change': -1, 'player_num': 1}
2024-07-16 22:14:11,168 : INFO : EventManager : Event: ======'player_shot_skillshot_r_target'====== Args={'value': 1, 'prev_value': 0, 'change': 1, 'player_num': 1}
2024-07-16 22:14:12,151 : INFO : EventManager : Event: ======'player_skillshot_skillshot_rotate_tick'====== Args={'value': 2, 'prev_value': 1, 'change': 1, 'player_num': 1}
2024-07-16 22:14:12,153 : INFO : EventManager : Event: ======'timer_skillshot_rotate_tick'====== Args={'ticks': 2, 'ticks_remaining': 0}
2024-07-16 22:14:12,154 : INFO : EventManager : Event: ======'player_shot_skillshot_r_target'====== Args={'value': 0, 'prev_value': 1, 'change': -1, 'player_num': 1}
2024-07-16 22:14:12,156 : INFO : EventManager : Event: ======'player_shot_skillshot_o_target'====== Args={'value': 1, 'prev_value': 0, 'change': 1, 'player_num': 1}
2024-07-16 22:14:13,150 : INFO : EventManager : Event: ======'player_skillshot_skillshot_rotate_tick'====== Args={'value': 3, 'prev_value': 2, 'change': 1, 'player_num': 1}
2024-07-16 22:14:13,152 : INFO : EventManager : Event: ======'timer_skillshot_rotate_tick'====== Args={'ticks': 3, 'ticks_remaining': 0}
2024-07-16 22:14:13,156 : INFO : EventManager : Event: ======'player_shot_skillshot_o_target'====== Args={'value': 0, 'prev_value': 1, 'change': -1, 'player_num': 1}
2024-07-16 22:14:13,158 : INFO : EventManager : Event: ======'player_shot_skillshot_p2_target'====== Args={'value': 1, 'prev_value': 0, 'change': 1, 'player_num': 1}
2024-07-16 22:14:13,165 : INFO : ball_device.bd_trough : State: failed_confirm
2024-07-16 22:14:13,166 : INFO : ball_device.bd_trough : Got timeout (3.0s) before confirm from <ball_device.bd_plunger>
2024-07-16 22:14:13,167 : INFO : ball_device.bd_plunger : Expecting incoming ball which may skip the device.
2024-07-16 22:14:13,168 : INFO : EventManager : Event: ======'balldevice_bd_plunger_ejecting_ball'====== Args={'balls': 1, 'target': <playfield.playfield>, 'source': <ball_device.bd_plunger>, 'mechanical_eject': False, 'num_attempts': 1}
2024-07-16 22:14:14,150 : INFO : EventManager : Event: ======'player_skillshot_skillshot_rotate_tick'====== Args={'value': 4, 'prev_value': 3, 'change': 1, 'player_num': 1}
2024-07-16 22:14:14,152 : INFO : EventManager : Event: ======'timer_skillshot_rotate_tick'====== Args={'ticks': 4, 'ticks_remaining': 0}
2024-07-16 22:14:14,155 : INFO : EventManager : Event: ======'player_shot_skillshot_p2_target'====== Args={'value': 0, 'prev_value': 1, 'change': -1, 'player_num': 1}
2024-07-16 22:14:14,157 : INFO : EventManager : Event: ======'player_shot_skillshot_a_target'====== Args={'value': 1, 'prev_value': 0, 'change': 1, 'player_num': 1}
2024-07-16 22:14:15,151 : INFO : EventManager : Event: ======'player_skillshot_skillshot_rotate_tick'====== Args={'value': 5, 'prev_value': 4, 'change': 1, 'player_num': 1}
2024-07-16 22:14:15,156 : INFO : EventManager : Event: ======'timer_skillshot_rotate_tick'====== Args={'ticks': 5, 'ticks_remaining': 0}
2024-07-16 22:14:15,156 : INFO : EventManager : Event: ======'player_shot_skillshot_a_target'====== Args={'value': 0, 'prev_value': 1, 'change': -1, 'player_num': 1}
2024-07-16 22:14:15,158 : INFO : EventManager : Event: ======'player_shot_skillshot_n_target'====== Args={'value': 1, 'prev_value': 0, 'change': 1, 'player_num': 1}
2024-07-16 22:14:16,151 : INFO : EventManager : Event: ======'player_skillshot_skillshot_rotate_tick'====== Args={'value': 6, 'prev_value': 5, 'change': 1, 'player_num': 1}
2024-07-16 22:14:16,153 : INFO : EventManager : Event: ======'timer_skillshot_rotate_tick'====== Args={'ticks': 6, 'ticks_remaining': 0}
2024-07-16 22:14:16,157 : INFO : EventManager : Event: ======'player_shot_skillshot_n_target'====== Args={'value': 0, 'prev_value': 1, 'change': -1, 'player_num': 1}
2024-07-16 22:14:16,158 : INFO : EventManager : Event: ======'player_shot_skillshot_e_target'====== Args={'value': 1, 'prev_value': 0, 'change': 1, 'player_num': 1}
2024-07-16 22:14:16,174 : INFO : ball_device.bd_plunger : Got confirm for skipping ball.
2024-07-16 22:14:16,174 : INFO : ball_device.bd_plunger : Eject successful
2024-07-16 22:14:16,174 : INFO : EventManager : Event: ======'balldevice_bd_plunger_ball_eject_success'====== Args={'balls': 1, 'target': <playfield.playfield>}
2024-07-16 22:14:16,175 : INFO : EventManager : Event: ======'balldevice_playfield_ball_enter'====== Args={'new_balls': 1, 'unclaimed_balls': 1, 'device': <playfield.playfield>}
2024-07-16 22:14:16,176 : INFO : EventManager : Event: ======'playfield_ball_count_change'====== Args={'balls': 1, 'change': 1}
2024-07-16 22:14:16,176 : INFO : ball_device.bd_plunger : State: idle
2024-07-16 22:14:16,177 : INFO : ball_device.bd_trough : Eject successful
2024-07-16 22:14:16,177 : INFO : EventManager : Event: ======'balldevice_bd_trough_ball_eject_success'====== Args={'balls': 1, 'target': <ball_device.bd_plunger>}
2024-07-16 22:14:16,178 : INFO : EventManager : Event: ======'balldevice_bd_trough_ball_count_changed'====== Args={'balls': 5}
2024-07-16 22:14:16,178 : INFO : ball_device.bd_trough : State: idle
2024-07-16 22:14:17,150 : INFO : EventManager : Event: ======'player_skillshot_skillshot_rotate_tick'====== Args={'value': 7, 'prev_value': 6, 'change': 1, 'player_num': 1}
2024-07-16 22:14:17,152 : INFO : EventManager : Event: ======'timer_skillshot_rotate_tick'====== Args={'ticks': 7, 'ticks_remaining': 0}
2024-07-16 22:14:17,156 : INFO : EventManager : Event: ======'player_shot_skillshot_p_target'====== Args={'value': 1, 'prev_value': 0, 'change': 1, 'player_num': 1}
2024-07-16 22:14:17,158 : INFO : EventManager : Event: ======'player_shot_skillshot_e_target'====== Args={'value': 0, 'prev_value': 1, 'change': -1, 'player_num': 1}
2024-07-16 22:14:18,151 : INFO : EventManager : Event: ======'player_skillshot_skillshot_rotate_tick'====== Args={'value': 8, 'prev_value': 7, 'change': 1, 'player_num': 1}
2024-07-16 22:14:18,153 : INFO : EventManager : Event: ======'timer_skillshot_rotate_tick'====== Args={'ticks': 8, 'ticks_remaining': 0}
2024-07-16 22:14:18,155 : INFO : EventManager : Event: ======'player_shot_skillshot_p_target'====== Args={'value': 0, 'prev_value': 1, 'change': -1, 'player_num': 1}
2024-07-16 22:14:18,157 : INFO : EventManager : Event: ======'player_shot_skillshot_r_target'====== Args={'value': 1, 'prev_value': 0, 'change': 1, 'player_num': 1}
2024-07-16 22:14:18,664 : INFO : SwitchController : <<<<<<< 's_plunger_lane_exit' active >>>>>>>
2024-07-16 22:14:18,664 : INFO : EventManager : Event: ======'s_plunger_lane_exit_active'====== Args={}
2024-07-16 22:14:18,664 : INFO : EventManager : Event: ======'sw_playfield_active'====== Args={}
2024-07-16 22:14:18,665 : INFO : EventManager : Event: ======'machine_var_audits_switches_s_plunger_lane_exit'====== Args={'value': 295, 'prev_value': 294, 'change': 1}
2024-07-16 22:14:18,666 : INFO : EventManager : Event: ======'ball_save_default_timer_start'====== Args={}
2024-07-16 22:14:18,741 : INFO : SwitchController : <<<<<<< 's_plunger_lane_exit' inactive >>>>>>>
2024-07-16 22:14:18,741 : INFO : EventManager : Event: ======'s_plunger_lane_exit_inactive'====== Args={}
2024-07-16 22:14:18,741 : INFO : Timer.skillshot_rotate : Stopping Timer
2024-07-16 22:14:18,742 : INFO : EventManager : Event: ======'timer_skillshot_rotate_stopped'====== Args={'ticks': 8, 'ticks_remaining': 0}
2024-07-16 22:14:18,742 : INFO : EventManager : Event: ======'advance_skillshot_2'====== Args={'priority': 0}
2024-07-16 22:14:18,742 : INFO : EventManager : Event: ======'player_shot_skillshot_r_target'====== Args={'value': 2, 'prev_value': 1, 'change': 1, 'player_num': 1}
2024-07-16 22:14:20,260 : INFO : SwitchController : <<<<<<< 's_r_target' active >>>>>>>
2024-07-16 22:14:20,260 : INFO : EventManager : Event: ======'s_r_target_active'====== Args={}
2024-07-16 22:14:20,262 : INFO : EventManager : Event: ======'machine_var_audits_switches_s_r_target'====== Args={'value': 126, 'prev_value': 125, 'change': 1}
2024-07-16 22:14:20,264 : INFO : EventManager : Event: ======'machine_var_audits_shots_skillshot_r_target'====== Args={'value': 15, 'prev_value': 14, 'change': 1}
2024-07-16 22:14:20,273 : INFO : EventManager : Event: ======'skillshot_r_target_hit'====== Args={'profile': 'skillshot_profile', 'state': 'lit', 'advancing': False}
2024-07-16 22:14:20,273 : INFO : EventManager : Event: ======'skillshot_r_target_skillshot_profile_hit'====== Args={'profile': 'skillshot_profile', 'state': 'lit', 'advancing': False}
2024-07-16 22:14:20,273 : INFO : EventManager : Event: ======'skillshot_r_target_skillshot_profile_lit_hit'====== Args={'profile': 'skillshot_profile', 'state': 'lit', 'advancing': False}
2024-07-16 22:14:20,273 : INFO : EventManager : Event: ======'skillshot_r_target_lit_hit'====== Args={'profile': 'skillshot_profile', 'state': 'lit', 'advancing': False}
2024-07-16 22:14:20,274 : INFO : EventManager : Event: ======'player_shot_qualify_r_target'====== Args={'value': 1, 'prev_value': 0, 'change': 1, 'player_num': 1}
2024-07-16 22:14:20,274 : INFO : EventManager : Event: ======'machine_var_audits_shots_qualify_r_target'====== Args={'value': 86, 'prev_value': 85, 'change': 1}
2024-07-16 22:14:20,275 : INFO : EventManager : Event: ======'qualify_r_target_hit'====== Args={'profile': 'default', 'state': 'unlit', 'advancing': True}
2024-07-16 22:14:20,275 : INFO : EventManager : Event: ======'qualify_r_target_default_hit'====== Args={'profile': 'default', 'state': 'unlit', 'advancing': True}
2024-07-16 22:14:20,276 : INFO : EventManager : Event: ======'qualify_r_target_default_unlit_hit'====== Args={'profile': 'default', 'state': 'unlit', 'advancing': True}
2024-07-16 22:14:20,276 : INFO : EventManager : Event: ======'qualify_r_target_unlit_hit'====== Args={'profile': 'default', 'state': 'unlit', 'advancing': True}
2024-07-16 22:14:20,276 : INFO : EventManager : Event: ======'player_score'====== Args={'value': 50, 'prev_value': 0, 'change': 50, 'player_num': 1, 'source': 'base'}
2024-07-16 22:14:20,276 : INFO : EventManager : Event: ======'skillshot_hit'====== Args={'shot': 'skillshot_r_target'}
2024-07-16 22:14:20,276 : INFO : EventManager : Event: ======'skillshot_lit_hit'====== Args={'shot': 'skillshot_r_target'}
2024-07-16 22:14:20,276 : INFO : EventManager : Event: ======'stop_mode_skillshot'====== Args={'priority': 0}
2024-07-16 22:14:20,277 : INFO : EventManager : Event: ======'mode_skillshot_will_stop'====== Args={}
2024-07-16 22:14:20,277 : INFO : EventManager : Event: ======'mode_skillshot_stopping'====== Args={}
2024-07-16 22:14:20,277 : INFO : EventManager : Event: ======'player_score'====== Args={'value': 20050, 'prev_value': 50, 'change': 20000, 'player_num': 1, 'source': 'skillshot'}
2024-07-16 22:14:20,279 : INFO : EventManager : Event: ======'qualify_mission_hit'====== Args={'shot': 'qualify_r_target'}
2024-07-16 22:14:20,279 : INFO : EventManager : Event: ======'qualify_mission_unlit_hit'====== Args={'shot': 'qualify_r_target'}
2024-07-16 22:14:20,281 : INFO : Mode.skillshot : Stopped.
2024-07-16 22:14:20,281 : INFO : EventManager : Event: ======'modes_active_modes_changed'====== Args={}
2024-07-16 22:14:20,281 : INFO : EventManager : Event: ======'mode_skillshot_stopped'====== Args={}
2024-07-16 22:14:20,281 : INFO : EventManager : Event: ======'clear'====== Args={'key': 'skillshot'}
2024-07-16 22:14:20,282 : INFO : Timer.skillshot_rotate : Stopping Timer
2024-07-16 22:14:20,282 : INFO : EventManager : Event: ======'timer_skillshot_rotate_stopped'====== Args={'ticks': 8, 'ticks_remaining': 0}
2024-07-16 22:14:20,290 : INFO : EventManager : Event: ======'slide_skillshot_inactive'====== Args={'_from_bcp': True}
2024-07-16 22:14:20,290 : INFO : EventManager : Event: ======'slide_base_active'====== Args={'_from_bcp': True}
2024-07-16 22:14:20,290 : INFO : EventManager : Event: ======'slide_skillshot_removed'====== Args={'_from_bcp': True}
2024-07-16 22:14:20,393 : INFO : SwitchController : <<<<<<< 's_r_target' inactive >>>>>>>
2024-07-16 22:14:22,476 : INFO : SwitchController : <<<<<<< 's_left_spinner' active >>>>>>>
2024-07-16 22:14:22,476 : INFO : EventManager : Event: ======'s_left_spinner_active'====== Args={}
2024-07-16 22:14:22,477 : INFO : EventManager : Event: ======'machine_var_audits_switches_s_left_spinner'====== Args={'value': 98, 'prev_value': 97, 'change': 1}
2024-07-16 22:14:22,479 : INFO : EventManager : Event: ======'mode_mission_select_will_start'====== Args={}
2024-07-16 22:14:22,490 : INFO : EventManager : Event: ======'mode_mission_select_starting'====== Args={}
2024-07-16 22:14:22,490 : INFO : EventManager : Event: ======'player_score'====== Args={'value': 20150, 'prev_value': 20050, 'change': 100, 'player_num': 1, 'source': 'base'}
2024-07-16 22:14:22,492 : INFO : Mode.mission_select : Started. Priority: 800
2024-07-16 22:14:22,492 : INFO : EventManager : Event: ======'modes_active_modes_changed'====== Args={}
2024-07-16 22:14:22,492 : INFO : EventManager : Event: ======'mode_mission_select_started'====== Args={}
2024-07-16 22:14:22,493 : INFO : EventManager : Event: ======'item_highlighted'====== Args={'carousel': 'mission_select', 'direction': None, 'item': 'beat_the_surfer'}
2024-07-16 22:14:22,536 : INFO : EventManager : Event: ======'slide_mission_select_created'====== Args={'_from_bcp': True}
2024-07-16 22:14:22,536 : INFO : EventManager : Event: ======'slide_base_inactive'====== Args={'_from_bcp': True}
2024-07-16 22:14:22,536 : INFO : EventManager : Event: ======'slide_mission_select_active'====== Args={'original_context': 'mission_select', 'original_calling_context': 'mode_mission_select_started', 'cmd': 'slides_play', '_from_bcp': True}
2024-07-16 22:14:22,588 : INFO : SwitchController : <<<<<<< 's_left_spinner' inactive >>>>>>>
2024-07-16 22:14:26,375 : INFO : SwitchController : <<<<<<< 's_left_flipper' active >>>>>>>
2024-07-16 22:14:26,375 : INFO : EventManager : Event: ======'s_left_flipper_active'====== Args={}
2024-07-16 22:14:26,376 : INFO : EventManager : Event: ======'machine_var_audits_switches_s_left_flipper'====== Args={'value': 166, 'prev_value': 165, 'change': 1}
2024-07-16 22:14:26,378 : INFO : EventManager : Event: ======'item_highlighted'====== Args={'carousel': 'mission_select', 'direction': 'backwards', 'item': 'the_heat_waver'}
2024-07-16 22:14:26,490 : INFO : SwitchController : <<<<<<< 's_left_flipper' inactive >>>>>>>
2024-07-16 22:14:26,667 : INFO : EventManager : Event: ======'ball_save_default_hurry_up'====== Args={}
2024-07-16 22:14:26,992 : INFO : SwitchController : <<<<<<< 's_left_flipper' active >>>>>>>
2024-07-16 22:14:26,992 : INFO : EventManager : Event: ======'s_left_flipper_active'====== Args={}
2024-07-16 22:14:26,992 : INFO : EventManager : Event: ======'machine_var_audits_switches_s_left_flipper'====== Args={'value': 167, 'prev_value': 166, 'change': 1}
2024-07-16 22:14:26,993 : INFO : EventManager : Event: ======'item_highlighted'====== Args={'carousel': 'mission_select', 'direction': 'backwards', 'item': 'hey_gladstone'}
2024-07-16 22:14:27,107 : INFO : SwitchController : <<<<<<< 's_left_flipper' inactive >>>>>>>
2024-07-16 22:14:28,667 : INFO : EventManager : Event: ======'ball_save_default_grace_period'====== Args={}
2024-07-16 22:14:28,841 : INFO : SwitchController : <<<<<<< 's_left_flipper' active >>>>>>>
2024-07-16 22:14:28,841 : INFO : EventManager : Event: ======'s_left_flipper_active'====== Args={}
2024-07-16 22:14:28,841 : INFO : EventManager : Event: ======'machine_var_audits_switches_s_left_flipper'====== Args={'value': 168, 'prev_value': 167, 'change': 1}
2024-07-16 22:14:28,842 : INFO : EventManager : Event: ======'item_highlighted'====== Args={'carousel': 'mission_select', 'direction': 'backwards', 'item': 'duke_the_dolphin'}
2024-07-16 22:14:28,943 : INFO : SwitchController : <<<<<<< 's_left_flipper' inactive >>>>>>>
2024-07-16 22:14:29,058 : INFO : SwitchController : <<<<<<< 's_left_flipper' active >>>>>>>
2024-07-16 22:14:29,058 : INFO : EventManager : Event: ======'s_left_flipper_active'====== Args={}
2024-07-16 22:14:29,058 : INFO : EventManager : Event: ======'machine_var_audits_switches_s_left_flipper'====== Args={'value': 169, 'prev_value': 168, 'change': 1}
2024-07-16 22:14:29,059 : INFO : EventManager : Event: ======'item_highlighted'====== Args={'carousel': 'mission_select', 'direction': 'backwards', 'item': 'dale_tbd'}
2024-07-16 22:14:29,132 : INFO : SwitchController : <<<<<<< 's_left_flipper' inactive >>>>>>>
2024-07-16 22:14:29,240 : INFO : SwitchController : <<<<<<< 's_left_flipper' active >>>>>>>
2024-07-16 22:14:29,240 : INFO : EventManager : Event: ======'s_left_flipper_active'====== Args={}
2024-07-16 22:14:29,241 : INFO : EventManager : Event: ======'machine_var_audits_switches_s_left_flipper'====== Args={'value': 170, 'prev_value': 169, 'change': 1}
2024-07-16 22:14:29,241 : INFO : EventManager : Event: ======'item_highlighted'====== Args={'carousel': 'mission_select', 'direction': 'backwards', 'item': 'boomhauer_tbd'}
2024-07-16 22:14:29,309 : INFO : SwitchController : <<<<<<< 's_left_flipper' inactive >>>>>>>
2024-07-16 22:14:29,844 : INFO : SwitchController : <<<<<<< 's_left_flipper' active >>>>>>>
2024-07-16 22:14:29,844 : INFO : EventManager : Event: ======'s_left_flipper_active'====== Args={}
2024-07-16 22:14:29,845 : INFO : EventManager : Event: ======'machine_var_audits_switches_s_left_flipper'====== Args={'value': 171, 'prev_value': 170, 'change': 1}
2024-07-16 22:14:29,847 : INFO : EventManager : Event: ======'item_highlighted'====== Args={'carousel': 'mission_select', 'direction': 'backwards', 'item': 'bill_bulk_and_the_body_buddies'}
2024-07-16 22:14:29,927 : INFO : SwitchController : <<<<<<< 's_left_flipper' inactive >>>>>>>
2024-07-16 22:14:30,007 : INFO : SwitchController : <<<<<<< 's_left_flipper' active >>>>>>>
2024-07-16 22:14:30,007 : INFO : EventManager : Event: ======'s_left_flipper_active'====== Args={}
2024-07-16 22:14:30,007 : INFO : EventManager : Event: ======'machine_var_audits_switches_s_left_flipper'====== Args={'value': 172, 'prev_value': 171, 'change': 1}
2024-07-16 22:14:30,007 : INFO : EventManager : Event: ======'item_highlighted'====== Args={'carousel': 'mission_select', 'direction': 'backwards', 'item': 'beer_can_named_desire'}
2024-07-16 22:14:30,106 : INFO : SwitchController : <<<<<<< 's_left_flipper' inactive >>>>>>>
2024-07-16 22:14:30,174 : INFO : SwitchController : <<<<<<< 's_left_flipper' active >>>>>>>
2024-07-16 22:14:30,174 : INFO : EventManager : Event: ======'s_left_flipper_active'====== Args={}
2024-07-16 22:14:30,175 : INFO : EventManager : Event: ======'machine_var_audits_switches_s_left_flipper'====== Args={'value': 173, 'prev_value': 172, 'change': 1}
2024-07-16 22:14:30,176 : INFO : EventManager : Event: ======'item_highlighted'====== Args={'carousel': 'mission_select', 'direction': 'backwards', 'item': 'beat_the_surfer'}
2024-07-16 22:14:30,258 : INFO : SwitchController : <<<<<<< 's_left_flipper' inactive >>>>>>>
2024-07-16 22:14:30,343 : INFO : SwitchController : <<<<<<< 's_left_flipper' active >>>>>>>
2024-07-16 22:14:30,343 : INFO : EventManager : Event: ======'s_left_flipper_active'====== Args={}
2024-07-16 22:14:30,343 : INFO : EventManager : Event: ======'machine_var_audits_switches_s_left_flipper'====== Args={'value': 174, 'prev_value': 173, 'change': 1}
2024-07-16 22:14:30,344 : INFO : EventManager : Event: ======'item_highlighted'====== Args={'carousel': 'mission_select', 'direction': 'backwards', 'item': 'the_heat_waver'}
2024-07-16 22:14:30,426 : INFO : SwitchController : <<<<<<< 's_left_flipper' inactive >>>>>>>
2024-07-16 22:14:30,507 : INFO : SwitchController : <<<<<<< 's_left_flipper' active >>>>>>>
2024-07-16 22:14:30,507 : INFO : EventManager : Event: ======'s_left_flipper_active'====== Args={}
2024-07-16 22:14:30,507 : INFO : EventManager : Event: ======'machine_var_audits_switches_s_left_flipper'====== Args={'value': 175, 'prev_value': 174, 'change': 1}
2024-07-16 22:14:30,507 : INFO : EventManager : Event: ======'item_highlighted'====== Args={'carousel': 'mission_select', 'direction': 'backwards', 'item': 'hey_gladstone'}
2024-07-16 22:14:30,591 : INFO : SwitchController : <<<<<<< 's_left_flipper' inactive >>>>>>>
2024-07-16 22:14:30,667 : INFO : EventManager : Event: ======'ball_save_default_disabled'====== Args={}
2024-07-16 22:14:30,674 : INFO : SwitchController : <<<<<<< 's_left_flipper' active >>>>>>>
2024-07-16 22:14:30,674 : INFO : EventManager : Event: ======'s_left_flipper_active'====== Args={}
2024-07-16 22:14:30,674 : INFO : EventManager : Event: ======'machine_var_audits_switches_s_left_flipper'====== Args={'value': 176, 'prev_value': 175, 'change': 1}
2024-07-16 22:14:30,675 : INFO : EventManager : Event: ======'item_highlighted'====== Args={'carousel': 'mission_select', 'direction': 'backwards', 'item': 'duke_the_dolphin'}
2024-07-16 22:14:30,742 : INFO : SwitchController : <<<<<<< 's_left_flipper' inactive >>>>>>>
2024-07-16 22:14:30,840 : INFO : SwitchController : <<<<<<< 's_left_flipper' active >>>>>>>
2024-07-16 22:14:30,841 : INFO : EventManager : Event: ======'s_left_flipper_active'====== Args={}
2024-07-16 22:14:30,841 : INFO : EventManager : Event: ======'machine_var_audits_switches_s_left_flipper'====== Args={'value': 177, 'prev_value': 176, 'change': 1}
2024-07-16 22:14:30,841 : INFO : EventManager : Event: ======'item_highlighted'====== Args={'carousel': 'mission_select', 'direction': 'backwards', 'item': 'dale_tbd'}
2024-07-16 22:14:30,908 : INFO : SwitchController : <<<<<<< 's_left_flipper' inactive >>>>>>>
2024-07-16 22:14:30,991 : INFO : SwitchController : <<<<<<< 's_left_flipper' active >>>>>>>
2024-07-16 22:14:30,991 : INFO : EventManager : Event: ======'s_left_flipper_active'====== Args={}
2024-07-16 22:14:30,991 : INFO : EventManager : Event: ======'machine_var_audits_switches_s_left_flipper'====== Args={'value': 178, 'prev_value': 177, 'change': 1}
2024-07-16 22:14:30,991 : INFO : EventManager : Event: ======'item_highlighted'====== Args={'carousel': 'mission_select', 'direction': 'backwards', 'item': 'boomhauer_tbd'}
2024-07-16 22:14:31,075 : INFO : SwitchController : <<<<<<< 's_left_flipper' inactive >>>>>>>
2024-07-16 22:14:31,159 : INFO : SwitchController : <<<<<<< 's_left_flipper' active >>>>>>>
2024-07-16 22:14:31,159 : INFO : EventManager : Event: ======'s_left_flipper_active'====== Args={}
2024-07-16 22:14:31,159 : INFO : EventManager : Event: ======'machine_var_audits_switches_s_left_flipper'====== Args={'value': 179, 'prev_value': 178, 'change': 1}
2024-07-16 22:14:31,160 : INFO : EventManager : Event: ======'item_highlighted'====== Args={'carousel': 'mission_select', 'direction': 'backwards', 'item': 'bill_bulk_and_the_body_buddies'}
2024-07-16 22:14:31,228 : INFO : SwitchController : <<<<<<< 's_left_flipper' inactive >>>>>>>
2024-07-16 22:14:31,307 : INFO : SwitchController : <<<<<<< 's_left_flipper' active >>>>>>>
2024-07-16 22:14:31,307 : INFO : EventManager : Event: ======'s_left_flipper_active'====== Args={}
2024-07-16 22:14:31,307 : INFO : EventManager : Event: ======'machine_var_audits_switches_s_left_flipper'====== Args={'value': 180, 'prev_value': 179, 'change': 1}
2024-07-16 22:14:31,307 : INFO : EventManager : Event: ======'item_highlighted'====== Args={'carousel': 'mission_select', 'direction': 'backwards', 'item': 'beer_can_named_desire'}
2024-07-16 22:14:31,392 : INFO : SwitchController : <<<<<<< 's_left_flipper' inactive >>>>>>>
2024-07-16 22:14:31,474 : INFO : SwitchController : <<<<<<< 's_left_flipper' active >>>>>>>
2024-07-16 22:14:31,474 : INFO : EventManager : Event: ======'s_left_flipper_active'====== Args={}
2024-07-16 22:14:31,474 : INFO : EventManager : Event: ======'machine_var_audits_switches_s_left_flipper'====== Args={'value': 181, 'prev_value': 180, 'change': 1}
2024-07-16 22:14:31,474 : INFO : EventManager : Event: ======'item_highlighted'====== Args={'carousel': 'mission_select', 'direction': 'backwards', 'item': 'beat_the_surfer'}
2024-07-16 22:14:31,542 : INFO : SwitchController : <<<<<<< 's_left_flipper' inactive >>>>>>>
2024-07-16 22:14:31,623 : INFO : SwitchController : <<<<<<< 's_left_flipper' active >>>>>>>
2024-07-16 22:14:31,623 : INFO : EventManager : Event: ======'s_left_flipper_active'====== Args={}
2024-07-16 22:14:31,623 : INFO : EventManager : Event: ======'machine_var_audits_switches_s_left_flipper'====== Args={'value': 182, 'prev_value': 181, 'change': 1}
2024-07-16 22:14:31,624 : INFO : EventManager : Event: ======'item_highlighted'====== Args={'carousel': 'mission_select', 'direction': 'backwards', 'item': 'the_heat_waver'}
2024-07-16 22:14:31,706 : INFO : SwitchController : <<<<<<< 's_left_flipper' inactive >>>>>>>
2024-07-16 22:14:31,774 : INFO : SwitchController : <<<<<<< 's_left_flipper' active >>>>>>>
2024-07-16 22:14:31,774 : INFO : EventManager : Event: ======'s_left_flipper_active'====== Args={}
2024-07-16 22:14:31,774 : INFO : EventManager : Event: ======'machine_var_audits_switches_s_left_flipper'====== Args={'value': 183, 'prev_value': 182, 'change': 1}
2024-07-16 22:14:31,775 : INFO : EventManager : Event: ======'item_highlighted'====== Args={'carousel': 'mission_select', 'direction': 'backwards', 'item': 'hey_gladstone'}
2024-07-16 22:14:31,857 : INFO : SwitchController : <<<<<<< 's_left_flipper' inactive >>>>>>>
2024-07-16 22:14:31,940 : INFO : SwitchController : <<<<<<< 's_left_flipper' active >>>>>>>
2024-07-16 22:14:31,940 : INFO : EventManager : Event: ======'s_left_flipper_active'====== Args={}
2024-07-16 22:14:31,941 : INFO : EventManager : Event: ======'machine_var_audits_switches_s_left_flipper'====== Args={'value': 184, 'prev_value': 183, 'change': 1}
2024-07-16 22:14:31,941 : INFO : EventManager : Event: ======'item_highlighted'====== Args={'carousel': 'mission_select', 'direction': 'backwards', 'item': 'duke_the_dolphin'}
2024-07-16 22:14:32,024 : INFO : SwitchController : <<<<<<< 's_left_flipper' inactive >>>>>>>
2024-07-16 22:14:32,108 : INFO : SwitchController : <<<<<<< 's_left_flipper' active >>>>>>>
2024-07-16 22:14:32,108 : INFO : EventManager : Event: ======'s_left_flipper_active'====== Args={}
2024-07-16 22:14:32,108 : INFO : EventManager : Event: ======'machine_var_audits_switches_s_left_flipper'====== Args={'value': 185, 'prev_value': 184, 'change': 1}
2024-07-16 22:14:32,109 : INFO : EventManager : Event: ======'item_highlighted'====== Args={'carousel': 'mission_select', 'direction': 'backwards', 'item': 'dale_tbd'}
2024-07-16 22:14:32,192 : INFO : SwitchController : <<<<<<< 's_left_flipper' inactive >>>>>>>
2024-07-16 22:14:32,273 : INFO : SwitchController : <<<<<<< 's_left_flipper' active >>>>>>>
2024-07-16 22:14:32,273 : INFO : EventManager : Event: ======'s_left_flipper_active'====== Args={}
2024-07-16 22:14:32,274 : INFO : EventManager : Event: ======'machine_var_audits_switches_s_left_flipper'====== Args={'value': 186, 'prev_value': 185, 'change': 1}
2024-07-16 22:14:32,274 : INFO : EventManager : Event: ======'item_highlighted'====== Args={'carousel': 'mission_select', 'direction': 'backwards', 'item': 'boomhauer_tbd'}
2024-07-16 22:14:32,359 : INFO : SwitchController : <<<<<<< 's_left_flipper' inactive >>>>>>>
2024-07-16 22:14:32,426 : INFO : SwitchController : <<<<<<< 's_left_flipper' active >>>>>>>
2024-07-16 22:14:32,426 : INFO : EventManager : Event: ======'s_left_flipper_active'====== Args={}
2024-07-16 22:14:32,426 : INFO : EventManager : Event: ======'machine_var_audits_switches_s_left_flipper'====== Args={'value': 187, 'prev_value': 186, 'change': 1}
2024-07-16 22:14:32,427 : INFO : EventManager : Event: ======'item_highlighted'====== Args={'carousel': 'mission_select', 'direction': 'backwards', 'item': 'bill_bulk_and_the_body_buddies'}
2024-07-16 22:14:32,507 : INFO : SwitchController : <<<<<<< 's_left_flipper' inactive >>>>>>>
2024-07-16 22:14:32,775 : INFO : SwitchController : <<<<<<< 's_left_flipper' active >>>>>>>
2024-07-16 22:14:32,775 : INFO : EventManager : Event: ======'s_left_flipper_active'====== Args={}
2024-07-16 22:14:32,776 : INFO : EventManager : Event: ======'machine_var_audits_switches_s_left_flipper'====== Args={'value': 188, 'prev_value': 187, 'change': 1}
2024-07-16 22:14:32,778 : INFO : EventManager : Event: ======'item_highlighted'====== Args={'carousel': 'mission_select', 'direction': 'backwards', 'item': 'beer_can_named_desire'}
2024-07-16 22:14:32,874 : INFO : SwitchController : <<<<<<< 's_left_flipper' inactive >>>>>>>
2024-07-16 22:14:52,480 : INFO : Machine : Shutting down...
2024-07-16 22:14:52,481 : INFO : EventManager : Event: ======'shutdown'====== Args={}
2024-07-16 22:14:52,483 : INFO : EventManager : Event: ======'mode_game_will_stop'====== Args={}
2024-07-16 22:14:52,483 : INFO : EventManager : Event: ======'mode_game_stopping'====== Args={}
2024-07-16 22:14:52,484 : INFO : EventManager : Event: ======'mode_base_will_stop'====== Args={}
2024-07-16 22:14:52,484 : INFO : EventManager : Event: ======'mode_base_stopping'====== Args={}
2024-07-16 22:14:52,484 : INFO : EventManager : Event: ======'mode_BBQ_rollover_will_stop'====== Args={}
2024-07-16 22:14:52,484 : INFO : EventManager : Event: ======'mode_BBQ_rollover_stopping'====== Args={}
2024-07-16 22:14:52,484 : INFO : EventManager : Event: ======'mode_mission_select_will_stop'====== Args={}
2024-07-16 22:14:52,484 : INFO : EventManager : Event: ======'mode_mission_select_stopping'====== Args={}
2024-07-16 22:14:52,485 : INFO : Mode.mission_select : Stopped.
2024-07-16 22:14:52,485 : INFO : EventManager : Event: ======'modes_active_modes_changed'====== Args={}
2024-07-16 22:14:52,485 : INFO : EventManager : Event: ======'mode_mission_select_stopped'====== Args={}
2024-07-16 22:14:52,485 : INFO : EventManager : Event: ======'clear'====== Args={'key': 'mission_select'}
2024-07-16 22:14:52,485 : INFO : Mode.BBQ_rollover : Stopped.
2024-07-16 22:14:52,486 : INFO : EventManager : Event: ======'modes_active_modes_changed'====== Args={}
2024-07-16 22:14:52,486 : INFO : EventManager : Event: ======'mode_BBQ_rollover_stopped'====== Args={}
2024-07-16 22:14:52,486 : INFO : EventManager : Event: ======'clear'====== Args={'key': 'BBQ_rollover'}
2024-07-16 22:14:52,487 : INFO : Mode.base : Stopped.
2024-07-16 22:14:52,487 : INFO : EventManager : Event: ======'modes_active_modes_changed'====== Args={}
2024-07-16 22:14:52,487 : INFO : EventManager : Event: ======'mode_base_stopped'====== Args={}
2024-07-16 22:14:52,487 : INFO : EventManager : Event: ======'clear'====== Args={'key': 'base'}
2024-07-16 22:14:52,489 : INFO : Mode.game : Stopped.
2024-07-16 22:14:52,489 : INFO : EventManager : Event: ======'modes_active_modes_changed'====== Args={}
2024-07-16 22:14:52,489 : INFO : EventManager : Event: ======'mode_game_stopped'====== Args={}
2024-07-16 22:14:52,489 : INFO : EventManager : Event: ======'clear'====== Args={'key': 'game'}
2024-07-16 22:14:52,497 : INFO : root : MPF run loop ended.
