2024-08-17 16:50:39,711 : INFO : root : Loading config.
2024-08-17 16:50:39,713 : INFO : YamlMultifileConfigLoader : Machine config file #1: config.yaml
2024-08-17 16:50:39,713 : INFO : ConfigProcessor : Loading config from cache: /var/folders/sv/d29kcl5x50v7vt1n6xb5jsd40000gn/T/c166cef8060ffee16a35821bf698da85.mpf_cache
2024-08-17 16:50:39,747 : INFO : ConfigProcessor : Loading config from cache: /var/folders/sv/d29kcl5x50v7vt1n6xb5jsd40000gn/T/6b31c5ac6ecbad948994a8204ea6b05b.mpf_cache
2024-08-17 16:50:39,747 : INFO : ConfigProcessor : Loading config from cache: /var/folders/sv/d29kcl5x50v7vt1n6xb5jsd40000gn/T/fe612d1e66c8a96c19ba449d3748eeac.mpf_cache
2024-08-17 16:50:39,748 : INFO : ConfigProcessor : Loading config from cache: /var/folders/sv/d29kcl5x50v7vt1n6xb5jsd40000gn/T/6b31c5ac6ecbad948994a8204ea6b05b.mpf_cache
2024-08-17 16:50:39,748 : INFO : ConfigProcessor : Loading config from cache: /var/folders/sv/d29kcl5x50v7vt1n6xb5jsd40000gn/T/8765227693ecd961e0504502a81255e0.mpf_cache
2024-08-17 16:50:39,748 : INFO : ConfigProcessor : Loading config from cache: /var/folders/sv/d29kcl5x50v7vt1n6xb5jsd40000gn/T/b247728c74b4d81bcb2825e2b07062a7.mpf_cache
2024-08-17 16:50:39,748 : INFO : ConfigProcessor : Loading config from cache: /var/folders/sv/d29kcl5x50v7vt1n6xb5jsd40000gn/T/f240f94f0b5d0f37ec4fd7571275a101.mpf_cache
2024-08-17 16:50:39,748 : INFO : ConfigProcessor : Loading config from cache: /var/folders/sv/d29kcl5x50v7vt1n6xb5jsd40000gn/T/c4409acfdf3ec94666e0adef48d55400.mpf_cache
2024-08-17 16:50:39,749 : INFO : ConfigProcessor : Loading config from cache: /var/folders/sv/d29kcl5x50v7vt1n6xb5jsd40000gn/T/6a2f50ed892485825cc04dc0a68eab9f.mpf_cache
2024-08-17 16:50:39,749 : INFO : ConfigProcessor : Loading config from cache: /var/folders/sv/d29kcl5x50v7vt1n6xb5jsd40000gn/T/d58c58eb9fd1a2dc27f8acd255fb3761.mpf_cache
2024-08-17 16:50:39,749 : INFO : ConfigProcessor : Loading config from cache: /var/folders/sv/d29kcl5x50v7vt1n6xb5jsd40000gn/T/07adfd310b3ef0e03c5cbc91527abb6c.mpf_cache
2024-08-17 16:50:39,749 : INFO : ConfigProcessor : Loading config from cache: /var/folders/sv/d29kcl5x50v7vt1n6xb5jsd40000gn/T/12bd5247c3bf989b919364bdb7829769.mpf_cache
2024-08-17 16:50:39,749 : INFO : ConfigProcessor : Loading config from cache: /var/folders/sv/d29kcl5x50v7vt1n6xb5jsd40000gn/T/362e08f51a1a1b7a0809dd52f9c83f83.mpf_cache
2024-08-17 16:50:39,749 : INFO : ConfigProcessor : Loading config from cache: /var/folders/sv/d29kcl5x50v7vt1n6xb5jsd40000gn/T/e45e3bd39557ed8d0881194a7afab8f7.mpf_cache
2024-08-17 16:50:39,749 : INFO : ConfigProcessor : Loading config from cache: /var/folders/sv/d29kcl5x50v7vt1n6xb5jsd40000gn/T/331d8d1a1bc190cae8c13495e1db372f.mpf_cache
2024-08-17 16:50:39,750 : INFO : ConfigProcessor : Loading config from cache: /var/folders/sv/d29kcl5x50v7vt1n6xb5jsd40000gn/T/d17a9ff77386e6f1439d0802ace1de07.mpf_cache
2024-08-17 16:50:39,750 : INFO : ConfigProcessor : Loading config from cache: /var/folders/sv/d29kcl5x50v7vt1n6xb5jsd40000gn/T/280fd64455d0d243a54ab4db98fbccbd.mpf_cache
2024-08-17 16:50:39,750 : INFO : ConfigProcessor : Loading config from cache: /var/folders/sv/d29kcl5x50v7vt1n6xb5jsd40000gn/T/0c0596ed8fbb40b6113901d21bdc0a39.mpf_cache
2024-08-17 16:50:39,750 : INFO : ConfigProcessor : Loading config from cache: /var/folders/sv/d29kcl5x50v7vt1n6xb5jsd40000gn/T/f521a0f834965d73920394ccceaa3c1c.mpf_cache
2024-08-17 16:50:39,750 : INFO : ConfigProcessor : Loading config from cache: /var/folders/sv/d29kcl5x50v7vt1n6xb5jsd40000gn/T/0fedc249e142fba0aaf46d9adc7061fa.mpf_cache
2024-08-17 16:50:39,750 : INFO : ConfigProcessor : Loading config from cache: /var/folders/sv/d29kcl5x50v7vt1n6xb5jsd40000gn/T/c57745b2fe399992c4aedf0209f8acc9.mpf_cache
2024-08-17 16:50:39,750 : WARNING : ConfigProcessor : Config file in cache changed: /Users/nicktaseris/Desktop/Pinball/KOTH/modes/extra_ball/config/extra_ball.yaml
2024-08-17 16:50:39,751 : INFO : ConfigProcessor : Loading config from file /Users/nicktaseris/Desktop/Pinball/KOTH/modes/extra_ball/config/extra_ball.yaml.
2024-08-17 16:50:39,752 : INFO : ConfigProcessor : Loading config: /Users/nicktaseris/Desktop/Pinball/KOTH/modes/extra_ball/config/extra_ball.yaml
2024-08-17 16:50:39,753 : INFO : ConfigProcessor : Config file cache created: /var/folders/sv/d29kcl5x50v7vt1n6xb5jsd40000gn/T/4d7707f845442344c77faa09114dd414.mpf_cache
2024-08-17 16:50:39,753 : INFO : ConfigProcessor : Loading config from cache: /var/folders/sv/d29kcl5x50v7vt1n6xb5jsd40000gn/T/3048ed2d7ea14eee3db896f6760aa474.mpf_cache
2024-08-17 16:50:39,753 : INFO : ConfigProcessor : Loading config from cache: /var/folders/sv/d29kcl5x50v7vt1n6xb5jsd40000gn/T/a14a120665a0ee9fd8a6e22274033983.mpf_cache
2024-08-17 16:50:39,753 : INFO : ConfigProcessor : Loading config from cache: /var/folders/sv/d29kcl5x50v7vt1n6xb5jsd40000gn/T/984de704eb69e43ca43e84d7915bfa21.mpf_cache
2024-08-17 16:50:39,753 : INFO : ConfigProcessor : Loading config from cache: /var/folders/sv/d29kcl5x50v7vt1n6xb5jsd40000gn/T/0a9cb7260d26760274024f443d38cc22.mpf_cache
2024-08-17 16:50:39,754 : INFO : ConfigProcessor : Loading config from cache: /var/folders/sv/d29kcl5x50v7vt1n6xb5jsd40000gn/T/deb753c2acdccb3c49ddc8f2a7e04ee6.mpf_cache
2024-08-17 16:50:39,754 : INFO : ConfigProcessor : Loading config from cache: /var/folders/sv/d29kcl5x50v7vt1n6xb5jsd40000gn/T/4a90c06755c4a5beef2ee4c243f54397.mpf_cache
2024-08-17 16:50:39,754 : INFO : Machine : Mission Pinball Framework Core Engine v0.80.0.dev1
2024-08-17 16:50:39,754 : INFO : Machine : Command line arguments: {'no_load_cache': False, 'create_config_cache': True, 'bcp': True, 'configfile': ['config.yaml'], 'force_assets_load': False, 'platform_integration_test': False, 'jsonlogging': False, 'logfile': 'logs/2024-08-17-16-50-39-mpf-Nicks-MacBook-Air.local.log', 'pause': False, 'production': False, 'text_ui': True, 'loglevel': 15, 'consoleloglevel': 20, 'force_platform': None, 'syslog_address': None, 'mc_file_name': None, 'no_sound': False, 'full_logfile_path': '/Users/nicktaseris/Desktop/Pinball/KOTH/logs/2024-08-17-16-50-39-mpf-Nicks-MacBook-Air.local.log'}
2024-08-17 16:50:39,754 : INFO : Machine : MPF path: /Users/nicktaseris/mpfenv/lib/python3.9/site-packages/mpf
2024-08-17 16:50:39,754 : INFO : Machine : Machine path: /Users/nicktaseris/Desktop/Pinball/KOTH
2024-08-17 16:50:39,754 : INFO : Machine : Platform: darwin
2024-08-17 16:50:39,754 : INFO : Machine : Python executable location: /Users/nicktaseris/mpfenv/bin/python3
2024-08-17 16:50:39,754 : INFO : Machine : Python version: 3.9.13 (64-bit)
2024-08-17 16:50:39,754 : INFO : Machine : Initializing MPF...
2024-08-17 16:50:39,782 : INFO : EventManager : Event: ======'machine_var_credits_string'====== Args={'value': 'FREE PLAY', 'prev_value': None, 'change': True}
2024-08-17 16:50:39,788 : INFO : EventManager : Event: ======'machine_var_master_volume'====== Args={'value': 0.5, 'prev_value': None, 'change': True}
2024-08-17 16:50:39,788 : INFO : EventManager : Event: ======'machine_var_player1_score'====== Args={'value': 175300, 'prev_value': None, 'change': True}
2024-08-17 16:50:39,788 : INFO : EventManager : Event: ======'machine_var_mpf_version'====== Args={'value': 'Mission Pinball Framework v0.80.0.dev1', 'prev_value': None, 'change': True}
2024-08-17 16:50:39,788 : INFO : EventManager : Event: ======'machine_var_mpf_extended_version'====== Args={'value': 'Mission Pinball Framework v0.80.0.dev1, Config version:6, Show version: 6, BCP version:1.1', 'prev_value': None, 'change': True}
2024-08-17 16:50:39,788 : INFO : EventManager : Event: ======'machine_var_python_version'====== Args={'value': '3.9.13', 'prev_value': None, 'change': True}
2024-08-17 16:50:39,798 : INFO : EventManager : Event: ======'machine_var_platform'====== Args={'value': 'macOS-12.1-arm64-arm-64bit', 'prev_value': None, 'change': True}
2024-08-17 16:50:39,798 : INFO : EventManager : Event: ======'machine_var_platform_system'====== Args={'value': 'Darwin', 'prev_value': None, 'change': True}
2024-08-17 16:50:39,798 : INFO : EventManager : Event: ======'machine_var_platform_release'====== Args={'value': '21.2.0', 'prev_value': None, 'change': True}
2024-08-17 16:50:39,798 : INFO : EventManager : Event: ======'machine_var_platform_version'====== Args={'value': 'Darwin Kernel Version 21.2.0: Sun Nov 28 20:29:10 PST 2021; root:xnu-8019.61.5~1/RELEASE_ARM64_T8101', 'prev_value': None, 'change': True}
2024-08-17 16:50:39,798 : INFO : EventManager : Event: ======'machine_var_platform_machine'====== Args={'value': 'arm64', 'prev_value': None, 'change': True}
2024-08-17 16:50:39,798 : INFO : EventManager : Event: ======'machine_var_log_file_path'====== Args={'value': '/Users/nicktaseris/Desktop/Pinball/KOTH/logs/2024-08-17-16-50-39-mpf-Nicks-MacBook-Air.local.log', 'prev_value': None, 'change': True}
2024-08-17 16:50:39,798 : INFO : EventManager : Event: ======'init_phase_1'====== Args={}
2024-08-17 16:50:39,825 : INFO : EventManager : Event: ======'drop_target_bank_strickland_bank_up'====== Args={}
2024-08-17 16:50:39,825 : INFO : EventManager : Event: ======'init_phase_2'====== Args={}
2024-08-17 16:50:39,826 : INFO : SwitchController : Found active switch: ('39', <Platform.SmartVirtual>) <switch.s_trough1>
2024-08-17 16:50:39,826 : INFO : SwitchController : Found active switch: ('40', <Platform.SmartVirtual>) <switch.s_trough2>
2024-08-17 16:50:39,826 : INFO : SwitchController : Found active switch: ('41', <Platform.SmartVirtual>) <switch.s_trough3>
2024-08-17 16:50:39,826 : INFO : SwitchController : Found active switch: ('42', <Platform.SmartVirtual>) <switch.s_trough4>
2024-08-17 16:50:39,826 : INFO : SwitchController : Found active switch: ('43', <Platform.SmartVirtual>) <switch.s_trough5>
2024-08-17 16:50:39,826 : INFO : SwitchController : Found active switch: ('44', <Platform.SmartVirtual>) <switch.s_trough6>
2024-08-17 16:50:39,831 : INFO : EventManager : Event: ======'machine_var_score1_label'====== Args={'value': 'GRAND CHAMPION', 'prev_value': None, 'change': True}
2024-08-17 16:50:39,831 : INFO : EventManager : Event: ======'machine_var_score1_name'====== Args={'value': 'BRI', 'prev_value': None, 'change': True}
2024-08-17 16:50:39,831 : INFO : EventManager : Event: ======'machine_var_score1_value'====== Args={'value': 4242, 'prev_value': None, 'change': True}
2024-08-17 16:50:39,831 : INFO : EventManager : Event: ======'machine_var_score2_label'====== Args={'value': 'HIGH SCORE 1', 'prev_value': None, 'change': True}
2024-08-17 16:50:39,831 : INFO : EventManager : Event: ======'machine_var_score2_name'====== Args={'value': 'GHK', 'prev_value': None, 'change': True}
2024-08-17 16:50:39,831 : INFO : EventManager : Event: ======'machine_var_score2_value'====== Args={'value': 2323, 'prev_value': None, 'change': True}
2024-08-17 16:50:39,831 : INFO : EventManager : Event: ======'machine_var_score3_label'====== Args={'value': 'HIGH SCORE 2', 'prev_value': None, 'change': True}
2024-08-17 16:50:39,831 : INFO : EventManager : Event: ======'machine_var_score3_name'====== Args={'value': 'JK', 'prev_value': None, 'change': True}
2024-08-17 16:50:39,831 : INFO : EventManager : Event: ======'machine_var_score3_value'====== Args={'value': 1337, 'prev_value': None, 'change': True}
2024-08-17 16:50:39,831 : INFO : EventManager : Event: ======'machine_var_score4_label'====== Args={'value': 'HIGH SCORE 3', 'prev_value': None, 'change': True}
2024-08-17 16:50:39,831 : INFO : EventManager : Event: ======'machine_var_score4_name'====== Args={'value': 'QC', 'prev_value': None, 'change': True}
2024-08-17 16:50:39,831 : INFO : EventManager : Event: ======'machine_var_score4_value'====== Args={'value': 42, 'prev_value': None, 'change': True}
2024-08-17 16:50:39,831 : INFO : EventManager : Event: ======'machine_var_score5_label'====== Args={'value': 'HIGH SCORE 4', 'prev_value': None, 'change': True}
2024-08-17 16:50:39,831 : INFO : EventManager : Event: ======'machine_var_score5_name'====== Args={'value': 'MPF', 'prev_value': None, 'change': True}
2024-08-17 16:50:39,831 : INFO : EventManager : Event: ======'machine_var_score5_value'====== Args={'value': 23, 'prev_value': None, 'change': True}
2024-08-17 16:50:39,831 : INFO : EventManager : Event: ======'bcp_connection_attempt'====== Args={'name': 'local_display', 'host': 'localhost', 'port': 5050}
2024-08-17 16:50:39,832 : INFO : BCPClientSocket : Connecting BCP to 'local_display' at localhost:5050...
2024-08-17 16:50:39,834 : INFO : BCPClientSocket : Connected BCP to 'local_display' localhost:5050
2024-08-17 16:50:39,835 : INFO : EventManager : Event: ======'bcp_clients_connected'====== Args={}
2024-08-17 16:50:39,835 : INFO : ball_device.bd_trough : BCH: Initial count: 6
2024-08-17 16:50:39,836 : INFO : ball_device.bd_trough : State: idle
2024-08-17 16:50:39,836 : INFO : ball_device.bd_plunger : BCH: Initial count: 0
2024-08-17 16:50:39,836 : INFO : ball_device.bd_plunger : State: idle
2024-08-17 16:50:39,836 : INFO : ball_device.bd_scoop : BCH: Initial count: 0
2024-08-17 16:50:39,836 : INFO : ball_device.bd_scoop : State: idle
2024-08-17 16:50:39,841 : INFO : EventManager : Event: ======'init_phase_3'====== Args={}
2024-08-17 16:50:39,846 : INFO : EventManager : Event: ======'init_phase_4'====== Args={}
2024-08-17 16:50:39,846 : INFO : BallController : Initial balls found: 6
2024-08-17 16:50:39,847 : INFO : EventManager : Event: ======'machine_var_audits_events_game_ended'====== Args={'value': 4, 'prev_value': None, 'change': True}
2024-08-17 16:50:39,847 : INFO : EventManager : Event: ======'machine_var_audits_events_game_started'====== Args={'value': 721, 'prev_value': None, 'change': True}
2024-08-17 16:50:39,847 : INFO : EventManager : Event: ======'machine_var_audits_missing_switches_s_a_target'====== Args={'value': 2, 'prev_value': None, 'change': True}
2024-08-17 16:50:39,847 : INFO : EventManager : Event: ======'machine_var_audits_missing_switches_s_bottom_inline_drop'====== Args={'value': 2, 'prev_value': None, 'change': True}
2024-08-17 16:50:39,847 : INFO : EventManager : Event: ======'machine_var_audits_missing_switches_s_bottom_pop_bumper'====== Args={'value': 280, 'prev_value': None, 'change': True}
2024-08-17 16:50:39,847 : INFO : EventManager : Event: ======'machine_var_audits_missing_switches_s_center_spinner'====== Args={'value': 2, 'prev_value': None, 'change': True}
2024-08-17 16:50:39,847 : INFO : EventManager : Event: ======'machine_var_audits_missing_switches_s_e_target'====== Args={'value': 2, 'prev_value': None, 'change': True}
2024-08-17 16:50:39,847 : INFO : EventManager : Event: ======'machine_var_audits_missing_switches_s_launch_button'====== Args={'value': 192, 'prev_value': None, 'change': True}
2024-08-17 16:50:39,847 : INFO : EventManager : Event: ======'machine_var_audits_missing_switches_s_left_flipper'====== Args={'value': 22, 'prev_value': None, 'change': True}
2024-08-17 16:50:39,847 : INFO : EventManager : Event: ======'machine_var_audits_missing_switches_s_left_inlane'====== Args={'value': 2, 'prev_value': None, 'change': True}
2024-08-17 16:50:39,847 : INFO : EventManager : Event: ======'machine_var_audits_missing_switches_s_left_inner_horseshoe'====== Args={'value': 355, 'prev_value': None, 'change': True}
2024-08-17 16:50:39,847 : INFO : EventManager : Event: ======'machine_var_audits_missing_switches_s_left_orbit_enter'====== Args={'value': 2, 'prev_value': None, 'change': True}
2024-08-17 16:50:39,848 : INFO : EventManager : Event: ======'machine_var_audits_missing_switches_s_left_orbit_exit'====== Args={'value': 71, 'prev_value': None, 'change': True}
2024-08-17 16:50:39,848 : INFO : EventManager : Event: ======'machine_var_audits_missing_switches_s_left_outlane'====== Args={'value': 2, 'prev_value': None, 'change': True}
2024-08-17 16:50:39,848 : INFO : EventManager : Event: ======'machine_var_audits_missing_switches_s_left_pop_bumper'====== Args={'value': 280, 'prev_value': None, 'change': True}
2024-08-17 16:50:39,848 : INFO : EventManager : Event: ======'machine_var_audits_missing_switches_s_left_ramp_enter'====== Args={'value': 14, 'prev_value': None, 'change': True}
2024-08-17 16:50:39,848 : INFO : EventManager : Event: ======'machine_var_audits_missing_switches_s_left_ramp_exit'====== Args={'value': 14, 'prev_value': None, 'change': True}
2024-08-17 16:50:39,848 : INFO : EventManager : Event: ======'machine_var_audits_missing_switches_s_left_rollover_lane'====== Args={'value': 2, 'prev_value': None, 'change': True}
2024-08-17 16:50:39,848 : INFO : EventManager : Event: ======'machine_var_audits_missing_switches_s_left_sling'====== Args={'value': 371, 'prev_value': None, 'change': True}
2024-08-17 16:50:39,848 : INFO : EventManager : Event: ======'machine_var_audits_missing_switches_s_left_spinner'====== Args={'value': 14, 'prev_value': None, 'change': True}
2024-08-17 16:50:39,848 : INFO : EventManager : Event: ======'machine_var_audits_missing_switches_s_middle_inline_drop'====== Args={'value': 7, 'prev_value': None, 'change': True}
2024-08-17 16:50:39,848 : INFO : EventManager : Event: ======'machine_var_audits_missing_switches_s_middle_rollover_lane'====== Args={'value': 2, 'prev_value': None, 'change': True}
2024-08-17 16:50:39,848 : INFO : EventManager : Event: ======'machine_var_audits_missing_switches_s_n_target'====== Args={'value': 2, 'prev_value': None, 'change': True}
2024-08-17 16:50:39,848 : INFO : EventManager : Event: ======'machine_var_audits_missing_switches_s_right_flipper'====== Args={'value': 2, 'prev_value': None, 'change': True}
2024-08-17 16:50:39,848 : INFO : EventManager : Event: ======'machine_var_audits_missing_switches_s_right_inlane'====== Args={'value': 2, 'prev_value': None, 'change': True}
2024-08-17 16:50:39,848 : INFO : EventManager : Event: ======'machine_var_audits_missing_switches_s_right_inner_horseshoe'====== Args={'value': 71, 'prev_value': None, 'change': True}
2024-08-17 16:50:39,849 : INFO : EventManager : Event: ======'machine_var_audits_missing_switches_s_right_orbit_exit'====== Args={'value': 464, 'prev_value': None, 'change': True}
2024-08-17 16:50:39,849 : INFO : EventManager : Event: ======'machine_var_audits_missing_switches_s_right_outlane'====== Args={'value': 2, 'prev_value': None, 'change': True}
2024-08-17 16:50:39,849 : INFO : EventManager : Event: ======'machine_var_audits_missing_switches_s_right_pop_bumper'====== Args={'value': 1, 'prev_value': None, 'change': True}
2024-08-17 16:50:39,849 : INFO : EventManager : Event: ======'machine_var_audits_missing_switches_s_right_ramp_enter'====== Args={'value': 80, 'prev_value': None, 'change': True}
2024-08-17 16:50:39,849 : INFO : EventManager : Event: ======'machine_var_audits_missing_switches_s_right_ramp_exit'====== Args={'value': 14, 'prev_value': None, 'change': True}
2024-08-17 16:50:39,849 : INFO : EventManager : Event: ======'machine_var_audits_missing_switches_s_right_ramp_standup'====== Args={'value': 71, 'prev_value': None, 'change': True}
2024-08-17 16:50:39,849 : INFO : EventManager : Event: ======'machine_var_audits_missing_switches_s_right_rollover_lane'====== Args={'value': 2, 'prev_value': None, 'change': True}
2024-08-17 16:50:39,849 : INFO : EventManager : Event: ======'machine_var_audits_missing_switches_s_right_sling'====== Args={'value': 672, 'prev_value': None, 'change': True}
2024-08-17 16:50:39,849 : INFO : EventManager : Event: ======'machine_var_audits_missing_switches_s_scoop'====== Args={'value': 2, 'prev_value': None, 'change': True}
2024-08-17 16:50:39,849 : INFO : EventManager : Event: ======'machine_var_audits_missing_switches_s_start'====== Args={'value': 2, 'prev_value': None, 'change': True}
2024-08-17 16:50:39,849 : INFO : EventManager : Event: ======'machine_var_audits_missing_switches_s_top_inline_drop'====== Args={'value': 7, 'prev_value': None, 'change': True}
2024-08-17 16:50:39,850 : INFO : EventManager : Event: ======'machine_var_audits_missing_switches_s_trough1'====== Args={'value': 2, 'prev_value': None, 'change': True}
2024-08-17 16:50:39,850 : INFO : EventManager : Event: ======'machine_var_audits_missing_switches_s_trough2'====== Args={'value': 17, 'prev_value': None, 'change': True}
2024-08-17 16:50:39,850 : INFO : EventManager : Event: ======'machine_var_audits_missing_switches_s_trough3'====== Args={'value': 16, 'prev_value': None, 'change': True}
2024-08-17 16:50:39,850 : INFO : EventManager : Event: ======'machine_var_audits_missing_switches_s_trough4'====== Args={'value': 143, 'prev_value': None, 'change': True}
2024-08-17 16:50:39,850 : INFO : EventManager : Event: ======'machine_var_audits_missing_switches_s_trough5'====== Args={'value': 676, 'prev_value': None, 'change': True}
2024-08-17 16:50:39,850 : INFO : EventManager : Event: ======'machine_var_audits_missing_switches_s_trough6'====== Args={'value': 676, 'prev_value': None, 'change': True}
2024-08-17 16:50:39,850 : INFO : EventManager : Event: ======'machine_var_audits_missing_switches_s_trough_jam'====== Args={'value': 609, 'prev_value': None, 'change': True}
2024-08-17 16:50:39,850 : INFO : EventManager : Event: ======'machine_var_audits_player_score'====== Args={'value': {'average': 109379, 'top': [370600, 175300, 400, 300, 250], 'total': 5}, 'prev_value': None, 'change': True}
2024-08-17 16:50:39,850 : INFO : EventManager : Event: ======'machine_var_audits_shots_a_rollover_lane'====== Args={'value': 14, 'prev_value': None, 'change': True}
2024-08-17 16:50:39,850 : INFO : EventManager : Event: ======'machine_var_audits_shots_a_target'====== Args={'value': 7, 'prev_value': None, 'change': True}
2024-08-17 16:50:39,851 : INFO : EventManager : Event: ======'machine_var_audits_shots_ball_lock_a_target'====== Args={'value': 6, 'prev_value': None, 'change': True}
2024-08-17 16:50:39,851 : INFO : EventManager : Event: ======'machine_var_audits_shots_ball_lock_e_target'====== Args={'value': 5, 'prev_value': None, 'change': True}
2024-08-17 16:50:39,851 : INFO : EventManager : Event: ======'machine_var_audits_shots_ball_lock_n_target'====== Args={'value': 5, 'prev_value': None, 'change': True}
2024-08-17 16:50:39,851 : INFO : EventManager : Event: ======'machine_var_audits_shots_ball_lock_p2_target'====== Args={'value': 9, 'prev_value': None, 'change': True}
2024-08-17 16:50:39,851 : INFO : EventManager : Event: ======'machine_var_audits_shots_e_target'====== Args={'value': 3, 'prev_value': None, 'change': True}
2024-08-17 16:50:39,851 : INFO : EventManager : Event: ======'machine_var_audits_shots_h_rollover_lane'====== Args={'value': 17, 'prev_value': None, 'change': True}
2024-08-17 16:50:39,851 : INFO : EventManager : Event: ======'machine_var_audits_shots_k_rollover_lane'====== Args={'value': 13, 'prev_value': None, 'change': True}
2024-08-17 16:50:39,851 : INFO : EventManager : Event: ======'machine_var_audits_shots_left_rollover_lane'====== Args={'value': 211, 'prev_value': None, 'change': True}
2024-08-17 16:50:39,851 : INFO : EventManager : Event: ======'machine_var_audits_shots_middle_rollover_lane'====== Args={'value': 200, 'prev_value': None, 'change': True}
2024-08-17 16:50:39,851 : INFO : EventManager : Event: ======'machine_var_audits_shots_n_rollover_lane'====== Args={'value': 12, 'prev_value': None, 'change': True}
2024-08-17 16:50:39,852 : INFO : EventManager : Event: ======'machine_var_audits_shots_n_target'====== Args={'value': 9, 'prev_value': None, 'change': True}
2024-08-17 16:50:39,852 : INFO : EventManager : Event: ======'machine_var_audits_shots_o_target'====== Args={'value': 4, 'prev_value': None, 'change': True}
2024-08-17 16:50:39,852 : INFO : EventManager : Event: ======'machine_var_audits_shots_p2_target'====== Args={'value': 5, 'prev_value': None, 'change': True}
2024-08-17 16:50:39,852 : INFO : EventManager : Event: ======'machine_var_audits_shots_p_target'====== Args={'value': 8, 'prev_value': None, 'change': True}
2024-08-17 16:50:39,852 : INFO : EventManager : Event: ======'machine_var_audits_shots_qualify_a_target'====== Args={'value': 7, 'prev_value': None, 'change': True}
2024-08-17 16:50:39,852 : INFO : EventManager : Event: ======'machine_var_audits_shots_qualify_e_target'====== Args={'value': 8, 'prev_value': None, 'change': True}
2024-08-17 16:50:39,852 : INFO : EventManager : Event: ======'machine_var_audits_shots_qualify_n_target'====== Args={'value': 7, 'prev_value': None, 'change': True}
2024-08-17 16:50:39,852 : INFO : EventManager : Event: ======'machine_var_audits_shots_qualify_o_target'====== Args={'value': 272, 'prev_value': None, 'change': True}
2024-08-17 16:50:39,853 : INFO : EventManager : Event: ======'machine_var_audits_shots_qualify_p2_target'====== Args={'value': 9, 'prev_value': None, 'change': True}
2024-08-17 16:50:39,853 : INFO : EventManager : Event: ======'machine_var_audits_shots_qualify_p_target'====== Args={'value': 220, 'prev_value': None, 'change': True}
2024-08-17 16:50:39,853 : INFO : EventManager : Event: ======'machine_var_audits_shots_qualify_r_target'====== Args={'value': 261, 'prev_value': None, 'change': True}
2024-08-17 16:50:39,853 : INFO : EventManager : Event: ======'machine_var_audits_shots_r_target'====== Args={'value': 14, 'prev_value': None, 'change': True}
2024-08-17 16:50:39,853 : INFO : EventManager : Event: ======'machine_var_audits_shots_rainey_multiball_ball_lock_a_target'====== Args={'value': 31, 'prev_value': None, 'change': True}
2024-08-17 16:50:39,853 : INFO : EventManager : Event: ======'machine_var_audits_shots_rainey_multiball_ball_lock_e_target'====== Args={'value': 30, 'prev_value': None, 'change': True}
2024-08-17 16:50:39,853 : INFO : EventManager : Event: ======'machine_var_audits_shots_rainey_multiball_ball_lock_n_target'====== Args={'value': 30, 'prev_value': None, 'change': True}
2024-08-17 16:50:39,854 : INFO : EventManager : Event: ======'machine_var_audits_shots_rainey_multiball_ball_lock_p2_target'====== Args={'value': 40, 'prev_value': None, 'change': True}
2024-08-17 16:50:39,854 : INFO : EventManager : Event: ======'machine_var_audits_shots_right_rollover_lane'====== Args={'value': 205, 'prev_value': None, 'change': True}
2024-08-17 16:50:39,854 : INFO : EventManager : Event: ======'machine_var_audits_shots_scoop'====== Args={'value': 13, 'prev_value': None, 'change': True}
2024-08-17 16:50:39,854 : INFO : EventManager : Event: ======'machine_var_audits_shots_scoop_mission_select'====== Args={'value': 57, 'prev_value': None, 'change': True}
2024-08-17 16:50:39,854 : INFO : EventManager : Event: ======'machine_var_audits_shots_shot_left_ramp'====== Args={'value': 13, 'prev_value': None, 'change': True}
2024-08-17 16:50:39,854 : INFO : EventManager : Event: ======'machine_var_audits_shots_shot_right_ramp'====== Args={'value': 20, 'prev_value': None, 'change': True}
2024-08-17 16:50:39,854 : INFO : EventManager : Event: ======'machine_var_audits_shots_skillshot_a_target'====== Args={'value': 74, 'prev_value': None, 'change': True}
2024-08-17 16:50:39,855 : INFO : EventManager : Event: ======'machine_var_audits_shots_skillshot_e_target'====== Args={'value': 60, 'prev_value': None, 'change': True}
2024-08-17 16:50:39,855 : INFO : EventManager : Event: ======'machine_var_audits_shots_skillshot_n_target'====== Args={'value': 53, 'prev_value': None, 'change': True}
2024-08-17 16:50:39,855 : INFO : EventManager : Event: ======'machine_var_audits_shots_skillshot_o_target'====== Args={'value': 110, 'prev_value': None, 'change': True}
2024-08-17 16:50:39,855 : INFO : EventManager : Event: ======'machine_var_audits_shots_skillshot_p2_target'====== Args={'value': 58, 'prev_value': None, 'change': True}
2024-08-17 16:50:39,855 : INFO : EventManager : Event: ======'machine_var_audits_shots_skillshot_p_target'====== Args={'value': 47, 'prev_value': None, 'change': True}
2024-08-17 16:50:39,855 : INFO : EventManager : Event: ======'machine_var_audits_shots_skillshot_r_target'====== Args={'value': 88, 'prev_value': None, 'change': True}
2024-08-17 16:50:39,855 : INFO : EventManager : Event: ======'machine_var_audits_shots_spinner'====== Args={'value': 4, 'prev_value': None, 'change': True}
2024-08-17 16:50:39,856 : INFO : EventManager : Event: ======'machine_var_audits_switches_s_a_target'====== Args={'value': 159, 'prev_value': None, 'change': True}
2024-08-17 16:50:39,856 : INFO : EventManager : Event: ======'machine_var_audits_switches_s_bottom_inline_drop'====== Args={'value': 962, 'prev_value': None, 'change': True}
2024-08-17 16:50:39,856 : INFO : EventManager : Event: ======'machine_var_audits_switches_s_bottom_pop_bumper'====== Args={'value': 10, 'prev_value': None, 'change': True}
2024-08-17 16:50:39,856 : INFO : EventManager : Event: ======'machine_var_audits_switches_s_center_spinner'====== Args={'value': 197, 'prev_value': None, 'change': True}
2024-08-17 16:50:39,856 : INFO : EventManager : Event: ======'machine_var_audits_switches_s_e_target'====== Args={'value': 162, 'prev_value': None, 'change': True}
2024-08-17 16:50:39,856 : INFO : EventManager : Event: ======'machine_var_audits_switches_s_launch_button'====== Args={'value': 10, 'prev_value': None, 'change': True}
2024-08-17 16:50:39,856 : INFO : EventManager : Event: ======'machine_var_audits_switches_s_left_flipper'====== Args={'value': 217, 'prev_value': None, 'change': True}
2024-08-17 16:50:39,857 : INFO : EventManager : Event: ======'machine_var_audits_switches_s_left_inlane'====== Args={'value': 25, 'prev_value': None, 'change': True}
2024-08-17 16:50:39,857 : INFO : EventManager : Event: ======'machine_var_audits_switches_s_left_inner_horseshoe'====== Args={'value': 15, 'prev_value': None, 'change': True}
2024-08-17 16:50:39,857 : INFO : EventManager : Event: ======'machine_var_audits_switches_s_left_orbit_enter'====== Args={'value': 49, 'prev_value': None, 'change': True}
2024-08-17 16:50:39,857 : INFO : EventManager : Event: ======'machine_var_audits_switches_s_left_orbit_exit'====== Args={'value': 20, 'prev_value': None, 'change': True}
2024-08-17 16:50:39,857 : INFO : EventManager : Event: ======'machine_var_audits_switches_s_left_outlane'====== Args={'value': 43, 'prev_value': None, 'change': True}
2024-08-17 16:50:39,857 : INFO : EventManager : Event: ======'machine_var_audits_switches_s_left_pop_bumper'====== Args={'value': 9, 'prev_value': None, 'change': True}
2024-08-17 16:50:39,857 : INFO : EventManager : Event: ======'machine_var_audits_switches_s_left_ramp_enter'====== Args={'value': 28, 'prev_value': None, 'change': True}
2024-08-17 16:50:39,858 : INFO : EventManager : Event: ======'machine_var_audits_switches_s_left_ramp_exit'====== Args={'value': 33, 'prev_value': None, 'change': True}
2024-08-17 16:50:39,858 : INFO : EventManager : Event: ======'machine_var_audits_switches_s_left_ramp_standup'====== Args={'value': 1158, 'prev_value': None, 'change': True}
2024-08-17 16:50:39,858 : INFO : EventManager : Event: ======'machine_var_audits_switches_s_left_rollover_lane'====== Args={'value': 216, 'prev_value': None, 'change': True}
2024-08-17 16:50:39,858 : INFO : EventManager : Event: ======'machine_var_audits_switches_s_left_sling'====== Args={'value': 12, 'prev_value': None, 'change': True}
2024-08-17 16:50:39,858 : INFO : EventManager : Event: ======'machine_var_audits_switches_s_left_spinner'====== Args={'value': 137, 'prev_value': None, 'change': True}
2024-08-17 16:50:39,858 : INFO : EventManager : Event: ======'machine_var_audits_switches_s_middle_inline_drop'====== Args={'value': 951, 'prev_value': None, 'change': True}
2024-08-17 16:50:39,859 : INFO : EventManager : Event: ======'machine_var_audits_switches_s_middle_rollover_lane'====== Args={'value': 203, 'prev_value': None, 'change': True}
2024-08-17 16:50:39,859 : INFO : EventManager : Event: ======'machine_var_audits_switches_s_n_target'====== Args={'value': 150, 'prev_value': None, 'change': True}
2024-08-17 16:50:39,859 : INFO : EventManager : Event: ======'machine_var_audits_switches_s_o_target'====== Args={'value': 319, 'prev_value': None, 'change': True}
2024-08-17 16:50:39,859 : INFO : EventManager : Event: ======'machine_var_audits_switches_s_p2_target'====== Args={'value': 120, 'prev_value': None, 'change': True}
2024-08-17 16:50:39,859 : INFO : EventManager : Event: ======'machine_var_audits_switches_s_p_target'====== Args={'value': 441, 'prev_value': None, 'change': True}
2024-08-17 16:50:39,859 : INFO : EventManager : Event: ======'machine_var_audits_switches_s_plunger'====== Args={'value': 899, 'prev_value': None, 'change': True}
2024-08-17 16:50:39,860 : INFO : EventManager : Event: ======'machine_var_audits_switches_s_plunger_lane'====== Args={'value': 39, 'prev_value': None, 'change': True}
2024-08-17 16:50:39,860 : INFO : EventManager : Event: ======'machine_var_audits_switches_s_plunger_lane_exit'====== Args={'value': 641, 'prev_value': None, 'change': True}
2024-08-17 16:50:39,860 : INFO : EventManager : Event: ======'machine_var_audits_switches_s_r_target'====== Args={'value': 301, 'prev_value': None, 'change': True}
2024-08-17 16:50:39,860 : INFO : EventManager : Event: ======'machine_var_audits_switches_s_right_flipper'====== Args={'value': 883, 'prev_value': None, 'change': True}
2024-08-17 16:50:39,861 : INFO : EventManager : Event: ======'machine_var_audits_switches_s_right_inlane'====== Args={'value': 21, 'prev_value': None, 'change': True}
2024-08-17 16:50:39,861 : INFO : EventManager : Event: ======'machine_var_audits_switches_s_right_inner_horseshoe'====== Args={'value': 16, 'prev_value': None, 'change': True}
2024-08-17 16:50:39,861 : INFO : EventManager : Event: ======'machine_var_audits_switches_s_right_orbit_exit'====== Args={'value': 33, 'prev_value': None, 'change': True}
2024-08-17 16:50:39,861 : INFO : EventManager : Event: ======'machine_var_audits_switches_s_right_outlane'====== Args={'value': 21, 'prev_value': None, 'change': True}
2024-08-17 16:50:39,861 : INFO : EventManager : Event: ======'machine_var_audits_switches_s_right_pop_bumper'====== Args={'value': 18, 'prev_value': None, 'change': True}
2024-08-17 16:50:39,861 : INFO : EventManager : Event: ======'machine_var_audits_switches_s_right_ramp_enter'====== Args={'value': 14, 'prev_value': None, 'change': True}
2024-08-17 16:50:39,862 : INFO : EventManager : Event: ======'machine_var_audits_switches_s_right_ramp_exit'====== Args={'value': 22, 'prev_value': None, 'change': True}
2024-08-17 16:50:39,862 : INFO : EventManager : Event: ======'machine_var_audits_switches_s_right_ramp_standup'====== Args={'value': 287, 'prev_value': None, 'change': True}
2024-08-17 16:50:39,862 : INFO : EventManager : Event: ======'machine_var_audits_switches_s_right_rollover_lane'====== Args={'value': 219, 'prev_value': None, 'change': True}
2024-08-17 16:50:39,862 : INFO : EventManager : Event: ======'machine_var_audits_switches_s_right_sling'====== Args={'value': 1, 'prev_value': None, 'change': True}
2024-08-17 16:50:39,862 : INFO : EventManager : Event: ======'machine_var_audits_switches_s_scoop'====== Args={'value': 331, 'prev_value': None, 'change': True}
2024-08-17 16:50:39,863 : INFO : EventManager : Event: ======'machine_var_audits_switches_s_start'====== Args={'value': 432, 'prev_value': None, 'change': True}
2024-08-17 16:50:39,863 : INFO : EventManager : Event: ======'machine_var_audits_switches_s_top_inline_drop'====== Args={'value': 46, 'prev_value': None, 'change': True}
2024-08-17 16:50:39,863 : INFO : EventManager : Event: ======'machine_var_audits_switches_s_trough1'====== Args={'value': 407, 'prev_value': None, 'change': True}
2024-08-17 16:50:39,863 : INFO : EventManager : Event: ======'machine_var_audits_switches_s_trough2'====== Args={'value': 31, 'prev_value': None, 'change': True}
2024-08-17 16:50:39,863 : INFO : EventManager : Event: ======'machine_var_audits_switches_s_trough3'====== Args={'value': 12, 'prev_value': None, 'change': True}
2024-08-17 16:50:39,864 : INFO : EventManager : Event: ======'machine_var_audits_switches_s_trough4'====== Args={'value': 3, 'prev_value': None, 'change': True}
2024-08-17 16:50:39,864 : INFO : EventManager : Event: ======'machine_var_audits_switches_s_trough5'====== Args={'value': 2, 'prev_value': None, 'change': True}
2024-08-17 16:50:39,864 : INFO : EventManager : Event: ======'machine_var_audits_switches_s_trough6'====== Args={'value': 1, 'prev_value': None, 'change': True}
2024-08-17 16:50:39,864 : INFO : EventManager : Event: ======'machine_var_audits_switches_s_trough_jam'====== Args={'value': 5, 'prev_value': None, 'change': True}
2024-08-17 16:50:39,864 : INFO : EventManager : Event: ======'init_phase_5'====== Args={}
2024-08-17 16:50:39,867 : INFO : EventManager : Event: ======'init_done'====== Args={}
2024-08-17 16:50:39,867 : INFO : EventManager : Event: ======'machine_reset_phase_1'====== Args={}
2024-08-17 16:50:39,870 : INFO : EventManager : Event: ======'machine_reset_phase_2'====== Args={}
2024-08-17 16:50:39,870 : INFO : EventManager : Event: ======'machine_reset_phase_3'====== Args={}
2024-08-17 16:50:39,871 : INFO : drop_target_bank.strickland_bank : All targets are already up. Will not reset bank.
2024-08-17 16:50:39,871 : INFO : EventManager : Event: ======'reset_complete'====== Args={}
2024-08-17 16:50:39,871 : INFO : EventManager : Event: ======'mode_attract_will_start'====== Args={}
2024-08-17 16:50:39,871 : INFO : Timer.attract_switch : Starting Timer.
2024-08-17 16:50:39,871 : INFO : EventManager : Event: ======'timer_attract_switch_started'====== Args={'ticks': 0, 'ticks_remaining': 45}
2024-08-17 16:50:39,871 : INFO : EventManager : Event: ======'timer_attract_switch_tick'====== Args={'ticks': 0, 'ticks_remaining': 45}
2024-08-17 16:50:39,871 : INFO : EventManager : Event: ======'mode_attract_starting'====== Args={}
2024-08-17 16:50:39,872 : INFO : Mode.attract : Started. Priority: 10
2024-08-17 16:50:39,872 : INFO : EventManager : Event: ======'modes_active_modes_changed'====== Args={}
2024-08-17 16:50:39,872 : INFO : EventManager : Event: ======'mode_attract_started'====== Args={}
2024-08-17 16:50:39,872 : INFO : EventManager : Event: ======'collecting_balls_complete'====== Args={}
2024-08-17 16:50:39,872 : INFO : Machine : Starting the main run loop.
2024-08-17 16:50:40,712 : INFO : SwitchController : <<<<<<< 's_start' active >>>>>>>
2024-08-17 16:50:40,712 : INFO : EventManager : Event: ======'s_start_active'====== Args={}
2024-08-17 16:50:40,712 : INFO : EventManager : Event: ======'sw_add_player'====== Args={'priority': 0}
2024-08-17 16:50:40,763 : INFO : BcpServer : New client connected.
2024-08-17 16:50:40,837 : INFO : SwitchController : <<<<<<< 's_start' inactive >>>>>>>
2024-08-17 16:50:40,837 : INFO : EventManager : Event: ======'request_to_start_game'====== Args={}
2024-08-17 16:50:40,838 : INFO : EventManager : Event: ======'game_start'====== Args={'buttons': [], 'hold_time': 0.12538033400000015}
2024-08-17 16:50:40,838 : INFO : EventManager : Event: ======'mode_game_will_start'====== Args={'buttons': [], 'hold_time': 0.12538033400000015}
2024-08-17 16:50:40,838 : INFO : EventManager : Event: ======'mode_game_starting'====== Args={'buttons': [], 'hold_time': 0.12538033400000015}
2024-08-17 16:50:40,838 : INFO : EventManager : Event: ======'mode_attract_will_stop'====== Args={}
2024-08-17 16:50:40,839 : INFO : EventManager : Event: ======'mode_attract_stopping'====== Args={}
2024-08-17 16:50:40,839 : INFO : Mode.attract : Stopped.
2024-08-17 16:50:40,839 : INFO : EventManager : Event: ======'modes_active_modes_changed'====== Args={}
2024-08-17 16:50:40,839 : INFO : EventManager : Event: ======'mode_attract_stopped'====== Args={}
2024-08-17 16:50:40,839 : INFO : EventManager : Event: ======'clear'====== Args={'key': 'attract'}
2024-08-17 16:50:40,839 : INFO : Timer.attract_switch : Stopping Timer
2024-08-17 16:50:40,839 : INFO : EventManager : Event: ======'timer_attract_switch_stopped'====== Args={'ticks': 0, 'ticks_remaining': 45}
2024-08-17 16:50:40,840 : INFO : Mode.game : Started. Priority: 20
2024-08-17 16:50:40,840 : INFO : EventManager : Event: ======'modes_active_modes_changed'====== Args={}
2024-08-17 16:50:40,840 : INFO : EventManager : Event: ======'mode_game_started'====== Args={'buttons': [], 'hold_time': 0.12538033400000015}
2024-08-17 16:50:40,840 : INFO : EventManager : Event: ======'game_will_start'====== Args={}
2024-08-17 16:50:40,841 : INFO : EventManager : Event: ======'game_starting'====== Args={'game': <Mode.game>}
2024-08-17 16:50:40,841 : INFO : EventManager : Unordered handler for class <Auditor> on event game_ended with priority 1. Handlers: [RegisteredHandler(callback=<bound method Auditor.disable of <Auditor>>, priority=1, kwargs={}, key=UUID('161b0aec-ac58-494c-b508-fe268287b142'), condition=None, blocking_facility=None), RegisteredHandler(callback=<bound method Auditor._save_audits of <Auditor>>, priority=1, kwargs={}, key=UUID('228a122f-7e2c-4056-b02c-e5646be63e35'), condition=None, blocking_facility=None)]. The order of those handlers is not defined and they will be executed in random order. This might lead to race conditions and potential bugs.
2024-08-17 16:50:40,841 : INFO : EventManager : Event: ======'player_add_request'====== Args={}
2024-08-17 16:50:40,842 : INFO : EventManager : Event: ======'player_will_add'====== Args={'number': 1}
2024-08-17 16:50:40,842 : INFO : EventManager : Event: ======'player_adding'====== Args={'player': <Player 1>, 'number': 1}
2024-08-17 16:50:40,842 : INFO : EventManager : Event: ======'player_added'====== Args={'player': <Player 1>, 'num': 1}
2024-08-17 16:50:40,842 : INFO : Mode.game : Player added successfully. Total players: 1
2024-08-17 16:50:40,842 : INFO : EventManager : Event: ======'player_index'====== Args={'value': 0, 'prev_value': 0, 'change': 0, 'player_num': 1}
2024-08-17 16:50:40,842 : INFO : EventManager : Event: ======'player_number'====== Args={'value': 1, 'prev_value': 1, 'change': 0, 'player_num': 1}
2024-08-17 16:50:40,843 : INFO : EventManager : Event: ======'player_score'====== Args={'value': 0, 'prev_value': 0, 'change': 0, 'player_num': 1}
2024-08-17 16:50:40,843 : INFO : EventManager : Event: ======'game_started'====== Args={}
2024-08-17 16:50:40,843 : INFO : EventManager : Event: ======'player_turn_will_start'====== Args={'player': <Player 1>, 'number': 1}
2024-08-17 16:50:40,849 : INFO : EventManager : Event: ======'player_turn_starting'====== Args={'player': <Player 1>, 'number': 1}
2024-08-17 16:50:40,852 : INFO : EventManager : Event: ======'player_ball'====== Args={'value': 1, 'prev_value': 0, 'change': 1, 'player_num': 1}
2024-08-17 16:50:40,853 : INFO : EventManager : Event: ======'player_turn_started'====== Args={'player': <Player 1>, 'number': 1}
2024-08-17 16:50:40,853 : INFO : EventManager : Event: ======'ball_will_start'====== Args={'player': 1, 'ball': 1, 'balls_remaining': 2, 'is_extra_ball': False}
2024-08-17 16:50:40,853 : INFO : EventManager : Event: ======'ball_starting'====== Args={'player': 1, 'ball': 1, 'balls_remaining': 2, 'is_extra_ball': False}
2024-08-17 16:50:40,854 : INFO : EventManager : Event: ======'slide__removed'====== Args={'_from_bcp': True}
2024-08-17 16:50:40,854 : INFO : EventManager : Event: ======'mode_skillshot_will_start'====== Args={'queue': <QueuedEvent>, 'player': 1, 'ball': 1, 'balls_remaining': 2, 'is_extra_ball': False}
2024-08-17 16:50:40,854 : INFO : EventManager : Event: ======'skillshot_complete'====== Args={'state': 'None'}
2024-08-17 16:50:40,854 : INFO : EventManager : Event: ======'skillshot_None_complete'====== Args={}
2024-08-17 16:50:40,855 : INFO : EventManager : Event: ======'player_shot_skillshot_p_target_enabled'====== Args={'value': True, 'prev_value': 0, 'change': 1, 'player_num': 1}
2024-08-17 16:50:40,855 : INFO : EventManager : Event: ======'player_shot_skillshot_r_target_enabled'====== Args={'value': True, 'prev_value': 0, 'change': 1, 'player_num': 1}
2024-08-17 16:50:40,855 : INFO : EventManager : Event: ======'player_shot_skillshot_o_target_enabled'====== Args={'value': True, 'prev_value': 0, 'change': 1, 'player_num': 1}
2024-08-17 16:50:40,856 : INFO : EventManager : Event: ======'player_shot_skillshot_p2_target_enabled'====== Args={'value': True, 'prev_value': 0, 'change': 1, 'player_num': 1}
2024-08-17 16:50:40,856 : INFO : EventManager : Event: ======'player_shot_skillshot_a_target_enabled'====== Args={'value': True, 'prev_value': 0, 'change': 1, 'player_num': 1}
2024-08-17 16:50:40,856 : INFO : EventManager : Event: ======'player_shot_skillshot_n_target_enabled'====== Args={'value': True, 'prev_value': 0, 'change': 1, 'player_num': 1}
2024-08-17 16:50:40,856 : INFO : EventManager : Event: ======'player_shot_skillshot_e_target_enabled'====== Args={'value': True, 'prev_value': 0, 'change': 1, 'player_num': 1}
2024-08-17 16:50:40,857 : INFO : EventManager : Event: ======'player_skillshot_skillshot_rotate_tick'====== Args={'value': 0, 'prev_value': 0, 'change': 0, 'player_num': 1}
2024-08-17 16:50:40,857 : INFO : Timer.skillshot_rotate : Starting Timer.
2024-08-17 16:50:40,857 : INFO : EventManager : Event: ======'timer_skillshot_rotate_started'====== Args={'ticks': 0, 'ticks_remaining': 0}
2024-08-17 16:50:40,857 : INFO : EventManager : Event: ======'timer_skillshot_rotate_tick'====== Args={'ticks': 0, 'ticks_remaining': 0}
2024-08-17 16:50:40,858 : INFO : EventManager : Event: ======'mode_skillshot_starting'====== Args={'queue': <QueuedEvent>, 'player': 1, 'ball': 1, 'balls_remaining': 2, 'is_extra_ball': False}
2024-08-17 16:50:40,858 : INFO : drop_target_bank.strickland_bank : All targets are already up. Will not reset bank.
2024-08-17 16:50:40,858 : INFO : EventManager : Event: ======'cmd_flippers_enable'====== Args={'priority': 0}
2024-08-17 16:50:40,858 : INFO : EventManager : Event: ======'cmd_autofire_coils_enable'====== Args={'priority': 0}
2024-08-17 16:50:40,858 : INFO : EventManager : Event: ======'cmd_drop_targets_reset'====== Args={'priority': 0}
2024-08-17 16:50:40,859 : INFO : Mode.skillshot : Started. Priority: 200
2024-08-17 16:50:40,859 : INFO : EventManager : Event: ======'modes_active_modes_changed'====== Args={}
2024-08-17 16:50:40,859 : INFO : EventManager : Event: ======'mode_skillshot_started'====== Args={'queue': <QueuedEvent>, 'player': 1, 'ball': 1, 'balls_remaining': 2, 'is_extra_ball': False}
2024-08-17 16:50:40,859 : INFO : EventManager : Event: ======'player_shot_skillshot_p_target'====== Args={'value': 1, 'prev_value': 0, 'change': 1, 'player_num': 1}
2024-08-17 16:50:40,859 : INFO : EventManager : Event: ======'balls_in_play'====== Args={'balls': 1}
2024-08-17 16:50:40,859 : INFO : EventManager : Event: ======'ball_started'====== Args={'player': 1, 'ball': 1, 'balls_remaining': 2, 'is_extra_ball': False}
2024-08-17 16:50:40,860 : INFO : EventManager : Event: ======'mode_extra_ball_will_start'====== Args={'player': 1, 'ball': 1, 'balls_remaining': 2, 'is_extra_ball': False}
2024-08-17 16:50:40,860 : INFO : EventManager : Event: ======'player_extra_ball_score_one_num_awarded'====== Args={'value': 0, 'prev_value': 0, 'change': 0, 'player_num': 1}
2024-08-17 16:50:40,860 : INFO : EventManager : Event: ======'player_extra_ball_score_two_num_awarded'====== Args={'value': 0, 'prev_value': 0, 'change': 0, 'player_num': 1}
2024-08-17 16:50:40,860 : INFO : EventManager : Event: ======'mode_extra_ball_starting'====== Args={'player': 1, 'ball': 1, 'balls_remaining': 2, 'is_extra_ball': False}
2024-08-17 16:50:40,860 : INFO : EventManager : Event: ======'mode_rainey_multiball_will_start'====== Args={'player': 1, 'ball': 1, 'balls_remaining': 2, 'is_extra_ball': False}
2024-08-17 16:50:40,861 : INFO : EventManager : Event: ======'mode_rainey_multiball_starting'====== Args={'player': 1, 'ball': 1, 'balls_remaining': 2, 'is_extra_ball': False}
2024-08-17 16:50:40,861 : INFO : EventManager : Event: ======'mode_hank_rollover_will_start'====== Args={'player': 1, 'ball': 1, 'balls_remaining': 2, 'is_extra_ball': False}
2024-08-17 16:50:40,861 : INFO : EventManager : Event: ======'player_shot_h_rollover_lane_enabled'====== Args={'value': True, 'prev_value': 0, 'change': 1, 'player_num': 1}
2024-08-17 16:50:40,861 : INFO : EventManager : Event: ======'player_shot_a_rollover_lane_enabled'====== Args={'value': True, 'prev_value': 0, 'change': 1, 'player_num': 1}
2024-08-17 16:50:40,862 : INFO : EventManager : Event: ======'player_shot_n_rollover_lane_enabled'====== Args={'value': True, 'prev_value': 0, 'change': 1, 'player_num': 1}
2024-08-17 16:50:40,862 : INFO : EventManager : Event: ======'player_shot_k_rollover_lane_enabled'====== Args={'value': True, 'prev_value': 0, 'change': 1, 'player_num': 1}
2024-08-17 16:50:40,862 : INFO : EventManager : Event: ======'hank_lanes_complete'====== Args={'state': 'unlit'}
2024-08-17 16:50:40,862 : INFO : EventManager : Event: ======'hank_lanes_unlit_complete'====== Args={}
2024-08-17 16:50:40,863 : INFO : EventManager : Event: ======'mode_hank_rollover_starting'====== Args={'player': 1, 'ball': 1, 'balls_remaining': 2, 'is_extra_ball': False}
2024-08-17 16:50:40,863 : INFO : EventManager : Event: ======'mode_BBQ_rollover_will_start'====== Args={'player': 1, 'ball': 1, 'balls_remaining': 2, 'is_extra_ball': False}
2024-08-17 16:50:40,863 : INFO : EventManager : Event: ======'player_shot_left_rollover_lane_enabled'====== Args={'value': True, 'prev_value': 0, 'change': 1, 'player_num': 1}
2024-08-17 16:50:40,863 : INFO : EventManager : Event: ======'player_shot_middle_rollover_lane_enabled'====== Args={'value': True, 'prev_value': 0, 'change': 1, 'player_num': 1}
2024-08-17 16:50:40,863 : INFO : EventManager : Event: ======'player_shot_right_rollover_lane_enabled'====== Args={'value': True, 'prev_value': 0, 'change': 1, 'player_num': 1}
2024-08-17 16:50:40,864 : INFO : EventManager : Event: ======'BBQ_lanes_complete'====== Args={'state': 'unlit'}
2024-08-17 16:50:40,864 : INFO : EventManager : Event: ======'BBQ_lanes_unlit_complete'====== Args={}
2024-08-17 16:50:40,865 : INFO : EventManager : Event: ======'mode_BBQ_rollover_starting'====== Args={'player': 1, 'ball': 1, 'balls_remaining': 2, 'is_extra_ball': False}
2024-08-17 16:50:40,865 : INFO : EventManager : Event: ======'mode_base_will_start'====== Args={'player': 1, 'ball': 1, 'balls_remaining': 2, 'is_extra_ball': False}
2024-08-17 16:50:40,865 : INFO : EventManager : Event: ======'player_shot_qualify_p_target_enabled'====== Args={'value': True, 'prev_value': 0, 'change': 1, 'player_num': 1}
2024-08-17 16:50:40,865 : INFO : EventManager : Event: ======'player_shot_qualify_r_target_enabled'====== Args={'value': True, 'prev_value': 0, 'change': 1, 'player_num': 1}
2024-08-17 16:50:40,865 : INFO : EventManager : Event: ======'player_shot_qualify_o_target_enabled'====== Args={'value': True, 'prev_value': 0, 'change': 1, 'player_num': 1}
2024-08-17 16:50:40,865 : INFO : EventManager : Event: ======'player_shot_scoop_enabled'====== Args={'value': True, 'prev_value': 0, 'change': 1, 'player_num': 1}
2024-08-17 16:50:40,866 : INFO : EventManager : Event: ======'player_shot_rainey_multiball_ball_lock_p2_target_enabled'====== Args={'value': True, 'prev_value': 0, 'change': 1, 'player_num': 1}
2024-08-17 16:50:40,866 : INFO : EventManager : Event: ======'player_shot_rainey_multiball_ball_lock_a_target_enabled'====== Args={'value': True, 'prev_value': 0, 'change': 1, 'player_num': 1}
2024-08-17 16:50:40,866 : INFO : EventManager : Event: ======'player_shot_rainey_multiball_ball_lock_n_target_enabled'====== Args={'value': True, 'prev_value': 0, 'change': 1, 'player_num': 1}
2024-08-17 16:50:40,867 : INFO : EventManager : Event: ======'player_shot_rainey_multiball_ball_lock_e_target_enabled'====== Args={'value': True, 'prev_value': 0, 'change': 1, 'player_num': 1}
2024-08-17 16:50:40,867 : INFO : EventManager : Event: ======'player_shot_spinner_enabled'====== Args={'value': True, 'prev_value': 0, 'change': 1, 'player_num': 1}
2024-08-17 16:50:40,867 : INFO : EventManager : Event: ======'qualify_mission_complete'====== Args={'state': 'unlit'}
2024-08-17 16:50:40,867 : INFO : EventManager : Event: ======'qualify_mission_unlit_complete'====== Args={}
2024-08-17 16:50:40,867 : INFO : EventManager : Event: ======'light_rainey_multiball_ball_lock_complete'====== Args={'state': 'unlit'}
2024-08-17 16:50:40,867 : INFO : EventManager : Event: ======'light_rainey_multiball_ball_lock_unlit_complete'====== Args={}
2024-08-17 16:50:40,869 : INFO : EventManager : Event: ======'mode_base_starting'====== Args={'player': 1, 'ball': 1, 'balls_remaining': 2, 'is_extra_ball': False}
2024-08-17 16:50:40,869 : INFO : Mode.base : Started. Priority: 100
2024-08-17 16:50:40,869 : INFO : EventManager : Event: ======'modes_active_modes_changed'====== Args={}
2024-08-17 16:50:40,869 : INFO : EventManager : Event: ======'mode_base_started'====== Args={'player': 1, 'ball': 1, 'balls_remaining': 2, 'is_extra_ball': False}
2024-08-17 16:50:40,870 : INFO : EventManager : Event: ======'ball_save_default_enabled'====== Args={}
2024-08-17 16:50:40,870 : INFO : Mode.extra_ball : Started. Priority: 900
2024-08-17 16:50:40,870 : INFO : EventManager : Event: ======'modes_active_modes_changed'====== Args={}
2024-08-17 16:50:40,870 : INFO : EventManager : Event: ======'mode_extra_ball_started'====== Args={'player': 1, 'ball': 1, 'balls_remaining': 2, 'is_extra_ball': False}
2024-08-17 16:50:40,870 : INFO : EventManager : Event: ======'logicblock_mb_counter_updated'====== Args={'value': 0, 'enabled': False}
2024-08-17 16:50:40,870 : INFO : Mode.rainey_multiball : Started. Priority: 250
2024-08-17 16:50:40,870 : INFO : EventManager : Event: ======'modes_active_modes_changed'====== Args={}
2024-08-17 16:50:40,870 : INFO : EventManager : Event: ======'mode_rainey_multiball_started'====== Args={'player': 1, 'ball': 1, 'balls_remaining': 2, 'is_extra_ball': False}
2024-08-17 16:50:40,870 : INFO : EventManager : Event: ======'logicblock_lb_hank_complete_count_updated'====== Args={'value': 1, 'enabled': True}
2024-08-17 16:50:40,871 : INFO : EventManager : Event: ======'logicblock_lb_hank_complete_count_updated'====== Args={'value': 1, 'enabled': True}
2024-08-17 16:50:40,871 : INFO : Mode.hank_rollover : Started. Priority: 200
2024-08-17 16:50:40,871 : INFO : EventManager : Event: ======'modes_active_modes_changed'====== Args={}
2024-08-17 16:50:40,871 : INFO : EventManager : Event: ======'mode_hank_rollover_started'====== Args={'player': 1, 'ball': 1, 'balls_remaining': 2, 'is_extra_ball': False}
2024-08-17 16:50:40,871 : INFO : EventManager : Event: ======'logicblock_lb_BBQ_complete_count_updated'====== Args={'value': 1, 'enabled': True}
2024-08-17 16:50:40,871 : INFO : EventManager : Event: ======'logicblock_lb_BBQ_complete_count_updated'====== Args={'value': 1, 'enabled': True}
2024-08-17 16:50:40,871 : INFO : Mode.BBQ_rollover : Started. Priority: 200
2024-08-17 16:50:40,871 : INFO : EventManager : Event: ======'modes_active_modes_changed'====== Args={}
2024-08-17 16:50:40,871 : INFO : EventManager : Event: ======'mode_BBQ_rollover_started'====== Args={'player': 1, 'ball': 1, 'balls_remaining': 2, 'is_extra_ball': False}
2024-08-17 16:50:40,871 : INFO : EventManager : Event: ======'player_bonus_multiplier'====== Args={'value': 1, 'prev_value': 0, 'change': 1, 'player_num': 1, 'source': 'BBQ_rollover'}
2024-08-17 16:50:40,871 : INFO : EventManager : Event: ======'single_player_ball_started'====== Args={}
2024-08-17 16:50:40,874 : INFO : EventManager : Event: ======'ball_start_target'====== Args={'target': 'playfield'}
2024-08-17 16:50:40,875 : INFO : ball_device.bd_plunger : Setting up player-controlled eject. Balls: 1, Target: <playfield.playfield>, player_controlled_eject_event: s_launch_button_inactive
2024-08-17 16:50:40,875 : INFO : EventManager : Event: ======'balldevice_balls_available'====== Args={}
2024-08-17 16:50:40,875 : INFO : ball_device.bd_trough : State: waiting_for_target_ready
2024-08-17 16:50:40,875 : INFO : EventManager : Event: ======'balldevice_bd_trough_ball_eject_attempt'====== Args={'balls': 1, 'target': <ball_device.bd_plunger>, 'source': <ball_device.bd_trough>, 'mechanical_eject': True, 'num_attempts': 0}
2024-08-17 16:50:40,875 : INFO : ball_device.bd_plunger : State: waiting_for_ball
2024-08-17 16:50:40,876 : INFO : ball_device.bd_trough : State: ejecting
2024-08-17 16:50:40,876 : INFO : ball_device.bd_trough : Ejecting ball to <ball_device.bd_plunger>
2024-08-17 16:50:40,876 : INFO : EventManager : Event: ======'balldevice_bd_trough_ejecting_ball'====== Args={'balls': 1, 'target': <ball_device.bd_plunger>, 'source': <ball_device.bd_trough>, 'mechanical_eject': True, 'num_attempts': 0}
2024-08-17 16:50:40,876 : INFO : ball_device.bd_trough : Wait for ball to leave device
2024-08-17 16:50:40,876 : INFO : coil.c_trough_eject : Pulsing Driver for 20ms (1.0 pulse_power)
2024-08-17 16:50:40,876 : INFO : SwitchController : <<<<<<< 's_trough1' inactive >>>>>>>
2024-08-17 16:50:40,877 : INFO : ball_device.bd_trough : State: ball_left
2024-08-17 16:50:40,877 : INFO : ball_device.bd_trough : Ball left
2024-08-17 16:50:40,877 : INFO : ball_device.bd_trough : Wait for confirm with timeout 3.0
2024-08-17 16:50:40,885 : INFO : EventManager : Event: ======'slide_arlen_intro_created'====== Args={'_from_bcp': True}
2024-08-17 16:50:40,886 : INFO : EventManager : Event: ======'slide_arlen_intro_active'====== Args={'original_context': 'skillshot', 'original_calling_context': 'mode_skillshot_started', 'queue': '<QueuedEvent>', 'cmd': 'slides_play', '_from_bcp': True}
2024-08-17 16:50:40,893 : INFO : EventManager : Event: ======'slide_base_created'====== Args={'_from_bcp': True}
2024-08-17 16:50:40,977 : INFO : SwitchController : <<<<<<< 's_plunger' active >>>>>>>
2024-08-17 16:50:40,978 : INFO : EventManager : Event: ======'machine_var_audits_switches_s_plunger'====== Args={'value': 900, 'prev_value': 899, 'change': 1}
2024-08-17 16:50:41,479 : INFO : ball_device.bd_plunger : Received ball from <ball_device.bd_trough>
2024-08-17 16:50:41,480 : INFO : EventManager : Event: ======'balldevice_bd_plunger_ball_enter'====== Args={'new_balls': 1, 'unclaimed_balls': 0, 'new_available_balls': 0, 'device': <ball_device.bd_plunger>}
2024-08-17 16:50:41,482 : INFO : EventManager : Event: ======'balldevice_bd_plunger_ball_entered'====== Args={'new_balls': 0, 'device': <ball_device.bd_plunger>}
2024-08-17 16:50:41,483 : INFO : EventManager : Event: ======'balldevice_bd_plunger_ball_count_changed'====== Args={'balls': 1}
2024-08-17 16:50:41,483 : INFO : ball_device.bd_trough : Got eject confirm
2024-08-17 16:50:41,483 : INFO : ball_device.bd_trough : Eject successful
2024-08-17 16:50:41,483 : INFO : EventManager : Event: ======'balldevice_bd_trough_ball_eject_success'====== Args={'balls': 1, 'target': <ball_device.bd_plunger>}
2024-08-17 16:50:41,485 : INFO : EventManager : Event: ======'balldevice_bd_trough_ball_count_changed'====== Args={'balls': 5}
2024-08-17 16:50:41,486 : INFO : ball_device.bd_trough : State: idle
2024-08-17 16:50:41,487 : INFO : ball_device.bd_plunger : State: waiting_for_target_ready
2024-08-17 16:50:41,488 : INFO : EventManager : Event: ======'balldevice_bd_plunger_ball_eject_attempt'====== Args={'balls': 1, 'target': <playfield.playfield>, 'source': <ball_device.bd_plunger>, 'mechanical_eject': True, 'num_attempts': 0}
2024-08-17 16:50:41,490 : INFO : ball_device.bd_plunger : State: ejecting
2024-08-17 16:50:41,490 : INFO : ball_device.bd_plunger : Ejecting ball to <playfield.playfield>
2024-08-17 16:50:41,490 : INFO : EventManager : Event: ======'balldevice_bd_plunger_ejecting_ball'====== Args={'balls': 1, 'target': <playfield.playfield>, 'source': <ball_device.bd_plunger>, 'mechanical_eject': True, 'num_attempts': 0}
2024-08-17 16:50:41,492 : INFO : ball_device.bd_plunger : Wait for ball to leave device
2024-08-17 16:50:41,604 : WARNING : SwitchController : Received duplicate switch state 1 for switch s_plunger from the platform interface. Log Code: Log-SwitchController-1 (https://missionpinball.org/logs)
2024-08-17 16:50:41,739 : INFO : SwitchController : <<<<<<< 's_plunger' inactive >>>>>>>
2024-08-17 16:50:41,740 : INFO : ball_device.bd_plunger : State: ball_left
2024-08-17 16:50:41,741 : INFO : ball_device.bd_plunger : Ball left
2024-08-17 16:50:41,741 : INFO : ball_device.bd_plunger : Wait for confirm with timeout 3.0
2024-08-17 16:50:41,858 : INFO : EventManager : Event: ======'player_skillshot_skillshot_rotate_tick'====== Args={'value': 1, 'prev_value': 0, 'change': 1, 'player_num': 1}
2024-08-17 16:50:41,880 : INFO : EventManager : Event: ======'timer_skillshot_rotate_tick'====== Args={'ticks': 1, 'ticks_remaining': 0}
2024-08-17 16:50:41,883 : INFO : EventManager : Event: ======'player_shot_skillshot_p_target'====== Args={'value': 0, 'prev_value': 1, 'change': -1, 'player_num': 1}
2024-08-17 16:50:41,884 : INFO : EventManager : Event: ======'player_shot_skillshot_r_target'====== Args={'value': 1, 'prev_value': 0, 'change': 1, 'player_num': 1}
2024-08-17 16:50:42,858 : INFO : EventManager : Event: ======'player_skillshot_skillshot_rotate_tick'====== Args={'value': 2, 'prev_value': 1, 'change': 1, 'player_num': 1}
2024-08-17 16:50:42,859 : INFO : EventManager : Event: ======'timer_skillshot_rotate_tick'====== Args={'ticks': 2, 'ticks_remaining': 0}
2024-08-17 16:50:42,859 : INFO : EventManager : Event: ======'player_shot_skillshot_r_target'====== Args={'value': 0, 'prev_value': 1, 'change': -1, 'player_num': 1}
2024-08-17 16:50:42,860 : INFO : EventManager : Event: ======'player_shot_skillshot_o_target'====== Args={'value': 1, 'prev_value': 0, 'change': 1, 'player_num': 1}
2024-08-17 16:50:43,217 : INFO : SwitchController : <<<<<<< 's_plunger_lane_exit' active >>>>>>>
2024-08-17 16:50:43,218 : INFO : EventManager : Event: ======'s_plunger_lane_exit_active'====== Args={}
2024-08-17 16:50:43,218 : INFO : EventManager : Event: ======'sw_playfield_active'====== Args={}
2024-08-17 16:50:43,218 : INFO : EventManager : Event: ======'machine_var_audits_switches_s_plunger_lane_exit'====== Args={'value': 642, 'prev_value': 641, 'change': 1}
2024-08-17 16:50:43,219 : INFO : EventManager : Event: ======'ball_save_default_timer_start'====== Args={}
2024-08-17 16:50:43,220 : INFO : EventManager : Event: ======'playfield_active'====== Args={}
2024-08-17 16:50:43,227 : INFO : ball_device.bd_plunger : Got eject confirm
2024-08-17 16:50:43,227 : INFO : ball_device.bd_plunger : Eject successful
2024-08-17 16:50:43,227 : INFO : EventManager : Event: ======'balldevice_bd_plunger_ball_eject_success'====== Args={'balls': 1, 'target': <playfield.playfield>}
2024-08-17 16:50:43,228 : INFO : EventManager : Event: ======'balldevice_playfield_ball_enter'====== Args={'new_balls': 1, 'unclaimed_balls': 1, 'device': <playfield.playfield>}
2024-08-17 16:50:43,228 : INFO : EventManager : Event: ======'playfield_ball_count_change'====== Args={'balls': 1, 'change': 1}
2024-08-17 16:50:43,228 : INFO : EventManager : Event: ======'balldevice_bd_plunger_ball_count_changed'====== Args={'balls': 0}
2024-08-17 16:50:43,229 : INFO : ball_device.bd_plunger : State: idle
2024-08-17 16:50:43,290 : INFO : SwitchController : <<<<<<< 's_plunger_lane_exit' inactive >>>>>>>
2024-08-17 16:50:43,290 : INFO : EventManager : Event: ======'s_plunger_lane_exit_inactive'====== Args={}
2024-08-17 16:50:43,291 : INFO : Timer.skillshot_rotate : Stopping Timer
2024-08-17 16:50:43,291 : INFO : EventManager : Event: ======'timer_skillshot_rotate_stopped'====== Args={'ticks': 2, 'ticks_remaining': 0}
2024-08-17 16:50:43,291 : INFO : EventManager : Event: ======'advance_skillshot_3'====== Args={'priority': 0}
2024-08-17 16:50:43,292 : INFO : EventManager : Event: ======'player_shot_skillshot_o_target'====== Args={'value': 2, 'prev_value': 1, 'change': 1, 'player_num': 1}
2024-08-17 16:50:44,875 : INFO : SwitchController : <<<<<<< 's_e_target' active >>>>>>>
2024-08-17 16:50:44,875 : INFO : EventManager : Event: ======'s_e_target_active'====== Args={}
2024-08-17 16:50:44,876 : INFO : EventManager : Event: ======'machine_var_audits_switches_s_e_target'====== Args={'value': 163, 'prev_value': 162, 'change': 1}
2024-08-17 16:50:44,879 : INFO : EventManager : Event: ======'machine_var_audits_shots_skillshot_e_target'====== Args={'value': 61, 'prev_value': 60, 'change': 1}
2024-08-17 16:50:44,889 : INFO : EventManager : Event: ======'skillshot_e_target_hit'====== Args={'profile': 'skillshot_profile', 'state': 'off', 'advancing': False}
2024-08-17 16:50:44,889 : INFO : EventManager : Event: ======'skillshot_e_target_skillshot_profile_hit'====== Args={'profile': 'skillshot_profile', 'state': 'off', 'advancing': False}
2024-08-17 16:50:44,890 : INFO : EventManager : Event: ======'skillshot_e_target_skillshot_profile_off_hit'====== Args={'profile': 'skillshot_profile', 'state': 'off', 'advancing': False}
2024-08-17 16:50:44,890 : INFO : EventManager : Event: ======'skillshot_e_target_off_hit'====== Args={'profile': 'skillshot_profile', 'state': 'off', 'advancing': False}
2024-08-17 16:50:44,890 : INFO : EventManager : Event: ======'player_shot_rainey_multiball_ball_lock_e_target'====== Args={'value': 1, 'prev_value': 0, 'change': 1, 'player_num': 1}
2024-08-17 16:50:44,891 : INFO : EventManager : Event: ======'machine_var_audits_shots_rainey_multiball_ball_lock_e_target'====== Args={'value': 31, 'prev_value': 30, 'change': 1}
2024-08-17 16:50:44,892 : INFO : EventManager : Event: ======'rainey_multiball_ball_lock_e_target_hit'====== Args={'profile': 'rainey_multiball_ball_lock', 'state': 'unlit', 'advancing': True}
2024-08-17 16:50:44,892 : INFO : EventManager : Event: ======'rainey_multiball_ball_lock_e_target_rainey_multiball_ball_lock_hit'====== Args={'profile': 'rainey_multiball_ball_lock', 'state': 'unlit', 'advancing': True}
2024-08-17 16:50:44,892 : INFO : EventManager : Event: ======'rainey_multiball_ball_lock_e_target_rainey_multiball_ball_lock_unlit_hit'====== Args={'profile': 'rainey_multiball_ball_lock', 'state': 'unlit', 'advancing': True}
2024-08-17 16:50:44,892 : INFO : EventManager : Event: ======'rainey_multiball_ball_lock_e_target_unlit_hit'====== Args={'profile': 'rainey_multiball_ball_lock', 'state': 'unlit', 'advancing': True}
2024-08-17 16:50:44,892 : INFO : EventManager : Event: ======'player_score'====== Args={'value': 50, 'prev_value': 0, 'change': 50, 'player_num': 1, 'source': 'base'}
2024-08-17 16:50:44,893 : INFO : EventManager : Event: ======'skillshot_hit'====== Args={'shot': 'skillshot_e_target'}
2024-08-17 16:50:44,893 : INFO : EventManager : Event: ======'skillshot_off_hit'====== Args={'shot': 'skillshot_e_target'}
2024-08-17 16:50:44,893 : INFO : EventManager : Event: ======'stop_mode_skillshot'====== Args={'priority': 0}
2024-08-17 16:50:44,893 : INFO : EventManager : Event: ======'mode_skillshot_will_stop'====== Args={}
2024-08-17 16:50:44,893 : INFO : EventManager : Event: ======'mode_skillshot_stopping'====== Args={}
2024-08-17 16:50:44,893 : INFO : EventManager : Event: ======'light_rainey_multiball_ball_lock_hit'====== Args={'shot': 'rainey_multiball_ball_lock_e_target'}
2024-08-17 16:50:44,893 : INFO : EventManager : Event: ======'light_rainey_multiball_ball_lock_unlit_hit'====== Args={'shot': 'rainey_multiball_ball_lock_e_target'}
2024-08-17 16:50:44,895 : INFO : Mode.skillshot : Stopped.
2024-08-17 16:50:44,895 : INFO : EventManager : Event: ======'modes_active_modes_changed'====== Args={}
2024-08-17 16:50:44,896 : INFO : EventManager : Event: ======'mode_skillshot_stopped'====== Args={}
2024-08-17 16:50:44,896 : INFO : EventManager : Event: ======'clear'====== Args={'key': 'skillshot'}
2024-08-17 16:50:44,897 : INFO : Timer.skillshot_rotate : Stopping Timer
2024-08-17 16:50:44,897 : INFO : EventManager : Event: ======'timer_skillshot_rotate_stopped'====== Args={'ticks': 2, 'ticks_remaining': 0}
2024-08-17 16:50:44,914 : INFO : EventManager : Event: ======'slide_arlen_intro_inactive'====== Args={'_from_bcp': True}
2024-08-17 16:50:44,914 : INFO : EventManager : Event: ======'slide_base_active'====== Args={'_from_bcp': True}
2024-08-17 16:50:44,914 : INFO : EventManager : Event: ======'slide_arlen_intro_removed'====== Args={'_from_bcp': True}
2024-08-17 16:50:44,973 : INFO : SwitchController : <<<<<<< 's_e_target' inactive >>>>>>>
2024-08-17 16:50:46,260 : INFO : SwitchController : <<<<<<< 's_left_ramp_standup' active >>>>>>>
2024-08-17 16:50:46,261 : INFO : EventManager : Event: ======'s_left_ramp_standup_active'====== Args={}
2024-08-17 16:50:46,261 : INFO : EventManager : Event: ======'machine_var_audits_switches_s_left_ramp_standup'====== Args={'value': 1159, 'prev_value': 1158, 'change': 1}
2024-08-17 16:50:46,263 : INFO : EventManager : Event: ======'player_score'====== Args={'value': 150, 'prev_value': 50, 'change': 100, 'player_num': 1, 'source': 'base'}
2024-08-17 16:50:46,264 : INFO : EventManager : Event: ======'player_alamo'====== Args={'value': 1, 'prev_value': 0, 'change': 1, 'player_num': 1, 'source': 'base'}
2024-08-17 16:50:46,341 : INFO : SwitchController : <<<<<<< 's_left_ramp_standup' inactive >>>>>>>
2024-08-17 16:50:46,391 : INFO : SwitchController : <<<<<<< 's_left_ramp_standup' active >>>>>>>
2024-08-17 16:50:46,391 : INFO : EventManager : Event: ======'s_left_ramp_standup_active'====== Args={}
2024-08-17 16:50:46,392 : INFO : EventManager : Event: ======'machine_var_audits_switches_s_left_ramp_standup'====== Args={'value': 1160, 'prev_value': 1159, 'change': 1}
2024-08-17 16:50:46,394 : INFO : EventManager : Event: ======'player_score'====== Args={'value': 250, 'prev_value': 150, 'change': 100, 'player_num': 1, 'source': 'base'}
2024-08-17 16:50:46,395 : INFO : EventManager : Event: ======'player_alamo'====== Args={'value': 2, 'prev_value': 1, 'change': 1, 'player_num': 1, 'source': 'base'}
2024-08-17 16:50:46,491 : INFO : SwitchController : <<<<<<< 's_left_ramp_standup' inactive >>>>>>>
2024-08-17 16:50:46,542 : INFO : SwitchController : <<<<<<< 's_left_ramp_standup' active >>>>>>>
2024-08-17 16:50:46,542 : INFO : EventManager : Event: ======'s_left_ramp_standup_active'====== Args={}
2024-08-17 16:50:46,543 : INFO : EventManager : Event: ======'machine_var_audits_switches_s_left_ramp_standup'====== Args={'value': 1161, 'prev_value': 1160, 'change': 1}
2024-08-17 16:50:46,544 : INFO : EventManager : Event: ======'player_score'====== Args={'value': 350, 'prev_value': 250, 'change': 100, 'player_num': 1, 'source': 'base'}
2024-08-17 16:50:46,545 : INFO : EventManager : Event: ======'player_alamo'====== Args={'value': 3, 'prev_value': 2, 'change': 1, 'player_num': 1, 'source': 'base'}
2024-08-17 16:50:46,641 : INFO : SwitchController : <<<<<<< 's_left_ramp_standup' inactive >>>>>>>
2024-08-17 16:50:46,709 : INFO : SwitchController : <<<<<<< 's_left_ramp_standup' active >>>>>>>
2024-08-17 16:50:46,709 : INFO : EventManager : Event: ======'s_left_ramp_standup_active'====== Args={}
2024-08-17 16:50:46,710 : INFO : EventManager : Event: ======'machine_var_audits_switches_s_left_ramp_standup'====== Args={'value': 1162, 'prev_value': 1161, 'change': 1}
2024-08-17 16:50:46,712 : INFO : EventManager : Event: ======'player_score'====== Args={'value': 450, 'prev_value': 350, 'change': 100, 'player_num': 1, 'source': 'base'}
2024-08-17 16:50:46,713 : INFO : EventManager : Event: ======'player_alamo'====== Args={'value': 4, 'prev_value': 3, 'change': 1, 'player_num': 1, 'source': 'base'}
2024-08-17 16:50:46,794 : INFO : SwitchController : <<<<<<< 's_left_ramp_standup' inactive >>>>>>>
2024-08-17 16:50:46,841 : INFO : SwitchController : <<<<<<< 's_left_ramp_standup' active >>>>>>>
2024-08-17 16:50:46,841 : INFO : EventManager : Event: ======'s_left_ramp_standup_active'====== Args={}
2024-08-17 16:50:46,841 : INFO : EventManager : Event: ======'machine_var_audits_switches_s_left_ramp_standup'====== Args={'value': 1163, 'prev_value': 1162, 'change': 1}
2024-08-17 16:50:46,842 : INFO : EventManager : Event: ======'player_score'====== Args={'value': 550, 'prev_value': 450, 'change': 100, 'player_num': 1, 'source': 'base'}
2024-08-17 16:50:46,843 : INFO : EventManager : Event: ======'player_alamo'====== Args={'value': 5, 'prev_value': 4, 'change': 1, 'player_num': 1, 'source': 'base'}
2024-08-17 16:50:46,940 : INFO : SwitchController : <<<<<<< 's_left_ramp_standup' inactive >>>>>>>
2024-08-17 16:50:46,991 : INFO : SwitchController : <<<<<<< 's_left_ramp_standup' active >>>>>>>
2024-08-17 16:50:46,992 : INFO : EventManager : Event: ======'s_left_ramp_standup_active'====== Args={}
2024-08-17 16:50:46,992 : INFO : EventManager : Event: ======'machine_var_audits_switches_s_left_ramp_standup'====== Args={'value': 1164, 'prev_value': 1163, 'change': 1}
2024-08-17 16:50:46,994 : INFO : EventManager : Event: ======'player_score'====== Args={'value': 650, 'prev_value': 550, 'change': 100, 'player_num': 1, 'source': 'base'}
2024-08-17 16:50:46,994 : INFO : EventManager : Event: ======'player_alamo'====== Args={'value': 6, 'prev_value': 5, 'change': 1, 'player_num': 1, 'source': 'base'}
2024-08-17 16:50:47,074 : INFO : SwitchController : <<<<<<< 's_left_ramp_standup' inactive >>>>>>>
2024-08-17 16:50:47,125 : INFO : SwitchController : <<<<<<< 's_left_ramp_standup' active >>>>>>>
2024-08-17 16:50:47,125 : INFO : EventManager : Event: ======'s_left_ramp_standup_active'====== Args={}
2024-08-17 16:50:47,126 : INFO : EventManager : Event: ======'machine_var_audits_switches_s_left_ramp_standup'====== Args={'value': 1165, 'prev_value': 1164, 'change': 1}
2024-08-17 16:50:47,127 : INFO : EventManager : Event: ======'player_score'====== Args={'value': 750, 'prev_value': 650, 'change': 100, 'player_num': 1, 'source': 'base'}
2024-08-17 16:50:47,128 : INFO : EventManager : Event: ======'player_alamo'====== Args={'value': 7, 'prev_value': 6, 'change': 1, 'player_num': 1, 'source': 'base'}
2024-08-17 16:50:47,224 : INFO : SwitchController : <<<<<<< 's_left_ramp_standup' inactive >>>>>>>
2024-08-17 16:50:48,221 : INFO : EventManager : Event: ======'stop_mode_skillshot'====== Args={'priority': 0}
2024-08-17 16:50:48,308 : INFO : SwitchController : <<<<<<< 's_left_ramp_standup' active >>>>>>>
2024-08-17 16:50:48,308 : INFO : EventManager : Event: ======'s_left_ramp_standup_active'====== Args={}
2024-08-17 16:50:48,308 : INFO : EventManager : Event: ======'machine_var_audits_switches_s_left_ramp_standup'====== Args={'value': 1166, 'prev_value': 1165, 'change': 1}
2024-08-17 16:50:48,309 : INFO : EventManager : Event: ======'player_score'====== Args={'value': 850, 'prev_value': 750, 'change': 100, 'player_num': 1, 'source': 'base'}
2024-08-17 16:50:48,310 : INFO : EventManager : Event: ======'player_alamo'====== Args={'value': 8, 'prev_value': 7, 'change': 1, 'player_num': 1, 'source': 'base'}
2024-08-17 16:50:48,374 : INFO : SwitchController : <<<<<<< 's_left_ramp_standup' inactive >>>>>>>
2024-08-17 16:50:48,442 : INFO : SwitchController : <<<<<<< 's_left_ramp_standup' active >>>>>>>
2024-08-17 16:50:48,442 : INFO : EventManager : Event: ======'s_left_ramp_standup_active'====== Args={}
2024-08-17 16:50:48,442 : INFO : EventManager : Event: ======'machine_var_audits_switches_s_left_ramp_standup'====== Args={'value': 1167, 'prev_value': 1166, 'change': 1}
2024-08-17 16:50:48,444 : INFO : EventManager : Event: ======'player_score'====== Args={'value': 950, 'prev_value': 850, 'change': 100, 'player_num': 1, 'source': 'base'}
2024-08-17 16:50:48,444 : INFO : EventManager : Event: ======'player_alamo'====== Args={'value': 9, 'prev_value': 8, 'change': 1, 'player_num': 1, 'source': 'base'}
2024-08-17 16:50:48,527 : INFO : SwitchController : <<<<<<< 's_left_ramp_standup' inactive >>>>>>>
2024-08-17 16:50:48,592 : INFO : SwitchController : <<<<<<< 's_left_ramp_standup' active >>>>>>>
2024-08-17 16:50:48,592 : INFO : EventManager : Event: ======'s_left_ramp_standup_active'====== Args={}
2024-08-17 16:50:48,593 : INFO : EventManager : Event: ======'machine_var_audits_switches_s_left_ramp_standup'====== Args={'value': 1168, 'prev_value': 1167, 'change': 1}
2024-08-17 16:50:48,595 : INFO : EventManager : Event: ======'player_score'====== Args={'value': 1050, 'prev_value': 950, 'change': 100, 'player_num': 1, 'source': 'base'}
2024-08-17 16:50:48,595 : INFO : EventManager : Event: ======'player_alamo'====== Args={'value': 10, 'prev_value': 9, 'change': 1, 'player_num': 1, 'source': 'base'}
2024-08-17 16:50:48,691 : INFO : SwitchController : <<<<<<< 's_left_ramp_standup' inactive >>>>>>>
2024-08-17 16:50:48,742 : INFO : SwitchController : <<<<<<< 's_left_ramp_standup' active >>>>>>>
2024-08-17 16:50:48,742 : INFO : EventManager : Event: ======'s_left_ramp_standup_active'====== Args={}
2024-08-17 16:50:48,742 : INFO : EventManager : Event: ======'machine_var_audits_switches_s_left_ramp_standup'====== Args={'value': 1169, 'prev_value': 1168, 'change': 1}
2024-08-17 16:50:48,744 : INFO : EventManager : Event: ======'player_score'====== Args={'value': 1150, 'prev_value': 1050, 'change': 100, 'player_num': 1, 'source': 'base'}
2024-08-17 16:50:48,744 : INFO : EventManager : Event: ======'player_alamo'====== Args={'value': 11, 'prev_value': 10, 'change': 1, 'player_num': 1, 'source': 'base'}
2024-08-17 16:50:48,841 : INFO : SwitchController : <<<<<<< 's_left_ramp_standup' inactive >>>>>>>
2024-08-17 16:50:48,909 : INFO : SwitchController : <<<<<<< 's_left_ramp_standup' active >>>>>>>
2024-08-17 16:50:48,909 : INFO : EventManager : Event: ======'s_left_ramp_standup_active'====== Args={}
2024-08-17 16:50:48,909 : INFO : EventManager : Event: ======'machine_var_audits_switches_s_left_ramp_standup'====== Args={'value': 1170, 'prev_value': 1169, 'change': 1}
2024-08-17 16:50:48,910 : INFO : EventManager : Event: ======'player_score'====== Args={'value': 1250, 'prev_value': 1150, 'change': 100, 'player_num': 1, 'source': 'base'}
2024-08-17 16:50:48,911 : INFO : EventManager : Event: ======'player_alamo'====== Args={'value': 12, 'prev_value': 11, 'change': 1, 'player_num': 1, 'source': 'base'}
2024-08-17 16:50:48,990 : INFO : SwitchController : <<<<<<< 's_left_ramp_standup' inactive >>>>>>>
2024-08-17 16:50:49,058 : INFO : SwitchController : <<<<<<< 's_left_ramp_standup' active >>>>>>>
2024-08-17 16:50:49,059 : INFO : EventManager : Event: ======'s_left_ramp_standup_active'====== Args={}
2024-08-17 16:50:49,060 : INFO : EventManager : Event: ======'machine_var_audits_switches_s_left_ramp_standup'====== Args={'value': 1171, 'prev_value': 1170, 'change': 1}
2024-08-17 16:50:49,061 : INFO : EventManager : Event: ======'player_score'====== Args={'value': 1350, 'prev_value': 1250, 'change': 100, 'player_num': 1, 'source': 'base'}
2024-08-17 16:50:49,062 : INFO : EventManager : Event: ======'player_alamo'====== Args={'value': 13, 'prev_value': 12, 'change': 1, 'player_num': 1, 'source': 'base'}
2024-08-17 16:50:49,159 : INFO : SwitchController : <<<<<<< 's_left_ramp_standup' inactive >>>>>>>
2024-08-17 16:50:49,246 : INFO : SwitchController : <<<<<<< 's_left_ramp_standup' active >>>>>>>
2024-08-17 16:50:49,246 : INFO : EventManager : Event: ======'s_left_ramp_standup_active'====== Args={}
2024-08-17 16:50:49,247 : INFO : EventManager : Event: ======'machine_var_audits_switches_s_left_ramp_standup'====== Args={'value': 1172, 'prev_value': 1171, 'change': 1}
2024-08-17 16:50:49,249 : INFO : EventManager : Event: ======'player_score'====== Args={'value': 1450, 'prev_value': 1350, 'change': 100, 'player_num': 1, 'source': 'base'}
2024-08-17 16:50:49,250 : INFO : EventManager : Event: ======'player_alamo'====== Args={'value': 14, 'prev_value': 13, 'change': 1, 'player_num': 1, 'source': 'base'}
2024-08-17 16:50:49,326 : INFO : SwitchController : <<<<<<< 's_left_ramp_standup' inactive >>>>>>>
2024-08-17 16:50:49,392 : INFO : SwitchController : <<<<<<< 's_left_ramp_standup' active >>>>>>>
2024-08-17 16:50:49,392 : INFO : EventManager : Event: ======'s_left_ramp_standup_active'====== Args={}
2024-08-17 16:50:49,393 : INFO : EventManager : Event: ======'machine_var_audits_switches_s_left_ramp_standup'====== Args={'value': 1173, 'prev_value': 1172, 'change': 1}
2024-08-17 16:50:49,394 : INFO : EventManager : Event: ======'player_score'====== Args={'value': 1550, 'prev_value': 1450, 'change': 100, 'player_num': 1, 'source': 'base'}
2024-08-17 16:50:49,395 : INFO : EventManager : Event: ======'player_alamo'====== Args={'value': 15, 'prev_value': 14, 'change': 1, 'player_num': 1, 'source': 'base'}
2024-08-17 16:50:49,491 : INFO : SwitchController : <<<<<<< 's_left_ramp_standup' inactive >>>>>>>
2024-08-17 16:50:49,558 : INFO : SwitchController : <<<<<<< 's_left_ramp_standup' active >>>>>>>
2024-08-17 16:50:49,559 : INFO : EventManager : Event: ======'s_left_ramp_standup_active'====== Args={}
2024-08-17 16:50:49,559 : INFO : EventManager : Event: ======'machine_var_audits_switches_s_left_ramp_standup'====== Args={'value': 1174, 'prev_value': 1173, 'change': 1}
2024-08-17 16:50:49,561 : INFO : EventManager : Event: ======'player_score'====== Args={'value': 1650, 'prev_value': 1550, 'change': 100, 'player_num': 1, 'source': 'base'}
2024-08-17 16:50:49,562 : INFO : EventManager : Event: ======'player_alamo'====== Args={'value': 16, 'prev_value': 15, 'change': 1, 'player_num': 1, 'source': 'base'}
2024-08-17 16:50:49,641 : INFO : SwitchController : <<<<<<< 's_left_ramp_standup' inactive >>>>>>>
2024-08-17 16:50:49,727 : INFO : SwitchController : <<<<<<< 's_left_ramp_standup' active >>>>>>>
2024-08-17 16:50:49,727 : INFO : EventManager : Event: ======'s_left_ramp_standup_active'====== Args={}
2024-08-17 16:50:49,728 : INFO : EventManager : Event: ======'machine_var_audits_switches_s_left_ramp_standup'====== Args={'value': 1175, 'prev_value': 1174, 'change': 1}
2024-08-17 16:50:49,729 : INFO : EventManager : Event: ======'player_score'====== Args={'value': 1750, 'prev_value': 1650, 'change': 100, 'player_num': 1, 'source': 'base'}
2024-08-17 16:50:49,730 : INFO : EventManager : Event: ======'player_alamo'====== Args={'value': 17, 'prev_value': 16, 'change': 1, 'player_num': 1, 'source': 'base'}
2024-08-17 16:50:49,808 : INFO : SwitchController : <<<<<<< 's_left_ramp_standup' inactive >>>>>>>
2024-08-17 16:50:49,876 : INFO : SwitchController : <<<<<<< 's_left_ramp_standup' active >>>>>>>
2024-08-17 16:50:49,876 : INFO : EventManager : Event: ======'s_left_ramp_standup_active'====== Args={}
2024-08-17 16:50:49,877 : INFO : EventManager : Event: ======'machine_var_audits_switches_s_left_ramp_standup'====== Args={'value': 1176, 'prev_value': 1175, 'change': 1}
2024-08-17 16:50:49,878 : INFO : EventManager : Event: ======'player_score'====== Args={'value': 1850, 'prev_value': 1750, 'change': 100, 'player_num': 1, 'source': 'base'}
2024-08-17 16:50:49,879 : INFO : EventManager : Event: ======'player_alamo'====== Args={'value': 18, 'prev_value': 17, 'change': 1, 'player_num': 1, 'source': 'base'}
2024-08-17 16:50:49,974 : INFO : SwitchController : <<<<<<< 's_left_ramp_standup' inactive >>>>>>>
2024-08-17 16:50:50,042 : INFO : SwitchController : <<<<<<< 's_left_ramp_standup' active >>>>>>>
2024-08-17 16:50:50,043 : INFO : EventManager : Event: ======'s_left_ramp_standup_active'====== Args={}
2024-08-17 16:50:50,043 : INFO : EventManager : Event: ======'machine_var_audits_switches_s_left_ramp_standup'====== Args={'value': 1177, 'prev_value': 1176, 'change': 1}
2024-08-17 16:50:50,045 : INFO : EventManager : Event: ======'player_score'====== Args={'value': 1950, 'prev_value': 1850, 'change': 100, 'player_num': 1, 'source': 'base'}
2024-08-17 16:50:50,046 : INFO : EventManager : Event: ======'player_alamo'====== Args={'value': 19, 'prev_value': 18, 'change': 1, 'player_num': 1, 'source': 'base'}
2024-08-17 16:50:50,124 : INFO : SwitchController : <<<<<<< 's_left_ramp_standup' inactive >>>>>>>
2024-08-17 16:50:50,209 : INFO : SwitchController : <<<<<<< 's_left_ramp_standup' active >>>>>>>
2024-08-17 16:50:50,209 : INFO : EventManager : Event: ======'s_left_ramp_standup_active'====== Args={}
2024-08-17 16:50:50,210 : INFO : EventManager : Event: ======'machine_var_audits_switches_s_left_ramp_standup'====== Args={'value': 1178, 'prev_value': 1177, 'change': 1}
2024-08-17 16:50:50,213 : INFO : EventManager : Event: ======'player_score'====== Args={'value': 2050, 'prev_value': 1950, 'change': 100, 'player_num': 1, 'source': 'base'}
2024-08-17 16:50:50,213 : INFO : EventManager : Event: ======'player_alamo'====== Args={'value': 20, 'prev_value': 19, 'change': 1, 'player_num': 1, 'source': 'base'}
2024-08-17 16:50:50,290 : INFO : SwitchController : <<<<<<< 's_left_ramp_standup' inactive >>>>>>>
2024-08-17 16:50:50,358 : INFO : SwitchController : <<<<<<< 's_left_ramp_standup' active >>>>>>>
2024-08-17 16:50:50,358 : INFO : EventManager : Event: ======'s_left_ramp_standup_active'====== Args={}
2024-08-17 16:50:50,358 : INFO : EventManager : Event: ======'machine_var_audits_switches_s_left_ramp_standup'====== Args={'value': 1179, 'prev_value': 1178, 'change': 1}
2024-08-17 16:50:50,360 : INFO : EventManager : Event: ======'player_score'====== Args={'value': 2150, 'prev_value': 2050, 'change': 100, 'player_num': 1, 'source': 'base'}
2024-08-17 16:50:50,361 : INFO : EventManager : Event: ======'player_alamo'====== Args={'value': 21, 'prev_value': 20, 'change': 1, 'player_num': 1, 'source': 'base'}
2024-08-17 16:50:50,457 : INFO : SwitchController : <<<<<<< 's_left_ramp_standup' inactive >>>>>>>
2024-08-17 16:50:50,526 : INFO : SwitchController : <<<<<<< 's_left_ramp_standup' active >>>>>>>
2024-08-17 16:50:50,526 : INFO : EventManager : Event: ======'s_left_ramp_standup_active'====== Args={}
2024-08-17 16:50:50,527 : INFO : EventManager : Event: ======'machine_var_audits_switches_s_left_ramp_standup'====== Args={'value': 1180, 'prev_value': 1179, 'change': 1}
2024-08-17 16:50:50,528 : INFO : EventManager : Event: ======'player_score'====== Args={'value': 2250, 'prev_value': 2150, 'change': 100, 'player_num': 1, 'source': 'base'}
2024-08-17 16:50:50,529 : INFO : EventManager : Event: ======'player_alamo'====== Args={'value': 22, 'prev_value': 21, 'change': 1, 'player_num': 1, 'source': 'base'}
2024-08-17 16:50:50,624 : INFO : SwitchController : <<<<<<< 's_left_ramp_standup' inactive >>>>>>>
2024-08-17 16:50:50,692 : INFO : SwitchController : <<<<<<< 's_left_ramp_standup' active >>>>>>>
2024-08-17 16:50:50,692 : INFO : EventManager : Event: ======'s_left_ramp_standup_active'====== Args={}
2024-08-17 16:50:50,692 : INFO : EventManager : Event: ======'machine_var_audits_switches_s_left_ramp_standup'====== Args={'value': 1181, 'prev_value': 1180, 'change': 1}
2024-08-17 16:50:50,694 : INFO : EventManager : Event: ======'player_score'====== Args={'value': 2350, 'prev_value': 2250, 'change': 100, 'player_num': 1, 'source': 'base'}
2024-08-17 16:50:50,694 : INFO : EventManager : Event: ======'player_alamo'====== Args={'value': 23, 'prev_value': 22, 'change': 1, 'player_num': 1, 'source': 'base'}
2024-08-17 16:50:50,794 : INFO : SwitchController : <<<<<<< 's_left_ramp_standup' inactive >>>>>>>
2024-08-17 16:50:51,159 : INFO : SwitchController : <<<<<<< 's_left_ramp_standup' active >>>>>>>
2024-08-17 16:50:51,159 : INFO : EventManager : Event: ======'s_left_ramp_standup_active'====== Args={}
2024-08-17 16:50:51,160 : INFO : EventManager : Event: ======'machine_var_audits_switches_s_left_ramp_standup'====== Args={'value': 1182, 'prev_value': 1181, 'change': 1}
2024-08-17 16:50:51,162 : INFO : EventManager : Event: ======'player_score'====== Args={'value': 2450, 'prev_value': 2350, 'change': 100, 'player_num': 1, 'source': 'base'}
2024-08-17 16:50:51,163 : INFO : EventManager : Event: ======'player_alamo'====== Args={'value': 24, 'prev_value': 23, 'change': 1, 'player_num': 1, 'source': 'base'}
2024-08-17 16:50:51,166 : INFO : EventManager : Event: ======'player_extra_ball_score_one_num_awarded'====== Args={'value': 1, 'prev_value': 0, 'change': 1, 'player_num': 1}
2024-08-17 16:50:51,167 : INFO : EventManager : Event: ======'extra_ball_score_one_awarded'====== Args={}
2024-08-17 16:50:51,167 : INFO : EventManager : Event: ======'player_extra_balls'====== Args={'value': 1, 'prev_value': 0, 'change': 1, 'player_num': 1}
2024-08-17 16:50:51,168 : INFO : EventManager : Event: ======'extra_ball_awarded'====== Args={}
2024-08-17 16:50:51,215 : INFO : EventManager : Event: ======'slide_extra_ball_created'====== Args={'_from_bcp': True}
2024-08-17 16:50:51,215 : INFO : EventManager : Event: ======'slide_base_inactive'====== Args={'_from_bcp': True}
2024-08-17 16:50:51,216 : INFO : EventManager : Event: ======'slide_extra_ball_active'====== Args={'original_context': 'extra_ball', 'original_calling_context': 'extra_ball_awarded', 'cmd': 'slides_play', '_from_bcp': True}
2024-08-17 16:50:51,220 : INFO : EventManager : Event: ======'ball_save_default_hurry_up'====== Args={}
2024-08-17 16:50:51,259 : INFO : SwitchController : <<<<<<< 's_left_ramp_standup' inactive >>>>>>>
2024-08-17 16:50:53,221 : INFO : EventManager : Event: ======'ball_save_default_grace_period'====== Args={}
2024-08-17 16:50:55,199 : INFO : EventManager : Event: ======'slide_extra_ball_inactive'====== Args={'_from_bcp': True}
2024-08-17 16:50:55,199 : INFO : EventManager : Event: ======'slide_base_active'====== Args={'_from_bcp': True}
2024-08-17 16:50:55,200 : INFO : EventManager : Event: ======'slide_extra_ball_removed'====== Args={'_from_bcp': True}
2024-08-17 16:50:55,221 : INFO : EventManager : Event: ======'ball_save_default_disabled'====== Args={}
2024-08-17 16:51:07,922 : INFO : Machine : Shutting down...
2024-08-17 16:51:07,923 : INFO : EventManager : Event: ======'shutdown'====== Args={}
2024-08-17 16:51:07,926 : INFO : EventManager : Event: ======'mode_game_will_stop'====== Args={}
2024-08-17 16:51:07,927 : INFO : EventManager : Event: ======'mode_game_stopping'====== Args={}
2024-08-17 16:51:07,927 : INFO : EventManager : Event: ======'mode_extra_ball_will_stop'====== Args={}
2024-08-17 16:51:07,927 : INFO : EventManager : Event: ======'mode_extra_ball_stopping'====== Args={}
2024-08-17 16:51:07,927 : INFO : EventManager : Event: ======'mode_rainey_multiball_will_stop'====== Args={}
2024-08-17 16:51:07,927 : INFO : EventManager : Event: ======'mode_rainey_multiball_stopping'====== Args={}
2024-08-17 16:51:07,928 : INFO : EventManager : Event: ======'mode_base_will_stop'====== Args={}
2024-08-17 16:51:07,928 : INFO : EventManager : Event: ======'mode_base_stopping'====== Args={}
2024-08-17 16:51:07,928 : INFO : EventManager : Event: ======'mode_hank_rollover_will_stop'====== Args={}
2024-08-17 16:51:07,928 : INFO : EventManager : Event: ======'mode_hank_rollover_stopping'====== Args={}
2024-08-17 16:51:07,928 : INFO : EventManager : Event: ======'mode_BBQ_rollover_will_stop'====== Args={}
2024-08-17 16:51:07,928 : INFO : EventManager : Event: ======'mode_BBQ_rollover_stopping'====== Args={}
2024-08-17 16:51:07,929 : INFO : Mode.BBQ_rollover : Stopped.
2024-08-17 16:51:07,929 : INFO : EventManager : Event: ======'modes_active_modes_changed'====== Args={}
2024-08-17 16:51:07,929 : INFO : EventManager : Event: ======'mode_BBQ_rollover_stopped'====== Args={}
2024-08-17 16:51:07,929 : INFO : EventManager : Event: ======'clear'====== Args={'key': 'BBQ_rollover'}
2024-08-17 16:51:07,930 : INFO : Mode.hank_rollover : Stopped.
2024-08-17 16:51:07,930 : INFO : EventManager : Event: ======'modes_active_modes_changed'====== Args={}
2024-08-17 16:51:07,930 : INFO : EventManager : Event: ======'mode_hank_rollover_stopped'====== Args={}
2024-08-17 16:51:07,931 : INFO : EventManager : Event: ======'clear'====== Args={'key': 'hank_rollover'}
2024-08-17 16:51:07,931 : INFO : Mode.base : Stopped.
2024-08-17 16:51:07,932 : INFO : EventManager : Event: ======'modes_active_modes_changed'====== Args={}
2024-08-17 16:51:07,932 : INFO : EventManager : Event: ======'mode_base_stopped'====== Args={}
2024-08-17 16:51:07,932 : INFO : EventManager : Event: ======'clear'====== Args={'key': 'base'}
2024-08-17 16:51:07,934 : INFO : Mode.rainey_multiball : Stopped.
2024-08-17 16:51:07,934 : INFO : EventManager : Event: ======'modes_active_modes_changed'====== Args={}
2024-08-17 16:51:07,934 : INFO : EventManager : Event: ======'mode_rainey_multiball_stopped'====== Args={}
2024-08-17 16:51:07,934 : INFO : EventManager : Event: ======'clear'====== Args={'key': 'rainey_multiball'}
2024-08-17 16:51:07,934 : INFO : Mode.extra_ball : Stopped.
2024-08-17 16:51:07,934 : INFO : EventManager : Event: ======'modes_active_modes_changed'====== Args={}
2024-08-17 16:51:07,934 : INFO : EventManager : Event: ======'mode_extra_ball_stopped'====== Args={}
2024-08-17 16:51:07,935 : INFO : EventManager : Event: ======'clear'====== Args={'key': 'extra_ball'}
2024-08-17 16:51:07,935 : INFO : Mode.game : Stopped.
2024-08-17 16:51:07,935 : INFO : EventManager : Event: ======'modes_active_modes_changed'====== Args={}
2024-08-17 16:51:07,935 : INFO : EventManager : Event: ======'mode_game_stopped'====== Args={}
2024-08-17 16:51:07,935 : INFO : EventManager : Event: ======'clear'====== Args={'key': 'game'}
2024-08-17 16:51:07,940 : INFO : root : MPF run loop ended.
