2024-12-30 15:42:29,798 : INFO : root : Loading config.
2024-12-30 15:42:29,800 : INFO : YamlMultifileConfigLoader : Machine config file #1: config.yaml
2024-12-30 15:42:29,800 : WARNING : ConfigProcessor : Config file in cache changed: /Users/nicktaseris/Desktop/Pinball/KOTH/config/config.yaml
2024-12-30 15:42:29,800 : INFO : ConfigProcessor : Loading config from file /Users/nicktaseris/mpfenv/lib/python3.9/site-packages/mpf/mpfconfig.yaml.
2024-12-30 15:42:29,807 : INFO : ConfigProcessor : Loading config: /Users/nicktaseris/mpfenv/lib/python3.9/site-packages/mpf/mpfconfig.yaml
2024-12-30 15:42:29,807 : INFO : ConfigProcessor : Loading config from file /Users/nicktaseris/Desktop/Pinball/KOTH/config/config.yaml.
2024-12-30 15:42:29,812 : INFO : ConfigProcessor : Loading config: /Users/nicktaseris/Desktop/Pinball/KOTH/config/config.yaml
2024-12-30 15:42:29,814 : INFO : ConfigProcessor : Config file cache created: /var/folders/sv/d29kcl5x50v7vt1n6xb5jsd40000gn/T/c166cef8060ffee16a35821bf698da85.mpf_cache
2024-12-30 15:42:29,844 : INFO : ConfigProcessor : Loading config from cache: /var/folders/sv/d29kcl5x50v7vt1n6xb5jsd40000gn/T/6b31c5ac6ecbad948994a8204ea6b05b.mpf_cache
2024-12-30 15:42:29,844 : INFO : ConfigProcessor : Loading config from cache: /var/folders/sv/d29kcl5x50v7vt1n6xb5jsd40000gn/T/fe612d1e66c8a96c19ba449d3748eeac.mpf_cache
2024-12-30 15:42:29,845 : INFO : ConfigProcessor : Loading config from cache: /var/folders/sv/d29kcl5x50v7vt1n6xb5jsd40000gn/T/6b31c5ac6ecbad948994a8204ea6b05b.mpf_cache
2024-12-30 15:42:29,845 : INFO : ConfigProcessor : Loading config from cache: /var/folders/sv/d29kcl5x50v7vt1n6xb5jsd40000gn/T/8765227693ecd961e0504502a81255e0.mpf_cache
2024-12-30 15:42:29,845 : INFO : ConfigProcessor : Loading config from cache: /var/folders/sv/d29kcl5x50v7vt1n6xb5jsd40000gn/T/b247728c74b4d81bcb2825e2b07062a7.mpf_cache
2024-12-30 15:42:29,845 : INFO : ConfigProcessor : Loading config from cache: /var/folders/sv/d29kcl5x50v7vt1n6xb5jsd40000gn/T/f240f94f0b5d0f37ec4fd7571275a101.mpf_cache
2024-12-30 15:42:29,846 : INFO : ConfigProcessor : Loading config from cache: /var/folders/sv/d29kcl5x50v7vt1n6xb5jsd40000gn/T/6a2f50ed892485825cc04dc0a68eab9f.mpf_cache
2024-12-30 15:42:29,846 : INFO : ConfigProcessor : Loading config from cache: /var/folders/sv/d29kcl5x50v7vt1n6xb5jsd40000gn/T/d58c58eb9fd1a2dc27f8acd255fb3761.mpf_cache
2024-12-30 15:42:29,846 : INFO : ConfigProcessor : Loading config from cache: /var/folders/sv/d29kcl5x50v7vt1n6xb5jsd40000gn/T/07adfd310b3ef0e03c5cbc91527abb6c.mpf_cache
2024-12-30 15:42:29,846 : INFO : ConfigProcessor : Loading config from cache: /var/folders/sv/d29kcl5x50v7vt1n6xb5jsd40000gn/T/12bd5247c3bf989b919364bdb7829769.mpf_cache
2024-12-30 15:42:29,846 : INFO : ConfigProcessor : Loading config from cache: /var/folders/sv/d29kcl5x50v7vt1n6xb5jsd40000gn/T/362e08f51a1a1b7a0809dd52f9c83f83.mpf_cache
2024-12-30 15:42:29,847 : INFO : ConfigProcessor : Loading config from cache: /var/folders/sv/d29kcl5x50v7vt1n6xb5jsd40000gn/T/e0db17dd068fe6304aabdbeff00fac0d.mpf_cache
2024-12-30 15:42:29,847 : INFO : ConfigProcessor : Loading config from cache: /var/folders/sv/d29kcl5x50v7vt1n6xb5jsd40000gn/T/331d8d1a1bc190cae8c13495e1db372f.mpf_cache
2024-12-30 15:42:29,847 : INFO : ConfigProcessor : Loading config from cache: /var/folders/sv/d29kcl5x50v7vt1n6xb5jsd40000gn/T/d17a9ff77386e6f1439d0802ace1de07.mpf_cache
2024-12-30 15:42:29,847 : INFO : ConfigProcessor : Loading config from cache: /var/folders/sv/d29kcl5x50v7vt1n6xb5jsd40000gn/T/280fd64455d0d243a54ab4db98fbccbd.mpf_cache
2024-12-30 15:42:29,847 : INFO : ConfigProcessor : Loading config from cache: /var/folders/sv/d29kcl5x50v7vt1n6xb5jsd40000gn/T/0c0596ed8fbb40b6113901d21bdc0a39.mpf_cache
2024-12-30 15:42:29,848 : INFO : ConfigProcessor : Loading config from cache: /var/folders/sv/d29kcl5x50v7vt1n6xb5jsd40000gn/T/f521a0f834965d73920394ccceaa3c1c.mpf_cache
2024-12-30 15:42:29,848 : INFO : ConfigProcessor : Loading config from cache: /var/folders/sv/d29kcl5x50v7vt1n6xb5jsd40000gn/T/0fedc249e142fba0aaf46d9adc7061fa.mpf_cache
2024-12-30 15:42:29,848 : INFO : ConfigProcessor : Loading config from cache: /var/folders/sv/d29kcl5x50v7vt1n6xb5jsd40000gn/T/c57745b2fe399992c4aedf0209f8acc9.mpf_cache
2024-12-30 15:42:29,848 : INFO : ConfigProcessor : Loading config from cache: /var/folders/sv/d29kcl5x50v7vt1n6xb5jsd40000gn/T/4d7707f845442344c77faa09114dd414.mpf_cache
2024-12-30 15:42:29,848 : INFO : ConfigProcessor : Loading config from cache: /var/folders/sv/d29kcl5x50v7vt1n6xb5jsd40000gn/T/13b622eeb34cc558f4c171e6faf49f20.mpf_cache
2024-12-30 15:42:29,848 : INFO : ConfigProcessor : Loading config from cache: /var/folders/sv/d29kcl5x50v7vt1n6xb5jsd40000gn/T/897ffb6d77163469c302d894201d7081.mpf_cache
2024-12-30 15:42:29,848 : INFO : ConfigProcessor : Loading config from cache: /var/folders/sv/d29kcl5x50v7vt1n6xb5jsd40000gn/T/51caa30b8c50b4dd14ddbf8a263fb4c6.mpf_cache
2024-12-30 15:42:29,849 : INFO : ConfigProcessor : Loading config from cache: /var/folders/sv/d29kcl5x50v7vt1n6xb5jsd40000gn/T/aa4dd12681abd3ba3467de4d4b71c6b2.mpf_cache
2024-12-30 15:42:29,849 : INFO : ConfigProcessor : Loading config from cache: /var/folders/sv/d29kcl5x50v7vt1n6xb5jsd40000gn/T/edf8b775a93855f849af0e2eff0a7bac.mpf_cache
2024-12-30 15:42:29,849 : INFO : ConfigProcessor : Loading config from cache: /var/folders/sv/d29kcl5x50v7vt1n6xb5jsd40000gn/T/a8808f7c3567c8d62dc12e9ad7d55d7c.mpf_cache
2024-12-30 15:42:29,849 : INFO : ConfigProcessor : Loading config from cache: /var/folders/sv/d29kcl5x50v7vt1n6xb5jsd40000gn/T/9437faed8d9c330c56f3b67b3f9b149d.mpf_cache
2024-12-30 15:42:29,849 : INFO : ConfigProcessor : Loading config from cache: /var/folders/sv/d29kcl5x50v7vt1n6xb5jsd40000gn/T/4bb31ac09fad15f35aa3bae4975f2b4d.mpf_cache
2024-12-30 15:42:29,849 : INFO : ConfigProcessor : Loading config from cache: /var/folders/sv/d29kcl5x50v7vt1n6xb5jsd40000gn/T/171fa3edb78e87d39090f00e24afd7e5.mpf_cache
2024-12-30 15:42:29,850 : INFO : ConfigProcessor : Loading config from cache: /var/folders/sv/d29kcl5x50v7vt1n6xb5jsd40000gn/T/25ba7c654d8deda4806aeb2fbd125af4.mpf_cache
2024-12-30 15:42:29,850 : INFO : ConfigProcessor : Loading config from file /Users/nicktaseris/mpfenv/lib/python3.9/site-packages/mpf/modes/service/config/service.yaml.
2024-12-30 15:42:29,851 : INFO : ConfigProcessor : Loading config: /Users/nicktaseris/mpfenv/lib/python3.9/site-packages/mpf/modes/service/config/service.yaml
2024-12-30 15:42:29,851 : INFO : ConfigProcessor : Config file cache created: /var/folders/sv/d29kcl5x50v7vt1n6xb5jsd40000gn/T/9fa0389f378ce1c32788b03da8e567a0.mpf_cache
2024-12-30 15:42:29,851 : INFO : ConfigProcessor : Loading config from cache: /var/folders/sv/d29kcl5x50v7vt1n6xb5jsd40000gn/T/70cafd8f66e0fa5a10c29223c3e76f56.mpf_cache
2024-12-30 15:42:29,851 : INFO : ConfigProcessor : Loading config from cache: /var/folders/sv/d29kcl5x50v7vt1n6xb5jsd40000gn/T/1044f60e39cdd2646d0e1adc0cc2ebf9.mpf_cache
2024-12-30 15:42:29,851 : INFO : ConfigProcessor : Loading config from cache: /var/folders/sv/d29kcl5x50v7vt1n6xb5jsd40000gn/T/3230893c409a20e306ca451fa4be823d.mpf_cache
2024-12-30 15:42:29,851 : INFO : ConfigProcessor : Loading config from cache: /var/folders/sv/d29kcl5x50v7vt1n6xb5jsd40000gn/T/0b3582fe7cc46d8ee07a99f572d23c43.mpf_cache
2024-12-30 15:42:29,852 : INFO : ConfigProcessor : Loading config from cache: /var/folders/sv/d29kcl5x50v7vt1n6xb5jsd40000gn/T/3048ed2d7ea14eee3db896f6760aa474.mpf_cache
2024-12-30 15:42:29,852 : INFO : ConfigProcessor : Loading config from cache: /var/folders/sv/d29kcl5x50v7vt1n6xb5jsd40000gn/T/8a2c3f97a6f4b3c8d8764c54a0c5a10e.mpf_cache
2024-12-30 15:42:29,852 : INFO : ConfigProcessor : Loading config from cache: /var/folders/sv/d29kcl5x50v7vt1n6xb5jsd40000gn/T/c20811a1d17edfd1dcc92677afca03be.mpf_cache
2024-12-30 15:42:29,852 : INFO : ConfigProcessor : Loading config from cache: /var/folders/sv/d29kcl5x50v7vt1n6xb5jsd40000gn/T/a14a120665a0ee9fd8a6e22274033983.mpf_cache
2024-12-30 15:42:29,852 : INFO : ConfigProcessor : Loading config from cache: /var/folders/sv/d29kcl5x50v7vt1n6xb5jsd40000gn/T/984de704eb69e43ca43e84d7915bfa21.mpf_cache
2024-12-30 15:42:29,852 : INFO : ConfigProcessor : Loading config from cache: /var/folders/sv/d29kcl5x50v7vt1n6xb5jsd40000gn/T/e151291736403f63db558dae8f86b9a6.mpf_cache
2024-12-30 15:42:29,853 : INFO : ConfigProcessor : Loading config from cache: /var/folders/sv/d29kcl5x50v7vt1n6xb5jsd40000gn/T/81ffe1796583077c7101a9635dd90e73.mpf_cache
2024-12-30 15:42:29,853 : INFO : ConfigProcessor : Loading config from cache: /var/folders/sv/d29kcl5x50v7vt1n6xb5jsd40000gn/T/04bdadfa8d860a04250393efd361f045.mpf_cache
2024-12-30 15:42:29,853 : INFO : ConfigProcessor : Loading config from cache: /var/folders/sv/d29kcl5x50v7vt1n6xb5jsd40000gn/T/c82a0ecbb762ff6fe004ef757693d2ae.mpf_cache
2024-12-30 15:42:29,853 : INFO : ConfigProcessor : Loading config from cache: /var/folders/sv/d29kcl5x50v7vt1n6xb5jsd40000gn/T/3e9e76d166792f9c3bef3d1d86d97fda.mpf_cache
2024-12-30 15:42:29,853 : INFO : ConfigProcessor : Loading config from cache: /var/folders/sv/d29kcl5x50v7vt1n6xb5jsd40000gn/T/11a918d3152702ba265e96ad6f68ed20.mpf_cache
2024-12-30 15:42:29,853 : INFO : ConfigProcessor : Loading config from cache: /var/folders/sv/d29kcl5x50v7vt1n6xb5jsd40000gn/T/ceebadaab29f25c9a53ce189a8db5cf9.mpf_cache
2024-12-30 15:42:29,854 : INFO : ConfigProcessor : Loading config from cache: /var/folders/sv/d29kcl5x50v7vt1n6xb5jsd40000gn/T/6681071d88be12817abd471747b65be6.mpf_cache
2024-12-30 15:42:29,854 : INFO : ConfigProcessor : Loading config from cache: /var/folders/sv/d29kcl5x50v7vt1n6xb5jsd40000gn/T/53492c928c9d654d5ba799a04e08560b.mpf_cache
2024-12-30 15:42:29,854 : INFO : ConfigProcessor : Loading config from cache: /var/folders/sv/d29kcl5x50v7vt1n6xb5jsd40000gn/T/1e8810dd57719f59c36cb9385b8ab313.mpf_cache
2024-12-30 15:42:29,854 : INFO : ConfigProcessor : Loading config from cache: /var/folders/sv/d29kcl5x50v7vt1n6xb5jsd40000gn/T/8812b35d126cadc26bfacccaebddfdef.mpf_cache
2024-12-30 15:42:29,854 : INFO : ConfigProcessor : Loading config from cache: /var/folders/sv/d29kcl5x50v7vt1n6xb5jsd40000gn/T/46635530aad202ef48b5607c669ff431.mpf_cache
2024-12-30 15:42:29,854 : INFO : ConfigProcessor : Loading config from cache: /var/folders/sv/d29kcl5x50v7vt1n6xb5jsd40000gn/T/dd284709607c13b5639917a19b41209a.mpf_cache
2024-12-30 15:42:29,854 : INFO : ConfigProcessor : Loading config from cache: /var/folders/sv/d29kcl5x50v7vt1n6xb5jsd40000gn/T/1f7f726388b0fb87373e6b87caf6dbbb.mpf_cache
2024-12-30 15:42:29,854 : INFO : ConfigProcessor : Loading config from cache: /var/folders/sv/d29kcl5x50v7vt1n6xb5jsd40000gn/T/32dec9b6457646e42ac79bded55dc112.mpf_cache
2024-12-30 15:42:29,855 : INFO : ConfigProcessor : Loading config from cache: /var/folders/sv/d29kcl5x50v7vt1n6xb5jsd40000gn/T/7f1d27c5dd24f1449bd8f54a4b390edb.mpf_cache
2024-12-30 15:42:29,855 : INFO : ConfigProcessor : Loading config from cache: /var/folders/sv/d29kcl5x50v7vt1n6xb5jsd40000gn/T/15d17e02f4541cb81c0776f97b8db0a5.mpf_cache
2024-12-30 15:42:29,855 : INFO : ConfigProcessor : Loading config from cache: /var/folders/sv/d29kcl5x50v7vt1n6xb5jsd40000gn/T/0a9cb7260d26760274024f443d38cc22.mpf_cache
2024-12-30 15:42:29,855 : INFO : ConfigProcessor : Loading config from cache: /var/folders/sv/d29kcl5x50v7vt1n6xb5jsd40000gn/T/deb753c2acdccb3c49ddc8f2a7e04ee6.mpf_cache
2024-12-30 15:42:29,855 : INFO : ConfigProcessor : Loading config from cache: /var/folders/sv/d29kcl5x50v7vt1n6xb5jsd40000gn/T/4a90c06755c4a5beef2ee4c243f54397.mpf_cache
2024-12-30 15:42:29,855 : INFO : ConfigProcessor : Loading config from cache: /var/folders/sv/d29kcl5x50v7vt1n6xb5jsd40000gn/T/ba1b9abfe9d53ccae8b2ab8917566802.mpf_cache
2024-12-30 15:42:29,856 : INFO : ConfigProcessor : Loading config from cache: /var/folders/sv/d29kcl5x50v7vt1n6xb5jsd40000gn/T/3e4cfff95626fcb8283ee8bb46da8828.mpf_cache
2024-12-30 15:42:29,856 : INFO : ConfigProcessor : Loading config from cache: /var/folders/sv/d29kcl5x50v7vt1n6xb5jsd40000gn/T/957b0d5e59e31db1d21e3b27370e5cde.mpf_cache
2024-12-30 15:42:29,856 : INFO : Machine : Mission Pinball Framework Core Engine v0.80.0.dev1
2024-12-30 15:42:29,856 : INFO : Machine : Command line arguments: {'no_load_cache': False, 'create_config_cache': True, 'bcp': True, 'configfile': ['config.yaml'], 'force_assets_load': False, 'platform_integration_test': False, 'jsonlogging': False, 'logfile': 'logs/2024-12-30-15-42-29-mpf-Nicks-Air.lan.log', 'pause': False, 'production': False, 'text_ui': True, 'loglevel': 15, 'consoleloglevel': 20, 'force_platform': None, 'syslog_address': None, 'mc_file_name': None, 'no_sound': False, 'full_logfile_path': '/Users/nicktaseris/Desktop/Pinball/KOTH/logs/2024-12-30-15-42-29-mpf-Nicks-Air.lan.log'}
2024-12-30 15:42:29,856 : INFO : Machine : MPF path: /Users/nicktaseris/mpfenv/lib/python3.9/site-packages/mpf
2024-12-30 15:42:29,856 : INFO : Machine : Machine path: /Users/nicktaseris/Desktop/Pinball/KOTH
2024-12-30 15:42:29,856 : INFO : Machine : Platform: darwin
2024-12-30 15:42:29,856 : INFO : Machine : Python executable location: /Users/nicktaseris/mpfenv/bin/python3
2024-12-30 15:42:29,856 : INFO : Machine : Python version: 3.9.13 (64-bit)
2024-12-30 15:42:29,856 : INFO : Machine : Initializing MPF...
2024-12-30 15:42:29,955 : INFO : EventManager : Event: ======'machine_var_credits_string'====== Args={'value': 'FREE PLAY', 'prev_value': None, 'change': True}
2024-12-30 15:42:29,961 : INFO : EventManager : Event: ======'machine_var_master_volume'====== Args={'value': 0.5, 'prev_value': None, 'change': True}
2024-12-30 15:42:29,961 : INFO : EventManager : Event: ======'machine_var_player1_score'====== Args={'value': 91250250, 'prev_value': None, 'change': True}
2024-12-30 15:42:29,961 : INFO : EventManager : Event: ======'machine_var_mpf_version'====== Args={'value': 'Mission Pinball Framework v0.80.0.dev1', 'prev_value': None, 'change': True}
2024-12-30 15:42:29,961 : INFO : EventManager : Event: ======'machine_var_mpf_extended_version'====== Args={'value': 'Mission Pinball Framework v0.80.0.dev1, Config version:6, Show version: 6, BCP version:1.1', 'prev_value': None, 'change': True}
2024-12-30 15:42:29,961 : INFO : EventManager : Event: ======'machine_var_python_version'====== Args={'value': '3.9.13', 'prev_value': None, 'change': True}
2024-12-30 15:42:29,971 : INFO : EventManager : Event: ======'machine_var_platform'====== Args={'value': 'macOS-12.1-arm64-arm-64bit', 'prev_value': None, 'change': True}
2024-12-30 15:42:29,971 : INFO : EventManager : Event: ======'machine_var_platform_system'====== Args={'value': 'Darwin', 'prev_value': None, 'change': True}
2024-12-30 15:42:29,971 : INFO : EventManager : Event: ======'machine_var_platform_release'====== Args={'value': '21.2.0', 'prev_value': None, 'change': True}
2024-12-30 15:42:29,971 : INFO : EventManager : Event: ======'machine_var_platform_version'====== Args={'value': 'Darwin Kernel Version 21.2.0: Sun Nov 28 20:29:10 PST 2021; root:xnu-8019.61.5~1/RELEASE_ARM64_T8101', 'prev_value': None, 'change': True}
2024-12-30 15:42:29,971 : INFO : EventManager : Event: ======'machine_var_platform_machine'====== Args={'value': 'arm64', 'prev_value': None, 'change': True}
2024-12-30 15:42:29,971 : INFO : EventManager : Event: ======'machine_var_log_file_path'====== Args={'value': '/Users/nicktaseris/Desktop/Pinball/KOTH/logs/2024-12-30-15-42-29-mpf-Nicks-Air.lan.log', 'prev_value': None, 'change': True}
2024-12-30 15:42:29,971 : INFO : EventManager : Event: ======'init_phase_1'====== Args={}
2024-12-30 15:42:29,998 : INFO : EventManager : Event: ======'drop_target_bank_strickland_bank_up'====== Args={}
2024-12-30 15:42:29,999 : INFO : EventManager : Event: ======'init_phase_2'====== Args={}
2024-12-30 15:42:29,999 : INFO : SwitchController : Found active switch: ('39', <Platform.SmartVirtual>) <switch.s_trough1>
2024-12-30 15:42:29,999 : INFO : SwitchController : Found active switch: ('40', <Platform.SmartVirtual>) <switch.s_trough2>
2024-12-30 15:42:29,999 : INFO : SwitchController : Found active switch: ('41', <Platform.SmartVirtual>) <switch.s_trough3>
2024-12-30 15:42:29,999 : INFO : SwitchController : Found active switch: ('42', <Platform.SmartVirtual>) <switch.s_trough4>
2024-12-30 15:42:29,999 : INFO : SwitchController : Found active switch: ('43', <Platform.SmartVirtual>) <switch.s_trough5>
2024-12-30 15:42:29,999 : INFO : SwitchController : Found active switch: ('44', <Platform.SmartVirtual>) <switch.s_trough6>
2024-12-30 15:42:30,008 : INFO : EventManager : Event: ======'machine_var_score1_label'====== Args={'value': 'GRAND CHAMPION', 'prev_value': None, 'change': True}
2024-12-30 15:42:30,008 : INFO : EventManager : Event: ======'machine_var_score1_name'====== Args={'value': 'EML', 'prev_value': None, 'change': True}
2024-12-30 15:42:30,008 : INFO : EventManager : Event: ======'machine_var_score1_value'====== Args={'value': 132398600, 'prev_value': None, 'change': True}
2024-12-30 15:42:30,008 : INFO : EventManager : Event: ======'machine_var_score2_label'====== Args={'value': 'HIGH SCORE 1', 'prev_value': None, 'change': True}
2024-12-30 15:42:30,008 : INFO : EventManager : Event: ======'machine_var_score2_name'====== Args={'value': 'AAAAA', 'prev_value': None, 'change': True}
2024-12-30 15:42:30,008 : INFO : EventManager : Event: ======'machine_var_score2_value'====== Args={'value': 91250250, 'prev_value': None, 'change': True}
2024-12-30 15:42:30,008 : INFO : EventManager : Event: ======'machine_var_score3_label'====== Args={'value': 'HIGH SCORE 2', 'prev_value': None, 'change': True}
2024-12-30 15:42:30,008 : INFO : EventManager : Event: ======'machine_var_score3_name'====== Args={'value': 'CCC', 'prev_value': None, 'change': True}
2024-12-30 15:42:30,008 : INFO : EventManager : Event: ======'machine_var_score3_value'====== Args={'value': 68340100, 'prev_value': None, 'change': True}
2024-12-30 15:42:30,008 : INFO : EventManager : Event: ======'machine_var_score4_label'====== Args={'value': 'HIGH SCORE 3', 'prev_value': None, 'change': True}
2024-12-30 15:42:30,008 : INFO : EventManager : Event: ======'machine_var_score4_name'====== Args={'value': 'AAAAAAAAAAAAAA', 'prev_value': None, 'change': True}
2024-12-30 15:42:30,009 : INFO : EventManager : Event: ======'machine_var_score4_value'====== Args={'value': 62250100, 'prev_value': None, 'change': True}
2024-12-30 15:42:30,009 : INFO : EventManager : Event: ======'bcp_connection_attempt'====== Args={'name': 'local_display', 'host': 'localhost', 'port': 5050}
2024-12-30 15:42:30,010 : INFO : BCPClientSocket : Connecting BCP to 'local_display' at localhost:5050...
2024-12-30 15:42:30,015 : INFO : BCPClientSocket : Connected BCP to 'local_display' localhost:5050
2024-12-30 15:42:30,015 : INFO : EventManager : Event: ======'bcp_clients_connected'====== Args={}
2024-12-30 15:42:30,016 : INFO : ball_device.bd_trough : BCH: Initial count: 6
2024-12-30 15:42:30,016 : INFO : ball_device.bd_trough : State: idle
2024-12-30 15:42:30,017 : INFO : ball_device.bd_plunger : BCH: Initial count: 0
2024-12-30 15:42:30,017 : INFO : ball_device.bd_plunger : State: idle
2024-12-30 15:42:30,017 : INFO : ball_device.bd_scoop : BCH: Initial count: 0
2024-12-30 15:42:30,017 : INFO : ball_device.bd_scoop : State: idle
2024-12-30 15:42:30,022 : INFO : EventManager : Event: ======'init_phase_3'====== Args={}
2024-12-30 15:42:30,025 : INFO : EventManager : Event: ======'init_phase_4'====== Args={}
2024-12-30 15:42:30,025 : INFO : BallController : Initial balls found: 6
2024-12-30 15:42:30,025 : INFO : EventManager : Event: ======'machine_var_audits_events_game_ended'====== Args={'value': 22, 'prev_value': None, 'change': True}
2024-12-30 15:42:30,025 : INFO : EventManager : Event: ======'machine_var_audits_events_game_started'====== Args={'value': 1614, 'prev_value': None, 'change': True}
2024-12-30 15:42:30,026 : INFO : EventManager : Event: ======'machine_var_audits_missing_switches_s_a_target'====== Args={'value': 1, 'prev_value': None, 'change': True}
2024-12-30 15:42:30,026 : INFO : EventManager : Event: ======'machine_var_audits_missing_switches_s_bottom_inline_drop'====== Args={'value': 1, 'prev_value': None, 'change': True}
2024-12-30 15:42:30,026 : INFO : EventManager : Event: ======'machine_var_audits_missing_switches_s_bottom_pop_bumper'====== Args={'value': 29, 'prev_value': None, 'change': True}
2024-12-30 15:42:30,026 : INFO : EventManager : Event: ======'machine_var_audits_missing_switches_s_door_open'====== Args={'value': 192, 'prev_value': None, 'change': True}
2024-12-30 15:42:30,026 : INFO : EventManager : Event: ======'machine_var_audits_missing_switches_s_e_target'====== Args={'value': 1, 'prev_value': None, 'change': True}
2024-12-30 15:42:30,026 : INFO : EventManager : Event: ======'machine_var_audits_missing_switches_s_launch_button'====== Args={'value': 1085, 'prev_value': None, 'change': True}
2024-12-30 15:42:30,026 : INFO : EventManager : Event: ======'machine_var_audits_missing_switches_s_left_inlane'====== Args={'value': 1, 'prev_value': None, 'change': True}
2024-12-30 15:42:30,026 : INFO : EventManager : Event: ======'machine_var_audits_missing_switches_s_left_inner_horseshoe'====== Args={'value': 27, 'prev_value': None, 'change': True}
2024-12-30 15:42:30,026 : INFO : EventManager : Event: ======'machine_var_audits_missing_switches_s_left_orbit_enter'====== Args={'value': 27, 'prev_value': None, 'change': True}
2024-12-30 15:42:30,026 : INFO : EventManager : Event: ======'machine_var_audits_missing_switches_s_left_outlane'====== Args={'value': 1, 'prev_value': None, 'change': True}
2024-12-30 15:42:30,026 : INFO : EventManager : Event: ======'machine_var_audits_missing_switches_s_left_pop_bumper'====== Args={'value': 27, 'prev_value': None, 'change': True}
2024-12-30 15:42:30,026 : INFO : EventManager : Event: ======'machine_var_audits_missing_switches_s_left_ramp_enter'====== Args={'value': 83, 'prev_value': None, 'change': True}
2024-12-30 15:42:30,026 : INFO : EventManager : Event: ======'machine_var_audits_missing_switches_s_left_ramp_standup'====== Args={'value': 1, 'prev_value': None, 'change': True}
2024-12-30 15:42:30,026 : INFO : EventManager : Event: ======'machine_var_audits_missing_switches_s_left_rollover_lane'====== Args={'value': 1, 'prev_value': None, 'change': True}
2024-12-30 15:42:30,026 : INFO : EventManager : Event: ======'machine_var_audits_missing_switches_s_left_sling'====== Args={'value': 15, 'prev_value': None, 'change': True}
2024-12-30 15:42:30,026 : INFO : EventManager : Event: ======'machine_var_audits_missing_switches_s_left_spinner'====== Args={'value': 1, 'prev_value': None, 'change': True}
2024-12-30 15:42:30,027 : INFO : EventManager : Event: ======'machine_var_audits_missing_switches_s_middle_inline_drop'====== Args={'value': 1, 'prev_value': None, 'change': True}
2024-12-30 15:42:30,027 : INFO : EventManager : Event: ======'machine_var_audits_missing_switches_s_middle_rollover_lane'====== Args={'value': 1, 'prev_value': None, 'change': True}
2024-12-30 15:42:30,027 : INFO : EventManager : Event: ======'machine_var_audits_missing_switches_s_n_target'====== Args={'value': 1, 'prev_value': None, 'change': True}
2024-12-30 15:42:30,027 : INFO : EventManager : Event: ======'machine_var_audits_missing_switches_s_p2_target'====== Args={'value': 1, 'prev_value': None, 'change': True}
2024-12-30 15:42:30,027 : INFO : EventManager : Event: ======'machine_var_audits_missing_switches_s_right_flipper'====== Args={'value': 1, 'prev_value': None, 'change': True}
2024-12-30 15:42:30,027 : INFO : EventManager : Event: ======'machine_var_audits_missing_switches_s_right_inlane'====== Args={'value': 1, 'prev_value': None, 'change': True}
2024-12-30 15:42:30,027 : INFO : EventManager : Event: ======'machine_var_audits_missing_switches_s_right_inner_horseshoe'====== Args={'value': 27, 'prev_value': None, 'change': True}
2024-12-30 15:42:30,027 : INFO : EventManager : Event: ======'machine_var_audits_missing_switches_s_right_outlane'====== Args={'value': 1, 'prev_value': None, 'change': True}
2024-12-30 15:42:30,027 : INFO : EventManager : Event: ======'machine_var_audits_missing_switches_s_right_pop_bumper'====== Args={'value': 1, 'prev_value': None, 'change': True}
2024-12-30 15:42:30,027 : INFO : EventManager : Event: ======'machine_var_audits_missing_switches_s_right_ramp_enter'====== Args={'value': 300, 'prev_value': None, 'change': True}
2024-12-30 15:42:30,027 : INFO : EventManager : Event: ======'machine_var_audits_missing_switches_s_right_ramp_standup'====== Args={'value': 1, 'prev_value': None, 'change': True}
2024-12-30 15:42:30,027 : INFO : EventManager : Event: ======'machine_var_audits_missing_switches_s_right_rollover_lane'====== Args={'value': 1, 'prev_value': None, 'change': True}
2024-12-30 15:42:30,027 : INFO : EventManager : Event: ======'machine_var_audits_missing_switches_s_right_sling'====== Args={'value': 364, 'prev_value': None, 'change': True}
2024-12-30 15:42:30,028 : INFO : EventManager : Event: ======'machine_var_audits_missing_switches_s_service_down'====== Args={'value': 192, 'prev_value': None, 'change': True}
2024-12-30 15:42:30,028 : INFO : EventManager : Event: ======'machine_var_audits_missing_switches_s_service_enter'====== Args={'value': 192, 'prev_value': None, 'change': True}
2024-12-30 15:42:30,028 : INFO : EventManager : Event: ======'machine_var_audits_missing_switches_s_service_esc'====== Args={'value': 192, 'prev_value': None, 'change': True}
2024-12-30 15:42:30,028 : INFO : EventManager : Event: ======'machine_var_audits_missing_switches_s_service_up'====== Args={'value': 192, 'prev_value': None, 'change': True}
2024-12-30 15:42:30,028 : INFO : EventManager : Event: ======'machine_var_audits_missing_switches_s_top_inline_drop'====== Args={'value': 1, 'prev_value': None, 'change': True}
2024-12-30 15:42:30,028 : INFO : EventManager : Event: ======'machine_var_audits_missing_switches_s_trough1'====== Args={'value': 1, 'prev_value': None, 'change': True}
2024-12-30 15:42:30,028 : INFO : EventManager : Event: ======'machine_var_audits_missing_switches_s_trough2'====== Args={'value': 1, 'prev_value': None, 'change': True}
2024-12-30 15:42:30,029 : INFO : EventManager : Event: ======'machine_var_audits_missing_switches_s_trough3'====== Args={'value': 1, 'prev_value': None, 'change': True}
2024-12-30 15:42:30,029 : INFO : EventManager : Event: ======'machine_var_audits_missing_switches_s_trough4'====== Args={'value': 1036, 'prev_value': None, 'change': True}
2024-12-30 15:42:30,029 : INFO : EventManager : Event: ======'machine_var_audits_missing_switches_s_trough5'====== Args={'value': 1569, 'prev_value': None, 'change': True}
2024-12-30 15:42:30,029 : INFO : EventManager : Event: ======'machine_var_audits_missing_switches_s_trough6'====== Args={'value': 1569, 'prev_value': None, 'change': True}
2024-12-30 15:42:30,029 : INFO : EventManager : Event: ======'machine_var_audits_missing_switches_s_trough_jam'====== Args={'value': 1502, 'prev_value': None, 'change': True}
2024-12-30 15:42:30,029 : INFO : EventManager : Event: ======'machine_var_audits_player_score'====== Args={'value': {'average': 32156699, 'top': [132398600, 91250250, 68340100, 62250100, 49430150, 48340150, 40340150, 36245050, 36245050, 35245050], 'total': 24}, 'prev_value': None, 'change': True}
2024-12-30 15:42:30,029 : INFO : EventManager : Event: ======'machine_var_audits_shots_a_rollover_lane'====== Args={'value': 307, 'prev_value': None, 'change': True}
2024-12-30 15:42:30,029 : INFO : EventManager : Event: ======'machine_var_audits_shots_a_target'====== Args={'value': 7, 'prev_value': None, 'change': True}
2024-12-30 15:42:30,029 : INFO : EventManager : Event: ======'machine_var_audits_shots_ball_lock_a_target'====== Args={'value': 6, 'prev_value': None, 'change': True}
2024-12-30 15:42:30,029 : INFO : EventManager : Event: ======'machine_var_audits_shots_ball_lock_e_target'====== Args={'value': 5, 'prev_value': None, 'change': True}
2024-12-30 15:42:30,029 : INFO : EventManager : Event: ======'machine_var_audits_shots_ball_lock_n_target'====== Args={'value': 5, 'prev_value': None, 'change': True}
2024-12-30 15:42:30,030 : INFO : EventManager : Event: ======'machine_var_audits_shots_ball_lock_p2_target'====== Args={'value': 9, 'prev_value': None, 'change': True}
2024-12-30 15:42:30,030 : INFO : EventManager : Event: ======'machine_var_audits_shots_bottom_inline_drop'====== Args={'value': 142, 'prev_value': None, 'change': True}
2024-12-30 15:42:30,030 : INFO : EventManager : Event: ======'machine_var_audits_shots_e_target'====== Args={'value': 3, 'prev_value': None, 'change': True}
2024-12-30 15:42:30,030 : INFO : EventManager : Event: ======'machine_var_audits_shots_h_rollover_lane'====== Args={'value': 266, 'prev_value': None, 'change': True}
2024-12-30 15:42:30,030 : INFO : EventManager : Event: ======'machine_var_audits_shots_k_rollover_lane'====== Args={'value': 261, 'prev_value': None, 'change': True}
2024-12-30 15:42:30,030 : INFO : EventManager : Event: ======'machine_var_audits_shots_left_pop_bumper'====== Args={'value': 237, 'prev_value': None, 'change': True}
2024-12-30 15:42:30,030 : INFO : EventManager : Event: ======'machine_var_audits_shots_left_rollover_lane'====== Args={'value': 238, 'prev_value': None, 'change': True}
2024-12-30 15:42:30,030 : INFO : EventManager : Event: ======'machine_var_audits_shots_middle_inline_drop'====== Args={'value': 101, 'prev_value': None, 'change': True}
2024-12-30 15:42:30,030 : INFO : EventManager : Event: ======'machine_var_audits_shots_middle_rollover_lane'====== Args={'value': 226, 'prev_value': None, 'change': True}
2024-12-30 15:42:30,031 : INFO : EventManager : Event: ======'machine_var_audits_shots_mode_scoop'====== Args={'value': 392, 'prev_value': None, 'change': True}
2024-12-30 15:42:30,031 : INFO : EventManager : Event: ======'machine_var_audits_shots_n_rollover_lane'====== Args={'value': 270, 'prev_value': None, 'change': True}
2024-12-30 15:42:30,031 : INFO : EventManager : Event: ======'machine_var_audits_shots_n_target'====== Args={'value': 9, 'prev_value': None, 'change': True}
2024-12-30 15:42:30,031 : INFO : EventManager : Event: ======'machine_var_audits_shots_o_target'====== Args={'value': 4, 'prev_value': None, 'change': True}
2024-12-30 15:42:30,031 : INFO : EventManager : Event: ======'machine_var_audits_shots_p2_target'====== Args={'value': 5, 'prev_value': None, 'change': True}
2024-12-30 15:42:30,031 : INFO : EventManager : Event: ======'machine_var_audits_shots_p_target'====== Args={'value': 8, 'prev_value': None, 'change': True}
2024-12-30 15:42:30,031 : INFO : EventManager : Event: ======'machine_var_audits_shots_qualify_a_target'====== Args={'value': 7, 'prev_value': None, 'change': True}
2024-12-30 15:42:30,031 : INFO : EventManager : Event: ======'machine_var_audits_shots_qualify_e_target'====== Args={'value': 8, 'prev_value': None, 'change': True}
2024-12-30 15:42:30,031 : INFO : EventManager : Event: ======'machine_var_audits_shots_qualify_n_target'====== Args={'value': 7, 'prev_value': None, 'change': True}
2024-12-30 15:42:30,032 : INFO : EventManager : Event: ======'machine_var_audits_shots_qualify_o_target'====== Args={'value': 796, 'prev_value': None, 'change': True}
2024-12-30 15:42:30,032 : INFO : EventManager : Event: ======'machine_var_audits_shots_qualify_p2_target'====== Args={'value': 9, 'prev_value': None, 'change': True}
2024-12-30 15:42:30,032 : INFO : EventManager : Event: ======'machine_var_audits_shots_qualify_p_target'====== Args={'value': 780, 'prev_value': None, 'change': True}
2024-12-30 15:42:30,032 : INFO : EventManager : Event: ======'machine_var_audits_shots_qualify_r_target'====== Args={'value': 806, 'prev_value': None, 'change': True}
2024-12-30 15:42:30,032 : INFO : EventManager : Event: ======'machine_var_audits_shots_r_target'====== Args={'value': 14, 'prev_value': None, 'change': True}
2024-12-30 15:42:30,032 : INFO : EventManager : Event: ======'machine_var_audits_shots_rainey_multiball_ball_lock_a_target'====== Args={'value': 243, 'prev_value': None, 'change': True}
2024-12-30 15:42:30,033 : INFO : EventManager : Event: ======'machine_var_audits_shots_rainey_multiball_ball_lock_e_target'====== Args={'value': 220, 'prev_value': None, 'change': True}
2024-12-30 15:42:30,033 : INFO : EventManager : Event: ======'machine_var_audits_shots_rainey_multiball_ball_lock_n_target'====== Args={'value': 222, 'prev_value': None, 'change': True}
2024-12-30 15:42:30,033 : INFO : EventManager : Event: ======'machine_var_audits_shots_rainey_multiball_ball_lock_p2_target'====== Args={'value': 345, 'prev_value': None, 'change': True}
2024-12-30 15:42:30,033 : INFO : EventManager : Event: ======'machine_var_audits_shots_right_pop_bumper'====== Args={'value': 333, 'prev_value': None, 'change': True}
2024-12-30 15:42:30,033 : INFO : EventManager : Event: ======'machine_var_audits_shots_right_rollover_lane'====== Args={'value': 236, 'prev_value': None, 'change': True}
2024-12-30 15:42:30,033 : INFO : EventManager : Event: ======'machine_var_audits_shots_scoop'====== Args={'value': 285, 'prev_value': None, 'change': True}
2024-12-30 15:42:30,033 : INFO : EventManager : Event: ======'machine_var_audits_shots_scoop_mission_select'====== Args={'value': 57, 'prev_value': None, 'change': True}
2024-12-30 15:42:30,033 : INFO : EventManager : Event: ======'machine_var_audits_shots_shot_center_spinner_heat'====== Args={'value': 55, 'prev_value': None, 'change': True}
2024-12-30 15:42:30,034 : INFO : EventManager : Event: ======'machine_var_audits_shots_shot_left_orbit_heat'====== Args={'value': 323, 'prev_value': None, 'change': True}
2024-12-30 15:42:30,034 : INFO : EventManager : Event: ======'machine_var_audits_shots_shot_left_ramp'====== Args={'value': 564, 'prev_value': None, 'change': True}
2024-12-30 15:42:30,034 : INFO : EventManager : Event: ======'machine_var_audits_shots_shot_left_ramp_heat'====== Args={'value': 67, 'prev_value': None, 'change': True}
2024-12-30 15:42:30,034 : INFO : EventManager : Event: ======'machine_var_audits_shots_shot_right_orbit_heat'====== Args={'value': 51, 'prev_value': None, 'change': True}
2024-12-30 15:42:30,034 : INFO : EventManager : Event: ======'machine_var_audits_shots_shot_right_ramp'====== Args={'value': 420, 'prev_value': None, 'change': True}
2024-12-30 15:42:30,034 : INFO : EventManager : Event: ======'machine_var_audits_shots_shot_right_ramp_heat'====== Args={'value': 55, 'prev_value': None, 'change': True}
2024-12-30 15:42:30,034 : INFO : EventManager : Event: ======'machine_var_audits_shots_skillshot_a_target'====== Args={'value': 116, 'prev_value': None, 'change': True}
2024-12-30 15:42:30,035 : INFO : EventManager : Event: ======'machine_var_audits_shots_skillshot_e_target'====== Args={'value': 97, 'prev_value': None, 'change': True}
2024-12-30 15:42:30,035 : INFO : EventManager : Event: ======'machine_var_audits_shots_skillshot_n_target'====== Args={'value': 88, 'prev_value': None, 'change': True}
2024-12-30 15:42:30,035 : INFO : EventManager : Event: ======'machine_var_audits_shots_skillshot_o_target'====== Args={'value': 179, 'prev_value': None, 'change': True}
2024-12-30 15:42:30,035 : INFO : EventManager : Event: ======'machine_var_audits_shots_skillshot_p2_target'====== Args={'value': 207, 'prev_value': None, 'change': True}
2024-12-30 15:42:30,035 : INFO : EventManager : Event: ======'machine_var_audits_shots_skillshot_p_target'====== Args={'value': 415, 'prev_value': None, 'change': True}
2024-12-30 15:42:30,035 : INFO : EventManager : Event: ======'machine_var_audits_shots_skillshot_r_target'====== Args={'value': 184, 'prev_value': None, 'change': True}
2024-12-30 15:42:30,035 : INFO : EventManager : Event: ======'machine_var_audits_shots_spinner'====== Args={'value': 11, 'prev_value': None, 'change': True}
2024-12-30 15:42:30,036 : INFO : EventManager : Event: ======'machine_var_audits_shots_super_jackpot_collect'====== Args={'value': 57, 'prev_value': None, 'change': True}
2024-12-30 15:42:30,036 : INFO : EventManager : Event: ======'machine_var_audits_shots_top_inline_drop'====== Args={'value': 61, 'prev_value': None, 'change': True}
2024-12-30 15:42:30,036 : INFO : EventManager : Event: ======'machine_var_audits_switches_s_a_target'====== Args={'value': 371, 'prev_value': None, 'change': True}
2024-12-30 15:42:30,036 : INFO : EventManager : Event: ======'machine_var_audits_switches_s_bottom_inline_drop'====== Args={'value': 1164, 'prev_value': None, 'change': True}
2024-12-30 15:42:30,036 : INFO : EventManager : Event: ======'machine_var_audits_switches_s_bottom_pop_bumper'====== Args={'value': 931, 'prev_value': None, 'change': True}
2024-12-30 15:42:30,036 : INFO : EventManager : Event: ======'machine_var_audits_switches_s_center_spinner'====== Args={'value': 640, 'prev_value': None, 'change': True}
2024-12-30 15:42:30,037 : INFO : EventManager : Event: ======'machine_var_audits_switches_s_door_open'====== Args={'value': 0, 'prev_value': None, 'change': True}
2024-12-30 15:42:30,037 : INFO : EventManager : Event: ======'machine_var_audits_switches_s_e_target'====== Args={'value': 353, 'prev_value': None, 'change': True}
2024-12-30 15:42:30,037 : INFO : EventManager : Event: ======'machine_var_audits_switches_s_launch_button'====== Args={'value': 10, 'prev_value': None, 'change': True}
2024-12-30 15:42:30,037 : INFO : EventManager : Event: ======'machine_var_audits_switches_s_left_flipper'====== Args={'value': 847, 'prev_value': None, 'change': True}
2024-12-30 15:42:30,037 : INFO : EventManager : Event: ======'machine_var_audits_switches_s_left_inlane'====== Args={'value': 318, 'prev_value': None, 'change': True}
2024-12-30 15:42:30,037 : INFO : EventManager : Event: ======'machine_var_audits_switches_s_left_inner_horseshoe'====== Args={'value': 29, 'prev_value': None, 'change': True}
2024-12-30 15:42:30,037 : INFO : EventManager : Event: ======'machine_var_audits_switches_s_left_orbit_enter'====== Args={'value': 146, 'prev_value': None, 'change': True}
2024-12-30 15:42:30,038 : INFO : EventManager : Event: ======'machine_var_audits_switches_s_left_orbit_exit'====== Args={'value': 421, 'prev_value': None, 'change': True}
2024-12-30 15:42:30,038 : INFO : EventManager : Event: ======'machine_var_audits_switches_s_left_outlane'====== Args={'value': 292, 'prev_value': None, 'change': True}
2024-12-30 15:42:30,038 : INFO : EventManager : Event: ======'machine_var_audits_switches_s_left_pop_bumper'====== Args={'value': 262, 'prev_value': None, 'change': True}
2024-12-30 15:42:30,038 : INFO : EventManager : Event: ======'machine_var_audits_switches_s_left_ramp_enter'====== Args={'value': 48, 'prev_value': None, 'change': True}
2024-12-30 15:42:30,038 : INFO : EventManager : Event: ======'machine_var_audits_switches_s_left_ramp_exit'====== Args={'value': 659, 'prev_value': None, 'change': True}
2024-12-30 15:42:30,039 : INFO : EventManager : Event: ======'machine_var_audits_switches_s_left_ramp_standup'====== Args={'value': 1743, 'prev_value': None, 'change': True}
2024-12-30 15:42:30,039 : INFO : EventManager : Event: ======'machine_var_audits_switches_s_left_rollover_lane'====== Args={'value': 243, 'prev_value': None, 'change': True}
2024-12-30 15:42:30,039 : INFO : EventManager : Event: ======'machine_var_audits_switches_s_left_sling'====== Args={'value': 14, 'prev_value': None, 'change': True}
2024-12-30 15:42:30,039 : INFO : EventManager : Event: ======'machine_var_audits_switches_s_left_spinner'====== Args={'value': 513, 'prev_value': None, 'change': True}
2024-12-30 15:42:30,039 : INFO : EventManager : Event: ======'machine_var_audits_switches_s_middle_inline_drop'====== Args={'value': 1105, 'prev_value': None, 'change': True}
2024-12-30 15:42:30,039 : INFO : EventManager : Event: ======'machine_var_audits_switches_s_middle_rollover_lane'====== Args={'value': 229, 'prev_value': None, 'change': True}
2024-12-30 15:42:30,040 : INFO : EventManager : Event: ======'machine_var_audits_switches_s_n_target'====== Args={'value': 344, 'prev_value': None, 'change': True}
2024-12-30 15:42:30,040 : INFO : EventManager : Event: ======'machine_var_audits_switches_s_o_target'====== Args={'value': 888, 'prev_value': None, 'change': True}
2024-12-30 15:42:30,040 : INFO : EventManager : Event: ======'machine_var_audits_switches_s_p2_target'====== Args={'value': 430, 'prev_value': None, 'change': True}
2024-12-30 15:42:30,040 : INFO : EventManager : Event: ======'machine_var_audits_switches_s_p_target'====== Args={'value': 1362, 'prev_value': None, 'change': True}
2024-12-30 15:42:30,040 : INFO : EventManager : Event: ======'machine_var_audits_switches_s_plunger'====== Args={'value': 2194, 'prev_value': None, 'change': True}
2024-12-30 15:42:30,041 : INFO : EventManager : Event: ======'machine_var_audits_switches_s_plunger_lane'====== Args={'value': 39, 'prev_value': None, 'change': True}
2024-12-30 15:42:30,041 : INFO : EventManager : Event: ======'machine_var_audits_switches_s_plunger_lane_exit'====== Args={'value': 1784, 'prev_value': None, 'change': True}
2024-12-30 15:42:30,041 : INFO : EventManager : Event: ======'machine_var_audits_switches_s_r_target'====== Args={'value': 886, 'prev_value': None, 'change': True}
2024-12-30 15:42:30,041 : INFO : EventManager : Event: ======'machine_var_audits_switches_s_right_flipper'====== Args={'value': 2754, 'prev_value': None, 'change': True}
2024-12-30 15:42:30,041 : INFO : EventManager : Event: ======'machine_var_audits_switches_s_right_inlane'====== Args={'value': 279, 'prev_value': None, 'change': True}
2024-12-30 15:42:30,041 : INFO : EventManager : Event: ======'machine_var_audits_switches_s_right_inner_horseshoe'====== Args={'value': 35, 'prev_value': None, 'change': True}
2024-12-30 15:42:30,042 : INFO : EventManager : Event: ======'machine_var_audits_switches_s_right_orbit_exit'====== Args={'value': 58, 'prev_value': None, 'change': True}
2024-12-30 15:42:30,042 : INFO : EventManager : Event: ======'machine_var_audits_switches_s_right_outlane'====== Args={'value': 269, 'prev_value': None, 'change': True}
2024-12-30 15:42:30,042 : INFO : EventManager : Event: ======'machine_var_audits_switches_s_right_pop_bumper'====== Args={'value': 395, 'prev_value': None, 'change': True}
2024-12-30 15:42:30,042 : INFO : EventManager : Event: ======'machine_var_audits_switches_s_right_ramp_enter'====== Args={'value': 20, 'prev_value': None, 'change': True}
2024-12-30 15:42:30,042 : INFO : EventManager : Event: ======'machine_var_audits_switches_s_right_ramp_exit'====== Args={'value': 485, 'prev_value': None, 'change': True}
2024-12-30 15:42:30,043 : INFO : EventManager : Event: ======'machine_var_audits_switches_s_right_ramp_standup'====== Args={'value': 352, 'prev_value': None, 'change': True}
2024-12-30 15:42:30,043 : INFO : EventManager : Event: ======'machine_var_audits_switches_s_right_rollover_lane'====== Args={'value': 250, 'prev_value': None, 'change': True}
2024-12-30 15:42:30,043 : INFO : EventManager : Event: ======'machine_var_audits_switches_s_right_sling'====== Args={'value': 22, 'prev_value': None, 'change': True}
2024-12-30 15:42:30,043 : INFO : EventManager : Event: ======'machine_var_audits_switches_s_scoop'====== Args={'value': 1337, 'prev_value': None, 'change': True}
2024-12-30 15:42:30,043 : INFO : EventManager : Event: ======'machine_var_audits_switches_s_service_down'====== Args={'value': 0, 'prev_value': None, 'change': True}
2024-12-30 15:42:30,044 : INFO : EventManager : Event: ======'machine_var_audits_switches_s_service_enter'====== Args={'value': 0, 'prev_value': None, 'change': True}
2024-12-30 15:42:30,044 : INFO : EventManager : Event: ======'machine_var_audits_switches_s_service_esc'====== Args={'value': 0, 'prev_value': None, 'change': True}
2024-12-30 15:42:30,044 : INFO : EventManager : Event: ======'machine_var_audits_switches_s_service_up'====== Args={'value': 0, 'prev_value': None, 'change': True}
2024-12-30 15:42:30,044 : INFO : EventManager : Event: ======'machine_var_audits_switches_s_start'====== Args={'value': 1223, 'prev_value': None, 'change': True}
2024-12-30 15:42:30,045 : INFO : EventManager : Event: ======'machine_var_audits_switches_s_top_inline_drop'====== Args={'value': 111, 'prev_value': None, 'change': True}
2024-12-30 15:42:30,045 : INFO : EventManager : Event: ======'machine_var_audits_switches_s_trough1'====== Args={'value': 614, 'prev_value': None, 'change': True}
2024-12-30 15:42:30,045 : INFO : EventManager : Event: ======'machine_var_audits_switches_s_trough2'====== Args={'value': 85, 'prev_value': None, 'change': True}
2024-12-30 15:42:30,045 : INFO : EventManager : Event: ======'machine_var_audits_switches_s_trough3'====== Args={'value': 106, 'prev_value': None, 'change': True}
2024-12-30 15:42:30,045 : INFO : EventManager : Event: ======'machine_var_audits_switches_s_trough4'====== Args={'value': 3, 'prev_value': None, 'change': True}
2024-12-30 15:42:30,046 : INFO : EventManager : Event: ======'machine_var_audits_switches_s_trough5'====== Args={'value': 2, 'prev_value': None, 'change': True}
2024-12-30 15:42:30,046 : INFO : EventManager : Event: ======'machine_var_audits_switches_s_trough6'====== Args={'value': 1, 'prev_value': None, 'change': True}
2024-12-30 15:42:30,046 : INFO : EventManager : Event: ======'machine_var_audits_switches_s_trough_jam'====== Args={'value': 5, 'prev_value': None, 'change': True}
2024-12-30 15:42:30,046 : INFO : EventManager : Event: ======'init_phase_5'====== Args={}
2024-12-30 15:42:30,050 : INFO : EventManager : Event: ======'init_done'====== Args={}
2024-12-30 15:42:30,050 : INFO : EventManager : Event: ======'machine_reset_phase_1'====== Args={}
2024-12-30 15:42:30,061 : INFO : EventManager : Event: ======'machine_reset_phase_2'====== Args={}
2024-12-30 15:42:30,061 : INFO : EventManager : Event: ======'machine_reset_phase_3'====== Args={}
2024-12-30 15:42:30,061 : INFO : drop_target_bank.strickland_bank : All targets are already up. Will not reset bank.
2024-12-30 15:42:30,061 : INFO : EventManager : Event: ======'reset_complete'====== Args={}
2024-12-30 15:42:30,061 : INFO : EventManager : Event: ======'mode_service_will_start'====== Args={}
2024-12-30 15:42:30,061 : INFO : EventManager : Event: ======'mode_service_starting'====== Args={}
2024-12-30 15:42:30,061 : INFO : EventManager : Event: ======'mode_attract_will_start'====== Args={}
2024-12-30 15:42:30,061 : INFO : Timer.attract_switch : Starting Timer.
2024-12-30 15:42:30,061 : INFO : EventManager : Event: ======'timer_attract_switch_started'====== Args={'ticks': 0, 'ticks_remaining': 46}
2024-12-30 15:42:30,061 : INFO : EventManager : Event: ======'timer_attract_switch_tick'====== Args={'ticks': 0, 'ticks_remaining': 46}
2024-12-30 15:42:30,062 : INFO : EventManager : Event: ======'mode_attract_starting'====== Args={}
2024-12-30 15:42:30,062 : INFO : Mode.attract : Started. Priority: 10
2024-12-30 15:42:30,062 : INFO : EventManager : Event: ======'modes_active_modes_changed'====== Args={}
2024-12-30 15:42:30,062 : INFO : EventManager : Event: ======'mode_attract_started'====== Args={}
2024-12-30 15:42:30,062 : INFO : EventManager : Event: ======'collecting_balls_complete'====== Args={}
2024-12-30 15:42:30,062 : INFO : Mode.service : Started. Priority: 100000
2024-12-30 15:42:30,062 : INFO : EventManager : Event: ======'modes_active_modes_changed'====== Args={}
2024-12-30 15:42:30,062 : INFO : EventManager : Event: ======'mode_service_started'====== Args={}
2024-12-30 15:42:30,063 : INFO : Machine : Starting the main run loop.
2024-12-30 15:42:30,935 : INFO : BcpServer : New client connected.
2024-12-30 15:42:31,063 : INFO : EventManager : Event: ======'timer_attract_switch_tick'====== Args={'ticks': 1, 'ticks_remaining': 45}
2024-12-30 15:42:31,080 : INFO : EventManager : Event: ======'slide__removed'====== Args={'_from_bcp': True}
2024-12-30 15:42:31,101 : INFO : EventManager : Event: ======'slide_dtp_logo_attract_created'====== Args={'_from_bcp': True}
2024-12-30 15:42:31,102 : INFO : EventManager : Event: ======'slide_dtp_logo_attract_active'====== Args={'original_context': 'attract', 'original_calling_context': 'timer_attract_switch_tick{ticks==1}', 'priority': 10.0, 'ticks': 1.0, 'ticks_remaining': 45.0, 'cmd': 'slides_play', '_from_bcp': True}
2024-12-30 15:42:32,064 : INFO : EventManager : Event: ======'timer_attract_switch_tick'====== Args={'ticks': 2, 'ticks_remaining': 44}
2024-12-30 15:42:33,064 : INFO : EventManager : Event: ======'timer_attract_switch_tick'====== Args={'ticks': 3, 'ticks_remaining': 43}
2024-12-30 15:42:33,073 : INFO : SwitchController : <<<<<<< 's_door_open' active >>>>>>>
2024-12-30 15:42:33,073 : INFO : EventManager : Event: ======'sw_service_door_open_active'====== Args={}
2024-12-30 15:42:33,073 : INFO : EventManager : Event: ======'sw_power_off_active'====== Args={}
2024-12-30 15:42:33,074 : INFO : EventManager : Event: ======'service_door_opened'====== Args={'priority': 0}
2024-12-30 15:42:33,074 : INFO : EventManager : Event: ======'service_power_off'====== Args={'priority': 0}
2024-12-30 15:42:33,181 : INFO : SwitchController : <<<<<<< 's_door_open' inactive >>>>>>>
2024-12-30 15:42:33,182 : INFO : EventManager : Event: ======'sw_service_door_open_inactive'====== Args={}
2024-12-30 15:42:33,182 : INFO : EventManager : Event: ======'sw_power_off_inactive'====== Args={}
2024-12-30 15:42:33,183 : INFO : EventManager : Event: ======'service_door_closed'====== Args={'priority': 0}
2024-12-30 15:42:33,184 : INFO : EventManager : Event: ======'service_power_on'====== Args={'priority': 0}
2024-12-30 15:42:34,062 : INFO : EventManager : Event: ======'timer_attract_switch_tick'====== Args={'ticks': 4, 'ticks_remaining': 42}
2024-12-30 15:42:34,088 : INFO : EventManager : Event: ======'slide_high_scores_attract_created'====== Args={'_from_bcp': True}
2024-12-30 15:42:34,089 : INFO : EventManager : Event: ======'slide_dtp_logo_attract_inactive'====== Args={'is_removing': True, '_from_bcp': True}
2024-12-30 15:42:34,089 : INFO : EventManager : Event: ======'slide_high_scores_attract_active'====== Args={'original_context': 'attract', 'original_calling_context': 'timer_attract_switch_tick{ticks==4}', 'priority': 10.0, 'ticks': 4.0, 'ticks_remaining': 42.0, 'cmd': 'slides_play', '_from_bcp': True}
2024-12-30 15:42:34,089 : INFO : EventManager : Event: ======'slide_dtp_logo_attract_removed'====== Args={'_from_bcp': True}
2024-12-30 15:42:35,063 : INFO : EventManager : Event: ======'timer_attract_switch_tick'====== Args={'ticks': 5, 'ticks_remaining': 41}
2024-12-30 15:42:35,572 : INFO : SwitchController : <<<<<<< 's_door_open' active >>>>>>>
2024-12-30 15:42:35,572 : INFO : EventManager : Event: ======'sw_service_door_open_active'====== Args={}
2024-12-30 15:42:35,573 : INFO : EventManager : Event: ======'sw_power_off_active'====== Args={}
2024-12-30 15:42:35,573 : INFO : EventManager : Event: ======'service_door_opened'====== Args={'priority': 0}
2024-12-30 15:42:35,573 : INFO : EventManager : Event: ======'service_power_off'====== Args={'priority': 0}
2024-12-30 15:42:35,731 : INFO : SwitchController : <<<<<<< 's_door_open' inactive >>>>>>>
2024-12-30 15:42:35,731 : INFO : EventManager : Event: ======'sw_service_door_open_inactive'====== Args={}
2024-12-30 15:42:35,732 : INFO : EventManager : Event: ======'sw_power_off_inactive'====== Args={}
2024-12-30 15:42:35,733 : INFO : EventManager : Event: ======'service_door_closed'====== Args={'priority': 0}
2024-12-30 15:42:35,733 : INFO : EventManager : Event: ======'service_power_on'====== Args={'priority': 0}
2024-12-30 15:42:36,064 : INFO : EventManager : Event: ======'timer_attract_switch_tick'====== Args={'ticks': 6, 'ticks_remaining': 40}
2024-12-30 15:42:36,231 : INFO : SwitchController : <<<<<<< 's_door_open' active >>>>>>>
2024-12-30 15:42:36,231 : INFO : EventManager : Event: ======'sw_service_door_open_active'====== Args={}
2024-12-30 15:42:36,232 : INFO : EventManager : Event: ======'sw_power_off_active'====== Args={}
2024-12-30 15:42:36,233 : INFO : EventManager : Event: ======'service_door_opened'====== Args={'priority': 0}
2024-12-30 15:42:36,234 : INFO : EventManager : Event: ======'service_power_off'====== Args={'priority': 0}
2024-12-30 15:42:36,698 : INFO : SwitchController : <<<<<<< 's_door_open' inactive >>>>>>>
2024-12-30 15:42:36,698 : INFO : EventManager : Event: ======'sw_service_door_open_inactive'====== Args={}
2024-12-30 15:42:36,699 : INFO : EventManager : Event: ======'sw_power_off_inactive'====== Args={}
2024-12-30 15:42:36,700 : INFO : EventManager : Event: ======'service_door_closed'====== Args={'priority': 0}
2024-12-30 15:42:36,700 : INFO : EventManager : Event: ======'service_power_on'====== Args={'priority': 0}
2024-12-30 15:42:37,062 : INFO : EventManager : Event: ======'timer_attract_switch_tick'====== Args={'ticks': 7, 'ticks_remaining': 39}
2024-12-30 15:42:38,062 : INFO : EventManager : Event: ======'timer_attract_switch_tick'====== Args={'ticks': 8, 'ticks_remaining': 38}
2024-12-30 15:42:38,111 : INFO : EventManager : Event: ======'slide_koth_logo_attract_created'====== Args={'_from_bcp': True}
2024-12-30 15:42:38,112 : INFO : EventManager : Event: ======'slide_high_scores_attract_inactive'====== Args={'is_removing': True, '_from_bcp': True}
2024-12-30 15:42:38,113 : INFO : EventManager : Event: ======'slide_koth_logo_attract_active'====== Args={'original_context': 'attract', 'original_calling_context': 'timer_attract_switch_tick{ticks==8}', 'priority': 10.0, 'ticks': 8.0, 'ticks_remaining': 38.0, 'cmd': 'slides_play', '_from_bcp': True}
2024-12-30 15:42:38,113 : INFO : EventManager : Event: ======'slide_high_scores_attract_removed'====== Args={'_from_bcp': True}
2024-12-30 15:42:38,380 : INFO : SwitchController : <<<<<<< 's_service_enter' active >>>>>>>
2024-12-30 15:42:38,380 : INFO : EventManager : Event: ======'sw_service_enter_active'====== Args={}
2024-12-30 15:42:38,382 : INFO : service : Entered service mode. Resetting game if running. Resetting hardware interface now.
2024-12-30 15:42:38,382 : INFO : EventManager : Event: ======'mode_attract_will_stop'====== Args={}
2024-12-30 15:42:38,383 : INFO : EventManager : Event: ======'mode_attract_stopping'====== Args={}
2024-12-30 15:42:38,383 : INFO : EventManager : Event: ======'service_mode_entered'====== Args={}
2024-12-30 15:42:38,384 : INFO : EventManager : Event: ======'service_main_menu'====== Args={}
2024-12-30 15:42:38,384 : INFO : EventManager : Event: ======'service_menu_deselected'====== Args={}
2024-12-30 15:42:38,385 : INFO : EventManager : Event: ======'service_menu_show'====== Args={}
2024-12-30 15:42:38,385 : INFO : EventManager : Event: ======'service_menu_selected'====== Args={'label': 'Diagnostics Menu'}
2024-12-30 15:42:38,388 : INFO : Mode.attract : Stopped.
2024-12-30 15:42:38,388 : INFO : EventManager : Event: ======'modes_active_modes_changed'====== Args={}
2024-12-30 15:42:38,390 : INFO : EventManager : Event: ======'mode_attract_stopped'====== Args={}
2024-12-30 15:42:38,391 : INFO : EventManager : Event: ======'clear'====== Args={'key': 'attract'}
2024-12-30 15:42:38,391 : INFO : Timer.attract_switch : Stopping Timer
2024-12-30 15:42:38,392 : INFO : EventManager : Event: ======'timer_attract_switch_stopped'====== Args={'ticks': 8, 'ticks_remaining': 38}
2024-12-30 15:42:38,513 : INFO : SwitchController : <<<<<<< 's_service_enter' inactive >>>>>>>
2024-12-30 15:42:40,030 : INFO : SwitchController : <<<<<<< 's_service_esc' active >>>>>>>
2024-12-30 15:42:40,031 : INFO : EventManager : Event: ======'sw_service_esc_active'====== Args={}
2024-12-30 15:42:40,032 : INFO : EventManager : Event: ======'service_menu_hide'====== Args={}
2024-12-30 15:42:40,032 : INFO : EventManager : Event: ======'service_mode_exited'====== Args={}
2024-12-30 15:42:40,032 : INFO : EventManager : Event: ======'machine_reset_phase_1'====== Args={}
2024-12-30 15:42:40,057 : INFO : EventManager : Event: ======'machine_reset_phase_2'====== Args={}
2024-12-30 15:42:40,058 : INFO : EventManager : Event: ======'machine_reset_phase_3'====== Args={}
2024-12-30 15:42:40,059 : INFO : drop_target_bank.strickland_bank : All targets are already up. Will not reset bank.
2024-12-30 15:42:40,059 : INFO : EventManager : Event: ======'reset_complete'====== Args={}
2024-12-30 15:42:40,060 : INFO : EventManager : Event: ======'mode_attract_will_start'====== Args={}
2024-12-30 15:42:40,060 : INFO : Timer.attract_switch : Starting Timer.
2024-12-30 15:42:40,060 : INFO : EventManager : Event: ======'timer_attract_switch_started'====== Args={'ticks': 0, 'ticks_remaining': 46}
2024-12-30 15:42:40,060 : INFO : EventManager : Event: ======'timer_attract_switch_tick'====== Args={'ticks': 0, 'ticks_remaining': 46}
2024-12-30 15:42:40,062 : INFO : EventManager : Event: ======'mode_attract_starting'====== Args={}
2024-12-30 15:42:40,063 : INFO : Mode.attract : Started. Priority: 10
2024-12-30 15:42:40,063 : INFO : EventManager : Event: ======'modes_active_modes_changed'====== Args={}
2024-12-30 15:42:40,063 : INFO : EventManager : Event: ======'mode_attract_started'====== Args={}
2024-12-30 15:42:40,065 : INFO : EventManager : Event: ======'collecting_balls_complete'====== Args={}
2024-12-30 15:42:40,196 : INFO : SwitchController : <<<<<<< 's_service_esc' inactive >>>>>>>
2024-12-30 15:42:41,061 : INFO : EventManager : Event: ======'timer_attract_switch_tick'====== Args={'ticks': 1, 'ticks_remaining': 45}
2024-12-30 15:42:41,080 : INFO : EventManager : Event: ======'slide_dtp_logo_attract_created'====== Args={'_from_bcp': True}
2024-12-30 15:42:41,081 : INFO : EventManager : Event: ======'slide_koth_logo_attract_inactive'====== Args={'is_removing': True, '_from_bcp': True}
2024-12-30 15:42:41,082 : INFO : EventManager : Event: ======'slide_dtp_logo_attract_active'====== Args={'original_context': 'attract', 'original_calling_context': 'timer_attract_switch_tick{ticks==1}', 'priority': 10.0, 'ticks': 1.0, 'ticks_remaining': 45.0, 'cmd': 'slides_play', '_from_bcp': True}
2024-12-30 15:42:41,083 : INFO : EventManager : Event: ======'slide_koth_logo_attract_removed'====== Args={'_from_bcp': True}
2024-12-30 15:42:42,062 : INFO : EventManager : Event: ======'timer_attract_switch_tick'====== Args={'ticks': 2, 'ticks_remaining': 44}
2024-12-30 15:42:42,598 : INFO : SwitchController : <<<<<<< 's_service_up' active >>>>>>>
2024-12-30 15:42:42,599 : INFO : EventManager : Event: ======'sw_service_up_active'====== Args={}
2024-12-30 15:42:42,600 : INFO : EventManager : Event: ======'machine_var_master_volume'====== Args={'value': 0.55, 'prev_value': 0.5, 'change': 0.050000000000000044}
2024-12-30 15:42:42,602 : INFO : EventManager : Event: ======'master_volume_increase'====== Args={'volume': 0.55}
2024-12-30 15:42:42,697 : INFO : SwitchController : <<<<<<< 's_service_up' inactive >>>>>>>
2024-12-30 15:42:43,062 : INFO : EventManager : Event: ======'timer_attract_switch_tick'====== Args={'ticks': 3, 'ticks_remaining': 43}
2024-12-30 15:42:44,062 : INFO : EventManager : Event: ======'timer_attract_switch_tick'====== Args={'ticks': 4, 'ticks_remaining': 42}
2024-12-30 15:42:44,081 : INFO : EventManager : Event: ======'slide_high_scores_attract_created'====== Args={'_from_bcp': True}
2024-12-30 15:42:44,082 : INFO : EventManager : Event: ======'slide_dtp_logo_attract_inactive'====== Args={'is_removing': True, '_from_bcp': True}
2024-12-30 15:42:44,083 : INFO : EventManager : Event: ======'slide_high_scores_attract_active'====== Args={'original_context': 'attract', 'original_calling_context': 'timer_attract_switch_tick{ticks==4}', 'priority': 10.0, 'ticks': 4.0, 'ticks_remaining': 42.0, 'cmd': 'slides_play', '_from_bcp': True}
2024-12-30 15:42:44,083 : INFO : EventManager : Event: ======'slide_dtp_logo_attract_removed'====== Args={'_from_bcp': True}
2024-12-30 15:42:44,114 : INFO : SwitchController : <<<<<<< 's_service_up' active >>>>>>>
2024-12-30 15:42:44,114 : INFO : EventManager : Event: ======'sw_service_up_active'====== Args={}
2024-12-30 15:42:44,115 : INFO : EventManager : Event: ======'machine_var_master_volume'====== Args={'value': 0.6, 'prev_value': 0.55, 'change': 0.04999999999999993}
2024-12-30 15:42:44,115 : INFO : EventManager : Event: ======'master_volume_increase'====== Args={'volume': 0.6}
2024-12-30 15:42:44,248 : INFO : SwitchController : <<<<<<< 's_service_up' inactive >>>>>>>
2024-12-30 15:42:44,731 : INFO : SwitchController : <<<<<<< 's_service_up' active >>>>>>>
2024-12-30 15:42:44,732 : INFO : EventManager : Event: ======'sw_service_up_active'====== Args={}
2024-12-30 15:42:44,733 : INFO : EventManager : Event: ======'machine_var_master_volume'====== Args={'value': 0.65, 'prev_value': 0.6, 'change': 0.050000000000000044}
2024-12-30 15:42:44,735 : INFO : EventManager : Event: ======'master_volume_increase'====== Args={'volume': 0.65}
2024-12-30 15:42:44,848 : INFO : SwitchController : <<<<<<< 's_service_up' inactive >>>>>>>
2024-12-30 15:42:45,062 : INFO : EventManager : Event: ======'timer_attract_switch_tick'====== Args={'ticks': 5, 'ticks_remaining': 41}
2024-12-30 15:42:45,081 : INFO : SwitchController : <<<<<<< 's_service_up' active >>>>>>>
2024-12-30 15:42:45,081 : INFO : EventManager : Event: ======'sw_service_up_active'====== Args={}
2024-12-30 15:42:45,082 : INFO : EventManager : Event: ======'machine_var_master_volume'====== Args={'value': 0.7, 'prev_value': 0.65, 'change': 0.04999999999999993}
2024-12-30 15:42:45,083 : INFO : EventManager : Event: ======'master_volume_increase'====== Args={'volume': 0.7}
2024-12-30 15:42:45,181 : INFO : SwitchController : <<<<<<< 's_service_up' inactive >>>>>>>
2024-12-30 15:42:45,331 : INFO : SwitchController : <<<<<<< 's_service_up' active >>>>>>>
2024-12-30 15:42:45,332 : INFO : EventManager : Event: ======'sw_service_up_active'====== Args={}
2024-12-30 15:42:45,334 : INFO : EventManager : Event: ======'machine_var_master_volume'====== Args={'value': 0.75, 'prev_value': 0.7, 'change': 0.050000000000000044}
2024-12-30 15:42:45,336 : INFO : EventManager : Event: ======'master_volume_increase'====== Args={'volume': 0.75}
2024-12-30 15:42:45,397 : INFO : SwitchController : <<<<<<< 's_service_up' inactive >>>>>>>
2024-12-30 15:42:45,813 : INFO : SwitchController : <<<<<<< 's_service_down' active >>>>>>>
2024-12-30 15:42:45,814 : INFO : EventManager : Event: ======'sw_service_down_active'====== Args={}
2024-12-30 15:42:45,815 : INFO : EventManager : Event: ======'machine_var_master_volume'====== Args={'value': 0.7, 'prev_value': 0.75, 'change': -0.050000000000000044}
2024-12-30 15:42:45,816 : INFO : EventManager : Event: ======'master_volume_decrease'====== Args={'volume': 0.7}
2024-12-30 15:42:45,973 : INFO : SwitchController : <<<<<<< 's_service_down' inactive >>>>>>>
2024-12-30 15:42:46,062 : INFO : EventManager : Event: ======'timer_attract_switch_tick'====== Args={'ticks': 6, 'ticks_remaining': 40}
2024-12-30 15:42:46,247 : WARNING : SwitchController : Received duplicate switch state 1 for switch s_trough6 from the platform interface. Log Code: Log-SwitchController-1 (https://missionpinball.org/logs)
2024-12-30 15:42:46,381 : INFO : SwitchController : <<<<<<< 's_trough6' inactive >>>>>>>
2024-12-30 15:42:47,062 : INFO : EventManager : Event: ======'timer_attract_switch_tick'====== Args={'ticks': 7, 'ticks_remaining': 39}
2024-12-30 15:42:47,832 : INFO : SwitchController : <<<<<<< 's_door_open' active >>>>>>>
2024-12-30 15:42:47,832 : INFO : EventManager : Event: ======'sw_service_door_open_active'====== Args={}
2024-12-30 15:42:47,833 : INFO : EventManager : Event: ======'sw_power_off_active'====== Args={}
2024-12-30 15:42:47,834 : INFO : EventManager : Event: ======'service_door_opened'====== Args={'priority': 0}
2024-12-30 15:42:47,834 : INFO : EventManager : Event: ======'service_power_off'====== Args={'priority': 0}
2024-12-30 15:42:47,949 : INFO : SwitchController : <<<<<<< 's_door_open' inactive >>>>>>>
2024-12-30 15:42:47,949 : INFO : EventManager : Event: ======'sw_service_door_open_inactive'====== Args={}
2024-12-30 15:42:47,950 : INFO : EventManager : Event: ======'sw_power_off_inactive'====== Args={}
2024-12-30 15:42:47,951 : INFO : EventManager : Event: ======'service_door_closed'====== Args={'priority': 0}
2024-12-30 15:42:47,952 : INFO : EventManager : Event: ======'service_power_on'====== Args={'priority': 0}
2024-12-30 15:42:48,061 : INFO : EventManager : Event: ======'timer_attract_switch_tick'====== Args={'ticks': 8, 'ticks_remaining': 38}
2024-12-30 15:42:48,097 : INFO : EventManager : Event: ======'slide_koth_logo_attract_created'====== Args={'_from_bcp': True}
2024-12-30 15:42:48,098 : INFO : EventManager : Event: ======'slide_high_scores_attract_inactive'====== Args={'is_removing': True, '_from_bcp': True}
2024-12-30 15:42:48,098 : INFO : EventManager : Event: ======'slide_koth_logo_attract_active'====== Args={'original_context': 'attract', 'original_calling_context': 'timer_attract_switch_tick{ticks==8}', 'priority': 10.0, 'ticks': 8.0, 'ticks_remaining': 38.0, 'cmd': 'slides_play', '_from_bcp': True}
2024-12-30 15:42:48,099 : INFO : EventManager : Event: ======'slide_high_scores_attract_removed'====== Args={'_from_bcp': True}
2024-12-30 15:42:48,197 : INFO : SwitchController : <<<<<<< 's_service_enter' active >>>>>>>
2024-12-30 15:42:48,198 : INFO : EventManager : Event: ======'sw_service_enter_active'====== Args={}
2024-12-30 15:42:48,199 : INFO : service : Entered service mode. Resetting game if running. Resetting hardware interface now.
2024-12-30 15:42:48,199 : INFO : EventManager : Event: ======'mode_attract_will_stop'====== Args={}
2024-12-30 15:42:48,199 : INFO : EventManager : Event: ======'mode_attract_stopping'====== Args={}
2024-12-30 15:42:48,200 : INFO : EventManager : Event: ======'service_mode_entered'====== Args={}
2024-12-30 15:42:48,200 : INFO : EventManager : Event: ======'service_main_menu'====== Args={}
2024-12-30 15:42:48,200 : INFO : EventManager : Event: ======'service_menu_deselected'====== Args={}
2024-12-30 15:42:48,201 : INFO : EventManager : Event: ======'service_menu_show'====== Args={}
2024-12-30 15:42:48,201 : INFO : EventManager : Event: ======'service_menu_selected'====== Args={'label': 'Diagnostics Menu'}
2024-12-30 15:42:48,202 : INFO : Mode.attract : Stopped.
2024-12-30 15:42:48,202 : INFO : EventManager : Event: ======'modes_active_modes_changed'====== Args={}
2024-12-30 15:42:48,204 : INFO : EventManager : Event: ======'mode_attract_stopped'====== Args={}
2024-12-30 15:42:48,204 : INFO : EventManager : Event: ======'clear'====== Args={'key': 'attract'}
2024-12-30 15:42:48,204 : INFO : Timer.attract_switch : Stopping Timer
2024-12-30 15:42:48,205 : INFO : EventManager : Event: ======'timer_attract_switch_stopped'====== Args={'ticks': 8, 'ticks_remaining': 38}
2024-12-30 15:42:48,346 : INFO : SwitchController : <<<<<<< 's_service_enter' inactive >>>>>>>
2024-12-30 15:42:49,931 : INFO : SwitchController : <<<<<<< 's_service_enter' active >>>>>>>
2024-12-30 15:42:49,931 : INFO : EventManager : Event: ======'sw_service_enter_active'====== Args={}
2024-12-30 15:42:49,932 : INFO : EventManager : Event: ======'service_menu_deselected'====== Args={}
2024-12-30 15:42:49,932 : INFO : EventManager : Event: ======'service_menu_deselected'====== Args={}
2024-12-30 15:42:49,932 : INFO : EventManager : Event: ======'service_menu_show'====== Args={}
2024-12-30 15:42:49,933 : INFO : EventManager : Event: ======'service_menu_selected'====== Args={'label': 'Switch Menu'}
2024-12-30 15:42:50,063 : INFO : SwitchController : <<<<<<< 's_service_enter' inactive >>>>>>>
2024-12-30 15:42:51,883 : INFO : EventManager : Event: ======'balldevice_bd_trough_ball_count_changed'====== Args={'balls': 5}
2024-12-30 15:42:51,884 : WARNING : ball_device.bd_trough : Ball disappeared while idle. This should not normally happen.
2024-12-30 15:42:51,885 : INFO : EventManager : Event: ======'balldevice_playfield_ball_enter'====== Args={'new_balls': 1, 'unclaimed_balls': 1, 'device': <playfield.playfield>}
2024-12-30 15:42:51,885 : INFO : EventManager : Event: ======'playfield_ball_count_change'====== Args={'balls': 1, 'change': 1}
2024-12-30 15:42:51,886 : INFO : ball_device.bd_trough : 1 ball(s) missing from device. Mechanical eject? False
2024-12-30 15:42:51,886 : INFO : EventManager : Event: ======'balldevice_bd_trough_ball_missing'====== Args={'balls': 1}
2024-12-30 15:42:51,887 : INFO : EventManager : Event: ======'balldevice_ball_missing'====== Args={'balls': 1, 'name': 'bd_trough'}
2024-12-30 15:43:04,723 : INFO : SwitchController : <<<<<<< 's_service_esc' active >>>>>>>
2024-12-30 15:43:04,724 : INFO : EventManager : Event: ======'sw_service_esc_active'====== Args={}
2024-12-30 15:43:04,725 : INFO : EventManager : Event: ======'service_menu_deselected'====== Args={}
2024-12-30 15:43:04,725 : INFO : EventManager : Event: ======'service_menu_show'====== Args={}
2024-12-30 15:43:04,725 : INFO : EventManager : Event: ======'service_menu_selected'====== Args={'label': 'Diagnostics Menu'}
2024-12-30 15:43:04,847 : INFO : SwitchController : <<<<<<< 's_service_esc' inactive >>>>>>>
2024-12-30 15:43:05,297 : INFO : SwitchController : <<<<<<< 's_service_esc' active >>>>>>>
2024-12-30 15:43:05,297 : INFO : EventManager : Event: ======'sw_service_esc_active'====== Args={}
2024-12-30 15:43:05,298 : INFO : EventManager : Event: ======'service_menu_hide'====== Args={}
2024-12-30 15:43:05,298 : INFO : EventManager : Event: ======'service_mode_exited'====== Args={}
2024-12-30 15:43:05,298 : INFO : EventManager : Event: ======'machine_reset_phase_1'====== Args={}
2024-12-30 15:43:05,326 : INFO : EventManager : Event: ======'machine_reset_phase_2'====== Args={}
2024-12-30 15:43:05,327 : INFO : EventManager : Event: ======'machine_reset_phase_3'====== Args={}
2024-12-30 15:43:05,328 : INFO : drop_target_bank.strickland_bank : All targets are already up. Will not reset bank.
2024-12-30 15:43:05,328 : INFO : EventManager : Event: ======'reset_complete'====== Args={}
2024-12-30 15:43:05,329 : INFO : EventManager : Event: ======'mode_attract_will_start'====== Args={}
2024-12-30 15:43:05,329 : INFO : Timer.attract_switch : Starting Timer.
2024-12-30 15:43:05,329 : INFO : EventManager : Event: ======'timer_attract_switch_started'====== Args={'ticks': 0, 'ticks_remaining': 46}
2024-12-30 15:43:05,330 : INFO : EventManager : Event: ======'timer_attract_switch_tick'====== Args={'ticks': 0, 'ticks_remaining': 46}
2024-12-30 15:43:05,331 : INFO : EventManager : Event: ======'mode_attract_starting'====== Args={}
2024-12-30 15:43:05,332 : INFO : Mode.attract : Started. Priority: 10
2024-12-30 15:43:05,332 : INFO : EventManager : Event: ======'modes_active_modes_changed'====== Args={}
2024-12-30 15:43:05,332 : INFO : EventManager : Event: ======'mode_attract_started'====== Args={}
2024-12-30 15:43:05,333 : INFO : EventManager : Event: ======'collecting_balls'====== Args={}
2024-12-30 15:43:05,430 : INFO : SwitchController : <<<<<<< 's_service_esc' inactive >>>>>>>
2024-12-30 15:43:05,975 : INFO : SwitchController : <<<<<<< 's_service_esc' active >>>>>>>
2024-12-30 15:43:05,975 : INFO : EventManager : Event: ======'sw_service_esc_active'====== Args={}
2024-12-30 15:43:06,080 : INFO : SwitchController : <<<<<<< 's_service_esc' inactive >>>>>>>
2024-12-30 15:43:06,330 : INFO : EventManager : Event: ======'timer_attract_switch_tick'====== Args={'ticks': 1, 'ticks_remaining': 45}
2024-12-30 15:43:06,337 : INFO : EventManager : Event: ======'slide_dtp_logo_attract_created'====== Args={'_from_bcp': True}
2024-12-30 15:43:06,338 : INFO : EventManager : Event: ======'slide_koth_logo_attract_inactive'====== Args={'is_removing': True, '_from_bcp': True}
2024-12-30 15:43:06,339 : INFO : EventManager : Event: ======'slide_dtp_logo_attract_active'====== Args={'original_context': 'attract', 'original_calling_context': 'timer_attract_switch_tick{ticks==1}', 'priority': 10.0, 'ticks': 1.0, 'ticks_remaining': 45.0, 'cmd': 'slides_play', '_from_bcp': True}
2024-12-30 15:43:06,339 : INFO : EventManager : Event: ======'slide_koth_logo_attract_removed'====== Args={'_from_bcp': True}
2024-12-30 15:43:06,630 : INFO : SwitchController : <<<<<<< 's_service_esc' active >>>>>>>
2024-12-30 15:43:06,630 : INFO : EventManager : Event: ======'sw_service_esc_active'====== Args={}
2024-12-30 15:43:06,697 : INFO : SwitchController : <<<<<<< 's_service_esc' inactive >>>>>>>
2024-12-30 15:43:07,331 : INFO : EventManager : Event: ======'timer_attract_switch_tick'====== Args={'ticks': 2, 'ticks_remaining': 44}
2024-12-30 15:43:07,781 : INFO : SwitchController : <<<<<<< 's_service_esc' active >>>>>>>
2024-12-30 15:43:07,782 : INFO : EventManager : Event: ======'sw_service_esc_active'====== Args={}
2024-12-30 15:43:07,882 : INFO : SwitchController : <<<<<<< 's_service_esc' inactive >>>>>>>
2024-12-30 15:43:08,331 : INFO : EventManager : Event: ======'timer_attract_switch_tick'====== Args={'ticks': 3, 'ticks_remaining': 43}
2024-12-30 15:43:09,330 : INFO : EventManager : Event: ======'timer_attract_switch_tick'====== Args={'ticks': 4, 'ticks_remaining': 42}
2024-12-30 15:43:09,350 : INFO : EventManager : Event: ======'slide_high_scores_attract_created'====== Args={'_from_bcp': True}
2024-12-30 15:43:09,351 : INFO : EventManager : Event: ======'slide_dtp_logo_attract_inactive'====== Args={'is_removing': True, '_from_bcp': True}
2024-12-30 15:43:09,351 : INFO : EventManager : Event: ======'slide_high_scores_attract_active'====== Args={'original_context': 'attract', 'original_calling_context': 'timer_attract_switch_tick{ticks==4}', 'priority': 10.0, 'ticks': 4.0, 'ticks_remaining': 42.0, 'cmd': 'slides_play', '_from_bcp': True}
2024-12-30 15:43:09,352 : INFO : EventManager : Event: ======'slide_dtp_logo_attract_removed'====== Args={'_from_bcp': True}
2024-12-30 15:43:10,330 : INFO : EventManager : Event: ======'timer_attract_switch_tick'====== Args={'ticks': 5, 'ticks_remaining': 41}
2024-12-30 15:43:10,365 : INFO : SwitchController : <<<<<<< 's_service_esc' active >>>>>>>
2024-12-30 15:43:10,366 : INFO : EventManager : Event: ======'sw_service_esc_active'====== Args={}
2024-12-30 15:43:10,447 : INFO : SwitchController : <<<<<<< 's_service_esc' inactive >>>>>>>
2024-12-30 15:43:11,331 : INFO : EventManager : Event: ======'timer_attract_switch_tick'====== Args={'ticks': 6, 'ticks_remaining': 40}
2024-12-30 15:43:12,331 : INFO : EventManager : Event: ======'timer_attract_switch_tick'====== Args={'ticks': 7, 'ticks_remaining': 39}
2024-12-30 15:43:12,498 : INFO : SwitchController : <<<<<<< 's_door_open' active >>>>>>>
2024-12-30 15:43:12,498 : INFO : EventManager : Event: ======'sw_service_door_open_active'====== Args={}
2024-12-30 15:43:12,499 : INFO : EventManager : Event: ======'sw_power_off_active'====== Args={}
2024-12-30 15:43:12,500 : INFO : EventManager : Event: ======'service_door_opened'====== Args={'priority': 0}
2024-12-30 15:43:12,500 : INFO : EventManager : Event: ======'service_power_off'====== Args={'priority': 0}
2024-12-30 15:43:12,631 : INFO : SwitchController : <<<<<<< 's_door_open' inactive >>>>>>>
2024-12-30 15:43:12,632 : INFO : EventManager : Event: ======'sw_service_door_open_inactive'====== Args={}
2024-12-30 15:43:12,632 : INFO : EventManager : Event: ======'sw_power_off_inactive'====== Args={}
2024-12-30 15:43:12,633 : INFO : EventManager : Event: ======'service_door_closed'====== Args={'priority': 0}
2024-12-30 15:43:12,633 : INFO : EventManager : Event: ======'service_power_on'====== Args={'priority': 0}
2024-12-30 15:43:13,331 : INFO : EventManager : Event: ======'timer_attract_switch_tick'====== Args={'ticks': 8, 'ticks_remaining': 38}
2024-12-30 15:43:13,367 : INFO : EventManager : Event: ======'slide_koth_logo_attract_created'====== Args={'_from_bcp': True}
2024-12-30 15:43:13,367 : INFO : EventManager : Event: ======'slide_high_scores_attract_inactive'====== Args={'is_removing': True, '_from_bcp': True}
2024-12-30 15:43:13,368 : INFO : EventManager : Event: ======'slide_koth_logo_attract_active'====== Args={'original_context': 'attract', 'original_calling_context': 'timer_attract_switch_tick{ticks==8}', 'priority': 10.0, 'ticks': 8.0, 'ticks_remaining': 38.0, 'cmd': 'slides_play', '_from_bcp': True}
2024-12-30 15:43:13,368 : INFO : EventManager : Event: ======'slide_high_scores_attract_removed'====== Args={'_from_bcp': True}
2024-12-30 15:43:14,047 : INFO : SwitchController : <<<<<<< 's_door_open' active >>>>>>>
2024-12-30 15:43:14,048 : INFO : EventManager : Event: ======'sw_service_door_open_active'====== Args={}
2024-12-30 15:43:14,048 : INFO : EventManager : Event: ======'sw_power_off_active'====== Args={}
2024-12-30 15:43:14,049 : INFO : EventManager : Event: ======'service_door_opened'====== Args={'priority': 0}
2024-12-30 15:43:14,050 : INFO : EventManager : Event: ======'service_power_off'====== Args={'priority': 0}
2024-12-30 15:43:14,169 : INFO : SwitchController : <<<<<<< 's_door_open' inactive >>>>>>>
2024-12-30 15:43:14,170 : INFO : EventManager : Event: ======'sw_service_door_open_inactive'====== Args={}
2024-12-30 15:43:14,170 : INFO : EventManager : Event: ======'sw_power_off_inactive'====== Args={}
2024-12-30 15:43:14,170 : INFO : EventManager : Event: ======'service_door_closed'====== Args={'priority': 0}
2024-12-30 15:43:14,171 : INFO : EventManager : Event: ======'service_power_on'====== Args={'priority': 0}
2024-12-30 15:43:14,330 : INFO : EventManager : Event: ======'timer_attract_switch_tick'====== Args={'ticks': 9, 'ticks_remaining': 37}
2024-12-30 15:43:14,898 : INFO : SwitchController : <<<<<<< 's_door_open' active >>>>>>>
2024-12-30 15:43:14,898 : INFO : EventManager : Event: ======'sw_service_door_open_active'====== Args={}
2024-12-30 15:43:14,899 : INFO : EventManager : Event: ======'sw_power_off_active'====== Args={}
2024-12-30 15:43:14,900 : INFO : EventManager : Event: ======'service_door_opened'====== Args={'priority': 0}
2024-12-30 15:43:14,900 : INFO : EventManager : Event: ======'service_power_off'====== Args={'priority': 0}
2024-12-30 15:43:14,980 : INFO : SwitchController : <<<<<<< 's_door_open' inactive >>>>>>>
2024-12-30 15:43:14,980 : INFO : EventManager : Event: ======'sw_service_door_open_inactive'====== Args={}
2024-12-30 15:43:14,980 : INFO : EventManager : Event: ======'sw_power_off_inactive'====== Args={}
2024-12-30 15:43:14,981 : INFO : EventManager : Event: ======'service_door_closed'====== Args={'priority': 0}
2024-12-30 15:43:14,981 : INFO : EventManager : Event: ======'service_power_on'====== Args={'priority': 0}
2024-12-30 15:43:15,064 : INFO : SwitchController : <<<<<<< 's_door_open' active >>>>>>>
2024-12-30 15:43:15,064 : INFO : EventManager : Event: ======'sw_service_door_open_active'====== Args={}
2024-12-30 15:43:15,065 : INFO : EventManager : Event: ======'sw_power_off_active'====== Args={}
2024-12-30 15:43:15,066 : INFO : EventManager : Event: ======'service_door_opened'====== Args={'priority': 0}
2024-12-30 15:43:15,066 : INFO : EventManager : Event: ======'service_power_off'====== Args={'priority': 0}
2024-12-30 15:43:15,330 : INFO : EventManager : Event: ======'timer_attract_switch_tick'====== Args={'ticks': 10, 'ticks_remaining': 36}
2024-12-30 15:43:15,830 : INFO : SwitchController : <<<<<<< 's_door_open' inactive >>>>>>>
2024-12-30 15:43:15,830 : INFO : EventManager : Event: ======'sw_service_door_open_inactive'====== Args={}
2024-12-30 15:43:15,831 : INFO : EventManager : Event: ======'sw_power_off_inactive'====== Args={}
2024-12-30 15:43:15,832 : INFO : EventManager : Event: ======'service_door_closed'====== Args={'priority': 0}
2024-12-30 15:43:15,832 : INFO : EventManager : Event: ======'service_power_on'====== Args={'priority': 0}
2024-12-30 15:43:16,031 : INFO : SwitchController : <<<<<<< 's_door_open' active >>>>>>>
2024-12-30 15:43:16,032 : INFO : EventManager : Event: ======'sw_service_door_open_active'====== Args={}
2024-12-30 15:43:16,032 : INFO : EventManager : Event: ======'sw_power_off_active'====== Args={}
2024-12-30 15:43:16,032 : INFO : EventManager : Event: ======'service_door_opened'====== Args={'priority': 0}
2024-12-30 15:43:16,033 : INFO : EventManager : Event: ======'service_power_off'====== Args={'priority': 0}
2024-12-30 15:43:16,086 : INFO : SwitchController : <<<<<<< 's_door_open' inactive >>>>>>>
2024-12-30 15:43:16,086 : INFO : EventManager : Event: ======'sw_service_door_open_inactive'====== Args={}
2024-12-30 15:43:16,087 : INFO : EventManager : Event: ======'sw_power_off_inactive'====== Args={}
2024-12-30 15:43:16,087 : INFO : EventManager : Event: ======'service_door_closed'====== Args={'priority': 0}
2024-12-30 15:43:16,087 : INFO : EventManager : Event: ======'service_power_on'====== Args={'priority': 0}
2024-12-30 15:43:16,330 : INFO : EventManager : Event: ======'timer_attract_switch_tick'====== Args={'ticks': 11, 'ticks_remaining': 35}
2024-12-30 15:43:16,981 : INFO : SwitchController : <<<<<<< 's_door_open' active >>>>>>>
2024-12-30 15:43:16,981 : INFO : EventManager : Event: ======'sw_service_door_open_active'====== Args={}
2024-12-30 15:43:16,981 : INFO : EventManager : Event: ======'sw_power_off_active'====== Args={}
2024-12-30 15:43:16,982 : INFO : EventManager : Event: ======'service_door_opened'====== Args={'priority': 0}
2024-12-30 15:43:16,982 : INFO : EventManager : Event: ======'service_power_off'====== Args={'priority': 0}
2024-12-30 15:43:17,330 : INFO : EventManager : Event: ======'timer_attract_switch_tick'====== Args={'ticks': 12, 'ticks_remaining': 34}
2024-12-30 15:43:18,330 : INFO : EventManager : Event: ======'timer_attract_switch_tick'====== Args={'ticks': 13, 'ticks_remaining': 33}
2024-12-30 15:43:19,263 : INFO : SwitchController : <<<<<<< 's_door_open' inactive >>>>>>>
2024-12-30 15:43:19,264 : INFO : EventManager : Event: ======'sw_service_door_open_inactive'====== Args={}
2024-12-30 15:43:19,264 : INFO : EventManager : Event: ======'sw_power_off_inactive'====== Args={}
2024-12-30 15:43:19,265 : INFO : EventManager : Event: ======'service_door_closed'====== Args={'priority': 0}
2024-12-30 15:43:19,265 : INFO : EventManager : Event: ======'service_power_on'====== Args={'priority': 0}
2024-12-30 15:43:19,330 : INFO : EventManager : Event: ======'timer_attract_switch_tick'====== Args={'ticks': 14, 'ticks_remaining': 32}
2024-12-30 15:43:20,330 : INFO : EventManager : Event: ======'timer_attract_switch_tick'====== Args={'ticks': 15, 'ticks_remaining': 31}
2024-12-30 15:43:21,331 : INFO : EventManager : Event: ======'timer_attract_switch_tick'====== Args={'ticks': 16, 'ticks_remaining': 30}
2024-12-30 15:43:21,676 : INFO : Machine : Shutting down...
2024-12-30 15:43:21,677 : INFO : EventManager : Event: ======'shutdown'====== Args={}
2024-12-30 15:43:21,677 : INFO : EventManager : Event: ======'mode_service_will_stop'====== Args={}
2024-12-30 15:43:21,678 : INFO : EventManager : Event: ======'mode_service_stopping'====== Args={}
2024-12-30 15:43:21,679 : INFO : Mode.service : Stopped.
2024-12-30 15:43:21,679 : INFO : EventManager : Event: ======'modes_active_modes_changed'====== Args={}
2024-12-30 15:43:21,679 : INFO : EventManager : Event: ======'mode_service_stopped'====== Args={}
2024-12-30 15:43:21,679 : INFO : EventManager : Event: ======'clear'====== Args={'key': 'service'}
2024-12-30 15:43:21,682 : INFO : root : MPF run loop ended.
