2024-07-26 15:26:29,076 : INFO : root : Loading MPF Monitor Version 0.57.1
2024-07-26 15:26:29,421 : INFO : Core : Looking for MPF at localhost:5051
2024-07-26 15:26:35,348 : INFO : BCP Client : Connected to MPF
2024-07-27 07:21:46,676 : INFO : BCP Client : Connected to MPF
2024-07-27 07:23:13,672 : INFO : BCP Client : Connected to MPF
2024-07-27 07:24:36,669 : INFO : BCP Client : Connected to MPF
2024-07-27 07:27:47,660 : INFO : BCP Client : Connected to MPF
2024-07-27 07:29:04,661 : INFO : BCP Client : Connected to MPF
2024-07-27 07:31:04,654 : INFO : BCP Client : Connected to MPF
2024-07-27 07:39:41,647 : INFO : BCP Client : Connected to MPF
2024-07-27 07:40:41,643 : INFO : BCP Client : Connected to MPF
2024-07-27 08:52:44,018 : INFO : BCP Client : Connected to MPF
2024-07-27 08:55:20,006 : INFO : BCP Client : Connected to MPF
2024-07-27 08:56:16,005 : INFO : BCP Client : Connected to MPF
2024-07-27 08:59:26,002 : INFO : BCP Client : Connected to MPF
2024-07-27 09:05:14,987 : INFO : BCP Client : Connected to MPF
2024-07-27 09:06:26,988 : INFO : BCP Client : Connected to MPF
2024-07-27 09:07:21,982 : INFO : BCP Client : Connected to MPF
2024-07-27 09:08:16,983 : INFO : BCP Client : Connected to MPF
2024-07-27 09:09:57,980 : INFO : BCP Client : Connected to MPF
2024-07-27 09:10:41,979 : INFO : BCP Client : Connected to MPF
2024-07-27 09:12:10,979 : INFO : BCP Client : Connected to MPF
2024-07-27 09:13:10,972 : INFO : BCP Client : Connected to MPF
2024-07-27 09:13:55,969 : INFO : BCP Client : Connected to MPF
2024-07-27 09:14:27,971 : INFO : BCP Client : Connected to MPF
2024-07-27 09:16:04,966 : INFO : BCP Client : Connected to MPF
2024-07-27 09:17:38,964 : INFO : BCP Client : Connected to MPF
2024-07-27 09:18:33,966 : INFO : BCP Client : Connected to MPF
2024-07-27 09:21:18,955 : INFO : BCP Client : Connected to MPF
2024-07-27 09:22:25,955 : INFO : BCP Client : Connected to MPF
2024-07-27 09:23:50,972 : INFO : BCP Client : Connected to MPF
2024-07-27 09:24:04,951 : INFO : BCP Client : Connected to MPF
2024-07-27 09:25:57,949 : INFO : BCP Client : Connected to MPF
2024-07-27 09:27:24,952 : INFO : BCP Client : Connected to MPF
2024-07-27 09:28:04,943 : INFO : BCP Client : Connected to MPF
2024-07-27 09:30:59,940 : INFO : BCP Client : Connected to MPF
2024-07-27 09:35:45,949 : INFO : BCP Client : Connected to MPF
2024-07-27 09:37:19,926 : INFO : BCP Client : Connected to MPF
2024-07-27 09:38:16,926 : INFO : BCP Client : Connected to MPF
2024-07-27 09:39:41,921 : INFO : BCP Client : Connected to MPF
2024-07-27 09:40:04,921 : INFO : BCP Client : Connected to MPF
2024-07-27 09:40:20,921 : INFO : BCP Client : Connected to MPF
2024-07-27 09:41:53,918 : INFO : BCP Client : Connected to MPF
2024-07-27 09:47:29,904 : INFO : BCP Client : Connected to MPF
2024-07-27 09:49:14,903 : INFO : BCP Client : Connected to MPF
2024-07-27 09:50:13,903 : INFO : BCP Client : Connected to MPF
2024-07-27 09:55:04,890 : INFO : BCP Client : Connected to MPF
2024-07-27 09:55:55,888 : INFO : BCP Client : Connected to MPF
2024-07-27 09:57:50,890 : INFO : BCP Client : Connected to MPF
2024-07-27 10:00:25,880 : INFO : BCP Client : Connected to MPF
2024-07-27 10:07:27,873 : INFO : BCP Client : Connected to MPF
2024-07-27 10:08:48,866 : INFO : BCP Client : Connected to MPF
2024-07-27 10:09:49,862 : INFO : BCP Client : Connected to MPF
2024-07-27 10:10:47,860 : INFO : BCP Client : Connected to MPF
2024-07-27 10:11:57,858 : INFO : BCP Client : Connected to MPF
2024-07-27 14:47:34,232 : INFO : BCP Client : Connected to MPF
2024-07-27 18:06:31,317 : INFO : BCP Client : Connected to MPF
2024-07-27 21:37:20,318 : INFO : BCP Client : Connected to MPF
2024-07-27 21:40:11,324 : INFO : BCP Client : Connected to MPF
2024-07-27 21:42:00,324 : INFO : BCP Client : Connected to MPF
2024-07-27 21:45:51,312 : INFO : BCP Client : Connected to MPF
2024-07-27 21:49:52,305 : INFO : BCP Client : Connected to MPF
2024-07-27 22:02:14,281 : INFO : BCP Client : Connected to MPF
2024-07-27 22:17:02,256 : INFO : BCP Client : Connected to MPF
2024-07-27 22:20:59,246 : INFO : BCP Client : Connected to MPF
2024-07-27 22:22:55,244 : INFO : BCP Client : Connected to MPF
2024-07-28 08:59:43,283 : INFO : BCP Client : Connected to MPF
2024-07-28 09:50:01,187 : INFO : BCP Client : Connected to MPF
2024-07-28 09:54:51,192 : INFO : BCP Client : Connected to MPF
2024-07-28 10:03:43,183 : INFO : BCP Client : Connected to MPF
2024-07-28 10:04:29,182 : INFO : BCP Client : Connected to MPF
2024-07-28 10:18:14,166 : INFO : BCP Client : Connected to MPF
2024-07-28 10:21:45,167 : INFO : BCP Client : Connected to MPF
2024-07-28 13:36:26,202 : INFO : BCP Client : Connected to MPF
2024-07-28 13:37:14,201 : INFO : BCP Client : Connected to MPF
2024-07-28 13:44:01,177 : INFO : BCP Client : Connected to MPF
2024-07-28 13:48:20,166 : INFO : BCP Client : Connected to MPF
2024-07-28 13:50:30,158 : INFO : BCP Client : Connected to MPF
2024-07-28 17:16:09,718 : INFO : BCP Client : Connected to MPF
2024-07-28 17:40:55,714 : INFO : BCP Client : Connected to MPF
2024-07-28 17:42:28,709 : INFO : BCP Client : Connected to MPF
2024-07-28 17:45:24,704 : INFO : BCP Client : Connected to MPF
2024-07-28 17:48:11,705 : INFO : BCP Client : Connected to MPF
2024-07-29 09:44:37,550 : INFO : BCP Client : Connected to MPF
2024-07-29 09:45:32,543 : INFO : BCP Client : Connected to MPF
2024-07-29 13:18:56,582 : INFO : BCP Client : Connected to MPF
2024-07-29 13:20:53,560 : INFO : BCP Client : Connected to MPF
2024-07-29 13:25:26,547 : INFO : BCP Client : Connected to MPF
2024-07-29 13:26:00,544 : INFO : BCP Client : Connected to MPF
2024-07-29 13:33:20,538 : INFO : BCP Client : Connected to MPF
2024-07-29 13:33:52,520 : INFO : BCP Client : Connected to MPF
2024-07-29 13:34:50,516 : INFO : BCP Client : Connected to MPF
2024-07-29 13:43:15,024 : INFO : BCP Client : Connected to MPF
2024-07-29 13:44:15,023 : INFO : BCP Client : Connected to MPF
2024-07-29 13:45:45,019 : INFO : BCP Client : Connected to MPF
2024-07-29 13:46:47,018 : INFO : BCP Client : Connected to MPF
2024-07-29 13:48:09,014 : INFO : BCP Client : Connected to MPF
2024-07-29 13:50:01,015 : INFO : BCP Client : Connected to MPF
2024-07-29 14:34:27,965 : INFO : BCP Client : Connected to MPF
2024-07-29 14:34:57,963 : INFO : BCP Client : Connected to MPF
2024-07-29 14:37:04,957 : INFO : BCP Client : Connected to MPF
2024-07-29 14:38:13,957 : INFO : BCP Client : Connected to MPF
2024-07-29 14:39:41,954 : INFO : BCP Client : Connected to MPF
2024-07-29 14:41:45,975 : INFO : BCP Client : Connected to MPF
2024-07-29 14:45:56,929 : INFO : BCP Client : Connected to MPF
2024-07-29 14:47:58,920 : INFO : BCP Client : Connected to MPF
2024-07-29 14:49:16,919 : INFO : BCP Client : Connected to MPF
2024-07-29 14:50:49,917 : INFO : BCP Client : Connected to MPF
2024-07-29 14:51:52,916 : INFO : BCP Client : Connected to MPF
2024-07-29 14:54:27,910 : INFO : BCP Client : Connected to MPF
2024-07-29 20:50:00,576 : INFO : BCP Client : Connected to MPF
2024-07-29 20:51:01,567 : INFO : BCP Client : Connected to MPF
2024-07-29 20:51:59,562 : INFO : BCP Client : Connected to MPF
2024-07-29 20:52:58,563 : INFO : BCP Client : Connected to MPF
2024-07-29 21:00:52,538 : INFO : BCP Client : Connected to MPF
2024-07-29 21:02:40,534 : INFO : BCP Client : Connected to MPF
2024-07-29 21:05:02,526 : INFO : BCP Client : Connected to MPF
2024-07-29 21:17:15,492 : INFO : BCP Client : Connected to MPF
2024-07-29 21:23:36,526 : INFO : BCP Client : Connected to MPF
2024-07-29 21:30:10,516 : INFO : BCP Client : Connected to MPF
2024-07-29 21:31:04,515 : INFO : BCP Client : Connected to MPF
2024-07-29 21:43:48,494 : INFO : BCP Client : Connected to MPF
2024-07-29 21:54:51,497 : INFO : BCP Client : Connected to MPF
2024-07-29 21:56:04,493 : INFO : BCP Client : Connected to MPF
2024-07-29 21:58:57,497 : INFO : BCP Client : Connected to MPF
2024-07-29 22:06:37,483 : INFO : BCP Client : Connected to MPF
2024-07-29 22:08:31,478 : INFO : BCP Client : Connected to MPF
2024-07-29 22:11:04,475 : INFO : BCP Client : Connected to MPF
2024-07-29 22:37:20,731 : INFO : root : MPF Monitor run loop ended.
2024-07-29 22:37:20,734 : INFO : root : Stopping child threads... (0 remaining)
2024-07-29 22:37:20,738 : INFO : root : All child threads stopped.
