2024-08-19 13:43:11,188 : INFO : root : Loading config.
2024-08-19 13:43:11,214 : INFO : ConfigProcessor : Config spec file cache created: /var/folders/sv/d29kcl5x50v7vt1n6xb5jsd40000gn/T/config_spec.mpf_cache
2024-08-19 13:43:11,214 : INFO : YamlMultifileConfigLoader : Machine config file #1: config.yaml
2024-08-19 13:43:11,214 : INFO : ConfigProcessor : Loading config from cache: /var/folders/sv/d29kcl5x50v7vt1n6xb5jsd40000gn/T/c166cef8060ffee16a35821bf698da85.mpf_cache
2024-08-19 13:43:11,251 : INFO : ConfigProcessor : Loading config from cache: /var/folders/sv/d29kcl5x50v7vt1n6xb5jsd40000gn/T/6b31c5ac6ecbad948994a8204ea6b05b.mpf_cache
2024-08-19 13:43:11,251 : INFO : ConfigProcessor : Loading config from cache: /var/folders/sv/d29kcl5x50v7vt1n6xb5jsd40000gn/T/fe612d1e66c8a96c19ba449d3748eeac.mpf_cache
2024-08-19 13:43:11,252 : INFO : ConfigProcessor : Loading config from cache: /var/folders/sv/d29kcl5x50v7vt1n6xb5jsd40000gn/T/6b31c5ac6ecbad948994a8204ea6b05b.mpf_cache
2024-08-19 13:43:11,252 : INFO : ConfigProcessor : Loading config from cache: /var/folders/sv/d29kcl5x50v7vt1n6xb5jsd40000gn/T/8765227693ecd961e0504502a81255e0.mpf_cache
2024-08-19 13:43:11,252 : INFO : ConfigProcessor : Loading config from cache: /var/folders/sv/d29kcl5x50v7vt1n6xb5jsd40000gn/T/b247728c74b4d81bcb2825e2b07062a7.mpf_cache
2024-08-19 13:43:11,252 : INFO : ConfigProcessor : Loading config from cache: /var/folders/sv/d29kcl5x50v7vt1n6xb5jsd40000gn/T/f240f94f0b5d0f37ec4fd7571275a101.mpf_cache
2024-08-19 13:43:11,253 : INFO : ConfigProcessor : Loading config from cache: /var/folders/sv/d29kcl5x50v7vt1n6xb5jsd40000gn/T/c4409acfdf3ec94666e0adef48d55400.mpf_cache
2024-08-19 13:43:11,253 : INFO : ConfigProcessor : Loading config from cache: /var/folders/sv/d29kcl5x50v7vt1n6xb5jsd40000gn/T/6a2f50ed892485825cc04dc0a68eab9f.mpf_cache
2024-08-19 13:43:11,253 : INFO : ConfigProcessor : Loading config from cache: /var/folders/sv/d29kcl5x50v7vt1n6xb5jsd40000gn/T/d58c58eb9fd1a2dc27f8acd255fb3761.mpf_cache
2024-08-19 13:43:11,253 : INFO : ConfigProcessor : Loading config from cache: /var/folders/sv/d29kcl5x50v7vt1n6xb5jsd40000gn/T/07adfd310b3ef0e03c5cbc91527abb6c.mpf_cache
2024-08-19 13:43:11,253 : INFO : ConfigProcessor : Loading config from cache: /var/folders/sv/d29kcl5x50v7vt1n6xb5jsd40000gn/T/12bd5247c3bf989b919364bdb7829769.mpf_cache
2024-08-19 13:43:11,254 : INFO : ConfigProcessor : Loading config from cache: /var/folders/sv/d29kcl5x50v7vt1n6xb5jsd40000gn/T/362e08f51a1a1b7a0809dd52f9c83f83.mpf_cache
2024-08-19 13:43:11,254 : INFO : ConfigProcessor : Loading config from cache: /var/folders/sv/d29kcl5x50v7vt1n6xb5jsd40000gn/T/e45e3bd39557ed8d0881194a7afab8f7.mpf_cache
2024-08-19 13:43:11,254 : INFO : ConfigProcessor : Loading config from cache: /var/folders/sv/d29kcl5x50v7vt1n6xb5jsd40000gn/T/331d8d1a1bc190cae8c13495e1db372f.mpf_cache
2024-08-19 13:43:11,254 : INFO : ConfigProcessor : Loading config from cache: /var/folders/sv/d29kcl5x50v7vt1n6xb5jsd40000gn/T/d17a9ff77386e6f1439d0802ace1de07.mpf_cache
2024-08-19 13:43:11,254 : INFO : ConfigProcessor : Loading config from cache: /var/folders/sv/d29kcl5x50v7vt1n6xb5jsd40000gn/T/280fd64455d0d243a54ab4db98fbccbd.mpf_cache
2024-08-19 13:43:11,255 : INFO : ConfigProcessor : Loading config from cache: /var/folders/sv/d29kcl5x50v7vt1n6xb5jsd40000gn/T/0c0596ed8fbb40b6113901d21bdc0a39.mpf_cache
2024-08-19 13:43:11,255 : INFO : ConfigProcessor : Loading config from cache: /var/folders/sv/d29kcl5x50v7vt1n6xb5jsd40000gn/T/f521a0f834965d73920394ccceaa3c1c.mpf_cache
2024-08-19 13:43:11,255 : INFO : ConfigProcessor : Loading config from cache: /var/folders/sv/d29kcl5x50v7vt1n6xb5jsd40000gn/T/0fedc249e142fba0aaf46d9adc7061fa.mpf_cache
2024-08-19 13:43:11,255 : INFO : ConfigProcessor : Loading config from cache: /var/folders/sv/d29kcl5x50v7vt1n6xb5jsd40000gn/T/c57745b2fe399992c4aedf0209f8acc9.mpf_cache
2024-08-19 13:43:11,256 : INFO : ConfigProcessor : Loading config from cache: /var/folders/sv/d29kcl5x50v7vt1n6xb5jsd40000gn/T/4d7707f845442344c77faa09114dd414.mpf_cache
2024-08-19 13:43:11,256 : INFO : ConfigProcessor : Loading config from cache: /var/folders/sv/d29kcl5x50v7vt1n6xb5jsd40000gn/T/13b622eeb34cc558f4c171e6faf49f20.mpf_cache
2024-08-19 13:43:11,256 : INFO : ConfigProcessor : Loading config from cache: /var/folders/sv/d29kcl5x50v7vt1n6xb5jsd40000gn/T/897ffb6d77163469c302d894201d7081.mpf_cache
2024-08-19 13:43:11,256 : INFO : ConfigProcessor : Loading config from cache: /var/folders/sv/d29kcl5x50v7vt1n6xb5jsd40000gn/T/51caa30b8c50b4dd14ddbf8a263fb4c6.mpf_cache
2024-08-19 13:43:11,257 : INFO : ConfigProcessor : Loading config from cache: /var/folders/sv/d29kcl5x50v7vt1n6xb5jsd40000gn/T/aa4dd12681abd3ba3467de4d4b71c6b2.mpf_cache
2024-08-19 13:43:11,257 : INFO : ConfigProcessor : Loading config from cache: /var/folders/sv/d29kcl5x50v7vt1n6xb5jsd40000gn/T/3048ed2d7ea14eee3db896f6760aa474.mpf_cache
2024-08-19 13:43:11,258 : INFO : ConfigProcessor : Loading config from cache: /var/folders/sv/d29kcl5x50v7vt1n6xb5jsd40000gn/T/a14a120665a0ee9fd8a6e22274033983.mpf_cache
2024-08-19 13:43:11,258 : INFO : ConfigProcessor : Loading config from cache: /var/folders/sv/d29kcl5x50v7vt1n6xb5jsd40000gn/T/984de704eb69e43ca43e84d7915bfa21.mpf_cache
2024-08-19 13:43:11,259 : INFO : ConfigProcessor : Loading config from cache: /var/folders/sv/d29kcl5x50v7vt1n6xb5jsd40000gn/T/0a9cb7260d26760274024f443d38cc22.mpf_cache
2024-08-19 13:43:11,259 : INFO : ConfigProcessor : Loading config from cache: /var/folders/sv/d29kcl5x50v7vt1n6xb5jsd40000gn/T/deb753c2acdccb3c49ddc8f2a7e04ee6.mpf_cache
2024-08-19 13:43:11,259 : INFO : ConfigProcessor : Loading config from cache: /var/folders/sv/d29kcl5x50v7vt1n6xb5jsd40000gn/T/4a90c06755c4a5beef2ee4c243f54397.mpf_cache
2024-08-19 13:43:11,260 : INFO : Machine : Mission Pinball Framework Core Engine v0.80.0.dev1
2024-08-19 13:43:11,260 : INFO : Machine : Command line arguments: {'no_load_cache': False, 'create_config_cache': True, 'bcp': True, 'configfile': ['config.yaml'], 'force_assets_load': False, 'platform_integration_test': False, 'jsonlogging': False, 'logfile': 'logs/2024-08-19-13-43-11-mpf-Nicks-Air.lan.log', 'pause': False, 'production': False, 'text_ui': True, 'loglevel': 15, 'consoleloglevel': 20, 'force_platform': None, 'syslog_address': None, 'mc_file_name': None, 'no_sound': False, 'full_logfile_path': '/Users/nicktaseris/Desktop/Pinball/KOTH/logs/2024-08-19-13-43-11-mpf-Nicks-Air.lan.log'}
2024-08-19 13:43:11,260 : INFO : Machine : MPF path: /Users/nicktaseris/mpfenv/lib/python3.9/site-packages/mpf
2024-08-19 13:43:11,260 : INFO : Machine : Machine path: /Users/nicktaseris/Desktop/Pinball/KOTH
2024-08-19 13:43:11,260 : INFO : Machine : Platform: darwin
2024-08-19 13:43:11,260 : INFO : Machine : Python executable location: /Users/nicktaseris/mpfenv/bin/python3
2024-08-19 13:43:11,260 : INFO : Machine : Python version: 3.9.13 (64-bit)
2024-08-19 13:43:11,260 : INFO : Machine : Initializing MPF...
2024-08-19 13:43:11,367 : INFO : EventManager : Event: ======'machine_var_credits_string'====== Args={'value': 'FREE PLAY', 'prev_value': None, 'change': True}
2024-08-19 13:43:11,373 : INFO : EventManager : Event: ======'machine_var_master_volume'====== Args={'value': 0.5, 'prev_value': None, 'change': True}
2024-08-19 13:43:11,373 : INFO : EventManager : Event: ======'machine_var_player1_score'====== Args={'value': 175300, 'prev_value': None, 'change': True}
2024-08-19 13:43:11,374 : INFO : EventManager : Event: ======'machine_var_mpf_version'====== Args={'value': 'Mission Pinball Framework v0.80.0.dev1', 'prev_value': None, 'change': True}
2024-08-19 13:43:11,374 : INFO : EventManager : Event: ======'machine_var_mpf_extended_version'====== Args={'value': 'Mission Pinball Framework v0.80.0.dev1, Config version:6, Show version: 6, BCP version:1.1', 'prev_value': None, 'change': True}
2024-08-19 13:43:11,374 : INFO : EventManager : Event: ======'machine_var_python_version'====== Args={'value': '3.9.13', 'prev_value': None, 'change': True}
2024-08-19 13:43:11,385 : INFO : EventManager : Event: ======'machine_var_platform'====== Args={'value': 'macOS-12.1-arm64-arm-64bit', 'prev_value': None, 'change': True}
2024-08-19 13:43:11,385 : INFO : EventManager : Event: ======'machine_var_platform_system'====== Args={'value': 'Darwin', 'prev_value': None, 'change': True}
2024-08-19 13:43:11,385 : INFO : EventManager : Event: ======'machine_var_platform_release'====== Args={'value': '21.2.0', 'prev_value': None, 'change': True}
2024-08-19 13:43:11,385 : INFO : EventManager : Event: ======'machine_var_platform_version'====== Args={'value': 'Darwin Kernel Version 21.2.0: Sun Nov 28 20:29:10 PST 2021; root:xnu-8019.61.5~1/RELEASE_ARM64_T8101', 'prev_value': None, 'change': True}
2024-08-19 13:43:11,385 : INFO : EventManager : Event: ======'machine_var_platform_machine'====== Args={'value': 'arm64', 'prev_value': None, 'change': True}
2024-08-19 13:43:11,385 : INFO : EventManager : Event: ======'machine_var_log_file_path'====== Args={'value': '/Users/nicktaseris/Desktop/Pinball/KOTH/logs/2024-08-19-13-43-11-mpf-Nicks-Air.lan.log', 'prev_value': None, 'change': True}
2024-08-19 13:43:11,385 : INFO : EventManager : Event: ======'init_phase_1'====== Args={}
2024-08-19 13:43:11,408 : INFO : EventManager : Event: ======'drop_target_bank_strickland_bank_up'====== Args={}
2024-08-19 13:43:11,409 : INFO : EventManager : Event: ======'init_phase_2'====== Args={}
2024-08-19 13:43:11,409 : INFO : SwitchController : Found active switch: ('39', <Platform.SmartVirtual>) <switch.s_trough1>
2024-08-19 13:43:11,409 : INFO : SwitchController : Found active switch: ('40', <Platform.SmartVirtual>) <switch.s_trough2>
2024-08-19 13:43:11,409 : INFO : SwitchController : Found active switch: ('41', <Platform.SmartVirtual>) <switch.s_trough3>
2024-08-19 13:43:11,409 : INFO : SwitchController : Found active switch: ('42', <Platform.SmartVirtual>) <switch.s_trough4>
2024-08-19 13:43:11,409 : INFO : SwitchController : Found active switch: ('43', <Platform.SmartVirtual>) <switch.s_trough5>
2024-08-19 13:43:11,409 : INFO : SwitchController : Found active switch: ('44', <Platform.SmartVirtual>) <switch.s_trough6>
2024-08-19 13:43:11,414 : INFO : EventManager : Event: ======'machine_var_score1_label'====== Args={'value': 'GRAND CHAMPION', 'prev_value': None, 'change': True}
2024-08-19 13:43:11,414 : INFO : EventManager : Event: ======'machine_var_score1_name'====== Args={'value': 'BRI', 'prev_value': None, 'change': True}
2024-08-19 13:43:11,414 : INFO : EventManager : Event: ======'machine_var_score1_value'====== Args={'value': 4242, 'prev_value': None, 'change': True}
2024-08-19 13:43:11,414 : INFO : EventManager : Event: ======'machine_var_score2_label'====== Args={'value': 'HIGH SCORE 1', 'prev_value': None, 'change': True}
2024-08-19 13:43:11,414 : INFO : EventManager : Event: ======'machine_var_score2_name'====== Args={'value': 'GHK', 'prev_value': None, 'change': True}
2024-08-19 13:43:11,414 : INFO : EventManager : Event: ======'machine_var_score2_value'====== Args={'value': 2323, 'prev_value': None, 'change': True}
2024-08-19 13:43:11,414 : INFO : EventManager : Event: ======'machine_var_score3_label'====== Args={'value': 'HIGH SCORE 2', 'prev_value': None, 'change': True}
2024-08-19 13:43:11,415 : INFO : EventManager : Event: ======'machine_var_score3_name'====== Args={'value': 'JK', 'prev_value': None, 'change': True}
2024-08-19 13:43:11,415 : INFO : EventManager : Event: ======'machine_var_score3_value'====== Args={'value': 1337, 'prev_value': None, 'change': True}
2024-08-19 13:43:11,415 : INFO : EventManager : Event: ======'machine_var_score4_label'====== Args={'value': 'HIGH SCORE 3', 'prev_value': None, 'change': True}
2024-08-19 13:43:11,415 : INFO : EventManager : Event: ======'machine_var_score4_name'====== Args={'value': 'QC', 'prev_value': None, 'change': True}
2024-08-19 13:43:11,415 : INFO : EventManager : Event: ======'machine_var_score4_value'====== Args={'value': 42, 'prev_value': None, 'change': True}
2024-08-19 13:43:11,415 : INFO : EventManager : Event: ======'machine_var_score5_label'====== Args={'value': 'HIGH SCORE 4', 'prev_value': None, 'change': True}
2024-08-19 13:43:11,415 : INFO : EventManager : Event: ======'machine_var_score5_name'====== Args={'value': 'MPF', 'prev_value': None, 'change': True}
2024-08-19 13:43:11,415 : INFO : EventManager : Event: ======'machine_var_score5_value'====== Args={'value': 23, 'prev_value': None, 'change': True}
2024-08-19 13:43:11,415 : INFO : EventManager : Event: ======'bcp_connection_attempt'====== Args={'name': 'local_display', 'host': 'localhost', 'port': 5050}
2024-08-19 13:43:11,416 : INFO : BCPClientSocket : Connecting BCP to 'local_display' at localhost:5050...
2024-08-19 13:43:11,418 : INFO : BCPClientSocket : Connected BCP to 'local_display' localhost:5050
2024-08-19 13:43:11,418 : INFO : EventManager : Event: ======'bcp_clients_connected'====== Args={}
2024-08-19 13:43:11,419 : INFO : ball_device.bd_trough : BCH: Initial count: 6
2024-08-19 13:43:11,419 : INFO : ball_device.bd_trough : State: idle
2024-08-19 13:43:11,419 : INFO : ball_device.bd_plunger : BCH: Initial count: 0
2024-08-19 13:43:11,419 : INFO : ball_device.bd_plunger : State: idle
2024-08-19 13:43:11,420 : INFO : ball_device.bd_scoop : BCH: Initial count: 0
2024-08-19 13:43:11,420 : INFO : ball_device.bd_scoop : State: idle
2024-08-19 13:43:11,425 : INFO : EventManager : Event: ======'init_phase_3'====== Args={}
2024-08-19 13:43:11,431 : INFO : EventManager : Event: ======'init_phase_4'====== Args={}
2024-08-19 13:43:11,431 : INFO : BallController : Initial balls found: 6
2024-08-19 13:43:11,431 : INFO : EventManager : Event: ======'machine_var_audits_events_game_ended'====== Args={'value': 4, 'prev_value': None, 'change': True}
2024-08-19 13:43:11,431 : INFO : EventManager : Event: ======'machine_var_audits_events_game_started'====== Args={'value': 814, 'prev_value': None, 'change': True}
2024-08-19 13:43:11,432 : INFO : EventManager : Event: ======'machine_var_audits_missing_switches_s_a_target'====== Args={'value': 5, 'prev_value': None, 'change': True}
2024-08-19 13:43:11,432 : INFO : EventManager : Event: ======'machine_var_audits_missing_switches_s_bottom_inline_drop'====== Args={'value': 4, 'prev_value': None, 'change': True}
2024-08-19 13:43:11,432 : INFO : EventManager : Event: ======'machine_var_audits_missing_switches_s_bottom_pop_bumper'====== Args={'value': 373, 'prev_value': None, 'change': True}
2024-08-19 13:43:11,432 : INFO : EventManager : Event: ======'machine_var_audits_missing_switches_s_center_spinner'====== Args={'value': 4, 'prev_value': None, 'change': True}
2024-08-19 13:43:11,432 : INFO : EventManager : Event: ======'machine_var_audits_missing_switches_s_e_target'====== Args={'value': 6, 'prev_value': None, 'change': True}
2024-08-19 13:43:11,432 : INFO : EventManager : Event: ======'machine_var_audits_missing_switches_s_launch_button'====== Args={'value': 285, 'prev_value': None, 'change': True}
2024-08-19 13:43:11,432 : INFO : EventManager : Event: ======'machine_var_audits_missing_switches_s_left_flipper'====== Args={'value': 8, 'prev_value': None, 'change': True}
2024-08-19 13:43:11,432 : INFO : EventManager : Event: ======'machine_var_audits_missing_switches_s_left_inlane'====== Args={'value': 6, 'prev_value': None, 'change': True}
2024-08-19 13:43:11,432 : INFO : EventManager : Event: ======'machine_var_audits_missing_switches_s_left_inner_horseshoe'====== Args={'value': 4, 'prev_value': None, 'change': True}
2024-08-19 13:43:11,432 : INFO : EventManager : Event: ======'machine_var_audits_missing_switches_s_left_orbit_enter'====== Args={'value': 6, 'prev_value': None, 'change': True}
2024-08-19 13:43:11,432 : INFO : EventManager : Event: ======'machine_var_audits_missing_switches_s_left_orbit_exit'====== Args={'value': 6, 'prev_value': None, 'change': True}
2024-08-19 13:43:11,432 : INFO : EventManager : Event: ======'machine_var_audits_missing_switches_s_left_outlane'====== Args={'value': 5, 'prev_value': None, 'change': True}
2024-08-19 13:43:11,432 : INFO : EventManager : Event: ======'machine_var_audits_missing_switches_s_left_pop_bumper'====== Args={'value': 373, 'prev_value': None, 'change': True}
2024-08-19 13:43:11,432 : INFO : EventManager : Event: ======'machine_var_audits_missing_switches_s_left_ramp_enter'====== Args={'value': 86, 'prev_value': None, 'change': True}
2024-08-19 13:43:11,432 : INFO : EventManager : Event: ======'machine_var_audits_missing_switches_s_left_ramp_exit'====== Args={'value': 86, 'prev_value': None, 'change': True}
2024-08-19 13:43:11,433 : INFO : EventManager : Event: ======'machine_var_audits_missing_switches_s_left_ramp_standup'====== Args={'value': 5, 'prev_value': None, 'change': True}
2024-08-19 13:43:11,433 : INFO : EventManager : Event: ======'machine_var_audits_missing_switches_s_left_rollover_lane'====== Args={'value': 5, 'prev_value': None, 'change': True}
2024-08-19 13:43:11,433 : INFO : EventManager : Event: ======'machine_var_audits_missing_switches_s_left_sling'====== Args={'value': 464, 'prev_value': None, 'change': True}
2024-08-19 13:43:11,433 : INFO : EventManager : Event: ======'machine_var_audits_missing_switches_s_left_spinner'====== Args={'value': 6, 'prev_value': None, 'change': True}
2024-08-19 13:43:11,433 : INFO : EventManager : Event: ======'machine_var_audits_missing_switches_s_middle_inline_drop'====== Args={'value': 4, 'prev_value': None, 'change': True}
2024-08-19 13:43:11,433 : INFO : EventManager : Event: ======'machine_var_audits_missing_switches_s_middle_rollover_lane'====== Args={'value': 5, 'prev_value': None, 'change': True}
2024-08-19 13:43:11,433 : INFO : EventManager : Event: ======'machine_var_audits_missing_switches_s_n_target'====== Args={'value': 15, 'prev_value': None, 'change': True}
2024-08-19 13:43:11,433 : INFO : EventManager : Event: ======'machine_var_audits_missing_switches_s_o_target'====== Args={'value': 8, 'prev_value': None, 'change': True}
2024-08-19 13:43:11,433 : INFO : EventManager : Event: ======'machine_var_audits_missing_switches_s_p2_target'====== Args={'value': 1, 'prev_value': None, 'change': True}
2024-08-19 13:43:11,433 : INFO : EventManager : Event: ======'machine_var_audits_missing_switches_s_p_target'====== Args={'value': 6, 'prev_value': None, 'change': True}
2024-08-19 13:43:11,433 : INFO : EventManager : Event: ======'machine_var_audits_missing_switches_s_right_flipper'====== Args={'value': 5, 'prev_value': None, 'change': True}
2024-08-19 13:43:11,433 : INFO : EventManager : Event: ======'machine_var_audits_missing_switches_s_right_inlane'====== Args={'value': 6, 'prev_value': None, 'change': True}
2024-08-19 13:43:11,434 : INFO : EventManager : Event: ======'machine_var_audits_missing_switches_s_right_inner_horseshoe'====== Args={'value': 4, 'prev_value': None, 'change': True}
2024-08-19 13:43:11,434 : INFO : EventManager : Event: ======'machine_var_audits_missing_switches_s_right_orbit_exit'====== Args={'value': 6, 'prev_value': None, 'change': True}
2024-08-19 13:43:11,434 : INFO : EventManager : Event: ======'machine_var_audits_missing_switches_s_right_outlane'====== Args={'value': 6, 'prev_value': None, 'change': True}
2024-08-19 13:43:11,434 : INFO : EventManager : Event: ======'machine_var_audits_missing_switches_s_right_pop_bumper'====== Args={'value': 4, 'prev_value': None, 'change': True}
2024-08-19 13:43:11,434 : INFO : EventManager : Event: ======'machine_var_audits_missing_switches_s_right_ramp_enter'====== Args={'value': 86, 'prev_value': None, 'change': True}
2024-08-19 13:43:11,434 : INFO : EventManager : Event: ======'machine_var_audits_missing_switches_s_right_ramp_exit'====== Args={'value': 86, 'prev_value': None, 'change': True}
2024-08-19 13:43:11,434 : INFO : EventManager : Event: ======'machine_var_audits_missing_switches_s_right_ramp_standup'====== Args={'value': 164, 'prev_value': None, 'change': True}
2024-08-19 13:43:11,434 : INFO : EventManager : Event: ======'machine_var_audits_missing_switches_s_right_rollover_lane'====== Args={'value': 5, 'prev_value': None, 'change': True}
2024-08-19 13:43:11,434 : INFO : EventManager : Event: ======'machine_var_audits_missing_switches_s_right_sling'====== Args={'value': 765, 'prev_value': None, 'change': True}
2024-08-19 13:43:11,434 : INFO : EventManager : Event: ======'machine_var_audits_missing_switches_s_start'====== Args={'value': 5, 'prev_value': None, 'change': True}
2024-08-19 13:43:11,434 : INFO : EventManager : Event: ======'machine_var_audits_missing_switches_s_top_inline_drop'====== Args={'value': 4, 'prev_value': None, 'change': True}
2024-08-19 13:43:11,435 : INFO : EventManager : Event: ======'machine_var_audits_missing_switches_s_trough1'====== Args={'value': 4, 'prev_value': None, 'change': True}
2024-08-19 13:43:11,435 : INFO : EventManager : Event: ======'machine_var_audits_missing_switches_s_trough2'====== Args={'value': 7, 'prev_value': None, 'change': True}
2024-08-19 13:43:11,435 : INFO : EventManager : Event: ======'machine_var_audits_missing_switches_s_trough3'====== Args={'value': 18, 'prev_value': None, 'change': True}
2024-08-19 13:43:11,435 : INFO : EventManager : Event: ======'machine_var_audits_missing_switches_s_trough4'====== Args={'value': 236, 'prev_value': None, 'change': True}
2024-08-19 13:43:11,435 : INFO : EventManager : Event: ======'machine_var_audits_missing_switches_s_trough5'====== Args={'value': 769, 'prev_value': None, 'change': True}
2024-08-19 13:43:11,435 : INFO : EventManager : Event: ======'machine_var_audits_missing_switches_s_trough6'====== Args={'value': 769, 'prev_value': None, 'change': True}
2024-08-19 13:43:11,435 : INFO : EventManager : Event: ======'machine_var_audits_missing_switches_s_trough_jam'====== Args={'value': 702, 'prev_value': None, 'change': True}
2024-08-19 13:43:11,435 : INFO : EventManager : Event: ======'machine_var_audits_player_score'====== Args={'value': {'average': 109379, 'top': [370600, 175300, 400, 300, 250], 'total': 5}, 'prev_value': None, 'change': True}
2024-08-19 13:43:11,435 : INFO : EventManager : Event: ======'machine_var_audits_shots_a_rollover_lane'====== Args={'value': 16, 'prev_value': None, 'change': True}
2024-08-19 13:43:11,435 : INFO : EventManager : Event: ======'machine_var_audits_shots_a_target'====== Args={'value': 7, 'prev_value': None, 'change': True}
2024-08-19 13:43:11,436 : INFO : EventManager : Event: ======'machine_var_audits_shots_ball_lock_a_target'====== Args={'value': 6, 'prev_value': None, 'change': True}
2024-08-19 13:43:11,436 : INFO : EventManager : Event: ======'machine_var_audits_shots_ball_lock_e_target'====== Args={'value': 5, 'prev_value': None, 'change': True}
2024-08-19 13:43:11,436 : INFO : EventManager : Event: ======'machine_var_audits_shots_ball_lock_n_target'====== Args={'value': 5, 'prev_value': None, 'change': True}
2024-08-19 13:43:11,436 : INFO : EventManager : Event: ======'machine_var_audits_shots_ball_lock_p2_target'====== Args={'value': 9, 'prev_value': None, 'change': True}
2024-08-19 13:43:11,436 : INFO : EventManager : Event: ======'machine_var_audits_shots_e_target'====== Args={'value': 3, 'prev_value': None, 'change': True}
2024-08-19 13:43:11,436 : INFO : EventManager : Event: ======'machine_var_audits_shots_h_rollover_lane'====== Args={'value': 20, 'prev_value': None, 'change': True}
2024-08-19 13:43:11,436 : INFO : EventManager : Event: ======'machine_var_audits_shots_k_rollover_lane'====== Args={'value': 16, 'prev_value': None, 'change': True}
2024-08-19 13:43:11,436 : INFO : EventManager : Event: ======'machine_var_audits_shots_left_rollover_lane'====== Args={'value': 215, 'prev_value': None, 'change': True}
2024-08-19 13:43:11,436 : INFO : EventManager : Event: ======'machine_var_audits_shots_middle_rollover_lane'====== Args={'value': 204, 'prev_value': None, 'change': True}
2024-08-19 13:43:11,436 : INFO : EventManager : Event: ======'machine_var_audits_shots_n_rollover_lane'====== Args={'value': 14, 'prev_value': None, 'change': True}
2024-08-19 13:43:11,437 : INFO : EventManager : Event: ======'machine_var_audits_shots_n_target'====== Args={'value': 9, 'prev_value': None, 'change': True}
2024-08-19 13:43:11,437 : INFO : EventManager : Event: ======'machine_var_audits_shots_o_target'====== Args={'value': 4, 'prev_value': None, 'change': True}
2024-08-19 13:43:11,437 : INFO : EventManager : Event: ======'machine_var_audits_shots_p2_target'====== Args={'value': 5, 'prev_value': None, 'change': True}
2024-08-19 13:43:11,437 : INFO : EventManager : Event: ======'machine_var_audits_shots_p_target'====== Args={'value': 8, 'prev_value': None, 'change': True}
2024-08-19 13:43:11,437 : INFO : EventManager : Event: ======'machine_var_audits_shots_qualify_a_target'====== Args={'value': 7, 'prev_value': None, 'change': True}
2024-08-19 13:43:11,437 : INFO : EventManager : Event: ======'machine_var_audits_shots_qualify_e_target'====== Args={'value': 8, 'prev_value': None, 'change': True}
2024-08-19 13:43:11,437 : INFO : EventManager : Event: ======'machine_var_audits_shots_qualify_n_target'====== Args={'value': 7, 'prev_value': None, 'change': True}
2024-08-19 13:43:11,437 : INFO : EventManager : Event: ======'machine_var_audits_shots_qualify_o_target'====== Args={'value': 274, 'prev_value': None, 'change': True}
2024-08-19 13:43:11,438 : INFO : EventManager : Event: ======'machine_var_audits_shots_qualify_p2_target'====== Args={'value': 9, 'prev_value': None, 'change': True}
2024-08-19 13:43:11,438 : INFO : EventManager : Event: ======'machine_var_audits_shots_qualify_p_target'====== Args={'value': 221, 'prev_value': None, 'change': True}
2024-08-19 13:43:11,438 : INFO : EventManager : Event: ======'machine_var_audits_shots_qualify_r_target'====== Args={'value': 267, 'prev_value': None, 'change': True}
2024-08-19 13:43:11,438 : INFO : EventManager : Event: ======'machine_var_audits_shots_r_target'====== Args={'value': 14, 'prev_value': None, 'change': True}
2024-08-19 13:43:11,438 : INFO : EventManager : Event: ======'machine_var_audits_shots_rainey_multiball_ball_lock_a_target'====== Args={'value': 42, 'prev_value': None, 'change': True}
2024-08-19 13:43:11,438 : INFO : EventManager : Event: ======'machine_var_audits_shots_rainey_multiball_ball_lock_e_target'====== Args={'value': 43, 'prev_value': None, 'change': True}
2024-08-19 13:43:11,439 : INFO : EventManager : Event: ======'machine_var_audits_shots_rainey_multiball_ball_lock_n_target'====== Args={'value': 41, 'prev_value': None, 'change': True}
2024-08-19 13:43:11,439 : INFO : EventManager : Event: ======'machine_var_audits_shots_rainey_multiball_ball_lock_p2_target'====== Args={'value': 66, 'prev_value': None, 'change': True}
2024-08-19 13:43:11,439 : INFO : EventManager : Event: ======'machine_var_audits_shots_right_rollover_lane'====== Args={'value': 209, 'prev_value': None, 'change': True}
2024-08-19 13:43:11,439 : INFO : EventManager : Event: ======'machine_var_audits_shots_scoop'====== Args={'value': 189, 'prev_value': None, 'change': True}
2024-08-19 13:43:11,439 : INFO : EventManager : Event: ======'machine_var_audits_shots_scoop_mission_select'====== Args={'value': 57, 'prev_value': None, 'change': True}
2024-08-19 13:43:11,439 : INFO : EventManager : Event: ======'machine_var_audits_shots_shot_left_ramp'====== Args={'value': 17, 'prev_value': None, 'change': True}
2024-08-19 13:43:11,439 : INFO : EventManager : Event: ======'machine_var_audits_shots_shot_right_ramp'====== Args={'value': 24, 'prev_value': None, 'change': True}
2024-08-19 13:43:11,439 : INFO : EventManager : Event: ======'machine_var_audits_shots_skillshot_a_target'====== Args={'value': 74, 'prev_value': None, 'change': True}
2024-08-19 13:43:11,440 : INFO : EventManager : Event: ======'machine_var_audits_shots_skillshot_e_target'====== Args={'value': 69, 'prev_value': None, 'change': True}
2024-08-19 13:43:11,440 : INFO : EventManager : Event: ======'machine_var_audits_shots_skillshot_n_target'====== Args={'value': 54, 'prev_value': None, 'change': True}
2024-08-19 13:43:11,440 : INFO : EventManager : Event: ======'machine_var_audits_shots_skillshot_o_target'====== Args={'value': 111, 'prev_value': None, 'change': True}
2024-08-19 13:43:11,440 : INFO : EventManager : Event: ======'machine_var_audits_shots_skillshot_p2_target'====== Args={'value': 74, 'prev_value': None, 'change': True}
2024-08-19 13:43:11,440 : INFO : EventManager : Event: ======'machine_var_audits_shots_skillshot_p_target'====== Args={'value': 47, 'prev_value': None, 'change': True}
2024-08-19 13:43:11,440 : INFO : EventManager : Event: ======'machine_var_audits_shots_skillshot_r_target'====== Args={'value': 93, 'prev_value': None, 'change': True}
2024-08-19 13:43:11,440 : INFO : EventManager : Event: ======'machine_var_audits_shots_spinner'====== Args={'value': 10, 'prev_value': None, 'change': True}
2024-08-19 13:43:11,441 : INFO : EventManager : Event: ======'machine_var_audits_switches_s_a_target'====== Args={'value': 170, 'prev_value': None, 'change': True}
2024-08-19 13:43:11,441 : INFO : EventManager : Event: ======'machine_var_audits_switches_s_bottom_inline_drop'====== Args={'value': 1019, 'prev_value': None, 'change': True}
2024-08-19 13:43:11,441 : INFO : EventManager : Event: ======'machine_var_audits_switches_s_bottom_pop_bumper'====== Args={'value': 10, 'prev_value': None, 'change': True}
2024-08-19 13:43:11,441 : INFO : EventManager : Event: ======'machine_var_audits_switches_s_center_spinner'====== Args={'value': 266, 'prev_value': None, 'change': True}
2024-08-19 13:43:11,441 : INFO : EventManager : Event: ======'machine_var_audits_switches_s_e_target'====== Args={'value': 175, 'prev_value': None, 'change': True}
2024-08-19 13:43:11,441 : INFO : EventManager : Event: ======'machine_var_audits_switches_s_launch_button'====== Args={'value': 10, 'prev_value': None, 'change': True}
2024-08-19 13:43:11,442 : INFO : EventManager : Event: ======'machine_var_audits_switches_s_left_flipper'====== Args={'value': 490, 'prev_value': None, 'change': True}
2024-08-19 13:43:11,442 : INFO : EventManager : Event: ======'machine_var_audits_switches_s_left_inlane'====== Args={'value': 27, 'prev_value': None, 'change': True}
2024-08-19 13:43:11,442 : INFO : EventManager : Event: ======'machine_var_audits_switches_s_left_inner_horseshoe'====== Args={'value': 16, 'prev_value': None, 'change': True}
2024-08-19 13:43:11,442 : INFO : EventManager : Event: ======'machine_var_audits_switches_s_left_orbit_enter'====== Args={'value': 69, 'prev_value': None, 'change': True}
2024-08-19 13:43:11,442 : INFO : EventManager : Event: ======'machine_var_audits_switches_s_left_orbit_exit'====== Args={'value': 21, 'prev_value': None, 'change': True}
2024-08-19 13:43:11,442 : INFO : EventManager : Event: ======'machine_var_audits_switches_s_left_outlane'====== Args={'value': 46, 'prev_value': None, 'change': True}
2024-08-19 13:43:11,442 : INFO : EventManager : Event: ======'machine_var_audits_switches_s_left_pop_bumper'====== Args={'value': 9, 'prev_value': None, 'change': True}
2024-08-19 13:43:11,443 : INFO : EventManager : Event: ======'machine_var_audits_switches_s_left_ramp_enter'====== Args={'value': 30, 'prev_value': None, 'change': True}
2024-08-19 13:43:11,443 : INFO : EventManager : Event: ======'machine_var_audits_switches_s_left_ramp_exit'====== Args={'value': 37, 'prev_value': None, 'change': True}
2024-08-19 13:43:11,443 : INFO : EventManager : Event: ======'machine_var_audits_switches_s_left_ramp_standup'====== Args={'value': 1344, 'prev_value': None, 'change': True}
2024-08-19 13:43:11,443 : INFO : EventManager : Event: ======'machine_var_audits_switches_s_left_rollover_lane'====== Args={'value': 220, 'prev_value': None, 'change': True}
2024-08-19 13:43:11,443 : INFO : EventManager : Event: ======'machine_var_audits_switches_s_left_sling'====== Args={'value': 12, 'prev_value': None, 'change': True}
2024-08-19 13:43:11,443 : INFO : EventManager : Event: ======'machine_var_audits_switches_s_left_spinner'====== Args={'value': 143, 'prev_value': None, 'change': True}
2024-08-19 13:43:11,444 : INFO : EventManager : Event: ======'machine_var_audits_switches_s_middle_inline_drop'====== Args={'value': 1001, 'prev_value': None, 'change': True}
2024-08-19 13:43:11,444 : INFO : EventManager : Event: ======'machine_var_audits_switches_s_middle_rollover_lane'====== Args={'value': 207, 'prev_value': None, 'change': True}
2024-08-19 13:43:11,444 : INFO : EventManager : Event: ======'machine_var_audits_switches_s_n_target'====== Args={'value': 161, 'prev_value': None, 'change': True}
2024-08-19 13:43:11,444 : INFO : EventManager : Event: ======'machine_var_audits_switches_s_o_target'====== Args={'value': 321, 'prev_value': None, 'change': True}
2024-08-19 13:43:11,444 : INFO : EventManager : Event: ======'machine_var_audits_switches_s_p2_target'====== Args={'value': 146, 'prev_value': None, 'change': True}
2024-08-19 13:43:11,445 : INFO : EventManager : Event: ======'machine_var_audits_switches_s_p_target'====== Args={'value': 443, 'prev_value': None, 'change': True}
2024-08-19 13:43:11,445 : INFO : EventManager : Event: ======'machine_var_audits_switches_s_plunger'====== Args={'value': 1010, 'prev_value': None, 'change': True}
2024-08-19 13:43:11,445 : INFO : EventManager : Event: ======'machine_var_audits_switches_s_plunger_lane'====== Args={'value': 39, 'prev_value': None, 'change': True}
2024-08-19 13:43:11,445 : INFO : EventManager : Event: ======'machine_var_audits_switches_s_plunger_lane_exit'====== Args={'value': 748, 'prev_value': None, 'change': True}
2024-08-19 13:43:11,445 : INFO : EventManager : Event: ======'machine_var_audits_switches_s_r_target'====== Args={'value': 308, 'prev_value': None, 'change': True}
2024-08-19 13:43:11,446 : INFO : EventManager : Event: ======'machine_var_audits_switches_s_right_flipper'====== Args={'value': 1416, 'prev_value': None, 'change': True}
2024-08-19 13:43:11,446 : INFO : EventManager : Event: ======'machine_var_audits_switches_s_right_inlane'====== Args={'value': 23, 'prev_value': None, 'change': True}
2024-08-19 13:43:11,446 : INFO : EventManager : Event: ======'machine_var_audits_switches_s_right_inner_horseshoe'====== Args={'value': 17, 'prev_value': None, 'change': True}
2024-08-19 13:43:11,446 : INFO : EventManager : Event: ======'machine_var_audits_switches_s_right_orbit_exit'====== Args={'value': 34, 'prev_value': None, 'change': True}
2024-08-19 13:43:11,446 : INFO : EventManager : Event: ======'machine_var_audits_switches_s_right_outlane'====== Args={'value': 24, 'prev_value': None, 'change': True}
2024-08-19 13:43:11,446 : INFO : EventManager : Event: ======'machine_var_audits_switches_s_right_pop_bumper'====== Args={'value': 19, 'prev_value': None, 'change': True}
2024-08-19 13:43:11,447 : INFO : EventManager : Event: ======'machine_var_audits_switches_s_right_ramp_enter'====== Args={'value': 16, 'prev_value': None, 'change': True}
2024-08-19 13:43:11,447 : INFO : EventManager : Event: ======'machine_var_audits_switches_s_right_ramp_exit'====== Args={'value': 26, 'prev_value': None, 'change': True}
2024-08-19 13:43:11,447 : INFO : EventManager : Event: ======'machine_var_audits_switches_s_right_ramp_standup'====== Args={'value': 287, 'prev_value': None, 'change': True}
2024-08-19 13:43:11,447 : INFO : EventManager : Event: ======'machine_var_audits_switches_s_right_rollover_lane'====== Args={'value': 223, 'prev_value': None, 'change': True}
2024-08-19 13:43:11,447 : INFO : EventManager : Event: ======'machine_var_audits_switches_s_right_sling'====== Args={'value': 1, 'prev_value': None, 'change': True}
2024-08-19 13:43:11,448 : INFO : EventManager : Event: ======'machine_var_audits_switches_s_scoop'====== Args={'value': 517, 'prev_value': None, 'change': True}
2024-08-19 13:43:11,448 : INFO : EventManager : Event: ======'machine_var_audits_switches_s_start'====== Args={'value': 597, 'prev_value': None, 'change': True}
2024-08-19 13:43:11,448 : INFO : EventManager : Event: ======'machine_var_audits_switches_s_top_inline_drop'====== Args={'value': 48, 'prev_value': None, 'change': True}
2024-08-19 13:43:11,448 : INFO : EventManager : Event: ======'machine_var_audits_switches_s_trough1'====== Args={'value': 420, 'prev_value': None, 'change': True}
2024-08-19 13:43:11,448 : INFO : EventManager : Event: ======'machine_var_audits_switches_s_trough2'====== Args={'value': 36, 'prev_value': None, 'change': True}
2024-08-19 13:43:11,449 : INFO : EventManager : Event: ======'machine_var_audits_switches_s_trough3'====== Args={'value': 20, 'prev_value': None, 'change': True}
2024-08-19 13:43:11,449 : INFO : EventManager : Event: ======'machine_var_audits_switches_s_trough4'====== Args={'value': 3, 'prev_value': None, 'change': True}
2024-08-19 13:43:11,449 : INFO : EventManager : Event: ======'machine_var_audits_switches_s_trough5'====== Args={'value': 2, 'prev_value': None, 'change': True}
2024-08-19 13:43:11,449 : INFO : EventManager : Event: ======'machine_var_audits_switches_s_trough6'====== Args={'value': 1, 'prev_value': None, 'change': True}
2024-08-19 13:43:11,449 : INFO : EventManager : Event: ======'machine_var_audits_switches_s_trough_jam'====== Args={'value': 5, 'prev_value': None, 'change': True}
2024-08-19 13:43:11,450 : INFO : EventManager : Event: ======'init_phase_5'====== Args={}
2024-08-19 13:43:11,452 : INFO : EventManager : Event: ======'init_done'====== Args={}
2024-08-19 13:43:11,452 : INFO : EventManager : Event: ======'machine_reset_phase_1'====== Args={}
2024-08-19 13:43:11,460 : INFO : EventManager : Event: ======'machine_reset_phase_2'====== Args={}
2024-08-19 13:43:11,460 : INFO : EventManager : Event: ======'machine_reset_phase_3'====== Args={}
2024-08-19 13:43:11,460 : INFO : drop_target_bank.strickland_bank : All targets are already up. Will not reset bank.
2024-08-19 13:43:11,460 : INFO : EventManager : Event: ======'reset_complete'====== Args={}
2024-08-19 13:43:11,460 : INFO : EventManager : Event: ======'mode_attract_will_start'====== Args={}
2024-08-19 13:43:11,460 : INFO : Timer.attract_switch : Starting Timer.
2024-08-19 13:43:11,460 : INFO : EventManager : Event: ======'timer_attract_switch_started'====== Args={'ticks': 0, 'ticks_remaining': 45}
2024-08-19 13:43:11,460 : INFO : EventManager : Event: ======'timer_attract_switch_tick'====== Args={'ticks': 0, 'ticks_remaining': 45}
2024-08-19 13:43:11,461 : INFO : EventManager : Event: ======'mode_attract_starting'====== Args={}
2024-08-19 13:43:11,461 : INFO : Mode.attract : Started. Priority: 10
2024-08-19 13:43:11,461 : INFO : EventManager : Event: ======'modes_active_modes_changed'====== Args={}
2024-08-19 13:43:11,461 : INFO : EventManager : Event: ======'mode_attract_started'====== Args={}
2024-08-19 13:43:11,461 : INFO : EventManager : Event: ======'collecting_balls_complete'====== Args={}
2024-08-19 13:43:11,461 : INFO : Machine : Starting the main run loop.
2024-08-19 13:43:11,690 : INFO : BcpServer : New client connected.
2024-08-19 13:43:12,462 : INFO : EventManager : Event: ======'timer_attract_switch_tick'====== Args={'ticks': 1, 'ticks_remaining': 44}
2024-08-19 13:43:12,481 : INFO : EventManager : Event: ======'slide__removed'====== Args={'_from_bcp': True}
2024-08-19 13:43:12,505 : INFO : EventManager : Event: ======'slide_dtp_logo_attract_created'====== Args={'_from_bcp': True}
2024-08-19 13:43:12,506 : INFO : EventManager : Event: ======'slide_dtp_logo_attract_active'====== Args={'original_context': 'attract', 'original_calling_context': 'timer_attract_switch_tick{ticks==1}', 'cmd': 'slides_play', '_from_bcp': True}
2024-08-19 13:43:13,462 : INFO : EventManager : Event: ======'timer_attract_switch_tick'====== Args={'ticks': 2, 'ticks_remaining': 43}
2024-08-19 13:43:14,462 : INFO : EventManager : Event: ======'timer_attract_switch_tick'====== Args={'ticks': 3, 'ticks_remaining': 42}
2024-08-19 13:43:15,462 : INFO : EventManager : Event: ======'timer_attract_switch_tick'====== Args={'ticks': 4, 'ticks_remaining': 41}
2024-08-19 13:43:15,486 : INFO : EventManager : Event: ======'slide_high_scores_attract_created'====== Args={'_from_bcp': True}
2024-08-19 13:43:15,487 : INFO : EventManager : Event: ======'slide_dtp_logo_attract_inactive'====== Args={'_from_bcp': True}
2024-08-19 13:43:15,487 : INFO : EventManager : Event: ======'slide_high_scores_attract_active'====== Args={'original_context': 'attract', 'original_calling_context': 'timer_attract_switch_tick{ticks==4}', 'cmd': 'slides_play', '_from_bcp': True}
2024-08-19 13:43:15,488 : INFO : EventManager : Event: ======'slide_dtp_logo_attract_removed'====== Args={'_from_bcp': True}
2024-08-19 13:43:16,461 : INFO : EventManager : Event: ======'timer_attract_switch_tick'====== Args={'ticks': 5, 'ticks_remaining': 40}
2024-08-19 13:43:17,462 : INFO : EventManager : Event: ======'timer_attract_switch_tick'====== Args={'ticks': 6, 'ticks_remaining': 39}
2024-08-19 13:43:17,775 : INFO : SwitchController : <<<<<<< 's_start' active >>>>>>>
2024-08-19 13:43:17,775 : INFO : EventManager : Event: ======'s_start_active'====== Args={}
2024-08-19 13:43:17,776 : INFO : EventManager : Event: ======'sw_add_player'====== Args={'priority': 0}
2024-08-19 13:43:17,862 : INFO : SwitchController : <<<<<<< 's_start' inactive >>>>>>>
2024-08-19 13:43:17,862 : INFO : EventManager : Event: ======'request_to_start_game'====== Args={}
2024-08-19 13:43:17,863 : INFO : EventManager : Event: ======'game_start'====== Args={'buttons': [], 'hold_time': 0.08616550000000078}
2024-08-19 13:43:17,864 : INFO : EventManager : Event: ======'mode_game_will_start'====== Args={'buttons': [], 'hold_time': 0.08616550000000078}
2024-08-19 13:43:17,865 : INFO : EventManager : Event: ======'mode_game_starting'====== Args={'buttons': [], 'hold_time': 0.08616550000000078}
2024-08-19 13:43:17,865 : INFO : EventManager : Event: ======'mode_attract_will_stop'====== Args={}
2024-08-19 13:43:17,866 : INFO : EventManager : Event: ======'mode_attract_stopping'====== Args={}
2024-08-19 13:43:17,866 : INFO : Mode.attract : Stopped.
2024-08-19 13:43:17,866 : INFO : EventManager : Event: ======'modes_active_modes_changed'====== Args={}
2024-08-19 13:43:17,868 : INFO : EventManager : Event: ======'mode_attract_stopped'====== Args={}
2024-08-19 13:43:17,868 : INFO : EventManager : Event: ======'clear'====== Args={'key': 'attract'}
2024-08-19 13:43:17,869 : INFO : Timer.attract_switch : Stopping Timer
2024-08-19 13:43:17,869 : INFO : EventManager : Event: ======'timer_attract_switch_stopped'====== Args={'ticks': 6, 'ticks_remaining': 39}
2024-08-19 13:43:17,869 : INFO : Mode.game : Started. Priority: 20
2024-08-19 13:43:17,869 : INFO : EventManager : Event: ======'modes_active_modes_changed'====== Args={}
2024-08-19 13:43:17,870 : INFO : EventManager : Event: ======'mode_game_started'====== Args={'buttons': [], 'hold_time': 0.08616550000000078}
2024-08-19 13:43:17,871 : INFO : EventManager : Event: ======'game_will_start'====== Args={}
2024-08-19 13:43:17,884 : INFO : EventManager : Event: ======'game_starting'====== Args={'game': <Mode.game>}
2024-08-19 13:43:17,885 : INFO : EventManager : Unordered handler for class <Auditor> on event game_ended with priority 1. Handlers: [RegisteredHandler(callback=<bound method Auditor.disable of <Auditor>>, priority=1, kwargs={}, key=UUID('d151cb86-d51f-48c6-947f-ed4291908368'), condition=None, blocking_facility=None), RegisteredHandler(callback=<bound method Auditor._save_audits of <Auditor>>, priority=1, kwargs={}, key=UUID('9aa7e87f-715f-41f2-b060-29d736340577'), condition=None, blocking_facility=None)]. The order of those handlers is not defined and they will be executed in random order. This might lead to race conditions and potential bugs.
2024-08-19 13:43:17,885 : INFO : EventManager : Event: ======'player_add_request'====== Args={}
2024-08-19 13:43:17,886 : INFO : EventManager : Event: ======'player_will_add'====== Args={'number': 1}
2024-08-19 13:43:17,886 : INFO : EventManager : Event: ======'player_adding'====== Args={'player': <Player 1>, 'number': 1}
2024-08-19 13:43:17,887 : INFO : EventManager : Event: ======'player_added'====== Args={'player': <Player 1>, 'num': 1}
2024-08-19 13:43:17,887 : INFO : Mode.game : Player added successfully. Total players: 1
2024-08-19 13:43:17,887 : INFO : EventManager : Event: ======'player_index'====== Args={'value': 0, 'prev_value': 0, 'change': 0, 'player_num': 1}
2024-08-19 13:43:17,888 : INFO : EventManager : Event: ======'player_number'====== Args={'value': 1, 'prev_value': 1, 'change': 0, 'player_num': 1}
2024-08-19 13:43:17,888 : INFO : EventManager : Event: ======'player_score'====== Args={'value': 0, 'prev_value': 0, 'change': 0, 'player_num': 1}
2024-08-19 13:43:17,889 : INFO : EventManager : Event: ======'game_started'====== Args={}
2024-08-19 13:43:17,890 : INFO : EventManager : Event: ======'player_turn_will_start'====== Args={'player': <Player 1>, 'number': 1}
2024-08-19 13:43:17,896 : INFO : EventManager : Event: ======'player_turn_starting'====== Args={'player': <Player 1>, 'number': 1}
2024-08-19 13:43:17,899 : INFO : EventManager : Event: ======'player_ball'====== Args={'value': 1, 'prev_value': 0, 'change': 1, 'player_num': 1}
2024-08-19 13:43:17,899 : INFO : EventManager : Event: ======'player_turn_started'====== Args={'player': <Player 1>, 'number': 1}
2024-08-19 13:43:17,905 : INFO : EventManager : Event: ======'ball_will_start'====== Args={'player': 1, 'ball': 1, 'balls_remaining': 2, 'is_extra_ball': False}
2024-08-19 13:43:17,905 : INFO : EventManager : Event: ======'ball_starting'====== Args={'player': 1, 'ball': 1, 'balls_remaining': 2, 'is_extra_ball': False}
2024-08-19 13:43:17,905 : INFO : EventManager : Event: ======'mode_rainey_multiball_will_start'====== Args={'queue': <QueuedEvent>, 'player': 1, 'ball': 1, 'balls_remaining': 2, 'is_extra_ball': False}
2024-08-19 13:43:17,906 : INFO : EventManager : Event: ======'mode_rainey_multiball_starting'====== Args={'queue': <QueuedEvent>, 'player': 1, 'ball': 1, 'balls_remaining': 2, 'is_extra_ball': False}
2024-08-19 13:43:17,907 : INFO : EventManager : Event: ======'mode_skillshot_will_start'====== Args={'queue': <QueuedEvent>, 'player': 1, 'ball': 1, 'balls_remaining': 2, 'is_extra_ball': False}
2024-08-19 13:43:17,907 : INFO : EventManager : Event: ======'skillshot_complete'====== Args={'state': 'None'}
2024-08-19 13:43:17,907 : INFO : EventManager : Event: ======'skillshot_None_complete'====== Args={}
2024-08-19 13:43:17,908 : INFO : EventManager : Event: ======'player_shot_skillshot_p_target_enabled'====== Args={'value': True, 'prev_value': 0, 'change': 1, 'player_num': 1}
2024-08-19 13:43:17,908 : INFO : EventManager : Event: ======'player_shot_skillshot_r_target_enabled'====== Args={'value': True, 'prev_value': 0, 'change': 1, 'player_num': 1}
2024-08-19 13:43:17,908 : INFO : EventManager : Event: ======'player_shot_skillshot_o_target_enabled'====== Args={'value': True, 'prev_value': 0, 'change': 1, 'player_num': 1}
2024-08-19 13:43:17,909 : INFO : EventManager : Event: ======'player_shot_skillshot_p2_target_enabled'====== Args={'value': True, 'prev_value': 0, 'change': 1, 'player_num': 1}
2024-08-19 13:43:17,909 : INFO : EventManager : Event: ======'player_shot_skillshot_a_target_enabled'====== Args={'value': True, 'prev_value': 0, 'change': 1, 'player_num': 1}
2024-08-19 13:43:17,909 : INFO : EventManager : Event: ======'player_shot_skillshot_n_target_enabled'====== Args={'value': True, 'prev_value': 0, 'change': 1, 'player_num': 1}
2024-08-19 13:43:17,910 : INFO : EventManager : Event: ======'player_shot_skillshot_e_target_enabled'====== Args={'value': True, 'prev_value': 0, 'change': 1, 'player_num': 1}
2024-08-19 13:43:17,910 : INFO : EventManager : Event: ======'player_skillshot_skillshot_rotate_tick'====== Args={'value': 0, 'prev_value': 0, 'change': 0, 'player_num': 1}
2024-08-19 13:43:17,911 : INFO : Timer.skillshot_rotate : Starting Timer.
2024-08-19 13:43:17,911 : INFO : EventManager : Event: ======'timer_skillshot_rotate_started'====== Args={'ticks': 0, 'ticks_remaining': 0}
2024-08-19 13:43:17,911 : INFO : EventManager : Event: ======'timer_skillshot_rotate_tick'====== Args={'ticks': 0, 'ticks_remaining': 0}
2024-08-19 13:43:17,912 : INFO : EventManager : Event: ======'mode_skillshot_starting'====== Args={'queue': <QueuedEvent>, 'player': 1, 'ball': 1, 'balls_remaining': 2, 'is_extra_ball': False}
2024-08-19 13:43:17,913 : INFO : drop_target_bank.strickland_bank : All targets are already up. Will not reset bank.
2024-08-19 13:43:17,913 : INFO : EventManager : Event: ======'cmd_flippers_enable'====== Args={'priority': 0}
2024-08-19 13:43:17,913 : INFO : EventManager : Event: ======'cmd_autofire_coils_enable'====== Args={'priority': 0}
2024-08-19 13:43:17,913 : INFO : EventManager : Event: ======'cmd_drop_targets_reset'====== Args={'priority': 0}
2024-08-19 13:43:17,913 : INFO : Mode.skillshot : Started. Priority: 200
2024-08-19 13:43:17,913 : INFO : EventManager : Event: ======'modes_active_modes_changed'====== Args={}
2024-08-19 13:43:17,913 : INFO : EventManager : Event: ======'mode_skillshot_started'====== Args={'queue': <QueuedEvent>, 'player': 1, 'ball': 1, 'balls_remaining': 2, 'is_extra_ball': False}
2024-08-19 13:43:17,914 : INFO : EventManager : Event: ======'player_shot_skillshot_p_target'====== Args={'value': 1, 'prev_value': 0, 'change': 1, 'player_num': 1}
2024-08-19 13:43:17,914 : INFO : EventManager : Event: ======'balls_in_play'====== Args={'balls': 1}
2024-08-19 13:43:17,914 : INFO : EventManager : Event: ======'ball_started'====== Args={'player': 1, 'ball': 1, 'balls_remaining': 2, 'is_extra_ball': False}
2024-08-19 13:43:17,915 : INFO : EventManager : Event: ======'logicblock_mb_counter_updated'====== Args={'value': 0, 'enabled': False}
2024-08-19 13:43:17,915 : INFO : Mode.rainey_multiball : Started. Priority: 250
2024-08-19 13:43:17,915 : INFO : EventManager : Event: ======'modes_active_modes_changed'====== Args={}
2024-08-19 13:43:17,915 : INFO : EventManager : Event: ======'mode_rainey_multiball_started'====== Args={'queue': <QueuedEvent>, 'player': 1, 'ball': 1, 'balls_remaining': 2, 'is_extra_ball': False}
2024-08-19 13:43:17,915 : INFO : EventManager : Event: ======'mode_extra_ball_will_start'====== Args={'player': 1, 'ball': 1, 'balls_remaining': 2, 'is_extra_ball': False}
2024-08-19 13:43:17,915 : INFO : EventManager : Event: ======'player_extra_ball_score_one_num_awarded'====== Args={'value': 0, 'prev_value': 0, 'change': 0, 'player_num': 1}
2024-08-19 13:43:17,915 : INFO : EventManager : Event: ======'player_extra_ball_score_two_num_awarded'====== Args={'value': 0, 'prev_value': 0, 'change': 0, 'player_num': 1}
2024-08-19 13:43:17,916 : INFO : EventManager : Event: ======'mode_extra_ball_starting'====== Args={'player': 1, 'ball': 1, 'balls_remaining': 2, 'is_extra_ball': False}
2024-08-19 13:43:17,916 : INFO : EventManager : Event: ======'mode_BBQ_rollover_will_start'====== Args={'player': 1, 'ball': 1, 'balls_remaining': 2, 'is_extra_ball': False}
2024-08-19 13:43:17,916 : INFO : EventManager : Event: ======'player_shot_left_rollover_lane_enabled'====== Args={'value': True, 'prev_value': 0, 'change': 1, 'player_num': 1}
2024-08-19 13:43:17,917 : INFO : EventManager : Event: ======'player_shot_middle_rollover_lane_enabled'====== Args={'value': True, 'prev_value': 0, 'change': 1, 'player_num': 1}
2024-08-19 13:43:17,917 : INFO : EventManager : Event: ======'player_shot_right_rollover_lane_enabled'====== Args={'value': True, 'prev_value': 0, 'change': 1, 'player_num': 1}
2024-08-19 13:43:17,917 : INFO : EventManager : Event: ======'BBQ_lanes_complete'====== Args={'state': 'unlit'}
2024-08-19 13:43:17,917 : INFO : EventManager : Event: ======'BBQ_lanes_unlit_complete'====== Args={}
2024-08-19 13:43:17,918 : INFO : EventManager : Event: ======'mode_BBQ_rollover_starting'====== Args={'player': 1, 'ball': 1, 'balls_remaining': 2, 'is_extra_ball': False}
2024-08-19 13:43:17,919 : INFO : EventManager : Event: ======'mode_hank_rollover_will_start'====== Args={'player': 1, 'ball': 1, 'balls_remaining': 2, 'is_extra_ball': False}
2024-08-19 13:43:17,919 : INFO : EventManager : Event: ======'player_shot_h_rollover_lane_enabled'====== Args={'value': True, 'prev_value': 0, 'change': 1, 'player_num': 1}
2024-08-19 13:43:17,919 : INFO : EventManager : Event: ======'player_shot_a_rollover_lane_enabled'====== Args={'value': True, 'prev_value': 0, 'change': 1, 'player_num': 1}
2024-08-19 13:43:17,920 : INFO : EventManager : Event: ======'player_shot_n_rollover_lane_enabled'====== Args={'value': True, 'prev_value': 0, 'change': 1, 'player_num': 1}
2024-08-19 13:43:17,920 : INFO : EventManager : Event: ======'player_shot_k_rollover_lane_enabled'====== Args={'value': True, 'prev_value': 0, 'change': 1, 'player_num': 1}
2024-08-19 13:43:17,921 : INFO : EventManager : Event: ======'hank_lanes_complete'====== Args={'state': 'unlit'}
2024-08-19 13:43:17,921 : INFO : EventManager : Event: ======'hank_lanes_unlit_complete'====== Args={}
2024-08-19 13:43:17,921 : INFO : EventManager : Event: ======'mode_hank_rollover_starting'====== Args={'player': 1, 'ball': 1, 'balls_remaining': 2, 'is_extra_ball': False}
2024-08-19 13:43:17,922 : INFO : EventManager : Event: ======'mode_base_will_start'====== Args={'player': 1, 'ball': 1, 'balls_remaining': 2, 'is_extra_ball': False}
2024-08-19 13:43:17,922 : INFO : EventManager : Event: ======'player_shot_qualify_p_target_enabled'====== Args={'value': True, 'prev_value': 0, 'change': 1, 'player_num': 1}
2024-08-19 13:43:17,923 : INFO : EventManager : Event: ======'player_shot_qualify_r_target_enabled'====== Args={'value': True, 'prev_value': 0, 'change': 1, 'player_num': 1}
2024-08-19 13:43:17,923 : INFO : EventManager : Event: ======'player_shot_qualify_o_target_enabled'====== Args={'value': True, 'prev_value': 0, 'change': 1, 'player_num': 1}
2024-08-19 13:43:17,923 : INFO : EventManager : Event: ======'player_shot_scoop_enabled'====== Args={'value': True, 'prev_value': 0, 'change': 1, 'player_num': 1}
2024-08-19 13:43:17,924 : INFO : EventManager : Event: ======'player_shot_rainey_multiball_ball_lock_p2_target_enabled'====== Args={'value': True, 'prev_value': 0, 'change': 1, 'player_num': 1}
2024-08-19 13:43:17,924 : INFO : EventManager : Event: ======'player_shot_rainey_multiball_ball_lock_a_target_enabled'====== Args={'value': True, 'prev_value': 0, 'change': 1, 'player_num': 1}
2024-08-19 13:43:17,924 : INFO : EventManager : Event: ======'player_shot_rainey_multiball_ball_lock_n_target_enabled'====== Args={'value': True, 'prev_value': 0, 'change': 1, 'player_num': 1}
2024-08-19 13:43:17,925 : INFO : EventManager : Event: ======'player_shot_rainey_multiball_ball_lock_e_target_enabled'====== Args={'value': True, 'prev_value': 0, 'change': 1, 'player_num': 1}
2024-08-19 13:43:17,925 : INFO : EventManager : Event: ======'player_shot_spinner_enabled'====== Args={'value': True, 'prev_value': 0, 'change': 1, 'player_num': 1}
2024-08-19 13:43:17,925 : INFO : EventManager : Event: ======'qualify_mission_complete'====== Args={'state': 'unlit'}
2024-08-19 13:43:17,925 : INFO : EventManager : Event: ======'qualify_mission_unlit_complete'====== Args={}
2024-08-19 13:43:17,925 : INFO : EventManager : Event: ======'light_rainey_multiball_ball_lock_complete'====== Args={'state': 'unlit'}
2024-08-19 13:43:17,925 : INFO : EventManager : Event: ======'light_rainey_multiball_ball_lock_unlit_complete'====== Args={}
2024-08-19 13:43:17,928 : INFO : EventManager : Event: ======'mode_base_starting'====== Args={'player': 1, 'ball': 1, 'balls_remaining': 2, 'is_extra_ball': False}
2024-08-19 13:43:17,929 : INFO : Mode.extra_ball : Started. Priority: 900
2024-08-19 13:43:17,929 : INFO : EventManager : Event: ======'modes_active_modes_changed'====== Args={}
2024-08-19 13:43:17,929 : INFO : EventManager : Event: ======'mode_extra_ball_started'====== Args={'player': 1, 'ball': 1, 'balls_remaining': 2, 'is_extra_ball': False}
2024-08-19 13:43:17,933 : INFO : EventManager : Event: ======'logicblock_lb_BBQ_complete_count_updated'====== Args={'value': 1, 'enabled': True}
2024-08-19 13:43:17,933 : INFO : EventManager : Event: ======'logicblock_lb_BBQ_complete_count_updated'====== Args={'value': 1, 'enabled': True}
2024-08-19 13:43:17,933 : INFO : Mode.BBQ_rollover : Started. Priority: 200
2024-08-19 13:43:17,933 : INFO : EventManager : Event: ======'modes_active_modes_changed'====== Args={}
2024-08-19 13:43:17,933 : INFO : EventManager : Event: ======'mode_BBQ_rollover_started'====== Args={'player': 1, 'ball': 1, 'balls_remaining': 2, 'is_extra_ball': False}
2024-08-19 13:43:17,934 : INFO : EventManager : Event: ======'logicblock_lb_hank_complete_count_updated'====== Args={'value': 1, 'enabled': True}
2024-08-19 13:43:17,934 : INFO : EventManager : Event: ======'logicblock_lb_hank_complete_count_updated'====== Args={'value': 1, 'enabled': True}
2024-08-19 13:43:17,934 : INFO : Mode.hank_rollover : Started. Priority: 200
2024-08-19 13:43:17,934 : INFO : EventManager : Event: ======'modes_active_modes_changed'====== Args={}
2024-08-19 13:43:17,934 : INFO : EventManager : Event: ======'mode_hank_rollover_started'====== Args={'player': 1, 'ball': 1, 'balls_remaining': 2, 'is_extra_ball': False}
2024-08-19 13:43:17,934 : INFO : EventManager : Event: ======'logicblock_bill_mini_wizard_updated'====== Args={'value': [False, False], 'enabled': True}
2024-08-19 13:43:17,934 : INFO : EventManager : Event: ======'logicblock_dale_mini_wizard_updated'====== Args={'value': [False, False], 'enabled': True}
2024-08-19 13:43:17,934 : INFO : EventManager : Event: ======'logicblock_hank_mini_wizard_updated'====== Args={'value': [False, False], 'enabled': True}
2024-08-19 13:43:17,934 : INFO : EventManager : Event: ======'logicblock_boom_mini_wizard_updated'====== Args={'value': [False, False], 'enabled': True}
2024-08-19 13:43:17,934 : INFO : EventManager : Event: ======'logicblock_wizard_mode_updated'====== Args={'value': [False, False, False, False], 'enabled': True}
2024-08-19 13:43:17,935 : INFO : EventManager : Event: ======'logicblock_bill_mini_wizard_updated'====== Args={'value': [False, False], 'enabled': True}
2024-08-19 13:43:17,935 : INFO : EventManager : Event: ======'logicblock_dale_mini_wizard_updated'====== Args={'value': [False, False], 'enabled': True}
2024-08-19 13:43:17,935 : INFO : EventManager : Event: ======'logicblock_hank_mini_wizard_updated'====== Args={'value': [False, False], 'enabled': True}
2024-08-19 13:43:17,935 : INFO : EventManager : Event: ======'logicblock_boom_mini_wizard_updated'====== Args={'value': [False, False], 'enabled': True}
2024-08-19 13:43:17,935 : INFO : EventManager : Event: ======'logicblock_wizard_mode_updated'====== Args={'value': [False, False, False, False], 'enabled': True}
2024-08-19 13:43:17,935 : INFO : Mode.base : Started. Priority: 100
2024-08-19 13:43:17,935 : INFO : EventManager : Event: ======'modes_active_modes_changed'====== Args={}
2024-08-19 13:43:17,935 : INFO : EventManager : Event: ======'mode_base_started'====== Args={'player': 1, 'ball': 1, 'balls_remaining': 2, 'is_extra_ball': False}
2024-08-19 13:43:17,936 : INFO : EventManager : Event: ======'player_bonus_multiplier'====== Args={'value': 1, 'prev_value': 0, 'change': 1, 'player_num': 1, 'source': 'BBQ_rollover'}
2024-08-19 13:43:17,936 : INFO : EventManager : Event: ======'ball_save_default_enabled'====== Args={}
2024-08-19 13:43:17,936 : INFO : EventManager : Event: ======'single_player_ball_started'====== Args={}
2024-08-19 13:43:17,937 : INFO : EventManager : Event: ======'ball_start_target'====== Args={'target': 'playfield'}
2024-08-19 13:43:17,937 : INFO : ball_device.bd_plunger : Setting up player-controlled eject. Balls: 1, Target: <playfield.playfield>, player_controlled_eject_event: s_launch_button_inactive
2024-08-19 13:43:17,937 : INFO : EventManager : Event: ======'balldevice_balls_available'====== Args={}
2024-08-19 13:43:17,938 : INFO : ball_device.bd_trough : State: waiting_for_target_ready
2024-08-19 13:43:17,938 : INFO : EventManager : Event: ======'balldevice_bd_trough_ball_eject_attempt'====== Args={'balls': 1, 'target': <ball_device.bd_plunger>, 'source': <ball_device.bd_trough>, 'mechanical_eject': True, 'num_attempts': 0}
2024-08-19 13:43:17,938 : INFO : ball_device.bd_plunger : State: waiting_for_ball
2024-08-19 13:43:17,938 : INFO : ball_device.bd_trough : State: ejecting
2024-08-19 13:43:17,938 : INFO : ball_device.bd_trough : Ejecting ball to <ball_device.bd_plunger>
2024-08-19 13:43:17,938 : INFO : EventManager : Event: ======'balldevice_bd_trough_ejecting_ball'====== Args={'balls': 1, 'target': <ball_device.bd_plunger>, 'source': <ball_device.bd_trough>, 'mechanical_eject': True, 'num_attempts': 0}
2024-08-19 13:43:17,939 : INFO : ball_device.bd_trough : Wait for ball to leave device
2024-08-19 13:43:17,939 : INFO : coil.c_trough_eject : Pulsing Driver for 20ms (1.0 pulse_power)
2024-08-19 13:43:17,939 : INFO : SwitchController : <<<<<<< 's_trough1' inactive >>>>>>>
2024-08-19 13:43:17,939 : INFO : ball_device.bd_trough : State: ball_left
2024-08-19 13:43:17,939 : INFO : ball_device.bd_trough : Ball left
2024-08-19 13:43:17,940 : INFO : ball_device.bd_trough : Wait for confirm with timeout 3.0
2024-08-19 13:43:17,944 : INFO : EventManager : Event: ======'slide_arlen_intro_created'====== Args={'_from_bcp': True}
2024-08-19 13:43:17,945 : INFO : EventManager : Event: ======'slide_high_scores_attract_inactive'====== Args={'_from_bcp': True}
2024-08-19 13:43:17,945 : INFO : EventManager : Event: ======'slide_arlen_intro_active'====== Args={'original_context': 'skillshot', 'original_calling_context': 'mode_skillshot_started', 'queue': '<QueuedEvent>', 'cmd': 'slides_play', '_from_bcp': True}
2024-08-19 13:43:17,945 : INFO : EventManager : Event: ======'slide_high_scores_attract_removed'====== Args={'_from_bcp': True}
2024-08-19 13:43:17,953 : INFO : EventManager : Event: ======'slide_base_created'====== Args={'_from_bcp': True}
2024-08-19 13:43:18,040 : INFO : SwitchController : <<<<<<< 's_plunger' active >>>>>>>
2024-08-19 13:43:18,041 : INFO : EventManager : Event: ======'machine_var_audits_switches_s_plunger'====== Args={'value': 1011, 'prev_value': 1010, 'change': 1}
2024-08-19 13:43:18,541 : INFO : ball_device.bd_plunger : Received ball from <ball_device.bd_trough>
2024-08-19 13:43:18,541 : INFO : EventManager : Event: ======'balldevice_bd_plunger_ball_enter'====== Args={'new_balls': 1, 'unclaimed_balls': 0, 'new_available_balls': 0, 'device': <ball_device.bd_plunger>}
2024-08-19 13:43:18,542 : INFO : EventManager : Event: ======'balldevice_bd_plunger_ball_entered'====== Args={'new_balls': 0, 'device': <ball_device.bd_plunger>}
2024-08-19 13:43:18,543 : INFO : EventManager : Event: ======'balldevice_bd_plunger_ball_count_changed'====== Args={'balls': 1}
2024-08-19 13:43:18,544 : INFO : ball_device.bd_trough : Got eject confirm
2024-08-19 13:43:18,544 : INFO : ball_device.bd_trough : Eject successful
2024-08-19 13:43:18,544 : INFO : EventManager : Event: ======'balldevice_bd_trough_ball_eject_success'====== Args={'balls': 1, 'target': <ball_device.bd_plunger>}
2024-08-19 13:43:18,545 : INFO : EventManager : Event: ======'balldevice_bd_trough_ball_count_changed'====== Args={'balls': 5}
2024-08-19 13:43:18,545 : INFO : ball_device.bd_trough : State: idle
2024-08-19 13:43:18,546 : INFO : ball_device.bd_plunger : State: waiting_for_target_ready
2024-08-19 13:43:18,546 : INFO : EventManager : Event: ======'balldevice_bd_plunger_ball_eject_attempt'====== Args={'balls': 1, 'target': <playfield.playfield>, 'source': <ball_device.bd_plunger>, 'mechanical_eject': True, 'num_attempts': 0}
2024-08-19 13:43:18,547 : INFO : ball_device.bd_plunger : State: ejecting
2024-08-19 13:43:18,547 : INFO : ball_device.bd_plunger : Ejecting ball to <playfield.playfield>
2024-08-19 13:43:18,548 : INFO : EventManager : Event: ======'balldevice_bd_plunger_ejecting_ball'====== Args={'balls': 1, 'target': <playfield.playfield>, 'source': <ball_device.bd_plunger>, 'mechanical_eject': True, 'num_attempts': 0}
2024-08-19 13:43:18,549 : INFO : ball_device.bd_plunger : Wait for ball to leave device
2024-08-19 13:43:18,917 : INFO : EventManager : Event: ======'player_skillshot_skillshot_rotate_tick'====== Args={'value': 1, 'prev_value': 0, 'change': 1, 'player_num': 1}
2024-08-19 13:43:18,928 : INFO : EventManager : Event: ======'timer_skillshot_rotate_tick'====== Args={'ticks': 1, 'ticks_remaining': 0}
2024-08-19 13:43:18,929 : INFO : EventManager : Event: ======'player_shot_skillshot_p_target'====== Args={'value': 0, 'prev_value': 1, 'change': -1, 'player_num': 1}
2024-08-19 13:43:18,930 : INFO : EventManager : Event: ======'player_shot_skillshot_r_target'====== Args={'value': 1, 'prev_value': 0, 'change': 1, 'player_num': 1}
2024-08-19 13:43:19,912 : INFO : EventManager : Event: ======'player_skillshot_skillshot_rotate_tick'====== Args={'value': 2, 'prev_value': 1, 'change': 1, 'player_num': 1}
2024-08-19 13:43:19,913 : INFO : EventManager : Event: ======'timer_skillshot_rotate_tick'====== Args={'ticks': 2, 'ticks_remaining': 0}
2024-08-19 13:43:19,913 : INFO : EventManager : Event: ======'player_shot_skillshot_r_target'====== Args={'value': 0, 'prev_value': 1, 'change': -1, 'player_num': 1}
2024-08-19 13:43:19,914 : INFO : EventManager : Event: ======'player_shot_skillshot_o_target'====== Args={'value': 1, 'prev_value': 0, 'change': 1, 'player_num': 1}
2024-08-19 13:43:20,544 : WARNING : SwitchController : Received duplicate switch state 1 for switch s_plunger from the platform interface. Log Code: Log-SwitchController-1 (https://missionpinball.org/logs)
2024-08-19 13:43:20,628 : INFO : SwitchController : <<<<<<< 's_plunger' inactive >>>>>>>
2024-08-19 13:43:20,629 : INFO : ball_device.bd_plunger : State: ball_left
2024-08-19 13:43:20,630 : INFO : ball_device.bd_plunger : Ball left
2024-08-19 13:43:20,630 : INFO : ball_device.bd_plunger : Wait for confirm with timeout 3.0
2024-08-19 13:43:20,912 : INFO : EventManager : Event: ======'player_skillshot_skillshot_rotate_tick'====== Args={'value': 3, 'prev_value': 2, 'change': 1, 'player_num': 1}
2024-08-19 13:43:20,913 : INFO : EventManager : Event: ======'timer_skillshot_rotate_tick'====== Args={'ticks': 3, 'ticks_remaining': 0}
2024-08-19 13:43:20,914 : INFO : EventManager : Event: ======'player_shot_skillshot_o_target'====== Args={'value': 0, 'prev_value': 1, 'change': -1, 'player_num': 1}
2024-08-19 13:43:20,915 : INFO : EventManager : Event: ======'player_shot_skillshot_p2_target'====== Args={'value': 1, 'prev_value': 0, 'change': 1, 'player_num': 1}
2024-08-19 13:43:21,835 : INFO : SwitchController : <<<<<<< 's_plunger_lane_exit' active >>>>>>>
2024-08-19 13:43:21,835 : INFO : EventManager : Event: ======'s_plunger_lane_exit_active'====== Args={}
2024-08-19 13:43:21,835 : INFO : EventManager : Event: ======'sw_playfield_active'====== Args={}
2024-08-19 13:43:21,835 : INFO : EventManager : Event: ======'machine_var_audits_switches_s_plunger_lane_exit'====== Args={'value': 749, 'prev_value': 748, 'change': 1}
2024-08-19 13:43:21,837 : INFO : EventManager : Event: ======'ball_save_default_timer_start'====== Args={}
2024-08-19 13:43:21,837 : INFO : EventManager : Event: ======'playfield_active'====== Args={}
2024-08-19 13:43:21,842 : INFO : ball_device.bd_plunger : Got eject confirm
2024-08-19 13:43:21,842 : INFO : ball_device.bd_plunger : Eject successful
2024-08-19 13:43:21,842 : INFO : EventManager : Event: ======'balldevice_bd_plunger_ball_eject_success'====== Args={'balls': 1, 'target': <playfield.playfield>}
2024-08-19 13:43:21,842 : INFO : EventManager : Event: ======'balldevice_playfield_ball_enter'====== Args={'new_balls': 1, 'unclaimed_balls': 1, 'device': <playfield.playfield>}
2024-08-19 13:43:21,843 : INFO : EventManager : Event: ======'playfield_ball_count_change'====== Args={'balls': 1, 'change': 1}
2024-08-19 13:43:21,843 : INFO : EventManager : Event: ======'balldevice_bd_plunger_ball_count_changed'====== Args={'balls': 0}
2024-08-19 13:43:21,843 : INFO : ball_device.bd_plunger : State: idle
2024-08-19 13:43:21,912 : INFO : EventManager : Event: ======'player_skillshot_skillshot_rotate_tick'====== Args={'value': 4, 'prev_value': 3, 'change': 1, 'player_num': 1}
2024-08-19 13:43:21,912 : INFO : EventManager : Event: ======'timer_skillshot_rotate_tick'====== Args={'ticks': 4, 'ticks_remaining': 0}
2024-08-19 13:43:21,912 : INFO : EventManager : Event: ======'player_shot_skillshot_p2_target'====== Args={'value': 0, 'prev_value': 1, 'change': -1, 'player_num': 1}
2024-08-19 13:43:21,913 : INFO : EventManager : Event: ======'player_shot_skillshot_a_target'====== Args={'value': 1, 'prev_value': 0, 'change': 1, 'player_num': 1}
2024-08-19 13:43:21,913 : INFO : SwitchController : <<<<<<< 's_plunger_lane_exit' inactive >>>>>>>
2024-08-19 13:43:21,914 : INFO : EventManager : Event: ======'s_plunger_lane_exit_inactive'====== Args={}
2024-08-19 13:43:21,914 : INFO : Timer.skillshot_rotate : Stopping Timer
2024-08-19 13:43:21,914 : INFO : EventManager : Event: ======'timer_skillshot_rotate_stopped'====== Args={'ticks': 4, 'ticks_remaining': 0}
2024-08-19 13:43:21,914 : INFO : EventManager : Event: ======'advance_skillshot_5'====== Args={'priority': 0}
2024-08-19 13:43:21,914 : INFO : EventManager : Event: ======'player_shot_skillshot_a_target'====== Args={'value': 2, 'prev_value': 1, 'change': 1, 'player_num': 1}
2024-08-19 13:43:23,715 : INFO : SwitchController : <<<<<<< 's_a_target' active >>>>>>>
2024-08-19 13:43:23,716 : INFO : EventManager : Event: ======'s_a_target_active'====== Args={}
2024-08-19 13:43:23,717 : INFO : EventManager : Event: ======'machine_var_audits_switches_s_a_target'====== Args={'value': 171, 'prev_value': 170, 'change': 1}
2024-08-19 13:43:23,719 : INFO : EventManager : Event: ======'machine_var_audits_shots_skillshot_a_target'====== Args={'value': 75, 'prev_value': 74, 'change': 1}
2024-08-19 13:43:23,720 : INFO : EventManager : Event: ======'skillshot_a_target_hit'====== Args={'profile': 'skillshot_profile', 'state': 'lit', 'advancing': False}
2024-08-19 13:43:23,727 : INFO : EventManager : Event: ======'skillshot_a_target_skillshot_profile_hit'====== Args={'profile': 'skillshot_profile', 'state': 'lit', 'advancing': False}
2024-08-19 13:43:23,730 : INFO : EventManager : Event: ======'skillshot_a_target_skillshot_profile_lit_hit'====== Args={'profile': 'skillshot_profile', 'state': 'lit', 'advancing': False}
2024-08-19 13:43:23,730 : INFO : EventManager : Event: ======'skillshot_a_target_lit_hit'====== Args={'profile': 'skillshot_profile', 'state': 'lit', 'advancing': False}
2024-08-19 13:43:23,730 : INFO : EventManager : Event: ======'player_shot_rainey_multiball_ball_lock_a_target'====== Args={'value': 1, 'prev_value': 0, 'change': 1, 'player_num': 1}
2024-08-19 13:43:23,731 : INFO : EventManager : Event: ======'machine_var_audits_shots_rainey_multiball_ball_lock_a_target'====== Args={'value': 43, 'prev_value': 42, 'change': 1}
2024-08-19 13:43:23,732 : INFO : EventManager : Event: ======'rainey_multiball_ball_lock_a_target_hit'====== Args={'profile': 'rainey_multiball_ball_lock', 'state': 'unlit', 'advancing': True}
2024-08-19 13:43:23,732 : INFO : EventManager : Event: ======'rainey_multiball_ball_lock_a_target_rainey_multiball_ball_lock_hit'====== Args={'profile': 'rainey_multiball_ball_lock', 'state': 'unlit', 'advancing': True}
2024-08-19 13:43:23,732 : INFO : EventManager : Event: ======'rainey_multiball_ball_lock_a_target_rainey_multiball_ball_lock_unlit_hit'====== Args={'profile': 'rainey_multiball_ball_lock', 'state': 'unlit', 'advancing': True}
2024-08-19 13:43:23,732 : INFO : EventManager : Event: ======'rainey_multiball_ball_lock_a_target_unlit_hit'====== Args={'profile': 'rainey_multiball_ball_lock', 'state': 'unlit', 'advancing': True}
2024-08-19 13:43:23,733 : INFO : EventManager : Event: ======'player_score'====== Args={'value': 50, 'prev_value': 0, 'change': 50, 'player_num': 1, 'source': 'base'}
2024-08-19 13:43:23,733 : INFO : EventManager : Event: ======'skillshot_hit'====== Args={'shot': 'skillshot_a_target'}
2024-08-19 13:43:23,733 : INFO : EventManager : Event: ======'skillshot_lit_hit'====== Args={'shot': 'skillshot_a_target'}
2024-08-19 13:43:23,733 : INFO : EventManager : Event: ======'stop_mode_skillshot'====== Args={'priority': 0}
2024-08-19 13:43:23,734 : INFO : EventManager : Event: ======'mode_skillshot_will_stop'====== Args={}
2024-08-19 13:43:23,734 : INFO : EventManager : Event: ======'mode_skillshot_stopping'====== Args={}
2024-08-19 13:43:23,734 : INFO : EventManager : Event: ======'player_score'====== Args={'value': 90050, 'prev_value': 50, 'change': 90000, 'player_num': 1, 'source': 'skillshot'}
2024-08-19 13:43:23,737 : INFO : EventManager : Event: ======'light_rainey_multiball_ball_lock_hit'====== Args={'shot': 'rainey_multiball_ball_lock_a_target'}
2024-08-19 13:43:23,738 : INFO : EventManager : Event: ======'light_rainey_multiball_ball_lock_unlit_hit'====== Args={'shot': 'rainey_multiball_ball_lock_a_target'}
2024-08-19 13:43:23,739 : INFO : Mode.skillshot : Stopped.
2024-08-19 13:43:23,739 : INFO : EventManager : Event: ======'modes_active_modes_changed'====== Args={}
2024-08-19 13:43:23,740 : INFO : EventManager : Event: ======'mode_skillshot_stopped'====== Args={}
2024-08-19 13:43:23,740 : INFO : EventManager : Event: ======'clear'====== Args={'key': 'skillshot'}
2024-08-19 13:43:23,741 : INFO : Timer.skillshot_rotate : Stopping Timer
2024-08-19 13:43:23,741 : INFO : EventManager : Event: ======'timer_skillshot_rotate_stopped'====== Args={'ticks': 4, 'ticks_remaining': 0}
2024-08-19 13:43:23,759 : INFO : EventManager : Event: ======'slide_arlen_intro_inactive'====== Args={'_from_bcp': True}
2024-08-19 13:43:23,759 : INFO : EventManager : Event: ======'slide_base_active'====== Args={'_from_bcp': True}
2024-08-19 13:43:23,759 : INFO : EventManager : Event: ======'slide_arlen_intro_removed'====== Args={'_from_bcp': True}
2024-08-19 13:43:23,799 : INFO : SwitchController : <<<<<<< 's_a_target' inactive >>>>>>>
2024-08-19 13:43:26,449 : INFO : SwitchController : <<<<<<< 's_scoop' active >>>>>>>
2024-08-19 13:43:26,450 : INFO : EventManager : Event: ======'s_scoop_active'====== Args={}
2024-08-19 13:43:26,450 : INFO : EventManager : Event: ======'machine_var_audits_switches_s_scoop'====== Args={'value': 518, 'prev_value': 517, 'change': 1}
2024-08-19 13:43:26,452 : INFO : EventManager : Event: ======'mode_mission_select_will_start'====== Args={}
2024-08-19 13:43:26,465 : INFO : EventManager : Event: ======'mode_mission_select_starting'====== Args={}
2024-08-19 13:43:26,465 : INFO : EventManager : Event: ======'player_shot_scoop'====== Args={'value': 1, 'prev_value': 0, 'change': 1, 'player_num': 1}
2024-08-19 13:43:26,466 : INFO : EventManager : Event: ======'machine_var_audits_shots_scoop'====== Args={'value': 190, 'prev_value': 189, 'change': 1}
2024-08-19 13:43:26,466 : INFO : EventManager : Event: ======'scoop_hit'====== Args={'profile': 'scoop_light', 'state': 'unqualified', 'advancing': True}
2024-08-19 13:43:26,467 : INFO : EventManager : Event: ======'scoop_scoop_light_hit'====== Args={'profile': 'scoop_light', 'state': 'unqualified', 'advancing': True}
2024-08-19 13:43:26,467 : INFO : EventManager : Event: ======'scoop_scoop_light_unqualified_hit'====== Args={'profile': 'scoop_light', 'state': 'unqualified', 'advancing': True}
2024-08-19 13:43:26,467 : INFO : EventManager : Event: ======'scoop_unqualified_hit'====== Args={'profile': 'scoop_light', 'state': 'unqualified', 'advancing': True}
2024-08-19 13:43:26,467 : INFO : Mode.mission_select : Started. Priority: 800
2024-08-19 13:43:26,467 : INFO : EventManager : Event: ======'modes_active_modes_changed'====== Args={}
2024-08-19 13:43:26,467 : INFO : EventManager : Event: ======'mode_mission_select_started'====== Args={}
2024-08-19 13:43:26,468 : INFO : EventManager : Event: ======'item_highlighted'====== Args={'carousel': 'mission_select', 'direction': None, 'item': 'beat_the_surfer'}
2024-08-19 13:43:26,528 : INFO : EventManager : Event: ======'slide_mission_select_created'====== Args={'_from_bcp': True}
2024-08-19 13:43:26,528 : INFO : EventManager : Event: ======'slide_base_inactive'====== Args={'_from_bcp': True}
2024-08-19 13:43:26,528 : INFO : EventManager : Event: ======'slide_mission_select_active'====== Args={'original_context': 'mission_select', 'original_calling_context': 'mode_mission_select_started', 'cmd': 'slides_play', '_from_bcp': True}
2024-08-19 13:43:26,837 : INFO : EventManager : Event: ======'stop_mode_skillshot'====== Args={'priority': 0}
2024-08-19 13:43:26,951 : INFO : EventManager : Event: ======'balldevice_bd_scoop_ball_count_changed'====== Args={'balls': 1}
2024-08-19 13:43:26,951 : INFO : ball_device.bd_scoop : Received unexpected ball
2024-08-19 13:43:26,951 : INFO : EventManager : Event: ======'balldevice_captured_from_playfield'====== Args={'balls': 1}
2024-08-19 13:43:26,952 : INFO : EventManager : Event: ======'sw_playfield_active'====== Args={'balls': 1}
2024-08-19 13:43:26,952 : INFO : EventManager : Event: ======'playfield_ball_count_change'====== Args={'balls': 0, 'change': -1}
2024-08-19 13:43:26,953 : INFO : EventManager : Event: ======'balldevice_bd_scoop_ball_enter'====== Args={'new_balls': 1, 'unclaimed_balls': 1, 'new_available_balls': 1, 'device': <ball_device.bd_scoop>}
2024-08-19 13:43:26,954 : INFO : EventManager : Event: ======'ball_hold_scoop_held_ball'====== Args={'balls_held': 1, 'total_balls_held': 1}
2024-08-19 13:43:26,954 : INFO : EventManager : Event: ======'ball_hold_scoop_full'====== Args={'balls': 1}
2024-08-19 13:43:26,955 : INFO : EventManager : Event: ======'balldevice_balls_available'====== Args={}
2024-08-19 13:43:26,955 : INFO : EventManager : Event: ======'balldevice_bd_scoop_ball_entered'====== Args={'new_balls': 1, 'device': <ball_device.bd_scoop>}
2024-08-19 13:43:28,400 : INFO : SwitchController : <<<<<<< 's_right_flipper' active >>>>>>>
2024-08-19 13:43:28,400 : INFO : EventManager : Event: ======'s_right_flipper_active'====== Args={}
2024-08-19 13:43:28,400 : INFO : EventManager : Event: ======'machine_var_audits_switches_s_right_flipper'====== Args={'value': 1417, 'prev_value': 1416, 'change': 1}
2024-08-19 13:43:28,401 : INFO : EventManager : Event: ======'item_highlighted'====== Args={'carousel': 'mission_select', 'direction': 'forwards', 'item': 'beer_can_named_desire'}
2024-08-19 13:43:28,502 : INFO : SwitchController : <<<<<<< 's_right_flipper' inactive >>>>>>>
2024-08-19 13:43:28,581 : INFO : SwitchController : <<<<<<< 's_right_flipper' active >>>>>>>
2024-08-19 13:43:28,581 : INFO : EventManager : Event: ======'s_right_flipper_active'====== Args={}
2024-08-19 13:43:28,582 : INFO : EventManager : Event: ======'machine_var_audits_switches_s_right_flipper'====== Args={'value': 1418, 'prev_value': 1417, 'change': 1}
2024-08-19 13:43:28,583 : INFO : EventManager : Event: ======'item_highlighted'====== Args={'carousel': 'mission_select', 'direction': 'forwards', 'item': 'bill_bulk_and_the_body_buddies'}
2024-08-19 13:43:28,665 : INFO : SwitchController : <<<<<<< 's_right_flipper' inactive >>>>>>>
2024-08-19 13:43:28,749 : INFO : SwitchController : <<<<<<< 's_right_flipper' active >>>>>>>
2024-08-19 13:43:28,749 : INFO : EventManager : Event: ======'s_right_flipper_active'====== Args={}
2024-08-19 13:43:28,750 : INFO : EventManager : Event: ======'machine_var_audits_switches_s_right_flipper'====== Args={'value': 1419, 'prev_value': 1418, 'change': 1}
2024-08-19 13:43:28,751 : INFO : EventManager : Event: ======'item_highlighted'====== Args={'carousel': 'mission_select', 'direction': 'forwards', 'item': 'boomhauer_tbd'}
2024-08-19 13:43:28,846 : INFO : SwitchController : <<<<<<< 's_right_flipper' inactive >>>>>>>
2024-08-19 13:43:29,747 : INFO : SwitchController : <<<<<<< 's_left_flipper' active >>>>>>>
2024-08-19 13:43:29,747 : INFO : EventManager : Event: ======'s_left_flipper_active'====== Args={}
2024-08-19 13:43:29,748 : INFO : EventManager : Event: ======'machine_var_audits_switches_s_left_flipper'====== Args={'value': 491, 'prev_value': 490, 'change': 1}
2024-08-19 13:43:29,750 : INFO : EventManager : Event: ======'item_highlighted'====== Args={'carousel': 'mission_select', 'direction': 'backwards', 'item': 'bill_bulk_and_the_body_buddies'}
2024-08-19 13:43:29,837 : INFO : EventManager : Event: ======'ball_save_default_hurry_up'====== Args={}
2024-08-19 13:43:29,882 : INFO : SwitchController : <<<<<<< 's_left_flipper' inactive >>>>>>>
2024-08-19 13:43:30,014 : INFO : SwitchController : <<<<<<< 's_left_flipper' active >>>>>>>
2024-08-19 13:43:30,014 : INFO : EventManager : Event: ======'s_left_flipper_active'====== Args={}
2024-08-19 13:43:30,015 : INFO : EventManager : Event: ======'machine_var_audits_switches_s_left_flipper'====== Args={'value': 492, 'prev_value': 491, 'change': 1}
2024-08-19 13:43:30,017 : INFO : EventManager : Event: ======'item_highlighted'====== Args={'carousel': 'mission_select', 'direction': 'backwards', 'item': 'beer_can_named_desire'}
2024-08-19 13:43:30,100 : INFO : SwitchController : <<<<<<< 's_left_flipper' inactive >>>>>>>
2024-08-19 13:43:31,061 : INFO : SwitchController : <<<<<<< 's_start' active >>>>>>>
2024-08-19 13:43:31,062 : INFO : EventManager : Event: ======'s_start_active'====== Args={}
2024-08-19 13:43:31,063 : INFO : EventManager : Event: ======'machine_var_audits_switches_s_start'====== Args={'value': 598, 'prev_value': 597, 'change': 1}
2024-08-19 13:43:31,065 : INFO : EventManager : Event: ======'sw_add_player'====== Args={'priority': 0}
2024-08-19 13:43:31,065 : INFO : EventManager : Event: ======'player_add_request'====== Args={}
2024-08-19 13:43:31,066 : INFO : EventManager : Event: ======'player_will_add'====== Args={'number': 2}
2024-08-19 13:43:31,066 : INFO : EventManager : Event: ======'player_adding'====== Args={'player': <Player 2>, 'number': 2}
2024-08-19 13:43:31,066 : INFO : EventManager : Event: ======'player_added'====== Args={'player': <Player 2>, 'num': 2}
2024-08-19 13:43:31,067 : INFO : Mode.game : Player added successfully. Total players: 2
2024-08-19 13:43:31,067 : INFO : EventManager : Event: ======'multiplayer_game'====== Args={}
2024-08-19 13:43:31,067 : INFO : EventManager : Event: ======'player_index'====== Args={'value': 1, 'prev_value': 1, 'change': 0, 'player_num': 2}
2024-08-19 13:43:31,068 : INFO : EventManager : Event: ======'player_number'====== Args={'value': 2, 'prev_value': 2, 'change': 0, 'player_num': 2}
2024-08-19 13:43:31,069 : INFO : EventManager : Event: ======'player_score'====== Args={'value': 0, 'prev_value': 0, 'change': 0, 'player_num': 2}
2024-08-19 13:43:31,159 : INFO : SwitchController : <<<<<<< 's_start' inactive >>>>>>>
2024-08-19 13:43:31,160 : INFO : EventManager : Event: ======'s_start_inactive'====== Args={}
2024-08-19 13:43:31,160 : INFO : EventManager : Event: ======'mission_select_beer_can_named_desire_selected'====== Args={}
2024-08-19 13:43:31,160 : INFO : EventManager : Event: ======'mission_select_item_selected'====== Args={}
2024-08-19 13:43:31,160 : INFO : EventManager : Event: ======'player_selected_mission'====== Args={'value': 'beer can named desire', 'prev_value': 0, 'change': True, 'player_num': 1, 'source': 'mission_select'}
2024-08-19 13:43:31,160 : INFO : EventManager : Event: ======'mode_beer_can_named_desire_will_start'====== Args={}
2024-08-19 13:43:31,161 : INFO : EventManager : Event: ======'player_beer_can_named_desire_beer_can_named_desire_mode_countdown_tick'====== Args={'value': 5, 'prev_value': 0, 'change': 5, 'player_num': 1}
2024-08-19 13:43:31,161 : INFO : Timer.beer_can_named_desire_mode_countdown : Starting Timer.
2024-08-19 13:43:31,161 : INFO : EventManager : Event: ======'timer_beer_can_named_desire_mode_countdown_started'====== Args={'ticks': 5, 'ticks_remaining': 5}
2024-08-19 13:43:31,161 : INFO : EventManager : Event: ======'timer_beer_can_named_desire_mode_countdown_tick'====== Args={'ticks': 5, 'ticks_remaining': 5}
2024-08-19 13:43:31,162 : INFO : EventManager : Event: ======'mode_beer_can_named_desire_starting'====== Args={}
2024-08-19 13:43:31,162 : INFO : EventManager : Event: ======'mode_mission_select_will_stop'====== Args={}
2024-08-19 13:43:31,162 : INFO : EventManager : Event: ======'mode_mission_select_stopping'====== Args={}
2024-08-19 13:43:31,162 : INFO : ball_device.bd_scoop : Adding 1 ball(s) to the eject_queue with target <playfield.playfield>.
2024-08-19 13:43:31,162 : INFO : EventManager : Event: ======'balldevice_balls_available'====== Args={}
2024-08-19 13:43:31,162 : INFO : EventManager : Event: ======'ball_hold_scoop_balls_released'====== Args={'balls_released': 1}
2024-08-19 13:43:31,163 : INFO : Mode.beer_can_named_desire : Started. Priority: 130
2024-08-19 13:43:31,163 : INFO : EventManager : Event: ======'modes_active_modes_changed'====== Args={}
2024-08-19 13:43:31,163 : INFO : EventManager : Event: ======'mode_beer_can_named_desire_started'====== Args={}
2024-08-19 13:43:31,163 : INFO : Mode.mission_select : Stopped.
2024-08-19 13:43:31,163 : INFO : EventManager : Event: ======'modes_active_modes_changed'====== Args={}
2024-08-19 13:43:31,164 : INFO : EventManager : Event: ======'mode_mission_select_stopped'====== Args={}
2024-08-19 13:43:31,164 : INFO : EventManager : Event: ======'clear'====== Args={'key': 'mission_select'}
2024-08-19 13:43:31,164 : INFO : ball_device.bd_scoop : State: waiting_for_target_ready
2024-08-19 13:43:31,165 : INFO : EventManager : Event: ======'balldevice_bd_scoop_ball_eject_attempt'====== Args={'balls': 1, 'target': <playfield.playfield>, 'source': <ball_device.bd_scoop>, 'mechanical_eject': False, 'num_attempts': 0}
2024-08-19 13:43:31,165 : INFO : ball_device.bd_scoop : State: ejecting
2024-08-19 13:43:31,165 : INFO : ball_device.bd_scoop : Ejecting ball to <playfield.playfield>
2024-08-19 13:43:31,165 : INFO : EventManager : Event: ======'balldevice_bd_scoop_ejecting_ball'====== Args={'balls': 1, 'target': <playfield.playfield>, 'source': <ball_device.bd_scoop>, 'mechanical_eject': False, 'num_attempts': 0}
2024-08-19 13:43:31,166 : INFO : ball_device.bd_scoop : Wait for ball to leave device
2024-08-19 13:43:31,166 : INFO : coil.c_scoop_eject : Pulsing Driver for 10ms (1.0 pulse_power)
2024-08-19 13:43:31,166 : INFO : SwitchController : <<<<<<< 's_scoop' inactive >>>>>>>
2024-08-19 13:43:31,166 : INFO : ball_device.bd_scoop : State: ball_left
2024-08-19 13:43:31,166 : INFO : ball_device.bd_scoop : Ball left
2024-08-19 13:43:31,166 : INFO : ball_device.bd_scoop : Wait for confirm with timeout 10.0
2024-08-19 13:43:31,181 : INFO : EventManager : Event: ======'slide_beer_can_named_desire_created'====== Args={'_from_bcp': True}
2024-08-19 13:43:31,181 : INFO : EventManager : Event: ======'slide_mission_select_inactive'====== Args={'_from_bcp': True}
2024-08-19 13:43:31,181 : INFO : EventManager : Event: ======'slide_beer_can_named_desire_active'====== Args={'_from_bcp': True}
2024-08-19 13:43:31,181 : INFO : EventManager : Event: ======'slide_mission_select_removed'====== Args={'_from_bcp': True}
2024-08-19 13:43:31,838 : INFO : EventManager : Event: ======'ball_save_default_grace_period'====== Args={}
2024-08-19 13:43:32,162 : INFO : EventManager : Event: ======'player_beer_can_named_desire_beer_can_named_desire_mode_countdown_tick'====== Args={'value': 4, 'prev_value': 5, 'change': -1, 'player_num': 1}
2024-08-19 13:43:32,163 : INFO : EventManager : Event: ======'timer_beer_can_named_desire_mode_countdown_tick'====== Args={'ticks': 4, 'ticks_remaining': 4}
2024-08-19 13:43:33,162 : INFO : EventManager : Event: ======'player_beer_can_named_desire_beer_can_named_desire_mode_countdown_tick'====== Args={'value': 3, 'prev_value': 4, 'change': -1, 'player_num': 1}
2024-08-19 13:43:33,163 : INFO : EventManager : Event: ======'timer_beer_can_named_desire_mode_countdown_tick'====== Args={'ticks': 3, 'ticks_remaining': 3}
2024-08-19 13:43:33,839 : INFO : EventManager : Event: ======'ball_save_default_disabled'====== Args={}
2024-08-19 13:43:34,161 : INFO : EventManager : Event: ======'player_beer_can_named_desire_beer_can_named_desire_mode_countdown_tick'====== Args={'value': 2, 'prev_value': 3, 'change': -1, 'player_num': 1}
2024-08-19 13:43:34,162 : INFO : EventManager : Event: ======'timer_beer_can_named_desire_mode_countdown_tick'====== Args={'ticks': 2, 'ticks_remaining': 2}
2024-08-19 13:43:35,162 : INFO : EventManager : Event: ======'player_beer_can_named_desire_beer_can_named_desire_mode_countdown_tick'====== Args={'value': 1, 'prev_value': 2, 'change': -1, 'player_num': 1}
2024-08-19 13:43:35,163 : INFO : EventManager : Event: ======'timer_beer_can_named_desire_mode_countdown_tick'====== Args={'ticks': 1, 'ticks_remaining': 1}
2024-08-19 13:43:36,162 : INFO : EventManager : Event: ======'player_beer_can_named_desire_beer_can_named_desire_mode_countdown_tick'====== Args={'value': 0, 'prev_value': 1, 'change': -1, 'player_num': 1}
2024-08-19 13:43:36,163 : INFO : Timer.beer_can_named_desire_mode_countdown : Timer Complete
2024-08-19 13:43:36,163 : INFO : Timer.beer_can_named_desire_mode_countdown : Stopping Timer
2024-08-19 13:43:36,164 : INFO : EventManager : Event: ======'timer_beer_can_named_desire_mode_countdown_stopped'====== Args={'ticks': 0, 'ticks_remaining': 1}
2024-08-19 13:43:36,164 : INFO : EventManager : Event: ======'timer_beer_can_named_desire_mode_countdown_complete'====== Args={'ticks': 0, 'ticks_remaining': 1}
2024-08-19 13:43:36,164 : INFO : EventManager : Event: ======'mode_beer_can_named_desire_will_stop'====== Args={}
2024-08-19 13:43:36,165 : INFO : EventManager : Event: ======'mode_beer_can_named_desire_stopping'====== Args={}
2024-08-19 13:43:36,165 : INFO : Mode.beer_can_named_desire : Stopped.
2024-08-19 13:43:36,165 : INFO : EventManager : Event: ======'modes_active_modes_changed'====== Args={}
2024-08-19 13:43:36,166 : INFO : EventManager : Event: ======'mode_beer_can_named_desire_stopped'====== Args={}
2024-08-19 13:43:36,167 : INFO : EventManager : Event: ======'clear'====== Args={'key': 'beer_can_named_desire'}
2024-08-19 13:43:36,167 : INFO : EventManager : Event: ======'logicblock_hank_mini_wizard_updated'====== Args={'value': [True, False], 'enabled': True}
2024-08-19 13:43:36,167 : INFO : EventManager : Event: ======'logicblock_hank_mini_wizard_hit'====== Args={'step': 0}
2024-08-19 13:43:36,168 : INFO : Timer.beer_can_named_desire_mode_countdown : Stopping Timer
2024-08-19 13:43:36,168 : INFO : EventManager : Event: ======'timer_beer_can_named_desire_mode_countdown_stopped'====== Args={'ticks': 0, 'ticks_remaining': 1}
2024-08-19 13:43:36,178 : INFO : EventManager : Event: ======'slide_beer_can_named_desire_inactive'====== Args={'_from_bcp': True}
2024-08-19 13:43:36,179 : INFO : EventManager : Event: ======'slide_base_active'====== Args={'_from_bcp': True}
2024-08-19 13:43:36,191 : INFO : EventManager : Event: ======'slide_beer_can_named_desire_removed'====== Args={'_from_bcp': True}
2024-08-19 13:43:40,527 : INFO : Machine : Shutting down...
2024-08-19 13:43:40,529 : INFO : EventManager : Event: ======'shutdown'====== Args={}
2024-08-19 13:43:40,535 : INFO : EventManager : Event: ======'mode_game_will_stop'====== Args={}
2024-08-19 13:43:40,535 : INFO : EventManager : Event: ======'mode_game_stopping'====== Args={}
2024-08-19 13:43:40,536 : INFO : EventManager : Event: ======'mode_extra_ball_will_stop'====== Args={}
2024-08-19 13:43:40,536 : INFO : EventManager : Event: ======'mode_extra_ball_stopping'====== Args={}
2024-08-19 13:43:40,536 : INFO : EventManager : Event: ======'mode_rainey_multiball_will_stop'====== Args={}
2024-08-19 13:43:40,536 : INFO : EventManager : Event: ======'mode_rainey_multiball_stopping'====== Args={}
2024-08-19 13:43:40,536 : INFO : EventManager : Event: ======'mode_BBQ_rollover_will_stop'====== Args={}
2024-08-19 13:43:40,537 : INFO : EventManager : Event: ======'mode_BBQ_rollover_stopping'====== Args={}
2024-08-19 13:43:40,537 : INFO : EventManager : Event: ======'mode_base_will_stop'====== Args={}
2024-08-19 13:43:40,537 : INFO : EventManager : Event: ======'mode_base_stopping'====== Args={}
2024-08-19 13:43:40,537 : INFO : EventManager : Event: ======'mode_hank_rollover_will_stop'====== Args={}
2024-08-19 13:43:40,537 : INFO : EventManager : Event: ======'mode_hank_rollover_stopping'====== Args={}
2024-08-19 13:43:40,538 : INFO : Mode.hank_rollover : Stopped.
2024-08-19 13:43:40,538 : INFO : EventManager : Event: ======'modes_active_modes_changed'====== Args={}
2024-08-19 13:43:40,538 : INFO : EventManager : Event: ======'mode_hank_rollover_stopped'====== Args={}
2024-08-19 13:43:40,538 : INFO : EventManager : Event: ======'clear'====== Args={'key': 'hank_rollover'}
2024-08-19 13:43:40,541 : INFO : Mode.base : Stopped.
2024-08-19 13:43:40,541 : INFO : EventManager : Event: ======'modes_active_modes_changed'====== Args={}
2024-08-19 13:43:40,542 : INFO : EventManager : Event: ======'mode_base_stopped'====== Args={}
2024-08-19 13:43:40,542 : INFO : EventManager : Event: ======'clear'====== Args={'key': 'base'}
2024-08-19 13:43:40,544 : INFO : Mode.BBQ_rollover : Stopped.
2024-08-19 13:43:40,544 : INFO : EventManager : Event: ======'modes_active_modes_changed'====== Args={}
2024-08-19 13:43:40,545 : INFO : EventManager : Event: ======'mode_BBQ_rollover_stopped'====== Args={}
2024-08-19 13:43:40,545 : INFO : EventManager : Event: ======'clear'====== Args={'key': 'BBQ_rollover'}
2024-08-19 13:43:40,546 : INFO : Mode.rainey_multiball : Stopped.
2024-08-19 13:43:40,546 : INFO : EventManager : Event: ======'modes_active_modes_changed'====== Args={}
2024-08-19 13:43:40,546 : INFO : EventManager : Event: ======'mode_rainey_multiball_stopped'====== Args={}
2024-08-19 13:43:40,546 : INFO : EventManager : Event: ======'clear'====== Args={'key': 'rainey_multiball'}
2024-08-19 13:43:40,546 : INFO : Mode.extra_ball : Stopped.
2024-08-19 13:43:40,546 : INFO : EventManager : Event: ======'modes_active_modes_changed'====== Args={}
2024-08-19 13:43:40,546 : INFO : EventManager : Event: ======'mode_extra_ball_stopped'====== Args={}
2024-08-19 13:43:40,546 : INFO : EventManager : Event: ======'clear'====== Args={'key': 'extra_ball'}
2024-08-19 13:43:40,547 : INFO : Mode.game : Stopped.
2024-08-19 13:43:40,547 : INFO : EventManager : Event: ======'modes_active_modes_changed'====== Args={}
2024-08-19 13:43:40,547 : INFO : EventManager : Event: ======'mode_game_stopped'====== Args={}
2024-08-19 13:43:40,547 : INFO : EventManager : Event: ======'clear'====== Args={'key': 'game'}
2024-08-19 13:43:40,550 : INFO : root : MPF run loop ended.
