2024-09-04 19:45:42,213 : INFO : root : Loading config.
2024-09-04 19:45:42,215 : INFO : YamlMultifileConfigLoader : Machine config file #1: config.yaml
2024-09-04 19:45:42,215 : WARNING : ConfigProcessor : Config file in cache changed: /Users/nicktaseris/Desktop/Pinball/KOTH/config/config.yaml
2024-09-04 19:45:42,215 : INFO : ConfigProcessor : Loading config from file /Users/nicktaseris/mpfenv/lib/python3.9/site-packages/mpf/mpfconfig.yaml.
2024-09-04 19:45:42,222 : INFO : ConfigProcessor : Loading config: /Users/nicktaseris/mpfenv/lib/python3.9/site-packages/mpf/mpfconfig.yaml
2024-09-04 19:45:42,222 : INFO : ConfigProcessor : Loading config from file /Users/nicktaseris/Desktop/Pinball/KOTH/config/config.yaml.
2024-09-04 19:45:42,228 : INFO : ConfigProcessor : Loading config: /Users/nicktaseris/Desktop/Pinball/KOTH/config/config.yaml
2024-09-04 19:45:42,229 : INFO : ConfigProcessor : Config file cache created: /var/folders/sv/d29kcl5x50v7vt1n6xb5jsd40000gn/T/c166cef8060ffee16a35821bf698da85.mpf_cache
2024-09-04 19:45:42,258 : INFO : ConfigProcessor : Loading config from cache: /var/folders/sv/d29kcl5x50v7vt1n6xb5jsd40000gn/T/6b31c5ac6ecbad948994a8204ea6b05b.mpf_cache
2024-09-04 19:45:42,258 : INFO : ConfigProcessor : Loading config from cache: /var/folders/sv/d29kcl5x50v7vt1n6xb5jsd40000gn/T/fe612d1e66c8a96c19ba449d3748eeac.mpf_cache
2024-09-04 19:45:42,258 : INFO : ConfigProcessor : Loading config from cache: /var/folders/sv/d29kcl5x50v7vt1n6xb5jsd40000gn/T/6b31c5ac6ecbad948994a8204ea6b05b.mpf_cache
2024-09-04 19:45:42,258 : INFO : ConfigProcessor : Loading config from cache: /var/folders/sv/d29kcl5x50v7vt1n6xb5jsd40000gn/T/8765227693ecd961e0504502a81255e0.mpf_cache
2024-09-04 19:45:42,259 : INFO : ConfigProcessor : Loading config from cache: /var/folders/sv/d29kcl5x50v7vt1n6xb5jsd40000gn/T/b247728c74b4d81bcb2825e2b07062a7.mpf_cache
2024-09-04 19:45:42,259 : INFO : ConfigProcessor : Loading config from cache: /var/folders/sv/d29kcl5x50v7vt1n6xb5jsd40000gn/T/f240f94f0b5d0f37ec4fd7571275a101.mpf_cache
2024-09-04 19:45:42,259 : INFO : ConfigProcessor : Loading config from cache: /var/folders/sv/d29kcl5x50v7vt1n6xb5jsd40000gn/T/6a2f50ed892485825cc04dc0a68eab9f.mpf_cache
2024-09-04 19:45:42,259 : INFO : ConfigProcessor : Loading config from cache: /var/folders/sv/d29kcl5x50v7vt1n6xb5jsd40000gn/T/d58c58eb9fd1a2dc27f8acd255fb3761.mpf_cache
2024-09-04 19:45:42,260 : INFO : ConfigProcessor : Loading config from cache: /var/folders/sv/d29kcl5x50v7vt1n6xb5jsd40000gn/T/07adfd310b3ef0e03c5cbc91527abb6c.mpf_cache
2024-09-04 19:45:42,260 : INFO : ConfigProcessor : Loading config from cache: /var/folders/sv/d29kcl5x50v7vt1n6xb5jsd40000gn/T/12bd5247c3bf989b919364bdb7829769.mpf_cache
2024-09-04 19:45:42,260 : INFO : ConfigProcessor : Loading config from cache: /var/folders/sv/d29kcl5x50v7vt1n6xb5jsd40000gn/T/362e08f51a1a1b7a0809dd52f9c83f83.mpf_cache
2024-09-04 19:45:42,260 : INFO : ConfigProcessor : Loading config from cache: /var/folders/sv/d29kcl5x50v7vt1n6xb5jsd40000gn/T/e0db17dd068fe6304aabdbeff00fac0d.mpf_cache
2024-09-04 19:45:42,260 : INFO : ConfigProcessor : Loading config from cache: /var/folders/sv/d29kcl5x50v7vt1n6xb5jsd40000gn/T/331d8d1a1bc190cae8c13495e1db372f.mpf_cache
2024-09-04 19:45:42,260 : INFO : ConfigProcessor : Loading config from cache: /var/folders/sv/d29kcl5x50v7vt1n6xb5jsd40000gn/T/d17a9ff77386e6f1439d0802ace1de07.mpf_cache
2024-09-04 19:45:42,261 : INFO : ConfigProcessor : Loading config from cache: /var/folders/sv/d29kcl5x50v7vt1n6xb5jsd40000gn/T/280fd64455d0d243a54ab4db98fbccbd.mpf_cache
2024-09-04 19:45:42,261 : INFO : ConfigProcessor : Loading config from cache: /var/folders/sv/d29kcl5x50v7vt1n6xb5jsd40000gn/T/0c0596ed8fbb40b6113901d21bdc0a39.mpf_cache
2024-09-04 19:45:42,261 : INFO : ConfigProcessor : Loading config from cache: /var/folders/sv/d29kcl5x50v7vt1n6xb5jsd40000gn/T/f521a0f834965d73920394ccceaa3c1c.mpf_cache
2024-09-04 19:45:42,261 : INFO : ConfigProcessor : Loading config from cache: /var/folders/sv/d29kcl5x50v7vt1n6xb5jsd40000gn/T/0fedc249e142fba0aaf46d9adc7061fa.mpf_cache
2024-09-04 19:45:42,261 : INFO : ConfigProcessor : Loading config from cache: /var/folders/sv/d29kcl5x50v7vt1n6xb5jsd40000gn/T/c57745b2fe399992c4aedf0209f8acc9.mpf_cache
2024-09-04 19:45:42,262 : INFO : ConfigProcessor : Loading config from cache: /var/folders/sv/d29kcl5x50v7vt1n6xb5jsd40000gn/T/4d7707f845442344c77faa09114dd414.mpf_cache
2024-09-04 19:45:42,262 : INFO : ConfigProcessor : Loading config from cache: /var/folders/sv/d29kcl5x50v7vt1n6xb5jsd40000gn/T/13b622eeb34cc558f4c171e6faf49f20.mpf_cache
2024-09-04 19:45:42,262 : INFO : ConfigProcessor : Loading config from cache: /var/folders/sv/d29kcl5x50v7vt1n6xb5jsd40000gn/T/897ffb6d77163469c302d894201d7081.mpf_cache
2024-09-04 19:45:42,262 : INFO : ConfigProcessor : Loading config from cache: /var/folders/sv/d29kcl5x50v7vt1n6xb5jsd40000gn/T/51caa30b8c50b4dd14ddbf8a263fb4c6.mpf_cache
2024-09-04 19:45:42,262 : INFO : ConfigProcessor : Loading config from cache: /var/folders/sv/d29kcl5x50v7vt1n6xb5jsd40000gn/T/aa4dd12681abd3ba3467de4d4b71c6b2.mpf_cache
2024-09-04 19:45:42,262 : INFO : ConfigProcessor : Loading config from cache: /var/folders/sv/d29kcl5x50v7vt1n6xb5jsd40000gn/T/edf8b775a93855f849af0e2eff0a7bac.mpf_cache
2024-09-04 19:45:42,263 : INFO : ConfigProcessor : Loading config from cache: /var/folders/sv/d29kcl5x50v7vt1n6xb5jsd40000gn/T/a8808f7c3567c8d62dc12e9ad7d55d7c.mpf_cache
2024-09-04 19:45:42,263 : INFO : ConfigProcessor : Loading config from cache: /var/folders/sv/d29kcl5x50v7vt1n6xb5jsd40000gn/T/9437faed8d9c330c56f3b67b3f9b149d.mpf_cache
2024-09-04 19:45:42,263 : INFO : ConfigProcessor : Loading config from cache: /var/folders/sv/d29kcl5x50v7vt1n6xb5jsd40000gn/T/4bb31ac09fad15f35aa3bae4975f2b4d.mpf_cache
2024-09-04 19:45:42,263 : INFO : ConfigProcessor : Loading config from cache: /var/folders/sv/d29kcl5x50v7vt1n6xb5jsd40000gn/T/3048ed2d7ea14eee3db896f6760aa474.mpf_cache
2024-09-04 19:45:42,264 : INFO : ConfigProcessor : Loading config from cache: /var/folders/sv/d29kcl5x50v7vt1n6xb5jsd40000gn/T/a14a120665a0ee9fd8a6e22274033983.mpf_cache
2024-09-04 19:45:42,264 : INFO : ConfigProcessor : Loading config from cache: /var/folders/sv/d29kcl5x50v7vt1n6xb5jsd40000gn/T/984de704eb69e43ca43e84d7915bfa21.mpf_cache
2024-09-04 19:45:42,264 : INFO : ConfigProcessor : Loading config from cache: /var/folders/sv/d29kcl5x50v7vt1n6xb5jsd40000gn/T/0a9cb7260d26760274024f443d38cc22.mpf_cache
2024-09-04 19:45:42,264 : INFO : ConfigProcessor : Loading config from cache: /var/folders/sv/d29kcl5x50v7vt1n6xb5jsd40000gn/T/deb753c2acdccb3c49ddc8f2a7e04ee6.mpf_cache
2024-09-04 19:45:42,265 : INFO : ConfigProcessor : Loading config from cache: /var/folders/sv/d29kcl5x50v7vt1n6xb5jsd40000gn/T/4a90c06755c4a5beef2ee4c243f54397.mpf_cache
2024-09-04 19:45:42,265 : INFO : Machine : Mission Pinball Framework Core Engine v0.80.0.dev1
2024-09-04 19:45:42,265 : INFO : Machine : Command line arguments: {'no_load_cache': False, 'create_config_cache': True, 'bcp': True, 'configfile': ['config.yaml'], 'force_assets_load': False, 'platform_integration_test': False, 'jsonlogging': False, 'logfile': 'logs/2024-09-04-19-45-42-mpf-Nicks-Air.lan.log', 'pause': False, 'production': False, 'text_ui': True, 'loglevel': 15, 'consoleloglevel': 20, 'force_platform': None, 'syslog_address': None, 'mc_file_name': None, 'no_sound': False, 'full_logfile_path': '/Users/nicktaseris/Desktop/Pinball/KOTH/logs/2024-09-04-19-45-42-mpf-Nicks-Air.lan.log'}
2024-09-04 19:45:42,265 : INFO : Machine : MPF path: /Users/nicktaseris/mpfenv/lib/python3.9/site-packages/mpf
2024-09-04 19:45:42,265 : INFO : Machine : Machine path: /Users/nicktaseris/Desktop/Pinball/KOTH
2024-09-04 19:45:42,265 : INFO : Machine : Platform: darwin
2024-09-04 19:45:42,265 : INFO : Machine : Python executable location: /Users/nicktaseris/mpfenv/bin/python3
2024-09-04 19:45:42,265 : INFO : Machine : Python version: 3.9.13 (64-bit)
2024-09-04 19:45:42,265 : INFO : Machine : Initializing MPF...
2024-09-04 19:45:42,302 : INFO : EventManager : Event: ======'machine_var_credits_string'====== Args={'value': 'FREE PLAY', 'prev_value': None, 'change': True}
2024-09-04 19:45:42,307 : INFO : EventManager : Event: ======'machine_var_master_volume'====== Args={'value': 0.5, 'prev_value': None, 'change': True}
2024-09-04 19:45:42,307 : INFO : EventManager : Event: ======'machine_var_player1_score'====== Args={'value': 34335100, 'prev_value': None, 'change': True}
2024-09-04 19:45:42,307 : INFO : EventManager : Event: ======'machine_var_mpf_version'====== Args={'value': 'Mission Pinball Framework v0.80.0.dev1', 'prev_value': None, 'change': True}
2024-09-04 19:45:42,307 : INFO : EventManager : Event: ======'machine_var_mpf_extended_version'====== Args={'value': 'Mission Pinball Framework v0.80.0.dev1, Config version:6, Show version: 6, BCP version:1.1', 'prev_value': None, 'change': True}
2024-09-04 19:45:42,307 : INFO : EventManager : Event: ======'machine_var_python_version'====== Args={'value': '3.9.13', 'prev_value': None, 'change': True}
2024-09-04 19:45:42,319 : INFO : EventManager : Event: ======'machine_var_platform'====== Args={'value': 'macOS-12.1-arm64-arm-64bit', 'prev_value': None, 'change': True}
2024-09-04 19:45:42,320 : INFO : EventManager : Event: ======'machine_var_platform_system'====== Args={'value': 'Darwin', 'prev_value': None, 'change': True}
2024-09-04 19:45:42,320 : INFO : EventManager : Event: ======'machine_var_platform_release'====== Args={'value': '21.2.0', 'prev_value': None, 'change': True}
2024-09-04 19:45:42,320 : INFO : EventManager : Event: ======'machine_var_platform_version'====== Args={'value': 'Darwin Kernel Version 21.2.0: Sun Nov 28 20:29:10 PST 2021; root:xnu-8019.61.5~1/RELEASE_ARM64_T8101', 'prev_value': None, 'change': True}
2024-09-04 19:45:42,320 : INFO : EventManager : Event: ======'machine_var_platform_machine'====== Args={'value': 'arm64', 'prev_value': None, 'change': True}
2024-09-04 19:45:42,320 : INFO : EventManager : Event: ======'machine_var_log_file_path'====== Args={'value': '/Users/nicktaseris/Desktop/Pinball/KOTH/logs/2024-09-04-19-45-42-mpf-Nicks-Air.lan.log', 'prev_value': None, 'change': True}
2024-09-04 19:45:42,320 : INFO : EventManager : Event: ======'init_phase_1'====== Args={}
2024-09-04 19:45:42,343 : INFO : EventManager : Event: ======'drop_target_bank_strickland_bank_up'====== Args={}
2024-09-04 19:45:42,343 : INFO : EventManager : Event: ======'init_phase_2'====== Args={}
2024-09-04 19:45:42,344 : INFO : SwitchController : Found active switch: ('39', <Platform.SmartVirtual>) <switch.s_trough1>
2024-09-04 19:45:42,344 : INFO : SwitchController : Found active switch: ('40', <Platform.SmartVirtual>) <switch.s_trough2>
2024-09-04 19:45:42,344 : INFO : SwitchController : Found active switch: ('41', <Platform.SmartVirtual>) <switch.s_trough3>
2024-09-04 19:45:42,344 : INFO : SwitchController : Found active switch: ('42', <Platform.SmartVirtual>) <switch.s_trough4>
2024-09-04 19:45:42,344 : INFO : SwitchController : Found active switch: ('43', <Platform.SmartVirtual>) <switch.s_trough5>
2024-09-04 19:45:42,344 : INFO : SwitchController : Found active switch: ('44', <Platform.SmartVirtual>) <switch.s_trough6>
2024-09-04 19:45:42,350 : INFO : EventManager : Event: ======'machine_var_score1_label'====== Args={'value': 'GRAND CHAMPION', 'prev_value': None, 'change': True}
2024-09-04 19:45:42,350 : INFO : EventManager : Event: ======'machine_var_score1_name'====== Args={'value': 'NJT', 'prev_value': None, 'change': True}
2024-09-04 19:45:42,350 : INFO : EventManager : Event: ======'machine_var_score1_value'====== Args={'value': 36245050, 'prev_value': None, 'change': True}
2024-09-04 19:45:42,350 : INFO : EventManager : Event: ======'machine_var_score2_label'====== Args={'value': 'HIGH SCORE 1', 'prev_value': None, 'change': True}
2024-09-04 19:45:42,350 : INFO : EventManager : Event: ======'machine_var_score2_name'====== Args={'value': 'NJT', 'prev_value': None, 'change': True}
2024-09-04 19:45:42,350 : INFO : EventManager : Event: ======'machine_var_score2_value'====== Args={'value': 36245050, 'prev_value': None, 'change': True}
2024-09-04 19:45:42,350 : INFO : EventManager : Event: ======'machine_var_score3_label'====== Args={'value': 'HIGH SCORE 2', 'prev_value': None, 'change': True}
2024-09-04 19:45:42,350 : INFO : EventManager : Event: ======'machine_var_score3_name'====== Args={'value': 'NNNNNNNNNNNNN', 'prev_value': None, 'change': True}
2024-09-04 19:45:42,350 : INFO : EventManager : Event: ======'machine_var_score3_value'====== Args={'value': 35245050, 'prev_value': None, 'change': True}
2024-09-04 19:45:42,350 : INFO : EventManager : Event: ======'machine_var_score4_label'====== Args={'value': 'HIGH SCORE 3', 'prev_value': None, 'change': True}
2024-09-04 19:45:42,350 : INFO : EventManager : Event: ======'machine_var_score4_name'====== Args={'value': 'NJT', 'prev_value': None, 'change': True}
2024-09-04 19:45:42,350 : INFO : EventManager : Event: ======'machine_var_score4_value'====== Args={'value': 34335100, 'prev_value': None, 'change': True}
2024-09-04 19:45:42,350 : INFO : EventManager : Event: ======'bcp_connection_attempt'====== Args={'name': 'local_display', 'host': 'localhost', 'port': 5050}
2024-09-04 19:45:42,351 : INFO : BCPClientSocket : Connecting BCP to 'local_display' at localhost:5050...
2024-09-04 19:45:42,354 : INFO : BCPClientSocket : Connected BCP to 'local_display' localhost:5050
2024-09-04 19:45:42,354 : INFO : EventManager : Event: ======'bcp_clients_connected'====== Args={}
2024-09-04 19:45:42,355 : INFO : ball_device.bd_trough : BCH: Initial count: 6
2024-09-04 19:45:42,356 : INFO : ball_device.bd_trough : State: idle
2024-09-04 19:45:42,360 : INFO : ball_device.bd_plunger : BCH: Initial count: 0
2024-09-04 19:45:42,360 : INFO : ball_device.bd_plunger : State: idle
2024-09-04 19:45:42,360 : INFO : ball_device.bd_scoop : BCH: Initial count: 0
2024-09-04 19:45:42,360 : INFO : ball_device.bd_scoop : State: idle
2024-09-04 19:45:42,365 : INFO : EventManager : Event: ======'init_phase_3'====== Args={}
2024-09-04 19:45:42,366 : INFO : EventManager : Event: ======'init_phase_4'====== Args={}
2024-09-04 19:45:42,367 : INFO : BallController : Initial balls found: 6
2024-09-04 19:45:42,367 : INFO : EventManager : Event: ======'machine_var_audits_events_game_ended'====== Args={'value': 14, 'prev_value': None, 'change': True}
2024-09-04 19:45:42,367 : INFO : EventManager : Event: ======'machine_var_audits_events_game_started'====== Args={'value': 1212, 'prev_value': None, 'change': True}
2024-09-04 19:45:42,367 : INFO : EventManager : Event: ======'machine_var_audits_missing_switches_s_bottom_inline_drop'====== Args={'value': 12, 'prev_value': None, 'change': True}
2024-09-04 19:45:42,367 : INFO : EventManager : Event: ======'machine_var_audits_missing_switches_s_bottom_pop_bumper'====== Args={'value': 8, 'prev_value': None, 'change': True}
2024-09-04 19:45:42,367 : INFO : EventManager : Event: ======'machine_var_audits_missing_switches_s_center_spinner'====== Args={'value': 8, 'prev_value': None, 'change': True}
2024-09-04 19:45:42,367 : INFO : EventManager : Event: ======'machine_var_audits_missing_switches_s_launch_button'====== Args={'value': 683, 'prev_value': None, 'change': True}
2024-09-04 19:45:42,367 : INFO : EventManager : Event: ======'machine_var_audits_missing_switches_s_left_flipper'====== Args={'value': 8, 'prev_value': None, 'change': True}
2024-09-04 19:45:42,367 : INFO : EventManager : Event: ======'machine_var_audits_missing_switches_s_left_inlane'====== Args={'value': 2, 'prev_value': None, 'change': True}
2024-09-04 19:45:42,367 : INFO : EventManager : Event: ======'machine_var_audits_missing_switches_s_left_inner_horseshoe'====== Args={'value': 290, 'prev_value': None, 'change': True}
2024-09-04 19:45:42,368 : INFO : EventManager : Event: ======'machine_var_audits_missing_switches_s_left_orbit_enter'====== Args={'value': 8, 'prev_value': None, 'change': True}
2024-09-04 19:45:42,368 : INFO : EventManager : Event: ======'machine_var_audits_missing_switches_s_left_orbit_exit'====== Args={'value': 404, 'prev_value': None, 'change': True}
2024-09-04 19:45:42,368 : INFO : EventManager : Event: ======'machine_var_audits_missing_switches_s_left_outlane'====== Args={'value': 2, 'prev_value': None, 'change': True}
2024-09-04 19:45:42,368 : INFO : EventManager : Event: ======'machine_var_audits_missing_switches_s_left_pop_bumper'====== Args={'value': 771, 'prev_value': None, 'change': True}
2024-09-04 19:45:42,368 : INFO : EventManager : Event: ======'machine_var_audits_missing_switches_s_left_ramp_enter'====== Args={'value': 484, 'prev_value': None, 'change': True}
2024-09-04 19:45:42,368 : INFO : EventManager : Event: ======'machine_var_audits_missing_switches_s_left_ramp_exit'====== Args={'value': 484, 'prev_value': None, 'change': True}
2024-09-04 19:45:42,368 : INFO : EventManager : Event: ======'machine_var_audits_missing_switches_s_left_ramp_standup'====== Args={'value': 8, 'prev_value': None, 'change': True}
2024-09-04 19:45:42,368 : INFO : EventManager : Event: ======'machine_var_audits_missing_switches_s_left_rollover_lane'====== Args={'value': 11, 'prev_value': None, 'change': True}
2024-09-04 19:45:42,368 : INFO : EventManager : Event: ======'machine_var_audits_missing_switches_s_left_sling'====== Args={'value': 862, 'prev_value': None, 'change': True}
2024-09-04 19:45:42,368 : INFO : EventManager : Event: ======'machine_var_audits_missing_switches_s_left_spinner'====== Args={'value': 8, 'prev_value': None, 'change': True}
2024-09-04 19:45:42,368 : INFO : EventManager : Event: ======'machine_var_audits_missing_switches_s_middle_inline_drop'====== Args={'value': 12, 'prev_value': None, 'change': True}
2024-09-04 19:45:42,368 : INFO : EventManager : Event: ======'machine_var_audits_missing_switches_s_middle_rollover_lane'====== Args={'value': 11, 'prev_value': None, 'change': True}
2024-09-04 19:45:42,368 : INFO : EventManager : Event: ======'machine_var_audits_missing_switches_s_right_flipper'====== Args={'value': 11, 'prev_value': None, 'change': True}
2024-09-04 19:45:42,368 : INFO : EventManager : Event: ======'machine_var_audits_missing_switches_s_right_inlane'====== Args={'value': 1, 'prev_value': None, 'change': True}
2024-09-04 19:45:42,368 : INFO : EventManager : Event: ======'machine_var_audits_missing_switches_s_right_inner_horseshoe'====== Args={'value': 8, 'prev_value': None, 'change': True}
2024-09-04 19:45:42,369 : INFO : EventManager : Event: ======'machine_var_audits_missing_switches_s_right_orbit_exit'====== Args={'value': 404, 'prev_value': None, 'change': True}
2024-09-04 19:45:42,369 : INFO : EventManager : Event: ======'machine_var_audits_missing_switches_s_right_outlane'====== Args={'value': 2, 'prev_value': None, 'change': True}
2024-09-04 19:45:42,369 : INFO : EventManager : Event: ======'machine_var_audits_missing_switches_s_right_pop_bumper'====== Args={'value': 11, 'prev_value': None, 'change': True}
2024-09-04 19:45:42,369 : INFO : EventManager : Event: ======'machine_var_audits_missing_switches_s_right_ramp_enter'====== Args={'value': 484, 'prev_value': None, 'change': True}
2024-09-04 19:45:42,369 : INFO : EventManager : Event: ======'machine_var_audits_missing_switches_s_right_ramp_exit'====== Args={'value': 484, 'prev_value': None, 'change': True}
2024-09-04 19:45:42,369 : INFO : EventManager : Event: ======'machine_var_audits_missing_switches_s_right_ramp_standup'====== Args={'value': 8, 'prev_value': None, 'change': True}
2024-09-04 19:45:42,369 : INFO : EventManager : Event: ======'machine_var_audits_missing_switches_s_right_rollover_lane'====== Args={'value': 11, 'prev_value': None, 'change': True}
2024-09-04 19:45:42,369 : INFO : EventManager : Event: ======'machine_var_audits_missing_switches_s_right_sling'====== Args={'value': 56, 'prev_value': None, 'change': True}
2024-09-04 19:45:42,369 : INFO : EventManager : Event: ======'machine_var_audits_missing_switches_s_top_inline_drop'====== Args={'value': 195, 'prev_value': None, 'change': True}
2024-09-04 19:45:42,369 : INFO : EventManager : Event: ======'machine_var_audits_missing_switches_s_trough1'====== Args={'value': 10, 'prev_value': None, 'change': True}
2024-09-04 19:45:42,369 : INFO : EventManager : Event: ======'machine_var_audits_missing_switches_s_trough2'====== Args={'value': 10, 'prev_value': None, 'change': True}
2024-09-04 19:45:42,369 : INFO : EventManager : Event: ======'machine_var_audits_missing_switches_s_trough3'====== Args={'value': 10, 'prev_value': None, 'change': True}
2024-09-04 19:45:42,370 : INFO : EventManager : Event: ======'machine_var_audits_missing_switches_s_trough4'====== Args={'value': 634, 'prev_value': None, 'change': True}
2024-09-04 19:45:42,370 : INFO : EventManager : Event: ======'machine_var_audits_missing_switches_s_trough5'====== Args={'value': 1167, 'prev_value': None, 'change': True}
2024-09-04 19:45:42,370 : INFO : EventManager : Event: ======'machine_var_audits_missing_switches_s_trough6'====== Args={'value': 1167, 'prev_value': None, 'change': True}
2024-09-04 19:45:42,370 : INFO : EventManager : Event: ======'machine_var_audits_missing_switches_s_trough_jam'====== Args={'value': 1100, 'prev_value': None, 'change': True}
2024-09-04 19:45:42,370 : INFO : EventManager : Event: ======'machine_var_audits_player_score'====== Args={'value': {'average': 16873553, 'top': [36245050, 36245050, 35245050, 34335100, 34245100, 32335100, 30565250, 29425150, 389100, 370600], 'total': 16}, 'prev_value': None, 'change': True}
2024-09-04 19:45:42,370 : INFO : EventManager : Event: ======'machine_var_audits_shots_a_rollover_lane'====== Args={'value': 174, 'prev_value': None, 'change': True}
2024-09-04 19:45:42,370 : INFO : EventManager : Event: ======'machine_var_audits_shots_a_target'====== Args={'value': 7, 'prev_value': None, 'change': True}
2024-09-04 19:45:42,370 : INFO : EventManager : Event: ======'machine_var_audits_shots_ball_lock_a_target'====== Args={'value': 6, 'prev_value': None, 'change': True}
2024-09-04 19:45:42,370 : INFO : EventManager : Event: ======'machine_var_audits_shots_ball_lock_e_target'====== Args={'value': 5, 'prev_value': None, 'change': True}
2024-09-04 19:45:42,370 : INFO : EventManager : Event: ======'machine_var_audits_shots_ball_lock_n_target'====== Args={'value': 5, 'prev_value': None, 'change': True}
2024-09-04 19:45:42,370 : INFO : EventManager : Event: ======'machine_var_audits_shots_ball_lock_p2_target'====== Args={'value': 9, 'prev_value': None, 'change': True}
2024-09-04 19:45:42,371 : INFO : EventManager : Event: ======'machine_var_audits_shots_bottom_inline_drop'====== Args={'value': 50, 'prev_value': None, 'change': True}
2024-09-04 19:45:42,371 : INFO : EventManager : Event: ======'machine_var_audits_shots_e_target'====== Args={'value': 3, 'prev_value': None, 'change': True}
2024-09-04 19:45:42,371 : INFO : EventManager : Event: ======'machine_var_audits_shots_h_rollover_lane'====== Args={'value': 180, 'prev_value': None, 'change': True}
2024-09-04 19:45:42,371 : INFO : EventManager : Event: ======'machine_var_audits_shots_k_rollover_lane'====== Args={'value': 175, 'prev_value': None, 'change': True}
2024-09-04 19:45:42,371 : INFO : EventManager : Event: ======'machine_var_audits_shots_left_rollover_lane'====== Args={'value': 221, 'prev_value': None, 'change': True}
2024-09-04 19:45:42,371 : INFO : EventManager : Event: ======'machine_var_audits_shots_middle_inline_drop'====== Args={'value': 49, 'prev_value': None, 'change': True}
2024-09-04 19:45:42,371 : INFO : EventManager : Event: ======'machine_var_audits_shots_middle_rollover_lane'====== Args={'value': 211, 'prev_value': None, 'change': True}
2024-09-04 19:45:42,371 : INFO : EventManager : Event: ======'machine_var_audits_shots_mode_scoop'====== Args={'value': 112, 'prev_value': None, 'change': True}
2024-09-04 19:45:42,371 : INFO : EventManager : Event: ======'machine_var_audits_shots_n_rollover_lane'====== Args={'value': 169, 'prev_value': None, 'change': True}
2024-09-04 19:45:42,371 : INFO : EventManager : Event: ======'machine_var_audits_shots_n_target'====== Args={'value': 9, 'prev_value': None, 'change': True}
2024-09-04 19:45:42,372 : INFO : EventManager : Event: ======'machine_var_audits_shots_o_target'====== Args={'value': 4, 'prev_value': None, 'change': True}
2024-09-04 19:45:42,372 : INFO : EventManager : Event: ======'machine_var_audits_shots_p2_target'====== Args={'value': 5, 'prev_value': None, 'change': True}
2024-09-04 19:45:42,372 : INFO : EventManager : Event: ======'machine_var_audits_shots_p_target'====== Args={'value': 8, 'prev_value': None, 'change': True}
2024-09-04 19:45:42,372 : INFO : EventManager : Event: ======'machine_var_audits_shots_qualify_a_target'====== Args={'value': 7, 'prev_value': None, 'change': True}
2024-09-04 19:45:42,372 : INFO : EventManager : Event: ======'machine_var_audits_shots_qualify_e_target'====== Args={'value': 8, 'prev_value': None, 'change': True}
2024-09-04 19:45:42,372 : INFO : EventManager : Event: ======'machine_var_audits_shots_qualify_n_target'====== Args={'value': 7, 'prev_value': None, 'change': True}
2024-09-04 19:45:42,372 : INFO : EventManager : Event: ======'machine_var_audits_shots_qualify_o_target'====== Args={'value': 483, 'prev_value': None, 'change': True}
2024-09-04 19:45:42,372 : INFO : EventManager : Event: ======'machine_var_audits_shots_qualify_p2_target'====== Args={'value': 9, 'prev_value': None, 'change': True}
2024-09-04 19:45:42,372 : INFO : EventManager : Event: ======'machine_var_audits_shots_qualify_p_target'====== Args={'value': 452, 'prev_value': None, 'change': True}
2024-09-04 19:45:42,373 : INFO : EventManager : Event: ======'machine_var_audits_shots_qualify_r_target'====== Args={'value': 494, 'prev_value': None, 'change': True}
2024-09-04 19:45:42,373 : INFO : EventManager : Event: ======'machine_var_audits_shots_r_target'====== Args={'value': 14, 'prev_value': None, 'change': True}
2024-09-04 19:45:42,373 : INFO : EventManager : Event: ======'machine_var_audits_shots_rainey_multiball_ball_lock_a_target'====== Args={'value': 131, 'prev_value': None, 'change': True}
2024-09-04 19:45:42,373 : INFO : EventManager : Event: ======'machine_var_audits_shots_rainey_multiball_ball_lock_e_target'====== Args={'value': 116, 'prev_value': None, 'change': True}
2024-09-04 19:45:42,373 : INFO : EventManager : Event: ======'machine_var_audits_shots_rainey_multiball_ball_lock_n_target'====== Args={'value': 109, 'prev_value': None, 'change': True}
2024-09-04 19:45:42,373 : INFO : EventManager : Event: ======'machine_var_audits_shots_rainey_multiball_ball_lock_p2_target'====== Args={'value': 225, 'prev_value': None, 'change': True}
2024-09-04 19:45:42,374 : INFO : EventManager : Event: ======'machine_var_audits_shots_right_rollover_lane'====== Args={'value': 215, 'prev_value': None, 'change': True}
2024-09-04 19:45:42,374 : INFO : EventManager : Event: ======'machine_var_audits_shots_scoop'====== Args={'value': 285, 'prev_value': None, 'change': True}
2024-09-04 19:45:42,374 : INFO : EventManager : Event: ======'machine_var_audits_shots_scoop_mission_select'====== Args={'value': 57, 'prev_value': None, 'change': True}
2024-09-04 19:45:42,374 : INFO : EventManager : Event: ======'machine_var_audits_shots_shot_left_ramp'====== Args={'value': 17, 'prev_value': None, 'change': True}
2024-09-04 19:45:42,374 : INFO : EventManager : Event: ======'machine_var_audits_shots_shot_right_ramp'====== Args={'value': 24, 'prev_value': None, 'change': True}
2024-09-04 19:45:42,374 : INFO : EventManager : Event: ======'machine_var_audits_shots_skillshot_a_target'====== Args={'value': 111, 'prev_value': None, 'change': True}
2024-09-04 19:45:42,374 : INFO : EventManager : Event: ======'machine_var_audits_shots_skillshot_e_target'====== Args={'value': 93, 'prev_value': None, 'change': True}
2024-09-04 19:45:42,374 : INFO : EventManager : Event: ======'machine_var_audits_shots_skillshot_n_target'====== Args={'value': 75, 'prev_value': None, 'change': True}
2024-09-04 19:45:42,375 : INFO : EventManager : Event: ======'machine_var_audits_shots_skillshot_o_target'====== Args={'value': 163, 'prev_value': None, 'change': True}
2024-09-04 19:45:42,375 : INFO : EventManager : Event: ======'machine_var_audits_shots_skillshot_p2_target'====== Args={'value': 185, 'prev_value': None, 'change': True}
2024-09-04 19:45:42,375 : INFO : EventManager : Event: ======'machine_var_audits_shots_skillshot_p_target'====== Args={'value': 102, 'prev_value': None, 'change': True}
2024-09-04 19:45:42,375 : INFO : EventManager : Event: ======'machine_var_audits_shots_skillshot_r_target'====== Args={'value': 176, 'prev_value': None, 'change': True}
2024-09-04 19:45:42,375 : INFO : EventManager : Event: ======'machine_var_audits_shots_spinner'====== Args={'value': 11, 'prev_value': None, 'change': True}
2024-09-04 19:45:42,375 : INFO : EventManager : Event: ======'machine_var_audits_shots_top_inline_drop'====== Args={'value': 8, 'prev_value': None, 'change': True}
2024-09-04 19:45:42,375 : INFO : EventManager : Event: ======'machine_var_audits_switches_s_a_target'====== Args={'value': 259, 'prev_value': None, 'change': True}
2024-09-04 19:45:42,376 : INFO : EventManager : Event: ======'machine_var_audits_switches_s_bottom_inline_drop'====== Args={'value': 1072, 'prev_value': None, 'change': True}
2024-09-04 19:45:42,376 : INFO : EventManager : Event: ======'machine_var_audits_switches_s_bottom_pop_bumper'====== Args={'value': 513, 'prev_value': None, 'change': True}
2024-09-04 19:45:42,376 : INFO : EventManager : Event: ======'machine_var_audits_switches_s_center_spinner'====== Args={'value': 351, 'prev_value': None, 'change': True}
2024-09-04 19:45:42,376 : INFO : EventManager : Event: ======'machine_var_audits_switches_s_e_target'====== Args={'value': 249, 'prev_value': None, 'change': True}
2024-09-04 19:45:42,376 : INFO : EventManager : Event: ======'machine_var_audits_switches_s_launch_button'====== Args={'value': 10, 'prev_value': None, 'change': True}
2024-09-04 19:45:42,376 : INFO : EventManager : Event: ======'machine_var_audits_switches_s_left_flipper'====== Args={'value': 656, 'prev_value': None, 'change': True}
2024-09-04 19:45:42,376 : INFO : EventManager : Event: ======'machine_var_audits_switches_s_left_inlane'====== Args={'value': 185, 'prev_value': None, 'change': True}
2024-09-04 19:45:42,377 : INFO : EventManager : Event: ======'machine_var_audits_switches_s_left_inner_horseshoe'====== Args={'value': 19, 'prev_value': None, 'change': True}
2024-09-04 19:45:42,377 : INFO : EventManager : Event: ======'machine_var_audits_switches_s_left_orbit_enter'====== Args={'value': 118, 'prev_value': None, 'change': True}
2024-09-04 19:45:42,377 : INFO : EventManager : Event: ======'machine_var_audits_switches_s_left_orbit_exit'====== Args={'value': 21, 'prev_value': None, 'change': True}
2024-09-04 19:45:42,377 : INFO : EventManager : Event: ======'machine_var_audits_switches_s_left_outlane'====== Args={'value': 206, 'prev_value': None, 'change': True}
2024-09-04 19:45:42,377 : INFO : EventManager : Event: ======'machine_var_audits_switches_s_left_pop_bumper'====== Args={'value': 9, 'prev_value': None, 'change': True}
2024-09-04 19:45:42,377 : INFO : EventManager : Event: ======'machine_var_audits_switches_s_left_ramp_enter'====== Args={'value': 30, 'prev_value': None, 'change': True}
2024-09-04 19:45:42,377 : INFO : EventManager : Event: ======'machine_var_audits_switches_s_left_ramp_exit'====== Args={'value': 37, 'prev_value': None, 'change': True}
2024-09-04 19:45:42,378 : INFO : EventManager : Event: ======'machine_var_audits_switches_s_left_ramp_standup'====== Args={'value': 1555, 'prev_value': None, 'change': True}
2024-09-04 19:45:42,378 : INFO : EventManager : Event: ======'machine_var_audits_switches_s_left_rollover_lane'====== Args={'value': 226, 'prev_value': None, 'change': True}
2024-09-04 19:45:42,378 : INFO : EventManager : Event: ======'machine_var_audits_switches_s_left_sling'====== Args={'value': 12, 'prev_value': None, 'change': True}
2024-09-04 19:45:42,378 : INFO : EventManager : Event: ======'machine_var_audits_switches_s_left_spinner'====== Args={'value': 275, 'prev_value': None, 'change': True}
2024-09-04 19:45:42,378 : INFO : EventManager : Event: ======'machine_var_audits_switches_s_middle_inline_drop'====== Args={'value': 1053, 'prev_value': None, 'change': True}
2024-09-04 19:45:42,378 : INFO : EventManager : Event: ======'machine_var_audits_switches_s_middle_rollover_lane'====== Args={'value': 214, 'prev_value': None, 'change': True}
2024-09-04 19:45:42,379 : INFO : EventManager : Event: ======'machine_var_audits_switches_s_n_target'====== Args={'value': 229, 'prev_value': None, 'change': True}
2024-09-04 19:45:42,379 : INFO : EventManager : Event: ======'machine_var_audits_switches_s_o_target'====== Args={'value': 539, 'prev_value': None, 'change': True}
2024-09-04 19:45:42,379 : INFO : EventManager : Event: ======'machine_var_audits_switches_s_p2_target'====== Args={'value': 305, 'prev_value': None, 'change': True}
2024-09-04 19:45:42,379 : INFO : EventManager : Event: ======'machine_var_audits_switches_s_p_target'====== Args={'value': 681, 'prev_value': None, 'change': True}
2024-09-04 19:45:42,380 : INFO : EventManager : Event: ======'machine_var_audits_switches_s_plunger'====== Args={'value': 1548, 'prev_value': None, 'change': True}
2024-09-04 19:45:42,380 : INFO : EventManager : Event: ======'machine_var_audits_switches_s_plunger_lane'====== Args={'value': 39, 'prev_value': None, 'change': True}
2024-09-04 19:45:42,380 : INFO : EventManager : Event: ======'machine_var_audits_switches_s_plunger_lane_exit'====== Args={'value': 1217, 'prev_value': None, 'change': True}
2024-09-04 19:45:42,380 : INFO : EventManager : Event: ======'machine_var_audits_switches_s_r_target'====== Args={'value': 542, 'prev_value': None, 'change': True}
2024-09-04 19:45:42,380 : INFO : EventManager : Event: ======'machine_var_audits_switches_s_right_flipper'====== Args={'value': 2246, 'prev_value': None, 'change': True}
2024-09-04 19:45:42,380 : INFO : EventManager : Event: ======'machine_var_audits_switches_s_right_inlane'====== Args={'value': 178, 'prev_value': None, 'change': True}
2024-09-04 19:45:42,381 : INFO : EventManager : Event: ======'machine_var_audits_switches_s_right_inner_horseshoe'====== Args={'value': 29, 'prev_value': None, 'change': True}
2024-09-04 19:45:42,381 : INFO : EventManager : Event: ======'machine_var_audits_switches_s_right_orbit_exit'====== Args={'value': 34, 'prev_value': None, 'change': True}
2024-09-04 19:45:42,381 : INFO : EventManager : Event: ======'machine_var_audits_switches_s_right_outlane'====== Args={'value': 183, 'prev_value': None, 'change': True}
2024-09-04 19:45:42,381 : INFO : EventManager : Event: ======'machine_var_audits_switches_s_right_pop_bumper'====== Args={'value': 25, 'prev_value': None, 'change': True}
2024-09-04 19:45:42,381 : INFO : EventManager : Event: ======'machine_var_audits_switches_s_right_ramp_enter'====== Args={'value': 16, 'prev_value': None, 'change': True}
2024-09-04 19:45:42,381 : INFO : EventManager : Event: ======'machine_var_audits_switches_s_right_ramp_exit'====== Args={'value': 26, 'prev_value': None, 'change': True}
2024-09-04 19:45:42,382 : INFO : EventManager : Event: ======'machine_var_audits_switches_s_right_ramp_standup'====== Args={'value': 314, 'prev_value': None, 'change': True}
2024-09-04 19:45:42,382 : INFO : EventManager : Event: ======'machine_var_audits_switches_s_right_rollover_lane'====== Args={'value': 229, 'prev_value': None, 'change': True}
2024-09-04 19:45:42,382 : INFO : EventManager : Event: ======'machine_var_audits_switches_s_right_sling'====== Args={'value': 15, 'prev_value': None, 'change': True}
2024-09-04 19:45:42,382 : INFO : EventManager : Event: ======'machine_var_audits_switches_s_scoop'====== Args={'value': 962, 'prev_value': None, 'change': True}
2024-09-04 19:45:42,382 : INFO : EventManager : Event: ======'machine_var_audits_switches_s_start'====== Args={'value': 825, 'prev_value': None, 'change': True}
2024-09-04 19:45:42,382 : INFO : EventManager : Event: ======'machine_var_audits_switches_s_top_inline_drop'====== Args={'value': 58, 'prev_value': None, 'change': True}
2024-09-04 19:45:42,383 : INFO : EventManager : Event: ======'machine_var_audits_switches_s_trough1'====== Args={'value': 557, 'prev_value': None, 'change': True}
2024-09-04 19:45:42,383 : INFO : EventManager : Event: ======'machine_var_audits_switches_s_trough2'====== Args={'value': 37, 'prev_value': None, 'change': True}
2024-09-04 19:45:42,383 : INFO : EventManager : Event: ======'machine_var_audits_switches_s_trough3'====== Args={'value': 22, 'prev_value': None, 'change': True}
2024-09-04 19:45:42,383 : INFO : EventManager : Event: ======'machine_var_audits_switches_s_trough4'====== Args={'value': 3, 'prev_value': None, 'change': True}
2024-09-04 19:45:42,383 : INFO : EventManager : Event: ======'machine_var_audits_switches_s_trough5'====== Args={'value': 2, 'prev_value': None, 'change': True}
2024-09-04 19:45:42,384 : INFO : EventManager : Event: ======'machine_var_audits_switches_s_trough6'====== Args={'value': 1, 'prev_value': None, 'change': True}
2024-09-04 19:45:42,384 : INFO : EventManager : Event: ======'machine_var_audits_switches_s_trough_jam'====== Args={'value': 5, 'prev_value': None, 'change': True}
2024-09-04 19:45:42,384 : INFO : EventManager : Event: ======'init_phase_5'====== Args={}
2024-09-04 19:45:42,386 : INFO : EventManager : Event: ======'init_done'====== Args={}
2024-09-04 19:45:42,387 : INFO : EventManager : Event: ======'machine_reset_phase_1'====== Args={}
2024-09-04 19:45:42,398 : INFO : EventManager : Event: ======'machine_reset_phase_2'====== Args={}
2024-09-04 19:45:42,398 : INFO : EventManager : Event: ======'machine_reset_phase_3'====== Args={}
2024-09-04 19:45:42,398 : INFO : drop_target_bank.strickland_bank : All targets are already up. Will not reset bank.
2024-09-04 19:45:42,398 : INFO : EventManager : Event: ======'reset_complete'====== Args={}
2024-09-04 19:45:42,398 : INFO : EventManager : Event: ======'mode_attract_will_start'====== Args={}
2024-09-04 19:45:42,398 : INFO : Timer.attract_switch : Starting Timer.
2024-09-04 19:45:42,398 : INFO : EventManager : Event: ======'timer_attract_switch_started'====== Args={'ticks': 0, 'ticks_remaining': 46}
2024-09-04 19:45:42,398 : INFO : EventManager : Event: ======'timer_attract_switch_tick'====== Args={'ticks': 0, 'ticks_remaining': 46}
2024-09-04 19:45:42,399 : INFO : EventManager : Event: ======'mode_attract_starting'====== Args={}
2024-09-04 19:45:42,399 : INFO : Mode.attract : Started. Priority: 10
2024-09-04 19:45:42,399 : INFO : EventManager : Event: ======'modes_active_modes_changed'====== Args={}
2024-09-04 19:45:42,399 : INFO : EventManager : Event: ======'mode_attract_started'====== Args={}
2024-09-04 19:45:42,399 : INFO : EventManager : Event: ======'collecting_balls_complete'====== Args={}
2024-09-04 19:45:42,399 : INFO : Machine : Starting the main run loop.
2024-09-04 19:45:42,713 : INFO : BcpServer : New client connected.
2024-09-04 19:45:43,135 : INFO : SwitchController : <<<<<<< 's_start' active >>>>>>>
2024-09-04 19:45:43,136 : INFO : EventManager : Event: ======'s_start_active'====== Args={}
2024-09-04 19:45:43,136 : INFO : EventManager : Event: ======'sw_add_player'====== Args={'priority': 0}
2024-09-04 19:45:43,207 : INFO : SwitchController : <<<<<<< 's_start' inactive >>>>>>>
2024-09-04 19:45:43,207 : INFO : EventManager : Event: ======'request_to_start_game'====== Args={}
2024-09-04 19:45:43,207 : INFO : EventManager : Event: ======'game_start'====== Args={'buttons': [], 'hold_time': 0.07070570799999998}
2024-09-04 19:45:43,208 : INFO : EventManager : Event: ======'mode_game_will_start'====== Args={'buttons': [], 'hold_time': 0.07070570799999998}
2024-09-04 19:45:43,208 : INFO : EventManager : Event: ======'mode_game_starting'====== Args={'buttons': [], 'hold_time': 0.07070570799999998}
2024-09-04 19:45:43,208 : INFO : EventManager : Event: ======'mode_attract_will_stop'====== Args={}
2024-09-04 19:45:43,208 : INFO : EventManager : Event: ======'mode_attract_stopping'====== Args={}
2024-09-04 19:45:43,209 : INFO : Mode.attract : Stopped.
2024-09-04 19:45:43,209 : INFO : EventManager : Event: ======'modes_active_modes_changed'====== Args={}
2024-09-04 19:45:43,210 : INFO : EventManager : Event: ======'mode_attract_stopped'====== Args={}
2024-09-04 19:45:43,210 : INFO : EventManager : Event: ======'clear'====== Args={'key': 'attract'}
2024-09-04 19:45:43,210 : INFO : Timer.attract_switch : Stopping Timer
2024-09-04 19:45:43,210 : INFO : EventManager : Event: ======'timer_attract_switch_stopped'====== Args={'ticks': 0, 'ticks_remaining': 46}
2024-09-04 19:45:43,210 : INFO : Mode.game : Started. Priority: 20
2024-09-04 19:45:43,211 : INFO : EventManager : Event: ======'modes_active_modes_changed'====== Args={}
2024-09-04 19:45:43,211 : INFO : EventManager : Event: ======'mode_game_started'====== Args={'buttons': [], 'hold_time': 0.07070570799999998}
2024-09-04 19:45:43,212 : INFO : EventManager : Event: ======'game_will_start'====== Args={}
2024-09-04 19:45:43,212 : INFO : EventManager : Event: ======'game_starting'====== Args={'game': <Mode.game>}
2024-09-04 19:45:43,213 : INFO : EventManager : Unordered handler for class <Auditor> on event game_ended with priority 1. Handlers: [RegisteredHandler(callback=<bound method Auditor.disable of <Auditor>>, priority=1, kwargs={}, key=UUID('d1ba091a-0212-4b5a-8f4a-803b6410e5a3'), condition=None, blocking_facility=None), RegisteredHandler(callback=<bound method Auditor._save_audits of <Auditor>>, priority=1, kwargs={}, key=UUID('7f9965a6-a60a-408f-8d8a-c1706d2ea1ed'), condition=None, blocking_facility=None)]. The order of those handlers is not defined and they will be executed in random order. This might lead to race conditions and potential bugs.
2024-09-04 19:45:43,213 : INFO : EventManager : Event: ======'player_add_request'====== Args={}
2024-09-04 19:45:43,213 : INFO : EventManager : Event: ======'player_will_add'====== Args={'number': 1}
2024-09-04 19:45:43,213 : INFO : EventManager : Event: ======'player_adding'====== Args={'player': <Player 1>, 'number': 1}
2024-09-04 19:45:43,214 : INFO : EventManager : Event: ======'player_added'====== Args={'player': <Player 1>, 'num': 1}
2024-09-04 19:45:43,214 : INFO : Mode.game : Player added successfully. Total players: 1
2024-09-04 19:45:43,214 : INFO : EventManager : Event: ======'player_index'====== Args={'value': 0, 'prev_value': 0, 'change': 0, 'player_num': 1}
2024-09-04 19:45:43,214 : INFO : EventManager : Event: ======'player_number'====== Args={'value': 1, 'prev_value': 1, 'change': 0, 'player_num': 1}
2024-09-04 19:45:43,215 : INFO : EventManager : Event: ======'player_score'====== Args={'value': 0, 'prev_value': 0, 'change': 0, 'player_num': 1}
2024-09-04 19:45:43,215 : INFO : EventManager : Event: ======'game_started'====== Args={}
2024-09-04 19:45:43,215 : INFO : EventManager : Event: ======'player_turn_will_start'====== Args={'player': <Player 1>, 'number': 1}
2024-09-04 19:45:43,216 : INFO : EventManager : Event: ======'player_turn_starting'====== Args={'player': <Player 1>, 'number': 1}
2024-09-04 19:45:43,216 : INFO : EventManager : Event: ======'player_ball'====== Args={'value': 1, 'prev_value': 0, 'change': 1, 'player_num': 1}
2024-09-04 19:45:43,216 : INFO : EventManager : Event: ======'player_turn_started'====== Args={'player': <Player 1>, 'number': 1}
2024-09-04 19:45:43,217 : INFO : EventManager : Event: ======'ball_will_start'====== Args={'player': 1, 'ball': 1, 'balls_remaining': 2, 'is_extra_ball': False}
2024-09-04 19:45:43,222 : INFO : EventManager : Event: ======'ball_starting'====== Args={'player': 1, 'ball': 1, 'balls_remaining': 2, 'is_extra_ball': False}
2024-09-04 19:45:43,223 : INFO : EventManager : Event: ======'mode_rainey_multiball_will_start'====== Args={'queue': <QueuedEvent>, 'player': 1, 'ball': 1, 'balls_remaining': 2, 'is_extra_ball': False}
2024-09-04 19:45:43,224 : INFO : EventManager : Event: ======'mode_rainey_multiball_starting'====== Args={'queue': <QueuedEvent>, 'player': 1, 'ball': 1, 'balls_remaining': 2, 'is_extra_ball': False}
2024-09-04 19:45:43,224 : INFO : EventManager : Event: ======'mode_skillshot_will_start'====== Args={'queue': <QueuedEvent>, 'player': 1, 'ball': 1, 'balls_remaining': 2, 'is_extra_ball': False}
2024-09-04 19:45:43,224 : INFO : EventManager : Event: ======'skillshot_complete'====== Args={'state': 'None'}
2024-09-04 19:45:43,224 : INFO : EventManager : Event: ======'skillshot_None_complete'====== Args={}
2024-09-04 19:45:43,225 : INFO : EventManager : Event: ======'player_shot_skillshot_p_target_enabled'====== Args={'value': True, 'prev_value': 0, 'change': 1, 'player_num': 1}
2024-09-04 19:45:43,225 : INFO : EventManager : Event: ======'player_shot_skillshot_r_target_enabled'====== Args={'value': True, 'prev_value': 0, 'change': 1, 'player_num': 1}
2024-09-04 19:45:43,225 : INFO : EventManager : Event: ======'player_shot_skillshot_o_target_enabled'====== Args={'value': True, 'prev_value': 0, 'change': 1, 'player_num': 1}
2024-09-04 19:45:43,226 : INFO : EventManager : Event: ======'player_shot_skillshot_p2_target_enabled'====== Args={'value': True, 'prev_value': 0, 'change': 1, 'player_num': 1}
2024-09-04 19:45:43,226 : INFO : EventManager : Event: ======'player_shot_skillshot_a_target_enabled'====== Args={'value': True, 'prev_value': 0, 'change': 1, 'player_num': 1}
2024-09-04 19:45:43,226 : INFO : EventManager : Event: ======'player_shot_skillshot_n_target_enabled'====== Args={'value': True, 'prev_value': 0, 'change': 1, 'player_num': 1}
2024-09-04 19:45:43,227 : INFO : EventManager : Event: ======'player_shot_skillshot_e_target_enabled'====== Args={'value': True, 'prev_value': 0, 'change': 1, 'player_num': 1}
2024-09-04 19:45:43,227 : INFO : EventManager : Event: ======'player_skillshot_skillshot_rotate_tick'====== Args={'value': 0, 'prev_value': 0, 'change': 0, 'player_num': 1}
2024-09-04 19:45:43,227 : INFO : Timer.skillshot_rotate : Starting Timer.
2024-09-04 19:45:43,227 : INFO : EventManager : Event: ======'timer_skillshot_rotate_started'====== Args={'ticks': 0, 'ticks_remaining': 0}
2024-09-04 19:45:43,227 : INFO : EventManager : Event: ======'timer_skillshot_rotate_tick'====== Args={'ticks': 0, 'ticks_remaining': 0}
2024-09-04 19:45:43,228 : INFO : EventManager : Event: ======'mode_skillshot_starting'====== Args={'queue': <QueuedEvent>, 'player': 1, 'ball': 1, 'balls_remaining': 2, 'is_extra_ball': False}
2024-09-04 19:45:43,229 : INFO : drop_target_bank.strickland_bank : All targets are already up. Will not reset bank.
2024-09-04 19:45:43,229 : INFO : EventManager : Event: ======'cmd_flippers_enable'====== Args={'priority': 0}
2024-09-04 19:45:43,229 : INFO : EventManager : Event: ======'cmd_autofire_coils_enable'====== Args={'priority': 0}
2024-09-04 19:45:43,229 : INFO : EventManager : Event: ======'cmd_drop_targets_reset'====== Args={'priority': 0}
2024-09-04 19:45:43,229 : INFO : EventManager : Event: ======'slide__removed'====== Args={'_from_bcp': True}
2024-09-04 19:45:43,229 : INFO : Mode.skillshot : Started. Priority: 200
2024-09-04 19:45:43,229 : INFO : EventManager : Event: ======'modes_active_modes_changed'====== Args={}
2024-09-04 19:45:43,229 : INFO : EventManager : Event: ======'mode_skillshot_started'====== Args={'queue': <QueuedEvent>, 'player': 1, 'ball': 1, 'balls_remaining': 2, 'is_extra_ball': False}
2024-09-04 19:45:43,230 : INFO : EventManager : Event: ======'player_shot_skillshot_p_target'====== Args={'value': 1, 'prev_value': 0, 'change': 1, 'player_num': 1}
2024-09-04 19:45:43,230 : INFO : EventManager : Event: ======'balls_in_play'====== Args={'balls': 1}
2024-09-04 19:45:43,230 : INFO : EventManager : Event: ======'ball_started'====== Args={'player': 1, 'ball': 1, 'balls_remaining': 2, 'is_extra_ball': False}
2024-09-04 19:45:43,231 : INFO : EventManager : Event: ======'logicblock_mb_counter_updated'====== Args={'value': 0, 'enabled': False}
2024-09-04 19:45:43,231 : INFO : Mode.rainey_multiball : Started. Priority: 250
2024-09-04 19:45:43,231 : INFO : EventManager : Event: ======'modes_active_modes_changed'====== Args={}
2024-09-04 19:45:43,231 : INFO : EventManager : Event: ======'mode_rainey_multiball_started'====== Args={'queue': <QueuedEvent>, 'player': 1, 'ball': 1, 'balls_remaining': 2, 'is_extra_ball': False}
2024-09-04 19:45:43,231 : INFO : EventManager : Event: ======'mode_extra_ball_will_start'====== Args={'player': 1, 'ball': 1, 'balls_remaining': 2, 'is_extra_ball': False}
2024-09-04 19:45:43,231 : INFO : EventManager : Event: ======'player_extra_ball_score_one_num_awarded'====== Args={'value': 0, 'prev_value': 0, 'change': 0, 'player_num': 1}
2024-09-04 19:45:43,231 : INFO : EventManager : Event: ======'player_extra_ball_score_two_num_awarded'====== Args={'value': 0, 'prev_value': 0, 'change': 0, 'player_num': 1}
2024-09-04 19:45:43,232 : INFO : EventManager : Event: ======'player_extra_ball_score_three_num_awarded'====== Args={'value': 0, 'prev_value': 0, 'change': 0, 'player_num': 1}
2024-09-04 19:45:43,232 : INFO : EventManager : Event: ======'mode_extra_ball_starting'====== Args={'player': 1, 'ball': 1, 'balls_remaining': 2, 'is_extra_ball': False}
2024-09-04 19:45:43,232 : INFO : EventManager : Event: ======'mode_hank_rollover_will_start'====== Args={'player': 1, 'ball': 1, 'balls_remaining': 2, 'is_extra_ball': False}
2024-09-04 19:45:43,232 : INFO : EventManager : Event: ======'player_shot_h_rollover_lane_enabled'====== Args={'value': True, 'prev_value': 0, 'change': 1, 'player_num': 1}
2024-09-04 19:45:43,233 : INFO : EventManager : Event: ======'player_shot_a_rollover_lane_enabled'====== Args={'value': True, 'prev_value': 0, 'change': 1, 'player_num': 1}
2024-09-04 19:45:43,233 : INFO : EventManager : Event: ======'player_shot_n_rollover_lane_enabled'====== Args={'value': True, 'prev_value': 0, 'change': 1, 'player_num': 1}
2024-09-04 19:45:43,233 : INFO : EventManager : Event: ======'player_shot_k_rollover_lane_enabled'====== Args={'value': True, 'prev_value': 0, 'change': 1, 'player_num': 1}
2024-09-04 19:45:43,234 : INFO : EventManager : Event: ======'hank_lanes_complete'====== Args={'state': 'unlit'}
2024-09-04 19:45:43,234 : INFO : EventManager : Event: ======'hank_lanes_unlit_complete'====== Args={}
2024-09-04 19:45:43,234 : INFO : EventManager : Event: ======'mode_hank_rollover_starting'====== Args={'player': 1, 'ball': 1, 'balls_remaining': 2, 'is_extra_ball': False}
2024-09-04 19:45:43,234 : INFO : EventManager : Event: ======'mode_BBQ_rollover_will_start'====== Args={'player': 1, 'ball': 1, 'balls_remaining': 2, 'is_extra_ball': False}
2024-09-04 19:45:43,234 : INFO : EventManager : Event: ======'player_shot_left_rollover_lane_enabled'====== Args={'value': True, 'prev_value': 0, 'change': 1, 'player_num': 1}
2024-09-04 19:45:43,235 : INFO : EventManager : Event: ======'player_shot_middle_rollover_lane_enabled'====== Args={'value': True, 'prev_value': 0, 'change': 1, 'player_num': 1}
2024-09-04 19:45:43,235 : INFO : EventManager : Event: ======'player_shot_right_rollover_lane_enabled'====== Args={'value': True, 'prev_value': 0, 'change': 1, 'player_num': 1}
2024-09-04 19:45:43,235 : INFO : EventManager : Event: ======'BBQ_lanes_complete'====== Args={'state': 'unlit'}
2024-09-04 19:45:43,235 : INFO : EventManager : Event: ======'BBQ_lanes_unlit_complete'====== Args={}
2024-09-04 19:45:43,236 : INFO : EventManager : Event: ======'mode_BBQ_rollover_starting'====== Args={'player': 1, 'ball': 1, 'balls_remaining': 2, 'is_extra_ball': False}
2024-09-04 19:45:43,236 : INFO : EventManager : Event: ======'mode_base_will_start'====== Args={'player': 1, 'ball': 1, 'balls_remaining': 2, 'is_extra_ball': False}
2024-09-04 19:45:43,237 : INFO : EventManager : Event: ======'player_shot_qualify_p_target_enabled'====== Args={'value': True, 'prev_value': 0, 'change': 1, 'player_num': 1}
2024-09-04 19:45:43,237 : INFO : EventManager : Event: ======'player_shot_qualify_r_target_enabled'====== Args={'value': True, 'prev_value': 0, 'change': 1, 'player_num': 1}
2024-09-04 19:45:43,237 : INFO : EventManager : Event: ======'player_shot_qualify_o_target_enabled'====== Args={'value': True, 'prev_value': 0, 'change': 1, 'player_num': 1}
2024-09-04 19:45:43,237 : INFO : EventManager : Event: ======'player_shot_mode_scoop_enabled'====== Args={'value': False, 'prev_value': 0, 'change': 0, 'player_num': 1}
2024-09-04 19:45:43,237 : INFO : EventManager : Event: ======'player_shot_rainey_multiball_ball_lock_p2_target_enabled'====== Args={'value': True, 'prev_value': 0, 'change': 1, 'player_num': 1}
2024-09-04 19:45:43,238 : INFO : EventManager : Event: ======'player_shot_rainey_multiball_ball_lock_a_target_enabled'====== Args={'value': True, 'prev_value': 0, 'change': 1, 'player_num': 1}
2024-09-04 19:45:43,238 : INFO : EventManager : Event: ======'player_shot_rainey_multiball_ball_lock_n_target_enabled'====== Args={'value': True, 'prev_value': 0, 'change': 1, 'player_num': 1}
2024-09-04 19:45:43,238 : INFO : EventManager : Event: ======'player_shot_rainey_multiball_ball_lock_e_target_enabled'====== Args={'value': True, 'prev_value': 0, 'change': 1, 'player_num': 1}
2024-09-04 19:45:43,238 : INFO : EventManager : Event: ======'player_shot_bottom_inline_drop_enabled'====== Args={'value': True, 'prev_value': 0, 'change': 1, 'player_num': 1}
2024-09-04 19:45:43,238 : INFO : EventManager : Event: ======'player_shot_middle_inline_drop_enabled'====== Args={'value': True, 'prev_value': 0, 'change': 1, 'player_num': 1}
2024-09-04 19:45:43,239 : INFO : EventManager : Event: ======'player_shot_top_inline_drop_enabled'====== Args={'value': True, 'prev_value': 0, 'change': 1, 'player_num': 1}
2024-09-04 19:45:43,239 : INFO : EventManager : Event: ======'qualify_mission_complete'====== Args={'state': 'unlit'}
2024-09-04 19:45:43,239 : INFO : EventManager : Event: ======'qualify_mission_unlit_complete'====== Args={}
2024-09-04 19:45:43,239 : INFO : EventManager : Event: ======'light_rainey_multiball_ball_lock_complete'====== Args={'state': 'unlit'}
2024-09-04 19:45:43,239 : INFO : EventManager : Event: ======'light_rainey_multiball_ball_lock_unlit_complete'====== Args={}
2024-09-04 19:45:43,240 : INFO : EventManager : Event: ======'strickland_drops_complete'====== Args={'state': 'unlit'}
2024-09-04 19:45:43,240 : INFO : EventManager : Event: ======'strickland_drops_unlit_complete'====== Args={}
2024-09-04 19:45:43,240 : INFO : EventManager : Event: ======'achievement_bill_bulk_and_the_body_buddies_changed_state'====== Args={'restore': False, 'state': 'enabled', 'selected': False}
2024-09-04 19:45:43,240 : INFO : EventManager : Event: ======'achievement_bill_bulk_and_the_body_buddies_state_enabled'====== Args={'restore': False, 'state': 'enabled', 'selected': False}
2024-09-04 19:45:43,244 : INFO : EventManager : Event: ======'mode_base_starting'====== Args={'player': 1, 'ball': 1, 'balls_remaining': 2, 'is_extra_ball': False}
2024-09-04 19:45:43,244 : INFO : EventManager : Event: ======'mode_strickland_multiball_will_start'====== Args={'state': 'unlit'}
2024-09-04 19:45:43,245 : INFO : EventManager : Event: ======'mode_strickland_multiball_starting'====== Args={'state': 'unlit'}
2024-09-04 19:45:43,245 : INFO : Mode.strickland_multiball : Started. Priority: 250
2024-09-04 19:45:43,245 : INFO : EventManager : Event: ======'modes_active_modes_changed'====== Args={}
2024-09-04 19:45:43,245 : INFO : EventManager : Event: ======'mode_strickland_multiball_started'====== Args={'state': 'unlit'}
2024-09-04 19:45:43,245 : INFO : Mode.extra_ball : Started. Priority: 900
2024-09-04 19:45:43,245 : INFO : EventManager : Event: ======'modes_active_modes_changed'====== Args={}
2024-09-04 19:45:43,245 : INFO : EventManager : Event: ======'mode_extra_ball_started'====== Args={'player': 1, 'ball': 1, 'balls_remaining': 2, 'is_extra_ball': False}
2024-09-04 19:45:43,246 : INFO : EventManager : Event: ======'logicblock_lb_hank_complete_count_updated'====== Args={'value': 1, 'enabled': True}
2024-09-04 19:45:43,246 : INFO : EventManager : Event: ======'logicblock_lb_hank_complete_count_updated'====== Args={'value': 1, 'enabled': True}
2024-09-04 19:45:43,246 : INFO : Mode.hank_rollover : Started. Priority: 200
2024-09-04 19:45:43,246 : INFO : EventManager : Event: ======'modes_active_modes_changed'====== Args={}
2024-09-04 19:45:43,246 : INFO : EventManager : Event: ======'mode_hank_rollover_started'====== Args={'player': 1, 'ball': 1, 'balls_remaining': 2, 'is_extra_ball': False}
2024-09-04 19:45:43,247 : INFO : EventManager : Event: ======'logicblock_lb_BBQ_complete_count_updated'====== Args={'value': 1, 'enabled': True}
2024-09-04 19:45:43,247 : INFO : EventManager : Event: ======'logicblock_lb_BBQ_complete_count_updated'====== Args={'value': 1, 'enabled': True}
2024-09-04 19:45:43,247 : INFO : Mode.BBQ_rollover : Started. Priority: 200
2024-09-04 19:45:43,247 : INFO : EventManager : Event: ======'modes_active_modes_changed'====== Args={}
2024-09-04 19:45:43,247 : INFO : EventManager : Event: ======'mode_BBQ_rollover_started'====== Args={'player': 1, 'ball': 1, 'balls_remaining': 2, 'is_extra_ball': False}
2024-09-04 19:45:43,247 : INFO : EventManager : Event: ======'player_bonus_multiplier'====== Args={'value': 1, 'prev_value': 0, 'change': 1, 'player_num': 1, 'source': 'BBQ_rollover'}
2024-09-04 19:45:43,247 : INFO : EventManager : Event: ======'logicblock_bill_mini_wizard_updated'====== Args={'value': [False, False], 'enabled': True}
2024-09-04 19:45:43,247 : INFO : EventManager : Event: ======'logicblock_dale_mini_wizard_updated'====== Args={'value': [False, False], 'enabled': True}
2024-09-04 19:45:43,247 : INFO : EventManager : Event: ======'logicblock_hank_mini_wizard_updated'====== Args={'value': [False, False], 'enabled': True}
2024-09-04 19:45:43,247 : INFO : EventManager : Event: ======'logicblock_boom_mini_wizard_updated'====== Args={'value': [False, False], 'enabled': True}
2024-09-04 19:45:43,248 : INFO : EventManager : Event: ======'logicblock_wizard_mode_updated'====== Args={'value': [False, False, False, False], 'enabled': True}
2024-09-04 19:45:43,248 : INFO : EventManager : Event: ======'logicblock_bill_mini_wizard_updated'====== Args={'value': [False, False], 'enabled': True}
2024-09-04 19:45:43,248 : INFO : EventManager : Event: ======'logicblock_dale_mini_wizard_updated'====== Args={'value': [False, False], 'enabled': True}
2024-09-04 19:45:43,248 : INFO : EventManager : Event: ======'logicblock_hank_mini_wizard_updated'====== Args={'value': [False, False], 'enabled': True}
2024-09-04 19:45:43,248 : INFO : EventManager : Event: ======'logicblock_boom_mini_wizard_updated'====== Args={'value': [False, False], 'enabled': True}
2024-09-04 19:45:43,248 : INFO : EventManager : Event: ======'logicblock_wizard_mode_updated'====== Args={'value': [False, False, False, False], 'enabled': True}
2024-09-04 19:45:43,248 : INFO : Mode.base : Started. Priority: 100
2024-09-04 19:45:43,248 : INFO : EventManager : Event: ======'modes_active_modes_changed'====== Args={}
2024-09-04 19:45:43,248 : INFO : EventManager : Event: ======'mode_base_started'====== Args={'player': 1, 'ball': 1, 'balls_remaining': 2, 'is_extra_ball': False}
2024-09-04 19:45:43,248 : INFO : EventManager : Event: ======'ball_save_default_enabled'====== Args={}
2024-09-04 19:45:43,248 : INFO : EventManager : Event: ======'single_player_ball_started'====== Args={}
2024-09-04 19:45:43,252 : INFO : EventManager : Event: ======'ball_start_target'====== Args={'target': 'playfield'}
2024-09-04 19:45:43,252 : INFO : ball_device.bd_plunger : Setting up player-controlled eject. Balls: 1, Target: <playfield.playfield>, player_controlled_eject_event: s_launch_button_inactive
2024-09-04 19:45:43,252 : INFO : EventManager : Event: ======'balldevice_balls_available'====== Args={}
2024-09-04 19:45:43,253 : INFO : ball_device.bd_trough : State: waiting_for_target_ready
2024-09-04 19:45:43,253 : INFO : EventManager : Event: ======'balldevice_bd_trough_ball_eject_attempt'====== Args={'balls': 1, 'target': <ball_device.bd_plunger>, 'source': <ball_device.bd_trough>, 'mechanical_eject': True, 'num_attempts': 0}
2024-09-04 19:45:43,253 : INFO : ball_device.bd_plunger : State: waiting_for_ball
2024-09-04 19:45:43,253 : INFO : ball_device.bd_trough : State: ejecting
2024-09-04 19:45:43,253 : INFO : ball_device.bd_trough : Ejecting ball to <ball_device.bd_plunger>
2024-09-04 19:45:43,253 : INFO : EventManager : Event: ======'balldevice_bd_trough_ejecting_ball'====== Args={'balls': 1, 'target': <ball_device.bd_plunger>, 'source': <ball_device.bd_trough>, 'mechanical_eject': True, 'num_attempts': 0}
2024-09-04 19:45:43,254 : INFO : ball_device.bd_trough : Wait for ball to leave device
2024-09-04 19:45:43,254 : INFO : coil.c_trough_eject : Pulsing Driver for 20ms (1.0 pulse_power)
2024-09-04 19:45:43,254 : INFO : SwitchController : <<<<<<< 's_trough1' inactive >>>>>>>
2024-09-04 19:45:43,254 : INFO : ball_device.bd_trough : State: ball_left
2024-09-04 19:45:43,254 : INFO : ball_device.bd_trough : Ball left
2024-09-04 19:45:43,254 : INFO : ball_device.bd_trough : Wait for confirm with timeout 3.0
2024-09-04 19:45:43,259 : INFO : EventManager : Event: ======'slide_arlen_intro_created'====== Args={'_from_bcp': True}
2024-09-04 19:45:43,259 : INFO : EventManager : Event: ======'slide_arlen_intro_active'====== Args={'original_context': 'skillshot', 'original_calling_context': 'mode_skillshot_started{ball==1}', 'priority': 200.0, 'queue': '<QueuedEvent>', 'player': 1.0, 'ball': 1.0, 'balls_remaining': 2.0, 'is_extra_ball': False, 'cmd': 'slides_play', '_from_bcp': True}
2024-09-04 19:45:43,267 : INFO : EventManager : Event: ======'slide_base_created'====== Args={'_from_bcp': True}
2024-09-04 19:45:43,321 : INFO : SwitchController : <<<<<<< 's_plunger' active >>>>>>>
2024-09-04 19:45:43,321 : INFO : EventManager : Event: ======'machine_var_audits_switches_s_plunger'====== Args={'value': 1549, 'prev_value': 1548, 'change': 1}
2024-09-04 19:45:43,388 : INFO : SwitchController : <<<<<<< 's_plunger' inactive >>>>>>>
2024-09-04 19:45:43,729 : INFO : EventManager : Event: ======'player_skillshot_skillshot_rotate_tick'====== Args={'value': 1, 'prev_value': 0, 'change': 1, 'player_num': 1}
2024-09-04 19:45:43,730 : INFO : EventManager : Event: ======'timer_skillshot_rotate_tick'====== Args={'ticks': 1, 'ticks_remaining': 0}
2024-09-04 19:45:43,731 : INFO : EventManager : Event: ======'player_shot_skillshot_p_target'====== Args={'value': 0, 'prev_value': 1, 'change': -1, 'player_num': 1}
2024-09-04 19:45:43,733 : INFO : EventManager : Event: ======'player_shot_skillshot_r_target'====== Args={'value': 1, 'prev_value': 0, 'change': 1, 'player_num': 1}
2024-09-04 19:45:44,228 : INFO : EventManager : Event: ======'player_skillshot_skillshot_rotate_tick'====== Args={'value': 2, 'prev_value': 1, 'change': 1, 'player_num': 1}
2024-09-04 19:45:44,229 : INFO : EventManager : Event: ======'timer_skillshot_rotate_tick'====== Args={'ticks': 2, 'ticks_remaining': 0}
2024-09-04 19:45:44,230 : INFO : EventManager : Event: ======'player_shot_skillshot_r_target'====== Args={'value': 0, 'prev_value': 1, 'change': -1, 'player_num': 1}
2024-09-04 19:45:44,231 : INFO : EventManager : Event: ======'player_shot_skillshot_o_target'====== Args={'value': 1, 'prev_value': 0, 'change': 1, 'player_num': 1}
2024-09-04 19:45:44,656 : INFO : SwitchController : <<<<<<< 's_plunger_lane_exit' active >>>>>>>
2024-09-04 19:45:44,656 : INFO : EventManager : Event: ======'s_plunger_lane_exit_active'====== Args={}
2024-09-04 19:45:44,656 : INFO : EventManager : Event: ======'sw_playfield_active'====== Args={}
2024-09-04 19:45:44,657 : INFO : EventManager : Event: ======'machine_var_audits_switches_s_plunger_lane_exit'====== Args={'value': 1218, 'prev_value': 1217, 'change': 1}
2024-09-04 19:45:44,658 : INFO : EventManager : Event: ======'ball_save_default_timer_start'====== Args={}
2024-09-04 19:45:44,658 : INFO : EventManager : Event: ======'playfield_active'====== Args={}
2024-09-04 19:45:44,658 : INFO : EventManager : Event: ======'unexpected_ball_on_playfield'====== Args={}
2024-09-04 19:45:44,659 : INFO : EventManager : Event: ======'ball_save_default_hurry_up'====== Args={}
2024-09-04 19:45:44,676 : INFO : SwitchController : <<<<<<< 's_plunger_lane_exit' inactive >>>>>>>
2024-09-04 19:45:44,676 : INFO : EventManager : Event: ======'s_plunger_lane_exit_inactive'====== Args={}
2024-09-04 19:45:44,676 : INFO : Timer.skillshot_rotate : Stopping Timer
2024-09-04 19:45:44,677 : INFO : EventManager : Event: ======'timer_skillshot_rotate_stopped'====== Args={'ticks': 2, 'ticks_remaining': 0}
2024-09-04 19:45:44,677 : INFO : EventManager : Event: ======'advance_skillshot_3'====== Args={'priority': 0}
2024-09-04 19:45:44,677 : INFO : EventManager : Event: ======'player_shot_skillshot_o_target'====== Args={'value': 2, 'prev_value': 1, 'change': 1, 'player_num': 1}
2024-09-04 19:45:45,531 : INFO : SwitchController : <<<<<<< 's_plunger_lane_exit' active >>>>>>>
2024-09-04 19:45:45,531 : INFO : EventManager : Event: ======'s_plunger_lane_exit_active'====== Args={}
2024-09-04 19:45:45,532 : INFO : EventManager : Event: ======'sw_playfield_active'====== Args={}
2024-09-04 19:45:45,532 : INFO : EventManager : Event: ======'machine_var_audits_switches_s_plunger_lane_exit'====== Args={'value': 1219, 'prev_value': 1218, 'change': 1}
2024-09-04 19:45:45,534 : INFO : EventManager : Event: ======'playfield_active'====== Args={}
2024-09-04 19:45:45,534 : INFO : EventManager : Event: ======'unexpected_ball_on_playfield'====== Args={}
2024-09-04 19:45:45,645 : INFO : SwitchController : <<<<<<< 's_plunger_lane_exit' inactive >>>>>>>
2024-09-04 19:45:45,645 : INFO : EventManager : Event: ======'s_plunger_lane_exit_inactive'====== Args={}
2024-09-04 19:45:45,645 : INFO : Timer.skillshot_rotate : Stopping Timer
2024-09-04 19:45:45,645 : INFO : EventManager : Event: ======'timer_skillshot_rotate_stopped'====== Args={'ticks': 2, 'ticks_remaining': 0}
2024-09-04 19:45:46,256 : INFO : ball_device.bd_trough : State: failed_confirm
2024-09-04 19:45:46,256 : INFO : ball_device.bd_trough : Got timeout (3.0s) before confirm from <ball_device.bd_plunger>
2024-09-04 19:45:46,257 : INFO : ball_device.bd_plunger : Expecting incoming ball which may skip the device.
2024-09-04 19:45:46,257 : INFO : EventManager : Event: ======'balldevice_bd_plunger_ejecting_ball'====== Args={'balls': 1, 'target': <playfield.playfield>, 'source': <ball_device.bd_plunger>, 'mechanical_eject': False, 'num_attempts': 1}
2024-09-04 19:45:46,660 : INFO : EventManager : Event: ======'ball_save_default_grace_period'====== Args={}
2024-09-04 19:45:47,660 : INFO : EventManager : Event: ======'stop_mode_skillshot'====== Args={'priority': 0}
2024-09-04 19:45:47,660 : INFO : EventManager : Event: ======'mode_skillshot_will_stop'====== Args={}
2024-09-04 19:45:47,660 : INFO : EventManager : Event: ======'mode_skillshot_stopping'====== Args={}
2024-09-04 19:45:47,661 : INFO : Mode.skillshot : Stopped.
2024-09-04 19:45:47,661 : INFO : EventManager : Event: ======'modes_active_modes_changed'====== Args={}
2024-09-04 19:45:47,661 : INFO : EventManager : Event: ======'mode_skillshot_stopped'====== Args={}
2024-09-04 19:45:47,662 : INFO : EventManager : Event: ======'clear'====== Args={'key': 'skillshot'}
2024-09-04 19:45:47,663 : INFO : Timer.skillshot_rotate : Stopping Timer
2024-09-04 19:45:47,663 : INFO : EventManager : Event: ======'timer_skillshot_rotate_stopped'====== Args={'ticks': 2, 'ticks_remaining': 0}
2024-09-04 19:45:47,670 : INFO : EventManager : Event: ======'slide_arlen_intro_inactive'====== Args={'is_removing': True, '_from_bcp': True}
2024-09-04 19:45:47,670 : INFO : EventManager : Event: ======'slide_base_active'====== Args={'_from_bcp': True}
2024-09-04 19:45:47,938 : INFO : SwitchController : <<<<<<< 's_a_target' active >>>>>>>
2024-09-04 19:45:47,938 : INFO : EventManager : Event: ======'playfield_active'====== Args={}
2024-09-04 19:45:47,939 : INFO : EventManager : Event: ======'playfield_active'====== Args={}
2024-09-04 19:45:47,939 : INFO : EventManager : Event: ======'s_a_target_active'====== Args={}
2024-09-04 19:45:47,939 : INFO : EventManager : Event: ======'machine_var_audits_switches_s_a_target'====== Args={'value': 260, 'prev_value': 259, 'change': 1}
2024-09-04 19:45:47,941 : INFO : EventManager : Event: ======'player_shot_rainey_multiball_ball_lock_a_target'====== Args={'value': 1, 'prev_value': 0, 'change': 1, 'player_num': 1}
2024-09-04 19:45:47,942 : INFO : EventManager : Event: ======'machine_var_audits_shots_rainey_multiball_ball_lock_a_target'====== Args={'value': 132, 'prev_value': 131, 'change': 1}
2024-09-04 19:45:47,943 : INFO : EventManager : Event: ======'rainey_multiball_ball_lock_a_target_hit'====== Args={'profile': 'rainey_multiball_ball_lock', 'state': 'unlit', 'advancing': True}
2024-09-04 19:45:47,944 : INFO : EventManager : Event: ======'rainey_multiball_ball_lock_a_target_rainey_multiball_ball_lock_hit'====== Args={'profile': 'rainey_multiball_ball_lock', 'state': 'unlit', 'advancing': True}
2024-09-04 19:45:47,949 : INFO : EventManager : Event: ======'rainey_multiball_ball_lock_a_target_rainey_multiball_ball_lock_unlit_hit'====== Args={'profile': 'rainey_multiball_ball_lock', 'state': 'unlit', 'advancing': True}
2024-09-04 19:45:47,949 : INFO : EventManager : Event: ======'rainey_multiball_ball_lock_a_target_unlit_hit'====== Args={'profile': 'rainey_multiball_ball_lock', 'state': 'unlit', 'advancing': True}
2024-09-04 19:45:47,950 : INFO : EventManager : Event: ======'player_score'====== Args={'value': 50, 'prev_value': 0, 'change': 50, 'player_num': 1, 'source': 'base'}
2024-09-04 19:45:47,952 : INFO : EventManager : Event: ======'light_rainey_multiball_ball_lock_hit'====== Args={'shot': 'rainey_multiball_ball_lock_a_target'}
2024-09-04 19:45:47,953 : INFO : EventManager : Event: ======'light_rainey_multiball_ball_lock_unlit_hit'====== Args={'shot': 'rainey_multiball_ball_lock_a_target'}
2024-09-04 19:45:48,027 : INFO : SwitchController : <<<<<<< 's_a_target' inactive >>>>>>>
2024-09-04 19:45:48,440 : INFO : EventManager : Event: ======'slide_arlen_intro_removed'====== Args={'_from_bcp': True}
2024-09-04 19:45:48,535 : INFO : EventManager : Event: ======'stop_mode_skillshot'====== Args={'priority': 0}
2024-09-04 19:45:48,659 : INFO : EventManager : Event: ======'ball_save_default_disabled'====== Args={}
2024-09-04 19:45:49,258 : INFO : ball_device.bd_plunger : Got confirm for skipping ball.
2024-09-04 19:45:49,259 : INFO : ball_device.bd_plunger : Eject successful
2024-09-04 19:45:49,259 : INFO : EventManager : Event: ======'balldevice_bd_plunger_ball_eject_success'====== Args={'balls': 1, 'target': <playfield.playfield>}
2024-09-04 19:45:49,259 : INFO : EventManager : Event: ======'balldevice_playfield_ball_enter'====== Args={'new_balls': 1, 'unclaimed_balls': 1, 'device': <playfield.playfield>}
2024-09-04 19:45:49,260 : INFO : EventManager : Event: ======'playfield_ball_count_change'====== Args={'balls': 1, 'change': 1}
2024-09-04 19:45:49,261 : INFO : ball_device.bd_plunger : State: idle
2024-09-04 19:45:49,261 : INFO : ball_device.bd_trough : Eject successful
2024-09-04 19:45:49,261 : INFO : EventManager : Event: ======'balldevice_bd_trough_ball_eject_success'====== Args={'balls': 1, 'target': <ball_device.bd_plunger>}
2024-09-04 19:45:49,262 : INFO : EventManager : Event: ======'balldevice_bd_trough_ball_count_changed'====== Args={'balls': 5}
2024-09-04 19:45:49,262 : INFO : ball_device.bd_trough : State: idle
2024-09-04 19:47:12,428 : INFO : Machine : Shutting down...
2024-09-04 19:47:12,429 : INFO : EventManager : Event: ======'shutdown'====== Args={}
2024-09-04 19:47:12,431 : INFO : EventManager : Event: ======'mode_game_will_stop'====== Args={}
2024-09-04 19:47:12,431 : INFO : EventManager : Event: ======'mode_game_stopping'====== Args={}
2024-09-04 19:47:12,431 : INFO : EventManager : Event: ======'mode_hank_rollover_will_stop'====== Args={}
2024-09-04 19:47:12,431 : INFO : EventManager : Event: ======'mode_hank_rollover_stopping'====== Args={}
2024-09-04 19:47:12,431 : INFO : EventManager : Event: ======'mode_base_will_stop'====== Args={}
2024-09-04 19:47:12,431 : INFO : EventManager : Event: ======'mode_base_stopping'====== Args={}
2024-09-04 19:47:12,431 : INFO : EventManager : Event: ======'mode_rainey_multiball_will_stop'====== Args={}
2024-09-04 19:47:12,431 : INFO : EventManager : Event: ======'mode_rainey_multiball_stopping'====== Args={}
2024-09-04 19:47:12,431 : INFO : EventManager : Event: ======'mode_extra_ball_will_stop'====== Args={}
2024-09-04 19:47:12,431 : INFO : EventManager : Event: ======'mode_extra_ball_stopping'====== Args={}
2024-09-04 19:47:12,431 : INFO : EventManager : Event: ======'mode_strickland_multiball_will_stop'====== Args={}
2024-09-04 19:47:12,432 : INFO : EventManager : Event: ======'mode_strickland_multiball_stopping'====== Args={}
2024-09-04 19:47:12,432 : INFO : EventManager : Event: ======'mode_BBQ_rollover_will_stop'====== Args={}
2024-09-04 19:47:12,432 : INFO : EventManager : Event: ======'mode_BBQ_rollover_stopping'====== Args={}
2024-09-04 19:47:12,432 : INFO : Mode.BBQ_rollover : Stopped.
2024-09-04 19:47:12,432 : INFO : EventManager : Event: ======'modes_active_modes_changed'====== Args={}
2024-09-04 19:47:12,432 : INFO : EventManager : Event: ======'mode_BBQ_rollover_stopped'====== Args={}
2024-09-04 19:47:12,432 : INFO : EventManager : Event: ======'clear'====== Args={'key': 'BBQ_rollover'}
2024-09-04 19:47:12,432 : INFO : Mode.strickland_multiball : Stopped.
2024-09-04 19:47:12,432 : INFO : EventManager : Event: ======'modes_active_modes_changed'====== Args={}
2024-09-04 19:47:12,433 : INFO : EventManager : Event: ======'mode_strickland_multiball_stopped'====== Args={}
2024-09-04 19:47:12,433 : INFO : EventManager : Event: ======'clear'====== Args={'key': 'strickland_multiball'}
2024-09-04 19:47:12,433 : INFO : Mode.extra_ball : Stopped.
2024-09-04 19:47:12,433 : INFO : EventManager : Event: ======'modes_active_modes_changed'====== Args={}
2024-09-04 19:47:12,433 : INFO : EventManager : Event: ======'mode_extra_ball_stopped'====== Args={}
2024-09-04 19:47:12,433 : INFO : EventManager : Event: ======'clear'====== Args={'key': 'extra_ball'}
2024-09-04 19:47:12,433 : INFO : Mode.rainey_multiball : Stopped.
2024-09-04 19:47:12,433 : INFO : EventManager : Event: ======'modes_active_modes_changed'====== Args={}
2024-09-04 19:47:12,433 : INFO : EventManager : Event: ======'mode_rainey_multiball_stopped'====== Args={}
2024-09-04 19:47:12,433 : INFO : EventManager : Event: ======'clear'====== Args={'key': 'rainey_multiball'}
2024-09-04 19:47:12,433 : INFO : Mode.base : Stopped.
2024-09-04 19:47:12,433 : INFO : EventManager : Event: ======'modes_active_modes_changed'====== Args={}
2024-09-04 19:47:12,433 : INFO : EventManager : Event: ======'mode_base_stopped'====== Args={}
2024-09-04 19:47:12,433 : INFO : EventManager : Event: ======'clear'====== Args={'key': 'base'}
2024-09-04 19:47:12,434 : INFO : Mode.hank_rollover : Stopped.
2024-09-04 19:47:12,434 : INFO : EventManager : Event: ======'modes_active_modes_changed'====== Args={}
2024-09-04 19:47:12,434 : INFO : EventManager : Event: ======'mode_hank_rollover_stopped'====== Args={}
2024-09-04 19:47:12,434 : INFO : EventManager : Event: ======'clear'====== Args={'key': 'hank_rollover'}
2024-09-04 19:47:12,434 : INFO : Mode.game : Stopped.
2024-09-04 19:47:12,434 : INFO : EventManager : Event: ======'modes_active_modes_changed'====== Args={}
2024-09-04 19:47:12,434 : INFO : EventManager : Event: ======'mode_game_stopped'====== Args={}
2024-09-04 19:47:12,435 : INFO : EventManager : Event: ======'clear'====== Args={'key': 'game'}
2024-09-04 19:47:12,445 : INFO : root : MPF run loop ended.
