2024-07-16 21:01:18,229 : INFO : root : Loading config.
2024-07-16 21:01:18,230 : INFO : YamlMultifileConfigLoader : Machine config file #1: config.yaml
2024-07-16 21:01:18,230 : INFO : ConfigProcessor : Loading config from cache: /var/folders/sv/d29kcl5x50v7vt1n6xb5jsd40000gn/T/c166cef8060ffee16a35821bf698da85.mpf_cache
2024-07-16 21:01:18,264 : INFO : ConfigProcessor : Loading config from cache: /var/folders/sv/d29kcl5x50v7vt1n6xb5jsd40000gn/T/6b31c5ac6ecbad948994a8204ea6b05b.mpf_cache
2024-07-16 21:01:18,265 : INFO : ConfigProcessor : Loading config from cache: /var/folders/sv/d29kcl5x50v7vt1n6xb5jsd40000gn/T/fe612d1e66c8a96c19ba449d3748eeac.mpf_cache
2024-07-16 21:01:18,265 : INFO : ConfigProcessor : Loading config from cache: /var/folders/sv/d29kcl5x50v7vt1n6xb5jsd40000gn/T/6b31c5ac6ecbad948994a8204ea6b05b.mpf_cache
2024-07-16 21:01:18,265 : INFO : ConfigProcessor : Loading config from cache: /var/folders/sv/d29kcl5x50v7vt1n6xb5jsd40000gn/T/8765227693ecd961e0504502a81255e0.mpf_cache
2024-07-16 21:01:18,265 : INFO : ConfigProcessor : Loading config from cache: /var/folders/sv/d29kcl5x50v7vt1n6xb5jsd40000gn/T/b247728c74b4d81bcb2825e2b07062a7.mpf_cache
2024-07-16 21:01:18,266 : INFO : ConfigProcessor : Loading config from cache: /var/folders/sv/d29kcl5x50v7vt1n6xb5jsd40000gn/T/f240f94f0b5d0f37ec4fd7571275a101.mpf_cache
2024-07-16 21:01:18,266 : INFO : ConfigProcessor : Loading config from cache: /var/folders/sv/d29kcl5x50v7vt1n6xb5jsd40000gn/T/c4409acfdf3ec94666e0adef48d55400.mpf_cache
2024-07-16 21:01:18,266 : INFO : ConfigProcessor : Loading config from cache: /var/folders/sv/d29kcl5x50v7vt1n6xb5jsd40000gn/T/6a2f50ed892485825cc04dc0a68eab9f.mpf_cache
2024-07-16 21:01:18,266 : INFO : ConfigProcessor : Loading config from cache: /var/folders/sv/d29kcl5x50v7vt1n6xb5jsd40000gn/T/d58c58eb9fd1a2dc27f8acd255fb3761.mpf_cache
2024-07-16 21:01:18,267 : INFO : ConfigProcessor : Loading config from cache: /var/folders/sv/d29kcl5x50v7vt1n6xb5jsd40000gn/T/07adfd310b3ef0e03c5cbc91527abb6c.mpf_cache
2024-07-16 21:01:18,267 : INFO : ConfigProcessor : Loading config from cache: /var/folders/sv/d29kcl5x50v7vt1n6xb5jsd40000gn/T/362e08f51a1a1b7a0809dd52f9c83f83.mpf_cache
2024-07-16 21:01:18,267 : INFO : ConfigProcessor : Loading config from cache: /var/folders/sv/d29kcl5x50v7vt1n6xb5jsd40000gn/T/e45e3bd39557ed8d0881194a7afab8f7.mpf_cache
2024-07-16 21:01:18,267 : INFO : ConfigProcessor : Loading config from cache: /var/folders/sv/d29kcl5x50v7vt1n6xb5jsd40000gn/T/331d8d1a1bc190cae8c13495e1db372f.mpf_cache
2024-07-16 21:01:18,267 : INFO : ConfigProcessor : Loading config from cache: /var/folders/sv/d29kcl5x50v7vt1n6xb5jsd40000gn/T/34853b7ed6df3aedbba239874ade5ac8.mpf_cache
2024-07-16 21:01:18,267 : INFO : ConfigProcessor : Loading config from cache: /var/folders/sv/d29kcl5x50v7vt1n6xb5jsd40000gn/T/280fd64455d0d243a54ab4db98fbccbd.mpf_cache
2024-07-16 21:01:18,268 : WARNING : ConfigProcessor : Config file in cache changed: /Users/nicktaseris/Desktop/Pinball/KOTH/modes/mission_select/config/mission_select.yaml
2024-07-16 21:01:18,268 : INFO : ConfigProcessor : Loading config from file /Users/nicktaseris/Desktop/Pinball/KOTH/modes/mission_select/config/mission_select.yaml.
2024-07-16 21:01:18,269 : INFO : ConfigProcessor : Loading config: /Users/nicktaseris/Desktop/Pinball/KOTH/modes/mission_select/config/mission_select.yaml
2024-07-16 21:01:18,270 : INFO : ConfigProcessor : Config file cache created: /var/folders/sv/d29kcl5x50v7vt1n6xb5jsd40000gn/T/0c0596ed8fbb40b6113901d21bdc0a39.mpf_cache
2024-07-16 21:01:18,270 : INFO : ConfigProcessor : Loading config from cache: /var/folders/sv/d29kcl5x50v7vt1n6xb5jsd40000gn/T/2982e2d98506102244e9fa0f437a9fca.mpf_cache
2024-07-16 21:01:18,270 : INFO : ConfigProcessor : Loading config from cache: /var/folders/sv/d29kcl5x50v7vt1n6xb5jsd40000gn/T/3048ed2d7ea14eee3db896f6760aa474.mpf_cache
2024-07-16 21:01:18,271 : INFO : Machine : Mission Pinball Framework Core Engine v0.80.0.dev1
2024-07-16 21:01:18,271 : INFO : Machine : Command line arguments: {'no_load_cache': False, 'create_config_cache': True, 'bcp': True, 'configfile': ['config.yaml'], 'force_assets_load': False, 'platform_integration_test': False, 'jsonlogging': False, 'logfile': 'logs/2024-07-16-21-01-18-mpf-Nicks-Air.lan.log', 'pause': False, 'production': False, 'text_ui': True, 'loglevel': 15, 'consoleloglevel': 20, 'force_platform': None, 'syslog_address': None, 'mc_file_name': None, 'no_sound': False, 'full_logfile_path': '/Users/nicktaseris/Desktop/Pinball/KOTH/logs/2024-07-16-21-01-18-mpf-Nicks-Air.lan.log'}
2024-07-16 21:01:18,271 : INFO : Machine : MPF path: /Users/nicktaseris/mpfenv/lib/python3.9/site-packages/mpf
2024-07-16 21:01:18,271 : INFO : Machine : Machine path: /Users/nicktaseris/Desktop/Pinball/KOTH
2024-07-16 21:01:18,271 : INFO : Machine : Platform: darwin
2024-07-16 21:01:18,271 : INFO : Machine : Python executable location: /Users/nicktaseris/mpfenv/bin/python3
2024-07-16 21:01:18,271 : INFO : Machine : Python version: 3.9.13 (64-bit)
2024-07-16 21:01:18,271 : INFO : Machine : Initializing MPF...
2024-07-16 21:01:18,299 : INFO : EventManager : Event: ======'machine_var_credits_string'====== Args={'value': 'FREE PLAY', 'prev_value': None, 'change': True}
2024-07-16 21:01:18,305 : INFO : EventManager : Event: ======'machine_var_master_volume'====== Args={'value': 0.5, 'prev_value': None, 'change': True}
2024-07-16 21:01:18,305 : INFO : EventManager : Event: ======'machine_var_player1_score'====== Args={'value': 175300, 'prev_value': None, 'change': True}
2024-07-16 21:01:18,305 : INFO : EventManager : Event: ======'machine_var_mpf_version'====== Args={'value': 'Mission Pinball Framework v0.80.0.dev1', 'prev_value': None, 'change': True}
2024-07-16 21:01:18,305 : INFO : EventManager : Event: ======'machine_var_mpf_extended_version'====== Args={'value': 'Mission Pinball Framework v0.80.0.dev1, Config version:6, Show version: 6, BCP version:1.1', 'prev_value': None, 'change': True}
2024-07-16 21:01:18,305 : INFO : EventManager : Event: ======'machine_var_python_version'====== Args={'value': '3.9.13', 'prev_value': None, 'change': True}
2024-07-16 21:01:18,315 : INFO : EventManager : Event: ======'machine_var_platform'====== Args={'value': 'macOS-12.1-arm64-arm-64bit', 'prev_value': None, 'change': True}
2024-07-16 21:01:18,315 : INFO : EventManager : Event: ======'machine_var_platform_system'====== Args={'value': 'Darwin', 'prev_value': None, 'change': True}
2024-07-16 21:01:18,315 : INFO : EventManager : Event: ======'machine_var_platform_release'====== Args={'value': '21.2.0', 'prev_value': None, 'change': True}
2024-07-16 21:01:18,315 : INFO : EventManager : Event: ======'machine_var_platform_version'====== Args={'value': 'Darwin Kernel Version 21.2.0: Sun Nov 28 20:29:10 PST 2021; root:xnu-8019.61.5~1/RELEASE_ARM64_T8101', 'prev_value': None, 'change': True}
2024-07-16 21:01:18,315 : INFO : EventManager : Event: ======'machine_var_platform_machine'====== Args={'value': 'arm64', 'prev_value': None, 'change': True}
2024-07-16 21:01:18,315 : INFO : EventManager : Event: ======'machine_var_log_file_path'====== Args={'value': '/Users/nicktaseris/Desktop/Pinball/KOTH/logs/2024-07-16-21-01-18-mpf-Nicks-Air.lan.log', 'prev_value': None, 'change': True}
2024-07-16 21:01:18,315 : INFO : EventManager : Event: ======'init_phase_1'====== Args={}
2024-07-16 21:01:18,339 : INFO : EventManager : Event: ======'drop_target_bank_strickland_bank_up'====== Args={}
2024-07-16 21:01:18,340 : INFO : EventManager : Event: ======'init_phase_2'====== Args={}
2024-07-16 21:01:18,340 : INFO : SwitchController : Found active switch: ('39', <Platform.SmartVirtual>) <switch.s_trough1>
2024-07-16 21:01:18,340 : INFO : SwitchController : Found active switch: ('40', <Platform.SmartVirtual>) <switch.s_trough2>
2024-07-16 21:01:18,340 : INFO : SwitchController : Found active switch: ('41', <Platform.SmartVirtual>) <switch.s_trough3>
2024-07-16 21:01:18,340 : INFO : SwitchController : Found active switch: ('42', <Platform.SmartVirtual>) <switch.s_trough4>
2024-07-16 21:01:18,340 : INFO : SwitchController : Found active switch: ('43', <Platform.SmartVirtual>) <switch.s_trough5>
2024-07-16 21:01:18,340 : INFO : SwitchController : Found active switch: ('44', <Platform.SmartVirtual>) <switch.s_trough6>
2024-07-16 21:01:18,344 : INFO : EventManager : Event: ======'machine_var_score1_label'====== Args={'value': 'GRAND CHAMPION', 'prev_value': None, 'change': True}
2024-07-16 21:01:18,344 : INFO : EventManager : Event: ======'machine_var_score1_name'====== Args={'value': 'BRI', 'prev_value': None, 'change': True}
2024-07-16 21:01:18,344 : INFO : EventManager : Event: ======'machine_var_score1_value'====== Args={'value': 4242, 'prev_value': None, 'change': True}
2024-07-16 21:01:18,344 : INFO : EventManager : Event: ======'machine_var_score2_label'====== Args={'value': 'HIGH SCORE 1', 'prev_value': None, 'change': True}
2024-07-16 21:01:18,344 : INFO : EventManager : Event: ======'machine_var_score2_name'====== Args={'value': 'GHK', 'prev_value': None, 'change': True}
2024-07-16 21:01:18,344 : INFO : EventManager : Event: ======'machine_var_score2_value'====== Args={'value': 2323, 'prev_value': None, 'change': True}
2024-07-16 21:01:18,344 : INFO : EventManager : Event: ======'machine_var_score3_label'====== Args={'value': 'HIGH SCORE 2', 'prev_value': None, 'change': True}
2024-07-16 21:01:18,344 : INFO : EventManager : Event: ======'machine_var_score3_name'====== Args={'value': 'JK', 'prev_value': None, 'change': True}
2024-07-16 21:01:18,344 : INFO : EventManager : Event: ======'machine_var_score3_value'====== Args={'value': 1337, 'prev_value': None, 'change': True}
2024-07-16 21:01:18,344 : INFO : EventManager : Event: ======'machine_var_score4_label'====== Args={'value': 'HIGH SCORE 3', 'prev_value': None, 'change': True}
2024-07-16 21:01:18,344 : INFO : EventManager : Event: ======'machine_var_score4_name'====== Args={'value': 'QC', 'prev_value': None, 'change': True}
2024-07-16 21:01:18,344 : INFO : EventManager : Event: ======'machine_var_score4_value'====== Args={'value': 42, 'prev_value': None, 'change': True}
2024-07-16 21:01:18,344 : INFO : EventManager : Event: ======'machine_var_score5_label'====== Args={'value': 'HIGH SCORE 4', 'prev_value': None, 'change': True}
2024-07-16 21:01:18,344 : INFO : EventManager : Event: ======'machine_var_score5_name'====== Args={'value': 'MPF', 'prev_value': None, 'change': True}
2024-07-16 21:01:18,344 : INFO : EventManager : Event: ======'machine_var_score5_value'====== Args={'value': 23, 'prev_value': None, 'change': True}
2024-07-16 21:01:18,345 : INFO : EventManager : Event: ======'bcp_connection_attempt'====== Args={'name': 'local_display', 'host': 'localhost', 'port': 5050}
2024-07-16 21:01:18,345 : INFO : BCPClientSocket : Connecting BCP to 'local_display' at localhost:5050...
2024-07-16 21:01:18,348 : INFO : BCPClientSocket : Connected BCP to 'local_display' localhost:5050
2024-07-16 21:01:18,348 : INFO : EventManager : Event: ======'bcp_clients_connected'====== Args={}
2024-07-16 21:01:18,349 : INFO : ball_device.bd_trough : BCH: Initial count: 6
2024-07-16 21:01:18,349 : INFO : ball_device.bd_trough : State: idle
2024-07-16 21:01:18,349 : INFO : ball_device.bd_plunger : BCH: Initial count: 0
2024-07-16 21:01:18,350 : INFO : ball_device.bd_plunger : State: idle
2024-07-16 21:01:18,350 : INFO : ball_device.bd_scoop : BCH: Initial count: 0
2024-07-16 21:01:18,350 : INFO : ball_device.bd_scoop : State: idle
2024-07-16 21:01:18,354 : INFO : EventManager : Event: ======'init_phase_3'====== Args={}
2024-07-16 21:01:18,359 : INFO : EventManager : Event: ======'init_phase_4'====== Args={}
2024-07-16 21:01:18,359 : INFO : BallController : Initial balls found: 6
2024-07-16 21:01:18,360 : INFO : EventManager : Event: ======'machine_var_audits_events_game_ended'====== Args={'value': 4, 'prev_value': None, 'change': True}
2024-07-16 21:01:18,360 : INFO : EventManager : Event: ======'machine_var_audits_events_game_started'====== Args={'value': 385, 'prev_value': None, 'change': True}
2024-07-16 21:01:18,360 : INFO : EventManager : Event: ======'machine_var_audits_missing_switches_s_a_target'====== Args={'value': 1, 'prev_value': None, 'change': True}
2024-07-16 21:01:18,360 : INFO : EventManager : Event: ======'machine_var_audits_missing_switches_s_bottom_inline_drop'====== Args={'value': 4, 'prev_value': None, 'change': True}
2024-07-16 21:01:18,360 : INFO : EventManager : Event: ======'machine_var_audits_missing_switches_s_bottom_pop_bumper'====== Args={'value': 67, 'prev_value': None, 'change': True}
2024-07-16 21:01:18,360 : INFO : EventManager : Event: ======'machine_var_audits_missing_switches_s_center_spinner'====== Args={'value': 132, 'prev_value': None, 'change': True}
2024-07-16 21:01:18,360 : INFO : EventManager : Event: ======'machine_var_audits_missing_switches_s_left_flipper'====== Args={'value': 10, 'prev_value': None, 'change': True}
2024-07-16 21:01:18,360 : INFO : EventManager : Event: ======'machine_var_audits_missing_switches_s_left_inlane'====== Args={'value': 19, 'prev_value': None, 'change': True}
2024-07-16 21:01:18,360 : INFO : EventManager : Event: ======'machine_var_audits_missing_switches_s_left_inner_horseshoe'====== Args={'value': 19, 'prev_value': None, 'change': True}
2024-07-16 21:01:18,360 : INFO : EventManager : Event: ======'machine_var_audits_missing_switches_s_left_orbit_enter'====== Args={'value': 7, 'prev_value': None, 'change': True}
2024-07-16 21:01:18,360 : INFO : EventManager : Event: ======'machine_var_audits_missing_switches_s_left_orbit_exit'====== Args={'value': 141, 'prev_value': None, 'change': True}
2024-07-16 21:01:18,360 : INFO : EventManager : Event: ======'machine_var_audits_missing_switches_s_left_outlane'====== Args={'value': 21, 'prev_value': None, 'change': True}
2024-07-16 21:01:18,361 : INFO : EventManager : Event: ======'machine_var_audits_missing_switches_s_left_pop_bumper'====== Args={'value': 19, 'prev_value': None, 'change': True}
2024-07-16 21:01:18,361 : INFO : EventManager : Event: ======'machine_var_audits_missing_switches_s_left_ramp_enter'====== Args={'value': 199, 'prev_value': None, 'change': True}
2024-07-16 21:01:18,361 : INFO : EventManager : Event: ======'machine_var_audits_missing_switches_s_left_ramp_exit'====== Args={'value': 263, 'prev_value': None, 'change': True}
2024-07-16 21:01:18,361 : INFO : EventManager : Event: ======'machine_var_audits_missing_switches_s_left_sling'====== Args={'value': 35, 'prev_value': None, 'change': True}
2024-07-16 21:01:18,361 : INFO : EventManager : Event: ======'machine_var_audits_missing_switches_s_middle_inline_drop'====== Args={'value': 4, 'prev_value': None, 'change': True}
2024-07-16 21:01:18,361 : INFO : EventManager : Event: ======'machine_var_audits_missing_switches_s_n_target'====== Args={'value': 1, 'prev_value': None, 'change': True}
2024-07-16 21:01:18,361 : INFO : EventManager : Event: ======'machine_var_audits_missing_switches_s_p2_target'====== Args={'value': 9, 'prev_value': None, 'change': True}
2024-07-16 21:01:18,361 : INFO : EventManager : Event: ======'machine_var_audits_missing_switches_s_right_flipper'====== Args={'value': 1, 'prev_value': None, 'change': True}
2024-07-16 21:01:18,361 : INFO : EventManager : Event: ======'machine_var_audits_missing_switches_s_right_inlane'====== Args={'value': 336, 'prev_value': None, 'change': True}
2024-07-16 21:01:18,361 : INFO : EventManager : Event: ======'machine_var_audits_missing_switches_s_right_inner_horseshoe'====== Args={'value': 26, 'prev_value': None, 'change': True}
2024-07-16 21:01:18,361 : INFO : EventManager : Event: ======'machine_var_audits_missing_switches_s_right_orbit_exit'====== Args={'value': 128, 'prev_value': None, 'change': True}
2024-07-16 21:01:18,361 : INFO : EventManager : Event: ======'machine_var_audits_missing_switches_s_right_outlane'====== Args={'value': 33, 'prev_value': None, 'change': True}
2024-07-16 21:01:18,361 : INFO : EventManager : Event: ======'machine_var_audits_missing_switches_s_right_pop_bumper'====== Args={'value': 46, 'prev_value': None, 'change': True}
2024-07-16 21:01:18,361 : INFO : EventManager : Event: ======'machine_var_audits_missing_switches_s_right_ramp_enter'====== Args={'value': 90, 'prev_value': None, 'change': True}
2024-07-16 21:01:18,362 : INFO : EventManager : Event: ======'machine_var_audits_missing_switches_s_right_ramp_exit'====== Args={'value': 90, 'prev_value': None, 'change': True}
2024-07-16 21:01:18,362 : INFO : EventManager : Event: ======'machine_var_audits_missing_switches_s_right_ramp_standup'====== Args={'value': 3, 'prev_value': None, 'change': True}
2024-07-16 21:01:18,362 : INFO : EventManager : Event: ======'machine_var_audits_missing_switches_s_right_sling'====== Args={'value': 336, 'prev_value': None, 'change': True}
2024-07-16 21:01:18,362 : INFO : EventManager : Event: ======'machine_var_audits_missing_switches_s_start'====== Args={'value': 5, 'prev_value': None, 'change': True}
2024-07-16 21:01:18,362 : INFO : EventManager : Event: ======'machine_var_audits_missing_switches_s_top_inline_drop'====== Args={'value': 19, 'prev_value': None, 'change': True}
2024-07-16 21:01:18,362 : INFO : EventManager : Event: ======'machine_var_audits_missing_switches_s_trough1'====== Args={'value': 3, 'prev_value': None, 'change': True}
2024-07-16 21:01:18,362 : INFO : EventManager : Event: ======'machine_var_audits_missing_switches_s_trough2'====== Args={'value': 12, 'prev_value': None, 'change': True}
2024-07-16 21:01:18,362 : INFO : EventManager : Event: ======'machine_var_audits_missing_switches_s_trough3'====== Args={'value': 12, 'prev_value': None, 'change': True}
2024-07-16 21:01:18,362 : INFO : EventManager : Event: ======'machine_var_audits_missing_switches_s_trough4'====== Args={'value': 340, 'prev_value': None, 'change': True}
2024-07-16 21:01:18,362 : INFO : EventManager : Event: ======'machine_var_audits_missing_switches_s_trough5'====== Args={'value': 340, 'prev_value': None, 'change': True}
2024-07-16 21:01:18,362 : INFO : EventManager : Event: ======'machine_var_audits_missing_switches_s_trough6'====== Args={'value': 340, 'prev_value': None, 'change': True}
2024-07-16 21:01:18,363 : INFO : EventManager : Event: ======'machine_var_audits_missing_switches_s_trough_jam'====== Args={'value': 273, 'prev_value': None, 'change': True}
2024-07-16 21:01:18,363 : INFO : EventManager : Event: ======'machine_var_audits_player_score'====== Args={'value': {'average': 109379, 'top': [370600, 175300, 400, 300, 250], 'total': 5}, 'prev_value': None, 'change': True}
2024-07-16 21:01:18,363 : INFO : EventManager : Event: ======'machine_var_audits_shots_a_target'====== Args={'value': 7, 'prev_value': None, 'change': True}
2024-07-16 21:01:18,363 : INFO : EventManager : Event: ======'machine_var_audits_shots_e_target'====== Args={'value': 3, 'prev_value': None, 'change': True}
2024-07-16 21:01:18,363 : INFO : EventManager : Event: ======'machine_var_audits_shots_left_rollover_lane'====== Args={'value': 157, 'prev_value': None, 'change': True}
2024-07-16 21:01:18,363 : INFO : EventManager : Event: ======'machine_var_audits_shots_middle_rollover_lane'====== Args={'value': 152, 'prev_value': None, 'change': True}
2024-07-16 21:01:18,363 : INFO : EventManager : Event: ======'machine_var_audits_shots_n_target'====== Args={'value': 9, 'prev_value': None, 'change': True}
2024-07-16 21:01:18,363 : INFO : EventManager : Event: ======'machine_var_audits_shots_o_target'====== Args={'value': 4, 'prev_value': None, 'change': True}
2024-07-16 21:01:18,363 : INFO : EventManager : Event: ======'machine_var_audits_shots_p2_target'====== Args={'value': 5, 'prev_value': None, 'change': True}
2024-07-16 21:01:18,363 : INFO : EventManager : Event: ======'machine_var_audits_shots_p_target'====== Args={'value': 8, 'prev_value': None, 'change': True}
2024-07-16 21:01:18,364 : INFO : EventManager : Event: ======'machine_var_audits_shots_qualify_o_target'====== Args={'value': 56, 'prev_value': None, 'change': True}
2024-07-16 21:01:18,364 : INFO : EventManager : Event: ======'machine_var_audits_shots_qualify_p_target'====== Args={'value': 62, 'prev_value': None, 'change': True}
2024-07-16 21:01:18,364 : INFO : EventManager : Event: ======'machine_var_audits_shots_qualify_r_target'====== Args={'value': 82, 'prev_value': None, 'change': True}
2024-07-16 21:01:18,364 : INFO : EventManager : Event: ======'machine_var_audits_shots_r_target'====== Args={'value': 14, 'prev_value': None, 'change': True}
2024-07-16 21:01:18,364 : INFO : EventManager : Event: ======'machine_var_audits_shots_right_rollover_lane'====== Args={'value': 155, 'prev_value': None, 'change': True}
2024-07-16 21:01:18,364 : INFO : EventManager : Event: ======'machine_var_audits_shots_skillshot_a_target'====== Args={'value': 44, 'prev_value': None, 'change': True}
2024-07-16 21:01:18,364 : INFO : EventManager : Event: ======'machine_var_audits_shots_skillshot_e_target'====== Args={'value': 33, 'prev_value': None, 'change': True}
2024-07-16 21:01:18,364 : INFO : EventManager : Event: ======'machine_var_audits_shots_skillshot_n_target'====== Args={'value': 31, 'prev_value': None, 'change': True}
2024-07-16 21:01:18,364 : INFO : EventManager : Event: ======'machine_var_audits_shots_skillshot_o_target'====== Args={'value': 11, 'prev_value': None, 'change': True}
2024-07-16 21:01:18,365 : INFO : EventManager : Event: ======'machine_var_audits_shots_skillshot_p2_target'====== Args={'value': 5, 'prev_value': None, 'change': True}
2024-07-16 21:01:18,365 : INFO : EventManager : Event: ======'machine_var_audits_shots_skillshot_p_target'====== Args={'value': 23, 'prev_value': None, 'change': True}
2024-07-16 21:01:18,365 : INFO : EventManager : Event: ======'machine_var_audits_shots_skillshot_r_target'====== Args={'value': 13, 'prev_value': None, 'change': True}
2024-07-16 21:01:18,365 : INFO : EventManager : Event: ======'machine_var_audits_switches_s_a_target'====== Args={'value': 90, 'prev_value': None, 'change': True}
2024-07-16 21:01:18,365 : INFO : EventManager : Event: ======'machine_var_audits_switches_s_bottom_inline_drop'====== Args={'value': 267, 'prev_value': None, 'change': True}
2024-07-16 21:01:18,365 : INFO : EventManager : Event: ======'machine_var_audits_switches_s_bottom_pop_bumper'====== Args={'value': 9, 'prev_value': None, 'change': True}
2024-07-16 21:01:18,365 : INFO : EventManager : Event: ======'machine_var_audits_switches_s_center_spinner'====== Args={'value': 3, 'prev_value': None, 'change': True}
2024-07-16 21:01:18,365 : INFO : EventManager : Event: ======'machine_var_audits_switches_s_e_target'====== Args={'value': 96, 'prev_value': None, 'change': True}
2024-07-16 21:01:18,365 : INFO : EventManager : Event: ======'machine_var_audits_switches_s_left_flipper'====== Args={'value': 131, 'prev_value': None, 'change': True}
2024-07-16 21:01:18,366 : INFO : EventManager : Event: ======'machine_var_audits_switches_s_left_inlane'====== Args={'value': 10, 'prev_value': None, 'change': True}
2024-07-16 21:01:18,366 : INFO : EventManager : Event: ======'machine_var_audits_switches_s_left_inner_horseshoe'====== Args={'value': 15, 'prev_value': None, 'change': True}
2024-07-16 21:01:18,366 : INFO : EventManager : Event: ======'machine_var_audits_switches_s_left_orbit_enter'====== Args={'value': 16, 'prev_value': None, 'change': True}
2024-07-16 21:01:18,366 : INFO : EventManager : Event: ======'machine_var_audits_switches_s_left_orbit_exit'====== Args={'value': 13, 'prev_value': None, 'change': True}
2024-07-16 21:01:18,366 : INFO : EventManager : Event: ======'machine_var_audits_switches_s_left_outlane'====== Args={'value': 25, 'prev_value': None, 'change': True}
2024-07-16 21:01:18,366 : INFO : EventManager : Event: ======'machine_var_audits_switches_s_left_pop_bumper'====== Args={'value': 4, 'prev_value': None, 'change': True}
2024-07-16 21:01:18,367 : INFO : EventManager : Event: ======'machine_var_audits_switches_s_left_ramp_enter'====== Args={'value': 9, 'prev_value': None, 'change': True}
2024-07-16 21:01:18,367 : INFO : EventManager : Event: ======'machine_var_audits_switches_s_left_ramp_exit'====== Args={'value': 3, 'prev_value': None, 'change': True}
2024-07-16 21:01:18,367 : INFO : EventManager : Event: ======'machine_var_audits_switches_s_left_ramp_standup'====== Args={'value': 633, 'prev_value': None, 'change': True}
2024-07-16 21:01:18,367 : INFO : EventManager : Event: ======'machine_var_audits_switches_s_left_rollover_lane'====== Args={'value': 162, 'prev_value': None, 'change': True}
2024-07-16 21:01:18,367 : INFO : EventManager : Event: ======'machine_var_audits_switches_s_left_sling'====== Args={'value': 12, 'prev_value': None, 'change': True}
2024-07-16 21:01:18,367 : INFO : EventManager : Event: ======'machine_var_audits_switches_s_left_spinner'====== Args={'value': 61, 'prev_value': None, 'change': True}
2024-07-16 21:01:18,367 : INFO : EventManager : Event: ======'machine_var_audits_switches_s_middle_inline_drop'====== Args={'value': 254, 'prev_value': None, 'change': True}
2024-07-16 21:01:18,368 : INFO : EventManager : Event: ======'machine_var_audits_switches_s_middle_rollover_lane'====== Args={'value': 155, 'prev_value': None, 'change': True}
2024-07-16 21:01:18,368 : INFO : EventManager : Event: ======'machine_var_audits_switches_s_n_target'====== Args={'value': 90, 'prev_value': None, 'change': True}
2024-07-16 21:01:18,368 : INFO : EventManager : Event: ======'machine_var_audits_switches_s_o_target'====== Args={'value': 101, 'prev_value': None, 'change': True}
2024-07-16 21:01:18,368 : INFO : EventManager : Event: ======'machine_var_audits_switches_s_p2_target'====== Args={'value': 27, 'prev_value': None, 'change': True}
2024-07-16 21:01:18,368 : INFO : EventManager : Event: ======'machine_var_audits_switches_s_p_target'====== Args={'value': 277, 'prev_value': None, 'change': True}
2024-07-16 21:01:18,368 : INFO : EventManager : Event: ======'machine_var_audits_switches_s_plunger'====== Args={'value': 471, 'prev_value': None, 'change': True}
2024-07-16 21:01:18,368 : INFO : EventManager : Event: ======'machine_var_audits_switches_s_plunger_lane'====== Args={'value': 39, 'prev_value': None, 'change': True}
2024-07-16 21:01:18,368 : INFO : EventManager : Event: ======'machine_var_audits_switches_s_plunger_lane_exit'====== Args={'value': 269, 'prev_value': None, 'change': True}
2024-07-16 21:01:18,369 : INFO : EventManager : Event: ======'machine_var_audits_switches_s_r_target'====== Args={'value': 121, 'prev_value': None, 'change': True}
2024-07-16 21:01:18,369 : INFO : EventManager : Event: ======'machine_var_audits_switches_s_right_flipper'====== Args={'value': 158, 'prev_value': None, 'change': True}
2024-07-16 21:01:18,369 : INFO : EventManager : Event: ======'machine_var_audits_switches_s_right_inlane'====== Args={'value': 9, 'prev_value': None, 'change': True}
2024-07-16 21:01:18,369 : INFO : EventManager : Event: ======'machine_var_audits_switches_s_right_inner_horseshoe'====== Args={'value': 8, 'prev_value': None, 'change': True}
2024-07-16 21:01:18,369 : INFO : EventManager : Event: ======'machine_var_audits_switches_s_right_orbit_exit'====== Args={'value': 33, 'prev_value': None, 'change': True}
2024-07-16 21:01:18,369 : INFO : EventManager : Event: ======'machine_var_audits_switches_s_right_outlane'====== Args={'value': 8, 'prev_value': None, 'change': True}
2024-07-16 21:01:18,370 : INFO : EventManager : Event: ======'machine_var_audits_switches_s_right_pop_bumper'====== Args={'value': 16, 'prev_value': None, 'change': True}
2024-07-16 21:01:18,370 : INFO : EventManager : Event: ======'machine_var_audits_switches_s_right_ramp_enter'====== Args={'value': 1, 'prev_value': None, 'change': True}
2024-07-16 21:01:18,370 : INFO : EventManager : Event: ======'machine_var_audits_switches_s_right_ramp_exit'====== Args={'value': 1, 'prev_value': None, 'change': True}
2024-07-16 21:01:18,370 : INFO : EventManager : Event: ======'machine_var_audits_switches_s_right_ramp_standup'====== Args={'value': 184, 'prev_value': None, 'change': True}
2024-07-16 21:01:18,370 : INFO : EventManager : Event: ======'machine_var_audits_switches_s_right_rollover_lane'====== Args={'value': 169, 'prev_value': None, 'change': True}
2024-07-16 21:01:18,370 : INFO : EventManager : Event: ======'machine_var_audits_switches_s_right_sling'====== Args={'value': 1, 'prev_value': None, 'change': True}
2024-07-16 21:01:18,370 : INFO : EventManager : Event: ======'machine_var_audits_switches_s_scoop'====== Args={'value': 72, 'prev_value': None, 'change': True}
2024-07-16 21:01:18,371 : INFO : EventManager : Event: ======'machine_var_audits_switches_s_start'====== Args={'value': 273, 'prev_value': None, 'change': True}
2024-07-16 21:01:18,371 : INFO : EventManager : Event: ======'machine_var_audits_switches_s_top_inline_drop'====== Args={'value': 36, 'prev_value': None, 'change': True}
2024-07-16 21:01:18,371 : INFO : EventManager : Event: ======'machine_var_audits_switches_s_trough1'====== Args={'value': 324, 'prev_value': None, 'change': True}
2024-07-16 21:01:18,371 : INFO : EventManager : Event: ======'machine_var_audits_switches_s_trough2'====== Args={'value': 25, 'prev_value': None, 'change': True}
2024-07-16 21:01:18,371 : INFO : EventManager : Event: ======'machine_var_audits_switches_s_trough3'====== Args={'value': 5, 'prev_value': None, 'change': True}
2024-07-16 21:01:18,371 : INFO : EventManager : Event: ======'machine_var_audits_switches_s_trough4'====== Args={'value': 2, 'prev_value': None, 'change': True}
2024-07-16 21:01:18,372 : INFO : EventManager : Event: ======'machine_var_audits_switches_s_trough5'====== Args={'value': 2, 'prev_value': None, 'change': True}
2024-07-16 21:01:18,372 : INFO : EventManager : Event: ======'machine_var_audits_switches_s_trough6'====== Args={'value': 1, 'prev_value': None, 'change': True}
2024-07-16 21:01:18,372 : INFO : EventManager : Event: ======'machine_var_audits_switches_s_trough_jam'====== Args={'value': 5, 'prev_value': None, 'change': True}
2024-07-16 21:01:18,373 : INFO : EventManager : Event: ======'init_phase_5'====== Args={}
2024-07-16 21:01:18,375 : INFO : EventManager : Event: ======'init_done'====== Args={}
2024-07-16 21:01:18,375 : INFO : EventManager : Event: ======'machine_reset_phase_1'====== Args={}
2024-07-16 21:01:18,379 : INFO : EventManager : Event: ======'machine_reset_phase_2'====== Args={}
2024-07-16 21:01:18,379 : INFO : EventManager : Event: ======'machine_reset_phase_3'====== Args={}
2024-07-16 21:01:18,379 : INFO : drop_target_bank.strickland_bank : All targets are already up. Will not reset bank.
2024-07-16 21:01:18,380 : INFO : EventManager : Event: ======'reset_complete'====== Args={}
2024-07-16 21:01:18,380 : INFO : EventManager : Event: ======'mode_attract_will_start'====== Args={}
2024-07-16 21:01:18,380 : INFO : Timer.attract_switch : Starting Timer.
2024-07-16 21:01:18,380 : INFO : EventManager : Event: ======'timer_attract_switch_started'====== Args={'ticks': 0, 'ticks_remaining': 45}
2024-07-16 21:01:18,380 : INFO : EventManager : Event: ======'timer_attract_switch_tick'====== Args={'ticks': 0, 'ticks_remaining': 45}
2024-07-16 21:01:18,380 : INFO : EventManager : Event: ======'mode_attract_starting'====== Args={}
2024-07-16 21:01:18,380 : INFO : Mode.attract : Started. Priority: 10
2024-07-16 21:01:18,380 : INFO : EventManager : Event: ======'modes_active_modes_changed'====== Args={}
2024-07-16 21:01:18,380 : INFO : EventManager : Event: ======'mode_attract_started'====== Args={}
2024-07-16 21:01:18,380 : INFO : EventManager : Event: ======'collecting_balls_complete'====== Args={}
2024-07-16 21:01:18,381 : INFO : Machine : Starting the main run loop.
2024-07-16 21:01:18,506 : INFO : BcpServer : New client connected.
2024-07-16 21:01:19,380 : INFO : EventManager : Event: ======'timer_attract_switch_tick'====== Args={'ticks': 1, 'ticks_remaining': 44}
2024-07-16 21:01:19,390 : INFO : EventManager : Event: ======'slide__removed'====== Args={'_from_bcp': True}
2024-07-16 21:01:19,417 : INFO : EventManager : Event: ======'slide_dtp_logo_attract_created'====== Args={'_from_bcp': True}
2024-07-16 21:01:19,418 : INFO : EventManager : Event: ======'slide_dtp_logo_attract_active'====== Args={'original_context': 'attract', 'original_calling_context': 'timer_attract_switch_tick{ticks==1}', 'cmd': 'slides_play', '_from_bcp': True}
2024-07-16 21:01:20,120 : INFO : SwitchController : <<<<<<< 's_start' active >>>>>>>
2024-07-16 21:01:20,193 : INFO : SwitchController : <<<<<<< 's_start' inactive >>>>>>>
2024-07-16 21:01:20,193 : INFO : EventManager : Event: ======'request_to_start_game'====== Args={}
2024-07-16 21:01:20,194 : INFO : EventManager : Event: ======'game_start'====== Args={'buttons': [], 'hold_time': 0.07262354199999965}
2024-07-16 21:01:20,195 : INFO : EventManager : Event: ======'mode_game_will_start'====== Args={'buttons': [], 'hold_time': 0.07262354199999965}
2024-07-16 21:01:20,196 : INFO : EventManager : Event: ======'mode_game_starting'====== Args={'buttons': [], 'hold_time': 0.07262354199999965}
2024-07-16 21:01:20,197 : INFO : EventManager : Event: ======'mode_attract_will_stop'====== Args={}
2024-07-16 21:01:20,197 : INFO : EventManager : Event: ======'mode_attract_stopping'====== Args={}
2024-07-16 21:01:20,197 : INFO : Mode.attract : Stopped.
2024-07-16 21:01:20,198 : INFO : EventManager : Event: ======'modes_active_modes_changed'====== Args={}
2024-07-16 21:01:20,199 : INFO : EventManager : Event: ======'mode_attract_stopped'====== Args={}
2024-07-16 21:01:20,199 : INFO : EventManager : Event: ======'clear'====== Args={'key': 'attract'}
2024-07-16 21:01:20,200 : INFO : Timer.attract_switch : Stopping Timer
2024-07-16 21:01:20,200 : INFO : EventManager : Event: ======'timer_attract_switch_stopped'====== Args={'ticks': 1, 'ticks_remaining': 44}
2024-07-16 21:01:20,200 : INFO : Mode.game : Started. Priority: 20
2024-07-16 21:01:20,200 : INFO : EventManager : Event: ======'modes_active_modes_changed'====== Args={}
2024-07-16 21:01:20,201 : INFO : EventManager : Event: ======'mode_game_started'====== Args={'buttons': [], 'hold_time': 0.07262354199999965}
2024-07-16 21:01:20,202 : INFO : EventManager : Event: ======'game_will_start'====== Args={}
2024-07-16 21:01:20,203 : INFO : EventManager : Event: ======'game_starting'====== Args={'game': <Mode.game>}
2024-07-16 21:01:20,204 : INFO : EventManager : Unordered handler for class <Auditor> on event game_ended with priority 1. Handlers: [RegisteredHandler(callback=<bound method Auditor.disable of <Auditor>>, priority=1, kwargs={}, key=UUID('ea265219-74e8-4e94-b1b7-e0fd8256a281'), condition=None, blocking_facility=None), RegisteredHandler(callback=<bound method Auditor._save_audits of <Auditor>>, priority=1, kwargs={}, key=UUID('b77eacfd-ce49-4ce0-8b58-129b517336df'), condition=None, blocking_facility=None)]. The order of those handlers is not defined and they will be executed in random order. This might lead to race conditions and potential bugs.
2024-07-16 21:01:20,204 : INFO : EventManager : Event: ======'player_add_request'====== Args={}
2024-07-16 21:01:20,216 : INFO : EventManager : Event: ======'player_will_add'====== Args={'number': 1}
2024-07-16 21:01:20,217 : INFO : EventManager : Event: ======'player_adding'====== Args={'player': <Player 1>, 'number': 1}
2024-07-16 21:01:20,217 : INFO : EventManager : Event: ======'player_added'====== Args={'player': <Player 1>, 'num': 1}
2024-07-16 21:01:20,218 : INFO : Mode.game : Player added successfully. Total players: 1
2024-07-16 21:01:20,218 : INFO : EventManager : Event: ======'player_index'====== Args={'value': 0, 'prev_value': 0, 'change': 0, 'player_num': 1}
2024-07-16 21:01:20,218 : INFO : EventManager : Event: ======'player_number'====== Args={'value': 1, 'prev_value': 1, 'change': 0, 'player_num': 1}
2024-07-16 21:01:20,219 : INFO : EventManager : Event: ======'player_score'====== Args={'value': 0, 'prev_value': 0, 'change': 0, 'player_num': 1}
2024-07-16 21:01:20,220 : INFO : EventManager : Event: ======'game_started'====== Args={}
2024-07-16 21:01:20,220 : INFO : EventManager : Event: ======'player_turn_will_start'====== Args={'player': <Player 1>, 'number': 1}
2024-07-16 21:01:20,221 : INFO : EventManager : Event: ======'player_turn_starting'====== Args={'player': <Player 1>, 'number': 1}
2024-07-16 21:01:20,228 : INFO : EventManager : Event: ======'player_ball'====== Args={'value': 1, 'prev_value': 0, 'change': 1, 'player_num': 1}
2024-07-16 21:01:20,228 : INFO : EventManager : Event: ======'player_turn_started'====== Args={'player': <Player 1>, 'number': 1}
2024-07-16 21:01:20,230 : INFO : EventManager : Event: ======'ball_will_start'====== Args={'player': 1, 'ball': 1, 'balls_remaining': 2, 'is_extra_ball': False}
2024-07-16 21:01:20,236 : INFO : EventManager : Event: ======'ball_starting'====== Args={'player': 1, 'ball': 1, 'balls_remaining': 2, 'is_extra_ball': False}
2024-07-16 21:01:20,237 : INFO : EventManager : Event: ======'mode_skillshot_will_start'====== Args={'queue': <QueuedEvent>, 'player': 1, 'ball': 1, 'balls_remaining': 2, 'is_extra_ball': False}
2024-07-16 21:01:20,237 : INFO : EventManager : Event: ======'skillshot_complete'====== Args={'state': 'None'}
2024-07-16 21:01:20,237 : INFO : EventManager : Event: ======'skillshot_None_complete'====== Args={}
2024-07-16 21:01:20,238 : INFO : EventManager : Event: ======'player_shot_skillshot_p_target_enabled'====== Args={'value': True, 'prev_value': 0, 'change': 1, 'player_num': 1}
2024-07-16 21:01:20,239 : INFO : EventManager : Event: ======'player_shot_skillshot_r_target_enabled'====== Args={'value': True, 'prev_value': 0, 'change': 1, 'player_num': 1}
2024-07-16 21:01:20,239 : INFO : EventManager : Event: ======'player_shot_skillshot_o_target_enabled'====== Args={'value': True, 'prev_value': 0, 'change': 1, 'player_num': 1}
2024-07-16 21:01:20,240 : INFO : EventManager : Event: ======'player_shot_skillshot_p2_target_enabled'====== Args={'value': True, 'prev_value': 0, 'change': 1, 'player_num': 1}
2024-07-16 21:01:20,240 : INFO : EventManager : Event: ======'player_shot_skillshot_a_target_enabled'====== Args={'value': True, 'prev_value': 0, 'change': 1, 'player_num': 1}
2024-07-16 21:01:20,240 : INFO : EventManager : Event: ======'player_shot_skillshot_n_target_enabled'====== Args={'value': True, 'prev_value': 0, 'change': 1, 'player_num': 1}
2024-07-16 21:01:20,241 : INFO : EventManager : Event: ======'player_shot_skillshot_e_target_enabled'====== Args={'value': True, 'prev_value': 0, 'change': 1, 'player_num': 1}
2024-07-16 21:01:20,241 : INFO : EventManager : Event: ======'player_skillshot_skillshot_rotate_tick'====== Args={'value': 0, 'prev_value': 0, 'change': 0, 'player_num': 1}
2024-07-16 21:01:20,241 : INFO : Timer.skillshot_rotate : Starting Timer.
2024-07-16 21:01:20,241 : INFO : EventManager : Event: ======'timer_skillshot_rotate_started'====== Args={'ticks': 0, 'ticks_remaining': 0}
2024-07-16 21:01:20,241 : INFO : EventManager : Event: ======'timer_skillshot_rotate_tick'====== Args={'ticks': 0, 'ticks_remaining': 0}
2024-07-16 21:01:20,243 : INFO : EventManager : Event: ======'mode_skillshot_starting'====== Args={'queue': <QueuedEvent>, 'player': 1, 'ball': 1, 'balls_remaining': 2, 'is_extra_ball': False}
2024-07-16 21:01:20,243 : INFO : drop_target_bank.strickland_bank : All targets are already up. Will not reset bank.
2024-07-16 21:01:20,243 : INFO : EventManager : Event: ======'cmd_flippers_enable'====== Args={'priority': 0}
2024-07-16 21:01:20,243 : INFO : EventManager : Event: ======'cmd_autofire_coils_enable'====== Args={'priority': 0}
2024-07-16 21:01:20,243 : INFO : EventManager : Event: ======'cmd_drop_targets_reset'====== Args={'priority': 0}
2024-07-16 21:01:20,243 : INFO : Mode.skillshot : Started. Priority: 200
2024-07-16 21:01:20,243 : INFO : EventManager : Event: ======'modes_active_modes_changed'====== Args={}
2024-07-16 21:01:20,244 : INFO : EventManager : Event: ======'mode_skillshot_started'====== Args={'queue': <QueuedEvent>, 'player': 1, 'ball': 1, 'balls_remaining': 2, 'is_extra_ball': False}
2024-07-16 21:01:20,244 : INFO : EventManager : Event: ======'player_shot_skillshot_p_target'====== Args={'value': 1, 'prev_value': 0, 'change': 1, 'player_num': 1}
2024-07-16 21:01:20,245 : INFO : EventManager : Event: ======'balls_in_play'====== Args={'balls': 1}
2024-07-16 21:01:20,245 : INFO : EventManager : Event: ======'ball_started'====== Args={'player': 1, 'ball': 1, 'balls_remaining': 2, 'is_extra_ball': False}
2024-07-16 21:01:20,246 : INFO : EventManager : Event: ======'mode_BBQ_rollover_will_start'====== Args={'player': 1, 'ball': 1, 'balls_remaining': 2, 'is_extra_ball': False}
2024-07-16 21:01:20,246 : INFO : EventManager : Event: ======'player_shot_left_rollover_lane_enabled'====== Args={'value': True, 'prev_value': 0, 'change': 1, 'player_num': 1}
2024-07-16 21:01:20,246 : INFO : EventManager : Event: ======'player_shot_middle_rollover_lane_enabled'====== Args={'value': True, 'prev_value': 0, 'change': 1, 'player_num': 1}
2024-07-16 21:01:20,247 : INFO : EventManager : Event: ======'player_shot_right_rollover_lane_enabled'====== Args={'value': True, 'prev_value': 0, 'change': 1, 'player_num': 1}
2024-07-16 21:01:20,247 : INFO : EventManager : Event: ======'BBQ_lanes_complete'====== Args={'state': 'unlit'}
2024-07-16 21:01:20,247 : INFO : EventManager : Event: ======'BBQ_lanes_unlit_complete'====== Args={}
2024-07-16 21:01:20,248 : INFO : EventManager : Event: ======'mode_BBQ_rollover_starting'====== Args={'player': 1, 'ball': 1, 'balls_remaining': 2, 'is_extra_ball': False}
2024-07-16 21:01:20,249 : INFO : EventManager : Event: ======'mode_base_will_start'====== Args={'player': 1, 'ball': 1, 'balls_remaining': 2, 'is_extra_ball': False}
2024-07-16 21:01:20,249 : INFO : EventManager : Event: ======'player_extra_ball_score_one_num_awarded'====== Args={'value': 0, 'prev_value': 0, 'change': 0, 'player_num': 1}
2024-07-16 21:01:20,249 : INFO : EventManager : Event: ======'player_extra_ball_score_two_num_awarded'====== Args={'value': 0, 'prev_value': 0, 'change': 0, 'player_num': 1}
2024-07-16 21:01:20,249 : INFO : EventManager : Event: ======'player_shot_qualify_p_target_enabled'====== Args={'value': True, 'prev_value': 0, 'change': 1, 'player_num': 1}
2024-07-16 21:01:20,250 : INFO : EventManager : Event: ======'player_shot_qualify_r_target_enabled'====== Args={'value': True, 'prev_value': 0, 'change': 1, 'player_num': 1}
2024-07-16 21:01:20,250 : INFO : EventManager : Event: ======'player_shot_qualify_o_target_enabled'====== Args={'value': True, 'prev_value': 0, 'change': 1, 'player_num': 1}
2024-07-16 21:01:20,250 : INFO : EventManager : Event: ======'qualify_mission_complete'====== Args={'state': 'unlit'}
2024-07-16 21:01:20,250 : INFO : EventManager : Event: ======'qualify_mission_unlit_complete'====== Args={}
2024-07-16 21:01:20,253 : INFO : EventManager : Event: ======'mode_base_starting'====== Args={'player': 1, 'ball': 1, 'balls_remaining': 2, 'is_extra_ball': False}
2024-07-16 21:01:20,253 : INFO : Mode.base : Started. Priority: 100
2024-07-16 21:01:20,253 : INFO : EventManager : Event: ======'modes_active_modes_changed'====== Args={}
2024-07-16 21:01:20,253 : INFO : EventManager : Event: ======'mode_base_started'====== Args={'player': 1, 'ball': 1, 'balls_remaining': 2, 'is_extra_ball': False}
2024-07-16 21:01:20,254 : INFO : EventManager : Event: ======'ball_save_default_enabled'====== Args={}
2024-07-16 21:01:20,254 : INFO : EventManager : Event: ======'logicblock_lb_BBQ_complete_count_updated'====== Args={'value': 1, 'enabled': True}
2024-07-16 21:01:20,255 : INFO : EventManager : Event: ======'logicblock_lb_BBQ_complete_count_updated'====== Args={'value': 1, 'enabled': True}
2024-07-16 21:01:20,255 : INFO : Mode.BBQ_rollover : Started. Priority: 200
2024-07-16 21:01:20,255 : INFO : EventManager : Event: ======'modes_active_modes_changed'====== Args={}
2024-07-16 21:01:20,255 : INFO : EventManager : Event: ======'mode_BBQ_rollover_started'====== Args={'player': 1, 'ball': 1, 'balls_remaining': 2, 'is_extra_ball': False}
2024-07-16 21:01:20,255 : INFO : EventManager : Event: ======'player_bonus_multiplier'====== Args={'value': 1, 'prev_value': 0, 'change': 1, 'player_num': 1, 'source': 'BBQ_rollover'}
2024-07-16 21:01:20,255 : INFO : EventManager : Event: ======'single_player_ball_started'====== Args={}
2024-07-16 21:01:20,259 : INFO : EventManager : Event: ======'ball_start_target'====== Args={'target': 'playfield'}
2024-07-16 21:01:20,260 : INFO : ball_device.bd_plunger : Setting up player-controlled eject. Balls: 1, Target: <playfield.playfield>, player_controlled_eject_event: None
2024-07-16 21:01:20,260 : INFO : EventManager : Event: ======'balldevice_balls_available'====== Args={}
2024-07-16 21:01:20,260 : INFO : ball_device.bd_trough : State: waiting_for_target_ready
2024-07-16 21:01:20,261 : INFO : EventManager : Event: ======'balldevice_bd_trough_ball_eject_attempt'====== Args={'balls': 1, 'target': <ball_device.bd_plunger>, 'source': <ball_device.bd_trough>, 'mechanical_eject': True, 'num_attempts': 0}
2024-07-16 21:01:20,261 : INFO : ball_device.bd_plunger : State: waiting_for_ball
2024-07-16 21:01:20,261 : INFO : ball_device.bd_trough : State: ejecting
2024-07-16 21:01:20,261 : INFO : ball_device.bd_trough : Ejecting ball to <ball_device.bd_plunger>
2024-07-16 21:01:20,261 : INFO : EventManager : Event: ======'balldevice_bd_trough_ejecting_ball'====== Args={'balls': 1, 'target': <ball_device.bd_plunger>, 'source': <ball_device.bd_trough>, 'mechanical_eject': True, 'num_attempts': 0}
2024-07-16 21:01:20,262 : INFO : ball_device.bd_trough : Wait for ball to leave device
2024-07-16 21:01:20,262 : INFO : coil.c_trough_eject : Pulsing Driver for 20ms (1.0 pulse_power)
2024-07-16 21:01:20,262 : INFO : SwitchController : <<<<<<< 's_trough1' inactive >>>>>>>
2024-07-16 21:01:20,262 : INFO : ball_device.bd_trough : State: ball_left
2024-07-16 21:01:20,262 : INFO : ball_device.bd_trough : Ball left
2024-07-16 21:01:20,262 : INFO : ball_device.bd_trough : Wait for confirm with timeout 3.0
2024-07-16 21:01:20,266 : INFO : EventManager : Event: ======'slide_skillshot_created'====== Args={'_from_bcp': True}
2024-07-16 21:01:20,266 : INFO : EventManager : Event: ======'slide_dtp_logo_attract_inactive'====== Args={'_from_bcp': True}
2024-07-16 21:01:20,266 : INFO : EventManager : Event: ======'slide_skillshot_active'====== Args={'original_context': 'skillshot', 'original_calling_context': 'mode_skillshot_started', 'queue': '<QueuedEvent>', 'cmd': 'slides_play', '_from_bcp': True}
2024-07-16 21:01:20,267 : INFO : EventManager : Event: ======'slide_dtp_logo_attract_removed'====== Args={'_from_bcp': True}
2024-07-16 21:01:20,280 : INFO : EventManager : Event: ======'slide_base_created'====== Args={'_from_bcp': True}
2024-07-16 21:01:20,362 : INFO : SwitchController : <<<<<<< 's_plunger' active >>>>>>>
2024-07-16 21:01:20,363 : INFO : EventManager : Event: ======'machine_var_audits_switches_s_plunger'====== Args={'value': 472, 'prev_value': 471, 'change': 1}
2024-07-16 21:01:20,864 : INFO : ball_device.bd_plunger : Received ball from <ball_device.bd_trough>
2024-07-16 21:01:20,865 : INFO : EventManager : Event: ======'balldevice_bd_plunger_ball_enter'====== Args={'new_balls': 1, 'unclaimed_balls': 0, 'new_available_balls': 0, 'device': <ball_device.bd_plunger>}
2024-07-16 21:01:20,866 : INFO : EventManager : Event: ======'balldevice_bd_plunger_ball_entered'====== Args={'new_balls': 0, 'device': <ball_device.bd_plunger>}
2024-07-16 21:01:20,867 : INFO : EventManager : Event: ======'balldevice_bd_plunger_ball_count_changed'====== Args={'balls': 1}
2024-07-16 21:01:20,868 : INFO : ball_device.bd_trough : Got eject confirm
2024-07-16 21:01:20,870 : INFO : ball_device.bd_trough : Eject successful
2024-07-16 21:01:20,870 : INFO : EventManager : Event: ======'balldevice_bd_trough_ball_eject_success'====== Args={'balls': 1, 'target': <ball_device.bd_plunger>}
2024-07-16 21:01:20,872 : INFO : EventManager : Event: ======'balldevice_bd_trough_ball_count_changed'====== Args={'balls': 5}
2024-07-16 21:01:20,875 : INFO : ball_device.bd_trough : State: idle
2024-07-16 21:01:20,875 : INFO : ball_device.bd_plunger : State: waiting_for_target_ready
2024-07-16 21:01:20,876 : INFO : EventManager : Event: ======'balldevice_bd_plunger_ball_eject_attempt'====== Args={'balls': 1, 'target': <playfield.playfield>, 'source': <ball_device.bd_plunger>, 'mechanical_eject': True, 'num_attempts': 0}
2024-07-16 21:01:20,877 : INFO : ball_device.bd_plunger : State: ejecting
2024-07-16 21:01:20,878 : INFO : ball_device.bd_plunger : Ejecting ball to <playfield.playfield>
2024-07-16 21:01:20,878 : INFO : EventManager : Event: ======'balldevice_bd_plunger_ejecting_ball'====== Args={'balls': 1, 'target': <playfield.playfield>, 'source': <ball_device.bd_plunger>, 'mechanical_eject': True, 'num_attempts': 0}
2024-07-16 21:01:20,880 : INFO : ball_device.bd_plunger : Wait for ball to leave device
2024-07-16 21:01:21,242 : INFO : EventManager : Event: ======'player_skillshot_skillshot_rotate_tick'====== Args={'value': 1, 'prev_value': 0, 'change': 1, 'player_num': 1}
2024-07-16 21:01:21,245 : INFO : EventManager : Event: ======'timer_skillshot_rotate_tick'====== Args={'ticks': 1, 'ticks_remaining': 0}
2024-07-16 21:01:21,263 : INFO : EventManager : Event: ======'player_shot_skillshot_p_target'====== Args={'value': 0, 'prev_value': 1, 'change': -1, 'player_num': 1}
2024-07-16 21:01:21,264 : INFO : EventManager : Event: ======'player_shot_skillshot_r_target'====== Args={'value': 1, 'prev_value': 0, 'change': 1, 'player_num': 1}
2024-07-16 21:01:21,825 : WARNING : SwitchController : Received duplicate switch state 1 for switch s_plunger from the platform interface. Log Code: Log-SwitchController-1 (https://missionpinball.org/logs)
2024-07-16 21:01:21,927 : INFO : SwitchController : <<<<<<< 's_plunger' inactive >>>>>>>
2024-07-16 21:01:21,928 : INFO : ball_device.bd_plunger : State: ball_left
2024-07-16 21:01:21,928 : INFO : ball_device.bd_plunger : Ball left
2024-07-16 21:01:21,928 : INFO : ball_device.bd_plunger : Wait for confirm with timeout 3.0
2024-07-16 21:01:22,242 : INFO : EventManager : Event: ======'player_skillshot_skillshot_rotate_tick'====== Args={'value': 2, 'prev_value': 1, 'change': 1, 'player_num': 1}
2024-07-16 21:01:22,243 : INFO : EventManager : Event: ======'timer_skillshot_rotate_tick'====== Args={'ticks': 2, 'ticks_remaining': 0}
2024-07-16 21:01:22,244 : INFO : EventManager : Event: ======'player_shot_skillshot_r_target'====== Args={'value': 0, 'prev_value': 1, 'change': -1, 'player_num': 1}
2024-07-16 21:01:22,245 : INFO : EventManager : Event: ======'player_shot_skillshot_o_target'====== Args={'value': 1, 'prev_value': 0, 'change': 1, 'player_num': 1}
2024-07-16 21:01:23,243 : INFO : EventManager : Event: ======'player_skillshot_skillshot_rotate_tick'====== Args={'value': 3, 'prev_value': 2, 'change': 1, 'player_num': 1}
2024-07-16 21:01:23,244 : INFO : EventManager : Event: ======'timer_skillshot_rotate_tick'====== Args={'ticks': 3, 'ticks_remaining': 0}
2024-07-16 21:01:23,245 : INFO : EventManager : Event: ======'player_shot_skillshot_o_target'====== Args={'value': 0, 'prev_value': 1, 'change': -1, 'player_num': 1}
2024-07-16 21:01:23,247 : INFO : EventManager : Event: ======'player_shot_skillshot_p2_target'====== Args={'value': 1, 'prev_value': 0, 'change': 1, 'player_num': 1}
2024-07-16 21:01:24,243 : INFO : EventManager : Event: ======'player_skillshot_skillshot_rotate_tick'====== Args={'value': 4, 'prev_value': 3, 'change': 1, 'player_num': 1}
2024-07-16 21:01:24,244 : INFO : EventManager : Event: ======'timer_skillshot_rotate_tick'====== Args={'ticks': 4, 'ticks_remaining': 0}
2024-07-16 21:01:24,245 : INFO : EventManager : Event: ======'player_shot_skillshot_p2_target'====== Args={'value': 0, 'prev_value': 1, 'change': -1, 'player_num': 1}
2024-07-16 21:01:24,247 : INFO : EventManager : Event: ======'player_shot_skillshot_a_target'====== Args={'value': 1, 'prev_value': 0, 'change': 1, 'player_num': 1}
2024-07-16 21:01:24,930 : INFO : ball_device.bd_plunger : State: failed_confirm
2024-07-16 21:01:24,931 : INFO : ball_device.bd_plunger : Got timeout (3.0s) before confirm from <playfield.playfield>
2024-07-16 21:01:25,033 : INFO : ball_device.bd_plunger : Confirming eject because target is playfield and ball did not return.
2024-07-16 21:01:25,033 : INFO : ball_device.bd_plunger : Eject successful
2024-07-16 21:01:25,034 : INFO : EventManager : Event: ======'balldevice_bd_plunger_ball_eject_success'====== Args={'balls': 1, 'target': <playfield.playfield>}
2024-07-16 21:01:25,035 : INFO : EventManager : Event: ======'balldevice_playfield_ball_enter'====== Args={'new_balls': 1, 'unclaimed_balls': 1, 'device': <playfield.playfield>}
2024-07-16 21:01:25,035 : INFO : EventManager : Event: ======'playfield_ball_count_change'====== Args={'balls': 1, 'change': 1}
2024-07-16 21:01:25,036 : INFO : EventManager : Event: ======'balldevice_bd_plunger_ball_count_changed'====== Args={'balls': 0}
2024-07-16 21:01:25,037 : INFO : ball_device.bd_plunger : State: idle
2024-07-16 21:01:25,242 : INFO : EventManager : Event: ======'player_skillshot_skillshot_rotate_tick'====== Args={'value': 5, 'prev_value': 4, 'change': 1, 'player_num': 1}
2024-07-16 21:01:25,243 : INFO : EventManager : Event: ======'timer_skillshot_rotate_tick'====== Args={'ticks': 5, 'ticks_remaining': 0}
2024-07-16 21:01:25,244 : INFO : EventManager : Event: ======'player_shot_skillshot_a_target'====== Args={'value': 0, 'prev_value': 1, 'change': -1, 'player_num': 1}
2024-07-16 21:01:25,245 : INFO : EventManager : Event: ======'player_shot_skillshot_n_target'====== Args={'value': 1, 'prev_value': 0, 'change': 1, 'player_num': 1}
2024-07-16 21:01:26,242 : INFO : EventManager : Event: ======'player_skillshot_skillshot_rotate_tick'====== Args={'value': 6, 'prev_value': 5, 'change': 1, 'player_num': 1}
2024-07-16 21:01:26,243 : INFO : EventManager : Event: ======'timer_skillshot_rotate_tick'====== Args={'ticks': 6, 'ticks_remaining': 0}
2024-07-16 21:01:26,243 : INFO : EventManager : Event: ======'player_shot_skillshot_n_target'====== Args={'value': 0, 'prev_value': 1, 'change': -1, 'player_num': 1}
2024-07-16 21:01:26,244 : INFO : EventManager : Event: ======'player_shot_skillshot_e_target'====== Args={'value': 1, 'prev_value': 0, 'change': 1, 'player_num': 1}
2024-07-16 21:01:27,082 : INFO : SwitchController : <<<<<<< 's_plunger_lane_exit' active >>>>>>>
2024-07-16 21:01:27,082 : INFO : EventManager : Event: ======'s_plunger_lane_exit_active'====== Args={}
2024-07-16 21:01:27,083 : INFO : EventManager : Event: ======'sw_playfield_active'====== Args={}
2024-07-16 21:01:27,083 : INFO : EventManager : Event: ======'machine_var_audits_switches_s_plunger_lane_exit'====== Args={'value': 270, 'prev_value': 269, 'change': 1}
2024-07-16 21:01:27,084 : INFO : EventManager : Event: ======'ball_save_default_timer_start'====== Args={}
2024-07-16 21:01:27,150 : INFO : SwitchController : <<<<<<< 's_plunger_lane_exit' inactive >>>>>>>
2024-07-16 21:01:27,150 : INFO : EventManager : Event: ======'s_plunger_lane_exit_inactive'====== Args={}
2024-07-16 21:01:27,150 : INFO : Timer.skillshot_rotate : Stopping Timer
2024-07-16 21:01:27,150 : INFO : EventManager : Event: ======'timer_skillshot_rotate_stopped'====== Args={'ticks': 6, 'ticks_remaining': 0}
2024-07-16 21:01:27,150 : INFO : EventManager : Event: ======'advance_skillshot_7'====== Args={'priority': 0}
2024-07-16 21:01:27,150 : INFO : EventManager : Event: ======'player_shot_skillshot_e_target'====== Args={'value': 2, 'prev_value': 1, 'change': 1, 'player_num': 1}
2024-07-16 21:01:28,247 : INFO : SwitchController : <<<<<<< 's_e_target' active >>>>>>>
2024-07-16 21:01:28,247 : INFO : EventManager : Event: ======'s_e_target_active'====== Args={}
2024-07-16 21:01:28,248 : INFO : EventManager : Event: ======'machine_var_audits_switches_s_e_target'====== Args={'value': 97, 'prev_value': 96, 'change': 1}
2024-07-16 21:01:28,250 : INFO : EventManager : Event: ======'machine_var_audits_shots_skillshot_e_target'====== Args={'value': 34, 'prev_value': 33, 'change': 1}
2024-07-16 21:01:28,251 : INFO : EventManager : Event: ======'skillshot_e_target_hit'====== Args={'profile': 'skillshot_profile', 'state': 'lit', 'advancing': False}
2024-07-16 21:01:28,252 : INFO : EventManager : Event: ======'skillshot_e_target_skillshot_profile_hit'====== Args={'profile': 'skillshot_profile', 'state': 'lit', 'advancing': False}
2024-07-16 21:01:28,258 : INFO : EventManager : Event: ======'skillshot_e_target_skillshot_profile_lit_hit'====== Args={'profile': 'skillshot_profile', 'state': 'lit', 'advancing': False}
2024-07-16 21:01:28,261 : INFO : EventManager : Event: ======'skillshot_e_target_lit_hit'====== Args={'profile': 'skillshot_profile', 'state': 'lit', 'advancing': False}
2024-07-16 21:01:28,261 : INFO : EventManager : Event: ======'player_score'====== Args={'value': 50, 'prev_value': 0, 'change': 50, 'player_num': 1, 'source': 'base'}
2024-07-16 21:01:28,262 : INFO : EventManager : Event: ======'skillshot_hit'====== Args={'shot': 'skillshot_e_target'}
2024-07-16 21:01:28,262 : INFO : EventManager : Event: ======'skillshot_lit_hit'====== Args={'shot': 'skillshot_e_target'}
2024-07-16 21:01:28,262 : INFO : EventManager : Event: ======'stop_mode_skillshot'====== Args={'priority': 0}
2024-07-16 21:01:28,262 : INFO : EventManager : Event: ======'mode_skillshot_will_stop'====== Args={}
2024-07-16 21:01:28,262 : INFO : EventManager : Event: ======'mode_skillshot_stopping'====== Args={}
2024-07-16 21:01:28,263 : INFO : EventManager : Event: ======'player_score'====== Args={'value': 20050, 'prev_value': 50, 'change': 20000, 'player_num': 1, 'source': 'skillshot'}
2024-07-16 21:01:28,266 : INFO : Mode.skillshot : Stopped.
2024-07-16 21:01:28,266 : INFO : EventManager : Event: ======'modes_active_modes_changed'====== Args={}
2024-07-16 21:01:28,266 : INFO : EventManager : Event: ======'mode_skillshot_stopped'====== Args={}
2024-07-16 21:01:28,266 : INFO : EventManager : Event: ======'clear'====== Args={'key': 'skillshot'}
2024-07-16 21:01:28,268 : INFO : Timer.skillshot_rotate : Stopping Timer
2024-07-16 21:01:28,268 : INFO : EventManager : Event: ======'timer_skillshot_rotate_stopped'====== Args={'ticks': 6, 'ticks_remaining': 0}
2024-07-16 21:01:28,277 : INFO : EventManager : Event: ======'slide_skillshot_inactive'====== Args={'_from_bcp': True}
2024-07-16 21:01:28,277 : INFO : EventManager : Event: ======'slide_base_active'====== Args={'_from_bcp': True}
2024-07-16 21:01:28,277 : INFO : EventManager : Event: ======'slide_skillshot_removed'====== Args={'_from_bcp': True}
2024-07-16 21:01:28,360 : INFO : SwitchController : <<<<<<< 's_e_target' inactive >>>>>>>
2024-07-16 21:01:30,900 : INFO : SwitchController : <<<<<<< 's_p_target' active >>>>>>>
2024-07-16 21:01:30,900 : INFO : EventManager : Event: ======'s_p_target_active'====== Args={}
2024-07-16 21:01:30,901 : INFO : EventManager : Event: ======'machine_var_audits_switches_s_p_target'====== Args={'value': 278, 'prev_value': 277, 'change': 1}
2024-07-16 21:01:30,902 : INFO : EventManager : Event: ======'player_shot_qualify_p_target'====== Args={'value': 1, 'prev_value': 0, 'change': 1, 'player_num': 1}
2024-07-16 21:01:30,903 : INFO : EventManager : Event: ======'machine_var_audits_shots_qualify_p_target'====== Args={'value': 63, 'prev_value': 62, 'change': 1}
2024-07-16 21:01:30,911 : INFO : EventManager : Event: ======'qualify_p_target_hit'====== Args={'profile': 'default', 'state': 'unlit', 'advancing': True}
2024-07-16 21:01:30,913 : INFO : EventManager : Event: ======'qualify_p_target_default_hit'====== Args={'profile': 'default', 'state': 'unlit', 'advancing': True}
2024-07-16 21:01:30,913 : INFO : EventManager : Event: ======'qualify_p_target_default_unlit_hit'====== Args={'profile': 'default', 'state': 'unlit', 'advancing': True}
2024-07-16 21:01:30,914 : INFO : EventManager : Event: ======'qualify_p_target_unlit_hit'====== Args={'profile': 'default', 'state': 'unlit', 'advancing': True}
2024-07-16 21:01:30,914 : INFO : EventManager : Event: ======'player_score'====== Args={'value': 20100, 'prev_value': 20050, 'change': 50, 'player_num': 1, 'source': 'base'}
2024-07-16 21:01:30,915 : INFO : EventManager : Event: ======'qualify_mission_hit'====== Args={'shot': 'qualify_p_target'}
2024-07-16 21:01:30,915 : INFO : EventManager : Event: ======'qualify_mission_unlit_hit'====== Args={'shot': 'qualify_p_target'}
2024-07-16 21:01:30,994 : INFO : SwitchController : <<<<<<< 's_p_target' inactive >>>>>>>
2024-07-16 21:01:31,462 : INFO : SwitchController : <<<<<<< 's_r_target' active >>>>>>>
2024-07-16 21:01:31,463 : INFO : EventManager : Event: ======'s_r_target_active'====== Args={}
2024-07-16 21:01:31,463 : INFO : EventManager : Event: ======'machine_var_audits_switches_s_r_target'====== Args={'value': 122, 'prev_value': 121, 'change': 1}
2024-07-16 21:01:31,465 : INFO : EventManager : Event: ======'player_shot_qualify_r_target'====== Args={'value': 1, 'prev_value': 0, 'change': 1, 'player_num': 1}
2024-07-16 21:01:31,467 : INFO : EventManager : Event: ======'machine_var_audits_shots_qualify_r_target'====== Args={'value': 83, 'prev_value': 82, 'change': 1}
2024-07-16 21:01:31,468 : INFO : EventManager : Event: ======'qualify_r_target_hit'====== Args={'profile': 'default', 'state': 'unlit', 'advancing': True}
2024-07-16 21:01:31,468 : INFO : EventManager : Event: ======'qualify_r_target_default_hit'====== Args={'profile': 'default', 'state': 'unlit', 'advancing': True}
2024-07-16 21:01:31,468 : INFO : EventManager : Event: ======'qualify_r_target_default_unlit_hit'====== Args={'profile': 'default', 'state': 'unlit', 'advancing': True}
2024-07-16 21:01:31,468 : INFO : EventManager : Event: ======'qualify_r_target_unlit_hit'====== Args={'profile': 'default', 'state': 'unlit', 'advancing': True}
2024-07-16 21:01:31,469 : INFO : EventManager : Event: ======'player_score'====== Args={'value': 20150, 'prev_value': 20100, 'change': 50, 'player_num': 1, 'source': 'base'}
2024-07-16 21:01:31,469 : INFO : EventManager : Event: ======'qualify_mission_hit'====== Args={'shot': 'qualify_r_target'}
2024-07-16 21:01:31,470 : INFO : EventManager : Event: ======'qualify_mission_unlit_hit'====== Args={'shot': 'qualify_r_target'}
2024-07-16 21:01:31,563 : INFO : SwitchController : <<<<<<< 's_r_target' inactive >>>>>>>
2024-07-16 21:01:32,028 : INFO : SwitchController : <<<<<<< 's_o_target' active >>>>>>>
2024-07-16 21:01:32,029 : INFO : EventManager : Event: ======'s_o_target_active'====== Args={}
2024-07-16 21:01:32,029 : INFO : EventManager : Event: ======'machine_var_audits_switches_s_o_target'====== Args={'value': 102, 'prev_value': 101, 'change': 1}
2024-07-16 21:01:32,031 : INFO : EventManager : Event: ======'player_shot_qualify_o_target'====== Args={'value': 1, 'prev_value': 0, 'change': 1, 'player_num': 1}
2024-07-16 21:01:32,032 : INFO : EventManager : Event: ======'machine_var_audits_shots_qualify_o_target'====== Args={'value': 57, 'prev_value': 56, 'change': 1}
2024-07-16 21:01:32,033 : INFO : EventManager : Event: ======'qualify_o_target_hit'====== Args={'profile': 'default', 'state': 'unlit', 'advancing': True}
2024-07-16 21:01:32,034 : INFO : EventManager : Event: ======'qualify_o_target_default_hit'====== Args={'profile': 'default', 'state': 'unlit', 'advancing': True}
2024-07-16 21:01:32,034 : INFO : EventManager : Event: ======'qualify_o_target_default_unlit_hit'====== Args={'profile': 'default', 'state': 'unlit', 'advancing': True}
2024-07-16 21:01:32,034 : INFO : EventManager : Event: ======'qualify_o_target_unlit_hit'====== Args={'profile': 'default', 'state': 'unlit', 'advancing': True}
2024-07-16 21:01:32,034 : INFO : EventManager : Event: ======'player_score'====== Args={'value': 20200, 'prev_value': 20150, 'change': 50, 'player_num': 1, 'source': 'base'}
2024-07-16 21:01:32,035 : INFO : EventManager : Event: ======'qualify_mission_complete'====== Args={'state': 'lit'}
2024-07-16 21:01:32,036 : INFO : EventManager : Event: ======'qualify_mission_lit_complete'====== Args={}
2024-07-16 21:01:32,037 : INFO : EventManager : Event: ======'qualify_mission_hit'====== Args={'shot': 'qualify_o_target'}
2024-07-16 21:01:32,037 : INFO : EventManager : Event: ======'qualify_mission_unlit_hit'====== Args={'shot': 'qualify_o_target'}
2024-07-16 21:01:32,144 : INFO : SwitchController : <<<<<<< 's_o_target' inactive >>>>>>>
2024-07-16 21:01:33,037 : INFO : EventManager : Event: ======'player_shot_qualify_p_target'====== Args={'value': 0, 'prev_value': 1, 'change': -1, 'player_num': 1}
2024-07-16 21:01:33,041 : INFO : EventManager : Event: ======'player_shot_qualify_r_target'====== Args={'value': 0, 'prev_value': 1, 'change': -1, 'player_num': 1}
2024-07-16 21:01:33,043 : INFO : EventManager : Event: ======'player_shot_qualify_o_target'====== Args={'value': 0, 'prev_value': 1, 'change': -1, 'player_num': 1}
2024-07-16 21:01:33,044 : INFO : EventManager : Event: ======'qualify_mission_complete'====== Args={'state': 'unlit'}
2024-07-16 21:01:33,044 : INFO : EventManager : Event: ======'qualify_mission_unlit_complete'====== Args={}
2024-07-16 21:01:33,446 : INFO : SwitchController : <<<<<<< 's_scoop' active >>>>>>>
2024-07-16 21:01:33,447 : INFO : EventManager : Event: ======'machine_var_audits_switches_s_scoop'====== Args={'value': 73, 'prev_value': 72, 'change': 1}
2024-07-16 21:01:33,611 : INFO : SwitchController : <<<<<<< 's_scoop' inactive >>>>>>>
2024-07-16 21:01:35,086 : INFO : EventManager : Event: ======'ball_save_default_hurry_up'====== Args={}
2024-07-16 21:01:36,429 : INFO : SwitchController : <<<<<<< 's_scoop' active >>>>>>>
2024-07-16 21:01:36,430 : INFO : EventManager : Event: ======'machine_var_audits_switches_s_scoop'====== Args={'value': 74, 'prev_value': 73, 'change': 1}
2024-07-16 21:01:36,931 : INFO : EventManager : Event: ======'balldevice_bd_scoop_ball_count_changed'====== Args={'balls': 1}
2024-07-16 21:01:36,932 : INFO : ball_device.bd_scoop : Received unexpected ball
2024-07-16 21:01:36,933 : INFO : EventManager : Event: ======'balldevice_captured_from_playfield'====== Args={'balls': 1}
2024-07-16 21:01:36,934 : INFO : EventManager : Event: ======'sw_playfield_active'====== Args={'balls': 1}
2024-07-16 21:01:36,935 : INFO : EventManager : Event: ======'playfield_ball_count_change'====== Args={'balls': 0, 'change': -1}
2024-07-16 21:01:36,937 : INFO : EventManager : Event: ======'balldevice_bd_scoop_ball_enter'====== Args={'new_balls': 1, 'unclaimed_balls': 1, 'new_available_balls': 1, 'device': <ball_device.bd_scoop>}
2024-07-16 21:01:36,938 : INFO : EventManager : Event: ======'ball_hold_scoop_held_ball'====== Args={'balls_held': 1, 'total_balls_held': 1}
2024-07-16 21:01:36,938 : INFO : EventManager : Event: ======'ball_hold_scoop_full'====== Args={'balls': 1}
2024-07-16 21:01:36,939 : INFO : EventManager : Event: ======'mode_mission_select_will_start'====== Args={'balls': 1}
2024-07-16 21:01:36,940 : INFO : EventManager : Event: ======'mode_mission_select_starting'====== Args={'balls': 1}
2024-07-16 21:01:36,940 : INFO : Mode.mission_select : Started. Priority: 800
2024-07-16 21:01:36,940 : INFO : EventManager : Event: ======'modes_active_modes_changed'====== Args={}
2024-07-16 21:01:36,940 : INFO : EventManager : Event: ======'mode_mission_select_started'====== Args={'balls': 1}
2024-07-16 21:01:36,941 : INFO : EventManager : Event: ======'item_highlighted'====== Args={'carousel': 'mission_select', 'direction': None, 'item': 'beat_the_surfer'}
2024-07-16 21:01:36,942 : INFO : EventManager : Event: ======'balldevice_balls_available'====== Args={}
2024-07-16 21:01:36,942 : INFO : EventManager : Event: ======'balldevice_bd_scoop_ball_entered'====== Args={'new_balls': 1, 'device': <ball_device.bd_scoop>}
2024-07-16 21:01:36,978 : INFO : EventManager : Event: ======'slide_mission_select_created'====== Args={'_from_bcp': True}
2024-07-16 21:01:36,978 : INFO : EventManager : Event: ======'slide_base_inactive'====== Args={'_from_bcp': True}
2024-07-16 21:01:36,979 : INFO : EventManager : Event: ======'slide_mission_select_active'====== Args={'original_context': 'mission_select', 'original_calling_context': 'mode_mission_select_started', 'cmd': 'slides_play', '_from_bcp': True}
2024-07-16 21:01:37,077 : INFO : SwitchController : <<<<<<< 's_scoop' inactive >>>>>>>
2024-07-16 21:01:37,085 : INFO : EventManager : Event: ======'ball_save_default_grace_period'====== Args={}
2024-07-16 21:01:39,086 : INFO : EventManager : Event: ======'ball_save_default_disabled'====== Args={}
2024-07-16 21:01:42,580 : INFO : EventManager : Event: ======'balldevice_bd_scoop_ball_count_changed'====== Args={'balls': 0}
2024-07-16 21:01:42,581 : WARNING : ball_device.bd_scoop : Ball disappeared while idle. This should not normally happen.
2024-07-16 21:01:42,582 : INFO : EventManager : Event: ======'balldevice_playfield_ball_enter'====== Args={'new_balls': 1, 'unclaimed_balls': 1, 'device': <playfield.playfield>}
2024-07-16 21:01:42,582 : INFO : EventManager : Event: ======'playfield_ball_count_change'====== Args={'balls': 1, 'change': 1}
2024-07-16 21:01:42,583 : INFO : ball_device.bd_scoop : 1 ball(s) missing from device. Mechanical eject? False
2024-07-16 21:01:42,583 : INFO : EventManager : Event: ======'balldevice_bd_scoop_ball_missing'====== Args={'balls': 1}
2024-07-16 21:01:42,584 : INFO : ball_hold.scoop : Ball device <ball_device.bd_scoop> lost 1 balls, hold now has 0 balls held
2024-07-16 21:01:42,585 : INFO : EventManager : Event: ======'balldevice_ball_missing'====== Args={'balls': 1, 'name': 'bd_scoop'}
2024-07-16 21:02:30,972 : INFO : Machine : Shutting down...
2024-07-16 21:02:30,972 : INFO : EventManager : Event: ======'shutdown'====== Args={}
2024-07-16 21:02:30,977 : INFO : EventManager : Event: ======'mode_game_will_stop'====== Args={}
2024-07-16 21:02:30,977 : INFO : EventManager : Event: ======'mode_game_stopping'====== Args={}
2024-07-16 21:02:30,977 : INFO : EventManager : Event: ======'mode_base_will_stop'====== Args={}
2024-07-16 21:02:30,978 : INFO : EventManager : Event: ======'mode_base_stopping'====== Args={}
2024-07-16 21:02:30,978 : INFO : EventManager : Event: ======'mode_BBQ_rollover_will_stop'====== Args={}
2024-07-16 21:02:30,978 : INFO : EventManager : Event: ======'mode_BBQ_rollover_stopping'====== Args={}
2024-07-16 21:02:30,978 : INFO : EventManager : Event: ======'mode_mission_select_will_stop'====== Args={}
2024-07-16 21:02:30,978 : INFO : EventManager : Event: ======'mode_mission_select_stopping'====== Args={}
2024-07-16 21:02:30,978 : INFO : Mode.mission_select : Stopped.
2024-07-16 21:02:30,979 : INFO : EventManager : Event: ======'modes_active_modes_changed'====== Args={}
2024-07-16 21:02:30,979 : INFO : EventManager : Event: ======'mode_mission_select_stopped'====== Args={}
2024-07-16 21:02:30,979 : INFO : EventManager : Event: ======'clear'====== Args={'key': 'mission_select'}
2024-07-16 21:02:30,979 : INFO : Mode.BBQ_rollover : Stopped.
2024-07-16 21:02:30,979 : INFO : EventManager : Event: ======'modes_active_modes_changed'====== Args={}
2024-07-16 21:02:30,979 : INFO : EventManager : Event: ======'mode_BBQ_rollover_stopped'====== Args={}
2024-07-16 21:02:30,979 : INFO : EventManager : Event: ======'clear'====== Args={'key': 'BBQ_rollover'}
2024-07-16 21:02:30,981 : INFO : Mode.base : Stopped.
2024-07-16 21:02:30,981 : INFO : EventManager : Event: ======'modes_active_modes_changed'====== Args={}
2024-07-16 21:02:30,981 : INFO : EventManager : Event: ======'mode_base_stopped'====== Args={}
2024-07-16 21:02:30,981 : INFO : EventManager : Event: ======'clear'====== Args={'key': 'base'}
2024-07-16 21:02:30,982 : INFO : Mode.game : Stopped.
2024-07-16 21:02:30,983 : INFO : EventManager : Event: ======'modes_active_modes_changed'====== Args={}
2024-07-16 21:02:30,983 : INFO : EventManager : Event: ======'mode_game_stopped'====== Args={}
2024-07-16 21:02:30,983 : INFO : EventManager : Event: ======'clear'====== Args={'key': 'game'}
2024-07-16 21:02:30,986 : INFO : root : MPF run loop ended.
