2024-08-29 22:06:45,420 : INFO : root : Loading config.
2024-08-29 22:06:45,422 : INFO : YamlMultifileConfigLoader : Machine config file #1: config.yaml
2024-08-29 22:06:45,422 : INFO : ConfigProcessor : Loading config from cache: /var/folders/sv/d29kcl5x50v7vt1n6xb5jsd40000gn/T/c166cef8060ffee16a35821bf698da85.mpf_cache
2024-08-29 22:06:45,452 : INFO : ConfigProcessor : Loading config from cache: /var/folders/sv/d29kcl5x50v7vt1n6xb5jsd40000gn/T/6b31c5ac6ecbad948994a8204ea6b05b.mpf_cache
2024-08-29 22:06:45,453 : INFO : ConfigProcessor : Loading config from cache: /var/folders/sv/d29kcl5x50v7vt1n6xb5jsd40000gn/T/fe612d1e66c8a96c19ba449d3748eeac.mpf_cache
2024-08-29 22:06:45,453 : INFO : ConfigProcessor : Loading config from cache: /var/folders/sv/d29kcl5x50v7vt1n6xb5jsd40000gn/T/6b31c5ac6ecbad948994a8204ea6b05b.mpf_cache
2024-08-29 22:06:45,453 : INFO : ConfigProcessor : Loading config from cache: /var/folders/sv/d29kcl5x50v7vt1n6xb5jsd40000gn/T/8765227693ecd961e0504502a81255e0.mpf_cache
2024-08-29 22:06:45,453 : INFO : ConfigProcessor : Loading config from cache: /var/folders/sv/d29kcl5x50v7vt1n6xb5jsd40000gn/T/b247728c74b4d81bcb2825e2b07062a7.mpf_cache
2024-08-29 22:06:45,454 : INFO : ConfigProcessor : Loading config from cache: /var/folders/sv/d29kcl5x50v7vt1n6xb5jsd40000gn/T/f240f94f0b5d0f37ec4fd7571275a101.mpf_cache
2024-08-29 22:06:45,454 : INFO : ConfigProcessor : Loading config from cache: /var/folders/sv/d29kcl5x50v7vt1n6xb5jsd40000gn/T/6a2f50ed892485825cc04dc0a68eab9f.mpf_cache
2024-08-29 22:06:45,454 : INFO : ConfigProcessor : Loading config from cache: /var/folders/sv/d29kcl5x50v7vt1n6xb5jsd40000gn/T/d58c58eb9fd1a2dc27f8acd255fb3761.mpf_cache
2024-08-29 22:06:45,455 : INFO : ConfigProcessor : Loading config from cache: /var/folders/sv/d29kcl5x50v7vt1n6xb5jsd40000gn/T/07adfd310b3ef0e03c5cbc91527abb6c.mpf_cache
2024-08-29 22:06:45,455 : INFO : ConfigProcessor : Loading config from cache: /var/folders/sv/d29kcl5x50v7vt1n6xb5jsd40000gn/T/12bd5247c3bf989b919364bdb7829769.mpf_cache
2024-08-29 22:06:45,455 : INFO : ConfigProcessor : Loading config from cache: /var/folders/sv/d29kcl5x50v7vt1n6xb5jsd40000gn/T/362e08f51a1a1b7a0809dd52f9c83f83.mpf_cache
2024-08-29 22:06:45,455 : INFO : ConfigProcessor : Loading config from cache: /var/folders/sv/d29kcl5x50v7vt1n6xb5jsd40000gn/T/e0db17dd068fe6304aabdbeff00fac0d.mpf_cache
2024-08-29 22:06:45,456 : INFO : ConfigProcessor : Loading config from cache: /var/folders/sv/d29kcl5x50v7vt1n6xb5jsd40000gn/T/331d8d1a1bc190cae8c13495e1db372f.mpf_cache
2024-08-29 22:06:45,456 : INFO : ConfigProcessor : Loading config from cache: /var/folders/sv/d29kcl5x50v7vt1n6xb5jsd40000gn/T/d17a9ff77386e6f1439d0802ace1de07.mpf_cache
2024-08-29 22:06:45,456 : INFO : ConfigProcessor : Loading config from cache: /var/folders/sv/d29kcl5x50v7vt1n6xb5jsd40000gn/T/280fd64455d0d243a54ab4db98fbccbd.mpf_cache
2024-08-29 22:06:45,456 : INFO : ConfigProcessor : Loading config from cache: /var/folders/sv/d29kcl5x50v7vt1n6xb5jsd40000gn/T/0c0596ed8fbb40b6113901d21bdc0a39.mpf_cache
2024-08-29 22:06:45,457 : INFO : ConfigProcessor : Loading config from cache: /var/folders/sv/d29kcl5x50v7vt1n6xb5jsd40000gn/T/f521a0f834965d73920394ccceaa3c1c.mpf_cache
2024-08-29 22:06:45,457 : INFO : ConfigProcessor : Loading config from cache: /var/folders/sv/d29kcl5x50v7vt1n6xb5jsd40000gn/T/0fedc249e142fba0aaf46d9adc7061fa.mpf_cache
2024-08-29 22:06:45,457 : INFO : ConfigProcessor : Loading config from cache: /var/folders/sv/d29kcl5x50v7vt1n6xb5jsd40000gn/T/c57745b2fe399992c4aedf0209f8acc9.mpf_cache
2024-08-29 22:06:45,457 : INFO : ConfigProcessor : Loading config from cache: /var/folders/sv/d29kcl5x50v7vt1n6xb5jsd40000gn/T/4d7707f845442344c77faa09114dd414.mpf_cache
2024-08-29 22:06:45,458 : INFO : ConfigProcessor : Loading config from cache: /var/folders/sv/d29kcl5x50v7vt1n6xb5jsd40000gn/T/13b622eeb34cc558f4c171e6faf49f20.mpf_cache
2024-08-29 22:06:45,458 : INFO : ConfigProcessor : Loading config from cache: /var/folders/sv/d29kcl5x50v7vt1n6xb5jsd40000gn/T/897ffb6d77163469c302d894201d7081.mpf_cache
2024-08-29 22:06:45,458 : INFO : ConfigProcessor : Loading config from cache: /var/folders/sv/d29kcl5x50v7vt1n6xb5jsd40000gn/T/51caa30b8c50b4dd14ddbf8a263fb4c6.mpf_cache
2024-08-29 22:06:45,458 : INFO : ConfigProcessor : Loading config from cache: /var/folders/sv/d29kcl5x50v7vt1n6xb5jsd40000gn/T/aa4dd12681abd3ba3467de4d4b71c6b2.mpf_cache
2024-08-29 22:06:45,458 : INFO : ConfigProcessor : Loading config from cache: /var/folders/sv/d29kcl5x50v7vt1n6xb5jsd40000gn/T/edf8b775a93855f849af0e2eff0a7bac.mpf_cache
2024-08-29 22:06:45,458 : INFO : ConfigProcessor : Loading config from cache: /var/folders/sv/d29kcl5x50v7vt1n6xb5jsd40000gn/T/a8808f7c3567c8d62dc12e9ad7d55d7c.mpf_cache
2024-08-29 22:06:45,459 : INFO : ConfigProcessor : Loading config from cache: /var/folders/sv/d29kcl5x50v7vt1n6xb5jsd40000gn/T/3048ed2d7ea14eee3db896f6760aa474.mpf_cache
2024-08-29 22:06:45,459 : INFO : ConfigProcessor : Loading config from cache: /var/folders/sv/d29kcl5x50v7vt1n6xb5jsd40000gn/T/a14a120665a0ee9fd8a6e22274033983.mpf_cache
2024-08-29 22:06:45,459 : INFO : ConfigProcessor : Loading config from cache: /var/folders/sv/d29kcl5x50v7vt1n6xb5jsd40000gn/T/984de704eb69e43ca43e84d7915bfa21.mpf_cache
2024-08-29 22:06:45,460 : INFO : ConfigProcessor : Loading config from cache: /var/folders/sv/d29kcl5x50v7vt1n6xb5jsd40000gn/T/0a9cb7260d26760274024f443d38cc22.mpf_cache
2024-08-29 22:06:45,460 : INFO : ConfigProcessor : Loading config from cache: /var/folders/sv/d29kcl5x50v7vt1n6xb5jsd40000gn/T/deb753c2acdccb3c49ddc8f2a7e04ee6.mpf_cache
2024-08-29 22:06:45,460 : INFO : ConfigProcessor : Loading config from cache: /var/folders/sv/d29kcl5x50v7vt1n6xb5jsd40000gn/T/4a90c06755c4a5beef2ee4c243f54397.mpf_cache
2024-08-29 22:06:45,460 : INFO : Machine : Mission Pinball Framework Core Engine v0.80.0.dev1
2024-08-29 22:06:45,460 : INFO : Machine : Command line arguments: {'no_load_cache': False, 'create_config_cache': True, 'bcp': True, 'configfile': ['config.yaml'], 'force_assets_load': False, 'platform_integration_test': False, 'jsonlogging': False, 'logfile': 'logs/2024-08-29-22-06-45-mpf-Nicks-Air.lan.log', 'pause': False, 'production': False, 'text_ui': True, 'loglevel': 15, 'consoleloglevel': 20, 'force_platform': None, 'syslog_address': None, 'mc_file_name': None, 'no_sound': False, 'full_logfile_path': '/Users/nicktaseris/Desktop/Pinball/KOTH/logs/2024-08-29-22-06-45-mpf-Nicks-Air.lan.log'}
2024-08-29 22:06:45,460 : INFO : Machine : MPF path: /Users/nicktaseris/mpfenv/lib/python3.9/site-packages/mpf
2024-08-29 22:06:45,460 : INFO : Machine : Machine path: /Users/nicktaseris/Desktop/Pinball/KOTH
2024-08-29 22:06:45,460 : INFO : Machine : Platform: darwin
2024-08-29 22:06:45,460 : INFO : Machine : Python executable location: /Users/nicktaseris/mpfenv/bin/python3
2024-08-29 22:06:45,460 : INFO : Machine : Python version: 3.9.13 (64-bit)
2024-08-29 22:06:45,461 : INFO : Machine : Initializing MPF...
2024-08-29 22:06:45,490 : INFO : EventManager : Event: ======'machine_var_credits_string'====== Args={'value': 'FREE PLAY', 'prev_value': None, 'change': True}
2024-08-29 22:06:45,496 : INFO : EventManager : Event: ======'machine_var_master_volume'====== Args={'value': 0.5, 'prev_value': None, 'change': True}
2024-08-29 22:06:45,496 : INFO : EventManager : Event: ======'machine_var_player1_score'====== Args={'value': 34335100, 'prev_value': None, 'change': True}
2024-08-29 22:06:45,496 : INFO : EventManager : Event: ======'machine_var_mpf_version'====== Args={'value': 'Mission Pinball Framework v0.80.0.dev1', 'prev_value': None, 'change': True}
2024-08-29 22:06:45,496 : INFO : EventManager : Event: ======'machine_var_mpf_extended_version'====== Args={'value': 'Mission Pinball Framework v0.80.0.dev1, Config version:6, Show version: 6, BCP version:1.1', 'prev_value': None, 'change': True}
2024-08-29 22:06:45,496 : INFO : EventManager : Event: ======'machine_var_python_version'====== Args={'value': '3.9.13', 'prev_value': None, 'change': True}
2024-08-29 22:06:45,505 : INFO : EventManager : Event: ======'machine_var_platform'====== Args={'value': 'macOS-12.1-arm64-arm-64bit', 'prev_value': None, 'change': True}
2024-08-29 22:06:45,505 : INFO : EventManager : Event: ======'machine_var_platform_system'====== Args={'value': 'Darwin', 'prev_value': None, 'change': True}
2024-08-29 22:06:45,505 : INFO : EventManager : Event: ======'machine_var_platform_release'====== Args={'value': '21.2.0', 'prev_value': None, 'change': True}
2024-08-29 22:06:45,505 : INFO : EventManager : Event: ======'machine_var_platform_version'====== Args={'value': 'Darwin Kernel Version 21.2.0: Sun Nov 28 20:29:10 PST 2021; root:xnu-8019.61.5~1/RELEASE_ARM64_T8101', 'prev_value': None, 'change': True}
2024-08-29 22:06:45,505 : INFO : EventManager : Event: ======'machine_var_platform_machine'====== Args={'value': 'arm64', 'prev_value': None, 'change': True}
2024-08-29 22:06:45,505 : INFO : EventManager : Event: ======'machine_var_log_file_path'====== Args={'value': '/Users/nicktaseris/Desktop/Pinball/KOTH/logs/2024-08-29-22-06-45-mpf-Nicks-Air.lan.log', 'prev_value': None, 'change': True}
2024-08-29 22:06:45,505 : INFO : EventManager : Event: ======'init_phase_1'====== Args={}
2024-08-29 22:06:45,533 : INFO : EventManager : Event: ======'drop_target_bank_strickland_bank_up'====== Args={}
2024-08-29 22:06:45,534 : INFO : EventManager : Event: ======'init_phase_2'====== Args={}
2024-08-29 22:06:45,534 : INFO : SwitchController : Found active switch: ('39', <Platform.SmartVirtual>) <switch.s_trough1>
2024-08-29 22:06:45,534 : INFO : SwitchController : Found active switch: ('40', <Platform.SmartVirtual>) <switch.s_trough2>
2024-08-29 22:06:45,534 : INFO : SwitchController : Found active switch: ('41', <Platform.SmartVirtual>) <switch.s_trough3>
2024-08-29 22:06:45,534 : INFO : SwitchController : Found active switch: ('42', <Platform.SmartVirtual>) <switch.s_trough4>
2024-08-29 22:06:45,534 : INFO : SwitchController : Found active switch: ('43', <Platform.SmartVirtual>) <switch.s_trough5>
2024-08-29 22:06:45,534 : INFO : SwitchController : Found active switch: ('44', <Platform.SmartVirtual>) <switch.s_trough6>
2024-08-29 22:06:45,540 : INFO : EventManager : Event: ======'machine_var_score1_label'====== Args={'value': 'GRAND CHAMPION', 'prev_value': None, 'change': True}
2024-08-29 22:06:45,540 : INFO : EventManager : Event: ======'machine_var_score1_name'====== Args={'value': 'NJT', 'prev_value': None, 'change': True}
2024-08-29 22:06:45,540 : INFO : EventManager : Event: ======'machine_var_score1_value'====== Args={'value': 36245050, 'prev_value': None, 'change': True}
2024-08-29 22:06:45,540 : INFO : EventManager : Event: ======'machine_var_score2_label'====== Args={'value': 'HIGH SCORE 1', 'prev_value': None, 'change': True}
2024-08-29 22:06:45,540 : INFO : EventManager : Event: ======'machine_var_score2_name'====== Args={'value': 'NJT', 'prev_value': None, 'change': True}
2024-08-29 22:06:45,540 : INFO : EventManager : Event: ======'machine_var_score2_value'====== Args={'value': 36245050, 'prev_value': None, 'change': True}
2024-08-29 22:06:45,540 : INFO : EventManager : Event: ======'machine_var_score3_label'====== Args={'value': 'HIGH SCORE 2', 'prev_value': None, 'change': True}
2024-08-29 22:06:45,540 : INFO : EventManager : Event: ======'machine_var_score3_name'====== Args={'value': 'NNNNNNNNNNNNN', 'prev_value': None, 'change': True}
2024-08-29 22:06:45,540 : INFO : EventManager : Event: ======'machine_var_score3_value'====== Args={'value': 35245050, 'prev_value': None, 'change': True}
2024-08-29 22:06:45,540 : INFO : EventManager : Event: ======'machine_var_score4_label'====== Args={'value': 'HIGH SCORE 3', 'prev_value': None, 'change': True}
2024-08-29 22:06:45,540 : INFO : EventManager : Event: ======'machine_var_score4_name'====== Args={'value': 'NJT', 'prev_value': None, 'change': True}
2024-08-29 22:06:45,540 : INFO : EventManager : Event: ======'machine_var_score4_value'====== Args={'value': 34335100, 'prev_value': None, 'change': True}
2024-08-29 22:06:45,541 : INFO : EventManager : Event: ======'bcp_connection_attempt'====== Args={'name': 'local_display', 'host': 'localhost', 'port': 5050}
2024-08-29 22:06:45,541 : INFO : BCPClientSocket : Connecting BCP to 'local_display' at localhost:5050...
2024-08-29 22:06:45,544 : INFO : BCPClientSocket : Connected BCP to 'local_display' localhost:5050
2024-08-29 22:06:45,544 : INFO : EventManager : Event: ======'bcp_clients_connected'====== Args={}
2024-08-29 22:06:45,545 : INFO : ball_device.bd_trough : BCH: Initial count: 6
2024-08-29 22:06:45,545 : INFO : ball_device.bd_trough : State: idle
2024-08-29 22:06:45,545 : INFO : ball_device.bd_plunger : BCH: Initial count: 0
2024-08-29 22:06:45,545 : INFO : ball_device.bd_plunger : State: idle
2024-08-29 22:06:45,545 : INFO : ball_device.bd_scoop : BCH: Initial count: 0
2024-08-29 22:06:45,545 : INFO : ball_device.bd_scoop : State: idle
2024-08-29 22:06:45,550 : INFO : EventManager : Event: ======'init_phase_3'====== Args={}
2024-08-29 22:06:45,555 : INFO : EventManager : Event: ======'init_phase_4'====== Args={}
2024-08-29 22:06:45,556 : INFO : BallController : Initial balls found: 6
2024-08-29 22:06:45,556 : INFO : EventManager : Event: ======'machine_var_audits_events_game_ended'====== Args={'value': 14, 'prev_value': None, 'change': True}
2024-08-29 22:06:45,556 : INFO : EventManager : Event: ======'machine_var_audits_events_game_started'====== Args={'value': 1129, 'prev_value': None, 'change': True}
2024-08-29 22:06:45,556 : INFO : EventManager : Event: ======'machine_var_audits_missing_switches_s_a_target'====== Args={'value': 2, 'prev_value': None, 'change': True}
2024-08-29 22:06:45,556 : INFO : EventManager : Event: ======'machine_var_audits_missing_switches_s_bottom_inline_drop'====== Args={'value': 69, 'prev_value': None, 'change': True}
2024-08-29 22:06:45,556 : INFO : EventManager : Event: ======'machine_var_audits_missing_switches_s_bottom_pop_bumper'====== Args={'value': 23, 'prev_value': None, 'change': True}
2024-08-29 22:06:45,556 : INFO : EventManager : Event: ======'machine_var_audits_missing_switches_s_center_spinner'====== Args={'value': 105, 'prev_value': None, 'change': True}
2024-08-29 22:06:45,556 : INFO : EventManager : Event: ======'machine_var_audits_missing_switches_s_e_target'====== Args={'value': 1, 'prev_value': None, 'change': True}
2024-08-29 22:06:45,556 : INFO : EventManager : Event: ======'machine_var_audits_missing_switches_s_launch_button'====== Args={'value': 600, 'prev_value': None, 'change': True}
2024-08-29 22:06:45,557 : INFO : EventManager : Event: ======'machine_var_audits_missing_switches_s_left_flipper'====== Args={'value': 23, 'prev_value': None, 'change': True}
2024-08-29 22:06:45,557 : INFO : EventManager : Event: ======'machine_var_audits_missing_switches_s_left_inner_horseshoe'====== Args={'value': 207, 'prev_value': None, 'change': True}
2024-08-29 22:06:45,557 : INFO : EventManager : Event: ======'machine_var_audits_missing_switches_s_left_orbit_enter'====== Args={'value': 23, 'prev_value': None, 'change': True}
2024-08-29 22:06:45,557 : INFO : EventManager : Event: ======'machine_var_audits_missing_switches_s_left_orbit_exit'====== Args={'value': 321, 'prev_value': None, 'change': True}
2024-08-29 22:06:45,557 : INFO : EventManager : Event: ======'machine_var_audits_missing_switches_s_left_pop_bumper'====== Args={'value': 688, 'prev_value': None, 'change': True}
2024-08-29 22:06:45,557 : INFO : EventManager : Event: ======'machine_var_audits_missing_switches_s_left_ramp_enter'====== Args={'value': 401, 'prev_value': None, 'change': True}
2024-08-29 22:06:45,557 : INFO : EventManager : Event: ======'machine_var_audits_missing_switches_s_left_ramp_exit'====== Args={'value': 401, 'prev_value': None, 'change': True}
2024-08-29 22:06:45,557 : INFO : EventManager : Event: ======'machine_var_audits_missing_switches_s_left_ramp_standup'====== Args={'value': 13, 'prev_value': None, 'change': True}
2024-08-29 22:06:45,557 : INFO : EventManager : Event: ======'machine_var_audits_missing_switches_s_left_rollover_lane'====== Args={'value': 79, 'prev_value': None, 'change': True}
2024-08-29 22:06:45,557 : INFO : EventManager : Event: ======'machine_var_audits_missing_switches_s_left_sling'====== Args={'value': 779, 'prev_value': None, 'change': True}
2024-08-29 22:06:45,557 : INFO : EventManager : Event: ======'machine_var_audits_missing_switches_s_left_spinner'====== Args={'value': 230, 'prev_value': None, 'change': True}
2024-08-29 22:06:45,557 : INFO : EventManager : Event: ======'machine_var_audits_missing_switches_s_middle_inline_drop'====== Args={'value': 65, 'prev_value': None, 'change': True}
2024-08-29 22:06:45,557 : INFO : EventManager : Event: ======'machine_var_audits_missing_switches_s_middle_rollover_lane'====== Args={'value': 79, 'prev_value': None, 'change': True}
2024-08-29 22:06:45,557 : INFO : EventManager : Event: ======'machine_var_audits_missing_switches_s_n_target'====== Args={'value': 30, 'prev_value': None, 'change': True}
2024-08-29 22:06:45,557 : INFO : EventManager : Event: ======'machine_var_audits_missing_switches_s_o_target'====== Args={'value': 9, 'prev_value': None, 'change': True}
2024-08-29 22:06:45,558 : INFO : EventManager : Event: ======'machine_var_audits_missing_switches_s_p_target'====== Args={'value': 7, 'prev_value': None, 'change': True}
2024-08-29 22:06:45,558 : INFO : EventManager : Event: ======'machine_var_audits_missing_switches_s_r_target'====== Args={'value': 6, 'prev_value': None, 'change': True}
2024-08-29 22:06:45,558 : INFO : EventManager : Event: ======'machine_var_audits_missing_switches_s_right_flipper'====== Args={'value': 23, 'prev_value': None, 'change': True}
2024-08-29 22:06:45,558 : INFO : EventManager : Event: ======'machine_var_audits_missing_switches_s_right_inner_horseshoe'====== Args={'value': 92, 'prev_value': None, 'change': True}
2024-08-29 22:06:45,558 : INFO : EventManager : Event: ======'machine_var_audits_missing_switches_s_right_orbit_exit'====== Args={'value': 321, 'prev_value': None, 'change': True}
2024-08-29 22:06:45,558 : INFO : EventManager : Event: ======'machine_var_audits_missing_switches_s_right_pop_bumper'====== Args={'value': 112, 'prev_value': None, 'change': True}
2024-08-29 22:06:45,558 : INFO : EventManager : Event: ======'machine_var_audits_missing_switches_s_right_ramp_enter'====== Args={'value': 401, 'prev_value': None, 'change': True}
2024-08-29 22:06:45,558 : INFO : EventManager : Event: ======'machine_var_audits_missing_switches_s_right_ramp_exit'====== Args={'value': 401, 'prev_value': None, 'change': True}
2024-08-29 22:06:45,558 : INFO : EventManager : Event: ======'machine_var_audits_missing_switches_s_right_ramp_standup'====== Args={'value': 105, 'prev_value': None, 'change': True}
2024-08-29 22:06:45,558 : INFO : EventManager : Event: ======'machine_var_audits_missing_switches_s_right_rollover_lane'====== Args={'value': 79, 'prev_value': None, 'change': True}
2024-08-29 22:06:45,558 : INFO : EventManager : Event: ======'machine_var_audits_missing_switches_s_right_sling'====== Args={'value': 61, 'prev_value': None, 'change': True}
2024-08-29 22:06:45,558 : INFO : EventManager : Event: ======'machine_var_audits_missing_switches_s_start'====== Args={'value': 15, 'prev_value': None, 'change': True}
2024-08-29 22:06:45,558 : INFO : EventManager : Event: ======'machine_var_audits_missing_switches_s_top_inline_drop'====== Args={'value': 112, 'prev_value': None, 'change': True}
2024-08-29 22:06:45,559 : INFO : EventManager : Event: ======'machine_var_audits_missing_switches_s_trough1'====== Args={'value': 14, 'prev_value': None, 'change': True}
2024-08-29 22:06:45,559 : INFO : EventManager : Event: ======'machine_var_audits_missing_switches_s_trough2'====== Args={'value': 322, 'prev_value': None, 'change': True}
2024-08-29 22:06:45,559 : INFO : EventManager : Event: ======'machine_var_audits_missing_switches_s_trough3'====== Args={'value': 258, 'prev_value': None, 'change': True}
2024-08-29 22:06:45,559 : INFO : EventManager : Event: ======'machine_var_audits_missing_switches_s_trough4'====== Args={'value': 551, 'prev_value': None, 'change': True}
2024-08-29 22:06:45,559 : INFO : EventManager : Event: ======'machine_var_audits_missing_switches_s_trough5'====== Args={'value': 1084, 'prev_value': None, 'change': True}
2024-08-29 22:06:45,559 : INFO : EventManager : Event: ======'machine_var_audits_missing_switches_s_trough6'====== Args={'value': 1084, 'prev_value': None, 'change': True}
2024-08-29 22:06:45,559 : INFO : EventManager : Event: ======'machine_var_audits_missing_switches_s_trough_jam'====== Args={'value': 1017, 'prev_value': None, 'change': True}
2024-08-29 22:06:45,559 : INFO : EventManager : Event: ======'machine_var_audits_player_score'====== Args={'value': {'average': 16873553, 'top': [36245050, 36245050, 35245050, 34335100, 34245100, 32335100, 30565250, 29425150, 389100, 370600], 'total': 16}, 'prev_value': None, 'change': True}
2024-08-29 22:06:45,559 : INFO : EventManager : Event: ======'machine_var_audits_shots_a_rollover_lane'====== Args={'value': 32, 'prev_value': None, 'change': True}
2024-08-29 22:06:45,559 : INFO : EventManager : Event: ======'machine_var_audits_shots_a_target'====== Args={'value': 7, 'prev_value': None, 'change': True}
2024-08-29 22:06:45,560 : INFO : EventManager : Event: ======'machine_var_audits_shots_ball_lock_a_target'====== Args={'value': 6, 'prev_value': None, 'change': True}
2024-08-29 22:06:45,560 : INFO : EventManager : Event: ======'machine_var_audits_shots_ball_lock_e_target'====== Args={'value': 5, 'prev_value': None, 'change': True}
2024-08-29 22:06:45,560 : INFO : EventManager : Event: ======'machine_var_audits_shots_ball_lock_n_target'====== Args={'value': 5, 'prev_value': None, 'change': True}
2024-08-29 22:06:45,560 : INFO : EventManager : Event: ======'machine_var_audits_shots_ball_lock_p2_target'====== Args={'value': 9, 'prev_value': None, 'change': True}
2024-08-29 22:06:45,560 : INFO : EventManager : Event: ======'machine_var_audits_shots_bottom_inline_drop'====== Args={'value': 49, 'prev_value': None, 'change': True}
2024-08-29 22:06:45,560 : INFO : EventManager : Event: ======'machine_var_audits_shots_e_target'====== Args={'value': 3, 'prev_value': None, 'change': True}
2024-08-29 22:06:45,560 : INFO : EventManager : Event: ======'machine_var_audits_shots_h_rollover_lane'====== Args={'value': 36, 'prev_value': None, 'change': True}
2024-08-29 22:06:45,560 : INFO : EventManager : Event: ======'machine_var_audits_shots_k_rollover_lane'====== Args={'value': 32, 'prev_value': None, 'change': True}
2024-08-29 22:06:45,560 : INFO : EventManager : Event: ======'machine_var_audits_shots_left_rollover_lane'====== Args={'value': 219, 'prev_value': None, 'change': True}
2024-08-29 22:06:45,560 : INFO : EventManager : Event: ======'machine_var_audits_shots_middle_inline_drop'====== Args={'value': 48, 'prev_value': None, 'change': True}
2024-08-29 22:06:45,561 : INFO : EventManager : Event: ======'machine_var_audits_shots_middle_rollover_lane'====== Args={'value': 209, 'prev_value': None, 'change': True}
2024-08-29 22:06:45,561 : INFO : EventManager : Event: ======'machine_var_audits_shots_mode_scoop'====== Args={'value': 90, 'prev_value': None, 'change': True}
2024-08-29 22:06:45,561 : INFO : EventManager : Event: ======'machine_var_audits_shots_n_rollover_lane'====== Args={'value': 28, 'prev_value': None, 'change': True}
2024-08-29 22:06:45,561 : INFO : EventManager : Event: ======'machine_var_audits_shots_n_target'====== Args={'value': 9, 'prev_value': None, 'change': True}
2024-08-29 22:06:45,561 : INFO : EventManager : Event: ======'machine_var_audits_shots_o_target'====== Args={'value': 4, 'prev_value': None, 'change': True}
2024-08-29 22:06:45,561 : INFO : EventManager : Event: ======'machine_var_audits_shots_p2_target'====== Args={'value': 5, 'prev_value': None, 'change': True}
2024-08-29 22:06:45,561 : INFO : EventManager : Event: ======'machine_var_audits_shots_p_target'====== Args={'value': 8, 'prev_value': None, 'change': True}
2024-08-29 22:06:45,561 : INFO : EventManager : Event: ======'machine_var_audits_shots_qualify_a_target'====== Args={'value': 7, 'prev_value': None, 'change': True}
2024-08-29 22:06:45,562 : INFO : EventManager : Event: ======'machine_var_audits_shots_qualify_e_target'====== Args={'value': 8, 'prev_value': None, 'change': True}
2024-08-29 22:06:45,562 : INFO : EventManager : Event: ======'machine_var_audits_shots_qualify_n_target'====== Args={'value': 7, 'prev_value': None, 'change': True}
2024-08-29 22:06:45,562 : INFO : EventManager : Event: ======'machine_var_audits_shots_qualify_o_target'====== Args={'value': 452, 'prev_value': None, 'change': True}
2024-08-29 22:06:45,562 : INFO : EventManager : Event: ======'machine_var_audits_shots_qualify_p2_target'====== Args={'value': 9, 'prev_value': None, 'change': True}
2024-08-29 22:06:45,562 : INFO : EventManager : Event: ======'machine_var_audits_shots_qualify_p_target'====== Args={'value': 420, 'prev_value': None, 'change': True}
2024-08-29 22:06:45,562 : INFO : EventManager : Event: ======'machine_var_audits_shots_qualify_r_target'====== Args={'value': 466, 'prev_value': None, 'change': True}
2024-08-29 22:06:45,562 : INFO : EventManager : Event: ======'machine_var_audits_shots_r_target'====== Args={'value': 14, 'prev_value': None, 'change': True}
2024-08-29 22:06:45,562 : INFO : EventManager : Event: ======'machine_var_audits_shots_rainey_multiball_ball_lock_a_target'====== Args={'value': 109, 'prev_value': None, 'change': True}
2024-08-29 22:06:45,563 : INFO : EventManager : Event: ======'machine_var_audits_shots_rainey_multiball_ball_lock_e_target'====== Args={'value': 96, 'prev_value': None, 'change': True}
2024-08-29 22:06:45,563 : INFO : EventManager : Event: ======'machine_var_audits_shots_rainey_multiball_ball_lock_n_target'====== Args={'value': 89, 'prev_value': None, 'change': True}
2024-08-29 22:06:45,563 : INFO : EventManager : Event: ======'machine_var_audits_shots_rainey_multiball_ball_lock_p2_target'====== Args={'value': 186, 'prev_value': None, 'change': True}
2024-08-29 22:06:45,563 : INFO : EventManager : Event: ======'machine_var_audits_shots_right_rollover_lane'====== Args={'value': 213, 'prev_value': None, 'change': True}
2024-08-29 22:06:45,563 : INFO : EventManager : Event: ======'machine_var_audits_shots_scoop'====== Args={'value': 285, 'prev_value': None, 'change': True}
2024-08-29 22:06:45,563 : INFO : EventManager : Event: ======'machine_var_audits_shots_scoop_mission_select'====== Args={'value': 57, 'prev_value': None, 'change': True}
2024-08-29 22:06:45,563 : INFO : EventManager : Event: ======'machine_var_audits_shots_shot_left_ramp'====== Args={'value': 17, 'prev_value': None, 'change': True}
2024-08-29 22:06:45,564 : INFO : EventManager : Event: ======'machine_var_audits_shots_shot_right_ramp'====== Args={'value': 24, 'prev_value': None, 'change': True}
2024-08-29 22:06:45,564 : INFO : EventManager : Event: ======'machine_var_audits_shots_skillshot_a_target'====== Args={'value': 104, 'prev_value': None, 'change': True}
2024-08-29 22:06:45,564 : INFO : EventManager : Event: ======'machine_var_audits_shots_skillshot_e_target'====== Args={'value': 88, 'prev_value': None, 'change': True}
2024-08-29 22:06:45,564 : INFO : EventManager : Event: ======'machine_var_audits_shots_skillshot_n_target'====== Args={'value': 68, 'prev_value': None, 'change': True}
2024-08-29 22:06:45,564 : INFO : EventManager : Event: ======'machine_var_audits_shots_skillshot_o_target'====== Args={'value': 156, 'prev_value': None, 'change': True}
2024-08-29 22:06:45,564 : INFO : EventManager : Event: ======'machine_var_audits_shots_skillshot_p2_target'====== Args={'value': 157, 'prev_value': None, 'change': True}
2024-08-29 22:06:45,564 : INFO : EventManager : Event: ======'machine_var_audits_shots_skillshot_p_target'====== Args={'value': 89, 'prev_value': None, 'change': True}
2024-08-29 22:06:45,564 : INFO : EventManager : Event: ======'machine_var_audits_shots_skillshot_r_target'====== Args={'value': 172, 'prev_value': None, 'change': True}
2024-08-29 22:06:45,565 : INFO : EventManager : Event: ======'machine_var_audits_shots_spinner'====== Args={'value': 11, 'prev_value': None, 'change': True}
2024-08-29 22:06:45,565 : INFO : EventManager : Event: ======'machine_var_audits_shots_top_inline_drop'====== Args={'value': 8, 'prev_value': None, 'change': True}
2024-08-29 22:06:45,565 : INFO : EventManager : Event: ======'machine_var_audits_switches_s_a_target'====== Args={'value': 237, 'prev_value': None, 'change': True}
2024-08-29 22:06:45,565 : INFO : EventManager : Event: ======'machine_var_audits_switches_s_bottom_inline_drop'====== Args={'value': 1071, 'prev_value': None, 'change': True}
2024-08-29 22:06:45,565 : INFO : EventManager : Event: ======'machine_var_audits_switches_s_bottom_pop_bumper'====== Args={'value': 494, 'prev_value': None, 'change': True}
2024-08-29 22:06:45,565 : INFO : EventManager : Event: ======'machine_var_audits_switches_s_center_spinner'====== Args={'value': 288, 'prev_value': None, 'change': True}
2024-08-29 22:06:45,565 : INFO : EventManager : Event: ======'machine_var_audits_switches_s_e_target'====== Args={'value': 229, 'prev_value': None, 'change': True}
2024-08-29 22:06:45,566 : INFO : EventManager : Event: ======'machine_var_audits_switches_s_launch_button'====== Args={'value': 10, 'prev_value': None, 'change': True}
2024-08-29 22:06:45,566 : INFO : EventManager : Event: ======'machine_var_audits_switches_s_left_flipper'====== Args={'value': 630, 'prev_value': None, 'change': True}
2024-08-29 22:06:45,566 : INFO : EventManager : Event: ======'machine_var_audits_switches_s_left_inlane'====== Args={'value': 43, 'prev_value': None, 'change': True}
2024-08-29 22:06:45,566 : INFO : EventManager : Event: ======'machine_var_audits_switches_s_left_inner_horseshoe'====== Args={'value': 19, 'prev_value': None, 'change': True}
2024-08-29 22:06:45,566 : INFO : EventManager : Event: ======'machine_var_audits_switches_s_left_orbit_enter'====== Args={'value': 101, 'prev_value': None, 'change': True}
2024-08-29 22:06:45,566 : INFO : EventManager : Event: ======'machine_var_audits_switches_s_left_orbit_exit'====== Args={'value': 21, 'prev_value': None, 'change': True}
2024-08-29 22:06:45,567 : INFO : EventManager : Event: ======'machine_var_audits_switches_s_left_outlane'====== Args={'value': 62, 'prev_value': None, 'change': True}
2024-08-29 22:06:45,567 : INFO : EventManager : Event: ======'machine_var_audits_switches_s_left_pop_bumper'====== Args={'value': 9, 'prev_value': None, 'change': True}
2024-08-29 22:06:45,567 : INFO : EventManager : Event: ======'machine_var_audits_switches_s_left_ramp_enter'====== Args={'value': 30, 'prev_value': None, 'change': True}
2024-08-29 22:06:45,567 : INFO : EventManager : Event: ======'machine_var_audits_switches_s_left_ramp_exit'====== Args={'value': 37, 'prev_value': None, 'change': True}
2024-08-29 22:06:45,567 : INFO : EventManager : Event: ======'machine_var_audits_switches_s_left_ramp_standup'====== Args={'value': 1528, 'prev_value': None, 'change': True}
2024-08-29 22:06:45,567 : INFO : EventManager : Event: ======'machine_var_audits_switches_s_left_rollover_lane'====== Args={'value': 224, 'prev_value': None, 'change': True}
2024-08-29 22:06:45,568 : INFO : EventManager : Event: ======'machine_var_audits_switches_s_left_sling'====== Args={'value': 12, 'prev_value': None, 'change': True}
2024-08-29 22:06:45,568 : INFO : EventManager : Event: ======'machine_var_audits_switches_s_left_spinner'====== Args={'value': 144, 'prev_value': None, 'change': True}
2024-08-29 22:06:45,568 : INFO : EventManager : Event: ======'machine_var_audits_switches_s_middle_inline_drop'====== Args={'value': 1052, 'prev_value': None, 'change': True}
2024-08-29 22:06:45,568 : INFO : EventManager : Event: ======'machine_var_audits_switches_s_middle_rollover_lane'====== Args={'value': 212, 'prev_value': None, 'change': True}
2024-08-29 22:06:45,568 : INFO : EventManager : Event: ======'machine_var_audits_switches_s_n_target'====== Args={'value': 209, 'prev_value': None, 'change': True}
2024-08-29 22:06:45,568 : INFO : EventManager : Event: ======'machine_var_audits_switches_s_o_target'====== Args={'value': 508, 'prev_value': None, 'change': True}
2024-08-29 22:06:45,569 : INFO : EventManager : Event: ======'machine_var_audits_switches_s_p2_target'====== Args={'value': 266, 'prev_value': None, 'change': True}
2024-08-29 22:06:45,569 : INFO : EventManager : Event: ======'machine_var_audits_switches_s_p_target'====== Args={'value': 649, 'prev_value': None, 'change': True}
2024-08-29 22:06:45,569 : INFO : EventManager : Event: ======'machine_var_audits_switches_s_plunger'====== Args={'value': 1446, 'prev_value': None, 'change': True}
2024-08-29 22:06:45,569 : INFO : EventManager : Event: ======'machine_var_audits_switches_s_plunger_lane'====== Args={'value': 39, 'prev_value': None, 'change': True}
2024-08-29 22:06:45,569 : INFO : EventManager : Event: ======'machine_var_audits_switches_s_plunger_lane_exit'====== Args={'value': 1128, 'prev_value': None, 'change': True}
2024-08-29 22:06:45,569 : INFO : EventManager : Event: ======'machine_var_audits_switches_s_r_target'====== Args={'value': 514, 'prev_value': None, 'change': True}
2024-08-29 22:06:45,570 : INFO : EventManager : Event: ======'machine_var_audits_switches_s_right_flipper'====== Args={'value': 2208, 'prev_value': None, 'change': True}
2024-08-29 22:06:45,570 : INFO : EventManager : Event: ======'machine_var_audits_switches_s_right_inlane'====== Args={'value': 37, 'prev_value': None, 'change': True}
2024-08-29 22:06:45,570 : INFO : EventManager : Event: ======'machine_var_audits_switches_s_right_inner_horseshoe'====== Args={'value': 25, 'prev_value': None, 'change': True}
2024-08-29 22:06:45,570 : INFO : EventManager : Event: ======'machine_var_audits_switches_s_right_orbit_exit'====== Args={'value': 34, 'prev_value': None, 'change': True}
2024-08-29 22:06:45,570 : INFO : EventManager : Event: ======'machine_var_audits_switches_s_right_outlane'====== Args={'value': 40, 'prev_value': None, 'change': True}
2024-08-29 22:06:45,571 : INFO : EventManager : Event: ======'machine_var_audits_switches_s_right_pop_bumper'====== Args={'value': 23, 'prev_value': None, 'change': True}
2024-08-29 22:06:45,571 : INFO : EventManager : Event: ======'machine_var_audits_switches_s_right_ramp_enter'====== Args={'value': 16, 'prev_value': None, 'change': True}
2024-08-29 22:06:45,571 : INFO : EventManager : Event: ======'machine_var_audits_switches_s_right_ramp_exit'====== Args={'value': 26, 'prev_value': None, 'change': True}
2024-08-29 22:06:45,571 : INFO : EventManager : Event: ======'machine_var_audits_switches_s_right_ramp_standup'====== Args={'value': 312, 'prev_value': None, 'change': True}
2024-08-29 22:06:45,571 : INFO : EventManager : Event: ======'machine_var_audits_switches_s_right_rollover_lane'====== Args={'value': 227, 'prev_value': None, 'change': True}
2024-08-29 22:06:45,571 : INFO : EventManager : Event: ======'machine_var_audits_switches_s_right_sling'====== Args={'value': 12, 'prev_value': None, 'change': True}
2024-08-29 22:06:45,572 : INFO : EventManager : Event: ======'machine_var_audits_switches_s_scoop'====== Args={'value': 788, 'prev_value': None, 'change': True}
2024-08-29 22:06:45,572 : INFO : EventManager : Event: ======'machine_var_audits_switches_s_start'====== Args={'value': 804, 'prev_value': None, 'change': True}
2024-08-29 22:06:45,572 : INFO : EventManager : Event: ======'machine_var_audits_switches_s_top_inline_drop'====== Args={'value': 58, 'prev_value': None, 'change': True}
2024-08-29 22:06:45,572 : INFO : EventManager : Event: ======'machine_var_audits_switches_s_trough1'====== Args={'value': 548, 'prev_value': None, 'change': True}
2024-08-29 22:06:45,572 : INFO : EventManager : Event: ======'machine_var_audits_switches_s_trough2'====== Args={'value': 36, 'prev_value': None, 'change': True}
2024-08-29 22:06:45,573 : INFO : EventManager : Event: ======'machine_var_audits_switches_s_trough3'====== Args={'value': 21, 'prev_value': None, 'change': True}
2024-08-29 22:06:45,573 : INFO : EventManager : Event: ======'machine_var_audits_switches_s_trough4'====== Args={'value': 3, 'prev_value': None, 'change': True}
2024-08-29 22:06:45,573 : INFO : EventManager : Event: ======'machine_var_audits_switches_s_trough5'====== Args={'value': 2, 'prev_value': None, 'change': True}
2024-08-29 22:06:45,573 : INFO : EventManager : Event: ======'machine_var_audits_switches_s_trough6'====== Args={'value': 1, 'prev_value': None, 'change': True}
2024-08-29 22:06:45,574 : INFO : EventManager : Event: ======'machine_var_audits_switches_s_trough_jam'====== Args={'value': 5, 'prev_value': None, 'change': True}
2024-08-29 22:06:45,574 : INFO : EventManager : Event: ======'init_phase_5'====== Args={}
2024-08-29 22:06:45,577 : INFO : EventManager : Event: ======'init_done'====== Args={}
2024-08-29 22:06:45,577 : INFO : EventManager : Event: ======'machine_reset_phase_1'====== Args={}
2024-08-29 22:06:45,581 : INFO : EventManager : Event: ======'machine_reset_phase_2'====== Args={}
2024-08-29 22:06:45,581 : INFO : EventManager : Event: ======'machine_reset_phase_3'====== Args={}
2024-08-29 22:06:45,581 : INFO : drop_target_bank.strickland_bank : All targets are already up. Will not reset bank.
2024-08-29 22:06:45,581 : INFO : EventManager : Event: ======'reset_complete'====== Args={}
2024-08-29 22:06:45,581 : INFO : EventManager : Event: ======'mode_attract_will_start'====== Args={}
2024-08-29 22:06:45,581 : INFO : Timer.attract_switch : Starting Timer.
2024-08-29 22:06:45,581 : INFO : EventManager : Event: ======'timer_attract_switch_started'====== Args={'ticks': 0, 'ticks_remaining': 46}
2024-08-29 22:06:45,581 : INFO : EventManager : Event: ======'timer_attract_switch_tick'====== Args={'ticks': 0, 'ticks_remaining': 46}
2024-08-29 22:06:45,582 : INFO : EventManager : Event: ======'mode_attract_starting'====== Args={}
2024-08-29 22:06:45,582 : INFO : Mode.attract : Started. Priority: 10
2024-08-29 22:06:45,582 : INFO : EventManager : Event: ======'modes_active_modes_changed'====== Args={}
2024-08-29 22:06:45,582 : INFO : EventManager : Event: ======'mode_attract_started'====== Args={}
2024-08-29 22:06:45,582 : INFO : EventManager : Event: ======'collecting_balls_complete'====== Args={}
2024-08-29 22:06:45,582 : INFO : Machine : Starting the main run loop.
2024-08-29 22:06:46,024 : INFO : SwitchController : <<<<<<< 's_start' active >>>>>>>
2024-08-29 22:06:46,025 : INFO : EventManager : Event: ======'s_start_active'====== Args={}
2024-08-29 22:06:46,025 : INFO : EventManager : Event: ======'sw_add_player'====== Args={'priority': 0}
2024-08-29 22:06:46,149 : INFO : SwitchController : <<<<<<< 's_start' inactive >>>>>>>
2024-08-29 22:06:46,150 : INFO : EventManager : Event: ======'request_to_start_game'====== Args={}
2024-08-29 22:06:46,151 : INFO : EventManager : Event: ======'game_start'====== Args={'buttons': [], 'hold_time': 0.12504637500000004}
2024-08-29 22:06:46,151 : INFO : EventManager : Event: ======'mode_game_will_start'====== Args={'buttons': [], 'hold_time': 0.12504637500000004}
2024-08-29 22:06:46,152 : INFO : EventManager : Event: ======'mode_game_starting'====== Args={'buttons': [], 'hold_time': 0.12504637500000004}
2024-08-29 22:06:46,153 : INFO : EventManager : Event: ======'mode_attract_will_stop'====== Args={}
2024-08-29 22:06:46,153 : INFO : EventManager : Event: ======'mode_attract_stopping'====== Args={}
2024-08-29 22:06:46,153 : INFO : Mode.attract : Stopped.
2024-08-29 22:06:46,153 : INFO : EventManager : Event: ======'modes_active_modes_changed'====== Args={}
2024-08-29 22:06:46,155 : INFO : EventManager : Event: ======'mode_attract_stopped'====== Args={}
2024-08-29 22:06:46,155 : INFO : EventManager : Event: ======'clear'====== Args={'key': 'attract'}
2024-08-29 22:06:46,155 : INFO : Timer.attract_switch : Stopping Timer
2024-08-29 22:06:46,155 : INFO : EventManager : Event: ======'timer_attract_switch_stopped'====== Args={'ticks': 0, 'ticks_remaining': 46}
2024-08-29 22:06:46,156 : INFO : Mode.game : Started. Priority: 20
2024-08-29 22:06:46,156 : INFO : EventManager : Event: ======'modes_active_modes_changed'====== Args={}
2024-08-29 22:06:46,156 : INFO : EventManager : Event: ======'mode_game_started'====== Args={'buttons': [], 'hold_time': 0.12504637500000004}
2024-08-29 22:06:46,157 : INFO : EventManager : Event: ======'game_will_start'====== Args={}
2024-08-29 22:06:46,158 : INFO : EventManager : Event: ======'game_starting'====== Args={'game': <Mode.game>}
2024-08-29 22:06:46,159 : INFO : EventManager : Unordered handler for class <Auditor> on event game_ended with priority 1. Handlers: [RegisteredHandler(callback=<bound method Auditor.disable of <Auditor>>, priority=1, kwargs={}, key=UUID('d1408f42-a078-420c-af14-b1f86a622cac'), condition=None, blocking_facility=None), RegisteredHandler(callback=<bound method Auditor._save_audits of <Auditor>>, priority=1, kwargs={}, key=UUID('2fdb3220-6be6-4de9-88d6-f06dc80c7f50'), condition=None, blocking_facility=None)]. The order of those handlers is not defined and they will be executed in random order. This might lead to race conditions and potential bugs.
2024-08-29 22:06:46,159 : INFO : EventManager : Event: ======'player_add_request'====== Args={}
2024-08-29 22:06:46,160 : INFO : EventManager : Event: ======'player_will_add'====== Args={'number': 1}
2024-08-29 22:06:46,160 : INFO : EventManager : Event: ======'player_adding'====== Args={'player': <Player 1>, 'number': 1}
2024-08-29 22:06:46,160 : INFO : EventManager : Event: ======'player_added'====== Args={'player': <Player 1>, 'num': 1}
2024-08-29 22:06:46,160 : INFO : Mode.game : Player added successfully. Total players: 1
2024-08-29 22:06:46,161 : INFO : EventManager : Event: ======'player_index'====== Args={'value': 0, 'prev_value': 0, 'change': 0, 'player_num': 1}
2024-08-29 22:06:46,161 : INFO : EventManager : Event: ======'player_number'====== Args={'value': 1, 'prev_value': 1, 'change': 0, 'player_num': 1}
2024-08-29 22:06:46,161 : INFO : EventManager : Event: ======'player_score'====== Args={'value': 0, 'prev_value': 0, 'change': 0, 'player_num': 1}
2024-08-29 22:06:46,162 : INFO : EventManager : Event: ======'game_started'====== Args={}
2024-08-29 22:06:46,173 : INFO : EventManager : Event: ======'player_turn_will_start'====== Args={'player': <Player 1>, 'number': 1}
2024-08-29 22:06:46,174 : INFO : EventManager : Event: ======'slide__removed'====== Args={'_from_bcp': True}
2024-08-29 22:06:46,175 : INFO : EventManager : Event: ======'player_turn_starting'====== Args={'player': <Player 1>, 'number': 1}
2024-08-29 22:06:46,175 : INFO : EventManager : Event: ======'player_ball'====== Args={'value': 1, 'prev_value': 0, 'change': 1, 'player_num': 1}
2024-08-29 22:06:46,176 : INFO : EventManager : Event: ======'player_turn_started'====== Args={'player': <Player 1>, 'number': 1}
2024-08-29 22:06:46,177 : INFO : EventManager : Event: ======'ball_will_start'====== Args={'player': 1, 'ball': 1, 'balls_remaining': 2, 'is_extra_ball': False}
2024-08-29 22:06:46,177 : INFO : EventManager : Event: ======'ball_starting'====== Args={'player': 1, 'ball': 1, 'balls_remaining': 2, 'is_extra_ball': False}
2024-08-29 22:06:46,177 : INFO : EventManager : Event: ======'mode_rainey_multiball_will_start'====== Args={'queue': <QueuedEvent>, 'player': 1, 'ball': 1, 'balls_remaining': 2, 'is_extra_ball': False}
2024-08-29 22:06:46,179 : INFO : EventManager : Event: ======'mode_rainey_multiball_starting'====== Args={'queue': <QueuedEvent>, 'player': 1, 'ball': 1, 'balls_remaining': 2, 'is_extra_ball': False}
2024-08-29 22:06:46,179 : INFO : EventManager : Event: ======'mode_skillshot_will_start'====== Args={'queue': <QueuedEvent>, 'player': 1, 'ball': 1, 'balls_remaining': 2, 'is_extra_ball': False}
2024-08-29 22:06:46,179 : INFO : EventManager : Event: ======'skillshot_complete'====== Args={'state': 'None'}
2024-08-29 22:06:46,179 : INFO : EventManager : Event: ======'skillshot_None_complete'====== Args={}
2024-08-29 22:06:46,180 : INFO : EventManager : Event: ======'player_shot_skillshot_p_target_enabled'====== Args={'value': True, 'prev_value': 0, 'change': 1, 'player_num': 1}
2024-08-29 22:06:46,181 : INFO : EventManager : Event: ======'player_shot_skillshot_r_target_enabled'====== Args={'value': True, 'prev_value': 0, 'change': 1, 'player_num': 1}
2024-08-29 22:06:46,181 : INFO : EventManager : Event: ======'player_shot_skillshot_o_target_enabled'====== Args={'value': True, 'prev_value': 0, 'change': 1, 'player_num': 1}
2024-08-29 22:06:46,182 : INFO : EventManager : Event: ======'player_shot_skillshot_p2_target_enabled'====== Args={'value': True, 'prev_value': 0, 'change': 1, 'player_num': 1}
2024-08-29 22:06:46,182 : INFO : EventManager : Event: ======'player_shot_skillshot_a_target_enabled'====== Args={'value': True, 'prev_value': 0, 'change': 1, 'player_num': 1}
2024-08-29 22:06:46,183 : INFO : EventManager : Event: ======'player_shot_skillshot_n_target_enabled'====== Args={'value': True, 'prev_value': 0, 'change': 1, 'player_num': 1}
2024-08-29 22:06:46,183 : INFO : EventManager : Event: ======'player_shot_skillshot_e_target_enabled'====== Args={'value': True, 'prev_value': 0, 'change': 1, 'player_num': 1}
2024-08-29 22:06:46,183 : INFO : EventManager : Event: ======'player_skillshot_skillshot_rotate_tick'====== Args={'value': 0, 'prev_value': 0, 'change': 0, 'player_num': 1}
2024-08-29 22:06:46,184 : INFO : Timer.skillshot_rotate : Starting Timer.
2024-08-29 22:06:46,184 : INFO : EventManager : Event: ======'timer_skillshot_rotate_started'====== Args={'ticks': 0, 'ticks_remaining': 0}
2024-08-29 22:06:46,184 : INFO : EventManager : Event: ======'timer_skillshot_rotate_tick'====== Args={'ticks': 0, 'ticks_remaining': 0}
2024-08-29 22:06:46,186 : INFO : EventManager : Event: ======'mode_skillshot_starting'====== Args={'queue': <QueuedEvent>, 'player': 1, 'ball': 1, 'balls_remaining': 2, 'is_extra_ball': False}
2024-08-29 22:06:46,186 : INFO : drop_target_bank.strickland_bank : All targets are already up. Will not reset bank.
2024-08-29 22:06:46,186 : INFO : EventManager : Event: ======'cmd_flippers_enable'====== Args={'priority': 0}
2024-08-29 22:06:46,186 : INFO : EventManager : Event: ======'cmd_autofire_coils_enable'====== Args={'priority': 0}
2024-08-29 22:06:46,186 : INFO : EventManager : Event: ======'cmd_drop_targets_reset'====== Args={'priority': 0}
2024-08-29 22:06:46,186 : INFO : Mode.skillshot : Started. Priority: 200
2024-08-29 22:06:46,186 : INFO : EventManager : Event: ======'modes_active_modes_changed'====== Args={}
2024-08-29 22:06:46,186 : INFO : EventManager : Event: ======'mode_skillshot_started'====== Args={'queue': <QueuedEvent>, 'player': 1, 'ball': 1, 'balls_remaining': 2, 'is_extra_ball': False}
2024-08-29 22:06:46,187 : INFO : EventManager : Event: ======'player_shot_skillshot_p_target'====== Args={'value': 1, 'prev_value': 0, 'change': 1, 'player_num': 1}
2024-08-29 22:06:46,187 : INFO : EventManager : Event: ======'balls_in_play'====== Args={'balls': 1}
2024-08-29 22:06:46,187 : INFO : EventManager : Event: ======'ball_started'====== Args={'player': 1, 'ball': 1, 'balls_remaining': 2, 'is_extra_ball': False}
2024-08-29 22:06:46,188 : INFO : EventManager : Event: ======'logicblock_mb_counter_updated'====== Args={'value': 0, 'enabled': False}
2024-08-29 22:06:46,188 : INFO : Mode.rainey_multiball : Started. Priority: 250
2024-08-29 22:06:46,188 : INFO : EventManager : Event: ======'modes_active_modes_changed'====== Args={}
2024-08-29 22:06:46,188 : INFO : EventManager : Event: ======'mode_rainey_multiball_started'====== Args={'queue': <QueuedEvent>, 'player': 1, 'ball': 1, 'balls_remaining': 2, 'is_extra_ball': False}
2024-08-29 22:06:46,188 : INFO : EventManager : Event: ======'mode_extra_ball_will_start'====== Args={'player': 1, 'ball': 1, 'balls_remaining': 2, 'is_extra_ball': False}
2024-08-29 22:06:46,188 : INFO : EventManager : Event: ======'player_extra_ball_score_one_num_awarded'====== Args={'value': 0, 'prev_value': 0, 'change': 0, 'player_num': 1}
2024-08-29 22:06:46,188 : INFO : EventManager : Event: ======'player_extra_ball_score_two_num_awarded'====== Args={'value': 0, 'prev_value': 0, 'change': 0, 'player_num': 1}
2024-08-29 22:06:46,188 : INFO : EventManager : Event: ======'player_extra_ball_score_three_num_awarded'====== Args={'value': 0, 'prev_value': 0, 'change': 0, 'player_num': 1}
2024-08-29 22:06:46,189 : INFO : EventManager : Event: ======'mode_extra_ball_starting'====== Args={'player': 1, 'ball': 1, 'balls_remaining': 2, 'is_extra_ball': False}
2024-08-29 22:06:46,189 : INFO : EventManager : Event: ======'mode_hank_rollover_will_start'====== Args={'player': 1, 'ball': 1, 'balls_remaining': 2, 'is_extra_ball': False}
2024-08-29 22:06:46,189 : INFO : EventManager : Event: ======'player_shot_h_rollover_lane_enabled'====== Args={'value': True, 'prev_value': 0, 'change': 1, 'player_num': 1}
2024-08-29 22:06:46,190 : INFO : EventManager : Event: ======'player_shot_a_rollover_lane_enabled'====== Args={'value': True, 'prev_value': 0, 'change': 1, 'player_num': 1}
2024-08-29 22:06:46,190 : INFO : EventManager : Event: ======'player_shot_n_rollover_lane_enabled'====== Args={'value': True, 'prev_value': 0, 'change': 1, 'player_num': 1}
2024-08-29 22:06:46,190 : INFO : EventManager : Event: ======'player_shot_k_rollover_lane_enabled'====== Args={'value': True, 'prev_value': 0, 'change': 1, 'player_num': 1}
2024-08-29 22:06:46,191 : INFO : EventManager : Event: ======'hank_lanes_complete'====== Args={'state': 'unlit'}
2024-08-29 22:06:46,191 : INFO : EventManager : Event: ======'hank_lanes_unlit_complete'====== Args={}
2024-08-29 22:06:46,192 : INFO : EventManager : Event: ======'mode_hank_rollover_starting'====== Args={'player': 1, 'ball': 1, 'balls_remaining': 2, 'is_extra_ball': False}
2024-08-29 22:06:46,192 : INFO : EventManager : Event: ======'mode_BBQ_rollover_will_start'====== Args={'player': 1, 'ball': 1, 'balls_remaining': 2, 'is_extra_ball': False}
2024-08-29 22:06:46,192 : INFO : EventManager : Event: ======'player_shot_left_rollover_lane_enabled'====== Args={'value': True, 'prev_value': 0, 'change': 1, 'player_num': 1}
2024-08-29 22:06:46,193 : INFO : EventManager : Event: ======'player_shot_middle_rollover_lane_enabled'====== Args={'value': True, 'prev_value': 0, 'change': 1, 'player_num': 1}
2024-08-29 22:06:46,193 : INFO : EventManager : Event: ======'player_shot_right_rollover_lane_enabled'====== Args={'value': True, 'prev_value': 0, 'change': 1, 'player_num': 1}
2024-08-29 22:06:46,193 : INFO : EventManager : Event: ======'BBQ_lanes_complete'====== Args={'state': 'unlit'}
2024-08-29 22:06:46,193 : INFO : EventManager : Event: ======'BBQ_lanes_unlit_complete'====== Args={}
2024-08-29 22:06:46,195 : INFO : EventManager : Event: ======'mode_BBQ_rollover_starting'====== Args={'player': 1, 'ball': 1, 'balls_remaining': 2, 'is_extra_ball': False}
2024-08-29 22:06:46,195 : INFO : EventManager : Event: ======'mode_base_will_start'====== Args={'player': 1, 'ball': 1, 'balls_remaining': 2, 'is_extra_ball': False}
2024-08-29 22:06:46,195 : INFO : EventManager : Event: ======'player_shot_qualify_p_target_enabled'====== Args={'value': True, 'prev_value': 0, 'change': 1, 'player_num': 1}
2024-08-29 22:06:46,195 : INFO : EventManager : Event: ======'player_shot_qualify_r_target_enabled'====== Args={'value': True, 'prev_value': 0, 'change': 1, 'player_num': 1}
2024-08-29 22:06:46,196 : INFO : EventManager : Event: ======'player_shot_qualify_o_target_enabled'====== Args={'value': True, 'prev_value': 0, 'change': 1, 'player_num': 1}
2024-08-29 22:06:46,196 : INFO : EventManager : Event: ======'player_shot_mode_scoop_enabled'====== Args={'value': False, 'prev_value': 0, 'change': 0, 'player_num': 1}
2024-08-29 22:06:46,196 : INFO : EventManager : Event: ======'player_shot_rainey_multiball_ball_lock_p2_target_enabled'====== Args={'value': True, 'prev_value': 0, 'change': 1, 'player_num': 1}
2024-08-29 22:06:46,196 : INFO : EventManager : Event: ======'player_shot_rainey_multiball_ball_lock_a_target_enabled'====== Args={'value': True, 'prev_value': 0, 'change': 1, 'player_num': 1}
2024-08-29 22:06:46,196 : INFO : EventManager : Event: ======'player_shot_rainey_multiball_ball_lock_n_target_enabled'====== Args={'value': True, 'prev_value': 0, 'change': 1, 'player_num': 1}
2024-08-29 22:06:46,197 : INFO : EventManager : Event: ======'player_shot_rainey_multiball_ball_lock_e_target_enabled'====== Args={'value': True, 'prev_value': 0, 'change': 1, 'player_num': 1}
2024-08-29 22:06:46,197 : INFO : EventManager : Event: ======'player_shot_bottom_inline_drop_enabled'====== Args={'value': True, 'prev_value': 0, 'change': 1, 'player_num': 1}
2024-08-29 22:06:46,197 : INFO : EventManager : Event: ======'player_shot_middle_inline_drop_enabled'====== Args={'value': True, 'prev_value': 0, 'change': 1, 'player_num': 1}
2024-08-29 22:06:46,197 : INFO : EventManager : Event: ======'player_shot_top_inline_drop_enabled'====== Args={'value': True, 'prev_value': 0, 'change': 1, 'player_num': 1}
2024-08-29 22:06:46,197 : INFO : EventManager : Event: ======'qualify_mission_complete'====== Args={'state': 'unlit'}
2024-08-29 22:06:46,197 : INFO : EventManager : Event: ======'qualify_mission_unlit_complete'====== Args={}
2024-08-29 22:06:46,198 : INFO : EventManager : Event: ======'light_rainey_multiball_ball_lock_complete'====== Args={'state': 'unlit'}
2024-08-29 22:06:46,198 : INFO : EventManager : Event: ======'light_rainey_multiball_ball_lock_unlit_complete'====== Args={}
2024-08-29 22:06:46,198 : INFO : EventManager : Event: ======'strickland_drops_complete'====== Args={'state': 'unlit'}
2024-08-29 22:06:46,198 : INFO : EventManager : Event: ======'strickland_drops_unlit_complete'====== Args={}
2024-08-29 22:06:46,199 : INFO : EventManager : Event: ======'achievement_bill_bulk_and_the_body_buddies_changed_state'====== Args={'restore': False, 'state': 'enabled', 'selected': False}
2024-08-29 22:06:46,199 : INFO : EventManager : Event: ======'achievement_bill_bulk_and_the_body_buddies_state_enabled'====== Args={'restore': False, 'state': 'enabled', 'selected': False}
2024-08-29 22:06:46,203 : INFO : EventManager : Event: ======'mode_base_starting'====== Args={'player': 1, 'ball': 1, 'balls_remaining': 2, 'is_extra_ball': False}
2024-08-29 22:06:46,203 : INFO : EventManager : Event: ======'mode_strickland_multiball_will_start'====== Args={'state': 'unlit'}
2024-08-29 22:06:46,204 : INFO : EventManager : Event: ======'mode_strickland_multiball_starting'====== Args={'state': 'unlit'}
2024-08-29 22:06:46,204 : INFO : Mode.strickland_multiball : Started. Priority: 250
2024-08-29 22:06:46,204 : INFO : EventManager : Event: ======'modes_active_modes_changed'====== Args={}
2024-08-29 22:06:46,204 : INFO : EventManager : Event: ======'mode_strickland_multiball_started'====== Args={'state': 'unlit'}
2024-08-29 22:06:46,204 : INFO : Mode.extra_ball : Started. Priority: 900
2024-08-29 22:06:46,204 : INFO : EventManager : Event: ======'modes_active_modes_changed'====== Args={}
2024-08-29 22:06:46,204 : INFO : EventManager : Event: ======'mode_extra_ball_started'====== Args={'player': 1, 'ball': 1, 'balls_remaining': 2, 'is_extra_ball': False}
2024-08-29 22:06:46,209 : INFO : EventManager : Event: ======'logicblock_lb_hank_complete_count_updated'====== Args={'value': 1, 'enabled': True}
2024-08-29 22:06:46,209 : INFO : EventManager : Event: ======'logicblock_lb_hank_complete_count_updated'====== Args={'value': 1, 'enabled': True}
2024-08-29 22:06:46,209 : INFO : Mode.hank_rollover : Started. Priority: 200
2024-08-29 22:06:46,209 : INFO : EventManager : Event: ======'modes_active_modes_changed'====== Args={}
2024-08-29 22:06:46,209 : INFO : EventManager : Event: ======'mode_hank_rollover_started'====== Args={'player': 1, 'ball': 1, 'balls_remaining': 2, 'is_extra_ball': False}
2024-08-29 22:06:46,210 : INFO : EventManager : Event: ======'logicblock_lb_BBQ_complete_count_updated'====== Args={'value': 1, 'enabled': True}
2024-08-29 22:06:46,210 : INFO : EventManager : Event: ======'logicblock_lb_BBQ_complete_count_updated'====== Args={'value': 1, 'enabled': True}
2024-08-29 22:06:46,210 : INFO : Mode.BBQ_rollover : Started. Priority: 200
2024-08-29 22:06:46,210 : INFO : EventManager : Event: ======'modes_active_modes_changed'====== Args={}
2024-08-29 22:06:46,210 : INFO : EventManager : Event: ======'mode_BBQ_rollover_started'====== Args={'player': 1, 'ball': 1, 'balls_remaining': 2, 'is_extra_ball': False}
2024-08-29 22:06:46,210 : INFO : EventManager : Event: ======'player_bonus_multiplier'====== Args={'value': 1, 'prev_value': 0, 'change': 1, 'player_num': 1, 'source': 'BBQ_rollover'}
2024-08-29 22:06:46,210 : INFO : EventManager : Event: ======'logicblock_bill_mini_wizard_updated'====== Args={'value': [False, False], 'enabled': True}
2024-08-29 22:06:46,210 : INFO : EventManager : Event: ======'logicblock_dale_mini_wizard_updated'====== Args={'value': [False, False], 'enabled': True}
2024-08-29 22:06:46,210 : INFO : EventManager : Event: ======'logicblock_hank_mini_wizard_updated'====== Args={'value': [False, False], 'enabled': True}
2024-08-29 22:06:46,210 : INFO : EventManager : Event: ======'logicblock_boom_mini_wizard_updated'====== Args={'value': [False, False], 'enabled': True}
2024-08-29 22:06:46,210 : INFO : EventManager : Event: ======'logicblock_wizard_mode_updated'====== Args={'value': [False, False, False, False], 'enabled': True}
2024-08-29 22:06:46,211 : INFO : EventManager : Event: ======'logicblock_bill_mini_wizard_updated'====== Args={'value': [False, False], 'enabled': True}
2024-08-29 22:06:46,211 : INFO : EventManager : Event: ======'logicblock_dale_mini_wizard_updated'====== Args={'value': [False, False], 'enabled': True}
2024-08-29 22:06:46,211 : INFO : EventManager : Event: ======'logicblock_hank_mini_wizard_updated'====== Args={'value': [False, False], 'enabled': True}
2024-08-29 22:06:46,211 : INFO : EventManager : Event: ======'logicblock_boom_mini_wizard_updated'====== Args={'value': [False, False], 'enabled': True}
2024-08-29 22:06:46,211 : INFO : EventManager : Event: ======'logicblock_wizard_mode_updated'====== Args={'value': [False, False, False, False], 'enabled': True}
2024-08-29 22:06:46,211 : INFO : Mode.base : Started. Priority: 100
2024-08-29 22:06:46,211 : INFO : EventManager : Event: ======'modes_active_modes_changed'====== Args={}
2024-08-29 22:06:46,211 : INFO : EventManager : Event: ======'mode_base_started'====== Args={'player': 1, 'ball': 1, 'balls_remaining': 2, 'is_extra_ball': False}
2024-08-29 22:06:46,211 : INFO : EventManager : Event: ======'ball_save_default_enabled'====== Args={}
2024-08-29 22:06:46,211 : INFO : EventManager : Event: ======'single_player_ball_started'====== Args={}
2024-08-29 22:06:46,211 : INFO : EventManager : Event: ======'ball_start_target'====== Args={'target': 'playfield'}
2024-08-29 22:06:46,212 : INFO : ball_device.bd_plunger : Setting up player-controlled eject. Balls: 1, Target: <playfield.playfield>, player_controlled_eject_event: s_launch_button_inactive
2024-08-29 22:06:46,212 : INFO : EventManager : Event: ======'balldevice_balls_available'====== Args={}
2024-08-29 22:06:46,212 : INFO : ball_device.bd_trough : State: waiting_for_target_ready
2024-08-29 22:06:46,212 : INFO : EventManager : Event: ======'balldevice_bd_trough_ball_eject_attempt'====== Args={'balls': 1, 'target': <ball_device.bd_plunger>, 'source': <ball_device.bd_trough>, 'mechanical_eject': True, 'num_attempts': 0}
2024-08-29 22:06:46,212 : INFO : ball_device.bd_plunger : State: waiting_for_ball
2024-08-29 22:06:46,212 : INFO : ball_device.bd_trough : State: ejecting
2024-08-29 22:06:46,213 : INFO : ball_device.bd_trough : Ejecting ball to <ball_device.bd_plunger>
2024-08-29 22:06:46,213 : INFO : EventManager : Event: ======'balldevice_bd_trough_ejecting_ball'====== Args={'balls': 1, 'target': <ball_device.bd_plunger>, 'source': <ball_device.bd_trough>, 'mechanical_eject': True, 'num_attempts': 0}
2024-08-29 22:06:46,213 : INFO : ball_device.bd_trough : Wait for ball to leave device
2024-08-29 22:06:46,213 : INFO : coil.c_trough_eject : Pulsing Driver for 20ms (1.0 pulse_power)
2024-08-29 22:06:46,213 : INFO : SwitchController : <<<<<<< 's_trough1' inactive >>>>>>>
2024-08-29 22:06:46,214 : INFO : ball_device.bd_trough : State: ball_left
2024-08-29 22:06:46,214 : INFO : ball_device.bd_trough : Ball left
2024-08-29 22:06:46,214 : INFO : ball_device.bd_trough : Wait for confirm with timeout 3.0
2024-08-29 22:06:46,217 : INFO : EventManager : Event: ======'slide_arlen_intro_created'====== Args={'_from_bcp': True}
2024-08-29 22:06:46,218 : INFO : EventManager : Event: ======'slide_arlen_intro_active'====== Args={'original_context': 'skillshot', 'original_calling_context': 'mode_skillshot_started{ball==1}', 'priority': 200.0, 'queue': '<QueuedEvent>', 'player': 1.0, 'ball': 1.0, 'balls_remaining': 2.0, 'is_extra_ball': False, 'cmd': 'slides_play', '_from_bcp': True}
2024-08-29 22:06:46,226 : INFO : EventManager : Event: ======'slide_base_created'====== Args={'_from_bcp': True}
2024-08-29 22:06:46,297 : INFO : SwitchController : <<<<<<< 's_plunger' active >>>>>>>
2024-08-29 22:06:46,297 : INFO : EventManager : Event: ======'machine_var_audits_switches_s_plunger'====== Args={'value': 1447, 'prev_value': 1446, 'change': 1}
2024-08-29 22:06:46,362 : INFO : BcpServer : New client connected.
2024-08-29 22:06:46,387 : INFO : SwitchController : <<<<<<< 's_plunger' inactive >>>>>>>
2024-08-29 22:06:46,684 : INFO : EventManager : Event: ======'player_skillshot_skillshot_rotate_tick'====== Args={'value': 1, 'prev_value': 0, 'change': 1, 'player_num': 1}
2024-08-29 22:06:46,685 : INFO : EventManager : Event: ======'timer_skillshot_rotate_tick'====== Args={'ticks': 1, 'ticks_remaining': 0}
2024-08-29 22:06:46,686 : INFO : EventManager : Event: ======'player_shot_skillshot_p_target'====== Args={'value': 0, 'prev_value': 1, 'change': -1, 'player_num': 1}
2024-08-29 22:06:46,687 : INFO : EventManager : Event: ======'player_shot_skillshot_r_target'====== Args={'value': 1, 'prev_value': 0, 'change': 1, 'player_num': 1}
2024-08-29 22:06:47,184 : INFO : EventManager : Event: ======'player_skillshot_skillshot_rotate_tick'====== Args={'value': 2, 'prev_value': 1, 'change': 1, 'player_num': 1}
2024-08-29 22:06:47,185 : INFO : EventManager : Event: ======'timer_skillshot_rotate_tick'====== Args={'ticks': 2, 'ticks_remaining': 0}
2024-08-29 22:06:47,186 : INFO : EventManager : Event: ======'player_shot_skillshot_r_target'====== Args={'value': 0, 'prev_value': 1, 'change': -1, 'player_num': 1}
2024-08-29 22:06:47,188 : INFO : EventManager : Event: ======'player_shot_skillshot_o_target'====== Args={'value': 1, 'prev_value': 0, 'change': 1, 'player_num': 1}
2024-08-29 22:06:47,684 : INFO : EventManager : Event: ======'player_skillshot_skillshot_rotate_tick'====== Args={'value': 3, 'prev_value': 2, 'change': 1, 'player_num': 1}
2024-08-29 22:06:47,685 : INFO : EventManager : Event: ======'timer_skillshot_rotate_tick'====== Args={'ticks': 3, 'ticks_remaining': 0}
2024-08-29 22:06:47,685 : INFO : EventManager : Event: ======'player_shot_skillshot_o_target'====== Args={'value': 0, 'prev_value': 1, 'change': -1, 'player_num': 1}
2024-08-29 22:06:47,686 : INFO : EventManager : Event: ======'player_shot_skillshot_p2_target'====== Args={'value': 1, 'prev_value': 0, 'change': 1, 'player_num': 1}
2024-08-29 22:06:47,819 : INFO : SwitchController : <<<<<<< 's_plunger_lane_exit' active >>>>>>>
2024-08-29 22:06:47,819 : INFO : EventManager : Event: ======'s_plunger_lane_exit_active'====== Args={}
2024-08-29 22:06:47,819 : INFO : EventManager : Event: ======'sw_playfield_active'====== Args={}
2024-08-29 22:06:47,819 : INFO : EventManager : Event: ======'machine_var_audits_switches_s_plunger_lane_exit'====== Args={'value': 1129, 'prev_value': 1128, 'change': 1}
2024-08-29 22:06:47,820 : INFO : EventManager : Event: ======'ball_save_default_timer_start'====== Args={}
2024-08-29 22:06:47,820 : INFO : EventManager : Event: ======'playfield_active'====== Args={}
2024-08-29 22:06:47,820 : INFO : EventManager : Event: ======'unexpected_ball_on_playfield'====== Args={}
2024-08-29 22:06:47,824 : INFO : EventManager : Event: ======'ball_save_default_hurry_up'====== Args={}
2024-08-29 22:06:47,895 : INFO : SwitchController : <<<<<<< 's_plunger_lane_exit' inactive >>>>>>>
2024-08-29 22:06:47,895 : INFO : EventManager : Event: ======'s_plunger_lane_exit_inactive'====== Args={}
2024-08-29 22:06:47,895 : INFO : Timer.skillshot_rotate : Stopping Timer
2024-08-29 22:06:47,895 : INFO : EventManager : Event: ======'timer_skillshot_rotate_stopped'====== Args={'ticks': 3, 'ticks_remaining': 0}
2024-08-29 22:06:47,895 : INFO : EventManager : Event: ======'advance_skillshot_4'====== Args={'priority': 0}
2024-08-29 22:06:47,895 : INFO : EventManager : Event: ======'player_shot_skillshot_p2_target'====== Args={'value': 2, 'prev_value': 1, 'change': 1, 'player_num': 1}
2024-08-29 22:06:49,215 : INFO : ball_device.bd_trough : State: failed_confirm
2024-08-29 22:06:49,216 : INFO : ball_device.bd_trough : Got timeout (3.0s) before confirm from <ball_device.bd_plunger>
2024-08-29 22:06:49,217 : INFO : ball_device.bd_plunger : Expecting incoming ball which may skip the device.
2024-08-29 22:06:49,217 : INFO : EventManager : Event: ======'balldevice_bd_plunger_ejecting_ball'====== Args={'balls': 1, 'target': <playfield.playfield>, 'source': <ball_device.bd_plunger>, 'mechanical_eject': False, 'num_attempts': 1}
2024-08-29 22:06:49,402 : INFO : SwitchController : <<<<<<< 's_o_target' active >>>>>>>
2024-08-29 22:06:49,402 : INFO : EventManager : Event: ======'playfield_active'====== Args={}
2024-08-29 22:06:49,402 : INFO : EventManager : Event: ======'playfield_active'====== Args={}
2024-08-29 22:06:49,402 : INFO : EventManager : Event: ======'s_o_target_active'====== Args={}
2024-08-29 22:06:49,402 : INFO : EventManager : Event: ======'machine_var_audits_switches_s_o_target'====== Args={'value': 509, 'prev_value': 508, 'change': 1}
2024-08-29 22:06:49,404 : INFO : EventManager : Event: ======'machine_var_audits_shots_skillshot_o_target'====== Args={'value': 157, 'prev_value': 156, 'change': 1}
2024-08-29 22:06:49,404 : INFO : EventManager : Event: ======'skillshot_o_target_hit'====== Args={'profile': 'skillshot_profile', 'state': 'off', 'advancing': False}
2024-08-29 22:06:49,404 : INFO : EventManager : Event: ======'skillshot_o_target_skillshot_profile_hit'====== Args={'profile': 'skillshot_profile', 'state': 'off', 'advancing': False}
2024-08-29 22:06:49,404 : INFO : EventManager : Event: ======'skillshot_o_target_skillshot_profile_off_hit'====== Args={'profile': 'skillshot_profile', 'state': 'off', 'advancing': False}
2024-08-29 22:06:49,405 : INFO : EventManager : Event: ======'skillshot_o_target_off_hit'====== Args={'profile': 'skillshot_profile', 'state': 'off', 'advancing': False}
2024-08-29 22:06:49,405 : INFO : EventManager : Event: ======'player_shot_qualify_o_target'====== Args={'value': 1, 'prev_value': 0, 'change': 1, 'player_num': 1}
2024-08-29 22:06:49,411 : INFO : EventManager : Event: ======'machine_var_audits_shots_qualify_o_target'====== Args={'value': 453, 'prev_value': 452, 'change': 1}
2024-08-29 22:06:49,411 : INFO : EventManager : Event: ======'qualify_o_target_hit'====== Args={'profile': 'mission_qualify', 'state': 'unlit', 'advancing': True}
2024-08-29 22:06:49,412 : INFO : EventManager : Event: ======'qualify_o_target_mission_qualify_hit'====== Args={'profile': 'mission_qualify', 'state': 'unlit', 'advancing': True}
2024-08-29 22:06:49,412 : INFO : EventManager : Event: ======'qualify_o_target_mission_qualify_unlit_hit'====== Args={'profile': 'mission_qualify', 'state': 'unlit', 'advancing': True}
2024-08-29 22:06:49,412 : INFO : EventManager : Event: ======'qualify_o_target_unlit_hit'====== Args={'profile': 'mission_qualify', 'state': 'unlit', 'advancing': True}
2024-08-29 22:06:49,412 : INFO : EventManager : Event: ======'player_score'====== Args={'value': 50, 'prev_value': 0, 'change': 50, 'player_num': 1, 'source': 'base'}
2024-08-29 22:06:49,412 : INFO : EventManager : Event: ======'skillshot_hit'====== Args={'shot': 'skillshot_o_target'}
2024-08-29 22:06:49,412 : INFO : EventManager : Event: ======'skillshot_off_hit'====== Args={'shot': 'skillshot_o_target'}
2024-08-29 22:06:49,412 : INFO : EventManager : Event: ======'stop_mode_skillshot'====== Args={'priority': 0}
2024-08-29 22:06:49,413 : INFO : EventManager : Event: ======'mode_skillshot_will_stop'====== Args={}
2024-08-29 22:06:49,413 : INFO : EventManager : Event: ======'mode_skillshot_stopping'====== Args={}
2024-08-29 22:06:49,413 : INFO : EventManager : Event: ======'qualify_mission_hit'====== Args={'shot': 'qualify_o_target'}
2024-08-29 22:06:49,414 : INFO : EventManager : Event: ======'qualify_mission_unlit_hit'====== Args={'shot': 'qualify_o_target'}
2024-08-29 22:06:49,415 : INFO : Mode.skillshot : Stopped.
2024-08-29 22:06:49,415 : INFO : EventManager : Event: ======'modes_active_modes_changed'====== Args={}
2024-08-29 22:06:49,415 : INFO : EventManager : Event: ======'mode_skillshot_stopped'====== Args={}
2024-08-29 22:06:49,415 : INFO : EventManager : Event: ======'clear'====== Args={'key': 'skillshot'}
2024-08-29 22:06:49,416 : INFO : Timer.skillshot_rotate : Stopping Timer
2024-08-29 22:06:49,416 : INFO : EventManager : Event: ======'timer_skillshot_rotate_stopped'====== Args={'ticks': 3, 'ticks_remaining': 0}
2024-08-29 22:06:49,433 : INFO : EventManager : Event: ======'widget_skillshot_missed_active'====== Args={'original_context': 'base', 'original_calling_context': 'skillshot_off_hit', 'priority': 100.0, 'shot': 'skillshot_o_target', 'cmd': 'widgets_play', '_from_bcp': True}
2024-08-29 22:06:49,439 : INFO : EventManager : Event: ======'widget_propane_widget_o_active'====== Args={'original_context': 'base', 'original_calling_context': 'qualify_o_target_hit', 'priority': 100.0, 'profile': 'mission_qualify', 'state': 'unlit', 'advancing': True, 'cmd': 'widgets_play', '_from_bcp': True}
2024-08-29 22:06:49,439 : INFO : EventManager : Event: ======'slide_arlen_intro_inactive'====== Args={'is_removing': True, '_from_bcp': True}
2024-08-29 22:06:49,439 : INFO : EventManager : Event: ======'slide_base_active'====== Args={'_from_bcp': True}
2024-08-29 22:06:49,509 : INFO : SwitchController : <<<<<<< 's_o_target' inactive >>>>>>>
2024-08-29 22:06:49,821 : INFO : EventManager : Event: ======'ball_save_default_grace_period'====== Args={}
2024-08-29 22:06:50,195 : INFO : EventManager : Event: ======'slide_arlen_intro_removed'====== Args={'_from_bcp': True}
2024-08-29 22:06:50,368 : INFO : SwitchController : <<<<<<< 's_left_inlane' active >>>>>>>
2024-08-29 22:06:50,368 : INFO : EventManager : Event: ======'playfield_active'====== Args={}
2024-08-29 22:06:50,368 : INFO : EventManager : Event: ======'s_left_inlane_active'====== Args={}
2024-08-29 22:06:50,368 : INFO : EventManager : Event: ======'machine_var_audits_switches_s_left_inlane'====== Args={'value': 44, 'prev_value': 43, 'change': 1}
2024-08-29 22:06:50,369 : INFO : EventManager : Event: ======'player_shot_a_rollover_lane'====== Args={'value': 1, 'prev_value': 0, 'change': 1, 'player_num': 1}
2024-08-29 22:06:50,370 : INFO : EventManager : Event: ======'machine_var_audits_shots_a_rollover_lane'====== Args={'value': 33, 'prev_value': 32, 'change': 1}
2024-08-29 22:06:50,370 : INFO : EventManager : Event: ======'a_rollover_lane_hit'====== Args={'profile': 'default', 'state': 'unlit', 'advancing': True}
2024-08-29 22:06:50,370 : INFO : EventManager : Event: ======'a_rollover_lane_default_hit'====== Args={'profile': 'default', 'state': 'unlit', 'advancing': True}
2024-08-29 22:06:50,370 : INFO : EventManager : Event: ======'a_rollover_lane_default_unlit_hit'====== Args={'profile': 'default', 'state': 'unlit', 'advancing': True}
2024-08-29 22:06:50,371 : INFO : EventManager : Event: ======'a_rollover_lane_unlit_hit'====== Args={'profile': 'default', 'state': 'unlit', 'advancing': True}
2024-08-29 22:06:50,371 : INFO : EventManager : Event: ======'player_score'====== Args={'value': 100, 'prev_value': 50, 'change': 50, 'player_num': 1, 'source': 'base'}
2024-08-29 22:06:50,371 : INFO : EventManager : Event: ======'hank_lanes_hit'====== Args={'shot': 'a_rollover_lane'}
2024-08-29 22:06:50,371 : INFO : EventManager : Event: ======'hank_lanes_unlit_hit'====== Args={'shot': 'a_rollover_lane'}
2024-08-29 22:06:50,470 : INFO : SwitchController : <<<<<<< 's_left_inlane' inactive >>>>>>>
2024-08-29 22:06:50,820 : INFO : EventManager : Event: ======'stop_mode_skillshot'====== Args={'priority': 0}
2024-08-29 22:06:51,417 : INFO : EventManager : Event: ======'widget_MPFWidget_removed'====== Args={'_from_bcp': True}
2024-08-29 22:06:51,822 : INFO : EventManager : Event: ======'ball_save_default_disabled'====== Args={}
2024-08-29 22:06:52,086 : INFO : SwitchController : <<<<<<< 's_left_outlane' active >>>>>>>
2024-08-29 22:06:52,086 : INFO : EventManager : Event: ======'playfield_active'====== Args={}
2024-08-29 22:06:52,086 : INFO : EventManager : Event: ======'s_left_outlane_active'====== Args={}
2024-08-29 22:06:52,086 : INFO : EventManager : Event: ======'machine_var_audits_switches_s_left_outlane'====== Args={'value': 63, 'prev_value': 62, 'change': 1}
2024-08-29 22:06:52,088 : INFO : EventManager : Event: ======'player_shot_h_rollover_lane'====== Args={'value': 1, 'prev_value': 0, 'change': 1, 'player_num': 1}
2024-08-29 22:06:52,095 : INFO : EventManager : Event: ======'machine_var_audits_shots_h_rollover_lane'====== Args={'value': 37, 'prev_value': 36, 'change': 1}
2024-08-29 22:06:52,098 : INFO : EventManager : Event: ======'h_rollover_lane_hit'====== Args={'profile': 'default', 'state': 'unlit', 'advancing': True}
2024-08-29 22:06:52,098 : INFO : EventManager : Event: ======'h_rollover_lane_default_hit'====== Args={'profile': 'default', 'state': 'unlit', 'advancing': True}
2024-08-29 22:06:52,098 : INFO : EventManager : Event: ======'h_rollover_lane_default_unlit_hit'====== Args={'profile': 'default', 'state': 'unlit', 'advancing': True}
2024-08-29 22:06:52,098 : INFO : EventManager : Event: ======'h_rollover_lane_unlit_hit'====== Args={'profile': 'default', 'state': 'unlit', 'advancing': True}
2024-08-29 22:06:52,099 : INFO : EventManager : Event: ======'player_score'====== Args={'value': 200, 'prev_value': 100, 'change': 100, 'player_num': 1, 'source': 'base'}
2024-08-29 22:06:52,099 : INFO : EventManager : Event: ======'player_tags'====== Args={'value': 0, 'prev_value': 0, 'change': 0, 'player_num': 1, 'source': 'base'}
2024-08-29 22:06:52,099 : INFO : EventManager : Event: ======'hank_lanes_hit'====== Args={'shot': 'h_rollover_lane'}
2024-08-29 22:06:52,100 : INFO : EventManager : Event: ======'hank_lanes_unlit_hit'====== Args={'shot': 'h_rollover_lane'}
2024-08-29 22:06:52,170 : INFO : SwitchController : <<<<<<< 's_left_outlane' inactive >>>>>>>
2024-08-29 22:06:52,219 : INFO : ball_device.bd_plunger : Got confirm for skipping ball.
2024-08-29 22:06:52,219 : INFO : ball_device.bd_plunger : Eject successful
2024-08-29 22:06:52,219 : INFO : EventManager : Event: ======'balldevice_bd_plunger_ball_eject_success'====== Args={'balls': 1, 'target': <playfield.playfield>}
2024-08-29 22:06:52,220 : INFO : EventManager : Event: ======'balldevice_playfield_ball_enter'====== Args={'new_balls': 1, 'unclaimed_balls': 1, 'device': <playfield.playfield>}
2024-08-29 22:06:52,220 : INFO : EventManager : Event: ======'playfield_ball_count_change'====== Args={'balls': 1, 'change': 1}
2024-08-29 22:06:52,220 : INFO : ball_device.bd_plunger : State: idle
2024-08-29 22:06:52,220 : INFO : ball_device.bd_trough : Eject successful
2024-08-29 22:06:52,220 : INFO : EventManager : Event: ======'balldevice_bd_trough_ball_eject_success'====== Args={'balls': 1, 'target': <ball_device.bd_plunger>}
2024-08-29 22:06:52,221 : INFO : EventManager : Event: ======'balldevice_bd_trough_ball_count_changed'====== Args={'balls': 5}
2024-08-29 22:06:52,221 : INFO : ball_device.bd_trough : State: idle
2024-08-29 22:06:52,404 : INFO : EventManager : Event: ======'stop_mode_skillshot'====== Args={'priority': 0}
2024-08-29 22:06:52,404 : INFO : EventManager : Event: ======'stop_mode_skillshot'====== Args={'priority': 0}
2024-08-29 22:06:53,387 : INFO : SwitchController : <<<<<<< 's_right_outlane' active >>>>>>>
2024-08-29 22:06:53,387 : INFO : EventManager : Event: ======'s_right_outlane_active'====== Args={}
2024-08-29 22:06:53,388 : INFO : EventManager : Event: ======'machine_var_audits_switches_s_right_outlane'====== Args={'value': 41, 'prev_value': 40, 'change': 1}
2024-08-29 22:06:53,390 : INFO : EventManager : Event: ======'player_shot_k_rollover_lane'====== Args={'value': 1, 'prev_value': 0, 'change': 1, 'player_num': 1}
2024-08-29 22:06:53,392 : INFO : EventManager : Event: ======'machine_var_audits_shots_k_rollover_lane'====== Args={'value': 33, 'prev_value': 32, 'change': 1}
2024-08-29 22:06:53,393 : INFO : EventManager : Event: ======'k_rollover_lane_hit'====== Args={'profile': 'default', 'state': 'unlit', 'advancing': True}
2024-08-29 22:06:53,394 : INFO : EventManager : Event: ======'k_rollover_lane_default_hit'====== Args={'profile': 'default', 'state': 'unlit', 'advancing': True}
2024-08-29 22:06:53,394 : INFO : EventManager : Event: ======'k_rollover_lane_default_unlit_hit'====== Args={'profile': 'default', 'state': 'unlit', 'advancing': True}
2024-08-29 22:06:53,394 : INFO : EventManager : Event: ======'k_rollover_lane_unlit_hit'====== Args={'profile': 'default', 'state': 'unlit', 'advancing': True}
2024-08-29 22:06:53,395 : INFO : EventManager : Event: ======'player_score'====== Args={'value': 300, 'prev_value': 200, 'change': 100, 'player_num': 1, 'source': 'base'}
2024-08-29 22:06:53,395 : INFO : EventManager : Event: ======'hank_lanes_hit'====== Args={'shot': 'k_rollover_lane'}
2024-08-29 22:06:53,395 : INFO : EventManager : Event: ======'hank_lanes_unlit_hit'====== Args={'shot': 'k_rollover_lane'}
2024-08-29 22:06:53,504 : INFO : SwitchController : <<<<<<< 's_right_outlane' inactive >>>>>>>
2024-08-29 22:06:54,285 : INFO : SwitchController : <<<<<<< 's_right_inlane' active >>>>>>>
2024-08-29 22:06:54,286 : INFO : EventManager : Event: ======'s_right_inlane_active'====== Args={}
2024-08-29 22:06:54,287 : INFO : EventManager : Event: ======'machine_var_audits_switches_s_right_inlane'====== Args={'value': 38, 'prev_value': 37, 'change': 1}
2024-08-29 22:06:54,289 : INFO : EventManager : Event: ======'player_shot_n_rollover_lane'====== Args={'value': 1, 'prev_value': 0, 'change': 1, 'player_num': 1}
2024-08-29 22:06:54,290 : INFO : EventManager : Event: ======'machine_var_audits_shots_n_rollover_lane'====== Args={'value': 29, 'prev_value': 28, 'change': 1}
2024-08-29 22:06:54,291 : INFO : EventManager : Event: ======'n_rollover_lane_hit'====== Args={'profile': 'default', 'state': 'unlit', 'advancing': True}
2024-08-29 22:06:54,291 : INFO : EventManager : Event: ======'n_rollover_lane_default_hit'====== Args={'profile': 'default', 'state': 'unlit', 'advancing': True}
2024-08-29 22:06:54,292 : INFO : EventManager : Event: ======'n_rollover_lane_default_unlit_hit'====== Args={'profile': 'default', 'state': 'unlit', 'advancing': True}
2024-08-29 22:06:54,292 : INFO : EventManager : Event: ======'n_rollover_lane_unlit_hit'====== Args={'profile': 'default', 'state': 'unlit', 'advancing': True}
2024-08-29 22:06:54,293 : INFO : EventManager : Event: ======'player_score'====== Args={'value': 400, 'prev_value': 300, 'change': 100, 'player_num': 1, 'source': 'base'}
2024-08-29 22:06:54,293 : INFO : EventManager : Event: ======'hank_lanes_complete'====== Args={'state': 'lit'}
2024-08-29 22:06:54,294 : INFO : EventManager : Event: ======'hank_lanes_lit_complete'====== Args={}
2024-08-29 22:06:54,294 : INFO : EventManager : Event: ======'enable_mystery'====== Args={'priority': 0}
2024-08-29 22:06:54,295 : INFO : EventManager : Event: ======'logicblock_lb_hank_complete_count_updated'====== Args={'value': 2, 'enabled': True}
2024-08-29 22:06:54,295 : INFO : EventManager : Event: ======'hank_lanes_done'====== Args={'count': 2}
2024-08-29 22:06:54,295 : INFO : EventManager : Event: ======'hank_lanes_hit'====== Args={'shot': 'n_rollover_lane'}
2024-08-29 22:06:54,295 : INFO : EventManager : Event: ======'hank_lanes_unlit_hit'====== Args={'shot': 'n_rollover_lane'}
2024-08-29 22:06:54,387 : INFO : SwitchController : <<<<<<< 's_right_inlane' inactive >>>>>>>
2024-08-29 22:06:55,296 : INFO : EventManager : Event: ======'player_shot_h_rollover_lane'====== Args={'value': 0, 'prev_value': 1, 'change': -1, 'player_num': 1}
2024-08-29 22:06:55,299 : INFO : EventManager : Event: ======'player_shot_a_rollover_lane'====== Args={'value': 0, 'prev_value': 1, 'change': -1, 'player_num': 1}
2024-08-29 22:06:55,300 : INFO : EventManager : Event: ======'player_shot_n_rollover_lane'====== Args={'value': 0, 'prev_value': 1, 'change': -1, 'player_num': 1}
2024-08-29 22:06:55,301 : INFO : EventManager : Event: ======'player_shot_k_rollover_lane'====== Args={'value': 0, 'prev_value': 1, 'change': -1, 'player_num': 1}
2024-08-29 22:06:55,303 : INFO : EventManager : Event: ======'hank_lanes_complete'====== Args={'state': 'unlit'}
2024-08-29 22:06:55,303 : INFO : EventManager : Event: ======'hank_lanes_unlit_complete'====== Args={}
2024-08-29 22:06:55,306 : INFO : EventManager : Event: ======'enable_mystery'====== Args={'priority': 0}
2024-08-29 22:06:57,304 : INFO : SwitchController : <<<<<<< 's_scoop' active >>>>>>>
2024-08-29 22:06:57,305 : INFO : EventManager : Event: ======'machine_var_audits_switches_s_scoop'====== Args={'value': 789, 'prev_value': 788, 'change': 1}
2024-08-29 22:06:57,435 : INFO : SwitchController : <<<<<<< 's_scoop' inactive >>>>>>>
2024-08-29 22:06:59,169 : INFO : SwitchController : <<<<<<< 's_scoop' active >>>>>>>
2024-08-29 22:06:59,170 : INFO : EventManager : Event: ======'machine_var_audits_switches_s_scoop'====== Args={'value': 790, 'prev_value': 789, 'change': 1}
2024-08-29 22:06:59,671 : INFO : EventManager : Event: ======'balldevice_bd_scoop_ball_count_changed'====== Args={'balls': 1}
2024-08-29 22:06:59,672 : INFO : ball_device.bd_scoop : Received unexpected ball
2024-08-29 22:06:59,672 : INFO : EventManager : Event: ======'balldevice_captured_from_playfield'====== Args={'balls': 1}
2024-08-29 22:06:59,673 : INFO : EventManager : Event: ======'sw_playfield_active'====== Args={'balls': 1}
2024-08-29 22:06:59,674 : INFO : EventManager : Event: ======'playfield_ball_count_change'====== Args={'balls': 0, 'change': -1}
2024-08-29 22:06:59,675 : INFO : EventManager : Event: ======'balldevice_bd_scoop_ball_enter'====== Args={'new_balls': 1, 'unclaimed_balls': 1, 'new_available_balls': 1, 'device': <ball_device.bd_scoop>}
2024-08-29 22:06:59,675 : INFO : EventManager : Event: ======'ball_hold_mystery_scoop_held_ball'====== Args={'balls_held': 1, 'total_balls_held': 1}
2024-08-29 22:06:59,676 : INFO : EventManager : Event: ======'ball_hold_mystery_scoop_full'====== Args={'balls': 1}
2024-08-29 22:06:59,676 : INFO : EventManager : Event: ======'player_extra_ball_score_three_num_awarded'====== Args={'balls_held': 1, 'total_balls_held': 1}
2024-08-29 22:06:59,680 : INFO : EventManager : Event: ======'balldevice_balls_available'====== Args={}
2024-08-29 22:06:59,681 : INFO : EventManager : Event: ======'balldevice_bd_scoop_ball_entered'====== Args={'new_balls': 1, 'device': <ball_device.bd_scoop>}
2024-08-29 22:07:28,230 : INFO : Machine : Shutting down...
2024-08-29 22:07:28,232 : INFO : EventManager : Event: ======'shutdown'====== Args={}
2024-08-29 22:07:28,235 : INFO : EventManager : Event: ======'mode_game_will_stop'====== Args={}
2024-08-29 22:07:28,236 : INFO : EventManager : Event: ======'mode_game_stopping'====== Args={}
2024-08-29 22:07:28,236 : INFO : EventManager : Event: ======'mode_hank_rollover_will_stop'====== Args={}
2024-08-29 22:07:28,237 : INFO : EventManager : Event: ======'mode_hank_rollover_stopping'====== Args={}
2024-08-29 22:07:28,237 : INFO : EventManager : Event: ======'mode_rainey_multiball_will_stop'====== Args={}
2024-08-29 22:07:28,237 : INFO : EventManager : Event: ======'mode_rainey_multiball_stopping'====== Args={}
2024-08-29 22:07:28,237 : INFO : EventManager : Event: ======'mode_extra_ball_will_stop'====== Args={}
2024-08-29 22:07:28,237 : INFO : EventManager : Event: ======'mode_extra_ball_stopping'====== Args={}
2024-08-29 22:07:28,237 : INFO : EventManager : Event: ======'mode_strickland_multiball_will_stop'====== Args={}
2024-08-29 22:07:28,237 : INFO : EventManager : Event: ======'mode_strickland_multiball_stopping'====== Args={}
2024-08-29 22:07:28,237 : INFO : EventManager : Event: ======'mode_base_will_stop'====== Args={}
2024-08-29 22:07:28,238 : INFO : EventManager : Event: ======'mode_base_stopping'====== Args={}
2024-08-29 22:07:28,238 : INFO : EventManager : Event: ======'mode_BBQ_rollover_will_stop'====== Args={}
2024-08-29 22:07:28,238 : INFO : EventManager : Event: ======'mode_BBQ_rollover_stopping'====== Args={}
2024-08-29 22:07:28,238 : INFO : Mode.BBQ_rollover : Stopped.
2024-08-29 22:07:28,238 : INFO : EventManager : Event: ======'modes_active_modes_changed'====== Args={}
2024-08-29 22:07:28,239 : INFO : EventManager : Event: ======'mode_BBQ_rollover_stopped'====== Args={}
2024-08-29 22:07:28,239 : INFO : EventManager : Event: ======'clear'====== Args={'key': 'BBQ_rollover'}
2024-08-29 22:07:28,241 : INFO : Mode.base : Stopped.
2024-08-29 22:07:28,241 : INFO : EventManager : Event: ======'modes_active_modes_changed'====== Args={}
2024-08-29 22:07:28,242 : INFO : EventManager : Event: ======'mode_base_stopped'====== Args={}
2024-08-29 22:07:28,242 : INFO : EventManager : Event: ======'clear'====== Args={'key': 'base'}
2024-08-29 22:07:28,246 : INFO : Mode.strickland_multiball : Stopped.
2024-08-29 22:07:28,246 : INFO : EventManager : Event: ======'modes_active_modes_changed'====== Args={}
2024-08-29 22:07:28,246 : INFO : EventManager : Event: ======'mode_strickland_multiball_stopped'====== Args={}
2024-08-29 22:07:28,246 : INFO : EventManager : Event: ======'clear'====== Args={'key': 'strickland_multiball'}
2024-08-29 22:07:28,247 : INFO : Mode.extra_ball : Stopped.
2024-08-29 22:07:28,247 : INFO : EventManager : Event: ======'modes_active_modes_changed'====== Args={}
2024-08-29 22:07:28,247 : INFO : EventManager : Event: ======'mode_extra_ball_stopped'====== Args={}
2024-08-29 22:07:28,247 : INFO : EventManager : Event: ======'clear'====== Args={'key': 'extra_ball'}
2024-08-29 22:07:28,247 : INFO : Mode.rainey_multiball : Stopped.
2024-08-29 22:07:28,247 : INFO : EventManager : Event: ======'modes_active_modes_changed'====== Args={}
2024-08-29 22:07:28,248 : INFO : EventManager : Event: ======'mode_rainey_multiball_stopped'====== Args={}
2024-08-29 22:07:28,248 : INFO : EventManager : Event: ======'clear'====== Args={'key': 'rainey_multiball'}
2024-08-29 22:07:28,248 : INFO : Mode.hank_rollover : Stopped.
2024-08-29 22:07:28,248 : INFO : EventManager : Event: ======'modes_active_modes_changed'====== Args={}
2024-08-29 22:07:28,248 : INFO : EventManager : Event: ======'mode_hank_rollover_stopped'====== Args={}
2024-08-29 22:07:28,248 : INFO : EventManager : Event: ======'clear'====== Args={'key': 'hank_rollover'}
2024-08-29 22:07:28,250 : INFO : Mode.game : Stopped.
2024-08-29 22:07:28,250 : INFO : EventManager : Event: ======'modes_active_modes_changed'====== Args={}
2024-08-29 22:07:28,250 : INFO : EventManager : Event: ======'mode_game_stopped'====== Args={}
2024-08-29 22:07:28,250 : INFO : EventManager : Event: ======'clear'====== Args={'key': 'game'}
2024-08-29 22:07:28,253 : INFO : root : MPF run loop ended.
