2024-08-19 13:59:32,807 : INFO : root : Loading config.
2024-08-19 13:59:32,809 : INFO : YamlMultifileConfigLoader : Machine config file #1: config.yaml
2024-08-19 13:59:32,809 : INFO : ConfigProcessor : Loading config from cache: /var/folders/sv/d29kcl5x50v7vt1n6xb5jsd40000gn/T/c166cef8060ffee16a35821bf698da85.mpf_cache
2024-08-19 13:59:32,840 : INFO : ConfigProcessor : Loading config from cache: /var/folders/sv/d29kcl5x50v7vt1n6xb5jsd40000gn/T/6b31c5ac6ecbad948994a8204ea6b05b.mpf_cache
2024-08-19 13:59:32,840 : INFO : ConfigProcessor : Loading config from cache: /var/folders/sv/d29kcl5x50v7vt1n6xb5jsd40000gn/T/fe612d1e66c8a96c19ba449d3748eeac.mpf_cache
2024-08-19 13:59:32,841 : INFO : ConfigProcessor : Loading config from cache: /var/folders/sv/d29kcl5x50v7vt1n6xb5jsd40000gn/T/6b31c5ac6ecbad948994a8204ea6b05b.mpf_cache
2024-08-19 13:59:32,841 : INFO : ConfigProcessor : Loading config from cache: /var/folders/sv/d29kcl5x50v7vt1n6xb5jsd40000gn/T/8765227693ecd961e0504502a81255e0.mpf_cache
2024-08-19 13:59:32,841 : INFO : ConfigProcessor : Loading config from cache: /var/folders/sv/d29kcl5x50v7vt1n6xb5jsd40000gn/T/b247728c74b4d81bcb2825e2b07062a7.mpf_cache
2024-08-19 13:59:32,842 : INFO : ConfigProcessor : Loading config from cache: /var/folders/sv/d29kcl5x50v7vt1n6xb5jsd40000gn/T/f240f94f0b5d0f37ec4fd7571275a101.mpf_cache
2024-08-19 13:59:32,842 : INFO : ConfigProcessor : Loading config from cache: /var/folders/sv/d29kcl5x50v7vt1n6xb5jsd40000gn/T/c4409acfdf3ec94666e0adef48d55400.mpf_cache
2024-08-19 13:59:32,842 : INFO : ConfigProcessor : Loading config from cache: /var/folders/sv/d29kcl5x50v7vt1n6xb5jsd40000gn/T/6a2f50ed892485825cc04dc0a68eab9f.mpf_cache
2024-08-19 13:59:32,842 : WARNING : ConfigProcessor : Config file in cache changed: /Users/nicktaseris/Desktop/Pinball/KOTH/modes/beat_the_surfer/config/beat_the_surfer.yaml
2024-08-19 13:59:32,842 : INFO : ConfigProcessor : Loading config from file /Users/nicktaseris/Desktop/Pinball/KOTH/modes/beat_the_surfer/config/beat_the_surfer.yaml.
2024-08-19 13:59:32,844 : INFO : ConfigProcessor : Loading config: /Users/nicktaseris/Desktop/Pinball/KOTH/modes/beat_the_surfer/config/beat_the_surfer.yaml
2024-08-19 13:59:32,844 : INFO : ConfigProcessor : Config file cache created: /var/folders/sv/d29kcl5x50v7vt1n6xb5jsd40000gn/T/d58c58eb9fd1a2dc27f8acd255fb3761.mpf_cache
2024-08-19 13:59:32,845 : INFO : ConfigProcessor : Loading config from cache: /var/folders/sv/d29kcl5x50v7vt1n6xb5jsd40000gn/T/07adfd310b3ef0e03c5cbc91527abb6c.mpf_cache
2024-08-19 13:59:32,845 : INFO : ConfigProcessor : Loading config from cache: /var/folders/sv/d29kcl5x50v7vt1n6xb5jsd40000gn/T/12bd5247c3bf989b919364bdb7829769.mpf_cache
2024-08-19 13:59:32,845 : INFO : ConfigProcessor : Loading config from cache: /var/folders/sv/d29kcl5x50v7vt1n6xb5jsd40000gn/T/362e08f51a1a1b7a0809dd52f9c83f83.mpf_cache
2024-08-19 13:59:32,845 : INFO : ConfigProcessor : Loading config from cache: /var/folders/sv/d29kcl5x50v7vt1n6xb5jsd40000gn/T/e45e3bd39557ed8d0881194a7afab8f7.mpf_cache
2024-08-19 13:59:32,846 : INFO : ConfigProcessor : Loading config from cache: /var/folders/sv/d29kcl5x50v7vt1n6xb5jsd40000gn/T/331d8d1a1bc190cae8c13495e1db372f.mpf_cache
2024-08-19 13:59:32,846 : INFO : ConfigProcessor : Loading config from cache: /var/folders/sv/d29kcl5x50v7vt1n6xb5jsd40000gn/T/d17a9ff77386e6f1439d0802ace1de07.mpf_cache
2024-08-19 13:59:32,846 : INFO : ConfigProcessor : Loading config from cache: /var/folders/sv/d29kcl5x50v7vt1n6xb5jsd40000gn/T/280fd64455d0d243a54ab4db98fbccbd.mpf_cache
2024-08-19 13:59:32,846 : INFO : ConfigProcessor : Loading config from cache: /var/folders/sv/d29kcl5x50v7vt1n6xb5jsd40000gn/T/0c0596ed8fbb40b6113901d21bdc0a39.mpf_cache
2024-08-19 13:59:32,846 : INFO : ConfigProcessor : Loading config from cache: /var/folders/sv/d29kcl5x50v7vt1n6xb5jsd40000gn/T/f521a0f834965d73920394ccceaa3c1c.mpf_cache
2024-08-19 13:59:32,847 : INFO : ConfigProcessor : Loading config from cache: /var/folders/sv/d29kcl5x50v7vt1n6xb5jsd40000gn/T/0fedc249e142fba0aaf46d9adc7061fa.mpf_cache
2024-08-19 13:59:32,847 : INFO : ConfigProcessor : Loading config from cache: /var/folders/sv/d29kcl5x50v7vt1n6xb5jsd40000gn/T/c57745b2fe399992c4aedf0209f8acc9.mpf_cache
2024-08-19 13:59:32,847 : INFO : ConfigProcessor : Loading config from cache: /var/folders/sv/d29kcl5x50v7vt1n6xb5jsd40000gn/T/4d7707f845442344c77faa09114dd414.mpf_cache
2024-08-19 13:59:32,847 : INFO : ConfigProcessor : Loading config from cache: /var/folders/sv/d29kcl5x50v7vt1n6xb5jsd40000gn/T/13b622eeb34cc558f4c171e6faf49f20.mpf_cache
2024-08-19 13:59:32,848 : INFO : ConfigProcessor : Loading config from cache: /var/folders/sv/d29kcl5x50v7vt1n6xb5jsd40000gn/T/897ffb6d77163469c302d894201d7081.mpf_cache
2024-08-19 13:59:32,848 : INFO : ConfigProcessor : Loading config from cache: /var/folders/sv/d29kcl5x50v7vt1n6xb5jsd40000gn/T/51caa30b8c50b4dd14ddbf8a263fb4c6.mpf_cache
2024-08-19 13:59:32,848 : INFO : ConfigProcessor : Loading config from cache: /var/folders/sv/d29kcl5x50v7vt1n6xb5jsd40000gn/T/aa4dd12681abd3ba3467de4d4b71c6b2.mpf_cache
2024-08-19 13:59:32,849 : INFO : ConfigProcessor : Loading config from cache: /var/folders/sv/d29kcl5x50v7vt1n6xb5jsd40000gn/T/3048ed2d7ea14eee3db896f6760aa474.mpf_cache
2024-08-19 13:59:32,850 : INFO : ConfigProcessor : Loading config from cache: /var/folders/sv/d29kcl5x50v7vt1n6xb5jsd40000gn/T/a14a120665a0ee9fd8a6e22274033983.mpf_cache
2024-08-19 13:59:32,850 : INFO : ConfigProcessor : Loading config from cache: /var/folders/sv/d29kcl5x50v7vt1n6xb5jsd40000gn/T/984de704eb69e43ca43e84d7915bfa21.mpf_cache
2024-08-19 13:59:32,850 : INFO : ConfigProcessor : Loading config from cache: /var/folders/sv/d29kcl5x50v7vt1n6xb5jsd40000gn/T/0a9cb7260d26760274024f443d38cc22.mpf_cache
2024-08-19 13:59:32,851 : INFO : ConfigProcessor : Loading config from cache: /var/folders/sv/d29kcl5x50v7vt1n6xb5jsd40000gn/T/deb753c2acdccb3c49ddc8f2a7e04ee6.mpf_cache
2024-08-19 13:59:32,851 : INFO : ConfigProcessor : Loading config from cache: /var/folders/sv/d29kcl5x50v7vt1n6xb5jsd40000gn/T/4a90c06755c4a5beef2ee4c243f54397.mpf_cache
2024-08-19 13:59:32,851 : INFO : Machine : Mission Pinball Framework Core Engine v0.80.0.dev1
2024-08-19 13:59:32,851 : INFO : Machine : Command line arguments: {'no_load_cache': False, 'create_config_cache': True, 'bcp': True, 'configfile': ['config.yaml'], 'force_assets_load': False, 'platform_integration_test': False, 'jsonlogging': False, 'logfile': 'logs/2024-08-19-13-59-32-mpf-Nicks-Air.lan.log', 'pause': False, 'production': False, 'text_ui': True, 'loglevel': 15, 'consoleloglevel': 20, 'force_platform': None, 'syslog_address': None, 'mc_file_name': None, 'no_sound': False, 'full_logfile_path': '/Users/nicktaseris/Desktop/Pinball/KOTH/logs/2024-08-19-13-59-32-mpf-Nicks-Air.lan.log'}
2024-08-19 13:59:32,851 : INFO : Machine : MPF path: /Users/nicktaseris/mpfenv/lib/python3.9/site-packages/mpf
2024-08-19 13:59:32,851 : INFO : Machine : Machine path: /Users/nicktaseris/Desktop/Pinball/KOTH
2024-08-19 13:59:32,851 : INFO : Machine : Platform: darwin
2024-08-19 13:59:32,851 : INFO : Machine : Python executable location: /Users/nicktaseris/mpfenv/bin/python3
2024-08-19 13:59:32,851 : INFO : Machine : Python version: 3.9.13 (64-bit)
2024-08-19 13:59:32,851 : INFO : Machine : Initializing MPF...
2024-08-19 13:59:32,878 : INFO : EventManager : Event: ======'machine_var_credits_string'====== Args={'value': 'FREE PLAY', 'prev_value': None, 'change': True}
2024-08-19 13:59:32,884 : INFO : EventManager : Event: ======'machine_var_master_volume'====== Args={'value': 0.5, 'prev_value': None, 'change': True}
2024-08-19 13:59:32,884 : INFO : EventManager : Event: ======'machine_var_player1_score'====== Args={'value': 175300, 'prev_value': None, 'change': True}
2024-08-19 13:59:32,884 : INFO : EventManager : Event: ======'machine_var_mpf_version'====== Args={'value': 'Mission Pinball Framework v0.80.0.dev1', 'prev_value': None, 'change': True}
2024-08-19 13:59:32,884 : INFO : EventManager : Event: ======'machine_var_mpf_extended_version'====== Args={'value': 'Mission Pinball Framework v0.80.0.dev1, Config version:6, Show version: 6, BCP version:1.1', 'prev_value': None, 'change': True}
2024-08-19 13:59:32,884 : INFO : EventManager : Event: ======'machine_var_python_version'====== Args={'value': '3.9.13', 'prev_value': None, 'change': True}
2024-08-19 13:59:32,893 : INFO : EventManager : Event: ======'machine_var_platform'====== Args={'value': 'macOS-12.1-arm64-arm-64bit', 'prev_value': None, 'change': True}
2024-08-19 13:59:32,893 : INFO : EventManager : Event: ======'machine_var_platform_system'====== Args={'value': 'Darwin', 'prev_value': None, 'change': True}
2024-08-19 13:59:32,893 : INFO : EventManager : Event: ======'machine_var_platform_release'====== Args={'value': '21.2.0', 'prev_value': None, 'change': True}
2024-08-19 13:59:32,893 : INFO : EventManager : Event: ======'machine_var_platform_version'====== Args={'value': 'Darwin Kernel Version 21.2.0: Sun Nov 28 20:29:10 PST 2021; root:xnu-8019.61.5~1/RELEASE_ARM64_T8101', 'prev_value': None, 'change': True}
2024-08-19 13:59:32,893 : INFO : EventManager : Event: ======'machine_var_platform_machine'====== Args={'value': 'arm64', 'prev_value': None, 'change': True}
2024-08-19 13:59:32,893 : INFO : EventManager : Event: ======'machine_var_log_file_path'====== Args={'value': '/Users/nicktaseris/Desktop/Pinball/KOTH/logs/2024-08-19-13-59-32-mpf-Nicks-Air.lan.log', 'prev_value': None, 'change': True}
2024-08-19 13:59:32,893 : INFO : EventManager : Event: ======'init_phase_1'====== Args={}
2024-08-19 13:59:32,921 : INFO : EventManager : Event: ======'drop_target_bank_strickland_bank_up'====== Args={}
2024-08-19 13:59:32,922 : INFO : EventManager : Event: ======'init_phase_2'====== Args={}
2024-08-19 13:59:32,922 : INFO : SwitchController : Found active switch: ('39', <Platform.SmartVirtual>) <switch.s_trough1>
2024-08-19 13:59:32,922 : INFO : SwitchController : Found active switch: ('40', <Platform.SmartVirtual>) <switch.s_trough2>
2024-08-19 13:59:32,922 : INFO : SwitchController : Found active switch: ('41', <Platform.SmartVirtual>) <switch.s_trough3>
2024-08-19 13:59:32,922 : INFO : SwitchController : Found active switch: ('42', <Platform.SmartVirtual>) <switch.s_trough4>
2024-08-19 13:59:32,922 : INFO : SwitchController : Found active switch: ('43', <Platform.SmartVirtual>) <switch.s_trough5>
2024-08-19 13:59:32,922 : INFO : SwitchController : Found active switch: ('44', <Platform.SmartVirtual>) <switch.s_trough6>
2024-08-19 13:59:32,927 : INFO : EventManager : Event: ======'machine_var_score1_label'====== Args={'value': 'GRAND CHAMPION', 'prev_value': None, 'change': True}
2024-08-19 13:59:32,927 : INFO : EventManager : Event: ======'machine_var_score1_name'====== Args={'value': 'BRI', 'prev_value': None, 'change': True}
2024-08-19 13:59:32,927 : INFO : EventManager : Event: ======'machine_var_score1_value'====== Args={'value': 4242, 'prev_value': None, 'change': True}
2024-08-19 13:59:32,927 : INFO : EventManager : Event: ======'machine_var_score2_label'====== Args={'value': 'HIGH SCORE 1', 'prev_value': None, 'change': True}
2024-08-19 13:59:32,927 : INFO : EventManager : Event: ======'machine_var_score2_name'====== Args={'value': 'GHK', 'prev_value': None, 'change': True}
2024-08-19 13:59:32,927 : INFO : EventManager : Event: ======'machine_var_score2_value'====== Args={'value': 2323, 'prev_value': None, 'change': True}
2024-08-19 13:59:32,927 : INFO : EventManager : Event: ======'machine_var_score3_label'====== Args={'value': 'HIGH SCORE 2', 'prev_value': None, 'change': True}
2024-08-19 13:59:32,927 : INFO : EventManager : Event: ======'machine_var_score3_name'====== Args={'value': 'JK', 'prev_value': None, 'change': True}
2024-08-19 13:59:32,927 : INFO : EventManager : Event: ======'machine_var_score3_value'====== Args={'value': 1337, 'prev_value': None, 'change': True}
2024-08-19 13:59:32,928 : INFO : EventManager : Event: ======'machine_var_score4_label'====== Args={'value': 'HIGH SCORE 3', 'prev_value': None, 'change': True}
2024-08-19 13:59:32,928 : INFO : EventManager : Event: ======'machine_var_score4_name'====== Args={'value': 'QC', 'prev_value': None, 'change': True}
2024-08-19 13:59:32,928 : INFO : EventManager : Event: ======'machine_var_score4_value'====== Args={'value': 42, 'prev_value': None, 'change': True}
2024-08-19 13:59:32,928 : INFO : EventManager : Event: ======'machine_var_score5_label'====== Args={'value': 'HIGH SCORE 4', 'prev_value': None, 'change': True}
2024-08-19 13:59:32,928 : INFO : EventManager : Event: ======'machine_var_score5_name'====== Args={'value': 'MPF', 'prev_value': None, 'change': True}
2024-08-19 13:59:32,928 : INFO : EventManager : Event: ======'machine_var_score5_value'====== Args={'value': 23, 'prev_value': None, 'change': True}
2024-08-19 13:59:32,928 : INFO : EventManager : Event: ======'bcp_connection_attempt'====== Args={'name': 'local_display', 'host': 'localhost', 'port': 5050}
2024-08-19 13:59:32,929 : INFO : BCPClientSocket : Connecting BCP to 'local_display' at localhost:5050...
2024-08-19 13:59:32,931 : INFO : BCPClientSocket : Connected BCP to 'local_display' localhost:5050
2024-08-19 13:59:32,931 : INFO : EventManager : Event: ======'bcp_clients_connected'====== Args={}
2024-08-19 13:59:32,932 : INFO : ball_device.bd_trough : BCH: Initial count: 6
2024-08-19 13:59:32,932 : INFO : ball_device.bd_trough : State: idle
2024-08-19 13:59:32,932 : INFO : ball_device.bd_plunger : BCH: Initial count: 0
2024-08-19 13:59:32,932 : INFO : ball_device.bd_plunger : State: idle
2024-08-19 13:59:32,933 : INFO : ball_device.bd_scoop : BCH: Initial count: 0
2024-08-19 13:59:32,933 : INFO : ball_device.bd_scoop : State: idle
2024-08-19 13:59:32,937 : INFO : EventManager : Event: ======'init_phase_3'====== Args={}
2024-08-19 13:59:32,943 : INFO : EventManager : Event: ======'init_phase_4'====== Args={}
2024-08-19 13:59:32,943 : INFO : BallController : Initial balls found: 6
2024-08-19 13:59:32,944 : INFO : EventManager : Event: ======'machine_var_audits_events_game_ended'====== Args={'value': 4, 'prev_value': None, 'change': True}
2024-08-19 13:59:32,944 : INFO : EventManager : Event: ======'machine_var_audits_events_game_started'====== Args={'value': 822, 'prev_value': None, 'change': True}
2024-08-19 13:59:32,944 : INFO : EventManager : Event: ======'machine_var_audits_missing_switches_s_a_target'====== Args={'value': 7, 'prev_value': None, 'change': True}
2024-08-19 13:59:32,944 : INFO : EventManager : Event: ======'machine_var_audits_missing_switches_s_bottom_inline_drop'====== Args={'value': 12, 'prev_value': None, 'change': True}
2024-08-19 13:59:32,944 : INFO : EventManager : Event: ======'machine_var_audits_missing_switches_s_bottom_pop_bumper'====== Args={'value': 381, 'prev_value': None, 'change': True}
2024-08-19 13:59:32,944 : INFO : EventManager : Event: ======'machine_var_audits_missing_switches_s_center_spinner'====== Args={'value': 12, 'prev_value': None, 'change': True}
2024-08-19 13:59:32,944 : INFO : EventManager : Event: ======'machine_var_audits_missing_switches_s_e_target'====== Args={'value': 14, 'prev_value': None, 'change': True}
2024-08-19 13:59:32,944 : INFO : EventManager : Event: ======'machine_var_audits_missing_switches_s_launch_button'====== Args={'value': 293, 'prev_value': None, 'change': True}
2024-08-19 13:59:32,944 : INFO : EventManager : Event: ======'machine_var_audits_missing_switches_s_left_flipper'====== Args={'value': 7, 'prev_value': None, 'change': True}
2024-08-19 13:59:32,944 : INFO : EventManager : Event: ======'machine_var_audits_missing_switches_s_left_inlane'====== Args={'value': 14, 'prev_value': None, 'change': True}
2024-08-19 13:59:32,944 : INFO : EventManager : Event: ======'machine_var_audits_missing_switches_s_left_inner_horseshoe'====== Args={'value': 12, 'prev_value': None, 'change': True}
2024-08-19 13:59:32,944 : INFO : EventManager : Event: ======'machine_var_audits_missing_switches_s_left_orbit_enter'====== Args={'value': 14, 'prev_value': None, 'change': True}
2024-08-19 13:59:32,944 : INFO : EventManager : Event: ======'machine_var_audits_missing_switches_s_left_orbit_exit'====== Args={'value': 14, 'prev_value': None, 'change': True}
2024-08-19 13:59:32,944 : INFO : EventManager : Event: ======'machine_var_audits_missing_switches_s_left_outlane'====== Args={'value': 13, 'prev_value': None, 'change': True}
2024-08-19 13:59:32,945 : INFO : EventManager : Event: ======'machine_var_audits_missing_switches_s_left_pop_bumper'====== Args={'value': 381, 'prev_value': None, 'change': True}
2024-08-19 13:59:32,945 : INFO : EventManager : Event: ======'machine_var_audits_missing_switches_s_left_ramp_enter'====== Args={'value': 94, 'prev_value': None, 'change': True}
2024-08-19 13:59:32,945 : INFO : EventManager : Event: ======'machine_var_audits_missing_switches_s_left_ramp_exit'====== Args={'value': 94, 'prev_value': None, 'change': True}
2024-08-19 13:59:32,945 : INFO : EventManager : Event: ======'machine_var_audits_missing_switches_s_left_ramp_standup'====== Args={'value': 13, 'prev_value': None, 'change': True}
2024-08-19 13:59:32,945 : INFO : EventManager : Event: ======'machine_var_audits_missing_switches_s_left_rollover_lane'====== Args={'value': 13, 'prev_value': None, 'change': True}
2024-08-19 13:59:32,945 : INFO : EventManager : Event: ======'machine_var_audits_missing_switches_s_left_sling'====== Args={'value': 472, 'prev_value': None, 'change': True}
2024-08-19 13:59:32,945 : INFO : EventManager : Event: ======'machine_var_audits_missing_switches_s_left_spinner'====== Args={'value': 14, 'prev_value': None, 'change': True}
2024-08-19 13:59:32,945 : INFO : EventManager : Event: ======'machine_var_audits_missing_switches_s_middle_inline_drop'====== Args={'value': 12, 'prev_value': None, 'change': True}
2024-08-19 13:59:32,945 : INFO : EventManager : Event: ======'machine_var_audits_missing_switches_s_middle_rollover_lane'====== Args={'value': 13, 'prev_value': None, 'change': True}
2024-08-19 13:59:32,945 : INFO : EventManager : Event: ======'machine_var_audits_missing_switches_s_n_target'====== Args={'value': 23, 'prev_value': None, 'change': True}
2024-08-19 13:59:32,945 : INFO : EventManager : Event: ======'machine_var_audits_missing_switches_s_p2_target'====== Args={'value': 9, 'prev_value': None, 'change': True}
2024-08-19 13:59:32,945 : INFO : EventManager : Event: ======'machine_var_audits_missing_switches_s_p_target'====== Args={'value': 14, 'prev_value': None, 'change': True}
2024-08-19 13:59:32,945 : INFO : EventManager : Event: ======'machine_var_audits_missing_switches_s_r_target'====== Args={'value': 3, 'prev_value': None, 'change': True}
2024-08-19 13:59:32,946 : INFO : EventManager : Event: ======'machine_var_audits_missing_switches_s_right_flipper'====== Args={'value': 1, 'prev_value': None, 'change': True}
2024-08-19 13:59:32,946 : INFO : EventManager : Event: ======'machine_var_audits_missing_switches_s_right_inlane'====== Args={'value': 14, 'prev_value': None, 'change': True}
2024-08-19 13:59:32,946 : INFO : EventManager : Event: ======'machine_var_audits_missing_switches_s_right_inner_horseshoe'====== Args={'value': 12, 'prev_value': None, 'change': True}
2024-08-19 13:59:32,946 : INFO : EventManager : Event: ======'machine_var_audits_missing_switches_s_right_orbit_exit'====== Args={'value': 14, 'prev_value': None, 'change': True}
2024-08-19 13:59:32,946 : INFO : EventManager : Event: ======'machine_var_audits_missing_switches_s_right_outlane'====== Args={'value': 14, 'prev_value': None, 'change': True}
2024-08-19 13:59:32,946 : INFO : EventManager : Event: ======'machine_var_audits_missing_switches_s_right_pop_bumper'====== Args={'value': 12, 'prev_value': None, 'change': True}
2024-08-19 13:59:32,946 : INFO : EventManager : Event: ======'machine_var_audits_missing_switches_s_right_ramp_enter'====== Args={'value': 94, 'prev_value': None, 'change': True}
2024-08-19 13:59:32,946 : INFO : EventManager : Event: ======'machine_var_audits_missing_switches_s_right_ramp_exit'====== Args={'value': 94, 'prev_value': None, 'change': True}
2024-08-19 13:59:32,946 : INFO : EventManager : Event: ======'machine_var_audits_missing_switches_s_right_ramp_standup'====== Args={'value': 172, 'prev_value': None, 'change': True}
2024-08-19 13:59:32,946 : INFO : EventManager : Event: ======'machine_var_audits_missing_switches_s_right_rollover_lane'====== Args={'value': 13, 'prev_value': None, 'change': True}
2024-08-19 13:59:32,946 : INFO : EventManager : Event: ======'machine_var_audits_missing_switches_s_right_sling'====== Args={'value': 773, 'prev_value': None, 'change': True}
2024-08-19 13:59:32,947 : INFO : EventManager : Event: ======'machine_var_audits_missing_switches_s_top_inline_drop'====== Args={'value': 12, 'prev_value': None, 'change': True}
2024-08-19 13:59:32,947 : INFO : EventManager : Event: ======'machine_var_audits_missing_switches_s_trough1'====== Args={'value': 12, 'prev_value': None, 'change': True}
2024-08-19 13:59:32,947 : INFO : EventManager : Event: ======'machine_var_audits_missing_switches_s_trough2'====== Args={'value': 15, 'prev_value': None, 'change': True}
2024-08-19 13:59:32,947 : INFO : EventManager : Event: ======'machine_var_audits_missing_switches_s_trough3'====== Args={'value': 26, 'prev_value': None, 'change': True}
2024-08-19 13:59:32,947 : INFO : EventManager : Event: ======'machine_var_audits_missing_switches_s_trough4'====== Args={'value': 244, 'prev_value': None, 'change': True}
2024-08-19 13:59:32,947 : INFO : EventManager : Event: ======'machine_var_audits_missing_switches_s_trough5'====== Args={'value': 777, 'prev_value': None, 'change': True}
2024-08-19 13:59:32,947 : INFO : EventManager : Event: ======'machine_var_audits_missing_switches_s_trough6'====== Args={'value': 777, 'prev_value': None, 'change': True}
2024-08-19 13:59:32,947 : INFO : EventManager : Event: ======'machine_var_audits_missing_switches_s_trough_jam'====== Args={'value': 710, 'prev_value': None, 'change': True}
2024-08-19 13:59:32,947 : INFO : EventManager : Event: ======'machine_var_audits_player_score'====== Args={'value': {'average': 109379, 'top': [370600, 175300, 400, 300, 250], 'total': 5}, 'prev_value': None, 'change': True}
2024-08-19 13:59:32,947 : INFO : EventManager : Event: ======'machine_var_audits_shots_a_rollover_lane'====== Args={'value': 16, 'prev_value': None, 'change': True}
2024-08-19 13:59:32,948 : INFO : EventManager : Event: ======'machine_var_audits_shots_a_target'====== Args={'value': 7, 'prev_value': None, 'change': True}
2024-08-19 13:59:32,948 : INFO : EventManager : Event: ======'machine_var_audits_shots_ball_lock_a_target'====== Args={'value': 6, 'prev_value': None, 'change': True}
2024-08-19 13:59:32,948 : INFO : EventManager : Event: ======'machine_var_audits_shots_ball_lock_e_target'====== Args={'value': 5, 'prev_value': None, 'change': True}
2024-08-19 13:59:32,948 : INFO : EventManager : Event: ======'machine_var_audits_shots_ball_lock_n_target'====== Args={'value': 5, 'prev_value': None, 'change': True}
2024-08-19 13:59:32,948 : INFO : EventManager : Event: ======'machine_var_audits_shots_ball_lock_p2_target'====== Args={'value': 9, 'prev_value': None, 'change': True}
2024-08-19 13:59:32,948 : INFO : EventManager : Event: ======'machine_var_audits_shots_e_target'====== Args={'value': 3, 'prev_value': None, 'change': True}
2024-08-19 13:59:32,948 : INFO : EventManager : Event: ======'machine_var_audits_shots_h_rollover_lane'====== Args={'value': 20, 'prev_value': None, 'change': True}
2024-08-19 13:59:32,948 : INFO : EventManager : Event: ======'machine_var_audits_shots_k_rollover_lane'====== Args={'value': 16, 'prev_value': None, 'change': True}
2024-08-19 13:59:32,948 : INFO : EventManager : Event: ======'machine_var_audits_shots_left_rollover_lane'====== Args={'value': 215, 'prev_value': None, 'change': True}
2024-08-19 13:59:32,949 : INFO : EventManager : Event: ======'machine_var_audits_shots_middle_rollover_lane'====== Args={'value': 204, 'prev_value': None, 'change': True}
2024-08-19 13:59:32,949 : INFO : EventManager : Event: ======'machine_var_audits_shots_n_rollover_lane'====== Args={'value': 14, 'prev_value': None, 'change': True}
2024-08-19 13:59:32,949 : INFO : EventManager : Event: ======'machine_var_audits_shots_n_target'====== Args={'value': 9, 'prev_value': None, 'change': True}
2024-08-19 13:59:32,949 : INFO : EventManager : Event: ======'machine_var_audits_shots_o_target'====== Args={'value': 4, 'prev_value': None, 'change': True}
2024-08-19 13:59:32,949 : INFO : EventManager : Event: ======'machine_var_audits_shots_p2_target'====== Args={'value': 5, 'prev_value': None, 'change': True}
2024-08-19 13:59:32,949 : INFO : EventManager : Event: ======'machine_var_audits_shots_p_target'====== Args={'value': 8, 'prev_value': None, 'change': True}
2024-08-19 13:59:32,949 : INFO : EventManager : Event: ======'machine_var_audits_shots_qualify_a_target'====== Args={'value': 7, 'prev_value': None, 'change': True}
2024-08-19 13:59:32,949 : INFO : EventManager : Event: ======'machine_var_audits_shots_qualify_e_target'====== Args={'value': 8, 'prev_value': None, 'change': True}
2024-08-19 13:59:32,950 : INFO : EventManager : Event: ======'machine_var_audits_shots_qualify_n_target'====== Args={'value': 7, 'prev_value': None, 'change': True}
2024-08-19 13:59:32,950 : INFO : EventManager : Event: ======'machine_var_audits_shots_qualify_o_target'====== Args={'value': 278, 'prev_value': None, 'change': True}
2024-08-19 13:59:32,950 : INFO : EventManager : Event: ======'machine_var_audits_shots_qualify_p2_target'====== Args={'value': 9, 'prev_value': None, 'change': True}
2024-08-19 13:59:32,950 : INFO : EventManager : Event: ======'machine_var_audits_shots_qualify_p_target'====== Args={'value': 221, 'prev_value': None, 'change': True}
2024-08-19 13:59:32,950 : INFO : EventManager : Event: ======'machine_var_audits_shots_qualify_r_target'====== Args={'value': 269, 'prev_value': None, 'change': True}
2024-08-19 13:59:32,950 : INFO : EventManager : Event: ======'machine_var_audits_shots_r_target'====== Args={'value': 14, 'prev_value': None, 'change': True}
2024-08-19 13:59:32,950 : INFO : EventManager : Event: ======'machine_var_audits_shots_rainey_multiball_ball_lock_a_target'====== Args={'value': 43, 'prev_value': None, 'change': True}
2024-08-19 13:59:32,951 : INFO : EventManager : Event: ======'machine_var_audits_shots_rainey_multiball_ball_lock_e_target'====== Args={'value': 43, 'prev_value': None, 'change': True}
2024-08-19 13:59:32,951 : INFO : EventManager : Event: ======'machine_var_audits_shots_rainey_multiball_ball_lock_n_target'====== Args={'value': 41, 'prev_value': None, 'change': True}
2024-08-19 13:59:32,951 : INFO : EventManager : Event: ======'machine_var_audits_shots_rainey_multiball_ball_lock_p2_target'====== Args={'value': 66, 'prev_value': None, 'change': True}
2024-08-19 13:59:32,951 : INFO : EventManager : Event: ======'machine_var_audits_shots_right_rollover_lane'====== Args={'value': 209, 'prev_value': None, 'change': True}
2024-08-19 13:59:32,951 : INFO : EventManager : Event: ======'machine_var_audits_shots_scoop'====== Args={'value': 197, 'prev_value': None, 'change': True}
2024-08-19 13:59:32,951 : INFO : EventManager : Event: ======'machine_var_audits_shots_scoop_mission_select'====== Args={'value': 57, 'prev_value': None, 'change': True}
2024-08-19 13:59:32,951 : INFO : EventManager : Event: ======'machine_var_audits_shots_shot_left_ramp'====== Args={'value': 17, 'prev_value': None, 'change': True}
2024-08-19 13:59:32,952 : INFO : EventManager : Event: ======'machine_var_audits_shots_shot_right_ramp'====== Args={'value': 24, 'prev_value': None, 'change': True}
2024-08-19 13:59:32,952 : INFO : EventManager : Event: ======'machine_var_audits_shots_skillshot_a_target'====== Args={'value': 75, 'prev_value': None, 'change': True}
2024-08-19 13:59:32,952 : INFO : EventManager : Event: ======'machine_var_audits_shots_skillshot_e_target'====== Args={'value': 69, 'prev_value': None, 'change': True}
2024-08-19 13:59:32,952 : INFO : EventManager : Event: ======'machine_var_audits_shots_skillshot_n_target'====== Args={'value': 54, 'prev_value': None, 'change': True}
2024-08-19 13:59:32,952 : INFO : EventManager : Event: ======'machine_var_audits_shots_skillshot_o_target'====== Args={'value': 115, 'prev_value': None, 'change': True}
2024-08-19 13:59:32,952 : INFO : EventManager : Event: ======'machine_var_audits_shots_skillshot_p2_target'====== Args={'value': 74, 'prev_value': None, 'change': True}
2024-08-19 13:59:32,952 : INFO : EventManager : Event: ======'machine_var_audits_shots_skillshot_p_target'====== Args={'value': 47, 'prev_value': None, 'change': True}
2024-08-19 13:59:32,953 : INFO : EventManager : Event: ======'machine_var_audits_shots_skillshot_r_target'====== Args={'value': 95, 'prev_value': None, 'change': True}
2024-08-19 13:59:32,953 : INFO : EventManager : Event: ======'machine_var_audits_shots_spinner'====== Args={'value': 10, 'prev_value': None, 'change': True}
2024-08-19 13:59:32,953 : INFO : EventManager : Event: ======'machine_var_audits_switches_s_a_target'====== Args={'value': 171, 'prev_value': None, 'change': True}
2024-08-19 13:59:32,953 : INFO : EventManager : Event: ======'machine_var_audits_switches_s_bottom_inline_drop'====== Args={'value': 1019, 'prev_value': None, 'change': True}
2024-08-19 13:59:32,953 : INFO : EventManager : Event: ======'machine_var_audits_switches_s_bottom_pop_bumper'====== Args={'value': 10, 'prev_value': None, 'change': True}
2024-08-19 13:59:32,953 : INFO : EventManager : Event: ======'machine_var_audits_switches_s_center_spinner'====== Args={'value': 266, 'prev_value': None, 'change': True}
2024-08-19 13:59:32,953 : INFO : EventManager : Event: ======'machine_var_audits_switches_s_e_target'====== Args={'value': 175, 'prev_value': None, 'change': True}
2024-08-19 13:59:32,954 : INFO : EventManager : Event: ======'machine_var_audits_switches_s_launch_button'====== Args={'value': 10, 'prev_value': None, 'change': True}
2024-08-19 13:59:32,954 : INFO : EventManager : Event: ======'machine_var_audits_switches_s_left_flipper'====== Args={'value': 492, 'prev_value': None, 'change': True}
2024-08-19 13:59:32,954 : INFO : EventManager : Event: ======'machine_var_audits_switches_s_left_inlane'====== Args={'value': 27, 'prev_value': None, 'change': True}
2024-08-19 13:59:32,954 : INFO : EventManager : Event: ======'machine_var_audits_switches_s_left_inner_horseshoe'====== Args={'value': 16, 'prev_value': None, 'change': True}
2024-08-19 13:59:32,954 : INFO : EventManager : Event: ======'machine_var_audits_switches_s_left_orbit_enter'====== Args={'value': 69, 'prev_value': None, 'change': True}
2024-08-19 13:59:32,954 : INFO : EventManager : Event: ======'machine_var_audits_switches_s_left_orbit_exit'====== Args={'value': 21, 'prev_value': None, 'change': True}
2024-08-19 13:59:32,955 : INFO : EventManager : Event: ======'machine_var_audits_switches_s_left_outlane'====== Args={'value': 46, 'prev_value': None, 'change': True}
2024-08-19 13:59:32,955 : INFO : EventManager : Event: ======'machine_var_audits_switches_s_left_pop_bumper'====== Args={'value': 9, 'prev_value': None, 'change': True}
2024-08-19 13:59:32,955 : INFO : EventManager : Event: ======'machine_var_audits_switches_s_left_ramp_enter'====== Args={'value': 30, 'prev_value': None, 'change': True}
2024-08-19 13:59:32,955 : INFO : EventManager : Event: ======'machine_var_audits_switches_s_left_ramp_exit'====== Args={'value': 37, 'prev_value': None, 'change': True}
2024-08-19 13:59:32,955 : INFO : EventManager : Event: ======'machine_var_audits_switches_s_left_ramp_standup'====== Args={'value': 1344, 'prev_value': None, 'change': True}
2024-08-19 13:59:32,955 : INFO : EventManager : Event: ======'machine_var_audits_switches_s_left_rollover_lane'====== Args={'value': 220, 'prev_value': None, 'change': True}
2024-08-19 13:59:32,956 : INFO : EventManager : Event: ======'machine_var_audits_switches_s_left_sling'====== Args={'value': 12, 'prev_value': None, 'change': True}
2024-08-19 13:59:32,956 : INFO : EventManager : Event: ======'machine_var_audits_switches_s_left_spinner'====== Args={'value': 143, 'prev_value': None, 'change': True}
2024-08-19 13:59:32,956 : INFO : EventManager : Event: ======'machine_var_audits_switches_s_middle_inline_drop'====== Args={'value': 1001, 'prev_value': None, 'change': True}
2024-08-19 13:59:32,956 : INFO : EventManager : Event: ======'machine_var_audits_switches_s_middle_rollover_lane'====== Args={'value': 207, 'prev_value': None, 'change': True}
2024-08-19 13:59:32,956 : INFO : EventManager : Event: ======'machine_var_audits_switches_s_n_target'====== Args={'value': 161, 'prev_value': None, 'change': True}
2024-08-19 13:59:32,957 : INFO : EventManager : Event: ======'machine_var_audits_switches_s_o_target'====== Args={'value': 325, 'prev_value': None, 'change': True}
2024-08-19 13:59:32,957 : INFO : EventManager : Event: ======'machine_var_audits_switches_s_p2_target'====== Args={'value': 146, 'prev_value': None, 'change': True}
2024-08-19 13:59:32,957 : INFO : EventManager : Event: ======'machine_var_audits_switches_s_p_target'====== Args={'value': 443, 'prev_value': None, 'change': True}
2024-08-19 13:59:32,957 : INFO : EventManager : Event: ======'machine_var_audits_switches_s_plunger'====== Args={'value': 1020, 'prev_value': None, 'change': True}
2024-08-19 13:59:32,957 : INFO : EventManager : Event: ======'machine_var_audits_switches_s_plunger_lane'====== Args={'value': 39, 'prev_value': None, 'change': True}
2024-08-19 13:59:32,957 : INFO : EventManager : Event: ======'machine_var_audits_switches_s_plunger_lane_exit'====== Args={'value': 756, 'prev_value': None, 'change': True}
2024-08-19 13:59:32,958 : INFO : EventManager : Event: ======'machine_var_audits_switches_s_r_target'====== Args={'value': 310, 'prev_value': None, 'change': True}
2024-08-19 13:59:32,958 : INFO : EventManager : Event: ======'machine_var_audits_switches_s_right_flipper'====== Args={'value': 1425, 'prev_value': None, 'change': True}
2024-08-19 13:59:32,958 : INFO : EventManager : Event: ======'machine_var_audits_switches_s_right_inlane'====== Args={'value': 23, 'prev_value': None, 'change': True}
2024-08-19 13:59:32,958 : INFO : EventManager : Event: ======'machine_var_audits_switches_s_right_inner_horseshoe'====== Args={'value': 17, 'prev_value': None, 'change': True}
2024-08-19 13:59:32,958 : INFO : EventManager : Event: ======'machine_var_audits_switches_s_right_orbit_exit'====== Args={'value': 34, 'prev_value': None, 'change': True}
2024-08-19 13:59:32,959 : INFO : EventManager : Event: ======'machine_var_audits_switches_s_right_outlane'====== Args={'value': 24, 'prev_value': None, 'change': True}
2024-08-19 13:59:32,959 : INFO : EventManager : Event: ======'machine_var_audits_switches_s_right_pop_bumper'====== Args={'value': 19, 'prev_value': None, 'change': True}
2024-08-19 13:59:32,959 : INFO : EventManager : Event: ======'machine_var_audits_switches_s_right_ramp_enter'====== Args={'value': 16, 'prev_value': None, 'change': True}
2024-08-19 13:59:32,959 : INFO : EventManager : Event: ======'machine_var_audits_switches_s_right_ramp_exit'====== Args={'value': 26, 'prev_value': None, 'change': True}
2024-08-19 13:59:32,959 : INFO : EventManager : Event: ======'machine_var_audits_switches_s_right_ramp_standup'====== Args={'value': 287, 'prev_value': None, 'change': True}
2024-08-19 13:59:32,959 : INFO : EventManager : Event: ======'machine_var_audits_switches_s_right_rollover_lane'====== Args={'value': 223, 'prev_value': None, 'change': True}
2024-08-19 13:59:32,960 : INFO : EventManager : Event: ======'machine_var_audits_switches_s_right_sling'====== Args={'value': 1, 'prev_value': None, 'change': True}
2024-08-19 13:59:32,960 : INFO : EventManager : Event: ======'machine_var_audits_switches_s_scoop'====== Args={'value': 525, 'prev_value': None, 'change': True}
2024-08-19 13:59:32,960 : INFO : EventManager : Event: ======'machine_var_audits_switches_s_start'====== Args={'value': 605, 'prev_value': None, 'change': True}
2024-08-19 13:59:32,960 : INFO : EventManager : Event: ======'machine_var_audits_switches_s_top_inline_drop'====== Args={'value': 48, 'prev_value': None, 'change': True}
2024-08-19 13:59:32,960 : INFO : EventManager : Event: ======'machine_var_audits_switches_s_trough1'====== Args={'value': 420, 'prev_value': None, 'change': True}
2024-08-19 13:59:32,961 : INFO : EventManager : Event: ======'machine_var_audits_switches_s_trough2'====== Args={'value': 36, 'prev_value': None, 'change': True}
2024-08-19 13:59:32,961 : INFO : EventManager : Event: ======'machine_var_audits_switches_s_trough3'====== Args={'value': 20, 'prev_value': None, 'change': True}
2024-08-19 13:59:32,961 : INFO : EventManager : Event: ======'machine_var_audits_switches_s_trough4'====== Args={'value': 3, 'prev_value': None, 'change': True}
2024-08-19 13:59:32,961 : INFO : EventManager : Event: ======'machine_var_audits_switches_s_trough5'====== Args={'value': 2, 'prev_value': None, 'change': True}
2024-08-19 13:59:32,961 : INFO : EventManager : Event: ======'machine_var_audits_switches_s_trough6'====== Args={'value': 1, 'prev_value': None, 'change': True}
2024-08-19 13:59:32,962 : INFO : EventManager : Event: ======'machine_var_audits_switches_s_trough_jam'====== Args={'value': 5, 'prev_value': None, 'change': True}
2024-08-19 13:59:32,962 : INFO : EventManager : Event: ======'init_phase_5'====== Args={}
2024-08-19 13:59:32,965 : INFO : EventManager : Event: ======'init_done'====== Args={}
2024-08-19 13:59:32,965 : INFO : EventManager : Event: ======'machine_reset_phase_1'====== Args={}
2024-08-19 13:59:32,975 : INFO : EventManager : Event: ======'machine_reset_phase_2'====== Args={}
2024-08-19 13:59:32,976 : INFO : EventManager : Event: ======'machine_reset_phase_3'====== Args={}
2024-08-19 13:59:32,976 : INFO : drop_target_bank.strickland_bank : All targets are already up. Will not reset bank.
2024-08-19 13:59:32,976 : INFO : EventManager : Event: ======'reset_complete'====== Args={}
2024-08-19 13:59:32,976 : INFO : EventManager : Event: ======'mode_attract_will_start'====== Args={}
2024-08-19 13:59:32,976 : INFO : Timer.attract_switch : Starting Timer.
2024-08-19 13:59:32,976 : INFO : EventManager : Event: ======'timer_attract_switch_started'====== Args={'ticks': 0, 'ticks_remaining': 45}
2024-08-19 13:59:32,976 : INFO : EventManager : Event: ======'timer_attract_switch_tick'====== Args={'ticks': 0, 'ticks_remaining': 45}
2024-08-19 13:59:32,977 : INFO : EventManager : Event: ======'mode_attract_starting'====== Args={}
2024-08-19 13:59:32,977 : INFO : Mode.attract : Started. Priority: 10
2024-08-19 13:59:32,977 : INFO : EventManager : Event: ======'modes_active_modes_changed'====== Args={}
2024-08-19 13:59:32,977 : INFO : EventManager : Event: ======'mode_attract_started'====== Args={}
2024-08-19 13:59:32,977 : INFO : EventManager : Event: ======'collecting_balls_complete'====== Args={}
2024-08-19 13:59:32,977 : INFO : Machine : Starting the main run loop.
2024-08-19 13:59:33,621 : INFO : SwitchController : <<<<<<< 's_start' active >>>>>>>
2024-08-19 13:59:33,621 : INFO : EventManager : Event: ======'s_start_active'====== Args={}
2024-08-19 13:59:33,622 : INFO : EventManager : Event: ======'sw_add_player'====== Args={'priority': 0}
2024-08-19 13:59:33,673 : INFO : BcpServer : New client connected.
2024-08-19 13:59:33,728 : INFO : SwitchController : <<<<<<< 's_start' inactive >>>>>>>
2024-08-19 13:59:33,728 : INFO : EventManager : Event: ======'request_to_start_game'====== Args={}
2024-08-19 13:59:33,728 : INFO : EventManager : Event: ======'game_start'====== Args={'buttons': [], 'hold_time': 0.10634999999999994}
2024-08-19 13:59:33,729 : INFO : EventManager : Event: ======'mode_game_will_start'====== Args={'buttons': [], 'hold_time': 0.10634999999999994}
2024-08-19 13:59:33,730 : INFO : EventManager : Event: ======'mode_game_starting'====== Args={'buttons': [], 'hold_time': 0.10634999999999994}
2024-08-19 13:59:33,730 : INFO : EventManager : Event: ======'mode_attract_will_stop'====== Args={}
2024-08-19 13:59:33,730 : INFO : EventManager : Event: ======'mode_attract_stopping'====== Args={}
2024-08-19 13:59:33,731 : INFO : Mode.attract : Stopped.
2024-08-19 13:59:33,731 : INFO : EventManager : Event: ======'modes_active_modes_changed'====== Args={}
2024-08-19 13:59:33,732 : INFO : EventManager : Event: ======'mode_attract_stopped'====== Args={}
2024-08-19 13:59:33,732 : INFO : EventManager : Event: ======'clear'====== Args={'key': 'attract'}
2024-08-19 13:59:33,733 : INFO : Timer.attract_switch : Stopping Timer
2024-08-19 13:59:33,733 : INFO : EventManager : Event: ======'timer_attract_switch_stopped'====== Args={'ticks': 0, 'ticks_remaining': 45}
2024-08-19 13:59:33,733 : INFO : Mode.game : Started. Priority: 20
2024-08-19 13:59:33,733 : INFO : EventManager : Event: ======'modes_active_modes_changed'====== Args={}
2024-08-19 13:59:33,733 : INFO : EventManager : Event: ======'mode_game_started'====== Args={'buttons': [], 'hold_time': 0.10634999999999994}
2024-08-19 13:59:33,734 : INFO : EventManager : Event: ======'game_will_start'====== Args={}
2024-08-19 13:59:33,734 : INFO : EventManager : Event: ======'game_starting'====== Args={'game': <Mode.game>}
2024-08-19 13:59:33,735 : INFO : EventManager : Unordered handler for class <Auditor> on event game_ended with priority 1. Handlers: [RegisteredHandler(callback=<bound method Auditor.disable of <Auditor>>, priority=1, kwargs={}, key=UUID('0470a2f4-d040-491a-a1c5-b157fb5b934e'), condition=None, blocking_facility=None), RegisteredHandler(callback=<bound method Auditor._save_audits of <Auditor>>, priority=1, kwargs={}, key=UUID('c9b3b60a-5c43-47b0-a909-0cb7e0d6e042'), condition=None, blocking_facility=None)]. The order of those handlers is not defined and they will be executed in random order. This might lead to race conditions and potential bugs.
2024-08-19 13:59:33,735 : INFO : EventManager : Event: ======'player_add_request'====== Args={}
2024-08-19 13:59:33,736 : INFO : EventManager : Event: ======'player_will_add'====== Args={'number': 1}
2024-08-19 13:59:33,736 : INFO : EventManager : Event: ======'player_adding'====== Args={'player': <Player 1>, 'number': 1}
2024-08-19 13:59:33,736 : INFO : EventManager : Event: ======'player_added'====== Args={'player': <Player 1>, 'num': 1}
2024-08-19 13:59:33,737 : INFO : Mode.game : Player added successfully. Total players: 1
2024-08-19 13:59:33,737 : INFO : EventManager : Event: ======'player_index'====== Args={'value': 0, 'prev_value': 0, 'change': 0, 'player_num': 1}
2024-08-19 13:59:33,737 : INFO : EventManager : Event: ======'player_number'====== Args={'value': 1, 'prev_value': 1, 'change': 0, 'player_num': 1}
2024-08-19 13:59:33,738 : INFO : EventManager : Event: ======'player_score'====== Args={'value': 0, 'prev_value': 0, 'change': 0, 'player_num': 1}
2024-08-19 13:59:33,738 : INFO : EventManager : Event: ======'game_started'====== Args={}
2024-08-19 13:59:33,745 : INFO : EventManager : Event: ======'player_turn_will_start'====== Args={'player': <Player 1>, 'number': 1}
2024-08-19 13:59:33,745 : INFO : EventManager : Event: ======'slide__removed'====== Args={'_from_bcp': True}
2024-08-19 13:59:33,745 : INFO : EventManager : Event: ======'player_turn_starting'====== Args={'player': <Player 1>, 'number': 1}
2024-08-19 13:59:33,746 : INFO : EventManager : Event: ======'player_ball'====== Args={'value': 1, 'prev_value': 0, 'change': 1, 'player_num': 1}
2024-08-19 13:59:33,746 : INFO : EventManager : Event: ======'player_turn_started'====== Args={'player': <Player 1>, 'number': 1}
2024-08-19 13:59:33,747 : INFO : EventManager : Event: ======'ball_will_start'====== Args={'player': 1, 'ball': 1, 'balls_remaining': 2, 'is_extra_ball': False}
2024-08-19 13:59:33,747 : INFO : EventManager : Event: ======'ball_starting'====== Args={'player': 1, 'ball': 1, 'balls_remaining': 2, 'is_extra_ball': False}
2024-08-19 13:59:33,747 : INFO : EventManager : Event: ======'mode_rainey_multiball_will_start'====== Args={'queue': <QueuedEvent>, 'player': 1, 'ball': 1, 'balls_remaining': 2, 'is_extra_ball': False}
2024-08-19 13:59:33,748 : INFO : EventManager : Event: ======'mode_rainey_multiball_starting'====== Args={'queue': <QueuedEvent>, 'player': 1, 'ball': 1, 'balls_remaining': 2, 'is_extra_ball': False}
2024-08-19 13:59:33,748 : INFO : EventManager : Event: ======'mode_skillshot_will_start'====== Args={'queue': <QueuedEvent>, 'player': 1, 'ball': 1, 'balls_remaining': 2, 'is_extra_ball': False}
2024-08-19 13:59:33,749 : INFO : EventManager : Event: ======'skillshot_complete'====== Args={'state': 'None'}
2024-08-19 13:59:33,749 : INFO : EventManager : Event: ======'skillshot_None_complete'====== Args={}
2024-08-19 13:59:33,749 : INFO : EventManager : Event: ======'player_shot_skillshot_p_target_enabled'====== Args={'value': True, 'prev_value': 0, 'change': 1, 'player_num': 1}
2024-08-19 13:59:33,750 : INFO : EventManager : Event: ======'player_shot_skillshot_r_target_enabled'====== Args={'value': True, 'prev_value': 0, 'change': 1, 'player_num': 1}
2024-08-19 13:59:33,750 : INFO : EventManager : Event: ======'player_shot_skillshot_o_target_enabled'====== Args={'value': True, 'prev_value': 0, 'change': 1, 'player_num': 1}
2024-08-19 13:59:33,750 : INFO : EventManager : Event: ======'player_shot_skillshot_p2_target_enabled'====== Args={'value': True, 'prev_value': 0, 'change': 1, 'player_num': 1}
2024-08-19 13:59:33,751 : INFO : EventManager : Event: ======'player_shot_skillshot_a_target_enabled'====== Args={'value': True, 'prev_value': 0, 'change': 1, 'player_num': 1}
2024-08-19 13:59:33,751 : INFO : EventManager : Event: ======'player_shot_skillshot_n_target_enabled'====== Args={'value': True, 'prev_value': 0, 'change': 1, 'player_num': 1}
2024-08-19 13:59:33,752 : INFO : EventManager : Event: ======'player_shot_skillshot_e_target_enabled'====== Args={'value': True, 'prev_value': 0, 'change': 1, 'player_num': 1}
2024-08-19 13:59:33,752 : INFO : EventManager : Event: ======'player_skillshot_skillshot_rotate_tick'====== Args={'value': 0, 'prev_value': 0, 'change': 0, 'player_num': 1}
2024-08-19 13:59:33,752 : INFO : Timer.skillshot_rotate : Starting Timer.
2024-08-19 13:59:33,752 : INFO : EventManager : Event: ======'timer_skillshot_rotate_started'====== Args={'ticks': 0, 'ticks_remaining': 0}
2024-08-19 13:59:33,752 : INFO : EventManager : Event: ======'timer_skillshot_rotate_tick'====== Args={'ticks': 0, 'ticks_remaining': 0}
2024-08-19 13:59:33,754 : INFO : EventManager : Event: ======'mode_skillshot_starting'====== Args={'queue': <QueuedEvent>, 'player': 1, 'ball': 1, 'balls_remaining': 2, 'is_extra_ball': False}
2024-08-19 13:59:33,754 : INFO : drop_target_bank.strickland_bank : All targets are already up. Will not reset bank.
2024-08-19 13:59:33,754 : INFO : EventManager : Event: ======'cmd_flippers_enable'====== Args={'priority': 0}
2024-08-19 13:59:33,754 : INFO : EventManager : Event: ======'cmd_autofire_coils_enable'====== Args={'priority': 0}
2024-08-19 13:59:33,754 : INFO : EventManager : Event: ======'cmd_drop_targets_reset'====== Args={'priority': 0}
2024-08-19 13:59:33,755 : INFO : Mode.skillshot : Started. Priority: 200
2024-08-19 13:59:33,755 : INFO : EventManager : Event: ======'modes_active_modes_changed'====== Args={}
2024-08-19 13:59:33,755 : INFO : EventManager : Event: ======'mode_skillshot_started'====== Args={'queue': <QueuedEvent>, 'player': 1, 'ball': 1, 'balls_remaining': 2, 'is_extra_ball': False}
2024-08-19 13:59:33,755 : INFO : EventManager : Event: ======'player_shot_skillshot_p_target'====== Args={'value': 1, 'prev_value': 0, 'change': 1, 'player_num': 1}
2024-08-19 13:59:33,756 : INFO : EventManager : Event: ======'balls_in_play'====== Args={'balls': 1}
2024-08-19 13:59:33,756 : INFO : EventManager : Event: ======'ball_started'====== Args={'player': 1, 'ball': 1, 'balls_remaining': 2, 'is_extra_ball': False}
2024-08-19 13:59:33,757 : INFO : EventManager : Event: ======'logicblock_mb_counter_updated'====== Args={'value': 0, 'enabled': False}
2024-08-19 13:59:33,757 : INFO : Mode.rainey_multiball : Started. Priority: 250
2024-08-19 13:59:33,757 : INFO : EventManager : Event: ======'modes_active_modes_changed'====== Args={}
2024-08-19 13:59:33,757 : INFO : EventManager : Event: ======'mode_rainey_multiball_started'====== Args={'queue': <QueuedEvent>, 'player': 1, 'ball': 1, 'balls_remaining': 2, 'is_extra_ball': False}
2024-08-19 13:59:33,757 : INFO : EventManager : Event: ======'mode_extra_ball_will_start'====== Args={'player': 1, 'ball': 1, 'balls_remaining': 2, 'is_extra_ball': False}
2024-08-19 13:59:33,757 : INFO : EventManager : Event: ======'player_extra_ball_score_one_num_awarded'====== Args={'value': 0, 'prev_value': 0, 'change': 0, 'player_num': 1}
2024-08-19 13:59:33,757 : INFO : EventManager : Event: ======'player_extra_ball_score_two_num_awarded'====== Args={'value': 0, 'prev_value': 0, 'change': 0, 'player_num': 1}
2024-08-19 13:59:33,758 : INFO : EventManager : Event: ======'mode_extra_ball_starting'====== Args={'player': 1, 'ball': 1, 'balls_remaining': 2, 'is_extra_ball': False}
2024-08-19 13:59:33,758 : INFO : EventManager : Event: ======'mode_hank_rollover_will_start'====== Args={'player': 1, 'ball': 1, 'balls_remaining': 2, 'is_extra_ball': False}
2024-08-19 13:59:33,758 : INFO : EventManager : Event: ======'player_shot_h_rollover_lane_enabled'====== Args={'value': True, 'prev_value': 0, 'change': 1, 'player_num': 1}
2024-08-19 13:59:33,758 : INFO : EventManager : Event: ======'player_shot_a_rollover_lane_enabled'====== Args={'value': True, 'prev_value': 0, 'change': 1, 'player_num': 1}
2024-08-19 13:59:33,759 : INFO : EventManager : Event: ======'player_shot_n_rollover_lane_enabled'====== Args={'value': True, 'prev_value': 0, 'change': 1, 'player_num': 1}
2024-08-19 13:59:33,759 : INFO : EventManager : Event: ======'player_shot_k_rollover_lane_enabled'====== Args={'value': True, 'prev_value': 0, 'change': 1, 'player_num': 1}
2024-08-19 13:59:33,760 : INFO : EventManager : Event: ======'hank_lanes_complete'====== Args={'state': 'unlit'}
2024-08-19 13:59:33,760 : INFO : EventManager : Event: ======'hank_lanes_unlit_complete'====== Args={}
2024-08-19 13:59:33,760 : INFO : EventManager : Event: ======'mode_hank_rollover_starting'====== Args={'player': 1, 'ball': 1, 'balls_remaining': 2, 'is_extra_ball': False}
2024-08-19 13:59:33,760 : INFO : EventManager : Event: ======'mode_BBQ_rollover_will_start'====== Args={'player': 1, 'ball': 1, 'balls_remaining': 2, 'is_extra_ball': False}
2024-08-19 13:59:33,761 : INFO : EventManager : Event: ======'player_shot_left_rollover_lane_enabled'====== Args={'value': True, 'prev_value': 0, 'change': 1, 'player_num': 1}
2024-08-19 13:59:33,761 : INFO : EventManager : Event: ======'player_shot_middle_rollover_lane_enabled'====== Args={'value': True, 'prev_value': 0, 'change': 1, 'player_num': 1}
2024-08-19 13:59:33,761 : INFO : EventManager : Event: ======'player_shot_right_rollover_lane_enabled'====== Args={'value': True, 'prev_value': 0, 'change': 1, 'player_num': 1}
2024-08-19 13:59:33,762 : INFO : EventManager : Event: ======'BBQ_lanes_complete'====== Args={'state': 'unlit'}
2024-08-19 13:59:33,762 : INFO : EventManager : Event: ======'BBQ_lanes_unlit_complete'====== Args={}
2024-08-19 13:59:33,763 : INFO : EventManager : Event: ======'mode_BBQ_rollover_starting'====== Args={'player': 1, 'ball': 1, 'balls_remaining': 2, 'is_extra_ball': False}
2024-08-19 13:59:33,763 : INFO : EventManager : Event: ======'mode_base_will_start'====== Args={'player': 1, 'ball': 1, 'balls_remaining': 2, 'is_extra_ball': False}
2024-08-19 13:59:33,763 : INFO : EventManager : Event: ======'player_shot_qualify_p_target_enabled'====== Args={'value': True, 'prev_value': 0, 'change': 1, 'player_num': 1}
2024-08-19 13:59:33,764 : INFO : EventManager : Event: ======'player_shot_qualify_r_target_enabled'====== Args={'value': True, 'prev_value': 0, 'change': 1, 'player_num': 1}
2024-08-19 13:59:33,764 : INFO : EventManager : Event: ======'player_shot_qualify_o_target_enabled'====== Args={'value': True, 'prev_value': 0, 'change': 1, 'player_num': 1}
2024-08-19 13:59:33,764 : INFO : EventManager : Event: ======'player_shot_scoop_enabled'====== Args={'value': True, 'prev_value': 0, 'change': 1, 'player_num': 1}
2024-08-19 13:59:33,764 : INFO : EventManager : Event: ======'player_shot_rainey_multiball_ball_lock_p2_target_enabled'====== Args={'value': True, 'prev_value': 0, 'change': 1, 'player_num': 1}
2024-08-19 13:59:33,765 : INFO : EventManager : Event: ======'player_shot_rainey_multiball_ball_lock_a_target_enabled'====== Args={'value': True, 'prev_value': 0, 'change': 1, 'player_num': 1}
2024-08-19 13:59:33,765 : INFO : EventManager : Event: ======'player_shot_rainey_multiball_ball_lock_n_target_enabled'====== Args={'value': True, 'prev_value': 0, 'change': 1, 'player_num': 1}
2024-08-19 13:59:33,765 : INFO : EventManager : Event: ======'player_shot_rainey_multiball_ball_lock_e_target_enabled'====== Args={'value': True, 'prev_value': 0, 'change': 1, 'player_num': 1}
2024-08-19 13:59:33,765 : INFO : EventManager : Event: ======'player_shot_spinner_enabled'====== Args={'value': True, 'prev_value': 0, 'change': 1, 'player_num': 1}
2024-08-19 13:59:33,766 : INFO : EventManager : Event: ======'qualify_mission_complete'====== Args={'state': 'unlit'}
2024-08-19 13:59:33,766 : INFO : EventManager : Event: ======'qualify_mission_unlit_complete'====== Args={}
2024-08-19 13:59:33,766 : INFO : EventManager : Event: ======'light_rainey_multiball_ball_lock_complete'====== Args={'state': 'unlit'}
2024-08-19 13:59:33,766 : INFO : EventManager : Event: ======'light_rainey_multiball_ball_lock_unlit_complete'====== Args={}
2024-08-19 13:59:33,770 : INFO : EventManager : Event: ======'mode_base_starting'====== Args={'player': 1, 'ball': 1, 'balls_remaining': 2, 'is_extra_ball': False}
2024-08-19 13:59:33,771 : INFO : Mode.extra_ball : Started. Priority: 900
2024-08-19 13:59:33,771 : INFO : EventManager : Event: ======'modes_active_modes_changed'====== Args={}
2024-08-19 13:59:33,771 : INFO : EventManager : Event: ======'mode_extra_ball_started'====== Args={'player': 1, 'ball': 1, 'balls_remaining': 2, 'is_extra_ball': False}
2024-08-19 13:59:33,774 : INFO : EventManager : Event: ======'logicblock_lb_hank_complete_count_updated'====== Args={'value': 1, 'enabled': True}
2024-08-19 13:59:33,775 : INFO : EventManager : Event: ======'logicblock_lb_hank_complete_count_updated'====== Args={'value': 1, 'enabled': True}
2024-08-19 13:59:33,775 : INFO : Mode.hank_rollover : Started. Priority: 200
2024-08-19 13:59:33,775 : INFO : EventManager : Event: ======'modes_active_modes_changed'====== Args={}
2024-08-19 13:59:33,775 : INFO : EventManager : Event: ======'mode_hank_rollover_started'====== Args={'player': 1, 'ball': 1, 'balls_remaining': 2, 'is_extra_ball': False}
2024-08-19 13:59:33,775 : INFO : EventManager : Event: ======'logicblock_lb_BBQ_complete_count_updated'====== Args={'value': 1, 'enabled': True}
2024-08-19 13:59:33,775 : INFO : EventManager : Event: ======'logicblock_lb_BBQ_complete_count_updated'====== Args={'value': 1, 'enabled': True}
2024-08-19 13:59:33,775 : INFO : Mode.BBQ_rollover : Started. Priority: 200
2024-08-19 13:59:33,775 : INFO : EventManager : Event: ======'modes_active_modes_changed'====== Args={}
2024-08-19 13:59:33,775 : INFO : EventManager : Event: ======'mode_BBQ_rollover_started'====== Args={'player': 1, 'ball': 1, 'balls_remaining': 2, 'is_extra_ball': False}
2024-08-19 13:59:33,776 : INFO : EventManager : Event: ======'logicblock_bill_mini_wizard_updated'====== Args={'value': [False, False], 'enabled': True}
2024-08-19 13:59:33,776 : INFO : EventManager : Event: ======'logicblock_dale_mini_wizard_updated'====== Args={'value': [False, False], 'enabled': True}
2024-08-19 13:59:33,776 : INFO : EventManager : Event: ======'logicblock_hank_mini_wizard_updated'====== Args={'value': [False, False], 'enabled': True}
2024-08-19 13:59:33,776 : INFO : EventManager : Event: ======'logicblock_boom_mini_wizard_updated'====== Args={'value': [False, False], 'enabled': True}
2024-08-19 13:59:33,776 : INFO : EventManager : Event: ======'logicblock_wizard_mode_updated'====== Args={'value': [False, False, False, False], 'enabled': True}
2024-08-19 13:59:33,776 : INFO : EventManager : Event: ======'logicblock_bill_mini_wizard_updated'====== Args={'value': [False, False], 'enabled': True}
2024-08-19 13:59:33,776 : INFO : EventManager : Event: ======'logicblock_dale_mini_wizard_updated'====== Args={'value': [False, False], 'enabled': True}
2024-08-19 13:59:33,776 : INFO : EventManager : Event: ======'logicblock_hank_mini_wizard_updated'====== Args={'value': [False, False], 'enabled': True}
2024-08-19 13:59:33,776 : INFO : EventManager : Event: ======'logicblock_boom_mini_wizard_updated'====== Args={'value': [False, False], 'enabled': True}
2024-08-19 13:59:33,776 : INFO : EventManager : Event: ======'logicblock_wizard_mode_updated'====== Args={'value': [False, False, False, False], 'enabled': True}
2024-08-19 13:59:33,776 : INFO : Mode.base : Started. Priority: 100
2024-08-19 13:59:33,776 : INFO : EventManager : Event: ======'modes_active_modes_changed'====== Args={}
2024-08-19 13:59:33,777 : INFO : EventManager : Event: ======'mode_base_started'====== Args={'player': 1, 'ball': 1, 'balls_remaining': 2, 'is_extra_ball': False}
2024-08-19 13:59:33,777 : INFO : EventManager : Event: ======'player_bonus_multiplier'====== Args={'value': 1, 'prev_value': 0, 'change': 1, 'player_num': 1, 'source': 'BBQ_rollover'}
2024-08-19 13:59:33,777 : INFO : EventManager : Event: ======'ball_save_default_enabled'====== Args={}
2024-08-19 13:59:33,777 : INFO : EventManager : Event: ======'single_player_ball_started'====== Args={}
2024-08-19 13:59:33,778 : INFO : EventManager : Event: ======'ball_start_target'====== Args={'target': 'playfield'}
2024-08-19 13:59:33,778 : INFO : SwitchController : <<<<<<< 's_plunger' active >>>>>>>
2024-08-19 13:59:33,778 : INFO : EventManager : Event: ======'machine_var_audits_switches_s_plunger'====== Args={'value': 1021, 'prev_value': 1020, 'change': 1}
2024-08-19 13:59:33,779 : INFO : ball_device.bd_plunger : Setting up player-controlled eject. Balls: 1, Target: <playfield.playfield>, player_controlled_eject_event: s_launch_button_inactive
2024-08-19 13:59:33,779 : INFO : EventManager : Event: ======'balldevice_balls_available'====== Args={}
2024-08-19 13:59:33,779 : INFO : ball_device.bd_trough : State: waiting_for_target_ready
2024-08-19 13:59:33,779 : INFO : EventManager : Event: ======'balldevice_bd_trough_ball_eject_attempt'====== Args={'balls': 1, 'target': <ball_device.bd_plunger>, 'source': <ball_device.bd_trough>, 'mechanical_eject': True, 'num_attempts': 0}
2024-08-19 13:59:33,794 : INFO : EventManager : Event: ======'slide_arlen_intro_created'====== Args={'_from_bcp': True}
2024-08-19 13:59:33,795 : INFO : EventManager : Event: ======'slide_arlen_intro_active'====== Args={'original_context': 'skillshot', 'original_calling_context': 'mode_skillshot_started', 'queue': '<QueuedEvent>', 'cmd': 'slides_play', '_from_bcp': True}
2024-08-19 13:59:33,801 : INFO : EventManager : Event: ======'slide_base_created'====== Args={'_from_bcp': True}
2024-08-19 13:59:33,869 : INFO : SwitchController : <<<<<<< 's_plunger' inactive >>>>>>>
2024-08-19 13:59:34,370 : INFO : ball_device.bd_trough : State: ejecting
2024-08-19 13:59:34,371 : INFO : ball_device.bd_trough : Ejecting ball to <ball_device.bd_plunger>
2024-08-19 13:59:34,372 : INFO : EventManager : Event: ======'balldevice_bd_trough_ejecting_ball'====== Args={'balls': 1, 'target': <ball_device.bd_plunger>, 'source': <ball_device.bd_trough>, 'mechanical_eject': True, 'num_attempts': 0}
2024-08-19 13:59:34,373 : INFO : ball_device.bd_plunger : State: waiting_for_ball
2024-08-19 13:59:34,375 : INFO : ball_device.bd_trough : Wait for ball to leave device
2024-08-19 13:59:34,375 : INFO : coil.c_trough_eject : Pulsing Driver for 20ms (1.0 pulse_power)
2024-08-19 13:59:34,376 : INFO : SwitchController : <<<<<<< 's_trough1' inactive >>>>>>>
2024-08-19 13:59:34,379 : INFO : ball_device.bd_trough : State: ball_left
2024-08-19 13:59:34,380 : INFO : ball_device.bd_trough : Ball left
2024-08-19 13:59:34,380 : INFO : ball_device.bd_trough : Wait for confirm with timeout 3.0
2024-08-19 13:59:34,478 : INFO : SwitchController : <<<<<<< 's_plunger' active >>>>>>>
2024-08-19 13:59:34,478 : INFO : EventManager : Event: ======'machine_var_audits_switches_s_plunger'====== Args={'value': 1022, 'prev_value': 1021, 'change': 1}
2024-08-19 13:59:34,753 : INFO : EventManager : Event: ======'player_skillshot_skillshot_rotate_tick'====== Args={'value': 1, 'prev_value': 0, 'change': 1, 'player_num': 1}
2024-08-19 13:59:34,755 : INFO : EventManager : Event: ======'timer_skillshot_rotate_tick'====== Args={'ticks': 1, 'ticks_remaining': 0}
2024-08-19 13:59:34,756 : INFO : EventManager : Event: ======'player_shot_skillshot_p_target'====== Args={'value': 0, 'prev_value': 1, 'change': -1, 'player_num': 1}
2024-08-19 13:59:34,758 : INFO : EventManager : Event: ======'player_shot_skillshot_r_target'====== Args={'value': 1, 'prev_value': 0, 'change': 1, 'player_num': 1}
2024-08-19 13:59:34,978 : INFO : ball_device.bd_plunger : Received ball from <ball_device.bd_trough>
2024-08-19 13:59:34,978 : INFO : EventManager : Event: ======'balldevice_bd_plunger_ball_enter'====== Args={'new_balls': 1, 'unclaimed_balls': 0, 'new_available_balls': 0, 'device': <ball_device.bd_plunger>}
2024-08-19 13:59:34,979 : INFO : EventManager : Event: ======'balldevice_bd_plunger_ball_entered'====== Args={'new_balls': 0, 'device': <ball_device.bd_plunger>}
2024-08-19 13:59:34,979 : INFO : EventManager : Event: ======'balldevice_bd_plunger_ball_count_changed'====== Args={'balls': 1}
2024-08-19 13:59:34,980 : INFO : ball_device.bd_trough : Got eject confirm
2024-08-19 13:59:34,980 : INFO : ball_device.bd_trough : Eject successful
2024-08-19 13:59:34,980 : INFO : EventManager : Event: ======'balldevice_bd_trough_ball_eject_success'====== Args={'balls': 1, 'target': <ball_device.bd_plunger>}
2024-08-19 13:59:34,980 : INFO : EventManager : Event: ======'balldevice_bd_trough_ball_count_changed'====== Args={'balls': 5}
2024-08-19 13:59:34,980 : INFO : ball_device.bd_trough : State: idle
2024-08-19 13:59:34,981 : INFO : ball_device.bd_plunger : State: waiting_for_target_ready
2024-08-19 13:59:34,981 : INFO : EventManager : Event: ======'balldevice_bd_plunger_ball_eject_attempt'====== Args={'balls': 1, 'target': <playfield.playfield>, 'source': <ball_device.bd_plunger>, 'mechanical_eject': True, 'num_attempts': 0}
2024-08-19 13:59:34,981 : INFO : ball_device.bd_plunger : State: ejecting
2024-08-19 13:59:34,981 : INFO : ball_device.bd_plunger : Ejecting ball to <playfield.playfield>
2024-08-19 13:59:34,982 : INFO : EventManager : Event: ======'balldevice_bd_plunger_ejecting_ball'====== Args={'balls': 1, 'target': <playfield.playfield>, 'source': <ball_device.bd_plunger>, 'mechanical_eject': True, 'num_attempts': 0}
2024-08-19 13:59:34,982 : INFO : ball_device.bd_plunger : Wait for ball to leave device
2024-08-19 13:59:35,068 : INFO : SwitchController : <<<<<<< 's_plunger_lane_exit' active >>>>>>>
2024-08-19 13:59:35,068 : INFO : EventManager : Event: ======'s_plunger_lane_exit_active'====== Args={}
2024-08-19 13:59:35,068 : INFO : EventManager : Event: ======'sw_playfield_active'====== Args={}
2024-08-19 13:59:35,068 : INFO : EventManager : Event: ======'machine_var_audits_switches_s_plunger_lane_exit'====== Args={'value': 757, 'prev_value': 756, 'change': 1}
2024-08-19 13:59:35,068 : INFO : EventManager : Event: ======'ball_save_default_timer_start'====== Args={}
2024-08-19 13:59:35,069 : INFO : EventManager : Event: ======'playfield_active'====== Args={}
2024-08-19 13:59:35,110 : INFO : SwitchController : <<<<<<< 's_plunger_lane_exit' inactive >>>>>>>
2024-08-19 13:59:35,110 : INFO : EventManager : Event: ======'s_plunger_lane_exit_inactive'====== Args={}
2024-08-19 13:59:35,110 : INFO : Timer.skillshot_rotate : Stopping Timer
2024-08-19 13:59:35,110 : INFO : EventManager : Event: ======'timer_skillshot_rotate_stopped'====== Args={'ticks': 1, 'ticks_remaining': 0}
2024-08-19 13:59:35,110 : INFO : EventManager : Event: ======'advance_skillshot_2'====== Args={'priority': 0}
2024-08-19 13:59:35,110 : INFO : EventManager : Event: ======'player_shot_skillshot_r_target'====== Args={'value': 2, 'prev_value': 1, 'change': 1, 'player_num': 1}
2024-08-19 13:59:36,233 : INFO : SwitchController : <<<<<<< 's_r_target' active >>>>>>>
2024-08-19 13:59:36,233 : INFO : EventManager : Event: ======'playfield_active'====== Args={}
2024-08-19 13:59:36,234 : INFO : EventManager : Event: ======'playfield_active'====== Args={}
2024-08-19 13:59:36,234 : INFO : EventManager : Event: ======'s_r_target_active'====== Args={}
2024-08-19 13:59:36,235 : INFO : EventManager : Event: ======'machine_var_audits_switches_s_r_target'====== Args={'value': 311, 'prev_value': 310, 'change': 1}
2024-08-19 13:59:36,237 : INFO : EventManager : Event: ======'machine_var_audits_shots_skillshot_r_target'====== Args={'value': 96, 'prev_value': 95, 'change': 1}
2024-08-19 13:59:36,238 : INFO : EventManager : Event: ======'skillshot_r_target_hit'====== Args={'profile': 'skillshot_profile', 'state': 'lit', 'advancing': False}
2024-08-19 13:59:36,239 : INFO : EventManager : Event: ======'skillshot_r_target_skillshot_profile_hit'====== Args={'profile': 'skillshot_profile', 'state': 'lit', 'advancing': False}
2024-08-19 13:59:36,239 : INFO : EventManager : Event: ======'skillshot_r_target_skillshot_profile_lit_hit'====== Args={'profile': 'skillshot_profile', 'state': 'lit', 'advancing': False}
2024-08-19 13:59:36,239 : INFO : EventManager : Event: ======'skillshot_r_target_lit_hit'====== Args={'profile': 'skillshot_profile', 'state': 'lit', 'advancing': False}
2024-08-19 13:59:36,240 : INFO : EventManager : Event: ======'player_shot_qualify_r_target'====== Args={'value': 1, 'prev_value': 0, 'change': 1, 'player_num': 1}
2024-08-19 13:59:36,241 : INFO : EventManager : Event: ======'machine_var_audits_shots_qualify_r_target'====== Args={'value': 270, 'prev_value': 269, 'change': 1}
2024-08-19 13:59:36,242 : INFO : EventManager : Event: ======'qualify_r_target_hit'====== Args={'profile': 'mission_qualify', 'state': 'unlit', 'advancing': True}
2024-08-19 13:59:36,242 : INFO : EventManager : Event: ======'qualify_r_target_mission_qualify_hit'====== Args={'profile': 'mission_qualify', 'state': 'unlit', 'advancing': True}
2024-08-19 13:59:36,242 : INFO : EventManager : Event: ======'qualify_r_target_mission_qualify_unlit_hit'====== Args={'profile': 'mission_qualify', 'state': 'unlit', 'advancing': True}
2024-08-19 13:59:36,242 : INFO : EventManager : Event: ======'qualify_r_target_unlit_hit'====== Args={'profile': 'mission_qualify', 'state': 'unlit', 'advancing': True}
2024-08-19 13:59:36,242 : INFO : EventManager : Event: ======'player_score'====== Args={'value': 50, 'prev_value': 0, 'change': 50, 'player_num': 1, 'source': 'base'}
2024-08-19 13:59:36,243 : INFO : EventManager : Event: ======'skillshot_hit'====== Args={'shot': 'skillshot_r_target'}
2024-08-19 13:59:36,243 : INFO : EventManager : Event: ======'skillshot_lit_hit'====== Args={'shot': 'skillshot_r_target'}
2024-08-19 13:59:36,244 : INFO : EventManager : Event: ======'stop_mode_skillshot'====== Args={'priority': 0}
2024-08-19 13:59:36,244 : INFO : EventManager : Event: ======'mode_skillshot_will_stop'====== Args={}
2024-08-19 13:59:36,244 : INFO : EventManager : Event: ======'mode_skillshot_stopping'====== Args={}
2024-08-19 13:59:36,244 : INFO : EventManager : Event: ======'player_score'====== Args={'value': 90050, 'prev_value': 50, 'change': 90000, 'player_num': 1, 'source': 'skillshot'}
2024-08-19 13:59:36,248 : INFO : EventManager : Event: ======'qualify_mission_hit'====== Args={'shot': 'qualify_r_target'}
2024-08-19 13:59:36,248 : INFO : EventManager : Event: ======'qualify_mission_unlit_hit'====== Args={'shot': 'qualify_r_target'}
2024-08-19 13:59:36,249 : INFO : Mode.skillshot : Stopped.
2024-08-19 13:59:36,250 : INFO : EventManager : Event: ======'modes_active_modes_changed'====== Args={}
2024-08-19 13:59:36,250 : INFO : EventManager : Event: ======'mode_skillshot_stopped'====== Args={}
2024-08-19 13:59:36,250 : INFO : EventManager : Event: ======'clear'====== Args={'key': 'skillshot'}
2024-08-19 13:59:36,251 : INFO : Timer.skillshot_rotate : Stopping Timer
2024-08-19 13:59:36,251 : INFO : EventManager : Event: ======'timer_skillshot_rotate_stopped'====== Args={'ticks': 1, 'ticks_remaining': 0}
2024-08-19 13:59:36,259 : INFO : EventManager : Event: ======'slide_arlen_intro_inactive'====== Args={'_from_bcp': True}
2024-08-19 13:59:36,259 : INFO : EventManager : Event: ======'slide_base_active'====== Args={'_from_bcp': True}
2024-08-19 13:59:36,260 : INFO : EventManager : Event: ======'slide_arlen_intro_removed'====== Args={'_from_bcp': True}
2024-08-19 13:59:36,351 : INFO : SwitchController : <<<<<<< 's_r_target' inactive >>>>>>>
2024-08-19 13:59:37,966 : INFO : SwitchController : <<<<<<< 's_scoop' active >>>>>>>
2024-08-19 13:59:37,966 : INFO : EventManager : Event: ======'playfield_active'====== Args={}
2024-08-19 13:59:37,966 : INFO : EventManager : Event: ======'s_scoop_active'====== Args={}
2024-08-19 13:59:37,967 : INFO : EventManager : Event: ======'machine_var_audits_switches_s_scoop'====== Args={'value': 526, 'prev_value': 525, 'change': 1}
2024-08-19 13:59:37,968 : INFO : EventManager : Event: ======'mode_mission_select_will_start'====== Args={}
2024-08-19 13:59:37,970 : INFO : EventManager : Event: ======'mode_mission_select_starting'====== Args={}
2024-08-19 13:59:37,971 : INFO : EventManager : Event: ======'player_shot_scoop'====== Args={'value': 1, 'prev_value': 0, 'change': 1, 'player_num': 1}
2024-08-19 13:59:37,971 : INFO : EventManager : Event: ======'machine_var_audits_shots_scoop'====== Args={'value': 198, 'prev_value': 197, 'change': 1}
2024-08-19 13:59:37,972 : INFO : EventManager : Event: ======'scoop_hit'====== Args={'profile': 'scoop_light', 'state': 'unqualified', 'advancing': True}
2024-08-19 13:59:37,972 : INFO : EventManager : Event: ======'scoop_scoop_light_hit'====== Args={'profile': 'scoop_light', 'state': 'unqualified', 'advancing': True}
2024-08-19 13:59:37,972 : INFO : EventManager : Event: ======'scoop_scoop_light_unqualified_hit'====== Args={'profile': 'scoop_light', 'state': 'unqualified', 'advancing': True}
2024-08-19 13:59:37,972 : INFO : EventManager : Event: ======'scoop_unqualified_hit'====== Args={'profile': 'scoop_light', 'state': 'unqualified', 'advancing': True}
2024-08-19 13:59:37,972 : INFO : Mode.mission_select : Started. Priority: 800
2024-08-19 13:59:37,972 : INFO : EventManager : Event: ======'modes_active_modes_changed'====== Args={}
2024-08-19 13:59:37,972 : INFO : EventManager : Event: ======'mode_mission_select_started'====== Args={}
2024-08-19 13:59:37,973 : INFO : EventManager : Event: ======'item_highlighted'====== Args={'carousel': 'mission_select', 'direction': None, 'item': 'beat_the_surfer'}
2024-08-19 13:59:38,037 : INFO : EventManager : Event: ======'slide_mission_select_created'====== Args={'_from_bcp': True}
2024-08-19 13:59:38,037 : INFO : EventManager : Event: ======'slide_base_inactive'====== Args={'_from_bcp': True}
2024-08-19 13:59:38,038 : INFO : EventManager : Event: ======'slide_mission_select_active'====== Args={'original_context': 'mission_select', 'original_calling_context': 'mode_mission_select_started', 'cmd': 'slides_play', '_from_bcp': True}
2024-08-19 13:59:38,467 : INFO : EventManager : Event: ======'balldevice_bd_scoop_ball_count_changed'====== Args={'balls': 1}
2024-08-19 13:59:38,468 : INFO : ball_device.bd_scoop : Received unexpected ball
2024-08-19 13:59:38,469 : INFO : EventManager : Event: ======'balldevice_captured_from_playfield'====== Args={'balls': 1}
2024-08-19 13:59:38,469 : INFO : EventManager : Event: ======'sw_playfield_active'====== Args={'balls': 1}
2024-08-19 13:59:38,470 : INFO : EventManager : Event: ======'playfield_active'====== Args={}
2024-08-19 13:59:38,470 : INFO : EventManager : Event: ======'playfield_ball_count_change'====== Args={'balls': -1, 'change': -1}
2024-08-19 13:59:38,471 : INFO : EventManager : Event: ======'balldevice_playfield_ball_enter'====== Args={'new_balls': 1, 'unclaimed_balls': 1, 'device': <playfield.playfield>}
2024-08-19 13:59:38,471 : INFO : EventManager : Event: ======'playfield_ball_count_change'====== Args={'balls': 0, 'change': 1}
2024-08-19 13:59:38,472 : INFO : BallController : Found a new ball which was captured from playfield. Known balls: 7
2024-08-19 13:59:38,472 : INFO : EventManager : Event: ======'found_new_ball'====== Args={}
2024-08-19 13:59:38,472 : INFO : EventManager : Event: ======'balldevice_bd_scoop_ball_enter'====== Args={'new_balls': 1, 'unclaimed_balls': 1, 'new_available_balls': 1, 'device': <ball_device.bd_scoop>}
2024-08-19 13:59:38,473 : INFO : EventManager : Event: ======'ball_hold_scoop_held_ball'====== Args={'balls_held': 1, 'total_balls_held': 1}
2024-08-19 13:59:38,473 : INFO : EventManager : Event: ======'ball_hold_scoop_full'====== Args={'balls': 1}
2024-08-19 13:59:38,474 : INFO : EventManager : Event: ======'balldevice_balls_available'====== Args={}
2024-08-19 13:59:38,474 : INFO : EventManager : Event: ======'balldevice_bd_scoop_ball_entered'====== Args={'new_balls': 1, 'device': <ball_device.bd_scoop>}
2024-08-19 13:59:39,598 : INFO : SwitchController : <<<<<<< 's_start' active >>>>>>>
2024-08-19 13:59:39,599 : INFO : EventManager : Event: ======'s_start_active'====== Args={}
2024-08-19 13:59:39,600 : INFO : EventManager : Event: ======'machine_var_audits_switches_s_start'====== Args={'value': 606, 'prev_value': 605, 'change': 1}
2024-08-19 13:59:39,602 : INFO : EventManager : Event: ======'sw_add_player'====== Args={'priority': 0}
2024-08-19 13:59:39,603 : INFO : EventManager : Event: ======'player_add_request'====== Args={}
2024-08-19 13:59:39,603 : INFO : EventManager : Event: ======'player_will_add'====== Args={'number': 2}
2024-08-19 13:59:39,604 : INFO : EventManager : Event: ======'player_adding'====== Args={'player': <Player 2>, 'number': 2}
2024-08-19 13:59:39,609 : INFO : EventManager : Event: ======'player_added'====== Args={'player': <Player 2>, 'num': 2}
2024-08-19 13:59:39,616 : INFO : Mode.game : Player added successfully. Total players: 2
2024-08-19 13:59:39,617 : INFO : EventManager : Event: ======'multiplayer_game'====== Args={}
2024-08-19 13:59:39,621 : INFO : EventManager : Event: ======'player_index'====== Args={'value': 1, 'prev_value': 1, 'change': 0, 'player_num': 2}
2024-08-19 13:59:39,622 : INFO : EventManager : Event: ======'player_number'====== Args={'value': 2, 'prev_value': 2, 'change': 0, 'player_num': 2}
2024-08-19 13:59:39,623 : INFO : EventManager : Event: ======'player_score'====== Args={'value': 0, 'prev_value': 0, 'change': 0, 'player_num': 2}
2024-08-19 13:59:39,694 : INFO : SwitchController : <<<<<<< 's_start' inactive >>>>>>>
2024-08-19 13:59:39,694 : INFO : EventManager : Event: ======'s_start_inactive'====== Args={}
2024-08-19 13:59:39,695 : INFO : EventManager : Event: ======'mission_select_beat_the_surfer_selected'====== Args={}
2024-08-19 13:59:39,695 : INFO : EventManager : Event: ======'mission_select_item_selected'====== Args={}
2024-08-19 13:59:39,695 : INFO : EventManager : Event: ======'player_selected_mission'====== Args={'value': 'beat the surfer', 'prev_value': 0, 'change': True, 'player_num': 1, 'source': 'mission_select'}
2024-08-19 13:59:39,695 : INFO : EventManager : Event: ======'mode_beat_the_surfer_will_start'====== Args={}
2024-08-19 13:59:39,695 : INFO : EventManager : Event: ======'player_beat_the_surfer_beat_the_surfer_mode_countdown_tick'====== Args={'value': 45, 'prev_value': 0, 'change': 45, 'player_num': 1}
2024-08-19 13:59:39,695 : INFO : Timer.beat_the_surfer_mode_countdown : Starting Timer.
2024-08-19 13:59:39,695 : INFO : EventManager : Event: ======'timer_beat_the_surfer_mode_countdown_started'====== Args={'ticks': 45, 'ticks_remaining': 45}
2024-08-19 13:59:39,695 : INFO : EventManager : Event: ======'timer_beat_the_surfer_mode_countdown_tick'====== Args={'ticks': 45, 'ticks_remaining': 45}
2024-08-19 13:59:39,696 : INFO : EventManager : Event: ======'mode_beat_the_surfer_starting'====== Args={}
2024-08-19 13:59:39,696 : INFO : EventManager : Event: ======'mode_mission_select_will_stop'====== Args={}
2024-08-19 13:59:39,696 : INFO : EventManager : Event: ======'mode_mission_select_stopping'====== Args={}
2024-08-19 13:59:39,696 : INFO : ball_device.bd_scoop : Adding 1 ball(s) to the eject_queue with target <playfield.playfield>.
2024-08-19 13:59:39,696 : INFO : EventManager : Event: ======'balldevice_balls_available'====== Args={}
2024-08-19 13:59:39,696 : INFO : EventManager : Event: ======'ball_hold_scoop_balls_released'====== Args={'balls_released': 1}
2024-08-19 13:59:39,696 : INFO : Mode.beat_the_surfer : Started. Priority: 130
2024-08-19 13:59:39,696 : INFO : EventManager : Event: ======'modes_active_modes_changed'====== Args={}
2024-08-19 13:59:39,696 : INFO : EventManager : Event: ======'mode_beat_the_surfer_started'====== Args={}
2024-08-19 13:59:39,697 : INFO : Mode.mission_select : Stopped.
2024-08-19 13:59:39,697 : INFO : EventManager : Event: ======'modes_active_modes_changed'====== Args={}
2024-08-19 13:59:39,697 : INFO : EventManager : Event: ======'mode_mission_select_stopped'====== Args={}
2024-08-19 13:59:39,697 : INFO : EventManager : Event: ======'clear'====== Args={'key': 'mission_select'}
2024-08-19 13:59:39,698 : INFO : ball_device.bd_scoop : State: waiting_for_target_ready
2024-08-19 13:59:39,698 : INFO : EventManager : Event: ======'balldevice_bd_scoop_ball_eject_attempt'====== Args={'balls': 1, 'target': <playfield.playfield>, 'source': <ball_device.bd_scoop>, 'mechanical_eject': False, 'num_attempts': 0}
2024-08-19 13:59:39,698 : INFO : ball_device.bd_scoop : State: ejecting
2024-08-19 13:59:39,698 : INFO : ball_device.bd_scoop : Ejecting ball to <playfield.playfield>
2024-08-19 13:59:39,698 : INFO : EventManager : Event: ======'balldevice_bd_scoop_ejecting_ball'====== Args={'balls': 1, 'target': <playfield.playfield>, 'source': <ball_device.bd_scoop>, 'mechanical_eject': False, 'num_attempts': 0}
2024-08-19 13:59:39,698 : INFO : ball_device.bd_scoop : Wait for ball to leave device
2024-08-19 13:59:39,698 : INFO : coil.c_scoop_eject : Pulsing Driver for 10ms (1.0 pulse_power)
2024-08-19 13:59:39,698 : INFO : SwitchController : <<<<<<< 's_scoop' inactive >>>>>>>
2024-08-19 13:59:39,698 : INFO : ball_device.bd_scoop : State: ball_left
2024-08-19 13:59:39,699 : INFO : ball_device.bd_scoop : Ball left
2024-08-19 13:59:39,699 : INFO : ball_device.bd_scoop : Wait for confirm with timeout 10.0
2024-08-19 13:59:39,728 : INFO : EventManager : Event: ======'slide_beat_the_surfer_2_created'====== Args={'_from_bcp': True}
2024-08-19 13:59:39,731 : INFO : EventManager : Event: ======'slide_mission_select_inactive'====== Args={'_from_bcp': True}
2024-08-19 13:59:39,731 : INFO : EventManager : Event: ======'slide_beat_the_surfer_2_active'====== Args={'_from_bcp': True}
2024-08-19 13:59:39,731 : INFO : EventManager : Event: ======'slide_mission_select_removed'====== Args={'_from_bcp': True}
2024-08-19 13:59:40,070 : INFO : EventManager : Event: ======'stop_mode_skillshot'====== Args={'priority': 0}
2024-08-19 13:59:40,697 : INFO : EventManager : Event: ======'player_beat_the_surfer_beat_the_surfer_mode_countdown_tick'====== Args={'value': 44, 'prev_value': 45, 'change': -1, 'player_num': 1}
2024-08-19 13:59:40,698 : INFO : EventManager : Event: ======'timer_beat_the_surfer_mode_countdown_tick'====== Args={'ticks': 44, 'ticks_remaining': 44}
2024-08-19 13:59:41,237 : INFO : EventManager : Event: ======'stop_mode_skillshot'====== Args={'priority': 0}
2024-08-19 13:59:41,238 : INFO : EventManager : Event: ======'stop_mode_skillshot'====== Args={'priority': 0}
2024-08-19 13:59:41,697 : INFO : EventManager : Event: ======'player_beat_the_surfer_beat_the_surfer_mode_countdown_tick'====== Args={'value': 43, 'prev_value': 44, 'change': -1, 'player_num': 1}
2024-08-19 13:59:41,698 : INFO : EventManager : Event: ======'timer_beat_the_surfer_mode_countdown_tick'====== Args={'ticks': 43, 'ticks_remaining': 43}
2024-08-19 13:59:42,697 : INFO : EventManager : Event: ======'player_beat_the_surfer_beat_the_surfer_mode_countdown_tick'====== Args={'value': 42, 'prev_value': 43, 'change': -1, 'player_num': 1}
2024-08-19 13:59:42,698 : INFO : EventManager : Event: ======'timer_beat_the_surfer_mode_countdown_tick'====== Args={'ticks': 42, 'ticks_remaining': 42}
2024-08-19 13:59:43,069 : INFO : EventManager : Event: ======'ball_save_default_hurry_up'====== Args={}
2024-08-19 13:59:43,696 : INFO : EventManager : Event: ======'player_beat_the_surfer_beat_the_surfer_mode_countdown_tick'====== Args={'value': 41, 'prev_value': 42, 'change': -1, 'player_num': 1}
2024-08-19 13:59:43,697 : INFO : EventManager : Event: ======'timer_beat_the_surfer_mode_countdown_tick'====== Args={'ticks': 41, 'ticks_remaining': 41}
2024-08-19 13:59:44,696 : INFO : EventManager : Event: ======'player_beat_the_surfer_beat_the_surfer_mode_countdown_tick'====== Args={'value': 40, 'prev_value': 41, 'change': -1, 'player_num': 1}
2024-08-19 13:59:44,698 : INFO : EventManager : Event: ======'timer_beat_the_surfer_mode_countdown_tick'====== Args={'ticks': 40, 'ticks_remaining': 40}
2024-08-19 13:59:45,070 : INFO : EventManager : Event: ======'ball_save_default_grace_period'====== Args={}
2024-08-19 13:59:45,076 : INFO : Machine : Shutting down...
2024-08-19 13:59:45,077 : INFO : EventManager : Event: ======'shutdown'====== Args={}
2024-08-19 13:59:45,079 : INFO : EventManager : Event: ======'mode_game_will_stop'====== Args={}
2024-08-19 13:59:45,079 : INFO : EventManager : Event: ======'mode_game_stopping'====== Args={}
2024-08-19 13:59:45,079 : INFO : EventManager : Event: ======'mode_rainey_multiball_will_stop'====== Args={}
2024-08-19 13:59:45,079 : INFO : EventManager : Event: ======'mode_rainey_multiball_stopping'====== Args={}
2024-08-19 13:59:45,080 : INFO : EventManager : Event: ======'mode_hank_rollover_will_stop'====== Args={}
2024-08-19 13:59:45,080 : INFO : EventManager : Event: ======'mode_hank_rollover_stopping'====== Args={}
2024-08-19 13:59:45,080 : INFO : EventManager : Event: ======'mode_beat_the_surfer_will_stop'====== Args={}
2024-08-19 13:59:45,080 : INFO : EventManager : Event: ======'mode_beat_the_surfer_stopping'====== Args={}
2024-08-19 13:59:45,080 : INFO : EventManager : Event: ======'mode_BBQ_rollover_will_stop'====== Args={}
2024-08-19 13:59:45,080 : INFO : EventManager : Event: ======'mode_BBQ_rollover_stopping'====== Args={}
2024-08-19 13:59:45,080 : INFO : EventManager : Event: ======'mode_extra_ball_will_stop'====== Args={}
2024-08-19 13:59:45,081 : INFO : EventManager : Event: ======'mode_extra_ball_stopping'====== Args={}
2024-08-19 13:59:45,081 : INFO : EventManager : Event: ======'mode_base_will_stop'====== Args={}
2024-08-19 13:59:45,081 : INFO : EventManager : Event: ======'mode_base_stopping'====== Args={}
2024-08-19 13:59:45,081 : INFO : Mode.base : Stopped.
2024-08-19 13:59:45,081 : INFO : EventManager : Event: ======'modes_active_modes_changed'====== Args={}
2024-08-19 13:59:45,082 : INFO : EventManager : Event: ======'mode_base_stopped'====== Args={}
2024-08-19 13:59:45,082 : INFO : EventManager : Event: ======'clear'====== Args={'key': 'base'}
2024-08-19 13:59:45,083 : INFO : EventManager : Event: ======'ball_save_default_disabled'====== Args={}
2024-08-19 13:59:45,086 : INFO : Mode.extra_ball : Stopped.
2024-08-19 13:59:45,086 : INFO : EventManager : Event: ======'modes_active_modes_changed'====== Args={}
2024-08-19 13:59:45,087 : INFO : EventManager : Event: ======'mode_extra_ball_stopped'====== Args={}
2024-08-19 13:59:45,087 : INFO : EventManager : Event: ======'clear'====== Args={'key': 'extra_ball'}
2024-08-19 13:59:45,087 : INFO : Mode.BBQ_rollover : Stopped.
2024-08-19 13:59:45,087 : INFO : EventManager : Event: ======'modes_active_modes_changed'====== Args={}
2024-08-19 13:59:45,087 : INFO : EventManager : Event: ======'mode_BBQ_rollover_stopped'====== Args={}
2024-08-19 13:59:45,088 : INFO : EventManager : Event: ======'clear'====== Args={'key': 'BBQ_rollover'}
2024-08-19 13:59:45,089 : INFO : Mode.beat_the_surfer : Stopped.
2024-08-19 13:59:45,089 : INFO : EventManager : Event: ======'modes_active_modes_changed'====== Args={}
2024-08-19 13:59:45,090 : INFO : EventManager : Event: ======'mode_beat_the_surfer_stopped'====== Args={}
2024-08-19 13:59:45,090 : INFO : EventManager : Event: ======'clear'====== Args={'key': 'beat_the_surfer'}
2024-08-19 13:59:45,090 : INFO : Timer.beat_the_surfer_mode_countdown : Stopping Timer
2024-08-19 13:59:45,090 : INFO : EventManager : Event: ======'timer_beat_the_surfer_mode_countdown_stopped'====== Args={'ticks': 40, 'ticks_remaining': 40}
2024-08-19 13:59:45,090 : INFO : Mode.hank_rollover : Stopped.
2024-08-19 13:59:45,090 : INFO : EventManager : Event: ======'modes_active_modes_changed'====== Args={}
2024-08-19 13:59:45,090 : INFO : EventManager : Event: ======'mode_hank_rollover_stopped'====== Args={}
2024-08-19 13:59:45,090 : INFO : EventManager : Event: ======'clear'====== Args={'key': 'hank_rollover'}
2024-08-19 13:59:45,091 : INFO : Mode.rainey_multiball : Stopped.
2024-08-19 13:59:45,091 : INFO : EventManager : Event: ======'modes_active_modes_changed'====== Args={}
2024-08-19 13:59:45,092 : INFO : EventManager : Event: ======'mode_rainey_multiball_stopped'====== Args={}
2024-08-19 13:59:45,092 : INFO : EventManager : Event: ======'clear'====== Args={'key': 'rainey_multiball'}
2024-08-19 13:59:45,092 : INFO : Mode.game : Stopped.
2024-08-19 13:59:45,092 : INFO : EventManager : Event: ======'modes_active_modes_changed'====== Args={}
2024-08-19 13:59:45,092 : INFO : EventManager : Event: ======'mode_game_stopped'====== Args={}
2024-08-19 13:59:45,093 : INFO : EventManager : Event: ======'clear'====== Args={'key': 'game'}
2024-08-19 13:59:45,095 : INFO : root : MPF run loop ended.
