2024-07-13 17:55:34,721 : INFO : root : Loading config.
2024-07-13 17:55:34,723 : INFO : YamlMultifileConfigLoader : Machine config file #1: config.yaml
2024-07-13 17:55:34,723 : INFO : ConfigProcessor : Loading config from cache: /var/folders/sv/d29kcl5x50v7vt1n6xb5jsd40000gn/T/c166cef8060ffee16a35821bf698da85.mpf_cache
2024-07-13 17:55:34,758 : INFO : ConfigProcessor : Loading config from cache: /var/folders/sv/d29kcl5x50v7vt1n6xb5jsd40000gn/T/6b31c5ac6ecbad948994a8204ea6b05b.mpf_cache
2024-07-13 17:55:34,759 : INFO : ConfigProcessor : Loading config from cache: /var/folders/sv/d29kcl5x50v7vt1n6xb5jsd40000gn/T/fe612d1e66c8a96c19ba449d3748eeac.mpf_cache
2024-07-13 17:55:34,759 : INFO : ConfigProcessor : Loading config from cache: /var/folders/sv/d29kcl5x50v7vt1n6xb5jsd40000gn/T/6b31c5ac6ecbad948994a8204ea6b05b.mpf_cache
2024-07-13 17:55:34,759 : INFO : ConfigProcessor : Loading config from cache: /var/folders/sv/d29kcl5x50v7vt1n6xb5jsd40000gn/T/8765227693ecd961e0504502a81255e0.mpf_cache
2024-07-13 17:55:34,759 : WARNING : ConfigProcessor : Config file in cache changed: /Users/nicktaseris/Desktop/Pinball/KOTH/modes/base/config/base.yaml
2024-07-13 17:55:34,759 : INFO : ConfigProcessor : Loading config from file /Users/nicktaseris/Desktop/Pinball/KOTH/modes/base/config/base.yaml.
2024-07-13 17:55:34,762 : INFO : ConfigProcessor : Loading config: /Users/nicktaseris/Desktop/Pinball/KOTH/modes/base/config/base.yaml
2024-07-13 17:55:34,763 : INFO : ConfigProcessor : Config file cache created: /var/folders/sv/d29kcl5x50v7vt1n6xb5jsd40000gn/T/b247728c74b4d81bcb2825e2b07062a7.mpf_cache
2024-07-13 17:55:34,763 : INFO : ConfigProcessor : Loading config from cache: /var/folders/sv/d29kcl5x50v7vt1n6xb5jsd40000gn/T/f240f94f0b5d0f37ec4fd7571275a101.mpf_cache
2024-07-13 17:55:34,763 : INFO : ConfigProcessor : Loading config from cache: /var/folders/sv/d29kcl5x50v7vt1n6xb5jsd40000gn/T/c4409acfdf3ec94666e0adef48d55400.mpf_cache
2024-07-13 17:55:34,764 : INFO : ConfigProcessor : Loading config from cache: /var/folders/sv/d29kcl5x50v7vt1n6xb5jsd40000gn/T/6a2f50ed892485825cc04dc0a68eab9f.mpf_cache
2024-07-13 17:55:34,764 : INFO : ConfigProcessor : Loading config from cache: /var/folders/sv/d29kcl5x50v7vt1n6xb5jsd40000gn/T/d58c58eb9fd1a2dc27f8acd255fb3761.mpf_cache
2024-07-13 17:55:34,765 : INFO : ConfigProcessor : Loading config from cache: /var/folders/sv/d29kcl5x50v7vt1n6xb5jsd40000gn/T/07adfd310b3ef0e03c5cbc91527abb6c.mpf_cache
2024-07-13 17:55:34,765 : INFO : ConfigProcessor : Loading config from cache: /var/folders/sv/d29kcl5x50v7vt1n6xb5jsd40000gn/T/12bd5247c3bf989b919364bdb7829769.mpf_cache
2024-07-13 17:55:34,765 : INFO : ConfigProcessor : Loading config from cache: /var/folders/sv/d29kcl5x50v7vt1n6xb5jsd40000gn/T/362e08f51a1a1b7a0809dd52f9c83f83.mpf_cache
2024-07-13 17:55:34,765 : INFO : ConfigProcessor : Loading config from cache: /var/folders/sv/d29kcl5x50v7vt1n6xb5jsd40000gn/T/e45e3bd39557ed8d0881194a7afab8f7.mpf_cache
2024-07-13 17:55:34,766 : INFO : ConfigProcessor : Loading config from cache: /var/folders/sv/d29kcl5x50v7vt1n6xb5jsd40000gn/T/331d8d1a1bc190cae8c13495e1db372f.mpf_cache
2024-07-13 17:55:34,766 : INFO : ConfigProcessor : Loading config from cache: /var/folders/sv/d29kcl5x50v7vt1n6xb5jsd40000gn/T/34853b7ed6df3aedbba239874ade5ac8.mpf_cache
2024-07-13 17:55:34,766 : INFO : ConfigProcessor : Loading config from cache: /var/folders/sv/d29kcl5x50v7vt1n6xb5jsd40000gn/T/280fd64455d0d243a54ab4db98fbccbd.mpf_cache
2024-07-13 17:55:34,766 : INFO : ConfigProcessor : Loading config from cache: /var/folders/sv/d29kcl5x50v7vt1n6xb5jsd40000gn/T/f740dfd95525cc25ca6fd48a25d35ac6.mpf_cache
2024-07-13 17:55:34,767 : INFO : ConfigProcessor : Loading config from cache: /var/folders/sv/d29kcl5x50v7vt1n6xb5jsd40000gn/T/3048ed2d7ea14eee3db896f6760aa474.mpf_cache
2024-07-13 17:55:34,767 : INFO : Machine : Mission Pinball Framework Core Engine v0.80.0.dev1
2024-07-13 17:55:34,767 : INFO : Machine : Command line arguments: {'no_load_cache': False, 'create_config_cache': True, 'bcp': True, 'configfile': ['config.yaml'], 'force_assets_load': False, 'platform_integration_test': False, 'jsonlogging': False, 'logfile': 'logs/2024-07-13-17-55-34-mpf-Nicks-Air.lan.log', 'pause': False, 'production': False, 'text_ui': True, 'loglevel': 15, 'consoleloglevel': 20, 'force_platform': None, 'syslog_address': None, 'mc_file_name': None, 'no_sound': False, 'full_logfile_path': '/Users/nicktaseris/Desktop/Pinball/KOTH/logs/2024-07-13-17-55-34-mpf-Nicks-Air.lan.log'}
2024-07-13 17:55:34,767 : INFO : Machine : MPF path: /Users/nicktaseris/mpfenv/lib/python3.9/site-packages/mpf
2024-07-13 17:55:34,767 : INFO : Machine : Machine path: /Users/nicktaseris/Desktop/Pinball/KOTH
2024-07-13 17:55:34,768 : INFO : Machine : Platform: darwin
2024-07-13 17:55:34,768 : INFO : Machine : Python executable location: /Users/nicktaseris/mpfenv/bin/python3
2024-07-13 17:55:34,768 : INFO : Machine : Python version: 3.9.13 (64-bit)
2024-07-13 17:55:34,768 : INFO : Machine : Initializing MPF...
2024-07-13 17:55:34,794 : INFO : EventManager : Event: ======'machine_var_credits_string'====== Args={'value': 'FREE PLAY', 'prev_value': None, 'change': True}
2024-07-13 17:55:34,806 : INFO : EventManager : Event: ======'machine_var_master_volume'====== Args={'value': 0.5, 'prev_value': None, 'change': True}
2024-07-13 17:55:34,806 : INFO : EventManager : Event: ======'machine_var_player1_score'====== Args={'value': 370600, 'prev_value': None, 'change': True}
2024-07-13 17:55:34,806 : INFO : EventManager : Event: ======'machine_var_mpf_version'====== Args={'value': 'Mission Pinball Framework v0.80.0.dev1', 'prev_value': None, 'change': True}
2024-07-13 17:55:34,806 : INFO : EventManager : Event: ======'machine_var_mpf_extended_version'====== Args={'value': 'Mission Pinball Framework v0.80.0.dev1, Config version:6, Show version: 6, BCP version:1.1', 'prev_value': None, 'change': True}
2024-07-13 17:55:34,806 : INFO : EventManager : Event: ======'machine_var_python_version'====== Args={'value': '3.9.13', 'prev_value': None, 'change': True}
2024-07-13 17:55:34,815 : INFO : EventManager : Event: ======'machine_var_platform'====== Args={'value': 'macOS-12.1-arm64-arm-64bit', 'prev_value': None, 'change': True}
2024-07-13 17:55:34,815 : INFO : EventManager : Event: ======'machine_var_platform_system'====== Args={'value': 'Darwin', 'prev_value': None, 'change': True}
2024-07-13 17:55:34,815 : INFO : EventManager : Event: ======'machine_var_platform_release'====== Args={'value': '21.2.0', 'prev_value': None, 'change': True}
2024-07-13 17:55:34,815 : INFO : EventManager : Event: ======'machine_var_platform_version'====== Args={'value': 'Darwin Kernel Version 21.2.0: Sun Nov 28 20:29:10 PST 2021; root:xnu-8019.61.5~1/RELEASE_ARM64_T8101', 'prev_value': None, 'change': True}
2024-07-13 17:55:34,815 : INFO : EventManager : Event: ======'machine_var_platform_machine'====== Args={'value': 'arm64', 'prev_value': None, 'change': True}
2024-07-13 17:55:34,815 : INFO : EventManager : Event: ======'machine_var_log_file_path'====== Args={'value': '/Users/nicktaseris/Desktop/Pinball/KOTH/logs/2024-07-13-17-55-34-mpf-Nicks-Air.lan.log', 'prev_value': None, 'change': True}
2024-07-13 17:55:34,815 : INFO : EventManager : Event: ======'init_phase_1'====== Args={}
2024-07-13 17:55:34,832 : INFO : EventManager : Event: ======'drop_target_bank_strickland_bank_up'====== Args={}
2024-07-13 17:55:34,832 : INFO : EventManager : Event: ======'init_phase_2'====== Args={}
2024-07-13 17:55:34,833 : INFO : SwitchController : Found active switch: ('39', <Platform.SmartVirtual>) <switch.s_trough1>
2024-07-13 17:55:34,833 : INFO : SwitchController : Found active switch: ('40', <Platform.SmartVirtual>) <switch.s_trough2>
2024-07-13 17:55:34,833 : INFO : SwitchController : Found active switch: ('41', <Platform.SmartVirtual>) <switch.s_trough3>
2024-07-13 17:55:34,833 : INFO : SwitchController : Found active switch: ('42', <Platform.SmartVirtual>) <switch.s_trough4>
2024-07-13 17:55:34,833 : INFO : SwitchController : Found active switch: ('43', <Platform.SmartVirtual>) <switch.s_trough5>
2024-07-13 17:55:34,833 : INFO : SwitchController : Found active switch: ('44', <Platform.SmartVirtual>) <switch.s_trough6>
2024-07-13 17:55:34,836 : INFO : EventManager : Event: ======'bcp_connection_attempt'====== Args={'name': 'local_display', 'host': 'localhost', 'port': 5050}
2024-07-13 17:55:34,837 : INFO : BCPClientSocket : Connecting BCP to 'local_display' at localhost:5050...
2024-07-13 17:55:34,840 : INFO : BCPClientSocket : Connected BCP to 'local_display' localhost:5050
2024-07-13 17:55:34,840 : INFO : EventManager : Event: ======'bcp_clients_connected'====== Args={}
2024-07-13 17:55:34,841 : INFO : ball_device.bd_trough : BCH: Initial count: 6
2024-07-13 17:55:34,841 : INFO : ball_device.bd_trough : State: idle
2024-07-13 17:55:34,842 : INFO : ball_device.bd_plunger : BCH: Initial count: 0
2024-07-13 17:55:34,842 : INFO : ball_device.bd_plunger : State: idle
2024-07-13 17:55:34,842 : INFO : ball_device.bd_scoop : BCH: Initial count: 0
2024-07-13 17:55:34,842 : INFO : ball_device.bd_scoop : State: idle
2024-07-13 17:55:34,847 : INFO : EventManager : Event: ======'init_phase_3'====== Args={}
2024-07-13 17:55:34,850 : INFO : EventManager : Event: ======'init_phase_4'====== Args={}
2024-07-13 17:55:34,850 : INFO : BallController : Initial balls found: 6
2024-07-13 17:55:34,850 : INFO : EventManager : Event: ======'machine_var_audits_events_game_ended'====== Args={'value': 3, 'prev_value': None, 'change': True}
2024-07-13 17:55:34,850 : INFO : EventManager : Event: ======'machine_var_audits_events_game_started'====== Args={'value': 287, 'prev_value': None, 'change': True}
2024-07-13 17:55:34,850 : INFO : EventManager : Event: ======'machine_var_audits_missing_switches_s_a_target'====== Args={'value': 5, 'prev_value': None, 'change': True}
2024-07-13 17:55:34,851 : INFO : EventManager : Event: ======'machine_var_audits_missing_switches_s_bottom_inline_drop'====== Args={'value': 32, 'prev_value': None, 'change': True}
2024-07-13 17:55:34,851 : INFO : EventManager : Event: ======'machine_var_audits_missing_switches_s_bottom_pop_bumper'====== Args={'value': 26, 'prev_value': None, 'change': True}
2024-07-13 17:55:34,851 : INFO : EventManager : Event: ======'machine_var_audits_missing_switches_s_center_spinner'====== Args={'value': 34, 'prev_value': None, 'change': True}
2024-07-13 17:55:34,851 : INFO : EventManager : Event: ======'machine_var_audits_missing_switches_s_e_target'====== Args={'value': 2, 'prev_value': None, 'change': True}
2024-07-13 17:55:34,851 : INFO : EventManager : Event: ======'machine_var_audits_missing_switches_s_left_flipper'====== Args={'value': 6, 'prev_value': None, 'change': True}
2024-07-13 17:55:34,851 : INFO : EventManager : Event: ======'machine_var_audits_missing_switches_s_left_inlane'====== Args={'value': 165, 'prev_value': None, 'change': True}
2024-07-13 17:55:34,851 : INFO : EventManager : Event: ======'machine_var_audits_missing_switches_s_left_inner_horseshoe'====== Args={'value': 43, 'prev_value': None, 'change': True}
2024-07-13 17:55:34,851 : INFO : EventManager : Event: ======'machine_var_audits_missing_switches_s_left_orbit_enter'====== Args={'value': 202, 'prev_value': None, 'change': True}
2024-07-13 17:55:34,851 : INFO : EventManager : Event: ======'machine_var_audits_missing_switches_s_left_orbit_exit'====== Args={'value': 43, 'prev_value': None, 'change': True}
2024-07-13 17:55:34,851 : INFO : EventManager : Event: ======'machine_var_audits_missing_switches_s_left_outlane'====== Args={'value': 162, 'prev_value': None, 'change': True}
2024-07-13 17:55:34,851 : INFO : EventManager : Event: ======'machine_var_audits_missing_switches_s_left_pop_bumper'====== Args={'value': 238, 'prev_value': None, 'change': True}
2024-07-13 17:55:34,851 : INFO : EventManager : Event: ======'machine_var_audits_missing_switches_s_left_ramp_enter'====== Args={'value': 101, 'prev_value': None, 'change': True}
2024-07-13 17:55:34,851 : INFO : EventManager : Event: ======'machine_var_audits_missing_switches_s_left_ramp_exit'====== Args={'value': 165, 'prev_value': None, 'change': True}
2024-07-13 17:55:34,851 : INFO : EventManager : Event: ======'machine_var_audits_missing_switches_s_left_ramp_standup'====== Args={'value': 14, 'prev_value': None, 'change': True}
2024-07-13 17:55:34,851 : INFO : EventManager : Event: ======'machine_var_audits_missing_switches_s_left_sling'====== Args={'value': 227, 'prev_value': None, 'change': True}
2024-07-13 17:55:34,851 : INFO : EventManager : Event: ======'machine_var_audits_missing_switches_s_left_spinner'====== Args={'value': 176, 'prev_value': None, 'change': True}
2024-07-13 17:55:34,851 : INFO : EventManager : Event: ======'machine_var_audits_missing_switches_s_middle_inline_drop'====== Args={'value': 32, 'prev_value': None, 'change': True}
2024-07-13 17:55:34,851 : INFO : EventManager : Event: ======'machine_var_audits_missing_switches_s_n_target'====== Args={'value': 3, 'prev_value': None, 'change': True}
2024-07-13 17:55:34,851 : INFO : EventManager : Event: ======'machine_var_audits_missing_switches_s_o_target'====== Args={'value': 135, 'prev_value': None, 'change': True}
2024-07-13 17:55:34,852 : INFO : EventManager : Event: ======'machine_var_audits_missing_switches_s_p2_target'====== Args={'value': 21, 'prev_value': None, 'change': True}
2024-07-13 17:55:34,852 : INFO : EventManager : Event: ======'machine_var_audits_missing_switches_s_p_target'====== Args={'value': 15, 'prev_value': None, 'change': True}
2024-07-13 17:55:34,852 : INFO : EventManager : Event: ======'machine_var_audits_missing_switches_s_r_target'====== Args={'value': 10, 'prev_value': None, 'change': True}
2024-07-13 17:55:34,852 : INFO : EventManager : Event: ======'machine_var_audits_missing_switches_s_right_flipper'====== Args={'value': 19, 'prev_value': None, 'change': True}
2024-07-13 17:55:34,852 : INFO : EventManager : Event: ======'machine_var_audits_missing_switches_s_right_inlane'====== Args={'value': 238, 'prev_value': None, 'change': True}
2024-07-13 17:55:34,852 : INFO : EventManager : Event: ======'machine_var_audits_missing_switches_s_right_inner_horseshoe'====== Args={'value': 17, 'prev_value': None, 'change': True}
2024-07-13 17:55:34,852 : INFO : EventManager : Event: ======'machine_var_audits_missing_switches_s_right_orbit_exit'====== Args={'value': 30, 'prev_value': None, 'change': True}
2024-07-13 17:55:34,852 : INFO : EventManager : Event: ======'machine_var_audits_missing_switches_s_right_outlane'====== Args={'value': 238, 'prev_value': None, 'change': True}
2024-07-13 17:55:34,852 : INFO : EventManager : Event: ======'machine_var_audits_missing_switches_s_right_pop_bumper'====== Args={'value': 6, 'prev_value': None, 'change': True}
2024-07-13 17:55:34,852 : INFO : EventManager : Event: ======'machine_var_audits_missing_switches_s_right_ramp_enter'====== Args={'value': 276, 'prev_value': None, 'change': True}
2024-07-13 17:55:34,852 : INFO : EventManager : Event: ======'machine_var_audits_missing_switches_s_right_ramp_exit'====== Args={'value': 276, 'prev_value': None, 'change': True}
2024-07-13 17:55:34,852 : INFO : EventManager : Event: ======'machine_var_audits_missing_switches_s_right_ramp_standup'====== Args={'value': 14, 'prev_value': None, 'change': True}
2024-07-13 17:55:34,852 : INFO : EventManager : Event: ======'machine_var_audits_missing_switches_s_right_sling'====== Args={'value': 238, 'prev_value': None, 'change': True}
2024-07-13 17:55:34,852 : INFO : EventManager : Event: ======'machine_var_audits_missing_switches_s_scoop'====== Args={'value': 17, 'prev_value': None, 'change': True}
2024-07-13 17:55:34,853 : INFO : EventManager : Event: ======'machine_var_audits_missing_switches_s_start'====== Args={'value': 19, 'prev_value': None, 'change': True}
2024-07-13 17:55:34,853 : INFO : EventManager : Event: ======'machine_var_audits_missing_switches_s_top_inline_drop'====== Args={'value': 32, 'prev_value': None, 'change': True}
2024-07-13 17:55:34,853 : INFO : EventManager : Event: ======'machine_var_audits_missing_switches_s_trough2'====== Args={'value': 164, 'prev_value': None, 'change': True}
2024-07-13 17:55:34,853 : INFO : EventManager : Event: ======'machine_var_audits_missing_switches_s_trough3'====== Args={'value': 242, 'prev_value': None, 'change': True}
2024-07-13 17:55:34,853 : INFO : EventManager : Event: ======'machine_var_audits_missing_switches_s_trough4'====== Args={'value': 242, 'prev_value': None, 'change': True}
2024-07-13 17:55:34,853 : INFO : EventManager : Event: ======'machine_var_audits_missing_switches_s_trough5'====== Args={'value': 242, 'prev_value': None, 'change': True}
2024-07-13 17:55:34,853 : INFO : EventManager : Event: ======'machine_var_audits_missing_switches_s_trough6'====== Args={'value': 242, 'prev_value': None, 'change': True}
2024-07-13 17:55:34,853 : INFO : EventManager : Event: ======'machine_var_audits_missing_switches_s_trough_jam'====== Args={'value': 175, 'prev_value': None, 'change': True}
2024-07-13 17:55:34,853 : INFO : EventManager : Event: ======'machine_var_audits_player_score'====== Args={'value': {'average': 92899, 'top': [370600, 400, 300, 250], 'total': 4}, 'prev_value': None, 'change': True}
2024-07-13 17:55:34,853 : INFO : EventManager : Event: ======'machine_var_audits_shots_a_target'====== Args={'value': 7, 'prev_value': None, 'change': True}
2024-07-13 17:55:34,853 : INFO : EventManager : Event: ======'machine_var_audits_shots_e_target'====== Args={'value': 3, 'prev_value': None, 'change': True}
2024-07-13 17:55:34,853 : INFO : EventManager : Event: ======'machine_var_audits_shots_left_rollover_lane'====== Args={'value': 100, 'prev_value': None, 'change': True}
2024-07-13 17:55:34,854 : INFO : EventManager : Event: ======'machine_var_audits_shots_middle_rollover_lane'====== Args={'value': 97, 'prev_value': None, 'change': True}
2024-07-13 17:55:34,854 : INFO : EventManager : Event: ======'machine_var_audits_shots_n_target'====== Args={'value': 9, 'prev_value': None, 'change': True}
2024-07-13 17:55:34,854 : INFO : EventManager : Event: ======'machine_var_audits_shots_o_target'====== Args={'value': 4, 'prev_value': None, 'change': True}
2024-07-13 17:55:34,854 : INFO : EventManager : Event: ======'machine_var_audits_shots_p2_target'====== Args={'value': 5, 'prev_value': None, 'change': True}
2024-07-13 17:55:34,854 : INFO : EventManager : Event: ======'machine_var_audits_shots_p_target'====== Args={'value': 8, 'prev_value': None, 'change': True}
2024-07-13 17:55:34,854 : INFO : EventManager : Event: ======'machine_var_audits_shots_qualify_o_target'====== Args={'value': 12, 'prev_value': None, 'change': True}
2024-07-13 17:55:34,854 : INFO : EventManager : Event: ======'machine_var_audits_shots_qualify_p_target'====== Args={'value': 8, 'prev_value': None, 'change': True}
2024-07-13 17:55:34,854 : INFO : EventManager : Event: ======'machine_var_audits_shots_qualify_r_target'====== Args={'value': 44, 'prev_value': None, 'change': True}
2024-07-13 17:55:34,854 : INFO : EventManager : Event: ======'machine_var_audits_shots_r_target'====== Args={'value': 14, 'prev_value': None, 'change': True}
2024-07-13 17:55:34,854 : INFO : EventManager : Event: ======'machine_var_audits_shots_right_rollover_lane'====== Args={'value': 100, 'prev_value': None, 'change': True}
2024-07-13 17:55:34,855 : INFO : EventManager : Event: ======'machine_var_audits_shots_skillshot_a_target'====== Args={'value': 12, 'prev_value': None, 'change': True}
2024-07-13 17:55:34,855 : INFO : EventManager : Event: ======'machine_var_audits_shots_skillshot_e_target'====== Args={'value': 17, 'prev_value': None, 'change': True}
2024-07-13 17:55:34,855 : INFO : EventManager : Event: ======'machine_var_audits_shots_skillshot_n_target'====== Args={'value': 16, 'prev_value': None, 'change': True}
2024-07-13 17:55:34,855 : INFO : EventManager : Event: ======'machine_var_audits_shots_skillshot_o_target'====== Args={'value': 4, 'prev_value': None, 'change': True}
2024-07-13 17:55:34,855 : INFO : EventManager : Event: ======'machine_var_audits_shots_skillshot_p2_target'====== Args={'value': 1, 'prev_value': None, 'change': True}
2024-07-13 17:55:34,855 : INFO : EventManager : Event: ======'machine_var_audits_shots_skillshot_p_target'====== Args={'value': 1, 'prev_value': None, 'change': True}
2024-07-13 17:55:34,855 : INFO : EventManager : Event: ======'machine_var_audits_shots_skillshot_r_target'====== Args={'value': 8, 'prev_value': None, 'change': True}
2024-07-13 17:55:34,855 : INFO : EventManager : Event: ======'machine_var_audits_switches_s_a_target'====== Args={'value': 48, 'prev_value': None, 'change': True}
2024-07-13 17:55:34,855 : INFO : EventManager : Event: ======'machine_var_audits_switches_s_bottom_inline_drop'====== Args={'value': 17, 'prev_value': None, 'change': True}
2024-07-13 17:55:34,856 : INFO : EventManager : Event: ======'machine_var_audits_switches_s_bottom_pop_bumper'====== Args={'value': 5, 'prev_value': None, 'change': True}
2024-07-13 17:55:34,856 : INFO : EventManager : Event: ======'machine_var_audits_switches_s_center_spinner'====== Args={'value': 3, 'prev_value': None, 'change': True}
2024-07-13 17:55:34,856 : INFO : EventManager : Event: ======'machine_var_audits_switches_s_e_target'====== Args={'value': 74, 'prev_value': None, 'change': True}
2024-07-13 17:55:34,856 : INFO : EventManager : Event: ======'machine_var_audits_switches_s_left_flipper'====== Args={'value': 127, 'prev_value': None, 'change': True}
2024-07-13 17:55:34,856 : INFO : EventManager : Event: ======'machine_var_audits_switches_s_left_inlane'====== Args={'value': 7, 'prev_value': None, 'change': True}
2024-07-13 17:55:34,856 : INFO : EventManager : Event: ======'machine_var_audits_switches_s_left_inner_horseshoe'====== Args={'value': 6, 'prev_value': None, 'change': True}
2024-07-13 17:55:34,856 : INFO : EventManager : Event: ======'machine_var_audits_switches_s_left_orbit_enter'====== Args={'value': 8, 'prev_value': None, 'change': True}
2024-07-13 17:55:34,857 : INFO : EventManager : Event: ======'machine_var_audits_switches_s_left_orbit_exit'====== Args={'value': 13, 'prev_value': None, 'change': True}
2024-07-13 17:55:34,857 : INFO : EventManager : Event: ======'machine_var_audits_switches_s_left_outlane'====== Args={'value': 15, 'prev_value': None, 'change': True}
2024-07-13 17:55:34,857 : INFO : EventManager : Event: ======'machine_var_audits_switches_s_left_pop_bumper'====== Args={'value': 2, 'prev_value': None, 'change': True}
2024-07-13 17:55:34,857 : INFO : EventManager : Event: ======'machine_var_audits_switches_s_left_ramp_enter'====== Args={'value': 9, 'prev_value': None, 'change': True}
2024-07-13 17:55:34,857 : INFO : EventManager : Event: ======'machine_var_audits_switches_s_left_ramp_exit'====== Args={'value': 3, 'prev_value': None, 'change': True}
2024-07-13 17:55:34,857 : INFO : EventManager : Event: ======'machine_var_audits_switches_s_left_ramp_standup'====== Args={'value': 318, 'prev_value': None, 'change': True}
2024-07-13 17:55:34,857 : INFO : EventManager : Event: ======'machine_var_audits_switches_s_left_rollover_lane'====== Args={'value': 105, 'prev_value': None, 'change': True}
2024-07-13 17:55:34,857 : INFO : EventManager : Event: ======'machine_var_audits_switches_s_left_sling'====== Args={'value': 10, 'prev_value': None, 'change': True}
2024-07-13 17:55:34,858 : INFO : EventManager : Event: ======'machine_var_audits_switches_s_left_spinner'====== Args={'value': 27, 'prev_value': None, 'change': True}
2024-07-13 17:55:34,858 : INFO : EventManager : Event: ======'machine_var_audits_switches_s_middle_inline_drop'====== Args={'value': 18, 'prev_value': None, 'change': True}
2024-07-13 17:55:34,858 : INFO : EventManager : Event: ======'machine_var_audits_switches_s_middle_rollover_lane'====== Args={'value': 100, 'prev_value': None, 'change': True}
2024-07-13 17:55:34,858 : INFO : EventManager : Event: ======'machine_var_audits_switches_s_n_target'====== Args={'value': 66, 'prev_value': None, 'change': True}
2024-07-13 17:55:34,858 : INFO : EventManager : Event: ======'machine_var_audits_switches_s_o_target'====== Args={'value': 57, 'prev_value': None, 'change': True}
2024-07-13 17:55:34,858 : INFO : EventManager : Event: ======'machine_var_audits_switches_s_p2_target'====== Args={'value': 11, 'prev_value': None, 'change': True}
2024-07-13 17:55:34,858 : INFO : EventManager : Event: ======'machine_var_audits_switches_s_p_target'====== Args={'value': 221, 'prev_value': None, 'change': True}
2024-07-13 17:55:34,858 : INFO : EventManager : Event: ======'machine_var_audits_switches_s_plunger'====== Args={'value': 358, 'prev_value': None, 'change': True}
2024-07-13 17:55:34,859 : INFO : EventManager : Event: ======'machine_var_audits_switches_s_plunger_lane'====== Args={'value': 39, 'prev_value': None, 'change': True}
2024-07-13 17:55:34,859 : INFO : EventManager : Event: ======'machine_var_audits_switches_s_plunger_lane_exit'====== Args={'value': 181, 'prev_value': None, 'change': True}
2024-07-13 17:55:34,859 : INFO : EventManager : Event: ======'machine_var_audits_switches_s_r_target'====== Args={'value': 79, 'prev_value': None, 'change': True}
2024-07-13 17:55:34,859 : INFO : EventManager : Event: ======'machine_var_audits_switches_s_right_flipper'====== Args={'value': 103, 'prev_value': None, 'change': True}
2024-07-13 17:55:34,859 : INFO : EventManager : Event: ======'machine_var_audits_switches_s_right_inlane'====== Args={'value': 9, 'prev_value': None, 'change': True}
2024-07-13 17:55:34,859 : INFO : EventManager : Event: ======'machine_var_audits_switches_s_right_inner_horseshoe'====== Args={'value': 5, 'prev_value': None, 'change': True}
2024-07-13 17:55:34,859 : INFO : EventManager : Event: ======'machine_var_audits_switches_s_right_orbit_exit'====== Args={'value': 33, 'prev_value': None, 'change': True}
2024-07-13 17:55:34,860 : INFO : EventManager : Event: ======'machine_var_audits_switches_s_right_outlane'====== Args={'value': 7, 'prev_value': None, 'change': True}
2024-07-13 17:55:34,860 : INFO : EventManager : Event: ======'machine_var_audits_switches_s_right_pop_bumper'====== Args={'value': 11, 'prev_value': None, 'change': True}
2024-07-13 17:55:34,860 : INFO : EventManager : Event: ======'machine_var_audits_switches_s_right_ramp_enter'====== Args={'value': 0, 'prev_value': None, 'change': True}
2024-07-13 17:55:34,860 : INFO : EventManager : Event: ======'machine_var_audits_switches_s_right_ramp_exit'====== Args={'value': 0, 'prev_value': None, 'change': True}
2024-07-13 17:55:34,860 : INFO : EventManager : Event: ======'machine_var_audits_switches_s_right_ramp_standup'====== Args={'value': 152, 'prev_value': None, 'change': True}
2024-07-13 17:55:34,860 : INFO : EventManager : Event: ======'machine_var_audits_switches_s_right_rollover_lane'====== Args={'value': 114, 'prev_value': None, 'change': True}
2024-07-13 17:55:34,861 : INFO : EventManager : Event: ======'machine_var_audits_switches_s_right_sling'====== Args={'value': 1, 'prev_value': None, 'change': True}
2024-07-13 17:55:34,861 : INFO : EventManager : Event: ======'machine_var_audits_switches_s_scoop'====== Args={'value': 46, 'prev_value': None, 'change': True}
2024-07-13 17:55:34,861 : INFO : EventManager : Event: ======'machine_var_audits_switches_s_start'====== Args={'value': 259, 'prev_value': None, 'change': True}
2024-07-13 17:55:34,861 : INFO : EventManager : Event: ======'machine_var_audits_switches_s_top_inline_drop'====== Args={'value': 12, 'prev_value': None, 'change': True}
2024-07-13 17:55:34,861 : INFO : EventManager : Event: ======'machine_var_audits_switches_s_trough1'====== Args={'value': 270, 'prev_value': None, 'change': True}
2024-07-13 17:55:34,861 : INFO : EventManager : Event: ======'machine_var_audits_switches_s_trough2'====== Args={'value': 11, 'prev_value': None, 'change': True}
2024-07-13 17:55:34,861 : INFO : EventManager : Event: ======'machine_var_audits_switches_s_trough3'====== Args={'value': 2, 'prev_value': None, 'change': True}
2024-07-13 17:55:34,862 : INFO : EventManager : Event: ======'machine_var_audits_switches_s_trough4'====== Args={'value': 2, 'prev_value': None, 'change': True}
2024-07-13 17:55:34,862 : INFO : EventManager : Event: ======'machine_var_audits_switches_s_trough5'====== Args={'value': 2, 'prev_value': None, 'change': True}
2024-07-13 17:55:34,862 : INFO : EventManager : Event: ======'machine_var_audits_switches_s_trough6'====== Args={'value': 1, 'prev_value': None, 'change': True}
2024-07-13 17:55:34,862 : INFO : EventManager : Event: ======'machine_var_audits_switches_s_trough_jam'====== Args={'value': 5, 'prev_value': None, 'change': True}
2024-07-13 17:55:34,863 : INFO : EventManager : Event: ======'init_phase_5'====== Args={}
2024-07-13 17:55:34,866 : INFO : EventManager : Event: ======'init_done'====== Args={}
2024-07-13 17:55:34,867 : INFO : EventManager : Event: ======'machine_reset_phase_1'====== Args={}
2024-07-13 17:55:34,881 : INFO : EventManager : Event: ======'machine_reset_phase_2'====== Args={}
2024-07-13 17:55:34,881 : INFO : EventManager : Event: ======'machine_reset_phase_3'====== Args={}
2024-07-13 17:55:34,881 : INFO : drop_target_bank.strickland_bank : All targets are already up. Will not reset bank.
2024-07-13 17:55:34,881 : INFO : EventManager : Event: ======'reset_complete'====== Args={}
2024-07-13 17:55:34,881 : INFO : EventManager : Event: ======'mode_attract_will_start'====== Args={}
2024-07-13 17:55:34,882 : INFO : Timer.attract_switch : Starting Timer.
2024-07-13 17:55:34,882 : INFO : EventManager : Event: ======'timer_attract_switch_started'====== Args={'ticks': 0, 'ticks_remaining': 45}
2024-07-13 17:55:34,882 : INFO : EventManager : Event: ======'timer_attract_switch_tick'====== Args={'ticks': 0, 'ticks_remaining': 45}
2024-07-13 17:55:34,882 : INFO : EventManager : Event: ======'mode_attract_starting'====== Args={}
2024-07-13 17:55:34,882 : INFO : Mode.attract : Started. Priority: 10
2024-07-13 17:55:34,882 : INFO : EventManager : Event: ======'modes_active_modes_changed'====== Args={}
2024-07-13 17:55:34,882 : INFO : EventManager : Event: ======'mode_attract_started'====== Args={}
2024-07-13 17:55:34,882 : INFO : EventManager : Event: ======'collecting_balls_complete'====== Args={}
2024-07-13 17:55:34,883 : INFO : Machine : Starting the main run loop.
2024-07-13 17:55:35,215 : INFO : BcpServer : New client connected.
2024-07-13 17:55:35,882 : INFO : EventManager : Event: ======'timer_attract_switch_tick'====== Args={'ticks': 1, 'ticks_remaining': 44}
2024-07-13 17:55:35,929 : INFO : EventManager : Event: ======'slide__removed'====== Args={'_from_bcp': True}
2024-07-13 17:55:36,104 : INFO : EventManager : Event: ======'slide_dtp_logo_attract_created'====== Args={'_from_bcp': True}
2024-07-13 17:55:36,104 : INFO : EventManager : Event: ======'slide_dtp_logo_attract_active'====== Args={'original_context': 'attract', 'original_calling_context': 'timer_attract_switch_tick{ticks==1}', 'cmd': 'slides_play', '_from_bcp': True}
2024-07-13 17:55:36,883 : INFO : EventManager : Event: ======'timer_attract_switch_tick'====== Args={'ticks': 2, 'ticks_remaining': 43}
2024-07-13 17:55:37,884 : INFO : EventManager : Event: ======'timer_attract_switch_tick'====== Args={'ticks': 3, 'ticks_remaining': 42}
2024-07-13 17:55:38,882 : INFO : EventManager : Event: ======'timer_attract_switch_tick'====== Args={'ticks': 4, 'ticks_remaining': 41}
2024-07-13 17:55:38,917 : INFO : EventManager : Event: ======'slide_high_scores_attract_created'====== Args={'_from_bcp': True}
2024-07-13 17:55:38,918 : INFO : EventManager : Event: ======'slide_dtp_logo_attract_inactive'====== Args={'_from_bcp': True}
2024-07-13 17:55:38,918 : INFO : EventManager : Event: ======'slide_high_scores_attract_active'====== Args={'original_context': 'attract', 'original_calling_context': 'timer_attract_switch_tick{ticks==4}', 'cmd': 'slides_play', '_from_bcp': True}
2024-07-13 17:55:38,919 : INFO : EventManager : Event: ======'slide_dtp_logo_attract_removed'====== Args={'_from_bcp': True}
2024-07-13 17:55:39,883 : INFO : EventManager : Event: ======'timer_attract_switch_tick'====== Args={'ticks': 5, 'ticks_remaining': 40}
2024-07-13 17:55:39,972 : INFO : SwitchController : <<<<<<< 's_start' active >>>>>>>
2024-07-13 17:55:40,043 : INFO : SwitchController : <<<<<<< 's_start' inactive >>>>>>>
2024-07-13 17:55:40,044 : INFO : EventManager : Event: ======'request_to_start_game'====== Args={}
2024-07-13 17:55:40,045 : INFO : EventManager : Event: ======'game_start'====== Args={'buttons': [], 'hold_time': 0.07115670799999929}
2024-07-13 17:55:40,045 : INFO : EventManager : Event: ======'mode_game_will_start'====== Args={'buttons': [], 'hold_time': 0.07115670799999929}
2024-07-13 17:55:40,047 : INFO : EventManager : Event: ======'mode_game_starting'====== Args={'buttons': [], 'hold_time': 0.07115670799999929}
2024-07-13 17:55:40,047 : INFO : EventManager : Event: ======'mode_attract_will_stop'====== Args={}
2024-07-13 17:55:40,047 : INFO : EventManager : Event: ======'mode_attract_stopping'====== Args={}
2024-07-13 17:55:40,047 : INFO : Mode.attract : Stopped.
2024-07-13 17:55:40,048 : INFO : EventManager : Event: ======'modes_active_modes_changed'====== Args={}
2024-07-13 17:55:40,048 : INFO : EventManager : Event: ======'mode_attract_stopped'====== Args={}
2024-07-13 17:55:40,049 : INFO : EventManager : Event: ======'clear'====== Args={'key': 'attract'}
2024-07-13 17:55:40,049 : INFO : Timer.attract_switch : Stopping Timer
2024-07-13 17:55:40,049 : INFO : EventManager : Event: ======'timer_attract_switch_stopped'====== Args={'ticks': 5, 'ticks_remaining': 40}
2024-07-13 17:55:40,050 : INFO : Mode.game : Started. Priority: 20
2024-07-13 17:55:40,050 : INFO : EventManager : Event: ======'modes_active_modes_changed'====== Args={}
2024-07-13 17:55:40,050 : INFO : EventManager : Event: ======'mode_game_started'====== Args={'buttons': [], 'hold_time': 0.07115670799999929}
2024-07-13 17:55:40,051 : INFO : EventManager : Event: ======'game_will_start'====== Args={}
2024-07-13 17:55:40,051 : INFO : EventManager : Event: ======'game_starting'====== Args={'game': <Mode.game>}
2024-07-13 17:55:40,052 : INFO : EventManager : Unordered handler for class <Auditor> on event game_ended with priority 1. Handlers: [RegisteredHandler(callback=<bound method Auditor.disable of <Auditor>>, priority=1, kwargs={}, key=UUID('8c5f078a-f878-4eeb-8524-a14c09c7db4c'), condition=None, blocking_facility=None), RegisteredHandler(callback=<bound method Auditor._save_audits of <Auditor>>, priority=1, kwargs={}, key=UUID('ffdcdc9a-4020-44c4-a7d3-39359727c4d3'), condition=None, blocking_facility=None)]. The order of those handlers is not defined and they will be executed in random order. This might lead to race conditions and potential bugs.
2024-07-13 17:55:40,052 : INFO : EventManager : Event: ======'player_add_request'====== Args={}
2024-07-13 17:55:40,053 : INFO : EventManager : Event: ======'player_will_add'====== Args={'number': 1}
2024-07-13 17:55:40,053 : INFO : EventManager : Event: ======'player_adding'====== Args={'player': <Player 1>, 'number': 1}
2024-07-13 17:55:40,053 : INFO : EventManager : Event: ======'player_added'====== Args={'player': <Player 1>, 'num': 1}
2024-07-13 17:55:40,054 : INFO : Mode.game : Player added successfully. Total players: 1
2024-07-13 17:55:40,054 : INFO : EventManager : Event: ======'player_index'====== Args={'value': 0, 'prev_value': 0, 'change': 0, 'player_num': 1}
2024-07-13 17:55:40,054 : INFO : EventManager : Event: ======'player_number'====== Args={'value': 1, 'prev_value': 1, 'change': 0, 'player_num': 1}
2024-07-13 17:55:40,054 : INFO : EventManager : Event: ======'player_score'====== Args={'value': 0, 'prev_value': 0, 'change': 0, 'player_num': 1}
2024-07-13 17:55:40,055 : INFO : EventManager : Event: ======'game_started'====== Args={}
2024-07-13 17:55:40,067 : INFO : EventManager : Event: ======'player_turn_will_start'====== Args={'player': <Player 1>, 'number': 1}
2024-07-13 17:55:40,068 : INFO : EventManager : Event: ======'player_turn_starting'====== Args={'player': <Player 1>, 'number': 1}
2024-07-13 17:55:40,068 : INFO : EventManager : Event: ======'player_ball'====== Args={'value': 1, 'prev_value': 0, 'change': 1, 'player_num': 1}
2024-07-13 17:55:40,068 : INFO : EventManager : Event: ======'player_turn_started'====== Args={'player': <Player 1>, 'number': 1}
2024-07-13 17:55:40,069 : INFO : EventManager : Event: ======'ball_will_start'====== Args={'player': 1, 'ball': 1, 'balls_remaining': 2, 'is_extra_ball': False}
2024-07-13 17:55:40,069 : INFO : EventManager : Event: ======'ball_starting'====== Args={'player': 1, 'ball': 1, 'balls_remaining': 2, 'is_extra_ball': False}
2024-07-13 17:55:40,070 : INFO : EventManager : Event: ======'mode_skillshot_will_start'====== Args={'queue': <QueuedEvent>, 'player': 1, 'ball': 1, 'balls_remaining': 2, 'is_extra_ball': False}
2024-07-13 17:55:40,070 : INFO : EventManager : Event: ======'skillshot_complete'====== Args={'state': 'None'}
2024-07-13 17:55:40,070 : INFO : EventManager : Event: ======'skillshot_None_complete'====== Args={}
2024-07-13 17:55:40,071 : INFO : EventManager : Event: ======'player_shot_skillshot_p_target_enabled'====== Args={'value': True, 'prev_value': 0, 'change': 1, 'player_num': 1}
2024-07-13 17:55:40,071 : INFO : EventManager : Event: ======'player_shot_skillshot_r_target_enabled'====== Args={'value': True, 'prev_value': 0, 'change': 1, 'player_num': 1}
2024-07-13 17:55:40,072 : INFO : EventManager : Event: ======'player_shot_skillshot_o_target_enabled'====== Args={'value': True, 'prev_value': 0, 'change': 1, 'player_num': 1}
2024-07-13 17:55:40,072 : INFO : EventManager : Event: ======'player_shot_skillshot_p2_target_enabled'====== Args={'value': True, 'prev_value': 0, 'change': 1, 'player_num': 1}
2024-07-13 17:55:40,073 : INFO : EventManager : Event: ======'player_shot_skillshot_a_target_enabled'====== Args={'value': True, 'prev_value': 0, 'change': 1, 'player_num': 1}
2024-07-13 17:55:40,073 : INFO : EventManager : Event: ======'player_shot_skillshot_n_target_enabled'====== Args={'value': True, 'prev_value': 0, 'change': 1, 'player_num': 1}
2024-07-13 17:55:40,074 : INFO : EventManager : Event: ======'player_shot_skillshot_e_target_enabled'====== Args={'value': True, 'prev_value': 0, 'change': 1, 'player_num': 1}
2024-07-13 17:55:40,074 : INFO : EventManager : Event: ======'player_skillshot_skillshot_rotate_tick'====== Args={'value': 0, 'prev_value': 0, 'change': 0, 'player_num': 1}
2024-07-13 17:55:40,074 : INFO : Timer.skillshot_rotate : Starting Timer.
2024-07-13 17:55:40,075 : INFO : EventManager : Event: ======'timer_skillshot_rotate_started'====== Args={'ticks': 0, 'ticks_remaining': 0}
2024-07-13 17:55:40,075 : INFO : EventManager : Event: ======'timer_skillshot_rotate_tick'====== Args={'ticks': 0, 'ticks_remaining': 0}
2024-07-13 17:55:40,079 : INFO : EventManager : Event: ======'mode_skillshot_starting'====== Args={'queue': <QueuedEvent>, 'player': 1, 'ball': 1, 'balls_remaining': 2, 'is_extra_ball': False}
2024-07-13 17:55:40,079 : INFO : drop_target_bank.strickland_bank : All targets are already up. Will not reset bank.
2024-07-13 17:55:40,079 : INFO : EventManager : Event: ======'cmd_flippers_enable'====== Args={'priority': 0}
2024-07-13 17:55:40,079 : INFO : EventManager : Event: ======'cmd_autofire_coils_enable'====== Args={'priority': 0}
2024-07-13 17:55:40,079 : INFO : EventManager : Event: ======'cmd_drop_targets_reset'====== Args={'priority': 0}
2024-07-13 17:55:40,079 : INFO : Mode.skillshot : Started. Priority: 200
2024-07-13 17:55:40,079 : INFO : EventManager : Event: ======'modes_active_modes_changed'====== Args={}
2024-07-13 17:55:40,080 : INFO : EventManager : Event: ======'mode_skillshot_started'====== Args={'queue': <QueuedEvent>, 'player': 1, 'ball': 1, 'balls_remaining': 2, 'is_extra_ball': False}
2024-07-13 17:55:40,080 : INFO : EventManager : Event: ======'player_shot_skillshot_p_target'====== Args={'value': 1, 'prev_value': 0, 'change': 1, 'player_num': 1}
2024-07-13 17:55:40,081 : INFO : EventManager : Event: ======'balls_in_play'====== Args={'balls': 1}
2024-07-13 17:55:40,081 : INFO : EventManager : Event: ======'ball_started'====== Args={'player': 1, 'ball': 1, 'balls_remaining': 2, 'is_extra_ball': False}
2024-07-13 17:55:40,085 : INFO : EventManager : Event: ======'mode_BBQ_rollover_will_start'====== Args={'player': 1, 'ball': 1, 'balls_remaining': 2, 'is_extra_ball': False}
2024-07-13 17:55:40,086 : INFO : EventManager : Event: ======'player_shot_left_rollover_lane_enabled'====== Args={'value': True, 'prev_value': 0, 'change': 1, 'player_num': 1}
2024-07-13 17:55:40,087 : INFO : EventManager : Event: ======'player_shot_middle_rollover_lane_enabled'====== Args={'value': True, 'prev_value': 0, 'change': 1, 'player_num': 1}
2024-07-13 17:55:40,087 : INFO : EventManager : Event: ======'player_shot_right_rollover_lane_enabled'====== Args={'value': True, 'prev_value': 0, 'change': 1, 'player_num': 1}
2024-07-13 17:55:40,087 : INFO : EventManager : Event: ======'BBQ_lanes_complete'====== Args={'state': 'unlit'}
2024-07-13 17:55:40,087 : INFO : EventManager : Event: ======'BBQ_lanes_unlit_complete'====== Args={}
2024-07-13 17:55:40,088 : INFO : EventManager : Event: ======'mode_BBQ_rollover_starting'====== Args={'player': 1, 'ball': 1, 'balls_remaining': 2, 'is_extra_ball': False}
2024-07-13 17:55:40,089 : INFO : EventManager : Event: ======'mode_base_will_start'====== Args={'player': 1, 'ball': 1, 'balls_remaining': 2, 'is_extra_ball': False}
2024-07-13 17:55:40,089 : INFO : EventManager : Event: ======'player_shot_qualify_p_target_enabled'====== Args={'value': True, 'prev_value': 0, 'change': 1, 'player_num': 1}
2024-07-13 17:55:40,089 : INFO : EventManager : Event: ======'player_shot_qualify_r_target_enabled'====== Args={'value': True, 'prev_value': 0, 'change': 1, 'player_num': 1}
2024-07-13 17:55:40,090 : INFO : EventManager : Event: ======'player_shot_qualify_o_target_enabled'====== Args={'value': True, 'prev_value': 0, 'change': 1, 'player_num': 1}
2024-07-13 17:55:40,090 : INFO : EventManager : Event: ======'qualify_mission_complete'====== Args={'state': 'unlit'}
2024-07-13 17:55:40,090 : INFO : EventManager : Event: ======'qualify_mission_unlit_complete'====== Args={}
2024-07-13 17:55:40,092 : INFO : EventManager : Event: ======'mode_base_starting'====== Args={'player': 1, 'ball': 1, 'balls_remaining': 2, 'is_extra_ball': False}
2024-07-13 17:55:40,092 : INFO : Mode.base : Started. Priority: 100
2024-07-13 17:55:40,092 : INFO : EventManager : Event: ======'modes_active_modes_changed'====== Args={}
2024-07-13 17:55:40,092 : INFO : EventManager : Event: ======'mode_base_started'====== Args={'player': 1, 'ball': 1, 'balls_remaining': 2, 'is_extra_ball': False}
2024-07-13 17:55:40,093 : INFO : EventManager : Event: ======'ball_save_default_enabled'====== Args={}
2024-07-13 17:55:40,093 : INFO : EventManager : Event: ======'logicblock_lb_BBQ_complete_count_updated'====== Args={'value': 1, 'enabled': True}
2024-07-13 17:55:40,093 : INFO : EventManager : Event: ======'logicblock_lb_BBQ_complete_count_updated'====== Args={'value': 1, 'enabled': True}
2024-07-13 17:55:40,093 : INFO : Mode.BBQ_rollover : Started. Priority: 600
2024-07-13 17:55:40,093 : INFO : EventManager : Event: ======'modes_active_modes_changed'====== Args={}
2024-07-13 17:55:40,093 : INFO : EventManager : Event: ======'mode_BBQ_rollover_started'====== Args={'player': 1, 'ball': 1, 'balls_remaining': 2, 'is_extra_ball': False}
2024-07-13 17:55:40,094 : INFO : EventManager : Event: ======'player_pf_multiplier'====== Args={'value': 1, 'prev_value': 0, 'change': 1, 'player_num': 1, 'source': 'BBQ_rollover'}
2024-07-13 17:55:40,094 : INFO : EventManager : Event: ======'single_player_ball_started'====== Args={}
2024-07-13 17:55:40,094 : INFO : EventManager : Event: ======'ball_start_target'====== Args={'target': 'playfield'}
2024-07-13 17:55:40,094 : INFO : ball_device.bd_plunger : Setting up player-controlled eject. Balls: 1, Target: <playfield.playfield>, player_controlled_eject_event: None
2024-07-13 17:55:40,094 : INFO : EventManager : Event: ======'balldevice_balls_available'====== Args={}
2024-07-13 17:55:40,095 : INFO : ball_device.bd_trough : State: waiting_for_target_ready
2024-07-13 17:55:40,095 : INFO : EventManager : Event: ======'balldevice_bd_trough_ball_eject_attempt'====== Args={'balls': 1, 'target': <ball_device.bd_plunger>, 'source': <ball_device.bd_trough>, 'mechanical_eject': True, 'num_attempts': 0}
2024-07-13 17:55:40,095 : INFO : ball_device.bd_plunger : State: waiting_for_ball
2024-07-13 17:55:40,095 : INFO : ball_device.bd_trough : State: ejecting
2024-07-13 17:55:40,095 : INFO : ball_device.bd_trough : Ejecting ball to <ball_device.bd_plunger>
2024-07-13 17:55:40,096 : INFO : EventManager : Event: ======'balldevice_bd_trough_ejecting_ball'====== Args={'balls': 1, 'target': <ball_device.bd_plunger>, 'source': <ball_device.bd_trough>, 'mechanical_eject': True, 'num_attempts': 0}
2024-07-13 17:55:40,096 : INFO : ball_device.bd_trough : Wait for ball to leave device
2024-07-13 17:55:40,096 : INFO : coil.c_trough_eject : Pulsing Driver for 20ms (1.0 pulse_power)
2024-07-13 17:55:40,096 : INFO : SwitchController : <<<<<<< 's_trough1' inactive >>>>>>>
2024-07-13 17:55:40,097 : INFO : ball_device.bd_trough : State: ball_left
2024-07-13 17:55:40,097 : INFO : ball_device.bd_trough : Ball left
2024-07-13 17:55:40,097 : INFO : ball_device.bd_trough : Wait for confirm with timeout 3.0
2024-07-13 17:55:40,102 : INFO : EventManager : Event: ======'slide_skillshot_created'====== Args={'_from_bcp': True}
2024-07-13 17:55:40,102 : INFO : EventManager : Event: ======'slide_high_scores_attract_inactive'====== Args={'_from_bcp': True}
2024-07-13 17:55:40,103 : INFO : EventManager : Event: ======'slide_skillshot_active'====== Args={'original_context': 'skillshot', 'original_calling_context': 'mode_skillshot_started', 'queue': '<QueuedEvent>', 'cmd': 'slides_play', '_from_bcp': True}
2024-07-13 17:55:40,103 : INFO : EventManager : Event: ======'slide_high_scores_attract_removed'====== Args={'_from_bcp': True}
2024-07-13 17:55:40,121 : INFO : EventManager : Event: ======'slide_base_created'====== Args={'_from_bcp': True}
2024-07-13 17:55:40,197 : INFO : SwitchController : <<<<<<< 's_plunger' active >>>>>>>
2024-07-13 17:55:40,197 : INFO : EventManager : Event: ======'machine_var_audits_switches_s_plunger'====== Args={'value': 359, 'prev_value': 358, 'change': 1}
2024-07-13 17:55:40,698 : INFO : ball_device.bd_plunger : Received ball from <ball_device.bd_trough>
2024-07-13 17:55:40,699 : INFO : EventManager : Event: ======'balldevice_bd_plunger_ball_enter'====== Args={'new_balls': 1, 'unclaimed_balls': 0, 'new_available_balls': 0, 'device': <ball_device.bd_plunger>}
2024-07-13 17:55:40,700 : INFO : EventManager : Event: ======'balldevice_bd_plunger_ball_entered'====== Args={'new_balls': 0, 'device': <ball_device.bd_plunger>}
2024-07-13 17:55:40,700 : INFO : EventManager : Event: ======'balldevice_bd_plunger_ball_count_changed'====== Args={'balls': 1}
2024-07-13 17:55:40,701 : INFO : ball_device.bd_trough : Got eject confirm
2024-07-13 17:55:40,701 : INFO : ball_device.bd_trough : Eject successful
2024-07-13 17:55:40,701 : INFO : EventManager : Event: ======'balldevice_bd_trough_ball_eject_success'====== Args={'balls': 1, 'target': <ball_device.bd_plunger>}
2024-07-13 17:55:40,702 : INFO : EventManager : Event: ======'balldevice_bd_trough_ball_count_changed'====== Args={'balls': 5}
2024-07-13 17:55:40,702 : INFO : ball_device.bd_trough : State: idle
2024-07-13 17:55:40,703 : INFO : ball_device.bd_plunger : State: waiting_for_target_ready
2024-07-13 17:55:40,703 : INFO : EventManager : Event: ======'balldevice_bd_plunger_ball_eject_attempt'====== Args={'balls': 1, 'target': <playfield.playfield>, 'source': <ball_device.bd_plunger>, 'mechanical_eject': True, 'num_attempts': 0}
2024-07-13 17:55:40,704 : INFO : ball_device.bd_plunger : State: ejecting
2024-07-13 17:55:40,704 : INFO : ball_device.bd_plunger : Ejecting ball to <playfield.playfield>
2024-07-13 17:55:40,705 : INFO : EventManager : Event: ======'balldevice_bd_plunger_ejecting_ball'====== Args={'balls': 1, 'target': <playfield.playfield>, 'source': <ball_device.bd_plunger>, 'mechanical_eject': True, 'num_attempts': 0}
2024-07-13 17:55:40,706 : INFO : ball_device.bd_plunger : Wait for ball to leave device
2024-07-13 17:55:41,081 : INFO : EventManager : Event: ======'player_skillshot_skillshot_rotate_tick'====== Args={'value': 1, 'prev_value': 0, 'change': 1, 'player_num': 1}
2024-07-13 17:55:41,088 : INFO : EventManager : Event: ======'timer_skillshot_rotate_tick'====== Args={'ticks': 1, 'ticks_remaining': 0}
2024-07-13 17:55:41,089 : INFO : EventManager : Event: ======'player_shot_skillshot_p_target'====== Args={'value': 0, 'prev_value': 1, 'change': -1, 'player_num': 1}
2024-07-13 17:55:41,090 : INFO : EventManager : Event: ======'player_shot_skillshot_r_target'====== Args={'value': 1, 'prev_value': 0, 'change': 1, 'player_num': 1}
2024-07-13 17:55:42,075 : INFO : EventManager : Event: ======'player_skillshot_skillshot_rotate_tick'====== Args={'value': 2, 'prev_value': 1, 'change': 1, 'player_num': 1}
2024-07-13 17:55:42,077 : INFO : EventManager : Event: ======'timer_skillshot_rotate_tick'====== Args={'ticks': 2, 'ticks_remaining': 0}
2024-07-13 17:55:42,078 : INFO : EventManager : Event: ======'player_shot_skillshot_r_target'====== Args={'value': 0, 'prev_value': 1, 'change': -1, 'player_num': 1}
2024-07-13 17:55:42,079 : INFO : EventManager : Event: ======'player_shot_skillshot_o_target'====== Args={'value': 1, 'prev_value': 0, 'change': 1, 'player_num': 1}
2024-07-13 17:55:42,246 : WARNING : SwitchController : Received duplicate switch state 1 for switch s_plunger from the platform interface. Log Code: Log-SwitchController-1 (https://missionpinball.org/logs)
2024-07-13 17:55:42,760 : INFO : SwitchController : <<<<<<< 's_plunger' inactive >>>>>>>
2024-07-13 17:55:42,762 : INFO : ball_device.bd_plunger : State: ball_left
2024-07-13 17:55:42,763 : INFO : ball_device.bd_plunger : Ball left
2024-07-13 17:55:42,763 : INFO : ball_device.bd_plunger : Wait for confirm with timeout 3.0
2024-07-13 17:55:43,075 : INFO : EventManager : Event: ======'player_skillshot_skillshot_rotate_tick'====== Args={'value': 3, 'prev_value': 2, 'change': 1, 'player_num': 1}
2024-07-13 17:55:43,077 : INFO : EventManager : Event: ======'timer_skillshot_rotate_tick'====== Args={'ticks': 3, 'ticks_remaining': 0}
2024-07-13 17:55:43,078 : INFO : EventManager : Event: ======'player_shot_skillshot_o_target'====== Args={'value': 0, 'prev_value': 1, 'change': -1, 'player_num': 1}
2024-07-13 17:55:43,080 : INFO : EventManager : Event: ======'player_shot_skillshot_p2_target'====== Args={'value': 1, 'prev_value': 0, 'change': 1, 'player_num': 1}
2024-07-13 17:55:44,075 : INFO : EventManager : Event: ======'player_skillshot_skillshot_rotate_tick'====== Args={'value': 4, 'prev_value': 3, 'change': 1, 'player_num': 1}
2024-07-13 17:55:44,075 : INFO : EventManager : Event: ======'timer_skillshot_rotate_tick'====== Args={'ticks': 4, 'ticks_remaining': 0}
2024-07-13 17:55:44,076 : INFO : EventManager : Event: ======'player_shot_skillshot_p2_target'====== Args={'value': 0, 'prev_value': 1, 'change': -1, 'player_num': 1}
2024-07-13 17:55:44,076 : INFO : EventManager : Event: ======'player_shot_skillshot_a_target'====== Args={'value': 1, 'prev_value': 0, 'change': 1, 'player_num': 1}
2024-07-13 17:55:45,075 : INFO : EventManager : Event: ======'player_skillshot_skillshot_rotate_tick'====== Args={'value': 5, 'prev_value': 4, 'change': 1, 'player_num': 1}
2024-07-13 17:55:45,076 : INFO : EventManager : Event: ======'timer_skillshot_rotate_tick'====== Args={'ticks': 5, 'ticks_remaining': 0}
2024-07-13 17:55:45,078 : INFO : EventManager : Event: ======'player_shot_skillshot_a_target'====== Args={'value': 0, 'prev_value': 1, 'change': -1, 'player_num': 1}
2024-07-13 17:55:45,079 : INFO : EventManager : Event: ======'player_shot_skillshot_n_target'====== Args={'value': 1, 'prev_value': 0, 'change': 1, 'player_num': 1}
2024-07-13 17:55:45,764 : INFO : ball_device.bd_plunger : State: failed_confirm
2024-07-13 17:55:45,765 : INFO : ball_device.bd_plunger : Got timeout (3.0s) before confirm from <playfield.playfield>
2024-07-13 17:55:45,866 : INFO : ball_device.bd_plunger : Confirming eject because target is playfield and ball did not return.
2024-07-13 17:55:45,867 : INFO : ball_device.bd_plunger : Eject successful
2024-07-13 17:55:45,867 : INFO : EventManager : Event: ======'balldevice_bd_plunger_ball_eject_success'====== Args={'balls': 1, 'target': <playfield.playfield>}
2024-07-13 17:55:45,868 : INFO : EventManager : Event: ======'balldevice_playfield_ball_enter'====== Args={'new_balls': 1, 'unclaimed_balls': 1, 'device': <playfield.playfield>}
2024-07-13 17:55:45,868 : INFO : EventManager : Event: ======'playfield_ball_count_change'====== Args={'balls': 1, 'change': 1}
2024-07-13 17:55:45,869 : INFO : EventManager : Event: ======'balldevice_bd_plunger_ball_count_changed'====== Args={'balls': 0}
2024-07-13 17:55:45,869 : INFO : ball_device.bd_plunger : State: idle
2024-07-13 17:55:46,075 : INFO : EventManager : Event: ======'player_skillshot_skillshot_rotate_tick'====== Args={'value': 6, 'prev_value': 5, 'change': 1, 'player_num': 1}
2024-07-13 17:55:46,077 : INFO : EventManager : Event: ======'timer_skillshot_rotate_tick'====== Args={'ticks': 6, 'ticks_remaining': 0}
2024-07-13 17:55:46,078 : INFO : EventManager : Event: ======'player_shot_skillshot_n_target'====== Args={'value': 0, 'prev_value': 1, 'change': -1, 'player_num': 1}
2024-07-13 17:55:46,079 : INFO : EventManager : Event: ======'player_shot_skillshot_e_target'====== Args={'value': 1, 'prev_value': 0, 'change': 1, 'player_num': 1}
2024-07-13 17:55:47,075 : INFO : EventManager : Event: ======'player_skillshot_skillshot_rotate_tick'====== Args={'value': 7, 'prev_value': 6, 'change': 1, 'player_num': 1}
2024-07-13 17:55:47,075 : INFO : EventManager : Event: ======'timer_skillshot_rotate_tick'====== Args={'ticks': 7, 'ticks_remaining': 0}
2024-07-13 17:55:47,076 : INFO : EventManager : Event: ======'player_shot_skillshot_p_target'====== Args={'value': 1, 'prev_value': 0, 'change': 1, 'player_num': 1}
2024-07-13 17:55:47,077 : INFO : EventManager : Event: ======'player_shot_skillshot_e_target'====== Args={'value': 0, 'prev_value': 1, 'change': -1, 'player_num': 1}
2024-07-13 17:55:47,660 : INFO : SwitchController : <<<<<<< 's_plunger_lane_exit' active >>>>>>>
2024-07-13 17:55:47,660 : INFO : EventManager : Event: ======'s_plunger_lane_exit_active'====== Args={}
2024-07-13 17:55:47,661 : INFO : EventManager : Event: ======'sw_playfield_active'====== Args={}
2024-07-13 17:55:47,661 : INFO : EventManager : Event: ======'machine_var_audits_switches_s_plunger_lane_exit'====== Args={'value': 182, 'prev_value': 181, 'change': 1}
2024-07-13 17:55:47,661 : INFO : EventManager : Event: ======'ball_save_default_timer_start'====== Args={}
2024-07-13 17:55:47,831 : INFO : SwitchController : <<<<<<< 's_plunger_lane_exit' inactive >>>>>>>
2024-07-13 17:55:48,076 : INFO : EventManager : Event: ======'player_skillshot_skillshot_rotate_tick'====== Args={'value': 8, 'prev_value': 7, 'change': 1, 'player_num': 1}
2024-07-13 17:55:48,077 : INFO : EventManager : Event: ======'timer_skillshot_rotate_tick'====== Args={'ticks': 8, 'ticks_remaining': 0}
2024-07-13 17:55:48,078 : INFO : EventManager : Event: ======'player_shot_skillshot_p_target'====== Args={'value': 0, 'prev_value': 1, 'change': -1, 'player_num': 1}
2024-07-13 17:55:48,079 : INFO : EventManager : Event: ======'player_shot_skillshot_r_target'====== Args={'value': 1, 'prev_value': 0, 'change': 1, 'player_num': 1}
2024-07-13 17:55:49,076 : INFO : EventManager : Event: ======'player_skillshot_skillshot_rotate_tick'====== Args={'value': 9, 'prev_value': 8, 'change': 1, 'player_num': 1}
2024-07-13 17:55:49,077 : INFO : EventManager : Event: ======'timer_skillshot_rotate_tick'====== Args={'ticks': 9, 'ticks_remaining': 0}
2024-07-13 17:55:49,077 : INFO : EventManager : Event: ======'player_shot_skillshot_r_target'====== Args={'value': 0, 'prev_value': 1, 'change': -1, 'player_num': 1}
2024-07-13 17:55:49,079 : INFO : EventManager : Event: ======'player_shot_skillshot_o_target'====== Args={'value': 1, 'prev_value': 0, 'change': 1, 'player_num': 1}
2024-07-13 17:55:50,076 : INFO : EventManager : Event: ======'player_skillshot_skillshot_rotate_tick'====== Args={'value': 10, 'prev_value': 9, 'change': 1, 'player_num': 1}
2024-07-13 17:55:50,077 : INFO : EventManager : Event: ======'timer_skillshot_rotate_tick'====== Args={'ticks': 10, 'ticks_remaining': 0}
2024-07-13 17:55:50,078 : INFO : EventManager : Event: ======'player_shot_skillshot_o_target'====== Args={'value': 0, 'prev_value': 1, 'change': -1, 'player_num': 1}
2024-07-13 17:55:50,079 : INFO : EventManager : Event: ======'player_shot_skillshot_p2_target'====== Args={'value': 1, 'prev_value': 0, 'change': 1, 'player_num': 1}
2024-07-13 17:55:50,647 : INFO : SwitchController : <<<<<<< 's_p2_target' active >>>>>>>
2024-07-13 17:55:50,647 : INFO : EventManager : Event: ======'s_p2_target_active'====== Args={}
2024-07-13 17:55:50,648 : INFO : EventManager : Event: ======'machine_var_audits_switches_s_p2_target'====== Args={'value': 12, 'prev_value': 11, 'change': 1}
2024-07-13 17:55:50,650 : INFO : EventManager : Event: ======'machine_var_audits_shots_skillshot_p2_target'====== Args={'value': 2, 'prev_value': 1, 'change': 1}
2024-07-13 17:55:50,656 : INFO : EventManager : Event: ======'skillshot_p2_target_hit'====== Args={'profile': 'skillshot_profile', 'state': 'on', 'advancing': False}
2024-07-13 17:55:50,658 : INFO : EventManager : Event: ======'skillshot_p2_target_skillshot_profile_hit'====== Args={'profile': 'skillshot_profile', 'state': 'on', 'advancing': False}
2024-07-13 17:55:50,658 : INFO : EventManager : Event: ======'skillshot_p2_target_skillshot_profile_on_hit'====== Args={'profile': 'skillshot_profile', 'state': 'on', 'advancing': False}
2024-07-13 17:55:50,658 : INFO : EventManager : Event: ======'skillshot_p2_target_on_hit'====== Args={'profile': 'skillshot_profile', 'state': 'on', 'advancing': False}
2024-07-13 17:55:50,659 : INFO : EventManager : Event: ======'player_score'====== Args={'value': 50, 'prev_value': 0, 'change': 50, 'player_num': 1, 'source': 'base'}
2024-07-13 17:55:50,659 : INFO : EventManager : Event: ======'skillshot_hit'====== Args={'shot': 'skillshot_p2_target'}
2024-07-13 17:55:50,659 : INFO : EventManager : Event: ======'skillshot_on_hit'====== Args={'shot': 'skillshot_p2_target'}
2024-07-13 17:55:50,660 : INFO : EventManager : Event: ======'stop_mode_skillshot'====== Args={'priority': 0}
2024-07-13 17:55:50,660 : INFO : EventManager : Event: ======'mode_skillshot_will_stop'====== Args={}
2024-07-13 17:55:50,660 : INFO : EventManager : Event: ======'mode_skillshot_stopping'====== Args={}
2024-07-13 17:55:50,661 : INFO : Mode.skillshot : Stopped.
2024-07-13 17:55:50,661 : INFO : EventManager : Event: ======'modes_active_modes_changed'====== Args={}
2024-07-13 17:55:50,662 : INFO : EventManager : Event: ======'mode_skillshot_stopped'====== Args={}
2024-07-13 17:55:50,662 : INFO : EventManager : Event: ======'clear'====== Args={'key': 'skillshot'}
2024-07-13 17:55:50,663 : INFO : Timer.skillshot_rotate : Stopping Timer
2024-07-13 17:55:50,663 : INFO : EventManager : Event: ======'timer_skillshot_rotate_stopped'====== Args={'ticks': 10, 'ticks_remaining': 0}
2024-07-13 17:55:50,678 : INFO : EventManager : Event: ======'slide_skillshot_inactive'====== Args={'_from_bcp': True}
2024-07-13 17:55:50,678 : INFO : EventManager : Event: ======'slide_base_active'====== Args={'_from_bcp': True}
2024-07-13 17:55:50,679 : INFO : EventManager : Event: ======'slide_skillshot_removed'====== Args={'_from_bcp': True}
2024-07-13 17:55:50,734 : INFO : SwitchController : <<<<<<< 's_p2_target' inactive >>>>>>>
2024-07-13 17:55:51,285 : INFO : SwitchController : <<<<<<< 's_p2_target' active >>>>>>>
2024-07-13 17:55:51,285 : INFO : EventManager : Event: ======'s_p2_target_active'====== Args={}
2024-07-13 17:55:51,285 : INFO : EventManager : Event: ======'machine_var_audits_switches_s_p2_target'====== Args={'value': 13, 'prev_value': 12, 'change': 1}
2024-07-13 17:55:51,287 : INFO : EventManager : Event: ======'player_score'====== Args={'value': 100, 'prev_value': 50, 'change': 50, 'player_num': 1, 'source': 'base'}
2024-07-13 17:55:51,383 : INFO : SwitchController : <<<<<<< 's_p2_target' inactive >>>>>>>
2024-07-13 17:55:51,515 : INFO : SwitchController : <<<<<<< 's_p2_target' active >>>>>>>
2024-07-13 17:55:51,515 : INFO : EventManager : Event: ======'s_p2_target_active'====== Args={}
2024-07-13 17:55:51,515 : INFO : EventManager : Event: ======'machine_var_audits_switches_s_p2_target'====== Args={'value': 14, 'prev_value': 13, 'change': 1}
2024-07-13 17:55:51,516 : INFO : EventManager : Event: ======'player_score'====== Args={'value': 150, 'prev_value': 100, 'change': 50, 'player_num': 1, 'source': 'base'}
2024-07-13 17:55:51,613 : INFO : SwitchController : <<<<<<< 's_p2_target' inactive >>>>>>>
2024-07-13 17:55:53,200 : INFO : SwitchController : <<<<<<< 's_p_target' active >>>>>>>
2024-07-13 17:55:53,201 : INFO : EventManager : Event: ======'s_p_target_active'====== Args={}
2024-07-13 17:55:53,201 : INFO : EventManager : Event: ======'machine_var_audits_switches_s_p_target'====== Args={'value': 222, 'prev_value': 221, 'change': 1}
2024-07-13 17:55:53,203 : INFO : EventManager : Event: ======'player_shot_qualify_p_target'====== Args={'value': 1, 'prev_value': 0, 'change': 1, 'player_num': 1}
2024-07-13 17:55:53,211 : INFO : EventManager : Event: ======'machine_var_audits_shots_qualify_p_target'====== Args={'value': 9, 'prev_value': 8, 'change': 1}
2024-07-13 17:55:53,212 : INFO : EventManager : Event: ======'qualify_p_target_hit'====== Args={'profile': 'default', 'state': 'unlit', 'advancing': True}
2024-07-13 17:55:53,213 : INFO : EventManager : Event: ======'qualify_p_target_default_hit'====== Args={'profile': 'default', 'state': 'unlit', 'advancing': True}
2024-07-13 17:55:53,213 : INFO : EventManager : Event: ======'qualify_p_target_default_unlit_hit'====== Args={'profile': 'default', 'state': 'unlit', 'advancing': True}
2024-07-13 17:55:53,213 : INFO : EventManager : Event: ======'qualify_p_target_unlit_hit'====== Args={'profile': 'default', 'state': 'unlit', 'advancing': True}
2024-07-13 17:55:53,214 : INFO : EventManager : Event: ======'player_score'====== Args={'value': 200, 'prev_value': 150, 'change': 50, 'player_num': 1, 'source': 'base'}
2024-07-13 17:55:53,214 : INFO : EventManager : Event: ======'qualify_mission_hit'====== Args={'shot': 'qualify_p_target'}
2024-07-13 17:55:53,214 : INFO : EventManager : Event: ======'qualify_mission_unlit_hit'====== Args={'shot': 'qualify_p_target'}
2024-07-13 17:55:53,283 : INFO : SwitchController : <<<<<<< 's_p_target' inactive >>>>>>>
2024-07-13 17:55:54,049 : INFO : SwitchController : <<<<<<< 's_r_target' active >>>>>>>
2024-07-13 17:55:54,050 : INFO : EventManager : Event: ======'s_r_target_active'====== Args={}
2024-07-13 17:55:54,050 : INFO : EventManager : Event: ======'machine_var_audits_switches_s_r_target'====== Args={'value': 80, 'prev_value': 79, 'change': 1}
2024-07-13 17:55:54,052 : INFO : EventManager : Event: ======'player_shot_qualify_r_target'====== Args={'value': 1, 'prev_value': 0, 'change': 1, 'player_num': 1}
2024-07-13 17:55:54,053 : INFO : EventManager : Event: ======'machine_var_audits_shots_qualify_r_target'====== Args={'value': 45, 'prev_value': 44, 'change': 1}
2024-07-13 17:55:54,054 : INFO : EventManager : Event: ======'qualify_r_target_hit'====== Args={'profile': 'default', 'state': 'unlit', 'advancing': True}
2024-07-13 17:55:54,054 : INFO : EventManager : Event: ======'qualify_r_target_default_hit'====== Args={'profile': 'default', 'state': 'unlit', 'advancing': True}
2024-07-13 17:55:54,055 : INFO : EventManager : Event: ======'qualify_r_target_default_unlit_hit'====== Args={'profile': 'default', 'state': 'unlit', 'advancing': True}
2024-07-13 17:55:54,055 : INFO : EventManager : Event: ======'qualify_r_target_unlit_hit'====== Args={'profile': 'default', 'state': 'unlit', 'advancing': True}
2024-07-13 17:55:54,055 : INFO : EventManager : Event: ======'player_score'====== Args={'value': 250, 'prev_value': 200, 'change': 50, 'player_num': 1, 'source': 'base'}
2024-07-13 17:55:54,056 : INFO : EventManager : Event: ======'qualify_mission_hit'====== Args={'shot': 'qualify_r_target'}
2024-07-13 17:55:54,056 : INFO : EventManager : Event: ======'qualify_mission_unlit_hit'====== Args={'shot': 'qualify_r_target'}
2024-07-13 17:55:54,152 : INFO : SwitchController : <<<<<<< 's_r_target' inactive >>>>>>>
2024-07-13 17:55:54,964 : INFO : SwitchController : <<<<<<< 's_o_target' active >>>>>>>
2024-07-13 17:55:54,964 : INFO : EventManager : Event: ======'s_o_target_active'====== Args={}
2024-07-13 17:55:54,965 : INFO : EventManager : Event: ======'machine_var_audits_switches_s_o_target'====== Args={'value': 58, 'prev_value': 57, 'change': 1}
2024-07-13 17:55:54,966 : INFO : EventManager : Event: ======'player_shot_qualify_o_target'====== Args={'value': 1, 'prev_value': 0, 'change': 1, 'player_num': 1}
2024-07-13 17:55:54,967 : INFO : EventManager : Event: ======'machine_var_audits_shots_qualify_o_target'====== Args={'value': 13, 'prev_value': 12, 'change': 1}
2024-07-13 17:55:54,968 : INFO : EventManager : Event: ======'qualify_o_target_hit'====== Args={'profile': 'default', 'state': 'unlit', 'advancing': True}
2024-07-13 17:55:54,968 : INFO : EventManager : Event: ======'qualify_o_target_default_hit'====== Args={'profile': 'default', 'state': 'unlit', 'advancing': True}
2024-07-13 17:55:54,968 : INFO : EventManager : Event: ======'qualify_o_target_default_unlit_hit'====== Args={'profile': 'default', 'state': 'unlit', 'advancing': True}
2024-07-13 17:55:54,969 : INFO : EventManager : Event: ======'qualify_o_target_unlit_hit'====== Args={'profile': 'default', 'state': 'unlit', 'advancing': True}
2024-07-13 17:55:54,969 : INFO : EventManager : Event: ======'player_score'====== Args={'value': 300, 'prev_value': 250, 'change': 50, 'player_num': 1, 'source': 'base'}
2024-07-13 17:55:54,969 : INFO : EventManager : Event: ======'qualify_mission_complete'====== Args={'state': 'lit'}
2024-07-13 17:55:54,970 : INFO : EventManager : Event: ======'qualify_mission_lit_complete'====== Args={}
2024-07-13 17:55:54,970 : INFO : EventManager : Event: ======'qualify_mission_hit'====== Args={'shot': 'qualify_o_target'}
2024-07-13 17:55:54,970 : INFO : EventManager : Event: ======'qualify_mission_unlit_hit'====== Args={'shot': 'qualify_o_target'}
2024-07-13 17:55:55,047 : INFO : SwitchController : <<<<<<< 's_o_target' inactive >>>>>>>
2024-07-13 17:55:55,663 : INFO : EventManager : Event: ======'ball_save_default_hurry_up'====== Args={}
2024-07-13 17:55:55,971 : INFO : EventManager : Event: ======'player_shot_qualify_p_target'====== Args={'value': 0, 'prev_value': 1, 'change': -1, 'player_num': 1}
2024-07-13 17:55:55,974 : INFO : EventManager : Event: ======'player_shot_qualify_r_target'====== Args={'value': 0, 'prev_value': 1, 'change': -1, 'player_num': 1}
2024-07-13 17:55:55,976 : INFO : EventManager : Event: ======'player_shot_qualify_o_target'====== Args={'value': 0, 'prev_value': 1, 'change': -1, 'player_num': 1}
2024-07-13 17:55:55,978 : INFO : EventManager : Event: ======'qualify_mission_complete'====== Args={'state': 'unlit'}
2024-07-13 17:55:55,978 : INFO : EventManager : Event: ======'qualify_mission_unlit_complete'====== Args={}
2024-07-13 17:55:57,663 : INFO : EventManager : Event: ======'ball_save_default_grace_period'====== Args={}
2024-07-13 17:55:57,999 : INFO : SwitchController : <<<<<<< 's_p_target' active >>>>>>>
2024-07-13 17:55:57,999 : INFO : EventManager : Event: ======'s_p_target_active'====== Args={}
2024-07-13 17:55:58,000 : INFO : EventManager : Event: ======'machine_var_audits_switches_s_p_target'====== Args={'value': 223, 'prev_value': 222, 'change': 1}
2024-07-13 17:55:58,002 : INFO : EventManager : Event: ======'player_shot_qualify_p_target'====== Args={'value': 1, 'prev_value': 0, 'change': 1, 'player_num': 1}
2024-07-13 17:55:58,011 : INFO : EventManager : Event: ======'machine_var_audits_shots_qualify_p_target'====== Args={'value': 10, 'prev_value': 9, 'change': 1}
2024-07-13 17:55:58,012 : INFO : EventManager : Event: ======'qualify_p_target_hit'====== Args={'profile': 'default', 'state': 'unlit', 'advancing': True}
2024-07-13 17:55:58,012 : INFO : EventManager : Event: ======'qualify_p_target_default_hit'====== Args={'profile': 'default', 'state': 'unlit', 'advancing': True}
2024-07-13 17:55:58,012 : INFO : EventManager : Event: ======'qualify_p_target_default_unlit_hit'====== Args={'profile': 'default', 'state': 'unlit', 'advancing': True}
2024-07-13 17:55:58,012 : INFO : EventManager : Event: ======'qualify_p_target_unlit_hit'====== Args={'profile': 'default', 'state': 'unlit', 'advancing': True}
2024-07-13 17:55:58,013 : INFO : EventManager : Event: ======'player_score'====== Args={'value': 350, 'prev_value': 300, 'change': 50, 'player_num': 1, 'source': 'base'}
2024-07-13 17:55:58,015 : INFO : EventManager : Event: ======'qualify_mission_hit'====== Args={'shot': 'qualify_p_target'}
2024-07-13 17:55:58,015 : INFO : EventManager : Event: ======'qualify_mission_unlit_hit'====== Args={'shot': 'qualify_p_target'}
2024-07-13 17:55:58,098 : INFO : SwitchController : <<<<<<< 's_p_target' inactive >>>>>>>
2024-07-13 17:55:58,701 : INFO : SwitchController : <<<<<<< 's_r_target' active >>>>>>>
2024-07-13 17:55:58,702 : INFO : EventManager : Event: ======'s_r_target_active'====== Args={}
2024-07-13 17:55:58,702 : INFO : EventManager : Event: ======'machine_var_audits_switches_s_r_target'====== Args={'value': 81, 'prev_value': 80, 'change': 1}
2024-07-13 17:55:58,704 : INFO : EventManager : Event: ======'player_shot_qualify_r_target'====== Args={'value': 1, 'prev_value': 0, 'change': 1, 'player_num': 1}
2024-07-13 17:55:58,705 : INFO : EventManager : Event: ======'machine_var_audits_shots_qualify_r_target'====== Args={'value': 46, 'prev_value': 45, 'change': 1}
2024-07-13 17:55:58,706 : INFO : EventManager : Event: ======'qualify_r_target_hit'====== Args={'profile': 'default', 'state': 'unlit', 'advancing': True}
2024-07-13 17:55:58,706 : INFO : EventManager : Event: ======'qualify_r_target_default_hit'====== Args={'profile': 'default', 'state': 'unlit', 'advancing': True}
2024-07-13 17:55:58,706 : INFO : EventManager : Event: ======'qualify_r_target_default_unlit_hit'====== Args={'profile': 'default', 'state': 'unlit', 'advancing': True}
2024-07-13 17:55:58,707 : INFO : EventManager : Event: ======'qualify_r_target_unlit_hit'====== Args={'profile': 'default', 'state': 'unlit', 'advancing': True}
2024-07-13 17:55:58,707 : INFO : EventManager : Event: ======'player_score'====== Args={'value': 400, 'prev_value': 350, 'change': 50, 'player_num': 1, 'source': 'base'}
2024-07-13 17:55:58,709 : INFO : EventManager : Event: ======'qualify_mission_hit'====== Args={'shot': 'qualify_r_target'}
2024-07-13 17:55:58,709 : INFO : EventManager : Event: ======'qualify_mission_unlit_hit'====== Args={'shot': 'qualify_r_target'}
2024-07-13 17:55:58,763 : INFO : SwitchController : <<<<<<< 's_r_target' inactive >>>>>>>
2024-07-13 17:55:59,467 : INFO : SwitchController : <<<<<<< 's_o_target' active >>>>>>>
2024-07-13 17:55:59,467 : INFO : EventManager : Event: ======'s_o_target_active'====== Args={}
2024-07-13 17:55:59,468 : INFO : EventManager : Event: ======'machine_var_audits_switches_s_o_target'====== Args={'value': 59, 'prev_value': 58, 'change': 1}
2024-07-13 17:55:59,470 : INFO : EventManager : Event: ======'player_shot_qualify_o_target'====== Args={'value': 1, 'prev_value': 0, 'change': 1, 'player_num': 1}
2024-07-13 17:55:59,472 : INFO : EventManager : Event: ======'machine_var_audits_shots_qualify_o_target'====== Args={'value': 14, 'prev_value': 13, 'change': 1}
2024-07-13 17:55:59,473 : INFO : EventManager : Event: ======'qualify_o_target_hit'====== Args={'profile': 'default', 'state': 'unlit', 'advancing': True}
2024-07-13 17:55:59,473 : INFO : EventManager : Event: ======'qualify_o_target_default_hit'====== Args={'profile': 'default', 'state': 'unlit', 'advancing': True}
2024-07-13 17:55:59,474 : INFO : EventManager : Event: ======'qualify_o_target_default_unlit_hit'====== Args={'profile': 'default', 'state': 'unlit', 'advancing': True}
2024-07-13 17:55:59,474 : INFO : EventManager : Event: ======'qualify_o_target_unlit_hit'====== Args={'profile': 'default', 'state': 'unlit', 'advancing': True}
2024-07-13 17:55:59,475 : INFO : EventManager : Event: ======'player_score'====== Args={'value': 450, 'prev_value': 400, 'change': 50, 'player_num': 1, 'source': 'base'}
2024-07-13 17:55:59,475 : INFO : EventManager : Event: ======'qualify_mission_complete'====== Args={'state': 'lit'}
2024-07-13 17:55:59,475 : INFO : EventManager : Event: ======'qualify_mission_lit_complete'====== Args={}
2024-07-13 17:55:59,477 : INFO : EventManager : Event: ======'qualify_mission_hit'====== Args={'shot': 'qualify_o_target'}
2024-07-13 17:55:59,477 : INFO : EventManager : Event: ======'qualify_mission_unlit_hit'====== Args={'shot': 'qualify_o_target'}
2024-07-13 17:55:59,562 : INFO : SwitchController : <<<<<<< 's_o_target' inactive >>>>>>>
2024-07-13 17:55:59,662 : INFO : EventManager : Event: ======'ball_save_default_disabled'====== Args={}
2024-07-13 17:56:00,478 : INFO : EventManager : Event: ======'player_shot_qualify_p_target'====== Args={'value': 0, 'prev_value': 1, 'change': -1, 'player_num': 1}
2024-07-13 17:56:00,480 : INFO : EventManager : Event: ======'player_shot_qualify_r_target'====== Args={'value': 0, 'prev_value': 1, 'change': -1, 'player_num': 1}
2024-07-13 17:56:00,481 : INFO : EventManager : Event: ======'player_shot_qualify_o_target'====== Args={'value': 0, 'prev_value': 1, 'change': -1, 'player_num': 1}
2024-07-13 17:56:00,482 : INFO : EventManager : Event: ======'qualify_mission_complete'====== Args={'state': 'unlit'}
2024-07-13 17:56:00,483 : INFO : EventManager : Event: ======'qualify_mission_unlit_complete'====== Args={}
2024-07-13 17:56:02,249 : INFO : SwitchController : <<<<<<< 's_p2_target' active >>>>>>>
2024-07-13 17:56:02,249 : INFO : EventManager : Event: ======'s_p2_target_active'====== Args={}
2024-07-13 17:56:02,250 : INFO : EventManager : Event: ======'machine_var_audits_switches_s_p2_target'====== Args={'value': 15, 'prev_value': 14, 'change': 1}
2024-07-13 17:56:02,251 : INFO : EventManager : Event: ======'player_score'====== Args={'value': 500, 'prev_value': 450, 'change': 50, 'player_num': 1, 'source': 'base'}
2024-07-13 17:56:02,348 : INFO : SwitchController : <<<<<<< 's_p2_target' inactive >>>>>>>
2024-07-13 17:56:55,869 : INFO : SwitchController : <<<<<<< 's_p_target' active >>>>>>>
2024-07-13 17:56:55,874 : INFO : EventManager : Event: ======'s_p_target_active'====== Args={}
2024-07-13 17:56:55,878 : INFO : EventManager : Event: ======'machine_var_audits_switches_s_p_target'====== Args={'value': 224, 'prev_value': 223, 'change': 1}
2024-07-13 17:56:55,893 : INFO : EventManager : Event: ======'player_shot_qualify_p_target'====== Args={'value': 1, 'prev_value': 0, 'change': 1, 'player_num': 1}
2024-07-13 17:56:55,902 : INFO : EventManager : Event: ======'machine_var_audits_shots_qualify_p_target'====== Args={'value': 11, 'prev_value': 10, 'change': 1}
2024-07-13 17:56:55,903 : INFO : EventManager : Event: ======'qualify_p_target_hit'====== Args={'profile': 'default', 'state': 'unlit', 'advancing': True}
2024-07-13 17:56:55,903 : INFO : EventManager : Event: ======'qualify_p_target_default_hit'====== Args={'profile': 'default', 'state': 'unlit', 'advancing': True}
2024-07-13 17:56:55,903 : INFO : EventManager : Event: ======'qualify_p_target_default_unlit_hit'====== Args={'profile': 'default', 'state': 'unlit', 'advancing': True}
2024-07-13 17:56:55,904 : INFO : EventManager : Event: ======'qualify_p_target_unlit_hit'====== Args={'profile': 'default', 'state': 'unlit', 'advancing': True}
2024-07-13 17:56:55,904 : INFO : EventManager : Event: ======'player_score'====== Args={'value': 550, 'prev_value': 500, 'change': 50, 'player_num': 1, 'source': 'base'}
2024-07-13 17:56:55,928 : INFO : EventManager : Event: ======'qualify_mission_hit'====== Args={'shot': 'qualify_p_target'}
2024-07-13 17:56:55,928 : INFO : EventManager : Event: ======'qualify_mission_unlit_hit'====== Args={'shot': 'qualify_p_target'}
2024-07-13 17:56:55,954 : INFO : SwitchController : <<<<<<< 's_p_target' inactive >>>>>>>
2024-07-13 17:56:56,566 : INFO : SwitchController : <<<<<<< 's_r_target' active >>>>>>>
2024-07-13 17:56:56,566 : INFO : EventManager : Event: ======'s_r_target_active'====== Args={}
2024-07-13 17:56:56,567 : INFO : EventManager : Event: ======'machine_var_audits_switches_s_r_target'====== Args={'value': 82, 'prev_value': 81, 'change': 1}
2024-07-13 17:56:56,568 : INFO : EventManager : Event: ======'player_shot_qualify_r_target'====== Args={'value': 1, 'prev_value': 0, 'change': 1, 'player_num': 1}
2024-07-13 17:56:56,569 : INFO : EventManager : Event: ======'machine_var_audits_shots_qualify_r_target'====== Args={'value': 47, 'prev_value': 46, 'change': 1}
2024-07-13 17:56:56,571 : INFO : EventManager : Event: ======'qualify_r_target_hit'====== Args={'profile': 'default', 'state': 'unlit', 'advancing': True}
2024-07-13 17:56:56,572 : INFO : EventManager : Event: ======'qualify_r_target_default_hit'====== Args={'profile': 'default', 'state': 'unlit', 'advancing': True}
2024-07-13 17:56:56,572 : INFO : EventManager : Event: ======'qualify_r_target_default_unlit_hit'====== Args={'profile': 'default', 'state': 'unlit', 'advancing': True}
2024-07-13 17:56:56,573 : INFO : EventManager : Event: ======'qualify_r_target_unlit_hit'====== Args={'profile': 'default', 'state': 'unlit', 'advancing': True}
2024-07-13 17:56:56,573 : INFO : EventManager : Event: ======'player_score'====== Args={'value': 600, 'prev_value': 550, 'change': 50, 'player_num': 1, 'source': 'base'}
2024-07-13 17:56:56,575 : INFO : EventManager : Event: ======'qualify_mission_hit'====== Args={'shot': 'qualify_r_target'}
2024-07-13 17:56:56,575 : INFO : EventManager : Event: ======'qualify_mission_unlit_hit'====== Args={'shot': 'qualify_r_target'}
2024-07-13 17:56:56,630 : INFO : SwitchController : <<<<<<< 's_r_target' inactive >>>>>>>
2024-07-13 17:56:57,330 : INFO : SwitchController : <<<<<<< 's_o_target' active >>>>>>>
2024-07-13 17:56:57,330 : INFO : EventManager : Event: ======'s_o_target_active'====== Args={}
2024-07-13 17:56:57,331 : INFO : EventManager : Event: ======'machine_var_audits_switches_s_o_target'====== Args={'value': 60, 'prev_value': 59, 'change': 1}
2024-07-13 17:56:57,332 : INFO : EventManager : Event: ======'player_shot_qualify_o_target'====== Args={'value': 1, 'prev_value': 0, 'change': 1, 'player_num': 1}
2024-07-13 17:56:57,333 : INFO : EventManager : Event: ======'machine_var_audits_shots_qualify_o_target'====== Args={'value': 15, 'prev_value': 14, 'change': 1}
2024-07-13 17:56:57,334 : INFO : EventManager : Event: ======'qualify_o_target_hit'====== Args={'profile': 'default', 'state': 'unlit', 'advancing': True}
2024-07-13 17:56:57,335 : INFO : EventManager : Event: ======'qualify_o_target_default_hit'====== Args={'profile': 'default', 'state': 'unlit', 'advancing': True}
2024-07-13 17:56:57,335 : INFO : EventManager : Event: ======'qualify_o_target_default_unlit_hit'====== Args={'profile': 'default', 'state': 'unlit', 'advancing': True}
2024-07-13 17:56:57,335 : INFO : EventManager : Event: ======'qualify_o_target_unlit_hit'====== Args={'profile': 'default', 'state': 'unlit', 'advancing': True}
2024-07-13 17:56:57,335 : INFO : EventManager : Event: ======'player_score'====== Args={'value': 650, 'prev_value': 600, 'change': 50, 'player_num': 1, 'source': 'base'}
2024-07-13 17:56:57,336 : INFO : EventManager : Event: ======'qualify_mission_complete'====== Args={'state': 'lit'}
2024-07-13 17:56:57,336 : INFO : EventManager : Event: ======'qualify_mission_lit_complete'====== Args={}
2024-07-13 17:56:57,338 : INFO : EventManager : Event: ======'qualify_mission_hit'====== Args={'shot': 'qualify_o_target'}
2024-07-13 17:56:57,338 : INFO : EventManager : Event: ======'qualify_mission_unlit_hit'====== Args={'shot': 'qualify_o_target'}
2024-07-13 17:56:57,464 : INFO : SwitchController : <<<<<<< 's_o_target' inactive >>>>>>>
2024-07-13 17:56:58,339 : INFO : EventManager : Event: ======'player_shot_qualify_p_target'====== Args={'value': 0, 'prev_value': 1, 'change': -1, 'player_num': 1}
2024-07-13 17:56:58,341 : INFO : EventManager : Event: ======'player_shot_qualify_r_target'====== Args={'value': 0, 'prev_value': 1, 'change': -1, 'player_num': 1}
2024-07-13 17:56:58,343 : INFO : EventManager : Event: ======'player_shot_qualify_o_target'====== Args={'value': 0, 'prev_value': 1, 'change': -1, 'player_num': 1}
2024-07-13 17:56:58,345 : INFO : EventManager : Event: ======'qualify_mission_complete'====== Args={'state': 'unlit'}
2024-07-13 17:56:58,345 : INFO : EventManager : Event: ======'qualify_mission_unlit_complete'====== Args={}
2024-07-13 17:58:57,294 : INFO : Machine : Shutting down...
2024-07-13 17:58:57,296 : INFO : EventManager : Event: ======'shutdown'====== Args={}
2024-07-13 17:58:57,325 : INFO : EventManager : Event: ======'mode_game_will_stop'====== Args={}
2024-07-13 17:58:57,326 : INFO : EventManager : Event: ======'mode_game_stopping'====== Args={}
2024-07-13 17:58:57,327 : INFO : EventManager : Event: ======'mode_base_will_stop'====== Args={}
2024-07-13 17:58:57,328 : INFO : EventManager : Event: ======'mode_base_stopping'====== Args={}
2024-07-13 17:58:57,328 : INFO : EventManager : Event: ======'mode_BBQ_rollover_will_stop'====== Args={}
2024-07-13 17:58:57,328 : INFO : EventManager : Event: ======'mode_BBQ_rollover_stopping'====== Args={}
2024-07-13 17:58:57,328 : INFO : Mode.BBQ_rollover : Stopped.
2024-07-13 17:58:57,328 : INFO : EventManager : Event: ======'modes_active_modes_changed'====== Args={}
2024-07-13 17:58:57,329 : INFO : EventManager : Event: ======'mode_BBQ_rollover_stopped'====== Args={}
2024-07-13 17:58:57,329 : INFO : EventManager : Event: ======'clear'====== Args={'key': 'BBQ_rollover'}
2024-07-13 17:58:57,345 : INFO : Mode.base : Stopped.
2024-07-13 17:58:57,346 : INFO : EventManager : Event: ======'modes_active_modes_changed'====== Args={}
2024-07-13 17:58:57,346 : INFO : EventManager : Event: ======'mode_base_stopped'====== Args={}
2024-07-13 17:58:57,346 : INFO : EventManager : Event: ======'clear'====== Args={'key': 'base'}
2024-07-13 17:58:57,350 : INFO : Mode.game : Stopped.
2024-07-13 17:58:57,350 : INFO : EventManager : Event: ======'modes_active_modes_changed'====== Args={}
2024-07-13 17:58:57,350 : INFO : EventManager : Event: ======'mode_game_stopped'====== Args={}
2024-07-13 17:58:57,350 : INFO : EventManager : Event: ======'clear'====== Args={'key': 'game'}
2024-07-13 17:58:57,385 : INFO : root : MPF run loop ended.
