2024-07-17 12:36:40,944 : INFO : root : Loading config.
2024-07-17 12:36:40,946 : INFO : YamlMultifileConfigLoader : Machine config file #1: config.yaml
2024-07-17 12:36:40,946 : INFO : ConfigProcessor : Loading config from cache: /var/folders/sv/d29kcl5x50v7vt1n6xb5jsd40000gn/T/c166cef8060ffee16a35821bf698da85.mpf_cache
2024-07-17 12:36:40,978 : INFO : ConfigProcessor : Loading config from cache: /var/folders/sv/d29kcl5x50v7vt1n6xb5jsd40000gn/T/6b31c5ac6ecbad948994a8204ea6b05b.mpf_cache
2024-07-17 12:36:40,978 : INFO : ConfigProcessor : Loading config from cache: /var/folders/sv/d29kcl5x50v7vt1n6xb5jsd40000gn/T/fe612d1e66c8a96c19ba449d3748eeac.mpf_cache
2024-07-17 12:36:40,978 : INFO : ConfigProcessor : Loading config from cache: /var/folders/sv/d29kcl5x50v7vt1n6xb5jsd40000gn/T/6b31c5ac6ecbad948994a8204ea6b05b.mpf_cache
2024-07-17 12:36:40,979 : INFO : ConfigProcessor : Loading config from cache: /var/folders/sv/d29kcl5x50v7vt1n6xb5jsd40000gn/T/8765227693ecd961e0504502a81255e0.mpf_cache
2024-07-17 12:36:40,979 : INFO : ConfigProcessor : Loading config from cache: /var/folders/sv/d29kcl5x50v7vt1n6xb5jsd40000gn/T/b247728c74b4d81bcb2825e2b07062a7.mpf_cache
2024-07-17 12:36:40,979 : INFO : ConfigProcessor : Loading config from cache: /var/folders/sv/d29kcl5x50v7vt1n6xb5jsd40000gn/T/f240f94f0b5d0f37ec4fd7571275a101.mpf_cache
2024-07-17 12:36:40,979 : INFO : ConfigProcessor : Loading config from cache: /var/folders/sv/d29kcl5x50v7vt1n6xb5jsd40000gn/T/c4409acfdf3ec94666e0adef48d55400.mpf_cache
2024-07-17 12:36:40,979 : INFO : ConfigProcessor : Loading config from cache: /var/folders/sv/d29kcl5x50v7vt1n6xb5jsd40000gn/T/6a2f50ed892485825cc04dc0a68eab9f.mpf_cache
2024-07-17 12:36:40,980 : INFO : ConfigProcessor : Loading config from cache: /var/folders/sv/d29kcl5x50v7vt1n6xb5jsd40000gn/T/d58c58eb9fd1a2dc27f8acd255fb3761.mpf_cache
2024-07-17 12:36:40,980 : INFO : ConfigProcessor : Loading config from cache: /var/folders/sv/d29kcl5x50v7vt1n6xb5jsd40000gn/T/07adfd310b3ef0e03c5cbc91527abb6c.mpf_cache
2024-07-17 12:36:40,980 : INFO : ConfigProcessor : Loading config from cache: /var/folders/sv/d29kcl5x50v7vt1n6xb5jsd40000gn/T/12bd5247c3bf989b919364bdb7829769.mpf_cache
2024-07-17 12:36:40,980 : INFO : ConfigProcessor : Loading config from cache: /var/folders/sv/d29kcl5x50v7vt1n6xb5jsd40000gn/T/362e08f51a1a1b7a0809dd52f9c83f83.mpf_cache
2024-07-17 12:36:40,980 : INFO : ConfigProcessor : Loading config from cache: /var/folders/sv/d29kcl5x50v7vt1n6xb5jsd40000gn/T/e45e3bd39557ed8d0881194a7afab8f7.mpf_cache
2024-07-17 12:36:40,981 : INFO : ConfigProcessor : Loading config from cache: /var/folders/sv/d29kcl5x50v7vt1n6xb5jsd40000gn/T/331d8d1a1bc190cae8c13495e1db372f.mpf_cache
2024-07-17 12:36:40,981 : INFO : ConfigProcessor : Loading config from cache: /var/folders/sv/d29kcl5x50v7vt1n6xb5jsd40000gn/T/d17a9ff77386e6f1439d0802ace1de07.mpf_cache
2024-07-17 12:36:40,981 : INFO : ConfigProcessor : Loading config from cache: /var/folders/sv/d29kcl5x50v7vt1n6xb5jsd40000gn/T/280fd64455d0d243a54ab4db98fbccbd.mpf_cache
2024-07-17 12:36:40,981 : INFO : ConfigProcessor : Loading config from cache: /var/folders/sv/d29kcl5x50v7vt1n6xb5jsd40000gn/T/0c0596ed8fbb40b6113901d21bdc0a39.mpf_cache
2024-07-17 12:36:40,981 : INFO : ConfigProcessor : Loading config from cache: /var/folders/sv/d29kcl5x50v7vt1n6xb5jsd40000gn/T/2982e2d98506102244e9fa0f437a9fca.mpf_cache
2024-07-17 12:36:40,982 : INFO : ConfigProcessor : Loading config from cache: /var/folders/sv/d29kcl5x50v7vt1n6xb5jsd40000gn/T/3048ed2d7ea14eee3db896f6760aa474.mpf_cache
2024-07-17 12:36:40,983 : INFO : Machine : Mission Pinball Framework Core Engine v0.80.0.dev1
2024-07-17 12:36:40,983 : INFO : Machine : Command line arguments: {'no_load_cache': False, 'create_config_cache': True, 'bcp': True, 'configfile': ['config.yaml'], 'force_assets_load': False, 'platform_integration_test': False, 'jsonlogging': False, 'logfile': 'logs/2024-07-17-12-36-40-mpf-Nicks-Air.lan.log', 'pause': False, 'production': False, 'text_ui': True, 'loglevel': 15, 'consoleloglevel': 20, 'force_platform': None, 'syslog_address': None, 'mc_file_name': None, 'no_sound': False, 'full_logfile_path': '/Users/nicktaseris/Desktop/Pinball/KOTH/logs/2024-07-17-12-36-40-mpf-Nicks-Air.lan.log'}
2024-07-17 12:36:40,983 : INFO : Machine : MPF path: /Users/nicktaseris/mpfenv/lib/python3.9/site-packages/mpf
2024-07-17 12:36:40,983 : INFO : Machine : Machine path: /Users/nicktaseris/Desktop/Pinball/KOTH
2024-07-17 12:36:40,983 : INFO : Machine : Platform: darwin
2024-07-17 12:36:40,983 : INFO : Machine : Python executable location: /Users/nicktaseris/mpfenv/bin/python3
2024-07-17 12:36:40,983 : INFO : Machine : Python version: 3.9.13 (64-bit)
2024-07-17 12:36:40,983 : INFO : Machine : Initializing MPF...
2024-07-17 12:36:41,012 : INFO : EventManager : Event: ======'machine_var_credits_string'====== Args={'value': 'FREE PLAY', 'prev_value': None, 'change': True}
2024-07-17 12:36:41,018 : INFO : EventManager : Event: ======'machine_var_master_volume'====== Args={'value': 0.5, 'prev_value': None, 'change': True}
2024-07-17 12:36:41,019 : INFO : EventManager : Event: ======'machine_var_player1_score'====== Args={'value': 175300, 'prev_value': None, 'change': True}
2024-07-17 12:36:41,019 : INFO : EventManager : Event: ======'machine_var_mpf_version'====== Args={'value': 'Mission Pinball Framework v0.80.0.dev1', 'prev_value': None, 'change': True}
2024-07-17 12:36:41,019 : INFO : EventManager : Event: ======'machine_var_mpf_extended_version'====== Args={'value': 'Mission Pinball Framework v0.80.0.dev1, Config version:6, Show version: 6, BCP version:1.1', 'prev_value': None, 'change': True}
2024-07-17 12:36:41,019 : INFO : EventManager : Event: ======'machine_var_python_version'====== Args={'value': '3.9.13', 'prev_value': None, 'change': True}
2024-07-17 12:36:41,028 : INFO : EventManager : Event: ======'machine_var_platform'====== Args={'value': 'macOS-12.1-arm64-arm-64bit', 'prev_value': None, 'change': True}
2024-07-17 12:36:41,028 : INFO : EventManager : Event: ======'machine_var_platform_system'====== Args={'value': 'Darwin', 'prev_value': None, 'change': True}
2024-07-17 12:36:41,028 : INFO : EventManager : Event: ======'machine_var_platform_release'====== Args={'value': '21.2.0', 'prev_value': None, 'change': True}
2024-07-17 12:36:41,028 : INFO : EventManager : Event: ======'machine_var_platform_version'====== Args={'value': 'Darwin Kernel Version 21.2.0: Sun Nov 28 20:29:10 PST 2021; root:xnu-8019.61.5~1/RELEASE_ARM64_T8101', 'prev_value': None, 'change': True}
2024-07-17 12:36:41,028 : INFO : EventManager : Event: ======'machine_var_platform_machine'====== Args={'value': 'arm64', 'prev_value': None, 'change': True}
2024-07-17 12:36:41,028 : INFO : EventManager : Event: ======'machine_var_log_file_path'====== Args={'value': '/Users/nicktaseris/Desktop/Pinball/KOTH/logs/2024-07-17-12-36-40-mpf-Nicks-Air.lan.log', 'prev_value': None, 'change': True}
2024-07-17 12:36:41,028 : INFO : EventManager : Event: ======'init_phase_1'====== Args={}
2024-07-17 12:36:41,052 : INFO : EventManager : Event: ======'drop_target_bank_strickland_bank_up'====== Args={}
2024-07-17 12:36:41,053 : INFO : EventManager : Event: ======'init_phase_2'====== Args={}
2024-07-17 12:36:41,053 : INFO : SwitchController : Found active switch: ('39', <Platform.SmartVirtual>) <switch.s_trough1>
2024-07-17 12:36:41,053 : INFO : SwitchController : Found active switch: ('40', <Platform.SmartVirtual>) <switch.s_trough2>
2024-07-17 12:36:41,053 : INFO : SwitchController : Found active switch: ('41', <Platform.SmartVirtual>) <switch.s_trough3>
2024-07-17 12:36:41,053 : INFO : SwitchController : Found active switch: ('42', <Platform.SmartVirtual>) <switch.s_trough4>
2024-07-17 12:36:41,053 : INFO : SwitchController : Found active switch: ('43', <Platform.SmartVirtual>) <switch.s_trough5>
2024-07-17 12:36:41,053 : INFO : SwitchController : Found active switch: ('44', <Platform.SmartVirtual>) <switch.s_trough6>
2024-07-17 12:36:41,057 : INFO : EventManager : Event: ======'machine_var_score1_label'====== Args={'value': 'GRAND CHAMPION', 'prev_value': None, 'change': True}
2024-07-17 12:36:41,057 : INFO : EventManager : Event: ======'machine_var_score1_name'====== Args={'value': 'BRI', 'prev_value': None, 'change': True}
2024-07-17 12:36:41,057 : INFO : EventManager : Event: ======'machine_var_score1_value'====== Args={'value': 4242, 'prev_value': None, 'change': True}
2024-07-17 12:36:41,057 : INFO : EventManager : Event: ======'machine_var_score2_label'====== Args={'value': 'HIGH SCORE 1', 'prev_value': None, 'change': True}
2024-07-17 12:36:41,057 : INFO : EventManager : Event: ======'machine_var_score2_name'====== Args={'value': 'GHK', 'prev_value': None, 'change': True}
2024-07-17 12:36:41,057 : INFO : EventManager : Event: ======'machine_var_score2_value'====== Args={'value': 2323, 'prev_value': None, 'change': True}
2024-07-17 12:36:41,057 : INFO : EventManager : Event: ======'machine_var_score3_label'====== Args={'value': 'HIGH SCORE 2', 'prev_value': None, 'change': True}
2024-07-17 12:36:41,057 : INFO : EventManager : Event: ======'machine_var_score3_name'====== Args={'value': 'JK', 'prev_value': None, 'change': True}
2024-07-17 12:36:41,057 : INFO : EventManager : Event: ======'machine_var_score3_value'====== Args={'value': 1337, 'prev_value': None, 'change': True}
2024-07-17 12:36:41,057 : INFO : EventManager : Event: ======'machine_var_score4_label'====== Args={'value': 'HIGH SCORE 3', 'prev_value': None, 'change': True}
2024-07-17 12:36:41,057 : INFO : EventManager : Event: ======'machine_var_score4_name'====== Args={'value': 'QC', 'prev_value': None, 'change': True}
2024-07-17 12:36:41,057 : INFO : EventManager : Event: ======'machine_var_score4_value'====== Args={'value': 42, 'prev_value': None, 'change': True}
2024-07-17 12:36:41,057 : INFO : EventManager : Event: ======'machine_var_score5_label'====== Args={'value': 'HIGH SCORE 4', 'prev_value': None, 'change': True}
2024-07-17 12:36:41,057 : INFO : EventManager : Event: ======'machine_var_score5_name'====== Args={'value': 'MPF', 'prev_value': None, 'change': True}
2024-07-17 12:36:41,057 : INFO : EventManager : Event: ======'machine_var_score5_value'====== Args={'value': 23, 'prev_value': None, 'change': True}
2024-07-17 12:36:41,058 : INFO : EventManager : Event: ======'bcp_connection_attempt'====== Args={'name': 'local_display', 'host': 'localhost', 'port': 5050}
2024-07-17 12:36:41,058 : INFO : BCPClientSocket : Connecting BCP to 'local_display' at localhost:5050...
2024-07-17 12:36:41,061 : INFO : BCPClientSocket : Connected BCP to 'local_display' localhost:5050
2024-07-17 12:36:41,061 : INFO : EventManager : Event: ======'bcp_clients_connected'====== Args={}
2024-07-17 12:36:41,062 : INFO : ball_device.bd_trough : BCH: Initial count: 6
2024-07-17 12:36:41,062 : INFO : ball_device.bd_trough : State: idle
2024-07-17 12:36:41,063 : INFO : ball_device.bd_plunger : BCH: Initial count: 0
2024-07-17 12:36:41,063 : INFO : ball_device.bd_plunger : State: idle
2024-07-17 12:36:41,063 : INFO : ball_device.bd_scoop : BCH: Initial count: 0
2024-07-17 12:36:41,063 : INFO : ball_device.bd_scoop : State: idle
2024-07-17 12:36:41,067 : INFO : EventManager : Event: ======'init_phase_3'====== Args={}
2024-07-17 12:36:41,072 : INFO : EventManager : Event: ======'init_phase_4'====== Args={}
2024-07-17 12:36:41,073 : INFO : BallController : Initial balls found: 6
2024-07-17 12:36:41,073 : INFO : EventManager : Event: ======'machine_var_audits_events_game_ended'====== Args={'value': 4, 'prev_value': None, 'change': True}
2024-07-17 12:36:41,073 : INFO : EventManager : Event: ======'machine_var_audits_events_game_started'====== Args={'value': 426, 'prev_value': None, 'change': True}
2024-07-17 12:36:41,073 : INFO : EventManager : Event: ======'machine_var_audits_missing_switches_s_a_target'====== Args={'value': 5, 'prev_value': None, 'change': True}
2024-07-17 12:36:41,073 : INFO : EventManager : Event: ======'machine_var_audits_missing_switches_s_bottom_inline_drop'====== Args={'value': 9, 'prev_value': None, 'change': True}
2024-07-17 12:36:41,073 : INFO : EventManager : Event: ======'machine_var_audits_missing_switches_s_bottom_pop_bumper'====== Args={'value': 108, 'prev_value': None, 'change': True}
2024-07-17 12:36:41,074 : INFO : EventManager : Event: ======'machine_var_audits_missing_switches_s_center_spinner'====== Args={'value': 173, 'prev_value': None, 'change': True}
2024-07-17 12:36:41,074 : INFO : EventManager : Event: ======'machine_var_audits_missing_switches_s_e_target'====== Args={'value': 2, 'prev_value': None, 'change': True}
2024-07-17 12:36:41,074 : INFO : EventManager : Event: ======'machine_var_audits_missing_switches_s_left_flipper'====== Args={'value': 5, 'prev_value': None, 'change': True}
2024-07-17 12:36:41,074 : INFO : EventManager : Event: ======'machine_var_audits_missing_switches_s_left_inlane'====== Args={'value': 60, 'prev_value': None, 'change': True}
2024-07-17 12:36:41,074 : INFO : EventManager : Event: ======'machine_var_audits_missing_switches_s_left_inner_horseshoe'====== Args={'value': 60, 'prev_value': None, 'change': True}
2024-07-17 12:36:41,074 : INFO : EventManager : Event: ======'machine_var_audits_missing_switches_s_left_orbit_enter'====== Args={'value': 31, 'prev_value': None, 'change': True}
2024-07-17 12:36:41,074 : INFO : EventManager : Event: ======'machine_var_audits_missing_switches_s_left_orbit_exit'====== Args={'value': 182, 'prev_value': None, 'change': True}
2024-07-17 12:36:41,074 : INFO : EventManager : Event: ======'machine_var_audits_missing_switches_s_left_outlane'====== Args={'value': 62, 'prev_value': None, 'change': True}
2024-07-17 12:36:41,074 : INFO : EventManager : Event: ======'machine_var_audits_missing_switches_s_left_pop_bumper'====== Args={'value': 60, 'prev_value': None, 'change': True}
2024-07-17 12:36:41,074 : INFO : EventManager : Event: ======'machine_var_audits_missing_switches_s_left_ramp_enter'====== Args={'value': 18, 'prev_value': None, 'change': True}
2024-07-17 12:36:41,074 : INFO : EventManager : Event: ======'machine_var_audits_missing_switches_s_left_ramp_exit'====== Args={'value': 304, 'prev_value': None, 'change': True}
2024-07-17 12:36:41,074 : INFO : EventManager : Event: ======'machine_var_audits_missing_switches_s_left_ramp_standup'====== Args={'value': 41, 'prev_value': None, 'change': True}
2024-07-17 12:36:41,074 : INFO : EventManager : Event: ======'machine_var_audits_missing_switches_s_left_rollover_lane'====== Args={'value': 41, 'prev_value': None, 'change': True}
2024-07-17 12:36:41,074 : INFO : EventManager : Event: ======'machine_var_audits_missing_switches_s_left_sling'====== Args={'value': 76, 'prev_value': None, 'change': True}
2024-07-17 12:36:41,074 : INFO : EventManager : Event: ======'machine_var_audits_missing_switches_s_left_spinner'====== Args={'value': 4, 'prev_value': None, 'change': True}
2024-07-17 12:36:41,075 : INFO : EventManager : Event: ======'machine_var_audits_missing_switches_s_middle_inline_drop'====== Args={'value': 9, 'prev_value': None, 'change': True}
2024-07-17 12:36:41,075 : INFO : EventManager : Event: ======'machine_var_audits_missing_switches_s_middle_rollover_lane'====== Args={'value': 41, 'prev_value': None, 'change': True}
2024-07-17 12:36:41,075 : INFO : EventManager : Event: ======'machine_var_audits_missing_switches_s_o_target'====== Args={'value': 2, 'prev_value': None, 'change': True}
2024-07-17 12:36:41,075 : INFO : EventManager : Event: ======'machine_var_audits_missing_switches_s_p2_target'====== Args={'value': 3, 'prev_value': None, 'change': True}
2024-07-17 12:36:41,075 : INFO : EventManager : Event: ======'machine_var_audits_missing_switches_s_p_target'====== Args={'value': 2, 'prev_value': None, 'change': True}
2024-07-17 12:36:41,075 : INFO : EventManager : Event: ======'machine_var_audits_missing_switches_s_r_target'====== Args={'value': 2, 'prev_value': None, 'change': True}
2024-07-17 12:36:41,075 : INFO : EventManager : Event: ======'machine_var_audits_missing_switches_s_right_inlane'====== Args={'value': 377, 'prev_value': None, 'change': True}
2024-07-17 12:36:41,075 : INFO : EventManager : Event: ======'machine_var_audits_missing_switches_s_right_inner_horseshoe'====== Args={'value': 67, 'prev_value': None, 'change': True}
2024-07-17 12:36:41,075 : INFO : EventManager : Event: ======'machine_var_audits_missing_switches_s_right_orbit_exit'====== Args={'value': 169, 'prev_value': None, 'change': True}
2024-07-17 12:36:41,075 : INFO : EventManager : Event: ======'machine_var_audits_missing_switches_s_right_outlane'====== Args={'value': 74, 'prev_value': None, 'change': True}
2024-07-17 12:36:41,075 : INFO : EventManager : Event: ======'machine_var_audits_missing_switches_s_right_pop_bumper'====== Args={'value': 87, 'prev_value': None, 'change': True}
2024-07-17 12:36:41,075 : INFO : EventManager : Event: ======'machine_var_audits_missing_switches_s_right_ramp_enter'====== Args={'value': 131, 'prev_value': None, 'change': True}
2024-07-17 12:36:41,076 : INFO : EventManager : Event: ======'machine_var_audits_missing_switches_s_right_ramp_exit'====== Args={'value': 131, 'prev_value': None, 'change': True}
2024-07-17 12:36:41,076 : INFO : EventManager : Event: ======'machine_var_audits_missing_switches_s_right_ramp_standup'====== Args={'value': 44, 'prev_value': None, 'change': True}
2024-07-17 12:36:41,076 : INFO : EventManager : Event: ======'machine_var_audits_missing_switches_s_right_rollover_lane'====== Args={'value': 41, 'prev_value': None, 'change': True}
2024-07-17 12:36:41,076 : INFO : EventManager : Event: ======'machine_var_audits_missing_switches_s_right_sling'====== Args={'value': 377, 'prev_value': None, 'change': True}
2024-07-17 12:36:41,076 : INFO : EventManager : Event: ======'machine_var_audits_missing_switches_s_start'====== Args={'value': 2, 'prev_value': None, 'change': True}
2024-07-17 12:36:41,076 : INFO : EventManager : Event: ======'machine_var_audits_missing_switches_s_top_inline_drop'====== Args={'value': 60, 'prev_value': None, 'change': True}
2024-07-17 12:36:41,076 : INFO : EventManager : Event: ======'machine_var_audits_missing_switches_s_trough1'====== Args={'value': 44, 'prev_value': None, 'change': True}
2024-07-17 12:36:41,076 : INFO : EventManager : Event: ======'machine_var_audits_missing_switches_s_trough2'====== Args={'value': 53, 'prev_value': None, 'change': True}
2024-07-17 12:36:41,076 : INFO : EventManager : Event: ======'machine_var_audits_missing_switches_s_trough3'====== Args={'value': 53, 'prev_value': None, 'change': True}
2024-07-17 12:36:41,076 : INFO : EventManager : Event: ======'machine_var_audits_missing_switches_s_trough4'====== Args={'value': 381, 'prev_value': None, 'change': True}
2024-07-17 12:36:41,076 : INFO : EventManager : Event: ======'machine_var_audits_missing_switches_s_trough5'====== Args={'value': 381, 'prev_value': None, 'change': True}
2024-07-17 12:36:41,077 : INFO : EventManager : Event: ======'machine_var_audits_missing_switches_s_trough6'====== Args={'value': 381, 'prev_value': None, 'change': True}
2024-07-17 12:36:41,077 : INFO : EventManager : Event: ======'machine_var_audits_missing_switches_s_trough_jam'====== Args={'value': 314, 'prev_value': None, 'change': True}
2024-07-17 12:36:41,077 : INFO : EventManager : Event: ======'machine_var_audits_player_score'====== Args={'value': {'average': 109379, 'top': [370600, 175300, 400, 300, 250], 'total': 5}, 'prev_value': None, 'change': True}
2024-07-17 12:36:41,077 : INFO : EventManager : Event: ======'machine_var_audits_shots_a_target'====== Args={'value': 7, 'prev_value': None, 'change': True}
2024-07-17 12:36:41,077 : INFO : EventManager : Event: ======'machine_var_audits_shots_e_target'====== Args={'value': 3, 'prev_value': None, 'change': True}
2024-07-17 12:36:41,077 : INFO : EventManager : Event: ======'machine_var_audits_shots_left_rollover_lane'====== Args={'value': 157, 'prev_value': None, 'change': True}
2024-07-17 12:36:41,077 : INFO : EventManager : Event: ======'machine_var_audits_shots_middle_rollover_lane'====== Args={'value': 152, 'prev_value': None, 'change': True}
2024-07-17 12:36:41,077 : INFO : EventManager : Event: ======'machine_var_audits_shots_n_target'====== Args={'value': 9, 'prev_value': None, 'change': True}
2024-07-17 12:36:41,077 : INFO : EventManager : Event: ======'machine_var_audits_shots_o_target'====== Args={'value': 4, 'prev_value': None, 'change': True}
2024-07-17 12:36:41,078 : INFO : EventManager : Event: ======'machine_var_audits_shots_p2_target'====== Args={'value': 5, 'prev_value': None, 'change': True}
2024-07-17 12:36:41,078 : INFO : EventManager : Event: ======'machine_var_audits_shots_p_target'====== Args={'value': 8, 'prev_value': None, 'change': True}
2024-07-17 12:36:41,078 : INFO : EventManager : Event: ======'machine_var_audits_shots_qualify_o_target'====== Args={'value': 64, 'prev_value': None, 'change': True}
2024-07-17 12:36:41,078 : INFO : EventManager : Event: ======'machine_var_audits_shots_qualify_p_target'====== Args={'value': 67, 'prev_value': None, 'change': True}
2024-07-17 12:36:41,078 : INFO : EventManager : Event: ======'machine_var_audits_shots_qualify_r_target'====== Args={'value': 88, 'prev_value': None, 'change': True}
2024-07-17 12:36:41,078 : INFO : EventManager : Event: ======'machine_var_audits_shots_r_target'====== Args={'value': 14, 'prev_value': None, 'change': True}
2024-07-17 12:36:41,078 : INFO : EventManager : Event: ======'machine_var_audits_shots_right_rollover_lane'====== Args={'value': 155, 'prev_value': None, 'change': True}
2024-07-17 12:36:41,078 : INFO : EventManager : Event: ======'machine_var_audits_shots_skillshot_a_target'====== Args={'value': 48, 'prev_value': None, 'change': True}
2024-07-17 12:36:41,078 : INFO : EventManager : Event: ======'machine_var_audits_shots_skillshot_e_target'====== Args={'value': 42, 'prev_value': None, 'change': True}
2024-07-17 12:36:41,079 : INFO : EventManager : Event: ======'machine_var_audits_shots_skillshot_n_target'====== Args={'value': 34, 'prev_value': None, 'change': True}
2024-07-17 12:36:41,079 : INFO : EventManager : Event: ======'machine_var_audits_shots_skillshot_o_target'====== Args={'value': 17, 'prev_value': None, 'change': True}
2024-07-17 12:36:41,079 : INFO : EventManager : Event: ======'machine_var_audits_shots_skillshot_p2_target'====== Args={'value': 11, 'prev_value': None, 'change': True}
2024-07-17 12:36:41,079 : INFO : EventManager : Event: ======'machine_var_audits_shots_skillshot_p_target'====== Args={'value': 25, 'prev_value': None, 'change': True}
2024-07-17 12:36:41,079 : INFO : EventManager : Event: ======'machine_var_audits_shots_skillshot_r_target'====== Args={'value': 15, 'prev_value': None, 'change': True}
2024-07-17 12:36:41,079 : INFO : EventManager : Event: ======'machine_var_audits_switches_s_a_target'====== Args={'value': 95, 'prev_value': None, 'change': True}
2024-07-17 12:36:41,079 : INFO : EventManager : Event: ======'machine_var_audits_switches_s_bottom_inline_drop'====== Args={'value': 352, 'prev_value': None, 'change': True}
2024-07-17 12:36:41,080 : INFO : EventManager : Event: ======'machine_var_audits_switches_s_bottom_pop_bumper'====== Args={'value': 9, 'prev_value': None, 'change': True}
2024-07-17 12:36:41,080 : INFO : EventManager : Event: ======'machine_var_audits_switches_s_center_spinner'====== Args={'value': 3, 'prev_value': None, 'change': True}
2024-07-17 12:36:41,080 : INFO : EventManager : Event: ======'machine_var_audits_switches_s_e_target'====== Args={'value': 106, 'prev_value': None, 'change': True}
2024-07-17 12:36:41,080 : INFO : EventManager : Event: ======'machine_var_audits_switches_s_left_flipper'====== Args={'value': 197, 'prev_value': None, 'change': True}
2024-07-17 12:36:41,080 : INFO : EventManager : Event: ======'machine_var_audits_switches_s_left_inlane'====== Args={'value': 10, 'prev_value': None, 'change': True}
2024-07-17 12:36:41,080 : INFO : EventManager : Event: ======'machine_var_audits_switches_s_left_inner_horseshoe'====== Args={'value': 15, 'prev_value': None, 'change': True}
2024-07-17 12:36:41,080 : INFO : EventManager : Event: ======'machine_var_audits_switches_s_left_orbit_enter'====== Args={'value': 21, 'prev_value': None, 'change': True}
2024-07-17 12:36:41,081 : INFO : EventManager : Event: ======'machine_var_audits_switches_s_left_orbit_exit'====== Args={'value': 13, 'prev_value': None, 'change': True}
2024-07-17 12:36:41,081 : INFO : EventManager : Event: ======'machine_var_audits_switches_s_left_outlane'====== Args={'value': 25, 'prev_value': None, 'change': True}
2024-07-17 12:36:41,081 : INFO : EventManager : Event: ======'machine_var_audits_switches_s_left_pop_bumper'====== Args={'value': 4, 'prev_value': None, 'change': True}
2024-07-17 12:36:41,081 : INFO : EventManager : Event: ======'machine_var_audits_switches_s_left_ramp_enter'====== Args={'value': 18, 'prev_value': None, 'change': True}
2024-07-17 12:36:41,081 : INFO : EventManager : Event: ======'machine_var_audits_switches_s_left_ramp_exit'====== Args={'value': 3, 'prev_value': None, 'change': True}
2024-07-17 12:36:41,081 : INFO : EventManager : Event: ======'machine_var_audits_switches_s_left_ramp_standup'====== Args={'value': 633, 'prev_value': None, 'change': True}
2024-07-17 12:36:41,081 : INFO : EventManager : Event: ======'machine_var_audits_switches_s_left_rollover_lane'====== Args={'value': 162, 'prev_value': None, 'change': True}
2024-07-17 12:36:41,081 : INFO : EventManager : Event: ======'machine_var_audits_switches_s_left_sling'====== Args={'value': 12, 'prev_value': None, 'change': True}
2024-07-17 12:36:41,082 : INFO : EventManager : Event: ======'machine_var_audits_switches_s_left_spinner'====== Args={'value': 106, 'prev_value': None, 'change': True}
2024-07-17 12:36:41,082 : INFO : EventManager : Event: ======'machine_var_audits_switches_s_middle_inline_drop'====== Args={'value': 342, 'prev_value': None, 'change': True}
2024-07-17 12:36:41,082 : INFO : EventManager : Event: ======'machine_var_audits_switches_s_middle_rollover_lane'====== Args={'value': 155, 'prev_value': None, 'change': True}
2024-07-17 12:36:41,082 : INFO : EventManager : Event: ======'machine_var_audits_switches_s_n_target'====== Args={'value': 93, 'prev_value': None, 'change': True}
2024-07-17 12:36:41,082 : INFO : EventManager : Event: ======'machine_var_audits_switches_s_o_target'====== Args={'value': 111, 'prev_value': None, 'change': True}
2024-07-17 12:36:41,082 : INFO : EventManager : Event: ======'machine_var_audits_switches_s_p2_target'====== Args={'value': 36, 'prev_value': None, 'change': True}
2024-07-17 12:36:41,082 : INFO : EventManager : Event: ======'machine_var_audits_switches_s_p_target'====== Args={'value': 288, 'prev_value': None, 'change': True}
2024-07-17 12:36:41,083 : INFO : EventManager : Event: ======'machine_var_audits_switches_s_plunger'====== Args={'value': 512, 'prev_value': None, 'change': True}
2024-07-17 12:36:41,083 : INFO : EventManager : Event: ======'machine_var_audits_switches_s_plunger_lane'====== Args={'value': 39, 'prev_value': None, 'change': True}
2024-07-17 12:36:41,083 : INFO : EventManager : Event: ======'machine_var_audits_switches_s_plunger_lane_exit'====== Args={'value': 309, 'prev_value': None, 'change': True}
2024-07-17 12:36:41,083 : INFO : EventManager : Event: ======'machine_var_audits_switches_s_r_target'====== Args={'value': 128, 'prev_value': None, 'change': True}
2024-07-17 12:36:41,083 : INFO : EventManager : Event: ======'machine_var_audits_switches_s_right_flipper'====== Args={'value': 465, 'prev_value': None, 'change': True}
2024-07-17 12:36:41,083 : INFO : EventManager : Event: ======'machine_var_audits_switches_s_right_inlane'====== Args={'value': 9, 'prev_value': None, 'change': True}
2024-07-17 12:36:41,084 : INFO : EventManager : Event: ======'machine_var_audits_switches_s_right_inner_horseshoe'====== Args={'value': 8, 'prev_value': None, 'change': True}
2024-07-17 12:36:41,084 : INFO : EventManager : Event: ======'machine_var_audits_switches_s_right_orbit_exit'====== Args={'value': 33, 'prev_value': None, 'change': True}
2024-07-17 12:36:41,084 : INFO : EventManager : Event: ======'machine_var_audits_switches_s_right_outlane'====== Args={'value': 8, 'prev_value': None, 'change': True}
2024-07-17 12:36:41,084 : INFO : EventManager : Event: ======'machine_var_audits_switches_s_right_pop_bumper'====== Args={'value': 16, 'prev_value': None, 'change': True}
2024-07-17 12:36:41,084 : INFO : EventManager : Event: ======'machine_var_audits_switches_s_right_ramp_enter'====== Args={'value': 1, 'prev_value': None, 'change': True}
2024-07-17 12:36:41,084 : INFO : EventManager : Event: ======'machine_var_audits_switches_s_right_ramp_exit'====== Args={'value': 1, 'prev_value': None, 'change': True}
2024-07-17 12:36:41,085 : INFO : EventManager : Event: ======'machine_var_audits_switches_s_right_ramp_standup'====== Args={'value': 184, 'prev_value': None, 'change': True}
2024-07-17 12:36:41,085 : INFO : EventManager : Event: ======'machine_var_audits_switches_s_right_rollover_lane'====== Args={'value': 169, 'prev_value': None, 'change': True}
2024-07-17 12:36:41,085 : INFO : EventManager : Event: ======'machine_var_audits_switches_s_right_sling'====== Args={'value': 1, 'prev_value': None, 'change': True}
2024-07-17 12:36:41,085 : INFO : EventManager : Event: ======'machine_var_audits_switches_s_scoop'====== Args={'value': 90, 'prev_value': None, 'change': True}
2024-07-17 12:36:41,085 : INFO : EventManager : Event: ======'machine_var_audits_switches_s_start'====== Args={'value': 297, 'prev_value': None, 'change': True}
2024-07-17 12:36:41,086 : INFO : EventManager : Event: ======'machine_var_audits_switches_s_top_inline_drop'====== Args={'value': 36, 'prev_value': None, 'change': True}
2024-07-17 12:36:41,086 : INFO : EventManager : Event: ======'machine_var_audits_switches_s_trough1'====== Args={'value': 324, 'prev_value': None, 'change': True}
2024-07-17 12:36:41,086 : INFO : EventManager : Event: ======'machine_var_audits_switches_s_trough2'====== Args={'value': 25, 'prev_value': None, 'change': True}
2024-07-17 12:36:41,086 : INFO : EventManager : Event: ======'machine_var_audits_switches_s_trough3'====== Args={'value': 5, 'prev_value': None, 'change': True}
2024-07-17 12:36:41,086 : INFO : EventManager : Event: ======'machine_var_audits_switches_s_trough4'====== Args={'value': 2, 'prev_value': None, 'change': True}
2024-07-17 12:36:41,086 : INFO : EventManager : Event: ======'machine_var_audits_switches_s_trough5'====== Args={'value': 2, 'prev_value': None, 'change': True}
2024-07-17 12:36:41,087 : INFO : EventManager : Event: ======'machine_var_audits_switches_s_trough6'====== Args={'value': 1, 'prev_value': None, 'change': True}
2024-07-17 12:36:41,087 : INFO : EventManager : Event: ======'machine_var_audits_switches_s_trough_jam'====== Args={'value': 5, 'prev_value': None, 'change': True}
2024-07-17 12:36:41,087 : INFO : EventManager : Event: ======'init_phase_5'====== Args={}
2024-07-17 12:36:41,089 : INFO : EventManager : Event: ======'init_done'====== Args={}
2024-07-17 12:36:41,090 : INFO : EventManager : Event: ======'machine_reset_phase_1'====== Args={}
2024-07-17 12:36:41,099 : INFO : EventManager : Event: ======'machine_reset_phase_2'====== Args={}
2024-07-17 12:36:41,099 : INFO : EventManager : Event: ======'machine_reset_phase_3'====== Args={}
2024-07-17 12:36:41,099 : INFO : drop_target_bank.strickland_bank : All targets are already up. Will not reset bank.
2024-07-17 12:36:41,099 : INFO : EventManager : Event: ======'reset_complete'====== Args={}
2024-07-17 12:36:41,099 : INFO : EventManager : Event: ======'mode_attract_will_start'====== Args={}
2024-07-17 12:36:41,099 : INFO : Timer.attract_switch : Starting Timer.
2024-07-17 12:36:41,099 : INFO : EventManager : Event: ======'timer_attract_switch_started'====== Args={'ticks': 0, 'ticks_remaining': 45}
2024-07-17 12:36:41,099 : INFO : EventManager : Event: ======'timer_attract_switch_tick'====== Args={'ticks': 0, 'ticks_remaining': 45}
2024-07-17 12:36:41,100 : INFO : EventManager : Event: ======'mode_attract_starting'====== Args={}
2024-07-17 12:36:41,100 : INFO : Mode.attract : Started. Priority: 10
2024-07-17 12:36:41,100 : INFO : EventManager : Event: ======'modes_active_modes_changed'====== Args={}
2024-07-17 12:36:41,100 : INFO : EventManager : Event: ======'mode_attract_started'====== Args={}
2024-07-17 12:36:41,100 : INFO : EventManager : Event: ======'collecting_balls_complete'====== Args={}
2024-07-17 12:36:41,100 : INFO : Machine : Starting the main run loop.
2024-07-17 12:36:41,952 : INFO : BcpServer : New client connected.
2024-07-17 12:36:42,101 : INFO : EventManager : Event: ======'timer_attract_switch_tick'====== Args={'ticks': 1, 'ticks_remaining': 44}
2024-07-17 12:36:42,122 : INFO : EventManager : Event: ======'slide__removed'====== Args={'_from_bcp': True}
2024-07-17 12:36:42,147 : INFO : EventManager : Event: ======'slide_dtp_logo_attract_created'====== Args={'_from_bcp': True}
2024-07-17 12:36:42,147 : INFO : EventManager : Event: ======'slide_dtp_logo_attract_active'====== Args={'original_context': 'attract', 'original_calling_context': 'timer_attract_switch_tick{ticks==1}', 'cmd': 'slides_play', '_from_bcp': True}
2024-07-17 12:36:43,024 : INFO : SwitchController : <<<<<<< 's_start' active >>>>>>>
2024-07-17 12:36:43,101 : INFO : EventManager : Event: ======'timer_attract_switch_tick'====== Args={'ticks': 2, 'ticks_remaining': 43}
2024-07-17 12:36:43,141 : INFO : SwitchController : <<<<<<< 's_start' inactive >>>>>>>
2024-07-17 12:36:43,141 : INFO : EventManager : Event: ======'request_to_start_game'====== Args={}
2024-07-17 12:36:43,142 : INFO : EventManager : Event: ======'game_start'====== Args={'buttons': [], 'hold_time': 0.11648974999999995}
2024-07-17 12:36:43,142 : INFO : EventManager : Event: ======'mode_game_will_start'====== Args={'buttons': [], 'hold_time': 0.11648974999999995}
2024-07-17 12:36:43,143 : INFO : EventManager : Event: ======'mode_game_starting'====== Args={'buttons': [], 'hold_time': 0.11648974999999995}
2024-07-17 12:36:43,144 : INFO : EventManager : Event: ======'mode_attract_will_stop'====== Args={}
2024-07-17 12:36:43,144 : INFO : EventManager : Event: ======'mode_attract_stopping'====== Args={}
2024-07-17 12:36:43,144 : INFO : Mode.attract : Stopped.
2024-07-17 12:36:43,144 : INFO : EventManager : Event: ======'modes_active_modes_changed'====== Args={}
2024-07-17 12:36:43,146 : INFO : EventManager : Event: ======'mode_attract_stopped'====== Args={}
2024-07-17 12:36:43,146 : INFO : EventManager : Event: ======'clear'====== Args={'key': 'attract'}
2024-07-17 12:36:43,146 : INFO : Timer.attract_switch : Stopping Timer
2024-07-17 12:36:43,147 : INFO : EventManager : Event: ======'timer_attract_switch_stopped'====== Args={'ticks': 2, 'ticks_remaining': 43}
2024-07-17 12:36:43,147 : INFO : Mode.game : Started. Priority: 20
2024-07-17 12:36:43,147 : INFO : EventManager : Event: ======'modes_active_modes_changed'====== Args={}
2024-07-17 12:36:43,147 : INFO : EventManager : Event: ======'mode_game_started'====== Args={'buttons': [], 'hold_time': 0.11648974999999995}
2024-07-17 12:36:43,148 : INFO : EventManager : Event: ======'game_will_start'====== Args={}
2024-07-17 12:36:43,148 : INFO : EventManager : Event: ======'game_starting'====== Args={'game': <Mode.game>}
2024-07-17 12:36:43,149 : INFO : EventManager : Unordered handler for class <Auditor> on event game_ended with priority 1. Handlers: [RegisteredHandler(callback=<bound method Auditor.disable of <Auditor>>, priority=1, kwargs={}, key=UUID('0f3a0be7-d4ad-412e-aac0-1b1633e3aac8'), condition=None, blocking_facility=None), RegisteredHandler(callback=<bound method Auditor._save_audits of <Auditor>>, priority=1, kwargs={}, key=UUID('b6a1c978-880b-4019-8da7-287368f09c46'), condition=None, blocking_facility=None)]. The order of those handlers is not defined and they will be executed in random order. This might lead to race conditions and potential bugs.
2024-07-17 12:36:43,150 : INFO : EventManager : Event: ======'player_add_request'====== Args={}
2024-07-17 12:36:43,150 : INFO : EventManager : Event: ======'player_will_add'====== Args={'number': 1}
2024-07-17 12:36:43,151 : INFO : EventManager : Event: ======'player_adding'====== Args={'player': <Player 1>, 'number': 1}
2024-07-17 12:36:43,151 : INFO : EventManager : Event: ======'player_added'====== Args={'player': <Player 1>, 'num': 1}
2024-07-17 12:36:43,151 : INFO : Mode.game : Player added successfully. Total players: 1
2024-07-17 12:36:43,152 : INFO : EventManager : Event: ======'player_index'====== Args={'value': 0, 'prev_value': 0, 'change': 0, 'player_num': 1}
2024-07-17 12:36:43,152 : INFO : EventManager : Event: ======'player_number'====== Args={'value': 1, 'prev_value': 1, 'change': 0, 'player_num': 1}
2024-07-17 12:36:43,152 : INFO : EventManager : Event: ======'player_score'====== Args={'value': 0, 'prev_value': 0, 'change': 0, 'player_num': 1}
2024-07-17 12:36:43,153 : INFO : EventManager : Event: ======'game_started'====== Args={}
2024-07-17 12:36:43,168 : INFO : EventManager : Event: ======'player_turn_will_start'====== Args={'player': <Player 1>, 'number': 1}
2024-07-17 12:36:43,168 : INFO : EventManager : Event: ======'player_turn_starting'====== Args={'player': <Player 1>, 'number': 1}
2024-07-17 12:36:43,169 : INFO : EventManager : Event: ======'player_ball'====== Args={'value': 1, 'prev_value': 0, 'change': 1, 'player_num': 1}
2024-07-17 12:36:43,169 : INFO : EventManager : Event: ======'player_turn_started'====== Args={'player': <Player 1>, 'number': 1}
2024-07-17 12:36:43,170 : INFO : EventManager : Event: ======'ball_will_start'====== Args={'player': 1, 'ball': 1, 'balls_remaining': 2, 'is_extra_ball': False}
2024-07-17 12:36:43,170 : INFO : EventManager : Event: ======'ball_starting'====== Args={'player': 1, 'ball': 1, 'balls_remaining': 2, 'is_extra_ball': False}
2024-07-17 12:36:43,170 : INFO : EventManager : Event: ======'mode_skillshot_will_start'====== Args={'queue': <QueuedEvent>, 'player': 1, 'ball': 1, 'balls_remaining': 2, 'is_extra_ball': False}
2024-07-17 12:36:43,171 : INFO : EventManager : Event: ======'skillshot_complete'====== Args={'state': 'None'}
2024-07-17 12:36:43,171 : INFO : EventManager : Event: ======'skillshot_None_complete'====== Args={}
2024-07-17 12:36:43,171 : INFO : EventManager : Event: ======'player_shot_skillshot_p_target_enabled'====== Args={'value': True, 'prev_value': 0, 'change': 1, 'player_num': 1}
2024-07-17 12:36:43,172 : INFO : EventManager : Event: ======'player_shot_skillshot_r_target_enabled'====== Args={'value': True, 'prev_value': 0, 'change': 1, 'player_num': 1}
2024-07-17 12:36:43,172 : INFO : EventManager : Event: ======'player_shot_skillshot_o_target_enabled'====== Args={'value': True, 'prev_value': 0, 'change': 1, 'player_num': 1}
2024-07-17 12:36:43,173 : INFO : EventManager : Event: ======'player_shot_skillshot_p2_target_enabled'====== Args={'value': True, 'prev_value': 0, 'change': 1, 'player_num': 1}
2024-07-17 12:36:43,173 : INFO : EventManager : Event: ======'player_shot_skillshot_a_target_enabled'====== Args={'value': True, 'prev_value': 0, 'change': 1, 'player_num': 1}
2024-07-17 12:36:43,173 : INFO : EventManager : Event: ======'player_shot_skillshot_n_target_enabled'====== Args={'value': True, 'prev_value': 0, 'change': 1, 'player_num': 1}
2024-07-17 12:36:43,174 : INFO : EventManager : Event: ======'player_shot_skillshot_e_target_enabled'====== Args={'value': True, 'prev_value': 0, 'change': 1, 'player_num': 1}
2024-07-17 12:36:43,174 : INFO : EventManager : Event: ======'player_skillshot_skillshot_rotate_tick'====== Args={'value': 0, 'prev_value': 0, 'change': 0, 'player_num': 1}
2024-07-17 12:36:43,174 : INFO : Timer.skillshot_rotate : Starting Timer.
2024-07-17 12:36:43,174 : INFO : EventManager : Event: ======'timer_skillshot_rotate_started'====== Args={'ticks': 0, 'ticks_remaining': 0}
2024-07-17 12:36:43,175 : INFO : EventManager : Event: ======'timer_skillshot_rotate_tick'====== Args={'ticks': 0, 'ticks_remaining': 0}
2024-07-17 12:36:43,176 : INFO : EventManager : Event: ======'mode_skillshot_starting'====== Args={'queue': <QueuedEvent>, 'player': 1, 'ball': 1, 'balls_remaining': 2, 'is_extra_ball': False}
2024-07-17 12:36:43,176 : INFO : drop_target_bank.strickland_bank : All targets are already up. Will not reset bank.
2024-07-17 12:36:43,176 : INFO : EventManager : Event: ======'cmd_flippers_enable'====== Args={'priority': 0}
2024-07-17 12:36:43,176 : INFO : EventManager : Event: ======'cmd_autofire_coils_enable'====== Args={'priority': 0}
2024-07-17 12:36:43,176 : INFO : EventManager : Event: ======'cmd_drop_targets_reset'====== Args={'priority': 0}
2024-07-17 12:36:43,177 : INFO : Mode.skillshot : Started. Priority: 200
2024-07-17 12:36:43,177 : INFO : EventManager : Event: ======'modes_active_modes_changed'====== Args={}
2024-07-17 12:36:43,177 : INFO : EventManager : Event: ======'mode_skillshot_started'====== Args={'queue': <QueuedEvent>, 'player': 1, 'ball': 1, 'balls_remaining': 2, 'is_extra_ball': False}
2024-07-17 12:36:43,177 : INFO : EventManager : Event: ======'player_shot_skillshot_p_target'====== Args={'value': 1, 'prev_value': 0, 'change': 1, 'player_num': 1}
2024-07-17 12:36:43,178 : INFO : EventManager : Event: ======'balls_in_play'====== Args={'balls': 1}
2024-07-17 12:36:43,178 : INFO : EventManager : Event: ======'ball_started'====== Args={'player': 1, 'ball': 1, 'balls_remaining': 2, 'is_extra_ball': False}
2024-07-17 12:36:43,178 : INFO : EventManager : Event: ======'mode_BBQ_rollover_will_start'====== Args={'player': 1, 'ball': 1, 'balls_remaining': 2, 'is_extra_ball': False}
2024-07-17 12:36:43,178 : INFO : EventManager : Event: ======'player_shot_left_rollover_lane_enabled'====== Args={'value': True, 'prev_value': 0, 'change': 1, 'player_num': 1}
2024-07-17 12:36:43,179 : INFO : EventManager : Event: ======'player_shot_middle_rollover_lane_enabled'====== Args={'value': True, 'prev_value': 0, 'change': 1, 'player_num': 1}
2024-07-17 12:36:43,180 : INFO : EventManager : Event: ======'player_shot_right_rollover_lane_enabled'====== Args={'value': True, 'prev_value': 0, 'change': 1, 'player_num': 1}
2024-07-17 12:36:43,180 : INFO : EventManager : Event: ======'BBQ_lanes_complete'====== Args={'state': 'unlit'}
2024-07-17 12:36:43,181 : INFO : EventManager : Event: ======'BBQ_lanes_unlit_complete'====== Args={}
2024-07-17 12:36:43,182 : INFO : EventManager : Event: ======'mode_BBQ_rollover_starting'====== Args={'player': 1, 'ball': 1, 'balls_remaining': 2, 'is_extra_ball': False}
2024-07-17 12:36:43,182 : INFO : EventManager : Event: ======'mode_base_will_start'====== Args={'player': 1, 'ball': 1, 'balls_remaining': 2, 'is_extra_ball': False}
2024-07-17 12:36:43,182 : INFO : EventManager : Event: ======'player_extra_ball_score_one_num_awarded'====== Args={'value': 0, 'prev_value': 0, 'change': 0, 'player_num': 1}
2024-07-17 12:36:43,183 : INFO : EventManager : Event: ======'player_extra_ball_score_two_num_awarded'====== Args={'value': 0, 'prev_value': 0, 'change': 0, 'player_num': 1}
2024-07-17 12:36:43,183 : INFO : EventManager : Event: ======'player_shot_qualify_p_target_enabled'====== Args={'value': True, 'prev_value': 0, 'change': 1, 'player_num': 1}
2024-07-17 12:36:43,183 : INFO : EventManager : Event: ======'player_shot_qualify_r_target_enabled'====== Args={'value': True, 'prev_value': 0, 'change': 1, 'player_num': 1}
2024-07-17 12:36:43,184 : INFO : EventManager : Event: ======'player_shot_qualify_o_target_enabled'====== Args={'value': True, 'prev_value': 0, 'change': 1, 'player_num': 1}
2024-07-17 12:36:43,184 : INFO : EventManager : Event: ======'qualify_mission_complete'====== Args={'state': 'unlit'}
2024-07-17 12:36:43,184 : INFO : EventManager : Event: ======'qualify_mission_unlit_complete'====== Args={}
2024-07-17 12:36:43,186 : INFO : EventManager : Event: ======'mode_base_starting'====== Args={'player': 1, 'ball': 1, 'balls_remaining': 2, 'is_extra_ball': False}
2024-07-17 12:36:43,187 : INFO : Mode.base : Started. Priority: 100
2024-07-17 12:36:43,187 : INFO : EventManager : Event: ======'modes_active_modes_changed'====== Args={}
2024-07-17 12:36:43,187 : INFO : EventManager : Event: ======'mode_base_started'====== Args={'player': 1, 'ball': 1, 'balls_remaining': 2, 'is_extra_ball': False}
2024-07-17 12:36:43,187 : INFO : EventManager : Event: ======'ball_save_default_enabled'====== Args={}
2024-07-17 12:36:43,188 : INFO : EventManager : Event: ======'logicblock_lb_BBQ_complete_count_updated'====== Args={'value': 1, 'enabled': True}
2024-07-17 12:36:43,188 : INFO : EventManager : Event: ======'logicblock_lb_BBQ_complete_count_updated'====== Args={'value': 1, 'enabled': True}
2024-07-17 12:36:43,188 : INFO : Mode.BBQ_rollover : Started. Priority: 200
2024-07-17 12:36:43,188 : INFO : EventManager : Event: ======'modes_active_modes_changed'====== Args={}
2024-07-17 12:36:43,188 : INFO : EventManager : Event: ======'mode_BBQ_rollover_started'====== Args={'player': 1, 'ball': 1, 'balls_remaining': 2, 'is_extra_ball': False}
2024-07-17 12:36:43,188 : INFO : EventManager : Event: ======'player_bonus_multiplier'====== Args={'value': 1, 'prev_value': 0, 'change': 1, 'player_num': 1, 'source': 'BBQ_rollover'}
2024-07-17 12:36:43,188 : INFO : EventManager : Event: ======'single_player_ball_started'====== Args={}
2024-07-17 12:36:43,192 : INFO : EventManager : Event: ======'ball_start_target'====== Args={'target': 'playfield'}
2024-07-17 12:36:43,193 : INFO : ball_device.bd_plunger : Setting up player-controlled eject. Balls: 1, Target: <playfield.playfield>, player_controlled_eject_event: None
2024-07-17 12:36:43,193 : INFO : EventManager : Event: ======'balldevice_balls_available'====== Args={}
2024-07-17 12:36:43,193 : INFO : ball_device.bd_trough : State: waiting_for_target_ready
2024-07-17 12:36:43,193 : INFO : EventManager : Event: ======'balldevice_bd_trough_ball_eject_attempt'====== Args={'balls': 1, 'target': <ball_device.bd_plunger>, 'source': <ball_device.bd_trough>, 'mechanical_eject': True, 'num_attempts': 0}
2024-07-17 12:36:43,194 : INFO : ball_device.bd_plunger : State: waiting_for_ball
2024-07-17 12:36:43,194 : INFO : ball_device.bd_trough : State: ejecting
2024-07-17 12:36:43,194 : INFO : ball_device.bd_trough : Ejecting ball to <ball_device.bd_plunger>
2024-07-17 12:36:43,194 : INFO : EventManager : Event: ======'balldevice_bd_trough_ejecting_ball'====== Args={'balls': 1, 'target': <ball_device.bd_plunger>, 'source': <ball_device.bd_trough>, 'mechanical_eject': True, 'num_attempts': 0}
2024-07-17 12:36:43,194 : INFO : ball_device.bd_trough : Wait for ball to leave device
2024-07-17 12:36:43,194 : INFO : coil.c_trough_eject : Pulsing Driver for 20ms (1.0 pulse_power)
2024-07-17 12:36:43,195 : INFO : SwitchController : <<<<<<< 's_trough1' inactive >>>>>>>
2024-07-17 12:36:43,195 : INFO : ball_device.bd_trough : State: ball_left
2024-07-17 12:36:43,195 : INFO : ball_device.bd_trough : Ball left
2024-07-17 12:36:43,195 : INFO : ball_device.bd_trough : Wait for confirm with timeout 3.0
2024-07-17 12:36:43,213 : INFO : EventManager : Event: ======'slide_skillshot_created'====== Args={'_from_bcp': True}
2024-07-17 12:36:43,213 : INFO : EventManager : Event: ======'slide_dtp_logo_attract_inactive'====== Args={'_from_bcp': True}
2024-07-17 12:36:43,213 : INFO : EventManager : Event: ======'slide_skillshot_active'====== Args={'original_context': 'skillshot', 'original_calling_context': 'mode_skillshot_started', 'queue': '<QueuedEvent>', 'cmd': 'slides_play', '_from_bcp': True}
2024-07-17 12:36:43,213 : INFO : EventManager : Event: ======'slide_dtp_logo_attract_removed'====== Args={'_from_bcp': True}
2024-07-17 12:36:43,225 : INFO : EventManager : Event: ======'slide_base_created'====== Args={'_from_bcp': True}
2024-07-17 12:36:43,295 : INFO : SwitchController : <<<<<<< 's_plunger' active >>>>>>>
2024-07-17 12:36:43,295 : INFO : EventManager : Event: ======'machine_var_audits_switches_s_plunger'====== Args={'value': 513, 'prev_value': 512, 'change': 1}
2024-07-17 12:36:43,796 : INFO : ball_device.bd_plunger : Received ball from <ball_device.bd_trough>
2024-07-17 12:36:43,797 : INFO : EventManager : Event: ======'balldevice_bd_plunger_ball_enter'====== Args={'new_balls': 1, 'unclaimed_balls': 0, 'new_available_balls': 0, 'device': <ball_device.bd_plunger>}
2024-07-17 12:36:43,799 : INFO : EventManager : Event: ======'balldevice_bd_plunger_ball_entered'====== Args={'new_balls': 0, 'device': <ball_device.bd_plunger>}
2024-07-17 12:36:43,800 : INFO : EventManager : Event: ======'balldevice_bd_plunger_ball_count_changed'====== Args={'balls': 1}
2024-07-17 12:36:43,800 : INFO : ball_device.bd_trough : Got eject confirm
2024-07-17 12:36:43,800 : INFO : ball_device.bd_trough : Eject successful
2024-07-17 12:36:43,800 : INFO : EventManager : Event: ======'balldevice_bd_trough_ball_eject_success'====== Args={'balls': 1, 'target': <ball_device.bd_plunger>}
2024-07-17 12:36:43,802 : INFO : EventManager : Event: ======'balldevice_bd_trough_ball_count_changed'====== Args={'balls': 5}
2024-07-17 12:36:43,802 : INFO : ball_device.bd_trough : State: idle
2024-07-17 12:36:43,803 : INFO : ball_device.bd_plunger : State: waiting_for_target_ready
2024-07-17 12:36:43,804 : INFO : EventManager : Event: ======'balldevice_bd_plunger_ball_eject_attempt'====== Args={'balls': 1, 'target': <playfield.playfield>, 'source': <ball_device.bd_plunger>, 'mechanical_eject': True, 'num_attempts': 0}
2024-07-17 12:36:43,808 : INFO : ball_device.bd_plunger : State: ejecting
2024-07-17 12:36:43,809 : INFO : ball_device.bd_plunger : Ejecting ball to <playfield.playfield>
2024-07-17 12:36:43,809 : INFO : EventManager : Event: ======'balldevice_bd_plunger_ejecting_ball'====== Args={'balls': 1, 'target': <playfield.playfield>, 'source': <ball_device.bd_plunger>, 'mechanical_eject': True, 'num_attempts': 0}
2024-07-17 12:36:43,811 : INFO : ball_device.bd_plunger : Wait for ball to leave device
2024-07-17 12:36:44,182 : INFO : EventManager : Event: ======'player_skillshot_skillshot_rotate_tick'====== Args={'value': 1, 'prev_value': 0, 'change': 1, 'player_num': 1}
2024-07-17 12:36:44,185 : INFO : EventManager : Event: ======'timer_skillshot_rotate_tick'====== Args={'ticks': 1, 'ticks_remaining': 0}
2024-07-17 12:36:44,185 : INFO : EventManager : Event: ======'player_shot_skillshot_p_target'====== Args={'value': 0, 'prev_value': 1, 'change': -1, 'player_num': 1}
2024-07-17 12:36:44,187 : INFO : EventManager : Event: ======'player_shot_skillshot_r_target'====== Args={'value': 1, 'prev_value': 0, 'change': 1, 'player_num': 1}
2024-07-17 12:36:45,176 : INFO : EventManager : Event: ======'player_skillshot_skillshot_rotate_tick'====== Args={'value': 2, 'prev_value': 1, 'change': 1, 'player_num': 1}
2024-07-17 12:36:45,178 : INFO : EventManager : Event: ======'timer_skillshot_rotate_tick'====== Args={'ticks': 2, 'ticks_remaining': 0}
2024-07-17 12:36:45,179 : INFO : EventManager : Event: ======'player_shot_skillshot_r_target'====== Args={'value': 0, 'prev_value': 1, 'change': -1, 'player_num': 1}
2024-07-17 12:36:45,180 : INFO : EventManager : Event: ======'player_shot_skillshot_o_target'====== Args={'value': 1, 'prev_value': 0, 'change': 1, 'player_num': 1}
2024-07-17 12:36:46,176 : INFO : EventManager : Event: ======'player_skillshot_skillshot_rotate_tick'====== Args={'value': 3, 'prev_value': 2, 'change': 1, 'player_num': 1}
2024-07-17 12:36:46,177 : INFO : EventManager : Event: ======'timer_skillshot_rotate_tick'====== Args={'ticks': 3, 'ticks_remaining': 0}
2024-07-17 12:36:46,177 : INFO : EventManager : Event: ======'player_shot_skillshot_o_target'====== Args={'value': 0, 'prev_value': 1, 'change': -1, 'player_num': 1}
2024-07-17 12:36:46,179 : INFO : EventManager : Event: ======'player_shot_skillshot_p2_target'====== Args={'value': 1, 'prev_value': 0, 'change': 1, 'player_num': 1}
2024-07-17 12:36:47,175 : INFO : EventManager : Event: ======'player_skillshot_skillshot_rotate_tick'====== Args={'value': 4, 'prev_value': 3, 'change': 1, 'player_num': 1}
2024-07-17 12:36:47,177 : INFO : EventManager : Event: ======'timer_skillshot_rotate_tick'====== Args={'ticks': 4, 'ticks_remaining': 0}
2024-07-17 12:36:47,178 : INFO : EventManager : Event: ======'player_shot_skillshot_p2_target'====== Args={'value': 0, 'prev_value': 1, 'change': -1, 'player_num': 1}
2024-07-17 12:36:47,180 : INFO : EventManager : Event: ======'player_shot_skillshot_a_target'====== Args={'value': 1, 'prev_value': 0, 'change': 1, 'player_num': 1}
2024-07-17 12:36:48,175 : INFO : EventManager : Event: ======'player_skillshot_skillshot_rotate_tick'====== Args={'value': 5, 'prev_value': 4, 'change': 1, 'player_num': 1}
2024-07-17 12:36:48,177 : INFO : EventManager : Event: ======'timer_skillshot_rotate_tick'====== Args={'ticks': 5, 'ticks_remaining': 0}
2024-07-17 12:36:48,177 : INFO : EventManager : Event: ======'player_shot_skillshot_a_target'====== Args={'value': 0, 'prev_value': 1, 'change': -1, 'player_num': 1}
2024-07-17 12:36:48,179 : INFO : EventManager : Event: ======'player_shot_skillshot_n_target'====== Args={'value': 1, 'prev_value': 0, 'change': 1, 'player_num': 1}
2024-07-17 12:36:49,174 : INFO : EventManager : Event: ======'player_skillshot_skillshot_rotate_tick'====== Args={'value': 6, 'prev_value': 5, 'change': 1, 'player_num': 1}
2024-07-17 12:36:49,175 : INFO : EventManager : Event: ======'timer_skillshot_rotate_tick'====== Args={'ticks': 6, 'ticks_remaining': 0}
2024-07-17 12:36:49,176 : INFO : EventManager : Event: ======'player_shot_skillshot_n_target'====== Args={'value': 0, 'prev_value': 1, 'change': -1, 'player_num': 1}
2024-07-17 12:36:49,177 : INFO : EventManager : Event: ======'player_shot_skillshot_e_target'====== Args={'value': 1, 'prev_value': 0, 'change': 1, 'player_num': 1}
2024-07-17 12:36:50,175 : INFO : EventManager : Event: ======'player_skillshot_skillshot_rotate_tick'====== Args={'value': 7, 'prev_value': 6, 'change': 1, 'player_num': 1}
2024-07-17 12:36:50,176 : INFO : EventManager : Event: ======'timer_skillshot_rotate_tick'====== Args={'ticks': 7, 'ticks_remaining': 0}
2024-07-17 12:36:50,177 : INFO : EventManager : Event: ======'player_shot_skillshot_p_target'====== Args={'value': 1, 'prev_value': 0, 'change': 1, 'player_num': 1}
2024-07-17 12:36:50,178 : INFO : EventManager : Event: ======'player_shot_skillshot_e_target'====== Args={'value': 0, 'prev_value': 1, 'change': -1, 'player_num': 1}
2024-07-17 12:36:51,167 : INFO : Machine : Shutting down...
2024-07-17 12:36:51,168 : INFO : EventManager : Event: ======'shutdown'====== Args={}
2024-07-17 12:36:51,179 : INFO : EventManager : Event: ======'player_skillshot_skillshot_rotate_tick'====== Args={'value': 8, 'prev_value': 7, 'change': 1, 'player_num': 1}
2024-07-17 12:36:51,179 : INFO : EventManager : Event: ======'timer_skillshot_rotate_tick'====== Args={'ticks': 8, 'ticks_remaining': 0}
2024-07-17 12:36:51,179 : INFO : EventManager : Event: ======'mode_game_will_stop'====== Args={}
2024-07-17 12:36:51,179 : INFO : EventManager : Event: ======'mode_game_stopping'====== Args={}
2024-07-17 12:36:51,179 : INFO : EventManager : Event: ======'player_shot_skillshot_p_target'====== Args={'value': 0, 'prev_value': 1, 'change': -1, 'player_num': 1}
2024-07-17 12:36:51,180 : INFO : EventManager : Event: ======'player_shot_skillshot_r_target'====== Args={'value': 1, 'prev_value': 0, 'change': 1, 'player_num': 1}
2024-07-17 12:36:51,180 : INFO : EventManager : Event: ======'mode_BBQ_rollover_will_stop'====== Args={}
2024-07-17 12:36:51,180 : INFO : EventManager : Event: ======'mode_BBQ_rollover_stopping'====== Args={}
2024-07-17 12:36:51,181 : INFO : EventManager : Event: ======'mode_base_will_stop'====== Args={}
2024-07-17 12:36:51,181 : INFO : EventManager : Event: ======'mode_base_stopping'====== Args={}
2024-07-17 12:36:51,181 : INFO : EventManager : Event: ======'mode_skillshot_will_stop'====== Args={}
2024-07-17 12:36:51,181 : INFO : EventManager : Event: ======'mode_skillshot_stopping'====== Args={}
2024-07-17 12:36:51,181 : INFO : Mode.skillshot : Stopped.
2024-07-17 12:36:51,181 : INFO : EventManager : Event: ======'modes_active_modes_changed'====== Args={}
2024-07-17 12:36:51,181 : INFO : EventManager : Event: ======'mode_skillshot_stopped'====== Args={}
2024-07-17 12:36:51,181 : INFO : EventManager : Event: ======'clear'====== Args={'key': 'skillshot'}
2024-07-17 12:36:51,182 : INFO : Timer.skillshot_rotate : Stopping Timer
2024-07-17 12:36:51,182 : INFO : EventManager : Event: ======'timer_skillshot_rotate_stopped'====== Args={'ticks': 8, 'ticks_remaining': 0}
2024-07-17 12:36:51,183 : INFO : Mode.base : Stopped.
2024-07-17 12:36:51,183 : INFO : EventManager : Event: ======'modes_active_modes_changed'====== Args={}
2024-07-17 12:36:51,183 : INFO : EventManager : Event: ======'mode_base_stopped'====== Args={}
2024-07-17 12:36:51,183 : INFO : EventManager : Event: ======'clear'====== Args={'key': 'base'}
2024-07-17 12:36:51,183 : INFO : EventManager : Event: ======'ball_save_default_disabled'====== Args={}
2024-07-17 12:36:51,184 : INFO : Mode.BBQ_rollover : Stopped.
2024-07-17 12:36:51,184 : INFO : EventManager : Event: ======'modes_active_modes_changed'====== Args={}
2024-07-17 12:36:51,184 : INFO : EventManager : Event: ======'mode_BBQ_rollover_stopped'====== Args={}
2024-07-17 12:36:51,184 : INFO : EventManager : Event: ======'clear'====== Args={'key': 'BBQ_rollover'}
2024-07-17 12:36:51,185 : INFO : Mode.game : Stopped.
2024-07-17 12:36:51,185 : INFO : EventManager : Event: ======'modes_active_modes_changed'====== Args={}
2024-07-17 12:36:51,185 : INFO : EventManager : Event: ======'mode_game_stopped'====== Args={}
2024-07-17 12:36:51,185 : INFO : EventManager : Event: ======'clear'====== Args={'key': 'game'}
2024-07-17 12:36:51,188 : INFO : root : MPF run loop ended.
