2024-08-21 00:09:15,009 : INFO : root : Loading config.
2024-08-21 00:09:15,011 : INFO : YamlMultifileConfigLoader : Machine config file #1: config.yaml
2024-08-21 00:09:15,012 : INFO : ConfigProcessor : Loading config from cache: /var/folders/sv/d29kcl5x50v7vt1n6xb5jsd40000gn/T/c166cef8060ffee16a35821bf698da85.mpf_cache
2024-08-21 00:09:15,040 : INFO : ConfigProcessor : Loading config from cache: /var/folders/sv/d29kcl5x50v7vt1n6xb5jsd40000gn/T/6b31c5ac6ecbad948994a8204ea6b05b.mpf_cache
2024-08-21 00:09:15,040 : INFO : ConfigProcessor : Loading config from cache: /var/folders/sv/d29kcl5x50v7vt1n6xb5jsd40000gn/T/fe612d1e66c8a96c19ba449d3748eeac.mpf_cache
2024-08-21 00:09:15,041 : INFO : ConfigProcessor : Loading config from cache: /var/folders/sv/d29kcl5x50v7vt1n6xb5jsd40000gn/T/6b31c5ac6ecbad948994a8204ea6b05b.mpf_cache
2024-08-21 00:09:15,041 : INFO : ConfigProcessor : Loading config from cache: /var/folders/sv/d29kcl5x50v7vt1n6xb5jsd40000gn/T/8765227693ecd961e0504502a81255e0.mpf_cache
2024-08-21 00:09:15,041 : INFO : ConfigProcessor : Loading config from cache: /var/folders/sv/d29kcl5x50v7vt1n6xb5jsd40000gn/T/b247728c74b4d81bcb2825e2b07062a7.mpf_cache
2024-08-21 00:09:15,041 : INFO : ConfigProcessor : Loading config from cache: /var/folders/sv/d29kcl5x50v7vt1n6xb5jsd40000gn/T/f240f94f0b5d0f37ec4fd7571275a101.mpf_cache
2024-08-21 00:09:15,041 : INFO : ConfigProcessor : Loading config from cache: /var/folders/sv/d29kcl5x50v7vt1n6xb5jsd40000gn/T/c4409acfdf3ec94666e0adef48d55400.mpf_cache
2024-08-21 00:09:15,042 : INFO : ConfigProcessor : Loading config from cache: /var/folders/sv/d29kcl5x50v7vt1n6xb5jsd40000gn/T/6a2f50ed892485825cc04dc0a68eab9f.mpf_cache
2024-08-21 00:09:15,042 : INFO : ConfigProcessor : Loading config from cache: /var/folders/sv/d29kcl5x50v7vt1n6xb5jsd40000gn/T/d58c58eb9fd1a2dc27f8acd255fb3761.mpf_cache
2024-08-21 00:09:15,042 : INFO : ConfigProcessor : Loading config from cache: /var/folders/sv/d29kcl5x50v7vt1n6xb5jsd40000gn/T/07adfd310b3ef0e03c5cbc91527abb6c.mpf_cache
2024-08-21 00:09:15,042 : INFO : ConfigProcessor : Loading config from cache: /var/folders/sv/d29kcl5x50v7vt1n6xb5jsd40000gn/T/12bd5247c3bf989b919364bdb7829769.mpf_cache
2024-08-21 00:09:15,042 : INFO : ConfigProcessor : Loading config from cache: /var/folders/sv/d29kcl5x50v7vt1n6xb5jsd40000gn/T/362e08f51a1a1b7a0809dd52f9c83f83.mpf_cache
2024-08-21 00:09:15,043 : INFO : ConfigProcessor : Loading config from cache: /var/folders/sv/d29kcl5x50v7vt1n6xb5jsd40000gn/T/e45e3bd39557ed8d0881194a7afab8f7.mpf_cache
2024-08-21 00:09:15,043 : INFO : ConfigProcessor : Loading config from cache: /var/folders/sv/d29kcl5x50v7vt1n6xb5jsd40000gn/T/331d8d1a1bc190cae8c13495e1db372f.mpf_cache
2024-08-21 00:09:15,043 : INFO : ConfigProcessor : Loading config from cache: /var/folders/sv/d29kcl5x50v7vt1n6xb5jsd40000gn/T/d17a9ff77386e6f1439d0802ace1de07.mpf_cache
2024-08-21 00:09:15,043 : INFO : ConfigProcessor : Loading config from cache: /var/folders/sv/d29kcl5x50v7vt1n6xb5jsd40000gn/T/280fd64455d0d243a54ab4db98fbccbd.mpf_cache
2024-08-21 00:09:15,044 : INFO : ConfigProcessor : Loading config from cache: /var/folders/sv/d29kcl5x50v7vt1n6xb5jsd40000gn/T/0c0596ed8fbb40b6113901d21bdc0a39.mpf_cache
2024-08-21 00:09:15,044 : INFO : ConfigProcessor : Loading config from cache: /var/folders/sv/d29kcl5x50v7vt1n6xb5jsd40000gn/T/f521a0f834965d73920394ccceaa3c1c.mpf_cache
2024-08-21 00:09:15,044 : INFO : ConfigProcessor : Loading config from cache: /var/folders/sv/d29kcl5x50v7vt1n6xb5jsd40000gn/T/0fedc249e142fba0aaf46d9adc7061fa.mpf_cache
2024-08-21 00:09:15,044 : INFO : ConfigProcessor : Loading config from cache: /var/folders/sv/d29kcl5x50v7vt1n6xb5jsd40000gn/T/c57745b2fe399992c4aedf0209f8acc9.mpf_cache
2024-08-21 00:09:15,044 : INFO : ConfigProcessor : Loading config from cache: /var/folders/sv/d29kcl5x50v7vt1n6xb5jsd40000gn/T/4d7707f845442344c77faa09114dd414.mpf_cache
2024-08-21 00:09:15,045 : INFO : ConfigProcessor : Loading config from cache: /var/folders/sv/d29kcl5x50v7vt1n6xb5jsd40000gn/T/13b622eeb34cc558f4c171e6faf49f20.mpf_cache
2024-08-21 00:09:15,045 : INFO : ConfigProcessor : Loading config from cache: /var/folders/sv/d29kcl5x50v7vt1n6xb5jsd40000gn/T/897ffb6d77163469c302d894201d7081.mpf_cache
2024-08-21 00:09:15,045 : INFO : ConfigProcessor : Loading config from cache: /var/folders/sv/d29kcl5x50v7vt1n6xb5jsd40000gn/T/51caa30b8c50b4dd14ddbf8a263fb4c6.mpf_cache
2024-08-21 00:09:15,045 : INFO : ConfigProcessor : Loading config from cache: /var/folders/sv/d29kcl5x50v7vt1n6xb5jsd40000gn/T/aa4dd12681abd3ba3467de4d4b71c6b2.mpf_cache
2024-08-21 00:09:15,045 : INFO : ConfigProcessor : Loading config from cache: /var/folders/sv/d29kcl5x50v7vt1n6xb5jsd40000gn/T/edf8b775a93855f849af0e2eff0a7bac.mpf_cache
2024-08-21 00:09:15,046 : INFO : ConfigProcessor : Loading config from cache: /var/folders/sv/d29kcl5x50v7vt1n6xb5jsd40000gn/T/3048ed2d7ea14eee3db896f6760aa474.mpf_cache
2024-08-21 00:09:15,046 : INFO : ConfigProcessor : Loading config from cache: /var/folders/sv/d29kcl5x50v7vt1n6xb5jsd40000gn/T/a14a120665a0ee9fd8a6e22274033983.mpf_cache
2024-08-21 00:09:15,046 : INFO : ConfigProcessor : Loading config from cache: /var/folders/sv/d29kcl5x50v7vt1n6xb5jsd40000gn/T/984de704eb69e43ca43e84d7915bfa21.mpf_cache
2024-08-21 00:09:15,047 : INFO : ConfigProcessor : Loading config from cache: /var/folders/sv/d29kcl5x50v7vt1n6xb5jsd40000gn/T/0a9cb7260d26760274024f443d38cc22.mpf_cache
2024-08-21 00:09:15,047 : INFO : ConfigProcessor : Loading config from cache: /var/folders/sv/d29kcl5x50v7vt1n6xb5jsd40000gn/T/deb753c2acdccb3c49ddc8f2a7e04ee6.mpf_cache
2024-08-21 00:09:15,047 : INFO : ConfigProcessor : Loading config from cache: /var/folders/sv/d29kcl5x50v7vt1n6xb5jsd40000gn/T/4a90c06755c4a5beef2ee4c243f54397.mpf_cache
2024-08-21 00:09:15,047 : INFO : Machine : Mission Pinball Framework Core Engine v0.80.0.dev1
2024-08-21 00:09:15,047 : INFO : Machine : Command line arguments: {'no_load_cache': False, 'create_config_cache': True, 'bcp': True, 'configfile': ['config.yaml'], 'force_assets_load': False, 'platform_integration_test': False, 'jsonlogging': False, 'logfile': 'logs/2024-08-21-00-09-15-mpf-Nicks-Air.lan.log', 'pause': False, 'production': False, 'text_ui': True, 'loglevel': 15, 'consoleloglevel': 20, 'force_platform': None, 'syslog_address': None, 'mc_file_name': None, 'no_sound': False, 'full_logfile_path': '/Users/nicktaseris/Desktop/Pinball/KOTH/logs/2024-08-21-00-09-15-mpf-Nicks-Air.lan.log'}
2024-08-21 00:09:15,047 : INFO : Machine : MPF path: /Users/nicktaseris/mpfenv/lib/python3.9/site-packages/mpf
2024-08-21 00:09:15,047 : INFO : Machine : Machine path: /Users/nicktaseris/Desktop/Pinball/KOTH
2024-08-21 00:09:15,047 : INFO : Machine : Platform: darwin
2024-08-21 00:09:15,047 : INFO : Machine : Python executable location: /Users/nicktaseris/mpfenv/bin/python3
2024-08-21 00:09:15,047 : INFO : Machine : Python version: 3.9.13 (64-bit)
2024-08-21 00:09:15,048 : INFO : Machine : Initializing MPF...
2024-08-21 00:09:15,075 : INFO : EventManager : Event: ======'machine_var_credits_string'====== Args={'value': 'FREE PLAY', 'prev_value': None, 'change': True}
2024-08-21 00:09:15,081 : INFO : EventManager : Event: ======'machine_var_master_volume'====== Args={'value': 0.5, 'prev_value': None, 'change': True}
2024-08-21 00:09:15,082 : INFO : EventManager : Event: ======'machine_var_player1_score'====== Args={'value': 175300, 'prev_value': None, 'change': True}
2024-08-21 00:09:15,082 : INFO : EventManager : Event: ======'machine_var_mpf_version'====== Args={'value': 'Mission Pinball Framework v0.80.0.dev1', 'prev_value': None, 'change': True}
2024-08-21 00:09:15,082 : INFO : EventManager : Event: ======'machine_var_mpf_extended_version'====== Args={'value': 'Mission Pinball Framework v0.80.0.dev1, Config version:6, Show version: 6, BCP version:1.1', 'prev_value': None, 'change': True}
2024-08-21 00:09:15,082 : INFO : EventManager : Event: ======'machine_var_python_version'====== Args={'value': '3.9.13', 'prev_value': None, 'change': True}
2024-08-21 00:09:15,090 : INFO : EventManager : Event: ======'machine_var_platform'====== Args={'value': 'macOS-12.1-arm64-arm-64bit', 'prev_value': None, 'change': True}
2024-08-21 00:09:15,090 : INFO : EventManager : Event: ======'machine_var_platform_system'====== Args={'value': 'Darwin', 'prev_value': None, 'change': True}
2024-08-21 00:09:15,090 : INFO : EventManager : Event: ======'machine_var_platform_release'====== Args={'value': '21.2.0', 'prev_value': None, 'change': True}
2024-08-21 00:09:15,090 : INFO : EventManager : Event: ======'machine_var_platform_version'====== Args={'value': 'Darwin Kernel Version 21.2.0: Sun Nov 28 20:29:10 PST 2021; root:xnu-8019.61.5~1/RELEASE_ARM64_T8101', 'prev_value': None, 'change': True}
2024-08-21 00:09:15,090 : INFO : EventManager : Event: ======'machine_var_platform_machine'====== Args={'value': 'arm64', 'prev_value': None, 'change': True}
2024-08-21 00:09:15,090 : INFO : EventManager : Event: ======'machine_var_log_file_path'====== Args={'value': '/Users/nicktaseris/Desktop/Pinball/KOTH/logs/2024-08-21-00-09-15-mpf-Nicks-Air.lan.log', 'prev_value': None, 'change': True}
2024-08-21 00:09:15,091 : INFO : EventManager : Event: ======'init_phase_1'====== Args={}
2024-08-21 00:09:15,118 : INFO : EventManager : Event: ======'drop_target_bank_strickland_bank_up'====== Args={}
2024-08-21 00:09:15,118 : INFO : EventManager : Event: ======'init_phase_2'====== Args={}
2024-08-21 00:09:15,119 : INFO : SwitchController : Found active switch: ('39', <Platform.SmartVirtual>) <switch.s_trough1>
2024-08-21 00:09:15,119 : INFO : SwitchController : Found active switch: ('40', <Platform.SmartVirtual>) <switch.s_trough2>
2024-08-21 00:09:15,119 : INFO : SwitchController : Found active switch: ('41', <Platform.SmartVirtual>) <switch.s_trough3>
2024-08-21 00:09:15,119 : INFO : SwitchController : Found active switch: ('42', <Platform.SmartVirtual>) <switch.s_trough4>
2024-08-21 00:09:15,119 : INFO : SwitchController : Found active switch: ('43', <Platform.SmartVirtual>) <switch.s_trough5>
2024-08-21 00:09:15,119 : INFO : SwitchController : Found active switch: ('44', <Platform.SmartVirtual>) <switch.s_trough6>
2024-08-21 00:09:15,124 : INFO : EventManager : Event: ======'machine_var_score1_label'====== Args={'value': 'GRAND CHAMPION', 'prev_value': None, 'change': True}
2024-08-21 00:09:15,124 : INFO : EventManager : Event: ======'machine_var_score1_name'====== Args={'value': 'BRI', 'prev_value': None, 'change': True}
2024-08-21 00:09:15,125 : INFO : EventManager : Event: ======'machine_var_score1_value'====== Args={'value': 4242, 'prev_value': None, 'change': True}
2024-08-21 00:09:15,125 : INFO : EventManager : Event: ======'machine_var_score2_label'====== Args={'value': 'HIGH SCORE 1', 'prev_value': None, 'change': True}
2024-08-21 00:09:15,125 : INFO : EventManager : Event: ======'machine_var_score2_name'====== Args={'value': 'GHK', 'prev_value': None, 'change': True}
2024-08-21 00:09:15,125 : INFO : EventManager : Event: ======'machine_var_score2_value'====== Args={'value': 2323, 'prev_value': None, 'change': True}
2024-08-21 00:09:15,125 : INFO : EventManager : Event: ======'machine_var_score3_label'====== Args={'value': 'HIGH SCORE 2', 'prev_value': None, 'change': True}
2024-08-21 00:09:15,125 : INFO : EventManager : Event: ======'machine_var_score3_name'====== Args={'value': 'JK', 'prev_value': None, 'change': True}
2024-08-21 00:09:15,125 : INFO : EventManager : Event: ======'machine_var_score3_value'====== Args={'value': 1337, 'prev_value': None, 'change': True}
2024-08-21 00:09:15,125 : INFO : EventManager : Event: ======'machine_var_score4_label'====== Args={'value': 'HIGH SCORE 3', 'prev_value': None, 'change': True}
2024-08-21 00:09:15,125 : INFO : EventManager : Event: ======'machine_var_score4_name'====== Args={'value': 'QC', 'prev_value': None, 'change': True}
2024-08-21 00:09:15,125 : INFO : EventManager : Event: ======'machine_var_score4_value'====== Args={'value': 42, 'prev_value': None, 'change': True}
2024-08-21 00:09:15,125 : INFO : EventManager : Event: ======'machine_var_score5_label'====== Args={'value': 'HIGH SCORE 4', 'prev_value': None, 'change': True}
2024-08-21 00:09:15,125 : INFO : EventManager : Event: ======'machine_var_score5_name'====== Args={'value': 'MPF', 'prev_value': None, 'change': True}
2024-08-21 00:09:15,125 : INFO : EventManager : Event: ======'machine_var_score5_value'====== Args={'value': 23, 'prev_value': None, 'change': True}
2024-08-21 00:09:15,125 : INFO : EventManager : Event: ======'bcp_connection_attempt'====== Args={'name': 'local_display', 'host': 'localhost', 'port': 5050}
2024-08-21 00:09:15,126 : INFO : BCPClientSocket : Connecting BCP to 'local_display' at localhost:5050...
2024-08-21 00:09:15,128 : INFO : BCPClientSocket : Connected BCP to 'local_display' localhost:5050
2024-08-21 00:09:15,128 : INFO : EventManager : Event: ======'bcp_clients_connected'====== Args={}
2024-08-21 00:09:15,129 : INFO : ball_device.bd_trough : BCH: Initial count: 6
2024-08-21 00:09:15,129 : INFO : ball_device.bd_trough : State: idle
2024-08-21 00:09:15,129 : INFO : ball_device.bd_plunger : BCH: Initial count: 0
2024-08-21 00:09:15,129 : INFO : ball_device.bd_plunger : State: idle
2024-08-21 00:09:15,130 : INFO : ball_device.bd_scoop : BCH: Initial count: 0
2024-08-21 00:09:15,130 : INFO : ball_device.bd_scoop : State: idle
2024-08-21 00:09:15,134 : INFO : EventManager : Event: ======'init_phase_3'====== Args={}
2024-08-21 00:09:15,140 : INFO : EventManager : Event: ======'init_phase_4'====== Args={}
2024-08-21 00:09:15,140 : INFO : BallController : Initial balls found: 6
2024-08-21 00:09:15,140 : INFO : EventManager : Event: ======'machine_var_audits_events_game_ended'====== Args={'value': 4, 'prev_value': None, 'change': True}
2024-08-21 00:09:15,140 : INFO : EventManager : Event: ======'machine_var_audits_events_game_started'====== Args={'value': 936, 'prev_value': None, 'change': True}
2024-08-21 00:09:15,140 : INFO : EventManager : Event: ======'machine_var_audits_missing_switches_s_bottom_inline_drop'====== Args={'value': 126, 'prev_value': None, 'change': True}
2024-08-21 00:09:15,140 : INFO : EventManager : Event: ======'machine_var_audits_missing_switches_s_bottom_pop_bumper'====== Args={'value': 495, 'prev_value': None, 'change': True}
2024-08-21 00:09:15,141 : INFO : EventManager : Event: ======'machine_var_audits_missing_switches_s_center_spinner'====== Args={'value': 7, 'prev_value': None, 'change': True}
2024-08-21 00:09:15,141 : INFO : EventManager : Event: ======'machine_var_audits_missing_switches_s_e_target'====== Args={'value': 6, 'prev_value': None, 'change': True}
2024-08-21 00:09:15,141 : INFO : EventManager : Event: ======'machine_var_audits_missing_switches_s_launch_button'====== Args={'value': 407, 'prev_value': None, 'change': True}
2024-08-21 00:09:15,141 : INFO : EventManager : Event: ======'machine_var_audits_missing_switches_s_left_flipper'====== Args={'value': 13, 'prev_value': None, 'change': True}
2024-08-21 00:09:15,141 : INFO : EventManager : Event: ======'machine_var_audits_missing_switches_s_left_inlane'====== Args={'value': 92, 'prev_value': None, 'change': True}
2024-08-21 00:09:15,141 : INFO : EventManager : Event: ======'machine_var_audits_missing_switches_s_left_inner_horseshoe'====== Args={'value': 14, 'prev_value': None, 'change': True}
2024-08-21 00:09:15,141 : INFO : EventManager : Event: ======'machine_var_audits_missing_switches_s_left_orbit_enter'====== Args={'value': 14, 'prev_value': None, 'change': True}
2024-08-21 00:09:15,141 : INFO : EventManager : Event: ======'machine_var_audits_missing_switches_s_left_orbit_exit'====== Args={'value': 128, 'prev_value': None, 'change': True}
2024-08-21 00:09:15,141 : INFO : EventManager : Event: ======'machine_var_audits_missing_switches_s_left_outlane'====== Args={'value': 92, 'prev_value': None, 'change': True}
2024-08-21 00:09:15,141 : INFO : EventManager : Event: ======'machine_var_audits_missing_switches_s_left_pop_bumper'====== Args={'value': 495, 'prev_value': None, 'change': True}
2024-08-21 00:09:15,141 : INFO : EventManager : Event: ======'machine_var_audits_missing_switches_s_left_ramp_enter'====== Args={'value': 208, 'prev_value': None, 'change': True}
2024-08-21 00:09:15,141 : INFO : EventManager : Event: ======'machine_var_audits_missing_switches_s_left_ramp_exit'====== Args={'value': 208, 'prev_value': None, 'change': True}
2024-08-21 00:09:15,141 : INFO : EventManager : Event: ======'machine_var_audits_missing_switches_s_left_ramp_standup'====== Args={'value': 15, 'prev_value': None, 'change': True}
2024-08-21 00:09:15,141 : INFO : EventManager : Event: ======'machine_var_audits_missing_switches_s_left_rollover_lane'====== Args={'value': 127, 'prev_value': None, 'change': True}
2024-08-21 00:09:15,141 : INFO : EventManager : Event: ======'machine_var_audits_missing_switches_s_left_sling'====== Args={'value': 586, 'prev_value': None, 'change': True}
2024-08-21 00:09:15,142 : INFO : EventManager : Event: ======'machine_var_audits_missing_switches_s_left_spinner'====== Args={'value': 37, 'prev_value': None, 'change': True}
2024-08-21 00:09:15,142 : INFO : EventManager : Event: ======'machine_var_audits_missing_switches_s_middle_inline_drop'====== Args={'value': 126, 'prev_value': None, 'change': True}
2024-08-21 00:09:15,142 : INFO : EventManager : Event: ======'machine_var_audits_missing_switches_s_middle_rollover_lane'====== Args={'value': 127, 'prev_value': None, 'change': True}
2024-08-21 00:09:15,142 : INFO : EventManager : Event: ======'machine_var_audits_missing_switches_s_n_target'====== Args={'value': 6, 'prev_value': None, 'change': True}
2024-08-21 00:09:15,142 : INFO : EventManager : Event: ======'machine_var_audits_missing_switches_s_o_target'====== Args={'value': 1, 'prev_value': None, 'change': True}
2024-08-21 00:09:15,142 : INFO : EventManager : Event: ======'machine_var_audits_missing_switches_s_p2_target'====== Args={'value': 6, 'prev_value': None, 'change': True}
2024-08-21 00:09:15,142 : INFO : EventManager : Event: ======'machine_var_audits_missing_switches_s_p_target'====== Args={'value': 1, 'prev_value': None, 'change': True}
2024-08-21 00:09:15,142 : INFO : EventManager : Event: ======'machine_var_audits_missing_switches_s_r_target'====== Args={'value': 1, 'prev_value': None, 'change': True}
2024-08-21 00:09:15,142 : INFO : EventManager : Event: ======'machine_var_audits_missing_switches_s_right_flipper'====== Args={'value': 1, 'prev_value': None, 'change': True}
2024-08-21 00:09:15,142 : INFO : EventManager : Event: ======'machine_var_audits_missing_switches_s_right_inlane'====== Args={'value': 92, 'prev_value': None, 'change': True}
2024-08-21 00:09:15,142 : INFO : EventManager : Event: ======'machine_var_audits_missing_switches_s_right_inner_horseshoe'====== Args={'value': 14, 'prev_value': None, 'change': True}
2024-08-21 00:09:15,142 : INFO : EventManager : Event: ======'machine_var_audits_missing_switches_s_right_orbit_exit'====== Args={'value': 128, 'prev_value': None, 'change': True}
2024-08-21 00:09:15,143 : INFO : EventManager : Event: ======'machine_var_audits_missing_switches_s_right_outlane'====== Args={'value': 92, 'prev_value': None, 'change': True}
2024-08-21 00:09:15,143 : INFO : EventManager : Event: ======'machine_var_audits_missing_switches_s_right_pop_bumper'====== Args={'value': 126, 'prev_value': None, 'change': True}
2024-08-21 00:09:15,143 : INFO : EventManager : Event: ======'machine_var_audits_missing_switches_s_right_ramp_enter'====== Args={'value': 208, 'prev_value': None, 'change': True}
2024-08-21 00:09:15,143 : INFO : EventManager : Event: ======'machine_var_audits_missing_switches_s_right_ramp_exit'====== Args={'value': 208, 'prev_value': None, 'change': True}
2024-08-21 00:09:15,143 : INFO : EventManager : Event: ======'machine_var_audits_missing_switches_s_right_ramp_standup'====== Args={'value': 286, 'prev_value': None, 'change': True}
2024-08-21 00:09:15,143 : INFO : EventManager : Event: ======'machine_var_audits_missing_switches_s_right_rollover_lane'====== Args={'value': 127, 'prev_value': None, 'change': True}
2024-08-21 00:09:15,143 : INFO : EventManager : Event: ======'machine_var_audits_missing_switches_s_right_sling'====== Args={'value': 887, 'prev_value': None, 'change': True}
2024-08-21 00:09:15,143 : INFO : EventManager : Event: ======'machine_var_audits_missing_switches_s_scoop'====== Args={'value': 1, 'prev_value': None, 'change': True}
2024-08-21 00:09:15,143 : INFO : EventManager : Event: ======'machine_var_audits_missing_switches_s_start'====== Args={'value': 1, 'prev_value': None, 'change': True}
2024-08-21 00:09:15,143 : INFO : EventManager : Event: ======'machine_var_audits_missing_switches_s_top_inline_drop'====== Args={'value': 126, 'prev_value': None, 'change': True}
2024-08-21 00:09:15,143 : INFO : EventManager : Event: ======'machine_var_audits_missing_switches_s_trough1'====== Args={'value': 126, 'prev_value': None, 'change': True}
2024-08-21 00:09:15,143 : INFO : EventManager : Event: ======'machine_var_audits_missing_switches_s_trough2'====== Args={'value': 129, 'prev_value': None, 'change': True}
2024-08-21 00:09:15,144 : INFO : EventManager : Event: ======'machine_var_audits_missing_switches_s_trough3'====== Args={'value': 65, 'prev_value': None, 'change': True}
2024-08-21 00:09:15,144 : INFO : EventManager : Event: ======'machine_var_audits_missing_switches_s_trough4'====== Args={'value': 358, 'prev_value': None, 'change': True}
2024-08-21 00:09:15,144 : INFO : EventManager : Event: ======'machine_var_audits_missing_switches_s_trough5'====== Args={'value': 891, 'prev_value': None, 'change': True}
2024-08-21 00:09:15,144 : INFO : EventManager : Event: ======'machine_var_audits_missing_switches_s_trough6'====== Args={'value': 891, 'prev_value': None, 'change': True}
2024-08-21 00:09:15,144 : INFO : EventManager : Event: ======'machine_var_audits_missing_switches_s_trough_jam'====== Args={'value': 824, 'prev_value': None, 'change': True}
2024-08-21 00:09:15,144 : INFO : EventManager : Event: ======'machine_var_audits_player_score'====== Args={'value': {'average': 109379, 'top': [370600, 175300, 400, 300, 250], 'total': 5}, 'prev_value': None, 'change': True}
2024-08-21 00:09:15,144 : INFO : EventManager : Event: ======'machine_var_audits_shots_a_rollover_lane'====== Args={'value': 17, 'prev_value': None, 'change': True}
2024-08-21 00:09:15,144 : INFO : EventManager : Event: ======'machine_var_audits_shots_a_target'====== Args={'value': 7, 'prev_value': None, 'change': True}
2024-08-21 00:09:15,144 : INFO : EventManager : Event: ======'machine_var_audits_shots_ball_lock_a_target'====== Args={'value': 6, 'prev_value': None, 'change': True}
2024-08-21 00:09:15,145 : INFO : EventManager : Event: ======'machine_var_audits_shots_ball_lock_e_target'====== Args={'value': 5, 'prev_value': None, 'change': True}
2024-08-21 00:09:15,145 : INFO : EventManager : Event: ======'machine_var_audits_shots_ball_lock_n_target'====== Args={'value': 5, 'prev_value': None, 'change': True}
2024-08-21 00:09:15,145 : INFO : EventManager : Event: ======'machine_var_audits_shots_ball_lock_p2_target'====== Args={'value': 9, 'prev_value': None, 'change': True}
2024-08-21 00:09:15,145 : INFO : EventManager : Event: ======'machine_var_audits_shots_e_target'====== Args={'value': 3, 'prev_value': None, 'change': True}
2024-08-21 00:09:15,145 : INFO : EventManager : Event: ======'machine_var_audits_shots_h_rollover_lane'====== Args={'value': 21, 'prev_value': None, 'change': True}
2024-08-21 00:09:15,145 : INFO : EventManager : Event: ======'machine_var_audits_shots_k_rollover_lane'====== Args={'value': 17, 'prev_value': None, 'change': True}
2024-08-21 00:09:15,145 : INFO : EventManager : Event: ======'machine_var_audits_shots_left_rollover_lane'====== Args={'value': 215, 'prev_value': None, 'change': True}
2024-08-21 00:09:15,145 : INFO : EventManager : Event: ======'machine_var_audits_shots_middle_rollover_lane'====== Args={'value': 204, 'prev_value': None, 'change': True}
2024-08-21 00:09:15,145 : INFO : EventManager : Event: ======'machine_var_audits_shots_n_rollover_lane'====== Args={'value': 15, 'prev_value': None, 'change': True}
2024-08-21 00:09:15,146 : INFO : EventManager : Event: ======'machine_var_audits_shots_n_target'====== Args={'value': 9, 'prev_value': None, 'change': True}
2024-08-21 00:09:15,146 : INFO : EventManager : Event: ======'machine_var_audits_shots_o_target'====== Args={'value': 4, 'prev_value': None, 'change': True}
2024-08-21 00:09:15,146 : INFO : EventManager : Event: ======'machine_var_audits_shots_p2_target'====== Args={'value': 5, 'prev_value': None, 'change': True}
2024-08-21 00:09:15,146 : INFO : EventManager : Event: ======'machine_var_audits_shots_p_target'====== Args={'value': 8, 'prev_value': None, 'change': True}
2024-08-21 00:09:15,146 : INFO : EventManager : Event: ======'machine_var_audits_shots_qualify_a_target'====== Args={'value': 7, 'prev_value': None, 'change': True}
2024-08-21 00:09:15,146 : INFO : EventManager : Event: ======'machine_var_audits_shots_qualify_e_target'====== Args={'value': 8, 'prev_value': None, 'change': True}
2024-08-21 00:09:15,146 : INFO : EventManager : Event: ======'machine_var_audits_shots_qualify_n_target'====== Args={'value': 7, 'prev_value': None, 'change': True}
2024-08-21 00:09:15,147 : INFO : EventManager : Event: ======'machine_var_audits_shots_qualify_o_target'====== Args={'value': 332, 'prev_value': None, 'change': True}
2024-08-21 00:09:15,147 : INFO : EventManager : Event: ======'machine_var_audits_shots_qualify_p2_target'====== Args={'value': 9, 'prev_value': None, 'change': True}
2024-08-21 00:09:15,147 : INFO : EventManager : Event: ======'machine_var_audits_shots_qualify_p_target'====== Args={'value': 308, 'prev_value': None, 'change': True}
2024-08-21 00:09:15,147 : INFO : EventManager : Event: ======'machine_var_audits_shots_qualify_r_target'====== Args={'value': 342, 'prev_value': None, 'change': True}
2024-08-21 00:09:15,147 : INFO : EventManager : Event: ======'machine_var_audits_shots_r_target'====== Args={'value': 14, 'prev_value': None, 'change': True}
2024-08-21 00:09:15,147 : INFO : EventManager : Event: ======'machine_var_audits_shots_rainey_multiball_ball_lock_a_target'====== Args={'value': 65, 'prev_value': None, 'change': True}
2024-08-21 00:09:15,147 : INFO : EventManager : Event: ======'machine_var_audits_shots_rainey_multiball_ball_lock_e_target'====== Args={'value': 62, 'prev_value': None, 'change': True}
2024-08-21 00:09:15,147 : INFO : EventManager : Event: ======'machine_var_audits_shots_rainey_multiball_ball_lock_n_target'====== Args={'value': 60, 'prev_value': None, 'change': True}
2024-08-21 00:09:15,148 : INFO : EventManager : Event: ======'machine_var_audits_shots_rainey_multiball_ball_lock_p2_target'====== Args={'value': 124, 'prev_value': None, 'change': True}
2024-08-21 00:09:15,148 : INFO : EventManager : Event: ======'machine_var_audits_shots_right_rollover_lane'====== Args={'value': 209, 'prev_value': None, 'change': True}
2024-08-21 00:09:15,148 : INFO : EventManager : Event: ======'machine_var_audits_shots_scoop'====== Args={'value': 273, 'prev_value': None, 'change': True}
2024-08-21 00:09:15,148 : INFO : EventManager : Event: ======'machine_var_audits_shots_scoop_mission_select'====== Args={'value': 57, 'prev_value': None, 'change': True}
2024-08-21 00:09:15,148 : INFO : EventManager : Event: ======'machine_var_audits_shots_shot_left_ramp'====== Args={'value': 17, 'prev_value': None, 'change': True}
2024-08-21 00:09:15,148 : INFO : EventManager : Event: ======'machine_var_audits_shots_shot_right_ramp'====== Args={'value': 24, 'prev_value': None, 'change': True}
2024-08-21 00:09:15,148 : INFO : EventManager : Event: ======'machine_var_audits_shots_skillshot_a_target'====== Args={'value': 80, 'prev_value': None, 'change': True}
2024-08-21 00:09:15,149 : INFO : EventManager : Event: ======'machine_var_audits_shots_skillshot_e_target'====== Args={'value': 71, 'prev_value': None, 'change': True}
2024-08-21 00:09:15,149 : INFO : EventManager : Event: ======'machine_var_audits_shots_skillshot_n_target'====== Args={'value': 55, 'prev_value': None, 'change': True}
2024-08-21 00:09:15,149 : INFO : EventManager : Event: ======'machine_var_audits_shots_skillshot_o_target'====== Args={'value': 131, 'prev_value': None, 'change': True}
2024-08-21 00:09:15,149 : INFO : EventManager : Event: ======'machine_var_audits_shots_skillshot_p2_target'====== Args={'value': 109, 'prev_value': None, 'change': True}
2024-08-21 00:09:15,149 : INFO : EventManager : Event: ======'machine_var_audits_shots_skillshot_p_target'====== Args={'value': 56, 'prev_value': None, 'change': True}
2024-08-21 00:09:15,149 : INFO : EventManager : Event: ======'machine_var_audits_shots_skillshot_r_target'====== Args={'value': 135, 'prev_value': None, 'change': True}
2024-08-21 00:09:15,149 : INFO : EventManager : Event: ======'machine_var_audits_shots_spinner'====== Args={'value': 11, 'prev_value': None, 'change': True}
2024-08-21 00:09:15,150 : INFO : EventManager : Event: ======'machine_var_audits_switches_s_a_target'====== Args={'value': 193, 'prev_value': None, 'change': True}
2024-08-21 00:09:15,150 : INFO : EventManager : Event: ======'machine_var_audits_switches_s_bottom_inline_drop'====== Args={'value': 1019, 'prev_value': None, 'change': True}
2024-08-21 00:09:15,150 : INFO : EventManager : Event: ======'machine_var_audits_switches_s_bottom_pop_bumper'====== Args={'value': 10, 'prev_value': None, 'change': True}
2024-08-21 00:09:15,150 : INFO : EventManager : Event: ======'machine_var_audits_switches_s_center_spinner'====== Args={'value': 280, 'prev_value': None, 'change': True}
2024-08-21 00:09:15,150 : INFO : EventManager : Event: ======'machine_var_audits_switches_s_e_target'====== Args={'value': 194, 'prev_value': None, 'change': True}
2024-08-21 00:09:15,150 : INFO : EventManager : Event: ======'machine_var_audits_switches_s_launch_button'====== Args={'value': 10, 'prev_value': None, 'change': True}
2024-08-21 00:09:15,151 : INFO : EventManager : Event: ======'machine_var_audits_switches_s_left_flipper'====== Args={'value': 557, 'prev_value': None, 'change': True}
2024-08-21 00:09:15,151 : INFO : EventManager : Event: ======'machine_var_audits_switches_s_left_inlane'====== Args={'value': 28, 'prev_value': None, 'change': True}
2024-08-21 00:09:15,151 : INFO : EventManager : Event: ======'machine_var_audits_switches_s_left_inner_horseshoe'====== Args={'value': 19, 'prev_value': None, 'change': True}
2024-08-21 00:09:15,151 : INFO : EventManager : Event: ======'machine_var_audits_switches_s_left_orbit_enter'====== Args={'value': 77, 'prev_value': None, 'change': True}
2024-08-21 00:09:15,151 : INFO : EventManager : Event: ======'machine_var_audits_switches_s_left_orbit_exit'====== Args={'value': 21, 'prev_value': None, 'change': True}
2024-08-21 00:09:15,151 : INFO : EventManager : Event: ======'machine_var_audits_switches_s_left_outlane'====== Args={'value': 47, 'prev_value': None, 'change': True}
2024-08-21 00:09:15,151 : INFO : EventManager : Event: ======'machine_var_audits_switches_s_left_pop_bumper'====== Args={'value': 9, 'prev_value': None, 'change': True}
2024-08-21 00:09:15,152 : INFO : EventManager : Event: ======'machine_var_audits_switches_s_left_ramp_enter'====== Args={'value': 30, 'prev_value': None, 'change': True}
2024-08-21 00:09:15,152 : INFO : EventManager : Event: ======'machine_var_audits_switches_s_left_ramp_exit'====== Args={'value': 37, 'prev_value': None, 'change': True}
2024-08-21 00:09:15,152 : INFO : EventManager : Event: ======'machine_var_audits_switches_s_left_ramp_standup'====== Args={'value': 1407, 'prev_value': None, 'change': True}
2024-08-21 00:09:15,152 : INFO : EventManager : Event: ======'machine_var_audits_switches_s_left_rollover_lane'====== Args={'value': 220, 'prev_value': None, 'change': True}
2024-08-21 00:09:15,152 : INFO : EventManager : Event: ======'machine_var_audits_switches_s_left_sling'====== Args={'value': 12, 'prev_value': None, 'change': True}
2024-08-21 00:09:15,153 : INFO : EventManager : Event: ======'machine_var_audits_switches_s_left_spinner'====== Args={'value': 144, 'prev_value': None, 'change': True}
2024-08-21 00:09:15,153 : INFO : EventManager : Event: ======'machine_var_audits_switches_s_middle_inline_drop'====== Args={'value': 1001, 'prev_value': None, 'change': True}
2024-08-21 00:09:15,153 : INFO : EventManager : Event: ======'machine_var_audits_switches_s_middle_rollover_lane'====== Args={'value': 207, 'prev_value': None, 'change': True}
2024-08-21 00:09:15,153 : INFO : EventManager : Event: ======'machine_var_audits_switches_s_n_target'====== Args={'value': 180, 'prev_value': None, 'change': True}
2024-08-21 00:09:15,153 : INFO : EventManager : Event: ======'machine_var_audits_switches_s_o_target'====== Args={'value': 380, 'prev_value': None, 'change': True}
2024-08-21 00:09:15,153 : INFO : EventManager : Event: ======'machine_var_audits_switches_s_p2_target'====== Args={'value': 204, 'prev_value': None, 'change': True}
2024-08-21 00:09:15,154 : INFO : EventManager : Event: ======'machine_var_audits_switches_s_p_target'====== Args={'value': 530, 'prev_value': None, 'change': True}
2024-08-21 00:09:15,154 : INFO : EventManager : Event: ======'machine_var_audits_switches_s_plunger'====== Args={'value': 1146, 'prev_value': None, 'change': True}
2024-08-21 00:09:15,154 : INFO : EventManager : Event: ======'machine_var_audits_switches_s_plunger_lane'====== Args={'value': 39, 'prev_value': None, 'change': True}
2024-08-21 00:09:15,154 : INFO : EventManager : Event: ======'machine_var_audits_switches_s_plunger_lane_exit'====== Args={'value': 869, 'prev_value': None, 'change': True}
2024-08-21 00:09:15,154 : INFO : EventManager : Event: ======'machine_var_audits_switches_s_r_target'====== Args={'value': 383, 'prev_value': None, 'change': True}
2024-08-21 00:09:15,154 : INFO : EventManager : Event: ======'machine_var_audits_switches_s_right_flipper'====== Args={'value': 1606, 'prev_value': None, 'change': True}
2024-08-21 00:09:15,155 : INFO : EventManager : Event: ======'machine_var_audits_switches_s_right_inlane'====== Args={'value': 24, 'prev_value': None, 'change': True}
2024-08-21 00:09:15,155 : INFO : EventManager : Event: ======'machine_var_audits_switches_s_right_inner_horseshoe'====== Args={'value': 21, 'prev_value': None, 'change': True}
2024-08-21 00:09:15,155 : INFO : EventManager : Event: ======'machine_var_audits_switches_s_right_orbit_exit'====== Args={'value': 34, 'prev_value': None, 'change': True}
2024-08-21 00:09:15,155 : INFO : EventManager : Event: ======'machine_var_audits_switches_s_right_outlane'====== Args={'value': 25, 'prev_value': None, 'change': True}
2024-08-21 00:09:15,155 : INFO : EventManager : Event: ======'machine_var_audits_switches_s_right_pop_bumper'====== Args={'value': 19, 'prev_value': None, 'change': True}
2024-08-21 00:09:15,156 : INFO : EventManager : Event: ======'machine_var_audits_switches_s_right_ramp_enter'====== Args={'value': 16, 'prev_value': None, 'change': True}
2024-08-21 00:09:15,156 : INFO : EventManager : Event: ======'machine_var_audits_switches_s_right_ramp_exit'====== Args={'value': 26, 'prev_value': None, 'change': True}
2024-08-21 00:09:15,156 : INFO : EventManager : Event: ======'machine_var_audits_switches_s_right_ramp_standup'====== Args={'value': 287, 'prev_value': None, 'change': True}
2024-08-21 00:09:15,156 : INFO : EventManager : Event: ======'machine_var_audits_switches_s_right_rollover_lane'====== Args={'value': 223, 'prev_value': None, 'change': True}
2024-08-21 00:09:15,156 : INFO : EventManager : Event: ======'machine_var_audits_switches_s_right_sling'====== Args={'value': 1, 'prev_value': None, 'change': True}
2024-08-21 00:09:15,156 : INFO : EventManager : Event: ======'machine_var_audits_switches_s_scoop'====== Args={'value': 601, 'prev_value': None, 'change': True}
2024-08-21 00:09:15,157 : INFO : EventManager : Event: ======'machine_var_audits_switches_s_start'====== Args={'value': 665, 'prev_value': None, 'change': True}
2024-08-21 00:09:15,157 : INFO : EventManager : Event: ======'machine_var_audits_switches_s_top_inline_drop'====== Args={'value': 48, 'prev_value': None, 'change': True}
2024-08-21 00:09:15,157 : INFO : EventManager : Event: ======'machine_var_audits_switches_s_trough1'====== Args={'value': 420, 'prev_value': None, 'change': True}
2024-08-21 00:09:15,157 : INFO : EventManager : Event: ======'machine_var_audits_switches_s_trough2'====== Args={'value': 36, 'prev_value': None, 'change': True}
2024-08-21 00:09:15,157 : INFO : EventManager : Event: ======'machine_var_audits_switches_s_trough3'====== Args={'value': 21, 'prev_value': None, 'change': True}
2024-08-21 00:09:15,158 : INFO : EventManager : Event: ======'machine_var_audits_switches_s_trough4'====== Args={'value': 3, 'prev_value': None, 'change': True}
2024-08-21 00:09:15,158 : INFO : EventManager : Event: ======'machine_var_audits_switches_s_trough5'====== Args={'value': 2, 'prev_value': None, 'change': True}
2024-08-21 00:09:15,158 : INFO : EventManager : Event: ======'machine_var_audits_switches_s_trough6'====== Args={'value': 1, 'prev_value': None, 'change': True}
2024-08-21 00:09:15,158 : INFO : EventManager : Event: ======'machine_var_audits_switches_s_trough_jam'====== Args={'value': 5, 'prev_value': None, 'change': True}
2024-08-21 00:09:15,159 : INFO : EventManager : Event: ======'init_phase_5'====== Args={}
2024-08-21 00:09:15,161 : INFO : EventManager : Event: ======'init_done'====== Args={}
2024-08-21 00:09:15,162 : INFO : EventManager : Event: ======'machine_reset_phase_1'====== Args={}
2024-08-21 00:09:15,170 : INFO : EventManager : Event: ======'machine_reset_phase_2'====== Args={}
2024-08-21 00:09:15,170 : INFO : EventManager : Event: ======'machine_reset_phase_3'====== Args={}
2024-08-21 00:09:15,170 : INFO : drop_target_bank.strickland_bank : All targets are already up. Will not reset bank.
2024-08-21 00:09:15,170 : INFO : EventManager : Event: ======'reset_complete'====== Args={}
2024-08-21 00:09:15,170 : INFO : EventManager : Event: ======'mode_attract_will_start'====== Args={}
2024-08-21 00:09:15,171 : INFO : Timer.attract_switch : Starting Timer.
2024-08-21 00:09:15,171 : INFO : EventManager : Event: ======'timer_attract_switch_started'====== Args={'ticks': 0, 'ticks_remaining': 46}
2024-08-21 00:09:15,171 : INFO : EventManager : Event: ======'timer_attract_switch_tick'====== Args={'ticks': 0, 'ticks_remaining': 46}
2024-08-21 00:09:15,171 : INFO : EventManager : Event: ======'mode_attract_starting'====== Args={}
2024-08-21 00:09:15,171 : INFO : Mode.attract : Started. Priority: 10
2024-08-21 00:09:15,171 : INFO : EventManager : Event: ======'modes_active_modes_changed'====== Args={}
2024-08-21 00:09:15,171 : INFO : EventManager : Event: ======'mode_attract_started'====== Args={}
2024-08-21 00:09:15,171 : INFO : EventManager : Event: ======'collecting_balls_complete'====== Args={}
2024-08-21 00:09:15,172 : INFO : Machine : Starting the main run loop.
2024-08-21 00:09:15,640 : INFO : BcpServer : New client connected.
2024-08-21 00:09:16,173 : INFO : EventManager : Event: ======'timer_attract_switch_tick'====== Args={'ticks': 1, 'ticks_remaining': 45}
2024-08-21 00:09:16,190 : INFO : EventManager : Event: ======'slide__removed'====== Args={'_from_bcp': True}
2024-08-21 00:09:16,219 : INFO : EventManager : Event: ======'slide_dtp_logo_attract_created'====== Args={'_from_bcp': True}
2024-08-21 00:09:16,219 : INFO : EventManager : Event: ======'slide_dtp_logo_attract_active'====== Args={'original_context': 'attract', 'original_calling_context': 'timer_attract_switch_tick{ticks==1}', 'cmd': 'slides_play', '_from_bcp': True}
2024-08-21 00:09:17,173 : INFO : EventManager : Event: ======'timer_attract_switch_tick'====== Args={'ticks': 2, 'ticks_remaining': 44}
2024-08-21 00:09:18,148 : INFO : SwitchController : <<<<<<< 's_start' active >>>>>>>
2024-08-21 00:09:18,148 : INFO : EventManager : Event: ======'s_start_active'====== Args={}
2024-08-21 00:09:18,149 : INFO : EventManager : Event: ======'sw_add_player'====== Args={'priority': 0}
2024-08-21 00:09:18,172 : INFO : EventManager : Event: ======'timer_attract_switch_tick'====== Args={'ticks': 3, 'ticks_remaining': 43}
2024-08-21 00:09:18,272 : INFO : SwitchController : <<<<<<< 's_start' inactive >>>>>>>
2024-08-21 00:09:18,272 : INFO : EventManager : Event: ======'request_to_start_game'====== Args={}
2024-08-21 00:09:18,273 : INFO : EventManager : Event: ======'game_start'====== Args={'buttons': [], 'hold_time': 0.12340924999999991}
2024-08-21 00:09:18,273 : INFO : EventManager : Event: ======'mode_game_will_start'====== Args={'buttons': [], 'hold_time': 0.12340924999999991}
2024-08-21 00:09:18,273 : INFO : EventManager : Event: ======'mode_game_starting'====== Args={'buttons': [], 'hold_time': 0.12340924999999991}
2024-08-21 00:09:18,273 : INFO : EventManager : Event: ======'mode_attract_will_stop'====== Args={}
2024-08-21 00:09:18,273 : INFO : EventManager : Event: ======'mode_attract_stopping'====== Args={}
2024-08-21 00:09:18,273 : INFO : Mode.attract : Stopped.
2024-08-21 00:09:18,273 : INFO : EventManager : Event: ======'modes_active_modes_changed'====== Args={}
2024-08-21 00:09:18,274 : INFO : EventManager : Event: ======'mode_attract_stopped'====== Args={}
2024-08-21 00:09:18,274 : INFO : EventManager : Event: ======'clear'====== Args={'key': 'attract'}
2024-08-21 00:09:18,274 : INFO : Timer.attract_switch : Stopping Timer
2024-08-21 00:09:18,274 : INFO : EventManager : Event: ======'timer_attract_switch_stopped'====== Args={'ticks': 3, 'ticks_remaining': 43}
2024-08-21 00:09:18,274 : INFO : Mode.game : Started. Priority: 20
2024-08-21 00:09:18,274 : INFO : EventManager : Event: ======'modes_active_modes_changed'====== Args={}
2024-08-21 00:09:18,274 : INFO : EventManager : Event: ======'mode_game_started'====== Args={'buttons': [], 'hold_time': 0.12340924999999991}
2024-08-21 00:09:18,274 : INFO : EventManager : Event: ======'game_will_start'====== Args={}
2024-08-21 00:09:18,275 : INFO : EventManager : Event: ======'game_starting'====== Args={'game': <Mode.game>}
2024-08-21 00:09:18,275 : INFO : EventManager : Unordered handler for class <Auditor> on event game_ended with priority 1. Handlers: [RegisteredHandler(callback=<bound method Auditor.disable of <Auditor>>, priority=1, kwargs={}, key=UUID('cbeede9a-8e1f-4ddd-a83f-36b09f928801'), condition=None, blocking_facility=None), RegisteredHandler(callback=<bound method Auditor._save_audits of <Auditor>>, priority=1, kwargs={}, key=UUID('9a926607-12d1-4771-949a-eaac824605de'), condition=None, blocking_facility=None)]. The order of those handlers is not defined and they will be executed in random order. This might lead to race conditions and potential bugs.
2024-08-21 00:09:18,275 : INFO : EventManager : Event: ======'player_add_request'====== Args={}
2024-08-21 00:09:18,275 : INFO : EventManager : Event: ======'player_will_add'====== Args={'number': 1}
2024-08-21 00:09:18,275 : INFO : EventManager : Event: ======'player_adding'====== Args={'player': <Player 1>, 'number': 1}
2024-08-21 00:09:18,275 : INFO : EventManager : Event: ======'player_added'====== Args={'player': <Player 1>, 'num': 1}
2024-08-21 00:09:18,275 : INFO : Mode.game : Player added successfully. Total players: 1
2024-08-21 00:09:18,275 : INFO : EventManager : Event: ======'player_index'====== Args={'value': 0, 'prev_value': 0, 'change': 0, 'player_num': 1}
2024-08-21 00:09:18,276 : INFO : EventManager : Event: ======'player_number'====== Args={'value': 1, 'prev_value': 1, 'change': 0, 'player_num': 1}
2024-08-21 00:09:18,276 : INFO : EventManager : Event: ======'player_score'====== Args={'value': 0, 'prev_value': 0, 'change': 0, 'player_num': 1}
2024-08-21 00:09:18,276 : INFO : EventManager : Event: ======'game_started'====== Args={}
2024-08-21 00:09:18,276 : INFO : EventManager : Event: ======'player_turn_will_start'====== Args={'player': <Player 1>, 'number': 1}
2024-08-21 00:09:18,279 : INFO : EventManager : Event: ======'player_turn_starting'====== Args={'player': <Player 1>, 'number': 1}
2024-08-21 00:09:18,280 : INFO : EventManager : Event: ======'player_ball'====== Args={'value': 1, 'prev_value': 0, 'change': 1, 'player_num': 1}
2024-08-21 00:09:18,280 : INFO : EventManager : Event: ======'player_turn_started'====== Args={'player': <Player 1>, 'number': 1}
2024-08-21 00:09:18,280 : INFO : EventManager : Event: ======'ball_will_start'====== Args={'player': 1, 'ball': 1, 'balls_remaining': 2, 'is_extra_ball': False}
2024-08-21 00:09:18,280 : INFO : EventManager : Event: ======'ball_starting'====== Args={'player': 1, 'ball': 1, 'balls_remaining': 2, 'is_extra_ball': False}
2024-08-21 00:09:18,280 : INFO : EventManager : Event: ======'mode_rainey_multiball_will_start'====== Args={'queue': <QueuedEvent>, 'player': 1, 'ball': 1, 'balls_remaining': 2, 'is_extra_ball': False}
2024-08-21 00:09:18,281 : INFO : EventManager : Event: ======'mode_rainey_multiball_starting'====== Args={'queue': <QueuedEvent>, 'player': 1, 'ball': 1, 'balls_remaining': 2, 'is_extra_ball': False}
2024-08-21 00:09:18,281 : INFO : EventManager : Event: ======'mode_skillshot_will_start'====== Args={'queue': <QueuedEvent>, 'player': 1, 'ball': 1, 'balls_remaining': 2, 'is_extra_ball': False}
2024-08-21 00:09:18,281 : INFO : EventManager : Event: ======'skillshot_complete'====== Args={'state': 'None'}
2024-08-21 00:09:18,281 : INFO : EventManager : Event: ======'skillshot_None_complete'====== Args={}
2024-08-21 00:09:18,282 : INFO : EventManager : Event: ======'player_shot_skillshot_p_target_enabled'====== Args={'value': True, 'prev_value': 0, 'change': 1, 'player_num': 1}
2024-08-21 00:09:18,282 : INFO : EventManager : Event: ======'player_shot_skillshot_r_target_enabled'====== Args={'value': True, 'prev_value': 0, 'change': 1, 'player_num': 1}
2024-08-21 00:09:18,282 : INFO : EventManager : Event: ======'player_shot_skillshot_o_target_enabled'====== Args={'value': True, 'prev_value': 0, 'change': 1, 'player_num': 1}
2024-08-21 00:09:18,282 : INFO : EventManager : Event: ======'player_shot_skillshot_p2_target_enabled'====== Args={'value': True, 'prev_value': 0, 'change': 1, 'player_num': 1}
2024-08-21 00:09:18,282 : INFO : EventManager : Event: ======'player_shot_skillshot_a_target_enabled'====== Args={'value': True, 'prev_value': 0, 'change': 1, 'player_num': 1}
2024-08-21 00:09:18,283 : INFO : EventManager : Event: ======'player_shot_skillshot_n_target_enabled'====== Args={'value': True, 'prev_value': 0, 'change': 1, 'player_num': 1}
2024-08-21 00:09:18,283 : INFO : EventManager : Event: ======'player_shot_skillshot_e_target_enabled'====== Args={'value': True, 'prev_value': 0, 'change': 1, 'player_num': 1}
2024-08-21 00:09:18,283 : INFO : EventManager : Event: ======'player_skillshot_skillshot_rotate_tick'====== Args={'value': 0, 'prev_value': 0, 'change': 0, 'player_num': 1}
2024-08-21 00:09:18,283 : INFO : Timer.skillshot_rotate : Starting Timer.
2024-08-21 00:09:18,283 : INFO : EventManager : Event: ======'timer_skillshot_rotate_started'====== Args={'ticks': 0, 'ticks_remaining': 0}
2024-08-21 00:09:18,283 : INFO : EventManager : Event: ======'timer_skillshot_rotate_tick'====== Args={'ticks': 0, 'ticks_remaining': 0}
2024-08-21 00:09:18,284 : INFO : EventManager : Event: ======'mode_skillshot_starting'====== Args={'queue': <QueuedEvent>, 'player': 1, 'ball': 1, 'balls_remaining': 2, 'is_extra_ball': False}
2024-08-21 00:09:18,284 : INFO : drop_target_bank.strickland_bank : All targets are already up. Will not reset bank.
2024-08-21 00:09:18,284 : INFO : EventManager : Event: ======'cmd_flippers_enable'====== Args={'priority': 0}
2024-08-21 00:09:18,284 : INFO : EventManager : Event: ======'cmd_autofire_coils_enable'====== Args={'priority': 0}
2024-08-21 00:09:18,284 : INFO : EventManager : Event: ======'cmd_drop_targets_reset'====== Args={'priority': 0}
2024-08-21 00:09:18,284 : INFO : Mode.skillshot : Started. Priority: 200
2024-08-21 00:09:18,285 : INFO : EventManager : Event: ======'modes_active_modes_changed'====== Args={}
2024-08-21 00:09:18,285 : INFO : EventManager : Event: ======'mode_skillshot_started'====== Args={'queue': <QueuedEvent>, 'player': 1, 'ball': 1, 'balls_remaining': 2, 'is_extra_ball': False}
2024-08-21 00:09:18,285 : INFO : EventManager : Event: ======'player_shot_skillshot_p_target'====== Args={'value': 1, 'prev_value': 0, 'change': 1, 'player_num': 1}
2024-08-21 00:09:18,285 : INFO : EventManager : Event: ======'balls_in_play'====== Args={'balls': 1}
2024-08-21 00:09:18,285 : INFO : EventManager : Event: ======'ball_started'====== Args={'player': 1, 'ball': 1, 'balls_remaining': 2, 'is_extra_ball': False}
2024-08-21 00:09:18,288 : INFO : EventManager : Event: ======'mode_extra_ball_will_start'====== Args={'player': 1, 'ball': 1, 'balls_remaining': 2, 'is_extra_ball': False}
2024-08-21 00:09:18,288 : INFO : EventManager : Event: ======'player_extra_ball_score_one_num_awarded'====== Args={'value': 0, 'prev_value': 0, 'change': 0, 'player_num': 1}
2024-08-21 00:09:18,288 : INFO : EventManager : Event: ======'player_extra_ball_score_two_num_awarded'====== Args={'value': 0, 'prev_value': 0, 'change': 0, 'player_num': 1}
2024-08-21 00:09:18,288 : INFO : EventManager : Event: ======'mode_extra_ball_starting'====== Args={'player': 1, 'ball': 1, 'balls_remaining': 2, 'is_extra_ball': False}
2024-08-21 00:09:18,288 : INFO : EventManager : Event: ======'mode_BBQ_rollover_will_start'====== Args={'player': 1, 'ball': 1, 'balls_remaining': 2, 'is_extra_ball': False}
2024-08-21 00:09:18,289 : INFO : EventManager : Event: ======'player_shot_left_rollover_lane_enabled'====== Args={'value': True, 'prev_value': 0, 'change': 1, 'player_num': 1}
2024-08-21 00:09:18,289 : INFO : EventManager : Event: ======'player_shot_middle_rollover_lane_enabled'====== Args={'value': True, 'prev_value': 0, 'change': 1, 'player_num': 1}
2024-08-21 00:09:18,289 : INFO : EventManager : Event: ======'player_shot_right_rollover_lane_enabled'====== Args={'value': True, 'prev_value': 0, 'change': 1, 'player_num': 1}
2024-08-21 00:09:18,289 : INFO : EventManager : Event: ======'BBQ_lanes_complete'====== Args={'state': 'unlit'}
2024-08-21 00:09:18,289 : INFO : EventManager : Event: ======'BBQ_lanes_unlit_complete'====== Args={}
2024-08-21 00:09:18,290 : INFO : EventManager : Event: ======'mode_BBQ_rollover_starting'====== Args={'player': 1, 'ball': 1, 'balls_remaining': 2, 'is_extra_ball': False}
2024-08-21 00:09:18,290 : INFO : EventManager : Event: ======'mode_hank_rollover_will_start'====== Args={'player': 1, 'ball': 1, 'balls_remaining': 2, 'is_extra_ball': False}
2024-08-21 00:09:18,290 : INFO : EventManager : Event: ======'player_shot_h_rollover_lane_enabled'====== Args={'value': True, 'prev_value': 0, 'change': 1, 'player_num': 1}
2024-08-21 00:09:18,291 : INFO : EventManager : Event: ======'player_shot_a_rollover_lane_enabled'====== Args={'value': True, 'prev_value': 0, 'change': 1, 'player_num': 1}
2024-08-21 00:09:18,291 : INFO : EventManager : Event: ======'player_shot_n_rollover_lane_enabled'====== Args={'value': True, 'prev_value': 0, 'change': 1, 'player_num': 1}
2024-08-21 00:09:18,291 : INFO : EventManager : Event: ======'player_shot_k_rollover_lane_enabled'====== Args={'value': True, 'prev_value': 0, 'change': 1, 'player_num': 1}
2024-08-21 00:09:18,291 : INFO : EventManager : Event: ======'hank_lanes_complete'====== Args={'state': 'unlit'}
2024-08-21 00:09:18,291 : INFO : EventManager : Event: ======'hank_lanes_unlit_complete'====== Args={}
2024-08-21 00:09:18,292 : INFO : EventManager : Event: ======'mode_hank_rollover_starting'====== Args={'player': 1, 'ball': 1, 'balls_remaining': 2, 'is_extra_ball': False}
2024-08-21 00:09:18,292 : INFO : EventManager : Event: ======'mode_base_will_start'====== Args={'player': 1, 'ball': 1, 'balls_remaining': 2, 'is_extra_ball': False}
2024-08-21 00:09:18,292 : INFO : EventManager : Event: ======'player_shot_qualify_p_target_enabled'====== Args={'value': True, 'prev_value': 0, 'change': 1, 'player_num': 1}
2024-08-21 00:09:18,292 : INFO : EventManager : Event: ======'player_shot_qualify_r_target_enabled'====== Args={'value': True, 'prev_value': 0, 'change': 1, 'player_num': 1}
2024-08-21 00:09:18,292 : INFO : EventManager : Event: ======'player_shot_qualify_o_target_enabled'====== Args={'value': True, 'prev_value': 0, 'change': 1, 'player_num': 1}
2024-08-21 00:09:18,292 : INFO : EventManager : Event: ======'player_shot_scoop_enabled'====== Args={'value': True, 'prev_value': 0, 'change': 1, 'player_num': 1}
2024-08-21 00:09:18,293 : INFO : EventManager : Event: ======'player_shot_rainey_multiball_ball_lock_p2_target_enabled'====== Args={'value': True, 'prev_value': 0, 'change': 1, 'player_num': 1}
2024-08-21 00:09:18,293 : INFO : EventManager : Event: ======'player_shot_rainey_multiball_ball_lock_a_target_enabled'====== Args={'value': True, 'prev_value': 0, 'change': 1, 'player_num': 1}
2024-08-21 00:09:18,293 : INFO : EventManager : Event: ======'player_shot_rainey_multiball_ball_lock_n_target_enabled'====== Args={'value': True, 'prev_value': 0, 'change': 1, 'player_num': 1}
2024-08-21 00:09:18,293 : INFO : EventManager : Event: ======'player_shot_rainey_multiball_ball_lock_e_target_enabled'====== Args={'value': True, 'prev_value': 0, 'change': 1, 'player_num': 1}
2024-08-21 00:09:18,293 : INFO : EventManager : Event: ======'player_shot_spinner_enabled'====== Args={'value': True, 'prev_value': 0, 'change': 1, 'player_num': 1}
2024-08-21 00:09:18,293 : INFO : EventManager : Event: ======'qualify_mission_complete'====== Args={'state': 'unlit'}
2024-08-21 00:09:18,294 : INFO : EventManager : Event: ======'qualify_mission_unlit_complete'====== Args={}
2024-08-21 00:09:18,294 : INFO : EventManager : Event: ======'light_rainey_multiball_ball_lock_complete'====== Args={'state': 'unlit'}
2024-08-21 00:09:18,294 : INFO : EventManager : Event: ======'light_rainey_multiball_ball_lock_unlit_complete'====== Args={}
2024-08-21 00:09:18,294 : INFO : EventManager : Event: ======'achievement_bill_bulk_and_the_body_buddies_changed_state'====== Args={'restore': False, 'state': 'enabled', 'selected': False}
2024-08-21 00:09:18,294 : INFO : EventManager : Event: ======'achievement_bill_bulk_and_the_body_buddies_state_enabled'====== Args={'restore': False, 'state': 'enabled', 'selected': False}
2024-08-21 00:09:18,296 : INFO : EventManager : Event: ======'mode_base_starting'====== Args={'player': 1, 'ball': 1, 'balls_remaining': 2, 'is_extra_ball': False}
2024-08-21 00:09:18,297 : INFO : Mode.extra_ball : Started. Priority: 900
2024-08-21 00:09:18,297 : INFO : EventManager : Event: ======'modes_active_modes_changed'====== Args={}
2024-08-21 00:09:18,297 : INFO : EventManager : Event: ======'mode_extra_ball_started'====== Args={'player': 1, 'ball': 1, 'balls_remaining': 2, 'is_extra_ball': False}
2024-08-21 00:09:18,297 : INFO : EventManager : Event: ======'logicblock_mb_counter_updated'====== Args={'value': 0, 'enabled': False}
2024-08-21 00:09:18,297 : INFO : Mode.rainey_multiball : Started. Priority: 250
2024-08-21 00:09:18,297 : INFO : EventManager : Event: ======'modes_active_modes_changed'====== Args={}
2024-08-21 00:09:18,297 : INFO : EventManager : Event: ======'mode_rainey_multiball_started'====== Args={'queue': <QueuedEvent>, 'player': 1, 'ball': 1, 'balls_remaining': 2, 'is_extra_ball': False}
2024-08-21 00:09:18,297 : INFO : EventManager : Event: ======'logicblock_lb_BBQ_complete_count_updated'====== Args={'value': 1, 'enabled': True}
2024-08-21 00:09:18,297 : INFO : EventManager : Event: ======'logicblock_lb_BBQ_complete_count_updated'====== Args={'value': 1, 'enabled': True}
2024-08-21 00:09:18,298 : INFO : Mode.BBQ_rollover : Started. Priority: 200
2024-08-21 00:09:18,298 : INFO : EventManager : Event: ======'modes_active_modes_changed'====== Args={}
2024-08-21 00:09:18,298 : INFO : EventManager : Event: ======'mode_BBQ_rollover_started'====== Args={'player': 1, 'ball': 1, 'balls_remaining': 2, 'is_extra_ball': False}
2024-08-21 00:09:18,298 : INFO : EventManager : Event: ======'logicblock_lb_hank_complete_count_updated'====== Args={'value': 1, 'enabled': True}
2024-08-21 00:09:18,298 : INFO : EventManager : Event: ======'logicblock_lb_hank_complete_count_updated'====== Args={'value': 1, 'enabled': True}
2024-08-21 00:09:18,298 : INFO : Mode.hank_rollover : Started. Priority: 200
2024-08-21 00:09:18,298 : INFO : EventManager : Event: ======'modes_active_modes_changed'====== Args={}
2024-08-21 00:09:18,298 : INFO : EventManager : Event: ======'mode_hank_rollover_started'====== Args={'player': 1, 'ball': 1, 'balls_remaining': 2, 'is_extra_ball': False}
2024-08-21 00:09:18,298 : INFO : EventManager : Event: ======'logicblock_bill_mini_wizard_updated'====== Args={'value': [False, False], 'enabled': True}
2024-08-21 00:09:18,298 : INFO : EventManager : Event: ======'logicblock_dale_mini_wizard_updated'====== Args={'value': [False, False], 'enabled': True}
2024-08-21 00:09:18,298 : INFO : EventManager : Event: ======'logicblock_hank_mini_wizard_updated'====== Args={'value': [False, False], 'enabled': True}
2024-08-21 00:09:18,298 : INFO : EventManager : Event: ======'logicblock_boom_mini_wizard_updated'====== Args={'value': [False, False], 'enabled': True}
2024-08-21 00:09:18,298 : INFO : EventManager : Event: ======'logicblock_wizard_mode_updated'====== Args={'value': [False, False, False, False], 'enabled': True}
2024-08-21 00:09:18,298 : INFO : EventManager : Event: ======'logicblock_bill_mini_wizard_updated'====== Args={'value': [False, False], 'enabled': True}
2024-08-21 00:09:18,298 : INFO : EventManager : Event: ======'logicblock_dale_mini_wizard_updated'====== Args={'value': [False, False], 'enabled': True}
2024-08-21 00:09:18,298 : INFO : EventManager : Event: ======'logicblock_hank_mini_wizard_updated'====== Args={'value': [False, False], 'enabled': True}
2024-08-21 00:09:18,298 : INFO : EventManager : Event: ======'logicblock_boom_mini_wizard_updated'====== Args={'value': [False, False], 'enabled': True}
2024-08-21 00:09:18,298 : INFO : EventManager : Event: ======'logicblock_wizard_mode_updated'====== Args={'value': [False, False, False, False], 'enabled': True}
2024-08-21 00:09:18,298 : INFO : Mode.base : Started. Priority: 100
2024-08-21 00:09:18,298 : INFO : EventManager : Event: ======'modes_active_modes_changed'====== Args={}
2024-08-21 00:09:18,299 : INFO : EventManager : Event: ======'mode_base_started'====== Args={'player': 1, 'ball': 1, 'balls_remaining': 2, 'is_extra_ball': False}
2024-08-21 00:09:18,299 : INFO : EventManager : Event: ======'player_bonus_multiplier'====== Args={'value': 1, 'prev_value': 0, 'change': 1, 'player_num': 1, 'source': 'BBQ_rollover'}
2024-08-21 00:09:18,299 : INFO : EventManager : Event: ======'ball_save_default_enabled'====== Args={}
2024-08-21 00:09:18,299 : INFO : EventManager : Event: ======'single_player_ball_started'====== Args={}
2024-08-21 00:09:18,300 : INFO : EventManager : Event: ======'ball_start_target'====== Args={'target': 'playfield'}
2024-08-21 00:09:18,300 : INFO : ball_device.bd_plunger : Setting up player-controlled eject. Balls: 1, Target: <playfield.playfield>, player_controlled_eject_event: s_launch_button_inactive
2024-08-21 00:09:18,300 : INFO : EventManager : Event: ======'balldevice_balls_available'====== Args={}
2024-08-21 00:09:18,301 : INFO : ball_device.bd_trough : State: waiting_for_target_ready
2024-08-21 00:09:18,301 : INFO : EventManager : Event: ======'balldevice_bd_trough_ball_eject_attempt'====== Args={'balls': 1, 'target': <ball_device.bd_plunger>, 'source': <ball_device.bd_trough>, 'mechanical_eject': True, 'num_attempts': 0}
2024-08-21 00:09:18,301 : INFO : ball_device.bd_plunger : State: waiting_for_ball
2024-08-21 00:09:18,301 : INFO : ball_device.bd_trough : State: ejecting
2024-08-21 00:09:18,301 : INFO : ball_device.bd_trough : Ejecting ball to <ball_device.bd_plunger>
2024-08-21 00:09:18,301 : INFO : EventManager : Event: ======'balldevice_bd_trough_ejecting_ball'====== Args={'balls': 1, 'target': <ball_device.bd_plunger>, 'source': <ball_device.bd_trough>, 'mechanical_eject': True, 'num_attempts': 0}
2024-08-21 00:09:18,301 : INFO : ball_device.bd_trough : Wait for ball to leave device
2024-08-21 00:09:18,302 : INFO : coil.c_trough_eject : Pulsing Driver for 20ms (1.0 pulse_power)
2024-08-21 00:09:18,302 : INFO : SwitchController : <<<<<<< 's_trough1' inactive >>>>>>>
2024-08-21 00:09:18,302 : INFO : ball_device.bd_trough : State: ball_left
2024-08-21 00:09:18,302 : INFO : ball_device.bd_trough : Ball left
2024-08-21 00:09:18,302 : INFO : ball_device.bd_trough : Wait for confirm with timeout 3.0
2024-08-21 00:09:18,320 : INFO : EventManager : Event: ======'slide_arlen_intro_created'====== Args={'_from_bcp': True}
2024-08-21 00:09:18,321 : INFO : EventManager : Event: ======'slide_dtp_logo_attract_inactive'====== Args={'_from_bcp': True}
2024-08-21 00:09:18,321 : INFO : EventManager : Event: ======'slide_arlen_intro_active'====== Args={'original_context': 'skillshot', 'original_calling_context': 'mode_skillshot_started', 'queue': '<QueuedEvent>', 'cmd': 'slides_play', '_from_bcp': True}
2024-08-21 00:09:18,321 : INFO : EventManager : Event: ======'slide_dtp_logo_attract_removed'====== Args={'_from_bcp': True}
2024-08-21 00:09:18,327 : INFO : EventManager : Event: ======'slide_base_created'====== Args={'_from_bcp': True}
2024-08-21 00:09:18,403 : INFO : SwitchController : <<<<<<< 's_plunger' active >>>>>>>
2024-08-21 00:09:18,403 : INFO : EventManager : Event: ======'machine_var_audits_switches_s_plunger'====== Args={'value': 1147, 'prev_value': 1146, 'change': 1}
2024-08-21 00:09:18,904 : INFO : ball_device.bd_plunger : Received ball from <ball_device.bd_trough>
2024-08-21 00:09:18,904 : INFO : EventManager : Event: ======'balldevice_bd_plunger_ball_enter'====== Args={'new_balls': 1, 'unclaimed_balls': 0, 'new_available_balls': 0, 'device': <ball_device.bd_plunger>}
2024-08-21 00:09:18,908 : INFO : EventManager : Event: ======'balldevice_bd_plunger_ball_entered'====== Args={'new_balls': 0, 'device': <ball_device.bd_plunger>}
2024-08-21 00:09:18,909 : INFO : EventManager : Event: ======'balldevice_bd_plunger_ball_count_changed'====== Args={'balls': 1}
2024-08-21 00:09:18,910 : INFO : ball_device.bd_trough : Got eject confirm
2024-08-21 00:09:18,910 : INFO : ball_device.bd_trough : Eject successful
2024-08-21 00:09:18,910 : INFO : EventManager : Event: ======'balldevice_bd_trough_ball_eject_success'====== Args={'balls': 1, 'target': <ball_device.bd_plunger>}
2024-08-21 00:09:18,911 : INFO : EventManager : Event: ======'balldevice_bd_trough_ball_count_changed'====== Args={'balls': 5}
2024-08-21 00:09:18,912 : INFO : ball_device.bd_trough : State: idle
2024-08-21 00:09:18,912 : INFO : ball_device.bd_plunger : State: waiting_for_target_ready
2024-08-21 00:09:18,912 : INFO : EventManager : Event: ======'balldevice_bd_plunger_ball_eject_attempt'====== Args={'balls': 1, 'target': <playfield.playfield>, 'source': <ball_device.bd_plunger>, 'mechanical_eject': True, 'num_attempts': 0}
2024-08-21 00:09:18,913 : INFO : ball_device.bd_plunger : State: ejecting
2024-08-21 00:09:18,914 : INFO : ball_device.bd_plunger : Ejecting ball to <playfield.playfield>
2024-08-21 00:09:18,914 : INFO : EventManager : Event: ======'balldevice_bd_plunger_ejecting_ball'====== Args={'balls': 1, 'target': <playfield.playfield>, 'source': <ball_device.bd_plunger>, 'mechanical_eject': True, 'num_attempts': 0}
2024-08-21 00:09:18,915 : INFO : ball_device.bd_plunger : Wait for ball to leave device
2024-08-21 00:09:19,284 : INFO : EventManager : Event: ======'player_skillshot_skillshot_rotate_tick'====== Args={'value': 1, 'prev_value': 0, 'change': 1, 'player_num': 1}
2024-08-21 00:09:19,287 : INFO : EventManager : Event: ======'timer_skillshot_rotate_tick'====== Args={'ticks': 1, 'ticks_remaining': 0}
2024-08-21 00:09:19,306 : INFO : EventManager : Event: ======'player_shot_skillshot_p_target'====== Args={'value': 0, 'prev_value': 1, 'change': -1, 'player_num': 1}
2024-08-21 00:09:19,309 : INFO : EventManager : Event: ======'player_shot_skillshot_r_target'====== Args={'value': 1, 'prev_value': 0, 'change': 1, 'player_num': 1}
2024-08-21 00:09:19,739 : WARNING : SwitchController : Received duplicate switch state 1 for switch s_plunger from the platform interface. Log Code: Log-SwitchController-1 (https://missionpinball.org/logs)
2024-08-21 00:09:19,872 : INFO : SwitchController : <<<<<<< 's_plunger' inactive >>>>>>>
2024-08-21 00:09:19,873 : INFO : ball_device.bd_plunger : State: ball_left
2024-08-21 00:09:19,874 : INFO : ball_device.bd_plunger : Ball left
2024-08-21 00:09:19,874 : INFO : ball_device.bd_plunger : Wait for confirm with timeout 3.0
2024-08-21 00:09:20,284 : INFO : EventManager : Event: ======'player_skillshot_skillshot_rotate_tick'====== Args={'value': 2, 'prev_value': 1, 'change': 1, 'player_num': 1}
2024-08-21 00:09:20,285 : INFO : EventManager : Event: ======'timer_skillshot_rotate_tick'====== Args={'ticks': 2, 'ticks_remaining': 0}
2024-08-21 00:09:20,286 : INFO : EventManager : Event: ======'player_shot_skillshot_r_target'====== Args={'value': 0, 'prev_value': 1, 'change': -1, 'player_num': 1}
2024-08-21 00:09:20,287 : INFO : EventManager : Event: ======'player_shot_skillshot_o_target'====== Args={'value': 1, 'prev_value': 0, 'change': 1, 'player_num': 1}
2024-08-21 00:09:21,285 : INFO : EventManager : Event: ======'player_skillshot_skillshot_rotate_tick'====== Args={'value': 3, 'prev_value': 2, 'change': 1, 'player_num': 1}
2024-08-21 00:09:21,286 : INFO : EventManager : Event: ======'timer_skillshot_rotate_tick'====== Args={'ticks': 3, 'ticks_remaining': 0}
2024-08-21 00:09:21,287 : INFO : EventManager : Event: ======'player_shot_skillshot_o_target'====== Args={'value': 0, 'prev_value': 1, 'change': -1, 'player_num': 1}
2024-08-21 00:09:21,288 : INFO : EventManager : Event: ======'player_shot_skillshot_p2_target'====== Args={'value': 1, 'prev_value': 0, 'change': 1, 'player_num': 1}
2024-08-21 00:09:22,284 : INFO : EventManager : Event: ======'player_skillshot_skillshot_rotate_tick'====== Args={'value': 4, 'prev_value': 3, 'change': 1, 'player_num': 1}
2024-08-21 00:09:22,286 : INFO : EventManager : Event: ======'timer_skillshot_rotate_tick'====== Args={'ticks': 4, 'ticks_remaining': 0}
2024-08-21 00:09:22,288 : INFO : EventManager : Event: ======'player_shot_skillshot_p2_target'====== Args={'value': 0, 'prev_value': 1, 'change': -1, 'player_num': 1}
2024-08-21 00:09:22,290 : INFO : EventManager : Event: ======'player_shot_skillshot_a_target'====== Args={'value': 1, 'prev_value': 0, 'change': 1, 'player_num': 1}
2024-08-21 00:09:22,874 : INFO : ball_device.bd_plunger : State: failed_confirm
2024-08-21 00:09:22,875 : INFO : ball_device.bd_plunger : Got timeout (3.0s) before confirm from <playfield.playfield>
2024-08-21 00:09:22,976 : INFO : ball_device.bd_plunger : Confirming eject because target is playfield and ball did not return.
2024-08-21 00:09:22,976 : INFO : ball_device.bd_plunger : Eject successful
2024-08-21 00:09:22,976 : INFO : EventManager : Event: ======'balldevice_bd_plunger_ball_eject_success'====== Args={'balls': 1, 'target': <playfield.playfield>}
2024-08-21 00:09:22,977 : INFO : EventManager : Event: ======'balldevice_playfield_ball_enter'====== Args={'new_balls': 1, 'unclaimed_balls': 1, 'device': <playfield.playfield>}
2024-08-21 00:09:22,978 : INFO : EventManager : Event: ======'playfield_ball_count_change'====== Args={'balls': 1, 'change': 1}
2024-08-21 00:09:22,979 : INFO : EventManager : Event: ======'balldevice_bd_plunger_ball_count_changed'====== Args={'balls': 0}
2024-08-21 00:09:22,980 : INFO : ball_device.bd_plunger : State: idle
2024-08-21 00:09:23,284 : INFO : EventManager : Event: ======'player_skillshot_skillshot_rotate_tick'====== Args={'value': 5, 'prev_value': 4, 'change': 1, 'player_num': 1}
2024-08-21 00:09:23,286 : INFO : EventManager : Event: ======'timer_skillshot_rotate_tick'====== Args={'ticks': 5, 'ticks_remaining': 0}
2024-08-21 00:09:23,287 : INFO : EventManager : Event: ======'player_shot_skillshot_a_target'====== Args={'value': 0, 'prev_value': 1, 'change': -1, 'player_num': 1}
2024-08-21 00:09:23,288 : INFO : EventManager : Event: ======'player_shot_skillshot_n_target'====== Args={'value': 1, 'prev_value': 0, 'change': 1, 'player_num': 1}
2024-08-21 00:09:24,285 : INFO : EventManager : Event: ======'player_skillshot_skillshot_rotate_tick'====== Args={'value': 6, 'prev_value': 5, 'change': 1, 'player_num': 1}
2024-08-21 00:09:24,286 : INFO : EventManager : Event: ======'timer_skillshot_rotate_tick'====== Args={'ticks': 6, 'ticks_remaining': 0}
2024-08-21 00:09:24,287 : INFO : EventManager : Event: ======'player_shot_skillshot_n_target'====== Args={'value': 0, 'prev_value': 1, 'change': -1, 'player_num': 1}
2024-08-21 00:09:24,289 : INFO : EventManager : Event: ======'player_shot_skillshot_e_target'====== Args={'value': 1, 'prev_value': 0, 'change': 1, 'player_num': 1}
2024-08-21 00:09:25,285 : INFO : EventManager : Event: ======'player_skillshot_skillshot_rotate_tick'====== Args={'value': 7, 'prev_value': 6, 'change': 1, 'player_num': 1}
2024-08-21 00:09:25,286 : INFO : EventManager : Event: ======'timer_skillshot_rotate_tick'====== Args={'ticks': 7, 'ticks_remaining': 0}
2024-08-21 00:09:25,287 : INFO : EventManager : Event: ======'player_shot_skillshot_p_target'====== Args={'value': 1, 'prev_value': 0, 'change': 1, 'player_num': 1}
2024-08-21 00:09:25,289 : INFO : EventManager : Event: ======'player_shot_skillshot_e_target'====== Args={'value': 0, 'prev_value': 1, 'change': -1, 'player_num': 1}
2024-08-21 00:09:26,285 : INFO : EventManager : Event: ======'player_skillshot_skillshot_rotate_tick'====== Args={'value': 8, 'prev_value': 7, 'change': 1, 'player_num': 1}
2024-08-21 00:09:26,286 : INFO : EventManager : Event: ======'timer_skillshot_rotate_tick'====== Args={'ticks': 8, 'ticks_remaining': 0}
2024-08-21 00:09:26,288 : INFO : EventManager : Event: ======'player_shot_skillshot_p_target'====== Args={'value': 0, 'prev_value': 1, 'change': -1, 'player_num': 1}
2024-08-21 00:09:26,289 : INFO : EventManager : Event: ======'player_shot_skillshot_r_target'====== Args={'value': 1, 'prev_value': 0, 'change': 1, 'player_num': 1}
2024-08-21 00:09:27,284 : INFO : EventManager : Event: ======'player_skillshot_skillshot_rotate_tick'====== Args={'value': 9, 'prev_value': 8, 'change': 1, 'player_num': 1}
2024-08-21 00:09:27,285 : INFO : EventManager : Event: ======'timer_skillshot_rotate_tick'====== Args={'ticks': 9, 'ticks_remaining': 0}
2024-08-21 00:09:27,287 : INFO : EventManager : Event: ======'player_shot_skillshot_r_target'====== Args={'value': 0, 'prev_value': 1, 'change': -1, 'player_num': 1}
2024-08-21 00:09:27,288 : INFO : EventManager : Event: ======'player_shot_skillshot_o_target'====== Args={'value': 1, 'prev_value': 0, 'change': 1, 'player_num': 1}
2024-08-21 00:09:28,284 : INFO : EventManager : Event: ======'player_skillshot_skillshot_rotate_tick'====== Args={'value': 10, 'prev_value': 9, 'change': 1, 'player_num': 1}
2024-08-21 00:09:28,285 : INFO : EventManager : Event: ======'timer_skillshot_rotate_tick'====== Args={'ticks': 10, 'ticks_remaining': 0}
2024-08-21 00:09:28,286 : INFO : EventManager : Event: ======'player_shot_skillshot_o_target'====== Args={'value': 0, 'prev_value': 1, 'change': -1, 'player_num': 1}
2024-08-21 00:09:28,287 : INFO : EventManager : Event: ======'player_shot_skillshot_p2_target'====== Args={'value': 1, 'prev_value': 0, 'change': 1, 'player_num': 1}
2024-08-21 00:09:29,284 : INFO : EventManager : Event: ======'player_skillshot_skillshot_rotate_tick'====== Args={'value': 11, 'prev_value': 10, 'change': 1, 'player_num': 1}
2024-08-21 00:09:29,286 : INFO : EventManager : Event: ======'timer_skillshot_rotate_tick'====== Args={'ticks': 11, 'ticks_remaining': 0}
2024-08-21 00:09:29,287 : INFO : EventManager : Event: ======'player_shot_skillshot_p2_target'====== Args={'value': 0, 'prev_value': 1, 'change': -1, 'player_num': 1}
2024-08-21 00:09:29,288 : INFO : EventManager : Event: ======'player_shot_skillshot_a_target'====== Args={'value': 1, 'prev_value': 0, 'change': 1, 'player_num': 1}
2024-08-21 00:09:30,284 : INFO : EventManager : Event: ======'player_skillshot_skillshot_rotate_tick'====== Args={'value': 12, 'prev_value': 11, 'change': 1, 'player_num': 1}
2024-08-21 00:09:30,285 : INFO : EventManager : Event: ======'timer_skillshot_rotate_tick'====== Args={'ticks': 12, 'ticks_remaining': 0}
2024-08-21 00:09:30,287 : INFO : EventManager : Event: ======'player_shot_skillshot_a_target'====== Args={'value': 0, 'prev_value': 1, 'change': -1, 'player_num': 1}
2024-08-21 00:09:30,289 : INFO : EventManager : Event: ======'player_shot_skillshot_n_target'====== Args={'value': 1, 'prev_value': 0, 'change': 1, 'player_num': 1}
2024-08-21 00:09:31,284 : INFO : EventManager : Event: ======'player_skillshot_skillshot_rotate_tick'====== Args={'value': 13, 'prev_value': 12, 'change': 1, 'player_num': 1}
2024-08-21 00:09:31,286 : INFO : EventManager : Event: ======'timer_skillshot_rotate_tick'====== Args={'ticks': 13, 'ticks_remaining': 0}
2024-08-21 00:09:31,287 : INFO : EventManager : Event: ======'player_shot_skillshot_n_target'====== Args={'value': 0, 'prev_value': 1, 'change': -1, 'player_num': 1}
2024-08-21 00:09:31,289 : INFO : EventManager : Event: ======'player_shot_skillshot_e_target'====== Args={'value': 1, 'prev_value': 0, 'change': 1, 'player_num': 1}
2024-08-21 00:09:32,284 : INFO : EventManager : Event: ======'player_skillshot_skillshot_rotate_tick'====== Args={'value': 14, 'prev_value': 13, 'change': 1, 'player_num': 1}
2024-08-21 00:09:32,286 : INFO : EventManager : Event: ======'timer_skillshot_rotate_tick'====== Args={'ticks': 14, 'ticks_remaining': 0}
2024-08-21 00:09:32,286 : INFO : EventManager : Event: ======'player_shot_skillshot_p_target'====== Args={'value': 1, 'prev_value': 0, 'change': 1, 'player_num': 1}
2024-08-21 00:09:32,288 : INFO : EventManager : Event: ======'player_shot_skillshot_e_target'====== Args={'value': 0, 'prev_value': 1, 'change': -1, 'player_num': 1}
2024-08-21 00:09:33,284 : INFO : EventManager : Event: ======'player_skillshot_skillshot_rotate_tick'====== Args={'value': 15, 'prev_value': 14, 'change': 1, 'player_num': 1}
2024-08-21 00:09:33,286 : INFO : EventManager : Event: ======'timer_skillshot_rotate_tick'====== Args={'ticks': 15, 'ticks_remaining': 0}
2024-08-21 00:09:33,287 : INFO : EventManager : Event: ======'player_shot_skillshot_p_target'====== Args={'value': 0, 'prev_value': 1, 'change': -1, 'player_num': 1}
2024-08-21 00:09:33,289 : INFO : EventManager : Event: ======'player_shot_skillshot_r_target'====== Args={'value': 1, 'prev_value': 0, 'change': 1, 'player_num': 1}
2024-08-21 00:09:34,284 : INFO : EventManager : Event: ======'player_skillshot_skillshot_rotate_tick'====== Args={'value': 16, 'prev_value': 15, 'change': 1, 'player_num': 1}
2024-08-21 00:09:34,286 : INFO : EventManager : Event: ======'timer_skillshot_rotate_tick'====== Args={'ticks': 16, 'ticks_remaining': 0}
2024-08-21 00:09:34,287 : INFO : EventManager : Event: ======'player_shot_skillshot_r_target'====== Args={'value': 0, 'prev_value': 1, 'change': -1, 'player_num': 1}
2024-08-21 00:09:34,289 : INFO : EventManager : Event: ======'player_shot_skillshot_o_target'====== Args={'value': 1, 'prev_value': 0, 'change': 1, 'player_num': 1}
2024-08-21 00:09:34,291 : INFO : EventManager : Event: ======'slide_arlen_intro_inactive'====== Args={'_from_bcp': True}
2024-08-21 00:09:34,292 : INFO : EventManager : Event: ======'slide_base_active'====== Args={'_from_bcp': True}
2024-08-21 00:09:34,292 : INFO : EventManager : Event: ======'slide_arlen_intro_removed'====== Args={'_from_bcp': True}
2024-08-21 00:09:34,314 : INFO : EventManager : Event: ======'slide_skillshot_created'====== Args={'_from_bcp': True}
2024-08-21 00:09:34,315 : INFO : EventManager : Event: ======'slide_base_inactive'====== Args={'_from_bcp': True}
2024-08-21 00:09:34,315 : INFO : EventManager : Event: ======'slide_skillshot_active'====== Args={'original_context': 'skillshot', 'original_calling_context': 'slide_arlen_intro_removed', 'cmd': 'slides_play', '_from_bcp': True}
2024-08-21 00:09:35,284 : INFO : EventManager : Event: ======'player_skillshot_skillshot_rotate_tick'====== Args={'value': 17, 'prev_value': 16, 'change': 1, 'player_num': 1}
2024-08-21 00:09:35,286 : INFO : EventManager : Event: ======'timer_skillshot_rotate_tick'====== Args={'ticks': 17, 'ticks_remaining': 0}
2024-08-21 00:09:35,287 : INFO : EventManager : Event: ======'player_shot_skillshot_o_target'====== Args={'value': 0, 'prev_value': 1, 'change': -1, 'player_num': 1}
2024-08-21 00:09:35,289 : INFO : EventManager : Event: ======'player_shot_skillshot_p2_target'====== Args={'value': 1, 'prev_value': 0, 'change': 1, 'player_num': 1}
2024-08-21 00:09:36,284 : INFO : EventManager : Event: ======'player_skillshot_skillshot_rotate_tick'====== Args={'value': 18, 'prev_value': 17, 'change': 1, 'player_num': 1}
2024-08-21 00:09:36,286 : INFO : EventManager : Event: ======'timer_skillshot_rotate_tick'====== Args={'ticks': 18, 'ticks_remaining': 0}
2024-08-21 00:09:36,287 : INFO : EventManager : Event: ======'player_shot_skillshot_p2_target'====== Args={'value': 0, 'prev_value': 1, 'change': -1, 'player_num': 1}
2024-08-21 00:09:36,288 : INFO : EventManager : Event: ======'player_shot_skillshot_a_target'====== Args={'value': 1, 'prev_value': 0, 'change': 1, 'player_num': 1}
2024-08-21 00:09:37,048 : INFO : SwitchController : <<<<<<< 's_plunger_lane_exit' active >>>>>>>
2024-08-21 00:09:37,048 : INFO : EventManager : Event: ======'s_plunger_lane_exit_active'====== Args={}
2024-08-21 00:09:37,049 : INFO : EventManager : Event: ======'sw_playfield_active'====== Args={}
2024-08-21 00:09:37,049 : INFO : EventManager : Event: ======'machine_var_audits_switches_s_plunger_lane_exit'====== Args={'value': 870, 'prev_value': 869, 'change': 1}
2024-08-21 00:09:37,050 : INFO : EventManager : Event: ======'ball_save_default_timer_start'====== Args={}
2024-08-21 00:09:37,160 : INFO : SwitchController : <<<<<<< 's_plunger_lane_exit' inactive >>>>>>>
2024-08-21 00:09:37,160 : INFO : EventManager : Event: ======'s_plunger_lane_exit_inactive'====== Args={}
2024-08-21 00:09:37,160 : INFO : Timer.skillshot_rotate : Stopping Timer
2024-08-21 00:09:37,160 : INFO : EventManager : Event: ======'timer_skillshot_rotate_stopped'====== Args={'ticks': 18, 'ticks_remaining': 0}
2024-08-21 00:09:37,161 : INFO : EventManager : Event: ======'advance_skillshot_5'====== Args={'priority': 0}
2024-08-21 00:09:37,161 : INFO : EventManager : Event: ======'player_shot_skillshot_a_target'====== Args={'value': 2, 'prev_value': 1, 'change': 1, 'player_num': 1}
2024-08-21 00:09:45,052 : INFO : EventManager : Event: ======'ball_save_default_hurry_up'====== Args={}
2024-08-21 00:09:47,051 : INFO : EventManager : Event: ======'ball_save_default_grace_period'====== Args={}
2024-08-21 00:09:47,698 : INFO : Machine : Shutting down...
2024-08-21 00:09:47,698 : INFO : EventManager : Event: ======'shutdown'====== Args={}
2024-08-21 00:09:47,700 : INFO : EventManager : Event: ======'mode_game_will_stop'====== Args={}
2024-08-21 00:09:47,700 : INFO : EventManager : Event: ======'mode_game_stopping'====== Args={}
2024-08-21 00:09:47,701 : INFO : EventManager : Event: ======'mode_BBQ_rollover_will_stop'====== Args={}
2024-08-21 00:09:47,701 : INFO : EventManager : Event: ======'mode_BBQ_rollover_stopping'====== Args={}
2024-08-21 00:09:47,701 : INFO : EventManager : Event: ======'mode_base_will_stop'====== Args={}
2024-08-21 00:09:47,702 : INFO : EventManager : Event: ======'mode_base_stopping'====== Args={}
2024-08-21 00:09:47,702 : INFO : EventManager : Event: ======'mode_skillshot_will_stop'====== Args={}
2024-08-21 00:09:47,702 : INFO : EventManager : Event: ======'mode_skillshot_stopping'====== Args={}
2024-08-21 00:09:47,703 : INFO : EventManager : Event: ======'mode_hank_rollover_will_stop'====== Args={}
2024-08-21 00:09:47,703 : INFO : EventManager : Event: ======'mode_hank_rollover_stopping'====== Args={}
2024-08-21 00:09:47,703 : INFO : EventManager : Event: ======'mode_rainey_multiball_will_stop'====== Args={}
2024-08-21 00:09:47,703 : INFO : EventManager : Event: ======'mode_rainey_multiball_stopping'====== Args={}
2024-08-21 00:09:47,703 : INFO : EventManager : Event: ======'mode_extra_ball_will_stop'====== Args={}
2024-08-21 00:09:47,703 : INFO : EventManager : Event: ======'mode_extra_ball_stopping'====== Args={}
2024-08-21 00:09:47,704 : INFO : Mode.extra_ball : Stopped.
2024-08-21 00:09:47,704 : INFO : EventManager : Event: ======'modes_active_modes_changed'====== Args={}
2024-08-21 00:09:47,704 : INFO : EventManager : Event: ======'mode_extra_ball_stopped'====== Args={}
2024-08-21 00:09:47,704 : INFO : EventManager : Event: ======'clear'====== Args={'key': 'extra_ball'}
2024-08-21 00:09:47,705 : INFO : Mode.rainey_multiball : Stopped.
2024-08-21 00:09:47,705 : INFO : EventManager : Event: ======'modes_active_modes_changed'====== Args={}
2024-08-21 00:09:47,705 : INFO : EventManager : Event: ======'mode_rainey_multiball_stopped'====== Args={}
2024-08-21 00:09:47,705 : INFO : EventManager : Event: ======'clear'====== Args={'key': 'rainey_multiball'}
2024-08-21 00:09:47,705 : INFO : Mode.hank_rollover : Stopped.
2024-08-21 00:09:47,705 : INFO : EventManager : Event: ======'modes_active_modes_changed'====== Args={}
2024-08-21 00:09:47,705 : INFO : EventManager : Event: ======'mode_hank_rollover_stopped'====== Args={}
2024-08-21 00:09:47,705 : INFO : EventManager : Event: ======'clear'====== Args={'key': 'hank_rollover'}
2024-08-21 00:09:47,706 : INFO : Mode.skillshot : Stopped.
2024-08-21 00:09:47,707 : INFO : EventManager : Event: ======'modes_active_modes_changed'====== Args={}
2024-08-21 00:09:47,707 : INFO : EventManager : Event: ======'mode_skillshot_stopped'====== Args={}
2024-08-21 00:09:47,707 : INFO : EventManager : Event: ======'clear'====== Args={'key': 'skillshot'}
2024-08-21 00:09:47,708 : INFO : Timer.skillshot_rotate : Stopping Timer
2024-08-21 00:09:47,708 : INFO : EventManager : Event: ======'timer_skillshot_rotate_stopped'====== Args={'ticks': 18, 'ticks_remaining': 0}
2024-08-21 00:09:47,709 : INFO : Mode.base : Stopped.
2024-08-21 00:09:47,710 : INFO : EventManager : Event: ======'modes_active_modes_changed'====== Args={}
2024-08-21 00:09:47,711 : INFO : EventManager : Event: ======'mode_base_stopped'====== Args={}
2024-08-21 00:09:47,711 : INFO : EventManager : Event: ======'clear'====== Args={'key': 'base'}
2024-08-21 00:09:47,713 : INFO : EventManager : Event: ======'ball_save_default_disabled'====== Args={}
2024-08-21 00:09:47,713 : INFO : Mode.BBQ_rollover : Stopped.
2024-08-21 00:09:47,713 : INFO : EventManager : Event: ======'modes_active_modes_changed'====== Args={}
2024-08-21 00:09:47,713 : INFO : EventManager : Event: ======'mode_BBQ_rollover_stopped'====== Args={}
2024-08-21 00:09:47,713 : INFO : EventManager : Event: ======'clear'====== Args={'key': 'BBQ_rollover'}
2024-08-21 00:09:47,714 : INFO : Mode.game : Stopped.
2024-08-21 00:09:47,714 : INFO : EventManager : Event: ======'modes_active_modes_changed'====== Args={}
2024-08-21 00:09:47,714 : INFO : EventManager : Event: ======'mode_game_stopped'====== Args={}
2024-08-21 00:09:47,715 : INFO : EventManager : Event: ======'clear'====== Args={'key': 'game'}
2024-08-21 00:09:47,717 : INFO : root : MPF run loop ended.
