2024-08-18 21:58:04,570 : INFO : root : Loading config.
2024-08-18 21:58:04,572 : INFO : YamlMultifileConfigLoader : Machine config file #1: config.yaml
2024-08-18 21:58:04,572 : INFO : ConfigProcessor : Loading config from cache: /var/folders/sv/d29kcl5x50v7vt1n6xb5jsd40000gn/T/c166cef8060ffee16a35821bf698da85.mpf_cache
2024-08-18 21:58:04,606 : INFO : ConfigProcessor : Loading config from cache: /var/folders/sv/d29kcl5x50v7vt1n6xb5jsd40000gn/T/6b31c5ac6ecbad948994a8204ea6b05b.mpf_cache
2024-08-18 21:58:04,607 : INFO : ConfigProcessor : Loading config from cache: /var/folders/sv/d29kcl5x50v7vt1n6xb5jsd40000gn/T/fe612d1e66c8a96c19ba449d3748eeac.mpf_cache
2024-08-18 21:58:04,607 : INFO : ConfigProcessor : Loading config from cache: /var/folders/sv/d29kcl5x50v7vt1n6xb5jsd40000gn/T/6b31c5ac6ecbad948994a8204ea6b05b.mpf_cache
2024-08-18 21:58:04,607 : INFO : ConfigProcessor : Loading config from cache: /var/folders/sv/d29kcl5x50v7vt1n6xb5jsd40000gn/T/8765227693ecd961e0504502a81255e0.mpf_cache
2024-08-18 21:58:04,608 : INFO : ConfigProcessor : Loading config from cache: /var/folders/sv/d29kcl5x50v7vt1n6xb5jsd40000gn/T/b247728c74b4d81bcb2825e2b07062a7.mpf_cache
2024-08-18 21:58:04,608 : INFO : ConfigProcessor : Loading config from cache: /var/folders/sv/d29kcl5x50v7vt1n6xb5jsd40000gn/T/f240f94f0b5d0f37ec4fd7571275a101.mpf_cache
2024-08-18 21:58:04,608 : INFO : ConfigProcessor : Loading config from cache: /var/folders/sv/d29kcl5x50v7vt1n6xb5jsd40000gn/T/c4409acfdf3ec94666e0adef48d55400.mpf_cache
2024-08-18 21:58:04,608 : INFO : ConfigProcessor : Loading config from cache: /var/folders/sv/d29kcl5x50v7vt1n6xb5jsd40000gn/T/6a2f50ed892485825cc04dc0a68eab9f.mpf_cache
2024-08-18 21:58:04,608 : INFO : ConfigProcessor : Loading config from cache: /var/folders/sv/d29kcl5x50v7vt1n6xb5jsd40000gn/T/d58c58eb9fd1a2dc27f8acd255fb3761.mpf_cache
2024-08-18 21:58:04,609 : INFO : ConfigProcessor : Loading config from cache: /var/folders/sv/d29kcl5x50v7vt1n6xb5jsd40000gn/T/07adfd310b3ef0e03c5cbc91527abb6c.mpf_cache
2024-08-18 21:58:04,609 : INFO : ConfigProcessor : Loading config from cache: /var/folders/sv/d29kcl5x50v7vt1n6xb5jsd40000gn/T/12bd5247c3bf989b919364bdb7829769.mpf_cache
2024-08-18 21:58:04,609 : INFO : ConfigProcessor : Loading config from cache: /var/folders/sv/d29kcl5x50v7vt1n6xb5jsd40000gn/T/362e08f51a1a1b7a0809dd52f9c83f83.mpf_cache
2024-08-18 21:58:04,609 : INFO : ConfigProcessor : Loading config from cache: /var/folders/sv/d29kcl5x50v7vt1n6xb5jsd40000gn/T/e45e3bd39557ed8d0881194a7afab8f7.mpf_cache
2024-08-18 21:58:04,609 : INFO : ConfigProcessor : Loading config from cache: /var/folders/sv/d29kcl5x50v7vt1n6xb5jsd40000gn/T/331d8d1a1bc190cae8c13495e1db372f.mpf_cache
2024-08-18 21:58:04,610 : INFO : ConfigProcessor : Loading config from cache: /var/folders/sv/d29kcl5x50v7vt1n6xb5jsd40000gn/T/d17a9ff77386e6f1439d0802ace1de07.mpf_cache
2024-08-18 21:58:04,610 : INFO : ConfigProcessor : Loading config from cache: /var/folders/sv/d29kcl5x50v7vt1n6xb5jsd40000gn/T/280fd64455d0d243a54ab4db98fbccbd.mpf_cache
2024-08-18 21:58:04,610 : INFO : ConfigProcessor : Loading config from cache: /var/folders/sv/d29kcl5x50v7vt1n6xb5jsd40000gn/T/0c0596ed8fbb40b6113901d21bdc0a39.mpf_cache
2024-08-18 21:58:04,610 : INFO : ConfigProcessor : Loading config from cache: /var/folders/sv/d29kcl5x50v7vt1n6xb5jsd40000gn/T/f521a0f834965d73920394ccceaa3c1c.mpf_cache
2024-08-18 21:58:04,610 : INFO : ConfigProcessor : Loading config from cache: /var/folders/sv/d29kcl5x50v7vt1n6xb5jsd40000gn/T/0fedc249e142fba0aaf46d9adc7061fa.mpf_cache
2024-08-18 21:58:04,611 : INFO : ConfigProcessor : Loading config from cache: /var/folders/sv/d29kcl5x50v7vt1n6xb5jsd40000gn/T/c57745b2fe399992c4aedf0209f8acc9.mpf_cache
2024-08-18 21:58:04,611 : INFO : ConfigProcessor : Loading config from cache: /var/folders/sv/d29kcl5x50v7vt1n6xb5jsd40000gn/T/4d7707f845442344c77faa09114dd414.mpf_cache
2024-08-18 21:58:04,612 : INFO : ConfigProcessor : Loading config from cache: /var/folders/sv/d29kcl5x50v7vt1n6xb5jsd40000gn/T/3048ed2d7ea14eee3db896f6760aa474.mpf_cache
2024-08-18 21:58:04,612 : INFO : ConfigProcessor : Loading config from cache: /var/folders/sv/d29kcl5x50v7vt1n6xb5jsd40000gn/T/a14a120665a0ee9fd8a6e22274033983.mpf_cache
2024-08-18 21:58:04,613 : INFO : ConfigProcessor : Loading config from cache: /var/folders/sv/d29kcl5x50v7vt1n6xb5jsd40000gn/T/984de704eb69e43ca43e84d7915bfa21.mpf_cache
2024-08-18 21:58:04,613 : INFO : ConfigProcessor : Loading config from cache: /var/folders/sv/d29kcl5x50v7vt1n6xb5jsd40000gn/T/0a9cb7260d26760274024f443d38cc22.mpf_cache
2024-08-18 21:58:04,614 : INFO : ConfigProcessor : Loading config from cache: /var/folders/sv/d29kcl5x50v7vt1n6xb5jsd40000gn/T/deb753c2acdccb3c49ddc8f2a7e04ee6.mpf_cache
2024-08-18 21:58:04,614 : INFO : ConfigProcessor : Loading config from cache: /var/folders/sv/d29kcl5x50v7vt1n6xb5jsd40000gn/T/4a90c06755c4a5beef2ee4c243f54397.mpf_cache
2024-08-18 21:58:04,614 : INFO : Machine : Mission Pinball Framework Core Engine v0.80.0.dev1
2024-08-18 21:58:04,614 : INFO : Machine : Command line arguments: {'no_load_cache': False, 'create_config_cache': True, 'bcp': True, 'configfile': ['config.yaml'], 'force_assets_load': False, 'platform_integration_test': False, 'jsonlogging': False, 'logfile': 'logs/2024-08-18-21-58-04-mpf-Nicks-Air.lan.log', 'pause': False, 'production': False, 'text_ui': True, 'loglevel': 15, 'consoleloglevel': 20, 'force_platform': None, 'syslog_address': None, 'mc_file_name': None, 'no_sound': False, 'full_logfile_path': '/Users/nicktaseris/Desktop/Pinball/KOTH/logs/2024-08-18-21-58-04-mpf-Nicks-Air.lan.log'}
2024-08-18 21:58:04,614 : INFO : Machine : MPF path: /Users/nicktaseris/mpfenv/lib/python3.9/site-packages/mpf
2024-08-18 21:58:04,614 : INFO : Machine : Machine path: /Users/nicktaseris/Desktop/Pinball/KOTH
2024-08-18 21:58:04,614 : INFO : Machine : Platform: darwin
2024-08-18 21:58:04,614 : INFO : Machine : Python executable location: /Users/nicktaseris/mpfenv/bin/python3
2024-08-18 21:58:04,614 : INFO : Machine : Python version: 3.9.13 (64-bit)
2024-08-18 21:58:04,615 : INFO : Machine : Initializing MPF...
2024-08-18 21:58:04,640 : INFO : EventManager : Event: ======'machine_var_credits_string'====== Args={'value': 'FREE PLAY', 'prev_value': None, 'change': True}
2024-08-18 21:58:04,647 : INFO : EventManager : Event: ======'machine_var_master_volume'====== Args={'value': 0.5, 'prev_value': None, 'change': True}
2024-08-18 21:58:04,647 : INFO : EventManager : Event: ======'machine_var_player1_score'====== Args={'value': 175300, 'prev_value': None, 'change': True}
2024-08-18 21:58:04,647 : INFO : EventManager : Event: ======'machine_var_mpf_version'====== Args={'value': 'Mission Pinball Framework v0.80.0.dev1', 'prev_value': None, 'change': True}
2024-08-18 21:58:04,647 : INFO : EventManager : Event: ======'machine_var_mpf_extended_version'====== Args={'value': 'Mission Pinball Framework v0.80.0.dev1, Config version:6, Show version: 6, BCP version:1.1', 'prev_value': None, 'change': True}
2024-08-18 21:58:04,647 : INFO : EventManager : Event: ======'machine_var_python_version'====== Args={'value': '3.9.13', 'prev_value': None, 'change': True}
2024-08-18 21:58:04,656 : INFO : EventManager : Event: ======'machine_var_platform'====== Args={'value': 'macOS-12.1-arm64-arm-64bit', 'prev_value': None, 'change': True}
2024-08-18 21:58:04,656 : INFO : EventManager : Event: ======'machine_var_platform_system'====== Args={'value': 'Darwin', 'prev_value': None, 'change': True}
2024-08-18 21:58:04,656 : INFO : EventManager : Event: ======'machine_var_platform_release'====== Args={'value': '21.2.0', 'prev_value': None, 'change': True}
2024-08-18 21:58:04,656 : INFO : EventManager : Event: ======'machine_var_platform_version'====== Args={'value': 'Darwin Kernel Version 21.2.0: Sun Nov 28 20:29:10 PST 2021; root:xnu-8019.61.5~1/RELEASE_ARM64_T8101', 'prev_value': None, 'change': True}
2024-08-18 21:58:04,656 : INFO : EventManager : Event: ======'machine_var_platform_machine'====== Args={'value': 'arm64', 'prev_value': None, 'change': True}
2024-08-18 21:58:04,656 : INFO : EventManager : Event: ======'machine_var_log_file_path'====== Args={'value': '/Users/nicktaseris/Desktop/Pinball/KOTH/logs/2024-08-18-21-58-04-mpf-Nicks-Air.lan.log', 'prev_value': None, 'change': True}
2024-08-18 21:58:04,656 : INFO : EventManager : Event: ======'init_phase_1'====== Args={}
2024-08-18 21:58:04,683 : INFO : EventManager : Event: ======'drop_target_bank_strickland_bank_up'====== Args={}
2024-08-18 21:58:04,684 : INFO : EventManager : Event: ======'init_phase_2'====== Args={}
2024-08-18 21:58:04,684 : INFO : SwitchController : Found active switch: ('39', <Platform.SmartVirtual>) <switch.s_trough1>
2024-08-18 21:58:04,684 : INFO : SwitchController : Found active switch: ('40', <Platform.SmartVirtual>) <switch.s_trough2>
2024-08-18 21:58:04,684 : INFO : SwitchController : Found active switch: ('41', <Platform.SmartVirtual>) <switch.s_trough3>
2024-08-18 21:58:04,684 : INFO : SwitchController : Found active switch: ('42', <Platform.SmartVirtual>) <switch.s_trough4>
2024-08-18 21:58:04,684 : INFO : SwitchController : Found active switch: ('43', <Platform.SmartVirtual>) <switch.s_trough5>
2024-08-18 21:58:04,684 : INFO : SwitchController : Found active switch: ('44', <Platform.SmartVirtual>) <switch.s_trough6>
2024-08-18 21:58:04,689 : INFO : EventManager : Event: ======'machine_var_score1_label'====== Args={'value': 'GRAND CHAMPION', 'prev_value': None, 'change': True}
2024-08-18 21:58:04,689 : INFO : EventManager : Event: ======'machine_var_score1_name'====== Args={'value': 'BRI', 'prev_value': None, 'change': True}
2024-08-18 21:58:04,689 : INFO : EventManager : Event: ======'machine_var_score1_value'====== Args={'value': 4242, 'prev_value': None, 'change': True}
2024-08-18 21:58:04,689 : INFO : EventManager : Event: ======'machine_var_score2_label'====== Args={'value': 'HIGH SCORE 1', 'prev_value': None, 'change': True}
2024-08-18 21:58:04,689 : INFO : EventManager : Event: ======'machine_var_score2_name'====== Args={'value': 'GHK', 'prev_value': None, 'change': True}
2024-08-18 21:58:04,689 : INFO : EventManager : Event: ======'machine_var_score2_value'====== Args={'value': 2323, 'prev_value': None, 'change': True}
2024-08-18 21:58:04,689 : INFO : EventManager : Event: ======'machine_var_score3_label'====== Args={'value': 'HIGH SCORE 2', 'prev_value': None, 'change': True}
2024-08-18 21:58:04,689 : INFO : EventManager : Event: ======'machine_var_score3_name'====== Args={'value': 'JK', 'prev_value': None, 'change': True}
2024-08-18 21:58:04,689 : INFO : EventManager : Event: ======'machine_var_score3_value'====== Args={'value': 1337, 'prev_value': None, 'change': True}
2024-08-18 21:58:04,689 : INFO : EventManager : Event: ======'machine_var_score4_label'====== Args={'value': 'HIGH SCORE 3', 'prev_value': None, 'change': True}
2024-08-18 21:58:04,689 : INFO : EventManager : Event: ======'machine_var_score4_name'====== Args={'value': 'QC', 'prev_value': None, 'change': True}
2024-08-18 21:58:04,689 : INFO : EventManager : Event: ======'machine_var_score4_value'====== Args={'value': 42, 'prev_value': None, 'change': True}
2024-08-18 21:58:04,689 : INFO : EventManager : Event: ======'machine_var_score5_label'====== Args={'value': 'HIGH SCORE 4', 'prev_value': None, 'change': True}
2024-08-18 21:58:04,690 : INFO : EventManager : Event: ======'machine_var_score5_name'====== Args={'value': 'MPF', 'prev_value': None, 'change': True}
2024-08-18 21:58:04,690 : INFO : EventManager : Event: ======'machine_var_score5_value'====== Args={'value': 23, 'prev_value': None, 'change': True}
2024-08-18 21:58:04,690 : INFO : EventManager : Event: ======'bcp_connection_attempt'====== Args={'name': 'local_display', 'host': 'localhost', 'port': 5050}
2024-08-18 21:58:04,691 : INFO : BCPClientSocket : Connecting BCP to 'local_display' at localhost:5050...
2024-08-18 21:58:04,693 : INFO : BCPClientSocket : Connected BCP to 'local_display' localhost:5050
2024-08-18 21:58:04,693 : INFO : EventManager : Event: ======'bcp_clients_connected'====== Args={}
2024-08-18 21:58:04,694 : INFO : ball_device.bd_trough : BCH: Initial count: 6
2024-08-18 21:58:04,694 : INFO : ball_device.bd_trough : State: idle
2024-08-18 21:58:04,694 : INFO : ball_device.bd_plunger : BCH: Initial count: 0
2024-08-18 21:58:04,694 : INFO : ball_device.bd_plunger : State: idle
2024-08-18 21:58:04,695 : INFO : ball_device.bd_scoop : BCH: Initial count: 0
2024-08-18 21:58:04,695 : INFO : ball_device.bd_scoop : State: idle
2024-08-18 21:58:04,699 : INFO : EventManager : Event: ======'init_phase_3'====== Args={}
2024-08-18 21:58:04,705 : INFO : EventManager : Event: ======'init_phase_4'====== Args={}
2024-08-18 21:58:04,705 : INFO : BallController : Initial balls found: 6
2024-08-18 21:58:04,705 : INFO : EventManager : Event: ======'machine_var_audits_events_game_ended'====== Args={'value': 4, 'prev_value': None, 'change': True}
2024-08-18 21:58:04,706 : INFO : EventManager : Event: ======'machine_var_audits_events_game_started'====== Args={'value': 765, 'prev_value': None, 'change': True}
2024-08-18 21:58:04,706 : INFO : EventManager : Event: ======'machine_var_audits_missing_switches_s_a_target'====== Args={'value': 46, 'prev_value': None, 'change': True}
2024-08-18 21:58:04,706 : INFO : EventManager : Event: ======'machine_var_audits_missing_switches_s_bottom_inline_drop'====== Args={'value': 41, 'prev_value': None, 'change': True}
2024-08-18 21:58:04,706 : INFO : EventManager : Event: ======'machine_var_audits_missing_switches_s_bottom_pop_bumper'====== Args={'value': 324, 'prev_value': None, 'change': True}
2024-08-18 21:58:04,706 : INFO : EventManager : Event: ======'machine_var_audits_missing_switches_s_center_spinner'====== Args={'value': 46, 'prev_value': None, 'change': True}
2024-08-18 21:58:04,706 : INFO : EventManager : Event: ======'machine_var_audits_missing_switches_s_e_target'====== Args={'value': 41, 'prev_value': None, 'change': True}
2024-08-18 21:58:04,706 : INFO : EventManager : Event: ======'machine_var_audits_missing_switches_s_launch_button'====== Args={'value': 236, 'prev_value': None, 'change': True}
2024-08-18 21:58:04,706 : INFO : EventManager : Event: ======'machine_var_audits_missing_switches_s_left_inlane'====== Args={'value': 21, 'prev_value': None, 'change': True}
2024-08-18 21:58:04,706 : INFO : EventManager : Event: ======'machine_var_audits_missing_switches_s_left_inner_horseshoe'====== Args={'value': 399, 'prev_value': None, 'change': True}
2024-08-18 21:58:04,706 : INFO : EventManager : Event: ======'machine_var_audits_missing_switches_s_left_orbit_exit'====== Args={'value': 115, 'prev_value': None, 'change': True}
2024-08-18 21:58:04,706 : INFO : EventManager : Event: ======'machine_var_audits_missing_switches_s_left_outlane'====== Args={'value': 21, 'prev_value': None, 'change': True}
2024-08-18 21:58:04,706 : INFO : EventManager : Event: ======'machine_var_audits_missing_switches_s_left_pop_bumper'====== Args={'value': 324, 'prev_value': None, 'change': True}
2024-08-18 21:58:04,706 : INFO : EventManager : Event: ======'machine_var_audits_missing_switches_s_left_ramp_enter'====== Args={'value': 37, 'prev_value': None, 'change': True}
2024-08-18 21:58:04,706 : INFO : EventManager : Event: ======'machine_var_audits_missing_switches_s_left_ramp_exit'====== Args={'value': 37, 'prev_value': None, 'change': True}
2024-08-18 21:58:04,706 : INFO : EventManager : Event: ======'machine_var_audits_missing_switches_s_left_ramp_standup'====== Args={'value': 13, 'prev_value': None, 'change': True}
2024-08-18 21:58:04,707 : INFO : EventManager : Event: ======'machine_var_audits_missing_switches_s_left_rollover_lane'====== Args={'value': 21, 'prev_value': None, 'change': True}
2024-08-18 21:58:04,707 : INFO : EventManager : Event: ======'machine_var_audits_missing_switches_s_left_sling'====== Args={'value': 415, 'prev_value': None, 'change': True}
2024-08-18 21:58:04,707 : INFO : EventManager : Event: ======'machine_var_audits_missing_switches_s_left_spinner'====== Args={'value': 58, 'prev_value': None, 'change': True}
2024-08-18 21:58:04,707 : INFO : EventManager : Event: ======'machine_var_audits_missing_switches_s_middle_inline_drop'====== Args={'value': 41, 'prev_value': None, 'change': True}
2024-08-18 21:58:04,707 : INFO : EventManager : Event: ======'machine_var_audits_missing_switches_s_middle_rollover_lane'====== Args={'value': 21, 'prev_value': None, 'change': True}
2024-08-18 21:58:04,707 : INFO : EventManager : Event: ======'machine_var_audits_missing_switches_s_n_target'====== Args={'value': 46, 'prev_value': None, 'change': True}
2024-08-18 21:58:04,707 : INFO : EventManager : Event: ======'machine_var_audits_missing_switches_s_o_target'====== Args={'value': 13, 'prev_value': None, 'change': True}
2024-08-18 21:58:04,707 : INFO : EventManager : Event: ======'machine_var_audits_missing_switches_s_p2_target'====== Args={'value': 28, 'prev_value': None, 'change': True}
2024-08-18 21:58:04,707 : INFO : EventManager : Event: ======'machine_var_audits_missing_switches_s_p_target'====== Args={'value': 13, 'prev_value': None, 'change': True}
2024-08-18 21:58:04,707 : INFO : EventManager : Event: ======'machine_var_audits_missing_switches_s_r_target'====== Args={'value': 13, 'prev_value': None, 'change': True}
2024-08-18 21:58:04,707 : INFO : EventManager : Event: ======'machine_var_audits_missing_switches_s_right_inlane'====== Args={'value': 21, 'prev_value': None, 'change': True}
2024-08-18 21:58:04,707 : INFO : EventManager : Event: ======'machine_var_audits_missing_switches_s_right_inner_horseshoe'====== Args={'value': 115, 'prev_value': None, 'change': True}
2024-08-18 21:58:04,707 : INFO : EventManager : Event: ======'machine_var_audits_missing_switches_s_right_orbit_exit'====== Args={'value': 508, 'prev_value': None, 'change': True}
2024-08-18 21:58:04,708 : INFO : EventManager : Event: ======'machine_var_audits_missing_switches_s_right_outlane'====== Args={'value': 21, 'prev_value': None, 'change': True}
2024-08-18 21:58:04,708 : INFO : EventManager : Event: ======'machine_var_audits_missing_switches_s_right_pop_bumper'====== Args={'value': 45, 'prev_value': None, 'change': True}
2024-08-18 21:58:04,708 : INFO : EventManager : Event: ======'machine_var_audits_missing_switches_s_right_ramp_enter'====== Args={'value': 37, 'prev_value': None, 'change': True}
2024-08-18 21:58:04,708 : INFO : EventManager : Event: ======'machine_var_audits_missing_switches_s_right_ramp_exit'====== Args={'value': 37, 'prev_value': None, 'change': True}
2024-08-18 21:58:04,708 : INFO : EventManager : Event: ======'machine_var_audits_missing_switches_s_right_ramp_standup'====== Args={'value': 115, 'prev_value': None, 'change': True}
2024-08-18 21:58:04,708 : INFO : EventManager : Event: ======'machine_var_audits_missing_switches_s_right_rollover_lane'====== Args={'value': 21, 'prev_value': None, 'change': True}
2024-08-18 21:58:04,708 : INFO : EventManager : Event: ======'machine_var_audits_missing_switches_s_right_sling'====== Args={'value': 716, 'prev_value': None, 'change': True}
2024-08-18 21:58:04,708 : INFO : EventManager : Event: ======'machine_var_audits_missing_switches_s_top_inline_drop'====== Args={'value': 51, 'prev_value': None, 'change': True}
2024-08-18 21:58:04,708 : INFO : EventManager : Event: ======'machine_var_audits_missing_switches_s_trough1'====== Args={'value': 46, 'prev_value': None, 'change': True}
2024-08-18 21:58:04,708 : INFO : EventManager : Event: ======'machine_var_audits_missing_switches_s_trough2'====== Args={'value': 61, 'prev_value': None, 'change': True}
2024-08-18 21:58:04,708 : INFO : EventManager : Event: ======'machine_var_audits_missing_switches_s_trough3'====== Args={'value': 60, 'prev_value': None, 'change': True}
2024-08-18 21:58:04,708 : INFO : EventManager : Event: ======'machine_var_audits_missing_switches_s_trough4'====== Args={'value': 187, 'prev_value': None, 'change': True}
2024-08-18 21:58:04,709 : INFO : EventManager : Event: ======'machine_var_audits_missing_switches_s_trough5'====== Args={'value': 720, 'prev_value': None, 'change': True}
2024-08-18 21:58:04,709 : INFO : EventManager : Event: ======'machine_var_audits_missing_switches_s_trough6'====== Args={'value': 720, 'prev_value': None, 'change': True}
2024-08-18 21:58:04,709 : INFO : EventManager : Event: ======'machine_var_audits_missing_switches_s_trough_jam'====== Args={'value': 653, 'prev_value': None, 'change': True}
2024-08-18 21:58:04,709 : INFO : EventManager : Event: ======'machine_var_audits_player_score'====== Args={'value': {'average': 109379, 'top': [370600, 175300, 400, 300, 250], 'total': 5}, 'prev_value': None, 'change': True}
2024-08-18 21:58:04,709 : INFO : EventManager : Event: ======'machine_var_audits_shots_a_rollover_lane'====== Args={'value': 15, 'prev_value': None, 'change': True}
2024-08-18 21:58:04,709 : INFO : EventManager : Event: ======'machine_var_audits_shots_a_target'====== Args={'value': 7, 'prev_value': None, 'change': True}
2024-08-18 21:58:04,709 : INFO : EventManager : Event: ======'machine_var_audits_shots_ball_lock_a_target'====== Args={'value': 6, 'prev_value': None, 'change': True}
2024-08-18 21:58:04,709 : INFO : EventManager : Event: ======'machine_var_audits_shots_ball_lock_e_target'====== Args={'value': 5, 'prev_value': None, 'change': True}
2024-08-18 21:58:04,709 : INFO : EventManager : Event: ======'machine_var_audits_shots_ball_lock_n_target'====== Args={'value': 5, 'prev_value': None, 'change': True}
2024-08-18 21:58:04,709 : INFO : EventManager : Event: ======'machine_var_audits_shots_ball_lock_p2_target'====== Args={'value': 9, 'prev_value': None, 'change': True}
2024-08-18 21:58:04,710 : INFO : EventManager : Event: ======'machine_var_audits_shots_e_target'====== Args={'value': 3, 'prev_value': None, 'change': True}
2024-08-18 21:58:04,710 : INFO : EventManager : Event: ======'machine_var_audits_shots_h_rollover_lane'====== Args={'value': 18, 'prev_value': None, 'change': True}
2024-08-18 21:58:04,710 : INFO : EventManager : Event: ======'machine_var_audits_shots_k_rollover_lane'====== Args={'value': 14, 'prev_value': None, 'change': True}
2024-08-18 21:58:04,710 : INFO : EventManager : Event: ======'machine_var_audits_shots_left_rollover_lane'====== Args={'value': 212, 'prev_value': None, 'change': True}
2024-08-18 21:58:04,710 : INFO : EventManager : Event: ======'machine_var_audits_shots_middle_rollover_lane'====== Args={'value': 201, 'prev_value': None, 'change': True}
2024-08-18 21:58:04,710 : INFO : EventManager : Event: ======'machine_var_audits_shots_n_rollover_lane'====== Args={'value': 13, 'prev_value': None, 'change': True}
2024-08-18 21:58:04,710 : INFO : EventManager : Event: ======'machine_var_audits_shots_n_target'====== Args={'value': 9, 'prev_value': None, 'change': True}
2024-08-18 21:58:04,710 : INFO : EventManager : Event: ======'machine_var_audits_shots_o_target'====== Args={'value': 4, 'prev_value': None, 'change': True}
2024-08-18 21:58:04,710 : INFO : EventManager : Event: ======'machine_var_audits_shots_p2_target'====== Args={'value': 5, 'prev_value': None, 'change': True}
2024-08-18 21:58:04,711 : INFO : EventManager : Event: ======'machine_var_audits_shots_p_target'====== Args={'value': 8, 'prev_value': None, 'change': True}
2024-08-18 21:58:04,711 : INFO : EventManager : Event: ======'machine_var_audits_shots_qualify_a_target'====== Args={'value': 7, 'prev_value': None, 'change': True}
2024-08-18 21:58:04,711 : INFO : EventManager : Event: ======'machine_var_audits_shots_qualify_e_target'====== Args={'value': 8, 'prev_value': None, 'change': True}
2024-08-18 21:58:04,711 : INFO : EventManager : Event: ======'machine_var_audits_shots_qualify_n_target'====== Args={'value': 7, 'prev_value': None, 'change': True}
2024-08-18 21:58:04,711 : INFO : EventManager : Event: ======'machine_var_audits_shots_qualify_o_target'====== Args={'value': 273, 'prev_value': None, 'change': True}
2024-08-18 21:58:04,711 : INFO : EventManager : Event: ======'machine_var_audits_shots_qualify_p2_target'====== Args={'value': 9, 'prev_value': None, 'change': True}
2024-08-18 21:58:04,711 : INFO : EventManager : Event: ======'machine_var_audits_shots_qualify_p_target'====== Args={'value': 221, 'prev_value': None, 'change': True}
2024-08-18 21:58:04,711 : INFO : EventManager : Event: ======'machine_var_audits_shots_qualify_r_target'====== Args={'value': 262, 'prev_value': None, 'change': True}
2024-08-18 21:58:04,712 : INFO : EventManager : Event: ======'machine_var_audits_shots_r_target'====== Args={'value': 14, 'prev_value': None, 'change': True}
2024-08-18 21:58:04,712 : INFO : EventManager : Event: ======'machine_var_audits_shots_rainey_multiball_ball_lock_a_target'====== Args={'value': 31, 'prev_value': None, 'change': True}
2024-08-18 21:58:04,712 : INFO : EventManager : Event: ======'machine_var_audits_shots_rainey_multiball_ball_lock_e_target'====== Args={'value': 32, 'prev_value': None, 'change': True}
2024-08-18 21:58:04,712 : INFO : EventManager : Event: ======'machine_var_audits_shots_rainey_multiball_ball_lock_n_target'====== Args={'value': 30, 'prev_value': None, 'change': True}
2024-08-18 21:58:04,712 : INFO : EventManager : Event: ======'machine_var_audits_shots_rainey_multiball_ball_lock_p2_target'====== Args={'value': 46, 'prev_value': None, 'change': True}
2024-08-18 21:58:04,712 : INFO : EventManager : Event: ======'machine_var_audits_shots_right_rollover_lane'====== Args={'value': 206, 'prev_value': None, 'change': True}
2024-08-18 21:58:04,713 : INFO : EventManager : Event: ======'machine_var_audits_shots_scoop'====== Args={'value': 76, 'prev_value': None, 'change': True}
2024-08-18 21:58:04,713 : INFO : EventManager : Event: ======'machine_var_audits_shots_scoop_mission_select'====== Args={'value': 57, 'prev_value': None, 'change': True}
2024-08-18 21:58:04,713 : INFO : EventManager : Event: ======'machine_var_audits_shots_shot_left_ramp'====== Args={'value': 17, 'prev_value': None, 'change': True}
2024-08-18 21:58:04,713 : INFO : EventManager : Event: ======'machine_var_audits_shots_shot_right_ramp'====== Args={'value': 24, 'prev_value': None, 'change': True}
2024-08-18 21:58:04,713 : INFO : EventManager : Event: ======'machine_var_audits_shots_skillshot_a_target'====== Args={'value': 74, 'prev_value': None, 'change': True}
2024-08-18 21:58:04,713 : INFO : EventManager : Event: ======'machine_var_audits_shots_skillshot_e_target'====== Args={'value': 61, 'prev_value': None, 'change': True}
2024-08-18 21:58:04,713 : INFO : EventManager : Event: ======'machine_var_audits_shots_skillshot_n_target'====== Args={'value': 53, 'prev_value': None, 'change': True}
2024-08-18 21:58:04,714 : INFO : EventManager : Event: ======'machine_var_audits_shots_skillshot_o_target'====== Args={'value': 110, 'prev_value': None, 'change': True}
2024-08-18 21:58:04,714 : INFO : EventManager : Event: ======'machine_var_audits_shots_skillshot_p2_target'====== Args={'value': 64, 'prev_value': None, 'change': True}
2024-08-18 21:58:04,714 : INFO : EventManager : Event: ======'machine_var_audits_shots_skillshot_p_target'====== Args={'value': 47, 'prev_value': None, 'change': True}
2024-08-18 21:58:04,714 : INFO : EventManager : Event: ======'machine_var_audits_shots_skillshot_r_target'====== Args={'value': 88, 'prev_value': None, 'change': True}
2024-08-18 21:58:04,714 : INFO : EventManager : Event: ======'machine_var_audits_shots_spinner'====== Args={'value': 4, 'prev_value': None, 'change': True}
2024-08-18 21:58:04,714 : INFO : EventManager : Event: ======'machine_var_audits_switches_s_a_target'====== Args={'value': 159, 'prev_value': None, 'change': True}
2024-08-18 21:58:04,714 : INFO : EventManager : Event: ======'machine_var_audits_switches_s_bottom_inline_drop'====== Args={'value': 1013, 'prev_value': None, 'change': True}
2024-08-18 21:58:04,715 : INFO : EventManager : Event: ======'machine_var_audits_switches_s_bottom_pop_bumper'====== Args={'value': 10, 'prev_value': None, 'change': True}
2024-08-18 21:58:04,715 : INFO : EventManager : Event: ======'machine_var_audits_switches_s_center_spinner'====== Args={'value': 197, 'prev_value': None, 'change': True}
2024-08-18 21:58:04,715 : INFO : EventManager : Event: ======'machine_var_audits_switches_s_e_target'====== Args={'value': 164, 'prev_value': None, 'change': True}
2024-08-18 21:58:04,715 : INFO : EventManager : Event: ======'machine_var_audits_switches_s_launch_button'====== Args={'value': 10, 'prev_value': None, 'change': True}
2024-08-18 21:58:04,715 : INFO : EventManager : Event: ======'machine_var_audits_switches_s_left_flipper'====== Args={'value': 295, 'prev_value': None, 'change': True}
2024-08-18 21:58:04,715 : INFO : EventManager : Event: ======'machine_var_audits_switches_s_left_inlane'====== Args={'value': 26, 'prev_value': None, 'change': True}
2024-08-18 21:58:04,715 : INFO : EventManager : Event: ======'machine_var_audits_switches_s_left_inner_horseshoe'====== Args={'value': 15, 'prev_value': None, 'change': True}
2024-08-18 21:58:04,716 : INFO : EventManager : Event: ======'machine_var_audits_switches_s_left_orbit_enter'====== Args={'value': 66, 'prev_value': None, 'change': True}
2024-08-18 21:58:04,716 : INFO : EventManager : Event: ======'machine_var_audits_switches_s_left_orbit_exit'====== Args={'value': 20, 'prev_value': None, 'change': True}
2024-08-18 21:58:04,716 : INFO : EventManager : Event: ======'machine_var_audits_switches_s_left_outlane'====== Args={'value': 44, 'prev_value': None, 'change': True}
2024-08-18 21:58:04,716 : INFO : EventManager : Event: ======'machine_var_audits_switches_s_left_pop_bumper'====== Args={'value': 9, 'prev_value': None, 'change': True}
2024-08-18 21:58:04,716 : INFO : EventManager : Event: ======'machine_var_audits_switches_s_left_ramp_enter'====== Args={'value': 30, 'prev_value': None, 'change': True}
2024-08-18 21:58:04,716 : INFO : EventManager : Event: ======'machine_var_audits_switches_s_left_ramp_exit'====== Args={'value': 37, 'prev_value': None, 'change': True}
2024-08-18 21:58:04,716 : INFO : EventManager : Event: ======'machine_var_audits_switches_s_left_ramp_standup'====== Args={'value': 1314, 'prev_value': None, 'change': True}
2024-08-18 21:58:04,717 : INFO : EventManager : Event: ======'machine_var_audits_switches_s_left_rollover_lane'====== Args={'value': 217, 'prev_value': None, 'change': True}
2024-08-18 21:58:04,717 : INFO : EventManager : Event: ======'machine_var_audits_switches_s_left_sling'====== Args={'value': 12, 'prev_value': None, 'change': True}
2024-08-18 21:58:04,717 : INFO : EventManager : Event: ======'machine_var_audits_switches_s_left_spinner'====== Args={'value': 137, 'prev_value': None, 'change': True}
2024-08-18 21:58:04,717 : INFO : EventManager : Event: ======'machine_var_audits_switches_s_middle_inline_drop'====== Args={'value': 999, 'prev_value': None, 'change': True}
2024-08-18 21:58:04,717 : INFO : EventManager : Event: ======'machine_var_audits_switches_s_middle_rollover_lane'====== Args={'value': 204, 'prev_value': None, 'change': True}
2024-08-18 21:58:04,717 : INFO : EventManager : Event: ======'machine_var_audits_switches_s_n_target'====== Args={'value': 150, 'prev_value': None, 'change': True}
2024-08-18 21:58:04,718 : INFO : EventManager : Event: ======'machine_var_audits_switches_s_o_target'====== Args={'value': 320, 'prev_value': None, 'change': True}
2024-08-18 21:58:04,718 : INFO : EventManager : Event: ======'machine_var_audits_switches_s_p2_target'====== Args={'value': 126, 'prev_value': None, 'change': True}
2024-08-18 21:58:04,718 : INFO : EventManager : Event: ======'machine_var_audits_switches_s_p_target'====== Args={'value': 442, 'prev_value': None, 'change': True}
2024-08-18 21:58:04,718 : INFO : EventManager : Event: ======'machine_var_audits_switches_s_plunger'====== Args={'value': 943, 'prev_value': None, 'change': True}
2024-08-18 21:58:04,718 : INFO : EventManager : Event: ======'machine_var_audits_switches_s_plunger_lane'====== Args={'value': 39, 'prev_value': None, 'change': True}
2024-08-18 21:58:04,719 : INFO : EventManager : Event: ======'machine_var_audits_switches_s_plunger_lane_exit'====== Args={'value': 685, 'prev_value': None, 'change': True}
2024-08-18 21:58:04,719 : INFO : EventManager : Event: ======'machine_var_audits_switches_s_r_target'====== Args={'value': 302, 'prev_value': None, 'change': True}
2024-08-18 21:58:04,719 : INFO : EventManager : Event: ======'machine_var_audits_switches_s_right_flipper'====== Args={'value': 1126, 'prev_value': None, 'change': True}
2024-08-18 21:58:04,719 : INFO : EventManager : Event: ======'machine_var_audits_switches_s_right_inlane'====== Args={'value': 22, 'prev_value': None, 'change': True}
2024-08-18 21:58:04,719 : INFO : EventManager : Event: ======'machine_var_audits_switches_s_right_inner_horseshoe'====== Args={'value': 16, 'prev_value': None, 'change': True}
2024-08-18 21:58:04,720 : INFO : EventManager : Event: ======'machine_var_audits_switches_s_right_orbit_exit'====== Args={'value': 33, 'prev_value': None, 'change': True}
2024-08-18 21:58:04,720 : INFO : EventManager : Event: ======'machine_var_audits_switches_s_right_outlane'====== Args={'value': 22, 'prev_value': None, 'change': True}
2024-08-18 21:58:04,720 : INFO : EventManager : Event: ======'machine_var_audits_switches_s_right_pop_bumper'====== Args={'value': 18, 'prev_value': None, 'change': True}
2024-08-18 21:58:04,720 : INFO : EventManager : Event: ======'machine_var_audits_switches_s_right_ramp_enter'====== Args={'value': 16, 'prev_value': None, 'change': True}
2024-08-18 21:58:04,720 : INFO : EventManager : Event: ======'machine_var_audits_switches_s_right_ramp_exit'====== Args={'value': 26, 'prev_value': None, 'change': True}
2024-08-18 21:58:04,720 : INFO : EventManager : Event: ======'machine_var_audits_switches_s_right_ramp_standup'====== Args={'value': 287, 'prev_value': None, 'change': True}
2024-08-18 21:58:04,721 : INFO : EventManager : Event: ======'machine_var_audits_switches_s_right_rollover_lane'====== Args={'value': 220, 'prev_value': None, 'change': True}
2024-08-18 21:58:04,721 : INFO : EventManager : Event: ======'machine_var_audits_switches_s_right_sling'====== Args={'value': 1, 'prev_value': None, 'change': True}
2024-08-18 21:58:04,721 : INFO : EventManager : Event: ======'machine_var_audits_switches_s_scoop'====== Args={'value': 394, 'prev_value': None, 'change': True}
2024-08-18 21:58:04,721 : INFO : EventManager : Event: ======'machine_var_audits_switches_s_start'====== Args={'value': 495, 'prev_value': None, 'change': True}
2024-08-18 21:58:04,721 : INFO : EventManager : Event: ======'machine_var_audits_switches_s_top_inline_drop'====== Args={'value': 46, 'prev_value': None, 'change': True}
2024-08-18 21:58:04,722 : INFO : EventManager : Event: ======'machine_var_audits_switches_s_trough1'====== Args={'value': 407, 'prev_value': None, 'change': True}
2024-08-18 21:58:04,722 : INFO : EventManager : Event: ======'machine_var_audits_switches_s_trough2'====== Args={'value': 31, 'prev_value': None, 'change': True}
2024-08-18 21:58:04,722 : INFO : EventManager : Event: ======'machine_var_audits_switches_s_trough3'====== Args={'value': 12, 'prev_value': None, 'change': True}
2024-08-18 21:58:04,722 : INFO : EventManager : Event: ======'machine_var_audits_switches_s_trough4'====== Args={'value': 3, 'prev_value': None, 'change': True}
2024-08-18 21:58:04,722 : INFO : EventManager : Event: ======'machine_var_audits_switches_s_trough5'====== Args={'value': 2, 'prev_value': None, 'change': True}
2024-08-18 21:58:04,723 : INFO : EventManager : Event: ======'machine_var_audits_switches_s_trough6'====== Args={'value': 1, 'prev_value': None, 'change': True}
2024-08-18 21:58:04,723 : INFO : EventManager : Event: ======'machine_var_audits_switches_s_trough_jam'====== Args={'value': 5, 'prev_value': None, 'change': True}
2024-08-18 21:58:04,723 : INFO : EventManager : Event: ======'init_phase_5'====== Args={}
2024-08-18 21:58:04,725 : INFO : EventManager : Event: ======'init_done'====== Args={}
2024-08-18 21:58:04,726 : INFO : EventManager : Event: ======'machine_reset_phase_1'====== Args={}
2024-08-18 21:58:04,730 : INFO : EventManager : Event: ======'machine_reset_phase_2'====== Args={}
2024-08-18 21:58:04,731 : INFO : EventManager : Event: ======'machine_reset_phase_3'====== Args={}
2024-08-18 21:58:04,731 : INFO : drop_target_bank.strickland_bank : All targets are already up. Will not reset bank.
2024-08-18 21:58:04,731 : INFO : EventManager : Event: ======'reset_complete'====== Args={}
2024-08-18 21:58:04,731 : INFO : EventManager : Event: ======'mode_attract_will_start'====== Args={}
2024-08-18 21:58:04,731 : INFO : Timer.attract_switch : Starting Timer.
2024-08-18 21:58:04,731 : INFO : EventManager : Event: ======'timer_attract_switch_started'====== Args={'ticks': 0, 'ticks_remaining': 45}
2024-08-18 21:58:04,731 : INFO : EventManager : Event: ======'timer_attract_switch_tick'====== Args={'ticks': 0, 'ticks_remaining': 45}
2024-08-18 21:58:04,732 : INFO : EventManager : Event: ======'mode_attract_starting'====== Args={}
2024-08-18 21:58:04,732 : INFO : Mode.attract : Started. Priority: 10
2024-08-18 21:58:04,732 : INFO : EventManager : Event: ======'modes_active_modes_changed'====== Args={}
2024-08-18 21:58:04,732 : INFO : EventManager : Event: ======'mode_attract_started'====== Args={}
2024-08-18 21:58:04,732 : INFO : EventManager : Event: ======'collecting_balls_complete'====== Args={}
2024-08-18 21:58:04,732 : INFO : Machine : Starting the main run loop.
2024-08-18 21:58:05,212 : INFO : BcpServer : New client connected.
2024-08-18 21:58:05,609 : INFO : SwitchController : <<<<<<< 's_start' active >>>>>>>
2024-08-18 21:58:05,609 : INFO : EventManager : Event: ======'s_start_active'====== Args={}
2024-08-18 21:58:05,610 : INFO : EventManager : Event: ======'sw_add_player'====== Args={'priority': 0}
2024-08-18 21:58:05,731 : INFO : EventManager : Event: ======'timer_attract_switch_tick'====== Args={'ticks': 1, 'ticks_remaining': 44}
2024-08-18 21:58:05,732 : INFO : SwitchController : <<<<<<< 's_start' inactive >>>>>>>
2024-08-18 21:58:05,732 : INFO : EventManager : Event: ======'request_to_start_game'====== Args={}
2024-08-18 21:58:05,732 : INFO : EventManager : Event: ======'game_start'====== Args={'buttons': [], 'hold_time': 0.12233658300000005}
2024-08-18 21:58:05,733 : INFO : EventManager : Event: ======'mode_game_will_start'====== Args={'buttons': [], 'hold_time': 0.12233658300000005}
2024-08-18 21:58:05,733 : INFO : EventManager : Event: ======'mode_game_starting'====== Args={'buttons': [], 'hold_time': 0.12233658300000005}
2024-08-18 21:58:05,733 : INFO : EventManager : Event: ======'mode_attract_will_stop'====== Args={}
2024-08-18 21:58:05,733 : INFO : EventManager : Event: ======'mode_attract_stopping'====== Args={}
2024-08-18 21:58:05,733 : INFO : Mode.attract : Stopped.
2024-08-18 21:58:05,733 : INFO : EventManager : Event: ======'modes_active_modes_changed'====== Args={}
2024-08-18 21:58:05,733 : INFO : EventManager : Event: ======'mode_attract_stopped'====== Args={}
2024-08-18 21:58:05,734 : INFO : EventManager : Event: ======'clear'====== Args={'key': 'attract'}
2024-08-18 21:58:05,734 : INFO : Timer.attract_switch : Stopping Timer
2024-08-18 21:58:05,734 : INFO : EventManager : Event: ======'timer_attract_switch_stopped'====== Args={'ticks': 1, 'ticks_remaining': 44}
2024-08-18 21:58:05,734 : INFO : Mode.game : Started. Priority: 20
2024-08-18 21:58:05,734 : INFO : EventManager : Event: ======'modes_active_modes_changed'====== Args={}
2024-08-18 21:58:05,734 : INFO : EventManager : Event: ======'mode_game_started'====== Args={'buttons': [], 'hold_time': 0.12233658300000005}
2024-08-18 21:58:05,734 : INFO : EventManager : Event: ======'game_will_start'====== Args={}
2024-08-18 21:58:05,735 : INFO : EventManager : Event: ======'game_starting'====== Args={'game': <Mode.game>}
2024-08-18 21:58:05,735 : INFO : EventManager : Unordered handler for class <Auditor> on event game_ended with priority 1. Handlers: [RegisteredHandler(callback=<bound method Auditor.disable of <Auditor>>, priority=1, kwargs={}, key=UUID('b135c537-903c-44f9-8d87-4ff9516bb88f'), condition=None, blocking_facility=None), RegisteredHandler(callback=<bound method Auditor._save_audits of <Auditor>>, priority=1, kwargs={}, key=UUID('b6b7f60c-ce6f-43a2-9d17-a94ed9ce88e4'), condition=None, blocking_facility=None)]. The order of those handlers is not defined and they will be executed in random order. This might lead to race conditions and potential bugs.
2024-08-18 21:58:05,735 : INFO : EventManager : Event: ======'player_add_request'====== Args={}
2024-08-18 21:58:05,735 : INFO : EventManager : Event: ======'player_will_add'====== Args={'number': 1}
2024-08-18 21:58:05,736 : INFO : EventManager : Event: ======'player_adding'====== Args={'player': <Player 1>, 'number': 1}
2024-08-18 21:58:05,736 : INFO : EventManager : Event: ======'player_added'====== Args={'player': <Player 1>, 'num': 1}
2024-08-18 21:58:05,736 : INFO : Mode.game : Player added successfully. Total players: 1
2024-08-18 21:58:05,736 : INFO : EventManager : Event: ======'player_index'====== Args={'value': 0, 'prev_value': 0, 'change': 0, 'player_num': 1}
2024-08-18 21:58:05,736 : INFO : EventManager : Event: ======'player_number'====== Args={'value': 1, 'prev_value': 1, 'change': 0, 'player_num': 1}
2024-08-18 21:58:05,736 : INFO : EventManager : Event: ======'player_score'====== Args={'value': 0, 'prev_value': 0, 'change': 0, 'player_num': 1}
2024-08-18 21:58:05,736 : INFO : EventManager : Event: ======'game_started'====== Args={}
2024-08-18 21:58:05,737 : INFO : EventManager : Event: ======'player_turn_will_start'====== Args={'player': <Player 1>, 'number': 1}
2024-08-18 21:58:05,741 : INFO : EventManager : Event: ======'player_turn_starting'====== Args={'player': <Player 1>, 'number': 1}
2024-08-18 21:58:05,741 : INFO : EventManager : Event: ======'player_ball'====== Args={'value': 1, 'prev_value': 0, 'change': 1, 'player_num': 1}
2024-08-18 21:58:05,741 : INFO : EventManager : Event: ======'player_turn_started'====== Args={'player': <Player 1>, 'number': 1}
2024-08-18 21:58:05,742 : INFO : EventManager : Event: ======'ball_will_start'====== Args={'player': 1, 'ball': 1, 'balls_remaining': 2, 'is_extra_ball': False}
2024-08-18 21:58:05,742 : INFO : EventManager : Event: ======'ball_starting'====== Args={'player': 1, 'ball': 1, 'balls_remaining': 2, 'is_extra_ball': False}
2024-08-18 21:58:05,745 : INFO : EventManager : Event: ======'mode_skillshot_will_start'====== Args={'queue': <QueuedEvent>, 'player': 1, 'ball': 1, 'balls_remaining': 2, 'is_extra_ball': False}
2024-08-18 21:58:05,745 : INFO : EventManager : Event: ======'skillshot_complete'====== Args={'state': 'None'}
2024-08-18 21:58:05,745 : INFO : EventManager : Event: ======'skillshot_None_complete'====== Args={}
2024-08-18 21:58:05,746 : INFO : EventManager : Event: ======'player_shot_skillshot_p_target_enabled'====== Args={'value': True, 'prev_value': 0, 'change': 1, 'player_num': 1}
2024-08-18 21:58:05,746 : INFO : EventManager : Event: ======'player_shot_skillshot_r_target_enabled'====== Args={'value': True, 'prev_value': 0, 'change': 1, 'player_num': 1}
2024-08-18 21:58:05,746 : INFO : EventManager : Event: ======'player_shot_skillshot_o_target_enabled'====== Args={'value': True, 'prev_value': 0, 'change': 1, 'player_num': 1}
2024-08-18 21:58:05,747 : INFO : EventManager : Event: ======'player_shot_skillshot_p2_target_enabled'====== Args={'value': True, 'prev_value': 0, 'change': 1, 'player_num': 1}
2024-08-18 21:58:05,747 : INFO : EventManager : Event: ======'player_shot_skillshot_a_target_enabled'====== Args={'value': True, 'prev_value': 0, 'change': 1, 'player_num': 1}
2024-08-18 21:58:05,747 : INFO : EventManager : Event: ======'player_shot_skillshot_n_target_enabled'====== Args={'value': True, 'prev_value': 0, 'change': 1, 'player_num': 1}
2024-08-18 21:58:05,747 : INFO : EventManager : Event: ======'player_shot_skillshot_e_target_enabled'====== Args={'value': True, 'prev_value': 0, 'change': 1, 'player_num': 1}
2024-08-18 21:58:05,747 : INFO : EventManager : Event: ======'player_skillshot_skillshot_rotate_tick'====== Args={'value': 0, 'prev_value': 0, 'change': 0, 'player_num': 1}
2024-08-18 21:58:05,748 : INFO : Timer.skillshot_rotate : Starting Timer.
2024-08-18 21:58:05,748 : INFO : EventManager : Event: ======'timer_skillshot_rotate_started'====== Args={'ticks': 0, 'ticks_remaining': 0}
2024-08-18 21:58:05,748 : INFO : EventManager : Event: ======'timer_skillshot_rotate_tick'====== Args={'ticks': 0, 'ticks_remaining': 0}
2024-08-18 21:58:05,749 : INFO : EventManager : Event: ======'mode_skillshot_starting'====== Args={'queue': <QueuedEvent>, 'player': 1, 'ball': 1, 'balls_remaining': 2, 'is_extra_ball': False}
2024-08-18 21:58:05,749 : INFO : drop_target_bank.strickland_bank : All targets are already up. Will not reset bank.
2024-08-18 21:58:05,749 : INFO : EventManager : Event: ======'cmd_flippers_enable'====== Args={'priority': 0}
2024-08-18 21:58:05,749 : INFO : EventManager : Event: ======'cmd_autofire_coils_enable'====== Args={'priority': 0}
2024-08-18 21:58:05,749 : INFO : EventManager : Event: ======'cmd_drop_targets_reset'====== Args={'priority': 0}
2024-08-18 21:58:05,749 : INFO : Mode.skillshot : Started. Priority: 200
2024-08-18 21:58:05,749 : INFO : EventManager : Event: ======'modes_active_modes_changed'====== Args={}
2024-08-18 21:58:05,749 : INFO : EventManager : Event: ======'mode_skillshot_started'====== Args={'queue': <QueuedEvent>, 'player': 1, 'ball': 1, 'balls_remaining': 2, 'is_extra_ball': False}
2024-08-18 21:58:05,749 : INFO : EventManager : Event: ======'player_shot_skillshot_p_target'====== Args={'value': 1, 'prev_value': 0, 'change': 1, 'player_num': 1}
2024-08-18 21:58:05,750 : INFO : EventManager : Event: ======'balls_in_play'====== Args={'balls': 1}
2024-08-18 21:58:05,750 : INFO : EventManager : Event: ======'ball_started'====== Args={'player': 1, 'ball': 1, 'balls_remaining': 2, 'is_extra_ball': False}
2024-08-18 21:58:05,750 : INFO : EventManager : Event: ======'mode_extra_ball_will_start'====== Args={'player': 1, 'ball': 1, 'balls_remaining': 2, 'is_extra_ball': False}
2024-08-18 21:58:05,750 : INFO : EventManager : Event: ======'player_extra_ball_score_one_num_awarded'====== Args={'value': 0, 'prev_value': 0, 'change': 0, 'player_num': 1}
2024-08-18 21:58:05,750 : INFO : EventManager : Event: ======'player_extra_ball_score_two_num_awarded'====== Args={'value': 0, 'prev_value': 0, 'change': 0, 'player_num': 1}
2024-08-18 21:58:05,750 : INFO : EventManager : Event: ======'mode_extra_ball_starting'====== Args={'player': 1, 'ball': 1, 'balls_remaining': 2, 'is_extra_ball': False}
2024-08-18 21:58:05,750 : INFO : EventManager : Event: ======'mode_rainey_multiball_will_start'====== Args={'player': 1, 'ball': 1, 'balls_remaining': 2, 'is_extra_ball': False}
2024-08-18 21:58:05,751 : INFO : EventManager : Event: ======'mode_rainey_multiball_starting'====== Args={'player': 1, 'ball': 1, 'balls_remaining': 2, 'is_extra_ball': False}
2024-08-18 21:58:05,751 : INFO : EventManager : Event: ======'mode_hank_rollover_will_start'====== Args={'player': 1, 'ball': 1, 'balls_remaining': 2, 'is_extra_ball': False}
2024-08-18 21:58:05,751 : INFO : EventManager : Event: ======'player_shot_h_rollover_lane_enabled'====== Args={'value': True, 'prev_value': 0, 'change': 1, 'player_num': 1}
2024-08-18 21:58:05,751 : INFO : EventManager : Event: ======'player_shot_a_rollover_lane_enabled'====== Args={'value': True, 'prev_value': 0, 'change': 1, 'player_num': 1}
2024-08-18 21:58:05,752 : INFO : EventManager : Event: ======'player_shot_n_rollover_lane_enabled'====== Args={'value': True, 'prev_value': 0, 'change': 1, 'player_num': 1}
2024-08-18 21:58:05,752 : INFO : EventManager : Event: ======'player_shot_k_rollover_lane_enabled'====== Args={'value': True, 'prev_value': 0, 'change': 1, 'player_num': 1}
2024-08-18 21:58:05,752 : INFO : EventManager : Event: ======'hank_lanes_complete'====== Args={'state': 'unlit'}
2024-08-18 21:58:05,752 : INFO : EventManager : Event: ======'hank_lanes_unlit_complete'====== Args={}
2024-08-18 21:58:05,753 : INFO : EventManager : Event: ======'mode_hank_rollover_starting'====== Args={'player': 1, 'ball': 1, 'balls_remaining': 2, 'is_extra_ball': False}
2024-08-18 21:58:05,753 : INFO : EventManager : Event: ======'mode_BBQ_rollover_will_start'====== Args={'player': 1, 'ball': 1, 'balls_remaining': 2, 'is_extra_ball': False}
2024-08-18 21:58:05,753 : INFO : EventManager : Event: ======'player_shot_left_rollover_lane_enabled'====== Args={'value': True, 'prev_value': 0, 'change': 1, 'player_num': 1}
2024-08-18 21:58:05,753 : INFO : EventManager : Event: ======'player_shot_middle_rollover_lane_enabled'====== Args={'value': True, 'prev_value': 0, 'change': 1, 'player_num': 1}
2024-08-18 21:58:05,753 : INFO : EventManager : Event: ======'player_shot_right_rollover_lane_enabled'====== Args={'value': True, 'prev_value': 0, 'change': 1, 'player_num': 1}
2024-08-18 21:58:05,754 : INFO : EventManager : Event: ======'BBQ_lanes_complete'====== Args={'state': 'unlit'}
2024-08-18 21:58:05,754 : INFO : EventManager : Event: ======'BBQ_lanes_unlit_complete'====== Args={}
2024-08-18 21:58:05,755 : INFO : EventManager : Event: ======'mode_BBQ_rollover_starting'====== Args={'player': 1, 'ball': 1, 'balls_remaining': 2, 'is_extra_ball': False}
2024-08-18 21:58:05,755 : INFO : EventManager : Event: ======'mode_base_will_start'====== Args={'player': 1, 'ball': 1, 'balls_remaining': 2, 'is_extra_ball': False}
2024-08-18 21:58:05,755 : INFO : EventManager : Event: ======'player_shot_qualify_p_target_enabled'====== Args={'value': True, 'prev_value': 0, 'change': 1, 'player_num': 1}
2024-08-18 21:58:05,755 : INFO : EventManager : Event: ======'player_shot_qualify_r_target_enabled'====== Args={'value': True, 'prev_value': 0, 'change': 1, 'player_num': 1}
2024-08-18 21:58:05,755 : INFO : EventManager : Event: ======'player_shot_qualify_o_target_enabled'====== Args={'value': True, 'prev_value': 0, 'change': 1, 'player_num': 1}
2024-08-18 21:58:05,755 : INFO : EventManager : Event: ======'player_shot_scoop_enabled'====== Args={'value': True, 'prev_value': 0, 'change': 1, 'player_num': 1}
2024-08-18 21:58:05,756 : INFO : EventManager : Event: ======'player_shot_rainey_multiball_ball_lock_p2_target_enabled'====== Args={'value': True, 'prev_value': 0, 'change': 1, 'player_num': 1}
2024-08-18 21:58:05,756 : INFO : EventManager : Event: ======'player_shot_rainey_multiball_ball_lock_a_target_enabled'====== Args={'value': True, 'prev_value': 0, 'change': 1, 'player_num': 1}
2024-08-18 21:58:05,756 : INFO : EventManager : Event: ======'player_shot_rainey_multiball_ball_lock_n_target_enabled'====== Args={'value': True, 'prev_value': 0, 'change': 1, 'player_num': 1}
2024-08-18 21:58:05,756 : INFO : EventManager : Event: ======'player_shot_rainey_multiball_ball_lock_e_target_enabled'====== Args={'value': True, 'prev_value': 0, 'change': 1, 'player_num': 1}
2024-08-18 21:58:05,756 : INFO : EventManager : Event: ======'player_shot_spinner_enabled'====== Args={'value': True, 'prev_value': 0, 'change': 1, 'player_num': 1}
2024-08-18 21:58:05,757 : INFO : EventManager : Event: ======'qualify_mission_complete'====== Args={'state': 'unlit'}
2024-08-18 21:58:05,757 : INFO : EventManager : Event: ======'qualify_mission_unlit_complete'====== Args={}
2024-08-18 21:58:05,757 : INFO : EventManager : Event: ======'light_rainey_multiball_ball_lock_complete'====== Args={'state': 'unlit'}
2024-08-18 21:58:05,757 : INFO : EventManager : Event: ======'light_rainey_multiball_ball_lock_unlit_complete'====== Args={}
2024-08-18 21:58:05,759 : INFO : EventManager : Event: ======'mode_base_starting'====== Args={'player': 1, 'ball': 1, 'balls_remaining': 2, 'is_extra_ball': False}
2024-08-18 21:58:05,759 : INFO : Mode.extra_ball : Started. Priority: 900
2024-08-18 21:58:05,759 : INFO : EventManager : Event: ======'modes_active_modes_changed'====== Args={}
2024-08-18 21:58:05,759 : INFO : EventManager : Event: ======'mode_extra_ball_started'====== Args={'player': 1, 'ball': 1, 'balls_remaining': 2, 'is_extra_ball': False}
2024-08-18 21:58:05,760 : INFO : EventManager : Event: ======'slide__removed'====== Args={'_from_bcp': True}
2024-08-18 21:58:05,760 : INFO : EventManager : Event: ======'logicblock_mb_counter_updated'====== Args={'value': 0, 'enabled': False}
2024-08-18 21:58:05,760 : INFO : Mode.rainey_multiball : Started. Priority: 250
2024-08-18 21:58:05,760 : INFO : EventManager : Event: ======'modes_active_modes_changed'====== Args={}
2024-08-18 21:58:05,760 : INFO : EventManager : Event: ======'mode_rainey_multiball_started'====== Args={'player': 1, 'ball': 1, 'balls_remaining': 2, 'is_extra_ball': False}
2024-08-18 21:58:05,760 : INFO : EventManager : Event: ======'logicblock_lb_hank_complete_count_updated'====== Args={'value': 1, 'enabled': True}
2024-08-18 21:58:05,760 : INFO : EventManager : Event: ======'logicblock_lb_hank_complete_count_updated'====== Args={'value': 1, 'enabled': True}
2024-08-18 21:58:05,760 : INFO : Mode.hank_rollover : Started. Priority: 200
2024-08-18 21:58:05,760 : INFO : EventManager : Event: ======'modes_active_modes_changed'====== Args={}
2024-08-18 21:58:05,760 : INFO : EventManager : Event: ======'mode_hank_rollover_started'====== Args={'player': 1, 'ball': 1, 'balls_remaining': 2, 'is_extra_ball': False}
2024-08-18 21:58:05,760 : INFO : EventManager : Event: ======'logicblock_lb_BBQ_complete_count_updated'====== Args={'value': 1, 'enabled': True}
2024-08-18 21:58:05,760 : INFO : EventManager : Event: ======'logicblock_lb_BBQ_complete_count_updated'====== Args={'value': 1, 'enabled': True}
2024-08-18 21:58:05,760 : INFO : Mode.BBQ_rollover : Started. Priority: 200
2024-08-18 21:58:05,760 : INFO : EventManager : Event: ======'modes_active_modes_changed'====== Args={}
2024-08-18 21:58:05,760 : INFO : EventManager : Event: ======'mode_BBQ_rollover_started'====== Args={'player': 1, 'ball': 1, 'balls_remaining': 2, 'is_extra_ball': False}
2024-08-18 21:58:05,761 : INFO : EventManager : Event: ======'logicblock_bill_mini_wizard_updated'====== Args={'value': [False, False], 'enabled': True}
2024-08-18 21:58:05,761 : INFO : EventManager : Event: ======'logicblock_dale_mini_wizard_updated'====== Args={'value': [False, False], 'enabled': True}
2024-08-18 21:58:05,761 : INFO : EventManager : Event: ======'logicblock_hank_mini_wizard_updated'====== Args={'value': [False, False], 'enabled': True}
2024-08-18 21:58:05,761 : INFO : EventManager : Event: ======'logicblock_boom_mini_wizard_updated'====== Args={'value': [False, False], 'enabled': True}
2024-08-18 21:58:05,761 : INFO : EventManager : Event: ======'logicblock_bill_mini_wizard_updated'====== Args={'value': [False, False], 'enabled': True}
2024-08-18 21:58:05,761 : INFO : EventManager : Event: ======'logicblock_dale_mini_wizard_updated'====== Args={'value': [False, False], 'enabled': True}
2024-08-18 21:58:05,761 : INFO : EventManager : Event: ======'logicblock_hank_mini_wizard_updated'====== Args={'value': [False, False], 'enabled': True}
2024-08-18 21:58:05,761 : INFO : EventManager : Event: ======'logicblock_boom_mini_wizard_updated'====== Args={'value': [False, False], 'enabled': True}
2024-08-18 21:58:05,761 : INFO : Mode.base : Started. Priority: 100
2024-08-18 21:58:05,761 : INFO : EventManager : Event: ======'modes_active_modes_changed'====== Args={}
2024-08-18 21:58:05,761 : INFO : EventManager : Event: ======'mode_base_started'====== Args={'player': 1, 'ball': 1, 'balls_remaining': 2, 'is_extra_ball': False}
2024-08-18 21:58:05,762 : INFO : EventManager : Event: ======'player_bonus_multiplier'====== Args={'value': 1, 'prev_value': 0, 'change': 1, 'player_num': 1, 'source': 'BBQ_rollover'}
2024-08-18 21:58:05,762 : INFO : EventManager : Event: ======'ball_save_default_enabled'====== Args={}
2024-08-18 21:58:05,762 : INFO : EventManager : Event: ======'single_player_ball_started'====== Args={}
2024-08-18 21:58:05,765 : INFO : EventManager : Event: ======'ball_start_target'====== Args={'target': 'playfield'}
2024-08-18 21:58:05,765 : INFO : EventManager : Event: ======'slide_dtp_logo_attract_created'====== Args={'_from_bcp': True}
2024-08-18 21:58:05,765 : INFO : EventManager : Event: ======'slide_dtp_logo_attract_active'====== Args={'original_context': 'attract', 'original_calling_context': 'timer_attract_switch_tick{ticks==1}', 'cmd': 'slides_play', '_from_bcp': True}
2024-08-18 21:58:05,765 : INFO : ball_device.bd_plunger : Setting up player-controlled eject. Balls: 1, Target: <playfield.playfield>, player_controlled_eject_event: s_launch_button_inactive
2024-08-18 21:58:05,766 : INFO : EventManager : Event: ======'balldevice_balls_available'====== Args={}
2024-08-18 21:58:05,766 : INFO : ball_device.bd_trough : State: waiting_for_target_ready
2024-08-18 21:58:05,766 : INFO : EventManager : Event: ======'balldevice_bd_trough_ball_eject_attempt'====== Args={'balls': 1, 'target': <ball_device.bd_plunger>, 'source': <ball_device.bd_trough>, 'mechanical_eject': True, 'num_attempts': 0}
2024-08-18 21:58:05,766 : INFO : ball_device.bd_plunger : State: waiting_for_ball
2024-08-18 21:58:05,766 : INFO : ball_device.bd_trough : State: ejecting
2024-08-18 21:58:05,766 : INFO : ball_device.bd_trough : Ejecting ball to <ball_device.bd_plunger>
2024-08-18 21:58:05,766 : INFO : EventManager : Event: ======'balldevice_bd_trough_ejecting_ball'====== Args={'balls': 1, 'target': <ball_device.bd_plunger>, 'source': <ball_device.bd_trough>, 'mechanical_eject': True, 'num_attempts': 0}
2024-08-18 21:58:05,767 : INFO : ball_device.bd_trough : Wait for ball to leave device
2024-08-18 21:58:05,767 : INFO : coil.c_trough_eject : Pulsing Driver for 20ms (1.0 pulse_power)
2024-08-18 21:58:05,767 : INFO : SwitchController : <<<<<<< 's_trough1' inactive >>>>>>>
2024-08-18 21:58:05,767 : INFO : ball_device.bd_trough : State: ball_left
2024-08-18 21:58:05,767 : INFO : ball_device.bd_trough : Ball left
2024-08-18 21:58:05,767 : INFO : ball_device.bd_trough : Wait for confirm with timeout 3.0
2024-08-18 21:58:05,773 : INFO : EventManager : Event: ======'slide_arlen_intro_created'====== Args={'_from_bcp': True}
2024-08-18 21:58:05,773 : INFO : EventManager : Event: ======'slide_dtp_logo_attract_inactive'====== Args={'_from_bcp': True}
2024-08-18 21:58:05,774 : INFO : EventManager : Event: ======'slide_arlen_intro_active'====== Args={'original_context': 'skillshot', 'original_calling_context': 'mode_skillshot_started', 'queue': '<QueuedEvent>', 'cmd': 'slides_play', '_from_bcp': True}
2024-08-18 21:58:05,774 : INFO : EventManager : Event: ======'slide_dtp_logo_attract_removed'====== Args={'_from_bcp': True}
2024-08-18 21:58:05,781 : INFO : EventManager : Event: ======'slide_base_created'====== Args={'_from_bcp': True}
2024-08-18 21:58:05,847 : INFO : SwitchController : <<<<<<< 's_plunger' active >>>>>>>
2024-08-18 21:58:05,847 : INFO : EventManager : Event: ======'machine_var_audits_switches_s_plunger'====== Args={'value': 944, 'prev_value': 943, 'change': 1}
2024-08-18 21:58:05,964 : INFO : SwitchController : <<<<<<< 's_plunger' inactive >>>>>>>
2024-08-18 21:58:06,754 : INFO : EventManager : Event: ======'player_skillshot_skillshot_rotate_tick'====== Args={'value': 1, 'prev_value': 0, 'change': 1, 'player_num': 1}
2024-08-18 21:58:06,761 : INFO : EventManager : Event: ======'timer_skillshot_rotate_tick'====== Args={'ticks': 1, 'ticks_remaining': 0}
2024-08-18 21:58:06,762 : INFO : EventManager : Event: ======'player_shot_skillshot_p_target'====== Args={'value': 0, 'prev_value': 1, 'change': -1, 'player_num': 1}
2024-08-18 21:58:06,763 : INFO : EventManager : Event: ======'player_shot_skillshot_r_target'====== Args={'value': 1, 'prev_value': 0, 'change': 1, 'player_num': 1}
2024-08-18 21:58:07,748 : INFO : EventManager : Event: ======'player_skillshot_skillshot_rotate_tick'====== Args={'value': 2, 'prev_value': 1, 'change': 1, 'player_num': 1}
2024-08-18 21:58:07,751 : INFO : EventManager : Event: ======'timer_skillshot_rotate_tick'====== Args={'ticks': 2, 'ticks_remaining': 0}
2024-08-18 21:58:07,751 : INFO : EventManager : Event: ======'player_shot_skillshot_r_target'====== Args={'value': 0, 'prev_value': 1, 'change': -1, 'player_num': 1}
2024-08-18 21:58:07,753 : INFO : EventManager : Event: ======'player_shot_skillshot_o_target'====== Args={'value': 1, 'prev_value': 0, 'change': 1, 'player_num': 1}
2024-08-18 21:58:07,935 : INFO : SwitchController : <<<<<<< 's_plunger_lane_exit' active >>>>>>>
2024-08-18 21:58:07,935 : INFO : EventManager : Event: ======'s_plunger_lane_exit_active'====== Args={}
2024-08-18 21:58:07,935 : INFO : EventManager : Event: ======'sw_playfield_active'====== Args={}
2024-08-18 21:58:07,936 : INFO : EventManager : Event: ======'machine_var_audits_switches_s_plunger_lane_exit'====== Args={'value': 686, 'prev_value': 685, 'change': 1}
2024-08-18 21:58:07,937 : INFO : EventManager : Event: ======'ball_save_default_timer_start'====== Args={}
2024-08-18 21:58:07,937 : INFO : EventManager : Event: ======'playfield_active'====== Args={}
2024-08-18 21:58:07,937 : INFO : EventManager : Event: ======'unexpected_ball_on_playfield'====== Args={}
2024-08-18 21:58:08,053 : INFO : SwitchController : <<<<<<< 's_plunger_lane_exit' inactive >>>>>>>
2024-08-18 21:58:08,053 : INFO : EventManager : Event: ======'s_plunger_lane_exit_inactive'====== Args={}
2024-08-18 21:58:08,053 : INFO : Timer.skillshot_rotate : Stopping Timer
2024-08-18 21:58:08,054 : INFO : EventManager : Event: ======'timer_skillshot_rotate_stopped'====== Args={'ticks': 2, 'ticks_remaining': 0}
2024-08-18 21:58:08,054 : INFO : EventManager : Event: ======'advance_skillshot_3'====== Args={'priority': 0}
2024-08-18 21:58:08,054 : INFO : EventManager : Event: ======'player_shot_skillshot_o_target'====== Args={'value': 2, 'prev_value': 1, 'change': 1, 'player_num': 1}
2024-08-18 21:58:08,768 : INFO : ball_device.bd_trough : State: failed_confirm
2024-08-18 21:58:08,769 : INFO : ball_device.bd_trough : Got timeout (3.0s) before confirm from <ball_device.bd_plunger>
2024-08-18 21:58:08,770 : INFO : ball_device.bd_plunger : Expecting incoming ball which may skip the device.
2024-08-18 21:58:08,770 : INFO : EventManager : Event: ======'balldevice_bd_plunger_ejecting_ball'====== Args={'balls': 1, 'target': <playfield.playfield>, 'source': <ball_device.bd_plunger>, 'mechanical_eject': False, 'num_attempts': 1}
2024-08-18 21:58:10,086 : INFO : SwitchController : <<<<<<< 's_scoop' active >>>>>>>
2024-08-18 21:58:10,086 : INFO : EventManager : Event: ======'playfield_active'====== Args={}
2024-08-18 21:58:10,087 : INFO : EventManager : Event: ======'s_scoop_active'====== Args={}
2024-08-18 21:58:10,087 : INFO : EventManager : Event: ======'machine_var_audits_switches_s_scoop'====== Args={'value': 395, 'prev_value': 394, 'change': 1}
2024-08-18 21:58:10,090 : INFO : EventManager : Event: ======'mode_mission_select_will_start'====== Args={}
2024-08-18 21:58:10,092 : INFO : EventManager : Event: ======'mode_mission_select_starting'====== Args={}
2024-08-18 21:58:10,098 : INFO : EventManager : Event: ======'player_shot_scoop'====== Args={'value': 1, 'prev_value': 0, 'change': 1, 'player_num': 1}
2024-08-18 21:58:10,102 : INFO : EventManager : Event: ======'machine_var_audits_shots_scoop'====== Args={'value': 77, 'prev_value': 76, 'change': 1}
2024-08-18 21:58:10,102 : INFO : EventManager : Event: ======'scoop_hit'====== Args={'profile': 'scoop_light', 'state': 'unqualified', 'advancing': True}
2024-08-18 21:58:10,103 : INFO : EventManager : Event: ======'scoop_scoop_light_hit'====== Args={'profile': 'scoop_light', 'state': 'unqualified', 'advancing': True}
2024-08-18 21:58:10,103 : INFO : EventManager : Event: ======'scoop_scoop_light_unqualified_hit'====== Args={'profile': 'scoop_light', 'state': 'unqualified', 'advancing': True}
2024-08-18 21:58:10,103 : INFO : EventManager : Event: ======'scoop_unqualified_hit'====== Args={'profile': 'scoop_light', 'state': 'unqualified', 'advancing': True}
2024-08-18 21:58:10,103 : INFO : Mode.mission_select : Started. Priority: 800
2024-08-18 21:58:10,103 : INFO : EventManager : Event: ======'modes_active_modes_changed'====== Args={}
2024-08-18 21:58:10,103 : INFO : EventManager : Event: ======'mode_mission_select_started'====== Args={}
2024-08-18 21:58:10,104 : INFO : EventManager : Event: ======'item_highlighted'====== Args={'carousel': 'mission_select', 'direction': None, 'item': 'beat_the_surfer'}
2024-08-18 21:58:10,140 : INFO : EventManager : Event: ======'slide_mission_select_created'====== Args={'_from_bcp': True}
2024-08-18 21:58:10,140 : INFO : EventManager : Event: ======'slide_arlen_intro_inactive'====== Args={'_from_bcp': True}
2024-08-18 21:58:10,140 : INFO : EventManager : Event: ======'slide_mission_select_active'====== Args={'original_context': 'mission_select', 'original_calling_context': 'mode_mission_select_started', 'cmd': 'slides_play', '_from_bcp': True}
2024-08-18 21:58:10,587 : INFO : EventManager : Event: ======'balldevice_bd_scoop_ball_count_changed'====== Args={'balls': 1}
2024-08-18 21:58:10,588 : INFO : ball_device.bd_scoop : Received unexpected ball
2024-08-18 21:58:10,589 : INFO : EventManager : Event: ======'balldevice_captured_from_playfield'====== Args={'balls': 1}
2024-08-18 21:58:10,589 : INFO : EventManager : Event: ======'sw_playfield_active'====== Args={'balls': 1}
2024-08-18 21:58:10,590 : INFO : EventManager : Event: ======'playfield_active'====== Args={}
2024-08-18 21:58:10,591 : INFO : EventManager : Event: ======'playfield_ball_count_change'====== Args={'balls': -1, 'change': -1}
2024-08-18 21:58:10,592 : INFO : EventManager : Event: ======'balldevice_bd_scoop_ball_enter'====== Args={'new_balls': 1, 'unclaimed_balls': 1, 'new_available_balls': 1, 'device': <ball_device.bd_scoop>}
2024-08-18 21:58:10,592 : INFO : EventManager : Event: ======'ball_hold_scoop_held_ball'====== Args={'balls_held': 1, 'total_balls_held': 1}
2024-08-18 21:58:10,592 : INFO : EventManager : Event: ======'ball_hold_scoop_full'====== Args={'balls': 1}
2024-08-18 21:58:10,593 : INFO : EventManager : Event: ======'balldevice_balls_available'====== Args={}
2024-08-18 21:58:10,593 : INFO : EventManager : Event: ======'balldevice_bd_scoop_ball_entered'====== Args={'new_balls': 1, 'device': <ball_device.bd_scoop>}
2024-08-18 21:58:11,773 : INFO : ball_device.bd_plunger : Got confirm for skipping ball.
2024-08-18 21:58:11,773 : INFO : ball_device.bd_plunger : Eject successful
2024-08-18 21:58:11,774 : INFO : EventManager : Event: ======'balldevice_bd_plunger_ball_eject_success'====== Args={'balls': 1, 'target': <playfield.playfield>}
2024-08-18 21:58:11,775 : INFO : EventManager : Event: ======'balldevice_playfield_ball_enter'====== Args={'new_balls': 1, 'unclaimed_balls': 1, 'device': <playfield.playfield>}
2024-08-18 21:58:11,775 : INFO : EventManager : Event: ======'playfield_ball_count_change'====== Args={'balls': 0, 'change': 1}
2024-08-18 21:58:11,776 : INFO : ball_device.bd_plunger : State: idle
2024-08-18 21:58:11,777 : INFO : ball_device.bd_trough : Eject successful
2024-08-18 21:58:11,777 : INFO : EventManager : Event: ======'balldevice_bd_trough_ball_eject_success'====== Args={'balls': 1, 'target': <ball_device.bd_plunger>}
2024-08-18 21:58:11,778 : INFO : EventManager : Event: ======'balldevice_bd_trough_ball_count_changed'====== Args={'balls': 5}
2024-08-18 21:58:11,778 : INFO : ball_device.bd_trough : State: idle
2024-08-18 21:58:12,939 : INFO : EventManager : Event: ======'stop_mode_skillshot'====== Args={'priority': 0}
2024-08-18 21:58:12,940 : INFO : EventManager : Event: ======'mode_skillshot_will_stop'====== Args={}
2024-08-18 21:58:12,940 : INFO : EventManager : Event: ======'mode_skillshot_stopping'====== Args={}
2024-08-18 21:58:12,941 : INFO : Mode.skillshot : Stopped.
2024-08-18 21:58:12,941 : INFO : EventManager : Event: ======'modes_active_modes_changed'====== Args={}
2024-08-18 21:58:12,942 : INFO : EventManager : Event: ======'mode_skillshot_stopped'====== Args={}
2024-08-18 21:58:12,942 : INFO : EventManager : Event: ======'clear'====== Args={'key': 'skillshot'}
2024-08-18 21:58:12,943 : INFO : Timer.skillshot_rotate : Stopping Timer
2024-08-18 21:58:12,944 : INFO : EventManager : Event: ======'timer_skillshot_rotate_stopped'====== Args={'ticks': 2, 'ticks_remaining': 0}
2024-08-18 21:58:12,949 : INFO : EventManager : Event: ======'slide_arlen_intro_removed'====== Args={'_from_bcp': True}
2024-08-18 21:58:15,090 : INFO : EventManager : Event: ======'stop_mode_skillshot'====== Args={'priority': 0}
2024-08-18 21:58:15,169 : INFO : SwitchController : <<<<<<< 's_right_flipper' active >>>>>>>
2024-08-18 21:58:15,169 : INFO : EventManager : Event: ======'s_right_flipper_active'====== Args={}
2024-08-18 21:58:15,169 : INFO : EventManager : Event: ======'machine_var_audits_switches_s_right_flipper'====== Args={'value': 1127, 'prev_value': 1126, 'change': 1}
2024-08-18 21:58:15,170 : INFO : EventManager : Event: ======'item_highlighted'====== Args={'carousel': 'mission_select', 'direction': 'forwards', 'item': 'beer_can_named_desire'}
2024-08-18 21:58:15,284 : INFO : SwitchController : <<<<<<< 's_right_flipper' inactive >>>>>>>
2024-08-18 21:58:15,504 : INFO : SwitchController : <<<<<<< 's_right_flipper' active >>>>>>>
2024-08-18 21:58:15,504 : INFO : EventManager : Event: ======'s_right_flipper_active'====== Args={}
2024-08-18 21:58:15,504 : INFO : EventManager : Event: ======'machine_var_audits_switches_s_right_flipper'====== Args={'value': 1128, 'prev_value': 1127, 'change': 1}
2024-08-18 21:58:15,505 : INFO : EventManager : Event: ======'item_highlighted'====== Args={'carousel': 'mission_select', 'direction': 'forwards', 'item': 'bill_bulk_and_the_body_buddies'}
2024-08-18 21:58:15,591 : INFO : EventManager : Event: ======'stop_mode_skillshot'====== Args={'priority': 0}
2024-08-18 21:58:15,636 : INFO : SwitchController : <<<<<<< 's_right_flipper' inactive >>>>>>>
2024-08-18 21:58:15,721 : INFO : SwitchController : <<<<<<< 's_right_flipper' active >>>>>>>
2024-08-18 21:58:15,721 : INFO : EventManager : Event: ======'s_right_flipper_active'====== Args={}
2024-08-18 21:58:15,721 : INFO : EventManager : Event: ======'machine_var_audits_switches_s_right_flipper'====== Args={'value': 1129, 'prev_value': 1128, 'change': 1}
2024-08-18 21:58:15,722 : INFO : EventManager : Event: ======'item_highlighted'====== Args={'carousel': 'mission_select', 'direction': 'forwards', 'item': 'boomhauer_tbd'}
2024-08-18 21:58:15,819 : INFO : SwitchController : <<<<<<< 's_right_flipper' inactive >>>>>>>
2024-08-18 21:58:15,919 : INFO : SwitchController : <<<<<<< 's_right_flipper' active >>>>>>>
2024-08-18 21:58:15,919 : INFO : EventManager : Event: ======'s_right_flipper_active'====== Args={}
2024-08-18 21:58:15,919 : INFO : EventManager : Event: ======'machine_var_audits_switches_s_right_flipper'====== Args={'value': 1130, 'prev_value': 1129, 'change': 1}
2024-08-18 21:58:15,920 : INFO : EventManager : Event: ======'item_highlighted'====== Args={'carousel': 'mission_select', 'direction': 'forwards', 'item': 'dale_tbd'}
2024-08-18 21:58:15,937 : INFO : EventManager : Event: ======'ball_save_default_hurry_up'====== Args={}
2024-08-18 21:58:16,020 : INFO : SwitchController : <<<<<<< 's_right_flipper' inactive >>>>>>>
2024-08-18 21:58:16,085 : INFO : SwitchController : <<<<<<< 's_right_flipper' active >>>>>>>
2024-08-18 21:58:16,085 : INFO : EventManager : Event: ======'s_right_flipper_active'====== Args={}
2024-08-18 21:58:16,085 : INFO : EventManager : Event: ======'machine_var_audits_switches_s_right_flipper'====== Args={'value': 1131, 'prev_value': 1130, 'change': 1}
2024-08-18 21:58:16,086 : INFO : EventManager : Event: ======'item_highlighted'====== Args={'carousel': 'mission_select', 'direction': 'forwards', 'item': 'duke_the_dolphin'}
2024-08-18 21:58:16,201 : INFO : SwitchController : <<<<<<< 's_right_flipper' inactive >>>>>>>
2024-08-18 21:58:16,269 : INFO : SwitchController : <<<<<<< 's_right_flipper' active >>>>>>>
2024-08-18 21:58:16,269 : INFO : EventManager : Event: ======'s_right_flipper_active'====== Args={}
2024-08-18 21:58:16,269 : INFO : EventManager : Event: ======'machine_var_audits_switches_s_right_flipper'====== Args={'value': 1132, 'prev_value': 1131, 'change': 1}
2024-08-18 21:58:16,270 : INFO : EventManager : Event: ======'item_highlighted'====== Args={'carousel': 'mission_select', 'direction': 'forwards', 'item': 'gladstone'}
2024-08-18 21:58:16,368 : INFO : SwitchController : <<<<<<< 's_right_flipper' inactive >>>>>>>
2024-08-18 21:58:16,641 : INFO : SwitchController : <<<<<<< 's_right_flipper' active >>>>>>>
2024-08-18 21:58:16,642 : INFO : EventManager : Event: ======'s_right_flipper_active'====== Args={}
2024-08-18 21:58:16,643 : INFO : EventManager : Event: ======'machine_var_audits_switches_s_right_flipper'====== Args={'value': 1133, 'prev_value': 1132, 'change': 1}
2024-08-18 21:58:16,644 : INFO : EventManager : Event: ======'item_highlighted'====== Args={'carousel': 'mission_select', 'direction': 'forwards', 'item': 'the_heat_waver'}
2024-08-18 21:58:16,738 : INFO : SwitchController : <<<<<<< 's_right_flipper' inactive >>>>>>>
2024-08-18 21:58:16,804 : INFO : SwitchController : <<<<<<< 's_right_flipper' active >>>>>>>
2024-08-18 21:58:16,804 : INFO : EventManager : Event: ======'s_right_flipper_active'====== Args={}
2024-08-18 21:58:16,804 : INFO : EventManager : Event: ======'machine_var_audits_switches_s_right_flipper'====== Args={'value': 1134, 'prev_value': 1133, 'change': 1}
2024-08-18 21:58:16,805 : INFO : EventManager : Event: ======'item_highlighted'====== Args={'carousel': 'mission_select', 'direction': 'forwards', 'item': 'beat_the_surfer'}
2024-08-18 21:58:16,901 : INFO : SwitchController : <<<<<<< 's_right_flipper' inactive >>>>>>>
2024-08-18 21:58:17,002 : INFO : SwitchController : <<<<<<< 's_right_flipper' active >>>>>>>
2024-08-18 21:58:17,002 : INFO : EventManager : Event: ======'s_right_flipper_active'====== Args={}
2024-08-18 21:58:17,002 : INFO : EventManager : Event: ======'machine_var_audits_switches_s_right_flipper'====== Args={'value': 1135, 'prev_value': 1134, 'change': 1}
2024-08-18 21:58:17,003 : INFO : EventManager : Event: ======'item_highlighted'====== Args={'carousel': 'mission_select', 'direction': 'forwards', 'item': 'beer_can_named_desire'}
2024-08-18 21:58:17,117 : INFO : SwitchController : <<<<<<< 's_right_flipper' inactive >>>>>>>
2024-08-18 21:58:17,504 : INFO : SwitchController : <<<<<<< 's_right_flipper' active >>>>>>>
2024-08-18 21:58:17,505 : INFO : EventManager : Event: ======'s_right_flipper_active'====== Args={}
2024-08-18 21:58:17,506 : INFO : EventManager : Event: ======'machine_var_audits_switches_s_right_flipper'====== Args={'value': 1136, 'prev_value': 1135, 'change': 1}
2024-08-18 21:58:17,507 : INFO : EventManager : Event: ======'item_highlighted'====== Args={'carousel': 'mission_select', 'direction': 'forwards', 'item': 'bill_bulk_and_the_body_buddies'}
2024-08-18 21:58:17,618 : INFO : SwitchController : <<<<<<< 's_right_flipper' inactive >>>>>>>
2024-08-18 21:58:17,938 : INFO : EventManager : Event: ======'ball_save_default_grace_period'====== Args={}
2024-08-18 21:58:18,586 : INFO : SwitchController : <<<<<<< 's_right_flipper' active >>>>>>>
2024-08-18 21:58:18,587 : INFO : EventManager : Event: ======'s_right_flipper_active'====== Args={}
2024-08-18 21:58:18,587 : INFO : EventManager : Event: ======'machine_var_audits_switches_s_right_flipper'====== Args={'value': 1137, 'prev_value': 1136, 'change': 1}
2024-08-18 21:58:18,589 : INFO : EventManager : Event: ======'item_highlighted'====== Args={'carousel': 'mission_select', 'direction': 'forwards', 'item': 'boomhauer_tbd'}
2024-08-18 21:58:18,687 : INFO : SwitchController : <<<<<<< 's_right_flipper' inactive >>>>>>>
2024-08-18 21:58:18,768 : INFO : SwitchController : <<<<<<< 's_right_flipper' active >>>>>>>
2024-08-18 21:58:18,769 : INFO : EventManager : Event: ======'s_right_flipper_active'====== Args={}
2024-08-18 21:58:18,769 : INFO : EventManager : Event: ======'machine_var_audits_switches_s_right_flipper'====== Args={'value': 1138, 'prev_value': 1137, 'change': 1}
2024-08-18 21:58:18,770 : INFO : EventManager : Event: ======'item_highlighted'====== Args={'carousel': 'mission_select', 'direction': 'forwards', 'item': 'dale_tbd'}
2024-08-18 21:58:18,886 : INFO : SwitchController : <<<<<<< 's_right_flipper' inactive >>>>>>>
2024-08-18 21:58:18,972 : INFO : SwitchController : <<<<<<< 's_right_flipper' active >>>>>>>
2024-08-18 21:58:18,972 : INFO : EventManager : Event: ======'s_right_flipper_active'====== Args={}
2024-08-18 21:58:18,972 : INFO : EventManager : Event: ======'machine_var_audits_switches_s_right_flipper'====== Args={'value': 1139, 'prev_value': 1138, 'change': 1}
2024-08-18 21:58:18,973 : INFO : EventManager : Event: ======'item_highlighted'====== Args={'carousel': 'mission_select', 'direction': 'forwards', 'item': 'duke_the_dolphin'}
2024-08-18 21:58:19,068 : INFO : SwitchController : <<<<<<< 's_right_flipper' inactive >>>>>>>
2024-08-18 21:58:19,185 : INFO : SwitchController : <<<<<<< 's_right_flipper' active >>>>>>>
2024-08-18 21:58:19,185 : INFO : EventManager : Event: ======'s_right_flipper_active'====== Args={}
2024-08-18 21:58:19,185 : INFO : EventManager : Event: ======'machine_var_audits_switches_s_right_flipper'====== Args={'value': 1140, 'prev_value': 1139, 'change': 1}
2024-08-18 21:58:19,186 : INFO : EventManager : Event: ======'item_highlighted'====== Args={'carousel': 'mission_select', 'direction': 'forwards', 'item': 'gladstone'}
2024-08-18 21:58:19,285 : INFO : SwitchController : <<<<<<< 's_right_flipper' inactive >>>>>>>
2024-08-18 21:58:19,352 : INFO : SwitchController : <<<<<<< 's_right_flipper' active >>>>>>>
2024-08-18 21:58:19,352 : INFO : EventManager : Event: ======'s_right_flipper_active'====== Args={}
2024-08-18 21:58:19,353 : INFO : EventManager : Event: ======'machine_var_audits_switches_s_right_flipper'====== Args={'value': 1141, 'prev_value': 1140, 'change': 1}
2024-08-18 21:58:19,353 : INFO : EventManager : Event: ======'item_highlighted'====== Args={'carousel': 'mission_select', 'direction': 'forwards', 'item': 'the_heat_waver'}
2024-08-18 21:58:19,485 : INFO : SwitchController : <<<<<<< 's_right_flipper' inactive >>>>>>>
2024-08-18 21:58:19,654 : INFO : SwitchController : <<<<<<< 's_right_flipper' active >>>>>>>
2024-08-18 21:58:19,654 : INFO : EventManager : Event: ======'s_right_flipper_active'====== Args={}
2024-08-18 21:58:19,655 : INFO : EventManager : Event: ======'machine_var_audits_switches_s_right_flipper'====== Args={'value': 1142, 'prev_value': 1141, 'change': 1}
2024-08-18 21:58:19,656 : INFO : EventManager : Event: ======'item_highlighted'====== Args={'carousel': 'mission_select', 'direction': 'forwards', 'item': 'beat_the_surfer'}
2024-08-18 21:58:19,818 : INFO : SwitchController : <<<<<<< 's_right_flipper' inactive >>>>>>>
2024-08-18 21:58:19,938 : INFO : EventManager : Event: ======'ball_save_default_disabled'====== Args={}
2024-08-18 21:58:20,071 : INFO : SwitchController : <<<<<<< 's_right_flipper' active >>>>>>>
2024-08-18 21:58:20,071 : INFO : EventManager : Event: ======'s_right_flipper_active'====== Args={}
2024-08-18 21:58:20,071 : INFO : EventManager : Event: ======'machine_var_audits_switches_s_right_flipper'====== Args={'value': 1143, 'prev_value': 1142, 'change': 1}
2024-08-18 21:58:20,072 : INFO : EventManager : Event: ======'item_highlighted'====== Args={'carousel': 'mission_select', 'direction': 'forwards', 'item': 'beer_can_named_desire'}
2024-08-18 21:58:20,169 : INFO : SwitchController : <<<<<<< 's_right_flipper' inactive >>>>>>>
2024-08-18 21:58:20,253 : INFO : SwitchController : <<<<<<< 's_right_flipper' active >>>>>>>
2024-08-18 21:58:20,253 : INFO : EventManager : Event: ======'s_right_flipper_active'====== Args={}
2024-08-18 21:58:20,253 : INFO : EventManager : Event: ======'machine_var_audits_switches_s_right_flipper'====== Args={'value': 1144, 'prev_value': 1143, 'change': 1}
2024-08-18 21:58:20,254 : INFO : EventManager : Event: ======'item_highlighted'====== Args={'carousel': 'mission_select', 'direction': 'forwards', 'item': 'bill_bulk_and_the_body_buddies'}
2024-08-18 21:58:20,368 : INFO : SwitchController : <<<<<<< 's_right_flipper' inactive >>>>>>>
2024-08-18 21:58:20,453 : INFO : SwitchController : <<<<<<< 's_right_flipper' active >>>>>>>
2024-08-18 21:58:20,453 : INFO : EventManager : Event: ======'s_right_flipper_active'====== Args={}
2024-08-18 21:58:20,453 : INFO : EventManager : Event: ======'machine_var_audits_switches_s_right_flipper'====== Args={'value': 1145, 'prev_value': 1144, 'change': 1}
2024-08-18 21:58:20,454 : INFO : EventManager : Event: ======'item_highlighted'====== Args={'carousel': 'mission_select', 'direction': 'forwards', 'item': 'boomhauer_tbd'}
2024-08-18 21:58:20,568 : INFO : SwitchController : <<<<<<< 's_right_flipper' inactive >>>>>>>
2024-08-18 21:58:20,670 : INFO : SwitchController : <<<<<<< 's_right_flipper' active >>>>>>>
2024-08-18 21:58:20,670 : INFO : EventManager : Event: ======'s_right_flipper_active'====== Args={}
2024-08-18 21:58:20,671 : INFO : EventManager : Event: ======'machine_var_audits_switches_s_right_flipper'====== Args={'value': 1146, 'prev_value': 1145, 'change': 1}
2024-08-18 21:58:20,672 : INFO : EventManager : Event: ======'item_highlighted'====== Args={'carousel': 'mission_select', 'direction': 'forwards', 'item': 'dale_tbd'}
2024-08-18 21:58:20,754 : INFO : SwitchController : <<<<<<< 's_right_flipper' inactive >>>>>>>
2024-08-18 21:58:20,853 : INFO : SwitchController : <<<<<<< 's_right_flipper' active >>>>>>>
2024-08-18 21:58:20,853 : INFO : EventManager : Event: ======'s_right_flipper_active'====== Args={}
2024-08-18 21:58:20,854 : INFO : EventManager : Event: ======'machine_var_audits_switches_s_right_flipper'====== Args={'value': 1147, 'prev_value': 1146, 'change': 1}
2024-08-18 21:58:20,855 : INFO : EventManager : Event: ======'item_highlighted'====== Args={'carousel': 'mission_select', 'direction': 'forwards', 'item': 'duke_the_dolphin'}
2024-08-18 21:58:20,968 : INFO : SwitchController : <<<<<<< 's_right_flipper' inactive >>>>>>>
2024-08-18 21:58:21,170 : INFO : SwitchController : <<<<<<< 's_right_flipper' active >>>>>>>
2024-08-18 21:58:21,170 : INFO : EventManager : Event: ======'s_right_flipper_active'====== Args={}
2024-08-18 21:58:21,170 : INFO : EventManager : Event: ======'machine_var_audits_switches_s_right_flipper'====== Args={'value': 1148, 'prev_value': 1147, 'change': 1}
2024-08-18 21:58:21,172 : INFO : EventManager : Event: ======'item_highlighted'====== Args={'carousel': 'mission_select', 'direction': 'forwards', 'item': 'gladstone'}
2024-08-18 21:58:21,302 : INFO : SwitchController : <<<<<<< 's_right_flipper' inactive >>>>>>>
2024-08-18 21:58:23,272 : INFO : Machine : Shutting down...
2024-08-18 21:58:23,273 : INFO : EventManager : Event: ======'shutdown'====== Args={}
2024-08-18 21:58:23,276 : INFO : EventManager : Event: ======'mode_game_will_stop'====== Args={}
2024-08-18 21:58:23,276 : INFO : EventManager : Event: ======'mode_game_stopping'====== Args={}
2024-08-18 21:58:23,277 : INFO : EventManager : Event: ======'mode_rainey_multiball_will_stop'====== Args={}
2024-08-18 21:58:23,277 : INFO : EventManager : Event: ======'mode_rainey_multiball_stopping'====== Args={}
2024-08-18 21:58:23,277 : INFO : EventManager : Event: ======'mode_hank_rollover_will_stop'====== Args={}
2024-08-18 21:58:23,277 : INFO : EventManager : Event: ======'mode_hank_rollover_stopping'====== Args={}
2024-08-18 21:58:23,277 : INFO : EventManager : Event: ======'mode_mission_select_will_stop'====== Args={}
2024-08-18 21:58:23,277 : INFO : EventManager : Event: ======'mode_mission_select_stopping'====== Args={}
2024-08-18 21:58:23,277 : INFO : EventManager : Event: ======'mode_base_will_stop'====== Args={}
2024-08-18 21:58:23,278 : INFO : EventManager : Event: ======'mode_base_stopping'====== Args={}
2024-08-18 21:58:23,278 : INFO : EventManager : Event: ======'mode_extra_ball_will_stop'====== Args={}
2024-08-18 21:58:23,278 : INFO : EventManager : Event: ======'mode_extra_ball_stopping'====== Args={}
2024-08-18 21:58:23,278 : INFO : EventManager : Event: ======'mode_BBQ_rollover_will_stop'====== Args={}
2024-08-18 21:58:23,278 : INFO : EventManager : Event: ======'mode_BBQ_rollover_stopping'====== Args={}
2024-08-18 21:58:23,278 : INFO : Mode.BBQ_rollover : Stopped.
2024-08-18 21:58:23,279 : INFO : EventManager : Event: ======'modes_active_modes_changed'====== Args={}
2024-08-18 21:58:23,279 : INFO : EventManager : Event: ======'mode_BBQ_rollover_stopped'====== Args={}
2024-08-18 21:58:23,279 : INFO : EventManager : Event: ======'clear'====== Args={'key': 'BBQ_rollover'}
2024-08-18 21:58:23,280 : INFO : Mode.extra_ball : Stopped.
2024-08-18 21:58:23,280 : INFO : EventManager : Event: ======'modes_active_modes_changed'====== Args={}
2024-08-18 21:58:23,281 : INFO : EventManager : Event: ======'mode_extra_ball_stopped'====== Args={}
2024-08-18 21:58:23,281 : INFO : EventManager : Event: ======'clear'====== Args={'key': 'extra_ball'}
2024-08-18 21:58:23,281 : INFO : Mode.base : Stopped.
2024-08-18 21:58:23,281 : INFO : EventManager : Event: ======'modes_active_modes_changed'====== Args={}
2024-08-18 21:58:23,282 : INFO : EventManager : Event: ======'mode_base_stopped'====== Args={}
2024-08-18 21:58:23,282 : INFO : EventManager : Event: ======'clear'====== Args={'key': 'base'}
2024-08-18 21:58:23,283 : INFO : Mode.mission_select : Stopped.
2024-08-18 21:58:23,284 : INFO : EventManager : Event: ======'modes_active_modes_changed'====== Args={}
2024-08-18 21:58:23,284 : INFO : EventManager : Event: ======'mode_mission_select_stopped'====== Args={}
2024-08-18 21:58:23,284 : INFO : EventManager : Event: ======'clear'====== Args={'key': 'mission_select'}
2024-08-18 21:58:23,284 : INFO : Mode.hank_rollover : Stopped.
2024-08-18 21:58:23,284 : INFO : EventManager : Event: ======'modes_active_modes_changed'====== Args={}
2024-08-18 21:58:23,285 : INFO : EventManager : Event: ======'mode_hank_rollover_stopped'====== Args={}
2024-08-18 21:58:23,285 : INFO : EventManager : Event: ======'clear'====== Args={'key': 'hank_rollover'}
2024-08-18 21:58:23,286 : INFO : Mode.rainey_multiball : Stopped.
2024-08-18 21:58:23,286 : INFO : EventManager : Event: ======'modes_active_modes_changed'====== Args={}
2024-08-18 21:58:23,286 : INFO : EventManager : Event: ======'mode_rainey_multiball_stopped'====== Args={}
2024-08-18 21:58:23,286 : INFO : EventManager : Event: ======'clear'====== Args={'key': 'rainey_multiball'}
2024-08-18 21:58:23,287 : INFO : Mode.game : Stopped.
2024-08-18 21:58:23,287 : INFO : EventManager : Event: ======'modes_active_modes_changed'====== Args={}
2024-08-18 21:58:23,287 : INFO : EventManager : Event: ======'mode_game_stopped'====== Args={}
2024-08-18 21:58:23,287 : INFO : EventManager : Event: ======'clear'====== Args={'key': 'game'}
2024-08-18 21:58:23,290 : INFO : root : MPF run loop ended.
