2024-07-17 14:00:25,375 : INFO : root : Loading config.
2024-07-17 14:00:25,377 : INFO : YamlMultifileConfigLoader : Machine config file #1: config.yaml
2024-07-17 14:00:25,377 : INFO : ConfigProcessor : Loading config from cache: /var/folders/sv/d29kcl5x50v7vt1n6xb5jsd40000gn/T/c166cef8060ffee16a35821bf698da85.mpf_cache
2024-07-17 14:00:25,408 : INFO : ConfigProcessor : Loading config from cache: /var/folders/sv/d29kcl5x50v7vt1n6xb5jsd40000gn/T/6b31c5ac6ecbad948994a8204ea6b05b.mpf_cache
2024-07-17 14:00:25,409 : INFO : ConfigProcessor : Loading config from cache: /var/folders/sv/d29kcl5x50v7vt1n6xb5jsd40000gn/T/fe612d1e66c8a96c19ba449d3748eeac.mpf_cache
2024-07-17 14:00:25,409 : INFO : ConfigProcessor : Loading config from cache: /var/folders/sv/d29kcl5x50v7vt1n6xb5jsd40000gn/T/6b31c5ac6ecbad948994a8204ea6b05b.mpf_cache
2024-07-17 14:00:25,409 : INFO : ConfigProcessor : Loading config from cache: /var/folders/sv/d29kcl5x50v7vt1n6xb5jsd40000gn/T/8765227693ecd961e0504502a81255e0.mpf_cache
2024-07-17 14:00:25,409 : INFO : ConfigProcessor : Loading config from cache: /var/folders/sv/d29kcl5x50v7vt1n6xb5jsd40000gn/T/b247728c74b4d81bcb2825e2b07062a7.mpf_cache
2024-07-17 14:00:25,410 : INFO : ConfigProcessor : Loading config from cache: /var/folders/sv/d29kcl5x50v7vt1n6xb5jsd40000gn/T/f240f94f0b5d0f37ec4fd7571275a101.mpf_cache
2024-07-17 14:00:25,410 : INFO : ConfigProcessor : Loading config from cache: /var/folders/sv/d29kcl5x50v7vt1n6xb5jsd40000gn/T/c4409acfdf3ec94666e0adef48d55400.mpf_cache
2024-07-17 14:00:25,410 : INFO : ConfigProcessor : Loading config from cache: /var/folders/sv/d29kcl5x50v7vt1n6xb5jsd40000gn/T/6a2f50ed892485825cc04dc0a68eab9f.mpf_cache
2024-07-17 14:00:25,410 : INFO : ConfigProcessor : Loading config from cache: /var/folders/sv/d29kcl5x50v7vt1n6xb5jsd40000gn/T/d58c58eb9fd1a2dc27f8acd255fb3761.mpf_cache
2024-07-17 14:00:25,411 : INFO : ConfigProcessor : Loading config from cache: /var/folders/sv/d29kcl5x50v7vt1n6xb5jsd40000gn/T/07adfd310b3ef0e03c5cbc91527abb6c.mpf_cache
2024-07-17 14:00:25,411 : INFO : ConfigProcessor : Loading config from cache: /var/folders/sv/d29kcl5x50v7vt1n6xb5jsd40000gn/T/12bd5247c3bf989b919364bdb7829769.mpf_cache
2024-07-17 14:00:25,411 : INFO : ConfigProcessor : Loading config from cache: /var/folders/sv/d29kcl5x50v7vt1n6xb5jsd40000gn/T/362e08f51a1a1b7a0809dd52f9c83f83.mpf_cache
2024-07-17 14:00:25,411 : INFO : ConfigProcessor : Loading config from cache: /var/folders/sv/d29kcl5x50v7vt1n6xb5jsd40000gn/T/e45e3bd39557ed8d0881194a7afab8f7.mpf_cache
2024-07-17 14:00:25,411 : INFO : ConfigProcessor : Loading config from cache: /var/folders/sv/d29kcl5x50v7vt1n6xb5jsd40000gn/T/331d8d1a1bc190cae8c13495e1db372f.mpf_cache
2024-07-17 14:00:25,412 : INFO : ConfigProcessor : Loading config from cache: /var/folders/sv/d29kcl5x50v7vt1n6xb5jsd40000gn/T/d17a9ff77386e6f1439d0802ace1de07.mpf_cache
2024-07-17 14:00:25,412 : INFO : ConfigProcessor : Loading config from cache: /var/folders/sv/d29kcl5x50v7vt1n6xb5jsd40000gn/T/280fd64455d0d243a54ab4db98fbccbd.mpf_cache
2024-07-17 14:00:25,412 : INFO : ConfigProcessor : Loading config from cache: /var/folders/sv/d29kcl5x50v7vt1n6xb5jsd40000gn/T/0c0596ed8fbb40b6113901d21bdc0a39.mpf_cache
2024-07-17 14:00:25,412 : INFO : ConfigProcessor : Loading config from cache: /var/folders/sv/d29kcl5x50v7vt1n6xb5jsd40000gn/T/2982e2d98506102244e9fa0f437a9fca.mpf_cache
2024-07-17 14:00:25,413 : INFO : ConfigProcessor : Loading config from cache: /var/folders/sv/d29kcl5x50v7vt1n6xb5jsd40000gn/T/0fedc249e142fba0aaf46d9adc7061fa.mpf_cache
2024-07-17 14:00:25,413 : WARNING : ConfigProcessor : Config file in cache changed: /Users/nicktaseris/Desktop/Pinball/KOTH/modes/attract/shows/./attract_light_show.yaml
2024-07-17 14:00:25,413 : INFO : ConfigProcessor : Loading config from file /Users/nicktaseris/Desktop/Pinball/KOTH/modes/attract/shows/./attract_light_show.yaml.
2024-07-17 14:00:25,415 : INFO : ConfigProcessor : Loading config: /Users/nicktaseris/Desktop/Pinball/KOTH/modes/attract/shows/./attract_light_show.yaml
2024-07-17 14:00:25,416 : INFO : ConfigProcessor : Config file cache created: /var/folders/sv/d29kcl5x50v7vt1n6xb5jsd40000gn/T/3048ed2d7ea14eee3db896f6760aa474.mpf_cache
2024-07-17 14:00:25,416 : INFO : Machine : Mission Pinball Framework Core Engine v0.80.0.dev1
2024-07-17 14:00:25,416 : INFO : Machine : Command line arguments: {'no_load_cache': False, 'create_config_cache': True, 'bcp': True, 'configfile': ['config.yaml'], 'force_assets_load': False, 'platform_integration_test': False, 'jsonlogging': False, 'logfile': 'logs/2024-07-17-14-00-25-mpf-Nicks-Air.lan.log', 'pause': False, 'production': False, 'text_ui': True, 'loglevel': 15, 'consoleloglevel': 20, 'force_platform': None, 'syslog_address': None, 'mc_file_name': None, 'no_sound': False, 'full_logfile_path': '/Users/nicktaseris/Desktop/Pinball/KOTH/logs/2024-07-17-14-00-25-mpf-Nicks-Air.lan.log'}
2024-07-17 14:00:25,416 : INFO : Machine : MPF path: /Users/nicktaseris/mpfenv/lib/python3.9/site-packages/mpf
2024-07-17 14:00:25,416 : INFO : Machine : Machine path: /Users/nicktaseris/Desktop/Pinball/KOTH
2024-07-17 14:00:25,416 : INFO : Machine : Platform: darwin
2024-07-17 14:00:25,416 : INFO : Machine : Python executable location: /Users/nicktaseris/mpfenv/bin/python3
2024-07-17 14:00:25,416 : INFO : Machine : Python version: 3.9.13 (64-bit)
2024-07-17 14:00:25,417 : INFO : Machine : Initializing MPF...
2024-07-17 14:00:25,444 : INFO : EventManager : Event: ======'machine_var_credits_string'====== Args={'value': 'FREE PLAY', 'prev_value': None, 'change': True}
2024-07-17 14:00:25,450 : INFO : EventManager : Event: ======'machine_var_master_volume'====== Args={'value': 0.5, 'prev_value': None, 'change': True}
2024-07-17 14:00:25,450 : INFO : EventManager : Event: ======'machine_var_player1_score'====== Args={'value': 175300, 'prev_value': None, 'change': True}
2024-07-17 14:00:25,450 : INFO : EventManager : Event: ======'machine_var_mpf_version'====== Args={'value': 'Mission Pinball Framework v0.80.0.dev1', 'prev_value': None, 'change': True}
2024-07-17 14:00:25,450 : INFO : EventManager : Event: ======'machine_var_mpf_extended_version'====== Args={'value': 'Mission Pinball Framework v0.80.0.dev1, Config version:6, Show version: 6, BCP version:1.1', 'prev_value': None, 'change': True}
2024-07-17 14:00:25,450 : INFO : EventManager : Event: ======'machine_var_python_version'====== Args={'value': '3.9.13', 'prev_value': None, 'change': True}
2024-07-17 14:00:25,460 : INFO : EventManager : Event: ======'machine_var_platform'====== Args={'value': 'macOS-12.1-arm64-arm-64bit', 'prev_value': None, 'change': True}
2024-07-17 14:00:25,461 : INFO : EventManager : Event: ======'machine_var_platform_system'====== Args={'value': 'Darwin', 'prev_value': None, 'change': True}
2024-07-17 14:00:25,461 : INFO : EventManager : Event: ======'machine_var_platform_release'====== Args={'value': '21.2.0', 'prev_value': None, 'change': True}
2024-07-17 14:00:25,461 : INFO : EventManager : Event: ======'machine_var_platform_version'====== Args={'value': 'Darwin Kernel Version 21.2.0: Sun Nov 28 20:29:10 PST 2021; root:xnu-8019.61.5~1/RELEASE_ARM64_T8101', 'prev_value': None, 'change': True}
2024-07-17 14:00:25,461 : INFO : EventManager : Event: ======'machine_var_platform_machine'====== Args={'value': 'arm64', 'prev_value': None, 'change': True}
2024-07-17 14:00:25,461 : INFO : EventManager : Event: ======'machine_var_log_file_path'====== Args={'value': '/Users/nicktaseris/Desktop/Pinball/KOTH/logs/2024-07-17-14-00-25-mpf-Nicks-Air.lan.log', 'prev_value': None, 'change': True}
2024-07-17 14:00:25,461 : INFO : EventManager : Event: ======'init_phase_1'====== Args={}
2024-07-17 14:00:25,486 : INFO : EventManager : Event: ======'drop_target_bank_strickland_bank_up'====== Args={}
2024-07-17 14:00:25,487 : INFO : EventManager : Event: ======'init_phase_2'====== Args={}
2024-07-17 14:00:25,487 : INFO : SwitchController : Found active switch: ('39', <Platform.SmartVirtual>) <switch.s_trough1>
2024-07-17 14:00:25,487 : INFO : SwitchController : Found active switch: ('40', <Platform.SmartVirtual>) <switch.s_trough2>
2024-07-17 14:00:25,487 : INFO : SwitchController : Found active switch: ('41', <Platform.SmartVirtual>) <switch.s_trough3>
2024-07-17 14:00:25,487 : INFO : SwitchController : Found active switch: ('42', <Platform.SmartVirtual>) <switch.s_trough4>
2024-07-17 14:00:25,487 : INFO : SwitchController : Found active switch: ('43', <Platform.SmartVirtual>) <switch.s_trough5>
2024-07-17 14:00:25,487 : INFO : SwitchController : Found active switch: ('44', <Platform.SmartVirtual>) <switch.s_trough6>
2024-07-17 14:00:25,491 : INFO : EventManager : Event: ======'machine_var_score1_label'====== Args={'value': 'GRAND CHAMPION', 'prev_value': None, 'change': True}
2024-07-17 14:00:25,491 : INFO : EventManager : Event: ======'machine_var_score1_name'====== Args={'value': 'BRI', 'prev_value': None, 'change': True}
2024-07-17 14:00:25,491 : INFO : EventManager : Event: ======'machine_var_score1_value'====== Args={'value': 4242, 'prev_value': None, 'change': True}
2024-07-17 14:00:25,491 : INFO : EventManager : Event: ======'machine_var_score2_label'====== Args={'value': 'HIGH SCORE 1', 'prev_value': None, 'change': True}
2024-07-17 14:00:25,492 : INFO : EventManager : Event: ======'machine_var_score2_name'====== Args={'value': 'GHK', 'prev_value': None, 'change': True}
2024-07-17 14:00:25,492 : INFO : EventManager : Event: ======'machine_var_score2_value'====== Args={'value': 2323, 'prev_value': None, 'change': True}
2024-07-17 14:00:25,492 : INFO : EventManager : Event: ======'machine_var_score3_label'====== Args={'value': 'HIGH SCORE 2', 'prev_value': None, 'change': True}
2024-07-17 14:00:25,492 : INFO : EventManager : Event: ======'machine_var_score3_name'====== Args={'value': 'JK', 'prev_value': None, 'change': True}
2024-07-17 14:00:25,492 : INFO : EventManager : Event: ======'machine_var_score3_value'====== Args={'value': 1337, 'prev_value': None, 'change': True}
2024-07-17 14:00:25,492 : INFO : EventManager : Event: ======'machine_var_score4_label'====== Args={'value': 'HIGH SCORE 3', 'prev_value': None, 'change': True}
2024-07-17 14:00:25,492 : INFO : EventManager : Event: ======'machine_var_score4_name'====== Args={'value': 'QC', 'prev_value': None, 'change': True}
2024-07-17 14:00:25,492 : INFO : EventManager : Event: ======'machine_var_score4_value'====== Args={'value': 42, 'prev_value': None, 'change': True}
2024-07-17 14:00:25,492 : INFO : EventManager : Event: ======'machine_var_score5_label'====== Args={'value': 'HIGH SCORE 4', 'prev_value': None, 'change': True}
2024-07-17 14:00:25,492 : INFO : EventManager : Event: ======'machine_var_score5_name'====== Args={'value': 'MPF', 'prev_value': None, 'change': True}
2024-07-17 14:00:25,492 : INFO : EventManager : Event: ======'machine_var_score5_value'====== Args={'value': 23, 'prev_value': None, 'change': True}
2024-07-17 14:00:25,492 : INFO : EventManager : Event: ======'bcp_connection_attempt'====== Args={'name': 'local_display', 'host': 'localhost', 'port': 5050}
2024-07-17 14:00:25,493 : INFO : BCPClientSocket : Connecting BCP to 'local_display' at localhost:5050...
2024-07-17 14:00:25,496 : INFO : BCPClientSocket : Connected BCP to 'local_display' localhost:5050
2024-07-17 14:00:25,496 : INFO : EventManager : Event: ======'bcp_clients_connected'====== Args={}
2024-07-17 14:00:25,497 : INFO : ball_device.bd_trough : BCH: Initial count: 6
2024-07-17 14:00:25,497 : INFO : ball_device.bd_trough : State: idle
2024-07-17 14:00:25,497 : INFO : ball_device.bd_plunger : BCH: Initial count: 0
2024-07-17 14:00:25,497 : INFO : ball_device.bd_plunger : State: idle
2024-07-17 14:00:25,497 : INFO : ball_device.bd_scoop : BCH: Initial count: 0
2024-07-17 14:00:25,497 : INFO : ball_device.bd_scoop : State: idle
2024-07-17 14:00:25,502 : INFO : EventManager : Event: ======'init_phase_3'====== Args={}
2024-07-17 14:00:25,507 : INFO : EventManager : Event: ======'init_phase_4'====== Args={}
2024-07-17 14:00:25,508 : INFO : BallController : Initial balls found: 6
2024-07-17 14:00:25,508 : INFO : EventManager : Event: ======'machine_var_audits_events_game_ended'====== Args={'value': 4, 'prev_value': None, 'change': True}
2024-07-17 14:00:25,508 : INFO : EventManager : Event: ======'machine_var_audits_events_game_started'====== Args={'value': 440, 'prev_value': None, 'change': True}
2024-07-17 14:00:25,508 : INFO : EventManager : Event: ======'machine_var_audits_missing_switches_s_a_target'====== Args={'value': 5, 'prev_value': None, 'change': True}
2024-07-17 14:00:25,508 : INFO : EventManager : Event: ======'machine_var_audits_missing_switches_s_bottom_inline_drop'====== Args={'value': 8, 'prev_value': None, 'change': True}
2024-07-17 14:00:25,508 : INFO : EventManager : Event: ======'machine_var_audits_missing_switches_s_bottom_pop_bumper'====== Args={'value': 122, 'prev_value': None, 'change': True}
2024-07-17 14:00:25,508 : INFO : EventManager : Event: ======'machine_var_audits_missing_switches_s_center_spinner'====== Args={'value': 187, 'prev_value': None, 'change': True}
2024-07-17 14:00:25,509 : INFO : EventManager : Event: ======'machine_var_audits_missing_switches_s_e_target'====== Args={'value': 16, 'prev_value': None, 'change': True}
2024-07-17 14:00:25,509 : INFO : EventManager : Event: ======'machine_var_audits_missing_switches_s_left_flipper'====== Args={'value': 19, 'prev_value': None, 'change': True}
2024-07-17 14:00:25,509 : INFO : EventManager : Event: ======'machine_var_audits_missing_switches_s_left_inlane'====== Args={'value': 4, 'prev_value': None, 'change': True}
2024-07-17 14:00:25,509 : INFO : EventManager : Event: ======'machine_var_audits_missing_switches_s_left_inner_horseshoe'====== Args={'value': 74, 'prev_value': None, 'change': True}
2024-07-17 14:00:25,509 : INFO : EventManager : Event: ======'machine_var_audits_missing_switches_s_left_orbit_enter'====== Args={'value': 8, 'prev_value': None, 'change': True}
2024-07-17 14:00:25,509 : INFO : EventManager : Event: ======'machine_var_audits_missing_switches_s_left_orbit_exit'====== Args={'value': 196, 'prev_value': None, 'change': True}
2024-07-17 14:00:25,509 : INFO : EventManager : Event: ======'machine_var_audits_missing_switches_s_left_outlane'====== Args={'value': 4, 'prev_value': None, 'change': True}
2024-07-17 14:00:25,509 : INFO : EventManager : Event: ======'machine_var_audits_missing_switches_s_left_pop_bumper'====== Args={'value': 74, 'prev_value': None, 'change': True}
2024-07-17 14:00:25,509 : INFO : EventManager : Event: ======'machine_var_audits_missing_switches_s_left_ramp_enter'====== Args={'value': 32, 'prev_value': None, 'change': True}
2024-07-17 14:00:25,509 : INFO : EventManager : Event: ======'machine_var_audits_missing_switches_s_left_ramp_exit'====== Args={'value': 318, 'prev_value': None, 'change': True}
2024-07-17 14:00:25,509 : INFO : EventManager : Event: ======'machine_var_audits_missing_switches_s_left_ramp_standup'====== Args={'value': 7, 'prev_value': None, 'change': True}
2024-07-17 14:00:25,509 : INFO : EventManager : Event: ======'machine_var_audits_missing_switches_s_left_rollover_lane'====== Args={'value': 4, 'prev_value': None, 'change': True}
2024-07-17 14:00:25,509 : INFO : EventManager : Event: ======'machine_var_audits_missing_switches_s_left_sling'====== Args={'value': 90, 'prev_value': None, 'change': True}
2024-07-17 14:00:25,509 : INFO : EventManager : Event: ======'machine_var_audits_missing_switches_s_left_spinner'====== Args={'value': 8, 'prev_value': None, 'change': True}
2024-07-17 14:00:25,509 : INFO : EventManager : Event: ======'machine_var_audits_missing_switches_s_middle_inline_drop'====== Args={'value': 8, 'prev_value': None, 'change': True}
2024-07-17 14:00:25,510 : INFO : EventManager : Event: ======'machine_var_audits_missing_switches_s_middle_rollover_lane'====== Args={'value': 4, 'prev_value': None, 'change': True}
2024-07-17 14:00:25,510 : INFO : EventManager : Event: ======'machine_var_audits_missing_switches_s_n_target'====== Args={'value': 9, 'prev_value': None, 'change': True}
2024-07-17 14:00:25,510 : INFO : EventManager : Event: ======'machine_var_audits_missing_switches_s_o_target'====== Args={'value': 10, 'prev_value': None, 'change': True}
2024-07-17 14:00:25,510 : INFO : EventManager : Event: ======'machine_var_audits_missing_switches_s_p2_target'====== Args={'value': 7, 'prev_value': None, 'change': True}
2024-07-17 14:00:25,510 : INFO : EventManager : Event: ======'machine_var_audits_missing_switches_s_p_target'====== Args={'value': 10, 'prev_value': None, 'change': True}
2024-07-17 14:00:25,510 : INFO : EventManager : Event: ======'machine_var_audits_missing_switches_s_plunger_lane_exit'====== Args={'value': 5, 'prev_value': None, 'change': True}
2024-07-17 14:00:25,510 : INFO : EventManager : Event: ======'machine_var_audits_missing_switches_s_r_target'====== Args={'value': 10, 'prev_value': None, 'change': True}
2024-07-17 14:00:25,510 : INFO : EventManager : Event: ======'machine_var_audits_missing_switches_s_right_inlane'====== Args={'value': 4, 'prev_value': None, 'change': True}
2024-07-17 14:00:25,510 : INFO : EventManager : Event: ======'machine_var_audits_missing_switches_s_right_inner_horseshoe'====== Args={'value': 81, 'prev_value': None, 'change': True}
2024-07-17 14:00:25,510 : INFO : EventManager : Event: ======'machine_var_audits_missing_switches_s_right_orbit_exit'====== Args={'value': 183, 'prev_value': None, 'change': True}
2024-07-17 14:00:25,510 : INFO : EventManager : Event: ======'machine_var_audits_missing_switches_s_right_outlane'====== Args={'value': 4, 'prev_value': None, 'change': True}
2024-07-17 14:00:25,511 : INFO : EventManager : Event: ======'machine_var_audits_missing_switches_s_right_pop_bumper'====== Args={'value': 101, 'prev_value': None, 'change': True}
2024-07-17 14:00:25,511 : INFO : EventManager : Event: ======'machine_var_audits_missing_switches_s_right_ramp_enter'====== Args={'value': 145, 'prev_value': None, 'change': True}
2024-07-17 14:00:25,511 : INFO : EventManager : Event: ======'machine_var_audits_missing_switches_s_right_ramp_exit'====== Args={'value': 145, 'prev_value': None, 'change': True}
2024-07-17 14:00:25,511 : INFO : EventManager : Event: ======'machine_var_audits_missing_switches_s_right_ramp_standup'====== Args={'value': 58, 'prev_value': None, 'change': True}
2024-07-17 14:00:25,511 : INFO : EventManager : Event: ======'machine_var_audits_missing_switches_s_right_rollover_lane'====== Args={'value': 4, 'prev_value': None, 'change': True}
2024-07-17 14:00:25,511 : INFO : EventManager : Event: ======'machine_var_audits_missing_switches_s_right_sling'====== Args={'value': 391, 'prev_value': None, 'change': True}
2024-07-17 14:00:25,511 : INFO : EventManager : Event: ======'machine_var_audits_missing_switches_s_start'====== Args={'value': 8, 'prev_value': None, 'change': True}
2024-07-17 14:00:25,511 : INFO : EventManager : Event: ======'machine_var_audits_missing_switches_s_top_inline_drop'====== Args={'value': 74, 'prev_value': None, 'change': True}
2024-07-17 14:00:25,511 : INFO : EventManager : Event: ======'machine_var_audits_missing_switches_s_trough1'====== Args={'value': 8, 'prev_value': None, 'change': True}
2024-07-17 14:00:25,511 : INFO : EventManager : Event: ======'machine_var_audits_missing_switches_s_trough2'====== Args={'value': 67, 'prev_value': None, 'change': True}
2024-07-17 14:00:25,512 : INFO : EventManager : Event: ======'machine_var_audits_missing_switches_s_trough3'====== Args={'value': 67, 'prev_value': None, 'change': True}
2024-07-17 14:00:25,512 : INFO : EventManager : Event: ======'machine_var_audits_missing_switches_s_trough4'====== Args={'value': 395, 'prev_value': None, 'change': True}
2024-07-17 14:00:25,512 : INFO : EventManager : Event: ======'machine_var_audits_missing_switches_s_trough5'====== Args={'value': 395, 'prev_value': None, 'change': True}
2024-07-17 14:00:25,512 : INFO : EventManager : Event: ======'machine_var_audits_missing_switches_s_trough6'====== Args={'value': 395, 'prev_value': None, 'change': True}
2024-07-17 14:00:25,512 : INFO : EventManager : Event: ======'machine_var_audits_missing_switches_s_trough_jam'====== Args={'value': 328, 'prev_value': None, 'change': True}
2024-07-17 14:00:25,512 : INFO : EventManager : Event: ======'machine_var_audits_player_score'====== Args={'value': {'average': 109379, 'top': [370600, 175300, 400, 300, 250], 'total': 5}, 'prev_value': None, 'change': True}
2024-07-17 14:00:25,512 : INFO : EventManager : Event: ======'machine_var_audits_shots_a_rollover_lane'====== Args={'value': 2, 'prev_value': None, 'change': True}
2024-07-17 14:00:25,512 : INFO : EventManager : Event: ======'machine_var_audits_shots_a_target'====== Args={'value': 7, 'prev_value': None, 'change': True}
2024-07-17 14:00:25,512 : INFO : EventManager : Event: ======'machine_var_audits_shots_e_target'====== Args={'value': 3, 'prev_value': None, 'change': True}
2024-07-17 14:00:25,513 : INFO : EventManager : Event: ======'machine_var_audits_shots_h_rollover_lane'====== Args={'value': 3, 'prev_value': None, 'change': True}
2024-07-17 14:00:25,513 : INFO : EventManager : Event: ======'machine_var_audits_shots_k_rollover_lane'====== Args={'value': 2, 'prev_value': None, 'change': True}
2024-07-17 14:00:25,513 : INFO : EventManager : Event: ======'machine_var_audits_shots_left_rollover_lane'====== Args={'value': 166, 'prev_value': None, 'change': True}
2024-07-17 14:00:25,513 : INFO : EventManager : Event: ======'machine_var_audits_shots_middle_rollover_lane'====== Args={'value': 161, 'prev_value': None, 'change': True}
2024-07-17 14:00:25,513 : INFO : EventManager : Event: ======'machine_var_audits_shots_n_rollover_lane'====== Args={'value': 2, 'prev_value': None, 'change': True}
2024-07-17 14:00:25,513 : INFO : EventManager : Event: ======'machine_var_audits_shots_n_target'====== Args={'value': 9, 'prev_value': None, 'change': True}
2024-07-17 14:00:25,513 : INFO : EventManager : Event: ======'machine_var_audits_shots_o_target'====== Args={'value': 4, 'prev_value': None, 'change': True}
2024-07-17 14:00:25,513 : INFO : EventManager : Event: ======'machine_var_audits_shots_p2_target'====== Args={'value': 5, 'prev_value': None, 'change': True}
2024-07-17 14:00:25,513 : INFO : EventManager : Event: ======'machine_var_audits_shots_p_target'====== Args={'value': 8, 'prev_value': None, 'change': True}
2024-07-17 14:00:25,514 : INFO : EventManager : Event: ======'machine_var_audits_shots_qualify_o_target'====== Args={'value': 65, 'prev_value': None, 'change': True}
2024-07-17 14:00:25,514 : INFO : EventManager : Event: ======'machine_var_audits_shots_qualify_p_target'====== Args={'value': 69, 'prev_value': None, 'change': True}
2024-07-17 14:00:25,514 : INFO : EventManager : Event: ======'machine_var_audits_shots_qualify_r_target'====== Args={'value': 89, 'prev_value': None, 'change': True}
2024-07-17 14:00:25,514 : INFO : EventManager : Event: ======'machine_var_audits_shots_r_target'====== Args={'value': 14, 'prev_value': None, 'change': True}
2024-07-17 14:00:25,514 : INFO : EventManager : Event: ======'machine_var_audits_shots_right_rollover_lane'====== Args={'value': 165, 'prev_value': None, 'change': True}
2024-07-17 14:00:25,514 : INFO : EventManager : Event: ======'machine_var_audits_shots_skillshot_a_target'====== Args={'value': 51, 'prev_value': None, 'change': True}
2024-07-17 14:00:25,514 : INFO : EventManager : Event: ======'machine_var_audits_shots_skillshot_e_target'====== Args={'value': 42, 'prev_value': None, 'change': True}
2024-07-17 14:00:25,515 : INFO : EventManager : Event: ======'machine_var_audits_shots_skillshot_n_target'====== Args={'value': 36, 'prev_value': None, 'change': True}
2024-07-17 14:00:25,515 : INFO : EventManager : Event: ======'machine_var_audits_shots_skillshot_o_target'====== Args={'value': 17, 'prev_value': None, 'change': True}
2024-07-17 14:00:25,515 : INFO : EventManager : Event: ======'machine_var_audits_shots_skillshot_p2_target'====== Args={'value': 13, 'prev_value': None, 'change': True}
2024-07-17 14:00:25,515 : INFO : EventManager : Event: ======'machine_var_audits_shots_skillshot_p_target'====== Args={'value': 26, 'prev_value': None, 'change': True}
2024-07-17 14:00:25,515 : INFO : EventManager : Event: ======'machine_var_audits_shots_skillshot_r_target'====== Args={'value': 15, 'prev_value': None, 'change': True}
2024-07-17 14:00:25,515 : INFO : EventManager : Event: ======'machine_var_audits_switches_s_a_target'====== Args={'value': 98, 'prev_value': None, 'change': True}
2024-07-17 14:00:25,515 : INFO : EventManager : Event: ======'machine_var_audits_switches_s_bottom_inline_drop'====== Args={'value': 467, 'prev_value': None, 'change': True}
2024-07-17 14:00:25,516 : INFO : EventManager : Event: ======'machine_var_audits_switches_s_bottom_pop_bumper'====== Args={'value': 9, 'prev_value': None, 'change': True}
2024-07-17 14:00:25,516 : INFO : EventManager : Event: ======'machine_var_audits_switches_s_center_spinner'====== Args={'value': 3, 'prev_value': None, 'change': True}
2024-07-17 14:00:25,516 : INFO : EventManager : Event: ======'machine_var_audits_switches_s_e_target'====== Args={'value': 106, 'prev_value': None, 'change': True}
2024-07-17 14:00:25,516 : INFO : EventManager : Event: ======'machine_var_audits_switches_s_left_flipper'====== Args={'value': 197, 'prev_value': None, 'change': True}
2024-07-17 14:00:25,516 : INFO : EventManager : Event: ======'machine_var_audits_switches_s_left_inlane'====== Args={'value': 13, 'prev_value': None, 'change': True}
2024-07-17 14:00:25,516 : INFO : EventManager : Event: ======'machine_var_audits_switches_s_left_inner_horseshoe'====== Args={'value': 15, 'prev_value': None, 'change': True}
2024-07-17 14:00:25,516 : INFO : EventManager : Event: ======'machine_var_audits_switches_s_left_orbit_enter'====== Args={'value': 22, 'prev_value': None, 'change': True}
2024-07-17 14:00:25,517 : INFO : EventManager : Event: ======'machine_var_audits_switches_s_left_orbit_exit'====== Args={'value': 13, 'prev_value': None, 'change': True}
2024-07-17 14:00:25,517 : INFO : EventManager : Event: ======'machine_var_audits_switches_s_left_outlane'====== Args={'value': 29, 'prev_value': None, 'change': True}
2024-07-17 14:00:25,517 : INFO : EventManager : Event: ======'machine_var_audits_switches_s_left_pop_bumper'====== Args={'value': 4, 'prev_value': None, 'change': True}
2024-07-17 14:00:25,517 : INFO : EventManager : Event: ======'machine_var_audits_switches_s_left_ramp_enter'====== Args={'value': 18, 'prev_value': None, 'change': True}
2024-07-17 14:00:25,517 : INFO : EventManager : Event: ======'machine_var_audits_switches_s_left_ramp_exit'====== Args={'value': 3, 'prev_value': None, 'change': True}
2024-07-17 14:00:25,517 : INFO : EventManager : Event: ======'machine_var_audits_switches_s_left_ramp_standup'====== Args={'value': 694, 'prev_value': None, 'change': True}
2024-07-17 14:00:25,518 : INFO : EventManager : Event: ======'machine_var_audits_switches_s_left_rollover_lane'====== Args={'value': 171, 'prev_value': None, 'change': True}
2024-07-17 14:00:25,518 : INFO : EventManager : Event: ======'machine_var_audits_switches_s_left_sling'====== Args={'value': 12, 'prev_value': None, 'change': True}
2024-07-17 14:00:25,518 : INFO : EventManager : Event: ======'machine_var_audits_switches_s_left_spinner'====== Args={'value': 116, 'prev_value': None, 'change': True}
2024-07-17 14:00:25,518 : INFO : EventManager : Event: ======'machine_var_audits_switches_s_middle_inline_drop'====== Args={'value': 464, 'prev_value': None, 'change': True}
2024-07-17 14:00:25,518 : INFO : EventManager : Event: ======'machine_var_audits_switches_s_middle_rollover_lane'====== Args={'value': 164, 'prev_value': None, 'change': True}
2024-07-17 14:00:25,518 : INFO : EventManager : Event: ======'machine_var_audits_switches_s_n_target'====== Args={'value': 95, 'prev_value': None, 'change': True}
2024-07-17 14:00:25,518 : INFO : EventManager : Event: ======'machine_var_audits_switches_s_o_target'====== Args={'value': 112, 'prev_value': None, 'change': True}
2024-07-17 14:00:25,519 : INFO : EventManager : Event: ======'machine_var_audits_switches_s_p2_target'====== Args={'value': 38, 'prev_value': None, 'change': True}
2024-07-17 14:00:25,519 : INFO : EventManager : Event: ======'machine_var_audits_switches_s_p_target'====== Args={'value': 290, 'prev_value': None, 'change': True}
2024-07-17 14:00:25,519 : INFO : EventManager : Event: ======'machine_var_audits_switches_s_plunger'====== Args={'value': 526, 'prev_value': None, 'change': True}
2024-07-17 14:00:25,519 : INFO : EventManager : Event: ======'machine_var_audits_switches_s_plunger_lane'====== Args={'value': 39, 'prev_value': None, 'change': True}
2024-07-17 14:00:25,519 : INFO : EventManager : Event: ======'machine_var_audits_switches_s_plunger_lane_exit'====== Args={'value': 318, 'prev_value': None, 'change': True}
2024-07-17 14:00:25,519 : INFO : EventManager : Event: ======'machine_var_audits_switches_s_r_target'====== Args={'value': 129, 'prev_value': None, 'change': True}
2024-07-17 14:00:25,520 : INFO : EventManager : Event: ======'machine_var_audits_switches_s_right_flipper'====== Args={'value': 484, 'prev_value': None, 'change': True}
2024-07-17 14:00:25,520 : INFO : EventManager : Event: ======'machine_var_audits_switches_s_right_inlane'====== Args={'value': 11, 'prev_value': None, 'change': True}
2024-07-17 14:00:25,520 : INFO : EventManager : Event: ======'machine_var_audits_switches_s_right_inner_horseshoe'====== Args={'value': 8, 'prev_value': None, 'change': True}
2024-07-17 14:00:25,520 : INFO : EventManager : Event: ======'machine_var_audits_switches_s_right_orbit_exit'====== Args={'value': 33, 'prev_value': None, 'change': True}
2024-07-17 14:00:25,520 : INFO : EventManager : Event: ======'machine_var_audits_switches_s_right_outlane'====== Args={'value': 10, 'prev_value': None, 'change': True}
2024-07-17 14:00:25,520 : INFO : EventManager : Event: ======'machine_var_audits_switches_s_right_pop_bumper'====== Args={'value': 16, 'prev_value': None, 'change': True}
2024-07-17 14:00:25,521 : INFO : EventManager : Event: ======'machine_var_audits_switches_s_right_ramp_enter'====== Args={'value': 1, 'prev_value': None, 'change': True}
2024-07-17 14:00:25,521 : INFO : EventManager : Event: ======'machine_var_audits_switches_s_right_ramp_exit'====== Args={'value': 1, 'prev_value': None, 'change': True}
2024-07-17 14:00:25,521 : INFO : EventManager : Event: ======'machine_var_audits_switches_s_right_ramp_standup'====== Args={'value': 184, 'prev_value': None, 'change': True}
2024-07-17 14:00:25,521 : INFO : EventManager : Event: ======'machine_var_audits_switches_s_right_rollover_lane'====== Args={'value': 179, 'prev_value': None, 'change': True}
2024-07-17 14:00:25,521 : INFO : EventManager : Event: ======'machine_var_audits_switches_s_right_sling'====== Args={'value': 1, 'prev_value': None, 'change': True}
2024-07-17 14:00:25,522 : INFO : EventManager : Event: ======'machine_var_audits_switches_s_scoop'====== Args={'value': 95, 'prev_value': None, 'change': True}
2024-07-17 14:00:25,522 : INFO : EventManager : Event: ======'machine_var_audits_switches_s_start'====== Args={'value': 298, 'prev_value': None, 'change': True}
2024-07-17 14:00:25,522 : INFO : EventManager : Event: ======'machine_var_audits_switches_s_top_inline_drop'====== Args={'value': 36, 'prev_value': None, 'change': True}
2024-07-17 14:00:25,522 : INFO : EventManager : Event: ======'machine_var_audits_switches_s_trough1'====== Args={'value': 329, 'prev_value': None, 'change': True}
2024-07-17 14:00:25,522 : INFO : EventManager : Event: ======'machine_var_audits_switches_s_trough2'====== Args={'value': 25, 'prev_value': None, 'change': True}
2024-07-17 14:00:25,522 : INFO : EventManager : Event: ======'machine_var_audits_switches_s_trough3'====== Args={'value': 5, 'prev_value': None, 'change': True}
2024-07-17 14:00:25,523 : INFO : EventManager : Event: ======'machine_var_audits_switches_s_trough4'====== Args={'value': 2, 'prev_value': None, 'change': True}
2024-07-17 14:00:25,523 : INFO : EventManager : Event: ======'machine_var_audits_switches_s_trough5'====== Args={'value': 2, 'prev_value': None, 'change': True}
2024-07-17 14:00:25,523 : INFO : EventManager : Event: ======'machine_var_audits_switches_s_trough6'====== Args={'value': 1, 'prev_value': None, 'change': True}
2024-07-17 14:00:25,523 : INFO : EventManager : Event: ======'machine_var_audits_switches_s_trough_jam'====== Args={'value': 5, 'prev_value': None, 'change': True}
2024-07-17 14:00:25,524 : INFO : EventManager : Event: ======'init_phase_5'====== Args={}
2024-07-17 14:00:25,526 : INFO : EventManager : Event: ======'init_done'====== Args={}
2024-07-17 14:00:25,526 : INFO : EventManager : Event: ======'machine_reset_phase_1'====== Args={}
2024-07-17 14:00:25,530 : INFO : EventManager : Event: ======'machine_reset_phase_2'====== Args={}
2024-07-17 14:00:25,530 : INFO : EventManager : Event: ======'machine_reset_phase_3'====== Args={}
2024-07-17 14:00:25,530 : INFO : drop_target_bank.strickland_bank : All targets are already up. Will not reset bank.
2024-07-17 14:00:25,530 : INFO : EventManager : Event: ======'reset_complete'====== Args={}
2024-07-17 14:00:25,530 : INFO : EventManager : Event: ======'mode_attract_will_start'====== Args={}
2024-07-17 14:00:25,530 : INFO : Timer.attract_switch : Starting Timer.
2024-07-17 14:00:25,530 : INFO : EventManager : Event: ======'timer_attract_switch_started'====== Args={'ticks': 0, 'ticks_remaining': 45}
2024-07-17 14:00:25,530 : INFO : EventManager : Event: ======'timer_attract_switch_tick'====== Args={'ticks': 0, 'ticks_remaining': 45}
2024-07-17 14:00:25,531 : INFO : EventManager : Event: ======'mode_attract_starting'====== Args={}
2024-07-17 14:00:25,531 : INFO : Mode.attract : Started. Priority: 10
2024-07-17 14:00:25,531 : INFO : EventManager : Event: ======'modes_active_modes_changed'====== Args={}
2024-07-17 14:00:25,531 : INFO : EventManager : Event: ======'mode_attract_started'====== Args={}
2024-07-17 14:00:25,531 : INFO : EventManager : Event: ======'collecting_balls_complete'====== Args={}
2024-07-17 14:00:25,531 : INFO : Machine : Starting the main run loop.
2024-07-17 14:00:26,237 : INFO : BcpServer : New client connected.
2024-07-17 14:00:26,531 : INFO : EventManager : Event: ======'timer_attract_switch_tick'====== Args={'ticks': 1, 'ticks_remaining': 44}
2024-07-17 14:00:26,555 : INFO : EventManager : Event: ======'slide__removed'====== Args={'_from_bcp': True}
2024-07-17 14:00:26,571 : INFO : EventManager : Event: ======'slide_dtp_logo_attract_created'====== Args={'_from_bcp': True}
2024-07-17 14:00:26,571 : INFO : EventManager : Event: ======'slide_dtp_logo_attract_active'====== Args={'original_context': 'attract', 'original_calling_context': 'timer_attract_switch_tick{ticks==1}', 'cmd': 'slides_play', '_from_bcp': True}
2024-07-17 14:00:27,531 : INFO : EventManager : Event: ======'timer_attract_switch_tick'====== Args={'ticks': 2, 'ticks_remaining': 43}
2024-07-17 14:00:28,532 : INFO : EventManager : Event: ======'timer_attract_switch_tick'====== Args={'ticks': 3, 'ticks_remaining': 42}
2024-07-17 14:00:29,531 : INFO : EventManager : Event: ======'timer_attract_switch_tick'====== Args={'ticks': 4, 'ticks_remaining': 41}
2024-07-17 14:00:29,559 : INFO : EventManager : Event: ======'slide_high_scores_attract_created'====== Args={'_from_bcp': True}
2024-07-17 14:00:29,559 : INFO : EventManager : Event: ======'slide_dtp_logo_attract_inactive'====== Args={'_from_bcp': True}
2024-07-17 14:00:29,560 : INFO : EventManager : Event: ======'slide_high_scores_attract_active'====== Args={'original_context': 'attract', 'original_calling_context': 'timer_attract_switch_tick{ticks==4}', 'cmd': 'slides_play', '_from_bcp': True}
2024-07-17 14:00:29,560 : INFO : EventManager : Event: ======'slide_dtp_logo_attract_removed'====== Args={'_from_bcp': True}
2024-07-17 14:00:30,532 : INFO : EventManager : Event: ======'timer_attract_switch_tick'====== Args={'ticks': 5, 'ticks_remaining': 40}
2024-07-17 14:00:31,531 : INFO : EventManager : Event: ======'timer_attract_switch_tick'====== Args={'ticks': 6, 'ticks_remaining': 39}
2024-07-17 14:00:32,531 : INFO : EventManager : Event: ======'timer_attract_switch_tick'====== Args={'ticks': 7, 'ticks_remaining': 38}
2024-07-17 14:00:33,531 : INFO : EventManager : Event: ======'timer_attract_switch_tick'====== Args={'ticks': 8, 'ticks_remaining': 37}
2024-07-17 14:00:33,577 : INFO : EventManager : Event: ======'slide_koth_logo_attract_created'====== Args={'_from_bcp': True}
2024-07-17 14:00:33,578 : INFO : EventManager : Event: ======'slide_high_scores_attract_inactive'====== Args={'_from_bcp': True}
2024-07-17 14:00:33,578 : INFO : EventManager : Event: ======'slide_koth_logo_attract_active'====== Args={'original_context': 'attract', 'original_calling_context': 'timer_attract_switch_tick{ticks==8}', 'cmd': 'slides_play', '_from_bcp': True}
2024-07-17 14:00:33,578 : INFO : EventManager : Event: ======'slide_high_scores_attract_removed'====== Args={'_from_bcp': True}
2024-07-17 14:00:34,531 : INFO : EventManager : Event: ======'timer_attract_switch_tick'====== Args={'ticks': 9, 'ticks_remaining': 36}
2024-07-17 14:00:35,531 : INFO : EventManager : Event: ======'timer_attract_switch_tick'====== Args={'ticks': 10, 'ticks_remaining': 35}
2024-07-17 14:00:36,531 : INFO : EventManager : Event: ======'timer_attract_switch_tick'====== Args={'ticks': 11, 'ticks_remaining': 34}
2024-07-17 14:00:37,531 : INFO : EventManager : Event: ======'timer_attract_switch_tick'====== Args={'ticks': 12, 'ticks_remaining': 33}
2024-07-17 14:00:38,531 : INFO : EventManager : Event: ======'timer_attract_switch_tick'====== Args={'ticks': 13, 'ticks_remaining': 32}
2024-07-17 14:00:39,531 : INFO : EventManager : Event: ======'timer_attract_switch_tick'====== Args={'ticks': 14, 'ticks_remaining': 31}
2024-07-17 14:00:40,531 : INFO : EventManager : Event: ======'timer_attract_switch_tick'====== Args={'ticks': 15, 'ticks_remaining': 30}
2024-07-17 14:00:41,531 : INFO : EventManager : Event: ======'timer_attract_switch_tick'====== Args={'ticks': 16, 'ticks_remaining': 29}
2024-07-17 14:00:42,531 : INFO : EventManager : Event: ======'timer_attract_switch_tick'====== Args={'ticks': 17, 'ticks_remaining': 28}
2024-07-17 14:00:43,531 : INFO : EventManager : Event: ======'timer_attract_switch_tick'====== Args={'ticks': 18, 'ticks_remaining': 27}
2024-07-17 14:00:44,531 : INFO : EventManager : Event: ======'timer_attract_switch_tick'====== Args={'ticks': 19, 'ticks_remaining': 26}
2024-07-17 14:00:45,531 : INFO : EventManager : Event: ======'timer_attract_switch_tick'====== Args={'ticks': 20, 'ticks_remaining': 25}
2024-07-17 14:00:46,531 : INFO : EventManager : Event: ======'timer_attract_switch_tick'====== Args={'ticks': 21, 'ticks_remaining': 24}
2024-07-17 14:00:47,531 : INFO : EventManager : Event: ======'timer_attract_switch_tick'====== Args={'ticks': 22, 'ticks_remaining': 23}
2024-07-17 14:00:48,531 : INFO : EventManager : Event: ======'timer_attract_switch_tick'====== Args={'ticks': 23, 'ticks_remaining': 22}
2024-07-17 14:00:49,531 : INFO : EventManager : Event: ======'timer_attract_switch_tick'====== Args={'ticks': 24, 'ticks_remaining': 21}
2024-07-17 14:00:50,531 : INFO : EventManager : Event: ======'timer_attract_switch_tick'====== Args={'ticks': 25, 'ticks_remaining': 20}
2024-07-17 14:00:51,531 : INFO : EventManager : Event: ======'timer_attract_switch_tick'====== Args={'ticks': 26, 'ticks_remaining': 19}
2024-07-17 14:00:52,531 : INFO : EventManager : Event: ======'timer_attract_switch_tick'====== Args={'ticks': 27, 'ticks_remaining': 18}
2024-07-17 14:00:53,530 : INFO : EventManager : Event: ======'timer_attract_switch_tick'====== Args={'ticks': 28, 'ticks_remaining': 17}
2024-07-17 14:00:54,530 : INFO : EventManager : Event: ======'timer_attract_switch_tick'====== Args={'ticks': 29, 'ticks_remaining': 16}
2024-07-17 14:00:55,537 : INFO : EventManager : Event: ======'timer_attract_switch_tick'====== Args={'ticks': 30, 'ticks_remaining': 15}
2024-07-17 14:00:56,530 : INFO : EventManager : Event: ======'timer_attract_switch_tick'====== Args={'ticks': 31, 'ticks_remaining': 14}
2024-07-17 14:00:57,530 : INFO : EventManager : Event: ======'timer_attract_switch_tick'====== Args={'ticks': 32, 'ticks_remaining': 13}
2024-07-17 14:00:58,530 : INFO : EventManager : Event: ======'timer_attract_switch_tick'====== Args={'ticks': 33, 'ticks_remaining': 12}
2024-07-17 14:00:59,530 : INFO : EventManager : Event: ======'timer_attract_switch_tick'====== Args={'ticks': 34, 'ticks_remaining': 11}
2024-07-17 14:01:00,530 : INFO : EventManager : Event: ======'timer_attract_switch_tick'====== Args={'ticks': 35, 'ticks_remaining': 10}
2024-07-17 14:01:01,529 : INFO : EventManager : Event: ======'timer_attract_switch_tick'====== Args={'ticks': 36, 'ticks_remaining': 9}
2024-07-17 14:01:02,530 : INFO : EventManager : Event: ======'timer_attract_switch_tick'====== Args={'ticks': 37, 'ticks_remaining': 8}
2024-07-17 14:01:03,530 : INFO : EventManager : Event: ======'timer_attract_switch_tick'====== Args={'ticks': 38, 'ticks_remaining': 7}
2024-07-17 14:01:04,529 : INFO : EventManager : Event: ======'timer_attract_switch_tick'====== Args={'ticks': 39, 'ticks_remaining': 6}
2024-07-17 14:01:05,530 : INFO : EventManager : Event: ======'timer_attract_switch_tick'====== Args={'ticks': 40, 'ticks_remaining': 5}
2024-07-17 14:01:06,530 : INFO : EventManager : Event: ======'timer_attract_switch_tick'====== Args={'ticks': 41, 'ticks_remaining': 4}
2024-07-17 14:01:07,530 : INFO : EventManager : Event: ======'timer_attract_switch_tick'====== Args={'ticks': 42, 'ticks_remaining': 3}
2024-07-17 14:01:08,529 : INFO : EventManager : Event: ======'timer_attract_switch_tick'====== Args={'ticks': 43, 'ticks_remaining': 2}
2024-07-17 14:01:09,529 : INFO : EventManager : Event: ======'timer_attract_switch_tick'====== Args={'ticks': 44, 'ticks_remaining': 1}
2024-07-17 14:01:10,529 : INFO : Timer.attract_switch : Timer Complete
2024-07-17 14:01:10,530 : INFO : Timer.attract_switch : Stopping Timer
2024-07-17 14:01:10,531 : INFO : EventManager : Event: ======'timer_attract_switch_stopped'====== Args={'ticks': 45, 'ticks_remaining': 1}
2024-07-17 14:01:10,531 : INFO : EventManager : Event: ======'timer_attract_switch_complete'====== Args={'ticks': 45, 'ticks_remaining': 1}
2024-07-17 14:01:10,532 : INFO : Timer.attract_switch : Starting Timer.
2024-07-17 14:01:10,533 : INFO : EventManager : Event: ======'timer_attract_switch_started'====== Args={'ticks': 0, 'ticks_remaining': 45}
2024-07-17 14:01:10,533 : INFO : EventManager : Event: ======'timer_attract_switch_tick'====== Args={'ticks': 0, 'ticks_remaining': 45}
2024-07-17 14:01:11,534 : INFO : EventManager : Event: ======'timer_attract_switch_tick'====== Args={'ticks': 1, 'ticks_remaining': 44}
2024-07-17 14:01:11,540 : INFO : EventManager : Event: ======'slide_dtp_logo_attract_created'====== Args={'_from_bcp': True}
2024-07-17 14:01:11,541 : INFO : EventManager : Event: ======'slide_koth_logo_attract_inactive'====== Args={'_from_bcp': True}
2024-07-17 14:01:11,542 : INFO : EventManager : Event: ======'slide_dtp_logo_attract_active'====== Args={'original_context': 'attract', 'original_calling_context': 'timer_attract_switch_tick{ticks==1}', 'cmd': 'slides_play', '_from_bcp': True}
2024-07-17 14:01:11,542 : INFO : EventManager : Event: ======'slide_koth_logo_attract_removed'====== Args={'_from_bcp': True}
2024-07-17 14:01:12,533 : INFO : EventManager : Event: ======'timer_attract_switch_tick'====== Args={'ticks': 2, 'ticks_remaining': 43}
2024-07-17 14:01:13,534 : INFO : EventManager : Event: ======'timer_attract_switch_tick'====== Args={'ticks': 3, 'ticks_remaining': 42}
2024-07-17 14:01:14,534 : INFO : EventManager : Event: ======'timer_attract_switch_tick'====== Args={'ticks': 4, 'ticks_remaining': 41}
2024-07-17 14:01:14,550 : INFO : EventManager : Event: ======'slide_high_scores_attract_created'====== Args={'_from_bcp': True}
2024-07-17 14:01:14,551 : INFO : EventManager : Event: ======'slide_dtp_logo_attract_inactive'====== Args={'_from_bcp': True}
2024-07-17 14:01:14,551 : INFO : EventManager : Event: ======'slide_high_scores_attract_active'====== Args={'original_context': 'attract', 'original_calling_context': 'timer_attract_switch_tick{ticks==4}', 'cmd': 'slides_play', '_from_bcp': True}
2024-07-17 14:01:14,552 : INFO : EventManager : Event: ======'slide_dtp_logo_attract_removed'====== Args={'_from_bcp': True}
2024-07-17 14:01:15,533 : INFO : EventManager : Event: ======'timer_attract_switch_tick'====== Args={'ticks': 5, 'ticks_remaining': 40}
2024-07-17 14:01:16,534 : INFO : EventManager : Event: ======'timer_attract_switch_tick'====== Args={'ticks': 6, 'ticks_remaining': 39}
2024-07-17 14:01:17,534 : INFO : EventManager : Event: ======'timer_attract_switch_tick'====== Args={'ticks': 7, 'ticks_remaining': 38}
2024-07-17 14:01:18,534 : INFO : EventManager : Event: ======'timer_attract_switch_tick'====== Args={'ticks': 8, 'ticks_remaining': 37}
2024-07-17 14:01:18,550 : INFO : EventManager : Event: ======'slide_koth_logo_attract_created'====== Args={'_from_bcp': True}
2024-07-17 14:01:18,551 : INFO : EventManager : Event: ======'slide_high_scores_attract_inactive'====== Args={'_from_bcp': True}
2024-07-17 14:01:18,552 : INFO : EventManager : Event: ======'slide_koth_logo_attract_active'====== Args={'original_context': 'attract', 'original_calling_context': 'timer_attract_switch_tick{ticks==8}', 'cmd': 'slides_play', '_from_bcp': True}
2024-07-17 14:01:18,553 : INFO : EventManager : Event: ======'slide_high_scores_attract_removed'====== Args={'_from_bcp': True}
2024-07-17 14:01:19,533 : INFO : EventManager : Event: ======'timer_attract_switch_tick'====== Args={'ticks': 9, 'ticks_remaining': 36}
2024-07-17 14:01:20,534 : INFO : EventManager : Event: ======'timer_attract_switch_tick'====== Args={'ticks': 10, 'ticks_remaining': 35}
2024-07-17 14:01:21,533 : INFO : EventManager : Event: ======'timer_attract_switch_tick'====== Args={'ticks': 11, 'ticks_remaining': 34}
2024-07-17 14:01:22,533 : INFO : EventManager : Event: ======'timer_attract_switch_tick'====== Args={'ticks': 12, 'ticks_remaining': 33}
2024-07-17 14:01:23,533 : INFO : EventManager : Event: ======'timer_attract_switch_tick'====== Args={'ticks': 13, 'ticks_remaining': 32}
2024-07-17 14:01:24,533 : INFO : EventManager : Event: ======'timer_attract_switch_tick'====== Args={'ticks': 14, 'ticks_remaining': 31}
2024-07-17 14:01:25,533 : INFO : EventManager : Event: ======'timer_attract_switch_tick'====== Args={'ticks': 15, 'ticks_remaining': 30}
2024-07-17 14:01:26,533 : INFO : EventManager : Event: ======'timer_attract_switch_tick'====== Args={'ticks': 16, 'ticks_remaining': 29}
2024-07-17 14:01:27,533 : INFO : EventManager : Event: ======'timer_attract_switch_tick'====== Args={'ticks': 17, 'ticks_remaining': 28}
2024-07-17 14:01:28,533 : INFO : EventManager : Event: ======'timer_attract_switch_tick'====== Args={'ticks': 18, 'ticks_remaining': 27}
2024-07-17 14:01:29,533 : INFO : EventManager : Event: ======'timer_attract_switch_tick'====== Args={'ticks': 19, 'ticks_remaining': 26}
2024-07-17 14:01:30,533 : INFO : EventManager : Event: ======'timer_attract_switch_tick'====== Args={'ticks': 20, 'ticks_remaining': 25}
2024-07-17 14:01:31,533 : INFO : EventManager : Event: ======'timer_attract_switch_tick'====== Args={'ticks': 21, 'ticks_remaining': 24}
2024-07-17 14:01:32,534 : INFO : EventManager : Event: ======'timer_attract_switch_tick'====== Args={'ticks': 22, 'ticks_remaining': 23}
2024-07-17 14:01:33,533 : INFO : EventManager : Event: ======'timer_attract_switch_tick'====== Args={'ticks': 23, 'ticks_remaining': 22}
2024-07-17 14:01:34,533 : INFO : EventManager : Event: ======'timer_attract_switch_tick'====== Args={'ticks': 24, 'ticks_remaining': 21}
2024-07-17 14:01:35,532 : INFO : EventManager : Event: ======'timer_attract_switch_tick'====== Args={'ticks': 25, 'ticks_remaining': 20}
2024-07-17 14:01:36,533 : INFO : EventManager : Event: ======'timer_attract_switch_tick'====== Args={'ticks': 26, 'ticks_remaining': 19}
2024-07-17 14:01:37,533 : INFO : EventManager : Event: ======'timer_attract_switch_tick'====== Args={'ticks': 27, 'ticks_remaining': 18}
2024-07-17 14:01:38,532 : INFO : EventManager : Event: ======'timer_attract_switch_tick'====== Args={'ticks': 28, 'ticks_remaining': 17}
2024-07-17 14:01:39,532 : INFO : EventManager : Event: ======'timer_attract_switch_tick'====== Args={'ticks': 29, 'ticks_remaining': 16}
2024-07-17 14:01:40,533 : INFO : EventManager : Event: ======'timer_attract_switch_tick'====== Args={'ticks': 30, 'ticks_remaining': 15}
2024-07-17 14:01:41,532 : INFO : EventManager : Event: ======'timer_attract_switch_tick'====== Args={'ticks': 31, 'ticks_remaining': 14}
2024-07-17 14:01:42,532 : INFO : EventManager : Event: ======'timer_attract_switch_tick'====== Args={'ticks': 32, 'ticks_remaining': 13}
2024-07-17 14:01:43,532 : INFO : EventManager : Event: ======'timer_attract_switch_tick'====== Args={'ticks': 33, 'ticks_remaining': 12}
2024-07-17 14:01:44,532 : INFO : EventManager : Event: ======'timer_attract_switch_tick'====== Args={'ticks': 34, 'ticks_remaining': 11}
2024-07-17 14:01:45,532 : INFO : EventManager : Event: ======'timer_attract_switch_tick'====== Args={'ticks': 35, 'ticks_remaining': 10}
2024-07-17 14:01:46,532 : INFO : EventManager : Event: ======'timer_attract_switch_tick'====== Args={'ticks': 36, 'ticks_remaining': 9}
2024-07-17 14:01:47,531 : INFO : EventManager : Event: ======'timer_attract_switch_tick'====== Args={'ticks': 37, 'ticks_remaining': 8}
2024-07-17 14:01:48,532 : INFO : EventManager : Event: ======'timer_attract_switch_tick'====== Args={'ticks': 38, 'ticks_remaining': 7}
2024-07-17 14:01:49,532 : INFO : EventManager : Event: ======'timer_attract_switch_tick'====== Args={'ticks': 39, 'ticks_remaining': 6}
2024-07-17 14:01:50,532 : INFO : EventManager : Event: ======'timer_attract_switch_tick'====== Args={'ticks': 40, 'ticks_remaining': 5}
2024-07-17 14:01:51,532 : INFO : EventManager : Event: ======'timer_attract_switch_tick'====== Args={'ticks': 41, 'ticks_remaining': 4}
2024-07-17 14:01:52,532 : INFO : EventManager : Event: ======'timer_attract_switch_tick'====== Args={'ticks': 42, 'ticks_remaining': 3}
2024-07-17 14:01:53,532 : INFO : EventManager : Event: ======'timer_attract_switch_tick'====== Args={'ticks': 43, 'ticks_remaining': 2}
2024-07-17 14:01:54,532 : INFO : EventManager : Event: ======'timer_attract_switch_tick'====== Args={'ticks': 44, 'ticks_remaining': 1}
2024-07-17 14:01:55,532 : INFO : Timer.attract_switch : Timer Complete
2024-07-17 14:01:55,532 : INFO : Timer.attract_switch : Stopping Timer
2024-07-17 14:01:55,533 : INFO : EventManager : Event: ======'timer_attract_switch_stopped'====== Args={'ticks': 45, 'ticks_remaining': 1}
2024-07-17 14:01:55,534 : INFO : EventManager : Event: ======'timer_attract_switch_complete'====== Args={'ticks': 45, 'ticks_remaining': 1}
2024-07-17 14:01:55,535 : INFO : Timer.attract_switch : Starting Timer.
2024-07-17 14:01:55,535 : INFO : EventManager : Event: ======'timer_attract_switch_started'====== Args={'ticks': 0, 'ticks_remaining': 45}
2024-07-17 14:01:55,536 : INFO : EventManager : Event: ======'timer_attract_switch_tick'====== Args={'ticks': 0, 'ticks_remaining': 45}
2024-07-17 14:01:56,537 : INFO : EventManager : Event: ======'timer_attract_switch_tick'====== Args={'ticks': 1, 'ticks_remaining': 44}
2024-07-17 14:01:56,546 : INFO : EventManager : Event: ======'slide_dtp_logo_attract_created'====== Args={'_from_bcp': True}
2024-07-17 14:01:56,547 : INFO : EventManager : Event: ======'slide_koth_logo_attract_inactive'====== Args={'_from_bcp': True}
2024-07-17 14:01:56,547 : INFO : EventManager : Event: ======'slide_dtp_logo_attract_active'====== Args={'original_context': 'attract', 'original_calling_context': 'timer_attract_switch_tick{ticks==1}', 'cmd': 'slides_play', '_from_bcp': True}
2024-07-17 14:01:56,548 : INFO : EventManager : Event: ======'slide_koth_logo_attract_removed'====== Args={'_from_bcp': True}
2024-07-17 14:01:57,537 : INFO : EventManager : Event: ======'timer_attract_switch_tick'====== Args={'ticks': 2, 'ticks_remaining': 43}
2024-07-17 14:01:58,537 : INFO : EventManager : Event: ======'timer_attract_switch_tick'====== Args={'ticks': 3, 'ticks_remaining': 42}
2024-07-17 14:01:59,537 : INFO : EventManager : Event: ======'timer_attract_switch_tick'====== Args={'ticks': 4, 'ticks_remaining': 41}
2024-07-17 14:01:59,549 : INFO : EventManager : Event: ======'slide_high_scores_attract_created'====== Args={'_from_bcp': True}
2024-07-17 14:01:59,550 : INFO : EventManager : Event: ======'slide_dtp_logo_attract_inactive'====== Args={'_from_bcp': True}
2024-07-17 14:01:59,550 : INFO : EventManager : Event: ======'slide_high_scores_attract_active'====== Args={'original_context': 'attract', 'original_calling_context': 'timer_attract_switch_tick{ticks==4}', 'cmd': 'slides_play', '_from_bcp': True}
2024-07-17 14:01:59,550 : INFO : EventManager : Event: ======'slide_dtp_logo_attract_removed'====== Args={'_from_bcp': True}
2024-07-17 14:02:00,536 : INFO : EventManager : Event: ======'timer_attract_switch_tick'====== Args={'ticks': 5, 'ticks_remaining': 40}
2024-07-17 14:02:01,537 : INFO : EventManager : Event: ======'timer_attract_switch_tick'====== Args={'ticks': 6, 'ticks_remaining': 39}
2024-07-17 14:02:02,537 : INFO : EventManager : Event: ======'timer_attract_switch_tick'====== Args={'ticks': 7, 'ticks_remaining': 38}
2024-07-17 14:02:03,537 : INFO : EventManager : Event: ======'timer_attract_switch_tick'====== Args={'ticks': 8, 'ticks_remaining': 37}
2024-07-17 14:02:03,550 : INFO : EventManager : Event: ======'slide_koth_logo_attract_created'====== Args={'_from_bcp': True}
2024-07-17 14:02:03,551 : INFO : EventManager : Event: ======'slide_high_scores_attract_inactive'====== Args={'_from_bcp': True}
2024-07-17 14:02:03,552 : INFO : EventManager : Event: ======'slide_koth_logo_attract_active'====== Args={'original_context': 'attract', 'original_calling_context': 'timer_attract_switch_tick{ticks==8}', 'cmd': 'slides_play', '_from_bcp': True}
2024-07-17 14:02:03,552 : INFO : EventManager : Event: ======'slide_high_scores_attract_removed'====== Args={'_from_bcp': True}
2024-07-17 14:02:04,537 : INFO : EventManager : Event: ======'timer_attract_switch_tick'====== Args={'ticks': 9, 'ticks_remaining': 36}
2024-07-17 14:02:05,536 : INFO : EventManager : Event: ======'timer_attract_switch_tick'====== Args={'ticks': 10, 'ticks_remaining': 35}
2024-07-17 14:02:06,536 : INFO : EventManager : Event: ======'timer_attract_switch_tick'====== Args={'ticks': 11, 'ticks_remaining': 34}
2024-07-17 14:02:07,536 : INFO : EventManager : Event: ======'timer_attract_switch_tick'====== Args={'ticks': 12, 'ticks_remaining': 33}
2024-07-17 14:02:08,536 : INFO : EventManager : Event: ======'timer_attract_switch_tick'====== Args={'ticks': 13, 'ticks_remaining': 32}
2024-07-17 14:02:09,536 : INFO : EventManager : Event: ======'timer_attract_switch_tick'====== Args={'ticks': 14, 'ticks_remaining': 31}
2024-07-17 14:02:10,536 : INFO : EventManager : Event: ======'timer_attract_switch_tick'====== Args={'ticks': 15, 'ticks_remaining': 30}
2024-07-17 14:02:11,536 : INFO : EventManager : Event: ======'timer_attract_switch_tick'====== Args={'ticks': 16, 'ticks_remaining': 29}
2024-07-17 14:02:11,639 : INFO : Machine : Shutting down...
2024-07-17 14:02:11,640 : INFO : EventManager : Event: ======'shutdown'====== Args={}
2024-07-17 14:02:11,656 : INFO : root : MPF run loop ended.
