2024-07-13 16:12:27,401 : INFO : root : Loading config.
2024-07-13 16:12:27,402 : INFO : YamlMultifileConfigLoader : Machine config file #1: config.yaml
2024-07-13 16:12:27,402 : INFO : ConfigProcessor : Loading config from cache: /var/folders/sv/d29kcl5x50v7vt1n6xb5jsd40000gn/T/c166cef8060ffee16a35821bf698da85.mpf_cache
2024-07-13 16:12:27,438 : INFO : ConfigProcessor : Loading config from cache: /var/folders/sv/d29kcl5x50v7vt1n6xb5jsd40000gn/T/6b31c5ac6ecbad948994a8204ea6b05b.mpf_cache
2024-07-13 16:12:27,438 : INFO : ConfigProcessor : Loading config from cache: /var/folders/sv/d29kcl5x50v7vt1n6xb5jsd40000gn/T/fe612d1e66c8a96c19ba449d3748eeac.mpf_cache
2024-07-13 16:12:27,439 : INFO : ConfigProcessor : Loading config from cache: /var/folders/sv/d29kcl5x50v7vt1n6xb5jsd40000gn/T/6b31c5ac6ecbad948994a8204ea6b05b.mpf_cache
2024-07-13 16:12:27,439 : INFO : ConfigProcessor : Loading config from cache: /var/folders/sv/d29kcl5x50v7vt1n6xb5jsd40000gn/T/8765227693ecd961e0504502a81255e0.mpf_cache
2024-07-13 16:12:27,439 : INFO : ConfigProcessor : Loading config from cache: /var/folders/sv/d29kcl5x50v7vt1n6xb5jsd40000gn/T/b247728c74b4d81bcb2825e2b07062a7.mpf_cache
2024-07-13 16:12:27,440 : INFO : ConfigProcessor : Loading config from cache: /var/folders/sv/d29kcl5x50v7vt1n6xb5jsd40000gn/T/f240f94f0b5d0f37ec4fd7571275a101.mpf_cache
2024-07-13 16:12:27,440 : INFO : ConfigProcessor : Loading config from cache: /var/folders/sv/d29kcl5x50v7vt1n6xb5jsd40000gn/T/c4409acfdf3ec94666e0adef48d55400.mpf_cache
2024-07-13 16:12:27,440 : WARNING : ConfigProcessor : Config file in cache changed: /Users/nicktaseris/Desktop/Pinball/KOTH/modes/BBQ_rollover/config/BBQ_rollover.yaml
2024-07-13 16:12:27,440 : INFO : ConfigProcessor : Loading config from file /Users/nicktaseris/Desktop/Pinball/KOTH/modes/BBQ_rollover/config/BBQ_rollover.yaml.
2024-07-13 16:12:27,442 : INFO : ConfigProcessor : Loading config: /Users/nicktaseris/Desktop/Pinball/KOTH/modes/BBQ_rollover/config/BBQ_rollover.yaml
2024-07-13 16:12:27,443 : INFO : ConfigProcessor : Config file cache created: /var/folders/sv/d29kcl5x50v7vt1n6xb5jsd40000gn/T/6a2f50ed892485825cc04dc0a68eab9f.mpf_cache
2024-07-13 16:12:27,443 : INFO : ConfigProcessor : Loading config from cache: /var/folders/sv/d29kcl5x50v7vt1n6xb5jsd40000gn/T/d58c58eb9fd1a2dc27f8acd255fb3761.mpf_cache
2024-07-13 16:12:27,446 : INFO : ConfigProcessor : Loading config from cache: /var/folders/sv/d29kcl5x50v7vt1n6xb5jsd40000gn/T/07adfd310b3ef0e03c5cbc91527abb6c.mpf_cache
2024-07-13 16:12:27,446 : INFO : ConfigProcessor : Loading config from cache: /var/folders/sv/d29kcl5x50v7vt1n6xb5jsd40000gn/T/12bd5247c3bf989b919364bdb7829769.mpf_cache
2024-07-13 16:12:27,447 : INFO : ConfigProcessor : Loading config from cache: /var/folders/sv/d29kcl5x50v7vt1n6xb5jsd40000gn/T/362e08f51a1a1b7a0809dd52f9c83f83.mpf_cache
2024-07-13 16:12:27,447 : INFO : ConfigProcessor : Loading config from cache: /var/folders/sv/d29kcl5x50v7vt1n6xb5jsd40000gn/T/e45e3bd39557ed8d0881194a7afab8f7.mpf_cache
2024-07-13 16:12:27,447 : INFO : ConfigProcessor : Loading config from cache: /var/folders/sv/d29kcl5x50v7vt1n6xb5jsd40000gn/T/331d8d1a1bc190cae8c13495e1db372f.mpf_cache
2024-07-13 16:12:27,447 : INFO : ConfigProcessor : Loading config from cache: /var/folders/sv/d29kcl5x50v7vt1n6xb5jsd40000gn/T/34853b7ed6df3aedbba239874ade5ac8.mpf_cache
2024-07-13 16:12:27,448 : INFO : ConfigProcessor : Loading config from cache: /var/folders/sv/d29kcl5x50v7vt1n6xb5jsd40000gn/T/280fd64455d0d243a54ab4db98fbccbd.mpf_cache
2024-07-13 16:12:27,448 : INFO : ConfigProcessor : Loading config from cache: /var/folders/sv/d29kcl5x50v7vt1n6xb5jsd40000gn/T/f740dfd95525cc25ca6fd48a25d35ac6.mpf_cache
2024-07-13 16:12:27,448 : INFO : ConfigProcessor : Loading config from cache: /var/folders/sv/d29kcl5x50v7vt1n6xb5jsd40000gn/T/3048ed2d7ea14eee3db896f6760aa474.mpf_cache
2024-07-13 16:12:27,449 : INFO : Machine : Mission Pinball Framework Core Engine v0.80.0.dev1
2024-07-13 16:12:27,449 : INFO : Machine : Command line arguments: {'no_load_cache': False, 'create_config_cache': True, 'bcp': True, 'configfile': ['config.yaml'], 'force_assets_load': False, 'platform_integration_test': False, 'jsonlogging': False, 'logfile': 'logs/2024-07-13-16-12-27-mpf-Nicks-MacBook-Air.local.log', 'pause': False, 'production': False, 'text_ui': True, 'loglevel': 15, 'consoleloglevel': 20, 'force_platform': None, 'syslog_address': None, 'mc_file_name': None, 'no_sound': False, 'full_logfile_path': '/Users/nicktaseris/Desktop/Pinball/KOTH/logs/2024-07-13-16-12-27-mpf-Nicks-MacBook-Air.local.log'}
2024-07-13 16:12:27,449 : INFO : Machine : MPF path: /Users/nicktaseris/mpfenv/lib/python3.9/site-packages/mpf
2024-07-13 16:12:27,449 : INFO : Machine : Machine path: /Users/nicktaseris/Desktop/Pinball/KOTH
2024-07-13 16:12:27,449 : INFO : Machine : Platform: darwin
2024-07-13 16:12:27,449 : INFO : Machine : Python executable location: /Users/nicktaseris/mpfenv/bin/python3
2024-07-13 16:12:27,449 : INFO : Machine : Python version: 3.9.13 (64-bit)
2024-07-13 16:12:27,449 : INFO : Machine : Initializing MPF...
2024-07-13 16:12:27,480 : INFO : EventManager : Event: ======'machine_var_credits_string'====== Args={'value': 'FREE PLAY', 'prev_value': None, 'change': True}
2024-07-13 16:12:27,486 : INFO : EventManager : Event: ======'machine_var_master_volume'====== Args={'value': 0.5, 'prev_value': None, 'change': True}
2024-07-13 16:12:27,486 : INFO : EventManager : Event: ======'machine_var_player1_score'====== Args={'value': 370600, 'prev_value': None, 'change': True}
2024-07-13 16:12:27,486 : INFO : EventManager : Event: ======'machine_var_mpf_version'====== Args={'value': 'Mission Pinball Framework v0.80.0.dev1', 'prev_value': None, 'change': True}
2024-07-13 16:12:27,486 : INFO : EventManager : Event: ======'machine_var_mpf_extended_version'====== Args={'value': 'Mission Pinball Framework v0.80.0.dev1, Config version:6, Show version: 6, BCP version:1.1', 'prev_value': None, 'change': True}
2024-07-13 16:12:27,486 : INFO : EventManager : Event: ======'machine_var_python_version'====== Args={'value': '3.9.13', 'prev_value': None, 'change': True}
2024-07-13 16:12:27,514 : INFO : EventManager : Event: ======'machine_var_platform'====== Args={'value': 'macOS-12.1-arm64-arm-64bit', 'prev_value': None, 'change': True}
2024-07-13 16:12:27,514 : INFO : EventManager : Event: ======'machine_var_platform_system'====== Args={'value': 'Darwin', 'prev_value': None, 'change': True}
2024-07-13 16:12:27,514 : INFO : EventManager : Event: ======'machine_var_platform_release'====== Args={'value': '21.2.0', 'prev_value': None, 'change': True}
2024-07-13 16:12:27,514 : INFO : EventManager : Event: ======'machine_var_platform_version'====== Args={'value': 'Darwin Kernel Version 21.2.0: Sun Nov 28 20:29:10 PST 2021; root:xnu-8019.61.5~1/RELEASE_ARM64_T8101', 'prev_value': None, 'change': True}
2024-07-13 16:12:27,514 : INFO : EventManager : Event: ======'machine_var_platform_machine'====== Args={'value': 'arm64', 'prev_value': None, 'change': True}
2024-07-13 16:12:27,514 : INFO : EventManager : Event: ======'machine_var_log_file_path'====== Args={'value': '/Users/nicktaseris/Desktop/Pinball/KOTH/logs/2024-07-13-16-12-27-mpf-Nicks-MacBook-Air.local.log', 'prev_value': None, 'change': True}
2024-07-13 16:12:27,514 : INFO : EventManager : Event: ======'init_phase_1'====== Args={}
2024-07-13 16:12:27,531 : INFO : EventManager : Event: ======'drop_target_bank_strickland_bank_up'====== Args={}
2024-07-13 16:12:27,532 : INFO : EventManager : Event: ======'init_phase_2'====== Args={}
2024-07-13 16:12:27,532 : INFO : SwitchController : Found active switch: ('39', <Platform.SmartVirtual>) <switch.s_trough1>
2024-07-13 16:12:27,532 : INFO : SwitchController : Found active switch: ('40', <Platform.SmartVirtual>) <switch.s_trough2>
2024-07-13 16:12:27,532 : INFO : SwitchController : Found active switch: ('41', <Platform.SmartVirtual>) <switch.s_trough3>
2024-07-13 16:12:27,532 : INFO : SwitchController : Found active switch: ('42', <Platform.SmartVirtual>) <switch.s_trough4>
2024-07-13 16:12:27,532 : INFO : SwitchController : Found active switch: ('43', <Platform.SmartVirtual>) <switch.s_trough5>
2024-07-13 16:12:27,532 : INFO : SwitchController : Found active switch: ('44', <Platform.SmartVirtual>) <switch.s_trough6>
2024-07-13 16:12:27,535 : INFO : EventManager : Event: ======'bcp_connection_attempt'====== Args={'name': 'local_display', 'host': 'localhost', 'port': 5050}
2024-07-13 16:12:27,536 : INFO : BCPClientSocket : Connecting BCP to 'local_display' at localhost:5050...
2024-07-13 16:12:27,539 : INFO : BCPClientSocket : Connected BCP to 'local_display' localhost:5050
2024-07-13 16:12:27,539 : INFO : EventManager : Event: ======'bcp_clients_connected'====== Args={}
2024-07-13 16:12:27,541 : INFO : ball_device.bd_trough : BCH: Initial count: 6
2024-07-13 16:12:27,541 : INFO : ball_device.bd_trough : State: idle
2024-07-13 16:12:27,541 : INFO : ball_device.bd_plunger : BCH: Initial count: 0
2024-07-13 16:12:27,541 : INFO : ball_device.bd_plunger : State: idle
2024-07-13 16:12:27,541 : INFO : ball_device.bd_scoop : BCH: Initial count: 0
2024-07-13 16:12:27,541 : INFO : ball_device.bd_scoop : State: idle
2024-07-13 16:12:27,546 : INFO : EventManager : Event: ======'init_phase_3'====== Args={}
2024-07-13 16:12:27,549 : INFO : EventManager : Event: ======'init_phase_4'====== Args={}
2024-07-13 16:12:27,549 : INFO : BallController : Initial balls found: 6
2024-07-13 16:12:27,550 : INFO : EventManager : Event: ======'machine_var_audits_events_game_ended'====== Args={'value': 3, 'prev_value': None, 'change': True}
2024-07-13 16:12:27,550 : INFO : EventManager : Event: ======'machine_var_audits_events_game_started'====== Args={'value': 274, 'prev_value': None, 'change': True}
2024-07-13 16:12:27,550 : INFO : EventManager : Event: ======'machine_var_audits_missing_switches_s_a_target'====== Args={'value': 9, 'prev_value': None, 'change': True}
2024-07-13 16:12:27,550 : INFO : EventManager : Event: ======'machine_var_audits_missing_switches_s_bottom_inline_drop'====== Args={'value': 19, 'prev_value': None, 'change': True}
2024-07-13 16:12:27,550 : INFO : EventManager : Event: ======'machine_var_audits_missing_switches_s_bottom_pop_bumper'====== Args={'value': 13, 'prev_value': None, 'change': True}
2024-07-13 16:12:27,550 : INFO : EventManager : Event: ======'machine_var_audits_missing_switches_s_center_spinner'====== Args={'value': 21, 'prev_value': None, 'change': True}
2024-07-13 16:12:27,550 : INFO : EventManager : Event: ======'machine_var_audits_missing_switches_s_e_target'====== Args={'value': 7, 'prev_value': None, 'change': True}
2024-07-13 16:12:27,550 : INFO : EventManager : Event: ======'machine_var_audits_missing_switches_s_left_flipper'====== Args={'value': 18, 'prev_value': None, 'change': True}
2024-07-13 16:12:27,550 : INFO : EventManager : Event: ======'machine_var_audits_missing_switches_s_left_inlane'====== Args={'value': 152, 'prev_value': None, 'change': True}
2024-07-13 16:12:27,550 : INFO : EventManager : Event: ======'machine_var_audits_missing_switches_s_left_inner_horseshoe'====== Args={'value': 30, 'prev_value': None, 'change': True}
2024-07-13 16:12:27,550 : INFO : EventManager : Event: ======'machine_var_audits_missing_switches_s_left_orbit_enter'====== Args={'value': 189, 'prev_value': None, 'change': True}
2024-07-13 16:12:27,550 : INFO : EventManager : Event: ======'machine_var_audits_missing_switches_s_left_orbit_exit'====== Args={'value': 30, 'prev_value': None, 'change': True}
2024-07-13 16:12:27,550 : INFO : EventManager : Event: ======'machine_var_audits_missing_switches_s_left_outlane'====== Args={'value': 149, 'prev_value': None, 'change': True}
2024-07-13 16:12:27,550 : INFO : EventManager : Event: ======'machine_var_audits_missing_switches_s_left_pop_bumper'====== Args={'value': 225, 'prev_value': None, 'change': True}
2024-07-13 16:12:27,550 : INFO : EventManager : Event: ======'machine_var_audits_missing_switches_s_left_ramp_enter'====== Args={'value': 88, 'prev_value': None, 'change': True}
2024-07-13 16:12:27,550 : INFO : EventManager : Event: ======'machine_var_audits_missing_switches_s_left_ramp_exit'====== Args={'value': 152, 'prev_value': None, 'change': True}
2024-07-13 16:12:27,550 : INFO : EventManager : Event: ======'machine_var_audits_missing_switches_s_left_ramp_standup'====== Args={'value': 1, 'prev_value': None, 'change': True}
2024-07-13 16:12:27,550 : INFO : EventManager : Event: ======'machine_var_audits_missing_switches_s_left_rollover_lane'====== Args={'value': 2, 'prev_value': None, 'change': True}
2024-07-13 16:12:27,551 : INFO : EventManager : Event: ======'machine_var_audits_missing_switches_s_left_sling'====== Args={'value': 214, 'prev_value': None, 'change': True}
2024-07-13 16:12:27,551 : INFO : EventManager : Event: ======'machine_var_audits_missing_switches_s_left_spinner'====== Args={'value': 163, 'prev_value': None, 'change': True}
2024-07-13 16:12:27,551 : INFO : EventManager : Event: ======'machine_var_audits_missing_switches_s_middle_inline_drop'====== Args={'value': 19, 'prev_value': None, 'change': True}
2024-07-13 16:12:27,551 : INFO : EventManager : Event: ======'machine_var_audits_missing_switches_s_n_target'====== Args={'value': 4, 'prev_value': None, 'change': True}
2024-07-13 16:12:27,551 : INFO : EventManager : Event: ======'machine_var_audits_missing_switches_s_o_target'====== Args={'value': 122, 'prev_value': None, 'change': True}
2024-07-13 16:12:27,551 : INFO : EventManager : Event: ======'machine_var_audits_missing_switches_s_p2_target'====== Args={'value': 8, 'prev_value': None, 'change': True}
2024-07-13 16:12:27,551 : INFO : EventManager : Event: ======'machine_var_audits_missing_switches_s_p_target'====== Args={'value': 2, 'prev_value': None, 'change': True}
2024-07-13 16:12:27,551 : INFO : EventManager : Event: ======'machine_var_audits_missing_switches_s_r_target'====== Args={'value': 1, 'prev_value': None, 'change': True}
2024-07-13 16:12:27,551 : INFO : EventManager : Event: ======'machine_var_audits_missing_switches_s_right_flipper'====== Args={'value': 6, 'prev_value': None, 'change': True}
2024-07-13 16:12:27,551 : INFO : EventManager : Event: ======'machine_var_audits_missing_switches_s_right_inlane'====== Args={'value': 225, 'prev_value': None, 'change': True}
2024-07-13 16:12:27,551 : INFO : EventManager : Event: ======'machine_var_audits_missing_switches_s_right_inner_horseshoe'====== Args={'value': 4, 'prev_value': None, 'change': True}
2024-07-13 16:12:27,551 : INFO : EventManager : Event: ======'machine_var_audits_missing_switches_s_right_orbit_exit'====== Args={'value': 17, 'prev_value': None, 'change': True}
2024-07-13 16:12:27,551 : INFO : EventManager : Event: ======'machine_var_audits_missing_switches_s_right_outlane'====== Args={'value': 225, 'prev_value': None, 'change': True}
2024-07-13 16:12:27,551 : INFO : EventManager : Event: ======'machine_var_audits_missing_switches_s_right_pop_bumper'====== Args={'value': 57, 'prev_value': None, 'change': True}
2024-07-13 16:12:27,551 : INFO : EventManager : Event: ======'machine_var_audits_missing_switches_s_right_ramp_enter'====== Args={'value': 263, 'prev_value': None, 'change': True}
2024-07-13 16:12:27,552 : INFO : EventManager : Event: ======'machine_var_audits_missing_switches_s_right_ramp_exit'====== Args={'value': 263, 'prev_value': None, 'change': True}
2024-07-13 16:12:27,552 : INFO : EventManager : Event: ======'machine_var_audits_missing_switches_s_right_ramp_standup'====== Args={'value': 1, 'prev_value': None, 'change': True}
2024-07-13 16:12:27,552 : INFO : EventManager : Event: ======'machine_var_audits_missing_switches_s_right_sling'====== Args={'value': 225, 'prev_value': None, 'change': True}
2024-07-13 16:12:27,552 : INFO : EventManager : Event: ======'machine_var_audits_missing_switches_s_scoop'====== Args={'value': 4, 'prev_value': None, 'change': True}
2024-07-13 16:12:27,552 : INFO : EventManager : Event: ======'machine_var_audits_missing_switches_s_start'====== Args={'value': 6, 'prev_value': None, 'change': True}
2024-07-13 16:12:27,552 : INFO : EventManager : Event: ======'machine_var_audits_missing_switches_s_top_inline_drop'====== Args={'value': 19, 'prev_value': None, 'change': True}
2024-07-13 16:12:27,552 : INFO : EventManager : Event: ======'machine_var_audits_missing_switches_s_trough1'====== Args={'value': 2, 'prev_value': None, 'change': True}
2024-07-13 16:12:27,552 : INFO : EventManager : Event: ======'machine_var_audits_missing_switches_s_trough2'====== Args={'value': 151, 'prev_value': None, 'change': True}
2024-07-13 16:12:27,552 : INFO : EventManager : Event: ======'machine_var_audits_missing_switches_s_trough3'====== Args={'value': 229, 'prev_value': None, 'change': True}
2024-07-13 16:12:27,552 : INFO : EventManager : Event: ======'machine_var_audits_missing_switches_s_trough4'====== Args={'value': 229, 'prev_value': None, 'change': True}
2024-07-13 16:12:27,552 : INFO : EventManager : Event: ======'machine_var_audits_missing_switches_s_trough5'====== Args={'value': 229, 'prev_value': None, 'change': True}
2024-07-13 16:12:27,552 : INFO : EventManager : Event: ======'machine_var_audits_missing_switches_s_trough6'====== Args={'value': 229, 'prev_value': None, 'change': True}
2024-07-13 16:12:27,552 : INFO : EventManager : Event: ======'machine_var_audits_missing_switches_s_trough_jam'====== Args={'value': 162, 'prev_value': None, 'change': True}
2024-07-13 16:12:27,553 : INFO : EventManager : Event: ======'machine_var_audits_player_score'====== Args={'value': {'average': 92899, 'top': [370600, 400, 300, 250], 'total': 4}, 'prev_value': None, 'change': True}
2024-07-13 16:12:27,553 : INFO : EventManager : Event: ======'machine_var_audits_shots_a_target'====== Args={'value': 7, 'prev_value': None, 'change': True}
2024-07-13 16:12:27,553 : INFO : EventManager : Event: ======'machine_var_audits_shots_e_target'====== Args={'value': 3, 'prev_value': None, 'change': True}
2024-07-13 16:12:27,553 : INFO : EventManager : Event: ======'machine_var_audits_shots_left_rollover_lane'====== Args={'value': 64, 'prev_value': None, 'change': True}
2024-07-13 16:12:27,553 : INFO : EventManager : Event: ======'machine_var_audits_shots_middle_rollover_lane'====== Args={'value': 60, 'prev_value': None, 'change': True}
2024-07-13 16:12:27,553 : INFO : EventManager : Event: ======'machine_var_audits_shots_n_target'====== Args={'value': 9, 'prev_value': None, 'change': True}
2024-07-13 16:12:27,553 : INFO : EventManager : Event: ======'machine_var_audits_shots_o_target'====== Args={'value': 4, 'prev_value': None, 'change': True}
2024-07-13 16:12:27,553 : INFO : EventManager : Event: ======'machine_var_audits_shots_p2_target'====== Args={'value': 5, 'prev_value': None, 'change': True}
2024-07-13 16:12:27,553 : INFO : EventManager : Event: ======'machine_var_audits_shots_p_target'====== Args={'value': 8, 'prev_value': None, 'change': True}
2024-07-13 16:12:27,553 : INFO : EventManager : Event: ======'machine_var_audits_shots_qualify_o_target'====== Args={'value': 12, 'prev_value': None, 'change': True}
2024-07-13 16:12:27,554 : INFO : EventManager : Event: ======'machine_var_audits_shots_qualify_p_target'====== Args={'value': 8, 'prev_value': None, 'change': True}
2024-07-13 16:12:27,554 : INFO : EventManager : Event: ======'machine_var_audits_shots_qualify_r_target'====== Args={'value': 43, 'prev_value': None, 'change': True}
2024-07-13 16:12:27,554 : INFO : EventManager : Event: ======'machine_var_audits_shots_r_target'====== Args={'value': 14, 'prev_value': None, 'change': True}
2024-07-13 16:12:27,554 : INFO : EventManager : Event: ======'machine_var_audits_shots_right_rollover_lane'====== Args={'value': 64, 'prev_value': None, 'change': True}
2024-07-13 16:12:27,554 : INFO : EventManager : Event: ======'machine_var_audits_shots_skillshot_a_target'====== Args={'value': 10, 'prev_value': None, 'change': True}
2024-07-13 16:12:27,554 : INFO : EventManager : Event: ======'machine_var_audits_shots_skillshot_e_target'====== Args={'value': 15, 'prev_value': None, 'change': True}
2024-07-13 16:12:27,554 : INFO : EventManager : Event: ======'machine_var_audits_shots_skillshot_n_target'====== Args={'value': 12, 'prev_value': None, 'change': True}
2024-07-13 16:12:27,554 : INFO : EventManager : Event: ======'machine_var_audits_shots_skillshot_o_target'====== Args={'value': 4, 'prev_value': None, 'change': True}
2024-07-13 16:12:27,554 : INFO : EventManager : Event: ======'machine_var_audits_shots_skillshot_p2_target'====== Args={'value': 1, 'prev_value': None, 'change': True}
2024-07-13 16:12:27,554 : INFO : EventManager : Event: ======'machine_var_audits_shots_skillshot_p_target'====== Args={'value': 1, 'prev_value': None, 'change': True}
2024-07-13 16:12:27,555 : INFO : EventManager : Event: ======'machine_var_audits_shots_skillshot_r_target'====== Args={'value': 7, 'prev_value': None, 'change': True}
2024-07-13 16:12:27,555 : INFO : EventManager : Event: ======'machine_var_audits_switches_s_a_target'====== Args={'value': 45, 'prev_value': None, 'change': True}
2024-07-13 16:12:27,555 : INFO : EventManager : Event: ======'machine_var_audits_switches_s_bottom_inline_drop'====== Args={'value': 17, 'prev_value': None, 'change': True}
2024-07-13 16:12:27,555 : INFO : EventManager : Event: ======'machine_var_audits_switches_s_bottom_pop_bumper'====== Args={'value': 5, 'prev_value': None, 'change': True}
2024-07-13 16:12:27,555 : INFO : EventManager : Event: ======'machine_var_audits_switches_s_center_spinner'====== Args={'value': 3, 'prev_value': None, 'change': True}
2024-07-13 16:12:27,555 : INFO : EventManager : Event: ======'machine_var_audits_switches_s_e_target'====== Args={'value': 71, 'prev_value': None, 'change': True}
2024-07-13 16:12:27,555 : INFO : EventManager : Event: ======'machine_var_audits_switches_s_left_flipper'====== Args={'value': 124, 'prev_value': None, 'change': True}
2024-07-13 16:12:27,555 : INFO : EventManager : Event: ======'machine_var_audits_switches_s_left_inlane'====== Args={'value': 7, 'prev_value': None, 'change': True}
2024-07-13 16:12:27,555 : INFO : EventManager : Event: ======'machine_var_audits_switches_s_left_inner_horseshoe'====== Args={'value': 6, 'prev_value': None, 'change': True}
2024-07-13 16:12:27,556 : INFO : EventManager : Event: ======'machine_var_audits_switches_s_left_orbit_enter'====== Args={'value': 8, 'prev_value': None, 'change': True}
2024-07-13 16:12:27,556 : INFO : EventManager : Event: ======'machine_var_audits_switches_s_left_orbit_exit'====== Args={'value': 13, 'prev_value': None, 'change': True}
2024-07-13 16:12:27,556 : INFO : EventManager : Event: ======'machine_var_audits_switches_s_left_outlane'====== Args={'value': 15, 'prev_value': None, 'change': True}
2024-07-13 16:12:27,556 : INFO : EventManager : Event: ======'machine_var_audits_switches_s_left_pop_bumper'====== Args={'value': 2, 'prev_value': None, 'change': True}
2024-07-13 16:12:27,556 : INFO : EventManager : Event: ======'machine_var_audits_switches_s_left_ramp_enter'====== Args={'value': 9, 'prev_value': None, 'change': True}
2024-07-13 16:12:27,556 : INFO : EventManager : Event: ======'machine_var_audits_switches_s_left_ramp_exit'====== Args={'value': 3, 'prev_value': None, 'change': True}
2024-07-13 16:12:27,557 : INFO : EventManager : Event: ======'machine_var_audits_switches_s_left_ramp_standup'====== Args={'value': 318, 'prev_value': None, 'change': True}
2024-07-13 16:12:27,557 : INFO : EventManager : Event: ======'machine_var_audits_switches_s_left_rollover_lane'====== Args={'value': 69, 'prev_value': None, 'change': True}
2024-07-13 16:12:27,557 : INFO : EventManager : Event: ======'machine_var_audits_switches_s_left_sling'====== Args={'value': 10, 'prev_value': None, 'change': True}
2024-07-13 16:12:27,557 : INFO : EventManager : Event: ======'machine_var_audits_switches_s_left_spinner'====== Args={'value': 27, 'prev_value': None, 'change': True}
2024-07-13 16:12:27,557 : INFO : EventManager : Event: ======'machine_var_audits_switches_s_middle_inline_drop'====== Args={'value': 18, 'prev_value': None, 'change': True}
2024-07-13 16:12:27,557 : INFO : EventManager : Event: ======'machine_var_audits_switches_s_middle_rollover_lane'====== Args={'value': 63, 'prev_value': None, 'change': True}
2024-07-13 16:12:27,557 : INFO : EventManager : Event: ======'machine_var_audits_switches_s_n_target'====== Args={'value': 62, 'prev_value': None, 'change': True}
2024-07-13 16:12:27,557 : INFO : EventManager : Event: ======'machine_var_audits_switches_s_o_target'====== Args={'value': 57, 'prev_value': None, 'change': True}
2024-07-13 16:12:27,558 : INFO : EventManager : Event: ======'machine_var_audits_switches_s_p2_target'====== Args={'value': 11, 'prev_value': None, 'change': True}
2024-07-13 16:12:27,558 : INFO : EventManager : Event: ======'machine_var_audits_switches_s_p_target'====== Args={'value': 221, 'prev_value': None, 'change': True}
2024-07-13 16:12:27,558 : INFO : EventManager : Event: ======'machine_var_audits_switches_s_plunger'====== Args={'value': 343, 'prev_value': None, 'change': True}
2024-07-13 16:12:27,558 : INFO : EventManager : Event: ======'machine_var_audits_switches_s_plunger_lane'====== Args={'value': 39, 'prev_value': None, 'change': True}
2024-07-13 16:12:27,558 : INFO : EventManager : Event: ======'machine_var_audits_switches_s_plunger_lane_exit'====== Args={'value': 168, 'prev_value': None, 'change': True}
2024-07-13 16:12:27,558 : INFO : EventManager : Event: ======'machine_var_audits_switches_s_r_target'====== Args={'value': 78, 'prev_value': None, 'change': True}
2024-07-13 16:12:27,558 : INFO : EventManager : Event: ======'machine_var_audits_switches_s_right_flipper'====== Args={'value': 103, 'prev_value': None, 'change': True}
2024-07-13 16:12:27,559 : INFO : EventManager : Event: ======'machine_var_audits_switches_s_right_inlane'====== Args={'value': 9, 'prev_value': None, 'change': True}
2024-07-13 16:12:27,559 : INFO : EventManager : Event: ======'machine_var_audits_switches_s_right_inner_horseshoe'====== Args={'value': 5, 'prev_value': None, 'change': True}
2024-07-13 16:12:27,559 : INFO : EventManager : Event: ======'machine_var_audits_switches_s_right_orbit_exit'====== Args={'value': 33, 'prev_value': None, 'change': True}
2024-07-13 16:12:27,559 : INFO : EventManager : Event: ======'machine_var_audits_switches_s_right_outlane'====== Args={'value': 7, 'prev_value': None, 'change': True}
2024-07-13 16:12:27,559 : INFO : EventManager : Event: ======'machine_var_audits_switches_s_right_pop_bumper'====== Args={'value': 8, 'prev_value': None, 'change': True}
2024-07-13 16:12:27,559 : INFO : EventManager : Event: ======'machine_var_audits_switches_s_right_ramp_enter'====== Args={'value': 0, 'prev_value': None, 'change': True}
2024-07-13 16:12:27,559 : INFO : EventManager : Event: ======'machine_var_audits_switches_s_right_ramp_exit'====== Args={'value': 0, 'prev_value': None, 'change': True}
2024-07-13 16:12:27,560 : INFO : EventManager : Event: ======'machine_var_audits_switches_s_right_ramp_standup'====== Args={'value': 152, 'prev_value': None, 'change': True}
2024-07-13 16:12:27,560 : INFO : EventManager : Event: ======'machine_var_audits_switches_s_right_rollover_lane'====== Args={'value': 78, 'prev_value': None, 'change': True}
2024-07-13 16:12:27,560 : INFO : EventManager : Event: ======'machine_var_audits_switches_s_right_sling'====== Args={'value': 1, 'prev_value': None, 'change': True}
2024-07-13 16:12:27,560 : INFO : EventManager : Event: ======'machine_var_audits_switches_s_scoop'====== Args={'value': 46, 'prev_value': None, 'change': True}
2024-07-13 16:12:27,560 : INFO : EventManager : Event: ======'machine_var_audits_switches_s_start'====== Args={'value': 259, 'prev_value': None, 'change': True}
2024-07-13 16:12:27,560 : INFO : EventManager : Event: ======'machine_var_audits_switches_s_top_inline_drop'====== Args={'value': 12, 'prev_value': None, 'change': True}
2024-07-13 16:12:27,561 : INFO : EventManager : Event: ======'machine_var_audits_switches_s_trough1'====== Args={'value': 265, 'prev_value': None, 'change': True}
2024-07-13 16:12:27,561 : INFO : EventManager : Event: ======'machine_var_audits_switches_s_trough2'====== Args={'value': 11, 'prev_value': None, 'change': True}
2024-07-13 16:12:27,561 : INFO : EventManager : Event: ======'machine_var_audits_switches_s_trough3'====== Args={'value': 2, 'prev_value': None, 'change': True}
2024-07-13 16:12:27,561 : INFO : EventManager : Event: ======'machine_var_audits_switches_s_trough4'====== Args={'value': 2, 'prev_value': None, 'change': True}
2024-07-13 16:12:27,561 : INFO : EventManager : Event: ======'machine_var_audits_switches_s_trough5'====== Args={'value': 2, 'prev_value': None, 'change': True}
2024-07-13 16:12:27,561 : INFO : EventManager : Event: ======'machine_var_audits_switches_s_trough6'====== Args={'value': 1, 'prev_value': None, 'change': True}
2024-07-13 16:12:27,561 : INFO : EventManager : Event: ======'machine_var_audits_switches_s_trough_jam'====== Args={'value': 5, 'prev_value': None, 'change': True}
2024-07-13 16:12:27,562 : INFO : EventManager : Event: ======'init_phase_5'====== Args={}
2024-07-13 16:12:27,566 : INFO : EventManager : Event: ======'init_done'====== Args={}
2024-07-13 16:12:27,566 : INFO : EventManager : Event: ======'machine_reset_phase_1'====== Args={}
2024-07-13 16:12:27,570 : INFO : EventManager : Event: ======'machine_reset_phase_2'====== Args={}
2024-07-13 16:12:27,570 : INFO : EventManager : Event: ======'machine_reset_phase_3'====== Args={}
2024-07-13 16:12:27,570 : INFO : drop_target_bank.strickland_bank : All targets are already up. Will not reset bank.
2024-07-13 16:12:27,570 : INFO : EventManager : Event: ======'reset_complete'====== Args={}
2024-07-13 16:12:27,570 : INFO : EventManager : Event: ======'mode_attract_will_start'====== Args={}
2024-07-13 16:12:27,570 : INFO : Timer.attract_switch : Starting Timer.
2024-07-13 16:12:27,570 : INFO : EventManager : Event: ======'timer_attract_switch_started'====== Args={'ticks': 0, 'ticks_remaining': 45}
2024-07-13 16:12:27,570 : INFO : EventManager : Event: ======'timer_attract_switch_tick'====== Args={'ticks': 0, 'ticks_remaining': 45}
2024-07-13 16:12:27,571 : INFO : EventManager : Event: ======'mode_attract_starting'====== Args={}
2024-07-13 16:12:27,571 : INFO : Mode.attract : Started. Priority: 10
2024-07-13 16:12:27,571 : INFO : EventManager : Event: ======'modes_active_modes_changed'====== Args={}
2024-07-13 16:12:27,571 : INFO : EventManager : Event: ======'mode_attract_started'====== Args={}
2024-07-13 16:12:27,571 : INFO : EventManager : Event: ======'collecting_balls_complete'====== Args={}
2024-07-13 16:12:27,571 : INFO : Machine : Starting the main run loop.
2024-07-13 16:12:27,927 : INFO : BcpServer : New client connected.
2024-07-13 16:12:28,571 : INFO : EventManager : Event: ======'timer_attract_switch_tick'====== Args={'ticks': 1, 'ticks_remaining': 44}
2024-07-13 16:12:28,585 : INFO : EventManager : Event: ======'slide__removed'====== Args={'_from_bcp': True}
2024-07-13 16:12:28,727 : INFO : EventManager : Event: ======'slide_dtp_logo_attract_created'====== Args={'_from_bcp': True}
2024-07-13 16:12:28,728 : INFO : EventManager : Event: ======'slide_dtp_logo_attract_active'====== Args={'original_context': 'attract', 'original_calling_context': 'timer_attract_switch_tick{ticks==1}', 'cmd': 'slides_play', '_from_bcp': True}
2024-07-13 16:12:28,962 : INFO : SwitchController : <<<<<<< 's_start' active >>>>>>>
2024-07-13 16:12:29,034 : INFO : SwitchController : <<<<<<< 's_start' inactive >>>>>>>
2024-07-13 16:12:29,034 : INFO : EventManager : Event: ======'request_to_start_game'====== Args={}
2024-07-13 16:12:29,035 : INFO : EventManager : Event: ======'game_start'====== Args={'buttons': [], 'hold_time': 0.07146124999999981}
2024-07-13 16:12:29,035 : INFO : EventManager : Event: ======'mode_game_will_start'====== Args={'buttons': [], 'hold_time': 0.07146124999999981}
2024-07-13 16:12:29,036 : INFO : EventManager : Event: ======'mode_game_starting'====== Args={'buttons': [], 'hold_time': 0.07146124999999981}
2024-07-13 16:12:29,037 : INFO : EventManager : Event: ======'mode_attract_will_stop'====== Args={}
2024-07-13 16:12:29,037 : INFO : EventManager : Event: ======'mode_attract_stopping'====== Args={}
2024-07-13 16:12:29,037 : INFO : Mode.attract : Stopped.
2024-07-13 16:12:29,037 : INFO : EventManager : Event: ======'modes_active_modes_changed'====== Args={}
2024-07-13 16:12:29,038 : INFO : EventManager : Event: ======'mode_attract_stopped'====== Args={}
2024-07-13 16:12:29,039 : INFO : EventManager : Event: ======'clear'====== Args={'key': 'attract'}
2024-07-13 16:12:29,039 : INFO : Timer.attract_switch : Stopping Timer
2024-07-13 16:12:29,040 : INFO : EventManager : Event: ======'timer_attract_switch_stopped'====== Args={'ticks': 1, 'ticks_remaining': 44}
2024-07-13 16:12:29,040 : INFO : Mode.game : Started. Priority: 20
2024-07-13 16:12:29,040 : INFO : EventManager : Event: ======'modes_active_modes_changed'====== Args={}
2024-07-13 16:12:29,040 : INFO : EventManager : Event: ======'mode_game_started'====== Args={'buttons': [], 'hold_time': 0.07146124999999981}
2024-07-13 16:12:29,041 : INFO : EventManager : Event: ======'game_will_start'====== Args={}
2024-07-13 16:12:29,042 : INFO : EventManager : Event: ======'game_starting'====== Args={'game': <Mode.game>}
2024-07-13 16:12:29,043 : INFO : EventManager : Unordered handler for class <Auditor> on event game_ended with priority 1. Handlers: [RegisteredHandler(callback=<bound method Auditor.disable of <Auditor>>, priority=1, kwargs={}, key=UUID('91ff9ae8-c806-4ffb-b6aa-8c9667ac4594'), condition=None, blocking_facility=None), RegisteredHandler(callback=<bound method Auditor._save_audits of <Auditor>>, priority=1, kwargs={}, key=UUID('87283916-9a6b-48f5-9bd3-e02fdc74f9e2'), condition=None, blocking_facility=None)]. The order of those handlers is not defined and they will be executed in random order. This might lead to race conditions and potential bugs.
2024-07-13 16:12:29,043 : INFO : EventManager : Event: ======'player_add_request'====== Args={}
2024-07-13 16:12:29,044 : INFO : EventManager : Event: ======'player_will_add'====== Args={'number': 1}
2024-07-13 16:12:29,044 : INFO : EventManager : Event: ======'player_adding'====== Args={'player': <Player 1>, 'number': 1}
2024-07-13 16:12:29,045 : INFO : EventManager : Event: ======'player_added'====== Args={'player': <Player 1>, 'num': 1}
2024-07-13 16:12:29,045 : INFO : Mode.game : Player added successfully. Total players: 1
2024-07-13 16:12:29,045 : INFO : EventManager : Event: ======'player_index'====== Args={'value': 0, 'prev_value': 0, 'change': 0, 'player_num': 1}
2024-07-13 16:12:29,046 : INFO : EventManager : Event: ======'player_number'====== Args={'value': 1, 'prev_value': 1, 'change': 0, 'player_num': 1}
2024-07-13 16:12:29,046 : INFO : EventManager : Event: ======'player_score'====== Args={'value': 0, 'prev_value': 0, 'change': 0, 'player_num': 1}
2024-07-13 16:12:29,047 : INFO : EventManager : Event: ======'game_started'====== Args={}
2024-07-13 16:12:29,064 : INFO : EventManager : Event: ======'player_turn_will_start'====== Args={'player': <Player 1>, 'number': 1}
2024-07-13 16:12:29,065 : INFO : EventManager : Event: ======'player_turn_starting'====== Args={'player': <Player 1>, 'number': 1}
2024-07-13 16:12:29,065 : INFO : EventManager : Event: ======'player_ball'====== Args={'value': 1, 'prev_value': 0, 'change': 1, 'player_num': 1}
2024-07-13 16:12:29,066 : INFO : EventManager : Event: ======'player_turn_started'====== Args={'player': <Player 1>, 'number': 1}
2024-07-13 16:12:29,067 : INFO : EventManager : Event: ======'ball_will_start'====== Args={'player': 1, 'ball': 1, 'balls_remaining': 2, 'is_extra_ball': False}
2024-07-13 16:12:29,067 : INFO : EventManager : Event: ======'ball_starting'====== Args={'player': 1, 'ball': 1, 'balls_remaining': 2, 'is_extra_ball': False}
2024-07-13 16:12:29,067 : INFO : EventManager : Event: ======'mode_skillshot_will_start'====== Args={'queue': <QueuedEvent>, 'player': 1, 'ball': 1, 'balls_remaining': 2, 'is_extra_ball': False}
2024-07-13 16:12:29,068 : INFO : EventManager : Event: ======'skillshot_complete'====== Args={'state': 'None'}
2024-07-13 16:12:29,068 : INFO : EventManager : Event: ======'skillshot_None_complete'====== Args={}
2024-07-13 16:12:29,068 : INFO : EventManager : Event: ======'player_shot_skillshot_p_target_enabled'====== Args={'value': True, 'prev_value': 0, 'change': 1, 'player_num': 1}
2024-07-13 16:12:29,069 : INFO : EventManager : Event: ======'player_shot_skillshot_r_target_enabled'====== Args={'value': True, 'prev_value': 0, 'change': 1, 'player_num': 1}
2024-07-13 16:12:29,069 : INFO : EventManager : Event: ======'player_shot_skillshot_o_target_enabled'====== Args={'value': True, 'prev_value': 0, 'change': 1, 'player_num': 1}
2024-07-13 16:12:29,070 : INFO : EventManager : Event: ======'player_shot_skillshot_p2_target_enabled'====== Args={'value': True, 'prev_value': 0, 'change': 1, 'player_num': 1}
2024-07-13 16:12:29,071 : INFO : EventManager : Event: ======'player_shot_skillshot_a_target_enabled'====== Args={'value': True, 'prev_value': 0, 'change': 1, 'player_num': 1}
2024-07-13 16:12:29,071 : INFO : EventManager : Event: ======'player_shot_skillshot_n_target_enabled'====== Args={'value': True, 'prev_value': 0, 'change': 1, 'player_num': 1}
2024-07-13 16:12:29,071 : INFO : EventManager : Event: ======'player_shot_skillshot_e_target_enabled'====== Args={'value': True, 'prev_value': 0, 'change': 1, 'player_num': 1}
2024-07-13 16:12:29,072 : INFO : EventManager : Event: ======'player_skillshot_skillshot_rotate_tick'====== Args={'value': 0, 'prev_value': 0, 'change': 0, 'player_num': 1}
2024-07-13 16:12:29,072 : INFO : Timer.skillshot_rotate : Starting Timer.
2024-07-13 16:12:29,072 : INFO : EventManager : Event: ======'timer_skillshot_rotate_started'====== Args={'ticks': 0, 'ticks_remaining': 0}
2024-07-13 16:12:29,072 : INFO : EventManager : Event: ======'timer_skillshot_rotate_tick'====== Args={'ticks': 0, 'ticks_remaining': 0}
2024-07-13 16:12:29,074 : INFO : EventManager : Event: ======'mode_skillshot_starting'====== Args={'queue': <QueuedEvent>, 'player': 1, 'ball': 1, 'balls_remaining': 2, 'is_extra_ball': False}
2024-07-13 16:12:29,074 : INFO : drop_target_bank.strickland_bank : All targets are already up. Will not reset bank.
2024-07-13 16:12:29,074 : INFO : EventManager : Event: ======'cmd_flippers_enable'====== Args={'priority': 0}
2024-07-13 16:12:29,074 : INFO : EventManager : Event: ======'cmd_autofire_coils_enable'====== Args={'priority': 0}
2024-07-13 16:12:29,074 : INFO : EventManager : Event: ======'cmd_drop_targets_reset'====== Args={'priority': 0}
2024-07-13 16:12:29,075 : INFO : Mode.skillshot : Started. Priority: 200
2024-07-13 16:12:29,075 : INFO : EventManager : Event: ======'modes_active_modes_changed'====== Args={}
2024-07-13 16:12:29,075 : INFO : EventManager : Event: ======'mode_skillshot_started'====== Args={'queue': <QueuedEvent>, 'player': 1, 'ball': 1, 'balls_remaining': 2, 'is_extra_ball': False}
2024-07-13 16:12:29,075 : INFO : EventManager : Event: ======'player_shot_skillshot_p_target'====== Args={'value': 1, 'prev_value': 0, 'change': 1, 'player_num': 1}
2024-07-13 16:12:29,076 : INFO : EventManager : Event: ======'balls_in_play'====== Args={'balls': 1}
2024-07-13 16:12:29,076 : INFO : EventManager : Event: ======'ball_started'====== Args={'player': 1, 'ball': 1, 'balls_remaining': 2, 'is_extra_ball': False}
2024-07-13 16:12:29,076 : INFO : EventManager : Event: ======'mode_BBQ_rollover_will_start'====== Args={'player': 1, 'ball': 1, 'balls_remaining': 2, 'is_extra_ball': False}
2024-07-13 16:12:29,076 : INFO : EventManager : Event: ======'player_shot_left_rollover_lane_enabled'====== Args={'value': True, 'prev_value': 0, 'change': 1, 'player_num': 1}
2024-07-13 16:12:29,077 : INFO : EventManager : Event: ======'player_shot_middle_rollover_lane_enabled'====== Args={'value': True, 'prev_value': 0, 'change': 1, 'player_num': 1}
2024-07-13 16:12:29,077 : INFO : EventManager : Event: ======'player_shot_right_rollover_lane_enabled'====== Args={'value': True, 'prev_value': 0, 'change': 1, 'player_num': 1}
2024-07-13 16:12:29,078 : INFO : EventManager : Event: ======'BBQ_lanes_complete'====== Args={'state': 'unlit'}
2024-07-13 16:12:29,078 : INFO : EventManager : Event: ======'BBQ_lanes_unlit_complete'====== Args={}
2024-07-13 16:12:29,080 : INFO : EventManager : Event: ======'mode_BBQ_rollover_starting'====== Args={'player': 1, 'ball': 1, 'balls_remaining': 2, 'is_extra_ball': False}
2024-07-13 16:12:29,081 : INFO : EventManager : Event: ======'mode_base_will_start'====== Args={'player': 1, 'ball': 1, 'balls_remaining': 2, 'is_extra_ball': False}
2024-07-13 16:12:29,081 : INFO : EventManager : Event: ======'player_shot_qualify_p_target_enabled'====== Args={'value': True, 'prev_value': 0, 'change': 1, 'player_num': 1}
2024-07-13 16:12:29,082 : INFO : EventManager : Event: ======'player_shot_qualify_r_target_enabled'====== Args={'value': True, 'prev_value': 0, 'change': 1, 'player_num': 1}
2024-07-13 16:12:29,082 : INFO : EventManager : Event: ======'player_shot_qualify_o_target_enabled'====== Args={'value': True, 'prev_value': 0, 'change': 1, 'player_num': 1}
2024-07-13 16:12:29,085 : INFO : EventManager : Event: ======'mode_base_starting'====== Args={'player': 1, 'ball': 1, 'balls_remaining': 2, 'is_extra_ball': False}
2024-07-13 16:12:29,086 : INFO : Mode.base : Started. Priority: 100
2024-07-13 16:12:29,086 : INFO : EventManager : Event: ======'modes_active_modes_changed'====== Args={}
2024-07-13 16:12:29,086 : INFO : EventManager : Event: ======'mode_base_started'====== Args={'player': 1, 'ball': 1, 'balls_remaining': 2, 'is_extra_ball': False}
2024-07-13 16:12:29,086 : INFO : EventManager : Event: ======'ball_save_default_enabled'====== Args={}
2024-07-13 16:12:29,087 : INFO : EventManager : Event: ======'logicblock_lb_BBQ_complete_count_updated'====== Args={'value': 1, 'enabled': True}
2024-07-13 16:12:29,087 : INFO : EventManager : Event: ======'logicblock_lb_BBQ_complete_count_updated'====== Args={'value': 1, 'enabled': True}
2024-07-13 16:12:29,087 : INFO : Mode.BBQ_rollover : Started. Priority: 600
2024-07-13 16:12:29,087 : INFO : EventManager : Event: ======'modes_active_modes_changed'====== Args={}
2024-07-13 16:12:29,087 : INFO : EventManager : Event: ======'mode_BBQ_rollover_started'====== Args={'player': 1, 'ball': 1, 'balls_remaining': 2, 'is_extra_ball': False}
2024-07-13 16:12:29,088 : INFO : EventManager : Event: ======'player_pf_multiplier'====== Args={'value': 1, 'prev_value': 0, 'change': 1, 'player_num': 1, 'source': 'BBQ_rollover'}
2024-07-13 16:12:29,088 : INFO : EventManager : Event: ======'single_player_ball_started'====== Args={}
2024-07-13 16:12:29,092 : INFO : EventManager : Event: ======'ball_start_target'====== Args={'target': 'playfield'}
2024-07-13 16:12:29,092 : INFO : ball_device.bd_plunger : Setting up player-controlled eject. Balls: 1, Target: <playfield.playfield>, player_controlled_eject_event: None
2024-07-13 16:12:29,092 : INFO : EventManager : Event: ======'balldevice_balls_available'====== Args={}
2024-07-13 16:12:29,093 : INFO : ball_device.bd_trough : State: waiting_for_target_ready
2024-07-13 16:12:29,093 : INFO : EventManager : Event: ======'balldevice_bd_trough_ball_eject_attempt'====== Args={'balls': 1, 'target': <ball_device.bd_plunger>, 'source': <ball_device.bd_trough>, 'mechanical_eject': True, 'num_attempts': 0}
2024-07-13 16:12:29,093 : INFO : ball_device.bd_plunger : State: waiting_for_ball
2024-07-13 16:12:29,093 : INFO : ball_device.bd_trough : State: ejecting
2024-07-13 16:12:29,093 : INFO : ball_device.bd_trough : Ejecting ball to <ball_device.bd_plunger>
2024-07-13 16:12:29,093 : INFO : EventManager : Event: ======'balldevice_bd_trough_ejecting_ball'====== Args={'balls': 1, 'target': <ball_device.bd_plunger>, 'source': <ball_device.bd_trough>, 'mechanical_eject': True, 'num_attempts': 0}
2024-07-13 16:12:29,094 : INFO : ball_device.bd_trough : Wait for ball to leave device
2024-07-13 16:12:29,094 : INFO : coil.c_trough_eject : Pulsing Driver for 20ms (1.0 pulse_power)
2024-07-13 16:12:29,094 : INFO : SwitchController : <<<<<<< 's_trough1' inactive >>>>>>>
2024-07-13 16:12:29,094 : INFO : ball_device.bd_trough : State: ball_left
2024-07-13 16:12:29,095 : INFO : ball_device.bd_trough : Ball left
2024-07-13 16:12:29,095 : INFO : ball_device.bd_trough : Wait for confirm with timeout 3.0
2024-07-13 16:12:29,100 : INFO : EventManager : Event: ======'slide_skillshot_created'====== Args={'_from_bcp': True}
2024-07-13 16:12:29,100 : INFO : EventManager : Event: ======'slide_dtp_logo_attract_inactive'====== Args={'_from_bcp': True}
2024-07-13 16:12:29,100 : INFO : EventManager : Event: ======'slide_skillshot_active'====== Args={'original_context': 'skillshot', 'original_calling_context': 'mode_skillshot_started', 'queue': '<QueuedEvent>', 'cmd': 'slides_play', '_from_bcp': True}
2024-07-13 16:12:29,100 : INFO : EventManager : Event: ======'slide_dtp_logo_attract_removed'====== Args={'_from_bcp': True}
2024-07-13 16:12:29,121 : INFO : EventManager : Event: ======'slide_base_created'====== Args={'_from_bcp': True}
2024-07-13 16:12:29,195 : INFO : SwitchController : <<<<<<< 's_plunger' active >>>>>>>
2024-07-13 16:12:29,195 : INFO : EventManager : Event: ======'machine_var_audits_switches_s_plunger'====== Args={'value': 344, 'prev_value': 343, 'change': 1}
2024-07-13 16:12:29,696 : INFO : ball_device.bd_plunger : Received ball from <ball_device.bd_trough>
2024-07-13 16:12:29,696 : INFO : EventManager : Event: ======'balldevice_bd_plunger_ball_enter'====== Args={'new_balls': 1, 'unclaimed_balls': 0, 'new_available_balls': 0, 'device': <ball_device.bd_plunger>}
2024-07-13 16:12:29,697 : INFO : EventManager : Event: ======'balldevice_bd_plunger_ball_entered'====== Args={'new_balls': 0, 'device': <ball_device.bd_plunger>}
2024-07-13 16:12:29,698 : INFO : EventManager : Event: ======'balldevice_bd_plunger_ball_count_changed'====== Args={'balls': 1}
2024-07-13 16:12:29,698 : INFO : ball_device.bd_trough : Got eject confirm
2024-07-13 16:12:29,699 : INFO : ball_device.bd_trough : Eject successful
2024-07-13 16:12:29,699 : INFO : EventManager : Event: ======'balldevice_bd_trough_ball_eject_success'====== Args={'balls': 1, 'target': <ball_device.bd_plunger>}
2024-07-13 16:12:29,699 : INFO : EventManager : Event: ======'balldevice_bd_trough_ball_count_changed'====== Args={'balls': 5}
2024-07-13 16:12:29,700 : INFO : ball_device.bd_trough : State: idle
2024-07-13 16:12:29,702 : INFO : ball_device.bd_plunger : State: waiting_for_target_ready
2024-07-13 16:12:29,702 : INFO : EventManager : Event: ======'balldevice_bd_plunger_ball_eject_attempt'====== Args={'balls': 1, 'target': <playfield.playfield>, 'source': <ball_device.bd_plunger>, 'mechanical_eject': True, 'num_attempts': 0}
2024-07-13 16:12:29,703 : INFO : ball_device.bd_plunger : State: ejecting
2024-07-13 16:12:29,704 : INFO : ball_device.bd_plunger : Ejecting ball to <playfield.playfield>
2024-07-13 16:12:29,704 : INFO : EventManager : Event: ======'balldevice_bd_plunger_ejecting_ball'====== Args={'balls': 1, 'target': <playfield.playfield>, 'source': <ball_device.bd_plunger>, 'mechanical_eject': True, 'num_attempts': 0}
2024-07-13 16:12:29,705 : INFO : ball_device.bd_plunger : Wait for ball to leave device
2024-07-13 16:12:30,079 : INFO : EventManager : Event: ======'player_skillshot_skillshot_rotate_tick'====== Args={'value': 1, 'prev_value': 0, 'change': 1, 'player_num': 1}
2024-07-13 16:12:30,085 : INFO : EventManager : Event: ======'timer_skillshot_rotate_tick'====== Args={'ticks': 1, 'ticks_remaining': 0}
2024-07-13 16:12:30,086 : INFO : EventManager : Event: ======'player_shot_skillshot_p_target'====== Args={'value': 0, 'prev_value': 1, 'change': -1, 'player_num': 1}
2024-07-13 16:12:30,087 : INFO : EventManager : Event: ======'player_shot_skillshot_r_target'====== Args={'value': 1, 'prev_value': 0, 'change': 1, 'player_num': 1}
2024-07-13 16:12:30,436 : WARNING : SwitchController : Received duplicate switch state 1 for switch s_plunger from the platform interface. Log Code: Log-SwitchController-1 (https://missionpinball.org/logs)
2024-07-13 16:12:30,686 : INFO : SwitchController : <<<<<<< 's_plunger' inactive >>>>>>>
2024-07-13 16:12:30,687 : INFO : ball_device.bd_plunger : State: ball_left
2024-07-13 16:12:30,687 : INFO : ball_device.bd_plunger : Ball left
2024-07-13 16:12:30,688 : INFO : ball_device.bd_plunger : Wait for confirm with timeout 3.0
2024-07-13 16:12:30,978 : INFO : SwitchController : <<<<<<< 's_plunger' active >>>>>>>
2024-07-13 16:12:30,979 : INFO : EventManager : Event: ======'machine_var_audits_switches_s_plunger'====== Args={'value': 345, 'prev_value': 344, 'change': 1}
2024-07-13 16:12:31,072 : INFO : EventManager : Event: ======'player_skillshot_skillshot_rotate_tick'====== Args={'value': 2, 'prev_value': 1, 'change': 1, 'player_num': 1}
2024-07-13 16:12:31,073 : INFO : EventManager : Event: ======'timer_skillshot_rotate_tick'====== Args={'ticks': 2, 'ticks_remaining': 0}
2024-07-13 16:12:31,073 : INFO : EventManager : Event: ======'player_shot_skillshot_r_target'====== Args={'value': 0, 'prev_value': 1, 'change': -1, 'player_num': 1}
2024-07-13 16:12:31,074 : INFO : EventManager : Event: ======'player_shot_skillshot_o_target'====== Args={'value': 1, 'prev_value': 0, 'change': 1, 'player_num': 1}
2024-07-13 16:12:31,419 : INFO : SwitchController : <<<<<<< 's_plunger' inactive >>>>>>>
2024-07-13 16:12:32,072 : INFO : EventManager : Event: ======'player_skillshot_skillshot_rotate_tick'====== Args={'value': 3, 'prev_value': 2, 'change': 1, 'player_num': 1}
2024-07-13 16:12:32,072 : INFO : EventManager : Event: ======'timer_skillshot_rotate_tick'====== Args={'ticks': 3, 'ticks_remaining': 0}
2024-07-13 16:12:32,073 : INFO : EventManager : Event: ======'player_shot_skillshot_o_target'====== Args={'value': 0, 'prev_value': 1, 'change': -1, 'player_num': 1}
2024-07-13 16:12:32,074 : INFO : EventManager : Event: ======'player_shot_skillshot_p2_target'====== Args={'value': 1, 'prev_value': 0, 'change': 1, 'player_num': 1}
2024-07-13 16:12:33,071 : INFO : EventManager : Event: ======'player_skillshot_skillshot_rotate_tick'====== Args={'value': 4, 'prev_value': 3, 'change': 1, 'player_num': 1}
2024-07-13 16:12:33,072 : INFO : EventManager : Event: ======'timer_skillshot_rotate_tick'====== Args={'ticks': 4, 'ticks_remaining': 0}
2024-07-13 16:12:33,072 : INFO : EventManager : Event: ======'player_shot_skillshot_p2_target'====== Args={'value': 0, 'prev_value': 1, 'change': -1, 'player_num': 1}
2024-07-13 16:12:33,073 : INFO : EventManager : Event: ======'player_shot_skillshot_a_target'====== Args={'value': 1, 'prev_value': 0, 'change': 1, 'player_num': 1}
2024-07-13 16:12:33,687 : INFO : ball_device.bd_plunger : State: failed_confirm
2024-07-13 16:12:33,688 : INFO : ball_device.bd_plunger : Got timeout (3.0s) before confirm from <playfield.playfield>
2024-07-13 16:12:33,790 : INFO : ball_device.bd_plunger : Confirming eject because target is playfield and ball did not return.
2024-07-13 16:12:33,790 : INFO : ball_device.bd_plunger : Eject successful
2024-07-13 16:12:33,791 : INFO : EventManager : Event: ======'balldevice_bd_plunger_ball_eject_success'====== Args={'balls': 1, 'target': <playfield.playfield>}
2024-07-13 16:12:33,792 : INFO : EventManager : Event: ======'balldevice_playfield_ball_enter'====== Args={'new_balls': 1, 'unclaimed_balls': 1, 'device': <playfield.playfield>}
2024-07-13 16:12:33,792 : INFO : EventManager : Event: ======'playfield_ball_count_change'====== Args={'balls': 1, 'change': 1}
2024-07-13 16:12:33,794 : INFO : EventManager : Event: ======'balldevice_bd_plunger_ball_count_changed'====== Args={'balls': 0}
2024-07-13 16:12:33,795 : INFO : ball_device.bd_plunger : State: idle
2024-07-13 16:12:34,071 : INFO : EventManager : Event: ======'player_skillshot_skillshot_rotate_tick'====== Args={'value': 5, 'prev_value': 4, 'change': 1, 'player_num': 1}
2024-07-13 16:12:34,073 : INFO : EventManager : Event: ======'timer_skillshot_rotate_tick'====== Args={'ticks': 5, 'ticks_remaining': 0}
2024-07-13 16:12:34,073 : INFO : EventManager : Event: ======'player_shot_skillshot_a_target'====== Args={'value': 0, 'prev_value': 1, 'change': -1, 'player_num': 1}
2024-07-13 16:12:34,075 : INFO : EventManager : Event: ======'player_shot_skillshot_n_target'====== Args={'value': 1, 'prev_value': 0, 'change': 1, 'player_num': 1}
2024-07-13 16:12:35,071 : INFO : EventManager : Event: ======'player_skillshot_skillshot_rotate_tick'====== Args={'value': 6, 'prev_value': 5, 'change': 1, 'player_num': 1}
2024-07-13 16:12:35,072 : INFO : EventManager : Event: ======'timer_skillshot_rotate_tick'====== Args={'ticks': 6, 'ticks_remaining': 0}
2024-07-13 16:12:35,073 : INFO : EventManager : Event: ======'player_shot_skillshot_n_target'====== Args={'value': 0, 'prev_value': 1, 'change': -1, 'player_num': 1}
2024-07-13 16:12:35,075 : INFO : EventManager : Event: ======'player_shot_skillshot_e_target'====== Args={'value': 1, 'prev_value': 0, 'change': 1, 'player_num': 1}
2024-07-13 16:12:35,257 : INFO : SwitchController : <<<<<<< 's_plunger_lane_exit' active >>>>>>>
2024-07-13 16:12:35,257 : INFO : EventManager : Event: ======'s_plunger_lane_exit_active'====== Args={}
2024-07-13 16:12:35,257 : INFO : EventManager : Event: ======'sw_playfield_active'====== Args={}
2024-07-13 16:12:35,258 : INFO : EventManager : Event: ======'machine_var_audits_switches_s_plunger_lane_exit'====== Args={'value': 169, 'prev_value': 168, 'change': 1}
2024-07-13 16:12:35,258 : INFO : EventManager : Event: ======'ball_save_default_timer_start'====== Args={}
2024-07-13 16:12:35,387 : INFO : SwitchController : <<<<<<< 's_plunger_lane_exit' inactive >>>>>>>
2024-07-13 16:12:36,070 : INFO : EventManager : Event: ======'player_skillshot_skillshot_rotate_tick'====== Args={'value': 7, 'prev_value': 6, 'change': 1, 'player_num': 1}
2024-07-13 16:12:36,072 : INFO : EventManager : Event: ======'timer_skillshot_rotate_tick'====== Args={'ticks': 7, 'ticks_remaining': 0}
2024-07-13 16:12:36,073 : INFO : EventManager : Event: ======'player_shot_skillshot_p_target'====== Args={'value': 1, 'prev_value': 0, 'change': 1, 'player_num': 1}
2024-07-13 16:12:36,074 : INFO : EventManager : Event: ======'player_shot_skillshot_e_target'====== Args={'value': 0, 'prev_value': 1, 'change': -1, 'player_num': 1}
2024-07-13 16:12:37,070 : INFO : EventManager : Event: ======'player_skillshot_skillshot_rotate_tick'====== Args={'value': 8, 'prev_value': 7, 'change': 1, 'player_num': 1}
2024-07-13 16:12:37,071 : INFO : EventManager : Event: ======'timer_skillshot_rotate_tick'====== Args={'ticks': 8, 'ticks_remaining': 0}
2024-07-13 16:12:37,072 : INFO : EventManager : Event: ======'player_shot_skillshot_p_target'====== Args={'value': 0, 'prev_value': 1, 'change': -1, 'player_num': 1}
2024-07-13 16:12:37,073 : INFO : EventManager : Event: ======'player_shot_skillshot_r_target'====== Args={'value': 1, 'prev_value': 0, 'change': 1, 'player_num': 1}
2024-07-13 16:12:38,069 : INFO : EventManager : Event: ======'player_skillshot_skillshot_rotate_tick'====== Args={'value': 9, 'prev_value': 8, 'change': 1, 'player_num': 1}
2024-07-13 16:12:38,070 : INFO : EventManager : Event: ======'timer_skillshot_rotate_tick'====== Args={'ticks': 9, 'ticks_remaining': 0}
2024-07-13 16:12:38,071 : INFO : EventManager : Event: ======'player_shot_skillshot_r_target'====== Args={'value': 0, 'prev_value': 1, 'change': -1, 'player_num': 1}
2024-07-13 16:12:38,072 : INFO : EventManager : Event: ======'player_shot_skillshot_o_target'====== Args={'value': 1, 'prev_value': 0, 'change': 1, 'player_num': 1}
2024-07-13 16:12:38,469 : INFO : SwitchController : <<<<<<< 's_n_target' active >>>>>>>
2024-07-13 16:12:38,470 : INFO : EventManager : Event: ======'s_n_target_active'====== Args={}
2024-07-13 16:12:38,470 : INFO : EventManager : Event: ======'machine_var_audits_switches_s_n_target'====== Args={'value': 63, 'prev_value': 62, 'change': 1}
2024-07-13 16:12:38,472 : INFO : EventManager : Event: ======'machine_var_audits_shots_skillshot_n_target'====== Args={'value': 13, 'prev_value': 12, 'change': 1}
2024-07-13 16:12:38,480 : INFO : EventManager : Event: ======'skillshot_n_target_hit'====== Args={'profile': 'skillshot_profile', 'state': 'off', 'advancing': False}
2024-07-13 16:12:38,481 : INFO : EventManager : Event: ======'skillshot_n_target_skillshot_profile_hit'====== Args={'profile': 'skillshot_profile', 'state': 'off', 'advancing': False}
2024-07-13 16:12:38,481 : INFO : EventManager : Event: ======'skillshot_n_target_skillshot_profile_off_hit'====== Args={'profile': 'skillshot_profile', 'state': 'off', 'advancing': False}
2024-07-13 16:12:38,481 : INFO : EventManager : Event: ======'skillshot_n_target_off_hit'====== Args={'profile': 'skillshot_profile', 'state': 'off', 'advancing': False}
2024-07-13 16:12:38,481 : INFO : EventManager : Event: ======'player_score'====== Args={'value': 50, 'prev_value': 0, 'change': 50, 'player_num': 1, 'source': 'base'}
2024-07-13 16:12:38,481 : INFO : EventManager : Event: ======'skillshot_hit'====== Args={'shot': 'skillshot_n_target'}
2024-07-13 16:12:38,481 : INFO : EventManager : Event: ======'skillshot_off_hit'====== Args={'shot': 'skillshot_n_target'}
2024-07-13 16:12:38,482 : INFO : EventManager : Event: ======'stop_mode_skillshot'====== Args={'priority': 0}
2024-07-13 16:12:38,482 : INFO : EventManager : Event: ======'mode_skillshot_will_stop'====== Args={}
2024-07-13 16:12:38,482 : INFO : EventManager : Event: ======'mode_skillshot_stopping'====== Args={}
2024-07-13 16:12:38,483 : INFO : Mode.skillshot : Stopped.
2024-07-13 16:12:38,483 : INFO : EventManager : Event: ======'modes_active_modes_changed'====== Args={}
2024-07-13 16:12:38,484 : INFO : EventManager : Event: ======'mode_skillshot_stopped'====== Args={}
2024-07-13 16:12:38,484 : INFO : EventManager : Event: ======'clear'====== Args={'key': 'skillshot'}
2024-07-13 16:12:38,485 : INFO : Timer.skillshot_rotate : Stopping Timer
2024-07-13 16:12:38,485 : INFO : EventManager : Event: ======'timer_skillshot_rotate_stopped'====== Args={'ticks': 9, 'ticks_remaining': 0}
2024-07-13 16:12:38,496 : INFO : EventManager : Event: ======'slide_skillshot_inactive'====== Args={'_from_bcp': True}
2024-07-13 16:12:38,496 : INFO : EventManager : Event: ======'slide_base_active'====== Args={'_from_bcp': True}
2024-07-13 16:12:38,497 : INFO : EventManager : Event: ======'slide_skillshot_removed'====== Args={'_from_bcp': True}
2024-07-13 16:12:38,557 : INFO : SwitchController : <<<<<<< 's_n_target' inactive >>>>>>>
2024-07-13 16:12:39,936 : INFO : SwitchController : <<<<<<< 's_right_rollover_lane' active >>>>>>>
2024-07-13 16:12:39,936 : INFO : EventManager : Event: ======'s_right_rollover_lane_active'====== Args={}
2024-07-13 16:12:39,936 : INFO : EventManager : Event: ======'machine_var_audits_switches_s_right_rollover_lane'====== Args={'value': 79, 'prev_value': 78, 'change': 1}
2024-07-13 16:12:39,938 : INFO : EventManager : Event: ======'player_shot_right_rollover_lane'====== Args={'value': 1, 'prev_value': 0, 'change': 1, 'player_num': 1}
2024-07-13 16:12:39,939 : INFO : EventManager : Event: ======'machine_var_audits_shots_right_rollover_lane'====== Args={'value': 65, 'prev_value': 64, 'change': 1}
2024-07-13 16:12:39,941 : INFO : EventManager : Event: ======'right_rollover_lane_hit'====== Args={'profile': 'default', 'state': 'unlit', 'advancing': True}
2024-07-13 16:12:39,941 : INFO : EventManager : Event: ======'right_rollover_lane_default_hit'====== Args={'profile': 'default', 'state': 'unlit', 'advancing': True}
2024-07-13 16:12:39,941 : INFO : EventManager : Event: ======'right_rollover_lane_default_unlit_hit'====== Args={'profile': 'default', 'state': 'unlit', 'advancing': True}
2024-07-13 16:12:39,942 : INFO : EventManager : Event: ======'right_rollover_lane_unlit_hit'====== Args={'profile': 'default', 'state': 'unlit', 'advancing': True}
2024-07-13 16:12:39,942 : INFO : EventManager : Event: ======'player_score'====== Args={'value': 100, 'prev_value': 50, 'change': 50, 'player_num': 1, 'source': 'base'}
2024-07-13 16:12:39,942 : INFO : EventManager : Event: ======'BBQ_lanes_hit'====== Args={'shot': 'right_rollover_lane'}
2024-07-13 16:12:39,943 : INFO : EventManager : Event: ======'BBQ_lanes_unlit_hit'====== Args={'shot': 'right_rollover_lane'}
2024-07-13 16:12:40,021 : INFO : SwitchController : <<<<<<< 's_right_rollover_lane' inactive >>>>>>>
2024-07-13 16:12:40,702 : INFO : SwitchController : <<<<<<< 's_middle_rollover_lane' active >>>>>>>
2024-07-13 16:12:40,702 : INFO : EventManager : Event: ======'s_middle_rollover_lane_active'====== Args={}
2024-07-13 16:12:40,703 : INFO : EventManager : Event: ======'machine_var_audits_switches_s_middle_rollover_lane'====== Args={'value': 64, 'prev_value': 63, 'change': 1}
2024-07-13 16:12:40,705 : INFO : EventManager : Event: ======'player_shot_middle_rollover_lane'====== Args={'value': 1, 'prev_value': 0, 'change': 1, 'player_num': 1}
2024-07-13 16:12:40,706 : INFO : EventManager : Event: ======'machine_var_audits_shots_middle_rollover_lane'====== Args={'value': 61, 'prev_value': 60, 'change': 1}
2024-07-13 16:12:40,707 : INFO : EventManager : Event: ======'middle_rollover_lane_hit'====== Args={'profile': 'default', 'state': 'unlit', 'advancing': True}
2024-07-13 16:12:40,708 : INFO : EventManager : Event: ======'middle_rollover_lane_default_hit'====== Args={'profile': 'default', 'state': 'unlit', 'advancing': True}
2024-07-13 16:12:40,708 : INFO : EventManager : Event: ======'middle_rollover_lane_default_unlit_hit'====== Args={'profile': 'default', 'state': 'unlit', 'advancing': True}
2024-07-13 16:12:40,709 : INFO : EventManager : Event: ======'middle_rollover_lane_unlit_hit'====== Args={'profile': 'default', 'state': 'unlit', 'advancing': True}
2024-07-13 16:12:40,709 : INFO : EventManager : Event: ======'player_score'====== Args={'value': 150, 'prev_value': 100, 'change': 50, 'player_num': 1, 'source': 'base'}
2024-07-13 16:12:40,709 : INFO : EventManager : Event: ======'BBQ_lanes_hit'====== Args={'shot': 'middle_rollover_lane'}
2024-07-13 16:12:40,709 : INFO : EventManager : Event: ======'BBQ_lanes_unlit_hit'====== Args={'shot': 'middle_rollover_lane'}
2024-07-13 16:12:40,787 : INFO : SwitchController : <<<<<<< 's_middle_rollover_lane' inactive >>>>>>>
2024-07-13 16:12:41,470 : INFO : SwitchController : <<<<<<< 's_left_rollover_lane' active >>>>>>>
2024-07-13 16:12:41,470 : INFO : EventManager : Event: ======'s_left_rollover_lane_active'====== Args={}
2024-07-13 16:12:41,471 : INFO : EventManager : Event: ======'machine_var_audits_switches_s_left_rollover_lane'====== Args={'value': 70, 'prev_value': 69, 'change': 1}
2024-07-13 16:12:41,472 : INFO : EventManager : Event: ======'player_shot_left_rollover_lane'====== Args={'value': 1, 'prev_value': 0, 'change': 1, 'player_num': 1}
2024-07-13 16:12:41,473 : INFO : EventManager : Event: ======'machine_var_audits_shots_left_rollover_lane'====== Args={'value': 65, 'prev_value': 64, 'change': 1}
2024-07-13 16:12:41,474 : INFO : EventManager : Event: ======'left_rollover_lane_hit'====== Args={'profile': 'default', 'state': 'unlit', 'advancing': True}
2024-07-13 16:12:41,475 : INFO : EventManager : Event: ======'left_rollover_lane_default_hit'====== Args={'profile': 'default', 'state': 'unlit', 'advancing': True}
2024-07-13 16:12:41,475 : INFO : EventManager : Event: ======'left_rollover_lane_default_unlit_hit'====== Args={'profile': 'default', 'state': 'unlit', 'advancing': True}
2024-07-13 16:12:41,476 : INFO : EventManager : Event: ======'left_rollover_lane_unlit_hit'====== Args={'profile': 'default', 'state': 'unlit', 'advancing': True}
2024-07-13 16:12:41,476 : INFO : EventManager : Event: ======'player_score'====== Args={'value': 200, 'prev_value': 150, 'change': 50, 'player_num': 1, 'source': 'base'}
2024-07-13 16:12:41,477 : INFO : EventManager : Event: ======'BBQ_lanes_complete'====== Args={'state': 'lit'}
2024-07-13 16:12:41,477 : INFO : EventManager : Event: ======'BBQ_lanes_lit_complete'====== Args={}
2024-07-13 16:12:41,478 : INFO : EventManager : Event: ======'player_score'====== Args={'value': 1200, 'prev_value': 200, 'change': 1000, 'player_num': 1, 'source': 'BBQ_rollover'}
2024-07-13 16:12:41,480 : INFO : EventManager : Event: ======'logicblock_lb_BBQ_complete_count_updated'====== Args={'value': 2, 'enabled': True}
2024-07-13 16:12:41,480 : INFO : EventManager : Event: ======'BBQ_lanes_done'====== Args={'count': 2}
2024-07-13 16:12:41,481 : INFO : EventManager : Event: ======'player_pf_multiplier'====== Args={'value': 2, 'prev_value': 1, 'change': 1, 'player_num': 1, 'source': 'BBQ_rollover'}
2024-07-13 16:12:41,483 : INFO : EventManager : Event: ======'BBQ_lanes_hit'====== Args={'shot': 'left_rollover_lane'}
2024-07-13 16:12:41,483 : INFO : EventManager : Event: ======'BBQ_lanes_unlit_hit'====== Args={'shot': 'left_rollover_lane'}
2024-07-13 16:12:41,554 : INFO : SwitchController : <<<<<<< 's_left_rollover_lane' inactive >>>>>>>
2024-07-13 16:12:42,490 : INFO : EventManager : Event: ======'player_shot_left_rollover_lane'====== Args={'value': 0, 'prev_value': 1, 'change': -1, 'player_num': 1}
2024-07-13 16:12:42,491 : INFO : EventManager : Event: ======'player_shot_middle_rollover_lane'====== Args={'value': 0, 'prev_value': 1, 'change': -1, 'player_num': 1}
2024-07-13 16:12:42,492 : INFO : EventManager : Event: ======'player_shot_right_rollover_lane'====== Args={'value': 0, 'prev_value': 1, 'change': -1, 'player_num': 1}
2024-07-13 16:12:42,492 : INFO : EventManager : Event: ======'BBQ_lanes_complete'====== Args={'state': 'unlit'}
2024-07-13 16:12:42,492 : INFO : EventManager : Event: ======'BBQ_lanes_unlit_complete'====== Args={}
2024-07-13 16:12:42,494 : INFO : EventManager : Event: ======'player_score'====== Args={'value': 3200, 'prev_value': 1200, 'change': 2000, 'player_num': 1, 'source': 'BBQ_rollover'}
2024-07-13 16:12:43,257 : INFO : EventManager : Event: ======'ball_save_default_hurry_up'====== Args={}
2024-07-13 16:12:45,255 : INFO : EventManager : Event: ======'ball_save_default_grace_period'====== Args={}
2024-07-13 16:12:47,255 : INFO : EventManager : Event: ======'ball_save_default_disabled'====== Args={}
2024-07-13 16:13:00,332 : INFO : BcpServer : New client connected.
2024-07-13 16:13:02,612 : INFO : Machine : Shutting down...
2024-07-13 16:13:02,613 : INFO : EventManager : Event: ======'shutdown'====== Args={}
2024-07-13 16:13:02,644 : INFO : EventManager : Event: ======'mode_game_will_stop'====== Args={}
2024-07-13 16:13:02,644 : INFO : EventManager : Event: ======'mode_game_stopping'====== Args={}
2024-07-13 16:13:02,644 : INFO : EventManager : Event: ======'mode_BBQ_rollover_will_stop'====== Args={}
2024-07-13 16:13:02,644 : INFO : EventManager : Event: ======'mode_BBQ_rollover_stopping'====== Args={}
2024-07-13 16:13:02,644 : INFO : EventManager : Event: ======'mode_base_will_stop'====== Args={}
2024-07-13 16:13:02,644 : INFO : EventManager : Event: ======'mode_base_stopping'====== Args={}
2024-07-13 16:13:02,645 : INFO : Mode.base : Stopped.
2024-07-13 16:13:02,645 : INFO : EventManager : Event: ======'modes_active_modes_changed'====== Args={}
2024-07-13 16:13:02,649 : INFO : EventManager : Event: ======'mode_base_stopped'====== Args={}
2024-07-13 16:13:02,649 : INFO : EventManager : Event: ======'clear'====== Args={'key': 'base'}
2024-07-13 16:13:02,650 : INFO : Mode.BBQ_rollover : Stopped.
2024-07-13 16:13:02,650 : INFO : EventManager : Event: ======'modes_active_modes_changed'====== Args={}
2024-07-13 16:13:02,650 : INFO : EventManager : Event: ======'mode_BBQ_rollover_stopped'====== Args={}
2024-07-13 16:13:02,650 : INFO : EventManager : Event: ======'clear'====== Args={'key': 'BBQ_rollover'}
2024-07-13 16:13:02,650 : INFO : Mode.game : Stopped.
2024-07-13 16:13:02,651 : INFO : EventManager : Event: ======'modes_active_modes_changed'====== Args={}
2024-07-13 16:13:02,651 : INFO : EventManager : Event: ======'mode_game_stopped'====== Args={}
2024-07-13 16:13:02,651 : INFO : EventManager : Event: ======'clear'====== Args={'key': 'game'}
2024-07-13 16:13:02,652 : INFO : root : MPF run loop ended.
