2024-07-16 23:24:14,575 : INFO : root : Loading config.
2024-07-16 23:24:14,576 : INFO : YamlMultifileConfigLoader : Machine config file #1: config.yaml
2024-07-16 23:24:14,577 : INFO : ConfigProcessor : Loading config from cache: /var/folders/sv/d29kcl5x50v7vt1n6xb5jsd40000gn/T/c166cef8060ffee16a35821bf698da85.mpf_cache
2024-07-16 23:24:14,608 : INFO : ConfigProcessor : Loading config from cache: /var/folders/sv/d29kcl5x50v7vt1n6xb5jsd40000gn/T/6b31c5ac6ecbad948994a8204ea6b05b.mpf_cache
2024-07-16 23:24:14,608 : INFO : ConfigProcessor : Loading config from cache: /var/folders/sv/d29kcl5x50v7vt1n6xb5jsd40000gn/T/fe612d1e66c8a96c19ba449d3748eeac.mpf_cache
2024-07-16 23:24:14,608 : INFO : ConfigProcessor : Loading config from cache: /var/folders/sv/d29kcl5x50v7vt1n6xb5jsd40000gn/T/6b31c5ac6ecbad948994a8204ea6b05b.mpf_cache
2024-07-16 23:24:14,608 : INFO : ConfigProcessor : Loading config from cache: /var/folders/sv/d29kcl5x50v7vt1n6xb5jsd40000gn/T/8765227693ecd961e0504502a81255e0.mpf_cache
2024-07-16 23:24:14,609 : INFO : ConfigProcessor : Loading config from cache: /var/folders/sv/d29kcl5x50v7vt1n6xb5jsd40000gn/T/b247728c74b4d81bcb2825e2b07062a7.mpf_cache
2024-07-16 23:24:14,609 : INFO : ConfigProcessor : Loading config from cache: /var/folders/sv/d29kcl5x50v7vt1n6xb5jsd40000gn/T/f240f94f0b5d0f37ec4fd7571275a101.mpf_cache
2024-07-16 23:24:14,609 : INFO : ConfigProcessor : Loading config from cache: /var/folders/sv/d29kcl5x50v7vt1n6xb5jsd40000gn/T/c4409acfdf3ec94666e0adef48d55400.mpf_cache
2024-07-16 23:24:14,609 : INFO : ConfigProcessor : Loading config from cache: /var/folders/sv/d29kcl5x50v7vt1n6xb5jsd40000gn/T/6a2f50ed892485825cc04dc0a68eab9f.mpf_cache
2024-07-16 23:24:14,610 : INFO : ConfigProcessor : Loading config from cache: /var/folders/sv/d29kcl5x50v7vt1n6xb5jsd40000gn/T/d58c58eb9fd1a2dc27f8acd255fb3761.mpf_cache
2024-07-16 23:24:14,610 : INFO : ConfigProcessor : Loading config from cache: /var/folders/sv/d29kcl5x50v7vt1n6xb5jsd40000gn/T/07adfd310b3ef0e03c5cbc91527abb6c.mpf_cache
2024-07-16 23:24:14,610 : WARNING : ConfigProcessor : Config file in cache changed: /Users/nicktaseris/Desktop/Pinball/KOTH/modes/bill_bulk_and_the_body_buddies/config/bill_bulk_and_the_body_buddies.yaml
2024-07-16 23:24:14,610 : INFO : ConfigProcessor : Loading config from file /Users/nicktaseris/Desktop/Pinball/KOTH/modes/bill_bulk_and_the_body_buddies/config/bill_bulk_and_the_body_buddies.yaml.
2024-07-16 23:24:14,611 : INFO : ConfigProcessor : Loading config: /Users/nicktaseris/Desktop/Pinball/KOTH/modes/bill_bulk_and_the_body_buddies/config/bill_bulk_and_the_body_buddies.yaml
2024-07-16 23:24:14,611 : INFO : ConfigProcessor : Config file cache created: /var/folders/sv/d29kcl5x50v7vt1n6xb5jsd40000gn/T/12bd5247c3bf989b919364bdb7829769.mpf_cache
2024-07-16 23:24:14,612 : INFO : ConfigProcessor : Loading config from cache: /var/folders/sv/d29kcl5x50v7vt1n6xb5jsd40000gn/T/362e08f51a1a1b7a0809dd52f9c83f83.mpf_cache
2024-07-16 23:24:14,612 : INFO : ConfigProcessor : Loading config from cache: /var/folders/sv/d29kcl5x50v7vt1n6xb5jsd40000gn/T/e45e3bd39557ed8d0881194a7afab8f7.mpf_cache
2024-07-16 23:24:14,612 : INFO : ConfigProcessor : Loading config from cache: /var/folders/sv/d29kcl5x50v7vt1n6xb5jsd40000gn/T/331d8d1a1bc190cae8c13495e1db372f.mpf_cache
2024-07-16 23:24:14,612 : INFO : ConfigProcessor : Loading config from cache: /var/folders/sv/d29kcl5x50v7vt1n6xb5jsd40000gn/T/d17a9ff77386e6f1439d0802ace1de07.mpf_cache
2024-07-16 23:24:14,612 : INFO : ConfigProcessor : Loading config from cache: /var/folders/sv/d29kcl5x50v7vt1n6xb5jsd40000gn/T/280fd64455d0d243a54ab4db98fbccbd.mpf_cache
2024-07-16 23:24:14,613 : INFO : ConfigProcessor : Loading config from cache: /var/folders/sv/d29kcl5x50v7vt1n6xb5jsd40000gn/T/0c0596ed8fbb40b6113901d21bdc0a39.mpf_cache
2024-07-16 23:24:14,613 : INFO : ConfigProcessor : Loading config from cache: /var/folders/sv/d29kcl5x50v7vt1n6xb5jsd40000gn/T/2982e2d98506102244e9fa0f437a9fca.mpf_cache
2024-07-16 23:24:14,614 : INFO : ConfigProcessor : Loading config from cache: /var/folders/sv/d29kcl5x50v7vt1n6xb5jsd40000gn/T/3048ed2d7ea14eee3db896f6760aa474.mpf_cache
2024-07-16 23:24:14,614 : INFO : Machine : Mission Pinball Framework Core Engine v0.80.0.dev1
2024-07-16 23:24:14,614 : INFO : Machine : Command line arguments: {'no_load_cache': False, 'create_config_cache': True, 'bcp': True, 'configfile': ['config.yaml'], 'force_assets_load': False, 'platform_integration_test': False, 'jsonlogging': False, 'logfile': 'logs/2024-07-16-23-24-14-mpf-Nicks-Air.lan.log', 'pause': False, 'production': False, 'text_ui': True, 'loglevel': 15, 'consoleloglevel': 20, 'force_platform': None, 'syslog_address': None, 'mc_file_name': None, 'no_sound': False, 'full_logfile_path': '/Users/nicktaseris/Desktop/Pinball/KOTH/logs/2024-07-16-23-24-14-mpf-Nicks-Air.lan.log'}
2024-07-16 23:24:14,614 : INFO : Machine : MPF path: /Users/nicktaseris/mpfenv/lib/python3.9/site-packages/mpf
2024-07-16 23:24:14,614 : INFO : Machine : Machine path: /Users/nicktaseris/Desktop/Pinball/KOTH
2024-07-16 23:24:14,614 : INFO : Machine : Platform: darwin
2024-07-16 23:24:14,614 : INFO : Machine : Python executable location: /Users/nicktaseris/mpfenv/bin/python3
2024-07-16 23:24:14,614 : INFO : Machine : Python version: 3.9.13 (64-bit)
2024-07-16 23:24:14,615 : INFO : Machine : Initializing MPF...
2024-07-16 23:24:14,641 : INFO : EventManager : Event: ======'machine_var_credits_string'====== Args={'value': 'FREE PLAY', 'prev_value': None, 'change': True}
2024-07-16 23:24:14,647 : INFO : EventManager : Event: ======'machine_var_master_volume'====== Args={'value': 0.5, 'prev_value': None, 'change': True}
2024-07-16 23:24:14,647 : INFO : EventManager : Event: ======'machine_var_player1_score'====== Args={'value': 175300, 'prev_value': None, 'change': True}
2024-07-16 23:24:14,647 : INFO : EventManager : Event: ======'machine_var_mpf_version'====== Args={'value': 'Mission Pinball Framework v0.80.0.dev1', 'prev_value': None, 'change': True}
2024-07-16 23:24:14,647 : INFO : EventManager : Event: ======'machine_var_mpf_extended_version'====== Args={'value': 'Mission Pinball Framework v0.80.0.dev1, Config version:6, Show version: 6, BCP version:1.1', 'prev_value': None, 'change': True}
2024-07-16 23:24:14,647 : INFO : EventManager : Event: ======'machine_var_python_version'====== Args={'value': '3.9.13', 'prev_value': None, 'change': True}
2024-07-16 23:24:14,656 : INFO : EventManager : Event: ======'machine_var_platform'====== Args={'value': 'macOS-12.1-arm64-arm-64bit', 'prev_value': None, 'change': True}
2024-07-16 23:24:14,657 : INFO : EventManager : Event: ======'machine_var_platform_system'====== Args={'value': 'Darwin', 'prev_value': None, 'change': True}
2024-07-16 23:24:14,657 : INFO : EventManager : Event: ======'machine_var_platform_release'====== Args={'value': '21.2.0', 'prev_value': None, 'change': True}
2024-07-16 23:24:14,657 : INFO : EventManager : Event: ======'machine_var_platform_version'====== Args={'value': 'Darwin Kernel Version 21.2.0: Sun Nov 28 20:29:10 PST 2021; root:xnu-8019.61.5~1/RELEASE_ARM64_T8101', 'prev_value': None, 'change': True}
2024-07-16 23:24:14,657 : INFO : EventManager : Event: ======'machine_var_platform_machine'====== Args={'value': 'arm64', 'prev_value': None, 'change': True}
2024-07-16 23:24:14,657 : INFO : EventManager : Event: ======'machine_var_log_file_path'====== Args={'value': '/Users/nicktaseris/Desktop/Pinball/KOTH/logs/2024-07-16-23-24-14-mpf-Nicks-Air.lan.log', 'prev_value': None, 'change': True}
2024-07-16 23:24:14,657 : INFO : EventManager : Event: ======'init_phase_1'====== Args={}
2024-07-16 23:24:14,681 : INFO : EventManager : Event: ======'drop_target_bank_strickland_bank_up'====== Args={}
2024-07-16 23:24:14,681 : INFO : EventManager : Event: ======'init_phase_2'====== Args={}
2024-07-16 23:24:14,681 : INFO : SwitchController : Found active switch: ('39', <Platform.SmartVirtual>) <switch.s_trough1>
2024-07-16 23:24:14,681 : INFO : SwitchController : Found active switch: ('40', <Platform.SmartVirtual>) <switch.s_trough2>
2024-07-16 23:24:14,681 : INFO : SwitchController : Found active switch: ('41', <Platform.SmartVirtual>) <switch.s_trough3>
2024-07-16 23:24:14,681 : INFO : SwitchController : Found active switch: ('42', <Platform.SmartVirtual>) <switch.s_trough4>
2024-07-16 23:24:14,681 : INFO : SwitchController : Found active switch: ('43', <Platform.SmartVirtual>) <switch.s_trough5>
2024-07-16 23:24:14,682 : INFO : SwitchController : Found active switch: ('44', <Platform.SmartVirtual>) <switch.s_trough6>
2024-07-16 23:24:14,685 : INFO : EventManager : Event: ======'machine_var_score1_label'====== Args={'value': 'GRAND CHAMPION', 'prev_value': None, 'change': True}
2024-07-16 23:24:14,685 : INFO : EventManager : Event: ======'machine_var_score1_name'====== Args={'value': 'BRI', 'prev_value': None, 'change': True}
2024-07-16 23:24:14,685 : INFO : EventManager : Event: ======'machine_var_score1_value'====== Args={'value': 4242, 'prev_value': None, 'change': True}
2024-07-16 23:24:14,685 : INFO : EventManager : Event: ======'machine_var_score2_label'====== Args={'value': 'HIGH SCORE 1', 'prev_value': None, 'change': True}
2024-07-16 23:24:14,685 : INFO : EventManager : Event: ======'machine_var_score2_name'====== Args={'value': 'GHK', 'prev_value': None, 'change': True}
2024-07-16 23:24:14,685 : INFO : EventManager : Event: ======'machine_var_score2_value'====== Args={'value': 2323, 'prev_value': None, 'change': True}
2024-07-16 23:24:14,685 : INFO : EventManager : Event: ======'machine_var_score3_label'====== Args={'value': 'HIGH SCORE 2', 'prev_value': None, 'change': True}
2024-07-16 23:24:14,685 : INFO : EventManager : Event: ======'machine_var_score3_name'====== Args={'value': 'JK', 'prev_value': None, 'change': True}
2024-07-16 23:24:14,685 : INFO : EventManager : Event: ======'machine_var_score3_value'====== Args={'value': 1337, 'prev_value': None, 'change': True}
2024-07-16 23:24:14,685 : INFO : EventManager : Event: ======'machine_var_score4_label'====== Args={'value': 'HIGH SCORE 3', 'prev_value': None, 'change': True}
2024-07-16 23:24:14,685 : INFO : EventManager : Event: ======'machine_var_score4_name'====== Args={'value': 'QC', 'prev_value': None, 'change': True}
2024-07-16 23:24:14,685 : INFO : EventManager : Event: ======'machine_var_score4_value'====== Args={'value': 42, 'prev_value': None, 'change': True}
2024-07-16 23:24:14,685 : INFO : EventManager : Event: ======'machine_var_score5_label'====== Args={'value': 'HIGH SCORE 4', 'prev_value': None, 'change': True}
2024-07-16 23:24:14,686 : INFO : EventManager : Event: ======'machine_var_score5_name'====== Args={'value': 'MPF', 'prev_value': None, 'change': True}
2024-07-16 23:24:14,686 : INFO : EventManager : Event: ======'machine_var_score5_value'====== Args={'value': 23, 'prev_value': None, 'change': True}
2024-07-16 23:24:14,686 : INFO : EventManager : Event: ======'bcp_connection_attempt'====== Args={'name': 'local_display', 'host': 'localhost', 'port': 5050}
2024-07-16 23:24:14,687 : INFO : BCPClientSocket : Connecting BCP to 'local_display' at localhost:5050...
2024-07-16 23:24:14,689 : INFO : BCPClientSocket : Connected BCP to 'local_display' localhost:5050
2024-07-16 23:24:14,689 : INFO : EventManager : Event: ======'bcp_clients_connected'====== Args={}
2024-07-16 23:24:14,690 : INFO : ball_device.bd_trough : BCH: Initial count: 6
2024-07-16 23:24:14,690 : INFO : ball_device.bd_trough : State: idle
2024-07-16 23:24:14,691 : INFO : ball_device.bd_plunger : BCH: Initial count: 0
2024-07-16 23:24:14,691 : INFO : ball_device.bd_plunger : State: idle
2024-07-16 23:24:14,691 : INFO : ball_device.bd_scoop : BCH: Initial count: 0
2024-07-16 23:24:14,691 : INFO : ball_device.bd_scoop : State: idle
2024-07-16 23:24:14,695 : INFO : EventManager : Event: ======'init_phase_3'====== Args={}
2024-07-16 23:24:14,701 : INFO : EventManager : Event: ======'init_phase_4'====== Args={}
2024-07-16 23:24:14,701 : INFO : BallController : Initial balls found: 6
2024-07-16 23:24:14,701 : INFO : EventManager : Event: ======'machine_var_audits_events_game_ended'====== Args={'value': 4, 'prev_value': None, 'change': True}
2024-07-16 23:24:14,701 : INFO : EventManager : Event: ======'machine_var_audits_events_game_started'====== Args={'value': 421, 'prev_value': None, 'change': True}
2024-07-16 23:24:14,701 : INFO : EventManager : Event: ======'machine_var_audits_missing_switches_s_bottom_inline_drop'====== Args={'value': 4, 'prev_value': None, 'change': True}
2024-07-16 23:24:14,702 : INFO : EventManager : Event: ======'machine_var_audits_missing_switches_s_bottom_pop_bumper'====== Args={'value': 103, 'prev_value': None, 'change': True}
2024-07-16 23:24:14,702 : INFO : EventManager : Event: ======'machine_var_audits_missing_switches_s_center_spinner'====== Args={'value': 168, 'prev_value': None, 'change': True}
2024-07-16 23:24:14,702 : INFO : EventManager : Event: ======'machine_var_audits_missing_switches_s_e_target'====== Args={'value': 15, 'prev_value': None, 'change': True}
2024-07-16 23:24:14,702 : INFO : EventManager : Event: ======'machine_var_audits_missing_switches_s_left_inlane'====== Args={'value': 55, 'prev_value': None, 'change': True}
2024-07-16 23:24:14,702 : INFO : EventManager : Event: ======'machine_var_audits_missing_switches_s_left_inner_horseshoe'====== Args={'value': 55, 'prev_value': None, 'change': True}
2024-07-16 23:24:14,702 : INFO : EventManager : Event: ======'machine_var_audits_missing_switches_s_left_orbit_enter'====== Args={'value': 26, 'prev_value': None, 'change': True}
2024-07-16 23:24:14,702 : INFO : EventManager : Event: ======'machine_var_audits_missing_switches_s_left_orbit_exit'====== Args={'value': 177, 'prev_value': None, 'change': True}
2024-07-16 23:24:14,702 : INFO : EventManager : Event: ======'machine_var_audits_missing_switches_s_left_outlane'====== Args={'value': 57, 'prev_value': None, 'change': True}
2024-07-16 23:24:14,702 : INFO : EventManager : Event: ======'machine_var_audits_missing_switches_s_left_pop_bumper'====== Args={'value': 55, 'prev_value': None, 'change': True}
2024-07-16 23:24:14,702 : INFO : EventManager : Event: ======'machine_var_audits_missing_switches_s_left_ramp_enter'====== Args={'value': 13, 'prev_value': None, 'change': True}
2024-07-16 23:24:14,702 : INFO : EventManager : Event: ======'machine_var_audits_missing_switches_s_left_ramp_exit'====== Args={'value': 299, 'prev_value': None, 'change': True}
2024-07-16 23:24:14,702 : INFO : EventManager : Event: ======'machine_var_audits_missing_switches_s_left_ramp_standup'====== Args={'value': 36, 'prev_value': None, 'change': True}
2024-07-16 23:24:14,702 : INFO : EventManager : Event: ======'machine_var_audits_missing_switches_s_left_rollover_lane'====== Args={'value': 36, 'prev_value': None, 'change': True}
2024-07-16 23:24:14,702 : INFO : EventManager : Event: ======'machine_var_audits_missing_switches_s_left_sling'====== Args={'value': 71, 'prev_value': None, 'change': True}
2024-07-16 23:24:14,703 : INFO : EventManager : Event: ======'machine_var_audits_missing_switches_s_middle_inline_drop'====== Args={'value': 4, 'prev_value': None, 'change': True}
2024-07-16 23:24:14,703 : INFO : EventManager : Event: ======'machine_var_audits_missing_switches_s_middle_rollover_lane'====== Args={'value': 36, 'prev_value': None, 'change': True}
2024-07-16 23:24:14,703 : INFO : EventManager : Event: ======'machine_var_audits_missing_switches_s_n_target'====== Args={'value': 34, 'prev_value': None, 'change': True}
2024-07-16 23:24:14,703 : INFO : EventManager : Event: ======'machine_var_audits_missing_switches_s_o_target'====== Args={'value': 1, 'prev_value': None, 'change': True}
2024-07-16 23:24:14,703 : INFO : EventManager : Event: ======'machine_var_audits_missing_switches_s_p2_target'====== Args={'value': 5, 'prev_value': None, 'change': True}
2024-07-16 23:24:14,703 : INFO : EventManager : Event: ======'machine_var_audits_missing_switches_s_p_target'====== Args={'value': 5, 'prev_value': None, 'change': True}
2024-07-16 23:24:14,703 : INFO : EventManager : Event: ======'machine_var_audits_missing_switches_s_r_target'====== Args={'value': 5, 'prev_value': None, 'change': True}
2024-07-16 23:24:14,703 : INFO : EventManager : Event: ======'machine_var_audits_missing_switches_s_right_inlane'====== Args={'value': 372, 'prev_value': None, 'change': True}
2024-07-16 23:24:14,703 : INFO : EventManager : Event: ======'machine_var_audits_missing_switches_s_right_inner_horseshoe'====== Args={'value': 62, 'prev_value': None, 'change': True}
2024-07-16 23:24:14,703 : INFO : EventManager : Event: ======'machine_var_audits_missing_switches_s_right_orbit_exit'====== Args={'value': 164, 'prev_value': None, 'change': True}
2024-07-16 23:24:14,703 : INFO : EventManager : Event: ======'machine_var_audits_missing_switches_s_right_outlane'====== Args={'value': 69, 'prev_value': None, 'change': True}
2024-07-16 23:24:14,703 : INFO : EventManager : Event: ======'machine_var_audits_missing_switches_s_right_pop_bumper'====== Args={'value': 82, 'prev_value': None, 'change': True}
2024-07-16 23:24:14,703 : INFO : EventManager : Event: ======'machine_var_audits_missing_switches_s_right_ramp_enter'====== Args={'value': 126, 'prev_value': None, 'change': True}
2024-07-16 23:24:14,704 : INFO : EventManager : Event: ======'machine_var_audits_missing_switches_s_right_ramp_exit'====== Args={'value': 126, 'prev_value': None, 'change': True}
2024-07-16 23:24:14,704 : INFO : EventManager : Event: ======'machine_var_audits_missing_switches_s_right_ramp_standup'====== Args={'value': 39, 'prev_value': None, 'change': True}
2024-07-16 23:24:14,704 : INFO : EventManager : Event: ======'machine_var_audits_missing_switches_s_right_rollover_lane'====== Args={'value': 36, 'prev_value': None, 'change': True}
2024-07-16 23:24:14,704 : INFO : EventManager : Event: ======'machine_var_audits_missing_switches_s_right_sling'====== Args={'value': 372, 'prev_value': None, 'change': True}
2024-07-16 23:24:14,704 : INFO : EventManager : Event: ======'machine_var_audits_missing_switches_s_scoop'====== Args={'value': 11, 'prev_value': None, 'change': True}
2024-07-16 23:24:14,704 : INFO : EventManager : Event: ======'machine_var_audits_missing_switches_s_top_inline_drop'====== Args={'value': 55, 'prev_value': None, 'change': True}
2024-07-16 23:24:14,704 : INFO : EventManager : Event: ======'machine_var_audits_missing_switches_s_trough1'====== Args={'value': 39, 'prev_value': None, 'change': True}
2024-07-16 23:24:14,704 : INFO : EventManager : Event: ======'machine_var_audits_missing_switches_s_trough2'====== Args={'value': 48, 'prev_value': None, 'change': True}
2024-07-16 23:24:14,704 : INFO : EventManager : Event: ======'machine_var_audits_missing_switches_s_trough3'====== Args={'value': 48, 'prev_value': None, 'change': True}
2024-07-16 23:24:14,704 : INFO : EventManager : Event: ======'machine_var_audits_missing_switches_s_trough4'====== Args={'value': 376, 'prev_value': None, 'change': True}
2024-07-16 23:24:14,704 : INFO : EventManager : Event: ======'machine_var_audits_missing_switches_s_trough5'====== Args={'value': 376, 'prev_value': None, 'change': True}
2024-07-16 23:24:14,705 : INFO : EventManager : Event: ======'machine_var_audits_missing_switches_s_trough6'====== Args={'value': 376, 'prev_value': None, 'change': True}
2024-07-16 23:24:14,705 : INFO : EventManager : Event: ======'machine_var_audits_missing_switches_s_trough_jam'====== Args={'value': 309, 'prev_value': None, 'change': True}
2024-07-16 23:24:14,705 : INFO : EventManager : Event: ======'machine_var_audits_player_score'====== Args={'value': {'average': 109379, 'top': [370600, 175300, 400, 300, 250], 'total': 5}, 'prev_value': None, 'change': True}
2024-07-16 23:24:14,705 : INFO : EventManager : Event: ======'machine_var_audits_shots_a_target'====== Args={'value': 7, 'prev_value': None, 'change': True}
2024-07-16 23:24:14,705 : INFO : EventManager : Event: ======'machine_var_audits_shots_e_target'====== Args={'value': 3, 'prev_value': None, 'change': True}
2024-07-16 23:24:14,705 : INFO : EventManager : Event: ======'machine_var_audits_shots_left_rollover_lane'====== Args={'value': 157, 'prev_value': None, 'change': True}
2024-07-16 23:24:14,705 : INFO : EventManager : Event: ======'machine_var_audits_shots_middle_rollover_lane'====== Args={'value': 152, 'prev_value': None, 'change': True}
2024-07-16 23:24:14,705 : INFO : EventManager : Event: ======'machine_var_audits_shots_n_target'====== Args={'value': 9, 'prev_value': None, 'change': True}
2024-07-16 23:24:14,705 : INFO : EventManager : Event: ======'machine_var_audits_shots_o_target'====== Args={'value': 4, 'prev_value': None, 'change': True}
2024-07-16 23:24:14,705 : INFO : EventManager : Event: ======'machine_var_audits_shots_p2_target'====== Args={'value': 5, 'prev_value': None, 'change': True}
2024-07-16 23:24:14,706 : INFO : EventManager : Event: ======'machine_var_audits_shots_p_target'====== Args={'value': 8, 'prev_value': None, 'change': True}
2024-07-16 23:24:14,706 : INFO : EventManager : Event: ======'machine_var_audits_shots_qualify_o_target'====== Args={'value': 62, 'prev_value': None, 'change': True}
2024-07-16 23:24:14,706 : INFO : EventManager : Event: ======'machine_var_audits_shots_qualify_p_target'====== Args={'value': 66, 'prev_value': None, 'change': True}
2024-07-16 23:24:14,706 : INFO : EventManager : Event: ======'machine_var_audits_shots_qualify_r_target'====== Args={'value': 87, 'prev_value': None, 'change': True}
2024-07-16 23:24:14,706 : INFO : EventManager : Event: ======'machine_var_audits_shots_r_target'====== Args={'value': 14, 'prev_value': None, 'change': True}
2024-07-16 23:24:14,706 : INFO : EventManager : Event: ======'machine_var_audits_shots_right_rollover_lane'====== Args={'value': 155, 'prev_value': None, 'change': True}
2024-07-16 23:24:14,706 : INFO : EventManager : Event: ======'machine_var_audits_shots_skillshot_a_target'====== Args={'value': 48, 'prev_value': None, 'change': True}
2024-07-16 23:24:14,706 : INFO : EventManager : Event: ======'machine_var_audits_shots_skillshot_e_target'====== Args={'value': 41, 'prev_value': None, 'change': True}
2024-07-16 23:24:14,706 : INFO : EventManager : Event: ======'machine_var_audits_shots_skillshot_n_target'====== Args={'value': 32, 'prev_value': None, 'change': True}
2024-07-16 23:24:14,707 : INFO : EventManager : Event: ======'machine_var_audits_shots_skillshot_o_target'====== Args={'value': 16, 'prev_value': None, 'change': True}
2024-07-16 23:24:14,707 : INFO : EventManager : Event: ======'machine_var_audits_shots_skillshot_p2_target'====== Args={'value': 10, 'prev_value': None, 'change': True}
2024-07-16 23:24:14,707 : INFO : EventManager : Event: ======'machine_var_audits_shots_skillshot_p_target'====== Args={'value': 25, 'prev_value': None, 'change': True}
2024-07-16 23:24:14,707 : INFO : EventManager : Event: ======'machine_var_audits_shots_skillshot_r_target'====== Args={'value': 15, 'prev_value': None, 'change': True}
2024-07-16 23:24:14,707 : INFO : EventManager : Event: ======'machine_var_audits_switches_s_a_target'====== Args={'value': 95, 'prev_value': None, 'change': True}
2024-07-16 23:24:14,707 : INFO : EventManager : Event: ======'machine_var_audits_switches_s_bottom_inline_drop'====== Args={'value': 352, 'prev_value': None, 'change': True}
2024-07-16 23:24:14,707 : INFO : EventManager : Event: ======'machine_var_audits_switches_s_bottom_pop_bumper'====== Args={'value': 9, 'prev_value': None, 'change': True}
2024-07-16 23:24:14,707 : INFO : EventManager : Event: ======'machine_var_audits_switches_s_center_spinner'====== Args={'value': 3, 'prev_value': None, 'change': True}
2024-07-16 23:24:14,708 : INFO : EventManager : Event: ======'machine_var_audits_switches_s_e_target'====== Args={'value': 105, 'prev_value': None, 'change': True}
2024-07-16 23:24:14,708 : INFO : EventManager : Event: ======'machine_var_audits_switches_s_left_flipper'====== Args={'value': 197, 'prev_value': None, 'change': True}
2024-07-16 23:24:14,708 : INFO : EventManager : Event: ======'machine_var_audits_switches_s_left_inlane'====== Args={'value': 10, 'prev_value': None, 'change': True}
2024-07-16 23:24:14,708 : INFO : EventManager : Event: ======'machine_var_audits_switches_s_left_inner_horseshoe'====== Args={'value': 15, 'prev_value': None, 'change': True}
2024-07-16 23:24:14,708 : INFO : EventManager : Event: ======'machine_var_audits_switches_s_left_orbit_enter'====== Args={'value': 21, 'prev_value': None, 'change': True}
2024-07-16 23:24:14,708 : INFO : EventManager : Event: ======'machine_var_audits_switches_s_left_orbit_exit'====== Args={'value': 13, 'prev_value': None, 'change': True}
2024-07-16 23:24:14,709 : INFO : EventManager : Event: ======'machine_var_audits_switches_s_left_outlane'====== Args={'value': 25, 'prev_value': None, 'change': True}
2024-07-16 23:24:14,709 : INFO : EventManager : Event: ======'machine_var_audits_switches_s_left_pop_bumper'====== Args={'value': 4, 'prev_value': None, 'change': True}
2024-07-16 23:24:14,709 : INFO : EventManager : Event: ======'machine_var_audits_switches_s_left_ramp_enter'====== Args={'value': 18, 'prev_value': None, 'change': True}
2024-07-16 23:24:14,709 : INFO : EventManager : Event: ======'machine_var_audits_switches_s_left_ramp_exit'====== Args={'value': 3, 'prev_value': None, 'change': True}
2024-07-16 23:24:14,709 : INFO : EventManager : Event: ======'machine_var_audits_switches_s_left_ramp_standup'====== Args={'value': 633, 'prev_value': None, 'change': True}
2024-07-16 23:24:14,709 : INFO : EventManager : Event: ======'machine_var_audits_switches_s_left_rollover_lane'====== Args={'value': 162, 'prev_value': None, 'change': True}
2024-07-16 23:24:14,709 : INFO : EventManager : Event: ======'machine_var_audits_switches_s_left_sling'====== Args={'value': 12, 'prev_value': None, 'change': True}
2024-07-16 23:24:14,710 : INFO : EventManager : Event: ======'machine_var_audits_switches_s_left_spinner'====== Args={'value': 105, 'prev_value': None, 'change': True}
2024-07-16 23:24:14,710 : INFO : EventManager : Event: ======'machine_var_audits_switches_s_middle_inline_drop'====== Args={'value': 342, 'prev_value': None, 'change': True}
2024-07-16 23:24:14,710 : INFO : EventManager : Event: ======'machine_var_audits_switches_s_middle_rollover_lane'====== Args={'value': 155, 'prev_value': None, 'change': True}
2024-07-16 23:24:14,710 : INFO : EventManager : Event: ======'machine_var_audits_switches_s_n_target'====== Args={'value': 91, 'prev_value': None, 'change': True}
2024-07-16 23:24:14,710 : INFO : EventManager : Event: ======'machine_var_audits_switches_s_o_target'====== Args={'value': 109, 'prev_value': None, 'change': True}
2024-07-16 23:24:14,710 : INFO : EventManager : Event: ======'machine_var_audits_switches_s_p2_target'====== Args={'value': 35, 'prev_value': None, 'change': True}
2024-07-16 23:24:14,710 : INFO : EventManager : Event: ======'machine_var_audits_switches_s_p_target'====== Args={'value': 287, 'prev_value': None, 'change': True}
2024-07-16 23:24:14,711 : INFO : EventManager : Event: ======'machine_var_audits_switches_s_plunger'====== Args={'value': 507, 'prev_value': None, 'change': True}
2024-07-16 23:24:14,711 : INFO : EventManager : Event: ======'machine_var_audits_switches_s_plunger_lane'====== Args={'value': 39, 'prev_value': None, 'change': True}
2024-07-16 23:24:14,711 : INFO : EventManager : Event: ======'machine_var_audits_switches_s_plunger_lane_exit'====== Args={'value': 304, 'prev_value': None, 'change': True}
2024-07-16 23:24:14,711 : INFO : EventManager : Event: ======'machine_var_audits_switches_s_r_target'====== Args={'value': 127, 'prev_value': None, 'change': True}
2024-07-16 23:24:14,711 : INFO : EventManager : Event: ======'machine_var_audits_switches_s_right_flipper'====== Args={'value': 437, 'prev_value': None, 'change': True}
2024-07-16 23:24:14,711 : INFO : EventManager : Event: ======'machine_var_audits_switches_s_right_inlane'====== Args={'value': 9, 'prev_value': None, 'change': True}
2024-07-16 23:24:14,711 : INFO : EventManager : Event: ======'machine_var_audits_switches_s_right_inner_horseshoe'====== Args={'value': 8, 'prev_value': None, 'change': True}
2024-07-16 23:24:14,712 : INFO : EventManager : Event: ======'machine_var_audits_switches_s_right_orbit_exit'====== Args={'value': 33, 'prev_value': None, 'change': True}
2024-07-16 23:24:14,712 : INFO : EventManager : Event: ======'machine_var_audits_switches_s_right_outlane'====== Args={'value': 8, 'prev_value': None, 'change': True}
2024-07-16 23:24:14,712 : INFO : EventManager : Event: ======'machine_var_audits_switches_s_right_pop_bumper'====== Args={'value': 16, 'prev_value': None, 'change': True}
2024-07-16 23:24:14,712 : INFO : EventManager : Event: ======'machine_var_audits_switches_s_right_ramp_enter'====== Args={'value': 1, 'prev_value': None, 'change': True}
2024-07-16 23:24:14,712 : INFO : EventManager : Event: ======'machine_var_audits_switches_s_right_ramp_exit'====== Args={'value': 1, 'prev_value': None, 'change': True}
2024-07-16 23:24:14,712 : INFO : EventManager : Event: ======'machine_var_audits_switches_s_right_ramp_standup'====== Args={'value': 184, 'prev_value': None, 'change': True}
2024-07-16 23:24:14,713 : INFO : EventManager : Event: ======'machine_var_audits_switches_s_right_rollover_lane'====== Args={'value': 169, 'prev_value': None, 'change': True}
2024-07-16 23:24:14,713 : INFO : EventManager : Event: ======'machine_var_audits_switches_s_right_sling'====== Args={'value': 1, 'prev_value': None, 'change': True}
2024-07-16 23:24:14,713 : INFO : EventManager : Event: ======'machine_var_audits_switches_s_scoop'====== Args={'value': 84, 'prev_value': None, 'change': True}
2024-07-16 23:24:14,713 : INFO : EventManager : Event: ======'machine_var_audits_switches_s_start'====== Args={'value': 294, 'prev_value': None, 'change': True}
2024-07-16 23:24:14,713 : INFO : EventManager : Event: ======'machine_var_audits_switches_s_top_inline_drop'====== Args={'value': 36, 'prev_value': None, 'change': True}
2024-07-16 23:24:14,713 : INFO : EventManager : Event: ======'machine_var_audits_switches_s_trough1'====== Args={'value': 324, 'prev_value': None, 'change': True}
2024-07-16 23:24:14,714 : INFO : EventManager : Event: ======'machine_var_audits_switches_s_trough2'====== Args={'value': 25, 'prev_value': None, 'change': True}
2024-07-16 23:24:14,714 : INFO : EventManager : Event: ======'machine_var_audits_switches_s_trough3'====== Args={'value': 5, 'prev_value': None, 'change': True}
2024-07-16 23:24:14,714 : INFO : EventManager : Event: ======'machine_var_audits_switches_s_trough4'====== Args={'value': 2, 'prev_value': None, 'change': True}
2024-07-16 23:24:14,714 : INFO : EventManager : Event: ======'machine_var_audits_switches_s_trough5'====== Args={'value': 2, 'prev_value': None, 'change': True}
2024-07-16 23:24:14,714 : INFO : EventManager : Event: ======'machine_var_audits_switches_s_trough6'====== Args={'value': 1, 'prev_value': None, 'change': True}
2024-07-16 23:24:14,715 : INFO : EventManager : Event: ======'machine_var_audits_switches_s_trough_jam'====== Args={'value': 5, 'prev_value': None, 'change': True}
2024-07-16 23:24:14,715 : INFO : EventManager : Event: ======'init_phase_5'====== Args={}
2024-07-16 23:24:14,717 : INFO : EventManager : Event: ======'init_done'====== Args={}
2024-07-16 23:24:14,718 : INFO : EventManager : Event: ======'machine_reset_phase_1'====== Args={}
2024-07-16 23:24:14,728 : INFO : EventManager : Event: ======'machine_reset_phase_2'====== Args={}
2024-07-16 23:24:14,728 : INFO : EventManager : Event: ======'machine_reset_phase_3'====== Args={}
2024-07-16 23:24:14,728 : INFO : drop_target_bank.strickland_bank : All targets are already up. Will not reset bank.
2024-07-16 23:24:14,728 : INFO : EventManager : Event: ======'reset_complete'====== Args={}
2024-07-16 23:24:14,728 : INFO : EventManager : Event: ======'mode_attract_will_start'====== Args={}
2024-07-16 23:24:14,729 : INFO : Timer.attract_switch : Starting Timer.
2024-07-16 23:24:14,729 : INFO : EventManager : Event: ======'timer_attract_switch_started'====== Args={'ticks': 0, 'ticks_remaining': 45}
2024-07-16 23:24:14,729 : INFO : EventManager : Event: ======'timer_attract_switch_tick'====== Args={'ticks': 0, 'ticks_remaining': 45}
2024-07-16 23:24:14,729 : INFO : EventManager : Event: ======'mode_attract_starting'====== Args={}
2024-07-16 23:24:14,729 : INFO : Mode.attract : Started. Priority: 10
2024-07-16 23:24:14,729 : INFO : EventManager : Event: ======'modes_active_modes_changed'====== Args={}
2024-07-16 23:24:14,729 : INFO : EventManager : Event: ======'mode_attract_started'====== Args={}
2024-07-16 23:24:14,729 : INFO : EventManager : Event: ======'collecting_balls_complete'====== Args={}
2024-07-16 23:24:14,730 : INFO : Machine : Starting the main run loop.
2024-07-16 23:24:14,770 : INFO : BcpServer : New client connected.
2024-07-16 23:24:15,730 : INFO : EventManager : Event: ======'timer_attract_switch_tick'====== Args={'ticks': 1, 'ticks_remaining': 44}
2024-07-16 23:24:15,750 : INFO : EventManager : Event: ======'slide__removed'====== Args={'_from_bcp': True}
2024-07-16 23:24:15,769 : INFO : EventManager : Event: ======'slide_dtp_logo_attract_created'====== Args={'_from_bcp': True}
2024-07-16 23:24:15,770 : INFO : EventManager : Event: ======'slide_dtp_logo_attract_active'====== Args={'original_context': 'attract', 'original_calling_context': 'timer_attract_switch_tick{ticks==1}', 'cmd': 'slides_play', '_from_bcp': True}
2024-07-16 23:24:15,777 : INFO : SwitchController : <<<<<<< 's_start' active >>>>>>>
2024-07-16 23:24:15,934 : INFO : SwitchController : <<<<<<< 's_start' inactive >>>>>>>
2024-07-16 23:24:15,934 : INFO : EventManager : Event: ======'request_to_start_game'====== Args={}
2024-07-16 23:24:15,934 : INFO : EventManager : Event: ======'game_start'====== Args={'buttons': [], 'hold_time': 0.15684687500000005}
2024-07-16 23:24:15,935 : INFO : EventManager : Event: ======'mode_game_will_start'====== Args={'buttons': [], 'hold_time': 0.15684687500000005}
2024-07-16 23:24:15,935 : INFO : EventManager : Event: ======'mode_game_starting'====== Args={'buttons': [], 'hold_time': 0.15684687500000005}
2024-07-16 23:24:15,935 : INFO : EventManager : Event: ======'mode_attract_will_stop'====== Args={}
2024-07-16 23:24:15,935 : INFO : EventManager : Event: ======'mode_attract_stopping'====== Args={}
2024-07-16 23:24:15,936 : INFO : Mode.attract : Stopped.
2024-07-16 23:24:15,936 : INFO : EventManager : Event: ======'modes_active_modes_changed'====== Args={}
2024-07-16 23:24:15,936 : INFO : EventManager : Event: ======'mode_attract_stopped'====== Args={}
2024-07-16 23:24:15,936 : INFO : EventManager : Event: ======'clear'====== Args={'key': 'attract'}
2024-07-16 23:24:15,936 : INFO : Timer.attract_switch : Stopping Timer
2024-07-16 23:24:15,936 : INFO : EventManager : Event: ======'timer_attract_switch_stopped'====== Args={'ticks': 1, 'ticks_remaining': 44}
2024-07-16 23:24:15,937 : INFO : Mode.game : Started. Priority: 20
2024-07-16 23:24:15,937 : INFO : EventManager : Event: ======'modes_active_modes_changed'====== Args={}
2024-07-16 23:24:15,937 : INFO : EventManager : Event: ======'mode_game_started'====== Args={'buttons': [], 'hold_time': 0.15684687500000005}
2024-07-16 23:24:15,938 : INFO : EventManager : Event: ======'game_will_start'====== Args={}
2024-07-16 23:24:15,938 : INFO : EventManager : Event: ======'game_starting'====== Args={'game': <Mode.game>}
2024-07-16 23:24:15,938 : INFO : EventManager : Unordered handler for class <Auditor> on event game_ended with priority 1. Handlers: [RegisteredHandler(callback=<bound method Auditor.disable of <Auditor>>, priority=1, kwargs={}, key=UUID('236043ae-b4a1-449d-a04b-c7e8f34600e3'), condition=None, blocking_facility=None), RegisteredHandler(callback=<bound method Auditor._save_audits of <Auditor>>, priority=1, kwargs={}, key=UUID('7b205317-b83f-405d-b8d9-8085c9f0582f'), condition=None, blocking_facility=None)]. The order of those handlers is not defined and they will be executed in random order. This might lead to race conditions and potential bugs.
2024-07-16 23:24:15,939 : INFO : EventManager : Event: ======'player_add_request'====== Args={}
2024-07-16 23:24:15,939 : INFO : EventManager : Event: ======'player_will_add'====== Args={'number': 1}
2024-07-16 23:24:15,939 : INFO : EventManager : Event: ======'player_adding'====== Args={'player': <Player 1>, 'number': 1}
2024-07-16 23:24:15,939 : INFO : EventManager : Event: ======'player_added'====== Args={'player': <Player 1>, 'num': 1}
2024-07-16 23:24:15,939 : INFO : Mode.game : Player added successfully. Total players: 1
2024-07-16 23:24:15,940 : INFO : EventManager : Event: ======'player_index'====== Args={'value': 0, 'prev_value': 0, 'change': 0, 'player_num': 1}
2024-07-16 23:24:15,940 : INFO : EventManager : Event: ======'player_number'====== Args={'value': 1, 'prev_value': 1, 'change': 0, 'player_num': 1}
2024-07-16 23:24:15,940 : INFO : EventManager : Event: ======'player_score'====== Args={'value': 0, 'prev_value': 0, 'change': 0, 'player_num': 1}
2024-07-16 23:24:15,940 : INFO : EventManager : Event: ======'game_started'====== Args={}
2024-07-16 23:24:15,941 : INFO : EventManager : Event: ======'player_turn_will_start'====== Args={'player': <Player 1>, 'number': 1}
2024-07-16 23:24:15,941 : INFO : EventManager : Event: ======'player_turn_starting'====== Args={'player': <Player 1>, 'number': 1}
2024-07-16 23:24:15,941 : INFO : EventManager : Event: ======'player_ball'====== Args={'value': 1, 'prev_value': 0, 'change': 1, 'player_num': 1}
2024-07-16 23:24:15,942 : INFO : EventManager : Event: ======'player_turn_started'====== Args={'player': <Player 1>, 'number': 1}
2024-07-16 23:24:15,942 : INFO : EventManager : Event: ======'ball_will_start'====== Args={'player': 1, 'ball': 1, 'balls_remaining': 2, 'is_extra_ball': False}
2024-07-16 23:24:15,947 : INFO : EventManager : Event: ======'ball_starting'====== Args={'player': 1, 'ball': 1, 'balls_remaining': 2, 'is_extra_ball': False}
2024-07-16 23:24:15,951 : INFO : EventManager : Event: ======'mode_skillshot_will_start'====== Args={'queue': <QueuedEvent>, 'player': 1, 'ball': 1, 'balls_remaining': 2, 'is_extra_ball': False}
2024-07-16 23:24:15,951 : INFO : EventManager : Event: ======'skillshot_complete'====== Args={'state': 'None'}
2024-07-16 23:24:15,951 : INFO : EventManager : Event: ======'skillshot_None_complete'====== Args={}
2024-07-16 23:24:15,952 : INFO : EventManager : Event: ======'player_shot_skillshot_p_target_enabled'====== Args={'value': True, 'prev_value': 0, 'change': 1, 'player_num': 1}
2024-07-16 23:24:15,952 : INFO : EventManager : Event: ======'player_shot_skillshot_r_target_enabled'====== Args={'value': True, 'prev_value': 0, 'change': 1, 'player_num': 1}
2024-07-16 23:24:15,952 : INFO : EventManager : Event: ======'player_shot_skillshot_o_target_enabled'====== Args={'value': True, 'prev_value': 0, 'change': 1, 'player_num': 1}
2024-07-16 23:24:15,952 : INFO : EventManager : Event: ======'player_shot_skillshot_p2_target_enabled'====== Args={'value': True, 'prev_value': 0, 'change': 1, 'player_num': 1}
2024-07-16 23:24:15,953 : INFO : EventManager : Event: ======'player_shot_skillshot_a_target_enabled'====== Args={'value': True, 'prev_value': 0, 'change': 1, 'player_num': 1}
2024-07-16 23:24:15,953 : INFO : EventManager : Event: ======'player_shot_skillshot_n_target_enabled'====== Args={'value': True, 'prev_value': 0, 'change': 1, 'player_num': 1}
2024-07-16 23:24:15,953 : INFO : EventManager : Event: ======'player_shot_skillshot_e_target_enabled'====== Args={'value': True, 'prev_value': 0, 'change': 1, 'player_num': 1}
2024-07-16 23:24:15,953 : INFO : EventManager : Event: ======'player_skillshot_skillshot_rotate_tick'====== Args={'value': 0, 'prev_value': 0, 'change': 0, 'player_num': 1}
2024-07-16 23:24:15,954 : INFO : Timer.skillshot_rotate : Starting Timer.
2024-07-16 23:24:15,954 : INFO : EventManager : Event: ======'timer_skillshot_rotate_started'====== Args={'ticks': 0, 'ticks_remaining': 0}
2024-07-16 23:24:15,954 : INFO : EventManager : Event: ======'timer_skillshot_rotate_tick'====== Args={'ticks': 0, 'ticks_remaining': 0}
2024-07-16 23:24:15,955 : INFO : EventManager : Event: ======'mode_skillshot_starting'====== Args={'queue': <QueuedEvent>, 'player': 1, 'ball': 1, 'balls_remaining': 2, 'is_extra_ball': False}
2024-07-16 23:24:15,955 : INFO : drop_target_bank.strickland_bank : All targets are already up. Will not reset bank.
2024-07-16 23:24:15,955 : INFO : EventManager : Event: ======'cmd_flippers_enable'====== Args={'priority': 0}
2024-07-16 23:24:15,955 : INFO : EventManager : Event: ======'cmd_autofire_coils_enable'====== Args={'priority': 0}
2024-07-16 23:24:15,955 : INFO : EventManager : Event: ======'cmd_drop_targets_reset'====== Args={'priority': 0}
2024-07-16 23:24:15,955 : INFO : Mode.skillshot : Started. Priority: 200
2024-07-16 23:24:15,955 : INFO : EventManager : Event: ======'modes_active_modes_changed'====== Args={}
2024-07-16 23:24:15,955 : INFO : EventManager : Event: ======'mode_skillshot_started'====== Args={'queue': <QueuedEvent>, 'player': 1, 'ball': 1, 'balls_remaining': 2, 'is_extra_ball': False}
2024-07-16 23:24:15,956 : INFO : EventManager : Event: ======'player_shot_skillshot_p_target'====== Args={'value': 1, 'prev_value': 0, 'change': 1, 'player_num': 1}
2024-07-16 23:24:15,957 : INFO : EventManager : Event: ======'balls_in_play'====== Args={'balls': 1}
2024-07-16 23:24:15,957 : INFO : EventManager : Event: ======'ball_started'====== Args={'player': 1, 'ball': 1, 'balls_remaining': 2, 'is_extra_ball': False}
2024-07-16 23:24:15,957 : INFO : EventManager : Event: ======'mode_BBQ_rollover_will_start'====== Args={'player': 1, 'ball': 1, 'balls_remaining': 2, 'is_extra_ball': False}
2024-07-16 23:24:15,957 : INFO : EventManager : Event: ======'player_shot_left_rollover_lane_enabled'====== Args={'value': True, 'prev_value': 0, 'change': 1, 'player_num': 1}
2024-07-16 23:24:15,958 : INFO : EventManager : Event: ======'player_shot_middle_rollover_lane_enabled'====== Args={'value': True, 'prev_value': 0, 'change': 1, 'player_num': 1}
2024-07-16 23:24:15,958 : INFO : EventManager : Event: ======'player_shot_right_rollover_lane_enabled'====== Args={'value': True, 'prev_value': 0, 'change': 1, 'player_num': 1}
2024-07-16 23:24:15,958 : INFO : EventManager : Event: ======'BBQ_lanes_complete'====== Args={'state': 'unlit'}
2024-07-16 23:24:15,958 : INFO : EventManager : Event: ======'BBQ_lanes_unlit_complete'====== Args={}
2024-07-16 23:24:15,959 : INFO : EventManager : Event: ======'mode_BBQ_rollover_starting'====== Args={'player': 1, 'ball': 1, 'balls_remaining': 2, 'is_extra_ball': False}
2024-07-16 23:24:15,959 : INFO : EventManager : Event: ======'mode_base_will_start'====== Args={'player': 1, 'ball': 1, 'balls_remaining': 2, 'is_extra_ball': False}
2024-07-16 23:24:15,959 : INFO : EventManager : Event: ======'player_extra_ball_score_one_num_awarded'====== Args={'value': 0, 'prev_value': 0, 'change': 0, 'player_num': 1}
2024-07-16 23:24:15,960 : INFO : EventManager : Event: ======'player_extra_ball_score_two_num_awarded'====== Args={'value': 0, 'prev_value': 0, 'change': 0, 'player_num': 1}
2024-07-16 23:24:15,960 : INFO : EventManager : Event: ======'player_shot_qualify_p_target_enabled'====== Args={'value': True, 'prev_value': 0, 'change': 1, 'player_num': 1}
2024-07-16 23:24:15,960 : INFO : EventManager : Event: ======'player_shot_qualify_r_target_enabled'====== Args={'value': True, 'prev_value': 0, 'change': 1, 'player_num': 1}
2024-07-16 23:24:15,960 : INFO : EventManager : Event: ======'player_shot_qualify_o_target_enabled'====== Args={'value': True, 'prev_value': 0, 'change': 1, 'player_num': 1}
2024-07-16 23:24:15,960 : INFO : EventManager : Event: ======'qualify_mission_complete'====== Args={'state': 'unlit'}
2024-07-16 23:24:15,960 : INFO : EventManager : Event: ======'qualify_mission_unlit_complete'====== Args={}
2024-07-16 23:24:15,962 : INFO : EventManager : Event: ======'mode_base_starting'====== Args={'player': 1, 'ball': 1, 'balls_remaining': 2, 'is_extra_ball': False}
2024-07-16 23:24:15,962 : INFO : Mode.base : Started. Priority: 100
2024-07-16 23:24:15,962 : INFO : EventManager : Event: ======'modes_active_modes_changed'====== Args={}
2024-07-16 23:24:15,962 : INFO : EventManager : Event: ======'mode_base_started'====== Args={'player': 1, 'ball': 1, 'balls_remaining': 2, 'is_extra_ball': False}
2024-07-16 23:24:15,963 : INFO : EventManager : Event: ======'ball_save_default_enabled'====== Args={}
2024-07-16 23:24:15,963 : INFO : EventManager : Event: ======'logicblock_lb_BBQ_complete_count_updated'====== Args={'value': 1, 'enabled': True}
2024-07-16 23:24:15,963 : INFO : EventManager : Event: ======'logicblock_lb_BBQ_complete_count_updated'====== Args={'value': 1, 'enabled': True}
2024-07-16 23:24:15,964 : INFO : Mode.BBQ_rollover : Started. Priority: 200
2024-07-16 23:24:15,964 : INFO : EventManager : Event: ======'modes_active_modes_changed'====== Args={}
2024-07-16 23:24:15,964 : INFO : EventManager : Event: ======'mode_BBQ_rollover_started'====== Args={'player': 1, 'ball': 1, 'balls_remaining': 2, 'is_extra_ball': False}
2024-07-16 23:24:15,964 : INFO : EventManager : Event: ======'player_bonus_multiplier'====== Args={'value': 1, 'prev_value': 0, 'change': 1, 'player_num': 1, 'source': 'BBQ_rollover'}
2024-07-16 23:24:15,964 : INFO : EventManager : Event: ======'single_player_ball_started'====== Args={}
2024-07-16 23:24:15,964 : INFO : EventManager : Event: ======'ball_start_target'====== Args={'target': 'playfield'}
2024-07-16 23:24:15,964 : INFO : ball_device.bd_plunger : Setting up player-controlled eject. Balls: 1, Target: <playfield.playfield>, player_controlled_eject_event: None
2024-07-16 23:24:15,964 : INFO : EventManager : Event: ======'balldevice_balls_available'====== Args={}
2024-07-16 23:24:15,965 : INFO : ball_device.bd_trough : State: waiting_for_target_ready
2024-07-16 23:24:15,965 : INFO : EventManager : Event: ======'balldevice_bd_trough_ball_eject_attempt'====== Args={'balls': 1, 'target': <ball_device.bd_plunger>, 'source': <ball_device.bd_trough>, 'mechanical_eject': True, 'num_attempts': 0}
2024-07-16 23:24:15,965 : INFO : ball_device.bd_plunger : State: waiting_for_ball
2024-07-16 23:24:15,965 : INFO : ball_device.bd_trough : State: ejecting
2024-07-16 23:24:15,965 : INFO : ball_device.bd_trough : Ejecting ball to <ball_device.bd_plunger>
2024-07-16 23:24:15,965 : INFO : EventManager : Event: ======'balldevice_bd_trough_ejecting_ball'====== Args={'balls': 1, 'target': <ball_device.bd_plunger>, 'source': <ball_device.bd_trough>, 'mechanical_eject': True, 'num_attempts': 0}
2024-07-16 23:24:15,966 : INFO : ball_device.bd_trough : Wait for ball to leave device
2024-07-16 23:24:15,966 : INFO : coil.c_trough_eject : Pulsing Driver for 20ms (1.0 pulse_power)
2024-07-16 23:24:15,966 : INFO : SwitchController : <<<<<<< 's_trough1' inactive >>>>>>>
2024-07-16 23:24:15,966 : INFO : ball_device.bd_trough : State: ball_left
2024-07-16 23:24:15,966 : INFO : ball_device.bd_trough : Ball left
2024-07-16 23:24:15,966 : INFO : ball_device.bd_trough : Wait for confirm with timeout 3.0
2024-07-16 23:24:15,973 : INFO : EventManager : Event: ======'slide_skillshot_created'====== Args={'_from_bcp': True}
2024-07-16 23:24:15,973 : INFO : EventManager : Event: ======'slide_dtp_logo_attract_inactive'====== Args={'_from_bcp': True}
2024-07-16 23:24:15,974 : INFO : EventManager : Event: ======'slide_skillshot_active'====== Args={'original_context': 'skillshot', 'original_calling_context': 'mode_skillshot_started', 'queue': '<QueuedEvent>', 'cmd': 'slides_play', '_from_bcp': True}
2024-07-16 23:24:15,974 : INFO : EventManager : Event: ======'slide_dtp_logo_attract_removed'====== Args={'_from_bcp': True}
2024-07-16 23:24:15,986 : INFO : EventManager : Event: ======'slide_base_created'====== Args={'_from_bcp': True}
2024-07-16 23:24:16,067 : INFO : SwitchController : <<<<<<< 's_plunger' active >>>>>>>
2024-07-16 23:24:16,067 : INFO : EventManager : Event: ======'machine_var_audits_switches_s_plunger'====== Args={'value': 508, 'prev_value': 507, 'change': 1}
2024-07-16 23:24:16,384 : WARNING : SwitchController : Received duplicate switch state 1 for switch s_plunger from the platform interface. Log Code: Log-SwitchController-1 (https://missionpinball.org/logs)
2024-07-16 23:24:16,518 : INFO : SwitchController : <<<<<<< 's_plunger' inactive >>>>>>>
2024-07-16 23:24:16,955 : INFO : EventManager : Event: ======'player_skillshot_skillshot_rotate_tick'====== Args={'value': 1, 'prev_value': 0, 'change': 1, 'player_num': 1}
2024-07-16 23:24:16,956 : INFO : EventManager : Event: ======'timer_skillshot_rotate_tick'====== Args={'ticks': 1, 'ticks_remaining': 0}
2024-07-16 23:24:16,956 : INFO : EventManager : Event: ======'player_shot_skillshot_p_target'====== Args={'value': 0, 'prev_value': 1, 'change': -1, 'player_num': 1}
2024-07-16 23:24:16,957 : INFO : EventManager : Event: ======'player_shot_skillshot_r_target'====== Args={'value': 1, 'prev_value': 0, 'change': 1, 'player_num': 1}
2024-07-16 23:24:17,955 : INFO : EventManager : Event: ======'player_skillshot_skillshot_rotate_tick'====== Args={'value': 2, 'prev_value': 1, 'change': 1, 'player_num': 1}
2024-07-16 23:24:17,956 : INFO : EventManager : Event: ======'timer_skillshot_rotate_tick'====== Args={'ticks': 2, 'ticks_remaining': 0}
2024-07-16 23:24:17,956 : INFO : EventManager : Event: ======'player_shot_skillshot_r_target'====== Args={'value': 0, 'prev_value': 1, 'change': -1, 'player_num': 1}
2024-07-16 23:24:17,958 : INFO : EventManager : Event: ======'player_shot_skillshot_o_target'====== Args={'value': 1, 'prev_value': 0, 'change': 1, 'player_num': 1}
2024-07-16 23:24:18,238 : INFO : SwitchController : <<<<<<< 's_plunger_lane_exit' active >>>>>>>
2024-07-16 23:24:18,239 : INFO : EventManager : Event: ======'s_plunger_lane_exit_active'====== Args={}
2024-07-16 23:24:18,239 : INFO : EventManager : Event: ======'sw_playfield_active'====== Args={}
2024-07-16 23:24:18,239 : INFO : EventManager : Event: ======'machine_var_audits_switches_s_plunger_lane_exit'====== Args={'value': 305, 'prev_value': 304, 'change': 1}
2024-07-16 23:24:18,240 : INFO : EventManager : Event: ======'ball_save_default_timer_start'====== Args={}
2024-07-16 23:24:18,241 : INFO : EventManager : Event: ======'playfield_active'====== Args={}
2024-07-16 23:24:18,241 : INFO : EventManager : Event: ======'unexpected_ball_on_playfield'====== Args={}
2024-07-16 23:24:18,335 : INFO : SwitchController : <<<<<<< 's_plunger_lane_exit' inactive >>>>>>>
2024-07-16 23:24:18,335 : INFO : EventManager : Event: ======'s_plunger_lane_exit_inactive'====== Args={}
2024-07-16 23:24:18,335 : INFO : Timer.skillshot_rotate : Stopping Timer
2024-07-16 23:24:18,335 : INFO : EventManager : Event: ======'timer_skillshot_rotate_stopped'====== Args={'ticks': 2, 'ticks_remaining': 0}
2024-07-16 23:24:18,336 : INFO : EventManager : Event: ======'advance_skillshot_3'====== Args={'priority': 0}
2024-07-16 23:24:18,336 : INFO : EventManager : Event: ======'player_shot_skillshot_o_target'====== Args={'value': 2, 'prev_value': 1, 'change': 1, 'player_num': 1}
2024-07-16 23:24:18,968 : INFO : ball_device.bd_trough : State: failed_confirm
2024-07-16 23:24:18,969 : INFO : ball_device.bd_trough : Got timeout (3.0s) before confirm from <ball_device.bd_plunger>
2024-07-16 23:24:18,970 : INFO : ball_device.bd_plunger : Expecting incoming ball which may skip the device.
2024-07-16 23:24:18,970 : INFO : EventManager : Event: ======'balldevice_bd_plunger_ejecting_ball'====== Args={'balls': 1, 'target': <playfield.playfield>, 'source': <ball_device.bd_plunger>, 'mechanical_eject': False, 'num_attempts': 1}
2024-07-16 23:24:21,973 : INFO : ball_device.bd_plunger : Got confirm for skipping ball.
2024-07-16 23:24:21,973 : INFO : ball_device.bd_plunger : Eject successful
2024-07-16 23:24:21,973 : INFO : EventManager : Event: ======'balldevice_bd_plunger_ball_eject_success'====== Args={'balls': 1, 'target': <playfield.playfield>}
2024-07-16 23:24:21,974 : INFO : EventManager : Event: ======'balldevice_playfield_ball_enter'====== Args={'new_balls': 1, 'unclaimed_balls': 1, 'device': <playfield.playfield>}
2024-07-16 23:24:21,975 : INFO : EventManager : Event: ======'playfield_ball_count_change'====== Args={'balls': 1, 'change': 1}
2024-07-16 23:24:21,976 : INFO : ball_device.bd_plunger : State: idle
2024-07-16 23:24:21,977 : INFO : ball_device.bd_trough : Eject successful
2024-07-16 23:24:21,977 : INFO : EventManager : Event: ======'balldevice_bd_trough_ball_eject_success'====== Args={'balls': 1, 'target': <ball_device.bd_plunger>}
2024-07-16 23:24:21,978 : INFO : EventManager : Event: ======'balldevice_bd_trough_ball_count_changed'====== Args={'balls': 5}
2024-07-16 23:24:21,978 : INFO : ball_device.bd_trough : State: idle
2024-07-16 23:24:22,057 : INFO : SwitchController : <<<<<<< 's_o_target' active >>>>>>>
2024-07-16 23:24:22,057 : INFO : EventManager : Event: ======'s_o_target_active'====== Args={}
2024-07-16 23:24:22,057 : INFO : EventManager : Event: ======'machine_var_audits_switches_s_o_target'====== Args={'value': 110, 'prev_value': 109, 'change': 1}
2024-07-16 23:24:22,058 : INFO : EventManager : Event: ======'machine_var_audits_shots_skillshot_o_target'====== Args={'value': 17, 'prev_value': 16, 'change': 1}
2024-07-16 23:24:22,058 : INFO : EventManager : Event: ======'skillshot_o_target_hit'====== Args={'profile': 'skillshot_profile', 'state': 'lit', 'advancing': False}
2024-07-16 23:24:22,058 : INFO : EventManager : Event: ======'skillshot_o_target_skillshot_profile_hit'====== Args={'profile': 'skillshot_profile', 'state': 'lit', 'advancing': False}
2024-07-16 23:24:22,058 : INFO : EventManager : Event: ======'skillshot_o_target_skillshot_profile_lit_hit'====== Args={'profile': 'skillshot_profile', 'state': 'lit', 'advancing': False}
2024-07-16 23:24:22,058 : INFO : EventManager : Event: ======'skillshot_o_target_lit_hit'====== Args={'profile': 'skillshot_profile', 'state': 'lit', 'advancing': False}
2024-07-16 23:24:22,058 : INFO : EventManager : Event: ======'player_shot_qualify_o_target'====== Args={'value': 1, 'prev_value': 0, 'change': 1, 'player_num': 1}
2024-07-16 23:24:22,058 : INFO : EventManager : Event: ======'machine_var_audits_shots_qualify_o_target'====== Args={'value': 63, 'prev_value': 62, 'change': 1}
2024-07-16 23:24:22,059 : INFO : EventManager : Event: ======'qualify_o_target_hit'====== Args={'profile': 'default', 'state': 'unlit', 'advancing': True}
2024-07-16 23:24:22,059 : INFO : EventManager : Event: ======'qualify_o_target_default_hit'====== Args={'profile': 'default', 'state': 'unlit', 'advancing': True}
2024-07-16 23:24:22,059 : INFO : EventManager : Event: ======'qualify_o_target_default_unlit_hit'====== Args={'profile': 'default', 'state': 'unlit', 'advancing': True}
2024-07-16 23:24:22,059 : INFO : EventManager : Event: ======'qualify_o_target_unlit_hit'====== Args={'profile': 'default', 'state': 'unlit', 'advancing': True}
2024-07-16 23:24:22,059 : INFO : EventManager : Event: ======'player_score'====== Args={'value': 50, 'prev_value': 0, 'change': 50, 'player_num': 1, 'source': 'base'}
2024-07-16 23:24:22,059 : INFO : EventManager : Event: ======'skillshot_hit'====== Args={'shot': 'skillshot_o_target'}
2024-07-16 23:24:22,059 : INFO : EventManager : Event: ======'skillshot_lit_hit'====== Args={'shot': 'skillshot_o_target'}
2024-07-16 23:24:22,059 : INFO : EventManager : Event: ======'stop_mode_skillshot'====== Args={'priority': 0}
2024-07-16 23:24:22,059 : INFO : EventManager : Event: ======'mode_skillshot_will_stop'====== Args={}
2024-07-16 23:24:22,059 : INFO : EventManager : Event: ======'mode_skillshot_stopping'====== Args={}
2024-07-16 23:24:22,059 : INFO : EventManager : Event: ======'player_score'====== Args={'value': 20050, 'prev_value': 50, 'change': 20000, 'player_num': 1, 'source': 'skillshot'}
2024-07-16 23:24:22,064 : INFO : EventManager : Event: ======'qualify_mission_hit'====== Args={'shot': 'qualify_o_target'}
2024-07-16 23:24:22,064 : INFO : EventManager : Event: ======'qualify_mission_unlit_hit'====== Args={'shot': 'qualify_o_target'}
2024-07-16 23:24:22,064 : INFO : Mode.skillshot : Stopped.
2024-07-16 23:24:22,064 : INFO : EventManager : Event: ======'modes_active_modes_changed'====== Args={}
2024-07-16 23:24:22,065 : INFO : EventManager : Event: ======'mode_skillshot_stopped'====== Args={}
2024-07-16 23:24:22,065 : INFO : EventManager : Event: ======'clear'====== Args={'key': 'skillshot'}
2024-07-16 23:24:22,065 : INFO : Timer.skillshot_rotate : Stopping Timer
2024-07-16 23:24:22,065 : INFO : EventManager : Event: ======'timer_skillshot_rotate_stopped'====== Args={'ticks': 2, 'ticks_remaining': 0}
2024-07-16 23:24:22,083 : INFO : EventManager : Event: ======'slide_skillshot_inactive'====== Args={'_from_bcp': True}
2024-07-16 23:24:22,083 : INFO : EventManager : Event: ======'slide_base_active'====== Args={'_from_bcp': True}
2024-07-16 23:24:22,083 : INFO : EventManager : Event: ======'slide_skillshot_removed'====== Args={'_from_bcp': True}
2024-07-16 23:24:22,187 : INFO : SwitchController : <<<<<<< 's_o_target' inactive >>>>>>>
2024-07-16 23:24:23,242 : INFO : EventManager : Event: ======'stop_mode_skillshot'====== Args={'priority': 0}
2024-07-16 23:24:25,223 : INFO : SwitchController : <<<<<<< 's_left_spinner' active >>>>>>>
2024-07-16 23:24:25,223 : INFO : EventManager : Event: ======'s_left_spinner_active'====== Args={}
2024-07-16 23:24:25,224 : INFO : EventManager : Event: ======'machine_var_audits_switches_s_left_spinner'====== Args={'value': 106, 'prev_value': 105, 'change': 1}
2024-07-16 23:24:25,225 : INFO : EventManager : Event: ======'mode_mission_select_will_start'====== Args={}
2024-07-16 23:24:25,235 : INFO : EventManager : Event: ======'mode_mission_select_starting'====== Args={}
2024-07-16 23:24:25,235 : INFO : EventManager : Event: ======'player_score'====== Args={'value': 20150, 'prev_value': 20050, 'change': 100, 'player_num': 1, 'source': 'base'}
2024-07-16 23:24:25,236 : INFO : Mode.mission_select : Started. Priority: 800
2024-07-16 23:24:25,236 : INFO : EventManager : Event: ======'modes_active_modes_changed'====== Args={}
2024-07-16 23:24:25,236 : INFO : EventManager : Event: ======'mode_mission_select_started'====== Args={}
2024-07-16 23:24:25,237 : INFO : EventManager : Event: ======'item_highlighted'====== Args={'carousel': 'mission_select', 'direction': None, 'item': 'beat_the_surfer'}
2024-07-16 23:24:25,280 : INFO : EventManager : Event: ======'slide_mission_select_created'====== Args={'_from_bcp': True}
2024-07-16 23:24:25,281 : INFO : EventManager : Event: ======'slide_base_inactive'====== Args={'_from_bcp': True}
2024-07-16 23:24:25,281 : INFO : EventManager : Event: ======'slide_mission_select_active'====== Args={'original_context': 'mission_select', 'original_calling_context': 'mode_mission_select_started', 'cmd': 'slides_play', '_from_bcp': True}
2024-07-16 23:24:25,331 : INFO : SwitchController : <<<<<<< 's_left_spinner' inactive >>>>>>>
2024-07-16 23:24:26,242 : INFO : EventManager : Event: ======'ball_save_default_hurry_up'====== Args={}
2024-07-16 23:24:27,672 : INFO : SwitchController : <<<<<<< 's_right_flipper' active >>>>>>>
2024-07-16 23:24:27,672 : INFO : EventManager : Event: ======'s_right_flipper_active'====== Args={}
2024-07-16 23:24:27,673 : INFO : EventManager : Event: ======'machine_var_audits_switches_s_right_flipper'====== Args={'value': 438, 'prev_value': 437, 'change': 1}
2024-07-16 23:24:27,675 : INFO : EventManager : Event: ======'item_highlighted'====== Args={'carousel': 'mission_select', 'direction': 'forwards', 'item': 'beer_can_named_desire'}
2024-07-16 23:24:27,837 : INFO : SwitchController : <<<<<<< 's_right_flipper' inactive >>>>>>>
2024-07-16 23:24:28,172 : INFO : SwitchController : <<<<<<< 's_right_flipper' active >>>>>>>
2024-07-16 23:24:28,173 : INFO : EventManager : Event: ======'s_right_flipper_active'====== Args={}
2024-07-16 23:24:28,173 : INFO : EventManager : Event: ======'machine_var_audits_switches_s_right_flipper'====== Args={'value': 439, 'prev_value': 438, 'change': 1}
2024-07-16 23:24:28,175 : INFO : EventManager : Event: ======'item_highlighted'====== Args={'carousel': 'mission_select', 'direction': 'forwards', 'item': 'bill_bulk_and_the_body_buddies'}
2024-07-16 23:24:28,241 : INFO : EventManager : Event: ======'ball_save_default_grace_period'====== Args={}
2024-07-16 23:24:28,353 : INFO : SwitchController : <<<<<<< 's_right_flipper' inactive >>>>>>>
2024-07-16 23:24:29,935 : INFO : SwitchController : <<<<<<< 's_start' active >>>>>>>
2024-07-16 23:24:29,936 : INFO : EventManager : Event: ======'sw_start'====== Args={}
2024-07-16 23:24:29,938 : INFO : EventManager : Event: ======'machine_var_audits_switches_s_start'====== Args={'value': 295, 'prev_value': 294, 'change': 1}
2024-07-16 23:24:29,940 : INFO : EventManager : Event: ======'player_add_request'====== Args={}
2024-07-16 23:24:29,941 : INFO : EventManager : Event: ======'player_will_add'====== Args={'number': 2}
2024-07-16 23:24:29,948 : INFO : EventManager : Event: ======'player_adding'====== Args={'player': <Player 2>, 'number': 2}
2024-07-16 23:24:29,948 : INFO : EventManager : Event: ======'player_added'====== Args={'player': <Player 2>, 'num': 2}
2024-07-16 23:24:29,953 : INFO : Mode.game : Player added successfully. Total players: 2
2024-07-16 23:24:29,954 : INFO : EventManager : Event: ======'multiplayer_game'====== Args={}
2024-07-16 23:24:29,954 : INFO : EventManager : Event: ======'player_index'====== Args={'value': 1, 'prev_value': 1, 'change': 0, 'player_num': 2}
2024-07-16 23:24:29,955 : INFO : EventManager : Event: ======'player_number'====== Args={'value': 2, 'prev_value': 2, 'change': 0, 'player_num': 2}
2024-07-16 23:24:29,955 : INFO : EventManager : Event: ======'player_score'====== Args={'value': 0, 'prev_value': 0, 'change': 0, 'player_num': 2}
2024-07-16 23:24:30,084 : INFO : SwitchController : <<<<<<< 's_start' inactive >>>>>>>
2024-07-16 23:24:30,084 : INFO : EventManager : Event: ======'s_start_inactive'====== Args={}
2024-07-16 23:24:30,084 : INFO : EventManager : Event: ======'mission_select_bill_bulk_and_the_body_buddies_selected'====== Args={}
2024-07-16 23:24:30,084 : INFO : EventManager : Event: ======'mission_select_item_selected'====== Args={}
2024-07-16 23:24:30,084 : INFO : EventManager : Event: ======'player_selected_mission'====== Args={'value': 'bill bulk and the body buddies', 'prev_value': 0, 'change': True, 'player_num': 1, 'source': 'mission_select'}
2024-07-16 23:24:30,084 : INFO : EventManager : Event: ======'mode_bill_bulk_and_the_body_buddies_will_start'====== Args={}
2024-07-16 23:24:30,085 : INFO : EventManager : Event: ======'mode_bill_bulk_and_the_body_buddies_starting'====== Args={}
2024-07-16 23:24:30,085 : INFO : EventManager : Event: ======'mode_mission_select_will_stop'====== Args={}
2024-07-16 23:24:30,085 : INFO : EventManager : Event: ======'mode_mission_select_stopping'====== Args={}
2024-07-16 23:24:30,085 : INFO : Mode.bill_bulk_and_the_body_buddies : Started. Priority: 130
2024-07-16 23:24:30,085 : INFO : EventManager : Event: ======'modes_active_modes_changed'====== Args={}
2024-07-16 23:24:30,085 : INFO : EventManager : Event: ======'mode_bill_bulk_and_the_body_buddies_started'====== Args={}
2024-07-16 23:24:30,085 : INFO : Mode.mission_select : Stopped.
2024-07-16 23:24:30,085 : INFO : EventManager : Event: ======'modes_active_modes_changed'====== Args={}
2024-07-16 23:24:30,086 : INFO : EventManager : Event: ======'mode_mission_select_stopped'====== Args={}
2024-07-16 23:24:30,086 : INFO : EventManager : Event: ======'clear'====== Args={'key': 'mission_select'}
2024-07-16 23:24:30,101 : INFO : EventManager : Event: ======'slide_bill_bulk_and_the_body_buddies_created'====== Args={'_from_bcp': True}
2024-07-16 23:24:30,102 : INFO : EventManager : Event: ======'slide_mission_select_inactive'====== Args={'_from_bcp': True}
2024-07-16 23:24:30,102 : INFO : EventManager : Event: ======'slide_bill_bulk_and_the_body_buddies_active'====== Args={'_from_bcp': True}
2024-07-16 23:24:30,102 : INFO : EventManager : Event: ======'slide_mission_select_removed'====== Args={'_from_bcp': True}
2024-07-16 23:24:30,241 : INFO : EventManager : Event: ======'ball_save_default_disabled'====== Args={}
2024-07-16 23:24:48,964 : INFO : SwitchController : <<<<<<< 's_scoop' active >>>>>>>
2024-07-16 23:24:48,965 : INFO : EventManager : Event: ======'machine_var_audits_switches_s_scoop'====== Args={'value': 85, 'prev_value': 84, 'change': 1}
2024-07-16 23:24:49,103 : INFO : SwitchController : <<<<<<< 's_scoop' inactive >>>>>>>
2024-07-16 23:24:52,539 : INFO : SwitchController : <<<<<<< 's_scoop' active >>>>>>>
2024-07-16 23:24:52,540 : INFO : EventManager : Event: ======'machine_var_audits_switches_s_scoop'====== Args={'value': 86, 'prev_value': 85, 'change': 1}
2024-07-16 23:24:53,041 : INFO : EventManager : Event: ======'balldevice_bd_scoop_ball_count_changed'====== Args={'balls': 1}
2024-07-16 23:24:53,042 : INFO : ball_device.bd_scoop : Received unexpected ball
2024-07-16 23:24:53,042 : INFO : EventManager : Event: ======'balldevice_captured_from_playfield'====== Args={'balls': 1}
2024-07-16 23:24:53,043 : INFO : EventManager : Event: ======'sw_playfield_active'====== Args={'balls': 1}
2024-07-16 23:24:53,044 : INFO : EventManager : Event: ======'playfield_ball_count_change'====== Args={'balls': 0, 'change': -1}
2024-07-16 23:24:53,045 : INFO : EventManager : Event: ======'balldevice_bd_scoop_ball_enter'====== Args={'new_balls': 1, 'unclaimed_balls': 1, 'new_available_balls': 1, 'device': <ball_device.bd_scoop>}
2024-07-16 23:24:53,046 : INFO : EventManager : Event: ======'ball_hold_scoop_held_ball'====== Args={'balls_held': 1, 'total_balls_held': 1}
2024-07-16 23:24:53,046 : INFO : EventManager : Event: ======'ball_hold_scoop_full'====== Args={'balls': 1}
2024-07-16 23:24:53,047 : INFO : EventManager : Event: ======'balldevice_balls_available'====== Args={}
2024-07-16 23:24:53,047 : INFO : EventManager : Event: ======'balldevice_bd_scoop_ball_entered'====== Args={'new_balls': 1, 'device': <ball_device.bd_scoop>}
2024-07-16 23:24:53,204 : INFO : SwitchController : <<<<<<< 's_scoop' inactive >>>>>>>
2024-07-16 23:24:58,707 : INFO : EventManager : Event: ======'balldevice_bd_scoop_ball_count_changed'====== Args={'balls': 0}
2024-07-16 23:24:58,708 : WARNING : ball_device.bd_scoop : Ball disappeared while idle. This should not normally happen.
2024-07-16 23:24:58,708 : INFO : EventManager : Event: ======'balldevice_playfield_ball_enter'====== Args={'new_balls': 1, 'unclaimed_balls': 1, 'device': <playfield.playfield>}
2024-07-16 23:24:58,709 : INFO : EventManager : Event: ======'playfield_ball_count_change'====== Args={'balls': 1, 'change': 1}
2024-07-16 23:24:58,709 : INFO : ball_device.bd_scoop : 1 ball(s) missing from device. Mechanical eject? False
2024-07-16 23:24:58,709 : INFO : EventManager : Event: ======'balldevice_bd_scoop_ball_missing'====== Args={'balls': 1}
2024-07-16 23:24:58,710 : INFO : ball_hold.scoop : Ball device <ball_device.bd_scoop> lost 1 balls, hold now has 0 balls held
2024-07-16 23:24:58,710 : INFO : EventManager : Event: ======'balldevice_ball_missing'====== Args={'balls': 1, 'name': 'bd_scoop'}
2024-07-16 23:25:18,532 : INFO : Machine : Shutting down...
2024-07-16 23:25:18,532 : INFO : EventManager : Event: ======'shutdown'====== Args={}
2024-07-16 23:25:18,535 : INFO : EventManager : Event: ======'mode_game_will_stop'====== Args={}
2024-07-16 23:25:18,535 : INFO : EventManager : Event: ======'mode_game_stopping'====== Args={}
2024-07-16 23:25:18,535 : INFO : EventManager : Event: ======'mode_bill_bulk_and_the_body_buddies_will_stop'====== Args={}
2024-07-16 23:25:18,535 : INFO : EventManager : Event: ======'mode_bill_bulk_and_the_body_buddies_stopping'====== Args={}
2024-07-16 23:25:18,535 : INFO : EventManager : Event: ======'mode_base_will_stop'====== Args={}
2024-07-16 23:25:18,536 : INFO : EventManager : Event: ======'mode_base_stopping'====== Args={}
2024-07-16 23:25:18,536 : INFO : EventManager : Event: ======'mode_BBQ_rollover_will_stop'====== Args={}
2024-07-16 23:25:18,536 : INFO : EventManager : Event: ======'mode_BBQ_rollover_stopping'====== Args={}
2024-07-16 23:25:18,536 : INFO : Mode.BBQ_rollover : Stopped.
2024-07-16 23:25:18,536 : INFO : EventManager : Event: ======'modes_active_modes_changed'====== Args={}
2024-07-16 23:25:18,536 : INFO : EventManager : Event: ======'mode_BBQ_rollover_stopped'====== Args={}
2024-07-16 23:25:18,536 : INFO : EventManager : Event: ======'clear'====== Args={'key': 'BBQ_rollover'}
2024-07-16 23:25:18,537 : INFO : Mode.base : Stopped.
2024-07-16 23:25:18,538 : INFO : EventManager : Event: ======'modes_active_modes_changed'====== Args={}
2024-07-16 23:25:18,538 : INFO : EventManager : Event: ======'mode_base_stopped'====== Args={}
2024-07-16 23:25:18,538 : INFO : EventManager : Event: ======'clear'====== Args={'key': 'base'}
2024-07-16 23:25:18,539 : INFO : Mode.bill_bulk_and_the_body_buddies : Stopped.
2024-07-16 23:25:18,539 : INFO : EventManager : Event: ======'modes_active_modes_changed'====== Args={}
2024-07-16 23:25:18,539 : INFO : EventManager : Event: ======'mode_bill_bulk_and_the_body_buddies_stopped'====== Args={}
2024-07-16 23:25:18,539 : INFO : EventManager : Event: ======'clear'====== Args={'key': 'bill_bulk_and_the_body_buddies'}
2024-07-16 23:25:18,540 : INFO : Mode.game : Stopped.
2024-07-16 23:25:18,540 : INFO : EventManager : Event: ======'modes_active_modes_changed'====== Args={}
2024-07-16 23:25:18,540 : INFO : EventManager : Event: ======'mode_game_stopped'====== Args={}
2024-07-16 23:25:18,540 : INFO : EventManager : Event: ======'clear'====== Args={'key': 'game'}
2024-07-16 23:25:18,543 : INFO : root : MPF run loop ended.
