2024-07-20 17:06:45,888 : INFO : root : Loading config.
2024-07-20 17:06:45,892 : INFO : YamlMultifileConfigLoader : Machine config file #1: config.yaml
2024-07-20 17:06:45,892 : INFO : ConfigProcessor : Loading config from cache: /var/folders/sv/d29kcl5x50v7vt1n6xb5jsd40000gn/T/c166cef8060ffee16a35821bf698da85.mpf_cache
2024-07-20 17:06:45,923 : INFO : ConfigProcessor : Loading config from cache: /var/folders/sv/d29kcl5x50v7vt1n6xb5jsd40000gn/T/6b31c5ac6ecbad948994a8204ea6b05b.mpf_cache
2024-07-20 17:06:45,923 : INFO : ConfigProcessor : Loading config from cache: /var/folders/sv/d29kcl5x50v7vt1n6xb5jsd40000gn/T/fe612d1e66c8a96c19ba449d3748eeac.mpf_cache
2024-07-20 17:06:45,924 : INFO : ConfigProcessor : Loading config from cache: /var/folders/sv/d29kcl5x50v7vt1n6xb5jsd40000gn/T/6b31c5ac6ecbad948994a8204ea6b05b.mpf_cache
2024-07-20 17:06:45,924 : INFO : ConfigProcessor : Loading config from cache: /var/folders/sv/d29kcl5x50v7vt1n6xb5jsd40000gn/T/8765227693ecd961e0504502a81255e0.mpf_cache
2024-07-20 17:06:45,924 : INFO : ConfigProcessor : Loading config from cache: /var/folders/sv/d29kcl5x50v7vt1n6xb5jsd40000gn/T/b247728c74b4d81bcb2825e2b07062a7.mpf_cache
2024-07-20 17:06:45,924 : INFO : ConfigProcessor : Loading config from cache: /var/folders/sv/d29kcl5x50v7vt1n6xb5jsd40000gn/T/f240f94f0b5d0f37ec4fd7571275a101.mpf_cache
2024-07-20 17:06:45,924 : INFO : ConfigProcessor : Loading config from cache: /var/folders/sv/d29kcl5x50v7vt1n6xb5jsd40000gn/T/c4409acfdf3ec94666e0adef48d55400.mpf_cache
2024-07-20 17:06:45,925 : INFO : ConfigProcessor : Loading config from cache: /var/folders/sv/d29kcl5x50v7vt1n6xb5jsd40000gn/T/6a2f50ed892485825cc04dc0a68eab9f.mpf_cache
2024-07-20 17:06:45,925 : INFO : ConfigProcessor : Loading config from cache: /var/folders/sv/d29kcl5x50v7vt1n6xb5jsd40000gn/T/d58c58eb9fd1a2dc27f8acd255fb3761.mpf_cache
2024-07-20 17:06:45,925 : INFO : ConfigProcessor : Loading config from cache: /var/folders/sv/d29kcl5x50v7vt1n6xb5jsd40000gn/T/07adfd310b3ef0e03c5cbc91527abb6c.mpf_cache
2024-07-20 17:06:45,925 : INFO : ConfigProcessor : Loading config from cache: /var/folders/sv/d29kcl5x50v7vt1n6xb5jsd40000gn/T/12bd5247c3bf989b919364bdb7829769.mpf_cache
2024-07-20 17:06:45,925 : INFO : ConfigProcessor : Loading config from cache: /var/folders/sv/d29kcl5x50v7vt1n6xb5jsd40000gn/T/362e08f51a1a1b7a0809dd52f9c83f83.mpf_cache
2024-07-20 17:06:45,926 : INFO : ConfigProcessor : Loading config from cache: /var/folders/sv/d29kcl5x50v7vt1n6xb5jsd40000gn/T/e45e3bd39557ed8d0881194a7afab8f7.mpf_cache
2024-07-20 17:06:45,926 : INFO : ConfigProcessor : Loading config from cache: /var/folders/sv/d29kcl5x50v7vt1n6xb5jsd40000gn/T/331d8d1a1bc190cae8c13495e1db372f.mpf_cache
2024-07-20 17:06:45,926 : INFO : ConfigProcessor : Loading config from cache: /var/folders/sv/d29kcl5x50v7vt1n6xb5jsd40000gn/T/d17a9ff77386e6f1439d0802ace1de07.mpf_cache
2024-07-20 17:06:45,926 : INFO : ConfigProcessor : Loading config from cache: /var/folders/sv/d29kcl5x50v7vt1n6xb5jsd40000gn/T/280fd64455d0d243a54ab4db98fbccbd.mpf_cache
2024-07-20 17:06:45,927 : INFO : ConfigProcessor : Loading config from cache: /var/folders/sv/d29kcl5x50v7vt1n6xb5jsd40000gn/T/0c0596ed8fbb40b6113901d21bdc0a39.mpf_cache
2024-07-20 17:06:45,927 : INFO : ConfigProcessor : Loading config from cache: /var/folders/sv/d29kcl5x50v7vt1n6xb5jsd40000gn/T/2982e2d98506102244e9fa0f437a9fca.mpf_cache
2024-07-20 17:06:45,927 : INFO : ConfigProcessor : Loading config from cache: /var/folders/sv/d29kcl5x50v7vt1n6xb5jsd40000gn/T/0fedc249e142fba0aaf46d9adc7061fa.mpf_cache
2024-07-20 17:06:45,927 : INFO : ConfigProcessor : Loading config from cache: /var/folders/sv/d29kcl5x50v7vt1n6xb5jsd40000gn/T/c57745b2fe399992c4aedf0209f8acc9.mpf_cache
2024-07-20 17:06:45,928 : INFO : ConfigProcessor : Loading config from cache: /var/folders/sv/d29kcl5x50v7vt1n6xb5jsd40000gn/T/3048ed2d7ea14eee3db896f6760aa474.mpf_cache
2024-07-20 17:06:45,929 : INFO : Machine : Mission Pinball Framework Core Engine v0.80.0.dev1
2024-07-20 17:06:45,929 : INFO : Machine : Command line arguments: {'no_load_cache': False, 'create_config_cache': True, 'bcp': True, 'configfile': ['config.yaml'], 'force_assets_load': False, 'platform_integration_test': False, 'jsonlogging': False, 'logfile': 'logs/2024-07-20-17-06-45-mpf-Nicks-MacBook-Air.local.log', 'pause': False, 'production': False, 'text_ui': True, 'loglevel': 15, 'consoleloglevel': 20, 'force_platform': None, 'syslog_address': None, 'mc_file_name': None, 'no_sound': False, 'full_logfile_path': '/Users/nicktaseris/Desktop/Pinball/KOTH/logs/2024-07-20-17-06-45-mpf-Nicks-MacBook-Air.local.log'}
2024-07-20 17:06:45,929 : INFO : Machine : MPF path: /Users/nicktaseris/mpfenv/lib/python3.9/site-packages/mpf
2024-07-20 17:06:45,929 : INFO : Machine : Machine path: /Users/nicktaseris/Desktop/Pinball/KOTH
2024-07-20 17:06:45,929 : INFO : Machine : Platform: darwin
2024-07-20 17:06:45,929 : INFO : Machine : Python executable location: /Users/nicktaseris/mpfenv/bin/python3
2024-07-20 17:06:45,929 : INFO : Machine : Python version: 3.9.13 (64-bit)
2024-07-20 17:06:45,929 : INFO : Machine : Initializing MPF...
2024-07-20 17:06:45,955 : INFO : EventManager : Event: ======'machine_var_credits_string'====== Args={'value': 'FREE PLAY', 'prev_value': None, 'change': True}
2024-07-20 17:06:45,961 : INFO : EventManager : Event: ======'machine_var_master_volume'====== Args={'value': 0.5, 'prev_value': None, 'change': True}
2024-07-20 17:06:45,961 : INFO : EventManager : Event: ======'machine_var_player1_score'====== Args={'value': 175300, 'prev_value': None, 'change': True}
2024-07-20 17:06:45,961 : INFO : EventManager : Event: ======'machine_var_mpf_version'====== Args={'value': 'Mission Pinball Framework v0.80.0.dev1', 'prev_value': None, 'change': True}
2024-07-20 17:06:45,961 : INFO : EventManager : Event: ======'machine_var_mpf_extended_version'====== Args={'value': 'Mission Pinball Framework v0.80.0.dev1, Config version:6, Show version: 6, BCP version:1.1', 'prev_value': None, 'change': True}
2024-07-20 17:06:45,961 : INFO : EventManager : Event: ======'machine_var_python_version'====== Args={'value': '3.9.13', 'prev_value': None, 'change': True}
2024-07-20 17:06:45,969 : INFO : EventManager : Event: ======'machine_var_platform'====== Args={'value': 'macOS-12.1-arm64-arm-64bit', 'prev_value': None, 'change': True}
2024-07-20 17:06:45,969 : INFO : EventManager : Event: ======'machine_var_platform_system'====== Args={'value': 'Darwin', 'prev_value': None, 'change': True}
2024-07-20 17:06:45,969 : INFO : EventManager : Event: ======'machine_var_platform_release'====== Args={'value': '21.2.0', 'prev_value': None, 'change': True}
2024-07-20 17:06:45,969 : INFO : EventManager : Event: ======'machine_var_platform_version'====== Args={'value': 'Darwin Kernel Version 21.2.0: Sun Nov 28 20:29:10 PST 2021; root:xnu-8019.61.5~1/RELEASE_ARM64_T8101', 'prev_value': None, 'change': True}
2024-07-20 17:06:45,969 : INFO : EventManager : Event: ======'machine_var_platform_machine'====== Args={'value': 'arm64', 'prev_value': None, 'change': True}
2024-07-20 17:06:45,969 : INFO : EventManager : Event: ======'machine_var_log_file_path'====== Args={'value': '/Users/nicktaseris/Desktop/Pinball/KOTH/logs/2024-07-20-17-06-45-mpf-Nicks-MacBook-Air.local.log', 'prev_value': None, 'change': True}
2024-07-20 17:06:45,969 : INFO : EventManager : Event: ======'init_phase_1'====== Args={}
2024-07-20 17:06:45,993 : INFO : EventManager : Event: ======'drop_target_bank_strickland_bank_up'====== Args={}
2024-07-20 17:06:45,994 : INFO : EventManager : Event: ======'init_phase_2'====== Args={}
2024-07-20 17:06:45,994 : INFO : SwitchController : Found active switch: ('39', <Platform.SmartVirtual>) <switch.s_trough1>
2024-07-20 17:06:45,994 : INFO : SwitchController : Found active switch: ('40', <Platform.SmartVirtual>) <switch.s_trough2>
2024-07-20 17:06:45,994 : INFO : SwitchController : Found active switch: ('41', <Platform.SmartVirtual>) <switch.s_trough3>
2024-07-20 17:06:45,994 : INFO : SwitchController : Found active switch: ('42', <Platform.SmartVirtual>) <switch.s_trough4>
2024-07-20 17:06:45,994 : INFO : SwitchController : Found active switch: ('43', <Platform.SmartVirtual>) <switch.s_trough5>
2024-07-20 17:06:45,994 : INFO : SwitchController : Found active switch: ('44', <Platform.SmartVirtual>) <switch.s_trough6>
2024-07-20 17:06:45,998 : INFO : EventManager : Event: ======'machine_var_score1_label'====== Args={'value': 'GRAND CHAMPION', 'prev_value': None, 'change': True}
2024-07-20 17:06:45,998 : INFO : EventManager : Event: ======'machine_var_score1_name'====== Args={'value': 'BRI', 'prev_value': None, 'change': True}
2024-07-20 17:06:45,999 : INFO : EventManager : Event: ======'machine_var_score1_value'====== Args={'value': 4242, 'prev_value': None, 'change': True}
2024-07-20 17:06:45,999 : INFO : EventManager : Event: ======'machine_var_score2_label'====== Args={'value': 'HIGH SCORE 1', 'prev_value': None, 'change': True}
2024-07-20 17:06:45,999 : INFO : EventManager : Event: ======'machine_var_score2_name'====== Args={'value': 'GHK', 'prev_value': None, 'change': True}
2024-07-20 17:06:45,999 : INFO : EventManager : Event: ======'machine_var_score2_value'====== Args={'value': 2323, 'prev_value': None, 'change': True}
2024-07-20 17:06:45,999 : INFO : EventManager : Event: ======'machine_var_score3_label'====== Args={'value': 'HIGH SCORE 2', 'prev_value': None, 'change': True}
2024-07-20 17:06:45,999 : INFO : EventManager : Event: ======'machine_var_score3_name'====== Args={'value': 'JK', 'prev_value': None, 'change': True}
2024-07-20 17:06:45,999 : INFO : EventManager : Event: ======'machine_var_score3_value'====== Args={'value': 1337, 'prev_value': None, 'change': True}
2024-07-20 17:06:45,999 : INFO : EventManager : Event: ======'machine_var_score4_label'====== Args={'value': 'HIGH SCORE 3', 'prev_value': None, 'change': True}
2024-07-20 17:06:45,999 : INFO : EventManager : Event: ======'machine_var_score4_name'====== Args={'value': 'QC', 'prev_value': None, 'change': True}
2024-07-20 17:06:45,999 : INFO : EventManager : Event: ======'machine_var_score4_value'====== Args={'value': 42, 'prev_value': None, 'change': True}
2024-07-20 17:06:45,999 : INFO : EventManager : Event: ======'machine_var_score5_label'====== Args={'value': 'HIGH SCORE 4', 'prev_value': None, 'change': True}
2024-07-20 17:06:45,999 : INFO : EventManager : Event: ======'machine_var_score5_name'====== Args={'value': 'MPF', 'prev_value': None, 'change': True}
2024-07-20 17:06:45,999 : INFO : EventManager : Event: ======'machine_var_score5_value'====== Args={'value': 23, 'prev_value': None, 'change': True}
2024-07-20 17:06:45,999 : INFO : EventManager : Event: ======'bcp_connection_attempt'====== Args={'name': 'local_display', 'host': 'localhost', 'port': 5050}
2024-07-20 17:06:46,000 : INFO : BCPClientSocket : Connecting BCP to 'local_display' at localhost:5050...
2024-07-20 17:06:46,002 : INFO : BCPClientSocket : Connected BCP to 'local_display' localhost:5050
2024-07-20 17:06:46,003 : INFO : EventManager : Event: ======'bcp_clients_connected'====== Args={}
2024-07-20 17:06:46,003 : INFO : ball_device.bd_trough : BCH: Initial count: 6
2024-07-20 17:06:46,003 : INFO : ball_device.bd_trough : State: idle
2024-07-20 17:06:46,004 : INFO : ball_device.bd_plunger : BCH: Initial count: 0
2024-07-20 17:06:46,004 : INFO : ball_device.bd_plunger : State: idle
2024-07-20 17:06:46,004 : INFO : ball_device.bd_scoop : BCH: Initial count: 0
2024-07-20 17:06:46,004 : INFO : ball_device.bd_scoop : State: idle
2024-07-20 17:06:46,008 : INFO : EventManager : Event: ======'init_phase_3'====== Args={}
2024-07-20 17:06:46,014 : INFO : EventManager : Event: ======'init_phase_4'====== Args={}
2024-07-20 17:06:46,014 : INFO : BallController : Initial balls found: 6
2024-07-20 17:06:46,014 : INFO : EventManager : Event: ======'machine_var_audits_events_game_ended'====== Args={'value': 4, 'prev_value': None, 'change': True}
2024-07-20 17:06:46,014 : INFO : EventManager : Event: ======'machine_var_audits_events_game_started'====== Args={'value': 530, 'prev_value': None, 'change': True}
2024-07-20 17:06:46,015 : INFO : EventManager : Event: ======'machine_var_audits_missing_switches_s_a_target'====== Args={'value': 1, 'prev_value': None, 'change': True}
2024-07-20 17:06:46,015 : INFO : EventManager : Event: ======'machine_var_audits_missing_switches_s_bottom_inline_drop'====== Args={'value': 1, 'prev_value': None, 'change': True}
2024-07-20 17:06:46,015 : INFO : EventManager : Event: ======'machine_var_audits_missing_switches_s_bottom_pop_bumper'====== Args={'value': 89, 'prev_value': None, 'change': True}
2024-07-20 17:06:46,015 : INFO : EventManager : Event: ======'machine_var_audits_missing_switches_s_center_spinner'====== Args={'value': 1, 'prev_value': None, 'change': True}
2024-07-20 17:06:46,015 : INFO : EventManager : Event: ======'machine_var_audits_missing_switches_s_e_target'====== Args={'value': 1, 'prev_value': None, 'change': True}
2024-07-20 17:06:46,015 : INFO : EventManager : Event: ======'machine_var_audits_missing_switches_s_launch_button'====== Args={'value': 1, 'prev_value': None, 'change': True}
2024-07-20 17:06:46,015 : INFO : EventManager : Event: ======'machine_var_audits_missing_switches_s_left_flipper'====== Args={'value': 26, 'prev_value': None, 'change': True}
2024-07-20 17:06:46,015 : INFO : EventManager : Event: ======'machine_var_audits_missing_switches_s_left_inlane'====== Args={'value': 1, 'prev_value': None, 'change': True}
2024-07-20 17:06:46,015 : INFO : EventManager : Event: ======'machine_var_audits_missing_switches_s_left_inner_horseshoe'====== Args={'value': 164, 'prev_value': None, 'change': True}
2024-07-20 17:06:46,015 : INFO : EventManager : Event: ======'machine_var_audits_missing_switches_s_left_orbit_enter'====== Args={'value': 1, 'prev_value': None, 'change': True}
2024-07-20 17:06:46,015 : INFO : EventManager : Event: ======'machine_var_audits_missing_switches_s_left_orbit_exit'====== Args={'value': 1, 'prev_value': None, 'change': True}
2024-07-20 17:06:46,015 : INFO : EventManager : Event: ======'machine_var_audits_missing_switches_s_left_outlane'====== Args={'value': 1, 'prev_value': None, 'change': True}
2024-07-20 17:06:46,015 : INFO : EventManager : Event: ======'machine_var_audits_missing_switches_s_left_pop_bumper'====== Args={'value': 89, 'prev_value': None, 'change': True}
2024-07-20 17:06:46,015 : INFO : EventManager : Event: ======'machine_var_audits_missing_switches_s_left_ramp_enter'====== Args={'value': 79, 'prev_value': None, 'change': True}
2024-07-20 17:06:46,015 : INFO : EventManager : Event: ======'machine_var_audits_missing_switches_s_left_ramp_exit'====== Args={'value': 79, 'prev_value': None, 'change': True}
2024-07-20 17:06:46,016 : INFO : EventManager : Event: ======'machine_var_audits_missing_switches_s_left_ramp_standup'====== Args={'value': 32, 'prev_value': None, 'change': True}
2024-07-20 17:06:46,016 : INFO : EventManager : Event: ======'machine_var_audits_missing_switches_s_left_rollover_lane'====== Args={'value': 1, 'prev_value': None, 'change': True}
2024-07-20 17:06:46,016 : INFO : EventManager : Event: ======'machine_var_audits_missing_switches_s_left_sling'====== Args={'value': 180, 'prev_value': None, 'change': True}
2024-07-20 17:06:46,016 : INFO : EventManager : Event: ======'machine_var_audits_missing_switches_s_left_spinner'====== Args={'value': 98, 'prev_value': None, 'change': True}
2024-07-20 17:06:46,016 : INFO : EventManager : Event: ======'machine_var_audits_missing_switches_s_middle_inline_drop'====== Args={'value': 77, 'prev_value': None, 'change': True}
2024-07-20 17:06:46,016 : INFO : EventManager : Event: ======'machine_var_audits_missing_switches_s_middle_rollover_lane'====== Args={'value': 1, 'prev_value': None, 'change': True}
2024-07-20 17:06:46,016 : INFO : EventManager : Event: ======'machine_var_audits_missing_switches_s_n_target'====== Args={'value': 1, 'prev_value': None, 'change': True}
2024-07-20 17:06:46,016 : INFO : EventManager : Event: ======'machine_var_audits_missing_switches_s_o_target'====== Args={'value': 1, 'prev_value': None, 'change': True}
2024-07-20 17:06:46,016 : INFO : EventManager : Event: ======'machine_var_audits_missing_switches_s_p2_target'====== Args={'value': 1, 'prev_value': None, 'change': True}
2024-07-20 17:06:46,016 : INFO : EventManager : Event: ======'machine_var_audits_missing_switches_s_p_target'====== Args={'value': 1, 'prev_value': None, 'change': True}
2024-07-20 17:06:46,016 : INFO : EventManager : Event: ======'machine_var_audits_missing_switches_s_plunger_lane_exit'====== Args={'value': 1, 'prev_value': None, 'change': True}
2024-07-20 17:06:46,016 : INFO : EventManager : Event: ======'machine_var_audits_missing_switches_s_r_target'====== Args={'value': 1, 'prev_value': None, 'change': True}
2024-07-20 17:06:46,016 : INFO : EventManager : Event: ======'machine_var_audits_missing_switches_s_right_flipper'====== Args={'value': 1, 'prev_value': None, 'change': True}
2024-07-20 17:06:46,017 : INFO : EventManager : Event: ======'machine_var_audits_missing_switches_s_right_inlane'====== Args={'value': 1, 'prev_value': None, 'change': True}
2024-07-20 17:06:46,017 : INFO : EventManager : Event: ======'machine_var_audits_missing_switches_s_right_inner_horseshoe'====== Args={'value': 171, 'prev_value': None, 'change': True}
2024-07-20 17:06:46,017 : INFO : EventManager : Event: ======'machine_var_audits_missing_switches_s_right_orbit_exit'====== Args={'value': 273, 'prev_value': None, 'change': True}
2024-07-20 17:06:46,017 : INFO : EventManager : Event: ======'machine_var_audits_missing_switches_s_right_outlane'====== Args={'value': 1, 'prev_value': None, 'change': True}
2024-07-20 17:06:46,017 : INFO : EventManager : Event: ======'machine_var_audits_missing_switches_s_right_pop_bumper'====== Args={'value': 89, 'prev_value': None, 'change': True}
2024-07-20 17:06:46,017 : INFO : EventManager : Event: ======'machine_var_audits_missing_switches_s_right_ramp_enter'====== Args={'value': 235, 'prev_value': None, 'change': True}
2024-07-20 17:06:46,017 : INFO : EventManager : Event: ======'machine_var_audits_missing_switches_s_right_ramp_exit'====== Args={'value': 235, 'prev_value': None, 'change': True}
2024-07-20 17:06:46,017 : INFO : EventManager : Event: ======'machine_var_audits_missing_switches_s_right_ramp_standup'====== Args={'value': 1, 'prev_value': None, 'change': True}
2024-07-20 17:06:46,017 : INFO : EventManager : Event: ======'machine_var_audits_missing_switches_s_right_rollover_lane'====== Args={'value': 1, 'prev_value': None, 'change': True}
2024-07-20 17:06:46,017 : INFO : EventManager : Event: ======'machine_var_audits_missing_switches_s_right_sling'====== Args={'value': 481, 'prev_value': None, 'change': True}
2024-07-20 17:06:46,017 : INFO : EventManager : Event: ======'machine_var_audits_missing_switches_s_scoop'====== Args={'value': 1, 'prev_value': None, 'change': True}
2024-07-20 17:06:46,018 : INFO : EventManager : Event: ======'machine_var_audits_missing_switches_s_start'====== Args={'value': 1, 'prev_value': None, 'change': True}
2024-07-20 17:06:46,018 : INFO : EventManager : Event: ======'machine_var_audits_missing_switches_s_top_inline_drop'====== Args={'value': 1, 'prev_value': None, 'change': True}
2024-07-20 17:06:46,018 : INFO : EventManager : Event: ======'machine_var_audits_missing_switches_s_trough1'====== Args={'value': 1, 'prev_value': None, 'change': True}
2024-07-20 17:06:46,018 : INFO : EventManager : Event: ======'machine_var_audits_missing_switches_s_trough2'====== Args={'value': 1, 'prev_value': None, 'change': True}
2024-07-20 17:06:46,018 : INFO : EventManager : Event: ======'machine_var_audits_missing_switches_s_trough3'====== Args={'value': 1, 'prev_value': None, 'change': True}
2024-07-20 17:06:46,018 : INFO : EventManager : Event: ======'machine_var_audits_missing_switches_s_trough4'====== Args={'value': 485, 'prev_value': None, 'change': True}
2024-07-20 17:06:46,018 : INFO : EventManager : Event: ======'machine_var_audits_missing_switches_s_trough5'====== Args={'value': 485, 'prev_value': None, 'change': True}
2024-07-20 17:06:46,018 : INFO : EventManager : Event: ======'machine_var_audits_missing_switches_s_trough6'====== Args={'value': 485, 'prev_value': None, 'change': True}
2024-07-20 17:06:46,018 : INFO : EventManager : Event: ======'machine_var_audits_missing_switches_s_trough_jam'====== Args={'value': 418, 'prev_value': None, 'change': True}
2024-07-20 17:06:46,018 : INFO : EventManager : Event: ======'machine_var_audits_player_score'====== Args={'value': {'average': 109379, 'top': [370600, 175300, 400, 300, 250], 'total': 5}, 'prev_value': None, 'change': True}
2024-07-20 17:06:46,019 : INFO : EventManager : Event: ======'machine_var_audits_shots_a_rollover_lane'====== Args={'value': 8, 'prev_value': None, 'change': True}
2024-07-20 17:06:46,019 : INFO : EventManager : Event: ======'machine_var_audits_shots_a_target'====== Args={'value': 7, 'prev_value': None, 'change': True}
2024-07-20 17:06:46,019 : INFO : EventManager : Event: ======'machine_var_audits_shots_e_target'====== Args={'value': 3, 'prev_value': None, 'change': True}
2024-07-20 17:06:46,019 : INFO : EventManager : Event: ======'machine_var_audits_shots_h_rollover_lane'====== Args={'value': 10, 'prev_value': None, 'change': True}
2024-07-20 17:06:46,019 : INFO : EventManager : Event: ======'machine_var_audits_shots_k_rollover_lane'====== Args={'value': 8, 'prev_value': None, 'change': True}
2024-07-20 17:06:46,019 : INFO : EventManager : Event: ======'machine_var_audits_shots_left_rollover_lane'====== Args={'value': 186, 'prev_value': None, 'change': True}
2024-07-20 17:06:46,019 : INFO : EventManager : Event: ======'machine_var_audits_shots_middle_rollover_lane'====== Args={'value': 180, 'prev_value': None, 'change': True}
2024-07-20 17:06:46,019 : INFO : EventManager : Event: ======'machine_var_audits_shots_n_rollover_lane'====== Args={'value': 8, 'prev_value': None, 'change': True}
2024-07-20 17:06:46,020 : INFO : EventManager : Event: ======'machine_var_audits_shots_n_target'====== Args={'value': 9, 'prev_value': None, 'change': True}
2024-07-20 17:06:46,020 : INFO : EventManager : Event: ======'machine_var_audits_shots_o_target'====== Args={'value': 4, 'prev_value': None, 'change': True}
2024-07-20 17:06:46,020 : INFO : EventManager : Event: ======'machine_var_audits_shots_p2_target'====== Args={'value': 5, 'prev_value': None, 'change': True}
2024-07-20 17:06:46,020 : INFO : EventManager : Event: ======'machine_var_audits_shots_p_target'====== Args={'value': 8, 'prev_value': None, 'change': True}
2024-07-20 17:06:46,020 : INFO : EventManager : Event: ======'machine_var_audits_shots_qualify_o_target'====== Args={'value': 117, 'prev_value': None, 'change': True}
2024-07-20 17:06:46,020 : INFO : EventManager : Event: ======'machine_var_audits_shots_qualify_p_target'====== Args={'value': 87, 'prev_value': None, 'change': True}
2024-07-20 17:06:46,020 : INFO : EventManager : Event: ======'machine_var_audits_shots_qualify_r_target'====== Args={'value': 110, 'prev_value': None, 'change': True}
2024-07-20 17:06:46,021 : INFO : EventManager : Event: ======'machine_var_audits_shots_r_target'====== Args={'value': 14, 'prev_value': None, 'change': True}
2024-07-20 17:06:46,021 : INFO : EventManager : Event: ======'machine_var_audits_shots_right_rollover_lane'====== Args={'value': 185, 'prev_value': None, 'change': True}
2024-07-20 17:06:46,021 : INFO : EventManager : Event: ======'machine_var_audits_shots_skillshot_a_target'====== Args={'value': 63, 'prev_value': None, 'change': True}
2024-07-20 17:06:46,021 : INFO : EventManager : Event: ======'machine_var_audits_shots_skillshot_e_target'====== Args={'value': 47, 'prev_value': None, 'change': True}
2024-07-20 17:06:46,021 : INFO : EventManager : Event: ======'machine_var_audits_shots_skillshot_n_target'====== Args={'value': 46, 'prev_value': None, 'change': True}
2024-07-20 17:06:46,021 : INFO : EventManager : Event: ======'machine_var_audits_shots_skillshot_o_target'====== Args={'value': 53, 'prev_value': None, 'change': True}
2024-07-20 17:06:46,021 : INFO : EventManager : Event: ======'machine_var_audits_shots_skillshot_p2_target'====== Args={'value': 29, 'prev_value': None, 'change': True}
2024-07-20 17:06:46,021 : INFO : EventManager : Event: ======'machine_var_audits_shots_skillshot_p_target'====== Args={'value': 31, 'prev_value': None, 'change': True}
2024-07-20 17:06:46,022 : INFO : EventManager : Event: ======'machine_var_audits_shots_skillshot_r_target'====== Args={'value': 26, 'prev_value': None, 'change': True}
2024-07-20 17:06:46,022 : INFO : EventManager : Event: ======'machine_var_audits_switches_s_a_target'====== Args={'value': 113, 'prev_value': None, 'change': True}
2024-07-20 17:06:46,022 : INFO : EventManager : Event: ======'machine_var_audits_switches_s_bottom_inline_drop'====== Args={'value': 692, 'prev_value': None, 'change': True}
2024-07-20 17:06:46,022 : INFO : EventManager : Event: ======'machine_var_audits_switches_s_bottom_pop_bumper'====== Args={'value': 10, 'prev_value': None, 'change': True}
2024-07-20 17:06:46,022 : INFO : EventManager : Event: ======'machine_var_audits_switches_s_center_spinner'====== Args={'value': 100, 'prev_value': None, 'change': True}
2024-07-20 17:06:46,022 : INFO : EventManager : Event: ======'machine_var_audits_switches_s_e_target'====== Args={'value': 118, 'prev_value': None, 'change': True}
2024-07-20 17:06:46,022 : INFO : EventManager : Event: ======'machine_var_audits_switches_s_launch_button'====== Args={'value': 10, 'prev_value': None, 'change': True}
2024-07-20 17:06:46,023 : INFO : EventManager : Event: ======'machine_var_audits_switches_s_left_flipper'====== Args={'value': 200, 'prev_value': None, 'change': True}
2024-07-20 17:06:46,023 : INFO : EventManager : Event: ======'machine_var_audits_switches_s_left_inlane'====== Args={'value': 19, 'prev_value': None, 'change': True}
2024-07-20 17:06:46,023 : INFO : EventManager : Event: ======'machine_var_audits_switches_s_left_inner_horseshoe'====== Args={'value': 15, 'prev_value': None, 'change': True}
2024-07-20 17:06:46,023 : INFO : EventManager : Event: ======'machine_var_audits_switches_s_left_orbit_enter'====== Args={'value': 25, 'prev_value': None, 'change': True}
2024-07-20 17:06:46,023 : INFO : EventManager : Event: ======'machine_var_audits_switches_s_left_orbit_exit'====== Args={'value': 14, 'prev_value': None, 'change': True}
2024-07-20 17:06:46,023 : INFO : EventManager : Event: ======'machine_var_audits_switches_s_left_outlane'====== Args={'value': 36, 'prev_value': None, 'change': True}
2024-07-20 17:06:46,023 : INFO : EventManager : Event: ======'machine_var_audits_switches_s_left_pop_bumper'====== Args={'value': 9, 'prev_value': None, 'change': True}
2024-07-20 17:06:46,024 : INFO : EventManager : Event: ======'machine_var_audits_switches_s_left_ramp_enter'====== Args={'value': 20, 'prev_value': None, 'change': True}
2024-07-20 17:06:46,024 : INFO : EventManager : Event: ======'machine_var_audits_switches_s_left_ramp_exit'====== Args={'value': 5, 'prev_value': None, 'change': True}
2024-07-20 17:06:46,024 : INFO : EventManager : Event: ======'machine_var_audits_switches_s_left_ramp_standup'====== Args={'value': 814, 'prev_value': None, 'change': True}
2024-07-20 17:06:46,024 : INFO : EventManager : Event: ======'machine_var_audits_switches_s_left_rollover_lane'====== Args={'value': 191, 'prev_value': None, 'change': True}
2024-07-20 17:06:46,024 : INFO : EventManager : Event: ======'machine_var_audits_switches_s_left_sling'====== Args={'value': 12, 'prev_value': None, 'change': True}
2024-07-20 17:06:46,024 : INFO : EventManager : Event: ======'machine_var_audits_switches_s_left_spinner'====== Args={'value': 116, 'prev_value': None, 'change': True}
2024-07-20 17:06:46,025 : INFO : EventManager : Event: ======'machine_var_audits_switches_s_middle_inline_drop'====== Args={'value': 695, 'prev_value': None, 'change': True}
2024-07-20 17:06:46,025 : INFO : EventManager : Event: ======'machine_var_audits_switches_s_middle_rollover_lane'====== Args={'value': 183, 'prev_value': None, 'change': True}
2024-07-20 17:06:46,025 : INFO : EventManager : Event: ======'machine_var_audits_switches_s_n_target'====== Args={'value': 108, 'prev_value': None, 'change': True}
2024-07-20 17:06:46,025 : INFO : EventManager : Event: ======'machine_var_audits_switches_s_o_target'====== Args={'value': 164, 'prev_value': None, 'change': True}
2024-07-20 17:06:46,025 : INFO : EventManager : Event: ======'machine_var_audits_switches_s_p2_target'====== Args={'value': 55, 'prev_value': None, 'change': True}
2024-07-20 17:06:46,025 : INFO : EventManager : Event: ======'machine_var_audits_switches_s_p_target'====== Args={'value': 308, 'prev_value': None, 'change': True}
2024-07-20 17:06:46,025 : INFO : EventManager : Event: ======'machine_var_audits_switches_s_plunger'====== Args={'value': 640, 'prev_value': None, 'change': True}
2024-07-20 17:06:46,026 : INFO : EventManager : Event: ======'machine_var_audits_switches_s_plunger_lane'====== Args={'value': 39, 'prev_value': None, 'change': True}
2024-07-20 17:06:46,026 : INFO : EventManager : Event: ======'machine_var_audits_switches_s_plunger_lane_exit'====== Args={'value': 421, 'prev_value': None, 'change': True}
2024-07-20 17:06:46,026 : INFO : EventManager : Event: ======'machine_var_audits_switches_s_r_target'====== Args={'value': 150, 'prev_value': None, 'change': True}
2024-07-20 17:06:46,026 : INFO : EventManager : Event: ======'machine_var_audits_switches_s_right_flipper'====== Args={'value': 648, 'prev_value': None, 'change': True}
2024-07-20 17:06:46,026 : INFO : EventManager : Event: ======'machine_var_audits_switches_s_right_inlane'====== Args={'value': 17, 'prev_value': None, 'change': True}
2024-07-20 17:06:46,026 : INFO : EventManager : Event: ======'machine_var_audits_switches_s_right_inner_horseshoe'====== Args={'value': 8, 'prev_value': None, 'change': True}
2024-07-20 17:06:46,027 : INFO : EventManager : Event: ======'machine_var_audits_switches_s_right_orbit_exit'====== Args={'value': 33, 'prev_value': None, 'change': True}
2024-07-20 17:06:46,027 : INFO : EventManager : Event: ======'machine_var_audits_switches_s_right_outlane'====== Args={'value': 16, 'prev_value': None, 'change': True}
2024-07-20 17:06:46,027 : INFO : EventManager : Event: ======'machine_var_audits_switches_s_right_pop_bumper'====== Args={'value': 17, 'prev_value': None, 'change': True}
2024-07-20 17:06:46,027 : INFO : EventManager : Event: ======'machine_var_audits_switches_s_right_ramp_enter'====== Args={'value': 1, 'prev_value': None, 'change': True}
2024-07-20 17:06:46,028 : INFO : EventManager : Event: ======'machine_var_audits_switches_s_right_ramp_exit'====== Args={'value': 1, 'prev_value': None, 'change': True}
2024-07-20 17:06:46,028 : INFO : EventManager : Event: ======'machine_var_audits_switches_s_right_ramp_standup'====== Args={'value': 221, 'prev_value': None, 'change': True}
2024-07-20 17:06:46,028 : INFO : EventManager : Event: ======'machine_var_audits_switches_s_right_rollover_lane'====== Args={'value': 199, 'prev_value': None, 'change': True}
2024-07-20 17:06:46,028 : INFO : EventManager : Event: ======'machine_var_audits_switches_s_right_sling'====== Args={'value': 1, 'prev_value': None, 'change': True}
2024-07-20 17:06:46,028 : INFO : EventManager : Event: ======'machine_var_audits_switches_s_scoop'====== Args={'value': 158, 'prev_value': None, 'change': True}
2024-07-20 17:06:46,028 : INFO : EventManager : Event: ======'machine_var_audits_switches_s_start'====== Args={'value': 358, 'prev_value': None, 'change': True}
2024-07-20 17:06:46,029 : INFO : EventManager : Event: ======'machine_var_audits_switches_s_top_inline_drop'====== Args={'value': 42, 'prev_value': None, 'change': True}
2024-07-20 17:06:46,029 : INFO : EventManager : Event: ======'machine_var_audits_switches_s_trough1'====== Args={'value': 363, 'prev_value': None, 'change': True}
2024-07-20 17:06:46,029 : INFO : EventManager : Event: ======'machine_var_audits_switches_s_trough2'====== Args={'value': 27, 'prev_value': None, 'change': True}
2024-07-20 17:06:46,029 : INFO : EventManager : Event: ======'machine_var_audits_switches_s_trough3'====== Args={'value': 8, 'prev_value': None, 'change': True}
2024-07-20 17:06:46,029 : INFO : EventManager : Event: ======'machine_var_audits_switches_s_trough4'====== Args={'value': 2, 'prev_value': None, 'change': True}
2024-07-20 17:06:46,030 : INFO : EventManager : Event: ======'machine_var_audits_switches_s_trough5'====== Args={'value': 2, 'prev_value': None, 'change': True}
2024-07-20 17:06:46,030 : INFO : EventManager : Event: ======'machine_var_audits_switches_s_trough6'====== Args={'value': 1, 'prev_value': None, 'change': True}
2024-07-20 17:06:46,030 : INFO : EventManager : Event: ======'machine_var_audits_switches_s_trough_jam'====== Args={'value': 5, 'prev_value': None, 'change': True}
2024-07-20 17:06:46,030 : INFO : EventManager : Event: ======'init_phase_5'====== Args={}
2024-07-20 17:06:46,033 : INFO : EventManager : Event: ======'init_done'====== Args={}
2024-07-20 17:06:46,033 : INFO : EventManager : Event: ======'machine_reset_phase_1'====== Args={}
2024-07-20 17:06:46,036 : INFO : EventManager : Event: ======'machine_reset_phase_2'====== Args={}
2024-07-20 17:06:46,036 : INFO : EventManager : Event: ======'machine_reset_phase_3'====== Args={}
2024-07-20 17:06:46,036 : INFO : drop_target_bank.strickland_bank : All targets are already up. Will not reset bank.
2024-07-20 17:06:46,036 : INFO : EventManager : Event: ======'reset_complete'====== Args={}
2024-07-20 17:06:46,036 : INFO : EventManager : Event: ======'mode_attract_will_start'====== Args={}
2024-07-20 17:06:46,037 : INFO : Timer.attract_switch : Starting Timer.
2024-07-20 17:06:46,037 : INFO : EventManager : Event: ======'timer_attract_switch_started'====== Args={'ticks': 0, 'ticks_remaining': 45}
2024-07-20 17:06:46,037 : INFO : EventManager : Event: ======'timer_attract_switch_tick'====== Args={'ticks': 0, 'ticks_remaining': 45}
2024-07-20 17:06:46,037 : INFO : EventManager : Event: ======'mode_attract_starting'====== Args={}
2024-07-20 17:06:46,037 : INFO : Mode.attract : Started. Priority: 10
2024-07-20 17:06:46,037 : INFO : EventManager : Event: ======'modes_active_modes_changed'====== Args={}
2024-07-20 17:06:46,037 : INFO : EventManager : Event: ======'mode_attract_started'====== Args={}
2024-07-20 17:06:46,037 : INFO : EventManager : Event: ======'collecting_balls_complete'====== Args={}
2024-07-20 17:06:46,038 : INFO : Machine : Starting the main run loop.
2024-07-20 17:06:46,725 : INFO : SwitchController : <<<<<<< 's_start' active >>>>>>>
2024-07-20 17:06:46,726 : INFO : EventManager : Event: ======'s_start_active'====== Args={}
2024-07-20 17:06:46,726 : INFO : EventManager : Event: ======'sw_add_player'====== Args={'priority': 0}
2024-07-20 17:06:46,789 : INFO : BcpServer : New client connected.
2024-07-20 17:06:46,832 : INFO : SwitchController : <<<<<<< 's_start' inactive >>>>>>>
2024-07-20 17:06:46,833 : INFO : EventManager : Event: ======'request_to_start_game'====== Args={}
2024-07-20 17:06:46,833 : INFO : EventManager : Event: ======'game_start'====== Args={'buttons': [], 'hold_time': 0.10706533299999998}
2024-07-20 17:06:46,834 : INFO : EventManager : Event: ======'mode_game_will_start'====== Args={'buttons': [], 'hold_time': 0.10706533299999998}
2024-07-20 17:06:46,834 : INFO : EventManager : Event: ======'mode_game_starting'====== Args={'buttons': [], 'hold_time': 0.10706533299999998}
2024-07-20 17:06:46,835 : INFO : EventManager : Event: ======'mode_attract_will_stop'====== Args={}
2024-07-20 17:06:46,835 : INFO : EventManager : Event: ======'mode_attract_stopping'====== Args={}
2024-07-20 17:06:46,835 : INFO : Mode.attract : Stopped.
2024-07-20 17:06:46,835 : INFO : EventManager : Event: ======'modes_active_modes_changed'====== Args={}
2024-07-20 17:06:46,835 : INFO : EventManager : Event: ======'mode_attract_stopped'====== Args={}
2024-07-20 17:06:46,836 : INFO : EventManager : Event: ======'clear'====== Args={'key': 'attract'}
2024-07-20 17:06:46,836 : INFO : Timer.attract_switch : Stopping Timer
2024-07-20 17:06:46,836 : INFO : EventManager : Event: ======'timer_attract_switch_stopped'====== Args={'ticks': 0, 'ticks_remaining': 45}
2024-07-20 17:06:46,836 : INFO : Mode.game : Started. Priority: 20
2024-07-20 17:06:46,836 : INFO : EventManager : Event: ======'modes_active_modes_changed'====== Args={}
2024-07-20 17:06:46,836 : INFO : EventManager : Event: ======'mode_game_started'====== Args={'buttons': [], 'hold_time': 0.10706533299999998}
2024-07-20 17:06:46,837 : INFO : EventManager : Event: ======'game_will_start'====== Args={}
2024-07-20 17:06:46,838 : INFO : EventManager : Event: ======'game_starting'====== Args={'game': <Mode.game>}
2024-07-20 17:06:46,839 : INFO : EventManager : Unordered handler for class <Auditor> on event game_ended with priority 1. Handlers: [RegisteredHandler(callback=<bound method Auditor.disable of <Auditor>>, priority=1, kwargs={}, key=UUID('c5c006bd-9448-4879-bb3f-5c00eb49a73f'), condition=None, blocking_facility=None), RegisteredHandler(callback=<bound method Auditor._save_audits of <Auditor>>, priority=1, kwargs={}, key=UUID('9eb90886-a35b-4ed8-8bdb-a3e0a441abbe'), condition=None, blocking_facility=None)]. The order of those handlers is not defined and they will be executed in random order. This might lead to race conditions and potential bugs.
2024-07-20 17:06:46,839 : INFO : EventManager : Event: ======'player_add_request'====== Args={}
2024-07-20 17:06:46,839 : INFO : EventManager : Event: ======'player_will_add'====== Args={'number': 1}
2024-07-20 17:06:46,840 : INFO : EventManager : Event: ======'player_adding'====== Args={'player': <Player 1>, 'number': 1}
2024-07-20 17:06:46,840 : INFO : EventManager : Event: ======'player_added'====== Args={'player': <Player 1>, 'num': 1}
2024-07-20 17:06:46,840 : INFO : Mode.game : Player added successfully. Total players: 1
2024-07-20 17:06:46,840 : INFO : EventManager : Event: ======'player_index'====== Args={'value': 0, 'prev_value': 0, 'change': 0, 'player_num': 1}
2024-07-20 17:06:46,841 : INFO : EventManager : Event: ======'player_number'====== Args={'value': 1, 'prev_value': 1, 'change': 0, 'player_num': 1}
2024-07-20 17:06:46,841 : INFO : EventManager : Event: ======'player_score'====== Args={'value': 0, 'prev_value': 0, 'change': 0, 'player_num': 1}
2024-07-20 17:06:46,842 : INFO : EventManager : Event: ======'game_started'====== Args={}
2024-07-20 17:06:46,842 : INFO : EventManager : Event: ======'player_turn_will_start'====== Args={'player': <Player 1>, 'number': 1}
2024-07-20 17:06:46,843 : INFO : EventManager : Event: ======'player_turn_starting'====== Args={'player': <Player 1>, 'number': 1}
2024-07-20 17:06:46,843 : INFO : EventManager : Event: ======'player_ball'====== Args={'value': 1, 'prev_value': 0, 'change': 1, 'player_num': 1}
2024-07-20 17:06:46,843 : INFO : EventManager : Event: ======'player_turn_started'====== Args={'player': <Player 1>, 'number': 1}
2024-07-20 17:06:46,849 : INFO : EventManager : Event: ======'ball_will_start'====== Args={'player': 1, 'ball': 1, 'balls_remaining': 2, 'is_extra_ball': False}
2024-07-20 17:06:46,850 : INFO : EventManager : Event: ======'slide__removed'====== Args={'_from_bcp': True}
2024-07-20 17:06:46,850 : INFO : EventManager : Event: ======'ball_starting'====== Args={'player': 1, 'ball': 1, 'balls_remaining': 2, 'is_extra_ball': False}
2024-07-20 17:06:46,850 : INFO : EventManager : Event: ======'mode_skillshot_will_start'====== Args={'queue': <QueuedEvent>, 'player': 1, 'ball': 1, 'balls_remaining': 2, 'is_extra_ball': False}
2024-07-20 17:06:46,851 : INFO : EventManager : Event: ======'skillshot_complete'====== Args={'state': 'None'}
2024-07-20 17:06:46,851 : INFO : EventManager : Event: ======'skillshot_None_complete'====== Args={}
2024-07-20 17:06:46,852 : INFO : EventManager : Event: ======'player_shot_skillshot_p_target_enabled'====== Args={'value': True, 'prev_value': 0, 'change': 1, 'player_num': 1}
2024-07-20 17:06:46,852 : INFO : EventManager : Event: ======'player_shot_skillshot_r_target_enabled'====== Args={'value': True, 'prev_value': 0, 'change': 1, 'player_num': 1}
2024-07-20 17:06:46,853 : INFO : EventManager : Event: ======'player_shot_skillshot_o_target_enabled'====== Args={'value': True, 'prev_value': 0, 'change': 1, 'player_num': 1}
2024-07-20 17:06:46,853 : INFO : EventManager : Event: ======'player_shot_skillshot_p2_target_enabled'====== Args={'value': True, 'prev_value': 0, 'change': 1, 'player_num': 1}
2024-07-20 17:06:46,854 : INFO : EventManager : Event: ======'player_shot_skillshot_a_target_enabled'====== Args={'value': True, 'prev_value': 0, 'change': 1, 'player_num': 1}
2024-07-20 17:06:46,854 : INFO : EventManager : Event: ======'player_shot_skillshot_n_target_enabled'====== Args={'value': True, 'prev_value': 0, 'change': 1, 'player_num': 1}
2024-07-20 17:06:46,855 : INFO : EventManager : Event: ======'player_shot_skillshot_e_target_enabled'====== Args={'value': True, 'prev_value': 0, 'change': 1, 'player_num': 1}
2024-07-20 17:06:46,855 : INFO : EventManager : Event: ======'player_skillshot_skillshot_rotate_tick'====== Args={'value': 0, 'prev_value': 0, 'change': 0, 'player_num': 1}
2024-07-20 17:06:46,855 : INFO : Timer.skillshot_rotate : Starting Timer.
2024-07-20 17:06:46,856 : INFO : EventManager : Event: ======'timer_skillshot_rotate_started'====== Args={'ticks': 0, 'ticks_remaining': 0}
2024-07-20 17:06:46,856 : INFO : EventManager : Event: ======'timer_skillshot_rotate_tick'====== Args={'ticks': 0, 'ticks_remaining': 0}
2024-07-20 17:06:46,857 : INFO : EventManager : Event: ======'mode_skillshot_starting'====== Args={'queue': <QueuedEvent>, 'player': 1, 'ball': 1, 'balls_remaining': 2, 'is_extra_ball': False}
2024-07-20 17:06:46,857 : INFO : drop_target_bank.strickland_bank : All targets are already up. Will not reset bank.
2024-07-20 17:06:46,857 : INFO : EventManager : Event: ======'cmd_flippers_enable'====== Args={'priority': 0}
2024-07-20 17:06:46,857 : INFO : EventManager : Event: ======'cmd_autofire_coils_enable'====== Args={'priority': 0}
2024-07-20 17:06:46,857 : INFO : EventManager : Event: ======'cmd_drop_targets_reset'====== Args={'priority': 0}
2024-07-20 17:06:46,858 : INFO : Mode.skillshot : Started. Priority: 200
2024-07-20 17:06:46,858 : INFO : EventManager : Event: ======'modes_active_modes_changed'====== Args={}
2024-07-20 17:06:46,858 : INFO : EventManager : Event: ======'mode_skillshot_started'====== Args={'queue': <QueuedEvent>, 'player': 1, 'ball': 1, 'balls_remaining': 2, 'is_extra_ball': False}
2024-07-20 17:06:46,858 : INFO : EventManager : Event: ======'player_shot_skillshot_p_target'====== Args={'value': 1, 'prev_value': 0, 'change': 1, 'player_num': 1}
2024-07-20 17:06:46,859 : INFO : EventManager : Event: ======'balls_in_play'====== Args={'balls': 1}
2024-07-20 17:06:46,860 : INFO : EventManager : Event: ======'ball_started'====== Args={'player': 1, 'ball': 1, 'balls_remaining': 2, 'is_extra_ball': False}
2024-07-20 17:06:46,860 : INFO : EventManager : Event: ======'mode_rainey_multiball_will_start'====== Args={'player': 1, 'ball': 1, 'balls_remaining': 2, 'is_extra_ball': False}
2024-07-20 17:06:46,861 : INFO : EventManager : Event: ======'mode_rainey_multiball_starting'====== Args={'player': 1, 'ball': 1, 'balls_remaining': 2, 'is_extra_ball': False}
2024-07-20 17:06:46,861 : INFO : EventManager : Event: ======'mode_hank_rollover_will_start'====== Args={'player': 1, 'ball': 1, 'balls_remaining': 2, 'is_extra_ball': False}
2024-07-20 17:06:46,861 : INFO : EventManager : Event: ======'player_shot_h_rollover_lane_enabled'====== Args={'value': True, 'prev_value': 0, 'change': 1, 'player_num': 1}
2024-07-20 17:06:46,862 : INFO : EventManager : Event: ======'player_shot_a_rollover_lane_enabled'====== Args={'value': True, 'prev_value': 0, 'change': 1, 'player_num': 1}
2024-07-20 17:06:46,862 : INFO : EventManager : Event: ======'player_shot_n_rollover_lane_enabled'====== Args={'value': True, 'prev_value': 0, 'change': 1, 'player_num': 1}
2024-07-20 17:06:46,862 : INFO : EventManager : Event: ======'player_shot_k_rollover_lane_enabled'====== Args={'value': True, 'prev_value': 0, 'change': 1, 'player_num': 1}
2024-07-20 17:06:46,863 : INFO : EventManager : Event: ======'hank_lanes_complete'====== Args={'state': 'unlit'}
2024-07-20 17:06:46,863 : INFO : EventManager : Event: ======'hank_lanes_unlit_complete'====== Args={}
2024-07-20 17:06:46,863 : INFO : EventManager : Event: ======'mode_hank_rollover_starting'====== Args={'player': 1, 'ball': 1, 'balls_remaining': 2, 'is_extra_ball': False}
2024-07-20 17:06:46,864 : INFO : EventManager : Event: ======'mode_BBQ_rollover_will_start'====== Args={'player': 1, 'ball': 1, 'balls_remaining': 2, 'is_extra_ball': False}
2024-07-20 17:06:46,864 : INFO : EventManager : Event: ======'player_shot_left_rollover_lane_enabled'====== Args={'value': True, 'prev_value': 0, 'change': 1, 'player_num': 1}
2024-07-20 17:06:46,864 : INFO : EventManager : Event: ======'player_shot_middle_rollover_lane_enabled'====== Args={'value': True, 'prev_value': 0, 'change': 1, 'player_num': 1}
2024-07-20 17:06:46,865 : INFO : EventManager : Event: ======'player_shot_right_rollover_lane_enabled'====== Args={'value': True, 'prev_value': 0, 'change': 1, 'player_num': 1}
2024-07-20 17:06:46,865 : INFO : EventManager : Event: ======'BBQ_lanes_complete'====== Args={'state': 'unlit'}
2024-07-20 17:06:46,865 : INFO : EventManager : Event: ======'BBQ_lanes_unlit_complete'====== Args={}
2024-07-20 17:06:46,866 : INFO : EventManager : Event: ======'mode_BBQ_rollover_starting'====== Args={'player': 1, 'ball': 1, 'balls_remaining': 2, 'is_extra_ball': False}
2024-07-20 17:06:46,866 : INFO : EventManager : Event: ======'mode_base_will_start'====== Args={'player': 1, 'ball': 1, 'balls_remaining': 2, 'is_extra_ball': False}
2024-07-20 17:06:46,866 : INFO : EventManager : Event: ======'player_extra_ball_score_one_num_awarded'====== Args={'value': 0, 'prev_value': 0, 'change': 0, 'player_num': 1}
2024-07-20 17:06:46,867 : INFO : EventManager : Event: ======'player_extra_ball_score_two_num_awarded'====== Args={'value': 0, 'prev_value': 0, 'change': 0, 'player_num': 1}
2024-07-20 17:06:46,867 : INFO : EventManager : Event: ======'player_shot_qualify_p_target_enabled'====== Args={'value': True, 'prev_value': 0, 'change': 1, 'player_num': 1}
2024-07-20 17:06:46,867 : INFO : EventManager : Event: ======'player_shot_qualify_r_target_enabled'====== Args={'value': True, 'prev_value': 0, 'change': 1, 'player_num': 1}
2024-07-20 17:06:46,867 : INFO : EventManager : Event: ======'player_shot_qualify_o_target_enabled'====== Args={'value': True, 'prev_value': 0, 'change': 1, 'player_num': 1}
2024-07-20 17:06:46,868 : INFO : EventManager : Event: ======'qualify_mission_complete'====== Args={'state': 'unlit'}
2024-07-20 17:06:46,868 : INFO : EventManager : Event: ======'qualify_mission_unlit_complete'====== Args={}
2024-07-20 17:06:46,870 : INFO : EventManager : Event: ======'mode_base_starting'====== Args={'player': 1, 'ball': 1, 'balls_remaining': 2, 'is_extra_ball': False}
2024-07-20 17:06:46,870 : INFO : Mode.base : Started. Priority: 100
2024-07-20 17:06:46,871 : INFO : EventManager : Event: ======'modes_active_modes_changed'====== Args={}
2024-07-20 17:06:46,871 : INFO : EventManager : Event: ======'mode_base_started'====== Args={'player': 1, 'ball': 1, 'balls_remaining': 2, 'is_extra_ball': False}
2024-07-20 17:06:46,871 : INFO : EventManager : Event: ======'ball_save_default_enabled'====== Args={}
2024-07-20 17:06:46,871 : INFO : EventManager : Event: ======'logicblock_mb_counter_updated'====== Args={'value': 0, 'enabled': True}
2024-07-20 17:06:46,872 : INFO : EventManager : Event: ======'logicblock_mb_counter_updated'====== Args={'value': 0, 'enabled': True}
2024-07-20 17:06:46,872 : INFO : Mode.rainey_multiball : Started. Priority: 250
2024-07-20 17:06:46,872 : INFO : EventManager : Event: ======'modes_active_modes_changed'====== Args={}
2024-07-20 17:06:46,872 : INFO : EventManager : Event: ======'mode_rainey_multiball_started'====== Args={'player': 1, 'ball': 1, 'balls_remaining': 2, 'is_extra_ball': False}
2024-07-20 17:06:46,872 : INFO : EventManager : Event: ======'logicblock_lb_hank_complete_count_updated'====== Args={'value': 1, 'enabled': True}
2024-07-20 17:06:46,872 : INFO : EventManager : Event: ======'logicblock_lb_hank_complete_count_updated'====== Args={'value': 1, 'enabled': True}
2024-07-20 17:06:46,872 : INFO : Mode.hank_rollover : Started. Priority: 200
2024-07-20 17:06:46,872 : INFO : EventManager : Event: ======'modes_active_modes_changed'====== Args={}
2024-07-20 17:06:46,872 : INFO : EventManager : Event: ======'mode_hank_rollover_started'====== Args={'player': 1, 'ball': 1, 'balls_remaining': 2, 'is_extra_ball': False}
2024-07-20 17:06:46,872 : INFO : EventManager : Event: ======'logicblock_lb_BBQ_complete_count_updated'====== Args={'value': 1, 'enabled': True}
2024-07-20 17:06:46,872 : INFO : EventManager : Event: ======'logicblock_lb_BBQ_complete_count_updated'====== Args={'value': 1, 'enabled': True}
2024-07-20 17:06:46,872 : INFO : Mode.BBQ_rollover : Started. Priority: 200
2024-07-20 17:06:46,872 : INFO : EventManager : Event: ======'modes_active_modes_changed'====== Args={}
2024-07-20 17:06:46,872 : INFO : EventManager : Event: ======'mode_BBQ_rollover_started'====== Args={'player': 1, 'ball': 1, 'balls_remaining': 2, 'is_extra_ball': False}
2024-07-20 17:06:46,873 : INFO : EventManager : Event: ======'player_bonus_multiplier'====== Args={'value': 1, 'prev_value': 0, 'change': 1, 'player_num': 1, 'source': 'BBQ_rollover'}
2024-07-20 17:06:46,873 : INFO : EventManager : Event: ======'single_player_ball_started'====== Args={}
2024-07-20 17:06:46,877 : INFO : EventManager : Event: ======'ball_start_target'====== Args={'target': 'playfield'}
2024-07-20 17:06:46,878 : INFO : EventManager : Event: ======'slide_skillshot_created'====== Args={'_from_bcp': True}
2024-07-20 17:06:46,878 : INFO : EventManager : Event: ======'slide_skillshot_active'====== Args={'original_context': 'skillshot', 'original_calling_context': 'mode_skillshot_started', 'queue': '<QueuedEvent>', 'cmd': 'slides_play', '_from_bcp': True}
2024-07-20 17:06:46,878 : INFO : ball_device.bd_plunger : Setting up player-controlled eject. Balls: 1, Target: <playfield.playfield>, player_controlled_eject_event: s_launch_button_inactive
2024-07-20 17:06:46,878 : INFO : EventManager : Event: ======'balldevice_balls_available'====== Args={}
2024-07-20 17:06:46,879 : INFO : ball_device.bd_trough : State: waiting_for_target_ready
2024-07-20 17:06:46,879 : INFO : EventManager : Event: ======'balldevice_bd_trough_ball_eject_attempt'====== Args={'balls': 1, 'target': <ball_device.bd_plunger>, 'source': <ball_device.bd_trough>, 'mechanical_eject': True, 'num_attempts': 0}
2024-07-20 17:06:46,879 : INFO : ball_device.bd_plunger : State: waiting_for_ball
2024-07-20 17:06:46,879 : INFO : ball_device.bd_trough : State: ejecting
2024-07-20 17:06:46,879 : INFO : ball_device.bd_trough : Ejecting ball to <ball_device.bd_plunger>
2024-07-20 17:06:46,879 : INFO : EventManager : Event: ======'balldevice_bd_trough_ejecting_ball'====== Args={'balls': 1, 'target': <ball_device.bd_plunger>, 'source': <ball_device.bd_trough>, 'mechanical_eject': True, 'num_attempts': 0}
2024-07-20 17:06:46,880 : INFO : ball_device.bd_trough : Wait for ball to leave device
2024-07-20 17:06:46,880 : INFO : coil.c_trough_eject : Pulsing Driver for 20ms (1.0 pulse_power)
2024-07-20 17:06:46,880 : INFO : SwitchController : <<<<<<< 's_trough1' inactive >>>>>>>
2024-07-20 17:06:46,881 : INFO : ball_device.bd_trough : State: ball_left
2024-07-20 17:06:46,881 : INFO : ball_device.bd_trough : Ball left
2024-07-20 17:06:46,881 : INFO : ball_device.bd_trough : Wait for confirm with timeout 3.0
2024-07-20 17:06:46,887 : INFO : EventManager : Event: ======'slide_base_created'====== Args={'_from_bcp': True}
2024-07-20 17:06:46,981 : INFO : SwitchController : <<<<<<< 's_plunger' active >>>>>>>
2024-07-20 17:06:46,981 : INFO : EventManager : Event: ======'machine_var_audits_switches_s_plunger'====== Args={'value': 641, 'prev_value': 640, 'change': 1}
2024-07-20 17:06:47,483 : INFO : ball_device.bd_plunger : Received ball from <ball_device.bd_trough>
2024-07-20 17:06:47,483 : INFO : EventManager : Event: ======'balldevice_bd_plunger_ball_enter'====== Args={'new_balls': 1, 'unclaimed_balls': 0, 'new_available_balls': 0, 'device': <ball_device.bd_plunger>}
2024-07-20 17:06:47,485 : INFO : EventManager : Event: ======'balldevice_bd_plunger_ball_entered'====== Args={'new_balls': 0, 'device': <ball_device.bd_plunger>}
2024-07-20 17:06:47,485 : INFO : EventManager : Event: ======'balldevice_bd_plunger_ball_count_changed'====== Args={'balls': 1}
2024-07-20 17:06:47,486 : INFO : ball_device.bd_trough : Got eject confirm
2024-07-20 17:06:47,486 : INFO : ball_device.bd_trough : Eject successful
2024-07-20 17:06:47,486 : INFO : EventManager : Event: ======'balldevice_bd_trough_ball_eject_success'====== Args={'balls': 1, 'target': <ball_device.bd_plunger>}
2024-07-20 17:06:47,487 : INFO : EventManager : Event: ======'balldevice_bd_trough_ball_count_changed'====== Args={'balls': 5}
2024-07-20 17:06:47,487 : INFO : ball_device.bd_trough : State: idle
2024-07-20 17:06:47,488 : INFO : ball_device.bd_plunger : State: waiting_for_target_ready
2024-07-20 17:06:47,488 : INFO : EventManager : Event: ======'balldevice_bd_plunger_ball_eject_attempt'====== Args={'balls': 1, 'target': <playfield.playfield>, 'source': <ball_device.bd_plunger>, 'mechanical_eject': True, 'num_attempts': 0}
2024-07-20 17:06:47,489 : INFO : ball_device.bd_plunger : State: ejecting
2024-07-20 17:06:47,489 : INFO : ball_device.bd_plunger : Ejecting ball to <playfield.playfield>
2024-07-20 17:06:47,489 : INFO : EventManager : Event: ======'balldevice_bd_plunger_ejecting_ball'====== Args={'balls': 1, 'target': <playfield.playfield>, 'source': <ball_device.bd_plunger>, 'mechanical_eject': True, 'num_attempts': 0}
2024-07-20 17:06:47,491 : INFO : ball_device.bd_plunger : Wait for ball to leave device
2024-07-20 17:06:47,856 : INFO : EventManager : Event: ======'player_skillshot_skillshot_rotate_tick'====== Args={'value': 1, 'prev_value': 0, 'change': 1, 'player_num': 1}
2024-07-20 17:06:47,857 : INFO : EventManager : Event: ======'timer_skillshot_rotate_tick'====== Args={'ticks': 1, 'ticks_remaining': 0}
2024-07-20 17:06:47,858 : INFO : EventManager : Event: ======'player_shot_skillshot_p_target'====== Args={'value': 0, 'prev_value': 1, 'change': -1, 'player_num': 1}
2024-07-20 17:06:47,859 : INFO : EventManager : Event: ======'player_shot_skillshot_r_target'====== Args={'value': 1, 'prev_value': 0, 'change': 1, 'player_num': 1}
2024-07-20 17:06:48,856 : INFO : EventManager : Event: ======'player_skillshot_skillshot_rotate_tick'====== Args={'value': 2, 'prev_value': 1, 'change': 1, 'player_num': 1}
2024-07-20 17:06:48,858 : INFO : EventManager : Event: ======'timer_skillshot_rotate_tick'====== Args={'ticks': 2, 'ticks_remaining': 0}
2024-07-20 17:06:48,859 : INFO : EventManager : Event: ======'player_shot_skillshot_r_target'====== Args={'value': 0, 'prev_value': 1, 'change': -1, 'player_num': 1}
2024-07-20 17:06:48,861 : INFO : EventManager : Event: ======'player_shot_skillshot_o_target'====== Args={'value': 1, 'prev_value': 0, 'change': 1, 'player_num': 1}
2024-07-20 17:06:49,857 : INFO : EventManager : Event: ======'player_skillshot_skillshot_rotate_tick'====== Args={'value': 3, 'prev_value': 2, 'change': 1, 'player_num': 1}
2024-07-20 17:06:49,858 : INFO : EventManager : Event: ======'timer_skillshot_rotate_tick'====== Args={'ticks': 3, 'ticks_remaining': 0}
2024-07-20 17:06:49,859 : INFO : EventManager : Event: ======'player_shot_skillshot_o_target'====== Args={'value': 0, 'prev_value': 1, 'change': -1, 'player_num': 1}
2024-07-20 17:06:49,861 : INFO : EventManager : Event: ======'player_shot_skillshot_p2_target'====== Args={'value': 1, 'prev_value': 0, 'change': 1, 'player_num': 1}
2024-07-20 17:06:50,856 : INFO : EventManager : Event: ======'player_skillshot_skillshot_rotate_tick'====== Args={'value': 4, 'prev_value': 3, 'change': 1, 'player_num': 1}
2024-07-20 17:06:50,858 : INFO : EventManager : Event: ======'timer_skillshot_rotate_tick'====== Args={'ticks': 4, 'ticks_remaining': 0}
2024-07-20 17:06:50,859 : INFO : EventManager : Event: ======'player_shot_skillshot_p2_target'====== Args={'value': 0, 'prev_value': 1, 'change': -1, 'player_num': 1}
2024-07-20 17:06:50,861 : INFO : EventManager : Event: ======'player_shot_skillshot_a_target'====== Args={'value': 1, 'prev_value': 0, 'change': 1, 'player_num': 1}
2024-07-20 17:06:51,856 : INFO : EventManager : Event: ======'player_skillshot_skillshot_rotate_tick'====== Args={'value': 5, 'prev_value': 4, 'change': 1, 'player_num': 1}
2024-07-20 17:06:51,858 : INFO : EventManager : Event: ======'timer_skillshot_rotate_tick'====== Args={'ticks': 5, 'ticks_remaining': 0}
2024-07-20 17:06:51,859 : INFO : EventManager : Event: ======'player_shot_skillshot_a_target'====== Args={'value': 0, 'prev_value': 1, 'change': -1, 'player_num': 1}
2024-07-20 17:06:51,861 : INFO : EventManager : Event: ======'player_shot_skillshot_n_target'====== Args={'value': 1, 'prev_value': 0, 'change': 1, 'player_num': 1}
2024-07-20 17:06:52,856 : INFO : EventManager : Event: ======'player_skillshot_skillshot_rotate_tick'====== Args={'value': 6, 'prev_value': 5, 'change': 1, 'player_num': 1}
2024-07-20 17:06:52,858 : INFO : EventManager : Event: ======'timer_skillshot_rotate_tick'====== Args={'ticks': 6, 'ticks_remaining': 0}
2024-07-20 17:06:52,859 : INFO : EventManager : Event: ======'player_shot_skillshot_n_target'====== Args={'value': 0, 'prev_value': 1, 'change': -1, 'player_num': 1}
2024-07-20 17:06:52,861 : INFO : EventManager : Event: ======'player_shot_skillshot_e_target'====== Args={'value': 1, 'prev_value': 0, 'change': 1, 'player_num': 1}
2024-07-20 17:06:53,641 : INFO : SwitchController : <<<<<<< 's_start' active >>>>>>>
2024-07-20 17:06:53,642 : INFO : EventManager : Event: ======'s_start_active'====== Args={}
2024-07-20 17:06:53,642 : INFO : EventManager : Event: ======'machine_var_audits_switches_s_start'====== Args={'value': 359, 'prev_value': 358, 'change': 1}
2024-07-20 17:06:53,644 : INFO : EventManager : Event: ======'sw_add_player'====== Args={'priority': 0}
2024-07-20 17:06:53,644 : INFO : EventManager : Event: ======'player_add_request'====== Args={}
2024-07-20 17:06:53,650 : INFO : EventManager : Event: ======'player_will_add'====== Args={'number': 2}
2024-07-20 17:06:53,650 : INFO : EventManager : Event: ======'player_adding'====== Args={'player': <Player 2>, 'number': 2}
2024-07-20 17:06:53,650 : INFO : EventManager : Event: ======'player_added'====== Args={'player': <Player 2>, 'num': 2}
2024-07-20 17:06:53,651 : INFO : Mode.game : Player added successfully. Total players: 2
2024-07-20 17:06:53,651 : INFO : EventManager : Event: ======'multiplayer_game'====== Args={}
2024-07-20 17:06:53,657 : INFO : EventManager : Event: ======'player_index'====== Args={'value': 1, 'prev_value': 1, 'change': 0, 'player_num': 2}
2024-07-20 17:06:53,657 : INFO : EventManager : Event: ======'player_number'====== Args={'value': 2, 'prev_value': 2, 'change': 0, 'player_num': 2}
2024-07-20 17:06:53,658 : INFO : EventManager : Event: ======'player_score'====== Args={'value': 0, 'prev_value': 0, 'change': 0, 'player_num': 2}
2024-07-20 17:06:53,700 : INFO : SwitchController : <<<<<<< 's_start' inactive >>>>>>>
2024-07-20 17:06:53,856 : INFO : EventManager : Event: ======'player_skillshot_skillshot_rotate_tick'====== Args={'value': 7, 'prev_value': 6, 'change': 1, 'player_num': 1}
2024-07-20 17:06:53,857 : INFO : EventManager : Event: ======'timer_skillshot_rotate_tick'====== Args={'ticks': 7, 'ticks_remaining': 0}
2024-07-20 17:06:53,861 : INFO : EventManager : Event: ======'player_shot_skillshot_p_target'====== Args={'value': 1, 'prev_value': 0, 'change': 1, 'player_num': 1}
2024-07-20 17:06:53,862 : INFO : EventManager : Event: ======'player_shot_skillshot_e_target'====== Args={'value': 0, 'prev_value': 1, 'change': -1, 'player_num': 1}
2024-07-20 17:06:54,857 : INFO : EventManager : Event: ======'player_skillshot_skillshot_rotate_tick'====== Args={'value': 8, 'prev_value': 7, 'change': 1, 'player_num': 1}
2024-07-20 17:06:54,859 : INFO : EventManager : Event: ======'timer_skillshot_rotate_tick'====== Args={'ticks': 8, 'ticks_remaining': 0}
2024-07-20 17:06:54,865 : INFO : EventManager : Event: ======'player_shot_skillshot_p_target'====== Args={'value': 0, 'prev_value': 1, 'change': -1, 'player_num': 1}
2024-07-20 17:06:54,868 : INFO : EventManager : Event: ======'player_shot_skillshot_r_target'====== Args={'value': 1, 'prev_value': 0, 'change': 1, 'player_num': 1}
2024-07-20 17:06:55,116 : INFO : SwitchController : <<<<<<< 's_start' active >>>>>>>
2024-07-20 17:06:55,117 : INFO : EventManager : Event: ======'s_start_active'====== Args={}
2024-07-20 17:06:55,117 : INFO : EventManager : Event: ======'machine_var_audits_switches_s_start'====== Args={'value': 360, 'prev_value': 359, 'change': 1}
2024-07-20 17:06:55,119 : INFO : EventManager : Event: ======'sw_add_player'====== Args={'priority': 0}
2024-07-20 17:06:55,120 : INFO : EventManager : Event: ======'player_add_request'====== Args={}
2024-07-20 17:06:55,120 : INFO : EventManager : Event: ======'player_will_add'====== Args={'number': 3}
2024-07-20 17:06:55,126 : INFO : EventManager : Event: ======'player_adding'====== Args={'player': <Player 3>, 'number': 3}
2024-07-20 17:06:55,133 : INFO : EventManager : Event: ======'player_added'====== Args={'player': <Player 3>, 'num': 3}
2024-07-20 17:06:55,135 : INFO : Mode.game : Player added successfully. Total players: 3
2024-07-20 17:06:55,135 : INFO : EventManager : Event: ======'player_index'====== Args={'value': 2, 'prev_value': 2, 'change': 0, 'player_num': 3}
2024-07-20 17:06:55,136 : INFO : EventManager : Event: ======'player_number'====== Args={'value': 3, 'prev_value': 3, 'change': 0, 'player_num': 3}
2024-07-20 17:06:55,136 : INFO : EventManager : Event: ======'player_score'====== Args={'value': 0, 'prev_value': 0, 'change': 0, 'player_num': 3}
2024-07-20 17:06:55,184 : INFO : SwitchController : <<<<<<< 's_start' inactive >>>>>>>
2024-07-20 17:06:55,856 : INFO : EventManager : Event: ======'player_skillshot_skillshot_rotate_tick'====== Args={'value': 9, 'prev_value': 8, 'change': 1, 'player_num': 1}
2024-07-20 17:06:55,857 : INFO : EventManager : Event: ======'timer_skillshot_rotate_tick'====== Args={'ticks': 9, 'ticks_remaining': 0}
2024-07-20 17:06:55,862 : INFO : EventManager : Event: ======'player_shot_skillshot_r_target'====== Args={'value': 0, 'prev_value': 1, 'change': -1, 'player_num': 1}
2024-07-20 17:06:55,868 : INFO : EventManager : Event: ======'player_shot_skillshot_o_target'====== Args={'value': 1, 'prev_value': 0, 'change': 1, 'player_num': 1}
2024-07-20 17:06:56,856 : INFO : EventManager : Event: ======'player_skillshot_skillshot_rotate_tick'====== Args={'value': 10, 'prev_value': 9, 'change': 1, 'player_num': 1}
2024-07-20 17:06:56,858 : INFO : EventManager : Event: ======'timer_skillshot_rotate_tick'====== Args={'ticks': 10, 'ticks_remaining': 0}
2024-07-20 17:06:56,864 : INFO : EventManager : Event: ======'player_shot_skillshot_o_target'====== Args={'value': 0, 'prev_value': 1, 'change': -1, 'player_num': 1}
2024-07-20 17:06:56,869 : INFO : EventManager : Event: ======'player_shot_skillshot_p2_target'====== Args={'value': 1, 'prev_value': 0, 'change': 1, 'player_num': 1}
2024-07-20 17:06:56,999 : INFO : SwitchController : <<<<<<< 's_start' active >>>>>>>
2024-07-20 17:06:56,999 : INFO : EventManager : Event: ======'s_start_active'====== Args={}
2024-07-20 17:06:56,999 : INFO : EventManager : Event: ======'machine_var_audits_switches_s_start'====== Args={'value': 361, 'prev_value': 360, 'change': 1}
2024-07-20 17:06:57,001 : INFO : EventManager : Event: ======'sw_add_player'====== Args={'priority': 0}
2024-07-20 17:06:57,001 : INFO : EventManager : Event: ======'player_add_request'====== Args={}
2024-07-20 17:06:57,001 : INFO : EventManager : Event: ======'player_will_add'====== Args={'number': 4}
2024-07-20 17:06:57,001 : INFO : EventManager : Event: ======'player_adding'====== Args={'player': <Player 4>, 'number': 4}
2024-07-20 17:06:57,002 : INFO : EventManager : Event: ======'player_added'====== Args={'player': <Player 4>, 'num': 4}
2024-07-20 17:06:57,002 : INFO : Mode.game : Player added successfully. Total players: 4
2024-07-20 17:06:57,010 : INFO : EventManager : Event: ======'player_index'====== Args={'value': 3, 'prev_value': 3, 'change': 0, 'player_num': 4}
2024-07-20 17:06:57,010 : INFO : EventManager : Event: ======'player_number'====== Args={'value': 4, 'prev_value': 4, 'change': 0, 'player_num': 4}
2024-07-20 17:06:57,011 : INFO : EventManager : Event: ======'player_score'====== Args={'value': 0, 'prev_value': 0, 'change': 0, 'player_num': 4}
2024-07-20 17:06:57,082 : INFO : SwitchController : <<<<<<< 's_start' inactive >>>>>>>
2024-07-20 17:06:57,855 : INFO : EventManager : Event: ======'player_skillshot_skillshot_rotate_tick'====== Args={'value': 11, 'prev_value': 10, 'change': 1, 'player_num': 1}
2024-07-20 17:06:57,857 : INFO : EventManager : Event: ======'timer_skillshot_rotate_tick'====== Args={'ticks': 11, 'ticks_remaining': 0}
2024-07-20 17:06:57,859 : INFO : EventManager : Event: ======'player_shot_skillshot_p2_target'====== Args={'value': 0, 'prev_value': 1, 'change': -1, 'player_num': 1}
2024-07-20 17:06:57,860 : INFO : EventManager : Event: ======'player_shot_skillshot_a_target'====== Args={'value': 1, 'prev_value': 0, 'change': 1, 'player_num': 1}
2024-07-20 17:06:58,856 : INFO : EventManager : Event: ======'player_skillshot_skillshot_rotate_tick'====== Args={'value': 12, 'prev_value': 11, 'change': 1, 'player_num': 1}
2024-07-20 17:06:58,857 : INFO : EventManager : Event: ======'timer_skillshot_rotate_tick'====== Args={'ticks': 12, 'ticks_remaining': 0}
2024-07-20 17:06:58,860 : INFO : EventManager : Event: ======'player_shot_skillshot_a_target'====== Args={'value': 0, 'prev_value': 1, 'change': -1, 'player_num': 1}
2024-07-20 17:06:58,861 : INFO : EventManager : Event: ======'player_shot_skillshot_n_target'====== Args={'value': 1, 'prev_value': 0, 'change': 1, 'player_num': 1}
2024-07-20 17:06:59,856 : INFO : EventManager : Event: ======'player_skillshot_skillshot_rotate_tick'====== Args={'value': 13, 'prev_value': 12, 'change': 1, 'player_num': 1}
2024-07-20 17:06:59,858 : INFO : EventManager : Event: ======'timer_skillshot_rotate_tick'====== Args={'ticks': 13, 'ticks_remaining': 0}
2024-07-20 17:06:59,863 : INFO : EventManager : Event: ======'player_shot_skillshot_n_target'====== Args={'value': 0, 'prev_value': 1, 'change': -1, 'player_num': 1}
2024-07-20 17:06:59,864 : INFO : EventManager : Event: ======'player_shot_skillshot_e_target'====== Args={'value': 1, 'prev_value': 0, 'change': 1, 'player_num': 1}
2024-07-20 17:07:00,855 : INFO : EventManager : Event: ======'player_skillshot_skillshot_rotate_tick'====== Args={'value': 14, 'prev_value': 13, 'change': 1, 'player_num': 1}
2024-07-20 17:07:00,856 : INFO : EventManager : Event: ======'timer_skillshot_rotate_tick'====== Args={'ticks': 14, 'ticks_remaining': 0}
2024-07-20 17:07:00,858 : INFO : EventManager : Event: ======'player_shot_skillshot_p_target'====== Args={'value': 1, 'prev_value': 0, 'change': 1, 'player_num': 1}
2024-07-20 17:07:00,859 : INFO : EventManager : Event: ======'player_shot_skillshot_e_target'====== Args={'value': 0, 'prev_value': 1, 'change': -1, 'player_num': 1}
2024-07-20 17:07:01,856 : INFO : EventManager : Event: ======'player_skillshot_skillshot_rotate_tick'====== Args={'value': 15, 'prev_value': 14, 'change': 1, 'player_num': 1}
2024-07-20 17:07:01,857 : INFO : EventManager : Event: ======'timer_skillshot_rotate_tick'====== Args={'ticks': 15, 'ticks_remaining': 0}
2024-07-20 17:07:01,860 : INFO : EventManager : Event: ======'player_shot_skillshot_p_target'====== Args={'value': 0, 'prev_value': 1, 'change': -1, 'player_num': 1}
2024-07-20 17:07:01,861 : INFO : EventManager : Event: ======'player_shot_skillshot_r_target'====== Args={'value': 1, 'prev_value': 0, 'change': 1, 'player_num': 1}
2024-07-20 17:07:02,140 : INFO : Machine : Shutting down...
2024-07-20 17:07:02,141 : INFO : EventManager : Event: ======'shutdown'====== Args={}
2024-07-20 17:07:02,143 : INFO : EventManager : Event: ======'mode_game_will_stop'====== Args={}
2024-07-20 17:07:02,143 : INFO : EventManager : Event: ======'mode_game_stopping'====== Args={}
2024-07-20 17:07:02,143 : INFO : EventManager : Event: ======'mode_hank_rollover_will_stop'====== Args={}
2024-07-20 17:07:02,143 : INFO : EventManager : Event: ======'mode_hank_rollover_stopping'====== Args={}
2024-07-20 17:07:02,144 : INFO : EventManager : Event: ======'mode_rainey_multiball_will_stop'====== Args={}
2024-07-20 17:07:02,144 : INFO : EventManager : Event: ======'mode_rainey_multiball_stopping'====== Args={}
2024-07-20 17:07:02,144 : INFO : EventManager : Event: ======'mode_BBQ_rollover_will_stop'====== Args={}
2024-07-20 17:07:02,144 : INFO : EventManager : Event: ======'mode_BBQ_rollover_stopping'====== Args={}
2024-07-20 17:07:02,144 : INFO : EventManager : Event: ======'mode_base_will_stop'====== Args={}
2024-07-20 17:07:02,144 : INFO : EventManager : Event: ======'mode_base_stopping'====== Args={}
2024-07-20 17:07:02,144 : INFO : EventManager : Event: ======'mode_skillshot_will_stop'====== Args={}
2024-07-20 17:07:02,144 : INFO : EventManager : Event: ======'mode_skillshot_stopping'====== Args={}
2024-07-20 17:07:02,145 : INFO : Mode.skillshot : Stopped.
2024-07-20 17:07:02,145 : INFO : EventManager : Event: ======'modes_active_modes_changed'====== Args={}
2024-07-20 17:07:02,145 : INFO : EventManager : Event: ======'mode_skillshot_stopped'====== Args={}
2024-07-20 17:07:02,145 : INFO : EventManager : Event: ======'clear'====== Args={'key': 'skillshot'}
2024-07-20 17:07:02,146 : INFO : Timer.skillshot_rotate : Stopping Timer
2024-07-20 17:07:02,147 : INFO : EventManager : Event: ======'timer_skillshot_rotate_stopped'====== Args={'ticks': 15, 'ticks_remaining': 0}
2024-07-20 17:07:02,148 : INFO : Mode.base : Stopped.
2024-07-20 17:07:02,148 : INFO : EventManager : Event: ======'modes_active_modes_changed'====== Args={}
2024-07-20 17:07:02,148 : INFO : EventManager : Event: ======'mode_base_stopped'====== Args={}
2024-07-20 17:07:02,148 : INFO : EventManager : Event: ======'clear'====== Args={'key': 'base'}
2024-07-20 17:07:02,148 : INFO : EventManager : Event: ======'ball_save_default_disabled'====== Args={}
2024-07-20 17:07:02,149 : INFO : Mode.BBQ_rollover : Stopped.
2024-07-20 17:07:02,149 : INFO : EventManager : Event: ======'modes_active_modes_changed'====== Args={}
2024-07-20 17:07:02,149 : INFO : EventManager : Event: ======'mode_BBQ_rollover_stopped'====== Args={}
2024-07-20 17:07:02,150 : INFO : EventManager : Event: ======'clear'====== Args={'key': 'BBQ_rollover'}
2024-07-20 17:07:02,150 : INFO : Mode.rainey_multiball : Stopped.
2024-07-20 17:07:02,150 : INFO : EventManager : Event: ======'modes_active_modes_changed'====== Args={}
2024-07-20 17:07:02,150 : INFO : EventManager : Event: ======'mode_rainey_multiball_stopped'====== Args={}
2024-07-20 17:07:02,151 : INFO : EventManager : Event: ======'clear'====== Args={'key': 'rainey_multiball'}
2024-07-20 17:07:02,151 : INFO : Mode.hank_rollover : Stopped.
2024-07-20 17:07:02,151 : INFO : EventManager : Event: ======'modes_active_modes_changed'====== Args={}
2024-07-20 17:07:02,151 : INFO : EventManager : Event: ======'mode_hank_rollover_stopped'====== Args={}
2024-07-20 17:07:02,151 : INFO : EventManager : Event: ======'clear'====== Args={'key': 'hank_rollover'}
2024-07-20 17:07:02,152 : INFO : Mode.game : Stopped.
2024-07-20 17:07:02,152 : INFO : EventManager : Event: ======'modes_active_modes_changed'====== Args={}
2024-07-20 17:07:02,153 : INFO : EventManager : Event: ======'mode_game_stopped'====== Args={}
2024-07-20 17:07:02,153 : INFO : EventManager : Event: ======'clear'====== Args={'key': 'game'}
2024-07-20 17:07:02,155 : INFO : root : MPF run loop ended.
