2024-07-13 20:24:44,799 : INFO : root : Loading config.
2024-07-13 20:24:44,801 : INFO : YamlMultifileConfigLoader : Machine config file #1: config.yaml
2024-07-13 20:24:44,801 : INFO : ConfigProcessor : Loading config from cache: /var/folders/sv/d29kcl5x50v7vt1n6xb5jsd40000gn/T/c166cef8060ffee16a35821bf698da85.mpf_cache
2024-07-13 20:24:44,843 : INFO : ConfigProcessor : Loading config from cache: /var/folders/sv/d29kcl5x50v7vt1n6xb5jsd40000gn/T/6b31c5ac6ecbad948994a8204ea6b05b.mpf_cache
2024-07-13 20:24:44,844 : INFO : ConfigProcessor : Loading config from cache: /var/folders/sv/d29kcl5x50v7vt1n6xb5jsd40000gn/T/fe612d1e66c8a96c19ba449d3748eeac.mpf_cache
2024-07-13 20:24:44,844 : INFO : ConfigProcessor : Loading config from cache: /var/folders/sv/d29kcl5x50v7vt1n6xb5jsd40000gn/T/6b31c5ac6ecbad948994a8204ea6b05b.mpf_cache
2024-07-13 20:24:44,844 : INFO : ConfigProcessor : Loading config from cache: /var/folders/sv/d29kcl5x50v7vt1n6xb5jsd40000gn/T/8765227693ecd961e0504502a81255e0.mpf_cache
2024-07-13 20:24:44,844 : INFO : ConfigProcessor : Loading config from cache: /var/folders/sv/d29kcl5x50v7vt1n6xb5jsd40000gn/T/b247728c74b4d81bcb2825e2b07062a7.mpf_cache
2024-07-13 20:24:44,845 : INFO : ConfigProcessor : Loading config from cache: /var/folders/sv/d29kcl5x50v7vt1n6xb5jsd40000gn/T/f240f94f0b5d0f37ec4fd7571275a101.mpf_cache
2024-07-13 20:24:44,845 : INFO : ConfigProcessor : Loading config from cache: /var/folders/sv/d29kcl5x50v7vt1n6xb5jsd40000gn/T/c4409acfdf3ec94666e0adef48d55400.mpf_cache
2024-07-13 20:24:44,845 : INFO : ConfigProcessor : Loading config from cache: /var/folders/sv/d29kcl5x50v7vt1n6xb5jsd40000gn/T/6a2f50ed892485825cc04dc0a68eab9f.mpf_cache
2024-07-13 20:24:44,846 : INFO : ConfigProcessor : Loading config from cache: /var/folders/sv/d29kcl5x50v7vt1n6xb5jsd40000gn/T/d58c58eb9fd1a2dc27f8acd255fb3761.mpf_cache
2024-07-13 20:24:44,846 : INFO : ConfigProcessor : Loading config from cache: /var/folders/sv/d29kcl5x50v7vt1n6xb5jsd40000gn/T/07adfd310b3ef0e03c5cbc91527abb6c.mpf_cache
2024-07-13 20:24:44,846 : INFO : ConfigProcessor : Loading config from cache: /var/folders/sv/d29kcl5x50v7vt1n6xb5jsd40000gn/T/12bd5247c3bf989b919364bdb7829769.mpf_cache
2024-07-13 20:24:44,846 : INFO : ConfigProcessor : Loading config from cache: /var/folders/sv/d29kcl5x50v7vt1n6xb5jsd40000gn/T/362e08f51a1a1b7a0809dd52f9c83f83.mpf_cache
2024-07-13 20:24:44,846 : INFO : ConfigProcessor : Loading config from cache: /var/folders/sv/d29kcl5x50v7vt1n6xb5jsd40000gn/T/e45e3bd39557ed8d0881194a7afab8f7.mpf_cache
2024-07-13 20:24:44,847 : INFO : ConfigProcessor : Loading config from cache: /var/folders/sv/d29kcl5x50v7vt1n6xb5jsd40000gn/T/331d8d1a1bc190cae8c13495e1db372f.mpf_cache
2024-07-13 20:24:44,847 : INFO : ConfigProcessor : Loading config from cache: /var/folders/sv/d29kcl5x50v7vt1n6xb5jsd40000gn/T/34853b7ed6df3aedbba239874ade5ac8.mpf_cache
2024-07-13 20:24:44,847 : INFO : ConfigProcessor : Loading config from cache: /var/folders/sv/d29kcl5x50v7vt1n6xb5jsd40000gn/T/280fd64455d0d243a54ab4db98fbccbd.mpf_cache
2024-07-13 20:24:44,847 : WARNING : ConfigProcessor : Config file in cache changed: /Users/nicktaseris/Desktop/Pinball/KOTH/modes/mission_select/config/mission_select.yaml
2024-07-13 20:24:44,847 : INFO : ConfigProcessor : Loading config from file /Users/nicktaseris/Desktop/Pinball/KOTH/modes/mission_select/config/mission_select.yaml.
2024-07-13 20:24:44,849 : INFO : ConfigProcessor : Loading config: /Users/nicktaseris/Desktop/Pinball/KOTH/modes/mission_select/config/mission_select.yaml
2024-07-13 20:24:44,849 : INFO : ConfigProcessor : Config file cache created: /var/folders/sv/d29kcl5x50v7vt1n6xb5jsd40000gn/T/0c0596ed8fbb40b6113901d21bdc0a39.mpf_cache
2024-07-13 20:24:44,849 : INFO : ConfigProcessor : Loading config from cache: /var/folders/sv/d29kcl5x50v7vt1n6xb5jsd40000gn/T/3048ed2d7ea14eee3db896f6760aa474.mpf_cache
2024-07-13 20:24:44,850 : INFO : Machine : Mission Pinball Framework Core Engine v0.80.0.dev1
2024-07-13 20:24:44,850 : INFO : Machine : Command line arguments: {'no_load_cache': False, 'create_config_cache': True, 'bcp': True, 'configfile': ['config.yaml'], 'force_assets_load': False, 'platform_integration_test': False, 'jsonlogging': False, 'logfile': 'logs/2024-07-13-20-24-44-mpf-Nicks-Air.lan.log', 'pause': False, 'production': False, 'text_ui': True, 'loglevel': 15, 'consoleloglevel': 20, 'force_platform': None, 'syslog_address': None, 'mc_file_name': None, 'no_sound': False, 'full_logfile_path': '/Users/nicktaseris/Desktop/Pinball/KOTH/logs/2024-07-13-20-24-44-mpf-Nicks-Air.lan.log'}
2024-07-13 20:24:44,850 : INFO : Machine : MPF path: /Users/nicktaseris/mpfenv/lib/python3.9/site-packages/mpf
2024-07-13 20:24:44,850 : INFO : Machine : Machine path: /Users/nicktaseris/Desktop/Pinball/KOTH
2024-07-13 20:24:44,850 : INFO : Machine : Platform: darwin
2024-07-13 20:24:44,850 : INFO : Machine : Python executable location: /Users/nicktaseris/mpfenv/bin/python3
2024-07-13 20:24:44,850 : INFO : Machine : Python version: 3.9.13 (64-bit)
2024-07-13 20:24:44,850 : INFO : Machine : Initializing MPF...
2024-07-13 20:24:44,879 : INFO : EventManager : Event: ======'machine_var_credits_string'====== Args={'value': 'FREE PLAY', 'prev_value': None, 'change': True}
2024-07-13 20:24:44,885 : INFO : EventManager : Event: ======'machine_var_master_volume'====== Args={'value': 0.5, 'prev_value': None, 'change': True}
2024-07-13 20:24:44,885 : INFO : EventManager : Event: ======'machine_var_player1_score'====== Args={'value': 370600, 'prev_value': None, 'change': True}
2024-07-13 20:24:44,885 : INFO : EventManager : Event: ======'machine_var_mpf_version'====== Args={'value': 'Mission Pinball Framework v0.80.0.dev1', 'prev_value': None, 'change': True}
2024-07-13 20:24:44,885 : INFO : EventManager : Event: ======'machine_var_mpf_extended_version'====== Args={'value': 'Mission Pinball Framework v0.80.0.dev1, Config version:6, Show version: 6, BCP version:1.1', 'prev_value': None, 'change': True}
2024-07-13 20:24:44,885 : INFO : EventManager : Event: ======'machine_var_python_version'====== Args={'value': '3.9.13', 'prev_value': None, 'change': True}
2024-07-13 20:24:44,896 : INFO : EventManager : Event: ======'machine_var_platform'====== Args={'value': 'macOS-12.1-arm64-arm-64bit', 'prev_value': None, 'change': True}
2024-07-13 20:24:44,896 : INFO : EventManager : Event: ======'machine_var_platform_system'====== Args={'value': 'Darwin', 'prev_value': None, 'change': True}
2024-07-13 20:24:44,896 : INFO : EventManager : Event: ======'machine_var_platform_release'====== Args={'value': '21.2.0', 'prev_value': None, 'change': True}
2024-07-13 20:24:44,896 : INFO : EventManager : Event: ======'machine_var_platform_version'====== Args={'value': 'Darwin Kernel Version 21.2.0: Sun Nov 28 20:29:10 PST 2021; root:xnu-8019.61.5~1/RELEASE_ARM64_T8101', 'prev_value': None, 'change': True}
2024-07-13 20:24:44,896 : INFO : EventManager : Event: ======'machine_var_platform_machine'====== Args={'value': 'arm64', 'prev_value': None, 'change': True}
2024-07-13 20:24:44,896 : INFO : EventManager : Event: ======'machine_var_log_file_path'====== Args={'value': '/Users/nicktaseris/Desktop/Pinball/KOTH/logs/2024-07-13-20-24-44-mpf-Nicks-Air.lan.log', 'prev_value': None, 'change': True}
2024-07-13 20:24:44,896 : INFO : EventManager : Event: ======'init_phase_1'====== Args={}
2024-07-13 20:24:44,923 : INFO : EventManager : Event: ======'drop_target_bank_strickland_bank_up'====== Args={}
2024-07-13 20:24:44,924 : INFO : EventManager : Event: ======'init_phase_2'====== Args={}
2024-07-13 20:24:44,924 : INFO : SwitchController : Found active switch: ('39', <Platform.SmartVirtual>) <switch.s_trough1>
2024-07-13 20:24:44,924 : INFO : SwitchController : Found active switch: ('40', <Platform.SmartVirtual>) <switch.s_trough2>
2024-07-13 20:24:44,924 : INFO : SwitchController : Found active switch: ('41', <Platform.SmartVirtual>) <switch.s_trough3>
2024-07-13 20:24:44,924 : INFO : SwitchController : Found active switch: ('42', <Platform.SmartVirtual>) <switch.s_trough4>
2024-07-13 20:24:44,924 : INFO : SwitchController : Found active switch: ('43', <Platform.SmartVirtual>) <switch.s_trough5>
2024-07-13 20:24:44,924 : INFO : SwitchController : Found active switch: ('44', <Platform.SmartVirtual>) <switch.s_trough6>
2024-07-13 20:24:44,927 : INFO : EventManager : Event: ======'bcp_connection_attempt'====== Args={'name': 'local_display', 'host': 'localhost', 'port': 5050}
2024-07-13 20:24:44,928 : INFO : BCPClientSocket : Connecting BCP to 'local_display' at localhost:5050...
2024-07-13 20:24:44,937 : INFO : BCPClientSocket : Connected BCP to 'local_display' localhost:5050
2024-07-13 20:24:44,938 : INFO : EventManager : Event: ======'bcp_clients_connected'====== Args={}
2024-07-13 20:24:44,938 : INFO : ball_device.bd_trough : BCH: Initial count: 6
2024-07-13 20:24:44,939 : INFO : ball_device.bd_trough : State: idle
2024-07-13 20:24:44,939 : INFO : ball_device.bd_plunger : BCH: Initial count: 0
2024-07-13 20:24:44,939 : INFO : ball_device.bd_plunger : State: idle
2024-07-13 20:24:44,939 : INFO : ball_device.bd_scoop : BCH: Initial count: 0
2024-07-13 20:24:44,939 : INFO : ball_device.bd_scoop : State: idle
2024-07-13 20:24:44,944 : INFO : EventManager : Event: ======'init_phase_3'====== Args={}
2024-07-13 20:24:44,945 : INFO : EventManager : Event: ======'init_phase_4'====== Args={}
2024-07-13 20:24:44,945 : INFO : BallController : Initial balls found: 6
2024-07-13 20:24:44,946 : INFO : EventManager : Event: ======'machine_var_audits_events_game_ended'====== Args={'value': 3, 'prev_value': None, 'change': True}
2024-07-13 20:24:44,946 : INFO : EventManager : Event: ======'machine_var_audits_events_game_started'====== Args={'value': 295, 'prev_value': None, 'change': True}
2024-07-13 20:24:44,946 : INFO : EventManager : Event: ======'machine_var_audits_missing_switches_s_bottom_inline_drop'====== Args={'value': 40, 'prev_value': None, 'change': True}
2024-07-13 20:24:44,946 : INFO : EventManager : Event: ======'machine_var_audits_missing_switches_s_bottom_pop_bumper'====== Args={'value': 34, 'prev_value': None, 'change': True}
2024-07-13 20:24:44,946 : INFO : EventManager : Event: ======'machine_var_audits_missing_switches_s_center_spinner'====== Args={'value': 42, 'prev_value': None, 'change': True}
2024-07-13 20:24:44,946 : INFO : EventManager : Event: ======'machine_var_audits_missing_switches_s_e_target'====== Args={'value': 1, 'prev_value': None, 'change': True}
2024-07-13 20:24:44,946 : INFO : EventManager : Event: ======'machine_var_audits_missing_switches_s_left_flipper'====== Args={'value': 14, 'prev_value': None, 'change': True}
2024-07-13 20:24:44,946 : INFO : EventManager : Event: ======'machine_var_audits_missing_switches_s_left_inlane'====== Args={'value': 173, 'prev_value': None, 'change': True}
2024-07-13 20:24:44,946 : INFO : EventManager : Event: ======'machine_var_audits_missing_switches_s_left_inner_horseshoe'====== Args={'value': 51, 'prev_value': None, 'change': True}
2024-07-13 20:24:44,946 : INFO : EventManager : Event: ======'machine_var_audits_missing_switches_s_left_orbit_enter'====== Args={'value': 210, 'prev_value': None, 'change': True}
2024-07-13 20:24:44,946 : INFO : EventManager : Event: ======'machine_var_audits_missing_switches_s_left_orbit_exit'====== Args={'value': 51, 'prev_value': None, 'change': True}
2024-07-13 20:24:44,946 : INFO : EventManager : Event: ======'machine_var_audits_missing_switches_s_left_outlane'====== Args={'value': 170, 'prev_value': None, 'change': True}
2024-07-13 20:24:44,946 : INFO : EventManager : Event: ======'machine_var_audits_missing_switches_s_left_pop_bumper'====== Args={'value': 246, 'prev_value': None, 'change': True}
2024-07-13 20:24:44,946 : INFO : EventManager : Event: ======'machine_var_audits_missing_switches_s_left_ramp_enter'====== Args={'value': 109, 'prev_value': None, 'change': True}
2024-07-13 20:24:44,946 : INFO : EventManager : Event: ======'machine_var_audits_missing_switches_s_left_ramp_exit'====== Args={'value': 173, 'prev_value': None, 'change': True}
2024-07-13 20:24:44,946 : INFO : EventManager : Event: ======'machine_var_audits_missing_switches_s_left_ramp_standup'====== Args={'value': 3, 'prev_value': None, 'change': True}
2024-07-13 20:24:44,946 : INFO : EventManager : Event: ======'machine_var_audits_missing_switches_s_left_rollover_lane'====== Args={'value': 1, 'prev_value': None, 'change': True}
2024-07-13 20:24:44,946 : INFO : EventManager : Event: ======'machine_var_audits_missing_switches_s_left_sling'====== Args={'value': 235, 'prev_value': None, 'change': True}
2024-07-13 20:24:44,947 : INFO : EventManager : Event: ======'machine_var_audits_missing_switches_s_left_spinner'====== Args={'value': 184, 'prev_value': None, 'change': True}
2024-07-13 20:24:44,947 : INFO : EventManager : Event: ======'machine_var_audits_missing_switches_s_middle_inline_drop'====== Args={'value': 40, 'prev_value': None, 'change': True}
2024-07-13 20:24:44,947 : INFO : EventManager : Event: ======'machine_var_audits_missing_switches_s_middle_rollover_lane'====== Args={'value': 1, 'prev_value': None, 'change': True}
2024-07-13 20:24:44,947 : INFO : EventManager : Event: ======'machine_var_audits_missing_switches_s_p2_target'====== Args={'value': 7, 'prev_value': None, 'change': True}
2024-07-13 20:24:44,947 : INFO : EventManager : Event: ======'machine_var_audits_missing_switches_s_right_flipper'====== Args={'value': 27, 'prev_value': None, 'change': True}
2024-07-13 20:24:44,947 : INFO : EventManager : Event: ======'machine_var_audits_missing_switches_s_right_inlane'====== Args={'value': 246, 'prev_value': None, 'change': True}
2024-07-13 20:24:44,947 : INFO : EventManager : Event: ======'machine_var_audits_missing_switches_s_right_inner_horseshoe'====== Args={'value': 25, 'prev_value': None, 'change': True}
2024-07-13 20:24:44,947 : INFO : EventManager : Event: ======'machine_var_audits_missing_switches_s_right_orbit_exit'====== Args={'value': 38, 'prev_value': None, 'change': True}
2024-07-13 20:24:44,947 : INFO : EventManager : Event: ======'machine_var_audits_missing_switches_s_right_outlane'====== Args={'value': 246, 'prev_value': None, 'change': True}
2024-07-13 20:24:44,947 : INFO : EventManager : Event: ======'machine_var_audits_missing_switches_s_right_pop_bumper'====== Args={'value': 2, 'prev_value': None, 'change': True}
2024-07-13 20:24:44,947 : INFO : EventManager : Event: ======'machine_var_audits_missing_switches_s_right_ramp_standup'====== Args={'value': 3, 'prev_value': None, 'change': True}
2024-07-13 20:24:44,947 : INFO : EventManager : Event: ======'machine_var_audits_missing_switches_s_right_rollover_lane'====== Args={'value': 1, 'prev_value': None, 'change': True}
2024-07-13 20:24:44,947 : INFO : EventManager : Event: ======'machine_var_audits_missing_switches_s_right_sling'====== Args={'value': 246, 'prev_value': None, 'change': True}
2024-07-13 20:24:44,947 : INFO : EventManager : Event: ======'machine_var_audits_missing_switches_s_start'====== Args={'value': 27, 'prev_value': None, 'change': True}
2024-07-13 20:24:44,947 : INFO : EventManager : Event: ======'machine_var_audits_missing_switches_s_top_inline_drop'====== Args={'value': 40, 'prev_value': None, 'change': True}
2024-07-13 20:24:44,948 : INFO : EventManager : Event: ======'machine_var_audits_missing_switches_s_trough1'====== Args={'value': 8, 'prev_value': None, 'change': True}
2024-07-13 20:24:44,948 : INFO : EventManager : Event: ======'machine_var_audits_missing_switches_s_trough2'====== Args={'value': 172, 'prev_value': None, 'change': True}
2024-07-13 20:24:44,948 : INFO : EventManager : Event: ======'machine_var_audits_missing_switches_s_trough3'====== Args={'value': 250, 'prev_value': None, 'change': True}
2024-07-13 20:24:44,948 : INFO : EventManager : Event: ======'machine_var_audits_missing_switches_s_trough4'====== Args={'value': 250, 'prev_value': None, 'change': True}
2024-07-13 20:24:44,948 : INFO : EventManager : Event: ======'machine_var_audits_missing_switches_s_trough5'====== Args={'value': 250, 'prev_value': None, 'change': True}
2024-07-13 20:24:44,948 : INFO : EventManager : Event: ======'machine_var_audits_missing_switches_s_trough6'====== Args={'value': 250, 'prev_value': None, 'change': True}
2024-07-13 20:24:44,948 : INFO : EventManager : Event: ======'machine_var_audits_missing_switches_s_trough_jam'====== Args={'value': 183, 'prev_value': None, 'change': True}
2024-07-13 20:24:44,948 : INFO : EventManager : Event: ======'machine_var_audits_player_score'====== Args={'value': {'average': 92899, 'top': [370600, 400, 300, 250], 'total': 4}, 'prev_value': None, 'change': True}
2024-07-13 20:24:44,948 : INFO : EventManager : Event: ======'machine_var_audits_shots_a_target'====== Args={'value': 7, 'prev_value': None, 'change': True}
2024-07-13 20:24:44,948 : INFO : EventManager : Event: ======'machine_var_audits_shots_e_target'====== Args={'value': 3, 'prev_value': None, 'change': True}
2024-07-13 20:24:44,948 : INFO : EventManager : Event: ======'machine_var_audits_shots_left_rollover_lane'====== Args={'value': 106, 'prev_value': None, 'change': True}
2024-07-13 20:24:44,948 : INFO : EventManager : Event: ======'machine_var_audits_shots_middle_rollover_lane'====== Args={'value': 103, 'prev_value': None, 'change': True}
2024-07-13 20:24:44,949 : INFO : EventManager : Event: ======'machine_var_audits_shots_n_target'====== Args={'value': 9, 'prev_value': None, 'change': True}
2024-07-13 20:24:44,949 : INFO : EventManager : Event: ======'machine_var_audits_shots_o_target'====== Args={'value': 4, 'prev_value': None, 'change': True}
2024-07-13 20:24:44,949 : INFO : EventManager : Event: ======'machine_var_audits_shots_p2_target'====== Args={'value': 5, 'prev_value': None, 'change': True}
2024-07-13 20:24:44,949 : INFO : EventManager : Event: ======'machine_var_audits_shots_p_target'====== Args={'value': 8, 'prev_value': None, 'change': True}
2024-07-13 20:24:44,949 : INFO : EventManager : Event: ======'machine_var_audits_shots_qualify_o_target'====== Args={'value': 22, 'prev_value': None, 'change': True}
2024-07-13 20:24:44,949 : INFO : EventManager : Event: ======'machine_var_audits_shots_qualify_p_target'====== Args={'value': 18, 'prev_value': None, 'change': True}
2024-07-13 20:24:44,949 : INFO : EventManager : Event: ======'machine_var_audits_shots_qualify_r_target'====== Args={'value': 54, 'prev_value': None, 'change': True}
2024-07-13 20:24:44,949 : INFO : EventManager : Event: ======'machine_var_audits_shots_r_target'====== Args={'value': 14, 'prev_value': None, 'change': True}
2024-07-13 20:24:44,949 : INFO : EventManager : Event: ======'machine_var_audits_shots_right_rollover_lane'====== Args={'value': 106, 'prev_value': None, 'change': True}
2024-07-13 20:24:44,949 : INFO : EventManager : Event: ======'machine_var_audits_shots_skillshot_a_target'====== Args={'value': 14, 'prev_value': None, 'change': True}
2024-07-13 20:24:44,949 : INFO : EventManager : Event: ======'machine_var_audits_shots_skillshot_e_target'====== Args={'value': 19, 'prev_value': None, 'change': True}
2024-07-13 20:24:44,950 : INFO : EventManager : Event: ======'machine_var_audits_shots_skillshot_n_target'====== Args={'value': 17, 'prev_value': None, 'change': True}
2024-07-13 20:24:44,950 : INFO : EventManager : Event: ======'machine_var_audits_shots_skillshot_o_target'====== Args={'value': 4, 'prev_value': None, 'change': True}
2024-07-13 20:24:44,950 : INFO : EventManager : Event: ======'machine_var_audits_shots_skillshot_p2_target'====== Args={'value': 2, 'prev_value': None, 'change': True}
2024-07-13 20:24:44,950 : INFO : EventManager : Event: ======'machine_var_audits_shots_skillshot_p_target'====== Args={'value': 3, 'prev_value': None, 'change': True}
2024-07-13 20:24:44,950 : INFO : EventManager : Event: ======'machine_var_audits_shots_skillshot_r_target'====== Args={'value': 8, 'prev_value': None, 'change': True}
2024-07-13 20:24:44,950 : INFO : EventManager : Event: ======'machine_var_audits_switches_s_a_target'====== Args={'value': 51, 'prev_value': None, 'change': True}
2024-07-13 20:24:44,950 : INFO : EventManager : Event: ======'machine_var_audits_switches_s_bottom_inline_drop'====== Args={'value': 17, 'prev_value': None, 'change': True}
2024-07-13 20:24:44,950 : INFO : EventManager : Event: ======'machine_var_audits_switches_s_bottom_pop_bumper'====== Args={'value': 5, 'prev_value': None, 'change': True}
2024-07-13 20:24:44,950 : INFO : EventManager : Event: ======'machine_var_audits_switches_s_center_spinner'====== Args={'value': 3, 'prev_value': None, 'change': True}
2024-07-13 20:24:44,950 : INFO : EventManager : Event: ======'machine_var_audits_switches_s_e_target'====== Args={'value': 76, 'prev_value': None, 'change': True}
2024-07-13 20:24:44,951 : INFO : EventManager : Event: ======'machine_var_audits_switches_s_left_flipper'====== Args={'value': 127, 'prev_value': None, 'change': True}
2024-07-13 20:24:44,951 : INFO : EventManager : Event: ======'machine_var_audits_switches_s_left_inlane'====== Args={'value': 7, 'prev_value': None, 'change': True}
2024-07-13 20:24:44,951 : INFO : EventManager : Event: ======'machine_var_audits_switches_s_left_inner_horseshoe'====== Args={'value': 6, 'prev_value': None, 'change': True}
2024-07-13 20:24:44,951 : INFO : EventManager : Event: ======'machine_var_audits_switches_s_left_orbit_enter'====== Args={'value': 8, 'prev_value': None, 'change': True}
2024-07-13 20:24:44,951 : INFO : EventManager : Event: ======'machine_var_audits_switches_s_left_orbit_exit'====== Args={'value': 13, 'prev_value': None, 'change': True}
2024-07-13 20:24:44,951 : INFO : EventManager : Event: ======'machine_var_audits_switches_s_left_outlane'====== Args={'value': 15, 'prev_value': None, 'change': True}
2024-07-13 20:24:44,951 : INFO : EventManager : Event: ======'machine_var_audits_switches_s_left_pop_bumper'====== Args={'value': 2, 'prev_value': None, 'change': True}
2024-07-13 20:24:44,951 : INFO : EventManager : Event: ======'machine_var_audits_switches_s_left_ramp_enter'====== Args={'value': 9, 'prev_value': None, 'change': True}
2024-07-13 20:24:44,951 : INFO : EventManager : Event: ======'machine_var_audits_switches_s_left_ramp_exit'====== Args={'value': 3, 'prev_value': None, 'change': True}
2024-07-13 20:24:44,952 : INFO : EventManager : Event: ======'machine_var_audits_switches_s_left_ramp_standup'====== Args={'value': 321, 'prev_value': None, 'change': True}
2024-07-13 20:24:44,952 : INFO : EventManager : Event: ======'machine_var_audits_switches_s_left_rollover_lane'====== Args={'value': 111, 'prev_value': None, 'change': True}
2024-07-13 20:24:44,952 : INFO : EventManager : Event: ======'machine_var_audits_switches_s_left_sling'====== Args={'value': 10, 'prev_value': None, 'change': True}
2024-07-13 20:24:44,952 : INFO : EventManager : Event: ======'machine_var_audits_switches_s_left_spinner'====== Args={'value': 27, 'prev_value': None, 'change': True}
2024-07-13 20:24:44,952 : INFO : EventManager : Event: ======'machine_var_audits_switches_s_middle_inline_drop'====== Args={'value': 18, 'prev_value': None, 'change': True}
2024-07-13 20:24:44,952 : INFO : EventManager : Event: ======'machine_var_audits_switches_s_middle_rollover_lane'====== Args={'value': 106, 'prev_value': None, 'change': True}
2024-07-13 20:24:44,953 : INFO : EventManager : Event: ======'machine_var_audits_switches_s_n_target'====== Args={'value': 68, 'prev_value': None, 'change': True}
2024-07-13 20:24:44,953 : INFO : EventManager : Event: ======'machine_var_audits_switches_s_o_target'====== Args={'value': 67, 'prev_value': None, 'change': True}
2024-07-13 20:24:44,953 : INFO : EventManager : Event: ======'machine_var_audits_switches_s_p2_target'====== Args={'value': 15, 'prev_value': None, 'change': True}
2024-07-13 20:24:44,953 : INFO : EventManager : Event: ======'machine_var_audits_switches_s_p_target'====== Args={'value': 231, 'prev_value': None, 'change': True}
2024-07-13 20:24:44,953 : INFO : EventManager : Event: ======'machine_var_audits_switches_s_plunger'====== Args={'value': 366, 'prev_value': None, 'change': True}
2024-07-13 20:24:44,953 : INFO : EventManager : Event: ======'machine_var_audits_switches_s_plunger_lane'====== Args={'value': 39, 'prev_value': None, 'change': True}
2024-07-13 20:24:44,953 : INFO : EventManager : Event: ======'machine_var_audits_switches_s_plunger_lane_exit'====== Args={'value': 189, 'prev_value': None, 'change': True}
2024-07-13 20:24:44,954 : INFO : EventManager : Event: ======'machine_var_audits_switches_s_r_target'====== Args={'value': 89, 'prev_value': None, 'change': True}
2024-07-13 20:24:44,954 : INFO : EventManager : Event: ======'machine_var_audits_switches_s_right_flipper'====== Args={'value': 103, 'prev_value': None, 'change': True}
2024-07-13 20:24:44,954 : INFO : EventManager : Event: ======'machine_var_audits_switches_s_right_inlane'====== Args={'value': 9, 'prev_value': None, 'change': True}
2024-07-13 20:24:44,954 : INFO : EventManager : Event: ======'machine_var_audits_switches_s_right_inner_horseshoe'====== Args={'value': 5, 'prev_value': None, 'change': True}
2024-07-13 20:24:44,954 : INFO : EventManager : Event: ======'machine_var_audits_switches_s_right_orbit_exit'====== Args={'value': 33, 'prev_value': None, 'change': True}
2024-07-13 20:24:44,954 : INFO : EventManager : Event: ======'machine_var_audits_switches_s_right_outlane'====== Args={'value': 7, 'prev_value': None, 'change': True}
2024-07-13 20:24:44,954 : INFO : EventManager : Event: ======'machine_var_audits_switches_s_right_pop_bumper'====== Args={'value': 13, 'prev_value': None, 'change': True}
2024-07-13 20:24:44,954 : INFO : EventManager : Event: ======'machine_var_audits_switches_s_right_ramp_enter'====== Args={'value': 1, 'prev_value': None, 'change': True}
2024-07-13 20:24:44,955 : INFO : EventManager : Event: ======'machine_var_audits_switches_s_right_ramp_exit'====== Args={'value': 1, 'prev_value': None, 'change': True}
2024-07-13 20:24:44,955 : INFO : EventManager : Event: ======'machine_var_audits_switches_s_right_ramp_standup'====== Args={'value': 155, 'prev_value': None, 'change': True}
2024-07-13 20:24:44,955 : INFO : EventManager : Event: ======'machine_var_audits_switches_s_right_rollover_lane'====== Args={'value': 120, 'prev_value': None, 'change': True}
2024-07-13 20:24:44,955 : INFO : EventManager : Event: ======'machine_var_audits_switches_s_right_sling'====== Args={'value': 1, 'prev_value': None, 'change': True}
2024-07-13 20:24:44,955 : INFO : EventManager : Event: ======'machine_var_audits_switches_s_scoop'====== Args={'value': 51, 'prev_value': None, 'change': True}
2024-07-13 20:24:44,955 : INFO : EventManager : Event: ======'machine_var_audits_switches_s_start'====== Args={'value': 259, 'prev_value': None, 'change': True}
2024-07-13 20:24:44,956 : INFO : EventManager : Event: ======'machine_var_audits_switches_s_top_inline_drop'====== Args={'value': 12, 'prev_value': None, 'change': True}
2024-07-13 20:24:44,956 : INFO : EventManager : Event: ======'machine_var_audits_switches_s_trough1'====== Args={'value': 270, 'prev_value': None, 'change': True}
2024-07-13 20:24:44,956 : INFO : EventManager : Event: ======'machine_var_audits_switches_s_trough2'====== Args={'value': 11, 'prev_value': None, 'change': True}
2024-07-13 20:24:44,956 : INFO : EventManager : Event: ======'machine_var_audits_switches_s_trough3'====== Args={'value': 2, 'prev_value': None, 'change': True}
2024-07-13 20:24:44,956 : INFO : EventManager : Event: ======'machine_var_audits_switches_s_trough4'====== Args={'value': 2, 'prev_value': None, 'change': True}
2024-07-13 20:24:44,956 : INFO : EventManager : Event: ======'machine_var_audits_switches_s_trough5'====== Args={'value': 2, 'prev_value': None, 'change': True}
2024-07-13 20:24:44,956 : INFO : EventManager : Event: ======'machine_var_audits_switches_s_trough6'====== Args={'value': 1, 'prev_value': None, 'change': True}
2024-07-13 20:24:44,957 : INFO : EventManager : Event: ======'machine_var_audits_switches_s_trough_jam'====== Args={'value': 5, 'prev_value': None, 'change': True}
2024-07-13 20:24:44,957 : INFO : EventManager : Event: ======'init_phase_5'====== Args={}
2024-07-13 20:24:44,961 : INFO : EventManager : Event: ======'init_done'====== Args={}
2024-07-13 20:24:44,962 : INFO : EventManager : Event: ======'machine_reset_phase_1'====== Args={}
2024-07-13 20:24:44,965 : INFO : EventManager : Event: ======'machine_reset_phase_2'====== Args={}
2024-07-13 20:24:44,967 : INFO : EventManager : Event: ======'machine_reset_phase_3'====== Args={}
2024-07-13 20:24:44,967 : INFO : drop_target_bank.strickland_bank : All targets are already up. Will not reset bank.
2024-07-13 20:24:44,968 : INFO : EventManager : Event: ======'reset_complete'====== Args={}
2024-07-13 20:24:44,968 : INFO : EventManager : Event: ======'mode_attract_will_start'====== Args={}
2024-07-13 20:24:44,968 : INFO : Timer.attract_switch : Starting Timer.
2024-07-13 20:24:44,968 : INFO : EventManager : Event: ======'timer_attract_switch_started'====== Args={'ticks': 0, 'ticks_remaining': 45}
2024-07-13 20:24:44,968 : INFO : EventManager : Event: ======'timer_attract_switch_tick'====== Args={'ticks': 0, 'ticks_remaining': 45}
2024-07-13 20:24:44,968 : INFO : EventManager : Event: ======'mode_attract_starting'====== Args={}
2024-07-13 20:24:44,968 : INFO : Mode.attract : Started. Priority: 10
2024-07-13 20:24:44,968 : INFO : EventManager : Event: ======'modes_active_modes_changed'====== Args={}
2024-07-13 20:24:44,968 : INFO : EventManager : Event: ======'mode_attract_started'====== Args={}
2024-07-13 20:24:44,969 : INFO : EventManager : Event: ======'collecting_balls_complete'====== Args={}
2024-07-13 20:24:44,969 : INFO : Machine : Starting the main run loop.
2024-07-13 20:24:45,456 : INFO : BcpServer : New client connected.
2024-07-13 20:24:45,968 : INFO : EventManager : Event: ======'timer_attract_switch_tick'====== Args={'ticks': 1, 'ticks_remaining': 44}
2024-07-13 20:24:45,987 : INFO : EventManager : Event: ======'slide__removed'====== Args={'_from_bcp': True}
2024-07-13 20:24:46,014 : INFO : EventManager : Event: ======'slide_dtp_logo_attract_created'====== Args={'_from_bcp': True}
2024-07-13 20:24:46,015 : INFO : EventManager : Event: ======'slide_dtp_logo_attract_active'====== Args={'original_context': 'attract', 'original_calling_context': 'timer_attract_switch_tick{ticks==1}', 'cmd': 'slides_play', '_from_bcp': True}
2024-07-13 20:24:46,534 : INFO : SwitchController : <<<<<<< 's_start' active >>>>>>>
2024-07-13 20:24:46,646 : INFO : SwitchController : <<<<<<< 's_start' inactive >>>>>>>
2024-07-13 20:24:46,647 : INFO : EventManager : Event: ======'request_to_start_game'====== Args={}
2024-07-13 20:24:46,648 : INFO : EventManager : Event: ======'game_start'====== Args={'buttons': [], 'hold_time': 0.11222695800000015}
2024-07-13 20:24:46,649 : INFO : EventManager : Event: ======'mode_game_will_start'====== Args={'buttons': [], 'hold_time': 0.11222695800000015}
2024-07-13 20:24:46,650 : INFO : EventManager : Event: ======'mode_game_starting'====== Args={'buttons': [], 'hold_time': 0.11222695800000015}
2024-07-13 20:24:46,650 : INFO : EventManager : Event: ======'mode_attract_will_stop'====== Args={}
2024-07-13 20:24:46,651 : INFO : EventManager : Event: ======'mode_attract_stopping'====== Args={}
2024-07-13 20:24:46,651 : INFO : Mode.attract : Stopped.
2024-07-13 20:24:46,651 : INFO : EventManager : Event: ======'modes_active_modes_changed'====== Args={}
2024-07-13 20:24:46,652 : INFO : EventManager : Event: ======'mode_attract_stopped'====== Args={}
2024-07-13 20:24:46,653 : INFO : EventManager : Event: ======'clear'====== Args={'key': 'attract'}
2024-07-13 20:24:46,654 : INFO : Timer.attract_switch : Stopping Timer
2024-07-13 20:24:46,655 : INFO : EventManager : Event: ======'timer_attract_switch_stopped'====== Args={'ticks': 1, 'ticks_remaining': 44}
2024-07-13 20:24:46,656 : INFO : Mode.game : Started. Priority: 20
2024-07-13 20:24:46,656 : INFO : EventManager : Event: ======'modes_active_modes_changed'====== Args={}
2024-07-13 20:24:46,656 : INFO : EventManager : Event: ======'mode_game_started'====== Args={'buttons': [], 'hold_time': 0.11222695800000015}
2024-07-13 20:24:46,658 : INFO : EventManager : Event: ======'game_will_start'====== Args={}
2024-07-13 20:24:46,670 : INFO : EventManager : Event: ======'game_starting'====== Args={'game': <Mode.game>}
2024-07-13 20:24:46,672 : INFO : EventManager : Unordered handler for class <Auditor> on event game_ended with priority 1. Handlers: [RegisteredHandler(callback=<bound method Auditor.disable of <Auditor>>, priority=1, kwargs={}, key=UUID('6a998302-5893-4826-89da-9211d4d89a85'), condition=None, blocking_facility=None), RegisteredHandler(callback=<bound method Auditor._save_audits of <Auditor>>, priority=1, kwargs={}, key=UUID('4e4cf3d8-70c6-4e5d-ab17-b34330a34d30'), condition=None, blocking_facility=None)]. The order of those handlers is not defined and they will be executed in random order. This might lead to race conditions and potential bugs.
2024-07-13 20:24:46,672 : INFO : EventManager : Event: ======'player_add_request'====== Args={}
2024-07-13 20:24:46,673 : INFO : EventManager : Event: ======'player_will_add'====== Args={'number': 1}
2024-07-13 20:24:46,673 : INFO : EventManager : Event: ======'player_adding'====== Args={'player': <Player 1>, 'number': 1}
2024-07-13 20:24:46,673 : INFO : EventManager : Event: ======'player_added'====== Args={'player': <Player 1>, 'num': 1}
2024-07-13 20:24:46,674 : INFO : Mode.game : Player added successfully. Total players: 1
2024-07-13 20:24:46,674 : INFO : EventManager : Event: ======'player_index'====== Args={'value': 0, 'prev_value': 0, 'change': 0, 'player_num': 1}
2024-07-13 20:24:46,674 : INFO : EventManager : Event: ======'player_number'====== Args={'value': 1, 'prev_value': 1, 'change': 0, 'player_num': 1}
2024-07-13 20:24:46,675 : INFO : EventManager : Event: ======'player_score'====== Args={'value': 0, 'prev_value': 0, 'change': 0, 'player_num': 1}
2024-07-13 20:24:46,676 : INFO : EventManager : Event: ======'game_started'====== Args={}
2024-07-13 20:24:46,676 : INFO : EventManager : Event: ======'player_turn_will_start'====== Args={'player': <Player 1>, 'number': 1}
2024-07-13 20:24:46,683 : INFO : EventManager : Event: ======'player_turn_starting'====== Args={'player': <Player 1>, 'number': 1}
2024-07-13 20:24:46,684 : INFO : EventManager : Event: ======'player_ball'====== Args={'value': 1, 'prev_value': 0, 'change': 1, 'player_num': 1}
2024-07-13 20:24:46,685 : INFO : EventManager : Event: ======'player_turn_started'====== Args={'player': <Player 1>, 'number': 1}
2024-07-13 20:24:46,685 : INFO : EventManager : Event: ======'ball_will_start'====== Args={'player': 1, 'ball': 1, 'balls_remaining': 2, 'is_extra_ball': False}
2024-07-13 20:24:46,691 : INFO : EventManager : Event: ======'ball_starting'====== Args={'player': 1, 'ball': 1, 'balls_remaining': 2, 'is_extra_ball': False}
2024-07-13 20:24:46,692 : INFO : EventManager : Event: ======'mode_skillshot_will_start'====== Args={'queue': <QueuedEvent>, 'player': 1, 'ball': 1, 'balls_remaining': 2, 'is_extra_ball': False}
2024-07-13 20:24:46,692 : INFO : EventManager : Event: ======'skillshot_complete'====== Args={'state': 'None'}
2024-07-13 20:24:46,692 : INFO : EventManager : Event: ======'skillshot_None_complete'====== Args={}
2024-07-13 20:24:46,693 : INFO : EventManager : Event: ======'player_shot_skillshot_p_target_enabled'====== Args={'value': True, 'prev_value': 0, 'change': 1, 'player_num': 1}
2024-07-13 20:24:46,694 : INFO : EventManager : Event: ======'player_shot_skillshot_r_target_enabled'====== Args={'value': True, 'prev_value': 0, 'change': 1, 'player_num': 1}
2024-07-13 20:24:46,694 : INFO : EventManager : Event: ======'player_shot_skillshot_o_target_enabled'====== Args={'value': True, 'prev_value': 0, 'change': 1, 'player_num': 1}
2024-07-13 20:24:46,695 : INFO : EventManager : Event: ======'player_shot_skillshot_p2_target_enabled'====== Args={'value': True, 'prev_value': 0, 'change': 1, 'player_num': 1}
2024-07-13 20:24:46,695 : INFO : EventManager : Event: ======'player_shot_skillshot_a_target_enabled'====== Args={'value': True, 'prev_value': 0, 'change': 1, 'player_num': 1}
2024-07-13 20:24:46,695 : INFO : EventManager : Event: ======'player_shot_skillshot_n_target_enabled'====== Args={'value': True, 'prev_value': 0, 'change': 1, 'player_num': 1}
2024-07-13 20:24:46,696 : INFO : EventManager : Event: ======'player_shot_skillshot_e_target_enabled'====== Args={'value': True, 'prev_value': 0, 'change': 1, 'player_num': 1}
2024-07-13 20:24:46,696 : INFO : EventManager : Event: ======'player_skillshot_skillshot_rotate_tick'====== Args={'value': 0, 'prev_value': 0, 'change': 0, 'player_num': 1}
2024-07-13 20:24:46,697 : INFO : Timer.skillshot_rotate : Starting Timer.
2024-07-13 20:24:46,697 : INFO : EventManager : Event: ======'timer_skillshot_rotate_started'====== Args={'ticks': 0, 'ticks_remaining': 0}
2024-07-13 20:24:46,697 : INFO : EventManager : Event: ======'timer_skillshot_rotate_tick'====== Args={'ticks': 0, 'ticks_remaining': 0}
2024-07-13 20:24:46,698 : INFO : EventManager : Event: ======'mode_skillshot_starting'====== Args={'queue': <QueuedEvent>, 'player': 1, 'ball': 1, 'balls_remaining': 2, 'is_extra_ball': False}
2024-07-13 20:24:46,698 : INFO : drop_target_bank.strickland_bank : All targets are already up. Will not reset bank.
2024-07-13 20:24:46,698 : INFO : EventManager : Event: ======'cmd_flippers_enable'====== Args={'priority': 0}
2024-07-13 20:24:46,698 : INFO : EventManager : Event: ======'cmd_autofire_coils_enable'====== Args={'priority': 0}
2024-07-13 20:24:46,699 : INFO : EventManager : Event: ======'cmd_drop_targets_reset'====== Args={'priority': 0}
2024-07-13 20:24:46,699 : INFO : Mode.skillshot : Started. Priority: 200
2024-07-13 20:24:46,699 : INFO : EventManager : Event: ======'modes_active_modes_changed'====== Args={}
2024-07-13 20:24:46,699 : INFO : EventManager : Event: ======'mode_skillshot_started'====== Args={'queue': <QueuedEvent>, 'player': 1, 'ball': 1, 'balls_remaining': 2, 'is_extra_ball': False}
2024-07-13 20:24:46,699 : INFO : EventManager : Event: ======'player_shot_skillshot_p_target'====== Args={'value': 1, 'prev_value': 0, 'change': 1, 'player_num': 1}
2024-07-13 20:24:46,700 : INFO : EventManager : Event: ======'balls_in_play'====== Args={'balls': 1}
2024-07-13 20:24:46,700 : INFO : EventManager : Event: ======'ball_started'====== Args={'player': 1, 'ball': 1, 'balls_remaining': 2, 'is_extra_ball': False}
2024-07-13 20:24:46,701 : INFO : EventManager : Event: ======'mode_BBQ_rollover_will_start'====== Args={'player': 1, 'ball': 1, 'balls_remaining': 2, 'is_extra_ball': False}
2024-07-13 20:24:46,701 : INFO : EventManager : Event: ======'player_shot_left_rollover_lane_enabled'====== Args={'value': True, 'prev_value': 0, 'change': 1, 'player_num': 1}
2024-07-13 20:24:46,702 : INFO : EventManager : Event: ======'player_shot_middle_rollover_lane_enabled'====== Args={'value': True, 'prev_value': 0, 'change': 1, 'player_num': 1}
2024-07-13 20:24:46,702 : INFO : EventManager : Event: ======'player_shot_right_rollover_lane_enabled'====== Args={'value': True, 'prev_value': 0, 'change': 1, 'player_num': 1}
2024-07-13 20:24:46,702 : INFO : EventManager : Event: ======'BBQ_lanes_complete'====== Args={'state': 'unlit'}
2024-07-13 20:24:46,702 : INFO : EventManager : Event: ======'BBQ_lanes_unlit_complete'====== Args={}
2024-07-13 20:24:46,704 : INFO : EventManager : Event: ======'mode_BBQ_rollover_starting'====== Args={'player': 1, 'ball': 1, 'balls_remaining': 2, 'is_extra_ball': False}
2024-07-13 20:24:46,704 : INFO : EventManager : Event: ======'mode_base_will_start'====== Args={'player': 1, 'ball': 1, 'balls_remaining': 2, 'is_extra_ball': False}
2024-07-13 20:24:46,704 : INFO : EventManager : Event: ======'player_shot_qualify_p_target_enabled'====== Args={'value': True, 'prev_value': 0, 'change': 1, 'player_num': 1}
2024-07-13 20:24:46,704 : INFO : EventManager : Event: ======'player_shot_qualify_r_target_enabled'====== Args={'value': True, 'prev_value': 0, 'change': 1, 'player_num': 1}
2024-07-13 20:24:46,705 : INFO : EventManager : Event: ======'player_shot_qualify_o_target_enabled'====== Args={'value': True, 'prev_value': 0, 'change': 1, 'player_num': 1}
2024-07-13 20:24:46,705 : INFO : EventManager : Event: ======'qualify_mission_complete'====== Args={'state': 'unlit'}
2024-07-13 20:24:46,705 : INFO : EventManager : Event: ======'qualify_mission_unlit_complete'====== Args={}
2024-07-13 20:24:46,707 : INFO : EventManager : Event: ======'mode_base_starting'====== Args={'player': 1, 'ball': 1, 'balls_remaining': 2, 'is_extra_ball': False}
2024-07-13 20:24:46,708 : INFO : Mode.base : Started. Priority: 100
2024-07-13 20:24:46,708 : INFO : EventManager : Event: ======'modes_active_modes_changed'====== Args={}
2024-07-13 20:24:46,708 : INFO : EventManager : Event: ======'mode_base_started'====== Args={'player': 1, 'ball': 1, 'balls_remaining': 2, 'is_extra_ball': False}
2024-07-13 20:24:46,709 : INFO : EventManager : Event: ======'ball_save_default_enabled'====== Args={}
2024-07-13 20:24:46,709 : INFO : EventManager : Event: ======'logicblock_lb_BBQ_complete_count_updated'====== Args={'value': 1, 'enabled': True}
2024-07-13 20:24:46,709 : INFO : EventManager : Event: ======'logicblock_lb_BBQ_complete_count_updated'====== Args={'value': 1, 'enabled': True}
2024-07-13 20:24:46,709 : INFO : Mode.BBQ_rollover : Started. Priority: 600
2024-07-13 20:24:46,709 : INFO : EventManager : Event: ======'modes_active_modes_changed'====== Args={}
2024-07-13 20:24:46,709 : INFO : EventManager : Event: ======'mode_BBQ_rollover_started'====== Args={'player': 1, 'ball': 1, 'balls_remaining': 2, 'is_extra_ball': False}
2024-07-13 20:24:46,710 : INFO : EventManager : Event: ======'player_pf_multiplier'====== Args={'value': 1, 'prev_value': 0, 'change': 1, 'player_num': 1, 'source': 'BBQ_rollover'}
2024-07-13 20:24:46,710 : INFO : EventManager : Event: ======'single_player_ball_started'====== Args={}
2024-07-13 20:24:46,714 : INFO : EventManager : Event: ======'ball_start_target'====== Args={'target': 'playfield'}
2024-07-13 20:24:46,714 : INFO : ball_device.bd_plunger : Setting up player-controlled eject. Balls: 1, Target: <playfield.playfield>, player_controlled_eject_event: None
2024-07-13 20:24:46,715 : INFO : EventManager : Event: ======'balldevice_balls_available'====== Args={}
2024-07-13 20:24:46,715 : INFO : ball_device.bd_trough : State: waiting_for_target_ready
2024-07-13 20:24:46,715 : INFO : EventManager : Event: ======'balldevice_bd_trough_ball_eject_attempt'====== Args={'balls': 1, 'target': <ball_device.bd_plunger>, 'source': <ball_device.bd_trough>, 'mechanical_eject': True, 'num_attempts': 0}
2024-07-13 20:24:46,715 : INFO : ball_device.bd_plunger : State: waiting_for_ball
2024-07-13 20:24:46,716 : INFO : ball_device.bd_trough : State: ejecting
2024-07-13 20:24:46,716 : INFO : ball_device.bd_trough : Ejecting ball to <ball_device.bd_plunger>
2024-07-13 20:24:46,716 : INFO : EventManager : Event: ======'balldevice_bd_trough_ejecting_ball'====== Args={'balls': 1, 'target': <ball_device.bd_plunger>, 'source': <ball_device.bd_trough>, 'mechanical_eject': True, 'num_attempts': 0}
2024-07-13 20:24:46,716 : INFO : ball_device.bd_trough : Wait for ball to leave device
2024-07-13 20:24:46,716 : INFO : coil.c_trough_eject : Pulsing Driver for 20ms (1.0 pulse_power)
2024-07-13 20:24:46,716 : INFO : SwitchController : <<<<<<< 's_trough1' inactive >>>>>>>
2024-07-13 20:24:46,717 : INFO : ball_device.bd_trough : State: ball_left
2024-07-13 20:24:46,717 : INFO : ball_device.bd_trough : Ball left
2024-07-13 20:24:46,717 : INFO : ball_device.bd_trough : Wait for confirm with timeout 3.0
2024-07-13 20:24:46,721 : INFO : EventManager : Event: ======'slide_skillshot_created'====== Args={'_from_bcp': True}
2024-07-13 20:24:46,721 : INFO : EventManager : Event: ======'slide_dtp_logo_attract_inactive'====== Args={'_from_bcp': True}
2024-07-13 20:24:46,721 : INFO : EventManager : Event: ======'slide_skillshot_active'====== Args={'original_context': 'skillshot', 'original_calling_context': 'mode_skillshot_started', 'queue': '<QueuedEvent>', 'cmd': 'slides_play', '_from_bcp': True}
2024-07-13 20:24:46,721 : INFO : EventManager : Event: ======'slide_dtp_logo_attract_removed'====== Args={'_from_bcp': True}
2024-07-13 20:24:46,737 : INFO : EventManager : Event: ======'slide_base_created'====== Args={'_from_bcp': True}
2024-07-13 20:24:46,818 : INFO : SwitchController : <<<<<<< 's_plunger' active >>>>>>>
2024-07-13 20:24:46,818 : INFO : EventManager : Event: ======'machine_var_audits_switches_s_plunger'====== Args={'value': 367, 'prev_value': 366, 'change': 1}
2024-07-13 20:24:47,319 : INFO : ball_device.bd_plunger : Received ball from <ball_device.bd_trough>
2024-07-13 20:24:47,319 : INFO : EventManager : Event: ======'balldevice_bd_plunger_ball_enter'====== Args={'new_balls': 1, 'unclaimed_balls': 0, 'new_available_balls': 0, 'device': <ball_device.bd_plunger>}
2024-07-13 20:24:47,320 : INFO : EventManager : Event: ======'balldevice_bd_plunger_ball_entered'====== Args={'new_balls': 0, 'device': <ball_device.bd_plunger>}
2024-07-13 20:24:47,321 : INFO : EventManager : Event: ======'balldevice_bd_plunger_ball_count_changed'====== Args={'balls': 1}
2024-07-13 20:24:47,321 : INFO : ball_device.bd_trough : Got eject confirm
2024-07-13 20:24:47,321 : INFO : ball_device.bd_trough : Eject successful
2024-07-13 20:24:47,321 : INFO : EventManager : Event: ======'balldevice_bd_trough_ball_eject_success'====== Args={'balls': 1, 'target': <ball_device.bd_plunger>}
2024-07-13 20:24:47,322 : INFO : EventManager : Event: ======'balldevice_bd_trough_ball_count_changed'====== Args={'balls': 5}
2024-07-13 20:24:47,322 : INFO : ball_device.bd_trough : State: idle
2024-07-13 20:24:47,323 : INFO : ball_device.bd_plunger : State: waiting_for_target_ready
2024-07-13 20:24:47,323 : INFO : EventManager : Event: ======'balldevice_bd_plunger_ball_eject_attempt'====== Args={'balls': 1, 'target': <playfield.playfield>, 'source': <ball_device.bd_plunger>, 'mechanical_eject': True, 'num_attempts': 0}
2024-07-13 20:24:47,323 : INFO : ball_device.bd_plunger : State: ejecting
2024-07-13 20:24:47,324 : INFO : ball_device.bd_plunger : Ejecting ball to <playfield.playfield>
2024-07-13 20:24:47,324 : INFO : EventManager : Event: ======'balldevice_bd_plunger_ejecting_ball'====== Args={'balls': 1, 'target': <playfield.playfield>, 'source': <ball_device.bd_plunger>, 'mechanical_eject': True, 'num_attempts': 0}
2024-07-13 20:24:47,325 : INFO : ball_device.bd_plunger : Wait for ball to leave device
2024-07-13 20:24:47,698 : INFO : EventManager : Event: ======'player_skillshot_skillshot_rotate_tick'====== Args={'value': 1, 'prev_value': 0, 'change': 1, 'player_num': 1}
2024-07-13 20:24:47,715 : INFO : EventManager : Event: ======'timer_skillshot_rotate_tick'====== Args={'ticks': 1, 'ticks_remaining': 0}
2024-07-13 20:24:47,716 : INFO : EventManager : Event: ======'player_shot_skillshot_p_target'====== Args={'value': 0, 'prev_value': 1, 'change': -1, 'player_num': 1}
2024-07-13 20:24:47,717 : INFO : EventManager : Event: ======'player_shot_skillshot_r_target'====== Args={'value': 1, 'prev_value': 0, 'change': 1, 'player_num': 1}
2024-07-13 20:24:48,697 : INFO : EventManager : Event: ======'player_skillshot_skillshot_rotate_tick'====== Args={'value': 2, 'prev_value': 1, 'change': 1, 'player_num': 1}
2024-07-13 20:24:48,698 : INFO : EventManager : Event: ======'timer_skillshot_rotate_tick'====== Args={'ticks': 2, 'ticks_remaining': 0}
2024-07-13 20:24:48,699 : INFO : EventManager : Event: ======'player_shot_skillshot_r_target'====== Args={'value': 0, 'prev_value': 1, 'change': -1, 'player_num': 1}
2024-07-13 20:24:48,701 : INFO : EventManager : Event: ======'player_shot_skillshot_o_target'====== Args={'value': 1, 'prev_value': 0, 'change': 1, 'player_num': 1}
2024-07-13 20:24:48,929 : WARNING : SwitchController : Received duplicate switch state 1 for switch s_plunger from the platform interface. Log Code: Log-SwitchController-1 (https://missionpinball.org/logs)
2024-07-13 20:24:49,397 : INFO : SwitchController : <<<<<<< 's_plunger' inactive >>>>>>>
2024-07-13 20:24:49,399 : INFO : ball_device.bd_plunger : State: ball_left
2024-07-13 20:24:49,399 : INFO : ball_device.bd_plunger : Ball left
2024-07-13 20:24:49,400 : INFO : ball_device.bd_plunger : Wait for confirm with timeout 3.0
2024-07-13 20:24:49,698 : INFO : EventManager : Event: ======'player_skillshot_skillshot_rotate_tick'====== Args={'value': 3, 'prev_value': 2, 'change': 1, 'player_num': 1}
2024-07-13 20:24:49,699 : INFO : EventManager : Event: ======'timer_skillshot_rotate_tick'====== Args={'ticks': 3, 'ticks_remaining': 0}
2024-07-13 20:24:49,700 : INFO : EventManager : Event: ======'player_shot_skillshot_o_target'====== Args={'value': 0, 'prev_value': 1, 'change': -1, 'player_num': 1}
2024-07-13 20:24:49,701 : INFO : EventManager : Event: ======'player_shot_skillshot_p2_target'====== Args={'value': 1, 'prev_value': 0, 'change': 1, 'player_num': 1}
2024-07-13 20:24:50,698 : INFO : EventManager : Event: ======'player_skillshot_skillshot_rotate_tick'====== Args={'value': 4, 'prev_value': 3, 'change': 1, 'player_num': 1}
2024-07-13 20:24:50,699 : INFO : EventManager : Event: ======'timer_skillshot_rotate_tick'====== Args={'ticks': 4, 'ticks_remaining': 0}
2024-07-13 20:24:50,699 : INFO : EventManager : Event: ======'player_shot_skillshot_p2_target'====== Args={'value': 0, 'prev_value': 1, 'change': -1, 'player_num': 1}
2024-07-13 20:24:50,700 : INFO : EventManager : Event: ======'player_shot_skillshot_a_target'====== Args={'value': 1, 'prev_value': 0, 'change': 1, 'player_num': 1}
2024-07-13 20:24:51,698 : INFO : EventManager : Event: ======'player_skillshot_skillshot_rotate_tick'====== Args={'value': 5, 'prev_value': 4, 'change': 1, 'player_num': 1}
2024-07-13 20:24:51,699 : INFO : EventManager : Event: ======'timer_skillshot_rotate_tick'====== Args={'ticks': 5, 'ticks_remaining': 0}
2024-07-13 20:24:51,700 : INFO : EventManager : Event: ======'player_shot_skillshot_a_target'====== Args={'value': 0, 'prev_value': 1, 'change': -1, 'player_num': 1}
2024-07-13 20:24:51,702 : INFO : EventManager : Event: ======'player_shot_skillshot_n_target'====== Args={'value': 1, 'prev_value': 0, 'change': 1, 'player_num': 1}
2024-07-13 20:24:52,401 : INFO : ball_device.bd_plunger : State: failed_confirm
2024-07-13 20:24:52,402 : INFO : ball_device.bd_plunger : Got timeout (3.0s) before confirm from <playfield.playfield>
2024-07-13 20:24:52,503 : INFO : ball_device.bd_plunger : Confirming eject because target is playfield and ball did not return.
2024-07-13 20:24:52,504 : INFO : ball_device.bd_plunger : Eject successful
2024-07-13 20:24:52,504 : INFO : EventManager : Event: ======'balldevice_bd_plunger_ball_eject_success'====== Args={'balls': 1, 'target': <playfield.playfield>}
2024-07-13 20:24:52,505 : INFO : EventManager : Event: ======'balldevice_playfield_ball_enter'====== Args={'new_balls': 1, 'unclaimed_balls': 1, 'device': <playfield.playfield>}
2024-07-13 20:24:52,506 : INFO : EventManager : Event: ======'playfield_ball_count_change'====== Args={'balls': 1, 'change': 1}
2024-07-13 20:24:52,508 : INFO : EventManager : Event: ======'balldevice_bd_plunger_ball_count_changed'====== Args={'balls': 0}
2024-07-13 20:24:52,508 : INFO : ball_device.bd_plunger : State: idle
2024-07-13 20:24:52,698 : INFO : EventManager : Event: ======'player_skillshot_skillshot_rotate_tick'====== Args={'value': 6, 'prev_value': 5, 'change': 1, 'player_num': 1}
2024-07-13 20:24:52,698 : INFO : EventManager : Event: ======'timer_skillshot_rotate_tick'====== Args={'ticks': 6, 'ticks_remaining': 0}
2024-07-13 20:24:52,699 : INFO : EventManager : Event: ======'player_shot_skillshot_n_target'====== Args={'value': 0, 'prev_value': 1, 'change': -1, 'player_num': 1}
2024-07-13 20:24:52,699 : INFO : EventManager : Event: ======'player_shot_skillshot_e_target'====== Args={'value': 1, 'prev_value': 0, 'change': 1, 'player_num': 1}
2024-07-13 20:24:53,698 : INFO : EventManager : Event: ======'player_skillshot_skillshot_rotate_tick'====== Args={'value': 7, 'prev_value': 6, 'change': 1, 'player_num': 1}
2024-07-13 20:24:53,699 : INFO : EventManager : Event: ======'timer_skillshot_rotate_tick'====== Args={'ticks': 7, 'ticks_remaining': 0}
2024-07-13 20:24:53,700 : INFO : EventManager : Event: ======'player_shot_skillshot_p_target'====== Args={'value': 1, 'prev_value': 0, 'change': 1, 'player_num': 1}
2024-07-13 20:24:53,702 : INFO : EventManager : Event: ======'player_shot_skillshot_e_target'====== Args={'value': 0, 'prev_value': 1, 'change': -1, 'player_num': 1}
2024-07-13 20:24:53,911 : INFO : SwitchController : <<<<<<< 's_plunger_lane_exit' active >>>>>>>
2024-07-13 20:24:53,911 : INFO : EventManager : Event: ======'s_plunger_lane_exit_active'====== Args={}
2024-07-13 20:24:53,911 : INFO : EventManager : Event: ======'sw_playfield_active'====== Args={}
2024-07-13 20:24:53,911 : INFO : EventManager : Event: ======'machine_var_audits_switches_s_plunger_lane_exit'====== Args={'value': 190, 'prev_value': 189, 'change': 1}
2024-07-13 20:24:53,911 : INFO : EventManager : Event: ======'ball_save_default_timer_start'====== Args={}
2024-07-13 20:24:54,027 : INFO : SwitchController : <<<<<<< 's_plunger_lane_exit' inactive >>>>>>>
2024-07-13 20:24:54,697 : INFO : EventManager : Event: ======'player_skillshot_skillshot_rotate_tick'====== Args={'value': 8, 'prev_value': 7, 'change': 1, 'player_num': 1}
2024-07-13 20:24:54,698 : INFO : EventManager : Event: ======'timer_skillshot_rotate_tick'====== Args={'ticks': 8, 'ticks_remaining': 0}
2024-07-13 20:24:54,699 : INFO : EventManager : Event: ======'player_shot_skillshot_p_target'====== Args={'value': 0, 'prev_value': 1, 'change': -1, 'player_num': 1}
2024-07-13 20:24:54,700 : INFO : EventManager : Event: ======'player_shot_skillshot_r_target'====== Args={'value': 1, 'prev_value': 0, 'change': 1, 'player_num': 1}
2024-07-13 20:24:55,698 : INFO : EventManager : Event: ======'player_skillshot_skillshot_rotate_tick'====== Args={'value': 9, 'prev_value': 8, 'change': 1, 'player_num': 1}
2024-07-13 20:24:55,699 : INFO : EventManager : Event: ======'timer_skillshot_rotate_tick'====== Args={'ticks': 9, 'ticks_remaining': 0}
2024-07-13 20:24:55,700 : INFO : EventManager : Event: ======'player_shot_skillshot_r_target'====== Args={'value': 0, 'prev_value': 1, 'change': -1, 'player_num': 1}
2024-07-13 20:24:55,701 : INFO : EventManager : Event: ======'player_shot_skillshot_o_target'====== Args={'value': 1, 'prev_value': 0, 'change': 1, 'player_num': 1}
2024-07-13 20:24:56,698 : INFO : EventManager : Event: ======'player_skillshot_skillshot_rotate_tick'====== Args={'value': 10, 'prev_value': 9, 'change': 1, 'player_num': 1}
2024-07-13 20:24:56,699 : INFO : EventManager : Event: ======'timer_skillshot_rotate_tick'====== Args={'ticks': 10, 'ticks_remaining': 0}
2024-07-13 20:24:56,699 : INFO : EventManager : Event: ======'player_shot_skillshot_o_target'====== Args={'value': 0, 'prev_value': 1, 'change': -1, 'player_num': 1}
2024-07-13 20:24:56,700 : INFO : EventManager : Event: ======'player_shot_skillshot_p2_target'====== Args={'value': 1, 'prev_value': 0, 'change': 1, 'player_num': 1}
2024-07-13 20:24:56,779 : INFO : SwitchController : <<<<<<< 's_right_pop_bumper' active >>>>>>>
2024-07-13 20:24:56,779 : INFO : EventManager : Event: ======'s_right_pop_bumper_active'====== Args={}
2024-07-13 20:24:56,780 : INFO : EventManager : Event: ======'machine_var_audits_switches_s_right_pop_bumper'====== Args={'value': 14, 'prev_value': 13, 'change': 1}
2024-07-13 20:24:56,780 : INFO : EventManager : Event: ======'player_score'====== Args={'value': 10, 'prev_value': 0, 'change': 10, 'player_num': 1, 'source': 'base'}
2024-07-13 20:24:56,893 : INFO : SwitchController : <<<<<<< 's_right_pop_bumper' inactive >>>>>>>
2024-07-13 20:24:57,697 : INFO : EventManager : Event: ======'player_skillshot_skillshot_rotate_tick'====== Args={'value': 11, 'prev_value': 10, 'change': 1, 'player_num': 1}
2024-07-13 20:24:57,698 : INFO : EventManager : Event: ======'timer_skillshot_rotate_tick'====== Args={'ticks': 11, 'ticks_remaining': 0}
2024-07-13 20:24:57,700 : INFO : EventManager : Event: ======'player_shot_skillshot_p2_target'====== Args={'value': 0, 'prev_value': 1, 'change': -1, 'player_num': 1}
2024-07-13 20:24:57,701 : INFO : EventManager : Event: ======'player_shot_skillshot_a_target'====== Args={'value': 1, 'prev_value': 0, 'change': 1, 'player_num': 1}
2024-07-13 20:24:58,544 : INFO : SwitchController : <<<<<<< 's_a_target' active >>>>>>>
2024-07-13 20:24:58,544 : INFO : EventManager : Event: ======'s_a_target_active'====== Args={}
2024-07-13 20:24:58,545 : INFO : EventManager : Event: ======'machine_var_audits_switches_s_a_target'====== Args={'value': 52, 'prev_value': 51, 'change': 1}
2024-07-13 20:24:58,548 : INFO : EventManager : Event: ======'machine_var_audits_shots_skillshot_a_target'====== Args={'value': 15, 'prev_value': 14, 'change': 1}
2024-07-13 20:24:58,557 : INFO : EventManager : Event: ======'skillshot_a_target_hit'====== Args={'profile': 'skillshot_profile', 'state': 'on', 'advancing': False}
2024-07-13 20:24:58,558 : INFO : EventManager : Event: ======'skillshot_a_target_skillshot_profile_hit'====== Args={'profile': 'skillshot_profile', 'state': 'on', 'advancing': False}
2024-07-13 20:24:58,558 : INFO : EventManager : Event: ======'skillshot_a_target_skillshot_profile_on_hit'====== Args={'profile': 'skillshot_profile', 'state': 'on', 'advancing': False}
2024-07-13 20:24:58,558 : INFO : EventManager : Event: ======'skillshot_a_target_on_hit'====== Args={'profile': 'skillshot_profile', 'state': 'on', 'advancing': False}
2024-07-13 20:24:58,559 : INFO : EventManager : Event: ======'player_score'====== Args={'value': 60, 'prev_value': 10, 'change': 50, 'player_num': 1, 'source': 'base'}
2024-07-13 20:24:58,559 : INFO : EventManager : Event: ======'skillshot_hit'====== Args={'shot': 'skillshot_a_target'}
2024-07-13 20:24:58,559 : INFO : EventManager : Event: ======'skillshot_on_hit'====== Args={'shot': 'skillshot_a_target'}
2024-07-13 20:24:58,559 : INFO : EventManager : Event: ======'stop_mode_skillshot'====== Args={'priority': 0}
2024-07-13 20:24:58,559 : INFO : EventManager : Event: ======'mode_skillshot_will_stop'====== Args={}
2024-07-13 20:24:58,560 : INFO : EventManager : Event: ======'mode_skillshot_stopping'====== Args={}
2024-07-13 20:24:58,561 : INFO : Mode.skillshot : Stopped.
2024-07-13 20:24:58,561 : INFO : EventManager : Event: ======'modes_active_modes_changed'====== Args={}
2024-07-13 20:24:58,562 : INFO : EventManager : Event: ======'mode_skillshot_stopped'====== Args={}
2024-07-13 20:24:58,562 : INFO : EventManager : Event: ======'clear'====== Args={'key': 'skillshot'}
2024-07-13 20:24:58,563 : INFO : Timer.skillshot_rotate : Stopping Timer
2024-07-13 20:24:58,563 : INFO : EventManager : Event: ======'timer_skillshot_rotate_stopped'====== Args={'ticks': 11, 'ticks_remaining': 0}
2024-07-13 20:24:58,578 : INFO : EventManager : Event: ======'slide_skillshot_inactive'====== Args={'_from_bcp': True}
2024-07-13 20:24:58,579 : INFO : EventManager : Event: ======'slide_base_active'====== Args={'_from_bcp': True}
2024-07-13 20:24:58,579 : INFO : EventManager : Event: ======'slide_skillshot_removed'====== Args={'_from_bcp': True}
2024-07-13 20:24:58,660 : INFO : SwitchController : <<<<<<< 's_a_target' inactive >>>>>>>
2024-07-13 20:24:59,214 : INFO : SwitchController : <<<<<<< 's_a_target' active >>>>>>>
2024-07-13 20:24:59,214 : INFO : EventManager : Event: ======'s_a_target_active'====== Args={}
2024-07-13 20:24:59,215 : INFO : EventManager : Event: ======'machine_var_audits_switches_s_a_target'====== Args={'value': 53, 'prev_value': 52, 'change': 1}
2024-07-13 20:24:59,216 : INFO : EventManager : Event: ======'player_score'====== Args={'value': 110, 'prev_value': 60, 'change': 50, 'player_num': 1, 'source': 'base'}
2024-07-13 20:24:59,291 : INFO : SwitchController : <<<<<<< 's_a_target' inactive >>>>>>>
2024-07-13 20:25:00,025 : INFO : SwitchController : <<<<<<< 's_right_ramp_standup' active >>>>>>>
2024-07-13 20:25:00,025 : INFO : EventManager : Event: ======'s_right_ramp_standup_active'====== Args={}
2024-07-13 20:25:00,025 : INFO : EventManager : Event: ======'machine_var_audits_switches_s_right_ramp_standup'====== Args={'value': 156, 'prev_value': 155, 'change': 1}
2024-07-13 20:25:00,026 : INFO : EventManager : Event: ======'player_score'====== Args={'value': 210, 'prev_value': 110, 'change': 100, 'player_num': 1, 'source': 'base'}
2024-07-13 20:25:00,027 : INFO : EventManager : Event: ======'player_alamo'====== Args={'value': 1, 'prev_value': 0, 'change': 1, 'player_num': 1, 'source': 'base'}
2024-07-13 20:25:00,127 : INFO : SwitchController : <<<<<<< 's_right_ramp_standup' inactive >>>>>>>
2024-07-13 20:25:01,041 : INFO : SwitchController : <<<<<<< 's_right_pop_bumper' active >>>>>>>
2024-07-13 20:25:01,041 : INFO : EventManager : Event: ======'s_right_pop_bumper_active'====== Args={}
2024-07-13 20:25:01,042 : INFO : EventManager : Event: ======'machine_var_audits_switches_s_right_pop_bumper'====== Args={'value': 15, 'prev_value': 14, 'change': 1}
2024-07-13 20:25:01,044 : INFO : EventManager : Event: ======'player_score'====== Args={'value': 220, 'prev_value': 210, 'change': 10, 'player_num': 1, 'source': 'base'}
2024-07-13 20:25:01,144 : INFO : SwitchController : <<<<<<< 's_right_pop_bumper' inactive >>>>>>>
2024-07-13 20:25:01,913 : INFO : EventManager : Event: ======'ball_save_default_hurry_up'====== Args={}
2024-07-13 20:25:02,494 : INFO : SwitchController : <<<<<<< 's_right_rollover_lane' active >>>>>>>
2024-07-13 20:25:02,494 : INFO : EventManager : Event: ======'s_right_rollover_lane_active'====== Args={}
2024-07-13 20:25:02,495 : INFO : EventManager : Event: ======'machine_var_audits_switches_s_right_rollover_lane'====== Args={'value': 121, 'prev_value': 120, 'change': 1}
2024-07-13 20:25:02,496 : INFO : EventManager : Event: ======'player_shot_right_rollover_lane'====== Args={'value': 1, 'prev_value': 0, 'change': 1, 'player_num': 1}
2024-07-13 20:25:02,497 : INFO : EventManager : Event: ======'machine_var_audits_shots_right_rollover_lane'====== Args={'value': 107, 'prev_value': 106, 'change': 1}
2024-07-13 20:25:02,498 : INFO : EventManager : Event: ======'right_rollover_lane_hit'====== Args={'profile': 'default', 'state': 'unlit', 'advancing': True}
2024-07-13 20:25:02,498 : INFO : EventManager : Event: ======'right_rollover_lane_default_hit'====== Args={'profile': 'default', 'state': 'unlit', 'advancing': True}
2024-07-13 20:25:02,498 : INFO : EventManager : Event: ======'right_rollover_lane_default_unlit_hit'====== Args={'profile': 'default', 'state': 'unlit', 'advancing': True}
2024-07-13 20:25:02,499 : INFO : EventManager : Event: ======'right_rollover_lane_unlit_hit'====== Args={'profile': 'default', 'state': 'unlit', 'advancing': True}
2024-07-13 20:25:02,499 : INFO : EventManager : Event: ======'player_score'====== Args={'value': 270, 'prev_value': 220, 'change': 50, 'player_num': 1, 'source': 'base'}
2024-07-13 20:25:02,500 : INFO : EventManager : Event: ======'BBQ_lanes_hit'====== Args={'shot': 'right_rollover_lane'}
2024-07-13 20:25:02,500 : INFO : EventManager : Event: ======'BBQ_lanes_unlit_hit'====== Args={'shot': 'right_rollover_lane'}
2024-07-13 20:25:02,581 : INFO : SwitchController : <<<<<<< 's_right_rollover_lane' inactive >>>>>>>
2024-07-13 20:25:03,242 : INFO : SwitchController : <<<<<<< 's_middle_rollover_lane' active >>>>>>>
2024-07-13 20:25:03,242 : INFO : EventManager : Event: ======'s_middle_rollover_lane_active'====== Args={}
2024-07-13 20:25:03,243 : INFO : EventManager : Event: ======'machine_var_audits_switches_s_middle_rollover_lane'====== Args={'value': 107, 'prev_value': 106, 'change': 1}
2024-07-13 20:25:03,245 : INFO : EventManager : Event: ======'player_shot_middle_rollover_lane'====== Args={'value': 1, 'prev_value': 0, 'change': 1, 'player_num': 1}
2024-07-13 20:25:03,246 : INFO : EventManager : Event: ======'machine_var_audits_shots_middle_rollover_lane'====== Args={'value': 104, 'prev_value': 103, 'change': 1}
2024-07-13 20:25:03,247 : INFO : EventManager : Event: ======'middle_rollover_lane_hit'====== Args={'profile': 'default', 'state': 'unlit', 'advancing': True}
2024-07-13 20:25:03,247 : INFO : EventManager : Event: ======'middle_rollover_lane_default_hit'====== Args={'profile': 'default', 'state': 'unlit', 'advancing': True}
2024-07-13 20:25:03,248 : INFO : EventManager : Event: ======'middle_rollover_lane_default_unlit_hit'====== Args={'profile': 'default', 'state': 'unlit', 'advancing': True}
2024-07-13 20:25:03,248 : INFO : EventManager : Event: ======'middle_rollover_lane_unlit_hit'====== Args={'profile': 'default', 'state': 'unlit', 'advancing': True}
2024-07-13 20:25:03,248 : INFO : EventManager : Event: ======'player_score'====== Args={'value': 320, 'prev_value': 270, 'change': 50, 'player_num': 1, 'source': 'base'}
2024-07-13 20:25:03,248 : INFO : EventManager : Event: ======'BBQ_lanes_hit'====== Args={'shot': 'middle_rollover_lane'}
2024-07-13 20:25:03,248 : INFO : EventManager : Event: ======'BBQ_lanes_unlit_hit'====== Args={'shot': 'middle_rollover_lane'}
2024-07-13 20:25:03,377 : INFO : SwitchController : <<<<<<< 's_middle_rollover_lane' inactive >>>>>>>
2024-07-13 20:25:03,913 : INFO : EventManager : Event: ======'ball_save_default_grace_period'====== Args={}
2024-07-13 20:25:04,161 : INFO : SwitchController : <<<<<<< 's_left_rollover_lane' active >>>>>>>
2024-07-13 20:25:04,161 : INFO : EventManager : Event: ======'s_left_rollover_lane_active'====== Args={}
2024-07-13 20:25:04,162 : INFO : EventManager : Event: ======'machine_var_audits_switches_s_left_rollover_lane'====== Args={'value': 112, 'prev_value': 111, 'change': 1}
2024-07-13 20:25:04,163 : INFO : EventManager : Event: ======'player_shot_left_rollover_lane'====== Args={'value': 1, 'prev_value': 0, 'change': 1, 'player_num': 1}
2024-07-13 20:25:04,164 : INFO : EventManager : Event: ======'machine_var_audits_shots_left_rollover_lane'====== Args={'value': 107, 'prev_value': 106, 'change': 1}
2024-07-13 20:25:04,164 : INFO : EventManager : Event: ======'left_rollover_lane_hit'====== Args={'profile': 'default', 'state': 'unlit', 'advancing': True}
2024-07-13 20:25:04,165 : INFO : EventManager : Event: ======'left_rollover_lane_default_hit'====== Args={'profile': 'default', 'state': 'unlit', 'advancing': True}
2024-07-13 20:25:04,165 : INFO : EventManager : Event: ======'left_rollover_lane_default_unlit_hit'====== Args={'profile': 'default', 'state': 'unlit', 'advancing': True}
2024-07-13 20:25:04,165 : INFO : EventManager : Event: ======'left_rollover_lane_unlit_hit'====== Args={'profile': 'default', 'state': 'unlit', 'advancing': True}
2024-07-13 20:25:04,165 : INFO : EventManager : Event: ======'player_score'====== Args={'value': 370, 'prev_value': 320, 'change': 50, 'player_num': 1, 'source': 'base'}
2024-07-13 20:25:04,165 : INFO : EventManager : Event: ======'BBQ_lanes_complete'====== Args={'state': 'lit'}
2024-07-13 20:25:04,166 : INFO : EventManager : Event: ======'BBQ_lanes_lit_complete'====== Args={}
2024-07-13 20:25:04,166 : INFO : EventManager : Event: ======'player_score'====== Args={'value': 1370, 'prev_value': 370, 'change': 1000, 'player_num': 1, 'source': 'BBQ_rollover'}
2024-07-13 20:25:04,168 : INFO : EventManager : Event: ======'logicblock_lb_BBQ_complete_count_updated'====== Args={'value': 2, 'enabled': True}
2024-07-13 20:25:04,168 : INFO : EventManager : Event: ======'BBQ_lanes_done'====== Args={'count': 2}
2024-07-13 20:25:04,169 : INFO : EventManager : Event: ======'player_pf_multiplier'====== Args={'value': 2, 'prev_value': 1, 'change': 1, 'player_num': 1, 'source': 'BBQ_rollover'}
2024-07-13 20:25:04,170 : INFO : EventManager : Event: ======'BBQ_lanes_hit'====== Args={'shot': 'left_rollover_lane'}
2024-07-13 20:25:04,171 : INFO : EventManager : Event: ======'BBQ_lanes_unlit_hit'====== Args={'shot': 'left_rollover_lane'}
2024-07-13 20:25:04,240 : INFO : SwitchController : <<<<<<< 's_left_rollover_lane' inactive >>>>>>>
2024-07-13 20:25:05,169 : INFO : EventManager : Event: ======'player_shot_left_rollover_lane'====== Args={'value': 0, 'prev_value': 1, 'change': -1, 'player_num': 1}
2024-07-13 20:25:05,171 : INFO : EventManager : Event: ======'player_shot_middle_rollover_lane'====== Args={'value': 0, 'prev_value': 1, 'change': -1, 'player_num': 1}
2024-07-13 20:25:05,173 : INFO : EventManager : Event: ======'player_shot_right_rollover_lane'====== Args={'value': 0, 'prev_value': 1, 'change': -1, 'player_num': 1}
2024-07-13 20:25:05,174 : INFO : EventManager : Event: ======'BBQ_lanes_complete'====== Args={'state': 'unlit'}
2024-07-13 20:25:05,174 : INFO : EventManager : Event: ======'BBQ_lanes_unlit_complete'====== Args={}
2024-07-13 20:25:05,177 : INFO : EventManager : Event: ======'player_score'====== Args={'value': 3370, 'prev_value': 1370, 'change': 2000, 'player_num': 1, 'source': 'BBQ_rollover'}
2024-07-13 20:25:05,842 : INFO : SwitchController : <<<<<<< 's_left_rollover_lane' active >>>>>>>
2024-07-13 20:25:05,842 : INFO : EventManager : Event: ======'s_left_rollover_lane_active'====== Args={}
2024-07-13 20:25:05,843 : INFO : EventManager : Event: ======'machine_var_audits_switches_s_left_rollover_lane'====== Args={'value': 113, 'prev_value': 112, 'change': 1}
2024-07-13 20:25:05,847 : INFO : EventManager : Event: ======'player_shot_left_rollover_lane'====== Args={'value': 1, 'prev_value': 0, 'change': 1, 'player_num': 1}
2024-07-13 20:25:05,854 : INFO : EventManager : Event: ======'machine_var_audits_shots_left_rollover_lane'====== Args={'value': 108, 'prev_value': 107, 'change': 1}
2024-07-13 20:25:05,855 : INFO : EventManager : Event: ======'left_rollover_lane_hit'====== Args={'profile': 'default', 'state': 'unlit', 'advancing': True}
2024-07-13 20:25:05,855 : INFO : EventManager : Event: ======'left_rollover_lane_default_hit'====== Args={'profile': 'default', 'state': 'unlit', 'advancing': True}
2024-07-13 20:25:05,855 : INFO : EventManager : Event: ======'left_rollover_lane_default_unlit_hit'====== Args={'profile': 'default', 'state': 'unlit', 'advancing': True}
2024-07-13 20:25:05,856 : INFO : EventManager : Event: ======'left_rollover_lane_unlit_hit'====== Args={'profile': 'default', 'state': 'unlit', 'advancing': True}
2024-07-13 20:25:05,856 : INFO : EventManager : Event: ======'player_score'====== Args={'value': 3420, 'prev_value': 3370, 'change': 50, 'player_num': 1, 'source': 'base'}
2024-07-13 20:25:05,859 : INFO : EventManager : Event: ======'BBQ_lanes_hit'====== Args={'shot': 'left_rollover_lane'}
2024-07-13 20:25:05,860 : INFO : EventManager : Event: ======'BBQ_lanes_unlit_hit'====== Args={'shot': 'left_rollover_lane'}
2024-07-13 20:25:05,912 : INFO : EventManager : Event: ======'ball_save_default_disabled'====== Args={}
2024-07-13 20:25:05,955 : INFO : SwitchController : <<<<<<< 's_left_rollover_lane' inactive >>>>>>>
2024-07-13 20:25:06,464 : INFO : SwitchController : <<<<<<< 's_middle_rollover_lane' active >>>>>>>
2024-07-13 20:25:06,464 : INFO : EventManager : Event: ======'s_middle_rollover_lane_active'====== Args={}
2024-07-13 20:25:06,465 : INFO : EventManager : Event: ======'machine_var_audits_switches_s_middle_rollover_lane'====== Args={'value': 108, 'prev_value': 107, 'change': 1}
2024-07-13 20:25:06,466 : INFO : EventManager : Event: ======'player_shot_middle_rollover_lane'====== Args={'value': 1, 'prev_value': 0, 'change': 1, 'player_num': 1}
2024-07-13 20:25:06,467 : INFO : EventManager : Event: ======'machine_var_audits_shots_middle_rollover_lane'====== Args={'value': 105, 'prev_value': 104, 'change': 1}
2024-07-13 20:25:06,467 : INFO : EventManager : Event: ======'middle_rollover_lane_hit'====== Args={'profile': 'default', 'state': 'unlit', 'advancing': True}
2024-07-13 20:25:06,468 : INFO : EventManager : Event: ======'middle_rollover_lane_default_hit'====== Args={'profile': 'default', 'state': 'unlit', 'advancing': True}
2024-07-13 20:25:06,468 : INFO : EventManager : Event: ======'middle_rollover_lane_default_unlit_hit'====== Args={'profile': 'default', 'state': 'unlit', 'advancing': True}
2024-07-13 20:25:06,468 : INFO : EventManager : Event: ======'middle_rollover_lane_unlit_hit'====== Args={'profile': 'default', 'state': 'unlit', 'advancing': True}
2024-07-13 20:25:06,468 : INFO : EventManager : Event: ======'player_score'====== Args={'value': 3470, 'prev_value': 3420, 'change': 50, 'player_num': 1, 'source': 'base'}
2024-07-13 20:25:06,470 : INFO : EventManager : Event: ======'BBQ_lanes_hit'====== Args={'shot': 'middle_rollover_lane'}
2024-07-13 20:25:06,470 : INFO : EventManager : Event: ======'BBQ_lanes_unlit_hit'====== Args={'shot': 'middle_rollover_lane'}
2024-07-13 20:25:06,577 : INFO : SwitchController : <<<<<<< 's_middle_rollover_lane' inactive >>>>>>>
2024-07-13 20:25:07,358 : INFO : SwitchController : <<<<<<< 's_right_rollover_lane' active >>>>>>>
2024-07-13 20:25:07,361 : INFO : EventManager : Event: ======'s_right_rollover_lane_active'====== Args={}
2024-07-13 20:25:07,363 : INFO : EventManager : Event: ======'machine_var_audits_switches_s_right_rollover_lane'====== Args={'value': 122, 'prev_value': 121, 'change': 1}
2024-07-13 20:25:07,365 : INFO : EventManager : Event: ======'player_shot_right_rollover_lane'====== Args={'value': 1, 'prev_value': 0, 'change': 1, 'player_num': 1}
2024-07-13 20:25:07,366 : INFO : EventManager : Event: ======'machine_var_audits_shots_right_rollover_lane'====== Args={'value': 108, 'prev_value': 107, 'change': 1}
2024-07-13 20:25:07,366 : INFO : EventManager : Event: ======'right_rollover_lane_hit'====== Args={'profile': 'default', 'state': 'unlit', 'advancing': True}
2024-07-13 20:25:07,366 : INFO : EventManager : Event: ======'right_rollover_lane_default_hit'====== Args={'profile': 'default', 'state': 'unlit', 'advancing': True}
2024-07-13 20:25:07,366 : INFO : EventManager : Event: ======'right_rollover_lane_default_unlit_hit'====== Args={'profile': 'default', 'state': 'unlit', 'advancing': True}
2024-07-13 20:25:07,366 : INFO : EventManager : Event: ======'right_rollover_lane_unlit_hit'====== Args={'profile': 'default', 'state': 'unlit', 'advancing': True}
2024-07-13 20:25:07,366 : INFO : EventManager : Event: ======'player_score'====== Args={'value': 3520, 'prev_value': 3470, 'change': 50, 'player_num': 1, 'source': 'base'}
2024-07-13 20:25:07,367 : INFO : EventManager : Event: ======'BBQ_lanes_complete'====== Args={'state': 'lit'}
2024-07-13 20:25:07,367 : INFO : EventManager : Event: ======'BBQ_lanes_lit_complete'====== Args={}
2024-07-13 20:25:07,368 : INFO : EventManager : Event: ======'player_score'====== Args={'value': 5520, 'prev_value': 3520, 'change': 2000, 'player_num': 1, 'source': 'BBQ_rollover'}
2024-07-13 20:25:07,369 : INFO : EventManager : Event: ======'logicblock_lb_BBQ_complete_count_updated'====== Args={'value': 3, 'enabled': True}
2024-07-13 20:25:07,369 : INFO : EventManager : Event: ======'BBQ_lanes_done'====== Args={'count': 3}
2024-07-13 20:25:07,370 : INFO : EventManager : Event: ======'player_pf_multiplier'====== Args={'value': 3, 'prev_value': 2, 'change': 1, 'player_num': 1, 'source': 'BBQ_rollover'}
2024-07-13 20:25:07,371 : INFO : EventManager : Event: ======'BBQ_lanes_hit'====== Args={'shot': 'right_rollover_lane'}
2024-07-13 20:25:07,371 : INFO : EventManager : Event: ======'BBQ_lanes_unlit_hit'====== Args={'shot': 'right_rollover_lane'}
2024-07-13 20:25:07,460 : INFO : SwitchController : <<<<<<< 's_right_rollover_lane' inactive >>>>>>>
2024-07-13 20:25:08,370 : INFO : EventManager : Event: ======'player_shot_left_rollover_lane'====== Args={'value': 0, 'prev_value': 1, 'change': -1, 'player_num': 1}
2024-07-13 20:25:08,371 : INFO : EventManager : Event: ======'player_shot_middle_rollover_lane'====== Args={'value': 0, 'prev_value': 1, 'change': -1, 'player_num': 1}
2024-07-13 20:25:08,372 : INFO : EventManager : Event: ======'player_shot_right_rollover_lane'====== Args={'value': 0, 'prev_value': 1, 'change': -1, 'player_num': 1}
2024-07-13 20:25:08,373 : INFO : EventManager : Event: ======'BBQ_lanes_complete'====== Args={'state': 'unlit'}
2024-07-13 20:25:08,373 : INFO : EventManager : Event: ======'BBQ_lanes_unlit_complete'====== Args={}
2024-07-13 20:25:08,376 : INFO : EventManager : Event: ======'player_score'====== Args={'value': 8520, 'prev_value': 5520, 'change': 3000, 'player_num': 1, 'source': 'BBQ_rollover'}
2024-07-13 20:25:09,026 : INFO : SwitchController : <<<<<<< 's_p_target' active >>>>>>>
2024-07-13 20:25:09,026 : INFO : EventManager : Event: ======'s_p_target_active'====== Args={}
2024-07-13 20:25:09,026 : INFO : EventManager : Event: ======'machine_var_audits_switches_s_p_target'====== Args={'value': 232, 'prev_value': 231, 'change': 1}
2024-07-13 20:25:09,030 : INFO : EventManager : Event: ======'player_shot_qualify_p_target'====== Args={'value': 1, 'prev_value': 0, 'change': 1, 'player_num': 1}
2024-07-13 20:25:09,040 : INFO : EventManager : Event: ======'machine_var_audits_shots_qualify_p_target'====== Args={'value': 19, 'prev_value': 18, 'change': 1}
2024-07-13 20:25:09,041 : INFO : EventManager : Event: ======'qualify_p_target_hit'====== Args={'profile': 'default', 'state': 'unlit', 'advancing': True}
2024-07-13 20:25:09,041 : INFO : EventManager : Event: ======'qualify_p_target_default_hit'====== Args={'profile': 'default', 'state': 'unlit', 'advancing': True}
2024-07-13 20:25:09,041 : INFO : EventManager : Event: ======'qualify_p_target_default_unlit_hit'====== Args={'profile': 'default', 'state': 'unlit', 'advancing': True}
2024-07-13 20:25:09,041 : INFO : EventManager : Event: ======'qualify_p_target_unlit_hit'====== Args={'profile': 'default', 'state': 'unlit', 'advancing': True}
2024-07-13 20:25:09,042 : INFO : EventManager : Event: ======'player_score'====== Args={'value': 8570, 'prev_value': 8520, 'change': 50, 'player_num': 1, 'source': 'base'}
2024-07-13 20:25:09,042 : INFO : EventManager : Event: ======'qualify_mission_hit'====== Args={'shot': 'qualify_p_target'}
2024-07-13 20:25:09,043 : INFO : EventManager : Event: ======'qualify_mission_unlit_hit'====== Args={'shot': 'qualify_p_target'}
2024-07-13 20:25:09,138 : INFO : SwitchController : <<<<<<< 's_p_target' inactive >>>>>>>
2024-07-13 20:25:09,625 : INFO : SwitchController : <<<<<<< 's_r_target' active >>>>>>>
2024-07-13 20:25:09,625 : INFO : EventManager : Event: ======'s_r_target_active'====== Args={}
2024-07-13 20:25:09,625 : INFO : EventManager : Event: ======'machine_var_audits_switches_s_r_target'====== Args={'value': 90, 'prev_value': 89, 'change': 1}
2024-07-13 20:25:09,626 : INFO : EventManager : Event: ======'player_shot_qualify_r_target'====== Args={'value': 1, 'prev_value': 0, 'change': 1, 'player_num': 1}
2024-07-13 20:25:09,628 : INFO : EventManager : Event: ======'machine_var_audits_shots_qualify_r_target'====== Args={'value': 55, 'prev_value': 54, 'change': 1}
2024-07-13 20:25:09,630 : INFO : EventManager : Event: ======'qualify_r_target_hit'====== Args={'profile': 'default', 'state': 'unlit', 'advancing': True}
2024-07-13 20:25:09,631 : INFO : EventManager : Event: ======'qualify_r_target_default_hit'====== Args={'profile': 'default', 'state': 'unlit', 'advancing': True}
2024-07-13 20:25:09,631 : INFO : EventManager : Event: ======'qualify_r_target_default_unlit_hit'====== Args={'profile': 'default', 'state': 'unlit', 'advancing': True}
2024-07-13 20:25:09,631 : INFO : EventManager : Event: ======'qualify_r_target_unlit_hit'====== Args={'profile': 'default', 'state': 'unlit', 'advancing': True}
2024-07-13 20:25:09,632 : INFO : EventManager : Event: ======'player_score'====== Args={'value': 8620, 'prev_value': 8570, 'change': 50, 'player_num': 1, 'source': 'base'}
2024-07-13 20:25:09,632 : INFO : EventManager : Event: ======'qualify_mission_hit'====== Args={'shot': 'qualify_r_target'}
2024-07-13 20:25:09,632 : INFO : EventManager : Event: ======'qualify_mission_unlit_hit'====== Args={'shot': 'qualify_r_target'}
2024-07-13 20:25:09,745 : INFO : SwitchController : <<<<<<< 's_r_target' inactive >>>>>>>
2024-07-13 20:25:10,508 : INFO : SwitchController : <<<<<<< 's_o_target' active >>>>>>>
2024-07-13 20:25:10,509 : INFO : EventManager : Event: ======'s_o_target_active'====== Args={}
2024-07-13 20:25:10,509 : INFO : EventManager : Event: ======'machine_var_audits_switches_s_o_target'====== Args={'value': 68, 'prev_value': 67, 'change': 1}
2024-07-13 20:25:10,511 : INFO : EventManager : Event: ======'player_shot_qualify_o_target'====== Args={'value': 1, 'prev_value': 0, 'change': 1, 'player_num': 1}
2024-07-13 20:25:10,513 : INFO : EventManager : Event: ======'machine_var_audits_shots_qualify_o_target'====== Args={'value': 23, 'prev_value': 22, 'change': 1}
2024-07-13 20:25:10,514 : INFO : EventManager : Event: ======'qualify_o_target_hit'====== Args={'profile': 'default', 'state': 'unlit', 'advancing': True}
2024-07-13 20:25:10,515 : INFO : EventManager : Event: ======'qualify_o_target_default_hit'====== Args={'profile': 'default', 'state': 'unlit', 'advancing': True}
2024-07-13 20:25:10,515 : INFO : EventManager : Event: ======'qualify_o_target_default_unlit_hit'====== Args={'profile': 'default', 'state': 'unlit', 'advancing': True}
2024-07-13 20:25:10,516 : INFO : EventManager : Event: ======'qualify_o_target_unlit_hit'====== Args={'profile': 'default', 'state': 'unlit', 'advancing': True}
2024-07-13 20:25:10,517 : INFO : EventManager : Event: ======'player_score'====== Args={'value': 8670, 'prev_value': 8620, 'change': 50, 'player_num': 1, 'source': 'base'}
2024-07-13 20:25:10,518 : INFO : EventManager : Event: ======'qualify_mission_complete'====== Args={'state': 'lit'}
2024-07-13 20:25:10,518 : INFO : EventManager : Event: ======'qualify_mission_lit_complete'====== Args={}
2024-07-13 20:25:10,519 : INFO : EventManager : Event: ======'qualify_mission_hit'====== Args={'shot': 'qualify_o_target'}
2024-07-13 20:25:10,519 : INFO : EventManager : Event: ======'qualify_mission_unlit_hit'====== Args={'shot': 'qualify_o_target'}
2024-07-13 20:25:10,606 : INFO : SwitchController : <<<<<<< 's_o_target' inactive >>>>>>>
2024-07-13 20:25:11,520 : INFO : EventManager : Event: ======'player_shot_qualify_p_target'====== Args={'value': 0, 'prev_value': 1, 'change': -1, 'player_num': 1}
2024-07-13 20:25:11,522 : INFO : EventManager : Event: ======'player_shot_qualify_r_target'====== Args={'value': 0, 'prev_value': 1, 'change': -1, 'player_num': 1}
2024-07-13 20:25:11,523 : INFO : EventManager : Event: ======'player_shot_qualify_o_target'====== Args={'value': 0, 'prev_value': 1, 'change': -1, 'player_num': 1}
2024-07-13 20:25:11,524 : INFO : EventManager : Event: ======'qualify_mission_complete'====== Args={'state': 'unlit'}
2024-07-13 20:25:11,524 : INFO : EventManager : Event: ======'qualify_mission_unlit_complete'====== Args={}
2024-07-13 20:25:12,174 : INFO : SwitchController : <<<<<<< 's_scoop' active >>>>>>>
2024-07-13 20:25:12,175 : INFO : EventManager : Event: ======'machine_var_audits_switches_s_scoop'====== Args={'value': 52, 'prev_value': 51, 'change': 1}
2024-07-13 20:25:12,677 : INFO : EventManager : Event: ======'balldevice_bd_scoop_ball_count_changed'====== Args={'balls': 1}
2024-07-13 20:25:12,678 : INFO : ball_device.bd_scoop : Received unexpected ball
2024-07-13 20:25:12,679 : INFO : EventManager : Event: ======'balldevice_captured_from_playfield'====== Args={'balls': 1}
2024-07-13 20:25:12,680 : INFO : EventManager : Event: ======'sw_playfield_active'====== Args={'balls': 1}
2024-07-13 20:25:12,680 : INFO : EventManager : Event: ======'playfield_ball_count_change'====== Args={'balls': 0, 'change': -1}
2024-07-13 20:25:12,681 : INFO : EventManager : Event: ======'balldevice_bd_scoop_ball_enter'====== Args={'new_balls': 1, 'unclaimed_balls': 1, 'new_available_balls': 1, 'device': <ball_device.bd_scoop>}
2024-07-13 20:25:12,682 : INFO : EventManager : Event: ======'ball_hold_scoop_held_ball'====== Args={'balls_held': 1, 'total_balls_held': 1}
2024-07-13 20:25:12,682 : INFO : EventManager : Event: ======'ball_hold_scoop_full'====== Args={'balls': 1}
2024-07-13 20:25:12,683 : INFO : EventManager : Event: ======'mode_mission_select_will_start'====== Args={'balls_held': 1, 'total_balls_held': 1}
2024-07-13 20:25:12,684 : INFO : EventManager : Event: ======'mode_mission_select_starting'====== Args={'balls_held': 1, 'total_balls_held': 1}
2024-07-13 20:25:12,685 : INFO : Mode.mission_select : Started. Priority: 800
2024-07-13 20:25:12,685 : INFO : EventManager : Event: ======'modes_active_modes_changed'====== Args={}
2024-07-13 20:25:12,686 : INFO : EventManager : Event: ======'mode_mission_select_started'====== Args={'balls_held': 1, 'total_balls_held': 1}
2024-07-13 20:25:12,687 : INFO : EventManager : Event: ======'item_highlighted'====== Args={'carousel': 'mission_select', 'direction': None, 'item': 'beat_the_surfer'}
2024-07-13 20:25:12,688 : INFO : EventManager : Event: ======'balldevice_balls_available'====== Args={}
2024-07-13 20:25:12,688 : INFO : EventManager : Event: ======'balldevice_bd_scoop_ball_entered'====== Args={'new_balls': 1, 'device': <ball_device.bd_scoop>}
2024-07-13 20:25:12,725 : INFO : EventManager : Event: ======'slide_mission_select_created'====== Args={'_from_bcp': True}
2024-07-13 20:25:12,726 : INFO : EventManager : Event: ======'slide_base_inactive'====== Args={'_from_bcp': True}
2024-07-13 20:25:12,726 : INFO : EventManager : Event: ======'slide_mission_select_active'====== Args={'original_context': 'mission_select', 'original_calling_context': 'mode_mission_select_started', 'cmd': 'slides_play', '_from_bcp': True}
2024-07-13 20:25:12,798 : INFO : SwitchController : <<<<<<< 's_scoop' inactive >>>>>>>
2024-07-13 20:25:18,302 : INFO : EventManager : Event: ======'balldevice_bd_scoop_ball_count_changed'====== Args={'balls': 0}
2024-07-13 20:25:18,303 : WARNING : ball_device.bd_scoop : Ball disappeared while idle. This should not normally happen.
2024-07-13 20:25:18,304 : INFO : EventManager : Event: ======'balldevice_playfield_ball_enter'====== Args={'new_balls': 1, 'unclaimed_balls': 1, 'device': <playfield.playfield>}
2024-07-13 20:25:18,304 : INFO : EventManager : Event: ======'playfield_ball_count_change'====== Args={'balls': 1, 'change': 1}
2024-07-13 20:25:18,306 : INFO : ball_device.bd_scoop : 1 ball(s) missing from device. Mechanical eject? False
2024-07-13 20:25:18,306 : INFO : EventManager : Event: ======'balldevice_bd_scoop_ball_missing'====== Args={'balls': 1}
2024-07-13 20:25:18,307 : INFO : ball_hold.scoop : Ball device <ball_device.bd_scoop> lost 1 balls, hold now has 0 balls held
2024-07-13 20:25:18,307 : INFO : EventManager : Event: ======'balldevice_ball_missing'====== Args={'balls': 1, 'name': 'bd_scoop'}
2024-07-13 20:25:29,322 : INFO : Machine : Shutting down...
2024-07-13 20:25:29,322 : INFO : EventManager : Event: ======'shutdown'====== Args={}
2024-07-13 20:25:29,347 : INFO : EventManager : Event: ======'mode_game_will_stop'====== Args={}
2024-07-13 20:25:29,347 : INFO : EventManager : Event: ======'mode_game_stopping'====== Args={}
2024-07-13 20:25:29,348 : INFO : EventManager : Event: ======'mode_base_will_stop'====== Args={}
2024-07-13 20:25:29,348 : INFO : EventManager : Event: ======'mode_base_stopping'====== Args={}
2024-07-13 20:25:29,348 : INFO : EventManager : Event: ======'mode_BBQ_rollover_will_stop'====== Args={}
2024-07-13 20:25:29,348 : INFO : EventManager : Event: ======'mode_BBQ_rollover_stopping'====== Args={}
2024-07-13 20:25:29,348 : INFO : Mode.BBQ_rollover : Stopped.
2024-07-13 20:25:29,348 : INFO : EventManager : Event: ======'modes_active_modes_changed'====== Args={}
2024-07-13 20:25:29,348 : INFO : EventManager : Event: ======'mode_BBQ_rollover_stopped'====== Args={}
2024-07-13 20:25:29,348 : INFO : EventManager : Event: ======'clear'====== Args={'key': 'BBQ_rollover'}
2024-07-13 20:25:29,354 : INFO : Mode.base : Stopped.
2024-07-13 20:25:29,354 : INFO : EventManager : Event: ======'modes_active_modes_changed'====== Args={}
2024-07-13 20:25:29,355 : INFO : EventManager : Event: ======'mode_base_stopped'====== Args={}
2024-07-13 20:25:29,355 : INFO : EventManager : Event: ======'clear'====== Args={'key': 'base'}
2024-07-13 20:25:29,355 : INFO : Mode.game : Stopped.
2024-07-13 20:25:29,355 : INFO : EventManager : Event: ======'modes_active_modes_changed'====== Args={}
2024-07-13 20:25:29,355 : INFO : EventManager : Event: ======'mode_game_stopped'====== Args={}
2024-07-13 20:25:29,355 : INFO : EventManager : Event: ======'clear'====== Args={'key': 'game'}
2024-07-13 20:25:29,357 : INFO : root : MPF run loop ended.
