2024-07-17 22:47:37,877 : INFO : root : Loading config.
2024-07-17 22:47:37,879 : INFO : YamlMultifileConfigLoader : Machine config file #1: config.yaml
2024-07-17 22:47:37,879 : WARNING : ConfigProcessor : Config file in cache changed: /Users/nicktaseris/Desktop/Pinball/KOTH/config/config.yaml
2024-07-17 22:47:37,879 : INFO : ConfigProcessor : Loading config from file /Users/nicktaseris/mpfenv/lib/python3.9/site-packages/mpf/mpfconfig.yaml.
2024-07-17 22:47:37,885 : INFO : ConfigProcessor : Loading config: /Users/nicktaseris/mpfenv/lib/python3.9/site-packages/mpf/mpfconfig.yaml
2024-07-17 22:47:37,885 : INFO : ConfigProcessor : Loading config from file /Users/nicktaseris/Desktop/Pinball/KOTH/config/config.yaml.
2024-07-17 22:47:37,890 : INFO : ConfigProcessor : Loading config: /Users/nicktaseris/Desktop/Pinball/KOTH/config/config.yaml
2024-07-17 22:47:37,891 : INFO : ConfigProcessor : Config file cache created: /var/folders/sv/d29kcl5x50v7vt1n6xb5jsd40000gn/T/c166cef8060ffee16a35821bf698da85.mpf_cache
2024-07-17 22:47:37,918 : INFO : ConfigProcessor : Loading config from cache: /var/folders/sv/d29kcl5x50v7vt1n6xb5jsd40000gn/T/6b31c5ac6ecbad948994a8204ea6b05b.mpf_cache
2024-07-17 22:47:37,918 : INFO : ConfigProcessor : Loading config from cache: /var/folders/sv/d29kcl5x50v7vt1n6xb5jsd40000gn/T/fe612d1e66c8a96c19ba449d3748eeac.mpf_cache
2024-07-17 22:47:37,919 : INFO : ConfigProcessor : Loading config from cache: /var/folders/sv/d29kcl5x50v7vt1n6xb5jsd40000gn/T/6b31c5ac6ecbad948994a8204ea6b05b.mpf_cache
2024-07-17 22:47:37,919 : INFO : ConfigProcessor : Loading config from cache: /var/folders/sv/d29kcl5x50v7vt1n6xb5jsd40000gn/T/8765227693ecd961e0504502a81255e0.mpf_cache
2024-07-17 22:47:37,919 : INFO : ConfigProcessor : Loading config from cache: /var/folders/sv/d29kcl5x50v7vt1n6xb5jsd40000gn/T/b247728c74b4d81bcb2825e2b07062a7.mpf_cache
2024-07-17 22:47:37,919 : INFO : ConfigProcessor : Loading config from cache: /var/folders/sv/d29kcl5x50v7vt1n6xb5jsd40000gn/T/f240f94f0b5d0f37ec4fd7571275a101.mpf_cache
2024-07-17 22:47:37,920 : INFO : ConfigProcessor : Loading config from cache: /var/folders/sv/d29kcl5x50v7vt1n6xb5jsd40000gn/T/c4409acfdf3ec94666e0adef48d55400.mpf_cache
2024-07-17 22:47:37,920 : INFO : ConfigProcessor : Loading config from cache: /var/folders/sv/d29kcl5x50v7vt1n6xb5jsd40000gn/T/6a2f50ed892485825cc04dc0a68eab9f.mpf_cache
2024-07-17 22:47:37,920 : INFO : ConfigProcessor : Loading config from cache: /var/folders/sv/d29kcl5x50v7vt1n6xb5jsd40000gn/T/d58c58eb9fd1a2dc27f8acd255fb3761.mpf_cache
2024-07-17 22:47:37,920 : INFO : ConfigProcessor : Loading config from cache: /var/folders/sv/d29kcl5x50v7vt1n6xb5jsd40000gn/T/07adfd310b3ef0e03c5cbc91527abb6c.mpf_cache
2024-07-17 22:47:37,921 : INFO : ConfigProcessor : Loading config from cache: /var/folders/sv/d29kcl5x50v7vt1n6xb5jsd40000gn/T/12bd5247c3bf989b919364bdb7829769.mpf_cache
2024-07-17 22:47:37,921 : INFO : ConfigProcessor : Loading config from cache: /var/folders/sv/d29kcl5x50v7vt1n6xb5jsd40000gn/T/362e08f51a1a1b7a0809dd52f9c83f83.mpf_cache
2024-07-17 22:47:37,921 : INFO : ConfigProcessor : Loading config from cache: /var/folders/sv/d29kcl5x50v7vt1n6xb5jsd40000gn/T/e45e3bd39557ed8d0881194a7afab8f7.mpf_cache
2024-07-17 22:47:37,921 : INFO : ConfigProcessor : Loading config from cache: /var/folders/sv/d29kcl5x50v7vt1n6xb5jsd40000gn/T/331d8d1a1bc190cae8c13495e1db372f.mpf_cache
2024-07-17 22:47:37,921 : INFO : ConfigProcessor : Loading config from cache: /var/folders/sv/d29kcl5x50v7vt1n6xb5jsd40000gn/T/d17a9ff77386e6f1439d0802ace1de07.mpf_cache
2024-07-17 22:47:37,921 : INFO : ConfigProcessor : Loading config from cache: /var/folders/sv/d29kcl5x50v7vt1n6xb5jsd40000gn/T/280fd64455d0d243a54ab4db98fbccbd.mpf_cache
2024-07-17 22:47:37,922 : INFO : ConfigProcessor : Loading config from cache: /var/folders/sv/d29kcl5x50v7vt1n6xb5jsd40000gn/T/0c0596ed8fbb40b6113901d21bdc0a39.mpf_cache
2024-07-17 22:47:37,922 : INFO : ConfigProcessor : Loading config from cache: /var/folders/sv/d29kcl5x50v7vt1n6xb5jsd40000gn/T/2982e2d98506102244e9fa0f437a9fca.mpf_cache
2024-07-17 22:47:37,922 : INFO : ConfigProcessor : Loading config from cache: /var/folders/sv/d29kcl5x50v7vt1n6xb5jsd40000gn/T/0fedc249e142fba0aaf46d9adc7061fa.mpf_cache
2024-07-17 22:47:37,922 : WARNING : ConfigProcessor : Config file in cache changed: /Users/nicktaseris/Desktop/Pinball/KOTH/modes/rainey_multiball/config/rainey_multiball.yaml
2024-07-17 22:47:37,922 : INFO : ConfigProcessor : Loading config from file /Users/nicktaseris/Desktop/Pinball/KOTH/modes/rainey_multiball/config/rainey_multiball.yaml.
2024-07-17 22:47:37,923 : INFO : ConfigProcessor : Loading config: /Users/nicktaseris/Desktop/Pinball/KOTH/modes/rainey_multiball/config/rainey_multiball.yaml
2024-07-17 22:47:37,923 : INFO : ConfigProcessor : Config file cache created: /var/folders/sv/d29kcl5x50v7vt1n6xb5jsd40000gn/T/c57745b2fe399992c4aedf0209f8acc9.mpf_cache
2024-07-17 22:47:37,923 : INFO : ConfigProcessor : Loading config from cache: /var/folders/sv/d29kcl5x50v7vt1n6xb5jsd40000gn/T/3048ed2d7ea14eee3db896f6760aa474.mpf_cache
2024-07-17 22:47:37,924 : INFO : Machine : Mission Pinball Framework Core Engine v0.80.0.dev1
2024-07-17 22:47:37,924 : INFO : Machine : Command line arguments: {'no_load_cache': False, 'create_config_cache': True, 'bcp': True, 'configfile': ['config.yaml'], 'force_assets_load': False, 'platform_integration_test': False, 'jsonlogging': False, 'logfile': 'logs/2024-07-17-22-47-37-mpf-Nicks-Air.lan.log', 'pause': False, 'production': False, 'text_ui': True, 'loglevel': 15, 'consoleloglevel': 20, 'force_platform': None, 'syslog_address': None, 'mc_file_name': None, 'no_sound': False, 'full_logfile_path': '/Users/nicktaseris/Desktop/Pinball/KOTH/logs/2024-07-17-22-47-37-mpf-Nicks-Air.lan.log'}
2024-07-17 22:47:37,924 : INFO : Machine : MPF path: /Users/nicktaseris/mpfenv/lib/python3.9/site-packages/mpf
2024-07-17 22:47:37,924 : INFO : Machine : Machine path: /Users/nicktaseris/Desktop/Pinball/KOTH
2024-07-17 22:47:37,924 : INFO : Machine : Platform: darwin
2024-07-17 22:47:37,924 : INFO : Machine : Python executable location: /Users/nicktaseris/mpfenv/bin/python3
2024-07-17 22:47:37,924 : INFO : Machine : Python version: 3.9.13 (64-bit)
2024-07-17 22:47:37,924 : INFO : Machine : Initializing MPF...
2024-07-17 22:47:37,955 : INFO : EventManager : Event: ======'machine_var_credits_string'====== Args={'value': 'FREE PLAY', 'prev_value': None, 'change': True}
2024-07-17 22:47:37,960 : INFO : EventManager : Event: ======'machine_var_master_volume'====== Args={'value': 0.5, 'prev_value': None, 'change': True}
2024-07-17 22:47:37,960 : INFO : EventManager : Event: ======'machine_var_player1_score'====== Args={'value': 175300, 'prev_value': None, 'change': True}
2024-07-17 22:47:37,960 : INFO : EventManager : Event: ======'machine_var_mpf_version'====== Args={'value': 'Mission Pinball Framework v0.80.0.dev1', 'prev_value': None, 'change': True}
2024-07-17 22:47:37,960 : INFO : EventManager : Event: ======'machine_var_mpf_extended_version'====== Args={'value': 'Mission Pinball Framework v0.80.0.dev1, Config version:6, Show version: 6, BCP version:1.1', 'prev_value': None, 'change': True}
2024-07-17 22:47:37,960 : INFO : EventManager : Event: ======'machine_var_python_version'====== Args={'value': '3.9.13', 'prev_value': None, 'change': True}
2024-07-17 22:47:37,968 : INFO : EventManager : Event: ======'machine_var_platform'====== Args={'value': 'macOS-12.1-arm64-arm-64bit', 'prev_value': None, 'change': True}
2024-07-17 22:47:37,968 : INFO : EventManager : Event: ======'machine_var_platform_system'====== Args={'value': 'Darwin', 'prev_value': None, 'change': True}
2024-07-17 22:47:37,968 : INFO : EventManager : Event: ======'machine_var_platform_release'====== Args={'value': '21.2.0', 'prev_value': None, 'change': True}
2024-07-17 22:47:37,968 : INFO : EventManager : Event: ======'machine_var_platform_version'====== Args={'value': 'Darwin Kernel Version 21.2.0: Sun Nov 28 20:29:10 PST 2021; root:xnu-8019.61.5~1/RELEASE_ARM64_T8101', 'prev_value': None, 'change': True}
2024-07-17 22:47:37,968 : INFO : EventManager : Event: ======'machine_var_platform_machine'====== Args={'value': 'arm64', 'prev_value': None, 'change': True}
2024-07-17 22:47:37,968 : INFO : EventManager : Event: ======'machine_var_log_file_path'====== Args={'value': '/Users/nicktaseris/Desktop/Pinball/KOTH/logs/2024-07-17-22-47-37-mpf-Nicks-Air.lan.log', 'prev_value': None, 'change': True}
2024-07-17 22:47:37,968 : INFO : EventManager : Event: ======'init_phase_1'====== Args={}
2024-07-17 22:47:37,986 : INFO : EventManager : Event: ======'drop_target_bank_strickland_bank_up'====== Args={}
2024-07-17 22:47:37,987 : INFO : EventManager : Event: ======'init_phase_2'====== Args={}
2024-07-17 22:47:37,987 : INFO : SwitchController : Found active switch: ('39', <Platform.SmartVirtual>) <switch.s_trough1>
2024-07-17 22:47:37,987 : INFO : SwitchController : Found active switch: ('40', <Platform.SmartVirtual>) <switch.s_trough2>
2024-07-17 22:47:37,987 : INFO : SwitchController : Found active switch: ('41', <Platform.SmartVirtual>) <switch.s_trough3>
2024-07-17 22:47:37,987 : INFO : SwitchController : Found active switch: ('42', <Platform.SmartVirtual>) <switch.s_trough4>
2024-07-17 22:47:37,987 : INFO : SwitchController : Found active switch: ('43', <Platform.SmartVirtual>) <switch.s_trough5>
2024-07-17 22:47:37,987 : INFO : SwitchController : Found active switch: ('44', <Platform.SmartVirtual>) <switch.s_trough6>
2024-07-17 22:47:37,991 : INFO : EventManager : Event: ======'machine_var_score1_label'====== Args={'value': 'GRAND CHAMPION', 'prev_value': None, 'change': True}
2024-07-17 22:47:37,991 : INFO : EventManager : Event: ======'machine_var_score1_name'====== Args={'value': 'BRI', 'prev_value': None, 'change': True}
2024-07-17 22:47:37,991 : INFO : EventManager : Event: ======'machine_var_score1_value'====== Args={'value': 4242, 'prev_value': None, 'change': True}
2024-07-17 22:47:37,991 : INFO : EventManager : Event: ======'machine_var_score2_label'====== Args={'value': 'HIGH SCORE 1', 'prev_value': None, 'change': True}
2024-07-17 22:47:37,991 : INFO : EventManager : Event: ======'machine_var_score2_name'====== Args={'value': 'GHK', 'prev_value': None, 'change': True}
2024-07-17 22:47:37,991 : INFO : EventManager : Event: ======'machine_var_score2_value'====== Args={'value': 2323, 'prev_value': None, 'change': True}
2024-07-17 22:47:37,991 : INFO : EventManager : Event: ======'machine_var_score3_label'====== Args={'value': 'HIGH SCORE 2', 'prev_value': None, 'change': True}
2024-07-17 22:47:37,991 : INFO : EventManager : Event: ======'machine_var_score3_name'====== Args={'value': 'JK', 'prev_value': None, 'change': True}
2024-07-17 22:47:37,991 : INFO : EventManager : Event: ======'machine_var_score3_value'====== Args={'value': 1337, 'prev_value': None, 'change': True}
2024-07-17 22:47:37,991 : INFO : EventManager : Event: ======'machine_var_score4_label'====== Args={'value': 'HIGH SCORE 3', 'prev_value': None, 'change': True}
2024-07-17 22:47:37,991 : INFO : EventManager : Event: ======'machine_var_score4_name'====== Args={'value': 'QC', 'prev_value': None, 'change': True}
2024-07-17 22:47:37,991 : INFO : EventManager : Event: ======'machine_var_score4_value'====== Args={'value': 42, 'prev_value': None, 'change': True}
2024-07-17 22:47:37,991 : INFO : EventManager : Event: ======'machine_var_score5_label'====== Args={'value': 'HIGH SCORE 4', 'prev_value': None, 'change': True}
2024-07-17 22:47:37,991 : INFO : EventManager : Event: ======'machine_var_score5_name'====== Args={'value': 'MPF', 'prev_value': None, 'change': True}
2024-07-17 22:47:37,991 : INFO : EventManager : Event: ======'machine_var_score5_value'====== Args={'value': 23, 'prev_value': None, 'change': True}
2024-07-17 22:47:37,991 : INFO : EventManager : Event: ======'bcp_connection_attempt'====== Args={'name': 'local_display', 'host': 'localhost', 'port': 5050}
2024-07-17 22:47:37,992 : INFO : BCPClientSocket : Connecting BCP to 'local_display' at localhost:5050...
2024-07-17 22:47:37,995 : INFO : BCPClientSocket : Connected BCP to 'local_display' localhost:5050
2024-07-17 22:47:37,995 : INFO : EventManager : Event: ======'bcp_clients_connected'====== Args={}
2024-07-17 22:47:37,996 : INFO : ball_device.bd_trough : BCH: Initial count: 6
2024-07-17 22:47:37,996 : INFO : ball_device.bd_trough : State: idle
2024-07-17 22:47:37,996 : INFO : ball_device.bd_plunger : BCH: Initial count: 0
2024-07-17 22:47:37,996 : INFO : ball_device.bd_plunger : State: idle
2024-07-17 22:47:37,996 : INFO : ball_device.bd_scoop : BCH: Initial count: 0
2024-07-17 22:47:37,996 : INFO : ball_device.bd_scoop : State: idle
2024-07-17 22:47:37,996 : INFO : ball_device.bd_center_spinner_ball_lock : BCH: Initial count: 0
2024-07-17 22:47:37,997 : INFO : ball_device.bd_center_spinner_ball_lock : State: idle
2024-07-17 22:47:38,000 : INFO : EventManager : Event: ======'init_phase_3'====== Args={}
2024-07-17 22:47:38,006 : INFO : EventManager : Event: ======'init_phase_4'====== Args={}
2024-07-17 22:47:38,006 : INFO : BallController : Initial balls found: 6
2024-07-17 22:47:38,007 : INFO : EventManager : Event: ======'machine_var_audits_events_game_ended'====== Args={'value': 4, 'prev_value': None, 'change': True}
2024-07-17 22:47:38,007 : INFO : EventManager : Event: ======'machine_var_audits_events_game_started'====== Args={'value': 456, 'prev_value': None, 'change': True}
2024-07-17 22:47:38,007 : INFO : EventManager : Event: ======'machine_var_audits_missing_switches_s_bottom_inline_drop'====== Args={'value': 3, 'prev_value': None, 'change': True}
2024-07-17 22:47:38,007 : INFO : EventManager : Event: ======'machine_var_audits_missing_switches_s_bottom_pop_bumper'====== Args={'value': 15, 'prev_value': None, 'change': True}
2024-07-17 22:47:38,007 : INFO : EventManager : Event: ======'machine_var_audits_missing_switches_s_e_target'====== Args={'value': 2, 'prev_value': None, 'change': True}
2024-07-17 22:47:38,007 : INFO : EventManager : Event: ======'machine_var_audits_missing_switches_s_launch_button'====== Args={'value': 3, 'prev_value': None, 'change': True}
2024-07-17 22:47:38,007 : INFO : EventManager : Event: ======'machine_var_audits_missing_switches_s_left_flipper'====== Args={'value': 7, 'prev_value': None, 'change': True}
2024-07-17 22:47:38,007 : INFO : EventManager : Event: ======'machine_var_audits_missing_switches_s_left_inlane'====== Args={'value': 5, 'prev_value': None, 'change': True}
2024-07-17 22:47:38,007 : INFO : EventManager : Event: ======'machine_var_audits_missing_switches_s_left_inner_horseshoe'====== Args={'value': 90, 'prev_value': None, 'change': True}
2024-07-17 22:47:38,007 : INFO : EventManager : Event: ======'machine_var_audits_missing_switches_s_left_orbit_enter'====== Args={'value': 24, 'prev_value': None, 'change': True}
2024-07-17 22:47:38,007 : INFO : EventManager : Event: ======'machine_var_audits_missing_switches_s_left_orbit_exit'====== Args={'value': 212, 'prev_value': None, 'change': True}
2024-07-17 22:47:38,008 : INFO : EventManager : Event: ======'machine_var_audits_missing_switches_s_left_outlane'====== Args={'value': 5, 'prev_value': None, 'change': True}
2024-07-17 22:47:38,008 : INFO : EventManager : Event: ======'machine_var_audits_missing_switches_s_left_pop_bumper'====== Args={'value': 15, 'prev_value': None, 'change': True}
2024-07-17 22:47:38,008 : INFO : EventManager : Event: ======'machine_var_audits_missing_switches_s_left_ramp_enter'====== Args={'value': 5, 'prev_value': None, 'change': True}
2024-07-17 22:47:38,008 : INFO : EventManager : Event: ======'machine_var_audits_missing_switches_s_left_ramp_exit'====== Args={'value': 5, 'prev_value': None, 'change': True}
2024-07-17 22:47:38,008 : INFO : EventManager : Event: ======'machine_var_audits_missing_switches_s_left_ramp_standup'====== Args={'value': 3, 'prev_value': None, 'change': True}
2024-07-17 22:47:38,008 : INFO : EventManager : Event: ======'machine_var_audits_missing_switches_s_left_rollover_lane'====== Args={'value': 3, 'prev_value': None, 'change': True}
2024-07-17 22:47:38,008 : INFO : EventManager : Event: ======'machine_var_audits_missing_switches_s_left_sling'====== Args={'value': 106, 'prev_value': None, 'change': True}
2024-07-17 22:47:38,008 : INFO : EventManager : Event: ======'machine_var_audits_missing_switches_s_left_spinner'====== Args={'value': 24, 'prev_value': None, 'change': True}
2024-07-17 22:47:38,008 : INFO : EventManager : Event: ======'machine_var_audits_missing_switches_s_middle_inline_drop'====== Args={'value': 3, 'prev_value': None, 'change': True}
2024-07-17 22:47:38,008 : INFO : EventManager : Event: ======'machine_var_audits_missing_switches_s_middle_rollover_lane'====== Args={'value': 3, 'prev_value': None, 'change': True}
2024-07-17 22:47:38,008 : INFO : EventManager : Event: ======'machine_var_audits_missing_switches_s_n_target'====== Args={'value': 5, 'prev_value': None, 'change': True}
2024-07-17 22:47:38,008 : INFO : EventManager : Event: ======'machine_var_audits_missing_switches_s_o_target'====== Args={'value': 3, 'prev_value': None, 'change': True}
2024-07-17 22:47:38,008 : INFO : EventManager : Event: ======'machine_var_audits_missing_switches_s_p2_target'====== Args={'value': 1, 'prev_value': None, 'change': True}
2024-07-17 22:47:38,009 : INFO : EventManager : Event: ======'machine_var_audits_missing_switches_s_p_target'====== Args={'value': 4, 'prev_value': None, 'change': True}
2024-07-17 22:47:38,009 : INFO : EventManager : Event: ======'machine_var_audits_missing_switches_s_r_target'====== Args={'value': 4, 'prev_value': None, 'change': True}
2024-07-17 22:47:38,009 : INFO : EventManager : Event: ======'machine_var_audits_missing_switches_s_right_flipper'====== Args={'value': 5, 'prev_value': None, 'change': True}
2024-07-17 22:47:38,009 : INFO : EventManager : Event: ======'machine_var_audits_missing_switches_s_right_inlane'====== Args={'value': 5, 'prev_value': None, 'change': True}
2024-07-17 22:47:38,009 : INFO : EventManager : Event: ======'machine_var_audits_missing_switches_s_right_inner_horseshoe'====== Args={'value': 97, 'prev_value': None, 'change': True}
2024-07-17 22:47:38,009 : INFO : EventManager : Event: ======'machine_var_audits_missing_switches_s_right_orbit_exit'====== Args={'value': 199, 'prev_value': None, 'change': True}
2024-07-17 22:47:38,009 : INFO : EventManager : Event: ======'machine_var_audits_missing_switches_s_right_outlane'====== Args={'value': 5, 'prev_value': None, 'change': True}
2024-07-17 22:47:38,009 : INFO : EventManager : Event: ======'machine_var_audits_missing_switches_s_right_pop_bumper'====== Args={'value': 15, 'prev_value': None, 'change': True}
2024-07-17 22:47:38,009 : INFO : EventManager : Event: ======'machine_var_audits_missing_switches_s_right_ramp_enter'====== Args={'value': 161, 'prev_value': None, 'change': True}
2024-07-17 22:47:38,009 : INFO : EventManager : Event: ======'machine_var_audits_missing_switches_s_right_ramp_exit'====== Args={'value': 161, 'prev_value': None, 'change': True}
2024-07-17 22:47:38,009 : INFO : EventManager : Event: ======'machine_var_audits_missing_switches_s_right_ramp_standup'====== Args={'value': 3, 'prev_value': None, 'change': True}
2024-07-17 22:47:38,009 : INFO : EventManager : Event: ======'machine_var_audits_missing_switches_s_right_rollover_lane'====== Args={'value': 3, 'prev_value': None, 'change': True}
2024-07-17 22:47:38,010 : INFO : EventManager : Event: ======'machine_var_audits_missing_switches_s_right_sling'====== Args={'value': 407, 'prev_value': None, 'change': True}
2024-07-17 22:47:38,010 : INFO : EventManager : Event: ======'machine_var_audits_missing_switches_s_scoop'====== Args={'value': 5, 'prev_value': None, 'change': True}
2024-07-17 22:47:38,010 : INFO : EventManager : Event: ======'machine_var_audits_missing_switches_s_start'====== Args={'value': 5, 'prev_value': None, 'change': True}
2024-07-17 22:47:38,010 : INFO : EventManager : Event: ======'machine_var_audits_missing_switches_s_top_inline_drop'====== Args={'value': 12, 'prev_value': None, 'change': True}
2024-07-17 22:47:38,010 : INFO : EventManager : Event: ======'machine_var_audits_missing_switches_s_trough1'====== Args={'value': 3, 'prev_value': None, 'change': True}
2024-07-17 22:47:38,010 : INFO : EventManager : Event: ======'machine_var_audits_missing_switches_s_trough2'====== Args={'value': 83, 'prev_value': None, 'change': True}
2024-07-17 22:47:38,010 : INFO : EventManager : Event: ======'machine_var_audits_missing_switches_s_trough3'====== Args={'value': 83, 'prev_value': None, 'change': True}
2024-07-17 22:47:38,010 : INFO : EventManager : Event: ======'machine_var_audits_missing_switches_s_trough4'====== Args={'value': 411, 'prev_value': None, 'change': True}
2024-07-17 22:47:38,010 : INFO : EventManager : Event: ======'machine_var_audits_missing_switches_s_trough5'====== Args={'value': 411, 'prev_value': None, 'change': True}
2024-07-17 22:47:38,010 : INFO : EventManager : Event: ======'machine_var_audits_missing_switches_s_trough6'====== Args={'value': 411, 'prev_value': None, 'change': True}
2024-07-17 22:47:38,011 : INFO : EventManager : Event: ======'machine_var_audits_missing_switches_s_trough_jam'====== Args={'value': 344, 'prev_value': None, 'change': True}
2024-07-17 22:47:38,011 : INFO : EventManager : Event: ======'machine_var_audits_player_score'====== Args={'value': {'average': 109379, 'top': [370600, 175300, 400, 300, 250], 'total': 5}, 'prev_value': None, 'change': True}
2024-07-17 22:47:38,011 : INFO : EventManager : Event: ======'machine_var_audits_shots_a_rollover_lane'====== Args={'value': 7, 'prev_value': None, 'change': True}
2024-07-17 22:47:38,011 : INFO : EventManager : Event: ======'machine_var_audits_shots_a_target'====== Args={'value': 7, 'prev_value': None, 'change': True}
2024-07-17 22:47:38,011 : INFO : EventManager : Event: ======'machine_var_audits_shots_e_target'====== Args={'value': 3, 'prev_value': None, 'change': True}
2024-07-17 22:47:38,011 : INFO : EventManager : Event: ======'machine_var_audits_shots_h_rollover_lane'====== Args={'value': 8, 'prev_value': None, 'change': True}
2024-07-17 22:47:38,011 : INFO : EventManager : Event: ======'machine_var_audits_shots_k_rollover_lane'====== Args={'value': 7, 'prev_value': None, 'change': True}
2024-07-17 22:47:38,011 : INFO : EventManager : Event: ======'machine_var_audits_shots_left_rollover_lane'====== Args={'value': 182, 'prev_value': None, 'change': True}
2024-07-17 22:47:38,011 : INFO : EventManager : Event: ======'machine_var_audits_shots_middle_rollover_lane'====== Args={'value': 176, 'prev_value': None, 'change': True}
2024-07-17 22:47:38,012 : INFO : EventManager : Event: ======'machine_var_audits_shots_n_rollover_lane'====== Args={'value': 7, 'prev_value': None, 'change': True}
2024-07-17 22:47:38,012 : INFO : EventManager : Event: ======'machine_var_audits_shots_n_target'====== Args={'value': 9, 'prev_value': None, 'change': True}
2024-07-17 22:47:38,012 : INFO : EventManager : Event: ======'machine_var_audits_shots_o_target'====== Args={'value': 4, 'prev_value': None, 'change': True}
2024-07-17 22:47:38,012 : INFO : EventManager : Event: ======'machine_var_audits_shots_p2_target'====== Args={'value': 5, 'prev_value': None, 'change': True}
2024-07-17 22:47:38,012 : INFO : EventManager : Event: ======'machine_var_audits_shots_p_target'====== Args={'value': 8, 'prev_value': None, 'change': True}
2024-07-17 22:47:38,012 : INFO : EventManager : Event: ======'machine_var_audits_shots_qualify_o_target'====== Args={'value': 73, 'prev_value': None, 'change': True}
2024-07-17 22:47:38,012 : INFO : EventManager : Event: ======'machine_var_audits_shots_qualify_p_target'====== Args={'value': 78, 'prev_value': None, 'change': True}
2024-07-17 22:47:38,012 : INFO : EventManager : Event: ======'machine_var_audits_shots_qualify_r_target'====== Args={'value': 98, 'prev_value': None, 'change': True}
2024-07-17 22:47:38,013 : INFO : EventManager : Event: ======'machine_var_audits_shots_r_target'====== Args={'value': 14, 'prev_value': None, 'change': True}
2024-07-17 22:47:38,013 : INFO : EventManager : Event: ======'machine_var_audits_shots_right_rollover_lane'====== Args={'value': 181, 'prev_value': None, 'change': True}
2024-07-17 22:47:38,013 : INFO : EventManager : Event: ======'machine_var_audits_shots_skillshot_a_target'====== Args={'value': 54, 'prev_value': None, 'change': True}
2024-07-17 22:47:38,013 : INFO : EventManager : Event: ======'machine_var_audits_shots_skillshot_e_target'====== Args={'value': 43, 'prev_value': None, 'change': True}
2024-07-17 22:47:38,013 : INFO : EventManager : Event: ======'machine_var_audits_shots_skillshot_n_target'====== Args={'value': 40, 'prev_value': None, 'change': True}
2024-07-17 22:47:38,013 : INFO : EventManager : Event: ======'machine_var_audits_shots_skillshot_o_target'====== Args={'value': 18, 'prev_value': None, 'change': True}
2024-07-17 22:47:38,013 : INFO : EventManager : Event: ======'machine_var_audits_shots_skillshot_p2_target'====== Args={'value': 15, 'prev_value': None, 'change': True}
2024-07-17 22:47:38,014 : INFO : EventManager : Event: ======'machine_var_audits_shots_skillshot_p_target'====== Args={'value': 29, 'prev_value': None, 'change': True}
2024-07-17 22:47:38,014 : INFO : EventManager : Event: ======'machine_var_audits_shots_skillshot_r_target'====== Args={'value': 17, 'prev_value': None, 'change': True}
2024-07-17 22:47:38,014 : INFO : EventManager : Event: ======'machine_var_audits_switches_s_a_target'====== Args={'value': 101, 'prev_value': None, 'change': True}
2024-07-17 22:47:38,014 : INFO : EventManager : Event: ======'machine_var_audits_switches_s_bottom_inline_drop'====== Args={'value': 684, 'prev_value': None, 'change': True}
2024-07-17 22:47:38,014 : INFO : EventManager : Event: ======'machine_var_audits_switches_s_bottom_pop_bumper'====== Args={'value': 10, 'prev_value': None, 'change': True}
2024-07-17 22:47:38,014 : INFO : EventManager : Event: ======'machine_var_audits_switches_s_center_spinner'====== Args={'value': 33, 'prev_value': None, 'change': True}
2024-07-17 22:47:38,014 : INFO : EventManager : Event: ======'machine_var_audits_switches_s_e_target'====== Args={'value': 107, 'prev_value': None, 'change': True}
2024-07-17 22:47:38,015 : INFO : EventManager : Event: ======'machine_var_audits_switches_s_launch_button'====== Args={'value': 0, 'prev_value': None, 'change': True}
2024-07-17 22:47:38,015 : INFO : EventManager : Event: ======'machine_var_audits_switches_s_left_flipper'====== Args={'value': 198, 'prev_value': None, 'change': True}
2024-07-17 22:47:38,015 : INFO : EventManager : Event: ======'machine_var_audits_switches_s_left_inlane'====== Args={'value': 18, 'prev_value': None, 'change': True}
2024-07-17 22:47:38,015 : INFO : EventManager : Event: ======'machine_var_audits_switches_s_left_inner_horseshoe'====== Args={'value': 15, 'prev_value': None, 'change': True}
2024-07-17 22:47:38,015 : INFO : EventManager : Event: ======'machine_var_audits_switches_s_left_orbit_enter'====== Args={'value': 22, 'prev_value': None, 'change': True}
2024-07-17 22:47:38,015 : INFO : EventManager : Event: ======'machine_var_audits_switches_s_left_orbit_exit'====== Args={'value': 13, 'prev_value': None, 'change': True}
2024-07-17 22:47:38,015 : INFO : EventManager : Event: ======'machine_var_audits_switches_s_left_outlane'====== Args={'value': 34, 'prev_value': None, 'change': True}
2024-07-17 22:47:38,016 : INFO : EventManager : Event: ======'machine_var_audits_switches_s_left_pop_bumper'====== Args={'value': 9, 'prev_value': None, 'change': True}
2024-07-17 22:47:38,016 : INFO : EventManager : Event: ======'machine_var_audits_switches_s_left_ramp_enter'====== Args={'value': 20, 'prev_value': None, 'change': True}
2024-07-17 22:47:38,016 : INFO : EventManager : Event: ======'machine_var_audits_switches_s_left_ramp_exit'====== Args={'value': 5, 'prev_value': None, 'change': True}
2024-07-17 22:47:38,016 : INFO : EventManager : Event: ======'machine_var_audits_switches_s_left_ramp_standup'====== Args={'value': 758, 'prev_value': None, 'change': True}
2024-07-17 22:47:38,016 : INFO : EventManager : Event: ======'machine_var_audits_switches_s_left_rollover_lane'====== Args={'value': 187, 'prev_value': None, 'change': True}
2024-07-17 22:47:38,016 : INFO : EventManager : Event: ======'machine_var_audits_switches_s_left_sling'====== Args={'value': 12, 'prev_value': None, 'change': True}
2024-07-17 22:47:38,017 : INFO : EventManager : Event: ======'machine_var_audits_switches_s_left_spinner'====== Args={'value': 116, 'prev_value': None, 'change': True}
2024-07-17 22:47:38,017 : INFO : EventManager : Event: ======'machine_var_audits_switches_s_middle_inline_drop'====== Args={'value': 695, 'prev_value': None, 'change': True}
2024-07-17 22:47:38,017 : INFO : EventManager : Event: ======'machine_var_audits_switches_s_middle_rollover_lane'====== Args={'value': 179, 'prev_value': None, 'change': True}
2024-07-17 22:47:38,017 : INFO : EventManager : Event: ======'machine_var_audits_switches_s_n_target'====== Args={'value': 99, 'prev_value': None, 'change': True}
2024-07-17 22:47:38,017 : INFO : EventManager : Event: ======'machine_var_audits_switches_s_o_target'====== Args={'value': 120, 'prev_value': None, 'change': True}
2024-07-17 22:47:38,017 : INFO : EventManager : Event: ======'machine_var_audits_switches_s_p2_target'====== Args={'value': 40, 'prev_value': None, 'change': True}
2024-07-17 22:47:38,017 : INFO : EventManager : Event: ======'machine_var_audits_switches_s_p_target'====== Args={'value': 299, 'prev_value': None, 'change': True}
2024-07-17 22:47:38,018 : INFO : EventManager : Event: ======'machine_var_audits_switches_s_plunger'====== Args={'value': 544, 'prev_value': None, 'change': True}
2024-07-17 22:47:38,018 : INFO : EventManager : Event: ======'machine_var_audits_switches_s_plunger_lane'====== Args={'value': 39, 'prev_value': None, 'change': True}
2024-07-17 22:47:38,018 : INFO : EventManager : Event: ======'machine_var_audits_switches_s_plunger_lane_exit'====== Args={'value': 334, 'prev_value': None, 'change': True}
2024-07-17 22:47:38,018 : INFO : EventManager : Event: ======'machine_var_audits_switches_s_r_target'====== Args={'value': 138, 'prev_value': None, 'change': True}
2024-07-17 22:47:38,018 : INFO : EventManager : Event: ======'machine_var_audits_switches_s_right_flipper'====== Args={'value': 536, 'prev_value': None, 'change': True}
2024-07-17 22:47:38,018 : INFO : EventManager : Event: ======'machine_var_audits_switches_s_right_inlane'====== Args={'value': 16, 'prev_value': None, 'change': True}
2024-07-17 22:47:38,019 : INFO : EventManager : Event: ======'machine_var_audits_switches_s_right_inner_horseshoe'====== Args={'value': 8, 'prev_value': None, 'change': True}
2024-07-17 22:47:38,019 : INFO : EventManager : Event: ======'machine_var_audits_switches_s_right_orbit_exit'====== Args={'value': 33, 'prev_value': None, 'change': True}
2024-07-17 22:47:38,019 : INFO : EventManager : Event: ======'machine_var_audits_switches_s_right_outlane'====== Args={'value': 15, 'prev_value': None, 'change': True}
2024-07-17 22:47:38,019 : INFO : EventManager : Event: ======'machine_var_audits_switches_s_right_pop_bumper'====== Args={'value': 17, 'prev_value': None, 'change': True}
2024-07-17 22:47:38,019 : INFO : EventManager : Event: ======'machine_var_audits_switches_s_right_ramp_enter'====== Args={'value': 1, 'prev_value': None, 'change': True}
2024-07-17 22:47:38,020 : INFO : EventManager : Event: ======'machine_var_audits_switches_s_right_ramp_exit'====== Args={'value': 1, 'prev_value': None, 'change': True}
2024-07-17 22:47:38,020 : INFO : EventManager : Event: ======'machine_var_audits_switches_s_right_ramp_standup'====== Args={'value': 217, 'prev_value': None, 'change': True}
2024-07-17 22:47:38,020 : INFO : EventManager : Event: ======'machine_var_audits_switches_s_right_rollover_lane'====== Args={'value': 195, 'prev_value': None, 'change': True}
2024-07-17 22:47:38,020 : INFO : EventManager : Event: ======'machine_var_audits_switches_s_right_sling'====== Args={'value': 1, 'prev_value': None, 'change': True}
2024-07-17 22:47:38,020 : INFO : EventManager : Event: ======'machine_var_audits_switches_s_scoop'====== Args={'value': 103, 'prev_value': None, 'change': True}
2024-07-17 22:47:38,020 : INFO : EventManager : Event: ======'machine_var_audits_switches_s_start'====== Args={'value': 303, 'prev_value': None, 'change': True}
2024-07-17 22:47:38,021 : INFO : EventManager : Event: ======'machine_var_audits_switches_s_top_inline_drop'====== Args={'value': 40, 'prev_value': None, 'change': True}
2024-07-17 22:47:38,021 : INFO : EventManager : Event: ======'machine_var_audits_switches_s_trough1'====== Args={'value': 339, 'prev_value': None, 'change': True}
2024-07-17 22:47:38,021 : INFO : EventManager : Event: ======'machine_var_audits_switches_s_trough2'====== Args={'value': 25, 'prev_value': None, 'change': True}
2024-07-17 22:47:38,021 : INFO : EventManager : Event: ======'machine_var_audits_switches_s_trough3'====== Args={'value': 5, 'prev_value': None, 'change': True}
2024-07-17 22:47:38,021 : INFO : EventManager : Event: ======'machine_var_audits_switches_s_trough4'====== Args={'value': 2, 'prev_value': None, 'change': True}
2024-07-17 22:47:38,022 : INFO : EventManager : Event: ======'machine_var_audits_switches_s_trough5'====== Args={'value': 2, 'prev_value': None, 'change': True}
2024-07-17 22:47:38,022 : INFO : EventManager : Event: ======'machine_var_audits_switches_s_trough6'====== Args={'value': 1, 'prev_value': None, 'change': True}
2024-07-17 22:47:38,022 : INFO : EventManager : Event: ======'machine_var_audits_switches_s_trough_jam'====== Args={'value': 5, 'prev_value': None, 'change': True}
2024-07-17 22:47:38,022 : INFO : EventManager : Event: ======'init_phase_5'====== Args={}
2024-07-17 22:47:38,025 : INFO : EventManager : Event: ======'init_done'====== Args={}
2024-07-17 22:47:38,025 : INFO : EventManager : Event: ======'machine_reset_phase_1'====== Args={}
2024-07-17 22:47:38,030 : INFO : EventManager : Event: ======'machine_reset_phase_2'====== Args={}
2024-07-17 22:47:38,030 : INFO : EventManager : Event: ======'machine_reset_phase_3'====== Args={}
2024-07-17 22:47:38,030 : INFO : drop_target_bank.strickland_bank : All targets are already up. Will not reset bank.
2024-07-17 22:47:38,030 : INFO : EventManager : Event: ======'reset_complete'====== Args={}
2024-07-17 22:47:38,030 : INFO : EventManager : Event: ======'mode_attract_will_start'====== Args={}
2024-07-17 22:47:38,030 : INFO : Timer.attract_switch : Starting Timer.
2024-07-17 22:47:38,030 : INFO : EventManager : Event: ======'timer_attract_switch_started'====== Args={'ticks': 0, 'ticks_remaining': 45}
2024-07-17 22:47:38,030 : INFO : EventManager : Event: ======'timer_attract_switch_tick'====== Args={'ticks': 0, 'ticks_remaining': 45}
2024-07-17 22:47:38,031 : INFO : EventManager : Event: ======'mode_attract_starting'====== Args={}
2024-07-17 22:47:38,031 : INFO : Mode.attract : Started. Priority: 10
2024-07-17 22:47:38,031 : INFO : EventManager : Event: ======'modes_active_modes_changed'====== Args={}
2024-07-17 22:47:38,031 : INFO : EventManager : Event: ======'mode_attract_started'====== Args={}
2024-07-17 22:47:38,031 : INFO : EventManager : Event: ======'collecting_balls_complete'====== Args={}
2024-07-17 22:47:38,031 : INFO : Machine : Starting the main run loop.
2024-07-17 22:47:38,691 : INFO : BcpServer : New client connected.
2024-07-17 22:47:39,033 : INFO : EventManager : Event: ======'timer_attract_switch_tick'====== Args={'ticks': 1, 'ticks_remaining': 44}
2024-07-17 22:47:39,050 : INFO : EventManager : Event: ======'slide__removed'====== Args={'_from_bcp': True}
2024-07-17 22:47:39,076 : INFO : EventManager : Event: ======'slide_dtp_logo_attract_created'====== Args={'_from_bcp': True}
2024-07-17 22:47:39,076 : INFO : EventManager : Event: ======'slide_dtp_logo_attract_active'====== Args={'original_context': 'attract', 'original_calling_context': 'timer_attract_switch_tick{ticks==1}', 'cmd': 'slides_play', '_from_bcp': True}
2024-07-17 22:47:39,191 : INFO : SwitchController : <<<<<<< 's_start' active >>>>>>>
2024-07-17 22:47:39,283 : INFO : SwitchController : <<<<<<< 's_start' inactive >>>>>>>
2024-07-17 22:47:39,283 : INFO : EventManager : Event: ======'request_to_start_game'====== Args={}
2024-07-17 22:47:39,283 : INFO : EventManager : Event: ======'game_start'====== Args={'buttons': [], 'hold_time': 0.09199870799999998}
2024-07-17 22:47:39,284 : INFO : EventManager : Event: ======'mode_game_will_start'====== Args={'buttons': [], 'hold_time': 0.09199870799999998}
2024-07-17 22:47:39,284 : INFO : EventManager : Event: ======'mode_game_starting'====== Args={'buttons': [], 'hold_time': 0.09199870799999998}
2024-07-17 22:47:39,285 : INFO : EventManager : Event: ======'mode_attract_will_stop'====== Args={}
2024-07-17 22:47:39,285 : INFO : EventManager : Event: ======'mode_attract_stopping'====== Args={}
2024-07-17 22:47:39,285 : INFO : Mode.attract : Stopped.
2024-07-17 22:47:39,285 : INFO : EventManager : Event: ======'modes_active_modes_changed'====== Args={}
2024-07-17 22:47:39,286 : INFO : EventManager : Event: ======'mode_attract_stopped'====== Args={}
2024-07-17 22:47:39,286 : INFO : EventManager : Event: ======'clear'====== Args={'key': 'attract'}
2024-07-17 22:47:39,286 : INFO : Timer.attract_switch : Stopping Timer
2024-07-17 22:47:39,286 : INFO : EventManager : Event: ======'timer_attract_switch_stopped'====== Args={'ticks': 1, 'ticks_remaining': 44}
2024-07-17 22:47:39,287 : INFO : Mode.game : Started. Priority: 20
2024-07-17 22:47:39,287 : INFO : EventManager : Event: ======'modes_active_modes_changed'====== Args={}
2024-07-17 22:47:39,287 : INFO : EventManager : Event: ======'mode_game_started'====== Args={'buttons': [], 'hold_time': 0.09199870799999998}
2024-07-17 22:47:39,287 : INFO : EventManager : Event: ======'game_will_start'====== Args={}
2024-07-17 22:47:39,288 : INFO : EventManager : Event: ======'game_starting'====== Args={'game': <Mode.game>}
2024-07-17 22:47:39,289 : INFO : EventManager : Unordered handler for class <Auditor> on event game_ended with priority 1. Handlers: [RegisteredHandler(callback=<bound method Auditor.disable of <Auditor>>, priority=1, kwargs={}, key=UUID('7c9ac6b8-0108-4927-8b4d-fbc596587d16'), condition=None, blocking_facility=None), RegisteredHandler(callback=<bound method Auditor._save_audits of <Auditor>>, priority=1, kwargs={}, key=UUID('b700a006-51cb-48ee-8212-36a7409625f4'), condition=None, blocking_facility=None)]. The order of those handlers is not defined and they will be executed in random order. This might lead to race conditions and potential bugs.
2024-07-17 22:47:39,290 : INFO : EventManager : Event: ======'player_add_request'====== Args={}
2024-07-17 22:47:39,290 : INFO : EventManager : Event: ======'player_will_add'====== Args={'number': 1}
2024-07-17 22:47:39,290 : INFO : EventManager : Event: ======'player_adding'====== Args={'player': <Player 1>, 'number': 1}
2024-07-17 22:47:39,290 : INFO : EventManager : Event: ======'player_added'====== Args={'player': <Player 1>, 'num': 1}
2024-07-17 22:47:39,291 : INFO : Mode.game : Player added successfully. Total players: 1
2024-07-17 22:47:39,291 : INFO : EventManager : Event: ======'player_index'====== Args={'value': 0, 'prev_value': 0, 'change': 0, 'player_num': 1}
2024-07-17 22:47:39,291 : INFO : EventManager : Event: ======'player_number'====== Args={'value': 1, 'prev_value': 1, 'change': 0, 'player_num': 1}
2024-07-17 22:47:39,291 : INFO : EventManager : Event: ======'player_score'====== Args={'value': 0, 'prev_value': 0, 'change': 0, 'player_num': 1}
2024-07-17 22:47:39,292 : INFO : EventManager : Event: ======'game_started'====== Args={}
2024-07-17 22:47:39,293 : INFO : EventManager : Event: ======'player_turn_will_start'====== Args={'player': <Player 1>, 'number': 1}
2024-07-17 22:47:39,293 : INFO : EventManager : Event: ======'player_turn_starting'====== Args={'player': <Player 1>, 'number': 1}
2024-07-17 22:47:39,306 : INFO : EventManager : Event: ======'player_ball'====== Args={'value': 1, 'prev_value': 0, 'change': 1, 'player_num': 1}
2024-07-17 22:47:39,306 : INFO : EventManager : Event: ======'player_turn_started'====== Args={'player': <Player 1>, 'number': 1}
2024-07-17 22:47:39,307 : INFO : EventManager : Event: ======'ball_will_start'====== Args={'player': 1, 'ball': 1, 'balls_remaining': 2, 'is_extra_ball': False}
2024-07-17 22:47:39,307 : INFO : EventManager : Event: ======'ball_starting'====== Args={'player': 1, 'ball': 1, 'balls_remaining': 2, 'is_extra_ball': False}
2024-07-17 22:47:39,307 : INFO : EventManager : Event: ======'mode_skillshot_will_start'====== Args={'queue': <QueuedEvent>, 'player': 1, 'ball': 1, 'balls_remaining': 2, 'is_extra_ball': False}
2024-07-17 22:47:39,308 : INFO : EventManager : Event: ======'skillshot_complete'====== Args={'state': 'None'}
2024-07-17 22:47:39,308 : INFO : EventManager : Event: ======'skillshot_None_complete'====== Args={}
2024-07-17 22:47:39,308 : INFO : EventManager : Event: ======'player_shot_skillshot_p_target_enabled'====== Args={'value': True, 'prev_value': 0, 'change': 1, 'player_num': 1}
2024-07-17 22:47:39,309 : INFO : EventManager : Event: ======'player_shot_skillshot_r_target_enabled'====== Args={'value': True, 'prev_value': 0, 'change': 1, 'player_num': 1}
2024-07-17 22:47:39,309 : INFO : EventManager : Event: ======'player_shot_skillshot_o_target_enabled'====== Args={'value': True, 'prev_value': 0, 'change': 1, 'player_num': 1}
2024-07-17 22:47:39,310 : INFO : EventManager : Event: ======'player_shot_skillshot_p2_target_enabled'====== Args={'value': True, 'prev_value': 0, 'change': 1, 'player_num': 1}
2024-07-17 22:47:39,310 : INFO : EventManager : Event: ======'player_shot_skillshot_a_target_enabled'====== Args={'value': True, 'prev_value': 0, 'change': 1, 'player_num': 1}
2024-07-17 22:47:39,310 : INFO : EventManager : Event: ======'player_shot_skillshot_n_target_enabled'====== Args={'value': True, 'prev_value': 0, 'change': 1, 'player_num': 1}
2024-07-17 22:47:39,311 : INFO : EventManager : Event: ======'player_shot_skillshot_e_target_enabled'====== Args={'value': True, 'prev_value': 0, 'change': 1, 'player_num': 1}
2024-07-17 22:47:39,311 : INFO : EventManager : Event: ======'player_skillshot_skillshot_rotate_tick'====== Args={'value': 0, 'prev_value': 0, 'change': 0, 'player_num': 1}
2024-07-17 22:47:39,312 : INFO : Timer.skillshot_rotate : Starting Timer.
2024-07-17 22:47:39,312 : INFO : EventManager : Event: ======'timer_skillshot_rotate_started'====== Args={'ticks': 0, 'ticks_remaining': 0}
2024-07-17 22:47:39,312 : INFO : EventManager : Event: ======'timer_skillshot_rotate_tick'====== Args={'ticks': 0, 'ticks_remaining': 0}
2024-07-17 22:47:39,313 : INFO : EventManager : Event: ======'mode_skillshot_starting'====== Args={'queue': <QueuedEvent>, 'player': 1, 'ball': 1, 'balls_remaining': 2, 'is_extra_ball': False}
2024-07-17 22:47:39,314 : INFO : drop_target_bank.strickland_bank : All targets are already up. Will not reset bank.
2024-07-17 22:47:39,314 : INFO : EventManager : Event: ======'cmd_flippers_enable'====== Args={'priority': 0}
2024-07-17 22:47:39,314 : INFO : EventManager : Event: ======'cmd_autofire_coils_enable'====== Args={'priority': 0}
2024-07-17 22:47:39,314 : INFO : EventManager : Event: ======'cmd_drop_targets_reset'====== Args={'priority': 0}
2024-07-17 22:47:39,314 : INFO : Mode.skillshot : Started. Priority: 200
2024-07-17 22:47:39,314 : INFO : EventManager : Event: ======'modes_active_modes_changed'====== Args={}
2024-07-17 22:47:39,314 : INFO : EventManager : Event: ======'mode_skillshot_started'====== Args={'queue': <QueuedEvent>, 'player': 1, 'ball': 1, 'balls_remaining': 2, 'is_extra_ball': False}
2024-07-17 22:47:39,315 : INFO : EventManager : Event: ======'player_shot_skillshot_p_target'====== Args={'value': 1, 'prev_value': 0, 'change': 1, 'player_num': 1}
2024-07-17 22:47:39,315 : INFO : EventManager : Event: ======'balls_in_play'====== Args={'balls': 1}
2024-07-17 22:47:39,315 : INFO : EventManager : Event: ======'ball_started'====== Args={'player': 1, 'ball': 1, 'balls_remaining': 2, 'is_extra_ball': False}
2024-07-17 22:47:39,316 : INFO : EventManager : Event: ======'mode_hank_rollover_will_start'====== Args={'player': 1, 'ball': 1, 'balls_remaining': 2, 'is_extra_ball': False}
2024-07-17 22:47:39,316 : INFO : EventManager : Event: ======'player_shot_h_rollover_lane_enabled'====== Args={'value': True, 'prev_value': 0, 'change': 1, 'player_num': 1}
2024-07-17 22:47:39,316 : INFO : EventManager : Event: ======'player_shot_a_rollover_lane_enabled'====== Args={'value': True, 'prev_value': 0, 'change': 1, 'player_num': 1}
2024-07-17 22:47:39,317 : INFO : EventManager : Event: ======'player_shot_n_rollover_lane_enabled'====== Args={'value': True, 'prev_value': 0, 'change': 1, 'player_num': 1}
2024-07-17 22:47:39,317 : INFO : EventManager : Event: ======'player_shot_k_rollover_lane_enabled'====== Args={'value': True, 'prev_value': 0, 'change': 1, 'player_num': 1}
2024-07-17 22:47:39,317 : INFO : EventManager : Event: ======'hank_lanes_complete'====== Args={'state': 'unlit'}
2024-07-17 22:47:39,318 : INFO : EventManager : Event: ======'hank_lanes_unlit_complete'====== Args={}
2024-07-17 22:47:39,318 : INFO : EventManager : Event: ======'mode_hank_rollover_starting'====== Args={'player': 1, 'ball': 1, 'balls_remaining': 2, 'is_extra_ball': False}
2024-07-17 22:47:39,318 : INFO : EventManager : Event: ======'mode_BBQ_rollover_will_start'====== Args={'player': 1, 'ball': 1, 'balls_remaining': 2, 'is_extra_ball': False}
2024-07-17 22:47:39,319 : INFO : EventManager : Event: ======'player_shot_left_rollover_lane_enabled'====== Args={'value': True, 'prev_value': 0, 'change': 1, 'player_num': 1}
2024-07-17 22:47:39,319 : INFO : EventManager : Event: ======'player_shot_middle_rollover_lane_enabled'====== Args={'value': True, 'prev_value': 0, 'change': 1, 'player_num': 1}
2024-07-17 22:47:39,319 : INFO : EventManager : Event: ======'player_shot_right_rollover_lane_enabled'====== Args={'value': True, 'prev_value': 0, 'change': 1, 'player_num': 1}
2024-07-17 22:47:39,320 : INFO : EventManager : Event: ======'BBQ_lanes_complete'====== Args={'state': 'unlit'}
2024-07-17 22:47:39,320 : INFO : EventManager : Event: ======'BBQ_lanes_unlit_complete'====== Args={}
2024-07-17 22:47:39,321 : INFO : EventManager : Event: ======'mode_BBQ_rollover_starting'====== Args={'player': 1, 'ball': 1, 'balls_remaining': 2, 'is_extra_ball': False}
2024-07-17 22:47:39,321 : INFO : EventManager : Event: ======'mode_base_will_start'====== Args={'player': 1, 'ball': 1, 'balls_remaining': 2, 'is_extra_ball': False}
2024-07-17 22:47:39,321 : INFO : EventManager : Event: ======'player_extra_ball_score_one_num_awarded'====== Args={'value': 0, 'prev_value': 0, 'change': 0, 'player_num': 1}
2024-07-17 22:47:39,321 : INFO : EventManager : Event: ======'player_extra_ball_score_two_num_awarded'====== Args={'value': 0, 'prev_value': 0, 'change': 0, 'player_num': 1}
2024-07-17 22:47:39,321 : INFO : EventManager : Event: ======'player_shot_qualify_p_target_enabled'====== Args={'value': True, 'prev_value': 0, 'change': 1, 'player_num': 1}
2024-07-17 22:47:39,322 : INFO : EventManager : Event: ======'player_shot_qualify_r_target_enabled'====== Args={'value': True, 'prev_value': 0, 'change': 1, 'player_num': 1}
2024-07-17 22:47:39,322 : INFO : EventManager : Event: ======'player_shot_qualify_o_target_enabled'====== Args={'value': True, 'prev_value': 0, 'change': 1, 'player_num': 1}
2024-07-17 22:47:39,322 : INFO : EventManager : Event: ======'qualify_mission_complete'====== Args={'state': 'unlit'}
2024-07-17 22:47:39,322 : INFO : EventManager : Event: ======'qualify_mission_unlit_complete'====== Args={}
2024-07-17 22:47:39,324 : INFO : EventManager : Event: ======'mode_base_starting'====== Args={'player': 1, 'ball': 1, 'balls_remaining': 2, 'is_extra_ball': False}
2024-07-17 22:47:39,325 : INFO : Mode.base : Started. Priority: 100
2024-07-17 22:47:39,325 : INFO : EventManager : Event: ======'modes_active_modes_changed'====== Args={}
2024-07-17 22:47:39,325 : INFO : EventManager : Event: ======'mode_base_started'====== Args={'player': 1, 'ball': 1, 'balls_remaining': 2, 'is_extra_ball': False}
2024-07-17 22:47:39,325 : INFO : EventManager : Event: ======'ball_save_default_enabled'====== Args={}
2024-07-17 22:47:39,326 : INFO : EventManager : Event: ======'logicblock_lb_hank_complete_count_updated'====== Args={'value': 1, 'enabled': True}
2024-07-17 22:47:39,326 : INFO : EventManager : Event: ======'logicblock_lb_hank_complete_count_updated'====== Args={'value': 1, 'enabled': True}
2024-07-17 22:47:39,326 : INFO : Mode.hank_rollover : Started. Priority: 200
2024-07-17 22:47:39,326 : INFO : EventManager : Event: ======'modes_active_modes_changed'====== Args={}
2024-07-17 22:47:39,326 : INFO : EventManager : Event: ======'mode_hank_rollover_started'====== Args={'player': 1, 'ball': 1, 'balls_remaining': 2, 'is_extra_ball': False}
2024-07-17 22:47:39,326 : INFO : EventManager : Event: ======'logicblock_lb_BBQ_complete_count_updated'====== Args={'value': 1, 'enabled': True}
2024-07-17 22:47:39,326 : INFO : EventManager : Event: ======'logicblock_lb_BBQ_complete_count_updated'====== Args={'value': 1, 'enabled': True}
2024-07-17 22:47:39,326 : INFO : Mode.BBQ_rollover : Started. Priority: 200
2024-07-17 22:47:39,327 : INFO : EventManager : Event: ======'modes_active_modes_changed'====== Args={}
2024-07-17 22:47:39,327 : INFO : EventManager : Event: ======'mode_BBQ_rollover_started'====== Args={'player': 1, 'ball': 1, 'balls_remaining': 2, 'is_extra_ball': False}
2024-07-17 22:47:39,327 : INFO : EventManager : Event: ======'player_bonus_multiplier'====== Args={'value': 1, 'prev_value': 0, 'change': 1, 'player_num': 1, 'source': 'BBQ_rollover'}
2024-07-17 22:47:39,327 : INFO : EventManager : Event: ======'single_player_ball_started'====== Args={}
2024-07-17 22:47:39,331 : INFO : EventManager : Event: ======'ball_start_target'====== Args={'target': 'playfield'}
2024-07-17 22:47:39,331 : INFO : ball_device.bd_plunger : Setting up player-controlled eject. Balls: 1, Target: <playfield.playfield>, player_controlled_eject_event: s_launch_button_inactive
2024-07-17 22:47:39,332 : INFO : EventManager : Event: ======'balldevice_balls_available'====== Args={}
2024-07-17 22:47:39,333 : INFO : ball_device.bd_trough : State: waiting_for_target_ready
2024-07-17 22:47:39,333 : INFO : EventManager : Event: ======'balldevice_bd_trough_ball_eject_attempt'====== Args={'balls': 1, 'target': <ball_device.bd_plunger>, 'source': <ball_device.bd_trough>, 'mechanical_eject': True, 'num_attempts': 0}
2024-07-17 22:47:39,333 : INFO : ball_device.bd_plunger : State: waiting_for_ball
2024-07-17 22:47:39,334 : INFO : ball_device.bd_trough : State: ejecting
2024-07-17 22:47:39,334 : INFO : ball_device.bd_trough : Ejecting ball to <ball_device.bd_plunger>
2024-07-17 22:47:39,334 : INFO : EventManager : Event: ======'balldevice_bd_trough_ejecting_ball'====== Args={'balls': 1, 'target': <ball_device.bd_plunger>, 'source': <ball_device.bd_trough>, 'mechanical_eject': True, 'num_attempts': 0}
2024-07-17 22:47:39,334 : INFO : ball_device.bd_trough : Wait for ball to leave device
2024-07-17 22:47:39,334 : INFO : coil.c_trough_eject : Pulsing Driver for 20ms (1.0 pulse_power)
2024-07-17 22:47:39,335 : INFO : SwitchController : <<<<<<< 's_trough1' inactive >>>>>>>
2024-07-17 22:47:39,335 : INFO : ball_device.bd_trough : State: ball_left
2024-07-17 22:47:39,335 : INFO : ball_device.bd_trough : Ball left
2024-07-17 22:47:39,335 : INFO : ball_device.bd_trough : Wait for confirm with timeout 3.0
2024-07-17 22:47:39,339 : INFO : EventManager : Event: ======'slide_skillshot_created'====== Args={'_from_bcp': True}
2024-07-17 22:47:39,339 : INFO : EventManager : Event: ======'slide_dtp_logo_attract_inactive'====== Args={'_from_bcp': True}
2024-07-17 22:47:39,339 : INFO : EventManager : Event: ======'slide_skillshot_active'====== Args={'original_context': 'skillshot', 'original_calling_context': 'mode_skillshot_started', 'queue': '<QueuedEvent>', 'cmd': 'slides_play', '_from_bcp': True}
2024-07-17 22:47:39,339 : INFO : EventManager : Event: ======'slide_dtp_logo_attract_removed'====== Args={'_from_bcp': True}
2024-07-17 22:47:39,347 : INFO : EventManager : Event: ======'slide_base_created'====== Args={'_from_bcp': True}
2024-07-17 22:47:39,435 : INFO : SwitchController : <<<<<<< 's_plunger' active >>>>>>>
2024-07-17 22:47:39,435 : INFO : EventManager : Event: ======'machine_var_audits_switches_s_plunger'====== Args={'value': 545, 'prev_value': 544, 'change': 1}
2024-07-17 22:47:39,937 : INFO : ball_device.bd_plunger : Received ball from <ball_device.bd_trough>
2024-07-17 22:47:39,937 : INFO : EventManager : Event: ======'balldevice_bd_plunger_ball_enter'====== Args={'new_balls': 1, 'unclaimed_balls': 0, 'new_available_balls': 0, 'device': <ball_device.bd_plunger>}
2024-07-17 22:47:39,939 : INFO : EventManager : Event: ======'balldevice_bd_plunger_ball_entered'====== Args={'new_balls': 0, 'device': <ball_device.bd_plunger>}
2024-07-17 22:47:39,939 : INFO : EventManager : Event: ======'balldevice_bd_plunger_ball_count_changed'====== Args={'balls': 1}
2024-07-17 22:47:39,940 : INFO : ball_device.bd_trough : Got eject confirm
2024-07-17 22:47:39,940 : INFO : ball_device.bd_trough : Eject successful
2024-07-17 22:47:39,940 : INFO : EventManager : Event: ======'balldevice_bd_trough_ball_eject_success'====== Args={'balls': 1, 'target': <ball_device.bd_plunger>}
2024-07-17 22:47:39,941 : INFO : EventManager : Event: ======'balldevice_bd_trough_ball_count_changed'====== Args={'balls': 5}
2024-07-17 22:47:39,942 : INFO : ball_device.bd_trough : State: idle
2024-07-17 22:47:39,942 : INFO : ball_device.bd_plunger : State: waiting_for_target_ready
2024-07-17 22:47:39,943 : INFO : EventManager : Event: ======'balldevice_bd_plunger_ball_eject_attempt'====== Args={'balls': 1, 'target': <playfield.playfield>, 'source': <ball_device.bd_plunger>, 'mechanical_eject': True, 'num_attempts': 0}
2024-07-17 22:47:39,944 : INFO : ball_device.bd_plunger : State: ejecting
2024-07-17 22:47:39,945 : INFO : ball_device.bd_plunger : Ejecting ball to <playfield.playfield>
2024-07-17 22:47:39,945 : INFO : EventManager : Event: ======'balldevice_bd_plunger_ejecting_ball'====== Args={'balls': 1, 'target': <playfield.playfield>, 'source': <ball_device.bd_plunger>, 'mechanical_eject': True, 'num_attempts': 0}
2024-07-17 22:47:39,948 : INFO : ball_device.bd_plunger : Wait for ball to leave device
2024-07-17 22:47:40,201 : WARNING : SwitchController : Received duplicate switch state 1 for switch s_plunger from the platform interface. Log Code: Log-SwitchController-1 (https://missionpinball.org/logs)
2024-07-17 22:47:40,313 : INFO : EventManager : Event: ======'player_skillshot_skillshot_rotate_tick'====== Args={'value': 1, 'prev_value': 0, 'change': 1, 'player_num': 1}
2024-07-17 22:47:40,321 : INFO : EventManager : Event: ======'timer_skillshot_rotate_tick'====== Args={'ticks': 1, 'ticks_remaining': 0}
2024-07-17 22:47:40,328 : INFO : EventManager : Event: ======'player_shot_skillshot_p_target'====== Args={'value': 0, 'prev_value': 1, 'change': -1, 'player_num': 1}
2024-07-17 22:47:40,337 : INFO : EventManager : Event: ======'player_shot_skillshot_r_target'====== Args={'value': 1, 'prev_value': 0, 'change': 1, 'player_num': 1}
2024-07-17 22:47:40,339 : INFO : SwitchController : <<<<<<< 's_plunger' inactive >>>>>>>
2024-07-17 22:47:40,340 : INFO : ball_device.bd_plunger : State: ball_left
2024-07-17 22:47:40,341 : INFO : ball_device.bd_plunger : Ball left
2024-07-17 22:47:40,341 : INFO : ball_device.bd_plunger : Wait for confirm with timeout 3.0
2024-07-17 22:47:41,313 : INFO : EventManager : Event: ======'player_skillshot_skillshot_rotate_tick'====== Args={'value': 2, 'prev_value': 1, 'change': 1, 'player_num': 1}
2024-07-17 22:47:41,314 : INFO : EventManager : Event: ======'timer_skillshot_rotate_tick'====== Args={'ticks': 2, 'ticks_remaining': 0}
2024-07-17 22:47:41,315 : INFO : EventManager : Event: ======'player_shot_skillshot_r_target'====== Args={'value': 0, 'prev_value': 1, 'change': -1, 'player_num': 1}
2024-07-17 22:47:41,316 : INFO : EventManager : Event: ======'player_shot_skillshot_o_target'====== Args={'value': 1, 'prev_value': 0, 'change': 1, 'player_num': 1}
2024-07-17 22:47:42,313 : INFO : EventManager : Event: ======'player_skillshot_skillshot_rotate_tick'====== Args={'value': 3, 'prev_value': 2, 'change': 1, 'player_num': 1}
2024-07-17 22:47:42,315 : INFO : EventManager : Event: ======'timer_skillshot_rotate_tick'====== Args={'ticks': 3, 'ticks_remaining': 0}
2024-07-17 22:47:42,319 : INFO : EventManager : Event: ======'player_shot_skillshot_o_target'====== Args={'value': 0, 'prev_value': 1, 'change': -1, 'player_num': 1}
2024-07-17 22:47:42,320 : INFO : EventManager : Event: ======'player_shot_skillshot_p2_target'====== Args={'value': 1, 'prev_value': 0, 'change': 1, 'player_num': 1}
2024-07-17 22:47:43,313 : INFO : EventManager : Event: ======'player_skillshot_skillshot_rotate_tick'====== Args={'value': 4, 'prev_value': 3, 'change': 1, 'player_num': 1}
2024-07-17 22:47:43,315 : INFO : EventManager : Event: ======'timer_skillshot_rotate_tick'====== Args={'ticks': 4, 'ticks_remaining': 0}
2024-07-17 22:47:43,317 : INFO : EventManager : Event: ======'player_shot_skillshot_p2_target'====== Args={'value': 0, 'prev_value': 1, 'change': -1, 'player_num': 1}
2024-07-17 22:47:43,319 : INFO : EventManager : Event: ======'player_shot_skillshot_a_target'====== Args={'value': 1, 'prev_value': 0, 'change': 1, 'player_num': 1}
2024-07-17 22:47:43,342 : INFO : ball_device.bd_plunger : State: failed_confirm
2024-07-17 22:47:43,343 : INFO : ball_device.bd_plunger : Got timeout (3.0s) before confirm from <playfield.playfield>
2024-07-17 22:47:43,445 : INFO : ball_device.bd_plunger : Confirming eject because target is playfield and ball did not return.
2024-07-17 22:47:43,445 : INFO : ball_device.bd_plunger : Eject successful
2024-07-17 22:47:43,445 : INFO : EventManager : Event: ======'balldevice_bd_plunger_ball_eject_success'====== Args={'balls': 1, 'target': <playfield.playfield>}
2024-07-17 22:47:43,445 : INFO : EventManager : Event: ======'balldevice_playfield_ball_enter'====== Args={'new_balls': 1, 'unclaimed_balls': 1, 'device': <playfield.playfield>}
2024-07-17 22:47:43,445 : INFO : EventManager : Event: ======'playfield_ball_count_change'====== Args={'balls': 1, 'change': 1}
2024-07-17 22:47:43,446 : INFO : EventManager : Event: ======'balldevice_bd_plunger_ball_count_changed'====== Args={'balls': 0}
2024-07-17 22:47:43,446 : INFO : ball_device.bd_plunger : State: idle
2024-07-17 22:47:44,313 : INFO : EventManager : Event: ======'player_skillshot_skillshot_rotate_tick'====== Args={'value': 5, 'prev_value': 4, 'change': 1, 'player_num': 1}
2024-07-17 22:47:44,318 : INFO : EventManager : Event: ======'timer_skillshot_rotate_tick'====== Args={'ticks': 5, 'ticks_remaining': 0}
2024-07-17 22:47:44,319 : INFO : EventManager : Event: ======'player_shot_skillshot_a_target'====== Args={'value': 0, 'prev_value': 1, 'change': -1, 'player_num': 1}
2024-07-17 22:47:44,321 : INFO : EventManager : Event: ======'player_shot_skillshot_n_target'====== Args={'value': 1, 'prev_value': 0, 'change': 1, 'player_num': 1}
2024-07-17 22:47:44,551 : INFO : SwitchController : <<<<<<< 's_plunger_lane_exit' active >>>>>>>
2024-07-17 22:47:44,551 : INFO : EventManager : Event: ======'s_plunger_lane_exit_active'====== Args={}
2024-07-17 22:47:44,551 : INFO : EventManager : Event: ======'sw_playfield_active'====== Args={}
2024-07-17 22:47:44,552 : INFO : EventManager : Event: ======'machine_var_audits_switches_s_plunger_lane_exit'====== Args={'value': 335, 'prev_value': 334, 'change': 1}
2024-07-17 22:47:44,553 : INFO : EventManager : Event: ======'ball_save_default_timer_start'====== Args={}
2024-07-17 22:47:44,655 : INFO : SwitchController : <<<<<<< 's_plunger_lane_exit' inactive >>>>>>>
2024-07-17 22:47:44,655 : INFO : EventManager : Event: ======'s_plunger_lane_exit_inactive'====== Args={}
2024-07-17 22:47:44,655 : INFO : Timer.skillshot_rotate : Stopping Timer
2024-07-17 22:47:44,655 : INFO : EventManager : Event: ======'timer_skillshot_rotate_stopped'====== Args={'ticks': 5, 'ticks_remaining': 0}
2024-07-17 22:47:44,656 : INFO : EventManager : Event: ======'advance_skillshot_6'====== Args={'priority': 0}
2024-07-17 22:47:44,656 : INFO : EventManager : Event: ======'player_shot_skillshot_n_target'====== Args={'value': 2, 'prev_value': 1, 'change': 1, 'player_num': 1}
2024-07-17 22:47:45,691 : INFO : SwitchController : <<<<<<< 's_n_target' active >>>>>>>
2024-07-17 22:47:45,691 : INFO : EventManager : Event: ======'s_n_target_active'====== Args={}
2024-07-17 22:47:45,692 : INFO : EventManager : Event: ======'machine_var_audits_switches_s_n_target'====== Args={'value': 100, 'prev_value': 99, 'change': 1}
2024-07-17 22:47:45,694 : INFO : EventManager : Event: ======'machine_var_audits_shots_skillshot_n_target'====== Args={'value': 41, 'prev_value': 40, 'change': 1}
2024-07-17 22:47:45,705 : INFO : EventManager : Event: ======'skillshot_n_target_hit'====== Args={'profile': 'skillshot_profile', 'state': 'lit', 'advancing': False}
2024-07-17 22:47:45,705 : INFO : EventManager : Event: ======'skillshot_n_target_skillshot_profile_hit'====== Args={'profile': 'skillshot_profile', 'state': 'lit', 'advancing': False}
2024-07-17 22:47:45,705 : INFO : EventManager : Event: ======'skillshot_n_target_skillshot_profile_lit_hit'====== Args={'profile': 'skillshot_profile', 'state': 'lit', 'advancing': False}
2024-07-17 22:47:45,705 : INFO : EventManager : Event: ======'skillshot_n_target_lit_hit'====== Args={'profile': 'skillshot_profile', 'state': 'lit', 'advancing': False}
2024-07-17 22:47:45,705 : INFO : EventManager : Event: ======'player_score'====== Args={'value': 50, 'prev_value': 0, 'change': 50, 'player_num': 1, 'source': 'base'}
2024-07-17 22:47:45,706 : INFO : EventManager : Event: ======'skillshot_hit'====== Args={'shot': 'skillshot_n_target'}
2024-07-17 22:47:45,706 : INFO : EventManager : Event: ======'skillshot_lit_hit'====== Args={'shot': 'skillshot_n_target'}
2024-07-17 22:47:45,706 : INFO : EventManager : Event: ======'stop_mode_skillshot'====== Args={'priority': 0}
2024-07-17 22:47:45,706 : INFO : EventManager : Event: ======'mode_skillshot_will_stop'====== Args={}
2024-07-17 22:47:45,707 : INFO : EventManager : Event: ======'mode_skillshot_stopping'====== Args={}
2024-07-17 22:47:45,707 : INFO : EventManager : Event: ======'player_score'====== Args={'value': 20050, 'prev_value': 50, 'change': 20000, 'player_num': 1, 'source': 'skillshot'}
2024-07-17 22:47:45,710 : INFO : Mode.skillshot : Stopped.
2024-07-17 22:47:45,710 : INFO : EventManager : Event: ======'modes_active_modes_changed'====== Args={}
2024-07-17 22:47:45,710 : INFO : EventManager : Event: ======'mode_skillshot_stopped'====== Args={}
2024-07-17 22:47:45,711 : INFO : EventManager : Event: ======'clear'====== Args={'key': 'skillshot'}
2024-07-17 22:47:45,712 : INFO : Timer.skillshot_rotate : Stopping Timer
2024-07-17 22:47:45,712 : INFO : EventManager : Event: ======'timer_skillshot_rotate_stopped'====== Args={'ticks': 5, 'ticks_remaining': 0}
2024-07-17 22:47:45,719 : INFO : EventManager : Event: ======'slide_skillshot_inactive'====== Args={'_from_bcp': True}
2024-07-17 22:47:45,719 : INFO : EventManager : Event: ======'slide_base_active'====== Args={'_from_bcp': True}
2024-07-17 22:47:45,720 : INFO : EventManager : Event: ======'slide_skillshot_removed'====== Args={'_from_bcp': True}
2024-07-17 22:47:45,787 : INFO : SwitchController : <<<<<<< 's_n_target' inactive >>>>>>>
2024-07-17 22:47:48,784 : INFO : EventManager : Event: ======'start_mode_rainey_multiball'====== Args={'_from_bcp': True}
2024-07-17 22:47:52,555 : INFO : EventManager : Event: ======'ball_save_default_hurry_up'====== Args={}
2024-07-17 22:47:54,554 : INFO : EventManager : Event: ======'ball_save_default_grace_period'====== Args={}
2024-07-17 22:47:54,739 : INFO : SwitchController : <<<<<<< 's_center_spinner' active >>>>>>>
2024-07-17 22:47:54,739 : INFO : EventManager : Event: ======'s_center_spinner_active'====== Args={}
2024-07-17 22:47:54,740 : INFO : EventManager : Event: ======'machine_var_audits_switches_s_center_spinner'====== Args={'value': 34, 'prev_value': 33, 'change': 1}
2024-07-17 22:47:54,741 : INFO : EventManager : Event: ======'player_score'====== Args={'value': 20150, 'prev_value': 20050, 'change': 100, 'player_num': 1, 'source': 'base'}
2024-07-17 22:47:55,241 : INFO : EventManager : Event: ======'balldevice_bd_center_spinner_ball_lock_ball_count_changed'====== Args={'balls': 1}
2024-07-17 22:47:55,242 : INFO : ball_device.bd_center_spinner_ball_lock : Received unexpected ball
2024-07-17 22:47:55,242 : INFO : EventManager : Event: ======'balldevice_captured_from_playfield'====== Args={'balls': 1}
2024-07-17 22:47:55,243 : INFO : EventManager : Event: ======'sw_playfield_active'====== Args={'balls': 1}
2024-07-17 22:47:55,244 : INFO : EventManager : Event: ======'playfield_ball_count_change'====== Args={'balls': 0, 'change': -1}
2024-07-17 22:47:55,245 : INFO : EventManager : Event: ======'balldevice_bd_center_spinner_ball_lock_ball_enter'====== Args={'new_balls': 1, 'unclaimed_balls': 1, 'new_available_balls': 1, 'device': <ball_device.bd_center_spinner_ball_lock>}
2024-07-17 22:47:55,246 : INFO : ball_device.bd_center_spinner_ball_lock : Ejecting 1 unexpected balls using path deque([<ball_device.bd_center_spinner_ball_lock>, <playfield.playfield>])
2024-07-17 22:47:55,246 : INFO : EventManager : Event: ======'balldevice_balls_available'====== Args={}
2024-07-17 22:47:55,247 : INFO : EventManager : Event: ======'balldevice_balls_available'====== Args={}
2024-07-17 22:47:55,247 : INFO : EventManager : Event: ======'balldevice_bd_center_spinner_ball_lock_ball_entered'====== Args={'new_balls': 1, 'device': <ball_device.bd_center_spinner_ball_lock>}
2024-07-17 22:47:55,248 : INFO : ball_device.bd_center_spinner_ball_lock : State: waiting_for_target_ready
2024-07-17 22:47:55,248 : INFO : EventManager : Event: ======'balldevice_bd_center_spinner_ball_lock_ball_eject_attempt'====== Args={'balls': 1, 'target': <playfield.playfield>, 'source': <ball_device.bd_center_spinner_ball_lock>, 'mechanical_eject': False, 'num_attempts': 0}
2024-07-17 22:47:55,249 : INFO : ball_device.bd_center_spinner_ball_lock : State: ejecting
2024-07-17 22:47:55,250 : INFO : ball_device.bd_center_spinner_ball_lock : Ejecting ball to <playfield.playfield>
2024-07-17 22:47:55,250 : INFO : EventManager : Event: ======'balldevice_bd_center_spinner_ball_lock_ejecting_ball'====== Args={'balls': 1, 'target': <playfield.playfield>, 'source': <ball_device.bd_center_spinner_ball_lock>, 'mechanical_eject': False, 'num_attempts': 0}
2024-07-17 22:47:55,251 : INFO : ball_device.bd_center_spinner_ball_lock : Wait for ball to leave device
2024-07-17 22:47:55,251 : INFO : coil.c_plunger : Pulsing Driver for 20ms (1.0 pulse_power)
2024-07-17 22:47:55,251 : INFO : SwitchController : <<<<<<< 's_center_spinner' inactive >>>>>>>
2024-07-17 22:47:55,252 : INFO : ball_device.bd_center_spinner_ball_lock : State: ball_left
2024-07-17 22:47:55,252 : INFO : ball_device.bd_center_spinner_ball_lock : Ball left
2024-07-17 22:47:55,252 : INFO : ball_device.bd_center_spinner_ball_lock : Wait for confirm with timeout 10.0
2024-07-17 22:47:55,754 : INFO : SwitchController : <<<<<<< 's_center_spinner' active >>>>>>>
2024-07-17 22:47:55,755 : INFO : EventManager : Event: ======'s_center_spinner_active'====== Args={}
2024-07-17 22:47:55,755 : INFO : EventManager : Event: ======'machine_var_audits_switches_s_center_spinner'====== Args={'value': 35, 'prev_value': 34, 'change': 1}
2024-07-17 22:47:55,757 : INFO : EventManager : Event: ======'player_score'====== Args={'value': 20250, 'prev_value': 20150, 'change': 100, 'player_num': 1, 'source': 'base'}
2024-07-17 22:47:56,555 : INFO : EventManager : Event: ======'ball_save_default_disabled'====== Args={}
2024-07-17 22:48:02,091 : INFO : SwitchController : <<<<<<< 's_center_spinner' inactive >>>>>>>
2024-07-17 22:48:03,037 : INFO : SwitchController : <<<<<<< 's_center_spinner' active >>>>>>>
2024-07-17 22:48:03,037 : INFO : EventManager : Event: ======'s_center_spinner_active'====== Args={}
2024-07-17 22:48:03,038 : INFO : EventManager : Event: ======'machine_var_audits_switches_s_center_spinner'====== Args={'value': 36, 'prev_value': 35, 'change': 1}
2024-07-17 22:48:03,040 : INFO : EventManager : Event: ======'player_score'====== Args={'value': 20350, 'prev_value': 20250, 'change': 100, 'player_num': 1, 'source': 'base'}
2024-07-17 22:48:04,488 : INFO : SwitchController : <<<<<<< 's_center_spinner' inactive >>>>>>>
2024-07-17 22:48:05,253 : INFO : ball_device.bd_center_spinner_ball_lock : State: failed_confirm
2024-07-17 22:48:05,255 : INFO : ball_device.bd_center_spinner_ball_lock : Got timeout (10.0s) before confirm from <playfield.playfield>
2024-07-17 22:48:05,355 : INFO : ball_device.bd_center_spinner_ball_lock : Confirming eject because target is playfield and ball did not return.
2024-07-17 22:48:05,356 : INFO : ball_device.bd_center_spinner_ball_lock : Eject successful
2024-07-17 22:48:05,356 : INFO : EventManager : Event: ======'balldevice_bd_center_spinner_ball_lock_ball_eject_success'====== Args={'balls': 1, 'target': <playfield.playfield>}
2024-07-17 22:48:05,357 : INFO : EventManager : Event: ======'balldevice_playfield_ball_enter'====== Args={'new_balls': 1, 'unclaimed_balls': 1, 'device': <playfield.playfield>}
2024-07-17 22:48:05,358 : INFO : EventManager : Event: ======'playfield_ball_count_change'====== Args={'balls': 1, 'change': 1}
2024-07-17 22:48:05,359 : INFO : EventManager : Event: ======'balldevice_bd_center_spinner_ball_lock_ball_count_changed'====== Args={'balls': 0}
2024-07-17 22:48:05,359 : INFO : ball_device.bd_center_spinner_ball_lock : State: idle
2024-07-17 22:48:05,570 : INFO : SwitchController : <<<<<<< 's_center_spinner' active >>>>>>>
2024-07-17 22:48:05,571 : INFO : EventManager : Event: ======'s_center_spinner_active'====== Args={}
2024-07-17 22:48:05,571 : INFO : EventManager : Event: ======'machine_var_audits_switches_s_center_spinner'====== Args={'value': 37, 'prev_value': 36, 'change': 1}
2024-07-17 22:48:05,573 : INFO : EventManager : Event: ======'player_score'====== Args={'value': 20450, 'prev_value': 20350, 'change': 100, 'player_num': 1, 'source': 'base'}
2024-07-17 22:48:06,072 : INFO : EventManager : Event: ======'balldevice_bd_center_spinner_ball_lock_ball_count_changed'====== Args={'balls': 1}
2024-07-17 22:48:06,073 : INFO : ball_device.bd_center_spinner_ball_lock : Received unexpected ball
2024-07-17 22:48:06,074 : INFO : EventManager : Event: ======'balldevice_captured_from_playfield'====== Args={'balls': 1}
2024-07-17 22:48:06,075 : INFO : EventManager : Event: ======'sw_playfield_active'====== Args={'balls': 1}
2024-07-17 22:48:06,076 : INFO : EventManager : Event: ======'playfield_ball_count_change'====== Args={'balls': 0, 'change': -1}
2024-07-17 22:48:06,076 : INFO : EventManager : Event: ======'balldevice_bd_center_spinner_ball_lock_ball_enter'====== Args={'new_balls': 1, 'unclaimed_balls': 1, 'new_available_balls': 1, 'device': <ball_device.bd_center_spinner_ball_lock>}
2024-07-17 22:48:06,078 : INFO : ball_device.bd_center_spinner_ball_lock : Ejecting 1 unexpected balls using path deque([<ball_device.bd_center_spinner_ball_lock>, <playfield.playfield>])
2024-07-17 22:48:06,078 : INFO : EventManager : Event: ======'balldevice_balls_available'====== Args={}
2024-07-17 22:48:06,078 : INFO : EventManager : Event: ======'balldevice_balls_available'====== Args={}
2024-07-17 22:48:06,079 : INFO : EventManager : Event: ======'balldevice_bd_center_spinner_ball_lock_ball_entered'====== Args={'new_balls': 1, 'device': <ball_device.bd_center_spinner_ball_lock>}
2024-07-17 22:48:06,080 : INFO : ball_device.bd_center_spinner_ball_lock : State: waiting_for_target_ready
2024-07-17 22:48:06,080 : INFO : EventManager : Event: ======'balldevice_bd_center_spinner_ball_lock_ball_eject_attempt'====== Args={'balls': 1, 'target': <playfield.playfield>, 'source': <ball_device.bd_center_spinner_ball_lock>, 'mechanical_eject': False, 'num_attempts': 0}
2024-07-17 22:48:06,081 : INFO : ball_device.bd_center_spinner_ball_lock : State: ejecting
2024-07-17 22:48:06,081 : INFO : ball_device.bd_center_spinner_ball_lock : Ejecting ball to <playfield.playfield>
2024-07-17 22:48:06,081 : INFO : EventManager : Event: ======'balldevice_bd_center_spinner_ball_lock_ejecting_ball'====== Args={'balls': 1, 'target': <playfield.playfield>, 'source': <ball_device.bd_center_spinner_ball_lock>, 'mechanical_eject': False, 'num_attempts': 0}
2024-07-17 22:48:06,082 : INFO : ball_device.bd_center_spinner_ball_lock : Wait for ball to leave device
2024-07-17 22:48:06,082 : INFO : coil.c_plunger : Pulsing Driver for 20ms (1.0 pulse_power)
2024-07-17 22:48:06,082 : INFO : SwitchController : <<<<<<< 's_center_spinner' inactive >>>>>>>
2024-07-17 22:48:06,083 : INFO : ball_device.bd_center_spinner_ball_lock : State: ball_left
2024-07-17 22:48:06,083 : INFO : ball_device.bd_center_spinner_ball_lock : Ball left
2024-07-17 22:48:06,083 : INFO : ball_device.bd_center_spinner_ball_lock : Wait for confirm with timeout 10.0
2024-07-17 22:48:09,672 : INFO : SwitchController : <<<<<<< 's_center_spinner' active >>>>>>>
2024-07-17 22:48:09,672 : INFO : EventManager : Event: ======'s_center_spinner_active'====== Args={}
2024-07-17 22:48:09,673 : INFO : EventManager : Event: ======'machine_var_audits_switches_s_center_spinner'====== Args={'value': 38, 'prev_value': 37, 'change': 1}
2024-07-17 22:48:09,674 : INFO : EventManager : Event: ======'player_score'====== Args={'value': 20550, 'prev_value': 20450, 'change': 100, 'player_num': 1, 'source': 'base'}
2024-07-17 22:48:10,705 : INFO : SwitchController : <<<<<<< 's_center_spinner' inactive >>>>>>>
2024-07-17 22:48:11,370 : INFO : SwitchController : <<<<<<< 's_center_spinner' active >>>>>>>
2024-07-17 22:48:11,371 : INFO : EventManager : Event: ======'s_center_spinner_active'====== Args={}
2024-07-17 22:48:11,371 : INFO : EventManager : Event: ======'machine_var_audits_switches_s_center_spinner'====== Args={'value': 39, 'prev_value': 38, 'change': 1}
2024-07-17 22:48:11,373 : INFO : EventManager : Event: ======'player_score'====== Args={'value': 20650, 'prev_value': 20550, 'change': 100, 'player_num': 1, 'source': 'base'}
2024-07-17 22:48:13,723 : INFO : SwitchController : <<<<<<< 's_center_spinner' inactive >>>>>>>
2024-07-17 22:48:14,521 : INFO : SwitchController : <<<<<<< 's_center_spinner' active >>>>>>>
2024-07-17 22:48:14,521 : INFO : EventManager : Event: ======'s_center_spinner_active'====== Args={}
2024-07-17 22:48:14,522 : INFO : EventManager : Event: ======'machine_var_audits_switches_s_center_spinner'====== Args={'value': 40, 'prev_value': 39, 'change': 1}
2024-07-17 22:48:14,524 : INFO : EventManager : Event: ======'player_score'====== Args={'value': 20750, 'prev_value': 20650, 'change': 100, 'player_num': 1, 'source': 'base'}
2024-07-17 22:48:16,084 : INFO : ball_device.bd_center_spinner_ball_lock : State: failed_confirm
2024-07-17 22:48:16,085 : INFO : ball_device.bd_center_spinner_ball_lock : Got timeout (10.0s) before confirm from <playfield.playfield>
2024-07-17 22:48:16,186 : INFO : ball_device.bd_center_spinner_ball_lock : Got unknown balls. Assuming a ball returned.
2024-07-17 22:48:16,186 : INFO : EventManager : Event: ======'balldevice_bd_center_spinner_ball_lock_ball_eject_failed'====== Args={'target': <playfield.playfield>, 'balls': 1, 'retry': True, 'num_attempts': 1}
2024-07-17 22:48:16,189 : INFO : ball_device.bd_center_spinner_ball_lock : State: waiting_for_target_ready
2024-07-17 22:48:16,189 : INFO : EventManager : Event: ======'balldevice_bd_center_spinner_ball_lock_ball_eject_attempt'====== Args={'balls': 1, 'target': <playfield.playfield>, 'source': <ball_device.bd_center_spinner_ball_lock>, 'mechanical_eject': False, 'num_attempts': 1}
2024-07-17 22:48:16,190 : INFO : ball_device.bd_center_spinner_ball_lock : State: ejecting
2024-07-17 22:48:16,190 : INFO : ball_device.bd_center_spinner_ball_lock : Ejecting ball to <playfield.playfield>
2024-07-17 22:48:16,190 : INFO : EventManager : Event: ======'balldevice_bd_center_spinner_ball_lock_ejecting_ball'====== Args={'balls': 1, 'target': <playfield.playfield>, 'source': <ball_device.bd_center_spinner_ball_lock>, 'mechanical_eject': False, 'num_attempts': 1}
2024-07-17 22:48:16,192 : INFO : ball_device.bd_center_spinner_ball_lock : Wait for ball to leave device
2024-07-17 22:48:16,192 : INFO : coil.c_plunger : Pulsing Driver for 20ms (1.0 pulse_power)
2024-07-17 22:48:16,193 : INFO : SwitchController : <<<<<<< 's_center_spinner' inactive >>>>>>>
2024-07-17 22:48:16,193 : INFO : ball_device.bd_center_spinner_ball_lock : State: ball_left
2024-07-17 22:48:16,194 : INFO : ball_device.bd_center_spinner_ball_lock : Ball left
2024-07-17 22:48:16,194 : INFO : ball_device.bd_center_spinner_ball_lock : Wait for confirm with timeout 10.0
2024-07-17 22:48:16,755 : INFO : SwitchController : <<<<<<< 's_center_spinner' active >>>>>>>
2024-07-17 22:48:16,756 : INFO : EventManager : Event: ======'s_center_spinner_active'====== Args={}
2024-07-17 22:48:16,757 : INFO : EventManager : Event: ======'machine_var_audits_switches_s_center_spinner'====== Args={'value': 41, 'prev_value': 40, 'change': 1}
2024-07-17 22:48:16,759 : INFO : EventManager : Event: ======'player_score'====== Args={'value': 20850, 'prev_value': 20750, 'change': 100, 'player_num': 1, 'source': 'base'}
2024-07-17 22:48:20,089 : INFO : SwitchController : <<<<<<< 's_center_spinner' inactive >>>>>>>
2024-07-17 22:48:20,171 : INFO : SwitchController : <<<<<<< 's_center_spinner' active >>>>>>>
2024-07-17 22:48:20,171 : INFO : EventManager : Event: ======'s_center_spinner_active'====== Args={}
2024-07-17 22:48:20,171 : INFO : EventManager : Event: ======'machine_var_audits_switches_s_center_spinner'====== Args={'value': 42, 'prev_value': 41, 'change': 1}
2024-07-17 22:48:20,173 : INFO : EventManager : Event: ======'player_score'====== Args={'value': 20950, 'prev_value': 20850, 'change': 100, 'player_num': 1, 'source': 'base'}
2024-07-17 22:48:21,155 : INFO : SwitchController : <<<<<<< 's_center_spinner' inactive >>>>>>>
2024-07-17 22:48:22,690 : INFO : SwitchController : <<<<<<< 's_center_spinner' active >>>>>>>
2024-07-17 22:48:22,690 : INFO : EventManager : Event: ======'s_center_spinner_active'====== Args={}
2024-07-17 22:48:22,690 : INFO : EventManager : Event: ======'machine_var_audits_switches_s_center_spinner'====== Args={'value': 43, 'prev_value': 42, 'change': 1}
2024-07-17 22:48:22,692 : INFO : EventManager : Event: ======'player_score'====== Args={'value': 21050, 'prev_value': 20950, 'change': 100, 'player_num': 1, 'source': 'base'}
2024-07-17 22:48:23,821 : INFO : SwitchController : <<<<<<< 's_center_spinner' inactive >>>>>>>
2024-07-17 22:48:24,905 : INFO : SwitchController : <<<<<<< 's_center_spinner' active >>>>>>>
2024-07-17 22:48:24,905 : INFO : EventManager : Event: ======'s_center_spinner_active'====== Args={}
2024-07-17 22:48:24,906 : INFO : EventManager : Event: ======'machine_var_audits_switches_s_center_spinner'====== Args={'value': 44, 'prev_value': 43, 'change': 1}
2024-07-17 22:48:24,909 : INFO : EventManager : Event: ======'player_score'====== Args={'value': 21150, 'prev_value': 21050, 'change': 100, 'player_num': 1, 'source': 'base'}
2024-07-17 22:48:25,938 : INFO : SwitchController : <<<<<<< 's_center_spinner' inactive >>>>>>>
2024-07-17 22:48:26,195 : INFO : ball_device.bd_center_spinner_ball_lock : State: failed_confirm
2024-07-17 22:48:26,196 : INFO : ball_device.bd_center_spinner_ball_lock : Got timeout (10.0s) before confirm from <playfield.playfield>
2024-07-17 22:48:26,298 : INFO : ball_device.bd_center_spinner_ball_lock : Got unknown balls. Assuming a ball returned.
2024-07-17 22:48:26,438 : INFO : ball_device.bd_center_spinner_ball_lock : Found 0 physical balls and 1 expected balls
2024-07-17 22:48:26,440 : INFO : EventManager : Event: ======'balldevice_playfield_ball_enter'====== Args={'new_balls': 1, 'unclaimed_balls': 1, 'device': <playfield.playfield>}
2024-07-17 22:48:26,440 : INFO : EventManager : Event: ======'playfield_ball_count_change'====== Args={'balls': 1, 'change': 1}
2024-07-17 22:48:26,441 : INFO : ball_device.bd_center_spinner_ball_lock : 1 ball(s) missing from device. Mechanical eject? False
2024-07-17 22:48:26,441 : INFO : EventManager : Event: ======'balldevice_bd_center_spinner_ball_lock_ball_missing'====== Args={'balls': 1}
2024-07-17 22:48:26,442 : INFO : EventManager : Event: ======'balldevice_ball_missing'====== Args={'balls': 1, 'name': 'bd_center_spinner_ball_lock'}
2024-07-17 22:48:26,443 : INFO : ball_device.bd_center_spinner_ball_lock : Necessary queue requests are cancelled. Updating ball count to 0.
2024-07-17 22:48:26,444 : INFO : EventManager : Event: ======'balldevice_bd_center_spinner_ball_lock_ball_count_changed'====== Args={'balls': 0}
2024-07-17 22:48:26,444 : INFO : EventManager : Event: ======'balldevice_bd_center_spinner_ball_lock_ball_eject_failed'====== Args={'target': <playfield.playfield>, 'balls': 1, 'retry': True, 'num_attempts': 2}
2024-07-17 22:48:26,445 : INFO : ball_device.bd_center_spinner_ball_lock : State: waiting_for_ball
2024-07-17 22:49:36,355 : INFO : Machine : Shutting down...
2024-07-17 22:49:36,356 : INFO : EventManager : Event: ======'shutdown'====== Args={}
2024-07-17 22:49:36,367 : INFO : EventManager : Event: ======'mode_game_will_stop'====== Args={}
2024-07-17 22:49:36,367 : INFO : EventManager : Event: ======'mode_game_stopping'====== Args={}
2024-07-17 22:49:36,368 : INFO : EventManager : Event: ======'mode_hank_rollover_will_stop'====== Args={}
2024-07-17 22:49:36,368 : INFO : EventManager : Event: ======'mode_hank_rollover_stopping'====== Args={}
2024-07-17 22:49:36,368 : INFO : EventManager : Event: ======'mode_BBQ_rollover_will_stop'====== Args={}
2024-07-17 22:49:36,368 : INFO : EventManager : Event: ======'mode_BBQ_rollover_stopping'====== Args={}
2024-07-17 22:49:36,368 : INFO : EventManager : Event: ======'mode_base_will_stop'====== Args={}
2024-07-17 22:49:36,368 : INFO : EventManager : Event: ======'mode_base_stopping'====== Args={}
2024-07-17 22:49:36,368 : INFO : Mode.base : Stopped.
2024-07-17 22:49:36,368 : INFO : EventManager : Event: ======'modes_active_modes_changed'====== Args={}
2024-07-17 22:49:36,369 : INFO : EventManager : Event: ======'mode_base_stopped'====== Args={}
2024-07-17 22:49:36,369 : INFO : EventManager : Event: ======'clear'====== Args={'key': 'base'}
2024-07-17 22:49:36,370 : INFO : Mode.BBQ_rollover : Stopped.
2024-07-17 22:49:36,370 : INFO : EventManager : Event: ======'modes_active_modes_changed'====== Args={}
2024-07-17 22:49:36,371 : INFO : EventManager : Event: ======'mode_BBQ_rollover_stopped'====== Args={}
2024-07-17 22:49:36,371 : INFO : EventManager : Event: ======'clear'====== Args={'key': 'BBQ_rollover'}
2024-07-17 22:49:36,372 : INFO : Mode.hank_rollover : Stopped.
2024-07-17 22:49:36,372 : INFO : EventManager : Event: ======'modes_active_modes_changed'====== Args={}
2024-07-17 22:49:36,372 : INFO : EventManager : Event: ======'mode_hank_rollover_stopped'====== Args={}
2024-07-17 22:49:36,372 : INFO : EventManager : Event: ======'clear'====== Args={'key': 'hank_rollover'}
2024-07-17 22:49:36,373 : INFO : Mode.game : Stopped.
2024-07-17 22:49:36,373 : INFO : EventManager : Event: ======'modes_active_modes_changed'====== Args={}
2024-07-17 22:49:36,373 : INFO : EventManager : Event: ======'mode_game_stopped'====== Args={}
2024-07-17 22:49:36,373 : INFO : EventManager : Event: ======'clear'====== Args={'key': 'game'}
2024-07-17 22:49:36,377 : INFO : root : MPF run loop ended.
