2024-09-15 14:23:24,335 : INFO : root : Loading config.
2024-09-15 14:23:24,336 : INFO : YamlMultifileConfigLoader : Machine config file #1: config.yaml
2024-09-15 14:23:24,336 : INFO : ConfigProcessor : Loading config from cache: /var/folders/sv/d29kcl5x50v7vt1n6xb5jsd40000gn/T/c166cef8060ffee16a35821bf698da85.mpf_cache
2024-09-15 14:23:24,365 : INFO : ConfigProcessor : Loading config from cache: /var/folders/sv/d29kcl5x50v7vt1n6xb5jsd40000gn/T/6b31c5ac6ecbad948994a8204ea6b05b.mpf_cache
2024-09-15 14:23:24,366 : INFO : ConfigProcessor : Loading config from cache: /var/folders/sv/d29kcl5x50v7vt1n6xb5jsd40000gn/T/fe612d1e66c8a96c19ba449d3748eeac.mpf_cache
2024-09-15 14:23:24,366 : INFO : ConfigProcessor : Loading config from cache: /var/folders/sv/d29kcl5x50v7vt1n6xb5jsd40000gn/T/6b31c5ac6ecbad948994a8204ea6b05b.mpf_cache
2024-09-15 14:23:24,366 : INFO : ConfigProcessor : Loading config from cache: /var/folders/sv/d29kcl5x50v7vt1n6xb5jsd40000gn/T/8765227693ecd961e0504502a81255e0.mpf_cache
2024-09-15 14:23:24,366 : INFO : ConfigProcessor : Loading config from cache: /var/folders/sv/d29kcl5x50v7vt1n6xb5jsd40000gn/T/b247728c74b4d81bcb2825e2b07062a7.mpf_cache
2024-09-15 14:23:24,366 : INFO : ConfigProcessor : Loading config from cache: /var/folders/sv/d29kcl5x50v7vt1n6xb5jsd40000gn/T/f240f94f0b5d0f37ec4fd7571275a101.mpf_cache
2024-09-15 14:23:24,367 : INFO : ConfigProcessor : Loading config from cache: /var/folders/sv/d29kcl5x50v7vt1n6xb5jsd40000gn/T/6a2f50ed892485825cc04dc0a68eab9f.mpf_cache
2024-09-15 14:23:24,367 : INFO : ConfigProcessor : Loading config from cache: /var/folders/sv/d29kcl5x50v7vt1n6xb5jsd40000gn/T/d58c58eb9fd1a2dc27f8acd255fb3761.mpf_cache
2024-09-15 14:23:24,367 : INFO : ConfigProcessor : Loading config from cache: /var/folders/sv/d29kcl5x50v7vt1n6xb5jsd40000gn/T/07adfd310b3ef0e03c5cbc91527abb6c.mpf_cache
2024-09-15 14:23:24,367 : INFO : ConfigProcessor : Loading config from cache: /var/folders/sv/d29kcl5x50v7vt1n6xb5jsd40000gn/T/12bd5247c3bf989b919364bdb7829769.mpf_cache
2024-09-15 14:23:24,367 : INFO : ConfigProcessor : Loading config from cache: /var/folders/sv/d29kcl5x50v7vt1n6xb5jsd40000gn/T/362e08f51a1a1b7a0809dd52f9c83f83.mpf_cache
2024-09-15 14:23:24,367 : INFO : ConfigProcessor : Loading config from cache: /var/folders/sv/d29kcl5x50v7vt1n6xb5jsd40000gn/T/e0db17dd068fe6304aabdbeff00fac0d.mpf_cache
2024-09-15 14:23:24,368 : INFO : ConfigProcessor : Loading config from cache: /var/folders/sv/d29kcl5x50v7vt1n6xb5jsd40000gn/T/331d8d1a1bc190cae8c13495e1db372f.mpf_cache
2024-09-15 14:23:24,368 : INFO : ConfigProcessor : Loading config from cache: /var/folders/sv/d29kcl5x50v7vt1n6xb5jsd40000gn/T/d17a9ff77386e6f1439d0802ace1de07.mpf_cache
2024-09-15 14:23:24,368 : INFO : ConfigProcessor : Loading config from cache: /var/folders/sv/d29kcl5x50v7vt1n6xb5jsd40000gn/T/280fd64455d0d243a54ab4db98fbccbd.mpf_cache
2024-09-15 14:23:24,368 : INFO : ConfigProcessor : Loading config from cache: /var/folders/sv/d29kcl5x50v7vt1n6xb5jsd40000gn/T/0c0596ed8fbb40b6113901d21bdc0a39.mpf_cache
2024-09-15 14:23:24,368 : INFO : ConfigProcessor : Loading config from cache: /var/folders/sv/d29kcl5x50v7vt1n6xb5jsd40000gn/T/f521a0f834965d73920394ccceaa3c1c.mpf_cache
2024-09-15 14:23:24,368 : INFO : ConfigProcessor : Loading config from cache: /var/folders/sv/d29kcl5x50v7vt1n6xb5jsd40000gn/T/0fedc249e142fba0aaf46d9adc7061fa.mpf_cache
2024-09-15 14:23:24,368 : INFO : ConfigProcessor : Loading config from cache: /var/folders/sv/d29kcl5x50v7vt1n6xb5jsd40000gn/T/c57745b2fe399992c4aedf0209f8acc9.mpf_cache
2024-09-15 14:23:24,368 : INFO : ConfigProcessor : Loading config from cache: /var/folders/sv/d29kcl5x50v7vt1n6xb5jsd40000gn/T/4d7707f845442344c77faa09114dd414.mpf_cache
2024-09-15 14:23:24,369 : INFO : ConfigProcessor : Loading config from cache: /var/folders/sv/d29kcl5x50v7vt1n6xb5jsd40000gn/T/13b622eeb34cc558f4c171e6faf49f20.mpf_cache
2024-09-15 14:23:24,369 : INFO : ConfigProcessor : Loading config from cache: /var/folders/sv/d29kcl5x50v7vt1n6xb5jsd40000gn/T/897ffb6d77163469c302d894201d7081.mpf_cache
2024-09-15 14:23:24,369 : INFO : ConfigProcessor : Loading config from cache: /var/folders/sv/d29kcl5x50v7vt1n6xb5jsd40000gn/T/51caa30b8c50b4dd14ddbf8a263fb4c6.mpf_cache
2024-09-15 14:23:24,369 : INFO : ConfigProcessor : Loading config from cache: /var/folders/sv/d29kcl5x50v7vt1n6xb5jsd40000gn/T/aa4dd12681abd3ba3467de4d4b71c6b2.mpf_cache
2024-09-15 14:23:24,369 : INFO : ConfigProcessor : Loading config from cache: /var/folders/sv/d29kcl5x50v7vt1n6xb5jsd40000gn/T/edf8b775a93855f849af0e2eff0a7bac.mpf_cache
2024-09-15 14:23:24,369 : INFO : ConfigProcessor : Loading config from cache: /var/folders/sv/d29kcl5x50v7vt1n6xb5jsd40000gn/T/a8808f7c3567c8d62dc12e9ad7d55d7c.mpf_cache
2024-09-15 14:23:24,370 : INFO : ConfigProcessor : Loading config from cache: /var/folders/sv/d29kcl5x50v7vt1n6xb5jsd40000gn/T/9437faed8d9c330c56f3b67b3f9b149d.mpf_cache
2024-09-15 14:23:24,370 : INFO : ConfigProcessor : Loading config from cache: /var/folders/sv/d29kcl5x50v7vt1n6xb5jsd40000gn/T/4bb31ac09fad15f35aa3bae4975f2b4d.mpf_cache
2024-09-15 14:23:24,370 : INFO : ConfigProcessor : Loading config from cache: /var/folders/sv/d29kcl5x50v7vt1n6xb5jsd40000gn/T/3048ed2d7ea14eee3db896f6760aa474.mpf_cache
2024-09-15 14:23:24,371 : INFO : ConfigProcessor : Loading config from cache: /var/folders/sv/d29kcl5x50v7vt1n6xb5jsd40000gn/T/a14a120665a0ee9fd8a6e22274033983.mpf_cache
2024-09-15 14:23:24,371 : INFO : ConfigProcessor : Loading config from cache: /var/folders/sv/d29kcl5x50v7vt1n6xb5jsd40000gn/T/984de704eb69e43ca43e84d7915bfa21.mpf_cache
2024-09-15 14:23:24,371 : INFO : ConfigProcessor : Loading config from cache: /var/folders/sv/d29kcl5x50v7vt1n6xb5jsd40000gn/T/0a9cb7260d26760274024f443d38cc22.mpf_cache
2024-09-15 14:23:24,372 : INFO : ConfigProcessor : Loading config from cache: /var/folders/sv/d29kcl5x50v7vt1n6xb5jsd40000gn/T/deb753c2acdccb3c49ddc8f2a7e04ee6.mpf_cache
2024-09-15 14:23:24,372 : INFO : ConfigProcessor : Loading config from cache: /var/folders/sv/d29kcl5x50v7vt1n6xb5jsd40000gn/T/4a90c06755c4a5beef2ee4c243f54397.mpf_cache
2024-09-15 14:23:24,372 : INFO : Machine : Mission Pinball Framework Core Engine v0.80.0.dev1
2024-09-15 14:23:24,372 : INFO : Machine : Command line arguments: {'no_load_cache': False, 'create_config_cache': True, 'bcp': True, 'configfile': ['config.yaml'], 'force_assets_load': False, 'platform_integration_test': False, 'jsonlogging': False, 'logfile': 'logs/2024-09-15-14-23-24-mpf-Nicks-Air.lan.log', 'pause': False, 'production': False, 'text_ui': True, 'loglevel': 15, 'consoleloglevel': 20, 'force_platform': None, 'syslog_address': None, 'mc_file_name': None, 'no_sound': False, 'full_logfile_path': '/Users/nicktaseris/Desktop/Pinball/KOTH/logs/2024-09-15-14-23-24-mpf-Nicks-Air.lan.log'}
2024-09-15 14:23:24,372 : INFO : Machine : MPF path: /Users/nicktaseris/mpfenv/lib/python3.9/site-packages/mpf
2024-09-15 14:23:24,372 : INFO : Machine : Machine path: /Users/nicktaseris/Desktop/Pinball/KOTH
2024-09-15 14:23:24,372 : INFO : Machine : Platform: darwin
2024-09-15 14:23:24,372 : INFO : Machine : Python executable location: /Users/nicktaseris/mpfenv/bin/python3
2024-09-15 14:23:24,372 : INFO : Machine : Python version: 3.9.13 (64-bit)
2024-09-15 14:23:24,372 : INFO : Machine : Initializing MPF...
2024-09-15 14:23:24,398 : INFO : EventManager : Event: ======'machine_var_credits_string'====== Args={'value': 'FREE PLAY', 'prev_value': None, 'change': True}
2024-09-15 14:23:24,404 : INFO : EventManager : Event: ======'machine_var_master_volume'====== Args={'value': 0.5, 'prev_value': None, 'change': True}
2024-09-15 14:23:24,404 : INFO : EventManager : Event: ======'machine_var_player1_score'====== Args={'value': 48340150, 'prev_value': None, 'change': True}
2024-09-15 14:23:24,404 : INFO : EventManager : Event: ======'machine_var_mpf_version'====== Args={'value': 'Mission Pinball Framework v0.80.0.dev1', 'prev_value': None, 'change': True}
2024-09-15 14:23:24,404 : INFO : EventManager : Event: ======'machine_var_mpf_extended_version'====== Args={'value': 'Mission Pinball Framework v0.80.0.dev1, Config version:6, Show version: 6, BCP version:1.1', 'prev_value': None, 'change': True}
2024-09-15 14:23:24,404 : INFO : EventManager : Event: ======'machine_var_python_version'====== Args={'value': '3.9.13', 'prev_value': None, 'change': True}
2024-09-15 14:23:24,415 : INFO : EventManager : Event: ======'machine_var_platform'====== Args={'value': 'macOS-12.1-arm64-arm-64bit', 'prev_value': None, 'change': True}
2024-09-15 14:23:24,415 : INFO : EventManager : Event: ======'machine_var_platform_system'====== Args={'value': 'Darwin', 'prev_value': None, 'change': True}
2024-09-15 14:23:24,415 : INFO : EventManager : Event: ======'machine_var_platform_release'====== Args={'value': '21.2.0', 'prev_value': None, 'change': True}
2024-09-15 14:23:24,416 : INFO : EventManager : Event: ======'machine_var_platform_version'====== Args={'value': 'Darwin Kernel Version 21.2.0: Sun Nov 28 20:29:10 PST 2021; root:xnu-8019.61.5~1/RELEASE_ARM64_T8101', 'prev_value': None, 'change': True}
2024-09-15 14:23:24,416 : INFO : EventManager : Event: ======'machine_var_platform_machine'====== Args={'value': 'arm64', 'prev_value': None, 'change': True}
2024-09-15 14:23:24,416 : INFO : EventManager : Event: ======'machine_var_log_file_path'====== Args={'value': '/Users/nicktaseris/Desktop/Pinball/KOTH/logs/2024-09-15-14-23-24-mpf-Nicks-Air.lan.log', 'prev_value': None, 'change': True}
2024-09-15 14:23:24,416 : INFO : EventManager : Event: ======'init_phase_1'====== Args={}
2024-09-15 14:23:24,445 : INFO : EventManager : Event: ======'drop_target_bank_strickland_bank_up'====== Args={}
2024-09-15 14:23:24,446 : INFO : EventManager : Event: ======'init_phase_2'====== Args={}
2024-09-15 14:23:24,446 : INFO : SwitchController : Found active switch: ('39', <Platform.SmartVirtual>) <switch.s_trough1>
2024-09-15 14:23:24,446 : INFO : SwitchController : Found active switch: ('40', <Platform.SmartVirtual>) <switch.s_trough2>
2024-09-15 14:23:24,446 : INFO : SwitchController : Found active switch: ('41', <Platform.SmartVirtual>) <switch.s_trough3>
2024-09-15 14:23:24,446 : INFO : SwitchController : Found active switch: ('42', <Platform.SmartVirtual>) <switch.s_trough4>
2024-09-15 14:23:24,446 : INFO : SwitchController : Found active switch: ('43', <Platform.SmartVirtual>) <switch.s_trough5>
2024-09-15 14:23:24,446 : INFO : SwitchController : Found active switch: ('44', <Platform.SmartVirtual>) <switch.s_trough6>
2024-09-15 14:23:24,453 : INFO : EventManager : Event: ======'machine_var_score1_label'====== Args={'value': 'GRAND CHAMPION', 'prev_value': None, 'change': True}
2024-09-15 14:23:24,453 : INFO : EventManager : Event: ======'machine_var_score1_name'====== Args={'value': 'CCC', 'prev_value': None, 'change': True}
2024-09-15 14:23:24,453 : INFO : EventManager : Event: ======'machine_var_score1_value'====== Args={'value': 68340100, 'prev_value': None, 'change': True}
2024-09-15 14:23:24,453 : INFO : EventManager : Event: ======'machine_var_score2_label'====== Args={'value': 'HIGH SCORE 1', 'prev_value': None, 'change': True}
2024-09-15 14:23:24,453 : INFO : EventManager : Event: ======'machine_var_score2_name'====== Args={'value': 'AAAAAAAAAAAAAA', 'prev_value': None, 'change': True}
2024-09-15 14:23:24,453 : INFO : EventManager : Event: ======'machine_var_score2_value'====== Args={'value': 62250100, 'prev_value': None, 'change': True}
2024-09-15 14:23:24,453 : INFO : EventManager : Event: ======'machine_var_score3_label'====== Args={'value': 'HIGH SCORE 2', 'prev_value': None, 'change': True}
2024-09-15 14:23:24,453 : INFO : EventManager : Event: ======'machine_var_score3_name'====== Args={'value': 'DDDD', 'prev_value': None, 'change': True}
2024-09-15 14:23:24,453 : INFO : EventManager : Event: ======'machine_var_score3_value'====== Args={'value': 49430150, 'prev_value': None, 'change': True}
2024-09-15 14:23:24,453 : INFO : EventManager : Event: ======'machine_var_score4_label'====== Args={'value': 'HIGH SCORE 3', 'prev_value': None, 'change': True}
2024-09-15 14:23:24,453 : INFO : EventManager : Event: ======'machine_var_score4_name'====== Args={'value': 'AAAAA', 'prev_value': None, 'change': True}
2024-09-15 14:23:24,453 : INFO : EventManager : Event: ======'machine_var_score4_value'====== Args={'value': 48340150, 'prev_value': None, 'change': True}
2024-09-15 14:23:24,453 : INFO : EventManager : Event: ======'bcp_connection_attempt'====== Args={'name': 'local_display', 'host': 'localhost', 'port': 5050}
2024-09-15 14:23:24,454 : INFO : BCPClientSocket : Connecting BCP to 'local_display' at localhost:5050...
2024-09-15 14:23:24,457 : INFO : BCPClientSocket : Connected BCP to 'local_display' localhost:5050
2024-09-15 14:23:24,457 : INFO : EventManager : Event: ======'bcp_clients_connected'====== Args={}
2024-09-15 14:23:24,458 : INFO : ball_device.bd_trough : BCH: Initial count: 6
2024-09-15 14:23:24,458 : INFO : ball_device.bd_trough : State: idle
2024-09-15 14:23:24,462 : INFO : ball_device.bd_plunger : BCH: Initial count: 0
2024-09-15 14:23:24,462 : INFO : ball_device.bd_plunger : State: idle
2024-09-15 14:23:24,462 : INFO : ball_device.bd_scoop : BCH: Initial count: 0
2024-09-15 14:23:24,463 : INFO : ball_device.bd_scoop : State: idle
2024-09-15 14:23:24,467 : INFO : EventManager : Event: ======'init_phase_3'====== Args={}
2024-09-15 14:23:24,469 : INFO : EventManager : Event: ======'init_phase_4'====== Args={}
2024-09-15 14:23:24,469 : INFO : BallController : Initial balls found: 6
2024-09-15 14:23:24,470 : INFO : EventManager : Event: ======'machine_var_audits_events_game_ended'====== Args={'value': 19, 'prev_value': None, 'change': True}
2024-09-15 14:23:24,470 : INFO : EventManager : Event: ======'machine_var_audits_events_game_started'====== Args={'value': 1271, 'prev_value': None, 'change': True}
2024-09-15 14:23:24,470 : INFO : EventManager : Event: ======'machine_var_audits_missing_switches_s_a_target'====== Args={'value': 5, 'prev_value': None, 'change': True}
2024-09-15 14:23:24,470 : INFO : EventManager : Event: ======'machine_var_audits_missing_switches_s_bottom_inline_drop'====== Args={'value': 71, 'prev_value': None, 'change': True}
2024-09-15 14:23:24,470 : INFO : EventManager : Event: ======'machine_var_audits_missing_switches_s_bottom_pop_bumper'====== Args={'value': 25, 'prev_value': None, 'change': True}
2024-09-15 14:23:24,470 : INFO : EventManager : Event: ======'machine_var_audits_missing_switches_s_center_spinner'====== Args={'value': 24, 'prev_value': None, 'change': True}
2024-09-15 14:23:24,470 : INFO : EventManager : Event: ======'machine_var_audits_missing_switches_s_e_target'====== Args={'value': 21, 'prev_value': None, 'change': True}
2024-09-15 14:23:24,470 : INFO : EventManager : Event: ======'machine_var_audits_missing_switches_s_launch_button'====== Args={'value': 742, 'prev_value': None, 'change': True}
2024-09-15 14:23:24,470 : INFO : EventManager : Event: ======'machine_var_audits_missing_switches_s_left_flipper'====== Args={'value': 1, 'prev_value': None, 'change': True}
2024-09-15 14:23:24,470 : INFO : EventManager : Event: ======'machine_var_audits_missing_switches_s_left_inlane'====== Args={'value': 21, 'prev_value': None, 'change': True}
2024-09-15 14:23:24,470 : INFO : EventManager : Event: ======'machine_var_audits_missing_switches_s_left_inner_horseshoe'====== Args={'value': 21, 'prev_value': None, 'change': True}
2024-09-15 14:23:24,470 : INFO : EventManager : Event: ======'machine_var_audits_missing_switches_s_left_orbit_enter'====== Args={'value': 67, 'prev_value': None, 'change': True}
2024-09-15 14:23:24,470 : INFO : EventManager : Event: ======'machine_var_audits_missing_switches_s_left_orbit_exit'====== Args={'value': 463, 'prev_value': None, 'change': True}
2024-09-15 14:23:24,470 : INFO : EventManager : Event: ======'machine_var_audits_missing_switches_s_left_outlane'====== Args={'value': 21, 'prev_value': None, 'change': True}
2024-09-15 14:23:24,470 : INFO : EventManager : Event: ======'machine_var_audits_missing_switches_s_left_pop_bumper'====== Args={'value': 830, 'prev_value': None, 'change': True}
2024-09-15 14:23:24,471 : INFO : EventManager : Event: ======'machine_var_audits_missing_switches_s_left_ramp_enter'====== Args={'value': 543, 'prev_value': None, 'change': True}
2024-09-15 14:23:24,471 : INFO : EventManager : Event: ======'machine_var_audits_missing_switches_s_left_ramp_exit'====== Args={'value': 543, 'prev_value': None, 'change': True}
2024-09-15 14:23:24,471 : INFO : EventManager : Event: ======'machine_var_audits_missing_switches_s_left_rollover_lane'====== Args={'value': 24, 'prev_value': None, 'change': True}
2024-09-15 14:23:24,471 : INFO : EventManager : Event: ======'machine_var_audits_missing_switches_s_left_sling'====== Args={'value': 921, 'prev_value': None, 'change': True}
2024-09-15 14:23:24,471 : INFO : EventManager : Event: ======'machine_var_audits_missing_switches_s_left_spinner'====== Args={'value': 24, 'prev_value': None, 'change': True}
2024-09-15 14:23:24,471 : INFO : EventManager : Event: ======'machine_var_audits_missing_switches_s_middle_inline_drop'====== Args={'value': 71, 'prev_value': None, 'change': True}
2024-09-15 14:23:24,471 : INFO : EventManager : Event: ======'machine_var_audits_missing_switches_s_middle_rollover_lane'====== Args={'value': 24, 'prev_value': None, 'change': True}
2024-09-15 14:23:24,471 : INFO : EventManager : Event: ======'machine_var_audits_missing_switches_s_n_target'====== Args={'value': 14, 'prev_value': None, 'change': True}
2024-09-15 14:23:24,471 : INFO : EventManager : Event: ======'machine_var_audits_missing_switches_s_p2_target'====== Args={'value': 3, 'prev_value': None, 'change': True}
2024-09-15 14:23:24,471 : INFO : EventManager : Event: ======'machine_var_audits_missing_switches_s_right_inlane'====== Args={'value': 21, 'prev_value': None, 'change': True}
2024-09-15 14:23:24,471 : INFO : EventManager : Event: ======'machine_var_audits_missing_switches_s_right_inner_horseshoe'====== Args={'value': 21, 'prev_value': None, 'change': True}
2024-09-15 14:23:24,471 : INFO : EventManager : Event: ======'machine_var_audits_missing_switches_s_right_orbit_exit'====== Args={'value': 463, 'prev_value': None, 'change': True}
2024-09-15 14:23:24,471 : INFO : EventManager : Event: ======'machine_var_audits_missing_switches_s_right_outlane'====== Args={'value': 21, 'prev_value': None, 'change': True}
2024-09-15 14:23:24,471 : INFO : EventManager : Event: ======'machine_var_audits_missing_switches_s_right_pop_bumper'====== Args={'value': 70, 'prev_value': None, 'change': True}
2024-09-15 14:23:24,472 : INFO : EventManager : Event: ======'machine_var_audits_missing_switches_s_right_ramp_enter'====== Args={'value': 543, 'prev_value': None, 'change': True}
2024-09-15 14:23:24,472 : INFO : EventManager : Event: ======'machine_var_audits_missing_switches_s_right_ramp_exit'====== Args={'value': 543, 'prev_value': None, 'change': True}
2024-09-15 14:23:24,472 : INFO : EventManager : Event: ======'machine_var_audits_missing_switches_s_right_ramp_standup'====== Args={'value': 24, 'prev_value': None, 'change': True}
2024-09-15 14:23:24,472 : INFO : EventManager : Event: ======'machine_var_audits_missing_switches_s_right_rollover_lane'====== Args={'value': 24, 'prev_value': None, 'change': True}
2024-09-15 14:23:24,472 : INFO : EventManager : Event: ======'machine_var_audits_missing_switches_s_right_sling'====== Args={'value': 21, 'prev_value': None, 'change': True}
2024-09-15 14:23:24,472 : INFO : EventManager : Event: ======'machine_var_audits_missing_switches_s_top_inline_drop'====== Args={'value': 254, 'prev_value': None, 'change': True}
2024-09-15 14:23:24,472 : INFO : EventManager : Event: ======'machine_var_audits_missing_switches_s_trough1'====== Args={'value': 24, 'prev_value': None, 'change': True}
2024-09-15 14:23:24,472 : INFO : EventManager : Event: ======'machine_var_audits_missing_switches_s_trough2'====== Args={'value': 69, 'prev_value': None, 'change': True}
2024-09-15 14:23:24,472 : INFO : EventManager : Event: ======'machine_var_audits_missing_switches_s_trough3'====== Args={'value': 69, 'prev_value': None, 'change': True}
2024-09-15 14:23:24,472 : INFO : EventManager : Event: ======'machine_var_audits_missing_switches_s_trough4'====== Args={'value': 693, 'prev_value': None, 'change': True}
2024-09-15 14:23:24,472 : INFO : EventManager : Event: ======'machine_var_audits_missing_switches_s_trough5'====== Args={'value': 1226, 'prev_value': None, 'change': True}
2024-09-15 14:23:24,472 : INFO : EventManager : Event: ======'machine_var_audits_missing_switches_s_trough6'====== Args={'value': 1226, 'prev_value': None, 'change': True}
2024-09-15 14:23:24,473 : INFO : EventManager : Event: ======'machine_var_audits_missing_switches_s_trough_jam'====== Args={'value': 1159, 'prev_value': None, 'change': True}
2024-09-15 14:23:24,473 : INFO : EventManager : Event: ======'machine_var_audits_player_score'====== Args={'value': {'average': 25651308, 'top': [68340100, 62250100, 49430150, 48340150, 40340150, 36245050, 36245050, 35245050, 34335100, 34245100], 'total': 21}, 'prev_value': None, 'change': True}
2024-09-15 14:23:24,473 : INFO : EventManager : Event: ======'machine_var_audits_shots_a_rollover_lane'====== Args={'value': 211, 'prev_value': None, 'change': True}
2024-09-15 14:23:24,473 : INFO : EventManager : Event: ======'machine_var_audits_shots_a_target'====== Args={'value': 7, 'prev_value': None, 'change': True}
2024-09-15 14:23:24,473 : INFO : EventManager : Event: ======'machine_var_audits_shots_ball_lock_a_target'====== Args={'value': 6, 'prev_value': None, 'change': True}
2024-09-15 14:23:24,473 : INFO : EventManager : Event: ======'machine_var_audits_shots_ball_lock_e_target'====== Args={'value': 5, 'prev_value': None, 'change': True}
2024-09-15 14:23:24,473 : INFO : EventManager : Event: ======'machine_var_audits_shots_ball_lock_n_target'====== Args={'value': 5, 'prev_value': None, 'change': True}
2024-09-15 14:23:24,473 : INFO : EventManager : Event: ======'machine_var_audits_shots_ball_lock_p2_target'====== Args={'value': 9, 'prev_value': None, 'change': True}
2024-09-15 14:23:24,473 : INFO : EventManager : Event: ======'machine_var_audits_shots_bottom_inline_drop'====== Args={'value': 50, 'prev_value': None, 'change': True}
2024-09-15 14:23:24,473 : INFO : EventManager : Event: ======'machine_var_audits_shots_e_target'====== Args={'value': 3, 'prev_value': None, 'change': True}
2024-09-15 14:23:24,474 : INFO : EventManager : Event: ======'machine_var_audits_shots_h_rollover_lane'====== Args={'value': 217, 'prev_value': None, 'change': True}
2024-09-15 14:23:24,474 : INFO : EventManager : Event: ======'machine_var_audits_shots_k_rollover_lane'====== Args={'value': 212, 'prev_value': None, 'change': True}
2024-09-15 14:23:24,474 : INFO : EventManager : Event: ======'machine_var_audits_shots_left_rollover_lane'====== Args={'value': 224, 'prev_value': None, 'change': True}
2024-09-15 14:23:24,474 : INFO : EventManager : Event: ======'machine_var_audits_shots_middle_inline_drop'====== Args={'value': 49, 'prev_value': None, 'change': True}
2024-09-15 14:23:24,474 : INFO : EventManager : Event: ======'machine_var_audits_shots_middle_rollover_lane'====== Args={'value': 213, 'prev_value': None, 'change': True}
2024-09-15 14:23:24,474 : INFO : EventManager : Event: ======'machine_var_audits_shots_mode_scoop'====== Args={'value': 135, 'prev_value': None, 'change': True}
2024-09-15 14:23:24,474 : INFO : EventManager : Event: ======'machine_var_audits_shots_n_rollover_lane'====== Args={'value': 206, 'prev_value': None, 'change': True}
2024-09-15 14:23:24,474 : INFO : EventManager : Event: ======'machine_var_audits_shots_n_target'====== Args={'value': 9, 'prev_value': None, 'change': True}
2024-09-15 14:23:24,474 : INFO : EventManager : Event: ======'machine_var_audits_shots_o_target'====== Args={'value': 4, 'prev_value': None, 'change': True}
2024-09-15 14:23:24,475 : INFO : EventManager : Event: ======'machine_var_audits_shots_p2_target'====== Args={'value': 5, 'prev_value': None, 'change': True}
2024-09-15 14:23:24,475 : INFO : EventManager : Event: ======'machine_var_audits_shots_p_target'====== Args={'value': 8, 'prev_value': None, 'change': True}
2024-09-15 14:23:24,475 : INFO : EventManager : Event: ======'machine_var_audits_shots_qualify_a_target'====== Args={'value': 7, 'prev_value': None, 'change': True}
2024-09-15 14:23:24,475 : INFO : EventManager : Event: ======'machine_var_audits_shots_qualify_e_target'====== Args={'value': 8, 'prev_value': None, 'change': True}
2024-09-15 14:23:24,475 : INFO : EventManager : Event: ======'machine_var_audits_shots_qualify_n_target'====== Args={'value': 7, 'prev_value': None, 'change': True}
2024-09-15 14:23:24,475 : INFO : EventManager : Event: ======'machine_var_audits_shots_qualify_o_target'====== Args={'value': 517, 'prev_value': None, 'change': True}
2024-09-15 14:23:24,475 : INFO : EventManager : Event: ======'machine_var_audits_shots_qualify_p2_target'====== Args={'value': 9, 'prev_value': None, 'change': True}
2024-09-15 14:23:24,475 : INFO : EventManager : Event: ======'machine_var_audits_shots_qualify_p_target'====== Args={'value': 490, 'prev_value': None, 'change': True}
2024-09-15 14:23:24,475 : INFO : EventManager : Event: ======'machine_var_audits_shots_qualify_r_target'====== Args={'value': 526, 'prev_value': None, 'change': True}
2024-09-15 14:23:24,476 : INFO : EventManager : Event: ======'machine_var_audits_shots_r_target'====== Args={'value': 14, 'prev_value': None, 'change': True}
2024-09-15 14:23:24,476 : INFO : EventManager : Event: ======'machine_var_audits_shots_rainey_multiball_ball_lock_a_target'====== Args={'value': 149, 'prev_value': None, 'change': True}
2024-09-15 14:23:24,476 : INFO : EventManager : Event: ======'machine_var_audits_shots_rainey_multiball_ball_lock_e_target'====== Args={'value': 128, 'prev_value': None, 'change': True}
2024-09-15 14:23:24,476 : INFO : EventManager : Event: ======'machine_var_audits_shots_rainey_multiball_ball_lock_n_target'====== Args={'value': 126, 'prev_value': None, 'change': True}
2024-09-15 14:23:24,476 : INFO : EventManager : Event: ======'machine_var_audits_shots_rainey_multiball_ball_lock_p2_target'====== Args={'value': 248, 'prev_value': None, 'change': True}
2024-09-15 14:23:24,476 : INFO : EventManager : Event: ======'machine_var_audits_shots_right_rollover_lane'====== Args={'value': 216, 'prev_value': None, 'change': True}
2024-09-15 14:23:24,477 : INFO : EventManager : Event: ======'machine_var_audits_shots_scoop'====== Args={'value': 285, 'prev_value': None, 'change': True}
2024-09-15 14:23:24,477 : INFO : EventManager : Event: ======'machine_var_audits_shots_scoop_mission_select'====== Args={'value': 57, 'prev_value': None, 'change': True}
2024-09-15 14:23:24,477 : INFO : EventManager : Event: ======'machine_var_audits_shots_shot_left_ramp'====== Args={'value': 17, 'prev_value': None, 'change': True}
2024-09-15 14:23:24,477 : INFO : EventManager : Event: ======'machine_var_audits_shots_shot_right_ramp'====== Args={'value': 24, 'prev_value': None, 'change': True}
2024-09-15 14:23:24,477 : INFO : EventManager : Event: ======'machine_var_audits_shots_skillshot_a_target'====== Args={'value': 114, 'prev_value': None, 'change': True}
2024-09-15 14:23:24,477 : INFO : EventManager : Event: ======'machine_var_audits_shots_skillshot_e_target'====== Args={'value': 96, 'prev_value': None, 'change': True}
2024-09-15 14:23:24,477 : INFO : EventManager : Event: ======'machine_var_audits_shots_skillshot_n_target'====== Args={'value': 84, 'prev_value': None, 'change': True}
2024-09-15 14:23:24,477 : INFO : EventManager : Event: ======'machine_var_audits_shots_skillshot_o_target'====== Args={'value': 169, 'prev_value': None, 'change': True}
2024-09-15 14:23:24,478 : INFO : EventManager : Event: ======'machine_var_audits_shots_skillshot_p2_target'====== Args={'value': 197, 'prev_value': None, 'change': True}
2024-09-15 14:23:24,478 : INFO : EventManager : Event: ======'machine_var_audits_shots_skillshot_p_target'====== Args={'value': 125, 'prev_value': None, 'change': True}
2024-09-15 14:23:24,478 : INFO : EventManager : Event: ======'machine_var_audits_shots_skillshot_r_target'====== Args={'value': 177, 'prev_value': None, 'change': True}
2024-09-15 14:23:24,478 : INFO : EventManager : Event: ======'machine_var_audits_shots_spinner'====== Args={'value': 11, 'prev_value': None, 'change': True}
2024-09-15 14:23:24,478 : INFO : EventManager : Event: ======'machine_var_audits_shots_top_inline_drop'====== Args={'value': 8, 'prev_value': None, 'change': True}
2024-09-15 14:23:24,478 : INFO : EventManager : Event: ======'machine_var_audits_switches_s_a_target'====== Args={'value': 277, 'prev_value': None, 'change': True}
2024-09-15 14:23:24,478 : INFO : EventManager : Event: ======'machine_var_audits_switches_s_bottom_inline_drop'====== Args={'value': 1072, 'prev_value': None, 'change': True}
2024-09-15 14:23:24,479 : INFO : EventManager : Event: ======'machine_var_audits_switches_s_bottom_pop_bumper'====== Args={'value': 833, 'prev_value': None, 'change': True}
2024-09-15 14:23:24,479 : INFO : EventManager : Event: ======'machine_var_audits_switches_s_center_spinner'====== Args={'value': 354, 'prev_value': None, 'change': True}
2024-09-15 14:23:24,479 : INFO : EventManager : Event: ======'machine_var_audits_switches_s_e_target'====== Args={'value': 261, 'prev_value': None, 'change': True}
2024-09-15 14:23:24,479 : INFO : EventManager : Event: ======'machine_var_audits_switches_s_launch_button'====== Args={'value': 10, 'prev_value': None, 'change': True}
2024-09-15 14:23:24,479 : INFO : EventManager : Event: ======'machine_var_audits_switches_s_left_flipper'====== Args={'value': 685, 'prev_value': None, 'change': True}
2024-09-15 14:23:24,479 : INFO : EventManager : Event: ======'machine_var_audits_switches_s_left_inlane'====== Args={'value': 222, 'prev_value': None, 'change': True}
2024-09-15 14:23:24,480 : INFO : EventManager : Event: ======'machine_var_audits_switches_s_left_inner_horseshoe'====== Args={'value': 20, 'prev_value': None, 'change': True}
2024-09-15 14:23:24,480 : INFO : EventManager : Event: ======'machine_var_audits_switches_s_left_orbit_enter'====== Args={'value': 118, 'prev_value': None, 'change': True}
2024-09-15 14:23:24,480 : INFO : EventManager : Event: ======'machine_var_audits_switches_s_left_orbit_exit'====== Args={'value': 21, 'prev_value': None, 'change': True}
2024-09-15 14:23:24,480 : INFO : EventManager : Event: ======'machine_var_audits_switches_s_left_outlane'====== Args={'value': 243, 'prev_value': None, 'change': True}
2024-09-15 14:23:24,480 : INFO : EventManager : Event: ======'machine_var_audits_switches_s_left_pop_bumper'====== Args={'value': 9, 'prev_value': None, 'change': True}
2024-09-15 14:23:24,480 : INFO : EventManager : Event: ======'machine_var_audits_switches_s_left_ramp_enter'====== Args={'value': 30, 'prev_value': None, 'change': True}
2024-09-15 14:23:24,480 : INFO : EventManager : Event: ======'machine_var_audits_switches_s_left_ramp_exit'====== Args={'value': 37, 'prev_value': None, 'change': True}
2024-09-15 14:23:24,481 : INFO : EventManager : Event: ======'machine_var_audits_switches_s_left_ramp_standup'====== Args={'value': 1586, 'prev_value': None, 'change': True}
2024-09-15 14:23:24,481 : INFO : EventManager : Event: ======'machine_var_audits_switches_s_left_rollover_lane'====== Args={'value': 229, 'prev_value': None, 'change': True}
2024-09-15 14:23:24,481 : INFO : EventManager : Event: ======'machine_var_audits_switches_s_left_sling'====== Args={'value': 12, 'prev_value': None, 'change': True}
2024-09-15 14:23:24,481 : INFO : EventManager : Event: ======'machine_var_audits_switches_s_left_spinner'====== Args={'value': 288, 'prev_value': None, 'change': True}
2024-09-15 14:23:24,481 : INFO : EventManager : Event: ======'machine_var_audits_switches_s_middle_inline_drop'====== Args={'value': 1053, 'prev_value': None, 'change': True}
2024-09-15 14:23:24,481 : INFO : EventManager : Event: ======'machine_var_audits_switches_s_middle_rollover_lane'====== Args={'value': 216, 'prev_value': None, 'change': True}
2024-09-15 14:23:24,482 : INFO : EventManager : Event: ======'machine_var_audits_switches_s_n_target'====== Args={'value': 248, 'prev_value': None, 'change': True}
2024-09-15 14:23:24,482 : INFO : EventManager : Event: ======'machine_var_audits_switches_s_o_target'====== Args={'value': 577, 'prev_value': None, 'change': True}
2024-09-15 14:23:24,482 : INFO : EventManager : Event: ======'machine_var_audits_switches_s_p2_target'====== Args={'value': 333, 'prev_value': None, 'change': True}
2024-09-15 14:23:24,482 : INFO : EventManager : Event: ======'machine_var_audits_switches_s_p_target'====== Args={'value': 752, 'prev_value': None, 'change': True}
2024-09-15 14:23:24,482 : INFO : EventManager : Event: ======'machine_var_audits_switches_s_plunger'====== Args={'value': 1622, 'prev_value': None, 'change': True}
2024-09-15 14:23:24,483 : INFO : EventManager : Event: ======'machine_var_audits_switches_s_plunger_lane'====== Args={'value': 39, 'prev_value': None, 'change': True}
2024-09-15 14:23:24,483 : INFO : EventManager : Event: ======'machine_var_audits_switches_s_plunger_lane_exit'====== Args={'value': 1286, 'prev_value': None, 'change': True}
2024-09-15 14:23:24,483 : INFO : EventManager : Event: ======'machine_var_audits_switches_s_r_target'====== Args={'value': 579, 'prev_value': None, 'change': True}
2024-09-15 14:23:24,483 : INFO : EventManager : Event: ======'machine_var_audits_switches_s_right_flipper'====== Args={'value': 2367, 'prev_value': None, 'change': True}
2024-09-15 14:23:24,483 : INFO : EventManager : Event: ======'machine_var_audits_switches_s_right_inlane'====== Args={'value': 215, 'prev_value': None, 'change': True}
2024-09-15 14:23:24,484 : INFO : EventManager : Event: ======'machine_var_audits_switches_s_right_inner_horseshoe'====== Args={'value': 30, 'prev_value': None, 'change': True}
2024-09-15 14:23:24,484 : INFO : EventManager : Event: ======'machine_var_audits_switches_s_right_orbit_exit'====== Args={'value': 34, 'prev_value': None, 'change': True}
2024-09-15 14:23:24,484 : INFO : EventManager : Event: ======'machine_var_audits_switches_s_right_outlane'====== Args={'value': 220, 'prev_value': None, 'change': True}
2024-09-15 14:23:24,484 : INFO : EventManager : Event: ======'machine_var_audits_switches_s_right_pop_bumper'====== Args={'value': 25, 'prev_value': None, 'change': True}
2024-09-15 14:23:24,484 : INFO : EventManager : Event: ======'machine_var_audits_switches_s_right_ramp_enter'====== Args={'value': 16, 'prev_value': None, 'change': True}
2024-09-15 14:23:24,484 : INFO : EventManager : Event: ======'machine_var_audits_switches_s_right_ramp_exit'====== Args={'value': 26, 'prev_value': None, 'change': True}
2024-09-15 14:23:24,485 : INFO : EventManager : Event: ======'machine_var_audits_switches_s_right_ramp_standup'====== Args={'value': 320, 'prev_value': None, 'change': True}
2024-09-15 14:23:24,485 : INFO : EventManager : Event: ======'machine_var_audits_switches_s_right_rollover_lane'====== Args={'value': 230, 'prev_value': None, 'change': True}
2024-09-15 14:23:24,485 : INFO : EventManager : Event: ======'machine_var_audits_switches_s_right_sling'====== Args={'value': 22, 'prev_value': None, 'change': True}
2024-09-15 14:23:24,485 : INFO : EventManager : Event: ======'machine_var_audits_switches_s_scoop'====== Args={'value': 1023, 'prev_value': None, 'change': True}
2024-09-15 14:23:24,485 : INFO : EventManager : Event: ======'machine_var_audits_switches_s_start'====== Args={'value': 880, 'prev_value': None, 'change': True}
2024-09-15 14:23:24,486 : INFO : EventManager : Event: ======'machine_var_audits_switches_s_top_inline_drop'====== Args={'value': 58, 'prev_value': None, 'change': True}
2024-09-15 14:23:24,486 : INFO : EventManager : Event: ======'machine_var_audits_switches_s_trough1'====== Args={'value': 574, 'prev_value': None, 'change': True}
2024-09-15 14:23:24,486 : INFO : EventManager : Event: ======'machine_var_audits_switches_s_trough2'====== Args={'value': 37, 'prev_value': None, 'change': True}
2024-09-15 14:23:24,486 : INFO : EventManager : Event: ======'machine_var_audits_switches_s_trough3'====== Args={'value': 22, 'prev_value': None, 'change': True}
2024-09-15 14:23:24,486 : INFO : EventManager : Event: ======'machine_var_audits_switches_s_trough4'====== Args={'value': 3, 'prev_value': None, 'change': True}
2024-09-15 14:23:24,486 : INFO : EventManager : Event: ======'machine_var_audits_switches_s_trough5'====== Args={'value': 2, 'prev_value': None, 'change': True}
2024-09-15 14:23:24,487 : INFO : EventManager : Event: ======'machine_var_audits_switches_s_trough6'====== Args={'value': 1, 'prev_value': None, 'change': True}
2024-09-15 14:23:24,487 : INFO : EventManager : Event: ======'machine_var_audits_switches_s_trough_jam'====== Args={'value': 5, 'prev_value': None, 'change': True}
2024-09-15 14:23:24,487 : INFO : EventManager : Event: ======'init_phase_5'====== Args={}
2024-09-15 14:23:24,490 : INFO : EventManager : Event: ======'init_done'====== Args={}
2024-09-15 14:23:24,490 : INFO : EventManager : Event: ======'machine_reset_phase_1'====== Args={}
2024-09-15 14:23:24,498 : INFO : EventManager : Event: ======'machine_reset_phase_2'====== Args={}
2024-09-15 14:23:24,498 : INFO : EventManager : Event: ======'machine_reset_phase_3'====== Args={}
2024-09-15 14:23:24,498 : INFO : drop_target_bank.strickland_bank : All targets are already up. Will not reset bank.
2024-09-15 14:23:24,499 : INFO : EventManager : Event: ======'reset_complete'====== Args={}
2024-09-15 14:23:24,499 : INFO : EventManager : Event: ======'mode_attract_will_start'====== Args={}
2024-09-15 14:23:24,499 : INFO : Timer.attract_switch : Starting Timer.
2024-09-15 14:23:24,499 : INFO : EventManager : Event: ======'timer_attract_switch_started'====== Args={'ticks': 0, 'ticks_remaining': 46}
2024-09-15 14:23:24,499 : INFO : EventManager : Event: ======'timer_attract_switch_tick'====== Args={'ticks': 0, 'ticks_remaining': 46}
2024-09-15 14:23:24,499 : INFO : EventManager : Event: ======'mode_attract_starting'====== Args={}
2024-09-15 14:23:24,499 : INFO : Mode.attract : Started. Priority: 10
2024-09-15 14:23:24,499 : INFO : EventManager : Event: ======'modes_active_modes_changed'====== Args={}
2024-09-15 14:23:24,499 : INFO : EventManager : Event: ======'mode_attract_started'====== Args={}
2024-09-15 14:23:24,500 : INFO : EventManager : Event: ======'collecting_balls_complete'====== Args={}
2024-09-15 14:23:24,500 : INFO : Machine : Starting the main run loop.
2024-09-15 14:23:25,054 : INFO : BcpServer : New client connected.
2024-09-15 14:23:25,499 : INFO : EventManager : Event: ======'timer_attract_switch_tick'====== Args={'ticks': 1, 'ticks_remaining': 45}
2024-09-15 14:23:25,509 : INFO : EventManager : Event: ======'slide__removed'====== Args={'_from_bcp': True}
2024-09-15 14:23:25,534 : INFO : EventManager : Event: ======'slide_dtp_logo_attract_created'====== Args={'_from_bcp': True}
2024-09-15 14:23:25,535 : INFO : EventManager : Event: ======'slide_dtp_logo_attract_active'====== Args={'original_context': 'attract', 'original_calling_context': 'timer_attract_switch_tick{ticks==1}', 'priority': 10.0, 'ticks': 1.0, 'ticks_remaining': 45.0, 'cmd': 'slides_play', '_from_bcp': True}
2024-09-15 14:23:26,499 : INFO : EventManager : Event: ======'timer_attract_switch_tick'====== Args={'ticks': 2, 'ticks_remaining': 44}
2024-09-15 14:23:27,500 : INFO : EventManager : Event: ======'timer_attract_switch_tick'====== Args={'ticks': 3, 'ticks_remaining': 43}
2024-09-15 14:23:28,500 : INFO : EventManager : Event: ======'timer_attract_switch_tick'====== Args={'ticks': 4, 'ticks_remaining': 42}
2024-09-15 14:23:28,518 : INFO : EventManager : Event: ======'slide_high_scores_attract_created'====== Args={'_from_bcp': True}
2024-09-15 14:23:28,519 : INFO : EventManager : Event: ======'slide_dtp_logo_attract_inactive'====== Args={'is_removing': True, '_from_bcp': True}
2024-09-15 14:23:28,519 : INFO : EventManager : Event: ======'slide_high_scores_attract_active'====== Args={'original_context': 'attract', 'original_calling_context': 'timer_attract_switch_tick{ticks==4}', 'priority': 10.0, 'ticks': 4.0, 'ticks_remaining': 42.0, 'cmd': 'slides_play', '_from_bcp': True}
2024-09-15 14:23:28,519 : INFO : EventManager : Event: ======'slide_dtp_logo_attract_removed'====== Args={'_from_bcp': True}
2024-09-15 14:23:29,499 : INFO : EventManager : Event: ======'timer_attract_switch_tick'====== Args={'ticks': 5, 'ticks_remaining': 41}
2024-09-15 14:23:30,500 : INFO : EventManager : Event: ======'timer_attract_switch_tick'====== Args={'ticks': 6, 'ticks_remaining': 40}
2024-09-15 14:23:31,499 : INFO : EventManager : Event: ======'timer_attract_switch_tick'====== Args={'ticks': 7, 'ticks_remaining': 39}
2024-09-15 14:23:32,500 : INFO : EventManager : Event: ======'timer_attract_switch_tick'====== Args={'ticks': 8, 'ticks_remaining': 38}
2024-09-15 14:23:32,539 : INFO : EventManager : Event: ======'slide_koth_logo_attract_created'====== Args={'_from_bcp': True}
2024-09-15 14:23:32,540 : INFO : EventManager : Event: ======'slide_high_scores_attract_inactive'====== Args={'is_removing': True, '_from_bcp': True}
2024-09-15 14:23:32,540 : INFO : EventManager : Event: ======'slide_koth_logo_attract_active'====== Args={'original_context': 'attract', 'original_calling_context': 'timer_attract_switch_tick{ticks==8}', 'priority': 10.0, 'ticks': 8.0, 'ticks_remaining': 38.0, 'cmd': 'slides_play', '_from_bcp': True}
2024-09-15 14:23:32,541 : INFO : EventManager : Event: ======'slide_high_scores_attract_removed'====== Args={'_from_bcp': True}
2024-09-15 14:23:33,499 : INFO : EventManager : Event: ======'timer_attract_switch_tick'====== Args={'ticks': 9, 'ticks_remaining': 37}
2024-09-15 14:23:34,500 : INFO : EventManager : Event: ======'timer_attract_switch_tick'====== Args={'ticks': 10, 'ticks_remaining': 36}
2024-09-15 14:23:35,500 : INFO : EventManager : Event: ======'timer_attract_switch_tick'====== Args={'ticks': 11, 'ticks_remaining': 35}
2024-09-15 14:23:36,499 : INFO : EventManager : Event: ======'timer_attract_switch_tick'====== Args={'ticks': 12, 'ticks_remaining': 34}
2024-09-15 14:23:37,500 : INFO : EventManager : Event: ======'timer_attract_switch_tick'====== Args={'ticks': 13, 'ticks_remaining': 33}
2024-09-15 14:23:38,499 : INFO : EventManager : Event: ======'timer_attract_switch_tick'====== Args={'ticks': 14, 'ticks_remaining': 32}
2024-09-15 14:23:39,500 : INFO : EventManager : Event: ======'timer_attract_switch_tick'====== Args={'ticks': 15, 'ticks_remaining': 31}
2024-09-15 14:23:40,499 : INFO : EventManager : Event: ======'timer_attract_switch_tick'====== Args={'ticks': 16, 'ticks_remaining': 30}
2024-09-15 14:23:41,499 : INFO : EventManager : Event: ======'timer_attract_switch_tick'====== Args={'ticks': 17, 'ticks_remaining': 29}
2024-09-15 14:23:42,499 : INFO : EventManager : Event: ======'timer_attract_switch_tick'====== Args={'ticks': 18, 'ticks_remaining': 28}
2024-09-15 14:23:43,499 : INFO : EventManager : Event: ======'timer_attract_switch_tick'====== Args={'ticks': 19, 'ticks_remaining': 27}
2024-09-15 14:23:44,499 : INFO : EventManager : Event: ======'timer_attract_switch_tick'====== Args={'ticks': 20, 'ticks_remaining': 26}
2024-09-15 14:23:45,499 : INFO : EventManager : Event: ======'timer_attract_switch_tick'====== Args={'ticks': 21, 'ticks_remaining': 25}
2024-09-15 14:23:46,499 : INFO : EventManager : Event: ======'timer_attract_switch_tick'====== Args={'ticks': 22, 'ticks_remaining': 24}
2024-09-15 14:23:47,499 : INFO : EventManager : Event: ======'timer_attract_switch_tick'====== Args={'ticks': 23, 'ticks_remaining': 23}
2024-09-15 14:23:48,500 : INFO : EventManager : Event: ======'timer_attract_switch_tick'====== Args={'ticks': 24, 'ticks_remaining': 22}
2024-09-15 14:23:49,499 : INFO : EventManager : Event: ======'timer_attract_switch_tick'====== Args={'ticks': 25, 'ticks_remaining': 21}
2024-09-15 14:23:50,499 : INFO : EventManager : Event: ======'timer_attract_switch_tick'====== Args={'ticks': 26, 'ticks_remaining': 20}
2024-09-15 14:23:51,499 : INFO : EventManager : Event: ======'timer_attract_switch_tick'====== Args={'ticks': 27, 'ticks_remaining': 19}
2024-09-15 14:23:52,500 : INFO : EventManager : Event: ======'timer_attract_switch_tick'====== Args={'ticks': 28, 'ticks_remaining': 18}
2024-09-15 14:23:53,499 : INFO : EventManager : Event: ======'timer_attract_switch_tick'====== Args={'ticks': 29, 'ticks_remaining': 17}
2024-09-15 14:23:54,498 : INFO : EventManager : Event: ======'timer_attract_switch_tick'====== Args={'ticks': 30, 'ticks_remaining': 16}
2024-09-15 14:23:55,499 : INFO : EventManager : Event: ======'timer_attract_switch_tick'====== Args={'ticks': 31, 'ticks_remaining': 15}
2024-09-15 14:23:56,499 : INFO : EventManager : Event: ======'timer_attract_switch_tick'====== Args={'ticks': 32, 'ticks_remaining': 14}
2024-09-15 14:23:57,498 : INFO : EventManager : Event: ======'timer_attract_switch_tick'====== Args={'ticks': 33, 'ticks_remaining': 13}
2024-09-15 14:23:58,499 : INFO : EventManager : Event: ======'timer_attract_switch_tick'====== Args={'ticks': 34, 'ticks_remaining': 12}
2024-09-15 14:23:59,499 : INFO : EventManager : Event: ======'timer_attract_switch_tick'====== Args={'ticks': 35, 'ticks_remaining': 11}
2024-09-15 14:24:00,499 : INFO : EventManager : Event: ======'timer_attract_switch_tick'====== Args={'ticks': 36, 'ticks_remaining': 10}
2024-09-15 14:24:01,498 : INFO : EventManager : Event: ======'timer_attract_switch_tick'====== Args={'ticks': 37, 'ticks_remaining': 9}
2024-09-15 14:24:02,499 : INFO : EventManager : Event: ======'timer_attract_switch_tick'====== Args={'ticks': 38, 'ticks_remaining': 8}
2024-09-15 14:24:02,535 : INFO : EventManager : Event: ======'slide_koth_logo_still_created'====== Args={'_from_bcp': True}
2024-09-15 14:24:02,535 : INFO : EventManager : Event: ======'slide_koth_logo_attract_inactive'====== Args={'is_removing': True, '_from_bcp': True}
2024-09-15 14:24:02,536 : INFO : EventManager : Event: ======'slide_koth_logo_still_active'====== Args={'original_context': 'attract', 'original_calling_context': 'timer_attract_switch_tick{ticks==38}', 'priority': 10.0, 'ticks': 38.0, 'ticks_remaining': 8.0, 'cmd': 'slides_play', '_from_bcp': True}
2024-09-15 14:24:02,536 : INFO : EventManager : Event: ======'slide_koth_logo_attract_removed'====== Args={'_from_bcp': True}
2024-09-15 14:24:02,547 : INFO : EventManager : Event: ======'widget_press_start_active'====== Args={'original_context': 'attract', 'original_calling_context': 'slide_koth_logo_still_active', 'priority': 20.0, 'ticks': 38.0, 'ticks_remaining': 8.0, 'cmd': 'widgets_play', '_from_bcp': True}
2024-09-15 14:24:03,498 : INFO : EventManager : Event: ======'timer_attract_switch_tick'====== Args={'ticks': 39, 'ticks_remaining': 7}
2024-09-15 14:24:04,498 : INFO : EventManager : Event: ======'timer_attract_switch_tick'====== Args={'ticks': 40, 'ticks_remaining': 6}
2024-09-15 14:24:05,499 : INFO : EventManager : Event: ======'timer_attract_switch_tick'====== Args={'ticks': 41, 'ticks_remaining': 5}
2024-09-15 14:24:06,498 : INFO : EventManager : Event: ======'timer_attract_switch_tick'====== Args={'ticks': 42, 'ticks_remaining': 4}
2024-09-15 14:24:07,499 : INFO : EventManager : Event: ======'timer_attract_switch_tick'====== Args={'ticks': 43, 'ticks_remaining': 3}
2024-09-15 14:24:08,498 : INFO : EventManager : Event: ======'timer_attract_switch_tick'====== Args={'ticks': 44, 'ticks_remaining': 2}
2024-09-15 14:24:09,498 : INFO : EventManager : Event: ======'timer_attract_switch_tick'====== Args={'ticks': 45, 'ticks_remaining': 1}
2024-09-15 14:24:10,499 : INFO : Timer.attract_switch : Timer Complete
2024-09-15 14:24:10,499 : INFO : Timer.attract_switch : Stopping Timer
2024-09-15 14:24:10,500 : INFO : EventManager : Event: ======'timer_attract_switch_stopped'====== Args={'ticks': 46, 'ticks_remaining': 1}
2024-09-15 14:24:10,500 : INFO : EventManager : Event: ======'timer_attract_switch_complete'====== Args={'ticks': 46, 'ticks_remaining': 1}
2024-09-15 14:24:10,501 : INFO : Timer.attract_switch : Starting Timer.
2024-09-15 14:24:10,502 : INFO : EventManager : Event: ======'timer_attract_switch_started'====== Args={'ticks': 0, 'ticks_remaining': 46}
2024-09-15 14:24:10,502 : INFO : EventManager : Event: ======'timer_attract_switch_tick'====== Args={'ticks': 0, 'ticks_remaining': 46}
2024-09-15 14:24:11,502 : INFO : EventManager : Event: ======'timer_attract_switch_tick'====== Args={'ticks': 1, 'ticks_remaining': 45}
2024-09-15 14:24:11,510 : INFO : EventManager : Event: ======'slide_dtp_logo_attract_created'====== Args={'_from_bcp': True}
2024-09-15 14:24:11,511 : INFO : EventManager : Event: ======'slide_koth_logo_still_inactive'====== Args={'is_removing': True, '_from_bcp': True}
2024-09-15 14:24:11,512 : INFO : EventManager : Event: ======'slide_dtp_logo_attract_active'====== Args={'original_context': 'attract', 'original_calling_context': 'timer_attract_switch_tick{ticks==1}', 'priority': 10.0, 'ticks': 1.0, 'ticks_remaining': 45.0, 'cmd': 'slides_play', '_from_bcp': True}
2024-09-15 14:24:11,513 : INFO : EventManager : Event: ======'slide_koth_logo_still_removed'====== Args={'_from_bcp': True}
2024-09-15 14:24:12,503 : INFO : EventManager : Event: ======'timer_attract_switch_tick'====== Args={'ticks': 2, 'ticks_remaining': 44}
2024-09-15 14:24:13,502 : INFO : EventManager : Event: ======'timer_attract_switch_tick'====== Args={'ticks': 3, 'ticks_remaining': 43}
2024-09-15 14:24:14,502 : INFO : EventManager : Event: ======'timer_attract_switch_tick'====== Args={'ticks': 4, 'ticks_remaining': 42}
2024-09-15 14:24:14,510 : INFO : EventManager : Event: ======'slide_high_scores_attract_created'====== Args={'_from_bcp': True}
2024-09-15 14:24:14,511 : INFO : EventManager : Event: ======'slide_dtp_logo_attract_inactive'====== Args={'is_removing': True, '_from_bcp': True}
2024-09-15 14:24:14,512 : INFO : EventManager : Event: ======'slide_high_scores_attract_active'====== Args={'original_context': 'attract', 'original_calling_context': 'timer_attract_switch_tick{ticks==4}', 'priority': 10.0, 'ticks': 4.0, 'ticks_remaining': 42.0, 'cmd': 'slides_play', '_from_bcp': True}
2024-09-15 14:24:14,512 : INFO : EventManager : Event: ======'slide_dtp_logo_attract_removed'====== Args={'_from_bcp': True}
2024-09-15 14:24:15,502 : INFO : EventManager : Event: ======'timer_attract_switch_tick'====== Args={'ticks': 5, 'ticks_remaining': 41}
2024-09-15 14:24:16,502 : INFO : EventManager : Event: ======'timer_attract_switch_tick'====== Args={'ticks': 6, 'ticks_remaining': 40}
2024-09-15 14:24:17,502 : INFO : EventManager : Event: ======'timer_attract_switch_tick'====== Args={'ticks': 7, 'ticks_remaining': 39}
2024-09-15 14:24:18,502 : INFO : EventManager : Event: ======'timer_attract_switch_tick'====== Args={'ticks': 8, 'ticks_remaining': 38}
2024-09-15 14:24:18,530 : INFO : EventManager : Event: ======'slide_koth_logo_attract_created'====== Args={'_from_bcp': True}
2024-09-15 14:24:18,530 : INFO : EventManager : Event: ======'slide_high_scores_attract_inactive'====== Args={'is_removing': True, '_from_bcp': True}
2024-09-15 14:24:18,531 : INFO : EventManager : Event: ======'slide_koth_logo_attract_active'====== Args={'original_context': 'attract', 'original_calling_context': 'timer_attract_switch_tick{ticks==8}', 'priority': 10.0, 'ticks': 8.0, 'ticks_remaining': 38.0, 'cmd': 'slides_play', '_from_bcp': True}
2024-09-15 14:24:18,531 : INFO : EventManager : Event: ======'slide_high_scores_attract_removed'====== Args={'_from_bcp': True}
2024-09-15 14:24:19,502 : INFO : EventManager : Event: ======'timer_attract_switch_tick'====== Args={'ticks': 9, 'ticks_remaining': 37}
2024-09-15 14:24:20,502 : INFO : EventManager : Event: ======'timer_attract_switch_tick'====== Args={'ticks': 10, 'ticks_remaining': 36}
2024-09-15 14:24:21,502 : INFO : EventManager : Event: ======'timer_attract_switch_tick'====== Args={'ticks': 11, 'ticks_remaining': 35}
2024-09-15 14:24:21,999 : INFO : Machine : Shutting down...
2024-09-15 14:24:21,999 : INFO : EventManager : Event: ======'shutdown'====== Args={}
2024-09-15 14:24:22,007 : INFO : root : MPF run loop ended.
