2024-07-18 21:12:48,495 : INFO : root : Loading config.
2024-07-18 21:12:48,496 : INFO : YamlMultifileConfigLoader : Machine config file #1: config.yaml
2024-07-18 21:12:48,497 : INFO : ConfigProcessor : Loading config from cache: /var/folders/sv/d29kcl5x50v7vt1n6xb5jsd40000gn/T/c166cef8060ffee16a35821bf698da85.mpf_cache
2024-07-18 21:12:48,528 : INFO : ConfigProcessor : Loading config from cache: /var/folders/sv/d29kcl5x50v7vt1n6xb5jsd40000gn/T/6b31c5ac6ecbad948994a8204ea6b05b.mpf_cache
2024-07-18 21:12:48,529 : INFO : ConfigProcessor : Loading config from cache: /var/folders/sv/d29kcl5x50v7vt1n6xb5jsd40000gn/T/fe612d1e66c8a96c19ba449d3748eeac.mpf_cache
2024-07-18 21:12:48,529 : INFO : ConfigProcessor : Loading config from cache: /var/folders/sv/d29kcl5x50v7vt1n6xb5jsd40000gn/T/6b31c5ac6ecbad948994a8204ea6b05b.mpf_cache
2024-07-18 21:12:48,529 : INFO : ConfigProcessor : Loading config from cache: /var/folders/sv/d29kcl5x50v7vt1n6xb5jsd40000gn/T/8765227693ecd961e0504502a81255e0.mpf_cache
2024-07-18 21:12:48,529 : INFO : ConfigProcessor : Loading config from cache: /var/folders/sv/d29kcl5x50v7vt1n6xb5jsd40000gn/T/b247728c74b4d81bcb2825e2b07062a7.mpf_cache
2024-07-18 21:12:48,530 : INFO : ConfigProcessor : Loading config from cache: /var/folders/sv/d29kcl5x50v7vt1n6xb5jsd40000gn/T/f240f94f0b5d0f37ec4fd7571275a101.mpf_cache
2024-07-18 21:12:48,530 : INFO : ConfigProcessor : Loading config from cache: /var/folders/sv/d29kcl5x50v7vt1n6xb5jsd40000gn/T/c4409acfdf3ec94666e0adef48d55400.mpf_cache
2024-07-18 21:12:48,530 : INFO : ConfigProcessor : Loading config from cache: /var/folders/sv/d29kcl5x50v7vt1n6xb5jsd40000gn/T/6a2f50ed892485825cc04dc0a68eab9f.mpf_cache
2024-07-18 21:12:48,530 : WARNING : ConfigProcessor : Config file in cache changed: /Users/nicktaseris/Desktop/Pinball/KOTH/modes/beat_the_surfer/config/beat_the_surfer.yaml
2024-07-18 21:12:48,530 : INFO : ConfigProcessor : Loading config from file /Users/nicktaseris/Desktop/Pinball/KOTH/modes/beat_the_surfer/config/beat_the_surfer.yaml.
2024-07-18 21:12:48,531 : INFO : ConfigProcessor : Loading config: /Users/nicktaseris/Desktop/Pinball/KOTH/modes/beat_the_surfer/config/beat_the_surfer.yaml
2024-07-18 21:12:48,531 : INFO : ConfigProcessor : Config file cache created: /var/folders/sv/d29kcl5x50v7vt1n6xb5jsd40000gn/T/d58c58eb9fd1a2dc27f8acd255fb3761.mpf_cache
2024-07-18 21:12:48,531 : INFO : ConfigProcessor : Loading config from cache: /var/folders/sv/d29kcl5x50v7vt1n6xb5jsd40000gn/T/07adfd310b3ef0e03c5cbc91527abb6c.mpf_cache
2024-07-18 21:12:48,532 : INFO : ConfigProcessor : Loading config from cache: /var/folders/sv/d29kcl5x50v7vt1n6xb5jsd40000gn/T/12bd5247c3bf989b919364bdb7829769.mpf_cache
2024-07-18 21:12:48,532 : INFO : ConfigProcessor : Loading config from cache: /var/folders/sv/d29kcl5x50v7vt1n6xb5jsd40000gn/T/362e08f51a1a1b7a0809dd52f9c83f83.mpf_cache
2024-07-18 21:12:48,532 : INFO : ConfigProcessor : Loading config from cache: /var/folders/sv/d29kcl5x50v7vt1n6xb5jsd40000gn/T/e45e3bd39557ed8d0881194a7afab8f7.mpf_cache
2024-07-18 21:12:48,532 : INFO : ConfigProcessor : Loading config from cache: /var/folders/sv/d29kcl5x50v7vt1n6xb5jsd40000gn/T/331d8d1a1bc190cae8c13495e1db372f.mpf_cache
2024-07-18 21:12:48,532 : INFO : ConfigProcessor : Loading config from cache: /var/folders/sv/d29kcl5x50v7vt1n6xb5jsd40000gn/T/d17a9ff77386e6f1439d0802ace1de07.mpf_cache
2024-07-18 21:12:48,533 : INFO : ConfigProcessor : Loading config from cache: /var/folders/sv/d29kcl5x50v7vt1n6xb5jsd40000gn/T/280fd64455d0d243a54ab4db98fbccbd.mpf_cache
2024-07-18 21:12:48,533 : INFO : ConfigProcessor : Loading config from cache: /var/folders/sv/d29kcl5x50v7vt1n6xb5jsd40000gn/T/0c0596ed8fbb40b6113901d21bdc0a39.mpf_cache
2024-07-18 21:12:48,533 : INFO : ConfigProcessor : Loading config from cache: /var/folders/sv/d29kcl5x50v7vt1n6xb5jsd40000gn/T/2982e2d98506102244e9fa0f437a9fca.mpf_cache
2024-07-18 21:12:48,533 : INFO : ConfigProcessor : Loading config from cache: /var/folders/sv/d29kcl5x50v7vt1n6xb5jsd40000gn/T/0fedc249e142fba0aaf46d9adc7061fa.mpf_cache
2024-07-18 21:12:48,534 : INFO : ConfigProcessor : Loading config from cache: /var/folders/sv/d29kcl5x50v7vt1n6xb5jsd40000gn/T/c57745b2fe399992c4aedf0209f8acc9.mpf_cache
2024-07-18 21:12:48,534 : INFO : ConfigProcessor : Loading config from cache: /var/folders/sv/d29kcl5x50v7vt1n6xb5jsd40000gn/T/3048ed2d7ea14eee3db896f6760aa474.mpf_cache
2024-07-18 21:12:48,534 : INFO : Machine : Mission Pinball Framework Core Engine v0.80.0.dev1
2024-07-18 21:12:48,534 : INFO : Machine : Command line arguments: {'no_load_cache': False, 'create_config_cache': True, 'bcp': True, 'configfile': ['config.yaml'], 'force_assets_load': False, 'platform_integration_test': False, 'jsonlogging': False, 'logfile': 'logs/2024-07-18-21-12-48-mpf-Nicks-Air.lan.log', 'pause': False, 'production': False, 'text_ui': True, 'loglevel': 15, 'consoleloglevel': 20, 'force_platform': None, 'syslog_address': None, 'mc_file_name': None, 'no_sound': False, 'full_logfile_path': '/Users/nicktaseris/Desktop/Pinball/KOTH/logs/2024-07-18-21-12-48-mpf-Nicks-Air.lan.log'}
2024-07-18 21:12:48,534 : INFO : Machine : MPF path: /Users/nicktaseris/mpfenv/lib/python3.9/site-packages/mpf
2024-07-18 21:12:48,534 : INFO : Machine : Machine path: /Users/nicktaseris/Desktop/Pinball/KOTH
2024-07-18 21:12:48,534 : INFO : Machine : Platform: darwin
2024-07-18 21:12:48,534 : INFO : Machine : Python executable location: /Users/nicktaseris/mpfenv/bin/python3
2024-07-18 21:12:48,534 : INFO : Machine : Python version: 3.9.13 (64-bit)
2024-07-18 21:12:48,535 : INFO : Machine : Initializing MPF...
2024-07-18 21:12:48,558 : INFO : EventManager : Event: ======'machine_var_credits_string'====== Args={'value': 'FREE PLAY', 'prev_value': None, 'change': True}
2024-07-18 21:12:48,564 : INFO : EventManager : Event: ======'machine_var_master_volume'====== Args={'value': 0.5, 'prev_value': None, 'change': True}
2024-07-18 21:12:48,564 : INFO : EventManager : Event: ======'machine_var_player1_score'====== Args={'value': 175300, 'prev_value': None, 'change': True}
2024-07-18 21:12:48,564 : INFO : EventManager : Event: ======'machine_var_mpf_version'====== Args={'value': 'Mission Pinball Framework v0.80.0.dev1', 'prev_value': None, 'change': True}
2024-07-18 21:12:48,564 : INFO : EventManager : Event: ======'machine_var_mpf_extended_version'====== Args={'value': 'Mission Pinball Framework v0.80.0.dev1, Config version:6, Show version: 6, BCP version:1.1', 'prev_value': None, 'change': True}
2024-07-18 21:12:48,564 : INFO : EventManager : Event: ======'machine_var_python_version'====== Args={'value': '3.9.13', 'prev_value': None, 'change': True}
2024-07-18 21:12:48,572 : INFO : EventManager : Event: ======'machine_var_platform'====== Args={'value': 'macOS-12.1-arm64-arm-64bit', 'prev_value': None, 'change': True}
2024-07-18 21:12:48,572 : INFO : EventManager : Event: ======'machine_var_platform_system'====== Args={'value': 'Darwin', 'prev_value': None, 'change': True}
2024-07-18 21:12:48,572 : INFO : EventManager : Event: ======'machine_var_platform_release'====== Args={'value': '21.2.0', 'prev_value': None, 'change': True}
2024-07-18 21:12:48,572 : INFO : EventManager : Event: ======'machine_var_platform_version'====== Args={'value': 'Darwin Kernel Version 21.2.0: Sun Nov 28 20:29:10 PST 2021; root:xnu-8019.61.5~1/RELEASE_ARM64_T8101', 'prev_value': None, 'change': True}
2024-07-18 21:12:48,573 : INFO : EventManager : Event: ======'machine_var_platform_machine'====== Args={'value': 'arm64', 'prev_value': None, 'change': True}
2024-07-18 21:12:48,573 : INFO : EventManager : Event: ======'machine_var_log_file_path'====== Args={'value': '/Users/nicktaseris/Desktop/Pinball/KOTH/logs/2024-07-18-21-12-48-mpf-Nicks-Air.lan.log', 'prev_value': None, 'change': True}
2024-07-18 21:12:48,573 : INFO : EventManager : Event: ======'init_phase_1'====== Args={}
2024-07-18 21:12:48,597 : INFO : EventManager : Event: ======'drop_target_bank_strickland_bank_up'====== Args={}
2024-07-18 21:12:48,597 : INFO : EventManager : Event: ======'init_phase_2'====== Args={}
2024-07-18 21:12:48,597 : INFO : SwitchController : Found active switch: ('39', <Platform.SmartVirtual>) <switch.s_trough1>
2024-07-18 21:12:48,598 : INFO : SwitchController : Found active switch: ('40', <Platform.SmartVirtual>) <switch.s_trough2>
2024-07-18 21:12:48,598 : INFO : SwitchController : Found active switch: ('41', <Platform.SmartVirtual>) <switch.s_trough3>
2024-07-18 21:12:48,598 : INFO : SwitchController : Found active switch: ('42', <Platform.SmartVirtual>) <switch.s_trough4>
2024-07-18 21:12:48,598 : INFO : SwitchController : Found active switch: ('43', <Platform.SmartVirtual>) <switch.s_trough5>
2024-07-18 21:12:48,598 : INFO : SwitchController : Found active switch: ('44', <Platform.SmartVirtual>) <switch.s_trough6>
2024-07-18 21:12:48,602 : INFO : EventManager : Event: ======'machine_var_score1_label'====== Args={'value': 'GRAND CHAMPION', 'prev_value': None, 'change': True}
2024-07-18 21:12:48,602 : INFO : EventManager : Event: ======'machine_var_score1_name'====== Args={'value': 'BRI', 'prev_value': None, 'change': True}
2024-07-18 21:12:48,602 : INFO : EventManager : Event: ======'machine_var_score1_value'====== Args={'value': 4242, 'prev_value': None, 'change': True}
2024-07-18 21:12:48,602 : INFO : EventManager : Event: ======'machine_var_score2_label'====== Args={'value': 'HIGH SCORE 1', 'prev_value': None, 'change': True}
2024-07-18 21:12:48,602 : INFO : EventManager : Event: ======'machine_var_score2_name'====== Args={'value': 'GHK', 'prev_value': None, 'change': True}
2024-07-18 21:12:48,602 : INFO : EventManager : Event: ======'machine_var_score2_value'====== Args={'value': 2323, 'prev_value': None, 'change': True}
2024-07-18 21:12:48,602 : INFO : EventManager : Event: ======'machine_var_score3_label'====== Args={'value': 'HIGH SCORE 2', 'prev_value': None, 'change': True}
2024-07-18 21:12:48,602 : INFO : EventManager : Event: ======'machine_var_score3_name'====== Args={'value': 'JK', 'prev_value': None, 'change': True}
2024-07-18 21:12:48,602 : INFO : EventManager : Event: ======'machine_var_score3_value'====== Args={'value': 1337, 'prev_value': None, 'change': True}
2024-07-18 21:12:48,602 : INFO : EventManager : Event: ======'machine_var_score4_label'====== Args={'value': 'HIGH SCORE 3', 'prev_value': None, 'change': True}
2024-07-18 21:12:48,602 : INFO : EventManager : Event: ======'machine_var_score4_name'====== Args={'value': 'QC', 'prev_value': None, 'change': True}
2024-07-18 21:12:48,602 : INFO : EventManager : Event: ======'machine_var_score4_value'====== Args={'value': 42, 'prev_value': None, 'change': True}
2024-07-18 21:12:48,602 : INFO : EventManager : Event: ======'machine_var_score5_label'====== Args={'value': 'HIGH SCORE 4', 'prev_value': None, 'change': True}
2024-07-18 21:12:48,602 : INFO : EventManager : Event: ======'machine_var_score5_name'====== Args={'value': 'MPF', 'prev_value': None, 'change': True}
2024-07-18 21:12:48,602 : INFO : EventManager : Event: ======'machine_var_score5_value'====== Args={'value': 23, 'prev_value': None, 'change': True}
2024-07-18 21:12:48,602 : INFO : EventManager : Event: ======'bcp_connection_attempt'====== Args={'name': 'local_display', 'host': 'localhost', 'port': 5050}
2024-07-18 21:12:48,603 : INFO : BCPClientSocket : Connecting BCP to 'local_display' at localhost:5050...
2024-07-18 21:12:48,606 : INFO : BCPClientSocket : Connected BCP to 'local_display' localhost:5050
2024-07-18 21:12:48,606 : INFO : EventManager : Event: ======'bcp_clients_connected'====== Args={}
2024-07-18 21:12:48,607 : INFO : ball_device.bd_trough : BCH: Initial count: 6
2024-07-18 21:12:48,607 : INFO : ball_device.bd_trough : State: idle
2024-07-18 21:12:48,607 : INFO : ball_device.bd_plunger : BCH: Initial count: 0
2024-07-18 21:12:48,607 : INFO : ball_device.bd_plunger : State: idle
2024-07-18 21:12:48,607 : INFO : ball_device.bd_scoop : BCH: Initial count: 0
2024-07-18 21:12:48,607 : INFO : ball_device.bd_scoop : State: idle
2024-07-18 21:12:48,612 : INFO : EventManager : Event: ======'init_phase_3'====== Args={}
2024-07-18 21:12:48,617 : INFO : EventManager : Event: ======'init_phase_4'====== Args={}
2024-07-18 21:12:48,617 : INFO : BallController : Initial balls found: 6
2024-07-18 21:12:48,618 : INFO : EventManager : Event: ======'machine_var_audits_events_game_ended'====== Args={'value': 4, 'prev_value': None, 'change': True}
2024-07-18 21:12:48,618 : INFO : EventManager : Event: ======'machine_var_audits_events_game_started'====== Args={'value': 479, 'prev_value': None, 'change': True}
2024-07-18 21:12:48,618 : INFO : EventManager : Event: ======'machine_var_audits_missing_switches_s_a_target'====== Args={'value': 4, 'prev_value': None, 'change': True}
2024-07-18 21:12:48,618 : INFO : EventManager : Event: ======'machine_var_audits_missing_switches_s_bottom_inline_drop'====== Args={'value': 26, 'prev_value': None, 'change': True}
2024-07-18 21:12:48,618 : INFO : EventManager : Event: ======'machine_var_audits_missing_switches_s_bottom_pop_bumper'====== Args={'value': 38, 'prev_value': None, 'change': True}
2024-07-18 21:12:48,618 : INFO : EventManager : Event: ======'machine_var_audits_missing_switches_s_center_spinner'====== Args={'value': 16, 'prev_value': None, 'change': True}
2024-07-18 21:12:48,618 : INFO : EventManager : Event: ======'machine_var_audits_missing_switches_s_e_target'====== Args={'value': 1, 'prev_value': None, 'change': True}
2024-07-18 21:12:48,618 : INFO : EventManager : Event: ======'machine_var_audits_missing_switches_s_launch_button'====== Args={'value': 4, 'prev_value': None, 'change': True}
2024-07-18 21:12:48,619 : INFO : EventManager : Event: ======'machine_var_audits_missing_switches_s_left_flipper'====== Args={'value': 30, 'prev_value': None, 'change': True}
2024-07-18 21:12:48,619 : INFO : EventManager : Event: ======'machine_var_audits_missing_switches_s_left_inlane'====== Args={'value': 28, 'prev_value': None, 'change': True}
2024-07-18 21:12:48,619 : INFO : EventManager : Event: ======'machine_var_audits_missing_switches_s_left_inner_horseshoe'====== Args={'value': 113, 'prev_value': None, 'change': True}
2024-07-18 21:12:48,619 : INFO : EventManager : Event: ======'machine_var_audits_missing_switches_s_left_orbit_enter'====== Args={'value': 47, 'prev_value': None, 'change': True}
2024-07-18 21:12:48,619 : INFO : EventManager : Event: ======'machine_var_audits_missing_switches_s_left_orbit_exit'====== Args={'value': 235, 'prev_value': None, 'change': True}
2024-07-18 21:12:48,619 : INFO : EventManager : Event: ======'machine_var_audits_missing_switches_s_left_outlane'====== Args={'value': 16, 'prev_value': None, 'change': True}
2024-07-18 21:12:48,619 : INFO : EventManager : Event: ======'machine_var_audits_missing_switches_s_left_pop_bumper'====== Args={'value': 38, 'prev_value': None, 'change': True}
2024-07-18 21:12:48,619 : INFO : EventManager : Event: ======'machine_var_audits_missing_switches_s_left_ramp_enter'====== Args={'value': 28, 'prev_value': None, 'change': True}
2024-07-18 21:12:48,619 : INFO : EventManager : Event: ======'machine_var_audits_missing_switches_s_left_ramp_exit'====== Args={'value': 28, 'prev_value': None, 'change': True}
2024-07-18 21:12:48,619 : INFO : EventManager : Event: ======'machine_var_audits_missing_switches_s_left_ramp_standup'====== Args={'value': 4, 'prev_value': None, 'change': True}
2024-07-18 21:12:48,619 : INFO : EventManager : Event: ======'machine_var_audits_missing_switches_s_left_rollover_lane'====== Args={'value': 8, 'prev_value': None, 'change': True}
2024-07-18 21:12:48,619 : INFO : EventManager : Event: ======'machine_var_audits_missing_switches_s_left_sling'====== Args={'value': 129, 'prev_value': None, 'change': True}
2024-07-18 21:12:48,619 : INFO : EventManager : Event: ======'machine_var_audits_missing_switches_s_left_spinner'====== Args={'value': 47, 'prev_value': None, 'change': True}
2024-07-18 21:12:48,619 : INFO : EventManager : Event: ======'machine_var_audits_missing_switches_s_middle_inline_drop'====== Args={'value': 26, 'prev_value': None, 'change': True}
2024-07-18 21:12:48,619 : INFO : EventManager : Event: ======'machine_var_audits_missing_switches_s_middle_rollover_lane'====== Args={'value': 8, 'prev_value': None, 'change': True}
2024-07-18 21:12:48,620 : INFO : EventManager : Event: ======'machine_var_audits_missing_switches_s_n_target'====== Args={'value': 7, 'prev_value': None, 'change': True}
2024-07-18 21:12:48,620 : INFO : EventManager : Event: ======'machine_var_audits_missing_switches_s_p2_target'====== Args={'value': 9, 'prev_value': None, 'change': True}
2024-07-18 21:12:48,620 : INFO : EventManager : Event: ======'machine_var_audits_missing_switches_s_p_target'====== Args={'value': 27, 'prev_value': None, 'change': True}
2024-07-18 21:12:48,620 : INFO : EventManager : Event: ======'machine_var_audits_missing_switches_s_r_target'====== Args={'value': 5, 'prev_value': None, 'change': True}
2024-07-18 21:12:48,620 : INFO : EventManager : Event: ======'machine_var_audits_missing_switches_s_right_flipper'====== Args={'value': 28, 'prev_value': None, 'change': True}
2024-07-18 21:12:48,620 : INFO : EventManager : Event: ======'machine_var_audits_missing_switches_s_right_inlane'====== Args={'value': 28, 'prev_value': None, 'change': True}
2024-07-18 21:12:48,620 : INFO : EventManager : Event: ======'machine_var_audits_missing_switches_s_right_inner_horseshoe'====== Args={'value': 120, 'prev_value': None, 'change': True}
2024-07-18 21:12:48,620 : INFO : EventManager : Event: ======'machine_var_audits_missing_switches_s_right_orbit_exit'====== Args={'value': 222, 'prev_value': None, 'change': True}
2024-07-18 21:12:48,620 : INFO : EventManager : Event: ======'machine_var_audits_missing_switches_s_right_outlane'====== Args={'value': 28, 'prev_value': None, 'change': True}
2024-07-18 21:12:48,620 : INFO : EventManager : Event: ======'machine_var_audits_missing_switches_s_right_pop_bumper'====== Args={'value': 38, 'prev_value': None, 'change': True}
2024-07-18 21:12:48,620 : INFO : EventManager : Event: ======'machine_var_audits_missing_switches_s_right_ramp_enter'====== Args={'value': 184, 'prev_value': None, 'change': True}
2024-07-18 21:12:48,621 : INFO : EventManager : Event: ======'machine_var_audits_missing_switches_s_right_ramp_exit'====== Args={'value': 184, 'prev_value': None, 'change': True}
2024-07-18 21:12:48,621 : INFO : EventManager : Event: ======'machine_var_audits_missing_switches_s_right_ramp_standup'====== Args={'value': 26, 'prev_value': None, 'change': True}
2024-07-18 21:12:48,621 : INFO : EventManager : Event: ======'machine_var_audits_missing_switches_s_right_rollover_lane'====== Args={'value': 8, 'prev_value': None, 'change': True}
2024-07-18 21:12:48,621 : INFO : EventManager : Event: ======'machine_var_audits_missing_switches_s_right_sling'====== Args={'value': 430, 'prev_value': None, 'change': True}
2024-07-18 21:12:48,621 : INFO : EventManager : Event: ======'machine_var_audits_missing_switches_s_top_inline_drop'====== Args={'value': 35, 'prev_value': None, 'change': True}
2024-07-18 21:12:48,621 : INFO : EventManager : Event: ======'machine_var_audits_missing_switches_s_trough1'====== Args={'value': 4, 'prev_value': None, 'change': True}
2024-07-18 21:12:48,621 : INFO : EventManager : Event: ======'machine_var_audits_missing_switches_s_trough2'====== Args={'value': 16, 'prev_value': None, 'change': True}
2024-07-18 21:12:48,621 : INFO : EventManager : Event: ======'machine_var_audits_missing_switches_s_trough3'====== Args={'value': 16, 'prev_value': None, 'change': True}
2024-07-18 21:12:48,621 : INFO : EventManager : Event: ======'machine_var_audits_missing_switches_s_trough4'====== Args={'value': 434, 'prev_value': None, 'change': True}
2024-07-18 21:12:48,621 : INFO : EventManager : Event: ======'machine_var_audits_missing_switches_s_trough5'====== Args={'value': 434, 'prev_value': None, 'change': True}
2024-07-18 21:12:48,621 : INFO : EventManager : Event: ======'machine_var_audits_missing_switches_s_trough6'====== Args={'value': 434, 'prev_value': None, 'change': True}
2024-07-18 21:12:48,622 : INFO : EventManager : Event: ======'machine_var_audits_missing_switches_s_trough_jam'====== Args={'value': 367, 'prev_value': None, 'change': True}
2024-07-18 21:12:48,622 : INFO : EventManager : Event: ======'machine_var_audits_player_score'====== Args={'value': {'average': 109379, 'top': [370600, 175300, 400, 300, 250], 'total': 5}, 'prev_value': None, 'change': True}
2024-07-18 21:12:48,622 : INFO : EventManager : Event: ======'machine_var_audits_shots_a_rollover_lane'====== Args={'value': 7, 'prev_value': None, 'change': True}
2024-07-18 21:12:48,622 : INFO : EventManager : Event: ======'machine_var_audits_shots_a_target'====== Args={'value': 7, 'prev_value': None, 'change': True}
2024-07-18 21:12:48,622 : INFO : EventManager : Event: ======'machine_var_audits_shots_e_target'====== Args={'value': 3, 'prev_value': None, 'change': True}
2024-07-18 21:12:48,622 : INFO : EventManager : Event: ======'machine_var_audits_shots_h_rollover_lane'====== Args={'value': 9, 'prev_value': None, 'change': True}
2024-07-18 21:12:48,622 : INFO : EventManager : Event: ======'machine_var_audits_shots_k_rollover_lane'====== Args={'value': 7, 'prev_value': None, 'change': True}
2024-07-18 21:12:48,622 : INFO : EventManager : Event: ======'machine_var_audits_shots_left_rollover_lane'====== Args={'value': 183, 'prev_value': None, 'change': True}
2024-07-18 21:12:48,622 : INFO : EventManager : Event: ======'machine_var_audits_shots_middle_rollover_lane'====== Args={'value': 177, 'prev_value': None, 'change': True}
2024-07-18 21:12:48,623 : INFO : EventManager : Event: ======'machine_var_audits_shots_n_rollover_lane'====== Args={'value': 7, 'prev_value': None, 'change': True}
2024-07-18 21:12:48,623 : INFO : EventManager : Event: ======'machine_var_audits_shots_n_target'====== Args={'value': 9, 'prev_value': None, 'change': True}
2024-07-18 21:12:48,623 : INFO : EventManager : Event: ======'machine_var_audits_shots_o_target'====== Args={'value': 4, 'prev_value': None, 'change': True}
2024-07-18 21:12:48,623 : INFO : EventManager : Event: ======'machine_var_audits_shots_p2_target'====== Args={'value': 5, 'prev_value': None, 'change': True}
2024-07-18 21:12:48,623 : INFO : EventManager : Event: ======'machine_var_audits_shots_p_target'====== Args={'value': 8, 'prev_value': None, 'change': True}
2024-07-18 21:12:48,623 : INFO : EventManager : Event: ======'machine_var_audits_shots_qualify_o_target'====== Args={'value': 87, 'prev_value': None, 'change': True}
2024-07-18 21:12:48,623 : INFO : EventManager : Event: ======'machine_var_audits_shots_qualify_p_target'====== Args={'value': 78, 'prev_value': None, 'change': True}
2024-07-18 21:12:48,623 : INFO : EventManager : Event: ======'machine_var_audits_shots_qualify_r_target'====== Args={'value': 101, 'prev_value': None, 'change': True}
2024-07-18 21:12:48,624 : INFO : EventManager : Event: ======'machine_var_audits_shots_r_target'====== Args={'value': 14, 'prev_value': None, 'change': True}
2024-07-18 21:12:48,624 : INFO : EventManager : Event: ======'machine_var_audits_shots_right_rollover_lane'====== Args={'value': 182, 'prev_value': None, 'change': True}
2024-07-18 21:12:48,624 : INFO : EventManager : Event: ======'machine_var_audits_shots_skillshot_a_target'====== Args={'value': 61, 'prev_value': None, 'change': True}
2024-07-18 21:12:48,624 : INFO : EventManager : Event: ======'machine_var_audits_shots_skillshot_e_target'====== Args={'value': 45, 'prev_value': None, 'change': True}
2024-07-18 21:12:48,624 : INFO : EventManager : Event: ======'machine_var_audits_shots_skillshot_n_target'====== Args={'value': 43, 'prev_value': None, 'change': True}
2024-07-18 21:12:48,624 : INFO : EventManager : Event: ======'machine_var_audits_shots_skillshot_o_target'====== Args={'value': 27, 'prev_value': None, 'change': True}
2024-07-18 21:12:48,624 : INFO : EventManager : Event: ======'machine_var_audits_shots_skillshot_p2_target'====== Args={'value': 21, 'prev_value': None, 'change': True}
2024-07-18 21:12:48,625 : INFO : EventManager : Event: ======'machine_var_audits_shots_skillshot_p_target'====== Args={'value': 29, 'prev_value': None, 'change': True}
2024-07-18 21:12:48,625 : INFO : EventManager : Event: ======'machine_var_audits_shots_skillshot_r_target'====== Args={'value': 20, 'prev_value': None, 'change': True}
2024-07-18 21:12:48,625 : INFO : EventManager : Event: ======'machine_var_audits_switches_s_a_target'====== Args={'value': 110, 'prev_value': None, 'change': True}
2024-07-18 21:12:48,625 : INFO : EventManager : Event: ======'machine_var_audits_switches_s_bottom_inline_drop'====== Args={'value': 684, 'prev_value': None, 'change': True}
2024-07-18 21:12:48,625 : INFO : EventManager : Event: ======'machine_var_audits_switches_s_bottom_pop_bumper'====== Args={'value': 10, 'prev_value': None, 'change': True}
2024-07-18 21:12:48,625 : INFO : EventManager : Event: ======'machine_var_audits_switches_s_center_spinner'====== Args={'value': 97, 'prev_value': None, 'change': True}
2024-07-18 21:12:48,625 : INFO : EventManager : Event: ======'machine_var_audits_switches_s_e_target'====== Args={'value': 115, 'prev_value': None, 'change': True}
2024-07-18 21:12:48,625 : INFO : EventManager : Event: ======'machine_var_audits_switches_s_launch_button'====== Args={'value': 9, 'prev_value': None, 'change': True}
2024-07-18 21:12:48,626 : INFO : EventManager : Event: ======'machine_var_audits_switches_s_left_flipper'====== Args={'value': 198, 'prev_value': None, 'change': True}
2024-07-18 21:12:48,626 : INFO : EventManager : Event: ======'machine_var_audits_switches_s_left_inlane'====== Args={'value': 18, 'prev_value': None, 'change': True}
2024-07-18 21:12:48,626 : INFO : EventManager : Event: ======'machine_var_audits_switches_s_left_inner_horseshoe'====== Args={'value': 15, 'prev_value': None, 'change': True}
2024-07-18 21:12:48,626 : INFO : EventManager : Event: ======'machine_var_audits_switches_s_left_orbit_enter'====== Args={'value': 22, 'prev_value': None, 'change': True}
2024-07-18 21:12:48,626 : INFO : EventManager : Event: ======'machine_var_audits_switches_s_left_orbit_exit'====== Args={'value': 13, 'prev_value': None, 'change': True}
2024-07-18 21:12:48,626 : INFO : EventManager : Event: ======'machine_var_audits_switches_s_left_outlane'====== Args={'value': 35, 'prev_value': None, 'change': True}
2024-07-18 21:12:48,626 : INFO : EventManager : Event: ======'machine_var_audits_switches_s_left_pop_bumper'====== Args={'value': 9, 'prev_value': None, 'change': True}
2024-07-18 21:12:48,627 : INFO : EventManager : Event: ======'machine_var_audits_switches_s_left_ramp_enter'====== Args={'value': 20, 'prev_value': None, 'change': True}
2024-07-18 21:12:48,627 : INFO : EventManager : Event: ======'machine_var_audits_switches_s_left_ramp_exit'====== Args={'value': 5, 'prev_value': None, 'change': True}
2024-07-18 21:12:48,627 : INFO : EventManager : Event: ======'machine_var_audits_switches_s_left_ramp_standup'====== Args={'value': 778, 'prev_value': None, 'change': True}
2024-07-18 21:12:48,627 : INFO : EventManager : Event: ======'machine_var_audits_switches_s_left_rollover_lane'====== Args={'value': 188, 'prev_value': None, 'change': True}
2024-07-18 21:12:48,627 : INFO : EventManager : Event: ======'machine_var_audits_switches_s_left_sling'====== Args={'value': 12, 'prev_value': None, 'change': True}
2024-07-18 21:12:48,627 : INFO : EventManager : Event: ======'machine_var_audits_switches_s_left_spinner'====== Args={'value': 116, 'prev_value': None, 'change': True}
2024-07-18 21:12:48,627 : INFO : EventManager : Event: ======'machine_var_audits_switches_s_middle_inline_drop'====== Args={'value': 695, 'prev_value': None, 'change': True}
2024-07-18 21:12:48,628 : INFO : EventManager : Event: ======'machine_var_audits_switches_s_middle_rollover_lane'====== Args={'value': 180, 'prev_value': None, 'change': True}
2024-07-18 21:12:48,628 : INFO : EventManager : Event: ======'machine_var_audits_switches_s_n_target'====== Args={'value': 104, 'prev_value': None, 'change': True}
2024-07-18 21:12:48,628 : INFO : EventManager : Event: ======'machine_var_audits_switches_s_o_target'====== Args={'value': 134, 'prev_value': None, 'change': True}
2024-07-18 21:12:48,628 : INFO : EventManager : Event: ======'machine_var_audits_switches_s_p2_target'====== Args={'value': 46, 'prev_value': None, 'change': True}
2024-07-18 21:12:48,628 : INFO : EventManager : Event: ======'machine_var_audits_switches_s_p_target'====== Args={'value': 299, 'prev_value': None, 'change': True}
2024-07-18 21:12:48,628 : INFO : EventManager : Event: ======'machine_var_audits_switches_s_plunger'====== Args={'value': 585, 'prev_value': None, 'change': True}
2024-07-18 21:12:48,629 : INFO : EventManager : Event: ======'machine_var_audits_switches_s_plunger_lane'====== Args={'value': 39, 'prev_value': None, 'change': True}
2024-07-18 21:12:48,629 : INFO : EventManager : Event: ======'machine_var_audits_switches_s_plunger_lane_exit'====== Args={'value': 369, 'prev_value': None, 'change': True}
2024-07-18 21:12:48,629 : INFO : EventManager : Event: ======'machine_var_audits_switches_s_r_target'====== Args={'value': 141, 'prev_value': None, 'change': True}
2024-07-18 21:12:48,629 : INFO : EventManager : Event: ======'machine_var_audits_switches_s_right_flipper'====== Args={'value': 536, 'prev_value': None, 'change': True}
2024-07-18 21:12:48,629 : INFO : EventManager : Event: ======'machine_var_audits_switches_s_right_inlane'====== Args={'value': 16, 'prev_value': None, 'change': True}
2024-07-18 21:12:48,629 : INFO : EventManager : Event: ======'machine_var_audits_switches_s_right_inner_horseshoe'====== Args={'value': 8, 'prev_value': None, 'change': True}
2024-07-18 21:12:48,630 : INFO : EventManager : Event: ======'machine_var_audits_switches_s_right_orbit_exit'====== Args={'value': 33, 'prev_value': None, 'change': True}
2024-07-18 21:12:48,630 : INFO : EventManager : Event: ======'machine_var_audits_switches_s_right_outlane'====== Args={'value': 15, 'prev_value': None, 'change': True}
2024-07-18 21:12:48,630 : INFO : EventManager : Event: ======'machine_var_audits_switches_s_right_pop_bumper'====== Args={'value': 17, 'prev_value': None, 'change': True}
2024-07-18 21:12:48,630 : INFO : EventManager : Event: ======'machine_var_audits_switches_s_right_ramp_enter'====== Args={'value': 1, 'prev_value': None, 'change': True}
2024-07-18 21:12:48,630 : INFO : EventManager : Event: ======'machine_var_audits_switches_s_right_ramp_exit'====== Args={'value': 1, 'prev_value': None, 'change': True}
2024-07-18 21:12:48,631 : INFO : EventManager : Event: ======'machine_var_audits_switches_s_right_ramp_standup'====== Args={'value': 217, 'prev_value': None, 'change': True}
2024-07-18 21:12:48,631 : INFO : EventManager : Event: ======'machine_var_audits_switches_s_right_rollover_lane'====== Args={'value': 196, 'prev_value': None, 'change': True}
2024-07-18 21:12:48,631 : INFO : EventManager : Event: ======'machine_var_audits_switches_s_right_sling'====== Args={'value': 1, 'prev_value': None, 'change': True}
2024-07-18 21:12:48,631 : INFO : EventManager : Event: ======'machine_var_audits_switches_s_scoop'====== Args={'value': 107, 'prev_value': None, 'change': True}
2024-07-18 21:12:48,631 : INFO : EventManager : Event: ======'machine_var_audits_switches_s_start'====== Args={'value': 307, 'prev_value': None, 'change': True}
2024-07-18 21:12:48,631 : INFO : EventManager : Event: ======'machine_var_audits_switches_s_top_inline_drop'====== Args={'value': 40, 'prev_value': None, 'change': True}
2024-07-18 21:12:48,632 : INFO : EventManager : Event: ======'machine_var_audits_switches_s_trough1'====== Args={'value': 362, 'prev_value': None, 'change': True}
2024-07-18 21:12:48,632 : INFO : EventManager : Event: ======'machine_var_audits_switches_s_trough2'====== Args={'value': 26, 'prev_value': None, 'change': True}
2024-07-18 21:12:48,632 : INFO : EventManager : Event: ======'machine_var_audits_switches_s_trough3'====== Args={'value': 6, 'prev_value': None, 'change': True}
2024-07-18 21:12:48,632 : INFO : EventManager : Event: ======'machine_var_audits_switches_s_trough4'====== Args={'value': 2, 'prev_value': None, 'change': True}
2024-07-18 21:12:48,632 : INFO : EventManager : Event: ======'machine_var_audits_switches_s_trough5'====== Args={'value': 2, 'prev_value': None, 'change': True}
2024-07-18 21:12:48,632 : INFO : EventManager : Event: ======'machine_var_audits_switches_s_trough6'====== Args={'value': 1, 'prev_value': None, 'change': True}
2024-07-18 21:12:48,633 : INFO : EventManager : Event: ======'machine_var_audits_switches_s_trough_jam'====== Args={'value': 5, 'prev_value': None, 'change': True}
2024-07-18 21:12:48,633 : INFO : EventManager : Event: ======'init_phase_5'====== Args={}
2024-07-18 21:12:48,635 : INFO : EventManager : Event: ======'init_done'====== Args={}
2024-07-18 21:12:48,636 : INFO : EventManager : Event: ======'machine_reset_phase_1'====== Args={}
2024-07-18 21:12:48,639 : INFO : BcpServer : New client connected.
2024-07-18 21:12:48,645 : INFO : EventManager : Event: ======'machine_reset_phase_2'====== Args={}
2024-07-18 21:12:48,646 : INFO : EventManager : Event: ======'machine_reset_phase_3'====== Args={}
2024-07-18 21:12:48,646 : INFO : drop_target_bank.strickland_bank : All targets are already up. Will not reset bank.
2024-07-18 21:12:48,646 : INFO : EventManager : Event: ======'reset_complete'====== Args={}
2024-07-18 21:12:48,646 : INFO : EventManager : Event: ======'mode_attract_will_start'====== Args={}
2024-07-18 21:12:48,646 : INFO : Timer.attract_switch : Starting Timer.
2024-07-18 21:12:48,646 : INFO : EventManager : Event: ======'timer_attract_switch_started'====== Args={'ticks': 0, 'ticks_remaining': 45}
2024-07-18 21:12:48,646 : INFO : EventManager : Event: ======'timer_attract_switch_tick'====== Args={'ticks': 0, 'ticks_remaining': 45}
2024-07-18 21:12:48,647 : INFO : EventManager : Event: ======'mode_attract_starting'====== Args={}
2024-07-18 21:12:48,647 : INFO : Mode.attract : Started. Priority: 10
2024-07-18 21:12:48,647 : INFO : EventManager : Event: ======'modes_active_modes_changed'====== Args={}
2024-07-18 21:12:48,647 : INFO : EventManager : Event: ======'mode_attract_started'====== Args={}
2024-07-18 21:12:48,648 : INFO : EventManager : Event: ======'collecting_balls_complete'====== Args={}
2024-07-18 21:12:48,648 : INFO : Machine : Starting the main run loop.
2024-07-18 21:12:49,552 : INFO : SwitchController : <<<<<<< 's_start' active >>>>>>>
2024-07-18 21:12:49,648 : INFO : EventManager : Event: ======'timer_attract_switch_tick'====== Args={'ticks': 1, 'ticks_remaining': 44}
2024-07-18 21:12:49,664 : INFO : SwitchController : <<<<<<< 's_start' inactive >>>>>>>
2024-07-18 21:12:49,664 : INFO : EventManager : Event: ======'request_to_start_game'====== Args={}
2024-07-18 21:12:49,667 : INFO : EventManager : Event: ======'game_start'====== Args={'buttons': [], 'hold_time': 0.11159862500000006}
2024-07-18 21:12:49,667 : INFO : EventManager : Event: ======'mode_game_will_start'====== Args={'buttons': [], 'hold_time': 0.11159862500000006}
2024-07-18 21:12:49,670 : INFO : EventManager : Event: ======'mode_game_starting'====== Args={'buttons': [], 'hold_time': 0.11159862500000006}
2024-07-18 21:12:49,670 : INFO : EventManager : Event: ======'mode_attract_will_stop'====== Args={}
2024-07-18 21:12:49,671 : INFO : EventManager : Event: ======'mode_attract_stopping'====== Args={}
2024-07-18 21:12:49,671 : INFO : Mode.attract : Stopped.
2024-07-18 21:12:49,671 : INFO : EventManager : Event: ======'modes_active_modes_changed'====== Args={}
2024-07-18 21:12:49,672 : INFO : EventManager : Event: ======'mode_attract_stopped'====== Args={}
2024-07-18 21:12:49,672 : INFO : EventManager : Event: ======'clear'====== Args={'key': 'attract'}
2024-07-18 21:12:49,672 : INFO : Timer.attract_switch : Stopping Timer
2024-07-18 21:12:49,673 : INFO : EventManager : Event: ======'timer_attract_switch_stopped'====== Args={'ticks': 1, 'ticks_remaining': 44}
2024-07-18 21:12:49,673 : INFO : Mode.game : Started. Priority: 20
2024-07-18 21:12:49,673 : INFO : EventManager : Event: ======'modes_active_modes_changed'====== Args={}
2024-07-18 21:12:49,673 : INFO : EventManager : Event: ======'mode_game_started'====== Args={'buttons': [], 'hold_time': 0.11159862500000006}
2024-07-18 21:12:49,674 : INFO : EventManager : Event: ======'slide__removed'====== Args={'_from_bcp': True}
2024-07-18 21:12:49,674 : INFO : EventManager : Event: ======'game_will_start'====== Args={}
2024-07-18 21:12:49,675 : INFO : EventManager : Event: ======'game_starting'====== Args={'game': <Mode.game>}
2024-07-18 21:12:49,676 : INFO : EventManager : Unordered handler for class <Auditor> on event game_ended with priority 1. Handlers: [RegisteredHandler(callback=<bound method Auditor.disable of <Auditor>>, priority=1, kwargs={}, key=UUID('d160cb88-84f5-4648-88c5-bd1f8a9facf1'), condition=None, blocking_facility=None), RegisteredHandler(callback=<bound method Auditor._save_audits of <Auditor>>, priority=1, kwargs={}, key=UUID('3ad592de-21db-40ef-a541-f51c5acdec79'), condition=None, blocking_facility=None)]. The order of those handlers is not defined and they will be executed in random order. This might lead to race conditions and potential bugs.
2024-07-18 21:12:49,676 : INFO : EventManager : Event: ======'player_add_request'====== Args={}
2024-07-18 21:12:49,685 : INFO : EventManager : Event: ======'player_will_add'====== Args={'number': 1}
2024-07-18 21:12:49,686 : INFO : EventManager : Event: ======'player_adding'====== Args={'player': <Player 1>, 'number': 1}
2024-07-18 21:12:49,686 : INFO : EventManager : Event: ======'player_added'====== Args={'player': <Player 1>, 'num': 1}
2024-07-18 21:12:49,686 : INFO : Mode.game : Player added successfully. Total players: 1
2024-07-18 21:12:49,687 : INFO : EventManager : Event: ======'player_index'====== Args={'value': 0, 'prev_value': 0, 'change': 0, 'player_num': 1}
2024-07-18 21:12:49,687 : INFO : EventManager : Event: ======'player_number'====== Args={'value': 1, 'prev_value': 1, 'change': 0, 'player_num': 1}
2024-07-18 21:12:49,687 : INFO : EventManager : Event: ======'player_score'====== Args={'value': 0, 'prev_value': 0, 'change': 0, 'player_num': 1}
2024-07-18 21:12:49,688 : INFO : EventManager : Event: ======'game_started'====== Args={}
2024-07-18 21:12:49,689 : INFO : EventManager : Event: ======'player_turn_will_start'====== Args={'player': <Player 1>, 'number': 1}
2024-07-18 21:12:49,689 : INFO : EventManager : Event: ======'slide_dtp_logo_attract_created'====== Args={'_from_bcp': True}
2024-07-18 21:12:49,690 : INFO : EventManager : Event: ======'slide_dtp_logo_attract_active'====== Args={'original_context': 'attract', 'original_calling_context': 'timer_attract_switch_tick{ticks==1}', 'cmd': 'slides_play', '_from_bcp': True}
2024-07-18 21:12:49,696 : INFO : EventManager : Event: ======'player_turn_starting'====== Args={'player': <Player 1>, 'number': 1}
2024-07-18 21:12:49,698 : INFO : EventManager : Event: ======'player_ball'====== Args={'value': 1, 'prev_value': 0, 'change': 1, 'player_num': 1}
2024-07-18 21:12:49,698 : INFO : EventManager : Event: ======'player_turn_started'====== Args={'player': <Player 1>, 'number': 1}
2024-07-18 21:12:49,705 : INFO : EventManager : Event: ======'ball_will_start'====== Args={'player': 1, 'ball': 1, 'balls_remaining': 2, 'is_extra_ball': False}
2024-07-18 21:12:49,705 : INFO : EventManager : Event: ======'ball_starting'====== Args={'player': 1, 'ball': 1, 'balls_remaining': 2, 'is_extra_ball': False}
2024-07-18 21:12:49,706 : INFO : EventManager : Event: ======'mode_skillshot_will_start'====== Args={'queue': <QueuedEvent>, 'player': 1, 'ball': 1, 'balls_remaining': 2, 'is_extra_ball': False}
2024-07-18 21:12:49,706 : INFO : EventManager : Event: ======'skillshot_complete'====== Args={'state': 'None'}
2024-07-18 21:12:49,706 : INFO : EventManager : Event: ======'skillshot_None_complete'====== Args={}
2024-07-18 21:12:49,707 : INFO : EventManager : Event: ======'player_shot_skillshot_p_target_enabled'====== Args={'value': True, 'prev_value': 0, 'change': 1, 'player_num': 1}
2024-07-18 21:12:49,707 : INFO : EventManager : Event: ======'player_shot_skillshot_r_target_enabled'====== Args={'value': True, 'prev_value': 0, 'change': 1, 'player_num': 1}
2024-07-18 21:12:49,708 : INFO : EventManager : Event: ======'player_shot_skillshot_o_target_enabled'====== Args={'value': True, 'prev_value': 0, 'change': 1, 'player_num': 1}
2024-07-18 21:12:49,709 : INFO : EventManager : Event: ======'player_shot_skillshot_p2_target_enabled'====== Args={'value': True, 'prev_value': 0, 'change': 1, 'player_num': 1}
2024-07-18 21:12:49,709 : INFO : EventManager : Event: ======'player_shot_skillshot_a_target_enabled'====== Args={'value': True, 'prev_value': 0, 'change': 1, 'player_num': 1}
2024-07-18 21:12:49,709 : INFO : EventManager : Event: ======'player_shot_skillshot_n_target_enabled'====== Args={'value': True, 'prev_value': 0, 'change': 1, 'player_num': 1}
2024-07-18 21:12:49,710 : INFO : EventManager : Event: ======'player_shot_skillshot_e_target_enabled'====== Args={'value': True, 'prev_value': 0, 'change': 1, 'player_num': 1}
2024-07-18 21:12:49,710 : INFO : EventManager : Event: ======'player_skillshot_skillshot_rotate_tick'====== Args={'value': 0, 'prev_value': 0, 'change': 0, 'player_num': 1}
2024-07-18 21:12:49,711 : INFO : Timer.skillshot_rotate : Starting Timer.
2024-07-18 21:12:49,711 : INFO : EventManager : Event: ======'timer_skillshot_rotate_started'====== Args={'ticks': 0, 'ticks_remaining': 0}
2024-07-18 21:12:49,711 : INFO : EventManager : Event: ======'timer_skillshot_rotate_tick'====== Args={'ticks': 0, 'ticks_remaining': 0}
2024-07-18 21:12:49,713 : INFO : EventManager : Event: ======'mode_skillshot_starting'====== Args={'queue': <QueuedEvent>, 'player': 1, 'ball': 1, 'balls_remaining': 2, 'is_extra_ball': False}
2024-07-18 21:12:49,713 : INFO : drop_target_bank.strickland_bank : All targets are already up. Will not reset bank.
2024-07-18 21:12:49,713 : INFO : EventManager : Event: ======'cmd_flippers_enable'====== Args={'priority': 0}
2024-07-18 21:12:49,713 : INFO : EventManager : Event: ======'cmd_autofire_coils_enable'====== Args={'priority': 0}
2024-07-18 21:12:49,713 : INFO : EventManager : Event: ======'cmd_drop_targets_reset'====== Args={'priority': 0}
2024-07-18 21:12:49,713 : INFO : Mode.skillshot : Started. Priority: 200
2024-07-18 21:12:49,713 : INFO : EventManager : Event: ======'modes_active_modes_changed'====== Args={}
2024-07-18 21:12:49,713 : INFO : EventManager : Event: ======'mode_skillshot_started'====== Args={'queue': <QueuedEvent>, 'player': 1, 'ball': 1, 'balls_remaining': 2, 'is_extra_ball': False}
2024-07-18 21:12:49,714 : INFO : EventManager : Event: ======'player_shot_skillshot_p_target'====== Args={'value': 1, 'prev_value': 0, 'change': 1, 'player_num': 1}
2024-07-18 21:12:49,715 : INFO : EventManager : Event: ======'balls_in_play'====== Args={'balls': 1}
2024-07-18 21:12:49,715 : INFO : EventManager : Event: ======'ball_started'====== Args={'player': 1, 'ball': 1, 'balls_remaining': 2, 'is_extra_ball': False}
2024-07-18 21:12:49,716 : INFO : EventManager : Event: ======'mode_rainey_multiball_will_start'====== Args={'player': 1, 'ball': 1, 'balls_remaining': 2, 'is_extra_ball': False}
2024-07-18 21:12:49,716 : INFO : EventManager : Event: ======'mode_rainey_multiball_starting'====== Args={'player': 1, 'ball': 1, 'balls_remaining': 2, 'is_extra_ball': False}
2024-07-18 21:12:49,716 : INFO : EventManager : Event: ======'mode_hank_rollover_will_start'====== Args={'player': 1, 'ball': 1, 'balls_remaining': 2, 'is_extra_ball': False}
2024-07-18 21:12:49,717 : INFO : EventManager : Event: ======'player_shot_h_rollover_lane_enabled'====== Args={'value': True, 'prev_value': 0, 'change': 1, 'player_num': 1}
2024-07-18 21:12:49,717 : INFO : EventManager : Event: ======'player_shot_a_rollover_lane_enabled'====== Args={'value': True, 'prev_value': 0, 'change': 1, 'player_num': 1}
2024-07-18 21:12:49,717 : INFO : EventManager : Event: ======'player_shot_n_rollover_lane_enabled'====== Args={'value': True, 'prev_value': 0, 'change': 1, 'player_num': 1}
2024-07-18 21:12:49,718 : INFO : EventManager : Event: ======'player_shot_k_rollover_lane_enabled'====== Args={'value': True, 'prev_value': 0, 'change': 1, 'player_num': 1}
2024-07-18 21:12:49,718 : INFO : EventManager : Event: ======'hank_lanes_complete'====== Args={'state': 'unlit'}
2024-07-18 21:12:49,718 : INFO : EventManager : Event: ======'hank_lanes_unlit_complete'====== Args={}
2024-07-18 21:12:49,719 : INFO : EventManager : Event: ======'mode_hank_rollover_starting'====== Args={'player': 1, 'ball': 1, 'balls_remaining': 2, 'is_extra_ball': False}
2024-07-18 21:12:49,720 : INFO : EventManager : Event: ======'mode_BBQ_rollover_will_start'====== Args={'player': 1, 'ball': 1, 'balls_remaining': 2, 'is_extra_ball': False}
2024-07-18 21:12:49,720 : INFO : EventManager : Event: ======'player_shot_left_rollover_lane_enabled'====== Args={'value': True, 'prev_value': 0, 'change': 1, 'player_num': 1}
2024-07-18 21:12:49,720 : INFO : EventManager : Event: ======'player_shot_middle_rollover_lane_enabled'====== Args={'value': True, 'prev_value': 0, 'change': 1, 'player_num': 1}
2024-07-18 21:12:49,721 : INFO : EventManager : Event: ======'player_shot_right_rollover_lane_enabled'====== Args={'value': True, 'prev_value': 0, 'change': 1, 'player_num': 1}
2024-07-18 21:12:49,721 : INFO : EventManager : Event: ======'BBQ_lanes_complete'====== Args={'state': 'unlit'}
2024-07-18 21:12:49,721 : INFO : EventManager : Event: ======'BBQ_lanes_unlit_complete'====== Args={}
2024-07-18 21:12:49,723 : INFO : EventManager : Event: ======'mode_BBQ_rollover_starting'====== Args={'player': 1, 'ball': 1, 'balls_remaining': 2, 'is_extra_ball': False}
2024-07-18 21:12:49,723 : INFO : EventManager : Event: ======'mode_base_will_start'====== Args={'player': 1, 'ball': 1, 'balls_remaining': 2, 'is_extra_ball': False}
2024-07-18 21:12:49,723 : INFO : EventManager : Event: ======'player_extra_ball_score_one_num_awarded'====== Args={'value': 0, 'prev_value': 0, 'change': 0, 'player_num': 1}
2024-07-18 21:12:49,723 : INFO : EventManager : Event: ======'player_extra_ball_score_two_num_awarded'====== Args={'value': 0, 'prev_value': 0, 'change': 0, 'player_num': 1}
2024-07-18 21:12:49,724 : INFO : EventManager : Event: ======'player_shot_qualify_p_target_enabled'====== Args={'value': True, 'prev_value': 0, 'change': 1, 'player_num': 1}
2024-07-18 21:12:49,724 : INFO : EventManager : Event: ======'player_shot_qualify_r_target_enabled'====== Args={'value': True, 'prev_value': 0, 'change': 1, 'player_num': 1}
2024-07-18 21:12:49,724 : INFO : EventManager : Event: ======'player_shot_qualify_o_target_enabled'====== Args={'value': True, 'prev_value': 0, 'change': 1, 'player_num': 1}
2024-07-18 21:12:49,724 : INFO : EventManager : Event: ======'qualify_mission_complete'====== Args={'state': 'unlit'}
2024-07-18 21:12:49,725 : INFO : EventManager : Event: ======'qualify_mission_unlit_complete'====== Args={}
2024-07-18 21:12:49,727 : INFO : EventManager : Event: ======'mode_base_starting'====== Args={'player': 1, 'ball': 1, 'balls_remaining': 2, 'is_extra_ball': False}
2024-07-18 21:12:49,727 : INFO : Mode.base : Started. Priority: 100
2024-07-18 21:12:49,727 : INFO : EventManager : Event: ======'modes_active_modes_changed'====== Args={}
2024-07-18 21:12:49,728 : INFO : EventManager : Event: ======'mode_base_started'====== Args={'player': 1, 'ball': 1, 'balls_remaining': 2, 'is_extra_ball': False}
2024-07-18 21:12:49,728 : INFO : EventManager : Event: ======'ball_save_default_enabled'====== Args={}
2024-07-18 21:12:49,728 : INFO : EventManager : Event: ======'logicblock_mb_counter_updated'====== Args={'value': 0, 'enabled': True}
2024-07-18 21:12:49,729 : INFO : EventManager : Event: ======'logicblock_mb_counter_updated'====== Args={'value': 0, 'enabled': True}
2024-07-18 21:12:49,729 : INFO : Mode.rainey_multiball : Started. Priority: 250
2024-07-18 21:12:49,729 : INFO : EventManager : Event: ======'modes_active_modes_changed'====== Args={}
2024-07-18 21:12:49,729 : INFO : EventManager : Event: ======'mode_rainey_multiball_started'====== Args={'player': 1, 'ball': 1, 'balls_remaining': 2, 'is_extra_ball': False}
2024-07-18 21:12:49,729 : INFO : EventManager : Event: ======'logicblock_lb_hank_complete_count_updated'====== Args={'value': 1, 'enabled': True}
2024-07-18 21:12:49,729 : INFO : EventManager : Event: ======'logicblock_lb_hank_complete_count_updated'====== Args={'value': 1, 'enabled': True}
2024-07-18 21:12:49,729 : INFO : Mode.hank_rollover : Started. Priority: 200
2024-07-18 21:12:49,729 : INFO : EventManager : Event: ======'modes_active_modes_changed'====== Args={}
2024-07-18 21:12:49,729 : INFO : EventManager : Event: ======'mode_hank_rollover_started'====== Args={'player': 1, 'ball': 1, 'balls_remaining': 2, 'is_extra_ball': False}
2024-07-18 21:12:49,729 : INFO : EventManager : Event: ======'logicblock_lb_BBQ_complete_count_updated'====== Args={'value': 1, 'enabled': True}
2024-07-18 21:12:49,729 : INFO : EventManager : Event: ======'logicblock_lb_BBQ_complete_count_updated'====== Args={'value': 1, 'enabled': True}
2024-07-18 21:12:49,729 : INFO : Mode.BBQ_rollover : Started. Priority: 200
2024-07-18 21:12:49,730 : INFO : EventManager : Event: ======'modes_active_modes_changed'====== Args={}
2024-07-18 21:12:49,730 : INFO : EventManager : Event: ======'mode_BBQ_rollover_started'====== Args={'player': 1, 'ball': 1, 'balls_remaining': 2, 'is_extra_ball': False}
2024-07-18 21:12:49,730 : INFO : EventManager : Event: ======'player_bonus_multiplier'====== Args={'value': 1, 'prev_value': 0, 'change': 1, 'player_num': 1, 'source': 'BBQ_rollover'}
2024-07-18 21:12:49,730 : INFO : EventManager : Event: ======'single_player_ball_started'====== Args={}
2024-07-18 21:12:49,735 : INFO : EventManager : Event: ======'ball_start_target'====== Args={'target': 'playfield'}
2024-07-18 21:12:49,735 : INFO : EventManager : Event: ======'slide_skillshot_created'====== Args={'_from_bcp': True}
2024-07-18 21:12:49,735 : INFO : EventManager : Event: ======'slide_dtp_logo_attract_inactive'====== Args={'_from_bcp': True}
2024-07-18 21:12:49,735 : INFO : EventManager : Event: ======'slide_skillshot_active'====== Args={'original_context': 'skillshot', 'original_calling_context': 'mode_skillshot_started', 'queue': '<QueuedEvent>', 'cmd': 'slides_play', '_from_bcp': True}
2024-07-18 21:12:49,735 : INFO : EventManager : Event: ======'slide_dtp_logo_attract_removed'====== Args={'_from_bcp': True}
2024-07-18 21:12:49,736 : INFO : ball_device.bd_plunger : Setting up player-controlled eject. Balls: 1, Target: <playfield.playfield>, player_controlled_eject_event: s_launch_button_inactive
2024-07-18 21:12:49,736 : INFO : EventManager : Event: ======'balldevice_balls_available'====== Args={}
2024-07-18 21:12:49,736 : INFO : ball_device.bd_trough : State: waiting_for_target_ready
2024-07-18 21:12:49,737 : INFO : EventManager : Event: ======'balldevice_bd_trough_ball_eject_attempt'====== Args={'balls': 1, 'target': <ball_device.bd_plunger>, 'source': <ball_device.bd_trough>, 'mechanical_eject': True, 'num_attempts': 0}
2024-07-18 21:12:49,737 : INFO : ball_device.bd_plunger : State: waiting_for_ball
2024-07-18 21:12:49,737 : INFO : ball_device.bd_trough : State: ejecting
2024-07-18 21:12:49,737 : INFO : ball_device.bd_trough : Ejecting ball to <ball_device.bd_plunger>
2024-07-18 21:12:49,737 : INFO : EventManager : Event: ======'balldevice_bd_trough_ejecting_ball'====== Args={'balls': 1, 'target': <ball_device.bd_plunger>, 'source': <ball_device.bd_trough>, 'mechanical_eject': True, 'num_attempts': 0}
2024-07-18 21:12:49,738 : INFO : ball_device.bd_trough : Wait for ball to leave device
2024-07-18 21:12:49,738 : INFO : coil.c_trough_eject : Pulsing Driver for 20ms (1.0 pulse_power)
2024-07-18 21:12:49,738 : INFO : SwitchController : <<<<<<< 's_trough1' inactive >>>>>>>
2024-07-18 21:12:49,739 : INFO : ball_device.bd_trough : State: ball_left
2024-07-18 21:12:49,739 : INFO : ball_device.bd_trough : Ball left
2024-07-18 21:12:49,739 : INFO : ball_device.bd_trough : Wait for confirm with timeout 3.0
2024-07-18 21:12:49,739 : INFO : EventManager : Event: ======'slide_base_created'====== Args={'_from_bcp': True}
2024-07-18 21:12:49,839 : INFO : SwitchController : <<<<<<< 's_plunger' active >>>>>>>
2024-07-18 21:12:49,839 : INFO : EventManager : Event: ======'machine_var_audits_switches_s_plunger'====== Args={'value': 586, 'prev_value': 585, 'change': 1}
2024-07-18 21:12:50,343 : INFO : ball_device.bd_plunger : Received ball from <ball_device.bd_trough>
2024-07-18 21:12:50,348 : INFO : EventManager : Event: ======'balldevice_bd_plunger_ball_enter'====== Args={'new_balls': 1, 'unclaimed_balls': 0, 'new_available_balls': 0, 'device': <ball_device.bd_plunger>}
2024-07-18 21:12:50,349 : INFO : EventManager : Event: ======'balldevice_bd_plunger_ball_entered'====== Args={'new_balls': 0, 'device': <ball_device.bd_plunger>}
2024-07-18 21:12:50,349 : INFO : EventManager : Event: ======'balldevice_bd_plunger_ball_count_changed'====== Args={'balls': 1}
2024-07-18 21:12:50,350 : INFO : ball_device.bd_trough : Got eject confirm
2024-07-18 21:12:50,351 : INFO : ball_device.bd_trough : Eject successful
2024-07-18 21:12:50,351 : INFO : EventManager : Event: ======'balldevice_bd_trough_ball_eject_success'====== Args={'balls': 1, 'target': <ball_device.bd_plunger>}
2024-07-18 21:12:50,352 : INFO : EventManager : Event: ======'balldevice_bd_trough_ball_count_changed'====== Args={'balls': 5}
2024-07-18 21:12:50,352 : INFO : ball_device.bd_trough : State: idle
2024-07-18 21:12:50,352 : INFO : ball_device.bd_plunger : State: waiting_for_target_ready
2024-07-18 21:12:50,353 : INFO : EventManager : Event: ======'balldevice_bd_plunger_ball_eject_attempt'====== Args={'balls': 1, 'target': <playfield.playfield>, 'source': <ball_device.bd_plunger>, 'mechanical_eject': True, 'num_attempts': 0}
2024-07-18 21:12:50,353 : INFO : ball_device.bd_plunger : State: ejecting
2024-07-18 21:12:50,353 : INFO : ball_device.bd_plunger : Ejecting ball to <playfield.playfield>
2024-07-18 21:12:50,353 : INFO : EventManager : Event: ======'balldevice_bd_plunger_ejecting_ball'====== Args={'balls': 1, 'target': <playfield.playfield>, 'source': <ball_device.bd_plunger>, 'mechanical_eject': True, 'num_attempts': 0}
2024-07-18 21:12:50,354 : INFO : ball_device.bd_plunger : Wait for ball to leave device
2024-07-18 21:12:50,712 : INFO : EventManager : Event: ======'player_skillshot_skillshot_rotate_tick'====== Args={'value': 1, 'prev_value': 0, 'change': 1, 'player_num': 1}
2024-07-18 21:12:50,722 : INFO : EventManager : Event: ======'timer_skillshot_rotate_tick'====== Args={'ticks': 1, 'ticks_remaining': 0}
2024-07-18 21:12:50,724 : INFO : EventManager : Event: ======'player_shot_skillshot_p_target'====== Args={'value': 0, 'prev_value': 1, 'change': -1, 'player_num': 1}
2024-07-18 21:12:50,725 : INFO : EventManager : Event: ======'player_shot_skillshot_r_target'====== Args={'value': 1, 'prev_value': 0, 'change': 1, 'player_num': 1}
2024-07-18 21:12:51,713 : INFO : EventManager : Event: ======'player_skillshot_skillshot_rotate_tick'====== Args={'value': 2, 'prev_value': 1, 'change': 1, 'player_num': 1}
2024-07-18 21:12:51,714 : INFO : EventManager : Event: ======'timer_skillshot_rotate_tick'====== Args={'ticks': 2, 'ticks_remaining': 0}
2024-07-18 21:12:51,715 : INFO : EventManager : Event: ======'player_shot_skillshot_r_target'====== Args={'value': 0, 'prev_value': 1, 'change': -1, 'player_num': 1}
2024-07-18 21:12:51,716 : INFO : EventManager : Event: ======'player_shot_skillshot_o_target'====== Args={'value': 1, 'prev_value': 0, 'change': 1, 'player_num': 1}
2024-07-18 21:12:52,302 : INFO : SwitchController : <<<<<<< 's_plunger' inactive >>>>>>>
2024-07-18 21:12:52,303 : INFO : ball_device.bd_plunger : State: ball_left
2024-07-18 21:12:52,303 : INFO : ball_device.bd_plunger : Ball left
2024-07-18 21:12:52,303 : INFO : ball_device.bd_plunger : Wait for confirm with timeout 3.0
2024-07-18 21:12:52,711 : INFO : EventManager : Event: ======'player_skillshot_skillshot_rotate_tick'====== Args={'value': 3, 'prev_value': 2, 'change': 1, 'player_num': 1}
2024-07-18 21:12:52,712 : INFO : EventManager : Event: ======'timer_skillshot_rotate_tick'====== Args={'ticks': 3, 'ticks_remaining': 0}
2024-07-18 21:12:52,713 : INFO : EventManager : Event: ======'player_shot_skillshot_o_target'====== Args={'value': 0, 'prev_value': 1, 'change': -1, 'player_num': 1}
2024-07-18 21:12:52,715 : INFO : EventManager : Event: ======'player_shot_skillshot_p2_target'====== Args={'value': 1, 'prev_value': 0, 'change': 1, 'player_num': 1}
2024-07-18 21:12:53,713 : INFO : EventManager : Event: ======'player_skillshot_skillshot_rotate_tick'====== Args={'value': 4, 'prev_value': 3, 'change': 1, 'player_num': 1}
2024-07-18 21:12:53,715 : INFO : EventManager : Event: ======'timer_skillshot_rotate_tick'====== Args={'ticks': 4, 'ticks_remaining': 0}
2024-07-18 21:12:53,716 : INFO : EventManager : Event: ======'player_shot_skillshot_p2_target'====== Args={'value': 0, 'prev_value': 1, 'change': -1, 'player_num': 1}
2024-07-18 21:12:53,717 : INFO : EventManager : Event: ======'player_shot_skillshot_a_target'====== Args={'value': 1, 'prev_value': 0, 'change': 1, 'player_num': 1}
2024-07-18 21:12:53,799 : INFO : SwitchController : <<<<<<< 's_plunger_lane_exit' active >>>>>>>
2024-07-18 21:12:53,799 : INFO : EventManager : Event: ======'s_plunger_lane_exit_active'====== Args={}
2024-07-18 21:12:53,799 : INFO : EventManager : Event: ======'sw_playfield_active'====== Args={}
2024-07-18 21:12:53,799 : INFO : EventManager : Event: ======'machine_var_audits_switches_s_plunger_lane_exit'====== Args={'value': 370, 'prev_value': 369, 'change': 1}
2024-07-18 21:12:53,800 : INFO : EventManager : Event: ======'ball_save_default_timer_start'====== Args={}
2024-07-18 21:12:53,800 : INFO : EventManager : Event: ======'playfield_active'====== Args={}
2024-07-18 21:12:53,804 : INFO : ball_device.bd_plunger : Got eject confirm
2024-07-18 21:12:53,804 : INFO : ball_device.bd_plunger : Eject successful
2024-07-18 21:12:53,804 : INFO : EventManager : Event: ======'balldevice_bd_plunger_ball_eject_success'====== Args={'balls': 1, 'target': <playfield.playfield>}
2024-07-18 21:12:53,804 : INFO : EventManager : Event: ======'balldevice_playfield_ball_enter'====== Args={'new_balls': 1, 'unclaimed_balls': 1, 'device': <playfield.playfield>}
2024-07-18 21:12:53,804 : INFO : EventManager : Event: ======'playfield_ball_count_change'====== Args={'balls': 1, 'change': 1}
2024-07-18 21:12:53,805 : INFO : EventManager : Event: ======'balldevice_bd_plunger_ball_count_changed'====== Args={'balls': 0}
2024-07-18 21:12:53,805 : INFO : ball_device.bd_plunger : State: idle
2024-07-18 21:12:53,867 : INFO : SwitchController : <<<<<<< 's_plunger_lane_exit' inactive >>>>>>>
2024-07-18 21:12:53,867 : INFO : EventManager : Event: ======'s_plunger_lane_exit_inactive'====== Args={}
2024-07-18 21:12:53,867 : INFO : Timer.skillshot_rotate : Stopping Timer
2024-07-18 21:12:53,867 : INFO : EventManager : Event: ======'timer_skillshot_rotate_stopped'====== Args={'ticks': 4, 'ticks_remaining': 0}
2024-07-18 21:12:53,868 : INFO : EventManager : Event: ======'advance_skillshot_5'====== Args={'priority': 0}
2024-07-18 21:12:53,868 : INFO : EventManager : Event: ======'player_shot_skillshot_a_target'====== Args={'value': 2, 'prev_value': 1, 'change': 1, 'player_num': 1}
2024-07-18 21:12:54,839 : INFO : SwitchController : <<<<<<< 's_a_target' active >>>>>>>
2024-07-18 21:12:54,840 : INFO : EventManager : Event: ======'s_a_target_active'====== Args={}
2024-07-18 21:12:54,841 : INFO : EventManager : Event: ======'machine_var_audits_switches_s_a_target'====== Args={'value': 111, 'prev_value': 110, 'change': 1}
2024-07-18 21:12:54,844 : INFO : EventManager : Event: ======'machine_var_audits_shots_skillshot_a_target'====== Args={'value': 62, 'prev_value': 61, 'change': 1}
2024-07-18 21:12:54,854 : INFO : EventManager : Event: ======'skillshot_a_target_hit'====== Args={'profile': 'skillshot_profile', 'state': 'lit', 'advancing': False}
2024-07-18 21:12:54,854 : INFO : EventManager : Event: ======'skillshot_a_target_skillshot_profile_hit'====== Args={'profile': 'skillshot_profile', 'state': 'lit', 'advancing': False}
2024-07-18 21:12:54,855 : INFO : EventManager : Event: ======'skillshot_a_target_skillshot_profile_lit_hit'====== Args={'profile': 'skillshot_profile', 'state': 'lit', 'advancing': False}
2024-07-18 21:12:54,855 : INFO : EventManager : Event: ======'skillshot_a_target_lit_hit'====== Args={'profile': 'skillshot_profile', 'state': 'lit', 'advancing': False}
2024-07-18 21:12:54,855 : INFO : EventManager : Event: ======'player_score'====== Args={'value': 50, 'prev_value': 0, 'change': 50, 'player_num': 1, 'source': 'base'}
2024-07-18 21:12:54,856 : INFO : EventManager : Event: ======'skillshot_hit'====== Args={'shot': 'skillshot_a_target'}
2024-07-18 21:12:54,856 : INFO : EventManager : Event: ======'skillshot_lit_hit'====== Args={'shot': 'skillshot_a_target'}
2024-07-18 21:12:54,856 : INFO : EventManager : Event: ======'stop_mode_skillshot'====== Args={'priority': 0}
2024-07-18 21:12:54,856 : INFO : EventManager : Event: ======'mode_skillshot_will_stop'====== Args={}
2024-07-18 21:12:54,856 : INFO : EventManager : Event: ======'mode_skillshot_stopping'====== Args={}
2024-07-18 21:12:54,857 : INFO : EventManager : Event: ======'player_score'====== Args={'value': 20050, 'prev_value': 50, 'change': 20000, 'player_num': 1, 'source': 'skillshot'}
2024-07-18 21:12:54,860 : INFO : Mode.skillshot : Stopped.
2024-07-18 21:12:54,860 : INFO : EventManager : Event: ======'modes_active_modes_changed'====== Args={}
2024-07-18 21:12:54,860 : INFO : EventManager : Event: ======'mode_skillshot_stopped'====== Args={}
2024-07-18 21:12:54,860 : INFO : EventManager : Event: ======'clear'====== Args={'key': 'skillshot'}
2024-07-18 21:12:54,861 : INFO : Timer.skillshot_rotate : Stopping Timer
2024-07-18 21:12:54,861 : INFO : EventManager : Event: ======'timer_skillshot_rotate_stopped'====== Args={'ticks': 4, 'ticks_remaining': 0}
2024-07-18 21:12:54,881 : INFO : EventManager : Event: ======'slide_skillshot_inactive'====== Args={'_from_bcp': True}
2024-07-18 21:12:54,881 : INFO : EventManager : Event: ======'slide_base_active'====== Args={'_from_bcp': True}
2024-07-18 21:12:54,881 : INFO : EventManager : Event: ======'slide_skillshot_removed'====== Args={'_from_bcp': True}
2024-07-18 21:12:54,951 : INFO : SwitchController : <<<<<<< 's_a_target' inactive >>>>>>>
2024-07-18 21:12:56,753 : INFO : SwitchController : <<<<<<< 's_scoop' active >>>>>>>
2024-07-18 21:12:56,754 : INFO : EventManager : Event: ======'machine_var_audits_switches_s_scoop'====== Args={'value': 108, 'prev_value': 107, 'change': 1}
2024-07-18 21:12:57,254 : INFO : EventManager : Event: ======'balldevice_bd_scoop_ball_count_changed'====== Args={'balls': 1}
2024-07-18 21:12:57,255 : INFO : ball_device.bd_scoop : Received unexpected ball
2024-07-18 21:12:57,256 : INFO : EventManager : Event: ======'balldevice_captured_from_playfield'====== Args={'balls': 1}
2024-07-18 21:12:57,256 : INFO : EventManager : Event: ======'sw_playfield_active'====== Args={'balls': 1}
2024-07-18 21:12:57,257 : INFO : EventManager : Event: ======'playfield_ball_count_change'====== Args={'balls': 0, 'change': -1}
2024-07-18 21:12:57,258 : INFO : EventManager : Event: ======'balldevice_bd_scoop_ball_enter'====== Args={'new_balls': 1, 'unclaimed_balls': 1, 'new_available_balls': 1, 'device': <ball_device.bd_scoop>}
2024-07-18 21:12:57,259 : INFO : EventManager : Event: ======'ball_hold_scoop_held_ball'====== Args={'balls_held': 1, 'total_balls_held': 1}
2024-07-18 21:12:57,259 : INFO : EventManager : Event: ======'ball_hold_scoop_full'====== Args={'balls': 1}
2024-07-18 21:12:57,260 : INFO : EventManager : Event: ======'mode_mission_select_will_start'====== Args={'balls': 1}
2024-07-18 21:12:57,262 : INFO : EventManager : Event: ======'mode_mission_select_starting'====== Args={'balls': 1}
2024-07-18 21:12:57,263 : INFO : Mode.mission_select : Started. Priority: 800
2024-07-18 21:12:57,263 : INFO : EventManager : Event: ======'modes_active_modes_changed'====== Args={}
2024-07-18 21:12:57,263 : INFO : EventManager : Event: ======'mode_mission_select_started'====== Args={'balls': 1}
2024-07-18 21:12:57,264 : INFO : EventManager : Event: ======'item_highlighted'====== Args={'carousel': 'mission_select', 'direction': None, 'item': 'beat_the_surfer'}
2024-07-18 21:12:57,265 : INFO : EventManager : Event: ======'balldevice_balls_available'====== Args={}
2024-07-18 21:12:57,265 : INFO : EventManager : Event: ======'balldevice_bd_scoop_ball_entered'====== Args={'new_balls': 1, 'device': <ball_device.bd_scoop>}
2024-07-18 21:12:57,317 : INFO : EventManager : Event: ======'slide_mission_select_created'====== Args={'_from_bcp': True}
2024-07-18 21:12:57,318 : INFO : EventManager : Event: ======'slide_base_inactive'====== Args={'_from_bcp': True}
2024-07-18 21:12:57,318 : INFO : EventManager : Event: ======'slide_mission_select_active'====== Args={'original_context': 'mission_select', 'original_calling_context': 'mode_mission_select_started', 'cmd': 'slides_play', '_from_bcp': True}
2024-07-18 21:12:58,765 : INFO : SwitchController : <<<<<<< 's_start' active >>>>>>>
2024-07-18 21:12:58,766 : INFO : EventManager : Event: ======'sw_start'====== Args={}
2024-07-18 21:12:58,766 : INFO : EventManager : Event: ======'machine_var_audits_switches_s_start'====== Args={'value': 308, 'prev_value': 307, 'change': 1}
2024-07-18 21:12:58,769 : INFO : EventManager : Event: ======'player_add_request'====== Args={}
2024-07-18 21:12:58,769 : INFO : EventManager : Event: ======'player_will_add'====== Args={'number': 2}
2024-07-18 21:12:58,770 : INFO : EventManager : Event: ======'player_adding'====== Args={'player': <Player 2>, 'number': 2}
2024-07-18 21:12:58,770 : INFO : EventManager : Event: ======'player_added'====== Args={'player': <Player 2>, 'num': 2}
2024-07-18 21:12:58,771 : INFO : Mode.game : Player added successfully. Total players: 2
2024-07-18 21:12:58,771 : INFO : EventManager : Event: ======'multiplayer_game'====== Args={}
2024-07-18 21:12:58,771 : INFO : EventManager : Event: ======'player_index'====== Args={'value': 1, 'prev_value': 1, 'change': 0, 'player_num': 2}
2024-07-18 21:12:58,787 : INFO : EventManager : Event: ======'player_number'====== Args={'value': 2, 'prev_value': 2, 'change': 0, 'player_num': 2}
2024-07-18 21:12:58,788 : INFO : EventManager : Event: ======'player_score'====== Args={'value': 0, 'prev_value': 0, 'change': 0, 'player_num': 2}
2024-07-18 21:12:58,800 : INFO : EventManager : Event: ======'stop_mode_skillshot'====== Args={'priority': 0}
2024-07-18 21:12:58,846 : INFO : SwitchController : <<<<<<< 's_start' inactive >>>>>>>
2024-07-18 21:12:58,846 : INFO : EventManager : Event: ======'s_start_inactive'====== Args={}
2024-07-18 21:12:58,846 : INFO : EventManager : Event: ======'mission_select_beat_the_surfer_selected'====== Args={}
2024-07-18 21:12:58,846 : INFO : EventManager : Event: ======'mission_select_item_selected'====== Args={}
2024-07-18 21:12:58,846 : INFO : EventManager : Event: ======'player_selected_mission'====== Args={'value': 'beat the surfer', 'prev_value': 0, 'change': True, 'player_num': 1, 'source': 'mission_select'}
2024-07-18 21:12:58,846 : INFO : EventManager : Event: ======'mode_beat_the_surfer_will_start'====== Args={}
2024-07-18 21:12:58,847 : INFO : EventManager : Event: ======'mode_beat_the_surfer_starting'====== Args={}
2024-07-18 21:12:58,847 : INFO : EventManager : Event: ======'mode_mission_select_will_stop'====== Args={}
2024-07-18 21:12:58,847 : INFO : EventManager : Event: ======'mode_mission_select_stopping'====== Args={}
2024-07-18 21:12:58,847 : INFO : ball_device.bd_scoop : Adding 1 ball(s) to the eject_queue with target <playfield.playfield>.
2024-07-18 21:12:58,847 : INFO : EventManager : Event: ======'balldevice_balls_available'====== Args={}
2024-07-18 21:12:58,847 : INFO : EventManager : Event: ======'ball_hold_scoop_balls_released'====== Args={'balls_released': 1}
2024-07-18 21:12:58,847 : INFO : Mode.beat_the_surfer : Started. Priority: 130
2024-07-18 21:12:58,847 : INFO : EventManager : Event: ======'modes_active_modes_changed'====== Args={}
2024-07-18 21:12:58,847 : INFO : EventManager : Event: ======'mode_beat_the_surfer_started'====== Args={}
2024-07-18 21:12:58,847 : INFO : Mode.mission_select : Stopped.
2024-07-18 21:12:58,847 : INFO : EventManager : Event: ======'modes_active_modes_changed'====== Args={}
2024-07-18 21:12:58,848 : INFO : EventManager : Event: ======'mode_mission_select_stopped'====== Args={}
2024-07-18 21:12:58,848 : INFO : EventManager : Event: ======'clear'====== Args={'key': 'mission_select'}
2024-07-18 21:12:58,848 : INFO : ball_device.bd_scoop : State: waiting_for_target_ready
2024-07-18 21:12:58,848 : INFO : EventManager : Event: ======'balldevice_bd_scoop_ball_eject_attempt'====== Args={'balls': 1, 'target': <playfield.playfield>, 'source': <ball_device.bd_scoop>, 'mechanical_eject': False, 'num_attempts': 0}
2024-07-18 21:12:58,849 : INFO : ball_device.bd_scoop : State: ejecting
2024-07-18 21:12:58,849 : INFO : ball_device.bd_scoop : Ejecting ball to <playfield.playfield>
2024-07-18 21:12:58,849 : INFO : EventManager : Event: ======'balldevice_bd_scoop_ejecting_ball'====== Args={'balls': 1, 'target': <playfield.playfield>, 'source': <ball_device.bd_scoop>, 'mechanical_eject': False, 'num_attempts': 0}
2024-07-18 21:12:58,849 : INFO : ball_device.bd_scoop : Wait for ball to leave device
2024-07-18 21:12:58,849 : INFO : coil.c_scoop_eject : Pulsing Driver for 10ms (1.0 pulse_power)
2024-07-18 21:12:58,849 : INFO : SwitchController : <<<<<<< 's_scoop' inactive >>>>>>>
2024-07-18 21:12:58,849 : INFO : ball_device.bd_scoop : State: ball_left
2024-07-18 21:12:58,849 : INFO : ball_device.bd_scoop : Ball left
2024-07-18 21:12:58,849 : INFO : ball_device.bd_scoop : Wait for confirm with timeout 10.0
2024-07-18 21:12:58,888 : INFO : EventManager : Event: ======'slide_mission_select_2_created'====== Args={'_from_bcp': True}
2024-07-18 21:12:58,888 : INFO : EventManager : Event: ======'slide_mission_select_inactive'====== Args={'_from_bcp': True}
2024-07-18 21:12:58,888 : INFO : EventManager : Event: ======'slide_mission_select_2_active'====== Args={'_from_bcp': True}
2024-07-18 21:12:58,888 : INFO : EventManager : Event: ======'slide_mission_select_removed'====== Args={'_from_bcp': True}
2024-07-18 21:13:01,801 : INFO : EventManager : Event: ======'ball_save_default_hurry_up'====== Args={}
2024-07-18 21:13:03,801 : INFO : EventManager : Event: ======'ball_save_default_grace_period'====== Args={}
2024-07-18 21:13:05,804 : INFO : EventManager : Event: ======'ball_save_default_disabled'====== Args={}
2024-07-18 21:13:06,549 : INFO : Machine : Shutting down...
2024-07-18 21:13:06,549 : INFO : EventManager : Event: ======'shutdown'====== Args={}
2024-07-18 21:13:06,551 : INFO : EventManager : Event: ======'mode_game_will_stop'====== Args={}
2024-07-18 21:13:06,551 : INFO : EventManager : Event: ======'mode_game_stopping'====== Args={}
2024-07-18 21:13:06,551 : INFO : EventManager : Event: ======'mode_base_will_stop'====== Args={}
2024-07-18 21:13:06,551 : INFO : EventManager : Event: ======'mode_base_stopping'====== Args={}
2024-07-18 21:13:06,551 : INFO : EventManager : Event: ======'mode_hank_rollover_will_stop'====== Args={}
2024-07-18 21:13:06,552 : INFO : EventManager : Event: ======'mode_hank_rollover_stopping'====== Args={}
2024-07-18 21:13:06,552 : INFO : EventManager : Event: ======'mode_BBQ_rollover_will_stop'====== Args={}
2024-07-18 21:13:06,552 : INFO : EventManager : Event: ======'mode_BBQ_rollover_stopping'====== Args={}
2024-07-18 21:13:06,552 : INFO : EventManager : Event: ======'mode_beat_the_surfer_will_stop'====== Args={}
2024-07-18 21:13:06,552 : INFO : EventManager : Event: ======'mode_beat_the_surfer_stopping'====== Args={}
2024-07-18 21:13:06,552 : INFO : EventManager : Event: ======'mode_rainey_multiball_will_stop'====== Args={}
2024-07-18 21:13:06,552 : INFO : EventManager : Event: ======'mode_rainey_multiball_stopping'====== Args={}
2024-07-18 21:13:06,553 : INFO : Mode.rainey_multiball : Stopped.
2024-07-18 21:13:06,553 : INFO : EventManager : Event: ======'modes_active_modes_changed'====== Args={}
2024-07-18 21:13:06,553 : INFO : EventManager : Event: ======'mode_rainey_multiball_stopped'====== Args={}
2024-07-18 21:13:06,553 : INFO : EventManager : Event: ======'clear'====== Args={'key': 'rainey_multiball'}
2024-07-18 21:13:06,553 : INFO : Mode.beat_the_surfer : Stopped.
2024-07-18 21:13:06,554 : INFO : EventManager : Event: ======'modes_active_modes_changed'====== Args={}
2024-07-18 21:13:06,554 : INFO : EventManager : Event: ======'mode_beat_the_surfer_stopped'====== Args={}
2024-07-18 21:13:06,554 : INFO : EventManager : Event: ======'clear'====== Args={'key': 'beat_the_surfer'}
2024-07-18 21:13:06,554 : INFO : Mode.BBQ_rollover : Stopped.
2024-07-18 21:13:06,554 : INFO : EventManager : Event: ======'modes_active_modes_changed'====== Args={}
2024-07-18 21:13:06,554 : INFO : EventManager : Event: ======'mode_BBQ_rollover_stopped'====== Args={}
2024-07-18 21:13:06,554 : INFO : EventManager : Event: ======'clear'====== Args={'key': 'BBQ_rollover'}
2024-07-18 21:13:06,557 : INFO : Mode.hank_rollover : Stopped.
2024-07-18 21:13:06,557 : INFO : EventManager : Event: ======'modes_active_modes_changed'====== Args={}
2024-07-18 21:13:06,557 : INFO : EventManager : Event: ======'mode_hank_rollover_stopped'====== Args={}
2024-07-18 21:13:06,557 : INFO : EventManager : Event: ======'clear'====== Args={'key': 'hank_rollover'}
2024-07-18 21:13:06,558 : INFO : Mode.base : Stopped.
2024-07-18 21:13:06,558 : INFO : EventManager : Event: ======'modes_active_modes_changed'====== Args={}
2024-07-18 21:13:06,558 : INFO : EventManager : Event: ======'mode_base_stopped'====== Args={}
2024-07-18 21:13:06,558 : INFO : EventManager : Event: ======'clear'====== Args={'key': 'base'}
2024-07-18 21:13:06,560 : INFO : Mode.game : Stopped.
2024-07-18 21:13:06,560 : INFO : EventManager : Event: ======'modes_active_modes_changed'====== Args={}
2024-07-18 21:13:06,560 : INFO : EventManager : Event: ======'mode_game_stopped'====== Args={}
2024-07-18 21:13:06,560 : INFO : EventManager : Event: ======'clear'====== Args={'key': 'game'}
2024-07-18 21:13:06,563 : INFO : root : MPF run loop ended.
