2024-07-16 22:01:11,087 : INFO : root : Loading config.
2024-07-16 22:01:11,088 : INFO : YamlMultifileConfigLoader : Machine config file #1: config.yaml
2024-07-16 22:01:11,089 : INFO : ConfigProcessor : Loading config from cache: /var/folders/sv/d29kcl5x50v7vt1n6xb5jsd40000gn/T/c166cef8060ffee16a35821bf698da85.mpf_cache
2024-07-16 22:01:11,118 : INFO : ConfigProcessor : Loading config from cache: /var/folders/sv/d29kcl5x50v7vt1n6xb5jsd40000gn/T/6b31c5ac6ecbad948994a8204ea6b05b.mpf_cache
2024-07-16 22:01:11,119 : INFO : ConfigProcessor : Loading config from cache: /var/folders/sv/d29kcl5x50v7vt1n6xb5jsd40000gn/T/fe612d1e66c8a96c19ba449d3748eeac.mpf_cache
2024-07-16 22:01:11,119 : INFO : ConfigProcessor : Loading config from cache: /var/folders/sv/d29kcl5x50v7vt1n6xb5jsd40000gn/T/6b31c5ac6ecbad948994a8204ea6b05b.mpf_cache
2024-07-16 22:01:11,119 : INFO : ConfigProcessor : Loading config from cache: /var/folders/sv/d29kcl5x50v7vt1n6xb5jsd40000gn/T/8765227693ecd961e0504502a81255e0.mpf_cache
2024-07-16 22:01:11,119 : INFO : ConfigProcessor : Loading config from cache: /var/folders/sv/d29kcl5x50v7vt1n6xb5jsd40000gn/T/b247728c74b4d81bcb2825e2b07062a7.mpf_cache
2024-07-16 22:01:11,120 : INFO : ConfigProcessor : Loading config from cache: /var/folders/sv/d29kcl5x50v7vt1n6xb5jsd40000gn/T/f240f94f0b5d0f37ec4fd7571275a101.mpf_cache
2024-07-16 22:01:11,120 : INFO : ConfigProcessor : Loading config from cache: /var/folders/sv/d29kcl5x50v7vt1n6xb5jsd40000gn/T/c4409acfdf3ec94666e0adef48d55400.mpf_cache
2024-07-16 22:01:11,120 : INFO : ConfigProcessor : Loading config from cache: /var/folders/sv/d29kcl5x50v7vt1n6xb5jsd40000gn/T/6a2f50ed892485825cc04dc0a68eab9f.mpf_cache
2024-07-16 22:01:11,120 : INFO : ConfigProcessor : Loading config from cache: /var/folders/sv/d29kcl5x50v7vt1n6xb5jsd40000gn/T/d58c58eb9fd1a2dc27f8acd255fb3761.mpf_cache
2024-07-16 22:01:11,120 : INFO : ConfigProcessor : Loading config from cache: /var/folders/sv/d29kcl5x50v7vt1n6xb5jsd40000gn/T/07adfd310b3ef0e03c5cbc91527abb6c.mpf_cache
2024-07-16 22:01:11,121 : INFO : ConfigProcessor : Loading config from cache: /var/folders/sv/d29kcl5x50v7vt1n6xb5jsd40000gn/T/362e08f51a1a1b7a0809dd52f9c83f83.mpf_cache
2024-07-16 22:01:11,121 : INFO : ConfigProcessor : Loading config from cache: /var/folders/sv/d29kcl5x50v7vt1n6xb5jsd40000gn/T/e45e3bd39557ed8d0881194a7afab8f7.mpf_cache
2024-07-16 22:01:11,121 : INFO : ConfigProcessor : Loading config from cache: /var/folders/sv/d29kcl5x50v7vt1n6xb5jsd40000gn/T/331d8d1a1bc190cae8c13495e1db372f.mpf_cache
2024-07-16 22:01:11,121 : INFO : ConfigProcessor : Loading config from cache: /var/folders/sv/d29kcl5x50v7vt1n6xb5jsd40000gn/T/d17a9ff77386e6f1439d0802ace1de07.mpf_cache
2024-07-16 22:01:11,121 : INFO : ConfigProcessor : Loading config from cache: /var/folders/sv/d29kcl5x50v7vt1n6xb5jsd40000gn/T/280fd64455d0d243a54ab4db98fbccbd.mpf_cache
2024-07-16 22:01:11,121 : INFO : ConfigProcessor : Loading config from cache: /var/folders/sv/d29kcl5x50v7vt1n6xb5jsd40000gn/T/0c0596ed8fbb40b6113901d21bdc0a39.mpf_cache
2024-07-16 22:01:11,122 : INFO : ConfigProcessor : Loading config from cache: /var/folders/sv/d29kcl5x50v7vt1n6xb5jsd40000gn/T/2982e2d98506102244e9fa0f437a9fca.mpf_cache
2024-07-16 22:01:11,122 : INFO : ConfigProcessor : Loading config from cache: /var/folders/sv/d29kcl5x50v7vt1n6xb5jsd40000gn/T/3048ed2d7ea14eee3db896f6760aa474.mpf_cache
2024-07-16 22:01:11,122 : INFO : Machine : Mission Pinball Framework Core Engine v0.80.0.dev1
2024-07-16 22:01:11,122 : INFO : Machine : Command line arguments: {'no_load_cache': False, 'create_config_cache': True, 'bcp': True, 'configfile': ['config.yaml'], 'force_assets_load': False, 'platform_integration_test': False, 'jsonlogging': False, 'logfile': 'logs/2024-07-16-22-01-11-mpf-Nicks-Air.lan.log', 'pause': False, 'production': False, 'text_ui': True, 'loglevel': 15, 'consoleloglevel': 20, 'force_platform': None, 'syslog_address': None, 'mc_file_name': None, 'no_sound': False, 'full_logfile_path': '/Users/nicktaseris/Desktop/Pinball/KOTH/logs/2024-07-16-22-01-11-mpf-Nicks-Air.lan.log'}
2024-07-16 22:01:11,122 : INFO : Machine : MPF path: /Users/nicktaseris/mpfenv/lib/python3.9/site-packages/mpf
2024-07-16 22:01:11,122 : INFO : Machine : Machine path: /Users/nicktaseris/Desktop/Pinball/KOTH
2024-07-16 22:01:11,122 : INFO : Machine : Platform: darwin
2024-07-16 22:01:11,122 : INFO : Machine : Python executable location: /Users/nicktaseris/mpfenv/bin/python3
2024-07-16 22:01:11,122 : INFO : Machine : Python version: 3.9.13 (64-bit)
2024-07-16 22:01:11,123 : INFO : Machine : Initializing MPF...
2024-07-16 22:01:11,147 : INFO : EventManager : Event: ======'machine_var_credits_string'====== Args={'value': 'FREE PLAY', 'prev_value': None, 'change': True}
2024-07-16 22:01:11,153 : INFO : EventManager : Event: ======'machine_var_master_volume'====== Args={'value': 0.5, 'prev_value': None, 'change': True}
2024-07-16 22:01:11,153 : INFO : EventManager : Event: ======'machine_var_player1_score'====== Args={'value': 175300, 'prev_value': None, 'change': True}
2024-07-16 22:01:11,153 : INFO : EventManager : Event: ======'machine_var_mpf_version'====== Args={'value': 'Mission Pinball Framework v0.80.0.dev1', 'prev_value': None, 'change': True}
2024-07-16 22:01:11,153 : INFO : EventManager : Event: ======'machine_var_mpf_extended_version'====== Args={'value': 'Mission Pinball Framework v0.80.0.dev1, Config version:6, Show version: 6, BCP version:1.1', 'prev_value': None, 'change': True}
2024-07-16 22:01:11,153 : INFO : EventManager : Event: ======'machine_var_python_version'====== Args={'value': '3.9.13', 'prev_value': None, 'change': True}
2024-07-16 22:01:11,161 : INFO : EventManager : Event: ======'machine_var_platform'====== Args={'value': 'macOS-12.1-arm64-arm-64bit', 'prev_value': None, 'change': True}
2024-07-16 22:01:11,162 : INFO : EventManager : Event: ======'machine_var_platform_system'====== Args={'value': 'Darwin', 'prev_value': None, 'change': True}
2024-07-16 22:01:11,162 : INFO : EventManager : Event: ======'machine_var_platform_release'====== Args={'value': '21.2.0', 'prev_value': None, 'change': True}
2024-07-16 22:01:11,162 : INFO : EventManager : Event: ======'machine_var_platform_version'====== Args={'value': 'Darwin Kernel Version 21.2.0: Sun Nov 28 20:29:10 PST 2021; root:xnu-8019.61.5~1/RELEASE_ARM64_T8101', 'prev_value': None, 'change': True}
2024-07-16 22:01:11,162 : INFO : EventManager : Event: ======'machine_var_platform_machine'====== Args={'value': 'arm64', 'prev_value': None, 'change': True}
2024-07-16 22:01:11,162 : INFO : EventManager : Event: ======'machine_var_log_file_path'====== Args={'value': '/Users/nicktaseris/Desktop/Pinball/KOTH/logs/2024-07-16-22-01-11-mpf-Nicks-Air.lan.log', 'prev_value': None, 'change': True}
2024-07-16 22:01:11,162 : INFO : EventManager : Event: ======'init_phase_1'====== Args={}
2024-07-16 22:01:11,184 : INFO : EventManager : Event: ======'drop_target_bank_strickland_bank_up'====== Args={}
2024-07-16 22:01:11,185 : INFO : EventManager : Event: ======'init_phase_2'====== Args={}
2024-07-16 22:01:11,185 : INFO : SwitchController : Found active switch: ('39', <Platform.SmartVirtual>) <switch.s_trough1>
2024-07-16 22:01:11,185 : INFO : SwitchController : Found active switch: ('40', <Platform.SmartVirtual>) <switch.s_trough2>
2024-07-16 22:01:11,185 : INFO : SwitchController : Found active switch: ('41', <Platform.SmartVirtual>) <switch.s_trough3>
2024-07-16 22:01:11,185 : INFO : SwitchController : Found active switch: ('42', <Platform.SmartVirtual>) <switch.s_trough4>
2024-07-16 22:01:11,185 : INFO : SwitchController : Found active switch: ('43', <Platform.SmartVirtual>) <switch.s_trough5>
2024-07-16 22:01:11,185 : INFO : SwitchController : Found active switch: ('44', <Platform.SmartVirtual>) <switch.s_trough6>
2024-07-16 22:01:11,188 : INFO : EventManager : Event: ======'machine_var_score1_label'====== Args={'value': 'GRAND CHAMPION', 'prev_value': None, 'change': True}
2024-07-16 22:01:11,188 : INFO : EventManager : Event: ======'machine_var_score1_name'====== Args={'value': 'BRI', 'prev_value': None, 'change': True}
2024-07-16 22:01:11,188 : INFO : EventManager : Event: ======'machine_var_score1_value'====== Args={'value': 4242, 'prev_value': None, 'change': True}
2024-07-16 22:01:11,189 : INFO : EventManager : Event: ======'machine_var_score2_label'====== Args={'value': 'HIGH SCORE 1', 'prev_value': None, 'change': True}
2024-07-16 22:01:11,189 : INFO : EventManager : Event: ======'machine_var_score2_name'====== Args={'value': 'GHK', 'prev_value': None, 'change': True}
2024-07-16 22:01:11,189 : INFO : EventManager : Event: ======'machine_var_score2_value'====== Args={'value': 2323, 'prev_value': None, 'change': True}
2024-07-16 22:01:11,189 : INFO : EventManager : Event: ======'machine_var_score3_label'====== Args={'value': 'HIGH SCORE 2', 'prev_value': None, 'change': True}
2024-07-16 22:01:11,189 : INFO : EventManager : Event: ======'machine_var_score3_name'====== Args={'value': 'JK', 'prev_value': None, 'change': True}
2024-07-16 22:01:11,189 : INFO : EventManager : Event: ======'machine_var_score3_value'====== Args={'value': 1337, 'prev_value': None, 'change': True}
2024-07-16 22:01:11,189 : INFO : EventManager : Event: ======'machine_var_score4_label'====== Args={'value': 'HIGH SCORE 3', 'prev_value': None, 'change': True}
2024-07-16 22:01:11,189 : INFO : EventManager : Event: ======'machine_var_score4_name'====== Args={'value': 'QC', 'prev_value': None, 'change': True}
2024-07-16 22:01:11,189 : INFO : EventManager : Event: ======'machine_var_score4_value'====== Args={'value': 42, 'prev_value': None, 'change': True}
2024-07-16 22:01:11,189 : INFO : EventManager : Event: ======'machine_var_score5_label'====== Args={'value': 'HIGH SCORE 4', 'prev_value': None, 'change': True}
2024-07-16 22:01:11,189 : INFO : EventManager : Event: ======'machine_var_score5_name'====== Args={'value': 'MPF', 'prev_value': None, 'change': True}
2024-07-16 22:01:11,189 : INFO : EventManager : Event: ======'machine_var_score5_value'====== Args={'value': 23, 'prev_value': None, 'change': True}
2024-07-16 22:01:11,189 : INFO : EventManager : Event: ======'bcp_connection_attempt'====== Args={'name': 'local_display', 'host': 'localhost', 'port': 5050}
2024-07-16 22:01:11,190 : INFO : BCPClientSocket : Connecting BCP to 'local_display' at localhost:5050...
2024-07-16 22:01:11,192 : INFO : BCPClientSocket : Connected BCP to 'local_display' localhost:5050
2024-07-16 22:01:11,192 : INFO : EventManager : Event: ======'bcp_clients_connected'====== Args={}
2024-07-16 22:01:11,193 : INFO : ball_device.bd_trough : BCH: Initial count: 6
2024-07-16 22:01:11,194 : INFO : ball_device.bd_trough : State: idle
2024-07-16 22:01:11,194 : INFO : ball_device.bd_plunger : BCH: Initial count: 0
2024-07-16 22:01:11,194 : INFO : ball_device.bd_plunger : State: idle
2024-07-16 22:01:11,194 : INFO : ball_device.bd_scoop : BCH: Initial count: 0
2024-07-16 22:01:11,194 : INFO : ball_device.bd_scoop : State: idle
2024-07-16 22:01:11,198 : INFO : EventManager : Event: ======'init_phase_3'====== Args={}
2024-07-16 22:01:11,203 : INFO : EventManager : Event: ======'init_phase_4'====== Args={}
2024-07-16 22:01:11,203 : INFO : BallController : Initial balls found: 6
2024-07-16 22:01:11,204 : INFO : EventManager : Event: ======'machine_var_audits_events_game_ended'====== Args={'value': 4, 'prev_value': None, 'change': True}
2024-07-16 22:01:11,204 : INFO : EventManager : Event: ======'machine_var_audits_events_game_started'====== Args={'value': 407, 'prev_value': None, 'change': True}
2024-07-16 22:01:11,204 : INFO : EventManager : Event: ======'machine_var_audits_missing_switches_s_a_target'====== Args={'value': 4, 'prev_value': None, 'change': True}
2024-07-16 22:01:11,204 : INFO : EventManager : Event: ======'machine_var_audits_missing_switches_s_bottom_inline_drop'====== Args={'value': 26, 'prev_value': None, 'change': True}
2024-07-16 22:01:11,204 : INFO : EventManager : Event: ======'machine_var_audits_missing_switches_s_bottom_pop_bumper'====== Args={'value': 89, 'prev_value': None, 'change': True}
2024-07-16 22:01:11,204 : INFO : EventManager : Event: ======'machine_var_audits_missing_switches_s_center_spinner'====== Args={'value': 154, 'prev_value': None, 'change': True}
2024-07-16 22:01:11,204 : INFO : EventManager : Event: ======'machine_var_audits_missing_switches_s_e_target'====== Args={'value': 1, 'prev_value': None, 'change': True}
2024-07-16 22:01:11,204 : INFO : EventManager : Event: ======'machine_var_audits_missing_switches_s_left_flipper'====== Args={'value': 7, 'prev_value': None, 'change': True}
2024-07-16 22:01:11,204 : INFO : EventManager : Event: ======'machine_var_audits_missing_switches_s_left_inlane'====== Args={'value': 41, 'prev_value': None, 'change': True}
2024-07-16 22:01:11,204 : INFO : EventManager : Event: ======'machine_var_audits_missing_switches_s_left_inner_horseshoe'====== Args={'value': 41, 'prev_value': None, 'change': True}
2024-07-16 22:01:11,204 : INFO : EventManager : Event: ======'machine_var_audits_missing_switches_s_left_orbit_enter'====== Args={'value': 12, 'prev_value': None, 'change': True}
2024-07-16 22:01:11,204 : INFO : EventManager : Event: ======'machine_var_audits_missing_switches_s_left_orbit_exit'====== Args={'value': 163, 'prev_value': None, 'change': True}
2024-07-16 22:01:11,205 : INFO : EventManager : Event: ======'machine_var_audits_missing_switches_s_left_outlane'====== Args={'value': 43, 'prev_value': None, 'change': True}
2024-07-16 22:01:11,205 : INFO : EventManager : Event: ======'machine_var_audits_missing_switches_s_left_pop_bumper'====== Args={'value': 41, 'prev_value': None, 'change': True}
2024-07-16 22:01:11,205 : INFO : EventManager : Event: ======'machine_var_audits_missing_switches_s_left_ramp_enter'====== Args={'value': 221, 'prev_value': None, 'change': True}
2024-07-16 22:01:11,205 : INFO : EventManager : Event: ======'machine_var_audits_missing_switches_s_left_ramp_exit'====== Args={'value': 285, 'prev_value': None, 'change': True}
2024-07-16 22:01:11,205 : INFO : EventManager : Event: ======'machine_var_audits_missing_switches_s_left_ramp_standup'====== Args={'value': 22, 'prev_value': None, 'change': True}
2024-07-16 22:01:11,205 : INFO : EventManager : Event: ======'machine_var_audits_missing_switches_s_left_rollover_lane'====== Args={'value': 22, 'prev_value': None, 'change': True}
2024-07-16 22:01:11,205 : INFO : EventManager : Event: ======'machine_var_audits_missing_switches_s_left_sling'====== Args={'value': 57, 'prev_value': None, 'change': True}
2024-07-16 22:01:11,205 : INFO : EventManager : Event: ======'machine_var_audits_missing_switches_s_middle_inline_drop'====== Args={'value': 26, 'prev_value': None, 'change': True}
2024-07-16 22:01:11,205 : INFO : EventManager : Event: ======'machine_var_audits_missing_switches_s_middle_rollover_lane'====== Args={'value': 22, 'prev_value': None, 'change': True}
2024-07-16 22:01:11,205 : INFO : EventManager : Event: ======'machine_var_audits_missing_switches_s_n_target'====== Args={'value': 20, 'prev_value': None, 'change': True}
2024-07-16 22:01:11,205 : INFO : EventManager : Event: ======'machine_var_audits_missing_switches_s_o_target'====== Args={'value': 7, 'prev_value': None, 'change': True}
2024-07-16 22:01:11,205 : INFO : EventManager : Event: ======'machine_var_audits_missing_switches_s_p_target'====== Args={'value': 7, 'prev_value': None, 'change': True}
2024-07-16 22:01:11,205 : INFO : EventManager : Event: ======'machine_var_audits_missing_switches_s_r_target'====== Args={'value': 7, 'prev_value': None, 'change': True}
2024-07-16 22:01:11,205 : INFO : EventManager : Event: ======'machine_var_audits_missing_switches_s_right_inlane'====== Args={'value': 358, 'prev_value': None, 'change': True}
2024-07-16 22:01:11,206 : INFO : EventManager : Event: ======'machine_var_audits_missing_switches_s_right_inner_horseshoe'====== Args={'value': 48, 'prev_value': None, 'change': True}
2024-07-16 22:01:11,206 : INFO : EventManager : Event: ======'machine_var_audits_missing_switches_s_right_orbit_exit'====== Args={'value': 150, 'prev_value': None, 'change': True}
2024-07-16 22:01:11,206 : INFO : EventManager : Event: ======'machine_var_audits_missing_switches_s_right_outlane'====== Args={'value': 55, 'prev_value': None, 'change': True}
2024-07-16 22:01:11,206 : INFO : EventManager : Event: ======'machine_var_audits_missing_switches_s_right_pop_bumper'====== Args={'value': 68, 'prev_value': None, 'change': True}
2024-07-16 22:01:11,206 : INFO : EventManager : Event: ======'machine_var_audits_missing_switches_s_right_ramp_enter'====== Args={'value': 112, 'prev_value': None, 'change': True}
2024-07-16 22:01:11,206 : INFO : EventManager : Event: ======'machine_var_audits_missing_switches_s_right_ramp_exit'====== Args={'value': 112, 'prev_value': None, 'change': True}
2024-07-16 22:01:11,206 : INFO : EventManager : Event: ======'machine_var_audits_missing_switches_s_right_ramp_standup'====== Args={'value': 25, 'prev_value': None, 'change': True}
2024-07-16 22:01:11,206 : INFO : EventManager : Event: ======'machine_var_audits_missing_switches_s_right_rollover_lane'====== Args={'value': 22, 'prev_value': None, 'change': True}
2024-07-16 22:01:11,206 : INFO : EventManager : Event: ======'machine_var_audits_missing_switches_s_right_sling'====== Args={'value': 358, 'prev_value': None, 'change': True}
2024-07-16 22:01:11,206 : INFO : EventManager : Event: ======'machine_var_audits_missing_switches_s_scoop'====== Args={'value': 3, 'prev_value': None, 'change': True}
2024-07-16 22:01:11,206 : INFO : EventManager : Event: ======'machine_var_audits_missing_switches_s_start'====== Args={'value': 1, 'prev_value': None, 'change': True}
2024-07-16 22:01:11,207 : INFO : EventManager : Event: ======'machine_var_audits_missing_switches_s_top_inline_drop'====== Args={'value': 41, 'prev_value': None, 'change': True}
2024-07-16 22:01:11,207 : INFO : EventManager : Event: ======'machine_var_audits_missing_switches_s_trough1'====== Args={'value': 25, 'prev_value': None, 'change': True}
2024-07-16 22:01:11,207 : INFO : EventManager : Event: ======'machine_var_audits_missing_switches_s_trough2'====== Args={'value': 34, 'prev_value': None, 'change': True}
2024-07-16 22:01:11,207 : INFO : EventManager : Event: ======'machine_var_audits_missing_switches_s_trough3'====== Args={'value': 34, 'prev_value': None, 'change': True}
2024-07-16 22:01:11,207 : INFO : EventManager : Event: ======'machine_var_audits_missing_switches_s_trough4'====== Args={'value': 362, 'prev_value': None, 'change': True}
2024-07-16 22:01:11,207 : INFO : EventManager : Event: ======'machine_var_audits_missing_switches_s_trough5'====== Args={'value': 362, 'prev_value': None, 'change': True}
2024-07-16 22:01:11,207 : INFO : EventManager : Event: ======'machine_var_audits_missing_switches_s_trough6'====== Args={'value': 362, 'prev_value': None, 'change': True}
2024-07-16 22:01:11,207 : INFO : EventManager : Event: ======'machine_var_audits_missing_switches_s_trough_jam'====== Args={'value': 295, 'prev_value': None, 'change': True}
2024-07-16 22:01:11,207 : INFO : EventManager : Event: ======'machine_var_audits_player_score'====== Args={'value': {'average': 109379, 'top': [370600, 175300, 400, 300, 250], 'total': 5}, 'prev_value': None, 'change': True}
2024-07-16 22:01:11,207 : INFO : EventManager : Event: ======'machine_var_audits_shots_a_target'====== Args={'value': 7, 'prev_value': None, 'change': True}
2024-07-16 22:01:11,208 : INFO : EventManager : Event: ======'machine_var_audits_shots_e_target'====== Args={'value': 3, 'prev_value': None, 'change': True}
2024-07-16 22:01:11,208 : INFO : EventManager : Event: ======'machine_var_audits_shots_left_rollover_lane'====== Args={'value': 157, 'prev_value': None, 'change': True}
2024-07-16 22:01:11,208 : INFO : EventManager : Event: ======'machine_var_audits_shots_middle_rollover_lane'====== Args={'value': 152, 'prev_value': None, 'change': True}
2024-07-16 22:01:11,208 : INFO : EventManager : Event: ======'machine_var_audits_shots_n_target'====== Args={'value': 9, 'prev_value': None, 'change': True}
2024-07-16 22:01:11,208 : INFO : EventManager : Event: ======'machine_var_audits_shots_o_target'====== Args={'value': 4, 'prev_value': None, 'change': True}
2024-07-16 22:01:11,208 : INFO : EventManager : Event: ======'machine_var_audits_shots_p2_target'====== Args={'value': 5, 'prev_value': None, 'change': True}
2024-07-16 22:01:11,208 : INFO : EventManager : Event: ======'machine_var_audits_shots_p_target'====== Args={'value': 8, 'prev_value': None, 'change': True}
2024-07-16 22:01:11,208 : INFO : EventManager : Event: ======'machine_var_audits_shots_qualify_o_target'====== Args={'value': 58, 'prev_value': None, 'change': True}
2024-07-16 22:01:11,208 : INFO : EventManager : Event: ======'machine_var_audits_shots_qualify_p_target'====== Args={'value': 65, 'prev_value': None, 'change': True}
2024-07-16 22:01:11,209 : INFO : EventManager : Event: ======'machine_var_audits_shots_qualify_r_target'====== Args={'value': 85, 'prev_value': None, 'change': True}
2024-07-16 22:01:11,209 : INFO : EventManager : Event: ======'machine_var_audits_shots_r_target'====== Args={'value': 14, 'prev_value': None, 'change': True}
2024-07-16 22:01:11,209 : INFO : EventManager : Event: ======'machine_var_audits_shots_right_rollover_lane'====== Args={'value': 155, 'prev_value': None, 'change': True}
2024-07-16 22:01:11,209 : INFO : EventManager : Event: ======'machine_var_audits_shots_skillshot_a_target'====== Args={'value': 45, 'prev_value': None, 'change': True}
2024-07-16 22:01:11,209 : INFO : EventManager : Event: ======'machine_var_audits_shots_skillshot_e_target'====== Args={'value': 41, 'prev_value': None, 'change': True}
2024-07-16 22:01:11,209 : INFO : EventManager : Event: ======'machine_var_audits_shots_skillshot_n_target'====== Args={'value': 32, 'prev_value': None, 'change': True}
2024-07-16 22:01:11,209 : INFO : EventManager : Event: ======'machine_var_audits_shots_skillshot_o_target'====== Args={'value': 13, 'prev_value': None, 'change': True}
2024-07-16 22:01:11,209 : INFO : EventManager : Event: ======'machine_var_audits_shots_skillshot_p2_target'====== Args={'value': 8, 'prev_value': None, 'change': True}
2024-07-16 22:01:11,209 : INFO : EventManager : Event: ======'machine_var_audits_shots_skillshot_p_target'====== Args={'value': 25, 'prev_value': None, 'change': True}
2024-07-16 22:01:11,210 : INFO : EventManager : Event: ======'machine_var_audits_shots_skillshot_r_target'====== Args={'value': 14, 'prev_value': None, 'change': True}
2024-07-16 22:01:11,210 : INFO : EventManager : Event: ======'machine_var_audits_switches_s_a_target'====== Args={'value': 92, 'prev_value': None, 'change': True}
2024-07-16 22:01:11,210 : INFO : EventManager : Event: ======'machine_var_audits_switches_s_bottom_inline_drop'====== Args={'value': 267, 'prev_value': None, 'change': True}
2024-07-16 22:01:11,210 : INFO : EventManager : Event: ======'machine_var_audits_switches_s_bottom_pop_bumper'====== Args={'value': 9, 'prev_value': None, 'change': True}
2024-07-16 22:01:11,210 : INFO : EventManager : Event: ======'machine_var_audits_switches_s_center_spinner'====== Args={'value': 3, 'prev_value': None, 'change': True}
2024-07-16 22:01:11,210 : INFO : EventManager : Event: ======'machine_var_audits_switches_s_e_target'====== Args={'value': 105, 'prev_value': None, 'change': True}
2024-07-16 22:01:11,211 : INFO : EventManager : Event: ======'machine_var_audits_switches_s_left_flipper'====== Args={'value': 165, 'prev_value': None, 'change': True}
2024-07-16 22:01:11,211 : INFO : EventManager : Event: ======'machine_var_audits_switches_s_left_inlane'====== Args={'value': 10, 'prev_value': None, 'change': True}
2024-07-16 22:01:11,211 : INFO : EventManager : Event: ======'machine_var_audits_switches_s_left_inner_horseshoe'====== Args={'value': 15, 'prev_value': None, 'change': True}
2024-07-16 22:01:11,211 : INFO : EventManager : Event: ======'machine_var_audits_switches_s_left_orbit_enter'====== Args={'value': 21, 'prev_value': None, 'change': True}
2024-07-16 22:01:11,211 : INFO : EventManager : Event: ======'machine_var_audits_switches_s_left_orbit_exit'====== Args={'value': 13, 'prev_value': None, 'change': True}
2024-07-16 22:01:11,211 : INFO : EventManager : Event: ======'machine_var_audits_switches_s_left_outlane'====== Args={'value': 25, 'prev_value': None, 'change': True}
2024-07-16 22:01:11,211 : INFO : EventManager : Event: ======'machine_var_audits_switches_s_left_pop_bumper'====== Args={'value': 4, 'prev_value': None, 'change': True}
2024-07-16 22:01:11,211 : INFO : EventManager : Event: ======'machine_var_audits_switches_s_left_ramp_enter'====== Args={'value': 9, 'prev_value': None, 'change': True}
2024-07-16 22:01:11,212 : INFO : EventManager : Event: ======'machine_var_audits_switches_s_left_ramp_exit'====== Args={'value': 3, 'prev_value': None, 'change': True}
2024-07-16 22:01:11,212 : INFO : EventManager : Event: ======'machine_var_audits_switches_s_left_ramp_standup'====== Args={'value': 633, 'prev_value': None, 'change': True}
2024-07-16 22:01:11,212 : INFO : EventManager : Event: ======'machine_var_audits_switches_s_left_rollover_lane'====== Args={'value': 162, 'prev_value': None, 'change': True}
2024-07-16 22:01:11,212 : INFO : EventManager : Event: ======'machine_var_audits_switches_s_left_sling'====== Args={'value': 12, 'prev_value': None, 'change': True}
2024-07-16 22:01:11,212 : INFO : EventManager : Event: ======'machine_var_audits_switches_s_left_spinner'====== Args={'value': 94, 'prev_value': None, 'change': True}
2024-07-16 22:01:11,212 : INFO : EventManager : Event: ======'machine_var_audits_switches_s_middle_inline_drop'====== Args={'value': 254, 'prev_value': None, 'change': True}
2024-07-16 22:01:11,212 : INFO : EventManager : Event: ======'machine_var_audits_switches_s_middle_rollover_lane'====== Args={'value': 155, 'prev_value': None, 'change': True}
2024-07-16 22:01:11,213 : INFO : EventManager : Event: ======'machine_var_audits_switches_s_n_target'====== Args={'value': 91, 'prev_value': None, 'change': True}
2024-07-16 22:01:11,213 : INFO : EventManager : Event: ======'machine_var_audits_switches_s_o_target'====== Args={'value': 105, 'prev_value': None, 'change': True}
2024-07-16 22:01:11,213 : INFO : EventManager : Event: ======'machine_var_audits_switches_s_p2_target'====== Args={'value': 31, 'prev_value': None, 'change': True}
2024-07-16 22:01:11,213 : INFO : EventManager : Event: ======'machine_var_audits_switches_s_p_target'====== Args={'value': 286, 'prev_value': None, 'change': True}
2024-07-16 22:01:11,213 : INFO : EventManager : Event: ======'machine_var_audits_switches_s_plunger'====== Args={'value': 493, 'prev_value': None, 'change': True}
2024-07-16 22:01:11,213 : INFO : EventManager : Event: ======'machine_var_audits_switches_s_plunger_lane'====== Args={'value': 39, 'prev_value': None, 'change': True}
2024-07-16 22:01:11,214 : INFO : EventManager : Event: ======'machine_var_audits_switches_s_plunger_lane_exit'====== Args={'value': 291, 'prev_value': None, 'change': True}
2024-07-16 22:01:11,214 : INFO : EventManager : Event: ======'machine_var_audits_switches_s_r_target'====== Args={'value': 125, 'prev_value': None, 'change': True}
2024-07-16 22:01:11,214 : INFO : EventManager : Event: ======'machine_var_audits_switches_s_right_flipper'====== Args={'value': 370, 'prev_value': None, 'change': True}
2024-07-16 22:01:11,214 : INFO : EventManager : Event: ======'machine_var_audits_switches_s_right_inlane'====== Args={'value': 9, 'prev_value': None, 'change': True}
2024-07-16 22:01:11,214 : INFO : EventManager : Event: ======'machine_var_audits_switches_s_right_inner_horseshoe'====== Args={'value': 8, 'prev_value': None, 'change': True}
2024-07-16 22:01:11,214 : INFO : EventManager : Event: ======'machine_var_audits_switches_s_right_orbit_exit'====== Args={'value': 33, 'prev_value': None, 'change': True}
2024-07-16 22:01:11,214 : INFO : EventManager : Event: ======'machine_var_audits_switches_s_right_outlane'====== Args={'value': 8, 'prev_value': None, 'change': True}
2024-07-16 22:01:11,215 : INFO : EventManager : Event: ======'machine_var_audits_switches_s_right_pop_bumper'====== Args={'value': 16, 'prev_value': None, 'change': True}
2024-07-16 22:01:11,215 : INFO : EventManager : Event: ======'machine_var_audits_switches_s_right_ramp_enter'====== Args={'value': 1, 'prev_value': None, 'change': True}
2024-07-16 22:01:11,215 : INFO : EventManager : Event: ======'machine_var_audits_switches_s_right_ramp_exit'====== Args={'value': 1, 'prev_value': None, 'change': True}
2024-07-16 22:01:11,215 : INFO : EventManager : Event: ======'machine_var_audits_switches_s_right_ramp_standup'====== Args={'value': 184, 'prev_value': None, 'change': True}
2024-07-16 22:01:11,215 : INFO : EventManager : Event: ======'machine_var_audits_switches_s_right_rollover_lane'====== Args={'value': 169, 'prev_value': None, 'change': True}
2024-07-16 22:01:11,215 : INFO : EventManager : Event: ======'machine_var_audits_switches_s_right_sling'====== Args={'value': 1, 'prev_value': None, 'change': True}
2024-07-16 22:01:11,216 : INFO : EventManager : Event: ======'machine_var_audits_switches_s_scoop'====== Args={'value': 82, 'prev_value': None, 'change': True}
2024-07-16 22:01:11,216 : INFO : EventManager : Event: ======'machine_var_audits_switches_s_start'====== Args={'value': 285, 'prev_value': None, 'change': True}
2024-07-16 22:01:11,216 : INFO : EventManager : Event: ======'machine_var_audits_switches_s_top_inline_drop'====== Args={'value': 36, 'prev_value': None, 'change': True}
2024-07-16 22:01:11,216 : INFO : EventManager : Event: ======'machine_var_audits_switches_s_trough1'====== Args={'value': 324, 'prev_value': None, 'change': True}
2024-07-16 22:01:11,216 : INFO : EventManager : Event: ======'machine_var_audits_switches_s_trough2'====== Args={'value': 25, 'prev_value': None, 'change': True}
2024-07-16 22:01:11,217 : INFO : EventManager : Event: ======'machine_var_audits_switches_s_trough3'====== Args={'value': 5, 'prev_value': None, 'change': True}
2024-07-16 22:01:11,217 : INFO : EventManager : Event: ======'machine_var_audits_switches_s_trough4'====== Args={'value': 2, 'prev_value': None, 'change': True}
2024-07-16 22:01:11,217 : INFO : EventManager : Event: ======'machine_var_audits_switches_s_trough5'====== Args={'value': 2, 'prev_value': None, 'change': True}
2024-07-16 22:01:11,217 : INFO : EventManager : Event: ======'machine_var_audits_switches_s_trough6'====== Args={'value': 1, 'prev_value': None, 'change': True}
2024-07-16 22:01:11,217 : INFO : EventManager : Event: ======'machine_var_audits_switches_s_trough_jam'====== Args={'value': 5, 'prev_value': None, 'change': True}
2024-07-16 22:01:11,218 : INFO : EventManager : Event: ======'init_phase_5'====== Args={}
2024-07-16 22:01:11,220 : INFO : EventManager : Event: ======'init_done'====== Args={}
2024-07-16 22:01:11,220 : INFO : EventManager : Event: ======'machine_reset_phase_1'====== Args={}
2024-07-16 22:01:11,227 : INFO : EventManager : Event: ======'machine_reset_phase_2'====== Args={}
2024-07-16 22:01:11,227 : INFO : EventManager : Event: ======'machine_reset_phase_3'====== Args={}
2024-07-16 22:01:11,228 : INFO : drop_target_bank.strickland_bank : All targets are already up. Will not reset bank.
2024-07-16 22:01:11,228 : INFO : EventManager : Event: ======'reset_complete'====== Args={}
2024-07-16 22:01:11,228 : INFO : EventManager : Event: ======'mode_attract_will_start'====== Args={}
2024-07-16 22:01:11,228 : INFO : Timer.attract_switch : Starting Timer.
2024-07-16 22:01:11,228 : INFO : EventManager : Event: ======'timer_attract_switch_started'====== Args={'ticks': 0, 'ticks_remaining': 45}
2024-07-16 22:01:11,228 : INFO : EventManager : Event: ======'timer_attract_switch_tick'====== Args={'ticks': 0, 'ticks_remaining': 45}
2024-07-16 22:01:11,228 : INFO : EventManager : Event: ======'mode_attract_starting'====== Args={}
2024-07-16 22:01:11,228 : INFO : Mode.attract : Started. Priority: 10
2024-07-16 22:01:11,228 : INFO : EventManager : Event: ======'modes_active_modes_changed'====== Args={}
2024-07-16 22:01:11,228 : INFO : EventManager : Event: ======'mode_attract_started'====== Args={}
2024-07-16 22:01:11,229 : INFO : EventManager : Event: ======'collecting_balls_complete'====== Args={}
2024-07-16 22:01:11,229 : INFO : Machine : Starting the main run loop.
2024-07-16 22:01:11,866 : INFO : BcpServer : New client connected.
2024-07-16 22:01:12,230 : INFO : EventManager : Event: ======'timer_attract_switch_tick'====== Args={'ticks': 1, 'ticks_remaining': 44}
2024-07-16 22:01:12,246 : INFO : EventManager : Event: ======'slide__removed'====== Args={'_from_bcp': True}
2024-07-16 22:01:12,273 : INFO : EventManager : Event: ======'slide_dtp_logo_attract_created'====== Args={'_from_bcp': True}
2024-07-16 22:01:12,274 : INFO : EventManager : Event: ======'slide_dtp_logo_attract_active'====== Args={'original_context': 'attract', 'original_calling_context': 'timer_attract_switch_tick{ticks==1}', 'cmd': 'slides_play', '_from_bcp': True}
2024-07-16 22:01:12,422 : INFO : SwitchController : <<<<<<< 's_start' active >>>>>>>
2024-07-16 22:01:12,479 : INFO : SwitchController : <<<<<<< 's_start' inactive >>>>>>>
2024-07-16 22:01:12,479 : INFO : EventManager : Event: ======'request_to_start_game'====== Args={}
2024-07-16 22:01:12,480 : INFO : EventManager : Event: ======'game_start'====== Args={'buttons': [], 'hold_time': 0.057294665999999994}
2024-07-16 22:01:12,480 : INFO : EventManager : Event: ======'mode_game_will_start'====== Args={'buttons': [], 'hold_time': 0.057294665999999994}
2024-07-16 22:01:12,480 : INFO : EventManager : Event: ======'mode_game_starting'====== Args={'buttons': [], 'hold_time': 0.057294665999999994}
2024-07-16 22:01:12,481 : INFO : EventManager : Event: ======'mode_attract_will_stop'====== Args={}
2024-07-16 22:01:12,481 : INFO : EventManager : Event: ======'mode_attract_stopping'====== Args={}
2024-07-16 22:01:12,481 : INFO : Mode.attract : Stopped.
2024-07-16 22:01:12,481 : INFO : EventManager : Event: ======'modes_active_modes_changed'====== Args={}
2024-07-16 22:01:12,481 : INFO : EventManager : Event: ======'mode_attract_stopped'====== Args={}
2024-07-16 22:01:12,481 : INFO : EventManager : Event: ======'clear'====== Args={'key': 'attract'}
2024-07-16 22:01:12,482 : INFO : Timer.attract_switch : Stopping Timer
2024-07-16 22:01:12,482 : INFO : EventManager : Event: ======'timer_attract_switch_stopped'====== Args={'ticks': 1, 'ticks_remaining': 44}
2024-07-16 22:01:12,482 : INFO : Mode.game : Started. Priority: 20
2024-07-16 22:01:12,482 : INFO : EventManager : Event: ======'modes_active_modes_changed'====== Args={}
2024-07-16 22:01:12,482 : INFO : EventManager : Event: ======'mode_game_started'====== Args={'buttons': [], 'hold_time': 0.057294665999999994}
2024-07-16 22:01:12,483 : INFO : EventManager : Event: ======'game_will_start'====== Args={}
2024-07-16 22:01:12,483 : INFO : EventManager : Event: ======'game_starting'====== Args={'game': <Mode.game>}
2024-07-16 22:01:12,484 : INFO : EventManager : Unordered handler for class <Auditor> on event game_ended with priority 1. Handlers: [RegisteredHandler(callback=<bound method Auditor.disable of <Auditor>>, priority=1, kwargs={}, key=UUID('f5c546e4-e8fe-4de0-8e1a-6627599a7bf0'), condition=None, blocking_facility=None), RegisteredHandler(callback=<bound method Auditor._save_audits of <Auditor>>, priority=1, kwargs={}, key=UUID('cf5d77f9-a40f-493b-9a0b-1b442c11f568'), condition=None, blocking_facility=None)]. The order of those handlers is not defined and they will be executed in random order. This might lead to race conditions and potential bugs.
2024-07-16 22:01:12,484 : INFO : EventManager : Event: ======'player_add_request'====== Args={}
2024-07-16 22:01:12,484 : INFO : EventManager : Event: ======'player_will_add'====== Args={'number': 1}
2024-07-16 22:01:12,484 : INFO : EventManager : Event: ======'player_adding'====== Args={'player': <Player 1>, 'number': 1}
2024-07-16 22:01:12,485 : INFO : EventManager : Event: ======'player_added'====== Args={'player': <Player 1>, 'num': 1}
2024-07-16 22:01:12,485 : INFO : Mode.game : Player added successfully. Total players: 1
2024-07-16 22:01:12,485 : INFO : EventManager : Event: ======'player_index'====== Args={'value': 0, 'prev_value': 0, 'change': 0, 'player_num': 1}
2024-07-16 22:01:12,485 : INFO : EventManager : Event: ======'player_number'====== Args={'value': 1, 'prev_value': 1, 'change': 0, 'player_num': 1}
2024-07-16 22:01:12,485 : INFO : EventManager : Event: ======'player_score'====== Args={'value': 0, 'prev_value': 0, 'change': 0, 'player_num': 1}
2024-07-16 22:01:12,486 : INFO : EventManager : Event: ======'game_started'====== Args={}
2024-07-16 22:01:12,487 : INFO : EventManager : Event: ======'player_turn_will_start'====== Args={'player': <Player 1>, 'number': 1}
2024-07-16 22:01:12,487 : INFO : EventManager : Event: ======'player_turn_starting'====== Args={'player': <Player 1>, 'number': 1}
2024-07-16 22:01:12,492 : INFO : EventManager : Event: ======'player_ball'====== Args={'value': 1, 'prev_value': 0, 'change': 1, 'player_num': 1}
2024-07-16 22:01:12,492 : INFO : EventManager : Event: ======'player_turn_started'====== Args={'player': <Player 1>, 'number': 1}
2024-07-16 22:01:12,496 : INFO : EventManager : Event: ======'ball_will_start'====== Args={'player': 1, 'ball': 1, 'balls_remaining': 2, 'is_extra_ball': False}
2024-07-16 22:01:12,496 : INFO : EventManager : Event: ======'ball_starting'====== Args={'player': 1, 'ball': 1, 'balls_remaining': 2, 'is_extra_ball': False}
2024-07-16 22:01:12,497 : INFO : EventManager : Event: ======'mode_skillshot_will_start'====== Args={'queue': <QueuedEvent>, 'player': 1, 'ball': 1, 'balls_remaining': 2, 'is_extra_ball': False}
2024-07-16 22:01:12,497 : INFO : EventManager : Event: ======'skillshot_complete'====== Args={'state': 'None'}
2024-07-16 22:01:12,497 : INFO : EventManager : Event: ======'skillshot_None_complete'====== Args={}
2024-07-16 22:01:12,498 : INFO : EventManager : Event: ======'player_shot_skillshot_p_target_enabled'====== Args={'value': True, 'prev_value': 0, 'change': 1, 'player_num': 1}
2024-07-16 22:01:12,498 : INFO : EventManager : Event: ======'player_shot_skillshot_r_target_enabled'====== Args={'value': True, 'prev_value': 0, 'change': 1, 'player_num': 1}
2024-07-16 22:01:12,498 : INFO : EventManager : Event: ======'player_shot_skillshot_o_target_enabled'====== Args={'value': True, 'prev_value': 0, 'change': 1, 'player_num': 1}
2024-07-16 22:01:12,498 : INFO : EventManager : Event: ======'player_shot_skillshot_p2_target_enabled'====== Args={'value': True, 'prev_value': 0, 'change': 1, 'player_num': 1}
2024-07-16 22:01:12,499 : INFO : EventManager : Event: ======'player_shot_skillshot_a_target_enabled'====== Args={'value': True, 'prev_value': 0, 'change': 1, 'player_num': 1}
2024-07-16 22:01:12,499 : INFO : EventManager : Event: ======'player_shot_skillshot_n_target_enabled'====== Args={'value': True, 'prev_value': 0, 'change': 1, 'player_num': 1}
2024-07-16 22:01:12,499 : INFO : EventManager : Event: ======'player_shot_skillshot_e_target_enabled'====== Args={'value': True, 'prev_value': 0, 'change': 1, 'player_num': 1}
2024-07-16 22:01:12,500 : INFO : EventManager : Event: ======'player_skillshot_skillshot_rotate_tick'====== Args={'value': 0, 'prev_value': 0, 'change': 0, 'player_num': 1}
2024-07-16 22:01:12,500 : INFO : Timer.skillshot_rotate : Starting Timer.
2024-07-16 22:01:12,500 : INFO : EventManager : Event: ======'timer_skillshot_rotate_started'====== Args={'ticks': 0, 'ticks_remaining': 0}
2024-07-16 22:01:12,500 : INFO : EventManager : Event: ======'timer_skillshot_rotate_tick'====== Args={'ticks': 0, 'ticks_remaining': 0}
2024-07-16 22:01:12,501 : INFO : EventManager : Event: ======'mode_skillshot_starting'====== Args={'queue': <QueuedEvent>, 'player': 1, 'ball': 1, 'balls_remaining': 2, 'is_extra_ball': False}
2024-07-16 22:01:12,501 : INFO : drop_target_bank.strickland_bank : All targets are already up. Will not reset bank.
2024-07-16 22:01:12,501 : INFO : EventManager : Event: ======'cmd_flippers_enable'====== Args={'priority': 0}
2024-07-16 22:01:12,501 : INFO : EventManager : Event: ======'cmd_autofire_coils_enable'====== Args={'priority': 0}
2024-07-16 22:01:12,502 : INFO : EventManager : Event: ======'cmd_drop_targets_reset'====== Args={'priority': 0}
2024-07-16 22:01:12,502 : INFO : Mode.skillshot : Started. Priority: 200
2024-07-16 22:01:12,502 : INFO : EventManager : Event: ======'modes_active_modes_changed'====== Args={}
2024-07-16 22:01:12,502 : INFO : EventManager : Event: ======'mode_skillshot_started'====== Args={'queue': <QueuedEvent>, 'player': 1, 'ball': 1, 'balls_remaining': 2, 'is_extra_ball': False}
2024-07-16 22:01:12,502 : INFO : EventManager : Event: ======'player_shot_skillshot_p_target'====== Args={'value': 1, 'prev_value': 0, 'change': 1, 'player_num': 1}
2024-07-16 22:01:12,503 : INFO : EventManager : Event: ======'balls_in_play'====== Args={'balls': 1}
2024-07-16 22:01:12,503 : INFO : EventManager : Event: ======'ball_started'====== Args={'player': 1, 'ball': 1, 'balls_remaining': 2, 'is_extra_ball': False}
2024-07-16 22:01:12,503 : INFO : EventManager : Event: ======'mode_BBQ_rollover_will_start'====== Args={'player': 1, 'ball': 1, 'balls_remaining': 2, 'is_extra_ball': False}
2024-07-16 22:01:12,503 : INFO : EventManager : Event: ======'player_shot_left_rollover_lane_enabled'====== Args={'value': True, 'prev_value': 0, 'change': 1, 'player_num': 1}
2024-07-16 22:01:12,504 : INFO : EventManager : Event: ======'player_shot_middle_rollover_lane_enabled'====== Args={'value': True, 'prev_value': 0, 'change': 1, 'player_num': 1}
2024-07-16 22:01:12,504 : INFO : EventManager : Event: ======'player_shot_right_rollover_lane_enabled'====== Args={'value': True, 'prev_value': 0, 'change': 1, 'player_num': 1}
2024-07-16 22:01:12,504 : INFO : EventManager : Event: ======'BBQ_lanes_complete'====== Args={'state': 'unlit'}
2024-07-16 22:01:12,504 : INFO : EventManager : Event: ======'BBQ_lanes_unlit_complete'====== Args={}
2024-07-16 22:01:12,505 : INFO : EventManager : Event: ======'mode_BBQ_rollover_starting'====== Args={'player': 1, 'ball': 1, 'balls_remaining': 2, 'is_extra_ball': False}
2024-07-16 22:01:12,505 : INFO : EventManager : Event: ======'mode_base_will_start'====== Args={'player': 1, 'ball': 1, 'balls_remaining': 2, 'is_extra_ball': False}
2024-07-16 22:01:12,505 : INFO : EventManager : Event: ======'player_extra_ball_score_one_num_awarded'====== Args={'value': 0, 'prev_value': 0, 'change': 0, 'player_num': 1}
2024-07-16 22:01:12,506 : INFO : EventManager : Event: ======'player_extra_ball_score_two_num_awarded'====== Args={'value': 0, 'prev_value': 0, 'change': 0, 'player_num': 1}
2024-07-16 22:01:12,506 : INFO : EventManager : Event: ======'player_shot_qualify_p_target_enabled'====== Args={'value': True, 'prev_value': 0, 'change': 1, 'player_num': 1}
2024-07-16 22:01:12,506 : INFO : EventManager : Event: ======'player_shot_qualify_r_target_enabled'====== Args={'value': True, 'prev_value': 0, 'change': 1, 'player_num': 1}
2024-07-16 22:01:12,506 : INFO : EventManager : Event: ======'player_shot_qualify_o_target_enabled'====== Args={'value': True, 'prev_value': 0, 'change': 1, 'player_num': 1}
2024-07-16 22:01:12,506 : INFO : EventManager : Event: ======'qualify_mission_complete'====== Args={'state': 'unlit'}
2024-07-16 22:01:12,506 : INFO : EventManager : Event: ======'qualify_mission_unlit_complete'====== Args={}
2024-07-16 22:01:12,508 : INFO : EventManager : Event: ======'mode_base_starting'====== Args={'player': 1, 'ball': 1, 'balls_remaining': 2, 'is_extra_ball': False}
2024-07-16 22:01:12,509 : INFO : Mode.base : Started. Priority: 100
2024-07-16 22:01:12,509 : INFO : EventManager : Event: ======'modes_active_modes_changed'====== Args={}
2024-07-16 22:01:12,509 : INFO : EventManager : Event: ======'mode_base_started'====== Args={'player': 1, 'ball': 1, 'balls_remaining': 2, 'is_extra_ball': False}
2024-07-16 22:01:12,509 : INFO : EventManager : Event: ======'ball_save_default_enabled'====== Args={}
2024-07-16 22:01:12,509 : INFO : EventManager : Event: ======'logicblock_lb_BBQ_complete_count_updated'====== Args={'value': 1, 'enabled': True}
2024-07-16 22:01:12,509 : INFO : EventManager : Event: ======'logicblock_lb_BBQ_complete_count_updated'====== Args={'value': 1, 'enabled': True}
2024-07-16 22:01:12,510 : INFO : Mode.BBQ_rollover : Started. Priority: 200
2024-07-16 22:01:12,510 : INFO : EventManager : Event: ======'modes_active_modes_changed'====== Args={}
2024-07-16 22:01:12,510 : INFO : EventManager : Event: ======'mode_BBQ_rollover_started'====== Args={'player': 1, 'ball': 1, 'balls_remaining': 2, 'is_extra_ball': False}
2024-07-16 22:01:12,510 : INFO : EventManager : Event: ======'player_bonus_multiplier'====== Args={'value': 1, 'prev_value': 0, 'change': 1, 'player_num': 1, 'source': 'BBQ_rollover'}
2024-07-16 22:01:12,510 : INFO : EventManager : Event: ======'single_player_ball_started'====== Args={}
2024-07-16 22:01:12,514 : INFO : EventManager : Event: ======'ball_start_target'====== Args={'target': 'playfield'}
2024-07-16 22:01:12,514 : INFO : ball_device.bd_plunger : Setting up player-controlled eject. Balls: 1, Target: <playfield.playfield>, player_controlled_eject_event: None
2024-07-16 22:01:12,514 : INFO : EventManager : Event: ======'balldevice_balls_available'====== Args={}
2024-07-16 22:01:12,514 : INFO : ball_device.bd_trough : State: waiting_for_target_ready
2024-07-16 22:01:12,514 : INFO : EventManager : Event: ======'balldevice_bd_trough_ball_eject_attempt'====== Args={'balls': 1, 'target': <ball_device.bd_plunger>, 'source': <ball_device.bd_trough>, 'mechanical_eject': True, 'num_attempts': 0}
2024-07-16 22:01:12,515 : INFO : ball_device.bd_plunger : State: waiting_for_ball
2024-07-16 22:01:12,515 : INFO : ball_device.bd_trough : State: ejecting
2024-07-16 22:01:12,515 : INFO : ball_device.bd_trough : Ejecting ball to <ball_device.bd_plunger>
2024-07-16 22:01:12,515 : INFO : EventManager : Event: ======'balldevice_bd_trough_ejecting_ball'====== Args={'balls': 1, 'target': <ball_device.bd_plunger>, 'source': <ball_device.bd_trough>, 'mechanical_eject': True, 'num_attempts': 0}
2024-07-16 22:01:12,515 : INFO : ball_device.bd_trough : Wait for ball to leave device
2024-07-16 22:01:12,515 : INFO : coil.c_trough_eject : Pulsing Driver for 20ms (1.0 pulse_power)
2024-07-16 22:01:12,515 : INFO : SwitchController : <<<<<<< 's_trough1' inactive >>>>>>>
2024-07-16 22:01:12,516 : INFO : ball_device.bd_trough : State: ball_left
2024-07-16 22:01:12,516 : INFO : ball_device.bd_trough : Ball left
2024-07-16 22:01:12,516 : INFO : ball_device.bd_trough : Wait for confirm with timeout 3.0
2024-07-16 22:01:12,520 : INFO : EventManager : Event: ======'slide_skillshot_created'====== Args={'_from_bcp': True}
2024-07-16 22:01:12,520 : INFO : EventManager : Event: ======'slide_dtp_logo_attract_inactive'====== Args={'_from_bcp': True}
2024-07-16 22:01:12,520 : INFO : EventManager : Event: ======'slide_skillshot_active'====== Args={'original_context': 'skillshot', 'original_calling_context': 'mode_skillshot_started', 'queue': '<QueuedEvent>', 'cmd': 'slides_play', '_from_bcp': True}
2024-07-16 22:01:12,520 : INFO : EventManager : Event: ======'slide_dtp_logo_attract_removed'====== Args={'_from_bcp': True}
2024-07-16 22:01:12,532 : INFO : EventManager : Event: ======'slide_base_created'====== Args={'_from_bcp': True}
2024-07-16 22:01:12,617 : INFO : SwitchController : <<<<<<< 's_plunger' active >>>>>>>
2024-07-16 22:01:12,617 : INFO : EventManager : Event: ======'machine_var_audits_switches_s_plunger'====== Args={'value': 494, 'prev_value': 493, 'change': 1}
2024-07-16 22:01:13,118 : INFO : ball_device.bd_plunger : Received ball from <ball_device.bd_trough>
2024-07-16 22:01:13,118 : INFO : EventManager : Event: ======'balldevice_bd_plunger_ball_enter'====== Args={'new_balls': 1, 'unclaimed_balls': 0, 'new_available_balls': 0, 'device': <ball_device.bd_plunger>}
2024-07-16 22:01:13,120 : INFO : EventManager : Event: ======'balldevice_bd_plunger_ball_entered'====== Args={'new_balls': 0, 'device': <ball_device.bd_plunger>}
2024-07-16 22:01:13,121 : INFO : EventManager : Event: ======'balldevice_bd_plunger_ball_count_changed'====== Args={'balls': 1}
2024-07-16 22:01:13,122 : INFO : ball_device.bd_trough : Got eject confirm
2024-07-16 22:01:13,122 : INFO : ball_device.bd_trough : Eject successful
2024-07-16 22:01:13,122 : INFO : EventManager : Event: ======'balldevice_bd_trough_ball_eject_success'====== Args={'balls': 1, 'target': <ball_device.bd_plunger>}
2024-07-16 22:01:13,123 : INFO : EventManager : Event: ======'balldevice_bd_trough_ball_count_changed'====== Args={'balls': 5}
2024-07-16 22:01:13,124 : INFO : ball_device.bd_trough : State: idle
2024-07-16 22:01:13,124 : INFO : ball_device.bd_plunger : State: waiting_for_target_ready
2024-07-16 22:01:13,125 : INFO : EventManager : Event: ======'balldevice_bd_plunger_ball_eject_attempt'====== Args={'balls': 1, 'target': <playfield.playfield>, 'source': <ball_device.bd_plunger>, 'mechanical_eject': True, 'num_attempts': 0}
2024-07-16 22:01:13,126 : INFO : ball_device.bd_plunger : State: ejecting
2024-07-16 22:01:13,126 : INFO : ball_device.bd_plunger : Ejecting ball to <playfield.playfield>
2024-07-16 22:01:13,127 : INFO : EventManager : Event: ======'balldevice_bd_plunger_ejecting_ball'====== Args={'balls': 1, 'target': <playfield.playfield>, 'source': <ball_device.bd_plunger>, 'mechanical_eject': True, 'num_attempts': 0}
2024-07-16 22:01:13,130 : INFO : ball_device.bd_plunger : Wait for ball to leave device
2024-07-16 22:01:13,279 : WARNING : SwitchController : Received duplicate switch state 1 for switch s_plunger from the platform interface. Log Code: Log-SwitchController-1 (https://missionpinball.org/logs)
2024-07-16 22:01:13,364 : INFO : SwitchController : <<<<<<< 's_plunger' inactive >>>>>>>
2024-07-16 22:01:13,365 : INFO : ball_device.bd_plunger : State: ball_left
2024-07-16 22:01:13,365 : INFO : ball_device.bd_plunger : Ball left
2024-07-16 22:01:13,365 : INFO : ball_device.bd_plunger : Wait for confirm with timeout 3.0
2024-07-16 22:01:13,500 : INFO : EventManager : Event: ======'player_skillshot_skillshot_rotate_tick'====== Args={'value': 1, 'prev_value': 0, 'change': 1, 'player_num': 1}
2024-07-16 22:01:13,503 : INFO : EventManager : Event: ======'timer_skillshot_rotate_tick'====== Args={'ticks': 1, 'ticks_remaining': 0}
2024-07-16 22:01:13,504 : INFO : EventManager : Event: ======'player_shot_skillshot_p_target'====== Args={'value': 0, 'prev_value': 1, 'change': -1, 'player_num': 1}
2024-07-16 22:01:13,524 : INFO : EventManager : Event: ======'player_shot_skillshot_r_target'====== Args={'value': 1, 'prev_value': 0, 'change': 1, 'player_num': 1}
2024-07-16 22:01:14,501 : INFO : EventManager : Event: ======'player_skillshot_skillshot_rotate_tick'====== Args={'value': 2, 'prev_value': 1, 'change': 1, 'player_num': 1}
2024-07-16 22:01:14,502 : INFO : EventManager : Event: ======'timer_skillshot_rotate_tick'====== Args={'ticks': 2, 'ticks_remaining': 0}
2024-07-16 22:01:14,503 : INFO : EventManager : Event: ======'player_shot_skillshot_r_target'====== Args={'value': 0, 'prev_value': 1, 'change': -1, 'player_num': 1}
2024-07-16 22:01:14,504 : INFO : EventManager : Event: ======'player_shot_skillshot_o_target'====== Args={'value': 1, 'prev_value': 0, 'change': 1, 'player_num': 1}
2024-07-16 22:01:14,777 : INFO : SwitchController : <<<<<<< 's_plunger_lane_exit' active >>>>>>>
2024-07-16 22:01:14,777 : INFO : EventManager : Event: ======'s_plunger_lane_exit_active'====== Args={}
2024-07-16 22:01:14,778 : INFO : EventManager : Event: ======'sw_playfield_active'====== Args={}
2024-07-16 22:01:14,778 : INFO : EventManager : Event: ======'machine_var_audits_switches_s_plunger_lane_exit'====== Args={'value': 292, 'prev_value': 291, 'change': 1}
2024-07-16 22:01:14,780 : INFO : EventManager : Event: ======'ball_save_default_timer_start'====== Args={}
2024-07-16 22:01:14,780 : INFO : EventManager : Event: ======'playfield_active'====== Args={}
2024-07-16 22:01:14,787 : INFO : ball_device.bd_plunger : Got eject confirm
2024-07-16 22:01:14,787 : INFO : ball_device.bd_plunger : Eject successful
2024-07-16 22:01:14,788 : INFO : EventManager : Event: ======'balldevice_bd_plunger_ball_eject_success'====== Args={'balls': 1, 'target': <playfield.playfield>}
2024-07-16 22:01:14,788 : INFO : EventManager : Event: ======'balldevice_playfield_ball_enter'====== Args={'new_balls': 1, 'unclaimed_balls': 1, 'device': <playfield.playfield>}
2024-07-16 22:01:14,788 : INFO : EventManager : Event: ======'playfield_ball_count_change'====== Args={'balls': 1, 'change': 1}
2024-07-16 22:01:14,788 : INFO : EventManager : Event: ======'balldevice_bd_plunger_ball_count_changed'====== Args={'balls': 0}
2024-07-16 22:01:14,789 : INFO : ball_device.bd_plunger : State: idle
2024-07-16 22:01:14,879 : INFO : SwitchController : <<<<<<< 's_plunger_lane_exit' inactive >>>>>>>
2024-07-16 22:01:14,879 : INFO : EventManager : Event: ======'s_plunger_lane_exit_inactive'====== Args={}
2024-07-16 22:01:14,880 : INFO : Timer.skillshot_rotate : Stopping Timer
2024-07-16 22:01:14,880 : INFO : EventManager : Event: ======'timer_skillshot_rotate_stopped'====== Args={'ticks': 2, 'ticks_remaining': 0}
2024-07-16 22:01:14,880 : INFO : EventManager : Event: ======'advance_skillshot_3'====== Args={'priority': 0}
2024-07-16 22:01:14,880 : INFO : EventManager : Event: ======'player_shot_skillshot_o_target'====== Args={'value': 2, 'prev_value': 1, 'change': 1, 'player_num': 1}
2024-07-16 22:01:15,649 : INFO : SwitchController : <<<<<<< 's_p2_target' active >>>>>>>
2024-07-16 22:01:15,650 : INFO : EventManager : Event: ======'s_p2_target_active'====== Args={}
2024-07-16 22:01:15,650 : INFO : EventManager : Event: ======'machine_var_audits_switches_s_p2_target'====== Args={'value': 32, 'prev_value': 31, 'change': 1}
2024-07-16 22:01:15,651 : INFO : EventManager : Event: ======'machine_var_audits_shots_skillshot_p2_target'====== Args={'value': 9, 'prev_value': 8, 'change': 1}
2024-07-16 22:01:15,652 : INFO : EventManager : Event: ======'skillshot_p2_target_hit'====== Args={'profile': 'skillshot_profile', 'state': 'off', 'advancing': False}
2024-07-16 22:01:15,652 : INFO : EventManager : Event: ======'skillshot_p2_target_skillshot_profile_hit'====== Args={'profile': 'skillshot_profile', 'state': 'off', 'advancing': False}
2024-07-16 22:01:15,653 : INFO : EventManager : Event: ======'skillshot_p2_target_skillshot_profile_off_hit'====== Args={'profile': 'skillshot_profile', 'state': 'off', 'advancing': False}
2024-07-16 22:01:15,653 : INFO : EventManager : Event: ======'skillshot_p2_target_off_hit'====== Args={'profile': 'skillshot_profile', 'state': 'off', 'advancing': False}
2024-07-16 22:01:15,653 : INFO : EventManager : Event: ======'player_score'====== Args={'value': 50, 'prev_value': 0, 'change': 50, 'player_num': 1, 'source': 'base'}
2024-07-16 22:01:15,654 : INFO : EventManager : Event: ======'skillshot_hit'====== Args={'shot': 'skillshot_p2_target'}
2024-07-16 22:01:15,654 : INFO : EventManager : Event: ======'skillshot_off_hit'====== Args={'shot': 'skillshot_p2_target'}
2024-07-16 22:01:15,654 : INFO : EventManager : Event: ======'stop_mode_skillshot'====== Args={'priority': 0}
2024-07-16 22:01:15,654 : INFO : EventManager : Event: ======'mode_skillshot_will_stop'====== Args={}
2024-07-16 22:01:15,655 : INFO : EventManager : Event: ======'mode_skillshot_stopping'====== Args={}
2024-07-16 22:01:15,657 : INFO : Mode.skillshot : Stopped.
2024-07-16 22:01:15,657 : INFO : EventManager : Event: ======'modes_active_modes_changed'====== Args={}
2024-07-16 22:01:15,658 : INFO : EventManager : Event: ======'mode_skillshot_stopped'====== Args={}
2024-07-16 22:01:15,658 : INFO : EventManager : Event: ======'clear'====== Args={'key': 'skillshot'}
2024-07-16 22:01:15,659 : INFO : Timer.skillshot_rotate : Stopping Timer
2024-07-16 22:01:15,659 : INFO : EventManager : Event: ======'timer_skillshot_rotate_stopped'====== Args={'ticks': 2, 'ticks_remaining': 0}
2024-07-16 22:01:15,667 : INFO : EventManager : Event: ======'slide_skillshot_inactive'====== Args={'_from_bcp': True}
2024-07-16 22:01:15,667 : INFO : EventManager : Event: ======'slide_base_active'====== Args={'_from_bcp': True}
2024-07-16 22:01:15,667 : INFO : EventManager : Event: ======'slide_skillshot_removed'====== Args={'_from_bcp': True}
2024-07-16 22:01:15,764 : INFO : SwitchController : <<<<<<< 's_p2_target' inactive >>>>>>>
2024-07-16 22:01:15,787 : INFO : EventManager : Event: ======'stop_mode_skillshot'====== Args={'priority': 0}
2024-07-16 22:01:17,885 : INFO : SwitchController : <<<<<<< 's_left_spinner' active >>>>>>>
2024-07-16 22:01:17,885 : INFO : EventManager : Event: ======'s_left_spinner_active'====== Args={}
2024-07-16 22:01:17,886 : INFO : EventManager : Event: ======'machine_var_audits_switches_s_left_spinner'====== Args={'value': 95, 'prev_value': 94, 'change': 1}
2024-07-16 22:01:17,888 : INFO : EventManager : Event: ======'mode_mission_select_will_start'====== Args={}
2024-07-16 22:01:17,898 : INFO : EventManager : Event: ======'mode_mission_select_starting'====== Args={}
2024-07-16 22:01:17,899 : INFO : EventManager : Event: ======'player_score'====== Args={'value': 150, 'prev_value': 50, 'change': 100, 'player_num': 1, 'source': 'base'}
2024-07-16 22:01:17,901 : INFO : Mode.mission_select : Started. Priority: 800
2024-07-16 22:01:17,901 : INFO : EventManager : Event: ======'modes_active_modes_changed'====== Args={}
2024-07-16 22:01:17,901 : INFO : EventManager : Event: ======'mode_mission_select_started'====== Args={}
2024-07-16 22:01:17,902 : INFO : EventManager : Event: ======'item_highlighted'====== Args={'carousel': 'mission_select', 'direction': None, 'item': 'beat_the_surfer'}
2024-07-16 22:01:17,944 : INFO : EventManager : Event: ======'slide_mission_select_created'====== Args={'_from_bcp': True}
2024-07-16 22:01:17,945 : INFO : EventManager : Event: ======'slide_base_inactive'====== Args={'_from_bcp': True}
2024-07-16 22:01:17,945 : INFO : EventManager : Event: ======'slide_mission_select_active'====== Args={'original_context': 'mission_select', 'original_calling_context': 'mode_mission_select_started', 'cmd': 'slides_play', '_from_bcp': True}
2024-07-16 22:01:18,002 : INFO : SwitchController : <<<<<<< 's_left_spinner' inactive >>>>>>>
2024-07-16 22:01:20,090 : INFO : SwitchController : <<<<<<< 's_right_flipper' active >>>>>>>
2024-07-16 22:01:20,090 : INFO : EventManager : Event: ======'s_right_flipper_active'====== Args={}
2024-07-16 22:01:20,091 : INFO : EventManager : Event: ======'machine_var_audits_switches_s_right_flipper'====== Args={'value': 371, 'prev_value': 370, 'change': 1}
2024-07-16 22:01:20,093 : INFO : EventManager : Event: ======'item_highlighted'====== Args={'carousel': 'mission_select', 'direction': 'forwards', 'item': 'beer_can_named_desire'}
2024-07-16 22:01:20,199 : INFO : SwitchController : <<<<<<< 's_right_flipper' inactive >>>>>>>
2024-07-16 22:01:20,534 : INFO : SwitchController : <<<<<<< 's_right_flipper' active >>>>>>>
2024-07-16 22:01:20,535 : INFO : EventManager : Event: ======'s_right_flipper_active'====== Args={}
2024-07-16 22:01:20,536 : INFO : EventManager : Event: ======'machine_var_audits_switches_s_right_flipper'====== Args={'value': 372, 'prev_value': 371, 'change': 1}
2024-07-16 22:01:20,537 : INFO : EventManager : Event: ======'item_highlighted'====== Args={'carousel': 'mission_select', 'direction': 'forwards', 'item': 'bill_bulk_and_the_body_buddies'}
2024-07-16 22:01:20,667 : INFO : SwitchController : <<<<<<< 's_right_flipper' inactive >>>>>>>
2024-07-16 22:01:20,851 : INFO : SwitchController : <<<<<<< 's_right_flipper' active >>>>>>>
2024-07-16 22:01:20,851 : INFO : EventManager : Event: ======'s_right_flipper_active'====== Args={}
2024-07-16 22:01:20,852 : INFO : EventManager : Event: ======'machine_var_audits_switches_s_right_flipper'====== Args={'value': 373, 'prev_value': 372, 'change': 1}
2024-07-16 22:01:20,856 : INFO : EventManager : Event: ======'item_highlighted'====== Args={'carousel': 'mission_select', 'direction': 'forwards', 'item': 'boomhauer_tbd'}
2024-07-16 22:01:20,983 : INFO : SwitchController : <<<<<<< 's_right_flipper' inactive >>>>>>>
2024-07-16 22:01:21,150 : INFO : SwitchController : <<<<<<< 's_right_flipper' active >>>>>>>
2024-07-16 22:01:21,150 : INFO : EventManager : Event: ======'s_right_flipper_active'====== Args={}
2024-07-16 22:01:21,151 : INFO : EventManager : Event: ======'machine_var_audits_switches_s_right_flipper'====== Args={'value': 374, 'prev_value': 373, 'change': 1}
2024-07-16 22:01:21,152 : INFO : EventManager : Event: ======'item_highlighted'====== Args={'carousel': 'mission_select', 'direction': 'forwards', 'item': 'dale_tbd'}
2024-07-16 22:01:21,267 : INFO : SwitchController : <<<<<<< 's_right_flipper' inactive >>>>>>>
2024-07-16 22:01:21,452 : INFO : SwitchController : <<<<<<< 's_right_flipper' active >>>>>>>
2024-07-16 22:01:21,452 : INFO : EventManager : Event: ======'s_right_flipper_active'====== Args={}
2024-07-16 22:01:21,453 : INFO : EventManager : Event: ======'machine_var_audits_switches_s_right_flipper'====== Args={'value': 375, 'prev_value': 374, 'change': 1}
2024-07-16 22:01:21,454 : INFO : EventManager : Event: ======'item_highlighted'====== Args={'carousel': 'mission_select', 'direction': 'forwards', 'item': 'duke_the_dolphin'}
2024-07-16 22:01:21,587 : INFO : SwitchController : <<<<<<< 's_right_flipper' inactive >>>>>>>
2024-07-16 22:01:21,799 : INFO : SwitchController : <<<<<<< 's_right_flipper' active >>>>>>>
2024-07-16 22:01:21,800 : INFO : EventManager : Event: ======'s_right_flipper_active'====== Args={}
2024-07-16 22:01:21,800 : INFO : EventManager : Event: ======'machine_var_audits_switches_s_right_flipper'====== Args={'value': 376, 'prev_value': 375, 'change': 1}
2024-07-16 22:01:21,801 : INFO : EventManager : Event: ======'item_highlighted'====== Args={'carousel': 'mission_select', 'direction': 'forwards', 'item': 'hey_gladstone'}
2024-07-16 22:01:21,951 : INFO : SwitchController : <<<<<<< 's_right_flipper' inactive >>>>>>>
2024-07-16 22:01:22,199 : INFO : SwitchController : <<<<<<< 's_right_flipper' active >>>>>>>
2024-07-16 22:01:22,199 : INFO : EventManager : Event: ======'s_right_flipper_active'====== Args={}
2024-07-16 22:01:22,200 : INFO : EventManager : Event: ======'machine_var_audits_switches_s_right_flipper'====== Args={'value': 377, 'prev_value': 376, 'change': 1}
2024-07-16 22:01:22,201 : INFO : EventManager : Event: ======'item_highlighted'====== Args={'carousel': 'mission_select', 'direction': 'forwards', 'item': 'the_heat_waver'}
2024-07-16 22:01:22,332 : INFO : SwitchController : <<<<<<< 's_right_flipper' inactive >>>>>>>
2024-07-16 22:01:22,553 : INFO : SwitchController : <<<<<<< 's_right_flipper' active >>>>>>>
2024-07-16 22:01:22,553 : INFO : EventManager : Event: ======'s_right_flipper_active'====== Args={}
2024-07-16 22:01:22,554 : INFO : EventManager : Event: ======'machine_var_audits_switches_s_right_flipper'====== Args={'value': 378, 'prev_value': 377, 'change': 1}
2024-07-16 22:01:22,556 : INFO : EventManager : Event: ======'item_highlighted'====== Args={'carousel': 'mission_select', 'direction': 'forwards', 'item': 'beat_the_surfer'}
2024-07-16 22:01:22,682 : INFO : SwitchController : <<<<<<< 's_right_flipper' inactive >>>>>>>
2024-07-16 22:01:22,781 : INFO : EventManager : Event: ======'ball_save_default_hurry_up'====== Args={}
2024-07-16 22:01:22,882 : INFO : SwitchController : <<<<<<< 's_right_flipper' active >>>>>>>
2024-07-16 22:01:22,882 : INFO : EventManager : Event: ======'s_right_flipper_active'====== Args={}
2024-07-16 22:01:22,882 : INFO : EventManager : Event: ======'machine_var_audits_switches_s_right_flipper'====== Args={'value': 379, 'prev_value': 378, 'change': 1}
2024-07-16 22:01:22,883 : INFO : EventManager : Event: ======'item_highlighted'====== Args={'carousel': 'mission_select', 'direction': 'forwards', 'item': 'beer_can_named_desire'}
2024-07-16 22:01:22,986 : INFO : SwitchController : <<<<<<< 's_right_flipper' inactive >>>>>>>
2024-07-16 22:01:23,083 : INFO : SwitchController : <<<<<<< 's_right_flipper' active >>>>>>>
2024-07-16 22:01:23,083 : INFO : EventManager : Event: ======'s_right_flipper_active'====== Args={}
2024-07-16 22:01:23,083 : INFO : EventManager : Event: ======'machine_var_audits_switches_s_right_flipper'====== Args={'value': 380, 'prev_value': 379, 'change': 1}
2024-07-16 22:01:23,084 : INFO : EventManager : Event: ======'item_highlighted'====== Args={'carousel': 'mission_select', 'direction': 'forwards', 'item': 'bill_bulk_and_the_body_buddies'}
2024-07-16 22:01:23,169 : INFO : SwitchController : <<<<<<< 's_right_flipper' inactive >>>>>>>
2024-07-16 22:01:23,250 : INFO : SwitchController : <<<<<<< 's_right_flipper' active >>>>>>>
2024-07-16 22:01:23,250 : INFO : EventManager : Event: ======'s_right_flipper_active'====== Args={}
2024-07-16 22:01:23,250 : INFO : EventManager : Event: ======'machine_var_audits_switches_s_right_flipper'====== Args={'value': 381, 'prev_value': 380, 'change': 1}
2024-07-16 22:01:23,251 : INFO : EventManager : Event: ======'item_highlighted'====== Args={'carousel': 'mission_select', 'direction': 'forwards', 'item': 'boomhauer_tbd'}
2024-07-16 22:01:23,349 : INFO : SwitchController : <<<<<<< 's_right_flipper' inactive >>>>>>>
2024-07-16 22:01:23,415 : INFO : SwitchController : <<<<<<< 's_right_flipper' active >>>>>>>
2024-07-16 22:01:23,415 : INFO : EventManager : Event: ======'s_right_flipper_active'====== Args={}
2024-07-16 22:01:23,416 : INFO : EventManager : Event: ======'machine_var_audits_switches_s_right_flipper'====== Args={'value': 382, 'prev_value': 381, 'change': 1}
2024-07-16 22:01:23,416 : INFO : EventManager : Event: ======'item_highlighted'====== Args={'carousel': 'mission_select', 'direction': 'forwards', 'item': 'dale_tbd'}
2024-07-16 22:01:23,519 : INFO : SwitchController : <<<<<<< 's_right_flipper' inactive >>>>>>>
2024-07-16 22:01:23,585 : INFO : SwitchController : <<<<<<< 's_right_flipper' active >>>>>>>
2024-07-16 22:01:23,585 : INFO : EventManager : Event: ======'s_right_flipper_active'====== Args={}
2024-07-16 22:01:23,585 : INFO : EventManager : Event: ======'machine_var_audits_switches_s_right_flipper'====== Args={'value': 383, 'prev_value': 382, 'change': 1}
2024-07-16 22:01:23,586 : INFO : EventManager : Event: ======'item_highlighted'====== Args={'carousel': 'mission_select', 'direction': 'forwards', 'item': 'duke_the_dolphin'}
2024-07-16 22:01:23,682 : INFO : SwitchController : <<<<<<< 's_right_flipper' inactive >>>>>>>
2024-07-16 22:01:23,750 : INFO : SwitchController : <<<<<<< 's_right_flipper' active >>>>>>>
2024-07-16 22:01:23,750 : INFO : EventManager : Event: ======'s_right_flipper_active'====== Args={}
2024-07-16 22:01:23,750 : INFO : EventManager : Event: ======'machine_var_audits_switches_s_right_flipper'====== Args={'value': 384, 'prev_value': 383, 'change': 1}
2024-07-16 22:01:23,750 : INFO : EventManager : Event: ======'item_highlighted'====== Args={'carousel': 'mission_select', 'direction': 'forwards', 'item': 'hey_gladstone'}
2024-07-16 22:01:23,866 : INFO : SwitchController : <<<<<<< 's_right_flipper' inactive >>>>>>>
2024-07-16 22:01:24,781 : INFO : EventManager : Event: ======'ball_save_default_grace_period'====== Args={}
2024-07-16 22:01:26,318 : INFO : SwitchController : <<<<<<< 's_left_ramp_enter' active >>>>>>>
2024-07-16 22:01:26,319 : INFO : EventManager : Event: ======'s_left_ramp_enter_active'====== Args={}
2024-07-16 22:01:26,319 : INFO : EventManager : Event: ======'machine_var_audits_switches_s_left_ramp_enter'====== Args={'value': 10, 'prev_value': 9, 'change': 1}
2024-07-16 22:01:26,321 : INFO : EventManager : Event: ======'player_score'====== Args={'value': 250, 'prev_value': 150, 'change': 100, 'player_num': 1, 'source': 'base'}
2024-07-16 22:01:26,449 : INFO : SwitchController : <<<<<<< 's_left_ramp_enter' inactive >>>>>>>
2024-07-16 22:01:26,551 : INFO : SwitchController : <<<<<<< 's_left_ramp_enter' active >>>>>>>
2024-07-16 22:01:26,551 : INFO : EventManager : Event: ======'s_left_ramp_enter_active'====== Args={}
2024-07-16 22:01:26,551 : INFO : EventManager : Event: ======'machine_var_audits_switches_s_left_ramp_enter'====== Args={'value': 11, 'prev_value': 10, 'change': 1}
2024-07-16 22:01:26,552 : INFO : EventManager : Event: ======'player_score'====== Args={'value': 350, 'prev_value': 250, 'change': 100, 'player_num': 1, 'source': 'base'}
2024-07-16 22:01:26,632 : INFO : SwitchController : <<<<<<< 's_left_ramp_enter' inactive >>>>>>>
2024-07-16 22:01:26,716 : INFO : SwitchController : <<<<<<< 's_left_ramp_enter' active >>>>>>>
2024-07-16 22:01:26,716 : INFO : EventManager : Event: ======'s_left_ramp_enter_active'====== Args={}
2024-07-16 22:01:26,716 : INFO : EventManager : Event: ======'machine_var_audits_switches_s_left_ramp_enter'====== Args={'value': 12, 'prev_value': 11, 'change': 1}
2024-07-16 22:01:26,717 : INFO : EventManager : Event: ======'player_score'====== Args={'value': 450, 'prev_value': 350, 'change': 100, 'player_num': 1, 'source': 'base'}
2024-07-16 22:01:26,780 : INFO : EventManager : Event: ======'ball_save_default_disabled'====== Args={}
2024-07-16 22:01:26,827 : INFO : SwitchController : <<<<<<< 's_left_ramp_enter' inactive >>>>>>>
2024-07-16 22:01:26,898 : INFO : SwitchController : <<<<<<< 's_left_ramp_enter' active >>>>>>>
2024-07-16 22:01:26,898 : INFO : EventManager : Event: ======'s_left_ramp_enter_active'====== Args={}
2024-07-16 22:01:26,899 : INFO : EventManager : Event: ======'machine_var_audits_switches_s_left_ramp_enter'====== Args={'value': 13, 'prev_value': 12, 'change': 1}
2024-07-16 22:01:26,899 : INFO : EventManager : Event: ======'player_score'====== Args={'value': 550, 'prev_value': 450, 'change': 100, 'player_num': 1, 'source': 'base'}
2024-07-16 22:01:26,983 : INFO : SwitchController : <<<<<<< 's_left_ramp_enter' inactive >>>>>>>
2024-07-16 22:01:27,050 : INFO : SwitchController : <<<<<<< 's_left_ramp_enter' active >>>>>>>
2024-07-16 22:01:27,050 : INFO : EventManager : Event: ======'s_left_ramp_enter_active'====== Args={}
2024-07-16 22:01:27,050 : INFO : EventManager : Event: ======'machine_var_audits_switches_s_left_ramp_enter'====== Args={'value': 14, 'prev_value': 13, 'change': 1}
2024-07-16 22:01:27,051 : INFO : EventManager : Event: ======'player_score'====== Args={'value': 650, 'prev_value': 550, 'change': 100, 'player_num': 1, 'source': 'base'}
2024-07-16 22:01:27,149 : INFO : SwitchController : <<<<<<< 's_left_ramp_enter' inactive >>>>>>>
2024-07-16 22:01:27,215 : INFO : SwitchController : <<<<<<< 's_left_ramp_enter' active >>>>>>>
2024-07-16 22:01:27,215 : INFO : EventManager : Event: ======'s_left_ramp_enter_active'====== Args={}
2024-07-16 22:01:27,216 : INFO : EventManager : Event: ======'machine_var_audits_switches_s_left_ramp_enter'====== Args={'value': 15, 'prev_value': 14, 'change': 1}
2024-07-16 22:01:27,216 : INFO : EventManager : Event: ======'player_score'====== Args={'value': 750, 'prev_value': 650, 'change': 100, 'player_num': 1, 'source': 'base'}
2024-07-16 22:01:27,316 : INFO : SwitchController : <<<<<<< 's_left_ramp_enter' inactive >>>>>>>
2024-07-16 22:01:27,384 : INFO : SwitchController : <<<<<<< 's_left_ramp_enter' active >>>>>>>
2024-07-16 22:01:27,384 : INFO : EventManager : Event: ======'s_left_ramp_enter_active'====== Args={}
2024-07-16 22:01:27,384 : INFO : EventManager : Event: ======'machine_var_audits_switches_s_left_ramp_enter'====== Args={'value': 16, 'prev_value': 15, 'change': 1}
2024-07-16 22:01:27,385 : INFO : EventManager : Event: ======'player_score'====== Args={'value': 850, 'prev_value': 750, 'change': 100, 'player_num': 1, 'source': 'base'}
2024-07-16 22:01:27,482 : INFO : SwitchController : <<<<<<< 's_left_ramp_enter' inactive >>>>>>>
2024-07-16 22:01:27,548 : INFO : SwitchController : <<<<<<< 's_left_ramp_enter' active >>>>>>>
2024-07-16 22:01:27,549 : INFO : EventManager : Event: ======'s_left_ramp_enter_active'====== Args={}
2024-07-16 22:01:27,549 : INFO : EventManager : Event: ======'machine_var_audits_switches_s_left_ramp_enter'====== Args={'value': 17, 'prev_value': 16, 'change': 1}
2024-07-16 22:01:27,549 : INFO : EventManager : Event: ======'player_score'====== Args={'value': 950, 'prev_value': 850, 'change': 100, 'player_num': 1, 'source': 'base'}
2024-07-16 22:01:27,635 : INFO : SwitchController : <<<<<<< 's_left_ramp_enter' inactive >>>>>>>
2024-07-16 22:01:27,699 : INFO : SwitchController : <<<<<<< 's_left_ramp_enter' active >>>>>>>
2024-07-16 22:01:27,699 : INFO : EventManager : Event: ======'s_left_ramp_enter_active'====== Args={}
2024-07-16 22:01:27,700 : INFO : EventManager : Event: ======'machine_var_audits_switches_s_left_ramp_enter'====== Args={'value': 18, 'prev_value': 17, 'change': 1}
2024-07-16 22:01:27,700 : INFO : EventManager : Event: ======'player_score'====== Args={'value': 1050, 'prev_value': 950, 'change': 100, 'player_num': 1, 'source': 'base'}
2024-07-16 22:01:27,798 : INFO : SwitchController : <<<<<<< 's_left_ramp_enter' inactive >>>>>>>
2024-07-16 22:01:29,869 : INFO : SwitchController : <<<<<<< 's_right_flipper' active >>>>>>>
2024-07-16 22:01:29,869 : INFO : EventManager : Event: ======'s_right_flipper_active'====== Args={}
2024-07-16 22:01:29,870 : INFO : EventManager : Event: ======'machine_var_audits_switches_s_right_flipper'====== Args={'value': 385, 'prev_value': 384, 'change': 1}
2024-07-16 22:01:29,872 : INFO : EventManager : Event: ======'item_highlighted'====== Args={'carousel': 'mission_select', 'direction': 'forwards', 'item': 'the_heat_waver'}
2024-07-16 22:01:29,999 : INFO : SwitchController : <<<<<<< 's_right_flipper' inactive >>>>>>>
2024-07-16 22:01:30,149 : INFO : SwitchController : <<<<<<< 's_right_flipper' active >>>>>>>
2024-07-16 22:01:30,149 : INFO : EventManager : Event: ======'s_right_flipper_active'====== Args={}
2024-07-16 22:01:30,150 : INFO : EventManager : Event: ======'machine_var_audits_switches_s_right_flipper'====== Args={'value': 386, 'prev_value': 385, 'change': 1}
2024-07-16 22:01:30,151 : INFO : EventManager : Event: ======'item_highlighted'====== Args={'carousel': 'mission_select', 'direction': 'forwards', 'item': 'beat_the_surfer'}
2024-07-16 22:01:30,235 : INFO : SwitchController : <<<<<<< 's_right_flipper' inactive >>>>>>>
2024-07-16 22:01:30,335 : INFO : SwitchController : <<<<<<< 's_right_flipper' active >>>>>>>
2024-07-16 22:01:30,336 : INFO : EventManager : Event: ======'s_right_flipper_active'====== Args={}
2024-07-16 22:01:30,336 : INFO : EventManager : Event: ======'machine_var_audits_switches_s_right_flipper'====== Args={'value': 387, 'prev_value': 386, 'change': 1}
2024-07-16 22:01:30,337 : INFO : EventManager : Event: ======'item_highlighted'====== Args={'carousel': 'mission_select', 'direction': 'forwards', 'item': 'beer_can_named_desire'}
2024-07-16 22:01:30,418 : INFO : SwitchController : <<<<<<< 's_right_flipper' inactive >>>>>>>
2024-07-16 22:01:31,948 : INFO : SwitchController : <<<<<<< 's_start' active >>>>>>>
2024-07-16 22:01:31,948 : INFO : EventManager : Event: ======'sw_start'====== Args={}
2024-07-16 22:01:31,949 : INFO : EventManager : Event: ======'machine_var_audits_switches_s_start'====== Args={'value': 286, 'prev_value': 285, 'change': 1}
2024-07-16 22:01:31,951 : INFO : EventManager : Event: ======'player_add_request'====== Args={}
2024-07-16 22:01:31,951 : INFO : EventManager : Event: ======'player_will_add'====== Args={'number': 2}
2024-07-16 22:01:31,952 : INFO : EventManager : Event: ======'player_adding'====== Args={'player': <Player 2>, 'number': 2}
2024-07-16 22:01:31,952 : INFO : EventManager : Event: ======'player_added'====== Args={'player': <Player 2>, 'num': 2}
2024-07-16 22:01:31,958 : INFO : Mode.game : Player added successfully. Total players: 2
2024-07-16 22:01:31,958 : INFO : EventManager : Event: ======'multiplayer_game'====== Args={}
2024-07-16 22:01:31,968 : INFO : EventManager : Event: ======'player_index'====== Args={'value': 1, 'prev_value': 1, 'change': 0, 'player_num': 2}
2024-07-16 22:01:31,969 : INFO : EventManager : Event: ======'player_number'====== Args={'value': 2, 'prev_value': 2, 'change': 0, 'player_num': 2}
2024-07-16 22:01:31,969 : INFO : EventManager : Event: ======'player_score'====== Args={'value': 0, 'prev_value': 0, 'change': 0, 'player_num': 2}
2024-07-16 22:01:31,996 : INFO : SwitchController : <<<<<<< 's_start' inactive >>>>>>>
2024-07-16 22:01:31,996 : INFO : EventManager : Event: ======'s_start_inactive'====== Args={}
2024-07-16 22:01:31,996 : INFO : EventManager : Event: ======'mission_select_beer_can_named_desire_selected'====== Args={}
2024-07-16 22:01:31,996 : INFO : EventManager : Event: ======'mission_select_item_selected'====== Args={}
2024-07-16 22:01:31,997 : INFO : EventManager : Event: ======'player_selected_mission'====== Args={'value': 'beer can named desire', 'prev_value': 0, 'change': True, 'player_num': 1, 'source': 'mission_select'}
2024-07-16 22:01:31,997 : INFO : EventManager : Event: ======'mode_mission_select_will_stop'====== Args={}
2024-07-16 22:01:31,997 : INFO : EventManager : Event: ======'mode_mission_select_stopping'====== Args={}
2024-07-16 22:01:31,997 : INFO : Mode.mission_select : Stopped.
2024-07-16 22:01:31,997 : INFO : EventManager : Event: ======'modes_active_modes_changed'====== Args={}
2024-07-16 22:01:31,997 : INFO : EventManager : Event: ======'mode_mission_select_stopped'====== Args={}
2024-07-16 22:01:31,997 : INFO : EventManager : Event: ======'clear'====== Args={'key': 'mission_select'}
2024-07-16 22:01:32,011 : INFO : EventManager : Event: ======'slide_mission_select_inactive'====== Args={'_from_bcp': True}
2024-07-16 22:01:32,012 : INFO : EventManager : Event: ======'slide_base_active'====== Args={'_from_bcp': True}
2024-07-16 22:01:32,012 : INFO : EventManager : Event: ======'slide_mission_select_removed'====== Args={'_from_bcp': True}
2024-07-16 22:02:28,518 : INFO : Machine : Shutting down...
2024-07-16 22:02:28,518 : INFO : EventManager : Event: ======'shutdown'====== Args={}
2024-07-16 22:02:28,522 : INFO : EventManager : Event: ======'mode_game_will_stop'====== Args={}
2024-07-16 22:02:28,522 : INFO : EventManager : Event: ======'mode_game_stopping'====== Args={}
2024-07-16 22:02:28,523 : INFO : EventManager : Event: ======'mode_BBQ_rollover_will_stop'====== Args={}
2024-07-16 22:02:28,523 : INFO : EventManager : Event: ======'mode_BBQ_rollover_stopping'====== Args={}
2024-07-16 22:02:28,523 : INFO : EventManager : Event: ======'mode_base_will_stop'====== Args={}
2024-07-16 22:02:28,523 : INFO : EventManager : Event: ======'mode_base_stopping'====== Args={}
2024-07-16 22:02:28,523 : INFO : Mode.base : Stopped.
2024-07-16 22:02:28,523 : INFO : EventManager : Event: ======'modes_active_modes_changed'====== Args={}
2024-07-16 22:02:28,524 : INFO : EventManager : Event: ======'mode_base_stopped'====== Args={}
2024-07-16 22:02:28,524 : INFO : EventManager : Event: ======'clear'====== Args={'key': 'base'}
2024-07-16 22:02:28,525 : INFO : Mode.BBQ_rollover : Stopped.
2024-07-16 22:02:28,525 : INFO : EventManager : Event: ======'modes_active_modes_changed'====== Args={}
2024-07-16 22:02:28,525 : INFO : EventManager : Event: ======'mode_BBQ_rollover_stopped'====== Args={}
2024-07-16 22:02:28,525 : INFO : EventManager : Event: ======'clear'====== Args={'key': 'BBQ_rollover'}
2024-07-16 22:02:28,527 : INFO : Mode.game : Stopped.
2024-07-16 22:02:28,527 : INFO : EventManager : Event: ======'modes_active_modes_changed'====== Args={}
2024-07-16 22:02:28,527 : INFO : EventManager : Event: ======'mode_game_stopped'====== Args={}
2024-07-16 22:02:28,527 : INFO : EventManager : Event: ======'clear'====== Args={'key': 'game'}
2024-07-16 22:02:28,529 : INFO : root : MPF run loop ended.
