2024-07-14 23:12:22,781 : INFO : root : Loading config.
2024-07-14 23:12:22,782 : INFO : YamlMultifileConfigLoader : Machine config file #1: config.yaml
2024-07-14 23:12:22,783 : INFO : ConfigProcessor : Loading config from cache: /var/folders/sv/d29kcl5x50v7vt1n6xb5jsd40000gn/T/c166cef8060ffee16a35821bf698da85.mpf_cache
2024-07-14 23:12:22,813 : INFO : ConfigProcessor : Loading config from cache: /var/folders/sv/d29kcl5x50v7vt1n6xb5jsd40000gn/T/6b31c5ac6ecbad948994a8204ea6b05b.mpf_cache
2024-07-14 23:12:22,814 : INFO : ConfigProcessor : Loading config from cache: /var/folders/sv/d29kcl5x50v7vt1n6xb5jsd40000gn/T/fe612d1e66c8a96c19ba449d3748eeac.mpf_cache
2024-07-14 23:12:22,814 : INFO : ConfigProcessor : Loading config from cache: /var/folders/sv/d29kcl5x50v7vt1n6xb5jsd40000gn/T/6b31c5ac6ecbad948994a8204ea6b05b.mpf_cache
2024-07-14 23:12:22,814 : INFO : ConfigProcessor : Loading config from cache: /var/folders/sv/d29kcl5x50v7vt1n6xb5jsd40000gn/T/8765227693ecd961e0504502a81255e0.mpf_cache
2024-07-14 23:12:22,814 : INFO : ConfigProcessor : Loading config from cache: /var/folders/sv/d29kcl5x50v7vt1n6xb5jsd40000gn/T/b247728c74b4d81bcb2825e2b07062a7.mpf_cache
2024-07-14 23:12:22,814 : INFO : ConfigProcessor : Loading config from cache: /var/folders/sv/d29kcl5x50v7vt1n6xb5jsd40000gn/T/f240f94f0b5d0f37ec4fd7571275a101.mpf_cache
2024-07-14 23:12:22,814 : INFO : ConfigProcessor : Loading config from cache: /var/folders/sv/d29kcl5x50v7vt1n6xb5jsd40000gn/T/c4409acfdf3ec94666e0adef48d55400.mpf_cache
2024-07-14 23:12:22,815 : WARNING : ConfigProcessor : Config file in cache changed: /Users/nicktaseris/Desktop/Pinball/KOTH/modes/BBQ_rollover/config/BBQ_rollover.yaml
2024-07-14 23:12:22,815 : INFO : ConfigProcessor : Loading config from file /Users/nicktaseris/Desktop/Pinball/KOTH/modes/BBQ_rollover/config/BBQ_rollover.yaml.
2024-07-14 23:12:22,817 : INFO : ConfigProcessor : Loading config: /Users/nicktaseris/Desktop/Pinball/KOTH/modes/BBQ_rollover/config/BBQ_rollover.yaml
2024-07-14 23:12:22,817 : INFO : ConfigProcessor : Config file cache created: /var/folders/sv/d29kcl5x50v7vt1n6xb5jsd40000gn/T/6a2f50ed892485825cc04dc0a68eab9f.mpf_cache
2024-07-14 23:12:22,817 : INFO : ConfigProcessor : Loading config from cache: /var/folders/sv/d29kcl5x50v7vt1n6xb5jsd40000gn/T/d58c58eb9fd1a2dc27f8acd255fb3761.mpf_cache
2024-07-14 23:12:22,817 : INFO : ConfigProcessor : Loading config from cache: /var/folders/sv/d29kcl5x50v7vt1n6xb5jsd40000gn/T/07adfd310b3ef0e03c5cbc91527abb6c.mpf_cache
2024-07-14 23:12:22,817 : INFO : ConfigProcessor : Loading config from cache: /var/folders/sv/d29kcl5x50v7vt1n6xb5jsd40000gn/T/12bd5247c3bf989b919364bdb7829769.mpf_cache
2024-07-14 23:12:22,818 : INFO : ConfigProcessor : Loading config from cache: /var/folders/sv/d29kcl5x50v7vt1n6xb5jsd40000gn/T/362e08f51a1a1b7a0809dd52f9c83f83.mpf_cache
2024-07-14 23:12:22,818 : INFO : ConfigProcessor : Loading config from cache: /var/folders/sv/d29kcl5x50v7vt1n6xb5jsd40000gn/T/e45e3bd39557ed8d0881194a7afab8f7.mpf_cache
2024-07-14 23:12:22,818 : INFO : ConfigProcessor : Loading config from cache: /var/folders/sv/d29kcl5x50v7vt1n6xb5jsd40000gn/T/331d8d1a1bc190cae8c13495e1db372f.mpf_cache
2024-07-14 23:12:22,818 : INFO : ConfigProcessor : Loading config from cache: /var/folders/sv/d29kcl5x50v7vt1n6xb5jsd40000gn/T/34853b7ed6df3aedbba239874ade5ac8.mpf_cache
2024-07-14 23:12:22,818 : INFO : ConfigProcessor : Loading config from cache: /var/folders/sv/d29kcl5x50v7vt1n6xb5jsd40000gn/T/280fd64455d0d243a54ab4db98fbccbd.mpf_cache
2024-07-14 23:12:22,818 : INFO : ConfigProcessor : Loading config from cache: /var/folders/sv/d29kcl5x50v7vt1n6xb5jsd40000gn/T/0c0596ed8fbb40b6113901d21bdc0a39.mpf_cache
2024-07-14 23:12:22,819 : INFO : ConfigProcessor : Loading config from cache: /var/folders/sv/d29kcl5x50v7vt1n6xb5jsd40000gn/T/3048ed2d7ea14eee3db896f6760aa474.mpf_cache
2024-07-14 23:12:22,819 : INFO : Machine : Mission Pinball Framework Core Engine v0.80.0.dev1
2024-07-14 23:12:22,819 : INFO : Machine : Command line arguments: {'no_load_cache': False, 'create_config_cache': True, 'bcp': True, 'configfile': ['config.yaml'], 'force_assets_load': False, 'platform_integration_test': False, 'jsonlogging': False, 'logfile': 'logs/2024-07-14-23-12-22-mpf-Nicks-Air.lan.log', 'pause': False, 'production': False, 'text_ui': True, 'loglevel': 15, 'consoleloglevel': 20, 'force_platform': None, 'syslog_address': None, 'mc_file_name': None, 'no_sound': False, 'full_logfile_path': '/Users/nicktaseris/Desktop/Pinball/KOTH/logs/2024-07-14-23-12-22-mpf-Nicks-Air.lan.log'}
2024-07-14 23:12:22,819 : INFO : Machine : MPF path: /Users/nicktaseris/mpfenv/lib/python3.9/site-packages/mpf
2024-07-14 23:12:22,819 : INFO : Machine : Machine path: /Users/nicktaseris/Desktop/Pinball/KOTH
2024-07-14 23:12:22,819 : INFO : Machine : Platform: darwin
2024-07-14 23:12:22,819 : INFO : Machine : Python executable location: /Users/nicktaseris/mpfenv/bin/python3
2024-07-14 23:12:22,819 : INFO : Machine : Python version: 3.9.13 (64-bit)
2024-07-14 23:12:22,819 : INFO : Machine : Initializing MPF...
2024-07-14 23:12:22,846 : INFO : EventManager : Event: ======'machine_var_credits_string'====== Args={'value': 'FREE PLAY', 'prev_value': None, 'change': True}
2024-07-14 23:12:22,851 : INFO : EventManager : Event: ======'machine_var_master_volume'====== Args={'value': 0.5, 'prev_value': None, 'change': True}
2024-07-14 23:12:22,851 : INFO : EventManager : Event: ======'machine_var_player1_score'====== Args={'value': 370600, 'prev_value': None, 'change': True}
2024-07-14 23:12:22,851 : INFO : EventManager : Event: ======'machine_var_mpf_version'====== Args={'value': 'Mission Pinball Framework v0.80.0.dev1', 'prev_value': None, 'change': True}
2024-07-14 23:12:22,851 : INFO : EventManager : Event: ======'machine_var_mpf_extended_version'====== Args={'value': 'Mission Pinball Framework v0.80.0.dev1, Config version:6, Show version: 6, BCP version:1.1', 'prev_value': None, 'change': True}
2024-07-14 23:12:22,851 : INFO : EventManager : Event: ======'machine_var_python_version'====== Args={'value': '3.9.13', 'prev_value': None, 'change': True}
2024-07-14 23:12:22,859 : INFO : EventManager : Event: ======'machine_var_platform'====== Args={'value': 'macOS-12.1-arm64-arm-64bit', 'prev_value': None, 'change': True}
2024-07-14 23:12:22,859 : INFO : EventManager : Event: ======'machine_var_platform_system'====== Args={'value': 'Darwin', 'prev_value': None, 'change': True}
2024-07-14 23:12:22,859 : INFO : EventManager : Event: ======'machine_var_platform_release'====== Args={'value': '21.2.0', 'prev_value': None, 'change': True}
2024-07-14 23:12:22,859 : INFO : EventManager : Event: ======'machine_var_platform_version'====== Args={'value': 'Darwin Kernel Version 21.2.0: Sun Nov 28 20:29:10 PST 2021; root:xnu-8019.61.5~1/RELEASE_ARM64_T8101', 'prev_value': None, 'change': True}
2024-07-14 23:12:22,859 : INFO : EventManager : Event: ======'machine_var_platform_machine'====== Args={'value': 'arm64', 'prev_value': None, 'change': True}
2024-07-14 23:12:22,859 : INFO : EventManager : Event: ======'machine_var_log_file_path'====== Args={'value': '/Users/nicktaseris/Desktop/Pinball/KOTH/logs/2024-07-14-23-12-22-mpf-Nicks-Air.lan.log', 'prev_value': None, 'change': True}
2024-07-14 23:12:22,860 : INFO : EventManager : Event: ======'init_phase_1'====== Args={}
2024-07-14 23:12:22,882 : INFO : EventManager : Event: ======'drop_target_bank_strickland_bank_up'====== Args={}
2024-07-14 23:12:22,882 : INFO : EventManager : Event: ======'init_phase_2'====== Args={}
2024-07-14 23:12:22,883 : INFO : SwitchController : Found active switch: ('39', <Platform.SmartVirtual>) <switch.s_trough1>
2024-07-14 23:12:22,883 : INFO : SwitchController : Found active switch: ('40', <Platform.SmartVirtual>) <switch.s_trough2>
2024-07-14 23:12:22,883 : INFO : SwitchController : Found active switch: ('41', <Platform.SmartVirtual>) <switch.s_trough3>
2024-07-14 23:12:22,883 : INFO : SwitchController : Found active switch: ('42', <Platform.SmartVirtual>) <switch.s_trough4>
2024-07-14 23:12:22,883 : INFO : SwitchController : Found active switch: ('43', <Platform.SmartVirtual>) <switch.s_trough5>
2024-07-14 23:12:22,883 : INFO : SwitchController : Found active switch: ('44', <Platform.SmartVirtual>) <switch.s_trough6>
2024-07-14 23:12:22,885 : INFO : EventManager : Event: ======'bcp_connection_attempt'====== Args={'name': 'local_display', 'host': 'localhost', 'port': 5050}
2024-07-14 23:12:22,886 : INFO : BCPClientSocket : Connecting BCP to 'local_display' at localhost:5050...
2024-07-14 23:12:22,889 : INFO : BCPClientSocket : Connected BCP to 'local_display' localhost:5050
2024-07-14 23:12:22,889 : INFO : EventManager : Event: ======'bcp_clients_connected'====== Args={}
2024-07-14 23:12:22,889 : INFO : ball_device.bd_trough : BCH: Initial count: 6
2024-07-14 23:12:22,890 : INFO : ball_device.bd_trough : State: idle
2024-07-14 23:12:22,890 : INFO : ball_device.bd_plunger : BCH: Initial count: 0
2024-07-14 23:12:22,890 : INFO : ball_device.bd_plunger : State: idle
2024-07-14 23:12:22,890 : INFO : ball_device.bd_scoop : BCH: Initial count: 0
2024-07-14 23:12:22,891 : INFO : ball_device.bd_scoop : State: idle
2024-07-14 23:12:22,894 : INFO : EventManager : Event: ======'init_phase_3'====== Args={}
2024-07-14 23:12:22,897 : INFO : EventManager : Event: ======'init_phase_4'====== Args={}
2024-07-14 23:12:22,898 : INFO : BallController : Initial balls found: 6
2024-07-14 23:12:22,898 : INFO : EventManager : Event: ======'machine_var_audits_events_game_ended'====== Args={'value': 3, 'prev_value': None, 'change': True}
2024-07-14 23:12:22,898 : INFO : EventManager : Event: ======'machine_var_audits_events_game_started'====== Args={'value': 340, 'prev_value': None, 'change': True}
2024-07-14 23:12:22,898 : INFO : EventManager : Event: ======'machine_var_audits_missing_switches_s_a_target'====== Args={'value': 18, 'prev_value': None, 'change': True}
2024-07-14 23:12:22,898 : INFO : EventManager : Event: ======'machine_var_audits_missing_switches_s_bottom_pop_bumper'====== Args={'value': 22, 'prev_value': None, 'change': True}
2024-07-14 23:12:22,898 : INFO : EventManager : Event: ======'machine_var_audits_missing_switches_s_center_spinner'====== Args={'value': 87, 'prev_value': None, 'change': True}
2024-07-14 23:12:22,898 : INFO : EventManager : Event: ======'machine_var_audits_missing_switches_s_e_target'====== Args={'value': 1, 'prev_value': None, 'change': True}
2024-07-14 23:12:22,898 : INFO : EventManager : Event: ======'machine_var_audits_missing_switches_s_left_flipper'====== Args={'value': 59, 'prev_value': None, 'change': True}
2024-07-14 23:12:22,898 : INFO : EventManager : Event: ======'machine_var_audits_missing_switches_s_left_inlane'====== Args={'value': 218, 'prev_value': None, 'change': True}
2024-07-14 23:12:22,898 : INFO : EventManager : Event: ======'machine_var_audits_missing_switches_s_left_inner_horseshoe'====== Args={'value': 96, 'prev_value': None, 'change': True}
2024-07-14 23:12:22,898 : INFO : EventManager : Event: ======'machine_var_audits_missing_switches_s_left_orbit_enter'====== Args={'value': 255, 'prev_value': None, 'change': True}
2024-07-14 23:12:22,898 : INFO : EventManager : Event: ======'machine_var_audits_missing_switches_s_left_orbit_exit'====== Args={'value': 96, 'prev_value': None, 'change': True}
2024-07-14 23:12:22,899 : INFO : EventManager : Event: ======'machine_var_audits_missing_switches_s_left_outlane'====== Args={'value': 215, 'prev_value': None, 'change': True}
2024-07-14 23:12:22,899 : INFO : EventManager : Event: ======'machine_var_audits_missing_switches_s_left_pop_bumper'====== Args={'value': 291, 'prev_value': None, 'change': True}
2024-07-14 23:12:22,899 : INFO : EventManager : Event: ======'machine_var_audits_missing_switches_s_left_ramp_enter'====== Args={'value': 154, 'prev_value': None, 'change': True}
2024-07-14 23:12:22,899 : INFO : EventManager : Event: ======'machine_var_audits_missing_switches_s_left_ramp_exit'====== Args={'value': 218, 'prev_value': None, 'change': True}
2024-07-14 23:12:22,899 : INFO : EventManager : Event: ======'machine_var_audits_missing_switches_s_left_sling'====== Args={'value': 280, 'prev_value': None, 'change': True}
2024-07-14 23:12:22,899 : INFO : EventManager : Event: ======'machine_var_audits_missing_switches_s_left_spinner'====== Args={'value': 229, 'prev_value': None, 'change': True}
2024-07-14 23:12:22,899 : INFO : EventManager : Event: ======'machine_var_audits_missing_switches_s_n_target'====== Args={'value': 26, 'prev_value': None, 'change': True}
2024-07-14 23:12:22,899 : INFO : EventManager : Event: ======'machine_var_audits_missing_switches_s_p2_target'====== Args={'value': 32, 'prev_value': None, 'change': True}
2024-07-14 23:12:22,899 : INFO : EventManager : Event: ======'machine_var_audits_missing_switches_s_p_target'====== Args={'value': 1, 'prev_value': None, 'change': True}
2024-07-14 23:12:22,899 : INFO : EventManager : Event: ======'machine_var_audits_missing_switches_s_r_target'====== Args={'value': 1, 'prev_value': None, 'change': True}
2024-07-14 23:12:22,899 : INFO : EventManager : Event: ======'machine_var_audits_missing_switches_s_right_flipper'====== Args={'value': 15, 'prev_value': None, 'change': True}
2024-07-14 23:12:22,899 : INFO : EventManager : Event: ======'machine_var_audits_missing_switches_s_right_inlane'====== Args={'value': 291, 'prev_value': None, 'change': True}
2024-07-14 23:12:22,899 : INFO : EventManager : Event: ======'machine_var_audits_missing_switches_s_right_inner_horseshoe'====== Args={'value': 70, 'prev_value': None, 'change': True}
2024-07-14 23:12:22,899 : INFO : EventManager : Event: ======'machine_var_audits_missing_switches_s_right_orbit_exit'====== Args={'value': 83, 'prev_value': None, 'change': True}
2024-07-14 23:12:22,899 : INFO : EventManager : Event: ======'machine_var_audits_missing_switches_s_right_outlane'====== Args={'value': 291, 'prev_value': None, 'change': True}
2024-07-14 23:12:22,899 : INFO : EventManager : Event: ======'machine_var_audits_missing_switches_s_right_pop_bumper'====== Args={'value': 1, 'prev_value': None, 'change': True}
2024-07-14 23:12:22,899 : INFO : EventManager : Event: ======'machine_var_audits_missing_switches_s_right_ramp_enter'====== Args={'value': 45, 'prev_value': None, 'change': True}
2024-07-14 23:12:22,900 : INFO : EventManager : Event: ======'machine_var_audits_missing_switches_s_right_ramp_exit'====== Args={'value': 45, 'prev_value': None, 'change': True}
2024-07-14 23:12:22,900 : INFO : EventManager : Event: ======'machine_var_audits_missing_switches_s_right_ramp_standup'====== Args={'value': 18, 'prev_value': None, 'change': True}
2024-07-14 23:12:22,900 : INFO : EventManager : Event: ======'machine_var_audits_missing_switches_s_right_sling'====== Args={'value': 291, 'prev_value': None, 'change': True}
2024-07-14 23:12:22,900 : INFO : EventManager : Event: ======'machine_var_audits_missing_switches_s_scoop'====== Args={'value': 18, 'prev_value': None, 'change': True}
2024-07-14 23:12:22,900 : INFO : EventManager : Event: ======'machine_var_audits_missing_switches_s_start'====== Args={'value': 35, 'prev_value': None, 'change': True}
2024-07-14 23:12:22,900 : INFO : EventManager : Event: ======'machine_var_audits_missing_switches_s_trough2'====== Args={'value': 3, 'prev_value': None, 'change': True}
2024-07-14 23:12:22,900 : INFO : EventManager : Event: ======'machine_var_audits_missing_switches_s_trough3'====== Args={'value': 295, 'prev_value': None, 'change': True}
2024-07-14 23:12:22,900 : INFO : EventManager : Event: ======'machine_var_audits_missing_switches_s_trough4'====== Args={'value': 295, 'prev_value': None, 'change': True}
2024-07-14 23:12:22,900 : INFO : EventManager : Event: ======'machine_var_audits_missing_switches_s_trough5'====== Args={'value': 295, 'prev_value': None, 'change': True}
2024-07-14 23:12:22,900 : INFO : EventManager : Event: ======'machine_var_audits_missing_switches_s_trough6'====== Args={'value': 295, 'prev_value': None, 'change': True}
2024-07-14 23:12:22,900 : INFO : EventManager : Event: ======'machine_var_audits_missing_switches_s_trough_jam'====== Args={'value': 228, 'prev_value': None, 'change': True}
2024-07-14 23:12:22,900 : INFO : EventManager : Event: ======'machine_var_audits_player_score'====== Args={'value': {'average': 92899, 'top': [370600, 400, 300, 250], 'total': 4}, 'prev_value': None, 'change': True}
2024-07-14 23:12:22,900 : INFO : EventManager : Event: ======'machine_var_audits_shots_a_target'====== Args={'value': 7, 'prev_value': None, 'change': True}
2024-07-14 23:12:22,901 : INFO : EventManager : Event: ======'machine_var_audits_shots_e_target'====== Args={'value': 3, 'prev_value': None, 'change': True}
2024-07-14 23:12:22,901 : INFO : EventManager : Event: ======'machine_var_audits_shots_left_rollover_lane'====== Args={'value': 137, 'prev_value': None, 'change': True}
2024-07-14 23:12:22,901 : INFO : EventManager : Event: ======'machine_var_audits_shots_middle_rollover_lane'====== Args={'value': 134, 'prev_value': None, 'change': True}
2024-07-14 23:12:22,901 : INFO : EventManager : Event: ======'machine_var_audits_shots_n_target'====== Args={'value': 9, 'prev_value': None, 'change': True}
2024-07-14 23:12:22,901 : INFO : EventManager : Event: ======'machine_var_audits_shots_o_target'====== Args={'value': 4, 'prev_value': None, 'change': True}
2024-07-14 23:12:22,901 : INFO : EventManager : Event: ======'machine_var_audits_shots_p2_target'====== Args={'value': 5, 'prev_value': None, 'change': True}
2024-07-14 23:12:22,901 : INFO : EventManager : Event: ======'machine_var_audits_shots_p_target'====== Args={'value': 8, 'prev_value': None, 'change': True}
2024-07-14 23:12:22,901 : INFO : EventManager : Event: ======'machine_var_audits_shots_qualify_o_target'====== Args={'value': 44, 'prev_value': None, 'change': True}
2024-07-14 23:12:22,901 : INFO : EventManager : Event: ======'machine_var_audits_shots_qualify_p_target'====== Args={'value': 42, 'prev_value': None, 'change': True}
2024-07-14 23:12:22,901 : INFO : EventManager : Event: ======'machine_var_audits_shots_qualify_r_target'====== Args={'value': 73, 'prev_value': None, 'change': True}
2024-07-14 23:12:22,901 : INFO : EventManager : Event: ======'machine_var_audits_shots_r_target'====== Args={'value': 14, 'prev_value': None, 'change': True}
2024-07-14 23:12:22,901 : INFO : EventManager : Event: ======'machine_var_audits_shots_right_rollover_lane'====== Args={'value': 137, 'prev_value': None, 'change': True}
2024-07-14 23:12:22,902 : INFO : EventManager : Event: ======'machine_var_audits_shots_skillshot_a_target'====== Args={'value': 37, 'prev_value': None, 'change': True}
2024-07-14 23:12:22,902 : INFO : EventManager : Event: ======'machine_var_audits_shots_skillshot_e_target'====== Args={'value': 24, 'prev_value': None, 'change': True}
2024-07-14 23:12:22,902 : INFO : EventManager : Event: ======'machine_var_audits_shots_skillshot_n_target'====== Args={'value': 23, 'prev_value': None, 'change': True}
2024-07-14 23:12:22,902 : INFO : EventManager : Event: ======'machine_var_audits_shots_skillshot_o_target'====== Args={'value': 9, 'prev_value': None, 'change': True}
2024-07-14 23:12:22,902 : INFO : EventManager : Event: ======'machine_var_audits_shots_skillshot_p2_target'====== Args={'value': 3, 'prev_value': None, 'change': True}
2024-07-14 23:12:22,902 : INFO : EventManager : Event: ======'machine_var_audits_shots_skillshot_p_target'====== Args={'value': 13, 'prev_value': None, 'change': True}
2024-07-14 23:12:22,902 : INFO : EventManager : Event: ======'machine_var_audits_shots_skillshot_r_target'====== Args={'value': 11, 'prev_value': None, 'change': True}
2024-07-14 23:12:22,902 : INFO : EventManager : Event: ======'machine_var_audits_switches_s_a_target'====== Args={'value': 78, 'prev_value': None, 'change': True}
2024-07-14 23:12:22,902 : INFO : EventManager : Event: ======'machine_var_audits_switches_s_bottom_inline_drop'====== Args={'value': 19, 'prev_value': None, 'change': True}
2024-07-14 23:12:22,902 : INFO : EventManager : Event: ======'machine_var_audits_switches_s_bottom_pop_bumper'====== Args={'value': 9, 'prev_value': None, 'change': True}
2024-07-14 23:12:22,903 : INFO : EventManager : Event: ======'machine_var_audits_switches_s_center_spinner'====== Args={'value': 3, 'prev_value': None, 'change': True}
2024-07-14 23:12:22,903 : INFO : EventManager : Event: ======'machine_var_audits_switches_s_e_target'====== Args={'value': 84, 'prev_value': None, 'change': True}
2024-07-14 23:12:22,903 : INFO : EventManager : Event: ======'machine_var_audits_switches_s_left_flipper'====== Args={'value': 127, 'prev_value': None, 'change': True}
2024-07-14 23:12:22,903 : INFO : EventManager : Event: ======'machine_var_audits_switches_s_left_inlane'====== Args={'value': 7, 'prev_value': None, 'change': True}
2024-07-14 23:12:22,903 : INFO : EventManager : Event: ======'machine_var_audits_switches_s_left_inner_horseshoe'====== Args={'value': 6, 'prev_value': None, 'change': True}
2024-07-14 23:12:22,903 : INFO : EventManager : Event: ======'machine_var_audits_switches_s_left_orbit_enter'====== Args={'value': 8, 'prev_value': None, 'change': True}
2024-07-14 23:12:22,903 : INFO : EventManager : Event: ======'machine_var_audits_switches_s_left_orbit_exit'====== Args={'value': 13, 'prev_value': None, 'change': True}
2024-07-14 23:12:22,903 : INFO : EventManager : Event: ======'machine_var_audits_switches_s_left_outlane'====== Args={'value': 15, 'prev_value': None, 'change': True}
2024-07-14 23:12:22,904 : INFO : EventManager : Event: ======'machine_var_audits_switches_s_left_pop_bumper'====== Args={'value': 2, 'prev_value': None, 'change': True}
2024-07-14 23:12:22,904 : INFO : EventManager : Event: ======'machine_var_audits_switches_s_left_ramp_enter'====== Args={'value': 9, 'prev_value': None, 'change': True}
2024-07-14 23:12:22,904 : INFO : EventManager : Event: ======'machine_var_audits_switches_s_left_ramp_exit'====== Args={'value': 3, 'prev_value': None, 'change': True}
2024-07-14 23:12:22,904 : INFO : EventManager : Event: ======'machine_var_audits_switches_s_left_ramp_standup'====== Args={'value': 348, 'prev_value': None, 'change': True}
2024-07-14 23:12:22,904 : INFO : EventManager : Event: ======'machine_var_audits_switches_s_left_rollover_lane'====== Args={'value': 142, 'prev_value': None, 'change': True}
2024-07-14 23:12:22,904 : INFO : EventManager : Event: ======'machine_var_audits_switches_s_left_sling'====== Args={'value': 10, 'prev_value': None, 'change': True}
2024-07-14 23:12:22,904 : INFO : EventManager : Event: ======'machine_var_audits_switches_s_left_spinner'====== Args={'value': 27, 'prev_value': None, 'change': True}
2024-07-14 23:12:22,904 : INFO : EventManager : Event: ======'machine_var_audits_switches_s_middle_inline_drop'====== Args={'value': 19, 'prev_value': None, 'change': True}
2024-07-14 23:12:22,905 : INFO : EventManager : Event: ======'machine_var_audits_switches_s_middle_rollover_lane'====== Args={'value': 137, 'prev_value': None, 'change': True}
2024-07-14 23:12:22,905 : INFO : EventManager : Event: ======'machine_var_audits_switches_s_n_target'====== Args={'value': 76, 'prev_value': None, 'change': True}
2024-07-14 23:12:22,905 : INFO : EventManager : Event: ======'machine_var_audits_switches_s_o_target'====== Args={'value': 89, 'prev_value': None, 'change': True}
2024-07-14 23:12:22,905 : INFO : EventManager : Event: ======'machine_var_audits_switches_s_p2_target'====== Args={'value': 23, 'prev_value': None, 'change': True}
2024-07-14 23:12:22,905 : INFO : EventManager : Event: ======'machine_var_audits_switches_s_p_target'====== Args={'value': 256, 'prev_value': None, 'change': True}
2024-07-14 23:12:22,905 : INFO : EventManager : Event: ======'machine_var_audits_switches_s_plunger'====== Args={'value': 412, 'prev_value': None, 'change': True}
2024-07-14 23:12:22,905 : INFO : EventManager : Event: ======'machine_var_audits_switches_s_plunger_lane'====== Args={'value': 39, 'prev_value': None, 'change': True}
2024-07-14 23:12:22,905 : INFO : EventManager : Event: ======'machine_var_audits_switches_s_plunger_lane_exit'====== Args={'value': 219, 'prev_value': None, 'change': True}
2024-07-14 23:12:22,906 : INFO : EventManager : Event: ======'machine_var_audits_switches_s_r_target'====== Args={'value': 110, 'prev_value': None, 'change': True}
2024-07-14 23:12:22,906 : INFO : EventManager : Event: ======'machine_var_audits_switches_s_right_flipper'====== Args={'value': 124, 'prev_value': None, 'change': True}
2024-07-14 23:12:22,906 : INFO : EventManager : Event: ======'machine_var_audits_switches_s_right_inlane'====== Args={'value': 9, 'prev_value': None, 'change': True}
2024-07-14 23:12:22,906 : INFO : EventManager : Event: ======'machine_var_audits_switches_s_right_inner_horseshoe'====== Args={'value': 5, 'prev_value': None, 'change': True}
2024-07-14 23:12:22,906 : INFO : EventManager : Event: ======'machine_var_audits_switches_s_right_orbit_exit'====== Args={'value': 33, 'prev_value': None, 'change': True}
2024-07-14 23:12:22,906 : INFO : EventManager : Event: ======'machine_var_audits_switches_s_right_outlane'====== Args={'value': 7, 'prev_value': None, 'change': True}
2024-07-14 23:12:22,906 : INFO : EventManager : Event: ======'machine_var_audits_switches_s_right_pop_bumper'====== Args={'value': 16, 'prev_value': None, 'change': True}
2024-07-14 23:12:22,907 : INFO : EventManager : Event: ======'machine_var_audits_switches_s_right_ramp_enter'====== Args={'value': 1, 'prev_value': None, 'change': True}
2024-07-14 23:12:22,907 : INFO : EventManager : Event: ======'machine_var_audits_switches_s_right_ramp_exit'====== Args={'value': 1, 'prev_value': None, 'change': True}
2024-07-14 23:12:22,907 : INFO : EventManager : Event: ======'machine_var_audits_switches_s_right_ramp_standup'====== Args={'value': 169, 'prev_value': None, 'change': True}
2024-07-14 23:12:22,907 : INFO : EventManager : Event: ======'machine_var_audits_switches_s_right_rollover_lane'====== Args={'value': 151, 'prev_value': None, 'change': True}
2024-07-14 23:12:22,907 : INFO : EventManager : Event: ======'machine_var_audits_switches_s_right_sling'====== Args={'value': 1, 'prev_value': None, 'change': True}
2024-07-14 23:12:22,907 : INFO : EventManager : Event: ======'machine_var_audits_switches_s_scoop'====== Args={'value': 66, 'prev_value': None, 'change': True}
2024-07-14 23:12:22,907 : INFO : EventManager : Event: ======'machine_var_audits_switches_s_start'====== Args={'value': 264, 'prev_value': None, 'change': True}
2024-07-14 23:12:22,908 : INFO : EventManager : Event: ======'machine_var_audits_switches_s_top_inline_drop'====== Args={'value': 14, 'prev_value': None, 'change': True}
2024-07-14 23:12:22,908 : INFO : EventManager : Event: ======'machine_var_audits_switches_s_trough1'====== Args={'value': 284, 'prev_value': None, 'change': True}
2024-07-14 23:12:22,908 : INFO : EventManager : Event: ======'machine_var_audits_switches_s_trough2'====== Args={'value': 12, 'prev_value': None, 'change': True}
2024-07-14 23:12:22,908 : INFO : EventManager : Event: ======'machine_var_audits_switches_s_trough3'====== Args={'value': 2, 'prev_value': None, 'change': True}
2024-07-14 23:12:22,908 : INFO : EventManager : Event: ======'machine_var_audits_switches_s_trough4'====== Args={'value': 2, 'prev_value': None, 'change': True}
2024-07-14 23:12:22,908 : INFO : EventManager : Event: ======'machine_var_audits_switches_s_trough5'====== Args={'value': 2, 'prev_value': None, 'change': True}
2024-07-14 23:12:22,908 : INFO : EventManager : Event: ======'machine_var_audits_switches_s_trough6'====== Args={'value': 1, 'prev_value': None, 'change': True}
2024-07-14 23:12:22,909 : INFO : EventManager : Event: ======'machine_var_audits_switches_s_trough_jam'====== Args={'value': 5, 'prev_value': None, 'change': True}
2024-07-14 23:12:22,909 : INFO : EventManager : Event: ======'init_phase_5'====== Args={}
2024-07-14 23:12:22,913 : INFO : EventManager : Event: ======'init_done'====== Args={}
2024-07-14 23:12:22,913 : INFO : EventManager : Event: ======'machine_reset_phase_1'====== Args={}
2024-07-14 23:12:22,919 : INFO : EventManager : Event: ======'machine_reset_phase_2'====== Args={}
2024-07-14 23:12:22,919 : INFO : EventManager : Event: ======'machine_reset_phase_3'====== Args={}
2024-07-14 23:12:22,919 : INFO : drop_target_bank.strickland_bank : All targets are already up. Will not reset bank.
2024-07-14 23:12:22,919 : INFO : EventManager : Event: ======'reset_complete'====== Args={}
2024-07-14 23:12:22,919 : INFO : EventManager : Event: ======'mode_attract_will_start'====== Args={}
2024-07-14 23:12:22,919 : INFO : Timer.attract_switch : Starting Timer.
2024-07-14 23:12:22,919 : INFO : EventManager : Event: ======'timer_attract_switch_started'====== Args={'ticks': 0, 'ticks_remaining': 45}
2024-07-14 23:12:22,919 : INFO : EventManager : Event: ======'timer_attract_switch_tick'====== Args={'ticks': 0, 'ticks_remaining': 45}
2024-07-14 23:12:22,920 : INFO : EventManager : Event: ======'mode_attract_starting'====== Args={}
2024-07-14 23:12:22,920 : INFO : Mode.attract : Started. Priority: 10
2024-07-14 23:12:22,920 : INFO : EventManager : Event: ======'modes_active_modes_changed'====== Args={}
2024-07-14 23:12:22,920 : INFO : EventManager : Event: ======'mode_attract_started'====== Args={}
2024-07-14 23:12:22,920 : INFO : EventManager : Event: ======'collecting_balls_complete'====== Args={}
2024-07-14 23:12:22,920 : INFO : Machine : Starting the main run loop.
2024-07-14 23:12:23,708 : INFO : BcpServer : New client connected.
2024-07-14 23:12:23,920 : INFO : EventManager : Event: ======'timer_attract_switch_tick'====== Args={'ticks': 1, 'ticks_remaining': 44}
2024-07-14 23:12:23,930 : INFO : EventManager : Event: ======'slide__removed'====== Args={'_from_bcp': True}
2024-07-14 23:12:23,954 : INFO : EventManager : Event: ======'slide_dtp_logo_attract_created'====== Args={'_from_bcp': True}
2024-07-14 23:12:23,955 : INFO : EventManager : Event: ======'slide_dtp_logo_attract_active'====== Args={'original_context': 'attract', 'original_calling_context': 'timer_attract_switch_tick{ticks==1}', 'cmd': 'slides_play', '_from_bcp': True}
2024-07-14 23:12:24,274 : INFO : SwitchController : <<<<<<< 's_start' active >>>>>>>
2024-07-14 23:12:24,398 : INFO : SwitchController : <<<<<<< 's_start' inactive >>>>>>>
2024-07-14 23:12:24,399 : INFO : EventManager : Event: ======'request_to_start_game'====== Args={}
2024-07-14 23:12:24,400 : INFO : EventManager : Event: ======'game_start'====== Args={'buttons': [], 'hold_time': 0.12441108300000003}
2024-07-14 23:12:24,401 : INFO : EventManager : Event: ======'mode_game_will_start'====== Args={'buttons': [], 'hold_time': 0.12441108300000003}
2024-07-14 23:12:24,402 : INFO : EventManager : Event: ======'mode_game_starting'====== Args={'buttons': [], 'hold_time': 0.12441108300000003}
2024-07-14 23:12:24,403 : INFO : EventManager : Event: ======'mode_attract_will_stop'====== Args={}
2024-07-14 23:12:24,403 : INFO : EventManager : Event: ======'mode_attract_stopping'====== Args={}
2024-07-14 23:12:24,404 : INFO : Mode.attract : Stopped.
2024-07-14 23:12:24,404 : INFO : EventManager : Event: ======'modes_active_modes_changed'====== Args={}
2024-07-14 23:12:24,406 : INFO : EventManager : Event: ======'mode_attract_stopped'====== Args={}
2024-07-14 23:12:24,406 : INFO : EventManager : Event: ======'clear'====== Args={'key': 'attract'}
2024-07-14 23:12:24,407 : INFO : Timer.attract_switch : Stopping Timer
2024-07-14 23:12:24,407 : INFO : EventManager : Event: ======'timer_attract_switch_stopped'====== Args={'ticks': 1, 'ticks_remaining': 44}
2024-07-14 23:12:24,408 : INFO : Mode.game : Started. Priority: 20
2024-07-14 23:12:24,408 : INFO : EventManager : Event: ======'modes_active_modes_changed'====== Args={}
2024-07-14 23:12:24,408 : INFO : EventManager : Event: ======'mode_game_started'====== Args={'buttons': [], 'hold_time': 0.12441108300000003}
2024-07-14 23:12:24,409 : INFO : EventManager : Event: ======'game_will_start'====== Args={}
2024-07-14 23:12:24,421 : INFO : EventManager : Event: ======'game_starting'====== Args={'game': <Mode.game>}
2024-07-14 23:12:24,423 : INFO : EventManager : Unordered handler for class <Auditor> on event game_ended with priority 1. Handlers: [RegisteredHandler(callback=<bound method Auditor.disable of <Auditor>>, priority=1, kwargs={}, key=UUID('a42d3ff2-ff36-4a6b-9e29-d3e78aafe72b'), condition=None, blocking_facility=None), RegisteredHandler(callback=<bound method Auditor._save_audits of <Auditor>>, priority=1, kwargs={}, key=UUID('b6dcf4ed-d4c0-4916-b182-aedab7d732d5'), condition=None, blocking_facility=None)]. The order of those handlers is not defined and they will be executed in random order. This might lead to race conditions and potential bugs.
2024-07-14 23:12:24,424 : INFO : EventManager : Event: ======'player_add_request'====== Args={}
2024-07-14 23:12:24,424 : INFO : EventManager : Event: ======'player_will_add'====== Args={'number': 1}
2024-07-14 23:12:24,425 : INFO : EventManager : Event: ======'player_adding'====== Args={'player': <Player 1>, 'number': 1}
2024-07-14 23:12:24,425 : INFO : EventManager : Event: ======'player_added'====== Args={'player': <Player 1>, 'num': 1}
2024-07-14 23:12:24,425 : INFO : Mode.game : Player added successfully. Total players: 1
2024-07-14 23:12:24,426 : INFO : EventManager : Event: ======'player_index'====== Args={'value': 0, 'prev_value': 0, 'change': 0, 'player_num': 1}
2024-07-14 23:12:24,426 : INFO : EventManager : Event: ======'player_number'====== Args={'value': 1, 'prev_value': 1, 'change': 0, 'player_num': 1}
2024-07-14 23:12:24,426 : INFO : EventManager : Event: ======'player_score'====== Args={'value': 0, 'prev_value': 0, 'change': 0, 'player_num': 1}
2024-07-14 23:12:24,427 : INFO : EventManager : Event: ======'game_started'====== Args={}
2024-07-14 23:12:24,428 : INFO : EventManager : Event: ======'player_turn_will_start'====== Args={'player': <Player 1>, 'number': 1}
2024-07-14 23:12:24,428 : INFO : EventManager : Event: ======'player_turn_starting'====== Args={'player': <Player 1>, 'number': 1}
2024-07-14 23:12:24,436 : INFO : EventManager : Event: ======'player_ball'====== Args={'value': 1, 'prev_value': 0, 'change': 1, 'player_num': 1}
2024-07-14 23:12:24,436 : INFO : EventManager : Event: ======'player_turn_started'====== Args={'player': <Player 1>, 'number': 1}
2024-07-14 23:12:24,443 : INFO : EventManager : Event: ======'ball_will_start'====== Args={'player': 1, 'ball': 1, 'balls_remaining': 2, 'is_extra_ball': False}
2024-07-14 23:12:24,443 : INFO : EventManager : Event: ======'ball_starting'====== Args={'player': 1, 'ball': 1, 'balls_remaining': 2, 'is_extra_ball': False}
2024-07-14 23:12:24,443 : INFO : EventManager : Event: ======'mode_skillshot_will_start'====== Args={'queue': <QueuedEvent>, 'player': 1, 'ball': 1, 'balls_remaining': 2, 'is_extra_ball': False}
2024-07-14 23:12:24,443 : INFO : EventManager : Event: ======'skillshot_complete'====== Args={'state': 'None'}
2024-07-14 23:12:24,444 : INFO : EventManager : Event: ======'skillshot_None_complete'====== Args={}
2024-07-14 23:12:24,444 : INFO : EventManager : Event: ======'player_shot_skillshot_p_target_enabled'====== Args={'value': True, 'prev_value': 0, 'change': 1, 'player_num': 1}
2024-07-14 23:12:24,445 : INFO : EventManager : Event: ======'player_shot_skillshot_r_target_enabled'====== Args={'value': True, 'prev_value': 0, 'change': 1, 'player_num': 1}
2024-07-14 23:12:24,445 : INFO : EventManager : Event: ======'player_shot_skillshot_o_target_enabled'====== Args={'value': True, 'prev_value': 0, 'change': 1, 'player_num': 1}
2024-07-14 23:12:24,446 : INFO : EventManager : Event: ======'player_shot_skillshot_p2_target_enabled'====== Args={'value': True, 'prev_value': 0, 'change': 1, 'player_num': 1}
2024-07-14 23:12:24,446 : INFO : EventManager : Event: ======'player_shot_skillshot_a_target_enabled'====== Args={'value': True, 'prev_value': 0, 'change': 1, 'player_num': 1}
2024-07-14 23:12:24,446 : INFO : EventManager : Event: ======'player_shot_skillshot_n_target_enabled'====== Args={'value': True, 'prev_value': 0, 'change': 1, 'player_num': 1}
2024-07-14 23:12:24,447 : INFO : EventManager : Event: ======'player_shot_skillshot_e_target_enabled'====== Args={'value': True, 'prev_value': 0, 'change': 1, 'player_num': 1}
2024-07-14 23:12:24,447 : INFO : EventManager : Event: ======'player_skillshot_skillshot_rotate_tick'====== Args={'value': 0, 'prev_value': 0, 'change': 0, 'player_num': 1}
2024-07-14 23:12:24,447 : INFO : Timer.skillshot_rotate : Starting Timer.
2024-07-14 23:12:24,447 : INFO : EventManager : Event: ======'timer_skillshot_rotate_started'====== Args={'ticks': 0, 'ticks_remaining': 0}
2024-07-14 23:12:24,448 : INFO : EventManager : Event: ======'timer_skillshot_rotate_tick'====== Args={'ticks': 0, 'ticks_remaining': 0}
2024-07-14 23:12:24,449 : INFO : EventManager : Event: ======'mode_skillshot_starting'====== Args={'queue': <QueuedEvent>, 'player': 1, 'ball': 1, 'balls_remaining': 2, 'is_extra_ball': False}
2024-07-14 23:12:24,449 : INFO : drop_target_bank.strickland_bank : All targets are already up. Will not reset bank.
2024-07-14 23:12:24,449 : INFO : EventManager : Event: ======'cmd_flippers_enable'====== Args={'priority': 0}
2024-07-14 23:12:24,449 : INFO : EventManager : Event: ======'cmd_autofire_coils_enable'====== Args={'priority': 0}
2024-07-14 23:12:24,449 : INFO : EventManager : Event: ======'cmd_drop_targets_reset'====== Args={'priority': 0}
2024-07-14 23:12:24,450 : INFO : Mode.skillshot : Started. Priority: 200
2024-07-14 23:12:24,450 : INFO : EventManager : Event: ======'modes_active_modes_changed'====== Args={}
2024-07-14 23:12:24,450 : INFO : EventManager : Event: ======'mode_skillshot_started'====== Args={'queue': <QueuedEvent>, 'player': 1, 'ball': 1, 'balls_remaining': 2, 'is_extra_ball': False}
2024-07-14 23:12:24,450 : INFO : EventManager : Event: ======'player_shot_skillshot_p_target'====== Args={'value': 1, 'prev_value': 0, 'change': 1, 'player_num': 1}
2024-07-14 23:12:24,451 : INFO : EventManager : Event: ======'balls_in_play'====== Args={'balls': 1}
2024-07-14 23:12:24,451 : INFO : EventManager : Event: ======'ball_started'====== Args={'player': 1, 'ball': 1, 'balls_remaining': 2, 'is_extra_ball': False}
2024-07-14 23:12:24,452 : INFO : EventManager : Event: ======'mode_BBQ_rollover_will_start'====== Args={'player': 1, 'ball': 1, 'balls_remaining': 2, 'is_extra_ball': False}
2024-07-14 23:12:24,452 : INFO : EventManager : Event: ======'player_shot_left_rollover_lane_enabled'====== Args={'value': True, 'prev_value': 0, 'change': 1, 'player_num': 1}
2024-07-14 23:12:24,452 : INFO : EventManager : Event: ======'player_shot_middle_rollover_lane_enabled'====== Args={'value': True, 'prev_value': 0, 'change': 1, 'player_num': 1}
2024-07-14 23:12:24,453 : INFO : EventManager : Event: ======'player_shot_right_rollover_lane_enabled'====== Args={'value': True, 'prev_value': 0, 'change': 1, 'player_num': 1}
2024-07-14 23:12:24,453 : INFO : EventManager : Event: ======'BBQ_lanes_complete'====== Args={'state': 'unlit'}
2024-07-14 23:12:24,453 : INFO : EventManager : Event: ======'BBQ_lanes_unlit_complete'====== Args={}
2024-07-14 23:12:24,454 : INFO : EventManager : Event: ======'mode_BBQ_rollover_starting'====== Args={'player': 1, 'ball': 1, 'balls_remaining': 2, 'is_extra_ball': False}
2024-07-14 23:12:24,455 : INFO : EventManager : Event: ======'mode_base_will_start'====== Args={'player': 1, 'ball': 1, 'balls_remaining': 2, 'is_extra_ball': False}
2024-07-14 23:12:24,455 : INFO : EventManager : Event: ======'player_shot_qualify_p_target_enabled'====== Args={'value': True, 'prev_value': 0, 'change': 1, 'player_num': 1}
2024-07-14 23:12:24,455 : INFO : EventManager : Event: ======'player_shot_qualify_r_target_enabled'====== Args={'value': True, 'prev_value': 0, 'change': 1, 'player_num': 1}
2024-07-14 23:12:24,455 : INFO : EventManager : Event: ======'player_shot_qualify_o_target_enabled'====== Args={'value': True, 'prev_value': 0, 'change': 1, 'player_num': 1}
2024-07-14 23:12:24,456 : INFO : EventManager : Event: ======'qualify_mission_complete'====== Args={'state': 'unlit'}
2024-07-14 23:12:24,456 : INFO : EventManager : Event: ======'qualify_mission_unlit_complete'====== Args={}
2024-07-14 23:12:24,458 : INFO : EventManager : Event: ======'mode_base_starting'====== Args={'player': 1, 'ball': 1, 'balls_remaining': 2, 'is_extra_ball': False}
2024-07-14 23:12:24,458 : INFO : Mode.base : Started. Priority: 100
2024-07-14 23:12:24,458 : INFO : EventManager : Event: ======'modes_active_modes_changed'====== Args={}
2024-07-14 23:12:24,459 : INFO : EventManager : Event: ======'mode_base_started'====== Args={'player': 1, 'ball': 1, 'balls_remaining': 2, 'is_extra_ball': False}
2024-07-14 23:12:24,459 : INFO : EventManager : Event: ======'ball_save_default_enabled'====== Args={}
2024-07-14 23:12:24,459 : INFO : EventManager : Event: ======'logicblock_lb_BBQ_complete_count_updated'====== Args={'value': 1, 'enabled': True}
2024-07-14 23:12:24,459 : INFO : EventManager : Event: ======'logicblock_lb_BBQ_complete_count_updated'====== Args={'value': 1, 'enabled': True}
2024-07-14 23:12:24,460 : INFO : Mode.BBQ_rollover : Started. Priority: 200
2024-07-14 23:12:24,460 : INFO : EventManager : Event: ======'modes_active_modes_changed'====== Args={}
2024-07-14 23:12:24,460 : INFO : EventManager : Event: ======'mode_BBQ_rollover_started'====== Args={'player': 1, 'ball': 1, 'balls_remaining': 2, 'is_extra_ball': False}
2024-07-14 23:12:24,460 : INFO : EventManager : Event: ======'player_bonus_multiplier'====== Args={'value': 1, 'prev_value': 0, 'change': 1, 'player_num': 1, 'source': 'BBQ_rollover'}
2024-07-14 23:12:24,460 : INFO : EventManager : Event: ======'single_player_ball_started'====== Args={}
2024-07-14 23:12:24,461 : INFO : EventManager : Event: ======'ball_start_target'====== Args={'target': 'playfield'}
2024-07-14 23:12:24,465 : INFO : ball_device.bd_plunger : Setting up player-controlled eject. Balls: 1, Target: <playfield.playfield>, player_controlled_eject_event: None
2024-07-14 23:12:24,465 : INFO : EventManager : Event: ======'balldevice_balls_available'====== Args={}
2024-07-14 23:12:24,466 : INFO : ball_device.bd_trough : State: waiting_for_target_ready
2024-07-14 23:12:24,466 : INFO : EventManager : Event: ======'balldevice_bd_trough_ball_eject_attempt'====== Args={'balls': 1, 'target': <ball_device.bd_plunger>, 'source': <ball_device.bd_trough>, 'mechanical_eject': True, 'num_attempts': 0}
2024-07-14 23:12:24,466 : INFO : ball_device.bd_plunger : State: waiting_for_ball
2024-07-14 23:12:24,466 : INFO : ball_device.bd_trough : State: ejecting
2024-07-14 23:12:24,466 : INFO : ball_device.bd_trough : Ejecting ball to <ball_device.bd_plunger>
2024-07-14 23:12:24,466 : INFO : EventManager : Event: ======'balldevice_bd_trough_ejecting_ball'====== Args={'balls': 1, 'target': <ball_device.bd_plunger>, 'source': <ball_device.bd_trough>, 'mechanical_eject': True, 'num_attempts': 0}
2024-07-14 23:12:24,466 : INFO : ball_device.bd_trough : Wait for ball to leave device
2024-07-14 23:12:24,467 : INFO : coil.c_trough_eject : Pulsing Driver for 20ms (1.0 pulse_power)
2024-07-14 23:12:24,467 : INFO : SwitchController : <<<<<<< 's_trough1' inactive >>>>>>>
2024-07-14 23:12:24,467 : INFO : ball_device.bd_trough : State: ball_left
2024-07-14 23:12:24,467 : INFO : ball_device.bd_trough : Ball left
2024-07-14 23:12:24,467 : INFO : ball_device.bd_trough : Wait for confirm with timeout 3.0
2024-07-14 23:12:24,472 : INFO : EventManager : Event: ======'slide_skillshot_created'====== Args={'_from_bcp': True}
2024-07-14 23:12:24,472 : INFO : EventManager : Event: ======'slide_dtp_logo_attract_inactive'====== Args={'_from_bcp': True}
2024-07-14 23:12:24,472 : INFO : EventManager : Event: ======'slide_skillshot_active'====== Args={'original_context': 'skillshot', 'original_calling_context': 'mode_skillshot_started', 'queue': '<QueuedEvent>', 'cmd': 'slides_play', '_from_bcp': True}
2024-07-14 23:12:24,472 : INFO : EventManager : Event: ======'slide_dtp_logo_attract_removed'====== Args={'_from_bcp': True}
2024-07-14 23:12:24,486 : INFO : EventManager : Event: ======'slide_base_created'====== Args={'_from_bcp': True}
2024-07-14 23:12:24,567 : INFO : SwitchController : <<<<<<< 's_plunger' active >>>>>>>
2024-07-14 23:12:24,567 : INFO : EventManager : Event: ======'machine_var_audits_switches_s_plunger'====== Args={'value': 413, 'prev_value': 412, 'change': 1}
2024-07-14 23:12:25,068 : INFO : ball_device.bd_plunger : Received ball from <ball_device.bd_trough>
2024-07-14 23:12:25,069 : INFO : EventManager : Event: ======'balldevice_bd_plunger_ball_enter'====== Args={'new_balls': 1, 'unclaimed_balls': 0, 'new_available_balls': 0, 'device': <ball_device.bd_plunger>}
2024-07-14 23:12:25,070 : INFO : EventManager : Event: ======'balldevice_bd_plunger_ball_entered'====== Args={'new_balls': 0, 'device': <ball_device.bd_plunger>}
2024-07-14 23:12:25,070 : INFO : EventManager : Event: ======'balldevice_bd_plunger_ball_count_changed'====== Args={'balls': 1}
2024-07-14 23:12:25,070 : INFO : ball_device.bd_trough : Got eject confirm
2024-07-14 23:12:25,070 : INFO : ball_device.bd_trough : Eject successful
2024-07-14 23:12:25,070 : INFO : EventManager : Event: ======'balldevice_bd_trough_ball_eject_success'====== Args={'balls': 1, 'target': <ball_device.bd_plunger>}
2024-07-14 23:12:25,071 : INFO : EventManager : Event: ======'balldevice_bd_trough_ball_count_changed'====== Args={'balls': 5}
2024-07-14 23:12:25,071 : INFO : ball_device.bd_trough : State: idle
2024-07-14 23:12:25,072 : INFO : ball_device.bd_plunger : State: waiting_for_target_ready
2024-07-14 23:12:25,072 : INFO : EventManager : Event: ======'balldevice_bd_plunger_ball_eject_attempt'====== Args={'balls': 1, 'target': <playfield.playfield>, 'source': <ball_device.bd_plunger>, 'mechanical_eject': True, 'num_attempts': 0}
2024-07-14 23:12:25,073 : INFO : ball_device.bd_plunger : State: ejecting
2024-07-14 23:12:25,073 : INFO : ball_device.bd_plunger : Ejecting ball to <playfield.playfield>
2024-07-14 23:12:25,073 : INFO : EventManager : Event: ======'balldevice_bd_plunger_ejecting_ball'====== Args={'balls': 1, 'target': <playfield.playfield>, 'source': <ball_device.bd_plunger>, 'mechanical_eject': True, 'num_attempts': 0}
2024-07-14 23:12:25,075 : INFO : ball_device.bd_plunger : Wait for ball to leave device
2024-07-14 23:12:25,448 : INFO : EventManager : Event: ======'player_skillshot_skillshot_rotate_tick'====== Args={'value': 1, 'prev_value': 0, 'change': 1, 'player_num': 1}
2024-07-14 23:12:25,461 : INFO : EventManager : Event: ======'timer_skillshot_rotate_tick'====== Args={'ticks': 1, 'ticks_remaining': 0}
2024-07-14 23:12:25,464 : INFO : EventManager : Event: ======'player_shot_skillshot_p_target'====== Args={'value': 0, 'prev_value': 1, 'change': -1, 'player_num': 1}
2024-07-14 23:12:25,465 : INFO : EventManager : Event: ======'player_shot_skillshot_r_target'====== Args={'value': 1, 'prev_value': 0, 'change': 1, 'player_num': 1}
2024-07-14 23:12:26,373 : INFO : SwitchController : <<<<<<< 's_right_rollover_lane' active >>>>>>>
2024-07-14 23:12:26,374 : INFO : EventManager : Event: ======'playfield_active'====== Args={}
2024-07-14 23:12:26,374 : INFO : EventManager : Event: ======'s_right_rollover_lane_active'====== Args={}
2024-07-14 23:12:26,374 : INFO : EventManager : Event: ======'machine_var_audits_switches_s_right_rollover_lane'====== Args={'value': 152, 'prev_value': 151, 'change': 1}
2024-07-14 23:12:26,375 : INFO : EventManager : Event: ======'player_shot_right_rollover_lane'====== Args={'value': 1, 'prev_value': 0, 'change': 1, 'player_num': 1}
2024-07-14 23:12:26,376 : INFO : EventManager : Event: ======'machine_var_audits_shots_right_rollover_lane'====== Args={'value': 138, 'prev_value': 137, 'change': 1}
2024-07-14 23:12:26,377 : INFO : EventManager : Event: ======'right_rollover_lane_hit'====== Args={'profile': 'default', 'state': 'unlit', 'advancing': True}
2024-07-14 23:12:26,377 : INFO : EventManager : Event: ======'right_rollover_lane_default_hit'====== Args={'profile': 'default', 'state': 'unlit', 'advancing': True}
2024-07-14 23:12:26,377 : INFO : EventManager : Event: ======'right_rollover_lane_default_unlit_hit'====== Args={'profile': 'default', 'state': 'unlit', 'advancing': True}
2024-07-14 23:12:26,377 : INFO : EventManager : Event: ======'right_rollover_lane_unlit_hit'====== Args={'profile': 'default', 'state': 'unlit', 'advancing': True}
2024-07-14 23:12:26,377 : INFO : EventManager : Event: ======'player_score'====== Args={'value': 50, 'prev_value': 0, 'change': 50, 'player_num': 1, 'source': 'base'}
2024-07-14 23:12:26,378 : INFO : EventManager : Event: ======'BBQ_lanes_hit'====== Args={'shot': 'right_rollover_lane'}
2024-07-14 23:12:26,378 : INFO : EventManager : Event: ======'BBQ_lanes_unlit_hit'====== Args={'shot': 'right_rollover_lane'}
2024-07-14 23:12:26,448 : INFO : EventManager : Event: ======'player_skillshot_skillshot_rotate_tick'====== Args={'value': 2, 'prev_value': 1, 'change': 1, 'player_num': 1}
2024-07-14 23:12:26,448 : INFO : EventManager : Event: ======'timer_skillshot_rotate_tick'====== Args={'ticks': 2, 'ticks_remaining': 0}
2024-07-14 23:12:26,449 : INFO : EventManager : Event: ======'player_shot_skillshot_r_target'====== Args={'value': 0, 'prev_value': 1, 'change': -1, 'player_num': 1}
2024-07-14 23:12:26,449 : INFO : EventManager : Event: ======'player_shot_skillshot_o_target'====== Args={'value': 1, 'prev_value': 0, 'change': 1, 'player_num': 1}
2024-07-14 23:12:26,451 : INFO : SwitchController : <<<<<<< 's_right_rollover_lane' inactive >>>>>>>
2024-07-14 23:12:27,134 : INFO : SwitchController : <<<<<<< 's_middle_rollover_lane' active >>>>>>>
2024-07-14 23:12:27,135 : INFO : EventManager : Event: ======'playfield_active'====== Args={}
2024-07-14 23:12:27,138 : INFO : EventManager : Event: ======'s_middle_rollover_lane_active'====== Args={}
2024-07-14 23:12:27,139 : INFO : EventManager : Event: ======'machine_var_audits_switches_s_middle_rollover_lane'====== Args={'value': 138, 'prev_value': 137, 'change': 1}
2024-07-14 23:12:27,140 : INFO : EventManager : Event: ======'player_shot_middle_rollover_lane'====== Args={'value': 1, 'prev_value': 0, 'change': 1, 'player_num': 1}
2024-07-14 23:12:27,141 : INFO : EventManager : Event: ======'machine_var_audits_shots_middle_rollover_lane'====== Args={'value': 135, 'prev_value': 134, 'change': 1}
2024-07-14 23:12:27,141 : INFO : EventManager : Event: ======'middle_rollover_lane_hit'====== Args={'profile': 'default', 'state': 'unlit', 'advancing': True}
2024-07-14 23:12:27,141 : INFO : EventManager : Event: ======'middle_rollover_lane_default_hit'====== Args={'profile': 'default', 'state': 'unlit', 'advancing': True}
2024-07-14 23:12:27,142 : INFO : EventManager : Event: ======'middle_rollover_lane_default_unlit_hit'====== Args={'profile': 'default', 'state': 'unlit', 'advancing': True}
2024-07-14 23:12:27,142 : INFO : EventManager : Event: ======'middle_rollover_lane_unlit_hit'====== Args={'profile': 'default', 'state': 'unlit', 'advancing': True}
2024-07-14 23:12:27,142 : INFO : EventManager : Event: ======'player_score'====== Args={'value': 100, 'prev_value': 50, 'change': 50, 'player_num': 1, 'source': 'base'}
2024-07-14 23:12:27,143 : INFO : EventManager : Event: ======'BBQ_lanes_hit'====== Args={'shot': 'middle_rollover_lane'}
2024-07-14 23:12:27,143 : INFO : EventManager : Event: ======'BBQ_lanes_unlit_hit'====== Args={'shot': 'middle_rollover_lane'}
2024-07-14 23:12:27,234 : INFO : SwitchController : <<<<<<< 's_middle_rollover_lane' inactive >>>>>>>
2024-07-14 23:12:27,375 : INFO : EventManager : Event: ======'stop_mode_skillshot'====== Args={'priority': 0}
2024-07-14 23:12:27,376 : INFO : EventManager : Event: ======'mode_skillshot_will_stop'====== Args={}
2024-07-14 23:12:27,376 : INFO : EventManager : Event: ======'mode_skillshot_stopping'====== Args={}
2024-07-14 23:12:27,377 : INFO : Mode.skillshot : Stopped.
2024-07-14 23:12:27,377 : INFO : EventManager : Event: ======'modes_active_modes_changed'====== Args={}
2024-07-14 23:12:27,378 : INFO : EventManager : Event: ======'mode_skillshot_stopped'====== Args={}
2024-07-14 23:12:27,378 : INFO : EventManager : Event: ======'clear'====== Args={'key': 'skillshot'}
2024-07-14 23:12:27,379 : INFO : Timer.skillshot_rotate : Stopping Timer
2024-07-14 23:12:27,379 : INFO : EventManager : Event: ======'timer_skillshot_rotate_stopped'====== Args={'ticks': 2, 'ticks_remaining': 0}
2024-07-14 23:12:27,397 : INFO : EventManager : Event: ======'slide_skillshot_inactive'====== Args={'_from_bcp': True}
2024-07-14 23:12:27,397 : INFO : EventManager : Event: ======'slide_base_active'====== Args={'_from_bcp': True}
2024-07-14 23:12:27,398 : INFO : EventManager : Event: ======'slide_skillshot_removed'====== Args={'_from_bcp': True}
2024-07-14 23:12:27,936 : INFO : SwitchController : <<<<<<< 's_left_rollover_lane' active >>>>>>>
2024-07-14 23:12:27,936 : INFO : EventManager : Event: ======'playfield_active'====== Args={}
2024-07-14 23:12:27,937 : INFO : EventManager : Event: ======'s_left_rollover_lane_active'====== Args={}
2024-07-14 23:12:27,938 : INFO : EventManager : Event: ======'machine_var_audits_switches_s_left_rollover_lane'====== Args={'value': 143, 'prev_value': 142, 'change': 1}
2024-07-14 23:12:27,939 : INFO : EventManager : Event: ======'player_shot_left_rollover_lane'====== Args={'value': 1, 'prev_value': 0, 'change': 1, 'player_num': 1}
2024-07-14 23:12:27,940 : INFO : EventManager : Event: ======'machine_var_audits_shots_left_rollover_lane'====== Args={'value': 138, 'prev_value': 137, 'change': 1}
2024-07-14 23:12:27,941 : INFO : EventManager : Event: ======'left_rollover_lane_hit'====== Args={'profile': 'default', 'state': 'unlit', 'advancing': True}
2024-07-14 23:12:27,941 : INFO : EventManager : Event: ======'left_rollover_lane_default_hit'====== Args={'profile': 'default', 'state': 'unlit', 'advancing': True}
2024-07-14 23:12:27,942 : INFO : EventManager : Event: ======'left_rollover_lane_default_unlit_hit'====== Args={'profile': 'default', 'state': 'unlit', 'advancing': True}
2024-07-14 23:12:27,942 : INFO : EventManager : Event: ======'left_rollover_lane_unlit_hit'====== Args={'profile': 'default', 'state': 'unlit', 'advancing': True}
2024-07-14 23:12:27,943 : INFO : EventManager : Event: ======'player_score'====== Args={'value': 150, 'prev_value': 100, 'change': 50, 'player_num': 1, 'source': 'base'}
2024-07-14 23:12:27,944 : INFO : EventManager : Event: ======'BBQ_lanes_complete'====== Args={'state': 'lit'}
2024-07-14 23:12:27,944 : INFO : EventManager : Event: ======'BBQ_lanes_lit_complete'====== Args={}
2024-07-14 23:12:27,944 : INFO : EventManager : Event: ======'player_score'====== Args={'value': 1150, 'prev_value': 150, 'change': 1000, 'player_num': 1, 'source': 'BBQ_rollover'}
2024-07-14 23:12:27,946 : INFO : EventManager : Event: ======'logicblock_lb_BBQ_complete_count_updated'====== Args={'value': 2, 'enabled': True}
2024-07-14 23:12:27,946 : INFO : EventManager : Event: ======'BBQ_lanes_done'====== Args={'count': 2}
2024-07-14 23:12:27,947 : INFO : EventManager : Event: ======'player_bonus_multiplier'====== Args={'value': 2, 'prev_value': 1, 'change': 1, 'player_num': 1, 'source': 'BBQ_rollover'}
2024-07-14 23:12:27,949 : INFO : EventManager : Event: ======'BBQ_lanes_hit'====== Args={'shot': 'left_rollover_lane'}
2024-07-14 23:12:27,949 : INFO : EventManager : Event: ======'BBQ_lanes_unlit_hit'====== Args={'shot': 'left_rollover_lane'}
2024-07-14 23:12:28,050 : INFO : SwitchController : <<<<<<< 's_left_rollover_lane' inactive >>>>>>>
2024-07-14 23:12:28,141 : INFO : EventManager : Event: ======'stop_mode_skillshot'====== Args={'priority': 0}
2024-07-14 23:12:28,948 : INFO : EventManager : Event: ======'player_shot_left_rollover_lane'====== Args={'value': 0, 'prev_value': 1, 'change': -1, 'player_num': 1}
2024-07-14 23:12:28,950 : INFO : EventManager : Event: ======'player_shot_middle_rollover_lane'====== Args={'value': 0, 'prev_value': 1, 'change': -1, 'player_num': 1}
2024-07-14 23:12:28,951 : INFO : EventManager : Event: ======'player_shot_right_rollover_lane'====== Args={'value': 0, 'prev_value': 1, 'change': -1, 'player_num': 1}
2024-07-14 23:12:28,953 : INFO : EventManager : Event: ======'BBQ_lanes_complete'====== Args={'state': 'unlit'}
2024-07-14 23:12:28,953 : INFO : EventManager : Event: ======'BBQ_lanes_unlit_complete'====== Args={}
2024-07-14 23:12:28,955 : INFO : EventManager : Event: ======'player_score'====== Args={'value': 3150, 'prev_value': 1150, 'change': 2000, 'player_num': 1, 'source': 'BBQ_rollover'}
2024-07-14 23:12:32,873 : INFO : Machine : Shutting down...
2024-07-14 23:12:32,874 : INFO : EventManager : Event: ======'shutdown'====== Args={}
2024-07-14 23:12:32,877 : INFO : EventManager : Event: ======'mode_game_will_stop'====== Args={}
2024-07-14 23:12:32,878 : INFO : EventManager : Event: ======'mode_game_stopping'====== Args={}
2024-07-14 23:12:32,878 : INFO : EventManager : Event: ======'mode_base_will_stop'====== Args={}
2024-07-14 23:12:32,878 : INFO : EventManager : Event: ======'mode_base_stopping'====== Args={}
2024-07-14 23:12:32,878 : INFO : EventManager : Event: ======'mode_BBQ_rollover_will_stop'====== Args={}
2024-07-14 23:12:32,879 : INFO : EventManager : Event: ======'mode_BBQ_rollover_stopping'====== Args={}
2024-07-14 23:12:32,879 : INFO : Mode.BBQ_rollover : Stopped.
2024-07-14 23:12:32,879 : INFO : EventManager : Event: ======'modes_active_modes_changed'====== Args={}
2024-07-14 23:12:32,879 : INFO : EventManager : Event: ======'mode_BBQ_rollover_stopped'====== Args={}
2024-07-14 23:12:32,879 : INFO : EventManager : Event: ======'clear'====== Args={'key': 'BBQ_rollover'}
2024-07-14 23:12:32,880 : INFO : Mode.base : Stopped.
2024-07-14 23:12:32,881 : INFO : EventManager : Event: ======'modes_active_modes_changed'====== Args={}
2024-07-14 23:12:32,881 : INFO : EventManager : Event: ======'mode_base_stopped'====== Args={}
2024-07-14 23:12:32,881 : INFO : EventManager : Event: ======'clear'====== Args={'key': 'base'}
2024-07-14 23:12:32,882 : INFO : EventManager : Event: ======'ball_save_default_disabled'====== Args={}
2024-07-14 23:12:32,882 : INFO : Mode.game : Stopped.
2024-07-14 23:12:32,882 : INFO : EventManager : Event: ======'modes_active_modes_changed'====== Args={}
2024-07-14 23:12:32,883 : INFO : EventManager : Event: ======'mode_game_stopped'====== Args={}
2024-07-14 23:12:32,883 : INFO : EventManager : Event: ======'clear'====== Args={'key': 'game'}
2024-07-14 23:12:32,885 : INFO : root : MPF run loop ended.
