2024-07-13 16:33:05,939 : INFO : root : Loading config.
2024-07-13 16:33:05,940 : INFO : YamlMultifileConfigLoader : Machine config file #1: config.yaml
2024-07-13 16:33:05,940 : INFO : ConfigProcessor : Loading config from cache: /var/folders/sv/d29kcl5x50v7vt1n6xb5jsd40000gn/T/c166cef8060ffee16a35821bf698da85.mpf_cache
2024-07-13 16:33:05,972 : INFO : ConfigProcessor : Loading config from cache: /var/folders/sv/d29kcl5x50v7vt1n6xb5jsd40000gn/T/6b31c5ac6ecbad948994a8204ea6b05b.mpf_cache
2024-07-13 16:33:05,972 : INFO : ConfigProcessor : Loading config from cache: /var/folders/sv/d29kcl5x50v7vt1n6xb5jsd40000gn/T/fe612d1e66c8a96c19ba449d3748eeac.mpf_cache
2024-07-13 16:33:05,972 : INFO : ConfigProcessor : Loading config from cache: /var/folders/sv/d29kcl5x50v7vt1n6xb5jsd40000gn/T/6b31c5ac6ecbad948994a8204ea6b05b.mpf_cache
2024-07-13 16:33:05,973 : INFO : ConfigProcessor : Loading config from cache: /var/folders/sv/d29kcl5x50v7vt1n6xb5jsd40000gn/T/8765227693ecd961e0504502a81255e0.mpf_cache
2024-07-13 16:33:05,973 : INFO : ConfigProcessor : Loading config from cache: /var/folders/sv/d29kcl5x50v7vt1n6xb5jsd40000gn/T/b247728c74b4d81bcb2825e2b07062a7.mpf_cache
2024-07-13 16:33:05,973 : INFO : ConfigProcessor : Loading config from cache: /var/folders/sv/d29kcl5x50v7vt1n6xb5jsd40000gn/T/f240f94f0b5d0f37ec4fd7571275a101.mpf_cache
2024-07-13 16:33:05,974 : INFO : ConfigProcessor : Loading config from cache: /var/folders/sv/d29kcl5x50v7vt1n6xb5jsd40000gn/T/c4409acfdf3ec94666e0adef48d55400.mpf_cache
2024-07-13 16:33:05,974 : WARNING : ConfigProcessor : Config file in cache changed: /Users/nicktaseris/Desktop/Pinball/KOTH/modes/BBQ_rollover/config/BBQ_rollover.yaml
2024-07-13 16:33:05,974 : INFO : ConfigProcessor : Loading config from file /Users/nicktaseris/Desktop/Pinball/KOTH/modes/BBQ_rollover/config/BBQ_rollover.yaml.
2024-07-13 16:33:05,976 : INFO : ConfigProcessor : Loading config: /Users/nicktaseris/Desktop/Pinball/KOTH/modes/BBQ_rollover/config/BBQ_rollover.yaml
2024-07-13 16:33:05,977 : INFO : ConfigProcessor : Config file cache created: /var/folders/sv/d29kcl5x50v7vt1n6xb5jsd40000gn/T/6a2f50ed892485825cc04dc0a68eab9f.mpf_cache
2024-07-13 16:33:05,977 : INFO : ConfigProcessor : Loading config from cache: /var/folders/sv/d29kcl5x50v7vt1n6xb5jsd40000gn/T/d58c58eb9fd1a2dc27f8acd255fb3761.mpf_cache
2024-07-13 16:33:05,977 : INFO : ConfigProcessor : Loading config from cache: /var/folders/sv/d29kcl5x50v7vt1n6xb5jsd40000gn/T/07adfd310b3ef0e03c5cbc91527abb6c.mpf_cache
2024-07-13 16:33:05,977 : INFO : ConfigProcessor : Loading config from cache: /var/folders/sv/d29kcl5x50v7vt1n6xb5jsd40000gn/T/12bd5247c3bf989b919364bdb7829769.mpf_cache
2024-07-13 16:33:05,978 : INFO : ConfigProcessor : Loading config from cache: /var/folders/sv/d29kcl5x50v7vt1n6xb5jsd40000gn/T/362e08f51a1a1b7a0809dd52f9c83f83.mpf_cache
2024-07-13 16:33:05,978 : INFO : ConfigProcessor : Loading config from cache: /var/folders/sv/d29kcl5x50v7vt1n6xb5jsd40000gn/T/e45e3bd39557ed8d0881194a7afab8f7.mpf_cache
2024-07-13 16:33:05,978 : INFO : ConfigProcessor : Loading config from cache: /var/folders/sv/d29kcl5x50v7vt1n6xb5jsd40000gn/T/331d8d1a1bc190cae8c13495e1db372f.mpf_cache
2024-07-13 16:33:05,978 : INFO : ConfigProcessor : Loading config from cache: /var/folders/sv/d29kcl5x50v7vt1n6xb5jsd40000gn/T/34853b7ed6df3aedbba239874ade5ac8.mpf_cache
2024-07-13 16:33:05,978 : INFO : ConfigProcessor : Loading config from cache: /var/folders/sv/d29kcl5x50v7vt1n6xb5jsd40000gn/T/280fd64455d0d243a54ab4db98fbccbd.mpf_cache
2024-07-13 16:33:05,979 : INFO : ConfigProcessor : Loading config from cache: /var/folders/sv/d29kcl5x50v7vt1n6xb5jsd40000gn/T/f740dfd95525cc25ca6fd48a25d35ac6.mpf_cache
2024-07-13 16:33:05,979 : INFO : ConfigProcessor : Loading config from cache: /var/folders/sv/d29kcl5x50v7vt1n6xb5jsd40000gn/T/3048ed2d7ea14eee3db896f6760aa474.mpf_cache
2024-07-13 16:33:05,979 : INFO : Machine : Mission Pinball Framework Core Engine v0.80.0.dev1
2024-07-13 16:33:05,979 : INFO : Machine : Command line arguments: {'no_load_cache': False, 'create_config_cache': True, 'bcp': True, 'configfile': ['config.yaml'], 'force_assets_load': False, 'platform_integration_test': False, 'jsonlogging': False, 'logfile': 'logs/2024-07-13-16-33-05-mpf-Nicks-MacBook-Air.local.log', 'pause': False, 'production': False, 'text_ui': True, 'loglevel': 15, 'consoleloglevel': 20, 'force_platform': None, 'syslog_address': None, 'mc_file_name': None, 'no_sound': False, 'full_logfile_path': '/Users/nicktaseris/Desktop/Pinball/KOTH/logs/2024-07-13-16-33-05-mpf-Nicks-MacBook-Air.local.log'}
2024-07-13 16:33:05,979 : INFO : Machine : MPF path: /Users/nicktaseris/mpfenv/lib/python3.9/site-packages/mpf
2024-07-13 16:33:05,979 : INFO : Machine : Machine path: /Users/nicktaseris/Desktop/Pinball/KOTH
2024-07-13 16:33:05,979 : INFO : Machine : Platform: darwin
2024-07-13 16:33:05,979 : INFO : Machine : Python executable location: /Users/nicktaseris/mpfenv/bin/python3
2024-07-13 16:33:05,979 : INFO : Machine : Python version: 3.9.13 (64-bit)
2024-07-13 16:33:05,980 : INFO : Machine : Initializing MPF...
2024-07-13 16:33:06,008 : INFO : EventManager : Event: ======'machine_var_credits_string'====== Args={'value': 'FREE PLAY', 'prev_value': None, 'change': True}
2024-07-13 16:33:06,013 : INFO : EventManager : Event: ======'machine_var_master_volume'====== Args={'value': 0.5, 'prev_value': None, 'change': True}
2024-07-13 16:33:06,014 : INFO : EventManager : Event: ======'machine_var_player1_score'====== Args={'value': 370600, 'prev_value': None, 'change': True}
2024-07-13 16:33:06,014 : INFO : EventManager : Event: ======'machine_var_mpf_version'====== Args={'value': 'Mission Pinball Framework v0.80.0.dev1', 'prev_value': None, 'change': True}
2024-07-13 16:33:06,014 : INFO : EventManager : Event: ======'machine_var_mpf_extended_version'====== Args={'value': 'Mission Pinball Framework v0.80.0.dev1, Config version:6, Show version: 6, BCP version:1.1', 'prev_value': None, 'change': True}
2024-07-13 16:33:06,014 : INFO : EventManager : Event: ======'machine_var_python_version'====== Args={'value': '3.9.13', 'prev_value': None, 'change': True}
2024-07-13 16:33:06,034 : INFO : EventManager : Event: ======'machine_var_platform'====== Args={'value': 'macOS-12.1-arm64-arm-64bit', 'prev_value': None, 'change': True}
2024-07-13 16:33:06,034 : INFO : EventManager : Event: ======'machine_var_platform_system'====== Args={'value': 'Darwin', 'prev_value': None, 'change': True}
2024-07-13 16:33:06,034 : INFO : EventManager : Event: ======'machine_var_platform_release'====== Args={'value': '21.2.0', 'prev_value': None, 'change': True}
2024-07-13 16:33:06,034 : INFO : EventManager : Event: ======'machine_var_platform_version'====== Args={'value': 'Darwin Kernel Version 21.2.0: Sun Nov 28 20:29:10 PST 2021; root:xnu-8019.61.5~1/RELEASE_ARM64_T8101', 'prev_value': None, 'change': True}
2024-07-13 16:33:06,034 : INFO : EventManager : Event: ======'machine_var_platform_machine'====== Args={'value': 'arm64', 'prev_value': None, 'change': True}
2024-07-13 16:33:06,034 : INFO : EventManager : Event: ======'machine_var_log_file_path'====== Args={'value': '/Users/nicktaseris/Desktop/Pinball/KOTH/logs/2024-07-13-16-33-05-mpf-Nicks-MacBook-Air.local.log', 'prev_value': None, 'change': True}
2024-07-13 16:33:06,034 : INFO : EventManager : Event: ======'init_phase_1'====== Args={}
2024-07-13 16:33:06,053 : INFO : EventManager : Event: ======'drop_target_bank_strickland_bank_up'====== Args={}
2024-07-13 16:33:06,054 : INFO : EventManager : Event: ======'init_phase_2'====== Args={}
2024-07-13 16:33:06,054 : INFO : SwitchController : Found active switch: ('39', <Platform.SmartVirtual>) <switch.s_trough1>
2024-07-13 16:33:06,054 : INFO : SwitchController : Found active switch: ('40', <Platform.SmartVirtual>) <switch.s_trough2>
2024-07-13 16:33:06,054 : INFO : SwitchController : Found active switch: ('41', <Platform.SmartVirtual>) <switch.s_trough3>
2024-07-13 16:33:06,054 : INFO : SwitchController : Found active switch: ('42', <Platform.SmartVirtual>) <switch.s_trough4>
2024-07-13 16:33:06,054 : INFO : SwitchController : Found active switch: ('43', <Platform.SmartVirtual>) <switch.s_trough5>
2024-07-13 16:33:06,054 : INFO : SwitchController : Found active switch: ('44', <Platform.SmartVirtual>) <switch.s_trough6>
2024-07-13 16:33:06,058 : INFO : EventManager : Event: ======'bcp_connection_attempt'====== Args={'name': 'local_display', 'host': 'localhost', 'port': 5050}
2024-07-13 16:33:06,058 : INFO : BCPClientSocket : Connecting BCP to 'local_display' at localhost:5050...
2024-07-13 16:33:07,093 : INFO : BCPClientSocket : Connected BCP to 'local_display' localhost:5050
2024-07-13 16:33:07,094 : INFO : EventManager : Event: ======'bcp_clients_connected'====== Args={}
2024-07-13 16:33:07,097 : INFO : ball_device.bd_trough : BCH: Initial count: 6
2024-07-13 16:33:07,098 : INFO : ball_device.bd_trough : State: idle
2024-07-13 16:33:07,099 : INFO : ball_device.bd_plunger : BCH: Initial count: 0
2024-07-13 16:33:07,099 : INFO : ball_device.bd_plunger : State: idle
2024-07-13 16:33:07,100 : INFO : ball_device.bd_scoop : BCH: Initial count: 0
2024-07-13 16:33:07,101 : INFO : ball_device.bd_scoop : State: idle
2024-07-13 16:33:07,107 : INFO : EventManager : Event: ======'init_phase_3'====== Args={}
2024-07-13 16:33:07,111 : INFO : EventManager : Event: ======'init_phase_4'====== Args={}
2024-07-13 16:33:07,112 : INFO : BallController : Initial balls found: 6
2024-07-13 16:33:07,112 : INFO : EventManager : Event: ======'machine_var_audits_events_game_ended'====== Args={'value': 3, 'prev_value': None, 'change': True}
2024-07-13 16:33:07,112 : INFO : EventManager : Event: ======'machine_var_audits_events_game_started'====== Args={'value': 285, 'prev_value': None, 'change': True}
2024-07-13 16:33:07,112 : INFO : EventManager : Event: ======'machine_var_audits_missing_switches_s_a_target'====== Args={'value': 3, 'prev_value': None, 'change': True}
2024-07-13 16:33:07,113 : INFO : EventManager : Event: ======'machine_var_audits_missing_switches_s_bottom_inline_drop'====== Args={'value': 30, 'prev_value': None, 'change': True}
2024-07-13 16:33:07,113 : INFO : EventManager : Event: ======'machine_var_audits_missing_switches_s_bottom_pop_bumper'====== Args={'value': 24, 'prev_value': None, 'change': True}
2024-07-13 16:33:07,113 : INFO : EventManager : Event: ======'machine_var_audits_missing_switches_s_center_spinner'====== Args={'value': 32, 'prev_value': None, 'change': True}
2024-07-13 16:33:07,113 : INFO : EventManager : Event: ======'machine_var_audits_missing_switches_s_left_flipper'====== Args={'value': 4, 'prev_value': None, 'change': True}
2024-07-13 16:33:07,113 : INFO : EventManager : Event: ======'machine_var_audits_missing_switches_s_left_inlane'====== Args={'value': 163, 'prev_value': None, 'change': True}
2024-07-13 16:33:07,113 : INFO : EventManager : Event: ======'machine_var_audits_missing_switches_s_left_inner_horseshoe'====== Args={'value': 41, 'prev_value': None, 'change': True}
2024-07-13 16:33:07,113 : INFO : EventManager : Event: ======'machine_var_audits_missing_switches_s_left_orbit_enter'====== Args={'value': 200, 'prev_value': None, 'change': True}
2024-07-13 16:33:07,113 : INFO : EventManager : Event: ======'machine_var_audits_missing_switches_s_left_orbit_exit'====== Args={'value': 41, 'prev_value': None, 'change': True}
2024-07-13 16:33:07,113 : INFO : EventManager : Event: ======'machine_var_audits_missing_switches_s_left_outlane'====== Args={'value': 160, 'prev_value': None, 'change': True}
2024-07-13 16:33:07,113 : INFO : EventManager : Event: ======'machine_var_audits_missing_switches_s_left_pop_bumper'====== Args={'value': 236, 'prev_value': None, 'change': True}
2024-07-13 16:33:07,113 : INFO : EventManager : Event: ======'machine_var_audits_missing_switches_s_left_ramp_enter'====== Args={'value': 99, 'prev_value': None, 'change': True}
2024-07-13 16:33:07,113 : INFO : EventManager : Event: ======'machine_var_audits_missing_switches_s_left_ramp_exit'====== Args={'value': 163, 'prev_value': None, 'change': True}
2024-07-13 16:33:07,113 : INFO : EventManager : Event: ======'machine_var_audits_missing_switches_s_left_ramp_standup'====== Args={'value': 12, 'prev_value': None, 'change': True}
2024-07-13 16:33:07,113 : INFO : EventManager : Event: ======'machine_var_audits_missing_switches_s_left_sling'====== Args={'value': 225, 'prev_value': None, 'change': True}
2024-07-13 16:33:07,114 : INFO : EventManager : Event: ======'machine_var_audits_missing_switches_s_left_spinner'====== Args={'value': 174, 'prev_value': None, 'change': True}
2024-07-13 16:33:07,114 : INFO : EventManager : Event: ======'machine_var_audits_missing_switches_s_middle_inline_drop'====== Args={'value': 30, 'prev_value': None, 'change': True}
2024-07-13 16:33:07,114 : INFO : EventManager : Event: ======'machine_var_audits_missing_switches_s_n_target'====== Args={'value': 1, 'prev_value': None, 'change': True}
2024-07-13 16:33:07,114 : INFO : EventManager : Event: ======'machine_var_audits_missing_switches_s_o_target'====== Args={'value': 133, 'prev_value': None, 'change': True}
2024-07-13 16:33:07,114 : INFO : EventManager : Event: ======'machine_var_audits_missing_switches_s_p2_target'====== Args={'value': 19, 'prev_value': None, 'change': True}
2024-07-13 16:33:07,114 : INFO : EventManager : Event: ======'machine_var_audits_missing_switches_s_p_target'====== Args={'value': 13, 'prev_value': None, 'change': True}
2024-07-13 16:33:07,114 : INFO : EventManager : Event: ======'machine_var_audits_missing_switches_s_r_target'====== Args={'value': 8, 'prev_value': None, 'change': True}
2024-07-13 16:33:07,114 : INFO : EventManager : Event: ======'machine_var_audits_missing_switches_s_right_flipper'====== Args={'value': 17, 'prev_value': None, 'change': True}
2024-07-13 16:33:07,114 : INFO : EventManager : Event: ======'machine_var_audits_missing_switches_s_right_inlane'====== Args={'value': 236, 'prev_value': None, 'change': True}
2024-07-13 16:33:07,114 : INFO : EventManager : Event: ======'machine_var_audits_missing_switches_s_right_inner_horseshoe'====== Args={'value': 15, 'prev_value': None, 'change': True}
2024-07-13 16:33:07,114 : INFO : EventManager : Event: ======'machine_var_audits_missing_switches_s_right_orbit_exit'====== Args={'value': 28, 'prev_value': None, 'change': True}
2024-07-13 16:33:07,115 : INFO : EventManager : Event: ======'machine_var_audits_missing_switches_s_right_outlane'====== Args={'value': 236, 'prev_value': None, 'change': True}
2024-07-13 16:33:07,115 : INFO : EventManager : Event: ======'machine_var_audits_missing_switches_s_right_pop_bumper'====== Args={'value': 4, 'prev_value': None, 'change': True}
2024-07-13 16:33:07,115 : INFO : EventManager : Event: ======'machine_var_audits_missing_switches_s_right_ramp_enter'====== Args={'value': 274, 'prev_value': None, 'change': True}
2024-07-13 16:33:07,115 : INFO : EventManager : Event: ======'machine_var_audits_missing_switches_s_right_ramp_exit'====== Args={'value': 274, 'prev_value': None, 'change': True}
2024-07-13 16:33:07,115 : INFO : EventManager : Event: ======'machine_var_audits_missing_switches_s_right_ramp_standup'====== Args={'value': 12, 'prev_value': None, 'change': True}
2024-07-13 16:33:07,115 : INFO : EventManager : Event: ======'machine_var_audits_missing_switches_s_right_sling'====== Args={'value': 236, 'prev_value': None, 'change': True}
2024-07-13 16:33:07,115 : INFO : EventManager : Event: ======'machine_var_audits_missing_switches_s_scoop'====== Args={'value': 15, 'prev_value': None, 'change': True}
2024-07-13 16:33:07,115 : INFO : EventManager : Event: ======'machine_var_audits_missing_switches_s_start'====== Args={'value': 17, 'prev_value': None, 'change': True}
2024-07-13 16:33:07,115 : INFO : EventManager : Event: ======'machine_var_audits_missing_switches_s_top_inline_drop'====== Args={'value': 30, 'prev_value': None, 'change': True}
2024-07-13 16:33:07,116 : INFO : EventManager : Event: ======'machine_var_audits_missing_switches_s_trough1'====== Args={'value': 6, 'prev_value': None, 'change': True}
2024-07-13 16:33:07,116 : INFO : EventManager : Event: ======'machine_var_audits_missing_switches_s_trough2'====== Args={'value': 162, 'prev_value': None, 'change': True}
2024-07-13 16:33:07,116 : INFO : EventManager : Event: ======'machine_var_audits_missing_switches_s_trough3'====== Args={'value': 240, 'prev_value': None, 'change': True}
2024-07-13 16:33:07,116 : INFO : EventManager : Event: ======'machine_var_audits_missing_switches_s_trough4'====== Args={'value': 240, 'prev_value': None, 'change': True}
2024-07-13 16:33:07,116 : INFO : EventManager : Event: ======'machine_var_audits_missing_switches_s_trough5'====== Args={'value': 240, 'prev_value': None, 'change': True}
2024-07-13 16:33:07,116 : INFO : EventManager : Event: ======'machine_var_audits_missing_switches_s_trough6'====== Args={'value': 240, 'prev_value': None, 'change': True}
2024-07-13 16:33:07,116 : INFO : EventManager : Event: ======'machine_var_audits_missing_switches_s_trough_jam'====== Args={'value': 173, 'prev_value': None, 'change': True}
2024-07-13 16:33:07,116 : INFO : EventManager : Event: ======'machine_var_audits_player_score'====== Args={'value': {'average': 92899, 'top': [370600, 400, 300, 250], 'total': 4}, 'prev_value': None, 'change': True}
2024-07-13 16:33:07,117 : INFO : EventManager : Event: ======'machine_var_audits_shots_a_target'====== Args={'value': 7, 'prev_value': None, 'change': True}
2024-07-13 16:33:07,117 : INFO : EventManager : Event: ======'machine_var_audits_shots_e_target'====== Args={'value': 3, 'prev_value': None, 'change': True}
2024-07-13 16:33:07,117 : INFO : EventManager : Event: ======'machine_var_audits_shots_left_rollover_lane'====== Args={'value': 92, 'prev_value': None, 'change': True}
2024-07-13 16:33:07,117 : INFO : EventManager : Event: ======'machine_var_audits_shots_middle_rollover_lane'====== Args={'value': 88, 'prev_value': None, 'change': True}
2024-07-13 16:33:07,117 : INFO : EventManager : Event: ======'machine_var_audits_shots_n_target'====== Args={'value': 9, 'prev_value': None, 'change': True}
2024-07-13 16:33:07,117 : INFO : EventManager : Event: ======'machine_var_audits_shots_o_target'====== Args={'value': 4, 'prev_value': None, 'change': True}
2024-07-13 16:33:07,118 : INFO : EventManager : Event: ======'machine_var_audits_shots_p2_target'====== Args={'value': 5, 'prev_value': None, 'change': True}
2024-07-13 16:33:07,118 : INFO : EventManager : Event: ======'machine_var_audits_shots_p_target'====== Args={'value': 8, 'prev_value': None, 'change': True}
2024-07-13 16:33:07,118 : INFO : EventManager : Event: ======'machine_var_audits_shots_qualify_o_target'====== Args={'value': 12, 'prev_value': None, 'change': True}
2024-07-13 16:33:07,118 : INFO : EventManager : Event: ======'machine_var_audits_shots_qualify_p_target'====== Args={'value': 8, 'prev_value': None, 'change': True}
2024-07-13 16:33:07,118 : INFO : EventManager : Event: ======'machine_var_audits_shots_qualify_r_target'====== Args={'value': 44, 'prev_value': None, 'change': True}
2024-07-13 16:33:07,118 : INFO : EventManager : Event: ======'machine_var_audits_shots_r_target'====== Args={'value': 14, 'prev_value': None, 'change': True}
2024-07-13 16:33:07,118 : INFO : EventManager : Event: ======'machine_var_audits_shots_right_rollover_lane'====== Args={'value': 92, 'prev_value': None, 'change': True}
2024-07-13 16:33:07,119 : INFO : EventManager : Event: ======'machine_var_audits_shots_skillshot_a_target'====== Args={'value': 12, 'prev_value': None, 'change': True}
2024-07-13 16:33:07,119 : INFO : EventManager : Event: ======'machine_var_audits_shots_skillshot_e_target'====== Args={'value': 17, 'prev_value': None, 'change': True}
2024-07-13 16:33:07,119 : INFO : EventManager : Event: ======'machine_var_audits_shots_skillshot_n_target'====== Args={'value': 16, 'prev_value': None, 'change': True}
2024-07-13 16:33:07,120 : INFO : EventManager : Event: ======'machine_var_audits_shots_skillshot_o_target'====== Args={'value': 4, 'prev_value': None, 'change': True}
2024-07-13 16:33:07,120 : INFO : EventManager : Event: ======'machine_var_audits_shots_skillshot_p2_target'====== Args={'value': 1, 'prev_value': None, 'change': True}
2024-07-13 16:33:07,120 : INFO : EventManager : Event: ======'machine_var_audits_shots_skillshot_p_target'====== Args={'value': 1, 'prev_value': None, 'change': True}
2024-07-13 16:33:07,120 : INFO : EventManager : Event: ======'machine_var_audits_shots_skillshot_r_target'====== Args={'value': 8, 'prev_value': None, 'change': True}
2024-07-13 16:33:07,120 : INFO : EventManager : Event: ======'machine_var_audits_switches_s_a_target'====== Args={'value': 48, 'prev_value': None, 'change': True}
2024-07-13 16:33:07,120 : INFO : EventManager : Event: ======'machine_var_audits_switches_s_bottom_inline_drop'====== Args={'value': 17, 'prev_value': None, 'change': True}
2024-07-13 16:33:07,121 : INFO : EventManager : Event: ======'machine_var_audits_switches_s_bottom_pop_bumper'====== Args={'value': 5, 'prev_value': None, 'change': True}
2024-07-13 16:33:07,121 : INFO : EventManager : Event: ======'machine_var_audits_switches_s_center_spinner'====== Args={'value': 3, 'prev_value': None, 'change': True}
2024-07-13 16:33:07,121 : INFO : EventManager : Event: ======'machine_var_audits_switches_s_e_target'====== Args={'value': 74, 'prev_value': None, 'change': True}
2024-07-13 16:33:07,121 : INFO : EventManager : Event: ======'machine_var_audits_switches_s_left_flipper'====== Args={'value': 127, 'prev_value': None, 'change': True}
2024-07-13 16:33:07,121 : INFO : EventManager : Event: ======'machine_var_audits_switches_s_left_inlane'====== Args={'value': 7, 'prev_value': None, 'change': True}
2024-07-13 16:33:07,122 : INFO : EventManager : Event: ======'machine_var_audits_switches_s_left_inner_horseshoe'====== Args={'value': 6, 'prev_value': None, 'change': True}
2024-07-13 16:33:07,122 : INFO : EventManager : Event: ======'machine_var_audits_switches_s_left_orbit_enter'====== Args={'value': 8, 'prev_value': None, 'change': True}
2024-07-13 16:33:07,122 : INFO : EventManager : Event: ======'machine_var_audits_switches_s_left_orbit_exit'====== Args={'value': 13, 'prev_value': None, 'change': True}
2024-07-13 16:33:07,122 : INFO : EventManager : Event: ======'machine_var_audits_switches_s_left_outlane'====== Args={'value': 15, 'prev_value': None, 'change': True}
2024-07-13 16:33:07,122 : INFO : EventManager : Event: ======'machine_var_audits_switches_s_left_pop_bumper'====== Args={'value': 2, 'prev_value': None, 'change': True}
2024-07-13 16:33:07,123 : INFO : EventManager : Event: ======'machine_var_audits_switches_s_left_ramp_enter'====== Args={'value': 9, 'prev_value': None, 'change': True}
2024-07-13 16:33:07,123 : INFO : EventManager : Event: ======'machine_var_audits_switches_s_left_ramp_exit'====== Args={'value': 3, 'prev_value': None, 'change': True}
2024-07-13 16:33:07,123 : INFO : EventManager : Event: ======'machine_var_audits_switches_s_left_ramp_standup'====== Args={'value': 318, 'prev_value': None, 'change': True}
2024-07-13 16:33:07,124 : INFO : EventManager : Event: ======'machine_var_audits_switches_s_left_rollover_lane'====== Args={'value': 97, 'prev_value': None, 'change': True}
2024-07-13 16:33:07,124 : INFO : EventManager : Event: ======'machine_var_audits_switches_s_left_sling'====== Args={'value': 10, 'prev_value': None, 'change': True}
2024-07-13 16:33:07,124 : INFO : EventManager : Event: ======'machine_var_audits_switches_s_left_spinner'====== Args={'value': 27, 'prev_value': None, 'change': True}
2024-07-13 16:33:07,124 : INFO : EventManager : Event: ======'machine_var_audits_switches_s_middle_inline_drop'====== Args={'value': 18, 'prev_value': None, 'change': True}
2024-07-13 16:33:07,125 : INFO : EventManager : Event: ======'machine_var_audits_switches_s_middle_rollover_lane'====== Args={'value': 91, 'prev_value': None, 'change': True}
2024-07-13 16:33:07,125 : INFO : EventManager : Event: ======'machine_var_audits_switches_s_n_target'====== Args={'value': 66, 'prev_value': None, 'change': True}
2024-07-13 16:33:07,125 : INFO : EventManager : Event: ======'machine_var_audits_switches_s_o_target'====== Args={'value': 57, 'prev_value': None, 'change': True}
2024-07-13 16:33:07,125 : INFO : EventManager : Event: ======'machine_var_audits_switches_s_p2_target'====== Args={'value': 11, 'prev_value': None, 'change': True}
2024-07-13 16:33:07,125 : INFO : EventManager : Event: ======'machine_var_audits_switches_s_p_target'====== Args={'value': 221, 'prev_value': None, 'change': True}
2024-07-13 16:33:07,126 : INFO : EventManager : Event: ======'machine_var_audits_switches_s_plunger'====== Args={'value': 355, 'prev_value': None, 'change': True}
2024-07-13 16:33:07,126 : INFO : EventManager : Event: ======'machine_var_audits_switches_s_plunger_lane'====== Args={'value': 39, 'prev_value': None, 'change': True}
2024-07-13 16:33:07,126 : INFO : EventManager : Event: ======'machine_var_audits_switches_s_plunger_lane_exit'====== Args={'value': 180, 'prev_value': None, 'change': True}
2024-07-13 16:33:07,126 : INFO : EventManager : Event: ======'machine_var_audits_switches_s_r_target'====== Args={'value': 79, 'prev_value': None, 'change': True}
2024-07-13 16:33:07,127 : INFO : EventManager : Event: ======'machine_var_audits_switches_s_right_flipper'====== Args={'value': 103, 'prev_value': None, 'change': True}
2024-07-13 16:33:07,127 : INFO : EventManager : Event: ======'machine_var_audits_switches_s_right_inlane'====== Args={'value': 9, 'prev_value': None, 'change': True}
2024-07-13 16:33:07,127 : INFO : EventManager : Event: ======'machine_var_audits_switches_s_right_inner_horseshoe'====== Args={'value': 5, 'prev_value': None, 'change': True}
2024-07-13 16:33:07,127 : INFO : EventManager : Event: ======'machine_var_audits_switches_s_right_orbit_exit'====== Args={'value': 33, 'prev_value': None, 'change': True}
2024-07-13 16:33:07,128 : INFO : EventManager : Event: ======'machine_var_audits_switches_s_right_outlane'====== Args={'value': 7, 'prev_value': None, 'change': True}
2024-07-13 16:33:07,128 : INFO : EventManager : Event: ======'machine_var_audits_switches_s_right_pop_bumper'====== Args={'value': 11, 'prev_value': None, 'change': True}
2024-07-13 16:33:07,128 : INFO : EventManager : Event: ======'machine_var_audits_switches_s_right_ramp_enter'====== Args={'value': 0, 'prev_value': None, 'change': True}
2024-07-13 16:33:07,128 : INFO : EventManager : Event: ======'machine_var_audits_switches_s_right_ramp_exit'====== Args={'value': 0, 'prev_value': None, 'change': True}
2024-07-13 16:33:07,128 : INFO : EventManager : Event: ======'machine_var_audits_switches_s_right_ramp_standup'====== Args={'value': 152, 'prev_value': None, 'change': True}
2024-07-13 16:33:07,129 : INFO : EventManager : Event: ======'machine_var_audits_switches_s_right_rollover_lane'====== Args={'value': 106, 'prev_value': None, 'change': True}
2024-07-13 16:33:07,129 : INFO : EventManager : Event: ======'machine_var_audits_switches_s_right_sling'====== Args={'value': 1, 'prev_value': None, 'change': True}
2024-07-13 16:33:07,129 : INFO : EventManager : Event: ======'machine_var_audits_switches_s_scoop'====== Args={'value': 46, 'prev_value': None, 'change': True}
2024-07-13 16:33:07,129 : INFO : EventManager : Event: ======'machine_var_audits_switches_s_start'====== Args={'value': 259, 'prev_value': None, 'change': True}
2024-07-13 16:33:07,130 : INFO : EventManager : Event: ======'machine_var_audits_switches_s_top_inline_drop'====== Args={'value': 12, 'prev_value': None, 'change': True}
2024-07-13 16:33:07,130 : INFO : EventManager : Event: ======'machine_var_audits_switches_s_trough1'====== Args={'value': 266, 'prev_value': None, 'change': True}
2024-07-13 16:33:07,130 : INFO : EventManager : Event: ======'machine_var_audits_switches_s_trough2'====== Args={'value': 11, 'prev_value': None, 'change': True}
2024-07-13 16:33:07,130 : INFO : EventManager : Event: ======'machine_var_audits_switches_s_trough3'====== Args={'value': 2, 'prev_value': None, 'change': True}
2024-07-13 16:33:07,131 : INFO : EventManager : Event: ======'machine_var_audits_switches_s_trough4'====== Args={'value': 2, 'prev_value': None, 'change': True}
2024-07-13 16:33:07,131 : INFO : EventManager : Event: ======'machine_var_audits_switches_s_trough5'====== Args={'value': 2, 'prev_value': None, 'change': True}
2024-07-13 16:33:07,131 : INFO : EventManager : Event: ======'machine_var_audits_switches_s_trough6'====== Args={'value': 1, 'prev_value': None, 'change': True}
2024-07-13 16:33:07,132 : INFO : EventManager : Event: ======'machine_var_audits_switches_s_trough_jam'====== Args={'value': 5, 'prev_value': None, 'change': True}
2024-07-13 16:33:07,132 : INFO : EventManager : Event: ======'init_phase_5'====== Args={}
2024-07-13 16:33:07,139 : INFO : EventManager : Event: ======'init_done'====== Args={}
2024-07-13 16:33:07,139 : INFO : EventManager : Event: ======'machine_reset_phase_1'====== Args={}
2024-07-13 16:33:07,149 : INFO : EventManager : Event: ======'machine_reset_phase_2'====== Args={}
2024-07-13 16:33:07,149 : INFO : EventManager : Event: ======'machine_reset_phase_3'====== Args={}
2024-07-13 16:33:07,150 : INFO : drop_target_bank.strickland_bank : All targets are already up. Will not reset bank.
2024-07-13 16:33:07,150 : INFO : EventManager : Event: ======'reset_complete'====== Args={}
2024-07-13 16:33:07,150 : INFO : EventManager : Event: ======'mode_attract_will_start'====== Args={}
2024-07-13 16:33:07,150 : INFO : Timer.attract_switch : Starting Timer.
2024-07-13 16:33:07,150 : INFO : EventManager : Event: ======'timer_attract_switch_started'====== Args={'ticks': 0, 'ticks_remaining': 45}
2024-07-13 16:33:07,150 : INFO : EventManager : Event: ======'timer_attract_switch_tick'====== Args={'ticks': 0, 'ticks_remaining': 45}
2024-07-13 16:33:07,151 : INFO : EventManager : Event: ======'mode_attract_starting'====== Args={}
2024-07-13 16:33:07,151 : INFO : Mode.attract : Started. Priority: 10
2024-07-13 16:33:07,151 : INFO : EventManager : Event: ======'modes_active_modes_changed'====== Args={}
2024-07-13 16:33:07,151 : INFO : EventManager : Event: ======'mode_attract_started'====== Args={}
2024-07-13 16:33:07,151 : INFO : EventManager : Event: ======'collecting_balls_complete'====== Args={}
2024-07-13 16:33:07,152 : INFO : Machine : Starting the main run loop.
2024-07-13 16:33:07,387 : INFO : BcpServer : New client connected.
2024-07-13 16:33:07,465 : INFO : SwitchController : <<<<<<< 's_start' active >>>>>>>
2024-07-13 16:33:07,563 : INFO : SwitchController : <<<<<<< 's_start' inactive >>>>>>>
2024-07-13 16:33:07,564 : INFO : EventManager : Event: ======'request_to_start_game'====== Args={}
2024-07-13 16:33:07,564 : INFO : EventManager : Event: ======'game_start'====== Args={'buttons': [], 'hold_time': 0.09840987499999998}
2024-07-13 16:33:07,565 : INFO : EventManager : Event: ======'mode_game_will_start'====== Args={'buttons': [], 'hold_time': 0.09840987499999998}
2024-07-13 16:33:07,565 : INFO : EventManager : Event: ======'mode_game_starting'====== Args={'buttons': [], 'hold_time': 0.09840987499999998}
2024-07-13 16:33:07,566 : INFO : EventManager : Event: ======'mode_attract_will_stop'====== Args={}
2024-07-13 16:33:07,566 : INFO : EventManager : Event: ======'mode_attract_stopping'====== Args={}
2024-07-13 16:33:07,566 : INFO : Mode.attract : Stopped.
2024-07-13 16:33:07,566 : INFO : EventManager : Event: ======'modes_active_modes_changed'====== Args={}
2024-07-13 16:33:07,567 : INFO : EventManager : Event: ======'mode_attract_stopped'====== Args={}
2024-07-13 16:33:07,567 : INFO : EventManager : Event: ======'clear'====== Args={'key': 'attract'}
2024-07-13 16:33:07,567 : INFO : Timer.attract_switch : Stopping Timer
2024-07-13 16:33:07,567 : INFO : EventManager : Event: ======'timer_attract_switch_stopped'====== Args={'ticks': 0, 'ticks_remaining': 45}
2024-07-13 16:33:07,567 : INFO : Mode.game : Started. Priority: 20
2024-07-13 16:33:07,567 : INFO : EventManager : Event: ======'modes_active_modes_changed'====== Args={}
2024-07-13 16:33:07,568 : INFO : EventManager : Event: ======'mode_game_started'====== Args={'buttons': [], 'hold_time': 0.09840987499999998}
2024-07-13 16:33:07,568 : INFO : EventManager : Event: ======'game_will_start'====== Args={}
2024-07-13 16:33:07,569 : INFO : EventManager : Event: ======'game_starting'====== Args={'game': <Mode.game>}
2024-07-13 16:33:07,570 : INFO : EventManager : Unordered handler for class <Auditor> on event game_ended with priority 1. Handlers: [RegisteredHandler(callback=<bound method Auditor.disable of <Auditor>>, priority=1, kwargs={}, key=UUID('928de207-cd14-4cee-be4d-4f6591cbe75a'), condition=None, blocking_facility=None), RegisteredHandler(callback=<bound method Auditor._save_audits of <Auditor>>, priority=1, kwargs={}, key=UUID('113994fe-81bb-4099-a581-2ef50079e44e'), condition=None, blocking_facility=None)]. The order of those handlers is not defined and they will be executed in random order. This might lead to race conditions and potential bugs.
2024-07-13 16:33:07,570 : INFO : EventManager : Event: ======'player_add_request'====== Args={}
2024-07-13 16:33:07,570 : INFO : EventManager : Event: ======'player_will_add'====== Args={'number': 1}
2024-07-13 16:33:07,570 : INFO : EventManager : Event: ======'player_adding'====== Args={'player': <Player 1>, 'number': 1}
2024-07-13 16:33:07,571 : INFO : EventManager : Event: ======'player_added'====== Args={'player': <Player 1>, 'num': 1}
2024-07-13 16:33:07,571 : INFO : Mode.game : Player added successfully. Total players: 1
2024-07-13 16:33:07,571 : INFO : EventManager : Event: ======'player_index'====== Args={'value': 0, 'prev_value': 0, 'change': 0, 'player_num': 1}
2024-07-13 16:33:07,571 : INFO : EventManager : Event: ======'player_number'====== Args={'value': 1, 'prev_value': 1, 'change': 0, 'player_num': 1}
2024-07-13 16:33:07,572 : INFO : EventManager : Event: ======'player_score'====== Args={'value': 0, 'prev_value': 0, 'change': 0, 'player_num': 1}
2024-07-13 16:33:07,573 : INFO : EventManager : Event: ======'game_started'====== Args={}
2024-07-13 16:33:07,573 : INFO : EventManager : Event: ======'player_turn_will_start'====== Args={'player': <Player 1>, 'number': 1}
2024-07-13 16:33:07,573 : INFO : EventManager : Event: ======'player_turn_starting'====== Args={'player': <Player 1>, 'number': 1}
2024-07-13 16:33:07,574 : INFO : EventManager : Event: ======'player_ball'====== Args={'value': 1, 'prev_value': 0, 'change': 1, 'player_num': 1}
2024-07-13 16:33:07,574 : INFO : EventManager : Event: ======'player_turn_started'====== Args={'player': <Player 1>, 'number': 1}
2024-07-13 16:33:07,580 : INFO : EventManager : Event: ======'ball_will_start'====== Args={'player': 1, 'ball': 1, 'balls_remaining': 2, 'is_extra_ball': False}
2024-07-13 16:33:07,581 : INFO : EventManager : Event: ======'ball_starting'====== Args={'player': 1, 'ball': 1, 'balls_remaining': 2, 'is_extra_ball': False}
2024-07-13 16:33:07,582 : INFO : EventManager : Event: ======'mode_skillshot_will_start'====== Args={'queue': <QueuedEvent>, 'player': 1, 'ball': 1, 'balls_remaining': 2, 'is_extra_ball': False}
2024-07-13 16:33:07,582 : INFO : EventManager : Event: ======'skillshot_complete'====== Args={'state': 'None'}
2024-07-13 16:33:07,582 : INFO : EventManager : Event: ======'skillshot_None_complete'====== Args={}
2024-07-13 16:33:07,583 : INFO : EventManager : Event: ======'player_shot_skillshot_p_target_enabled'====== Args={'value': True, 'prev_value': 0, 'change': 1, 'player_num': 1}
2024-07-13 16:33:07,583 : INFO : EventManager : Event: ======'player_shot_skillshot_r_target_enabled'====== Args={'value': True, 'prev_value': 0, 'change': 1, 'player_num': 1}
2024-07-13 16:33:07,584 : INFO : EventManager : Event: ======'player_shot_skillshot_o_target_enabled'====== Args={'value': True, 'prev_value': 0, 'change': 1, 'player_num': 1}
2024-07-13 16:33:07,584 : INFO : EventManager : Event: ======'player_shot_skillshot_p2_target_enabled'====== Args={'value': True, 'prev_value': 0, 'change': 1, 'player_num': 1}
2024-07-13 16:33:07,585 : INFO : EventManager : Event: ======'player_shot_skillshot_a_target_enabled'====== Args={'value': True, 'prev_value': 0, 'change': 1, 'player_num': 1}
2024-07-13 16:33:07,586 : INFO : EventManager : Event: ======'player_shot_skillshot_n_target_enabled'====== Args={'value': True, 'prev_value': 0, 'change': 1, 'player_num': 1}
2024-07-13 16:33:07,586 : INFO : EventManager : Event: ======'player_shot_skillshot_e_target_enabled'====== Args={'value': True, 'prev_value': 0, 'change': 1, 'player_num': 1}
2024-07-13 16:33:07,586 : INFO : EventManager : Event: ======'player_skillshot_skillshot_rotate_tick'====== Args={'value': 0, 'prev_value': 0, 'change': 0, 'player_num': 1}
2024-07-13 16:33:07,587 : INFO : Timer.skillshot_rotate : Starting Timer.
2024-07-13 16:33:07,587 : INFO : EventManager : Event: ======'timer_skillshot_rotate_started'====== Args={'ticks': 0, 'ticks_remaining': 0}
2024-07-13 16:33:07,587 : INFO : EventManager : Event: ======'timer_skillshot_rotate_tick'====== Args={'ticks': 0, 'ticks_remaining': 0}
2024-07-13 16:33:07,588 : INFO : EventManager : Event: ======'mode_skillshot_starting'====== Args={'queue': <QueuedEvent>, 'player': 1, 'ball': 1, 'balls_remaining': 2, 'is_extra_ball': False}
2024-07-13 16:33:07,588 : INFO : drop_target_bank.strickland_bank : All targets are already up. Will not reset bank.
2024-07-13 16:33:07,588 : INFO : EventManager : Event: ======'cmd_flippers_enable'====== Args={'priority': 0}
2024-07-13 16:33:07,588 : INFO : EventManager : Event: ======'cmd_autofire_coils_enable'====== Args={'priority': 0}
2024-07-13 16:33:07,588 : INFO : EventManager : Event: ======'cmd_drop_targets_reset'====== Args={'priority': 0}
2024-07-13 16:33:07,589 : INFO : Mode.skillshot : Started. Priority: 200
2024-07-13 16:33:07,589 : INFO : EventManager : Event: ======'modes_active_modes_changed'====== Args={}
2024-07-13 16:33:07,589 : INFO : EventManager : Event: ======'mode_skillshot_started'====== Args={'queue': <QueuedEvent>, 'player': 1, 'ball': 1, 'balls_remaining': 2, 'is_extra_ball': False}
2024-07-13 16:33:07,589 : INFO : EventManager : Event: ======'player_shot_skillshot_p_target'====== Args={'value': 1, 'prev_value': 0, 'change': 1, 'player_num': 1}
2024-07-13 16:33:07,590 : INFO : EventManager : Event: ======'balls_in_play'====== Args={'balls': 1}
2024-07-13 16:33:07,590 : INFO : EventManager : Event: ======'ball_started'====== Args={'player': 1, 'ball': 1, 'balls_remaining': 2, 'is_extra_ball': False}
2024-07-13 16:33:07,590 : INFO : EventManager : Event: ======'mode_BBQ_rollover_will_start'====== Args={'player': 1, 'ball': 1, 'balls_remaining': 2, 'is_extra_ball': False}
2024-07-13 16:33:07,591 : INFO : EventManager : Event: ======'player_shot_left_rollover_lane_enabled'====== Args={'value': True, 'prev_value': 0, 'change': 1, 'player_num': 1}
2024-07-13 16:33:07,591 : INFO : EventManager : Event: ======'player_shot_middle_rollover_lane_enabled'====== Args={'value': True, 'prev_value': 0, 'change': 1, 'player_num': 1}
2024-07-13 16:33:07,591 : INFO : EventManager : Event: ======'player_shot_right_rollover_lane_enabled'====== Args={'value': True, 'prev_value': 0, 'change': 1, 'player_num': 1}
2024-07-13 16:33:07,592 : INFO : EventManager : Event: ======'BBQ_lanes_complete'====== Args={'state': 'unlit'}
2024-07-13 16:33:07,592 : INFO : EventManager : Event: ======'BBQ_lanes_unlit_complete'====== Args={}
2024-07-13 16:33:07,593 : INFO : EventManager : Event: ======'mode_BBQ_rollover_starting'====== Args={'player': 1, 'ball': 1, 'balls_remaining': 2, 'is_extra_ball': False}
2024-07-13 16:33:07,593 : INFO : EventManager : Event: ======'mode_base_will_start'====== Args={'player': 1, 'ball': 1, 'balls_remaining': 2, 'is_extra_ball': False}
2024-07-13 16:33:07,594 : INFO : EventManager : Event: ======'player_shot_qualify_p_target_enabled'====== Args={'value': True, 'prev_value': 0, 'change': 1, 'player_num': 1}
2024-07-13 16:33:07,594 : INFO : EventManager : Event: ======'player_shot_qualify_r_target_enabled'====== Args={'value': True, 'prev_value': 0, 'change': 1, 'player_num': 1}
2024-07-13 16:33:07,594 : INFO : EventManager : Event: ======'player_shot_qualify_o_target_enabled'====== Args={'value': True, 'prev_value': 0, 'change': 1, 'player_num': 1}
2024-07-13 16:33:07,596 : INFO : EventManager : Event: ======'mode_base_starting'====== Args={'player': 1, 'ball': 1, 'balls_remaining': 2, 'is_extra_ball': False}
2024-07-13 16:33:07,597 : INFO : Mode.base : Started. Priority: 100
2024-07-13 16:33:07,597 : INFO : EventManager : Event: ======'modes_active_modes_changed'====== Args={}
2024-07-13 16:33:07,597 : INFO : EventManager : Event: ======'mode_base_started'====== Args={'player': 1, 'ball': 1, 'balls_remaining': 2, 'is_extra_ball': False}
2024-07-13 16:33:07,597 : INFO : EventManager : Event: ======'ball_save_default_enabled'====== Args={}
2024-07-13 16:33:07,598 : INFO : EventManager : Event: ======'slide__removed'====== Args={'_from_bcp': True}
2024-07-13 16:33:07,598 : INFO : EventManager : Event: ======'logicblock_lb_BBQ_complete_count_updated'====== Args={'value': 1, 'enabled': True}
2024-07-13 16:33:07,598 : INFO : EventManager : Event: ======'logicblock_lb_BBQ_complete_count_updated'====== Args={'value': 1, 'enabled': True}
2024-07-13 16:33:07,598 : INFO : Mode.BBQ_rollover : Started. Priority: 600
2024-07-13 16:33:07,598 : INFO : EventManager : Event: ======'modes_active_modes_changed'====== Args={}
2024-07-13 16:33:07,598 : INFO : EventManager : Event: ======'mode_BBQ_rollover_started'====== Args={'player': 1, 'ball': 1, 'balls_remaining': 2, 'is_extra_ball': False}
2024-07-13 16:33:07,599 : INFO : EventManager : Event: ======'player_pf_multiplier'====== Args={'value': 1, 'prev_value': 0, 'change': 1, 'player_num': 1, 'source': 'BBQ_rollover'}
2024-07-13 16:33:07,599 : INFO : EventManager : Event: ======'single_player_ball_started'====== Args={}
2024-07-13 16:33:07,600 : INFO : EventManager : Event: ======'ball_start_target'====== Args={'target': 'playfield'}
2024-07-13 16:33:07,604 : INFO : ball_device.bd_plunger : Setting up player-controlled eject. Balls: 1, Target: <playfield.playfield>, player_controlled_eject_event: None
2024-07-13 16:33:07,604 : INFO : EventManager : Event: ======'balldevice_balls_available'====== Args={}
2024-07-13 16:33:07,604 : INFO : ball_device.bd_trough : State: waiting_for_target_ready
2024-07-13 16:33:07,605 : INFO : EventManager : Event: ======'balldevice_bd_trough_ball_eject_attempt'====== Args={'balls': 1, 'target': <ball_device.bd_plunger>, 'source': <ball_device.bd_trough>, 'mechanical_eject': True, 'num_attempts': 0}
2024-07-13 16:33:07,605 : INFO : ball_device.bd_plunger : State: waiting_for_ball
2024-07-13 16:33:07,605 : INFO : ball_device.bd_trough : State: ejecting
2024-07-13 16:33:07,605 : INFO : ball_device.bd_trough : Ejecting ball to <ball_device.bd_plunger>
2024-07-13 16:33:07,605 : INFO : EventManager : Event: ======'balldevice_bd_trough_ejecting_ball'====== Args={'balls': 1, 'target': <ball_device.bd_plunger>, 'source': <ball_device.bd_trough>, 'mechanical_eject': True, 'num_attempts': 0}
2024-07-13 16:33:07,605 : INFO : ball_device.bd_trough : Wait for ball to leave device
2024-07-13 16:33:07,606 : INFO : coil.c_trough_eject : Pulsing Driver for 20ms (1.0 pulse_power)
2024-07-13 16:33:07,606 : INFO : SwitchController : <<<<<<< 's_trough1' inactive >>>>>>>
2024-07-13 16:33:07,606 : INFO : ball_device.bd_trough : State: ball_left
2024-07-13 16:33:07,606 : INFO : ball_device.bd_trough : Ball left
2024-07-13 16:33:07,606 : INFO : ball_device.bd_trough : Wait for confirm with timeout 3.0
2024-07-13 16:33:07,610 : INFO : EventManager : Event: ======'slide_skillshot_created'====== Args={'_from_bcp': True}
2024-07-13 16:33:07,610 : INFO : EventManager : Event: ======'slide_skillshot_active'====== Args={'original_context': 'skillshot', 'original_calling_context': 'mode_skillshot_started', 'queue': '<QueuedEvent>', 'cmd': 'slides_play', '_from_bcp': True}
2024-07-13 16:33:07,625 : INFO : EventManager : Event: ======'slide_base_created'====== Args={'_from_bcp': True}
2024-07-13 16:33:07,706 : INFO : SwitchController : <<<<<<< 's_plunger' active >>>>>>>
2024-07-13 16:33:07,707 : INFO : EventManager : Event: ======'machine_var_audits_switches_s_plunger'====== Args={'value': 356, 'prev_value': 355, 'change': 1}
2024-07-13 16:33:08,208 : INFO : ball_device.bd_plunger : Received ball from <ball_device.bd_trough>
2024-07-13 16:33:08,209 : INFO : EventManager : Event: ======'balldevice_bd_plunger_ball_enter'====== Args={'new_balls': 1, 'unclaimed_balls': 0, 'new_available_balls': 0, 'device': <ball_device.bd_plunger>}
2024-07-13 16:33:08,210 : INFO : EventManager : Event: ======'balldevice_bd_plunger_ball_entered'====== Args={'new_balls': 0, 'device': <ball_device.bd_plunger>}
2024-07-13 16:33:08,211 : INFO : EventManager : Event: ======'balldevice_bd_plunger_ball_count_changed'====== Args={'balls': 1}
2024-07-13 16:33:08,212 : INFO : ball_device.bd_trough : Got eject confirm
2024-07-13 16:33:08,212 : INFO : ball_device.bd_trough : Eject successful
2024-07-13 16:33:08,212 : INFO : EventManager : Event: ======'balldevice_bd_trough_ball_eject_success'====== Args={'balls': 1, 'target': <ball_device.bd_plunger>}
2024-07-13 16:33:08,214 : INFO : EventManager : Event: ======'balldevice_bd_trough_ball_count_changed'====== Args={'balls': 5}
2024-07-13 16:33:08,215 : INFO : ball_device.bd_trough : State: idle
2024-07-13 16:33:08,216 : INFO : ball_device.bd_plunger : State: waiting_for_target_ready
2024-07-13 16:33:08,217 : INFO : EventManager : Event: ======'balldevice_bd_plunger_ball_eject_attempt'====== Args={'balls': 1, 'target': <playfield.playfield>, 'source': <ball_device.bd_plunger>, 'mechanical_eject': True, 'num_attempts': 0}
2024-07-13 16:33:08,218 : INFO : ball_device.bd_plunger : State: ejecting
2024-07-13 16:33:08,218 : INFO : ball_device.bd_plunger : Ejecting ball to <playfield.playfield>
2024-07-13 16:33:08,219 : INFO : EventManager : Event: ======'balldevice_bd_plunger_ejecting_ball'====== Args={'balls': 1, 'target': <playfield.playfield>, 'source': <ball_device.bd_plunger>, 'mechanical_eject': True, 'num_attempts': 0}
2024-07-13 16:33:08,220 : INFO : ball_device.bd_plunger : Wait for ball to leave device
2024-07-13 16:33:08,588 : INFO : EventManager : Event: ======'player_skillshot_skillshot_rotate_tick'====== Args={'value': 1, 'prev_value': 0, 'change': 1, 'player_num': 1}
2024-07-13 16:33:08,590 : INFO : EventManager : Event: ======'timer_skillshot_rotate_tick'====== Args={'ticks': 1, 'ticks_remaining': 0}
2024-07-13 16:33:08,591 : INFO : EventManager : Event: ======'player_shot_skillshot_p_target'====== Args={'value': 0, 'prev_value': 1, 'change': -1, 'player_num': 1}
2024-07-13 16:33:08,594 : INFO : EventManager : Event: ======'player_shot_skillshot_r_target'====== Args={'value': 1, 'prev_value': 0, 'change': 1, 'player_num': 1}
2024-07-13 16:33:09,309 : INFO : SwitchController : <<<<<<< 's_right_rollover_lane' active >>>>>>>
2024-07-13 16:33:09,309 : INFO : EventManager : Event: ======'playfield_active'====== Args={}
2024-07-13 16:33:09,310 : INFO : EventManager : Event: ======'s_right_rollover_lane_active'====== Args={}
2024-07-13 16:33:09,311 : INFO : EventManager : Event: ======'machine_var_audits_switches_s_right_rollover_lane'====== Args={'value': 107, 'prev_value': 106, 'change': 1}
2024-07-13 16:33:09,312 : INFO : EventManager : Event: ======'player_shot_right_rollover_lane'====== Args={'value': 1, 'prev_value': 0, 'change': 1, 'player_num': 1}
2024-07-13 16:33:09,317 : INFO : EventManager : Event: ======'machine_var_audits_shots_right_rollover_lane'====== Args={'value': 93, 'prev_value': 92, 'change': 1}
2024-07-13 16:33:09,317 : INFO : EventManager : Event: ======'right_rollover_lane_hit'====== Args={'profile': 'default', 'state': 'unlit', 'advancing': True}
2024-07-13 16:33:09,317 : INFO : EventManager : Event: ======'right_rollover_lane_default_hit'====== Args={'profile': 'default', 'state': 'unlit', 'advancing': True}
2024-07-13 16:33:09,318 : INFO : EventManager : Event: ======'right_rollover_lane_default_unlit_hit'====== Args={'profile': 'default', 'state': 'unlit', 'advancing': True}
2024-07-13 16:33:09,318 : INFO : EventManager : Event: ======'right_rollover_lane_unlit_hit'====== Args={'profile': 'default', 'state': 'unlit', 'advancing': True}
2024-07-13 16:33:09,318 : INFO : EventManager : Event: ======'player_score'====== Args={'value': 50, 'prev_value': 0, 'change': 50, 'player_num': 1, 'source': 'base'}
2024-07-13 16:33:09,318 : INFO : EventManager : Event: ======'BBQ_lanes_hit'====== Args={'shot': 'right_rollover_lane'}
2024-07-13 16:33:09,318 : INFO : EventManager : Event: ======'BBQ_lanes_unlit_hit'====== Args={'shot': 'right_rollover_lane'}
2024-07-13 16:33:09,321 : INFO : SwitchController : <<<<<<< 's_right_rollover_lane' inactive >>>>>>>
2024-07-13 16:33:09,589 : INFO : EventManager : Event: ======'player_skillshot_skillshot_rotate_tick'====== Args={'value': 2, 'prev_value': 1, 'change': 1, 'player_num': 1}
2024-07-13 16:33:09,590 : INFO : EventManager : Event: ======'timer_skillshot_rotate_tick'====== Args={'ticks': 2, 'ticks_remaining': 0}
2024-07-13 16:33:09,593 : INFO : EventManager : Event: ======'player_shot_skillshot_r_target'====== Args={'value': 0, 'prev_value': 1, 'change': -1, 'player_num': 1}
2024-07-13 16:33:09,594 : INFO : EventManager : Event: ======'player_shot_skillshot_o_target'====== Args={'value': 1, 'prev_value': 0, 'change': 1, 'player_num': 1}
2024-07-13 16:33:10,075 : INFO : SwitchController : <<<<<<< 's_middle_rollover_lane' active >>>>>>>
2024-07-13 16:33:10,075 : INFO : EventManager : Event: ======'playfield_active'====== Args={}
2024-07-13 16:33:10,076 : INFO : EventManager : Event: ======'s_middle_rollover_lane_active'====== Args={}
2024-07-13 16:33:10,076 : INFO : EventManager : Event: ======'machine_var_audits_switches_s_middle_rollover_lane'====== Args={'value': 92, 'prev_value': 91, 'change': 1}
2024-07-13 16:33:10,078 : INFO : EventManager : Event: ======'player_shot_middle_rollover_lane'====== Args={'value': 1, 'prev_value': 0, 'change': 1, 'player_num': 1}
2024-07-13 16:33:10,079 : INFO : EventManager : Event: ======'machine_var_audits_shots_middle_rollover_lane'====== Args={'value': 89, 'prev_value': 88, 'change': 1}
2024-07-13 16:33:10,079 : INFO : EventManager : Event: ======'middle_rollover_lane_hit'====== Args={'profile': 'default', 'state': 'unlit', 'advancing': True}
2024-07-13 16:33:10,080 : INFO : EventManager : Event: ======'middle_rollover_lane_default_hit'====== Args={'profile': 'default', 'state': 'unlit', 'advancing': True}
2024-07-13 16:33:10,080 : INFO : EventManager : Event: ======'middle_rollover_lane_default_unlit_hit'====== Args={'profile': 'default', 'state': 'unlit', 'advancing': True}
2024-07-13 16:33:10,080 : INFO : EventManager : Event: ======'middle_rollover_lane_unlit_hit'====== Args={'profile': 'default', 'state': 'unlit', 'advancing': True}
2024-07-13 16:33:10,080 : INFO : EventManager : Event: ======'player_score'====== Args={'value': 100, 'prev_value': 50, 'change': 50, 'player_num': 1, 'source': 'base'}
2024-07-13 16:33:10,081 : INFO : EventManager : Event: ======'BBQ_lanes_hit'====== Args={'shot': 'middle_rollover_lane'}
2024-07-13 16:33:10,081 : INFO : EventManager : Event: ======'BBQ_lanes_unlit_hit'====== Args={'shot': 'middle_rollover_lane'}
2024-07-13 16:33:10,189 : INFO : SwitchController : <<<<<<< 's_middle_rollover_lane' inactive >>>>>>>
2024-07-13 16:33:10,589 : INFO : EventManager : Event: ======'player_skillshot_skillshot_rotate_tick'====== Args={'value': 3, 'prev_value': 2, 'change': 1, 'player_num': 1}
2024-07-13 16:33:10,590 : INFO : EventManager : Event: ======'timer_skillshot_rotate_tick'====== Args={'ticks': 3, 'ticks_remaining': 0}
2024-07-13 16:33:10,593 : INFO : EventManager : Event: ======'player_shot_skillshot_o_target'====== Args={'value': 0, 'prev_value': 1, 'change': -1, 'player_num': 1}
2024-07-13 16:33:10,594 : INFO : EventManager : Event: ======'player_shot_skillshot_p2_target'====== Args={'value': 1, 'prev_value': 0, 'change': 1, 'player_num': 1}
2024-07-13 16:33:10,807 : INFO : SwitchController : <<<<<<< 's_left_rollover_lane' active >>>>>>>
2024-07-13 16:33:10,807 : INFO : EventManager : Event: ======'playfield_active'====== Args={}
2024-07-13 16:33:10,807 : INFO : EventManager : Event: ======'s_left_rollover_lane_active'====== Args={}
2024-07-13 16:33:10,807 : INFO : EventManager : Event: ======'machine_var_audits_switches_s_left_rollover_lane'====== Args={'value': 98, 'prev_value': 97, 'change': 1}
2024-07-13 16:33:10,808 : INFO : EventManager : Event: ======'player_shot_left_rollover_lane'====== Args={'value': 1, 'prev_value': 0, 'change': 1, 'player_num': 1}
2024-07-13 16:33:10,809 : INFO : EventManager : Event: ======'machine_var_audits_shots_left_rollover_lane'====== Args={'value': 93, 'prev_value': 92, 'change': 1}
2024-07-13 16:33:10,809 : INFO : EventManager : Event: ======'left_rollover_lane_hit'====== Args={'profile': 'default', 'state': 'unlit', 'advancing': True}
2024-07-13 16:33:10,809 : INFO : EventManager : Event: ======'left_rollover_lane_default_hit'====== Args={'profile': 'default', 'state': 'unlit', 'advancing': True}
2024-07-13 16:33:10,809 : INFO : EventManager : Event: ======'left_rollover_lane_default_unlit_hit'====== Args={'profile': 'default', 'state': 'unlit', 'advancing': True}
2024-07-13 16:33:10,810 : INFO : EventManager : Event: ======'left_rollover_lane_unlit_hit'====== Args={'profile': 'default', 'state': 'unlit', 'advancing': True}
2024-07-13 16:33:10,810 : INFO : EventManager : Event: ======'player_score'====== Args={'value': 150, 'prev_value': 100, 'change': 50, 'player_num': 1, 'source': 'base'}
2024-07-13 16:33:10,810 : INFO : EventManager : Event: ======'BBQ_lanes_complete'====== Args={'state': 'lit'}
2024-07-13 16:33:10,810 : INFO : EventManager : Event: ======'BBQ_lanes_lit_complete'====== Args={}
2024-07-13 16:33:10,811 : INFO : EventManager : Event: ======'player_score'====== Args={'value': 1150, 'prev_value': 150, 'change': 1000, 'player_num': 1, 'source': 'BBQ_rollover'}
2024-07-13 16:33:10,812 : INFO : EventManager : Event: ======'logicblock_lb_BBQ_complete_count_updated'====== Args={'value': 2, 'enabled': True}
2024-07-13 16:33:10,812 : INFO : EventManager : Event: ======'BBQ_lanes_done'====== Args={'count': 2}
2024-07-13 16:33:10,813 : INFO : EventManager : Event: ======'player_pf_multiplier'====== Args={'value': 2, 'prev_value': 1, 'change': 1, 'player_num': 1, 'source': 'BBQ_rollover'}
2024-07-13 16:33:10,814 : INFO : EventManager : Event: ======'BBQ_lanes_hit'====== Args={'shot': 'left_rollover_lane'}
2024-07-13 16:33:10,814 : INFO : EventManager : Event: ======'BBQ_lanes_unlit_hit'====== Args={'shot': 'left_rollover_lane'}
2024-07-13 16:33:10,906 : INFO : SwitchController : <<<<<<< 's_left_rollover_lane' inactive >>>>>>>
2024-07-13 16:33:11,589 : INFO : EventManager : Event: ======'player_skillshot_skillshot_rotate_tick'====== Args={'value': 4, 'prev_value': 3, 'change': 1, 'player_num': 1}
2024-07-13 16:33:11,590 : INFO : EventManager : Event: ======'timer_skillshot_rotate_tick'====== Args={'ticks': 4, 'ticks_remaining': 0}
2024-07-13 16:33:11,592 : INFO : EventManager : Event: ======'player_shot_skillshot_p2_target'====== Args={'value': 0, 'prev_value': 1, 'change': -1, 'player_num': 1}
2024-07-13 16:33:11,594 : INFO : EventManager : Event: ======'player_shot_skillshot_a_target'====== Args={'value': 1, 'prev_value': 0, 'change': 1, 'player_num': 1}
2024-07-13 16:33:11,814 : INFO : EventManager : Event: ======'player_shot_left_rollover_lane'====== Args={'value': 0, 'prev_value': 1, 'change': -1, 'player_num': 1}
2024-07-13 16:33:11,815 : INFO : EventManager : Event: ======'player_shot_middle_rollover_lane'====== Args={'value': 0, 'prev_value': 1, 'change': -1, 'player_num': 1}
2024-07-13 16:33:11,816 : INFO : EventManager : Event: ======'player_shot_right_rollover_lane'====== Args={'value': 0, 'prev_value': 1, 'change': -1, 'player_num': 1}
2024-07-13 16:33:11,816 : INFO : EventManager : Event: ======'BBQ_lanes_complete'====== Args={'state': 'unlit'}
2024-07-13 16:33:11,817 : INFO : EventManager : Event: ======'BBQ_lanes_unlit_complete'====== Args={}
2024-07-13 16:33:11,818 : INFO : EventManager : Event: ======'player_score'====== Args={'value': 3150, 'prev_value': 1150, 'change': 2000, 'player_num': 1, 'source': 'BBQ_rollover'}
2024-07-13 16:33:12,313 : INFO : EventManager : Event: ======'stop_mode_skillshot'====== Args={'priority': 0}
2024-07-13 16:33:12,314 : INFO : EventManager : Event: ======'mode_skillshot_will_stop'====== Args={}
2024-07-13 16:33:12,314 : INFO : EventManager : Event: ======'mode_skillshot_stopping'====== Args={}
2024-07-13 16:33:12,315 : INFO : Mode.skillshot : Stopped.
2024-07-13 16:33:12,315 : INFO : EventManager : Event: ======'modes_active_modes_changed'====== Args={}
2024-07-13 16:33:12,316 : INFO : EventManager : Event: ======'mode_skillshot_stopped'====== Args={}
2024-07-13 16:33:12,316 : INFO : EventManager : Event: ======'clear'====== Args={'key': 'skillshot'}
2024-07-13 16:33:12,318 : INFO : Timer.skillshot_rotate : Stopping Timer
2024-07-13 16:33:12,318 : INFO : EventManager : Event: ======'timer_skillshot_rotate_stopped'====== Args={'ticks': 4, 'ticks_remaining': 0}
2024-07-13 16:33:12,335 : INFO : EventManager : Event: ======'slide_skillshot_inactive'====== Args={'_from_bcp': True}
2024-07-13 16:33:12,335 : INFO : EventManager : Event: ======'slide_base_active'====== Args={'_from_bcp': True}
2024-07-13 16:33:12,335 : INFO : EventManager : Event: ======'slide_skillshot_removed'====== Args={'_from_bcp': True}
2024-07-13 16:33:13,079 : INFO : EventManager : Event: ======'stop_mode_skillshot'====== Args={'priority': 0}
2024-07-13 16:33:13,712 : INFO : SwitchController : <<<<<<< 's_right_rollover_lane' active >>>>>>>
2024-07-13 16:33:13,712 : INFO : EventManager : Event: ======'playfield_active'====== Args={}
2024-07-13 16:33:13,712 : INFO : EventManager : Event: ======'s_right_rollover_lane_active'====== Args={}
2024-07-13 16:33:13,713 : INFO : EventManager : Event: ======'machine_var_audits_switches_s_right_rollover_lane'====== Args={'value': 108, 'prev_value': 107, 'change': 1}
2024-07-13 16:33:13,714 : INFO : EventManager : Event: ======'player_shot_right_rollover_lane'====== Args={'value': 1, 'prev_value': 0, 'change': 1, 'player_num': 1}
2024-07-13 16:33:13,720 : INFO : EventManager : Event: ======'machine_var_audits_shots_right_rollover_lane'====== Args={'value': 94, 'prev_value': 93, 'change': 1}
2024-07-13 16:33:13,721 : INFO : EventManager : Event: ======'right_rollover_lane_hit'====== Args={'profile': 'default', 'state': 'unlit', 'advancing': True}
2024-07-13 16:33:13,721 : INFO : EventManager : Event: ======'right_rollover_lane_default_hit'====== Args={'profile': 'default', 'state': 'unlit', 'advancing': True}
2024-07-13 16:33:13,721 : INFO : EventManager : Event: ======'right_rollover_lane_default_unlit_hit'====== Args={'profile': 'default', 'state': 'unlit', 'advancing': True}
2024-07-13 16:33:13,721 : INFO : EventManager : Event: ======'right_rollover_lane_unlit_hit'====== Args={'profile': 'default', 'state': 'unlit', 'advancing': True}
2024-07-13 16:33:13,721 : INFO : EventManager : Event: ======'player_score'====== Args={'value': 3200, 'prev_value': 3150, 'change': 50, 'player_num': 1, 'source': 'base'}
2024-07-13 16:33:13,723 : INFO : EventManager : Event: ======'BBQ_lanes_hit'====== Args={'shot': 'right_rollover_lane'}
2024-07-13 16:33:13,723 : INFO : EventManager : Event: ======'BBQ_lanes_unlit_hit'====== Args={'shot': 'right_rollover_lane'}
2024-07-13 16:33:13,810 : INFO : EventManager : Event: ======'stop_mode_skillshot'====== Args={'priority': 0}
2024-07-13 16:33:13,873 : INFO : SwitchController : <<<<<<< 's_right_rollover_lane' inactive >>>>>>>
2024-07-13 16:33:15,098 : INFO : SwitchController : <<<<<<< 's_middle_rollover_lane' active >>>>>>>
2024-07-13 16:33:15,098 : INFO : EventManager : Event: ======'playfield_active'====== Args={}
2024-07-13 16:33:15,099 : INFO : EventManager : Event: ======'s_middle_rollover_lane_active'====== Args={}
2024-07-13 16:33:15,099 : INFO : EventManager : Event: ======'machine_var_audits_switches_s_middle_rollover_lane'====== Args={'value': 93, 'prev_value': 92, 'change': 1}
2024-07-13 16:33:15,101 : INFO : EventManager : Event: ======'player_shot_middle_rollover_lane'====== Args={'value': 1, 'prev_value': 0, 'change': 1, 'player_num': 1}
2024-07-13 16:33:15,102 : INFO : EventManager : Event: ======'machine_var_audits_shots_middle_rollover_lane'====== Args={'value': 90, 'prev_value': 89, 'change': 1}
2024-07-13 16:33:15,103 : INFO : EventManager : Event: ======'middle_rollover_lane_hit'====== Args={'profile': 'default', 'state': 'unlit', 'advancing': True}
2024-07-13 16:33:15,103 : INFO : EventManager : Event: ======'middle_rollover_lane_default_hit'====== Args={'profile': 'default', 'state': 'unlit', 'advancing': True}
2024-07-13 16:33:15,104 : INFO : EventManager : Event: ======'middle_rollover_lane_default_unlit_hit'====== Args={'profile': 'default', 'state': 'unlit', 'advancing': True}
2024-07-13 16:33:15,104 : INFO : EventManager : Event: ======'middle_rollover_lane_unlit_hit'====== Args={'profile': 'default', 'state': 'unlit', 'advancing': True}
2024-07-13 16:33:15,104 : INFO : EventManager : Event: ======'player_score'====== Args={'value': 3250, 'prev_value': 3200, 'change': 50, 'player_num': 1, 'source': 'base'}
2024-07-13 16:33:15,106 : INFO : EventManager : Event: ======'BBQ_lanes_hit'====== Args={'shot': 'middle_rollover_lane'}
2024-07-13 16:33:15,106 : INFO : EventManager : Event: ======'BBQ_lanes_unlit_hit'====== Args={'shot': 'middle_rollover_lane'}
2024-07-13 16:33:15,181 : INFO : SwitchController : <<<<<<< 's_middle_rollover_lane' inactive >>>>>>>
2024-07-13 16:33:15,963 : INFO : SwitchController : <<<<<<< 's_middle_rollover_lane' active >>>>>>>
2024-07-13 16:33:15,964 : INFO : EventManager : Event: ======'playfield_active'====== Args={}
2024-07-13 16:33:15,964 : INFO : EventManager : Event: ======'s_middle_rollover_lane_active'====== Args={}
2024-07-13 16:33:15,965 : INFO : EventManager : Event: ======'machine_var_audits_switches_s_middle_rollover_lane'====== Args={'value': 94, 'prev_value': 93, 'change': 1}
2024-07-13 16:33:15,966 : INFO : EventManager : Event: ======'machine_var_audits_shots_middle_rollover_lane'====== Args={'value': 91, 'prev_value': 90, 'change': 1}
2024-07-13 16:33:15,967 : INFO : EventManager : Event: ======'middle_rollover_lane_hit'====== Args={'profile': 'default', 'state': 'lit', 'advancing': False}
2024-07-13 16:33:15,967 : INFO : EventManager : Event: ======'middle_rollover_lane_default_hit'====== Args={'profile': 'default', 'state': 'lit', 'advancing': False}
2024-07-13 16:33:15,967 : INFO : EventManager : Event: ======'middle_rollover_lane_default_lit_hit'====== Args={'profile': 'default', 'state': 'lit', 'advancing': False}
2024-07-13 16:33:15,967 : INFO : EventManager : Event: ======'middle_rollover_lane_lit_hit'====== Args={'profile': 'default', 'state': 'lit', 'advancing': False}
2024-07-13 16:33:15,968 : INFO : EventManager : Event: ======'player_score'====== Args={'value': 3300, 'prev_value': 3250, 'change': 50, 'player_num': 1, 'source': 'base'}
2024-07-13 16:33:15,968 : INFO : EventManager : Event: ======'BBQ_lanes_hit'====== Args={'shot': 'middle_rollover_lane'}
2024-07-13 16:33:15,969 : INFO : EventManager : Event: ======'BBQ_lanes_lit_hit'====== Args={'shot': 'middle_rollover_lane'}
2024-07-13 16:33:16,092 : INFO : SwitchController : <<<<<<< 's_middle_rollover_lane' inactive >>>>>>>
2024-07-13 16:33:17,125 : INFO : SwitchController : <<<<<<< 's_left_rollover_lane' active >>>>>>>
2024-07-13 16:33:17,125 : INFO : EventManager : Event: ======'playfield_active'====== Args={}
2024-07-13 16:33:17,126 : INFO : EventManager : Event: ======'s_left_rollover_lane_active'====== Args={}
2024-07-13 16:33:17,126 : INFO : EventManager : Event: ======'machine_var_audits_switches_s_left_rollover_lane'====== Args={'value': 99, 'prev_value': 98, 'change': 1}
2024-07-13 16:33:17,128 : INFO : EventManager : Event: ======'player_shot_left_rollover_lane'====== Args={'value': 1, 'prev_value': 0, 'change': 1, 'player_num': 1}
2024-07-13 16:33:17,129 : INFO : EventManager : Event: ======'machine_var_audits_shots_left_rollover_lane'====== Args={'value': 94, 'prev_value': 93, 'change': 1}
2024-07-13 16:33:17,130 : INFO : EventManager : Event: ======'left_rollover_lane_hit'====== Args={'profile': 'default', 'state': 'unlit', 'advancing': True}
2024-07-13 16:33:17,130 : INFO : EventManager : Event: ======'left_rollover_lane_default_hit'====== Args={'profile': 'default', 'state': 'unlit', 'advancing': True}
2024-07-13 16:33:17,131 : INFO : EventManager : Event: ======'left_rollover_lane_default_unlit_hit'====== Args={'profile': 'default', 'state': 'unlit', 'advancing': True}
2024-07-13 16:33:17,131 : INFO : EventManager : Event: ======'left_rollover_lane_unlit_hit'====== Args={'profile': 'default', 'state': 'unlit', 'advancing': True}
2024-07-13 16:33:17,131 : INFO : EventManager : Event: ======'player_score'====== Args={'value': 3350, 'prev_value': 3300, 'change': 50, 'player_num': 1, 'source': 'base'}
2024-07-13 16:33:17,132 : INFO : EventManager : Event: ======'BBQ_lanes_complete'====== Args={'state': 'lit'}
2024-07-13 16:33:17,132 : INFO : EventManager : Event: ======'BBQ_lanes_lit_complete'====== Args={}
2024-07-13 16:33:17,133 : INFO : EventManager : Event: ======'player_score'====== Args={'value': 5350, 'prev_value': 3350, 'change': 2000, 'player_num': 1, 'source': 'BBQ_rollover'}
2024-07-13 16:33:17,135 : INFO : EventManager : Event: ======'logicblock_lb_BBQ_complete_count_updated'====== Args={'value': 3, 'enabled': True}
2024-07-13 16:33:17,135 : INFO : EventManager : Event: ======'BBQ_lanes_done'====== Args={'count': 3}
2024-07-13 16:33:17,136 : INFO : EventManager : Event: ======'player_pf_multiplier'====== Args={'value': 3, 'prev_value': 2, 'change': 1, 'player_num': 1, 'source': 'BBQ_rollover'}
2024-07-13 16:33:17,137 : INFO : EventManager : Event: ======'BBQ_lanes_hit'====== Args={'shot': 'left_rollover_lane'}
2024-07-13 16:33:17,137 : INFO : EventManager : Event: ======'BBQ_lanes_unlit_hit'====== Args={'shot': 'left_rollover_lane'}
2024-07-13 16:33:17,253 : INFO : SwitchController : <<<<<<< 's_left_rollover_lane' inactive >>>>>>>
2024-07-13 16:33:18,135 : INFO : EventManager : Event: ======'player_shot_left_rollover_lane'====== Args={'value': 0, 'prev_value': 1, 'change': -1, 'player_num': 1}
2024-07-13 16:33:18,137 : INFO : EventManager : Event: ======'player_shot_middle_rollover_lane'====== Args={'value': 0, 'prev_value': 1, 'change': -1, 'player_num': 1}
2024-07-13 16:33:18,139 : INFO : EventManager : Event: ======'player_shot_right_rollover_lane'====== Args={'value': 0, 'prev_value': 1, 'change': -1, 'player_num': 1}
2024-07-13 16:33:18,141 : INFO : EventManager : Event: ======'BBQ_lanes_complete'====== Args={'state': 'unlit'}
2024-07-13 16:33:18,141 : INFO : EventManager : Event: ======'BBQ_lanes_unlit_complete'====== Args={}
2024-07-13 16:33:18,143 : INFO : EventManager : Event: ======'player_score'====== Args={'value': 8350, 'prev_value': 5350, 'change': 3000, 'player_num': 1, 'source': 'BBQ_rollover'}
2024-07-13 16:36:53,142 : INFO : Machine : Shutting down...
2024-07-13 16:36:53,149 : INFO : EventManager : Event: ======'shutdown'====== Args={}
2024-07-13 16:36:53,163 : INFO : EventManager : Event: ======'mode_game_will_stop'====== Args={}
2024-07-13 16:36:53,163 : INFO : EventManager : Event: ======'mode_game_stopping'====== Args={}
2024-07-13 16:36:53,165 : INFO : EventManager : Event: ======'mode_BBQ_rollover_will_stop'====== Args={}
2024-07-13 16:36:53,165 : INFO : EventManager : Event: ======'mode_BBQ_rollover_stopping'====== Args={}
2024-07-13 16:36:53,165 : INFO : EventManager : Event: ======'mode_base_will_stop'====== Args={}
2024-07-13 16:36:53,165 : INFO : EventManager : Event: ======'mode_base_stopping'====== Args={}
2024-07-13 16:36:53,165 : INFO : Mode.base : Stopped.
2024-07-13 16:36:53,165 : INFO : EventManager : Event: ======'modes_active_modes_changed'====== Args={}
2024-07-13 16:36:53,166 : INFO : EventManager : Event: ======'mode_base_stopped'====== Args={}
2024-07-13 16:36:53,166 : INFO : EventManager : Event: ======'clear'====== Args={'key': 'base'}
2024-07-13 16:36:53,170 : INFO : EventManager : Event: ======'ball_save_default_disabled'====== Args={}
2024-07-13 16:36:53,170 : INFO : Mode.BBQ_rollover : Stopped.
2024-07-13 16:36:53,170 : INFO : EventManager : Event: ======'modes_active_modes_changed'====== Args={}
2024-07-13 16:36:53,171 : INFO : EventManager : Event: ======'mode_BBQ_rollover_stopped'====== Args={}
2024-07-13 16:36:53,171 : INFO : EventManager : Event: ======'clear'====== Args={'key': 'BBQ_rollover'}
2024-07-13 16:36:53,171 : INFO : Mode.game : Stopped.
2024-07-13 16:36:53,171 : INFO : EventManager : Event: ======'modes_active_modes_changed'====== Args={}
2024-07-13 16:36:53,171 : INFO : EventManager : Event: ======'mode_game_stopped'====== Args={}
2024-07-13 16:36:53,171 : INFO : EventManager : Event: ======'clear'====== Args={'key': 'game'}
2024-07-13 16:36:53,177 : INFO : root : MPF run loop ended.
