2024-07-16 09:12:51,634 : INFO : root : Loading config.
2024-07-16 09:12:51,635 : INFO : YamlMultifileConfigLoader : Machine config file #1: config.yaml
2024-07-16 09:12:51,635 : INFO : ConfigProcessor : Loading config from cache: /var/folders/sv/d29kcl5x50v7vt1n6xb5jsd40000gn/T/c166cef8060ffee16a35821bf698da85.mpf_cache
2024-07-16 09:12:51,666 : INFO : ConfigProcessor : Loading config from cache: /var/folders/sv/d29kcl5x50v7vt1n6xb5jsd40000gn/T/6b31c5ac6ecbad948994a8204ea6b05b.mpf_cache
2024-07-16 09:12:51,667 : INFO : ConfigProcessor : Loading config from cache: /var/folders/sv/d29kcl5x50v7vt1n6xb5jsd40000gn/T/fe612d1e66c8a96c19ba449d3748eeac.mpf_cache
2024-07-16 09:12:51,667 : INFO : ConfigProcessor : Loading config from cache: /var/folders/sv/d29kcl5x50v7vt1n6xb5jsd40000gn/T/6b31c5ac6ecbad948994a8204ea6b05b.mpf_cache
2024-07-16 09:12:51,667 : INFO : ConfigProcessor : Loading config from cache: /var/folders/sv/d29kcl5x50v7vt1n6xb5jsd40000gn/T/8765227693ecd961e0504502a81255e0.mpf_cache
2024-07-16 09:12:51,667 : WARNING : ConfigProcessor : Config file in cache changed: /Users/nicktaseris/Desktop/Pinball/KOTH/modes/base/config/base.yaml
2024-07-16 09:12:51,667 : INFO : ConfigProcessor : Loading config from file /Users/nicktaseris/Desktop/Pinball/KOTH/modes/base/config/base.yaml.
2024-07-16 09:12:51,670 : INFO : ConfigProcessor : Loading config: /Users/nicktaseris/Desktop/Pinball/KOTH/modes/base/config/base.yaml
2024-07-16 09:12:51,671 : INFO : ConfigProcessor : Config file cache created: /var/folders/sv/d29kcl5x50v7vt1n6xb5jsd40000gn/T/b247728c74b4d81bcb2825e2b07062a7.mpf_cache
2024-07-16 09:12:51,671 : INFO : ConfigProcessor : Loading config from cache: /var/folders/sv/d29kcl5x50v7vt1n6xb5jsd40000gn/T/f240f94f0b5d0f37ec4fd7571275a101.mpf_cache
2024-07-16 09:12:51,672 : INFO : ConfigProcessor : Loading config from cache: /var/folders/sv/d29kcl5x50v7vt1n6xb5jsd40000gn/T/c4409acfdf3ec94666e0adef48d55400.mpf_cache
2024-07-16 09:12:51,672 : INFO : ConfigProcessor : Loading config from cache: /var/folders/sv/d29kcl5x50v7vt1n6xb5jsd40000gn/T/6a2f50ed892485825cc04dc0a68eab9f.mpf_cache
2024-07-16 09:12:51,672 : INFO : ConfigProcessor : Loading config from cache: /var/folders/sv/d29kcl5x50v7vt1n6xb5jsd40000gn/T/d58c58eb9fd1a2dc27f8acd255fb3761.mpf_cache
2024-07-16 09:12:51,672 : INFO : ConfigProcessor : Loading config from cache: /var/folders/sv/d29kcl5x50v7vt1n6xb5jsd40000gn/T/07adfd310b3ef0e03c5cbc91527abb6c.mpf_cache
2024-07-16 09:12:51,673 : INFO : ConfigProcessor : Loading config from cache: /var/folders/sv/d29kcl5x50v7vt1n6xb5jsd40000gn/T/362e08f51a1a1b7a0809dd52f9c83f83.mpf_cache
2024-07-16 09:12:51,673 : INFO : ConfigProcessor : Loading config from cache: /var/folders/sv/d29kcl5x50v7vt1n6xb5jsd40000gn/T/e45e3bd39557ed8d0881194a7afab8f7.mpf_cache
2024-07-16 09:12:51,673 : INFO : ConfigProcessor : Loading config from cache: /var/folders/sv/d29kcl5x50v7vt1n6xb5jsd40000gn/T/331d8d1a1bc190cae8c13495e1db372f.mpf_cache
2024-07-16 09:12:51,673 : INFO : ConfigProcessor : Loading config from cache: /var/folders/sv/d29kcl5x50v7vt1n6xb5jsd40000gn/T/34853b7ed6df3aedbba239874ade5ac8.mpf_cache
2024-07-16 09:12:51,673 : INFO : ConfigProcessor : Loading config from cache: /var/folders/sv/d29kcl5x50v7vt1n6xb5jsd40000gn/T/280fd64455d0d243a54ab4db98fbccbd.mpf_cache
2024-07-16 09:12:51,673 : INFO : ConfigProcessor : Loading config from cache: /var/folders/sv/d29kcl5x50v7vt1n6xb5jsd40000gn/T/0c0596ed8fbb40b6113901d21bdc0a39.mpf_cache
2024-07-16 09:12:51,674 : INFO : ConfigProcessor : Loading config from cache: /var/folders/sv/d29kcl5x50v7vt1n6xb5jsd40000gn/T/2982e2d98506102244e9fa0f437a9fca.mpf_cache
2024-07-16 09:12:51,674 : INFO : ConfigProcessor : Loading config from cache: /var/folders/sv/d29kcl5x50v7vt1n6xb5jsd40000gn/T/3048ed2d7ea14eee3db896f6760aa474.mpf_cache
2024-07-16 09:12:51,674 : INFO : Machine : Mission Pinball Framework Core Engine v0.80.0.dev1
2024-07-16 09:12:51,674 : INFO : Machine : Command line arguments: {'no_load_cache': False, 'create_config_cache': True, 'bcp': True, 'configfile': ['config.yaml'], 'force_assets_load': False, 'platform_integration_test': False, 'jsonlogging': False, 'logfile': 'logs/2024-07-16-09-12-51-mpf-Nicks-Air.lan.log', 'pause': False, 'production': False, 'text_ui': True, 'loglevel': 15, 'consoleloglevel': 20, 'force_platform': None, 'syslog_address': None, 'mc_file_name': None, 'no_sound': False, 'full_logfile_path': '/Users/nicktaseris/Desktop/Pinball/KOTH/logs/2024-07-16-09-12-51-mpf-Nicks-Air.lan.log'}
2024-07-16 09:12:51,674 : INFO : Machine : MPF path: /Users/nicktaseris/mpfenv/lib/python3.9/site-packages/mpf
2024-07-16 09:12:51,674 : INFO : Machine : Machine path: /Users/nicktaseris/Desktop/Pinball/KOTH
2024-07-16 09:12:51,674 : INFO : Machine : Platform: darwin
2024-07-16 09:12:51,674 : INFO : Machine : Python executable location: /Users/nicktaseris/mpfenv/bin/python3
2024-07-16 09:12:51,674 : INFO : Machine : Python version: 3.9.13 (64-bit)
2024-07-16 09:12:51,675 : INFO : Machine : Initializing MPF...
2024-07-16 09:12:51,701 : INFO : EventManager : Event: ======'machine_var_credits_string'====== Args={'value': 'FREE PLAY', 'prev_value': None, 'change': True}
2024-07-16 09:12:51,713 : INFO : EventManager : Event: ======'machine_var_master_volume'====== Args={'value': 0.5, 'prev_value': None, 'change': True}
2024-07-16 09:12:51,713 : INFO : EventManager : Event: ======'machine_var_player1_score'====== Args={'value': 175300, 'prev_value': None, 'change': True}
2024-07-16 09:12:51,713 : INFO : EventManager : Event: ======'machine_var_mpf_version'====== Args={'value': 'Mission Pinball Framework v0.80.0.dev1', 'prev_value': None, 'change': True}
2024-07-16 09:12:51,713 : INFO : EventManager : Event: ======'machine_var_mpf_extended_version'====== Args={'value': 'Mission Pinball Framework v0.80.0.dev1, Config version:6, Show version: 6, BCP version:1.1', 'prev_value': None, 'change': True}
2024-07-16 09:12:51,713 : INFO : EventManager : Event: ======'machine_var_python_version'====== Args={'value': '3.9.13', 'prev_value': None, 'change': True}
2024-07-16 09:12:51,722 : INFO : EventManager : Event: ======'machine_var_platform'====== Args={'value': 'macOS-12.1-arm64-arm-64bit', 'prev_value': None, 'change': True}
2024-07-16 09:12:51,722 : INFO : EventManager : Event: ======'machine_var_platform_system'====== Args={'value': 'Darwin', 'prev_value': None, 'change': True}
2024-07-16 09:12:51,722 : INFO : EventManager : Event: ======'machine_var_platform_release'====== Args={'value': '21.2.0', 'prev_value': None, 'change': True}
2024-07-16 09:12:51,722 : INFO : EventManager : Event: ======'machine_var_platform_version'====== Args={'value': 'Darwin Kernel Version 21.2.0: Sun Nov 28 20:29:10 PST 2021; root:xnu-8019.61.5~1/RELEASE_ARM64_T8101', 'prev_value': None, 'change': True}
2024-07-16 09:12:51,722 : INFO : EventManager : Event: ======'machine_var_platform_machine'====== Args={'value': 'arm64', 'prev_value': None, 'change': True}
2024-07-16 09:12:51,722 : INFO : EventManager : Event: ======'machine_var_log_file_path'====== Args={'value': '/Users/nicktaseris/Desktop/Pinball/KOTH/logs/2024-07-16-09-12-51-mpf-Nicks-Air.lan.log', 'prev_value': None, 'change': True}
2024-07-16 09:12:51,722 : INFO : EventManager : Event: ======'init_phase_1'====== Args={}
2024-07-16 09:12:51,739 : INFO : EventManager : Event: ======'drop_target_bank_strickland_bank_up'====== Args={}
2024-07-16 09:12:51,739 : INFO : EventManager : Event: ======'init_phase_2'====== Args={}
2024-07-16 09:12:51,740 : INFO : SwitchController : Found active switch: ('39', <Platform.SmartVirtual>) <switch.s_trough1>
2024-07-16 09:12:51,740 : INFO : SwitchController : Found active switch: ('40', <Platform.SmartVirtual>) <switch.s_trough2>
2024-07-16 09:12:51,740 : INFO : SwitchController : Found active switch: ('41', <Platform.SmartVirtual>) <switch.s_trough3>
2024-07-16 09:12:51,740 : INFO : SwitchController : Found active switch: ('42', <Platform.SmartVirtual>) <switch.s_trough4>
2024-07-16 09:12:51,740 : INFO : SwitchController : Found active switch: ('43', <Platform.SmartVirtual>) <switch.s_trough5>
2024-07-16 09:12:51,740 : INFO : SwitchController : Found active switch: ('44', <Platform.SmartVirtual>) <switch.s_trough6>
2024-07-16 09:12:51,743 : INFO : EventManager : Event: ======'machine_var_score1_label'====== Args={'value': 'GRAND CHAMPION', 'prev_value': None, 'change': True}
2024-07-16 09:12:51,743 : INFO : EventManager : Event: ======'machine_var_score1_name'====== Args={'value': 'BRI', 'prev_value': None, 'change': True}
2024-07-16 09:12:51,743 : INFO : EventManager : Event: ======'machine_var_score1_value'====== Args={'value': 4242, 'prev_value': None, 'change': True}
2024-07-16 09:12:51,743 : INFO : EventManager : Event: ======'machine_var_score2_label'====== Args={'value': 'HIGH SCORE 1', 'prev_value': None, 'change': True}
2024-07-16 09:12:51,743 : INFO : EventManager : Event: ======'machine_var_score2_name'====== Args={'value': 'GHK', 'prev_value': None, 'change': True}
2024-07-16 09:12:51,743 : INFO : EventManager : Event: ======'machine_var_score2_value'====== Args={'value': 2323, 'prev_value': None, 'change': True}
2024-07-16 09:12:51,743 : INFO : EventManager : Event: ======'machine_var_score3_label'====== Args={'value': 'HIGH SCORE 2', 'prev_value': None, 'change': True}
2024-07-16 09:12:51,743 : INFO : EventManager : Event: ======'machine_var_score3_name'====== Args={'value': 'JK', 'prev_value': None, 'change': True}
2024-07-16 09:12:51,743 : INFO : EventManager : Event: ======'machine_var_score3_value'====== Args={'value': 1337, 'prev_value': None, 'change': True}
2024-07-16 09:12:51,743 : INFO : EventManager : Event: ======'machine_var_score4_label'====== Args={'value': 'HIGH SCORE 3', 'prev_value': None, 'change': True}
2024-07-16 09:12:51,743 : INFO : EventManager : Event: ======'machine_var_score4_name'====== Args={'value': 'QC', 'prev_value': None, 'change': True}
2024-07-16 09:12:51,743 : INFO : EventManager : Event: ======'machine_var_score4_value'====== Args={'value': 42, 'prev_value': None, 'change': True}
2024-07-16 09:12:51,743 : INFO : EventManager : Event: ======'machine_var_score5_label'====== Args={'value': 'HIGH SCORE 4', 'prev_value': None, 'change': True}
2024-07-16 09:12:51,744 : INFO : EventManager : Event: ======'machine_var_score5_name'====== Args={'value': 'MPF', 'prev_value': None, 'change': True}
2024-07-16 09:12:51,744 : INFO : EventManager : Event: ======'machine_var_score5_value'====== Args={'value': 23, 'prev_value': None, 'change': True}
2024-07-16 09:12:51,744 : INFO : EventManager : Event: ======'bcp_connection_attempt'====== Args={'name': 'local_display', 'host': 'localhost', 'port': 5050}
2024-07-16 09:12:51,744 : INFO : BCPClientSocket : Connecting BCP to 'local_display' at localhost:5050...
2024-07-16 09:12:51,747 : INFO : BCPClientSocket : Connected BCP to 'local_display' localhost:5050
2024-07-16 09:12:51,748 : INFO : EventManager : Event: ======'bcp_clients_connected'====== Args={}
2024-07-16 09:12:51,748 : INFO : ball_device.bd_trough : BCH: Initial count: 6
2024-07-16 09:12:51,749 : INFO : ball_device.bd_trough : State: idle
2024-07-16 09:12:51,749 : INFO : ball_device.bd_plunger : BCH: Initial count: 0
2024-07-16 09:12:51,749 : INFO : ball_device.bd_plunger : State: idle
2024-07-16 09:12:51,749 : INFO : ball_device.bd_scoop : BCH: Initial count: 0
2024-07-16 09:12:51,749 : INFO : ball_device.bd_scoop : State: idle
2024-07-16 09:12:51,753 : INFO : EventManager : Event: ======'init_phase_3'====== Args={}
2024-07-16 09:12:51,758 : INFO : EventManager : Event: ======'init_phase_4'====== Args={}
2024-07-16 09:12:51,759 : INFO : BallController : Initial balls found: 6
2024-07-16 09:12:51,759 : INFO : EventManager : Event: ======'machine_var_audits_events_game_ended'====== Args={'value': 4, 'prev_value': None, 'change': True}
2024-07-16 09:12:51,759 : INFO : EventManager : Event: ======'machine_var_audits_events_game_started'====== Args={'value': 367, 'prev_value': None, 'change': True}
2024-07-16 09:12:51,759 : INFO : EventManager : Event: ======'machine_var_audits_missing_switches_s_a_target'====== Args={'value': 19, 'prev_value': None, 'change': True}
2024-07-16 09:12:51,759 : INFO : EventManager : Event: ======'machine_var_audits_missing_switches_s_bottom_inline_drop'====== Args={'value': 1, 'prev_value': None, 'change': True}
2024-07-16 09:12:51,759 : INFO : EventManager : Event: ======'machine_var_audits_missing_switches_s_bottom_pop_bumper'====== Args={'value': 49, 'prev_value': None, 'change': True}
2024-07-16 09:12:51,759 : INFO : EventManager : Event: ======'machine_var_audits_missing_switches_s_center_spinner'====== Args={'value': 114, 'prev_value': None, 'change': True}
2024-07-16 09:12:51,759 : INFO : EventManager : Event: ======'machine_var_audits_missing_switches_s_e_target'====== Args={'value': 2, 'prev_value': None, 'change': True}
2024-07-16 09:12:51,760 : INFO : EventManager : Event: ======'machine_var_audits_missing_switches_s_left_flipper'====== Args={'value': 17, 'prev_value': None, 'change': True}
2024-07-16 09:12:51,760 : INFO : EventManager : Event: ======'machine_var_audits_missing_switches_s_left_inlane'====== Args={'value': 1, 'prev_value': None, 'change': True}
2024-07-16 09:12:51,760 : INFO : EventManager : Event: ======'machine_var_audits_missing_switches_s_left_inner_horseshoe'====== Args={'value': 1, 'prev_value': None, 'change': True}
2024-07-16 09:12:51,760 : INFO : EventManager : Event: ======'machine_var_audits_missing_switches_s_left_orbit_enter'====== Args={'value': 1, 'prev_value': None, 'change': True}
2024-07-16 09:12:51,760 : INFO : EventManager : Event: ======'machine_var_audits_missing_switches_s_left_orbit_exit'====== Args={'value': 123, 'prev_value': None, 'change': True}
2024-07-16 09:12:51,760 : INFO : EventManager : Event: ======'machine_var_audits_missing_switches_s_left_outlane'====== Args={'value': 3, 'prev_value': None, 'change': True}
2024-07-16 09:12:51,760 : INFO : EventManager : Event: ======'machine_var_audits_missing_switches_s_left_pop_bumper'====== Args={'value': 1, 'prev_value': None, 'change': True}
2024-07-16 09:12:51,760 : INFO : EventManager : Event: ======'machine_var_audits_missing_switches_s_left_ramp_enter'====== Args={'value': 181, 'prev_value': None, 'change': True}
2024-07-16 09:12:51,760 : INFO : EventManager : Event: ======'machine_var_audits_missing_switches_s_left_ramp_exit'====== Args={'value': 245, 'prev_value': None, 'change': True}
2024-07-16 09:12:51,760 : INFO : EventManager : Event: ======'machine_var_audits_missing_switches_s_left_sling'====== Args={'value': 17, 'prev_value': None, 'change': True}
2024-07-16 09:12:51,760 : INFO : EventManager : Event: ======'machine_var_audits_missing_switches_s_left_spinner'====== Args={'value': 5, 'prev_value': None, 'change': True}
2024-07-16 09:12:51,760 : INFO : EventManager : Event: ======'machine_var_audits_missing_switches_s_middle_inline_drop'====== Args={'value': 1, 'prev_value': None, 'change': True}
2024-07-16 09:12:51,760 : INFO : EventManager : Event: ======'machine_var_audits_missing_switches_s_o_target'====== Args={'value': 9, 'prev_value': None, 'change': True}
2024-07-16 09:12:51,760 : INFO : EventManager : Event: ======'machine_var_audits_missing_switches_s_p2_target'====== Args={'value': 3, 'prev_value': None, 'change': True}
2024-07-16 09:12:51,761 : INFO : EventManager : Event: ======'machine_var_audits_missing_switches_s_p_target'====== Args={'value': 1, 'prev_value': None, 'change': True}
2024-07-16 09:12:51,761 : INFO : EventManager : Event: ======'machine_var_audits_missing_switches_s_r_target'====== Args={'value': 14, 'prev_value': None, 'change': True}
2024-07-16 09:12:51,761 : INFO : EventManager : Event: ======'machine_var_audits_missing_switches_s_right_flipper'====== Args={'value': 6, 'prev_value': None, 'change': True}
2024-07-16 09:12:51,761 : INFO : EventManager : Event: ======'machine_var_audits_missing_switches_s_right_inlane'====== Args={'value': 318, 'prev_value': None, 'change': True}
2024-07-16 09:12:51,761 : INFO : EventManager : Event: ======'machine_var_audits_missing_switches_s_right_inner_horseshoe'====== Args={'value': 8, 'prev_value': None, 'change': True}
2024-07-16 09:12:51,761 : INFO : EventManager : Event: ======'machine_var_audits_missing_switches_s_right_orbit_exit'====== Args={'value': 110, 'prev_value': None, 'change': True}
2024-07-16 09:12:51,761 : INFO : EventManager : Event: ======'machine_var_audits_missing_switches_s_right_outlane'====== Args={'value': 15, 'prev_value': None, 'change': True}
2024-07-16 09:12:51,761 : INFO : EventManager : Event: ======'machine_var_audits_missing_switches_s_right_pop_bumper'====== Args={'value': 28, 'prev_value': None, 'change': True}
2024-07-16 09:12:51,761 : INFO : EventManager : Event: ======'machine_var_audits_missing_switches_s_right_ramp_enter'====== Args={'value': 72, 'prev_value': None, 'change': True}
2024-07-16 09:12:51,761 : INFO : EventManager : Event: ======'machine_var_audits_missing_switches_s_right_ramp_exit'====== Args={'value': 72, 'prev_value': None, 'change': True}
2024-07-16 09:12:51,761 : INFO : EventManager : Event: ======'machine_var_audits_missing_switches_s_right_ramp_standup'====== Args={'value': 10, 'prev_value': None, 'change': True}
2024-07-16 09:12:51,761 : INFO : EventManager : Event: ======'machine_var_audits_missing_switches_s_right_sling'====== Args={'value': 318, 'prev_value': None, 'change': True}
2024-07-16 09:12:51,762 : INFO : EventManager : Event: ======'machine_var_audits_missing_switches_s_scoop'====== Args={'value': 8, 'prev_value': None, 'change': True}
2024-07-16 09:12:51,762 : INFO : EventManager : Event: ======'machine_var_audits_missing_switches_s_start'====== Args={'value': 6, 'prev_value': None, 'change': True}
2024-07-16 09:12:51,762 : INFO : EventManager : Event: ======'machine_var_audits_missing_switches_s_top_inline_drop'====== Args={'value': 1, 'prev_value': None, 'change': True}
2024-07-16 09:12:51,762 : INFO : EventManager : Event: ======'machine_var_audits_missing_switches_s_trough2'====== Args={'value': 14, 'prev_value': None, 'change': True}
2024-07-16 09:12:51,762 : INFO : EventManager : Event: ======'machine_var_audits_missing_switches_s_trough3'====== Args={'value': 14, 'prev_value': None, 'change': True}
2024-07-16 09:12:51,762 : INFO : EventManager : Event: ======'machine_var_audits_missing_switches_s_trough4'====== Args={'value': 322, 'prev_value': None, 'change': True}
2024-07-16 09:12:51,762 : INFO : EventManager : Event: ======'machine_var_audits_missing_switches_s_trough5'====== Args={'value': 322, 'prev_value': None, 'change': True}
2024-07-16 09:12:51,762 : INFO : EventManager : Event: ======'machine_var_audits_missing_switches_s_trough6'====== Args={'value': 322, 'prev_value': None, 'change': True}
2024-07-16 09:12:51,762 : INFO : EventManager : Event: ======'machine_var_audits_missing_switches_s_trough_jam'====== Args={'value': 255, 'prev_value': None, 'change': True}
2024-07-16 09:12:51,762 : INFO : EventManager : Event: ======'machine_var_audits_player_score'====== Args={'value': {'average': 109379, 'top': [370600, 175300, 400, 300, 250], 'total': 5}, 'prev_value': None, 'change': True}
2024-07-16 09:12:51,762 : INFO : EventManager : Event: ======'machine_var_audits_shots_a_target'====== Args={'value': 7, 'prev_value': None, 'change': True}
2024-07-16 09:12:51,763 : INFO : EventManager : Event: ======'machine_var_audits_shots_e_target'====== Args={'value': 3, 'prev_value': None, 'change': True}
2024-07-16 09:12:51,763 : INFO : EventManager : Event: ======'machine_var_audits_shots_left_rollover_lane'====== Args={'value': 151, 'prev_value': None, 'change': True}
2024-07-16 09:12:51,763 : INFO : EventManager : Event: ======'machine_var_audits_shots_middle_rollover_lane'====== Args={'value': 148, 'prev_value': None, 'change': True}
2024-07-16 09:12:51,763 : INFO : EventManager : Event: ======'machine_var_audits_shots_n_target'====== Args={'value': 9, 'prev_value': None, 'change': True}
2024-07-16 09:12:51,763 : INFO : EventManager : Event: ======'machine_var_audits_shots_o_target'====== Args={'value': 4, 'prev_value': None, 'change': True}
2024-07-16 09:12:51,763 : INFO : EventManager : Event: ======'machine_var_audits_shots_p2_target'====== Args={'value': 5, 'prev_value': None, 'change': True}
2024-07-16 09:12:51,763 : INFO : EventManager : Event: ======'machine_var_audits_shots_p_target'====== Args={'value': 8, 'prev_value': None, 'change': True}
2024-07-16 09:12:51,763 : INFO : EventManager : Event: ======'machine_var_audits_shots_qualify_o_target'====== Args={'value': 52, 'prev_value': None, 'change': True}
2024-07-16 09:12:51,763 : INFO : EventManager : Event: ======'machine_var_audits_shots_qualify_p_target'====== Args={'value': 59, 'prev_value': None, 'change': True}
2024-07-16 09:12:51,764 : INFO : EventManager : Event: ======'machine_var_audits_shots_qualify_r_target'====== Args={'value': 80, 'prev_value': None, 'change': True}
2024-07-16 09:12:51,764 : INFO : EventManager : Event: ======'machine_var_audits_shots_r_target'====== Args={'value': 14, 'prev_value': None, 'change': True}
2024-07-16 09:12:51,764 : INFO : EventManager : Event: ======'machine_var_audits_shots_right_rollover_lane'====== Args={'value': 151, 'prev_value': None, 'change': True}
2024-07-16 09:12:51,764 : INFO : EventManager : Event: ======'machine_var_audits_shots_skillshot_a_target'====== Args={'value': 38, 'prev_value': None, 'change': True}
2024-07-16 09:12:51,764 : INFO : EventManager : Event: ======'machine_var_audits_shots_skillshot_e_target'====== Args={'value': 31, 'prev_value': None, 'change': True}
2024-07-16 09:12:51,764 : INFO : EventManager : Event: ======'machine_var_audits_shots_skillshot_n_target'====== Args={'value': 26, 'prev_value': None, 'change': True}
2024-07-16 09:12:51,764 : INFO : EventManager : Event: ======'machine_var_audits_shots_skillshot_o_target'====== Args={'value': 11, 'prev_value': None, 'change': True}
2024-07-16 09:12:51,764 : INFO : EventManager : Event: ======'machine_var_audits_shots_skillshot_p2_target'====== Args={'value': 4, 'prev_value': None, 'change': True}
2024-07-16 09:12:51,764 : INFO : EventManager : Event: ======'machine_var_audits_shots_skillshot_p_target'====== Args={'value': 23, 'prev_value': None, 'change': True}
2024-07-16 09:12:51,765 : INFO : EventManager : Event: ======'machine_var_audits_shots_skillshot_r_target'====== Args={'value': 13, 'prev_value': None, 'change': True}
2024-07-16 09:12:51,765 : INFO : EventManager : Event: ======'machine_var_audits_switches_s_a_target'====== Args={'value': 81, 'prev_value': None, 'change': True}
2024-07-16 09:12:51,765 : INFO : EventManager : Event: ======'machine_var_audits_switches_s_bottom_inline_drop'====== Args={'value': 39, 'prev_value': None, 'change': True}
2024-07-16 09:12:51,765 : INFO : EventManager : Event: ======'machine_var_audits_switches_s_bottom_pop_bumper'====== Args={'value': 9, 'prev_value': None, 'change': True}
2024-07-16 09:12:51,765 : INFO : EventManager : Event: ======'machine_var_audits_switches_s_center_spinner'====== Args={'value': 3, 'prev_value': None, 'change': True}
2024-07-16 09:12:51,765 : INFO : EventManager : Event: ======'machine_var_audits_switches_s_e_target'====== Args={'value': 92, 'prev_value': None, 'change': True}
2024-07-16 09:12:51,765 : INFO : EventManager : Event: ======'machine_var_audits_switches_s_left_flipper'====== Args={'value': 129, 'prev_value': None, 'change': True}
2024-07-16 09:12:51,766 : INFO : EventManager : Event: ======'machine_var_audits_switches_s_left_inlane'====== Args={'value': 10, 'prev_value': None, 'change': True}
2024-07-16 09:12:51,766 : INFO : EventManager : Event: ======'machine_var_audits_switches_s_left_inner_horseshoe'====== Args={'value': 15, 'prev_value': None, 'change': True}
2024-07-16 09:12:51,766 : INFO : EventManager : Event: ======'machine_var_audits_switches_s_left_orbit_enter'====== Args={'value': 15, 'prev_value': None, 'change': True}
2024-07-16 09:12:51,766 : INFO : EventManager : Event: ======'machine_var_audits_switches_s_left_orbit_exit'====== Args={'value': 13, 'prev_value': None, 'change': True}
2024-07-16 09:12:51,766 : INFO : EventManager : Event: ======'machine_var_audits_switches_s_left_outlane'====== Args={'value': 25, 'prev_value': None, 'change': True}
2024-07-16 09:12:51,766 : INFO : EventManager : Event: ======'machine_var_audits_switches_s_left_pop_bumper'====== Args={'value': 4, 'prev_value': None, 'change': True}
2024-07-16 09:12:51,766 : INFO : EventManager : Event: ======'machine_var_audits_switches_s_left_ramp_enter'====== Args={'value': 9, 'prev_value': None, 'change': True}
2024-07-16 09:12:51,767 : INFO : EventManager : Event: ======'machine_var_audits_switches_s_left_ramp_exit'====== Args={'value': 3, 'prev_value': None, 'change': True}
2024-07-16 09:12:51,767 : INFO : EventManager : Event: ======'machine_var_audits_switches_s_left_ramp_standup'====== Args={'value': 549, 'prev_value': None, 'change': True}
2024-07-16 09:12:51,767 : INFO : EventManager : Event: ======'machine_var_audits_switches_s_left_rollover_lane'====== Args={'value': 156, 'prev_value': None, 'change': True}
2024-07-16 09:12:51,767 : INFO : EventManager : Event: ======'machine_var_audits_switches_s_left_sling'====== Args={'value': 12, 'prev_value': None, 'change': True}
2024-07-16 09:12:51,767 : INFO : EventManager : Event: ======'machine_var_audits_switches_s_left_spinner'====== Args={'value': 37, 'prev_value': None, 'change': True}
2024-07-16 09:12:51,767 : INFO : EventManager : Event: ======'machine_var_audits_switches_s_middle_inline_drop'====== Args={'value': 34, 'prev_value': None, 'change': True}
2024-07-16 09:12:51,767 : INFO : EventManager : Event: ======'machine_var_audits_switches_s_middle_rollover_lane'====== Args={'value': 151, 'prev_value': None, 'change': True}
2024-07-16 09:12:51,768 : INFO : EventManager : Event: ======'machine_var_audits_switches_s_n_target'====== Args={'value': 81, 'prev_value': None, 'change': True}
2024-07-16 09:12:51,768 : INFO : EventManager : Event: ======'machine_var_audits_switches_s_o_target'====== Args={'value': 97, 'prev_value': None, 'change': True}
2024-07-16 09:12:51,768 : INFO : EventManager : Event: ======'machine_var_audits_switches_s_p2_target'====== Args={'value': 25, 'prev_value': None, 'change': True}
2024-07-16 09:12:51,768 : INFO : EventManager : Event: ======'machine_var_audits_switches_s_p_target'====== Args={'value': 274, 'prev_value': None, 'change': True}
2024-07-16 09:12:51,768 : INFO : EventManager : Event: ======'machine_var_audits_switches_s_plunger'====== Args={'value': 447, 'prev_value': None, 'change': True}
2024-07-16 09:12:51,768 : INFO : EventManager : Event: ======'machine_var_audits_switches_s_plunger_lane'====== Args={'value': 39, 'prev_value': None, 'change': True}
2024-07-16 09:12:51,768 : INFO : EventManager : Event: ======'machine_var_audits_switches_s_plunger_lane_exit'====== Args={'value': 249, 'prev_value': None, 'change': True}
2024-07-16 09:12:51,769 : INFO : EventManager : Event: ======'machine_var_audits_switches_s_r_target'====== Args={'value': 119, 'prev_value': None, 'change': True}
2024-07-16 09:12:51,769 : INFO : EventManager : Event: ======'machine_var_audits_switches_s_right_flipper'====== Args={'value': 144, 'prev_value': None, 'change': True}
2024-07-16 09:12:51,769 : INFO : EventManager : Event: ======'machine_var_audits_switches_s_right_inlane'====== Args={'value': 9, 'prev_value': None, 'change': True}
2024-07-16 09:12:51,769 : INFO : EventManager : Event: ======'machine_var_audits_switches_s_right_inner_horseshoe'====== Args={'value': 8, 'prev_value': None, 'change': True}
2024-07-16 09:12:51,769 : INFO : EventManager : Event: ======'machine_var_audits_switches_s_right_orbit_exit'====== Args={'value': 33, 'prev_value': None, 'change': True}
2024-07-16 09:12:51,769 : INFO : EventManager : Event: ======'machine_var_audits_switches_s_right_outlane'====== Args={'value': 8, 'prev_value': None, 'change': True}
2024-07-16 09:12:51,770 : INFO : EventManager : Event: ======'machine_var_audits_switches_s_right_pop_bumper'====== Args={'value': 16, 'prev_value': None, 'change': True}
2024-07-16 09:12:51,770 : INFO : EventManager : Event: ======'machine_var_audits_switches_s_right_ramp_enter'====== Args={'value': 1, 'prev_value': None, 'change': True}
2024-07-16 09:12:51,770 : INFO : EventManager : Event: ======'machine_var_audits_switches_s_right_ramp_exit'====== Args={'value': 1, 'prev_value': None, 'change': True}
2024-07-16 09:12:51,770 : INFO : EventManager : Event: ======'machine_var_audits_switches_s_right_ramp_standup'====== Args={'value': 177, 'prev_value': None, 'change': True}
2024-07-16 09:12:51,770 : INFO : EventManager : Event: ======'machine_var_audits_switches_s_right_rollover_lane'====== Args={'value': 165, 'prev_value': None, 'change': True}
2024-07-16 09:12:51,770 : INFO : EventManager : Event: ======'machine_var_audits_switches_s_right_sling'====== Args={'value': 1, 'prev_value': None, 'change': True}
2024-07-16 09:12:51,770 : INFO : EventManager : Event: ======'machine_var_audits_switches_s_scoop'====== Args={'value': 69, 'prev_value': None, 'change': True}
2024-07-16 09:12:51,771 : INFO : EventManager : Event: ======'machine_var_audits_switches_s_start'====== Args={'value': 270, 'prev_value': None, 'change': True}
2024-07-16 09:12:51,771 : INFO : EventManager : Event: ======'machine_var_audits_switches_s_top_inline_drop'====== Args={'value': 36, 'prev_value': None, 'change': True}
2024-07-16 09:12:51,771 : INFO : EventManager : Event: ======'machine_var_audits_switches_s_trough1'====== Args={'value': 310, 'prev_value': None, 'change': True}
2024-07-16 09:12:51,771 : INFO : EventManager : Event: ======'machine_var_audits_switches_s_trough2'====== Args={'value': 18, 'prev_value': None, 'change': True}
2024-07-16 09:12:51,771 : INFO : EventManager : Event: ======'machine_var_audits_switches_s_trough3'====== Args={'value': 2, 'prev_value': None, 'change': True}
2024-07-16 09:12:51,771 : INFO : EventManager : Event: ======'machine_var_audits_switches_s_trough4'====== Args={'value': 2, 'prev_value': None, 'change': True}
2024-07-16 09:12:51,772 : INFO : EventManager : Event: ======'machine_var_audits_switches_s_trough5'====== Args={'value': 2, 'prev_value': None, 'change': True}
2024-07-16 09:12:51,772 : INFO : EventManager : Event: ======'machine_var_audits_switches_s_trough6'====== Args={'value': 1, 'prev_value': None, 'change': True}
2024-07-16 09:12:51,772 : INFO : EventManager : Event: ======'machine_var_audits_switches_s_trough_jam'====== Args={'value': 5, 'prev_value': None, 'change': True}
2024-07-16 09:12:51,773 : INFO : EventManager : Event: ======'init_phase_5'====== Args={}
2024-07-16 09:12:51,775 : INFO : EventManager : Event: ======'init_done'====== Args={}
2024-07-16 09:12:51,775 : INFO : EventManager : Event: ======'machine_reset_phase_1'====== Args={}
2024-07-16 09:12:51,784 : INFO : EventManager : Event: ======'machine_reset_phase_2'====== Args={}
2024-07-16 09:12:51,784 : INFO : EventManager : Event: ======'machine_reset_phase_3'====== Args={}
2024-07-16 09:12:51,785 : INFO : drop_target_bank.strickland_bank : All targets are already up. Will not reset bank.
2024-07-16 09:12:51,785 : INFO : EventManager : Event: ======'reset_complete'====== Args={}
2024-07-16 09:12:51,785 : INFO : EventManager : Event: ======'mode_attract_will_start'====== Args={}
2024-07-16 09:12:51,785 : INFO : Timer.attract_switch : Starting Timer.
2024-07-16 09:12:51,785 : INFO : EventManager : Event: ======'timer_attract_switch_started'====== Args={'ticks': 0, 'ticks_remaining': 45}
2024-07-16 09:12:51,785 : INFO : EventManager : Event: ======'timer_attract_switch_tick'====== Args={'ticks': 0, 'ticks_remaining': 45}
2024-07-16 09:12:51,785 : INFO : EventManager : Event: ======'mode_attract_starting'====== Args={}
2024-07-16 09:12:51,785 : INFO : Mode.attract : Started. Priority: 10
2024-07-16 09:12:51,785 : INFO : EventManager : Event: ======'modes_active_modes_changed'====== Args={}
2024-07-16 09:12:51,785 : INFO : EventManager : Event: ======'mode_attract_started'====== Args={}
2024-07-16 09:12:51,786 : INFO : EventManager : Event: ======'collecting_balls_complete'====== Args={}
2024-07-16 09:12:51,786 : INFO : Machine : Starting the main run loop.
2024-07-16 09:12:52,581 : INFO : BcpServer : New client connected.
2024-07-16 09:12:52,787 : INFO : EventManager : Event: ======'timer_attract_switch_tick'====== Args={'ticks': 1, 'ticks_remaining': 44}
2024-07-16 09:12:52,804 : INFO : EventManager : Event: ======'slide__removed'====== Args={'_from_bcp': True}
2024-07-16 09:12:52,829 : INFO : EventManager : Event: ======'slide_dtp_logo_attract_created'====== Args={'_from_bcp': True}
2024-07-16 09:12:52,830 : INFO : EventManager : Event: ======'slide_dtp_logo_attract_active'====== Args={'original_context': 'attract', 'original_calling_context': 'timer_attract_switch_tick{ticks==1}', 'cmd': 'slides_play', '_from_bcp': True}
2024-07-16 09:12:52,874 : INFO : SwitchController : <<<<<<< 's_start' active >>>>>>>
2024-07-16 09:12:52,988 : INFO : SwitchController : <<<<<<< 's_start' inactive >>>>>>>
2024-07-16 09:12:52,988 : INFO : EventManager : Event: ======'request_to_start_game'====== Args={}
2024-07-16 09:12:52,988 : INFO : EventManager : Event: ======'game_start'====== Args={'buttons': [], 'hold_time': 0.11392941700000003}
2024-07-16 09:12:52,988 : INFO : EventManager : Event: ======'mode_game_will_start'====== Args={'buttons': [], 'hold_time': 0.11392941700000003}
2024-07-16 09:12:52,989 : INFO : EventManager : Event: ======'mode_game_starting'====== Args={'buttons': [], 'hold_time': 0.11392941700000003}
2024-07-16 09:12:52,989 : INFO : EventManager : Event: ======'mode_attract_will_stop'====== Args={}
2024-07-16 09:12:52,989 : INFO : EventManager : Event: ======'mode_attract_stopping'====== Args={}
2024-07-16 09:12:52,989 : INFO : Mode.attract : Stopped.
2024-07-16 09:12:52,989 : INFO : EventManager : Event: ======'modes_active_modes_changed'====== Args={}
2024-07-16 09:12:52,989 : INFO : EventManager : Event: ======'mode_attract_stopped'====== Args={}
2024-07-16 09:12:52,989 : INFO : EventManager : Event: ======'clear'====== Args={'key': 'attract'}
2024-07-16 09:12:52,989 : INFO : Timer.attract_switch : Stopping Timer
2024-07-16 09:12:52,990 : INFO : EventManager : Event: ======'timer_attract_switch_stopped'====== Args={'ticks': 1, 'ticks_remaining': 44}
2024-07-16 09:12:52,990 : INFO : Mode.game : Started. Priority: 20
2024-07-16 09:12:52,990 : INFO : EventManager : Event: ======'modes_active_modes_changed'====== Args={}
2024-07-16 09:12:52,990 : INFO : EventManager : Event: ======'mode_game_started'====== Args={'buttons': [], 'hold_time': 0.11392941700000003}
2024-07-16 09:12:52,990 : INFO : EventManager : Event: ======'game_will_start'====== Args={}
2024-07-16 09:12:52,990 : INFO : EventManager : Event: ======'game_starting'====== Args={'game': <Mode.game>}
2024-07-16 09:12:52,991 : INFO : EventManager : Unordered handler for class <Auditor> on event game_ended with priority 1. Handlers: [RegisteredHandler(callback=<bound method Auditor.disable of <Auditor>>, priority=1, kwargs={}, key=UUID('b7f6645e-5e8b-4f54-8a7d-a8d26f47d6d2'), condition=None, blocking_facility=None), RegisteredHandler(callback=<bound method Auditor._save_audits of <Auditor>>, priority=1, kwargs={}, key=UUID('d1814320-2d3d-4d7b-a442-d592a00a975d'), condition=None, blocking_facility=None)]. The order of those handlers is not defined and they will be executed in random order. This might lead to race conditions and potential bugs.
2024-07-16 09:12:52,991 : INFO : EventManager : Event: ======'player_add_request'====== Args={}
2024-07-16 09:12:52,991 : INFO : EventManager : Event: ======'player_will_add'====== Args={'number': 1}
2024-07-16 09:12:52,991 : INFO : EventManager : Event: ======'player_adding'====== Args={'player': <Player 1>, 'number': 1}
2024-07-16 09:12:52,991 : INFO : EventManager : Event: ======'player_added'====== Args={'player': <Player 1>, 'num': 1}
2024-07-16 09:12:52,991 : INFO : Mode.game : Player added successfully. Total players: 1
2024-07-16 09:12:52,991 : INFO : EventManager : Event: ======'player_index'====== Args={'value': 0, 'prev_value': 0, 'change': 0, 'player_num': 1}
2024-07-16 09:12:52,992 : INFO : EventManager : Event: ======'player_number'====== Args={'value': 1, 'prev_value': 1, 'change': 0, 'player_num': 1}
2024-07-16 09:12:52,992 : INFO : EventManager : Event: ======'player_score'====== Args={'value': 0, 'prev_value': 0, 'change': 0, 'player_num': 1}
2024-07-16 09:12:52,992 : INFO : EventManager : Event: ======'game_started'====== Args={}
2024-07-16 09:12:52,992 : INFO : EventManager : Event: ======'player_turn_will_start'====== Args={'player': <Player 1>, 'number': 1}
2024-07-16 09:12:52,993 : INFO : EventManager : Event: ======'player_turn_starting'====== Args={'player': <Player 1>, 'number': 1}
2024-07-16 09:12:52,993 : INFO : EventManager : Event: ======'player_ball'====== Args={'value': 1, 'prev_value': 0, 'change': 1, 'player_num': 1}
2024-07-16 09:12:52,993 : INFO : EventManager : Event: ======'player_turn_started'====== Args={'player': <Player 1>, 'number': 1}
2024-07-16 09:12:52,993 : INFO : EventManager : Event: ======'ball_will_start'====== Args={'player': 1, 'ball': 1, 'balls_remaining': 2, 'is_extra_ball': False}
2024-07-16 09:12:52,993 : INFO : EventManager : Event: ======'ball_starting'====== Args={'player': 1, 'ball': 1, 'balls_remaining': 2, 'is_extra_ball': False}
2024-07-16 09:12:52,994 : INFO : EventManager : Event: ======'mode_skillshot_will_start'====== Args={'queue': <QueuedEvent>, 'player': 1, 'ball': 1, 'balls_remaining': 2, 'is_extra_ball': False}
2024-07-16 09:12:52,994 : INFO : EventManager : Event: ======'skillshot_complete'====== Args={'state': 'None'}
2024-07-16 09:12:52,994 : INFO : EventManager : Event: ======'skillshot_None_complete'====== Args={}
2024-07-16 09:12:52,994 : INFO : EventManager : Event: ======'player_shot_skillshot_p_target_enabled'====== Args={'value': True, 'prev_value': 0, 'change': 1, 'player_num': 1}
2024-07-16 09:12:52,995 : INFO : EventManager : Event: ======'player_shot_skillshot_r_target_enabled'====== Args={'value': True, 'prev_value': 0, 'change': 1, 'player_num': 1}
2024-07-16 09:12:52,995 : INFO : EventManager : Event: ======'player_shot_skillshot_o_target_enabled'====== Args={'value': True, 'prev_value': 0, 'change': 1, 'player_num': 1}
2024-07-16 09:12:52,995 : INFO : EventManager : Event: ======'player_shot_skillshot_p2_target_enabled'====== Args={'value': True, 'prev_value': 0, 'change': 1, 'player_num': 1}
2024-07-16 09:12:52,996 : INFO : EventManager : Event: ======'player_shot_skillshot_a_target_enabled'====== Args={'value': True, 'prev_value': 0, 'change': 1, 'player_num': 1}
2024-07-16 09:12:52,996 : INFO : EventManager : Event: ======'player_shot_skillshot_n_target_enabled'====== Args={'value': True, 'prev_value': 0, 'change': 1, 'player_num': 1}
2024-07-16 09:12:52,996 : INFO : EventManager : Event: ======'player_shot_skillshot_e_target_enabled'====== Args={'value': True, 'prev_value': 0, 'change': 1, 'player_num': 1}
2024-07-16 09:12:52,997 : INFO : EventManager : Event: ======'player_skillshot_skillshot_rotate_tick'====== Args={'value': 0, 'prev_value': 0, 'change': 0, 'player_num': 1}
2024-07-16 09:12:52,997 : INFO : Timer.skillshot_rotate : Starting Timer.
2024-07-16 09:12:52,997 : INFO : EventManager : Event: ======'timer_skillshot_rotate_started'====== Args={'ticks': 0, 'ticks_remaining': 0}
2024-07-16 09:12:52,997 : INFO : EventManager : Event: ======'timer_skillshot_rotate_tick'====== Args={'ticks': 0, 'ticks_remaining': 0}
2024-07-16 09:12:52,998 : INFO : EventManager : Event: ======'mode_skillshot_starting'====== Args={'queue': <QueuedEvent>, 'player': 1, 'ball': 1, 'balls_remaining': 2, 'is_extra_ball': False}
2024-07-16 09:12:52,998 : INFO : drop_target_bank.strickland_bank : All targets are already up. Will not reset bank.
2024-07-16 09:12:52,998 : INFO : EventManager : Event: ======'cmd_flippers_enable'====== Args={'priority': 0}
2024-07-16 09:12:52,998 : INFO : EventManager : Event: ======'cmd_autofire_coils_enable'====== Args={'priority': 0}
2024-07-16 09:12:52,998 : INFO : EventManager : Event: ======'cmd_drop_targets_reset'====== Args={'priority': 0}
2024-07-16 09:12:52,998 : INFO : Mode.skillshot : Started. Priority: 200
2024-07-16 09:12:52,998 : INFO : EventManager : Event: ======'modes_active_modes_changed'====== Args={}
2024-07-16 09:12:52,998 : INFO : EventManager : Event: ======'mode_skillshot_started'====== Args={'queue': <QueuedEvent>, 'player': 1, 'ball': 1, 'balls_remaining': 2, 'is_extra_ball': False}
2024-07-16 09:12:52,998 : INFO : EventManager : Event: ======'player_shot_skillshot_p_target'====== Args={'value': 1, 'prev_value': 0, 'change': 1, 'player_num': 1}
2024-07-16 09:12:52,999 : INFO : EventManager : Event: ======'balls_in_play'====== Args={'balls': 1}
2024-07-16 09:12:52,999 : INFO : EventManager : Event: ======'ball_started'====== Args={'player': 1, 'ball': 1, 'balls_remaining': 2, 'is_extra_ball': False}
2024-07-16 09:12:53,003 : INFO : EventManager : Event: ======'mode_BBQ_rollover_will_start'====== Args={'player': 1, 'ball': 1, 'balls_remaining': 2, 'is_extra_ball': False}
2024-07-16 09:12:53,003 : INFO : EventManager : Event: ======'player_shot_left_rollover_lane_enabled'====== Args={'value': True, 'prev_value': 0, 'change': 1, 'player_num': 1}
2024-07-16 09:12:53,003 : INFO : EventManager : Event: ======'player_shot_middle_rollover_lane_enabled'====== Args={'value': True, 'prev_value': 0, 'change': 1, 'player_num': 1}
2024-07-16 09:12:53,003 : INFO : EventManager : Event: ======'player_shot_right_rollover_lane_enabled'====== Args={'value': True, 'prev_value': 0, 'change': 1, 'player_num': 1}
2024-07-16 09:12:53,003 : INFO : EventManager : Event: ======'BBQ_lanes_complete'====== Args={'state': 'unlit'}
2024-07-16 09:12:53,004 : INFO : EventManager : Event: ======'BBQ_lanes_unlit_complete'====== Args={}
2024-07-16 09:12:53,005 : INFO : EventManager : Event: ======'mode_BBQ_rollover_starting'====== Args={'player': 1, 'ball': 1, 'balls_remaining': 2, 'is_extra_ball': False}
2024-07-16 09:12:53,005 : INFO : EventManager : Event: ======'mode_base_will_start'====== Args={'player': 1, 'ball': 1, 'balls_remaining': 2, 'is_extra_ball': False}
2024-07-16 09:12:53,005 : INFO : EventManager : Event: ======'player_extra_ball_score_one_num_awarded'====== Args={'value': 0, 'prev_value': 0, 'change': 0, 'player_num': 1}
2024-07-16 09:12:53,005 : INFO : EventManager : Event: ======'player_extra_ball_score_two_num_awarded'====== Args={'value': 0, 'prev_value': 0, 'change': 0, 'player_num': 1}
2024-07-16 09:12:53,005 : INFO : EventManager : Event: ======'player_shot_qualify_p_target_enabled'====== Args={'value': True, 'prev_value': 0, 'change': 1, 'player_num': 1}
2024-07-16 09:12:53,005 : INFO : EventManager : Event: ======'player_shot_qualify_r_target_enabled'====== Args={'value': True, 'prev_value': 0, 'change': 1, 'player_num': 1}
2024-07-16 09:12:53,005 : INFO : EventManager : Event: ======'player_shot_qualify_o_target_enabled'====== Args={'value': True, 'prev_value': 0, 'change': 1, 'player_num': 1}
2024-07-16 09:12:53,006 : INFO : EventManager : Event: ======'qualify_mission_complete'====== Args={'state': 'unlit'}
2024-07-16 09:12:53,006 : INFO : EventManager : Event: ======'qualify_mission_unlit_complete'====== Args={}
2024-07-16 09:12:53,007 : INFO : EventManager : Event: ======'mode_base_starting'====== Args={'player': 1, 'ball': 1, 'balls_remaining': 2, 'is_extra_ball': False}
2024-07-16 09:12:53,008 : INFO : Mode.base : Started. Priority: 100
2024-07-16 09:12:53,008 : INFO : EventManager : Event: ======'modes_active_modes_changed'====== Args={}
2024-07-16 09:12:53,008 : INFO : EventManager : Event: ======'mode_base_started'====== Args={'player': 1, 'ball': 1, 'balls_remaining': 2, 'is_extra_ball': False}
2024-07-16 09:12:53,008 : INFO : EventManager : Event: ======'ball_save_default_enabled'====== Args={}
2024-07-16 09:12:53,012 : INFO : EventManager : Event: ======'logicblock_lb_BBQ_complete_count_updated'====== Args={'value': 1, 'enabled': True}
2024-07-16 09:12:53,012 : INFO : EventManager : Event: ======'logicblock_lb_BBQ_complete_count_updated'====== Args={'value': 1, 'enabled': True}
2024-07-16 09:12:53,012 : INFO : Mode.BBQ_rollover : Started. Priority: 200
2024-07-16 09:12:53,012 : INFO : EventManager : Event: ======'modes_active_modes_changed'====== Args={}
2024-07-16 09:12:53,012 : INFO : EventManager : Event: ======'mode_BBQ_rollover_started'====== Args={'player': 1, 'ball': 1, 'balls_remaining': 2, 'is_extra_ball': False}
2024-07-16 09:12:53,012 : INFO : EventManager : Event: ======'player_bonus_multiplier'====== Args={'value': 1, 'prev_value': 0, 'change': 1, 'player_num': 1, 'source': 'BBQ_rollover'}
2024-07-16 09:12:53,012 : INFO : EventManager : Event: ======'single_player_ball_started'====== Args={}
2024-07-16 09:12:53,013 : INFO : EventManager : Event: ======'ball_start_target'====== Args={'target': 'playfield'}
2024-07-16 09:12:53,013 : INFO : ball_device.bd_plunger : Setting up player-controlled eject. Balls: 1, Target: <playfield.playfield>, player_controlled_eject_event: None
2024-07-16 09:12:53,013 : INFO : EventManager : Event: ======'balldevice_balls_available'====== Args={}
2024-07-16 09:12:53,014 : INFO : ball_device.bd_trough : State: waiting_for_target_ready
2024-07-16 09:12:53,014 : INFO : EventManager : Event: ======'balldevice_bd_trough_ball_eject_attempt'====== Args={'balls': 1, 'target': <ball_device.bd_plunger>, 'source': <ball_device.bd_trough>, 'mechanical_eject': True, 'num_attempts': 0}
2024-07-16 09:12:53,014 : INFO : ball_device.bd_plunger : State: waiting_for_ball
2024-07-16 09:12:53,014 : INFO : ball_device.bd_trough : State: ejecting
2024-07-16 09:12:53,014 : INFO : ball_device.bd_trough : Ejecting ball to <ball_device.bd_plunger>
2024-07-16 09:12:53,014 : INFO : EventManager : Event: ======'balldevice_bd_trough_ejecting_ball'====== Args={'balls': 1, 'target': <ball_device.bd_plunger>, 'source': <ball_device.bd_trough>, 'mechanical_eject': True, 'num_attempts': 0}
2024-07-16 09:12:53,014 : INFO : ball_device.bd_trough : Wait for ball to leave device
2024-07-16 09:12:53,014 : INFO : coil.c_trough_eject : Pulsing Driver for 20ms (1.0 pulse_power)
2024-07-16 09:12:53,015 : INFO : SwitchController : <<<<<<< 's_trough1' inactive >>>>>>>
2024-07-16 09:12:53,015 : INFO : ball_device.bd_trough : State: ball_left
2024-07-16 09:12:53,015 : INFO : ball_device.bd_trough : Ball left
2024-07-16 09:12:53,015 : INFO : ball_device.bd_trough : Wait for confirm with timeout 3.0
2024-07-16 09:12:53,029 : INFO : EventManager : Event: ======'slide_skillshot_created'====== Args={'_from_bcp': True}
2024-07-16 09:12:53,029 : INFO : EventManager : Event: ======'slide_dtp_logo_attract_inactive'====== Args={'_from_bcp': True}
2024-07-16 09:12:53,029 : INFO : EventManager : Event: ======'slide_skillshot_active'====== Args={'original_context': 'skillshot', 'original_calling_context': 'mode_skillshot_started', 'queue': '<QueuedEvent>', 'cmd': 'slides_play', '_from_bcp': True}
2024-07-16 09:12:53,029 : INFO : EventManager : Event: ======'slide_dtp_logo_attract_removed'====== Args={'_from_bcp': True}
2024-07-16 09:12:53,041 : INFO : EventManager : Event: ======'slide_base_created'====== Args={'_from_bcp': True}
2024-07-16 09:12:53,116 : INFO : SwitchController : <<<<<<< 's_plunger' active >>>>>>>
2024-07-16 09:12:53,116 : INFO : EventManager : Event: ======'machine_var_audits_switches_s_plunger'====== Args={'value': 448, 'prev_value': 447, 'change': 1}
2024-07-16 09:12:53,617 : INFO : ball_device.bd_plunger : Received ball from <ball_device.bd_trough>
2024-07-16 09:12:53,618 : INFO : EventManager : Event: ======'balldevice_bd_plunger_ball_enter'====== Args={'new_balls': 1, 'unclaimed_balls': 0, 'new_available_balls': 0, 'device': <ball_device.bd_plunger>}
2024-07-16 09:12:53,619 : INFO : EventManager : Event: ======'balldevice_bd_plunger_ball_entered'====== Args={'new_balls': 0, 'device': <ball_device.bd_plunger>}
2024-07-16 09:12:53,619 : INFO : EventManager : Event: ======'balldevice_bd_plunger_ball_count_changed'====== Args={'balls': 1}
2024-07-16 09:12:53,620 : INFO : ball_device.bd_trough : Got eject confirm
2024-07-16 09:12:53,620 : INFO : ball_device.bd_trough : Eject successful
2024-07-16 09:12:53,620 : INFO : EventManager : Event: ======'balldevice_bd_trough_ball_eject_success'====== Args={'balls': 1, 'target': <ball_device.bd_plunger>}
2024-07-16 09:12:53,621 : INFO : EventManager : Event: ======'balldevice_bd_trough_ball_count_changed'====== Args={'balls': 5}
2024-07-16 09:12:53,622 : INFO : ball_device.bd_trough : State: idle
2024-07-16 09:12:53,622 : INFO : ball_device.bd_plunger : State: waiting_for_target_ready
2024-07-16 09:12:53,622 : INFO : EventManager : Event: ======'balldevice_bd_plunger_ball_eject_attempt'====== Args={'balls': 1, 'target': <playfield.playfield>, 'source': <ball_device.bd_plunger>, 'mechanical_eject': True, 'num_attempts': 0}
2024-07-16 09:12:53,623 : INFO : ball_device.bd_plunger : State: ejecting
2024-07-16 09:12:53,623 : INFO : ball_device.bd_plunger : Ejecting ball to <playfield.playfield>
2024-07-16 09:12:53,624 : INFO : EventManager : Event: ======'balldevice_bd_plunger_ejecting_ball'====== Args={'balls': 1, 'target': <playfield.playfield>, 'source': <ball_device.bd_plunger>, 'mechanical_eject': True, 'num_attempts': 0}
2024-07-16 09:12:53,625 : INFO : ball_device.bd_plunger : Wait for ball to leave device
2024-07-16 09:12:53,998 : INFO : EventManager : Event: ======'player_skillshot_skillshot_rotate_tick'====== Args={'value': 1, 'prev_value': 0, 'change': 1, 'player_num': 1}
2024-07-16 09:12:54,000 : INFO : EventManager : Event: ======'timer_skillshot_rotate_tick'====== Args={'ticks': 1, 'ticks_remaining': 0}
2024-07-16 09:12:54,001 : INFO : EventManager : Event: ======'player_shot_skillshot_p_target'====== Args={'value': 0, 'prev_value': 1, 'change': -1, 'player_num': 1}
2024-07-16 09:12:54,003 : INFO : EventManager : Event: ======'player_shot_skillshot_r_target'====== Args={'value': 1, 'prev_value': 0, 'change': 1, 'player_num': 1}
2024-07-16 09:12:54,998 : INFO : EventManager : Event: ======'player_skillshot_skillshot_rotate_tick'====== Args={'value': 2, 'prev_value': 1, 'change': 1, 'player_num': 1}
2024-07-16 09:12:55,000 : INFO : EventManager : Event: ======'timer_skillshot_rotate_tick'====== Args={'ticks': 2, 'ticks_remaining': 0}
2024-07-16 09:12:55,001 : INFO : EventManager : Event: ======'player_shot_skillshot_r_target'====== Args={'value': 0, 'prev_value': 1, 'change': -1, 'player_num': 1}
2024-07-16 09:12:55,003 : INFO : EventManager : Event: ======'player_shot_skillshot_o_target'====== Args={'value': 1, 'prev_value': 0, 'change': 1, 'player_num': 1}
2024-07-16 09:12:55,789 : WARNING : SwitchController : Received duplicate switch state 1 for switch s_plunger from the platform interface. Log Code: Log-SwitchController-1 (https://missionpinball.org/logs)
2024-07-16 09:12:55,907 : INFO : SwitchController : <<<<<<< 's_plunger' inactive >>>>>>>
2024-07-16 09:12:55,908 : INFO : ball_device.bd_plunger : State: ball_left
2024-07-16 09:12:55,909 : INFO : ball_device.bd_plunger : Ball left
2024-07-16 09:12:55,909 : INFO : ball_device.bd_plunger : Wait for confirm with timeout 3.0
2024-07-16 09:12:55,998 : INFO : EventManager : Event: ======'player_skillshot_skillshot_rotate_tick'====== Args={'value': 3, 'prev_value': 2, 'change': 1, 'player_num': 1}
2024-07-16 09:12:56,000 : INFO : EventManager : Event: ======'timer_skillshot_rotate_tick'====== Args={'ticks': 3, 'ticks_remaining': 0}
2024-07-16 09:12:56,002 : INFO : EventManager : Event: ======'player_shot_skillshot_o_target'====== Args={'value': 0, 'prev_value': 1, 'change': -1, 'player_num': 1}
2024-07-16 09:12:56,004 : INFO : EventManager : Event: ======'player_shot_skillshot_p2_target'====== Args={'value': 1, 'prev_value': 0, 'change': 1, 'player_num': 1}
2024-07-16 09:12:56,998 : INFO : EventManager : Event: ======'player_skillshot_skillshot_rotate_tick'====== Args={'value': 4, 'prev_value': 3, 'change': 1, 'player_num': 1}
2024-07-16 09:12:57,000 : INFO : EventManager : Event: ======'timer_skillshot_rotate_tick'====== Args={'ticks': 4, 'ticks_remaining': 0}
2024-07-16 09:12:57,001 : INFO : EventManager : Event: ======'player_shot_skillshot_p2_target'====== Args={'value': 0, 'prev_value': 1, 'change': -1, 'player_num': 1}
2024-07-16 09:12:57,003 : INFO : EventManager : Event: ======'player_shot_skillshot_a_target'====== Args={'value': 1, 'prev_value': 0, 'change': 1, 'player_num': 1}
2024-07-16 09:12:57,998 : INFO : EventManager : Event: ======'player_skillshot_skillshot_rotate_tick'====== Args={'value': 5, 'prev_value': 4, 'change': 1, 'player_num': 1}
2024-07-16 09:12:58,000 : INFO : EventManager : Event: ======'timer_skillshot_rotate_tick'====== Args={'ticks': 5, 'ticks_remaining': 0}
2024-07-16 09:12:58,001 : INFO : EventManager : Event: ======'player_shot_skillshot_a_target'====== Args={'value': 0, 'prev_value': 1, 'change': -1, 'player_num': 1}
2024-07-16 09:12:58,006 : INFO : EventManager : Event: ======'player_shot_skillshot_n_target'====== Args={'value': 1, 'prev_value': 0, 'change': 1, 'player_num': 1}
2024-07-16 09:12:58,911 : INFO : ball_device.bd_plunger : State: failed_confirm
2024-07-16 09:12:58,912 : INFO : ball_device.bd_plunger : Got timeout (3.0s) before confirm from <playfield.playfield>
2024-07-16 09:12:58,998 : INFO : EventManager : Event: ======'player_skillshot_skillshot_rotate_tick'====== Args={'value': 6, 'prev_value': 5, 'change': 1, 'player_num': 1}
2024-07-16 09:12:59,000 : INFO : EventManager : Event: ======'timer_skillshot_rotate_tick'====== Args={'ticks': 6, 'ticks_remaining': 0}
2024-07-16 09:12:59,001 : INFO : EventManager : Event: ======'player_shot_skillshot_n_target'====== Args={'value': 0, 'prev_value': 1, 'change': -1, 'player_num': 1}
2024-07-16 09:12:59,003 : INFO : EventManager : Event: ======'player_shot_skillshot_e_target'====== Args={'value': 1, 'prev_value': 0, 'change': 1, 'player_num': 1}
2024-07-16 09:12:59,013 : INFO : ball_device.bd_plunger : Confirming eject because target is playfield and ball did not return.
2024-07-16 09:12:59,013 : INFO : ball_device.bd_plunger : Eject successful
2024-07-16 09:12:59,013 : INFO : EventManager : Event: ======'balldevice_bd_plunger_ball_eject_success'====== Args={'balls': 1, 'target': <playfield.playfield>}
2024-07-16 09:12:59,014 : INFO : EventManager : Event: ======'balldevice_playfield_ball_enter'====== Args={'new_balls': 1, 'unclaimed_balls': 1, 'device': <playfield.playfield>}
2024-07-16 09:12:59,014 : INFO : EventManager : Event: ======'playfield_ball_count_change'====== Args={'balls': 1, 'change': 1}
2024-07-16 09:12:59,015 : INFO : EventManager : Event: ======'balldevice_bd_plunger_ball_count_changed'====== Args={'balls': 0}
2024-07-16 09:12:59,015 : INFO : ball_device.bd_plunger : State: idle
2024-07-16 09:12:59,998 : INFO : EventManager : Event: ======'player_skillshot_skillshot_rotate_tick'====== Args={'value': 7, 'prev_value': 6, 'change': 1, 'player_num': 1}
2024-07-16 09:13:00,000 : INFO : EventManager : Event: ======'timer_skillshot_rotate_tick'====== Args={'ticks': 7, 'ticks_remaining': 0}
2024-07-16 09:13:00,001 : INFO : EventManager : Event: ======'player_shot_skillshot_p_target'====== Args={'value': 1, 'prev_value': 0, 'change': 1, 'player_num': 1}
2024-07-16 09:13:00,007 : INFO : EventManager : Event: ======'player_shot_skillshot_e_target'====== Args={'value': 0, 'prev_value': 1, 'change': -1, 'player_num': 1}
2024-07-16 09:13:00,997 : INFO : EventManager : Event: ======'player_skillshot_skillshot_rotate_tick'====== Args={'value': 8, 'prev_value': 7, 'change': 1, 'player_num': 1}
2024-07-16 09:13:00,999 : INFO : EventManager : Event: ======'timer_skillshot_rotate_tick'====== Args={'ticks': 8, 'ticks_remaining': 0}
2024-07-16 09:13:01,000 : INFO : EventManager : Event: ======'player_shot_skillshot_p_target'====== Args={'value': 0, 'prev_value': 1, 'change': -1, 'player_num': 1}
2024-07-16 09:13:01,002 : INFO : EventManager : Event: ======'player_shot_skillshot_r_target'====== Args={'value': 1, 'prev_value': 0, 'change': 1, 'player_num': 1}
2024-07-16 09:13:01,998 : INFO : EventManager : Event: ======'player_skillshot_skillshot_rotate_tick'====== Args={'value': 9, 'prev_value': 8, 'change': 1, 'player_num': 1}
2024-07-16 09:13:02,000 : INFO : EventManager : Event: ======'timer_skillshot_rotate_tick'====== Args={'ticks': 9, 'ticks_remaining': 0}
2024-07-16 09:13:02,001 : INFO : EventManager : Event: ======'player_shot_skillshot_r_target'====== Args={'value': 0, 'prev_value': 1, 'change': -1, 'player_num': 1}
2024-07-16 09:13:02,003 : INFO : EventManager : Event: ======'player_shot_skillshot_o_target'====== Args={'value': 1, 'prev_value': 0, 'change': 1, 'player_num': 1}
2024-07-16 09:13:02,997 : INFO : EventManager : Event: ======'player_skillshot_skillshot_rotate_tick'====== Args={'value': 10, 'prev_value': 9, 'change': 1, 'player_num': 1}
2024-07-16 09:13:02,998 : INFO : EventManager : Event: ======'timer_skillshot_rotate_tick'====== Args={'ticks': 10, 'ticks_remaining': 0}
2024-07-16 09:13:02,998 : INFO : EventManager : Event: ======'player_shot_skillshot_o_target'====== Args={'value': 0, 'prev_value': 1, 'change': -1, 'player_num': 1}
2024-07-16 09:13:03,000 : INFO : EventManager : Event: ======'player_shot_skillshot_p2_target'====== Args={'value': 1, 'prev_value': 0, 'change': 1, 'player_num': 1}
2024-07-16 09:13:03,997 : INFO : EventManager : Event: ======'player_skillshot_skillshot_rotate_tick'====== Args={'value': 11, 'prev_value': 10, 'change': 1, 'player_num': 1}
2024-07-16 09:13:03,999 : INFO : EventManager : Event: ======'timer_skillshot_rotate_tick'====== Args={'ticks': 11, 'ticks_remaining': 0}
2024-07-16 09:13:04,000 : INFO : EventManager : Event: ======'player_shot_skillshot_p2_target'====== Args={'value': 0, 'prev_value': 1, 'change': -1, 'player_num': 1}
2024-07-16 09:13:04,002 : INFO : EventManager : Event: ======'player_shot_skillshot_a_target'====== Args={'value': 1, 'prev_value': 0, 'change': 1, 'player_num': 1}
2024-07-16 09:13:04,883 : INFO : SwitchController : <<<<<<< 's_plunger_lane_exit' active >>>>>>>
2024-07-16 09:13:04,883 : INFO : EventManager : Event: ======'s_plunger_lane_exit_active'====== Args={}
2024-07-16 09:13:04,883 : INFO : EventManager : Event: ======'sw_playfield_active'====== Args={}
2024-07-16 09:13:04,883 : INFO : EventManager : Event: ======'machine_var_audits_switches_s_plunger_lane_exit'====== Args={'value': 250, 'prev_value': 249, 'change': 1}
2024-07-16 09:13:04,885 : INFO : EventManager : Event: ======'ball_save_default_timer_start'====== Args={}
2024-07-16 09:13:04,959 : INFO : SwitchController : <<<<<<< 's_plunger_lane_exit' inactive >>>>>>>
2024-07-16 09:13:04,959 : INFO : EventManager : Event: ======'s_plunger_lane_exit_inactive'====== Args={}
2024-07-16 09:13:04,959 : INFO : Timer.skillshot_rotate : Stopping Timer
2024-07-16 09:13:04,959 : INFO : EventManager : Event: ======'timer_skillshot_rotate_stopped'====== Args={'ticks': 11, 'ticks_remaining': 0}
2024-07-16 09:13:04,959 : INFO : EventManager : Event: ======'advance_skillshot_5'====== Args={'priority': 0}
2024-07-16 09:13:04,959 : INFO : EventManager : Event: ======'player_shot_skillshot_a_target'====== Args={'value': 2, 'prev_value': 1, 'change': 1, 'player_num': 1}
2024-07-16 09:13:06,495 : INFO : SwitchController : <<<<<<< 's_a_target' active >>>>>>>
2024-07-16 09:13:06,495 : INFO : EventManager : Event: ======'s_a_target_active'====== Args={}
2024-07-16 09:13:06,496 : INFO : EventManager : Event: ======'machine_var_audits_switches_s_a_target'====== Args={'value': 82, 'prev_value': 81, 'change': 1}
2024-07-16 09:13:06,498 : INFO : EventManager : Event: ======'machine_var_audits_shots_skillshot_a_target'====== Args={'value': 39, 'prev_value': 38, 'change': 1}
2024-07-16 09:13:06,506 : INFO : EventManager : Event: ======'skillshot_a_target_hit'====== Args={'profile': 'skillshot_profile', 'state': 'lit', 'advancing': False}
2024-07-16 09:13:06,506 : INFO : EventManager : Event: ======'skillshot_a_target_skillshot_profile_hit'====== Args={'profile': 'skillshot_profile', 'state': 'lit', 'advancing': False}
2024-07-16 09:13:06,506 : INFO : EventManager : Event: ======'skillshot_a_target_skillshot_profile_lit_hit'====== Args={'profile': 'skillshot_profile', 'state': 'lit', 'advancing': False}
2024-07-16 09:13:06,506 : INFO : EventManager : Event: ======'skillshot_a_target_lit_hit'====== Args={'profile': 'skillshot_profile', 'state': 'lit', 'advancing': False}
2024-07-16 09:13:06,507 : INFO : EventManager : Event: ======'player_score'====== Args={'value': 50, 'prev_value': 0, 'change': 50, 'player_num': 1, 'source': 'base'}
2024-07-16 09:13:06,508 : INFO : EventManager : Event: ======'skillshot_hit'====== Args={'shot': 'skillshot_a_target'}
2024-07-16 09:13:06,509 : INFO : EventManager : Event: ======'skillshot_lit_hit'====== Args={'shot': 'skillshot_a_target'}
2024-07-16 09:13:06,509 : INFO : EventManager : Event: ======'stop_mode_skillshot'====== Args={'priority': 0}
2024-07-16 09:13:06,509 : INFO : EventManager : Event: ======'mode_skillshot_will_stop'====== Args={}
2024-07-16 09:13:06,509 : INFO : EventManager : Event: ======'mode_skillshot_stopping'====== Args={}
2024-07-16 09:13:06,509 : INFO : EventManager : Event: ======'player_score'====== Args={'value': 20050, 'prev_value': 50, 'change': 20000, 'player_num': 1, 'source': 'skillshot'}
2024-07-16 09:13:06,512 : INFO : Mode.skillshot : Stopped.
2024-07-16 09:13:06,512 : INFO : EventManager : Event: ======'modes_active_modes_changed'====== Args={}
2024-07-16 09:13:06,513 : INFO : EventManager : Event: ======'mode_skillshot_stopped'====== Args={}
2024-07-16 09:13:06,513 : INFO : EventManager : Event: ======'clear'====== Args={'key': 'skillshot'}
2024-07-16 09:13:06,513 : INFO : Timer.skillshot_rotate : Stopping Timer
2024-07-16 09:13:06,513 : INFO : EventManager : Event: ======'timer_skillshot_rotate_stopped'====== Args={'ticks': 11, 'ticks_remaining': 0}
2024-07-16 09:13:06,522 : INFO : EventManager : Event: ======'slide_skillshot_inactive'====== Args={'_from_bcp': True}
2024-07-16 09:13:06,522 : INFO : EventManager : Event: ======'slide_base_active'====== Args={'_from_bcp': True}
2024-07-16 09:13:06,522 : INFO : EventManager : Event: ======'slide_skillshot_removed'====== Args={'_from_bcp': True}
2024-07-16 09:13:06,605 : INFO : SwitchController : <<<<<<< 's_a_target' inactive >>>>>>>
2024-07-16 09:13:08,644 : INFO : SwitchController : <<<<<<< 's_left_ramp_standup' active >>>>>>>
2024-07-16 09:13:08,644 : INFO : EventManager : Event: ======'s_left_ramp_standup_active'====== Args={}
2024-07-16 09:13:08,645 : INFO : EventManager : Event: ======'machine_var_audits_switches_s_left_ramp_standup'====== Args={'value': 550, 'prev_value': 549, 'change': 1}
2024-07-16 09:13:08,647 : INFO : EventManager : Event: ======'player_score'====== Args={'value': 20150, 'prev_value': 20050, 'change': 100, 'player_num': 1, 'source': 'base'}
2024-07-16 09:13:08,647 : INFO : EventManager : Event: ======'player_alamo'====== Args={'value': 1, 'prev_value': 0, 'change': 1, 'player_num': 1, 'source': 'base'}
2024-07-16 09:13:08,754 : INFO : SwitchController : <<<<<<< 's_left_ramp_standup' inactive >>>>>>>
2024-07-16 09:13:09,092 : INFO : SwitchController : <<<<<<< 's_left_ramp_standup' active >>>>>>>
2024-07-16 09:13:09,092 : INFO : EventManager : Event: ======'s_left_ramp_standup_active'====== Args={}
2024-07-16 09:13:09,093 : INFO : EventManager : Event: ======'machine_var_audits_switches_s_left_ramp_standup'====== Args={'value': 551, 'prev_value': 550, 'change': 1}
2024-07-16 09:13:09,095 : INFO : EventManager : Event: ======'player_score'====== Args={'value': 20250, 'prev_value': 20150, 'change': 100, 'player_num': 1, 'source': 'base'}
2024-07-16 09:13:09,096 : INFO : EventManager : Event: ======'player_alamo'====== Args={'value': 2, 'prev_value': 1, 'change': 1, 'player_num': 1, 'source': 'base'}
2024-07-16 09:13:09,204 : INFO : SwitchController : <<<<<<< 's_left_ramp_standup' inactive >>>>>>>
2024-07-16 09:13:09,257 : INFO : SwitchController : <<<<<<< 's_left_ramp_standup' active >>>>>>>
2024-07-16 09:13:09,257 : INFO : EventManager : Event: ======'s_left_ramp_standup_active'====== Args={}
2024-07-16 09:13:09,258 : INFO : EventManager : Event: ======'machine_var_audits_switches_s_left_ramp_standup'====== Args={'value': 552, 'prev_value': 551, 'change': 1}
2024-07-16 09:13:09,258 : INFO : EventManager : Event: ======'player_score'====== Args={'value': 20350, 'prev_value': 20250, 'change': 100, 'player_num': 1, 'source': 'base'}
2024-07-16 09:13:09,258 : INFO : EventManager : Event: ======'player_alamo'====== Args={'value': 3, 'prev_value': 2, 'change': 1, 'player_num': 1, 'source': 'base'}
2024-07-16 09:13:09,327 : INFO : SwitchController : <<<<<<< 's_left_ramp_standup' inactive >>>>>>>
2024-07-16 09:13:09,408 : INFO : SwitchController : <<<<<<< 's_left_ramp_standup' active >>>>>>>
2024-07-16 09:13:09,408 : INFO : EventManager : Event: ======'s_left_ramp_standup_active'====== Args={}
2024-07-16 09:13:09,408 : INFO : EventManager : Event: ======'machine_var_audits_switches_s_left_ramp_standup'====== Args={'value': 553, 'prev_value': 552, 'change': 1}
2024-07-16 09:13:09,409 : INFO : EventManager : Event: ======'player_score'====== Args={'value': 20450, 'prev_value': 20350, 'change': 100, 'player_num': 1, 'source': 'base'}
2024-07-16 09:13:09,409 : INFO : EventManager : Event: ======'player_alamo'====== Args={'value': 4, 'prev_value': 3, 'change': 1, 'player_num': 1, 'source': 'base'}
2024-07-16 09:13:09,493 : INFO : SwitchController : <<<<<<< 's_left_ramp_standup' inactive >>>>>>>
2024-07-16 09:13:09,574 : INFO : SwitchController : <<<<<<< 's_left_ramp_standup' active >>>>>>>
2024-07-16 09:13:09,575 : INFO : EventManager : Event: ======'s_left_ramp_standup_active'====== Args={}
2024-07-16 09:13:09,575 : INFO : EventManager : Event: ======'machine_var_audits_switches_s_left_ramp_standup'====== Args={'value': 554, 'prev_value': 553, 'change': 1}
2024-07-16 09:13:09,576 : INFO : EventManager : Event: ======'player_score'====== Args={'value': 20550, 'prev_value': 20450, 'change': 100, 'player_num': 1, 'source': 'base'}
2024-07-16 09:13:09,576 : INFO : EventManager : Event: ======'player_alamo'====== Args={'value': 5, 'prev_value': 4, 'change': 1, 'player_num': 1, 'source': 'base'}
2024-07-16 09:13:09,644 : INFO : SwitchController : <<<<<<< 's_left_ramp_standup' inactive >>>>>>>
2024-07-16 09:13:09,724 : INFO : SwitchController : <<<<<<< 's_left_ramp_standup' active >>>>>>>
2024-07-16 09:13:09,724 : INFO : EventManager : Event: ======'s_left_ramp_standup_active'====== Args={}
2024-07-16 09:13:09,724 : INFO : EventManager : Event: ======'machine_var_audits_switches_s_left_ramp_standup'====== Args={'value': 555, 'prev_value': 554, 'change': 1}
2024-07-16 09:13:09,725 : INFO : EventManager : Event: ======'player_score'====== Args={'value': 20650, 'prev_value': 20550, 'change': 100, 'player_num': 1, 'source': 'base'}
2024-07-16 09:13:09,725 : INFO : EventManager : Event: ======'player_alamo'====== Args={'value': 6, 'prev_value': 5, 'change': 1, 'player_num': 1, 'source': 'base'}
2024-07-16 09:13:09,810 : INFO : SwitchController : <<<<<<< 's_left_ramp_standup' inactive >>>>>>>
2024-07-16 09:13:09,875 : INFO : SwitchController : <<<<<<< 's_left_ramp_standup' active >>>>>>>
2024-07-16 09:13:09,875 : INFO : EventManager : Event: ======'s_left_ramp_standup_active'====== Args={}
2024-07-16 09:13:09,875 : INFO : EventManager : Event: ======'machine_var_audits_switches_s_left_ramp_standup'====== Args={'value': 556, 'prev_value': 555, 'change': 1}
2024-07-16 09:13:09,876 : INFO : EventManager : Event: ======'player_score'====== Args={'value': 20750, 'prev_value': 20650, 'change': 100, 'player_num': 1, 'source': 'base'}
2024-07-16 09:13:09,876 : INFO : EventManager : Event: ======'player_alamo'====== Args={'value': 7, 'prev_value': 6, 'change': 1, 'player_num': 1, 'source': 'base'}
2024-07-16 09:13:09,962 : INFO : SwitchController : <<<<<<< 's_left_ramp_standup' inactive >>>>>>>
2024-07-16 09:13:10,041 : INFO : SwitchController : <<<<<<< 's_left_ramp_standup' active >>>>>>>
2024-07-16 09:13:10,041 : INFO : EventManager : Event: ======'s_left_ramp_standup_active'====== Args={}
2024-07-16 09:13:10,042 : INFO : EventManager : Event: ======'machine_var_audits_switches_s_left_ramp_standup'====== Args={'value': 557, 'prev_value': 556, 'change': 1}
2024-07-16 09:13:10,042 : INFO : EventManager : Event: ======'player_score'====== Args={'value': 20850, 'prev_value': 20750, 'change': 100, 'player_num': 1, 'source': 'base'}
2024-07-16 09:13:10,043 : INFO : EventManager : Event: ======'player_alamo'====== Args={'value': 8, 'prev_value': 7, 'change': 1, 'player_num': 1, 'source': 'base'}
2024-07-16 09:13:10,125 : INFO : SwitchController : <<<<<<< 's_left_ramp_standup' inactive >>>>>>>
2024-07-16 09:13:10,191 : INFO : SwitchController : <<<<<<< 's_left_ramp_standup' active >>>>>>>
2024-07-16 09:13:10,191 : INFO : EventManager : Event: ======'s_left_ramp_standup_active'====== Args={}
2024-07-16 09:13:10,191 : INFO : EventManager : Event: ======'machine_var_audits_switches_s_left_ramp_standup'====== Args={'value': 558, 'prev_value': 557, 'change': 1}
2024-07-16 09:13:10,192 : INFO : EventManager : Event: ======'player_score'====== Args={'value': 20950, 'prev_value': 20850, 'change': 100, 'player_num': 1, 'source': 'base'}
2024-07-16 09:13:10,192 : INFO : EventManager : Event: ======'player_alamo'====== Args={'value': 9, 'prev_value': 8, 'change': 1, 'player_num': 1, 'source': 'base'}
2024-07-16 09:13:10,292 : INFO : SwitchController : <<<<<<< 's_left_ramp_standup' inactive >>>>>>>
2024-07-16 09:13:10,374 : INFO : SwitchController : <<<<<<< 's_left_ramp_standup' active >>>>>>>
2024-07-16 09:13:10,375 : INFO : EventManager : Event: ======'s_left_ramp_standup_active'====== Args={}
2024-07-16 09:13:10,375 : INFO : EventManager : Event: ======'machine_var_audits_switches_s_left_ramp_standup'====== Args={'value': 559, 'prev_value': 558, 'change': 1}
2024-07-16 09:13:10,376 : INFO : EventManager : Event: ======'player_score'====== Args={'value': 21050, 'prev_value': 20950, 'change': 100, 'player_num': 1, 'source': 'base'}
2024-07-16 09:13:10,376 : INFO : EventManager : Event: ======'player_alamo'====== Args={'value': 10, 'prev_value': 9, 'change': 1, 'player_num': 1, 'source': 'base'}
2024-07-16 09:13:10,443 : INFO : SwitchController : <<<<<<< 's_left_ramp_standup' inactive >>>>>>>
2024-07-16 09:13:10,526 : INFO : SwitchController : <<<<<<< 's_left_ramp_standup' active >>>>>>>
2024-07-16 09:13:10,526 : INFO : EventManager : Event: ======'s_left_ramp_standup_active'====== Args={}
2024-07-16 09:13:10,526 : INFO : EventManager : Event: ======'machine_var_audits_switches_s_left_ramp_standup'====== Args={'value': 560, 'prev_value': 559, 'change': 1}
2024-07-16 09:13:10,527 : INFO : EventManager : Event: ======'player_score'====== Args={'value': 21150, 'prev_value': 21050, 'change': 100, 'player_num': 1, 'source': 'base'}
2024-07-16 09:13:10,527 : INFO : EventManager : Event: ======'player_alamo'====== Args={'value': 11, 'prev_value': 10, 'change': 1, 'player_num': 1, 'source': 'base'}
2024-07-16 09:13:10,625 : INFO : SwitchController : <<<<<<< 's_left_ramp_standup' inactive >>>>>>>
2024-07-16 09:13:12,375 : INFO : SwitchController : <<<<<<< 's_left_ramp_standup' active >>>>>>>
2024-07-16 09:13:12,375 : INFO : EventManager : Event: ======'s_left_ramp_standup_active'====== Args={}
2024-07-16 09:13:12,376 : INFO : EventManager : Event: ======'machine_var_audits_switches_s_left_ramp_standup'====== Args={'value': 561, 'prev_value': 560, 'change': 1}
2024-07-16 09:13:12,378 : INFO : EventManager : Event: ======'player_score'====== Args={'value': 21250, 'prev_value': 21150, 'change': 100, 'player_num': 1, 'source': 'base'}
2024-07-16 09:13:12,385 : INFO : EventManager : Event: ======'player_alamo'====== Args={'value': 12, 'prev_value': 11, 'change': 1, 'player_num': 1, 'source': 'base'}
2024-07-16 09:13:12,451 : INFO : SwitchController : <<<<<<< 's_left_ramp_standup' inactive >>>>>>>
2024-07-16 09:13:12,524 : INFO : SwitchController : <<<<<<< 's_left_ramp_standup' active >>>>>>>
2024-07-16 09:13:12,524 : INFO : EventManager : Event: ======'s_left_ramp_standup_active'====== Args={}
2024-07-16 09:13:12,524 : INFO : EventManager : Event: ======'machine_var_audits_switches_s_left_ramp_standup'====== Args={'value': 562, 'prev_value': 561, 'change': 1}
2024-07-16 09:13:12,525 : INFO : EventManager : Event: ======'player_score'====== Args={'value': 21350, 'prev_value': 21250, 'change': 100, 'player_num': 1, 'source': 'base'}
2024-07-16 09:13:12,525 : INFO : EventManager : Event: ======'player_alamo'====== Args={'value': 13, 'prev_value': 12, 'change': 1, 'player_num': 1, 'source': 'base'}
2024-07-16 09:13:12,609 : INFO : SwitchController : <<<<<<< 's_left_ramp_standup' inactive >>>>>>>
2024-07-16 09:13:12,891 : INFO : EventManager : Event: ======'ball_save_default_hurry_up'====== Args={}
2024-07-16 09:13:14,159 : INFO : SwitchController : <<<<<<< 's_left_rollover_lane' active >>>>>>>
2024-07-16 09:13:14,159 : INFO : EventManager : Event: ======'s_left_rollover_lane_active'====== Args={}
2024-07-16 09:13:14,160 : INFO : EventManager : Event: ======'machine_var_audits_switches_s_left_rollover_lane'====== Args={'value': 157, 'prev_value': 156, 'change': 1}
2024-07-16 09:13:14,162 : INFO : EventManager : Event: ======'player_shot_left_rollover_lane'====== Args={'value': 1, 'prev_value': 0, 'change': 1, 'player_num': 1}
2024-07-16 09:13:14,163 : INFO : EventManager : Event: ======'machine_var_audits_shots_left_rollover_lane'====== Args={'value': 152, 'prev_value': 151, 'change': 1}
2024-07-16 09:13:14,164 : INFO : EventManager : Event: ======'left_rollover_lane_hit'====== Args={'profile': 'default', 'state': 'unlit', 'advancing': True}
2024-07-16 09:13:14,165 : INFO : EventManager : Event: ======'left_rollover_lane_default_hit'====== Args={'profile': 'default', 'state': 'unlit', 'advancing': True}
2024-07-16 09:13:14,165 : INFO : EventManager : Event: ======'left_rollover_lane_default_unlit_hit'====== Args={'profile': 'default', 'state': 'unlit', 'advancing': True}
2024-07-16 09:13:14,165 : INFO : EventManager : Event: ======'left_rollover_lane_unlit_hit'====== Args={'profile': 'default', 'state': 'unlit', 'advancing': True}
2024-07-16 09:13:14,166 : INFO : EventManager : Event: ======'player_score'====== Args={'value': 21400, 'prev_value': 21350, 'change': 50, 'player_num': 1, 'source': 'base'}
2024-07-16 09:13:14,167 : INFO : EventManager : Event: ======'BBQ_lanes_hit'====== Args={'shot': 'left_rollover_lane'}
2024-07-16 09:13:14,167 : INFO : EventManager : Event: ======'BBQ_lanes_unlit_hit'====== Args={'shot': 'left_rollover_lane'}
2024-07-16 09:13:14,273 : INFO : SwitchController : <<<<<<< 's_left_rollover_lane' inactive >>>>>>>
2024-07-16 09:13:14,778 : INFO : SwitchController : <<<<<<< 's_middle_rollover_lane' active >>>>>>>
2024-07-16 09:13:14,778 : INFO : EventManager : Event: ======'s_middle_rollover_lane_active'====== Args={}
2024-07-16 09:13:14,779 : INFO : EventManager : Event: ======'machine_var_audits_switches_s_middle_rollover_lane'====== Args={'value': 152, 'prev_value': 151, 'change': 1}
2024-07-16 09:13:14,781 : INFO : EventManager : Event: ======'player_shot_middle_rollover_lane'====== Args={'value': 1, 'prev_value': 0, 'change': 1, 'player_num': 1}
2024-07-16 09:13:14,782 : INFO : EventManager : Event: ======'machine_var_audits_shots_middle_rollover_lane'====== Args={'value': 149, 'prev_value': 148, 'change': 1}
2024-07-16 09:13:14,783 : INFO : EventManager : Event: ======'middle_rollover_lane_hit'====== Args={'profile': 'default', 'state': 'unlit', 'advancing': True}
2024-07-16 09:13:14,783 : INFO : EventManager : Event: ======'middle_rollover_lane_default_hit'====== Args={'profile': 'default', 'state': 'unlit', 'advancing': True}
2024-07-16 09:13:14,783 : INFO : EventManager : Event: ======'middle_rollover_lane_default_unlit_hit'====== Args={'profile': 'default', 'state': 'unlit', 'advancing': True}
2024-07-16 09:13:14,784 : INFO : EventManager : Event: ======'middle_rollover_lane_unlit_hit'====== Args={'profile': 'default', 'state': 'unlit', 'advancing': True}
2024-07-16 09:13:14,784 : INFO : EventManager : Event: ======'player_score'====== Args={'value': 21450, 'prev_value': 21400, 'change': 50, 'player_num': 1, 'source': 'base'}
2024-07-16 09:13:14,784 : INFO : EventManager : Event: ======'BBQ_lanes_hit'====== Args={'shot': 'middle_rollover_lane'}
2024-07-16 09:13:14,784 : INFO : EventManager : Event: ======'BBQ_lanes_unlit_hit'====== Args={'shot': 'middle_rollover_lane'}
2024-07-16 09:13:14,876 : INFO : SwitchController : <<<<<<< 's_middle_rollover_lane' inactive >>>>>>>
2024-07-16 09:13:14,890 : INFO : EventManager : Event: ======'ball_save_default_grace_period'====== Args={}
2024-07-16 09:13:15,428 : INFO : SwitchController : <<<<<<< 's_right_rollover_lane' active >>>>>>>
2024-07-16 09:13:15,428 : INFO : EventManager : Event: ======'s_right_rollover_lane_active'====== Args={}
2024-07-16 09:13:15,429 : INFO : EventManager : Event: ======'machine_var_audits_switches_s_right_rollover_lane'====== Args={'value': 166, 'prev_value': 165, 'change': 1}
2024-07-16 09:13:15,431 : INFO : EventManager : Event: ======'player_shot_right_rollover_lane'====== Args={'value': 1, 'prev_value': 0, 'change': 1, 'player_num': 1}
2024-07-16 09:13:15,432 : INFO : EventManager : Event: ======'machine_var_audits_shots_right_rollover_lane'====== Args={'value': 152, 'prev_value': 151, 'change': 1}
2024-07-16 09:13:15,433 : INFO : EventManager : Event: ======'right_rollover_lane_hit'====== Args={'profile': 'default', 'state': 'unlit', 'advancing': True}
2024-07-16 09:13:15,434 : INFO : EventManager : Event: ======'right_rollover_lane_default_hit'====== Args={'profile': 'default', 'state': 'unlit', 'advancing': True}
2024-07-16 09:13:15,434 : INFO : EventManager : Event: ======'right_rollover_lane_default_unlit_hit'====== Args={'profile': 'default', 'state': 'unlit', 'advancing': True}
2024-07-16 09:13:15,434 : INFO : EventManager : Event: ======'right_rollover_lane_unlit_hit'====== Args={'profile': 'default', 'state': 'unlit', 'advancing': True}
2024-07-16 09:13:15,440 : INFO : EventManager : Event: ======'player_score'====== Args={'value': 21500, 'prev_value': 21450, 'change': 50, 'player_num': 1, 'source': 'base'}
2024-07-16 09:13:15,442 : INFO : EventManager : Event: ======'BBQ_lanes_complete'====== Args={'state': 'lit'}
2024-07-16 09:13:15,443 : INFO : EventManager : Event: ======'BBQ_lanes_lit_complete'====== Args={}
2024-07-16 09:13:15,443 : INFO : EventManager : Event: ======'player_score'====== Args={'value': 22500, 'prev_value': 21500, 'change': 1000, 'player_num': 1, 'source': 'BBQ_rollover'}
2024-07-16 09:13:15,445 : INFO : EventManager : Event: ======'logicblock_lb_BBQ_complete_count_updated'====== Args={'value': 2, 'enabled': True}
2024-07-16 09:13:15,445 : INFO : EventManager : Event: ======'BBQ_lanes_done'====== Args={'count': 2}
2024-07-16 09:13:15,446 : INFO : EventManager : Event: ======'player_bonus_multiplier'====== Args={'value': 2, 'prev_value': 1, 'change': 1, 'player_num': 1, 'source': 'BBQ_rollover'}
2024-07-16 09:13:15,447 : INFO : EventManager : Event: ======'BBQ_lanes_hit'====== Args={'shot': 'right_rollover_lane'}
2024-07-16 09:13:15,447 : INFO : EventManager : Event: ======'BBQ_lanes_unlit_hit'====== Args={'shot': 'right_rollover_lane'}
2024-07-16 09:13:15,541 : INFO : SwitchController : <<<<<<< 's_right_rollover_lane' inactive >>>>>>>
2024-07-16 09:13:16,445 : INFO : EventManager : Event: ======'player_shot_left_rollover_lane'====== Args={'value': 0, 'prev_value': 1, 'change': -1, 'player_num': 1}
2024-07-16 09:13:16,447 : INFO : EventManager : Event: ======'player_shot_middle_rollover_lane'====== Args={'value': 0, 'prev_value': 1, 'change': -1, 'player_num': 1}
2024-07-16 09:13:16,448 : INFO : EventManager : Event: ======'player_shot_right_rollover_lane'====== Args={'value': 0, 'prev_value': 1, 'change': -1, 'player_num': 1}
2024-07-16 09:13:16,450 : INFO : EventManager : Event: ======'BBQ_lanes_complete'====== Args={'state': 'unlit'}
2024-07-16 09:13:16,450 : INFO : EventManager : Event: ======'BBQ_lanes_unlit_complete'====== Args={}
2024-07-16 09:13:16,453 : INFO : EventManager : Event: ======'player_score'====== Args={'value': 24500, 'prev_value': 22500, 'change': 2000, 'player_num': 1, 'source': 'BBQ_rollover'}
2024-07-16 09:13:16,856 : INFO : SwitchController : <<<<<<< 's_trough1' active >>>>>>>
2024-07-16 09:13:16,857 : INFO : EventManager : Event: ======'machine_var_audits_switches_s_trough1'====== Args={'value': 311, 'prev_value': 310, 'change': 1}
2024-07-16 09:13:16,891 : INFO : EventManager : Event: ======'ball_save_default_disabled'====== Args={}
2024-07-16 09:13:17,358 : INFO : EventManager : Event: ======'balldevice_bd_trough_ball_count_changed'====== Args={'balls': 6}
2024-07-16 09:13:17,358 : INFO : ball_device.bd_trough : Received unexpected ball
2024-07-16 09:13:17,359 : INFO : EventManager : Event: ======'balldevice_captured_from_playfield'====== Args={'balls': 1}
2024-07-16 09:13:17,359 : INFO : EventManager : Event: ======'sw_playfield_active'====== Args={'balls': 1}
2024-07-16 09:13:17,360 : INFO : EventManager : Event: ======'playfield_ball_count_change'====== Args={'balls': 0, 'change': -1}
2024-07-16 09:13:17,362 : INFO : EventManager : Event: ======'balldevice_bd_trough_ball_enter'====== Args={'new_balls': 1, 'unclaimed_balls': 1, 'new_available_balls': 1, 'device': <ball_device.bd_trough>}
2024-07-16 09:13:17,362 : INFO : EventManager : Event: ======'ball_drain'====== Args={'device': <ball_device.bd_trough>, 'balls': 1}
2024-07-16 09:13:17,364 : INFO : EventManager : Event: ======'ball_will_end'====== Args={}
2024-07-16 09:13:17,364 : INFO : EventManager : Event: ======'balldevice_balls_available'====== Args={}
2024-07-16 09:13:17,365 : INFO : EventManager : Event: ======'balldevice_bd_trough_ball_entered'====== Args={'new_balls': 1, 'device': <ball_device.bd_trough>}
2024-07-16 09:13:17,366 : INFO : EventManager : Event: ======'ball_ending'====== Args={}
2024-07-16 09:13:17,367 : INFO : EventManager : Event: ======'mode_bonus_will_start'====== Args={'queue': <QueuedEvent>}
2024-07-16 09:13:17,369 : INFO : EventManager : Event: ======'mode_bonus_starting'====== Args={'queue': <QueuedEvent>}
2024-07-16 09:13:17,369 : INFO : Mode.bonus : Started. Priority: 500
2024-07-16 09:13:17,369 : INFO : EventManager : Event: ======'modes_active_modes_changed'====== Args={}
2024-07-16 09:13:17,370 : INFO : EventManager : Event: ======'mode_bonus_started'====== Args={'queue': <QueuedEvent>}
2024-07-16 09:13:17,372 : INFO : EventManager : Event: ======'bonus_start'====== Args={}
2024-07-16 09:13:17,410 : INFO : EventManager : Event: ======'slide_bonus_created'====== Args={'_from_bcp': True}
2024-07-16 09:13:17,410 : INFO : EventManager : Event: ======'slide_base_inactive'====== Args={'_from_bcp': True}
2024-07-16 09:13:17,410 : INFO : EventManager : Event: ======'slide_bonus_active'====== Args={'original_context': 'bonus', 'original_calling_context': 'mode_bonus_started', 'queue': '<QueuedEvent>', 'cmd': 'slides_play', '_from_bcp': True}
2024-07-16 09:13:17,621 : INFO : SwitchController : <<<<<<< 's_trough1' inactive >>>>>>>
2024-07-16 09:13:19,373 : INFO : EventManager : Event: ======'bonus_entry'====== Args={'entry': 'alamo_bonus', 'score': 65000, 'text': 'Alamos Drank', 'bonus_score': 65000, 'hits': 13}
2024-07-16 09:13:21,374 : INFO : EventManager : Event: ======'bonus_entry'====== Args={'entry': 'mode_bonus', 'score': 50000, 'text': 'Modes Completed', 'bonus_score': 115000, 'hits': 1}
2024-07-16 09:13:23,124 : INFO : EventManager : Event: ======'balldevice_bd_trough_ball_count_changed'====== Args={'balls': 5}
2024-07-16 09:13:23,125 : WARNING : ball_device.bd_trough : Ball disappeared while idle. This should not normally happen.
2024-07-16 09:13:23,126 : INFO : EventManager : Event: ======'balldevice_playfield_ball_enter'====== Args={'new_balls': 1, 'unclaimed_balls': 1, 'device': <playfield.playfield>}
2024-07-16 09:13:23,127 : INFO : EventManager : Event: ======'playfield_ball_count_change'====== Args={'balls': 1, 'change': 1}
2024-07-16 09:13:23,128 : INFO : ball_device.bd_trough : 1 ball(s) missing from device. Mechanical eject? False
2024-07-16 09:13:23,128 : INFO : EventManager : Event: ======'balldevice_bd_trough_ball_missing'====== Args={'balls': 1}
2024-07-16 09:13:23,129 : INFO : EventManager : Event: ======'balldevice_ball_missing'====== Args={'balls': 1, 'name': 'bd_trough'}
2024-07-16 09:13:23,376 : INFO : EventManager : Event: ======'bonus_entry'====== Args={'entry': 'subtotal', 'text': 'Subtotal', 'score': 115000}
2024-07-16 09:13:25,377 : INFO : EventManager : Event: ======'bonus_entry'====== Args={'entry': 'multiplier', 'text': 'Multiplier', 'score': 2}
2024-07-16 09:13:27,379 : INFO : EventManager : Event: ======'player_score'====== Args={'value': 254500, 'prev_value': 24500, 'change': 230000, 'player_num': 1, 'source': 'bonus'}
2024-07-16 09:13:27,381 : INFO : EventManager : Event: ======'bonus_entry'====== Args={'entry': 'total', 'text': 'Total Bonus', 'score': 230000}
2024-07-16 09:13:27,382 : INFO : EventManager : Event: ======'player_extra_ball_score_two_num_awarded'====== Args={'value': 1, 'prev_value': 0, 'change': 1, 'player_num': 1}
2024-07-16 09:13:27,383 : INFO : EventManager : Event: ======'extra_ball_score_two_awarded'====== Args={}
2024-07-16 09:13:27,383 : INFO : EventManager : Event: ======'player_extra_balls'====== Args={'value': 1, 'prev_value': 0, 'change': 1, 'player_num': 1}
2024-07-16 09:13:27,384 : INFO : EventManager : Event: ======'extra_ball_awarded'====== Args={}
2024-07-16 09:13:27,429 : INFO : EventManager : Event: ======'slide_ball_save_created'====== Args={'_from_bcp': True}
2024-07-16 09:13:29,383 : INFO : EventManager : Event: ======'mode_bonus_will_stop'====== Args={}
2024-07-16 09:13:29,384 : INFO : EventManager : Event: ======'mode_bonus_stopping'====== Args={}
2024-07-16 09:13:29,385 : INFO : Mode.bonus : Stopped.
2024-07-16 09:13:29,385 : INFO : EventManager : Event: ======'modes_active_modes_changed'====== Args={}
2024-07-16 09:13:29,386 : INFO : EventManager : Event: ======'mode_bonus_stopped'====== Args={}
2024-07-16 09:13:29,387 : INFO : EventManager : Event: ======'clear'====== Args={'key': 'bonus'}
2024-07-16 09:13:29,390 : INFO : EventManager : Event: ======'mode_BBQ_rollover_will_stop'====== Args={}
2024-07-16 09:13:29,391 : INFO : EventManager : Event: ======'mode_BBQ_rollover_stopping'====== Args={}
2024-07-16 09:13:29,391 : INFO : EventManager : Event: ======'mode_base_will_stop'====== Args={}
2024-07-16 09:13:29,391 : INFO : EventManager : Event: ======'mode_base_stopping'====== Args={}
2024-07-16 09:13:29,392 : INFO : Mode.base : Stopped.
2024-07-16 09:13:29,392 : INFO : EventManager : Event: ======'modes_active_modes_changed'====== Args={}
2024-07-16 09:13:29,393 : INFO : EventManager : Event: ======'mode_base_stopped'====== Args={}
2024-07-16 09:13:29,393 : INFO : EventManager : Event: ======'clear'====== Args={'key': 'base'}
2024-07-16 09:13:29,395 : INFO : Mode.BBQ_rollover : Stopped.
2024-07-16 09:13:29,396 : INFO : EventManager : Event: ======'modes_active_modes_changed'====== Args={}
2024-07-16 09:13:29,396 : INFO : EventManager : Event: ======'mode_BBQ_rollover_stopped'====== Args={}
2024-07-16 09:13:29,397 : INFO : EventManager : Event: ======'clear'====== Args={'key': 'BBQ_rollover'}
2024-07-16 09:13:29,398 : INFO : EventManager : Event: ======'slide_bonus_inactive'====== Args={'_from_bcp': True}
2024-07-16 09:13:29,399 : INFO : EventManager : Event: ======'slide_ball_save_active'====== Args={'_from_bcp': True}
2024-07-16 09:13:29,399 : INFO : EventManager : Event: ======'slide_bonus_removed'====== Args={'_from_bcp': True}
2024-07-16 09:13:29,399 : INFO : EventManager : Event: ======'cmd_flippers_disable'====== Args={'priority': 0}
2024-07-16 09:13:29,400 : INFO : EventManager : Event: ======'cmd_autofire_coils_disable'====== Args={'priority': 0}
2024-07-16 09:13:29,400 : INFO : EventManager : Event: ======'ball_ended'====== Args={}
2024-07-16 09:13:29,415 : INFO : EventManager : Event: ======'player_extra_balls'====== Args={'value': 0, 'prev_value': 1, 'change': -1, 'player_num': 1}
2024-07-16 09:13:29,416 : INFO : EventManager : Event: ======'ball_will_start'====== Args={'player': 1, 'ball': 1, 'balls_remaining': 2, 'is_extra_ball': True}
2024-07-16 09:13:29,418 : INFO : EventManager : Event: ======'slide_base_removed'====== Args={'_from_bcp': True}
2024-07-16 09:13:29,418 : INFO : BallController : Found 1 ball(s) on playfield.
2024-07-16 09:13:29,418 : WARNING : BallController : Playfields still contain balls. Waiting for those to drain.
2024-07-16 09:13:30,420 : INFO : BallController : Found 1 ball(s) on playfield.
2024-07-16 09:13:30,420 : WARNING : BallController : Playfields still contain balls. Waiting for those to drain.
2024-07-16 09:13:31,422 : INFO : BallController : Found 1 ball(s) on playfield.
2024-07-16 09:13:31,422 : WARNING : BallController : Playfields still contain balls. Waiting for those to drain.
2024-07-16 09:13:32,423 : INFO : BallController : Found 1 ball(s) on playfield.
2024-07-16 09:13:32,423 : WARNING : BallController : Playfields still contain balls. Waiting for those to drain.
2024-07-16 09:13:33,425 : INFO : BallController : Found 1 ball(s) on playfield.
2024-07-16 09:13:33,425 : WARNING : BallController : Playfields still contain balls. Waiting for those to drain.
2024-07-16 09:13:34,427 : INFO : BallController : Found 1 ball(s) on playfield.
2024-07-16 09:13:34,427 : WARNING : BallController : Playfields still contain balls. Waiting for those to drain.
2024-07-16 09:13:35,429 : INFO : BallController : Found 1 ball(s) on playfield.
2024-07-16 09:13:35,429 : WARNING : BallController : Playfields still contain balls. Waiting for those to drain.
2024-07-16 09:13:36,430 : INFO : BallController : Found 1 ball(s) on playfield.
2024-07-16 09:13:36,431 : WARNING : BallController : Playfields still contain balls. Waiting for those to drain.
2024-07-16 09:13:37,432 : INFO : BallController : Found 1 ball(s) on playfield.
2024-07-16 09:13:37,433 : WARNING : BallController : Playfields still contain balls. Waiting for those to drain.
2024-07-16 09:13:38,434 : INFO : BallController : Found 1 ball(s) on playfield.
2024-07-16 09:13:38,435 : WARNING : BallController : Playfields still contain balls. Waiting for those to drain.
2024-07-16 09:13:39,435 : INFO : BallController : Found 1 ball(s) on playfield.
2024-07-16 09:13:39,436 : WARNING : BallController : Playfields still contain balls. Waiting for those to drain.
2024-07-16 09:13:40,437 : INFO : BallController : Found 1 ball(s) on playfield.
2024-07-16 09:13:40,437 : WARNING : BallController : Playfields still contain balls. Waiting for those to drain.
2024-07-16 09:13:41,438 : INFO : BallController : Found 1 ball(s) on playfield.
2024-07-16 09:13:41,439 : WARNING : BallController : Playfields still contain balls. Waiting for those to drain.
2024-07-16 09:13:42,439 : INFO : BallController : Found 1 ball(s) on playfield.
2024-07-16 09:13:42,440 : WARNING : BallController : Playfields still contain balls. Waiting for those to drain.
2024-07-16 09:13:43,440 : INFO : BallController : Found 1 ball(s) on playfield.
2024-07-16 09:13:43,441 : WARNING : BallController : Playfields still contain balls. Waiting for those to drain.
2024-07-16 09:13:44,442 : INFO : BallController : Found 1 ball(s) on playfield.
2024-07-16 09:13:44,443 : WARNING : BallController : Playfields still contain balls. Waiting for those to drain.
2024-07-16 09:13:45,444 : INFO : BallController : Found 1 ball(s) on playfield.
2024-07-16 09:13:45,445 : WARNING : BallController : Playfields still contain balls. Waiting for those to drain.
2024-07-16 09:13:46,446 : INFO : BallController : Found 1 ball(s) on playfield.
2024-07-16 09:13:46,446 : WARNING : BallController : Playfields still contain balls. Waiting for those to drain.
2024-07-16 09:13:47,447 : INFO : BallController : Found 1 ball(s) on playfield.
2024-07-16 09:13:47,447 : WARNING : BallController : Playfields still contain balls. Waiting for those to drain.
2024-07-16 09:13:48,448 : INFO : BallController : Found 1 ball(s) on playfield.
2024-07-16 09:13:48,448 : WARNING : BallController : Playfields still contain balls. Waiting for those to drain.
2024-07-16 09:13:49,449 : INFO : BallController : Found 1 ball(s) on playfield.
2024-07-16 09:13:49,449 : WARNING : BallController : Playfields still contain balls. Waiting for those to drain.
2024-07-16 09:13:50,449 : INFO : BallController : Found 1 ball(s) on playfield.
2024-07-16 09:13:50,450 : WARNING : BallController : Playfields still contain balls. Waiting for those to drain.
2024-07-16 09:13:50,768 : INFO : Machine : Shutting down...
2024-07-16 09:13:50,768 : INFO : EventManager : Event: ======'shutdown'====== Args={}
2024-07-16 09:13:50,770 : INFO : EventManager : Event: ======'mode_game_will_stop'====== Args={}
2024-07-16 09:13:50,770 : INFO : EventManager : Event: ======'mode_game_stopping'====== Args={}
2024-07-16 09:13:50,771 : INFO : Mode.game : Stopped.
2024-07-16 09:13:50,771 : INFO : EventManager : Event: ======'modes_active_modes_changed'====== Args={}
2024-07-16 09:13:50,771 : INFO : EventManager : Event: ======'mode_game_stopped'====== Args={}
2024-07-16 09:13:50,771 : INFO : EventManager : Event: ======'clear'====== Args={'key': 'game'}
2024-07-16 09:13:50,780 : INFO : root : MPF run loop ended.
