2024-12-11 11:33:58,643 : INFO : root : Loading config.
2024-12-11 11:33:58,645 : INFO : YamlMultifileConfigLoader : Machine config file #1: config.yaml
2024-12-11 11:33:58,645 : INFO : ConfigProcessor : Loading config from cache: /var/folders/sv/d29kcl5x50v7vt1n6xb5jsd40000gn/T/c166cef8060ffee16a35821bf698da85.mpf_cache
2024-12-11 11:33:58,673 : INFO : ConfigProcessor : Loading config from cache: /var/folders/sv/d29kcl5x50v7vt1n6xb5jsd40000gn/T/6b31c5ac6ecbad948994a8204ea6b05b.mpf_cache
2024-12-11 11:33:58,673 : INFO : ConfigProcessor : Loading config from cache: /var/folders/sv/d29kcl5x50v7vt1n6xb5jsd40000gn/T/fe612d1e66c8a96c19ba449d3748eeac.mpf_cache
2024-12-11 11:33:58,674 : INFO : ConfigProcessor : Loading config from cache: /var/folders/sv/d29kcl5x50v7vt1n6xb5jsd40000gn/T/6b31c5ac6ecbad948994a8204ea6b05b.mpf_cache
2024-12-11 11:33:58,674 : INFO : ConfigProcessor : Loading config from cache: /var/folders/sv/d29kcl5x50v7vt1n6xb5jsd40000gn/T/8765227693ecd961e0504502a81255e0.mpf_cache
2024-12-11 11:33:58,674 : INFO : ConfigProcessor : Loading config from cache: /var/folders/sv/d29kcl5x50v7vt1n6xb5jsd40000gn/T/b247728c74b4d81bcb2825e2b07062a7.mpf_cache
2024-12-11 11:33:58,674 : INFO : ConfigProcessor : Loading config from cache: /var/folders/sv/d29kcl5x50v7vt1n6xb5jsd40000gn/T/f240f94f0b5d0f37ec4fd7571275a101.mpf_cache
2024-12-11 11:33:58,674 : INFO : ConfigProcessor : Loading config from cache: /var/folders/sv/d29kcl5x50v7vt1n6xb5jsd40000gn/T/6a2f50ed892485825cc04dc0a68eab9f.mpf_cache
2024-12-11 11:33:58,674 : INFO : ConfigProcessor : Loading config from cache: /var/folders/sv/d29kcl5x50v7vt1n6xb5jsd40000gn/T/d58c58eb9fd1a2dc27f8acd255fb3761.mpf_cache
2024-12-11 11:33:58,675 : INFO : ConfigProcessor : Loading config from cache: /var/folders/sv/d29kcl5x50v7vt1n6xb5jsd40000gn/T/07adfd310b3ef0e03c5cbc91527abb6c.mpf_cache
2024-12-11 11:33:58,675 : INFO : ConfigProcessor : Loading config from cache: /var/folders/sv/d29kcl5x50v7vt1n6xb5jsd40000gn/T/12bd5247c3bf989b919364bdb7829769.mpf_cache
2024-12-11 11:33:58,675 : INFO : ConfigProcessor : Loading config from cache: /var/folders/sv/d29kcl5x50v7vt1n6xb5jsd40000gn/T/362e08f51a1a1b7a0809dd52f9c83f83.mpf_cache
2024-12-11 11:33:58,676 : INFO : ConfigProcessor : Loading config from cache: /var/folders/sv/d29kcl5x50v7vt1n6xb5jsd40000gn/T/e0db17dd068fe6304aabdbeff00fac0d.mpf_cache
2024-12-11 11:33:58,676 : INFO : ConfigProcessor : Loading config from cache: /var/folders/sv/d29kcl5x50v7vt1n6xb5jsd40000gn/T/331d8d1a1bc190cae8c13495e1db372f.mpf_cache
2024-12-11 11:33:58,676 : INFO : ConfigProcessor : Loading config from cache: /var/folders/sv/d29kcl5x50v7vt1n6xb5jsd40000gn/T/d17a9ff77386e6f1439d0802ace1de07.mpf_cache
2024-12-11 11:33:58,676 : INFO : ConfigProcessor : Loading config from cache: /var/folders/sv/d29kcl5x50v7vt1n6xb5jsd40000gn/T/280fd64455d0d243a54ab4db98fbccbd.mpf_cache
2024-12-11 11:33:58,676 : INFO : ConfigProcessor : Loading config from cache: /var/folders/sv/d29kcl5x50v7vt1n6xb5jsd40000gn/T/0c0596ed8fbb40b6113901d21bdc0a39.mpf_cache
2024-12-11 11:33:58,677 : INFO : ConfigProcessor : Loading config from cache: /var/folders/sv/d29kcl5x50v7vt1n6xb5jsd40000gn/T/f521a0f834965d73920394ccceaa3c1c.mpf_cache
2024-12-11 11:33:58,677 : INFO : ConfigProcessor : Loading config from cache: /var/folders/sv/d29kcl5x50v7vt1n6xb5jsd40000gn/T/0fedc249e142fba0aaf46d9adc7061fa.mpf_cache
2024-12-11 11:33:58,677 : INFO : ConfigProcessor : Loading config from cache: /var/folders/sv/d29kcl5x50v7vt1n6xb5jsd40000gn/T/c57745b2fe399992c4aedf0209f8acc9.mpf_cache
2024-12-11 11:33:58,677 : INFO : ConfigProcessor : Loading config from cache: /var/folders/sv/d29kcl5x50v7vt1n6xb5jsd40000gn/T/4d7707f845442344c77faa09114dd414.mpf_cache
2024-12-11 11:33:58,677 : INFO : ConfigProcessor : Loading config from cache: /var/folders/sv/d29kcl5x50v7vt1n6xb5jsd40000gn/T/13b622eeb34cc558f4c171e6faf49f20.mpf_cache
2024-12-11 11:33:58,677 : INFO : ConfigProcessor : Loading config from cache: /var/folders/sv/d29kcl5x50v7vt1n6xb5jsd40000gn/T/897ffb6d77163469c302d894201d7081.mpf_cache
2024-12-11 11:33:58,678 : INFO : ConfigProcessor : Loading config from cache: /var/folders/sv/d29kcl5x50v7vt1n6xb5jsd40000gn/T/51caa30b8c50b4dd14ddbf8a263fb4c6.mpf_cache
2024-12-11 11:33:58,678 : INFO : ConfigProcessor : Loading config from cache: /var/folders/sv/d29kcl5x50v7vt1n6xb5jsd40000gn/T/aa4dd12681abd3ba3467de4d4b71c6b2.mpf_cache
2024-12-11 11:33:58,678 : INFO : ConfigProcessor : Loading config from cache: /var/folders/sv/d29kcl5x50v7vt1n6xb5jsd40000gn/T/edf8b775a93855f849af0e2eff0a7bac.mpf_cache
2024-12-11 11:33:58,678 : INFO : ConfigProcessor : Loading config from cache: /var/folders/sv/d29kcl5x50v7vt1n6xb5jsd40000gn/T/a8808f7c3567c8d62dc12e9ad7d55d7c.mpf_cache
2024-12-11 11:33:58,678 : INFO : ConfigProcessor : Loading config from cache: /var/folders/sv/d29kcl5x50v7vt1n6xb5jsd40000gn/T/9437faed8d9c330c56f3b67b3f9b149d.mpf_cache
2024-12-11 11:33:58,678 : INFO : ConfigProcessor : Loading config from cache: /var/folders/sv/d29kcl5x50v7vt1n6xb5jsd40000gn/T/4bb31ac09fad15f35aa3bae4975f2b4d.mpf_cache
2024-12-11 11:33:58,678 : INFO : ConfigProcessor : Loading config from cache: /var/folders/sv/d29kcl5x50v7vt1n6xb5jsd40000gn/T/3048ed2d7ea14eee3db896f6760aa474.mpf_cache
2024-12-11 11:33:58,679 : INFO : ConfigProcessor : Loading config from cache: /var/folders/sv/d29kcl5x50v7vt1n6xb5jsd40000gn/T/a14a120665a0ee9fd8a6e22274033983.mpf_cache
2024-12-11 11:33:58,679 : INFO : ConfigProcessor : Loading config from cache: /var/folders/sv/d29kcl5x50v7vt1n6xb5jsd40000gn/T/984de704eb69e43ca43e84d7915bfa21.mpf_cache
2024-12-11 11:33:58,679 : INFO : ConfigProcessor : Loading config from cache: /var/folders/sv/d29kcl5x50v7vt1n6xb5jsd40000gn/T/e151291736403f63db558dae8f86b9a6.mpf_cache
2024-12-11 11:33:58,679 : INFO : ConfigProcessor : Loading config from cache: /var/folders/sv/d29kcl5x50v7vt1n6xb5jsd40000gn/T/81ffe1796583077c7101a9635dd90e73.mpf_cache
2024-12-11 11:33:58,679 : INFO : ConfigProcessor : Loading config from cache: /var/folders/sv/d29kcl5x50v7vt1n6xb5jsd40000gn/T/04bdadfa8d860a04250393efd361f045.mpf_cache
2024-12-11 11:33:58,679 : INFO : ConfigProcessor : Loading config from cache: /var/folders/sv/d29kcl5x50v7vt1n6xb5jsd40000gn/T/c82a0ecbb762ff6fe004ef757693d2ae.mpf_cache
2024-12-11 11:33:58,679 : INFO : ConfigProcessor : Loading config from cache: /var/folders/sv/d29kcl5x50v7vt1n6xb5jsd40000gn/T/3e9e76d166792f9c3bef3d1d86d97fda.mpf_cache
2024-12-11 11:33:58,680 : INFO : ConfigProcessor : Loading config from cache: /var/folders/sv/d29kcl5x50v7vt1n6xb5jsd40000gn/T/11a918d3152702ba265e96ad6f68ed20.mpf_cache
2024-12-11 11:33:58,680 : INFO : ConfigProcessor : Loading config from cache: /var/folders/sv/d29kcl5x50v7vt1n6xb5jsd40000gn/T/ceebadaab29f25c9a53ce189a8db5cf9.mpf_cache
2024-12-11 11:33:58,680 : INFO : ConfigProcessor : Loading config from cache: /var/folders/sv/d29kcl5x50v7vt1n6xb5jsd40000gn/T/6681071d88be12817abd471747b65be6.mpf_cache
2024-12-11 11:33:58,680 : INFO : ConfigProcessor : Loading config from cache: /var/folders/sv/d29kcl5x50v7vt1n6xb5jsd40000gn/T/53492c928c9d654d5ba799a04e08560b.mpf_cache
2024-12-11 11:33:58,680 : INFO : ConfigProcessor : Loading config from cache: /var/folders/sv/d29kcl5x50v7vt1n6xb5jsd40000gn/T/1e8810dd57719f59c36cb9385b8ab313.mpf_cache
2024-12-11 11:33:58,680 : INFO : ConfigProcessor : Loading config from cache: /var/folders/sv/d29kcl5x50v7vt1n6xb5jsd40000gn/T/8812b35d126cadc26bfacccaebddfdef.mpf_cache
2024-12-11 11:33:58,680 : INFO : ConfigProcessor : Loading config from cache: /var/folders/sv/d29kcl5x50v7vt1n6xb5jsd40000gn/T/46635530aad202ef48b5607c669ff431.mpf_cache
2024-12-11 11:33:58,680 : INFO : ConfigProcessor : Loading config from cache: /var/folders/sv/d29kcl5x50v7vt1n6xb5jsd40000gn/T/dd284709607c13b5639917a19b41209a.mpf_cache
2024-12-11 11:33:58,680 : INFO : ConfigProcessor : Loading config from cache: /var/folders/sv/d29kcl5x50v7vt1n6xb5jsd40000gn/T/1f7f726388b0fb87373e6b87caf6dbbb.mpf_cache
2024-12-11 11:33:58,681 : INFO : ConfigProcessor : Loading config from cache: /var/folders/sv/d29kcl5x50v7vt1n6xb5jsd40000gn/T/32dec9b6457646e42ac79bded55dc112.mpf_cache
2024-12-11 11:33:58,681 : INFO : ConfigProcessor : Loading config from cache: /var/folders/sv/d29kcl5x50v7vt1n6xb5jsd40000gn/T/7f1d27c5dd24f1449bd8f54a4b390edb.mpf_cache
2024-12-11 11:33:58,681 : INFO : ConfigProcessor : Loading config from cache: /var/folders/sv/d29kcl5x50v7vt1n6xb5jsd40000gn/T/15d17e02f4541cb81c0776f97b8db0a5.mpf_cache
2024-12-11 11:33:58,681 : INFO : ConfigProcessor : Loading config from cache: /var/folders/sv/d29kcl5x50v7vt1n6xb5jsd40000gn/T/0a9cb7260d26760274024f443d38cc22.mpf_cache
2024-12-11 11:33:58,681 : INFO : ConfigProcessor : Loading config from cache: /var/folders/sv/d29kcl5x50v7vt1n6xb5jsd40000gn/T/deb753c2acdccb3c49ddc8f2a7e04ee6.mpf_cache
2024-12-11 11:33:58,681 : INFO : ConfigProcessor : Loading config from cache: /var/folders/sv/d29kcl5x50v7vt1n6xb5jsd40000gn/T/4a90c06755c4a5beef2ee4c243f54397.mpf_cache
2024-12-11 11:33:58,681 : INFO : Machine : Mission Pinball Framework Core Engine v0.80.0.dev1
2024-12-11 11:33:58,681 : INFO : Machine : Command line arguments: {'no_load_cache': False, 'create_config_cache': True, 'bcp': True, 'configfile': ['config.yaml'], 'force_assets_load': False, 'platform_integration_test': False, 'jsonlogging': False, 'logfile': 'logs/2024-12-11-11-33-58-mpf-Nicks-MacBook-Air.local.log', 'pause': False, 'production': False, 'text_ui': True, 'loglevel': 15, 'consoleloglevel': 20, 'force_platform': None, 'syslog_address': None, 'mc_file_name': None, 'no_sound': False, 'full_logfile_path': '/Users/nicktaseris/Desktop/Pinball/KOTH/logs/2024-12-11-11-33-58-mpf-Nicks-MacBook-Air.local.log'}
2024-12-11 11:33:58,681 : INFO : Machine : MPF path: /Users/nicktaseris/mpfenv/lib/python3.9/site-packages/mpf
2024-12-11 11:33:58,681 : INFO : Machine : Machine path: /Users/nicktaseris/Desktop/Pinball/KOTH
2024-12-11 11:33:58,681 : INFO : Machine : Platform: darwin
2024-12-11 11:33:58,681 : INFO : Machine : Python executable location: /Users/nicktaseris/mpfenv/bin/python3
2024-12-11 11:33:58,681 : INFO : Machine : Python version: 3.9.13 (64-bit)
2024-12-11 11:33:58,682 : INFO : Machine : Initializing MPF...
2024-12-11 11:33:58,708 : INFO : EventManager : Event: ======'machine_var_credits_string'====== Args={'value': 'FREE PLAY', 'prev_value': None, 'change': True}
2024-12-11 11:33:58,720 : INFO : EventManager : Event: ======'machine_var_master_volume'====== Args={'value': 0.5, 'prev_value': None, 'change': True}
2024-12-11 11:33:58,720 : INFO : EventManager : Event: ======'machine_var_player1_score'====== Args={'value': 91250250, 'prev_value': None, 'change': True}
2024-12-11 11:33:58,720 : INFO : EventManager : Event: ======'machine_var_mpf_version'====== Args={'value': 'Mission Pinball Framework v0.80.0.dev1', 'prev_value': None, 'change': True}
2024-12-11 11:33:58,720 : INFO : EventManager : Event: ======'machine_var_mpf_extended_version'====== Args={'value': 'Mission Pinball Framework v0.80.0.dev1, Config version:6, Show version: 6, BCP version:1.1', 'prev_value': None, 'change': True}
2024-12-11 11:33:58,720 : INFO : EventManager : Event: ======'machine_var_python_version'====== Args={'value': '3.9.13', 'prev_value': None, 'change': True}
2024-12-11 11:33:58,728 : INFO : EventManager : Event: ======'machine_var_platform'====== Args={'value': 'macOS-12.1-arm64-arm-64bit', 'prev_value': None, 'change': True}
2024-12-11 11:33:58,728 : INFO : EventManager : Event: ======'machine_var_platform_system'====== Args={'value': 'Darwin', 'prev_value': None, 'change': True}
2024-12-11 11:33:58,728 : INFO : EventManager : Event: ======'machine_var_platform_release'====== Args={'value': '21.2.0', 'prev_value': None, 'change': True}
2024-12-11 11:33:58,728 : INFO : EventManager : Event: ======'machine_var_platform_version'====== Args={'value': 'Darwin Kernel Version 21.2.0: Sun Nov 28 20:29:10 PST 2021; root:xnu-8019.61.5~1/RELEASE_ARM64_T8101', 'prev_value': None, 'change': True}
2024-12-11 11:33:58,728 : INFO : EventManager : Event: ======'machine_var_platform_machine'====== Args={'value': 'arm64', 'prev_value': None, 'change': True}
2024-12-11 11:33:58,728 : INFO : EventManager : Event: ======'machine_var_log_file_path'====== Args={'value': '/Users/nicktaseris/Desktop/Pinball/KOTH/logs/2024-12-11-11-33-58-mpf-Nicks-MacBook-Air.local.log', 'prev_value': None, 'change': True}
2024-12-11 11:33:58,728 : INFO : EventManager : Event: ======'init_phase_1'====== Args={}
2024-12-11 11:33:58,751 : INFO : EventManager : Event: ======'drop_target_bank_strickland_bank_up'====== Args={}
2024-12-11 11:33:58,751 : INFO : EventManager : Event: ======'init_phase_2'====== Args={}
2024-12-11 11:33:58,752 : INFO : SwitchController : Found active switch: ('39', <Platform.SmartVirtual>) <switch.s_trough1>
2024-12-11 11:33:58,752 : INFO : SwitchController : Found active switch: ('40', <Platform.SmartVirtual>) <switch.s_trough2>
2024-12-11 11:33:58,752 : INFO : SwitchController : Found active switch: ('41', <Platform.SmartVirtual>) <switch.s_trough3>
2024-12-11 11:33:58,752 : INFO : SwitchController : Found active switch: ('42', <Platform.SmartVirtual>) <switch.s_trough4>
2024-12-11 11:33:58,752 : INFO : SwitchController : Found active switch: ('43', <Platform.SmartVirtual>) <switch.s_trough5>
2024-12-11 11:33:58,752 : INFO : SwitchController : Found active switch: ('44', <Platform.SmartVirtual>) <switch.s_trough6>
2024-12-11 11:33:58,760 : INFO : EventManager : Event: ======'machine_var_score1_label'====== Args={'value': 'GRAND CHAMPION', 'prev_value': None, 'change': True}
2024-12-11 11:33:58,760 : INFO : EventManager : Event: ======'machine_var_score1_name'====== Args={'value': 'EML', 'prev_value': None, 'change': True}
2024-12-11 11:33:58,760 : INFO : EventManager : Event: ======'machine_var_score1_value'====== Args={'value': 132398600, 'prev_value': None, 'change': True}
2024-12-11 11:33:58,760 : INFO : EventManager : Event: ======'machine_var_score2_label'====== Args={'value': 'HIGH SCORE 1', 'prev_value': None, 'change': True}
2024-12-11 11:33:58,760 : INFO : EventManager : Event: ======'machine_var_score2_name'====== Args={'value': 'AAAAA', 'prev_value': None, 'change': True}
2024-12-11 11:33:58,760 : INFO : EventManager : Event: ======'machine_var_score2_value'====== Args={'value': 91250250, 'prev_value': None, 'change': True}
2024-12-11 11:33:58,760 : INFO : EventManager : Event: ======'machine_var_score3_label'====== Args={'value': 'HIGH SCORE 2', 'prev_value': None, 'change': True}
2024-12-11 11:33:58,760 : INFO : EventManager : Event: ======'machine_var_score3_name'====== Args={'value': 'CCC', 'prev_value': None, 'change': True}
2024-12-11 11:33:58,760 : INFO : EventManager : Event: ======'machine_var_score3_value'====== Args={'value': 68340100, 'prev_value': None, 'change': True}
2024-12-11 11:33:58,760 : INFO : EventManager : Event: ======'machine_var_score4_label'====== Args={'value': 'HIGH SCORE 3', 'prev_value': None, 'change': True}
2024-12-11 11:33:58,760 : INFO : EventManager : Event: ======'machine_var_score4_name'====== Args={'value': 'AAAAAAAAAAAAAA', 'prev_value': None, 'change': True}
2024-12-11 11:33:58,760 : INFO : EventManager : Event: ======'machine_var_score4_value'====== Args={'value': 62250100, 'prev_value': None, 'change': True}
2024-12-11 11:33:58,761 : INFO : EventManager : Event: ======'bcp_connection_attempt'====== Args={'name': 'local_display', 'host': 'localhost', 'port': 5050}
2024-12-11 11:33:58,761 : INFO : BCPClientSocket : Connecting BCP to 'local_display' at localhost:5050...
2024-12-11 11:33:58,767 : INFO : BCPClientSocket : Connected BCP to 'local_display' localhost:5050
2024-12-11 11:33:58,768 : INFO : EventManager : Event: ======'bcp_clients_connected'====== Args={}
2024-12-11 11:33:58,768 : INFO : ball_device.bd_trough : BCH: Initial count: 6
2024-12-11 11:33:58,769 : INFO : ball_device.bd_trough : State: idle
2024-12-11 11:33:58,769 : INFO : ball_device.bd_plunger : BCH: Initial count: 0
2024-12-11 11:33:58,769 : INFO : ball_device.bd_plunger : State: idle
2024-12-11 11:33:58,769 : INFO : ball_device.bd_scoop : BCH: Initial count: 0
2024-12-11 11:33:58,769 : INFO : ball_device.bd_scoop : State: idle
2024-12-11 11:33:58,774 : INFO : EventManager : Event: ======'init_phase_3'====== Args={}
2024-12-11 11:33:58,776 : INFO : EventManager : Event: ======'init_phase_4'====== Args={}
2024-12-11 11:33:58,777 : INFO : BallController : Initial balls found: 6
2024-12-11 11:33:58,777 : INFO : EventManager : Event: ======'machine_var_audits_events_game_ended'====== Args={'value': 22, 'prev_value': None, 'change': True}
2024-12-11 11:33:58,777 : INFO : EventManager : Event: ======'machine_var_audits_events_game_started'====== Args={'value': 1475, 'prev_value': None, 'change': True}
2024-12-11 11:33:58,777 : INFO : EventManager : Event: ======'machine_var_audits_missing_switches_s_a_target'====== Args={'value': 21, 'prev_value': None, 'change': True}
2024-12-11 11:33:58,777 : INFO : EventManager : Event: ======'machine_var_audits_missing_switches_s_bottom_inline_drop'====== Args={'value': 8, 'prev_value': None, 'change': True}
2024-12-11 11:33:58,777 : INFO : EventManager : Event: ======'machine_var_audits_missing_switches_s_bottom_pop_bumper'====== Args={'value': 14, 'prev_value': None, 'change': True}
2024-12-11 11:33:58,778 : INFO : EventManager : Event: ======'machine_var_audits_missing_switches_s_center_spinner'====== Args={'value': 8, 'prev_value': None, 'change': True}
2024-12-11 11:33:58,778 : INFO : EventManager : Event: ======'machine_var_audits_missing_switches_s_door_open'====== Args={'value': 53, 'prev_value': None, 'change': True}
2024-12-11 11:33:58,778 : INFO : EventManager : Event: ======'machine_var_audits_missing_switches_s_e_target'====== Args={'value': 21, 'prev_value': None, 'change': True}
2024-12-11 11:33:58,778 : INFO : EventManager : Event: ======'machine_var_audits_missing_switches_s_launch_button'====== Args={'value': 946, 'prev_value': None, 'change': True}
2024-12-11 11:33:58,778 : INFO : EventManager : Event: ======'machine_var_audits_missing_switches_s_left_flipper'====== Args={'value': 3, 'prev_value': None, 'change': True}
2024-12-11 11:33:58,778 : INFO : EventManager : Event: ======'machine_var_audits_missing_switches_s_left_inlane'====== Args={'value': 8, 'prev_value': None, 'change': True}
2024-12-11 11:33:58,778 : INFO : EventManager : Event: ======'machine_var_audits_missing_switches_s_left_inner_horseshoe'====== Args={'value': 123, 'prev_value': None, 'change': True}
2024-12-11 11:33:58,778 : INFO : EventManager : Event: ======'machine_var_audits_missing_switches_s_left_orbit_enter'====== Args={'value': 13, 'prev_value': None, 'change': True}
2024-12-11 11:33:58,778 : INFO : EventManager : Event: ======'machine_var_audits_missing_switches_s_left_orbit_exit'====== Args={'value': 3, 'prev_value': None, 'change': True}
2024-12-11 11:33:58,778 : INFO : EventManager : Event: ======'machine_var_audits_missing_switches_s_left_outlane'====== Args={'value': 8, 'prev_value': None, 'change': True}
2024-12-11 11:33:58,778 : INFO : EventManager : Event: ======'machine_var_audits_missing_switches_s_left_pop_bumper'====== Args={'value': 10, 'prev_value': None, 'change': True}
2024-12-11 11:33:58,778 : INFO : EventManager : Event: ======'machine_var_audits_missing_switches_s_left_ramp_enter'====== Args={'value': 142, 'prev_value': None, 'change': True}
2024-12-11 11:33:58,778 : INFO : EventManager : Event: ======'machine_var_audits_missing_switches_s_left_ramp_exit'====== Args={'value': 7, 'prev_value': None, 'change': True}
2024-12-11 11:33:58,778 : INFO : EventManager : Event: ======'machine_var_audits_missing_switches_s_left_ramp_standup'====== Args={'value': 8, 'prev_value': None, 'change': True}
2024-12-11 11:33:58,778 : INFO : EventManager : Event: ======'machine_var_audits_missing_switches_s_left_rollover_lane'====== Args={'value': 8, 'prev_value': None, 'change': True}
2024-12-11 11:33:58,778 : INFO : EventManager : Event: ======'machine_var_audits_missing_switches_s_left_sling'====== Args={'value': 49, 'prev_value': None, 'change': True}
2024-12-11 11:33:58,779 : INFO : EventManager : Event: ======'machine_var_audits_missing_switches_s_middle_inline_drop'====== Args={'value': 14, 'prev_value': None, 'change': True}
2024-12-11 11:33:58,779 : INFO : EventManager : Event: ======'machine_var_audits_missing_switches_s_middle_rollover_lane'====== Args={'value': 8, 'prev_value': None, 'change': True}
2024-12-11 11:33:58,779 : INFO : EventManager : Event: ======'machine_var_audits_missing_switches_s_n_target'====== Args={'value': 20, 'prev_value': None, 'change': True}
2024-12-11 11:33:58,779 : INFO : EventManager : Event: ======'machine_var_audits_missing_switches_s_p2_target'====== Args={'value': 21, 'prev_value': None, 'change': True}
2024-12-11 11:33:58,779 : INFO : EventManager : Event: ======'machine_var_audits_missing_switches_s_right_flipper'====== Args={'value': 7, 'prev_value': None, 'change': True}
2024-12-11 11:33:58,779 : INFO : EventManager : Event: ======'machine_var_audits_missing_switches_s_right_inlane'====== Args={'value': 8, 'prev_value': None, 'change': True}
2024-12-11 11:33:58,779 : INFO : EventManager : Event: ======'machine_var_audits_missing_switches_s_right_inner_horseshoe'====== Args={'value': 225, 'prev_value': None, 'change': True}
2024-12-11 11:33:58,779 : INFO : EventManager : Event: ======'machine_var_audits_missing_switches_s_right_orbit_exit'====== Args={'value': 667, 'prev_value': None, 'change': True}
2024-12-11 11:33:58,779 : INFO : EventManager : Event: ======'machine_var_audits_missing_switches_s_right_outlane'====== Args={'value': 8, 'prev_value': None, 'change': True}
2024-12-11 11:33:58,779 : INFO : EventManager : Event: ======'machine_var_audits_missing_switches_s_right_pop_bumper'====== Args={'value': 274, 'prev_value': None, 'change': True}
2024-12-11 11:33:58,779 : INFO : EventManager : Event: ======'machine_var_audits_missing_switches_s_right_ramp_enter'====== Args={'value': 161, 'prev_value': None, 'change': True}
2024-12-11 11:33:58,779 : INFO : EventManager : Event: ======'machine_var_audits_missing_switches_s_right_ramp_exit'====== Args={'value': 7, 'prev_value': None, 'change': True}
2024-12-11 11:33:58,779 : INFO : EventManager : Event: ======'machine_var_audits_missing_switches_s_right_ramp_standup'====== Args={'value': 8, 'prev_value': None, 'change': True}
2024-12-11 11:33:58,780 : INFO : EventManager : Event: ======'machine_var_audits_missing_switches_s_right_rollover_lane'====== Args={'value': 8, 'prev_value': None, 'change': True}
2024-12-11 11:33:58,780 : INFO : EventManager : Event: ======'machine_var_audits_missing_switches_s_right_sling'====== Args={'value': 225, 'prev_value': None, 'change': True}
2024-12-11 11:33:58,780 : INFO : EventManager : Event: ======'machine_var_audits_missing_switches_s_scoop'====== Args={'value': 3, 'prev_value': None, 'change': True}
2024-12-11 11:33:58,780 : INFO : EventManager : Event: ======'machine_var_audits_missing_switches_s_service_down'====== Args={'value': 53, 'prev_value': None, 'change': True}
2024-12-11 11:33:58,780 : INFO : EventManager : Event: ======'machine_var_audits_missing_switches_s_service_enter'====== Args={'value': 53, 'prev_value': None, 'change': True}
2024-12-11 11:33:58,780 : INFO : EventManager : Event: ======'machine_var_audits_missing_switches_s_service_esc'====== Args={'value': 53, 'prev_value': None, 'change': True}
2024-12-11 11:33:58,780 : INFO : EventManager : Event: ======'machine_var_audits_missing_switches_s_service_up'====== Args={'value': 53, 'prev_value': None, 'change': True}
2024-12-11 11:33:58,780 : INFO : EventManager : Event: ======'machine_var_audits_missing_switches_s_start'====== Args={'value': 3, 'prev_value': None, 'change': True}
2024-12-11 11:33:58,780 : INFO : EventManager : Event: ======'machine_var_audits_missing_switches_s_top_inline_drop'====== Args={'value': 14, 'prev_value': None, 'change': True}
2024-12-11 11:33:58,780 : INFO : EventManager : Event: ======'machine_var_audits_missing_switches_s_trough1'====== Args={'value': 7, 'prev_value': None, 'change': True}
2024-12-11 11:33:58,780 : INFO : EventManager : Event: ======'machine_var_audits_missing_switches_s_trough2'====== Args={'value': 22, 'prev_value': None, 'change': True}
2024-12-11 11:33:58,781 : INFO : EventManager : Event: ======'machine_var_audits_missing_switches_s_trough3'====== Args={'value': 22, 'prev_value': None, 'change': True}
2024-12-11 11:33:58,781 : INFO : EventManager : Event: ======'machine_var_audits_missing_switches_s_trough4'====== Args={'value': 897, 'prev_value': None, 'change': True}
2024-12-11 11:33:58,781 : INFO : EventManager : Event: ======'machine_var_audits_missing_switches_s_trough5'====== Args={'value': 1430, 'prev_value': None, 'change': True}
2024-12-11 11:33:58,781 : INFO : EventManager : Event: ======'machine_var_audits_missing_switches_s_trough6'====== Args={'value': 1430, 'prev_value': None, 'change': True}
2024-12-11 11:33:58,781 : INFO : EventManager : Event: ======'machine_var_audits_missing_switches_s_trough_jam'====== Args={'value': 1363, 'prev_value': None, 'change': True}
2024-12-11 11:33:58,781 : INFO : EventManager : Event: ======'machine_var_audits_player_score'====== Args={'value': {'average': 32156699, 'top': [132398600, 91250250, 68340100, 62250100, 49430150, 48340150, 40340150, 36245050, 36245050, 35245050], 'total': 24}, 'prev_value': None, 'change': True}
2024-12-11 11:33:58,781 : INFO : EventManager : Event: ======'machine_var_audits_shots_a_rollover_lane'====== Args={'value': 270, 'prev_value': None, 'change': True}
2024-12-11 11:33:58,781 : INFO : EventManager : Event: ======'machine_var_audits_shots_a_target'====== Args={'value': 7, 'prev_value': None, 'change': True}
2024-12-11 11:33:58,781 : INFO : EventManager : Event: ======'machine_var_audits_shots_ball_lock_a_target'====== Args={'value': 6, 'prev_value': None, 'change': True}
2024-12-11 11:33:58,781 : INFO : EventManager : Event: ======'machine_var_audits_shots_ball_lock_e_target'====== Args={'value': 5, 'prev_value': None, 'change': True}
2024-12-11 11:33:58,782 : INFO : EventManager : Event: ======'machine_var_audits_shots_ball_lock_n_target'====== Args={'value': 5, 'prev_value': None, 'change': True}
2024-12-11 11:33:58,782 : INFO : EventManager : Event: ======'machine_var_audits_shots_ball_lock_p2_target'====== Args={'value': 9, 'prev_value': None, 'change': True}
2024-12-11 11:33:58,782 : INFO : EventManager : Event: ======'machine_var_audits_shots_bottom_inline_drop'====== Args={'value': 99, 'prev_value': None, 'change': True}
2024-12-11 11:33:58,782 : INFO : EventManager : Event: ======'machine_var_audits_shots_e_target'====== Args={'value': 3, 'prev_value': None, 'change': True}
2024-12-11 11:33:58,782 : INFO : EventManager : Event: ======'machine_var_audits_shots_h_rollover_lane'====== Args={'value': 229, 'prev_value': None, 'change': True}
2024-12-11 11:33:58,782 : INFO : EventManager : Event: ======'machine_var_audits_shots_k_rollover_lane'====== Args={'value': 226, 'prev_value': None, 'change': True}
2024-12-11 11:33:58,782 : INFO : EventManager : Event: ======'machine_var_audits_shots_left_rollover_lane'====== Args={'value': 234, 'prev_value': None, 'change': True}
2024-12-11 11:33:58,782 : INFO : EventManager : Event: ======'machine_var_audits_shots_middle_inline_drop'====== Args={'value': 59, 'prev_value': None, 'change': True}
2024-12-11 11:33:58,782 : INFO : EventManager : Event: ======'machine_var_audits_shots_middle_rollover_lane'====== Args={'value': 222, 'prev_value': None, 'change': True}
2024-12-11 11:33:58,783 : INFO : EventManager : Event: ======'machine_var_audits_shots_mode_scoop'====== Args={'value': 341, 'prev_value': None, 'change': True}
2024-12-11 11:33:58,783 : INFO : EventManager : Event: ======'machine_var_audits_shots_n_rollover_lane'====== Args={'value': 236, 'prev_value': None, 'change': True}
2024-12-11 11:33:58,783 : INFO : EventManager : Event: ======'machine_var_audits_shots_n_target'====== Args={'value': 9, 'prev_value': None, 'change': True}
2024-12-11 11:33:58,783 : INFO : EventManager : Event: ======'machine_var_audits_shots_o_target'====== Args={'value': 4, 'prev_value': None, 'change': True}
2024-12-11 11:33:58,783 : INFO : EventManager : Event: ======'machine_var_audits_shots_p2_target'====== Args={'value': 5, 'prev_value': None, 'change': True}
2024-12-11 11:33:58,783 : INFO : EventManager : Event: ======'machine_var_audits_shots_p_target'====== Args={'value': 8, 'prev_value': None, 'change': True}
2024-12-11 11:33:58,784 : INFO : EventManager : Event: ======'machine_var_audits_shots_qualify_a_target'====== Args={'value': 7, 'prev_value': None, 'change': True}
2024-12-11 11:33:58,784 : INFO : EventManager : Event: ======'machine_var_audits_shots_qualify_e_target'====== Args={'value': 8, 'prev_value': None, 'change': True}
2024-12-11 11:33:58,784 : INFO : EventManager : Event: ======'machine_var_audits_shots_qualify_n_target'====== Args={'value': 7, 'prev_value': None, 'change': True}
2024-12-11 11:33:58,784 : INFO : EventManager : Event: ======'machine_var_audits_shots_qualify_o_target'====== Args={'value': 739, 'prev_value': None, 'change': True}
2024-12-11 11:33:58,784 : INFO : EventManager : Event: ======'machine_var_audits_shots_qualify_p2_target'====== Args={'value': 9, 'prev_value': None, 'change': True}
2024-12-11 11:33:58,784 : INFO : EventManager : Event: ======'machine_var_audits_shots_qualify_p_target'====== Args={'value': 715, 'prev_value': None, 'change': True}
2024-12-11 11:33:58,784 : INFO : EventManager : Event: ======'machine_var_audits_shots_qualify_r_target'====== Args={'value': 749, 'prev_value': None, 'change': True}
2024-12-11 11:33:58,784 : INFO : EventManager : Event: ======'machine_var_audits_shots_r_target'====== Args={'value': 14, 'prev_value': None, 'change': True}
2024-12-11 11:33:58,785 : INFO : EventManager : Event: ======'machine_var_audits_shots_rainey_multiball_ball_lock_a_target'====== Args={'value': 154, 'prev_value': None, 'change': True}
2024-12-11 11:33:58,785 : INFO : EventManager : Event: ======'machine_var_audits_shots_rainey_multiball_ball_lock_e_target'====== Args={'value': 131, 'prev_value': None, 'change': True}
2024-12-11 11:33:58,785 : INFO : EventManager : Event: ======'machine_var_audits_shots_rainey_multiball_ball_lock_n_target'====== Args={'value': 132, 'prev_value': None, 'change': True}
2024-12-11 11:33:58,785 : INFO : EventManager : Event: ======'machine_var_audits_shots_rainey_multiball_ball_lock_p2_target'====== Args={'value': 252, 'prev_value': None, 'change': True}
2024-12-11 11:33:58,785 : INFO : EventManager : Event: ======'machine_var_audits_shots_right_rollover_lane'====== Args={'value': 232, 'prev_value': None, 'change': True}
2024-12-11 11:33:58,785 : INFO : EventManager : Event: ======'machine_var_audits_shots_scoop'====== Args={'value': 285, 'prev_value': None, 'change': True}
2024-12-11 11:33:58,785 : INFO : EventManager : Event: ======'machine_var_audits_shots_scoop_mission_select'====== Args={'value': 57, 'prev_value': None, 'change': True}
2024-12-11 11:33:58,786 : INFO : EventManager : Event: ======'machine_var_audits_shots_shot_center_spinner_heat'====== Args={'value': 34, 'prev_value': None, 'change': True}
2024-12-11 11:33:58,786 : INFO : EventManager : Event: ======'machine_var_audits_shots_shot_left_orbit_heat'====== Args={'value': 300, 'prev_value': None, 'change': True}
2024-12-11 11:33:58,786 : INFO : EventManager : Event: ======'machine_var_audits_shots_shot_left_ramp'====== Args={'value': 494, 'prev_value': None, 'change': True}
2024-12-11 11:33:58,786 : INFO : EventManager : Event: ======'machine_var_audits_shots_shot_left_ramp_heat'====== Args={'value': 45, 'prev_value': None, 'change': True}
2024-12-11 11:33:58,786 : INFO : EventManager : Event: ======'machine_var_audits_shots_shot_right_orbit_heat'====== Args={'value': 30, 'prev_value': None, 'change': True}
2024-12-11 11:33:58,786 : INFO : EventManager : Event: ======'machine_var_audits_shots_shot_right_ramp'====== Args={'value': 364, 'prev_value': None, 'change': True}
2024-12-11 11:33:58,786 : INFO : EventManager : Event: ======'machine_var_audits_shots_shot_right_ramp_heat'====== Args={'value': 33, 'prev_value': None, 'change': True}
2024-12-11 11:33:58,787 : INFO : EventManager : Event: ======'machine_var_audits_shots_skillshot_a_target'====== Args={'value': 116, 'prev_value': None, 'change': True}
2024-12-11 11:33:58,787 : INFO : EventManager : Event: ======'machine_var_audits_shots_skillshot_e_target'====== Args={'value': 97, 'prev_value': None, 'change': True}
2024-12-11 11:33:58,787 : INFO : EventManager : Event: ======'machine_var_audits_shots_skillshot_n_target'====== Args={'value': 88, 'prev_value': None, 'change': True}
2024-12-11 11:33:58,787 : INFO : EventManager : Event: ======'machine_var_audits_shots_skillshot_o_target'====== Args={'value': 174, 'prev_value': None, 'change': True}
2024-12-11 11:33:58,787 : INFO : EventManager : Event: ======'machine_var_audits_shots_skillshot_p2_target'====== Args={'value': 198, 'prev_value': None, 'change': True}
2024-12-11 11:33:58,787 : INFO : EventManager : Event: ======'machine_var_audits_shots_skillshot_p_target'====== Args={'value': 316, 'prev_value': None, 'change': True}
2024-12-11 11:33:58,787 : INFO : EventManager : Event: ======'machine_var_audits_shots_skillshot_r_target'====== Args={'value': 183, 'prev_value': None, 'change': True}
2024-12-11 11:33:58,788 : INFO : EventManager : Event: ======'machine_var_audits_shots_spinner'====== Args={'value': 11, 'prev_value': None, 'change': True}
2024-12-11 11:33:58,788 : INFO : EventManager : Event: ======'machine_var_audits_shots_top_inline_drop'====== Args={'value': 18, 'prev_value': None, 'change': True}
2024-12-11 11:33:58,788 : INFO : EventManager : Event: ======'machine_var_audits_switches_s_a_target'====== Args={'value': 282, 'prev_value': None, 'change': True}
2024-12-11 11:33:58,788 : INFO : EventManager : Event: ======'machine_var_audits_switches_s_bottom_inline_drop'====== Args={'value': 1121, 'prev_value': None, 'change': True}
2024-12-11 11:33:58,788 : INFO : EventManager : Event: ======'machine_var_audits_switches_s_bottom_pop_bumper'====== Args={'value': 931, 'prev_value': None, 'change': True}
2024-12-11 11:33:58,788 : INFO : EventManager : Event: ======'machine_var_audits_switches_s_center_spinner'====== Args={'value': 391, 'prev_value': None, 'change': True}
2024-12-11 11:33:58,789 : INFO : EventManager : Event: ======'machine_var_audits_switches_s_door_open'====== Args={'value': 0, 'prev_value': None, 'change': True}
2024-12-11 11:33:58,789 : INFO : EventManager : Event: ======'machine_var_audits_switches_s_e_target'====== Args={'value': 264, 'prev_value': None, 'change': True}
2024-12-11 11:33:58,789 : INFO : EventManager : Event: ======'machine_var_audits_switches_s_launch_button'====== Args={'value': 10, 'prev_value': None, 'change': True}
2024-12-11 11:33:58,789 : INFO : EventManager : Event: ======'machine_var_audits_switches_s_left_flipper'====== Args={'value': 807, 'prev_value': None, 'change': True}
2024-12-11 11:33:58,789 : INFO : EventManager : Event: ======'machine_var_audits_switches_s_left_inlane'====== Args={'value': 281, 'prev_value': None, 'change': True}
2024-12-11 11:33:58,790 : INFO : EventManager : Event: ======'machine_var_audits_switches_s_left_inner_horseshoe'====== Args={'value': 21, 'prev_value': None, 'change': True}
2024-12-11 11:33:58,790 : INFO : EventManager : Event: ======'machine_var_audits_switches_s_left_orbit_enter'====== Args={'value': 125, 'prev_value': None, 'change': True}
2024-12-11 11:33:58,790 : INFO : EventManager : Event: ======'machine_var_audits_switches_s_left_orbit_exit'====== Args={'value': 322, 'prev_value': None, 'change': True}
2024-12-11 11:33:58,790 : INFO : EventManager : Event: ======'machine_var_audits_switches_s_left_outlane'====== Args={'value': 255, 'prev_value': None, 'change': True}
2024-12-11 11:33:58,790 : INFO : EventManager : Event: ======'machine_var_audits_switches_s_left_pop_bumper'====== Args={'value': 16, 'prev_value': None, 'change': True}
2024-12-11 11:33:58,790 : INFO : EventManager : Event: ======'machine_var_audits_switches_s_left_ramp_enter'====== Args={'value': 43, 'prev_value': None, 'change': True}
2024-12-11 11:33:58,791 : INFO : EventManager : Event: ======'machine_var_audits_switches_s_left_ramp_exit'====== Args={'value': 567, 'prev_value': None, 'change': True}
2024-12-11 11:33:58,791 : INFO : EventManager : Event: ======'machine_var_audits_switches_s_left_ramp_standup'====== Args={'value': 1702, 'prev_value': None, 'change': True}
2024-12-11 11:33:58,791 : INFO : EventManager : Event: ======'machine_var_audits_switches_s_left_rollover_lane'====== Args={'value': 239, 'prev_value': None, 'change': True}
2024-12-11 11:33:58,791 : INFO : EventManager : Event: ======'machine_var_audits_switches_s_left_sling'====== Args={'value': 13, 'prev_value': None, 'change': True}
2024-12-11 11:33:58,791 : INFO : EventManager : Event: ======'machine_var_audits_switches_s_left_spinner'====== Args={'value': 362, 'prev_value': None, 'change': True}
2024-12-11 11:33:58,791 : INFO : EventManager : Event: ======'machine_var_audits_switches_s_middle_inline_drop'====== Args={'value': 1063, 'prev_value': None, 'change': True}
2024-12-11 11:33:58,792 : INFO : EventManager : Event: ======'machine_var_audits_switches_s_middle_rollover_lane'====== Args={'value': 225, 'prev_value': None, 'change': True}
2024-12-11 11:33:58,792 : INFO : EventManager : Event: ======'machine_var_audits_switches_s_n_target'====== Args={'value': 254, 'prev_value': None, 'change': True}
2024-12-11 11:33:58,792 : INFO : EventManager : Event: ======'machine_var_audits_switches_s_o_target'====== Args={'value': 803, 'prev_value': None, 'change': True}
2024-12-11 11:33:58,792 : INFO : EventManager : Event: ======'machine_var_audits_switches_s_p2_target'====== Args={'value': 337, 'prev_value': None, 'change': True}
2024-12-11 11:33:58,792 : INFO : EventManager : Event: ======'machine_var_audits_switches_s_p_target'====== Args={'value': 1163, 'prev_value': None, 'change': True}
2024-12-11 11:33:58,793 : INFO : EventManager : Event: ======'machine_var_audits_switches_s_plunger'====== Args={'value': 1859, 'prev_value': None, 'change': True}
2024-12-11 11:33:58,793 : INFO : EventManager : Event: ======'machine_var_audits_switches_s_plunger_lane'====== Args={'value': 39, 'prev_value': None, 'change': True}
2024-12-11 11:33:58,793 : INFO : EventManager : Event: ======'machine_var_audits_switches_s_plunger_lane_exit'====== Args={'value': 1498, 'prev_value': None, 'change': True}
2024-12-11 11:33:58,793 : INFO : EventManager : Event: ======'machine_var_audits_switches_s_r_target'====== Args={'value': 814, 'prev_value': None, 'change': True}
2024-12-11 11:33:58,793 : INFO : EventManager : Event: ======'machine_var_audits_switches_s_right_flipper'====== Args={'value': 2720, 'prev_value': None, 'change': True}
2024-12-11 11:33:58,793 : INFO : EventManager : Event: ======'machine_var_audits_switches_s_right_inlane'====== Args={'value': 245, 'prev_value': None, 'change': True}
2024-12-11 11:33:58,794 : INFO : EventManager : Event: ======'machine_var_audits_switches_s_right_inner_horseshoe'====== Args={'value': 30, 'prev_value': None, 'change': True}
2024-12-11 11:33:58,794 : INFO : EventManager : Event: ======'machine_var_audits_switches_s_right_orbit_exit'====== Args={'value': 34, 'prev_value': None, 'change': True}
2024-12-11 11:33:58,794 : INFO : EventManager : Event: ======'machine_var_audits_switches_s_right_outlane'====== Args={'value': 234, 'prev_value': None, 'change': True}
2024-12-11 11:33:58,794 : INFO : EventManager : Event: ======'machine_var_audits_switches_s_right_pop_bumper'====== Args={'value': 25, 'prev_value': None, 'change': True}
2024-12-11 11:33:58,795 : INFO : EventManager : Event: ======'machine_var_audits_switches_s_right_ramp_enter'====== Args={'value': 20, 'prev_value': None, 'change': True}
2024-12-11 11:33:58,795 : INFO : EventManager : Event: ======'machine_var_audits_switches_s_right_ramp_exit'====== Args={'value': 407, 'prev_value': None, 'change': True}
2024-12-11 11:33:58,795 : INFO : EventManager : Event: ======'machine_var_audits_switches_s_right_ramp_standup'====== Args={'value': 333, 'prev_value': None, 'change': True}
2024-12-11 11:33:58,795 : INFO : EventManager : Event: ======'machine_var_audits_switches_s_right_rollover_lane'====== Args={'value': 246, 'prev_value': None, 'change': True}
2024-12-11 11:33:58,796 : INFO : EventManager : Event: ======'machine_var_audits_switches_s_right_sling'====== Args={'value': 22, 'prev_value': None, 'change': True}
2024-12-11 11:33:58,796 : INFO : EventManager : Event: ======'machine_var_audits_switches_s_scoop'====== Args={'value': 1250, 'prev_value': None, 'change': True}
2024-12-11 11:33:58,796 : INFO : EventManager : Event: ======'machine_var_audits_switches_s_service_down'====== Args={'value': 0, 'prev_value': None, 'change': True}
2024-12-11 11:33:58,796 : INFO : EventManager : Event: ======'machine_var_audits_switches_s_service_enter'====== Args={'value': 0, 'prev_value': None, 'change': True}
2024-12-11 11:33:58,796 : INFO : EventManager : Event: ======'machine_var_audits_switches_s_service_esc'====== Args={'value': 0, 'prev_value': None, 'change': True}
2024-12-11 11:33:58,797 : INFO : EventManager : Event: ======'machine_var_audits_switches_s_service_up'====== Args={'value': 0, 'prev_value': None, 'change': True}
2024-12-11 11:33:58,797 : INFO : EventManager : Event: ======'machine_var_audits_switches_s_start'====== Args={'value': 1071, 'prev_value': None, 'change': True}
2024-12-11 11:33:58,797 : INFO : EventManager : Event: ======'machine_var_audits_switches_s_top_inline_drop'====== Args={'value': 68, 'prev_value': None, 'change': True}
2024-12-11 11:33:58,797 : INFO : EventManager : Event: ======'machine_var_audits_switches_s_trough1'====== Args={'value': 599, 'prev_value': None, 'change': True}
2024-12-11 11:33:58,797 : INFO : EventManager : Event: ======'machine_var_audits_switches_s_trough2'====== Args={'value': 38, 'prev_value': None, 'change': True}
2024-12-11 11:33:58,798 : INFO : EventManager : Event: ======'machine_var_audits_switches_s_trough3'====== Args={'value': 24, 'prev_value': None, 'change': True}
2024-12-11 11:33:58,798 : INFO : EventManager : Event: ======'machine_var_audits_switches_s_trough4'====== Args={'value': 3, 'prev_value': None, 'change': True}
2024-12-11 11:33:58,798 : INFO : EventManager : Event: ======'machine_var_audits_switches_s_trough5'====== Args={'value': 2, 'prev_value': None, 'change': True}
2024-12-11 11:33:58,798 : INFO : EventManager : Event: ======'machine_var_audits_switches_s_trough6'====== Args={'value': 1, 'prev_value': None, 'change': True}
2024-12-11 11:33:58,798 : INFO : EventManager : Event: ======'machine_var_audits_switches_s_trough_jam'====== Args={'value': 5, 'prev_value': None, 'change': True}
2024-12-11 11:33:58,799 : INFO : EventManager : Event: ======'init_phase_5'====== Args={}
2024-12-11 11:33:58,803 : INFO : EventManager : Event: ======'init_done'====== Args={}
2024-12-11 11:33:58,803 : INFO : EventManager : Event: ======'machine_reset_phase_1'====== Args={}
2024-12-11 11:33:58,816 : INFO : EventManager : Event: ======'machine_reset_phase_2'====== Args={}
2024-12-11 11:33:58,816 : INFO : EventManager : Event: ======'machine_reset_phase_3'====== Args={}
2024-12-11 11:33:58,816 : INFO : drop_target_bank.strickland_bank : All targets are already up. Will not reset bank.
2024-12-11 11:33:58,816 : INFO : EventManager : Event: ======'reset_complete'====== Args={}
2024-12-11 11:33:58,816 : INFO : EventManager : Event: ======'mode_attract_will_start'====== Args={}
2024-12-11 11:33:58,816 : INFO : Timer.attract_switch : Starting Timer.
2024-12-11 11:33:58,816 : INFO : EventManager : Event: ======'timer_attract_switch_started'====== Args={'ticks': 0, 'ticks_remaining': 46}
2024-12-11 11:33:58,816 : INFO : EventManager : Event: ======'timer_attract_switch_tick'====== Args={'ticks': 0, 'ticks_remaining': 46}
2024-12-11 11:33:58,817 : INFO : EventManager : Event: ======'mode_attract_starting'====== Args={}
2024-12-11 11:33:58,817 : INFO : Mode.attract : Started. Priority: 10
2024-12-11 11:33:58,817 : INFO : EventManager : Event: ======'modes_active_modes_changed'====== Args={}
2024-12-11 11:33:58,817 : INFO : EventManager : Event: ======'mode_attract_started'====== Args={}
2024-12-11 11:33:58,817 : INFO : EventManager : Event: ======'collecting_balls_complete'====== Args={}
2024-12-11 11:33:58,817 : INFO : Machine : Starting the main run loop.
2024-12-11 11:33:58,944 : INFO : BcpServer : New client connected.
2024-12-11 11:33:59,377 : INFO : SwitchController : <<<<<<< 's_start' active >>>>>>>
2024-12-11 11:33:59,377 : INFO : EventManager : Event: ======'s_start_active'====== Args={}
2024-12-11 11:33:59,378 : INFO : EventManager : Event: ======'sw_add_player'====== Args={'priority': 0}
2024-12-11 11:33:59,502 : INFO : SwitchController : <<<<<<< 's_start' inactive >>>>>>>
2024-12-11 11:33:59,502 : INFO : EventManager : Event: ======'request_to_start_game'====== Args={}
2024-12-11 11:33:59,504 : INFO : EventManager : Event: ======'game_start'====== Args={'buttons': [], 'hold_time': 0.124330583}
2024-12-11 11:33:59,504 : INFO : EventManager : Event: ======'mode_game_will_start'====== Args={'buttons': [], 'hold_time': 0.124330583}
2024-12-11 11:33:59,506 : INFO : EventManager : Event: ======'mode_game_starting'====== Args={'buttons': [], 'hold_time': 0.124330583}
2024-12-11 11:33:59,506 : INFO : EventManager : Event: ======'mode_attract_will_stop'====== Args={}
2024-12-11 11:33:59,507 : INFO : EventManager : Event: ======'mode_attract_stopping'====== Args={}
2024-12-11 11:33:59,507 : INFO : Mode.attract : Stopped.
2024-12-11 11:33:59,507 : INFO : EventManager : Event: ======'modes_active_modes_changed'====== Args={}
2024-12-11 11:33:59,509 : INFO : EventManager : Event: ======'mode_attract_stopped'====== Args={}
2024-12-11 11:33:59,510 : INFO : EventManager : Event: ======'clear'====== Args={'key': 'attract'}
2024-12-11 11:33:59,510 : INFO : Timer.attract_switch : Stopping Timer
2024-12-11 11:33:59,511 : INFO : EventManager : Event: ======'timer_attract_switch_stopped'====== Args={'ticks': 0, 'ticks_remaining': 46}
2024-12-11 11:33:59,511 : INFO : Mode.game : Started. Priority: 20
2024-12-11 11:33:59,511 : INFO : EventManager : Event: ======'modes_active_modes_changed'====== Args={}
2024-12-11 11:33:59,512 : INFO : EventManager : Event: ======'mode_game_started'====== Args={'buttons': [], 'hold_time': 0.124330583}
2024-12-11 11:33:59,513 : INFO : EventManager : Event: ======'game_will_start'====== Args={}
2024-12-11 11:33:59,523 : INFO : EventManager : Event: ======'game_starting'====== Args={'game': <Mode.game>}
2024-12-11 11:33:59,524 : INFO : EventManager : Event: ======'slide__removed'====== Args={'_from_bcp': True}
2024-12-11 11:33:59,526 : INFO : EventManager : Unordered handler for class <Auditor> on event game_ended with priority 1. Handlers: [RegisteredHandler(callback=<bound method Auditor.disable of <Auditor>>, priority=1, kwargs={}, key=UUID('10658e7e-3e38-456b-9f1d-b234ba7e77a5'), condition=None, blocking_facility=None), RegisteredHandler(callback=<bound method Auditor._save_audits of <Auditor>>, priority=1, kwargs={}, key=UUID('d862d0ad-10ad-44fd-8877-d18a5da35daf'), condition=None, blocking_facility=None)]. The order of those handlers is not defined and they will be executed in random order. This might lead to race conditions and potential bugs.
2024-12-11 11:33:59,527 : INFO : EventManager : Event: ======'player_add_request'====== Args={}
2024-12-11 11:33:59,527 : INFO : EventManager : Event: ======'player_will_add'====== Args={'number': 1}
2024-12-11 11:33:59,528 : INFO : EventManager : Event: ======'player_adding'====== Args={'player': <Player 1>, 'number': 1}
2024-12-11 11:33:59,528 : INFO : EventManager : Event: ======'player_added'====== Args={'player': <Player 1>, 'num': 1}
2024-12-11 11:33:59,528 : INFO : Mode.game : Player added successfully. Total players: 1
2024-12-11 11:33:59,529 : INFO : EventManager : Event: ======'player_index'====== Args={'value': 0, 'prev_value': 0, 'change': 0, 'player_num': 1}
2024-12-11 11:33:59,529 : INFO : EventManager : Event: ======'player_number'====== Args={'value': 1, 'prev_value': 1, 'change': 0, 'player_num': 1}
2024-12-11 11:33:59,530 : INFO : EventManager : Event: ======'player_score'====== Args={'value': 0, 'prev_value': 0, 'change': 0, 'player_num': 1}
2024-12-11 11:33:59,531 : INFO : EventManager : Event: ======'game_started'====== Args={}
2024-12-11 11:33:59,531 : INFO : EventManager : Event: ======'player_turn_will_start'====== Args={'player': <Player 1>, 'number': 1}
2024-12-11 11:33:59,532 : INFO : EventManager : Event: ======'player_turn_starting'====== Args={'player': <Player 1>, 'number': 1}
2024-12-11 11:33:59,532 : INFO : EventManager : Event: ======'player_ball'====== Args={'value': 1, 'prev_value': 0, 'change': 1, 'player_num': 1}
2024-12-11 11:33:59,532 : INFO : EventManager : Event: ======'player_turn_started'====== Args={'player': <Player 1>, 'number': 1}
2024-12-11 11:33:59,533 : INFO : EventManager : Event: ======'ball_will_start'====== Args={'player': 1, 'ball': 1, 'balls_remaining': 2, 'is_extra_ball': False}
2024-12-11 11:33:59,533 : INFO : EventManager : Event: ======'ball_starting'====== Args={'player': 1, 'ball': 1, 'balls_remaining': 2, 'is_extra_ball': False}
2024-12-11 11:33:59,534 : INFO : SwitchController : <<<<<<< 's_plunger' active >>>>>>>
2024-12-11 11:33:59,534 : INFO : EventManager : Event: ======'machine_var_audits_switches_s_plunger'====== Args={'value': 1860, 'prev_value': 1859, 'change': 1}
2024-12-11 11:33:59,535 : INFO : EventManager : Event: ======'mode_rainey_multiball_will_start'====== Args={'queue': <QueuedEvent>, 'player': 1, 'ball': 1, 'balls_remaining': 2, 'is_extra_ball': False}
2024-12-11 11:33:59,537 : INFO : EventManager : Event: ======'mode_rainey_multiball_starting'====== Args={'queue': <QueuedEvent>, 'player': 1, 'ball': 1, 'balls_remaining': 2, 'is_extra_ball': False}
2024-12-11 11:33:59,537 : INFO : EventManager : Event: ======'mode_skillshot_will_start'====== Args={'queue': <QueuedEvent>, 'player': 1, 'ball': 1, 'balls_remaining': 2, 'is_extra_ball': False}
2024-12-11 11:33:59,538 : INFO : EventManager : Event: ======'skillshot_complete'====== Args={'state': 'None'}
2024-12-11 11:33:59,538 : INFO : EventManager : Event: ======'skillshot_None_complete'====== Args={}
2024-12-11 11:33:59,539 : INFO : EventManager : Event: ======'player_shot_skillshot_p_target_enabled'====== Args={'value': True, 'prev_value': 0, 'change': 1, 'player_num': 1}
2024-12-11 11:33:59,539 : INFO : EventManager : Event: ======'player_shot_skillshot_r_target_enabled'====== Args={'value': True, 'prev_value': 0, 'change': 1, 'player_num': 1}
2024-12-11 11:33:59,540 : INFO : EventManager : Event: ======'player_shot_skillshot_o_target_enabled'====== Args={'value': True, 'prev_value': 0, 'change': 1, 'player_num': 1}
2024-12-11 11:33:59,540 : INFO : EventManager : Event: ======'player_shot_skillshot_p2_target_enabled'====== Args={'value': True, 'prev_value': 0, 'change': 1, 'player_num': 1}
2024-12-11 11:33:59,541 : INFO : EventManager : Event: ======'player_shot_skillshot_a_target_enabled'====== Args={'value': True, 'prev_value': 0, 'change': 1, 'player_num': 1}
2024-12-11 11:33:59,541 : INFO : EventManager : Event: ======'player_shot_skillshot_n_target_enabled'====== Args={'value': True, 'prev_value': 0, 'change': 1, 'player_num': 1}
2024-12-11 11:33:59,542 : INFO : EventManager : Event: ======'player_shot_skillshot_e_target_enabled'====== Args={'value': True, 'prev_value': 0, 'change': 1, 'player_num': 1}
2024-12-11 11:33:59,542 : INFO : EventManager : Event: ======'player_skillshot_skillshot_rotate_tick'====== Args={'value': 0, 'prev_value': 0, 'change': 0, 'player_num': 1}
2024-12-11 11:33:59,543 : INFO : Timer.skillshot_rotate : Starting Timer.
2024-12-11 11:33:59,543 : INFO : EventManager : Event: ======'timer_skillshot_rotate_started'====== Args={'ticks': 0, 'ticks_remaining': 0}
2024-12-11 11:33:59,543 : INFO : EventManager : Event: ======'timer_skillshot_rotate_tick'====== Args={'ticks': 0, 'ticks_remaining': 0}
2024-12-11 11:33:59,545 : INFO : EventManager : Event: ======'mode_skillshot_starting'====== Args={'queue': <QueuedEvent>, 'player': 1, 'ball': 1, 'balls_remaining': 2, 'is_extra_ball': False}
2024-12-11 11:33:59,545 : INFO : EventManager : Event: ======'mode_base_will_start'====== Args={'queue': <QueuedEvent>, 'player': 1, 'ball': 1, 'balls_remaining': 2, 'is_extra_ball': False}
2024-12-11 11:33:59,545 : INFO : EventManager : Event: ======'player_shot_qualify_p_target_enabled'====== Args={'value': False, 'prev_value': 0, 'change': 0, 'player_num': 1}
2024-12-11 11:33:59,545 : INFO : EventManager : Event: ======'player_shot_qualify_r_target_enabled'====== Args={'value': False, 'prev_value': 0, 'change': 0, 'player_num': 1}
2024-12-11 11:33:59,546 : INFO : EventManager : Event: ======'player_shot_qualify_o_target_enabled'====== Args={'value': False, 'prev_value': 0, 'change': 0, 'player_num': 1}
2024-12-11 11:33:59,546 : INFO : EventManager : Event: ======'player_shot_mode_scoop_enabled'====== Args={'value': False, 'prev_value': 0, 'change': 0, 'player_num': 1}
2024-12-11 11:33:59,546 : INFO : EventManager : Event: ======'player_shot_rainey_multiball_ball_lock_p2_target_enabled'====== Args={'value': True, 'prev_value': 0, 'change': 1, 'player_num': 1}
2024-12-11 11:33:59,547 : INFO : EventManager : Event: ======'player_shot_rainey_multiball_ball_lock_a_target_enabled'====== Args={'value': True, 'prev_value': 0, 'change': 1, 'player_num': 1}
2024-12-11 11:33:59,547 : INFO : EventManager : Event: ======'player_shot_rainey_multiball_ball_lock_n_target_enabled'====== Args={'value': True, 'prev_value': 0, 'change': 1, 'player_num': 1}
2024-12-11 11:33:59,548 : INFO : EventManager : Event: ======'player_shot_rainey_multiball_ball_lock_e_target_enabled'====== Args={'value': True, 'prev_value': 0, 'change': 1, 'player_num': 1}
2024-12-11 11:33:59,548 : INFO : EventManager : Event: ======'player_shot_bottom_inline_drop_enabled'====== Args={'value': True, 'prev_value': 0, 'change': 1, 'player_num': 1}
2024-12-11 11:33:59,548 : INFO : EventManager : Event: ======'player_shot_middle_inline_drop_enabled'====== Args={'value': True, 'prev_value': 0, 'change': 1, 'player_num': 1}
2024-12-11 11:33:59,549 : INFO : EventManager : Event: ======'player_shot_top_inline_drop_enabled'====== Args={'value': True, 'prev_value': 0, 'change': 1, 'player_num': 1}
2024-12-11 11:33:59,549 : INFO : EventManager : Event: ======'qualify_mission_complete'====== Args={'state': 'unlit'}
2024-12-11 11:33:59,549 : INFO : EventManager : Event: ======'qualify_mission_unlit_complete'====== Args={}
2024-12-11 11:33:59,549 : INFO : EventManager : Event: ======'light_rainey_multiball_ball_lock_complete'====== Args={'state': 'unlit'}
2024-12-11 11:33:59,550 : INFO : EventManager : Event: ======'light_rainey_multiball_ball_lock_unlit_complete'====== Args={}
2024-12-11 11:33:59,550 : INFO : EventManager : Event: ======'strickland_drops_complete'====== Args={'state': 'unlit'}
2024-12-11 11:33:59,550 : INFO : EventManager : Event: ======'strickland_drops_unlit_complete'====== Args={}
2024-12-11 11:33:59,552 : INFO : EventManager : Event: ======'achievement_played_bill_bulk_and_the_body_buddies_changed_state'====== Args={'restore': False, 'state': 'enabled', 'selected': False}
2024-12-11 11:33:59,552 : INFO : EventManager : Event: ======'achievement_played_bill_bulk_and_the_body_buddies_state_enabled'====== Args={'restore': False, 'state': 'enabled', 'selected': False}
2024-12-11 11:33:59,552 : INFO : EventManager : Event: ======'achievement_played_beat_the_surfer_changed_state'====== Args={'restore': False, 'state': 'enabled', 'selected': False}
2024-12-11 11:33:59,552 : INFO : EventManager : Event: ======'achievement_played_beat_the_surfer_state_enabled'====== Args={'restore': False, 'state': 'enabled', 'selected': False}
2024-12-11 11:33:59,552 : INFO : EventManager : Event: ======'achievement_played_beer_can_named_desire_changed_state'====== Args={'restore': False, 'state': 'enabled', 'selected': False}
2024-12-11 11:33:59,552 : INFO : EventManager : Event: ======'achievement_played_beer_can_named_desire_state_enabled'====== Args={'restore': False, 'state': 'enabled', 'selected': False}
2024-12-11 11:33:59,553 : INFO : EventManager : Event: ======'achievement_played_boomhauer_tbd_changed_state'====== Args={'restore': False, 'state': 'enabled', 'selected': False}
2024-12-11 11:33:59,553 : INFO : EventManager : Event: ======'achievement_played_boomhauer_tbd_state_enabled'====== Args={'restore': False, 'state': 'enabled', 'selected': False}
2024-12-11 11:33:59,553 : INFO : EventManager : Event: ======'achievement_played_dog_dale_afternoon_changed_state'====== Args={'restore': False, 'state': 'enabled', 'selected': False}
2024-12-11 11:33:59,553 : INFO : EventManager : Event: ======'achievement_played_dog_dale_afternoon_state_enabled'====== Args={'restore': False, 'state': 'enabled', 'selected': False}
2024-12-11 11:33:59,558 : INFO : EventManager : Event: ======'mode_base_starting'====== Args={'queue': <QueuedEvent>, 'player': 1, 'ball': 1, 'balls_remaining': 2, 'is_extra_ball': False}
2024-12-11 11:33:59,558 : INFO : drop_target_bank.strickland_bank : All targets are already up. Will not reset bank.
2024-12-11 11:33:59,558 : INFO : EventManager : Event: ======'cmd_flippers_enable'====== Args={'priority': 0}
2024-12-11 11:33:59,558 : INFO : EventManager : Event: ======'cmd_autofire_coils_enable'====== Args={'priority': 0}
2024-12-11 11:33:59,558 : INFO : EventManager : Event: ======'cmd_drop_targets_reset'====== Args={'priority': 0}
2024-12-11 11:33:59,559 : INFO : Mode.skillshot : Started. Priority: 200
2024-12-11 11:33:59,559 : INFO : EventManager : Event: ======'modes_active_modes_changed'====== Args={}
2024-12-11 11:33:59,559 : INFO : EventManager : Event: ======'mode_skillshot_started'====== Args={'queue': <QueuedEvent>, 'player': 1, 'ball': 1, 'balls_remaining': 2, 'is_extra_ball': False}
2024-12-11 11:33:59,559 : INFO : EventManager : Event: ======'player_shot_skillshot_p_target'====== Args={'value': 1, 'prev_value': 0, 'change': 1, 'player_num': 1}
2024-12-11 11:33:59,560 : INFO : EventManager : Event: ======'balls_in_play'====== Args={'balls': 1}
2024-12-11 11:33:59,560 : INFO : EventManager : Event: ======'ball_started'====== Args={'player': 1, 'ball': 1, 'balls_remaining': 2, 'is_extra_ball': False}
2024-12-11 11:33:59,565 : INFO : EventManager : Event: ======'mode_extra_ball_will_start'====== Args={'player': 1, 'ball': 1, 'balls_remaining': 2, 'is_extra_ball': False}
2024-12-11 11:33:59,565 : INFO : EventManager : Event: ======'player_extra_ball_score_one_num_awarded'====== Args={'value': 0, 'prev_value': 0, 'change': 0, 'player_num': 1}
2024-12-11 11:33:59,565 : INFO : EventManager : Event: ======'player_extra_ball_score_two_num_awarded'====== Args={'value': 0, 'prev_value': 0, 'change': 0, 'player_num': 1}
2024-12-11 11:33:59,565 : INFO : EventManager : Event: ======'player_extra_ball_score_three_num_awarded'====== Args={'value': 0, 'prev_value': 0, 'change': 0, 'player_num': 1}
2024-12-11 11:33:59,566 : INFO : EventManager : Event: ======'mode_extra_ball_starting'====== Args={'player': 1, 'ball': 1, 'balls_remaining': 2, 'is_extra_ball': False}
2024-12-11 11:33:59,566 : INFO : EventManager : Event: ======'mode_BBQ_rollover_will_start'====== Args={'player': 1, 'ball': 1, 'balls_remaining': 2, 'is_extra_ball': False}
2024-12-11 11:33:59,566 : INFO : EventManager : Event: ======'player_shot_left_rollover_lane_enabled'====== Args={'value': True, 'prev_value': 0, 'change': 1, 'player_num': 1}
2024-12-11 11:33:59,567 : INFO : EventManager : Event: ======'player_shot_middle_rollover_lane_enabled'====== Args={'value': True, 'prev_value': 0, 'change': 1, 'player_num': 1}
2024-12-11 11:33:59,567 : INFO : EventManager : Event: ======'player_shot_right_rollover_lane_enabled'====== Args={'value': True, 'prev_value': 0, 'change': 1, 'player_num': 1}
2024-12-11 11:33:59,567 : INFO : EventManager : Event: ======'BBQ_lanes_complete'====== Args={'state': 'unlit'}
2024-12-11 11:33:59,567 : INFO : EventManager : Event: ======'BBQ_lanes_unlit_complete'====== Args={}
2024-12-11 11:33:59,568 : INFO : EventManager : Event: ======'mode_BBQ_rollover_starting'====== Args={'player': 1, 'ball': 1, 'balls_remaining': 2, 'is_extra_ball': False}
2024-12-11 11:33:59,568 : INFO : EventManager : Event: ======'mode_hank_rollover_will_start'====== Args={'player': 1, 'ball': 1, 'balls_remaining': 2, 'is_extra_ball': False}
2024-12-11 11:33:59,569 : INFO : EventManager : Event: ======'player_shot_h_rollover_lane_enabled'====== Args={'value': True, 'prev_value': 0, 'change': 1, 'player_num': 1}
2024-12-11 11:33:59,569 : INFO : EventManager : Event: ======'player_shot_a_rollover_lane_enabled'====== Args={'value': True, 'prev_value': 0, 'change': 1, 'player_num': 1}
2024-12-11 11:33:59,569 : INFO : EventManager : Event: ======'player_shot_n_rollover_lane_enabled'====== Args={'value': True, 'prev_value': 0, 'change': 1, 'player_num': 1}
2024-12-11 11:33:59,569 : INFO : EventManager : Event: ======'player_shot_k_rollover_lane_enabled'====== Args={'value': True, 'prev_value': 0, 'change': 1, 'player_num': 1}
2024-12-11 11:33:59,570 : INFO : EventManager : Event: ======'hank_lanes_complete'====== Args={'state': 'unlit'}
2024-12-11 11:33:59,570 : INFO : EventManager : Event: ======'hank_lanes_unlit_complete'====== Args={}
2024-12-11 11:33:59,570 : INFO : EventManager : Event: ======'mode_hank_rollover_starting'====== Args={'player': 1, 'ball': 1, 'balls_remaining': 2, 'is_extra_ball': False}
2024-12-11 11:33:59,571 : INFO : EventManager : Event: ======'player_shot_qualify_p_target_enabled'====== Args={'value': True, 'prev_value': False, 'change': 1, 'player_num': 1}
2024-12-11 11:33:59,571 : INFO : EventManager : Event: ======'player_shot_qualify_r_target_enabled'====== Args={'value': True, 'prev_value': False, 'change': 1, 'player_num': 1}
2024-12-11 11:33:59,571 : INFO : EventManager : Event: ======'player_shot_qualify_o_target_enabled'====== Args={'value': True, 'prev_value': False, 'change': 1, 'player_num': 1}
2024-12-11 11:33:59,572 : INFO : Mode.extra_ball : Started. Priority: 900
2024-12-11 11:33:59,572 : INFO : EventManager : Event: ======'modes_active_modes_changed'====== Args={}
2024-12-11 11:33:59,572 : INFO : EventManager : Event: ======'mode_extra_ball_started'====== Args={'player': 1, 'ball': 1, 'balls_remaining': 2, 'is_extra_ball': False}
2024-12-11 11:33:59,573 : INFO : EventManager : Event: ======'logicblock_mb_counter_updated'====== Args={'value': 0, 'enabled': False}
2024-12-11 11:33:59,573 : INFO : Mode.rainey_multiball : Started. Priority: 250
2024-12-11 11:33:59,573 : INFO : EventManager : Event: ======'modes_active_modes_changed'====== Args={}
2024-12-11 11:33:59,573 : INFO : EventManager : Event: ======'mode_rainey_multiball_started'====== Args={'queue': <QueuedEvent>, 'player': 1, 'ball': 1, 'balls_remaining': 2, 'is_extra_ball': False}
2024-12-11 11:33:59,573 : INFO : EventManager : Event: ======'logicblock_strickland_multiball_sequence_updated'====== Args={'value': 0, 'enabled': True}
2024-12-11 11:33:59,573 : INFO : EventManager : Event: ======'logicblock_bill_mini_wizard_updated'====== Args={'value': [False, False], 'enabled': True}
2024-12-11 11:33:59,573 : INFO : EventManager : Event: ======'logicblock_dale_mini_wizard_updated'====== Args={'value': [False, False], 'enabled': True}
2024-12-11 11:33:59,573 : INFO : EventManager : Event: ======'logicblock_hank_mini_wizard_updated'====== Args={'value': [False, False], 'enabled': True}
2024-12-11 11:33:59,573 : INFO : EventManager : Event: ======'logicblock_boom_mini_wizard_updated'====== Args={'value': [False, False], 'enabled': True}
2024-12-11 11:33:59,573 : INFO : EventManager : Event: ======'logicblock_wizard_mode_updated'====== Args={'value': [False, False, False, False], 'enabled': True}
2024-12-11 11:33:59,573 : INFO : EventManager : Event: ======'logicblock_strickland_multiball_sequence_updated'====== Args={'value': 0, 'enabled': True}
2024-12-11 11:33:59,574 : INFO : EventManager : Event: ======'logicblock_bill_mini_wizard_updated'====== Args={'value': [False, False], 'enabled': True}
2024-12-11 11:33:59,574 : INFO : EventManager : Event: ======'logicblock_dale_mini_wizard_updated'====== Args={'value': [False, False], 'enabled': True}
2024-12-11 11:33:59,574 : INFO : EventManager : Event: ======'logicblock_hank_mini_wizard_updated'====== Args={'value': [False, False], 'enabled': True}
2024-12-11 11:33:59,574 : INFO : EventManager : Event: ======'logicblock_boom_mini_wizard_updated'====== Args={'value': [False, False], 'enabled': True}
2024-12-11 11:33:59,574 : INFO : EventManager : Event: ======'logicblock_wizard_mode_updated'====== Args={'value': [False, False, False, False], 'enabled': True}
2024-12-11 11:33:59,574 : INFO : Mode.base : Started. Priority: 100
2024-12-11 11:33:59,574 : INFO : EventManager : Event: ======'modes_active_modes_changed'====== Args={}
2024-12-11 11:33:59,574 : INFO : EventManager : Event: ======'mode_base_started'====== Args={'queue': <QueuedEvent>, 'player': 1, 'ball': 1, 'balls_remaining': 2, 'is_extra_ball': False}
2024-12-11 11:33:59,574 : INFO : EventManager : Event: ======'ball_save_default_enabled'====== Args={}
2024-12-11 11:33:59,575 : INFO : EventManager : Event: ======'logicblock_lb_BBQ_complete_count_updated'====== Args={'value': 1, 'enabled': True}
2024-12-11 11:33:59,575 : INFO : EventManager : Event: ======'logicblock_lb_BBQ_complete_count_updated'====== Args={'value': 1, 'enabled': True}
2024-12-11 11:33:59,575 : INFO : Mode.BBQ_rollover : Started. Priority: 200
2024-12-11 11:33:59,575 : INFO : EventManager : Event: ======'modes_active_modes_changed'====== Args={}
2024-12-11 11:33:59,575 : INFO : EventManager : Event: ======'mode_BBQ_rollover_started'====== Args={'player': 1, 'ball': 1, 'balls_remaining': 2, 'is_extra_ball': False}
2024-12-11 11:33:59,575 : INFO : EventManager : Event: ======'logicblock_lb_hank_complete_count_updated'====== Args={'value': 1, 'enabled': True}
2024-12-11 11:33:59,576 : INFO : EventManager : Event: ======'logicblock_lb_hank_complete_count_updated'====== Args={'value': 1, 'enabled': True}
2024-12-11 11:33:59,576 : INFO : Mode.hank_rollover : Started. Priority: 200
2024-12-11 11:33:59,576 : INFO : EventManager : Event: ======'modes_active_modes_changed'====== Args={}
2024-12-11 11:33:59,576 : INFO : EventManager : Event: ======'mode_hank_rollover_started'====== Args={'player': 1, 'ball': 1, 'balls_remaining': 2, 'is_extra_ball': False}
2024-12-11 11:33:59,576 : INFO : EventManager : Event: ======'player_bonus_multiplier'====== Args={'value': 1, 'prev_value': 0, 'change': 1, 'player_num': 1, 'source': 'BBQ_rollover'}
2024-12-11 11:33:59,576 : INFO : EventManager : Event: ======'single_player_ball_started'====== Args={}
2024-12-11 11:33:59,576 : INFO : EventManager : Event: ======'ball_start_target'====== Args={'target': 'playfield'}
2024-12-11 11:33:59,577 : INFO : ball_device.bd_plunger : Setting up player-controlled eject. Balls: 1, Target: <playfield.playfield>, player_controlled_eject_event: s_launch_button_inactive
2024-12-11 11:33:59,577 : INFO : EventManager : Event: ======'balldevice_balls_available'====== Args={}
2024-12-11 11:33:59,577 : INFO : ball_device.bd_trough : State: waiting_for_target_ready
2024-12-11 11:33:59,577 : INFO : EventManager : Event: ======'balldevice_bd_trough_ball_eject_attempt'====== Args={'balls': 1, 'target': <ball_device.bd_plunger>, 'source': <ball_device.bd_trough>, 'mechanical_eject': True, 'num_attempts': 0}
2024-12-11 11:33:59,586 : INFO : EventManager : Event: ======'slide_arlen_intro_created'====== Args={'_from_bcp': True}
2024-12-11 11:33:59,586 : INFO : EventManager : Event: ======'slide_arlen_intro_active'====== Args={'original_context': 'skillshot', 'original_calling_context': 'mode_skillshot_started{ball==1}', 'priority': 200.0, 'queue': '<QueuedEvent>', 'player': 1.0, 'ball': 1.0, 'balls_remaining': 2.0, 'is_extra_ball': False, 'cmd': 'slides_play', '_from_bcp': True}
2024-12-11 11:33:59,590 : INFO : EventManager : Event: ======'slide_base_created'====== Args={'_from_bcp': True}
2024-12-11 11:33:59,608 : INFO : SwitchController : <<<<<<< 's_plunger' inactive >>>>>>>
2024-12-11 11:34:00,044 : INFO : EventManager : Event: ======'player_skillshot_skillshot_rotate_tick'====== Args={'value': 1, 'prev_value': 0, 'change': 1, 'player_num': 1}
2024-12-11 11:34:00,045 : INFO : EventManager : Event: ======'timer_skillshot_rotate_tick'====== Args={'ticks': 1, 'ticks_remaining': 0}
2024-12-11 11:34:00,046 : INFO : EventManager : Event: ======'player_shot_skillshot_p_target'====== Args={'value': 0, 'prev_value': 1, 'change': -1, 'player_num': 1}
2024-12-11 11:34:00,046 : INFO : EventManager : Event: ======'player_shot_skillshot_r_target'====== Args={'value': 1, 'prev_value': 0, 'change': 1, 'player_num': 1}
2024-12-11 11:34:00,109 : INFO : ball_device.bd_trough : State: ejecting
2024-12-11 11:34:00,110 : INFO : ball_device.bd_trough : Ejecting ball to <ball_device.bd_plunger>
2024-12-11 11:34:00,110 : INFO : EventManager : Event: ======'balldevice_bd_trough_ejecting_ball'====== Args={'balls': 1, 'target': <ball_device.bd_plunger>, 'source': <ball_device.bd_trough>, 'mechanical_eject': True, 'num_attempts': 0}
2024-12-11 11:34:00,110 : INFO : ball_device.bd_plunger : State: waiting_for_ball
2024-12-11 11:34:00,111 : INFO : ball_device.bd_trough : Wait for ball to leave device
2024-12-11 11:34:00,111 : INFO : coil.c_trough_eject : Pulsing Driver for 20ms (1.0 pulse_power)
2024-12-11 11:34:00,112 : INFO : SwitchController : <<<<<<< 's_trough1' inactive >>>>>>>
2024-12-11 11:34:00,112 : INFO : ball_device.bd_trough : State: ball_left
2024-12-11 11:34:00,112 : INFO : ball_device.bd_trough : Ball left
2024-12-11 11:34:00,112 : INFO : ball_device.bd_trough : Wait for confirm with timeout 3.0
2024-12-11 11:34:00,213 : INFO : SwitchController : <<<<<<< 's_plunger' active >>>>>>>
2024-12-11 11:34:00,213 : INFO : EventManager : Event: ======'machine_var_audits_switches_s_plunger'====== Args={'value': 1861, 'prev_value': 1860, 'change': 1}
2024-12-11 11:34:00,543 : INFO : EventManager : Event: ======'player_skillshot_skillshot_rotate_tick'====== Args={'value': 2, 'prev_value': 1, 'change': 1, 'player_num': 1}
2024-12-11 11:34:00,544 : INFO : EventManager : Event: ======'timer_skillshot_rotate_tick'====== Args={'ticks': 2, 'ticks_remaining': 0}
2024-12-11 11:34:00,545 : INFO : EventManager : Event: ======'player_shot_skillshot_r_target'====== Args={'value': 0, 'prev_value': 1, 'change': -1, 'player_num': 1}
2024-12-11 11:34:00,546 : INFO : EventManager : Event: ======'player_shot_skillshot_o_target'====== Args={'value': 1, 'prev_value': 0, 'change': 1, 'player_num': 1}
2024-12-11 11:34:00,723 : INFO : ball_device.bd_plunger : Received ball from <ball_device.bd_trough>
2024-12-11 11:34:00,723 : INFO : EventManager : Event: ======'balldevice_bd_plunger_ball_enter'====== Args={'new_balls': 1, 'unclaimed_balls': 0, 'new_available_balls': 0, 'device': <ball_device.bd_plunger>}
2024-12-11 11:34:00,724 : INFO : EventManager : Event: ======'balldevice_bd_plunger_ball_entered'====== Args={'new_balls': 0, 'device': <ball_device.bd_plunger>}
2024-12-11 11:34:00,725 : INFO : EventManager : Event: ======'balldevice_bd_plunger_ball_count_changed'====== Args={'balls': 1}
2024-12-11 11:34:00,725 : INFO : ball_device.bd_trough : Got eject confirm
2024-12-11 11:34:00,725 : INFO : ball_device.bd_trough : Eject successful
2024-12-11 11:34:00,725 : INFO : EventManager : Event: ======'balldevice_bd_trough_ball_eject_success'====== Args={'balls': 1, 'target': <ball_device.bd_plunger>}
2024-12-11 11:34:00,726 : INFO : EventManager : Event: ======'balldevice_bd_trough_ball_count_changed'====== Args={'balls': 5}
2024-12-11 11:34:00,726 : INFO : ball_device.bd_trough : State: idle
2024-12-11 11:34:00,727 : INFO : ball_device.bd_plunger : State: waiting_for_target_ready
2024-12-11 11:34:00,727 : INFO : EventManager : Event: ======'balldevice_bd_plunger_ball_eject_attempt'====== Args={'balls': 1, 'target': <playfield.playfield>, 'source': <ball_device.bd_plunger>, 'mechanical_eject': True, 'num_attempts': 0}
2024-12-11 11:34:00,728 : INFO : ball_device.bd_plunger : State: ejecting
2024-12-11 11:34:00,728 : INFO : ball_device.bd_plunger : Ejecting ball to <playfield.playfield>
2024-12-11 11:34:00,728 : INFO : EventManager : Event: ======'balldevice_bd_plunger_ejecting_ball'====== Args={'balls': 1, 'target': <playfield.playfield>, 'source': <ball_device.bd_plunger>, 'mechanical_eject': True, 'num_attempts': 0}
2024-12-11 11:34:00,730 : INFO : ball_device.bd_plunger : Wait for ball to leave device
2024-12-11 11:34:01,043 : INFO : EventManager : Event: ======'player_skillshot_skillshot_rotate_tick'====== Args={'value': 3, 'prev_value': 2, 'change': 1, 'player_num': 1}
2024-12-11 11:34:01,044 : INFO : EventManager : Event: ======'timer_skillshot_rotate_tick'====== Args={'ticks': 3, 'ticks_remaining': 0}
2024-12-11 11:34:01,044 : INFO : EventManager : Event: ======'player_shot_skillshot_o_target'====== Args={'value': 0, 'prev_value': 1, 'change': -1, 'player_num': 1}
2024-12-11 11:34:01,045 : INFO : EventManager : Event: ======'player_shot_skillshot_p2_target'====== Args={'value': 1, 'prev_value': 0, 'change': 1, 'player_num': 1}
2024-12-11 11:34:01,049 : INFO : SwitchController : <<<<<<< 's_plunger_lane_exit' active >>>>>>>
2024-12-11 11:34:01,049 : INFO : EventManager : Event: ======'s_plunger_lane_exit_active'====== Args={}
2024-12-11 11:34:01,049 : INFO : EventManager : Event: ======'sw_playfield_active'====== Args={}
2024-12-11 11:34:01,049 : INFO : EventManager : Event: ======'machine_var_audits_switches_s_plunger_lane_exit'====== Args={'value': 1499, 'prev_value': 1498, 'change': 1}
2024-12-11 11:34:01,051 : INFO : EventManager : Event: ======'ball_save_default_timer_start'====== Args={}
2024-12-11 11:34:01,052 : INFO : EventManager : Event: ======'playfield_active'====== Args={}
2024-12-11 11:34:01,052 : INFO : EventManager : Event: ======'ball_save_default_hurry_up'====== Args={}
2024-12-11 11:34:01,066 : INFO : EventManager : Event: ======'slide_arlen_intro_inactive'====== Args={'is_removing': True, '_from_bcp': True}
2024-12-11 11:34:01,066 : INFO : EventManager : Event: ======'slide_base_active'====== Args={'_from_bcp': True}
2024-12-11 11:34:01,067 : INFO : EventManager : Event: ======'slide_arlen_intro_removed'====== Args={'_from_bcp': True}
2024-12-11 11:34:01,089 : INFO : EventManager : Event: ======'slide_skillshot_created'====== Args={'_from_bcp': True}
2024-12-11 11:34:01,089 : INFO : EventManager : Event: ======'slide_arlen_intro_removed'====== Args={'_from_bcp': True}
2024-12-11 11:34:01,089 : INFO : EventManager : Event: ======'slide_base_inactive'====== Args={'is_removing': False, '_from_bcp': True}
2024-12-11 11:34:01,089 : INFO : EventManager : Event: ======'slide_skillshot_active'====== Args={'original_context': 'skillshot', 'original_calling_context': 'slide_arlen_intro_inactive', 'priority': 200.0, 'is_removing': True, 'cmd': 'slides_play', '_from_bcp': True}
2024-12-11 11:34:01,089 : INFO : EventManager : Event: ======'player_shot_qualify_p_target_enabled'====== Args={'value': False, 'prev_value': True, 'change': -1, 'player_num': 1}
2024-12-11 11:34:01,090 : INFO : EventManager : Event: ======'player_shot_qualify_r_target_enabled'====== Args={'value': False, 'prev_value': True, 'change': -1, 'player_num': 1}
2024-12-11 11:34:01,090 : INFO : EventManager : Event: ======'player_shot_qualify_o_target_enabled'====== Args={'value': False, 'prev_value': True, 'change': -1, 'player_num': 1}
2024-12-11 11:34:01,121 : INFO : SwitchController : <<<<<<< 's_plunger_lane_exit' inactive >>>>>>>
2024-12-11 11:34:01,121 : INFO : EventManager : Event: ======'s_plunger_lane_exit_inactive'====== Args={}
2024-12-11 11:34:01,121 : INFO : Timer.skillshot_rotate : Stopping Timer
2024-12-11 11:34:01,121 : INFO : EventManager : Event: ======'timer_skillshot_rotate_stopped'====== Args={'ticks': 3, 'ticks_remaining': 0}
2024-12-11 11:34:01,122 : INFO : EventManager : Event: ======'advance_skillshot_4'====== Args={'priority': 0}
2024-12-11 11:34:01,122 : INFO : EventManager : Event: ======'player_shot_skillshot_p2_target'====== Args={'value': 2, 'prev_value': 1, 'change': 1, 'player_num': 1}
2024-12-11 11:34:01,832 : INFO : EventManager : Event: ======'slide_arlen_intro_removed'====== Args={'_from_bcp': True}
2024-12-11 11:34:03,052 : INFO : EventManager : Event: ======'ball_save_default_grace_period'====== Args={}
2024-12-11 11:34:04,468 : WARNING : SwitchController : Received duplicate switch state 1 for switch s_plunger from the platform interface. Log Code: Log-SwitchController-1 (https://missionpinball.org/logs)
2024-12-11 11:34:04,518 : INFO : SwitchController : <<<<<<< 's_plunger' inactive >>>>>>>
2024-12-11 11:34:04,520 : INFO : ball_device.bd_plunger : State: ball_left
2024-12-11 11:34:04,520 : INFO : ball_device.bd_plunger : Ball left
2024-12-11 11:34:04,520 : INFO : ball_device.bd_plunger : Wait for confirm with timeout 3.0
2024-12-11 11:34:05,052 : INFO : EventManager : Event: ======'ball_save_default_disabled'====== Args={}
2024-12-11 11:34:06,051 : INFO : SwitchController : <<<<<<< 's_plunger_lane_exit' active >>>>>>>
2024-12-11 11:34:06,051 : INFO : EventManager : Event: ======'s_plunger_lane_exit_active'====== Args={}
2024-12-11 11:34:06,052 : INFO : EventManager : Event: ======'sw_playfield_active'====== Args={}
2024-12-11 11:34:06,052 : INFO : EventManager : Event: ======'machine_var_audits_switches_s_plunger_lane_exit'====== Args={'value': 1500, 'prev_value': 1499, 'change': 1}
2024-12-11 11:34:06,054 : INFO : EventManager : Event: ======'playfield_active'====== Args={}
2024-12-11 11:34:06,061 : INFO : EventManager : Event: ======'stop_mode_skillshot'====== Args={'priority': 0}
2024-12-11 11:34:06,063 : INFO : EventManager : Event: ======'mode_skillshot_will_stop'====== Args={}
2024-12-11 11:34:06,063 : INFO : EventManager : Event: ======'mode_skillshot_stopping'====== Args={}
2024-12-11 11:34:06,063 : INFO : Mode.skillshot : Stopped.
2024-12-11 11:34:06,063 : INFO : EventManager : Event: ======'modes_active_modes_changed'====== Args={}
2024-12-11 11:34:06,064 : INFO : EventManager : Event: ======'mode_skillshot_stopped'====== Args={}
2024-12-11 11:34:06,064 : INFO : EventManager : Event: ======'clear'====== Args={'key': 'skillshot'}
2024-12-11 11:34:06,064 : INFO : Timer.skillshot_rotate : Stopping Timer
2024-12-11 11:34:06,064 : INFO : EventManager : Event: ======'timer_skillshot_rotate_stopped'====== Args={'ticks': 3, 'ticks_remaining': 0}
2024-12-11 11:34:06,071 : INFO : ball_device.bd_plunger : Got eject confirm
2024-12-11 11:34:06,072 : INFO : ball_device.bd_plunger : Eject successful
2024-12-11 11:34:06,072 : INFO : EventManager : Event: ======'balldevice_bd_plunger_ball_eject_success'====== Args={'balls': 1, 'target': <playfield.playfield>}
2024-12-11 11:34:06,072 : INFO : EventManager : Event: ======'balldevice_playfield_ball_enter'====== Args={'new_balls': 1, 'unclaimed_balls': 1, 'device': <playfield.playfield>}
2024-12-11 11:34:06,072 : INFO : EventManager : Event: ======'playfield_ball_count_change'====== Args={'balls': 1, 'change': 1}
2024-12-11 11:34:06,073 : INFO : EventManager : Event: ======'balldevice_bd_plunger_ball_count_changed'====== Args={'balls': 0}
2024-12-11 11:34:06,073 : INFO : ball_device.bd_plunger : State: idle
2024-12-11 11:34:06,083 : INFO : EventManager : Event: ======'slide_skillshot_inactive'====== Args={'is_removing': True, '_from_bcp': True}
2024-12-11 11:34:06,083 : INFO : EventManager : Event: ======'slide_base_active'====== Args={'_from_bcp': True}
2024-12-11 11:34:06,083 : INFO : EventManager : Event: ======'player_shot_qualify_p_target_enabled'====== Args={'value': True, 'prev_value': False, 'change': 1, 'player_num': 1}
2024-12-11 11:34:06,084 : INFO : EventManager : Event: ======'player_shot_qualify_r_target_enabled'====== Args={'value': True, 'prev_value': False, 'change': 1, 'player_num': 1}
2024-12-11 11:34:06,084 : INFO : EventManager : Event: ======'player_shot_qualify_o_target_enabled'====== Args={'value': True, 'prev_value': False, 'change': 1, 'player_num': 1}
2024-12-11 11:34:06,084 : INFO : EventManager : Event: ======'slide_skillshot_removed'====== Args={'_from_bcp': True}
2024-12-11 11:34:06,137 : INFO : SwitchController : <<<<<<< 's_plunger_lane_exit' inactive >>>>>>>
2024-12-11 11:34:09,207 : INFO : SwitchController : <<<<<<< 's_left_spinner' active >>>>>>>
2024-12-11 11:34:09,208 : INFO : EventManager : Event: ======'s_left_spinner_active'====== Args={}
2024-12-11 11:34:09,209 : INFO : EventManager : Event: ======'machine_var_audits_switches_s_left_spinner'====== Args={'value': 363, 'prev_value': 362, 'change': 1}
2024-12-11 11:34:09,211 : INFO : EventManager : Event: ======'player_score'====== Args={'value': 100, 'prev_value': 0, 'change': 100, 'player_num': 1, 'source': 'base'}
2024-12-11 11:34:09,304 : INFO : SwitchController : <<<<<<< 's_left_spinner' inactive >>>>>>>
2024-12-11 11:34:11,061 : INFO : EventManager : Event: ======'stop_mode_skillshot'====== Args={'priority': 0}
2024-12-11 11:34:11,171 : INFO : SwitchController : <<<<<<< 's_left_spinner' active >>>>>>>
2024-12-11 11:34:11,171 : INFO : EventManager : Event: ======'s_left_spinner_active'====== Args={}
2024-12-11 11:34:11,171 : INFO : EventManager : Event: ======'machine_var_audits_switches_s_left_spinner'====== Args={'value': 364, 'prev_value': 363, 'change': 1}
2024-12-11 11:34:11,172 : INFO : EventManager : Event: ======'player_score'====== Args={'value': 200, 'prev_value': 100, 'change': 100, 'player_num': 1, 'source': 'base'}
2024-12-11 11:34:11,270 : INFO : SwitchController : <<<<<<< 's_left_spinner' inactive >>>>>>>
2024-12-11 11:34:11,354 : INFO : SwitchController : <<<<<<< 's_left_spinner' active >>>>>>>
2024-12-11 11:34:11,355 : INFO : EventManager : Event: ======'s_left_spinner_active'====== Args={}
2024-12-11 11:34:11,355 : INFO : EventManager : Event: ======'machine_var_audits_switches_s_left_spinner'====== Args={'value': 365, 'prev_value': 364, 'change': 1}
2024-12-11 11:34:11,356 : INFO : EventManager : Event: ======'player_score'====== Args={'value': 300, 'prev_value': 200, 'change': 100, 'player_num': 1, 'source': 'base'}
2024-12-11 11:34:11,437 : INFO : SwitchController : <<<<<<< 's_left_spinner' inactive >>>>>>>
2024-12-11 11:34:11,503 : INFO : SwitchController : <<<<<<< 's_left_spinner' active >>>>>>>
2024-12-11 11:34:11,504 : INFO : EventManager : Event: ======'s_left_spinner_active'====== Args={}
2024-12-11 11:34:11,504 : INFO : EventManager : Event: ======'machine_var_audits_switches_s_left_spinner'====== Args={'value': 366, 'prev_value': 365, 'change': 1}
2024-12-11 11:34:11,504 : INFO : EventManager : Event: ======'player_score'====== Args={'value': 400, 'prev_value': 300, 'change': 100, 'player_num': 1, 'source': 'base'}
2024-12-11 11:34:11,589 : INFO : SwitchController : <<<<<<< 's_left_spinner' inactive >>>>>>>
2024-12-11 11:35:08,843 : INFO : Machine : Shutting down...
2024-12-11 11:35:08,843 : INFO : EventManager : Event: ======'shutdown'====== Args={}
2024-12-11 11:35:08,853 : INFO : EventManager : Event: ======'mode_game_will_stop'====== Args={}
2024-12-11 11:35:08,853 : INFO : EventManager : Event: ======'mode_game_stopping'====== Args={}
2024-12-11 11:35:08,853 : INFO : EventManager : Event: ======'mode_rainey_multiball_will_stop'====== Args={}
2024-12-11 11:35:08,854 : INFO : EventManager : Event: ======'mode_rainey_multiball_stopping'====== Args={}
2024-12-11 11:35:08,854 : INFO : EventManager : Event: ======'mode_BBQ_rollover_will_stop'====== Args={}
2024-12-11 11:35:08,854 : INFO : EventManager : Event: ======'mode_BBQ_rollover_stopping'====== Args={}
2024-12-11 11:35:08,854 : INFO : EventManager : Event: ======'mode_extra_ball_will_stop'====== Args={}
2024-12-11 11:35:08,854 : INFO : EventManager : Event: ======'mode_extra_ball_stopping'====== Args={}
2024-12-11 11:35:08,854 : INFO : EventManager : Event: ======'mode_base_will_stop'====== Args={}
2024-12-11 11:35:08,854 : INFO : EventManager : Event: ======'mode_base_stopping'====== Args={}
2024-12-11 11:35:08,854 : INFO : EventManager : Event: ======'mode_hank_rollover_will_stop'====== Args={}
2024-12-11 11:35:08,854 : INFO : EventManager : Event: ======'mode_hank_rollover_stopping'====== Args={}
2024-12-11 11:35:08,855 : INFO : Mode.hank_rollover : Stopped.
2024-12-11 11:35:08,855 : INFO : EventManager : Event: ======'modes_active_modes_changed'====== Args={}
2024-12-11 11:35:08,855 : INFO : EventManager : Event: ======'mode_hank_rollover_stopped'====== Args={}
2024-12-11 11:35:08,855 : INFO : EventManager : Event: ======'clear'====== Args={'key': 'hank_rollover'}
2024-12-11 11:35:08,857 : INFO : Mode.base : Stopped.
2024-12-11 11:35:08,857 : INFO : EventManager : Event: ======'modes_active_modes_changed'====== Args={}
2024-12-11 11:35:08,858 : INFO : EventManager : Event: ======'mode_base_stopped'====== Args={}
2024-12-11 11:35:08,858 : INFO : EventManager : Event: ======'clear'====== Args={'key': 'base'}
2024-12-11 11:35:08,862 : INFO : Mode.extra_ball : Stopped.
2024-12-11 11:35:08,862 : INFO : EventManager : Event: ======'modes_active_modes_changed'====== Args={}
2024-12-11 11:35:08,863 : INFO : EventManager : Event: ======'mode_extra_ball_stopped'====== Args={}
2024-12-11 11:35:08,863 : INFO : EventManager : Event: ======'clear'====== Args={'key': 'extra_ball'}
2024-12-11 11:35:08,863 : INFO : Mode.BBQ_rollover : Stopped.
2024-12-11 11:35:08,863 : INFO : EventManager : Event: ======'modes_active_modes_changed'====== Args={}
2024-12-11 11:35:08,863 : INFO : EventManager : Event: ======'mode_BBQ_rollover_stopped'====== Args={}
2024-12-11 11:35:08,863 : INFO : EventManager : Event: ======'clear'====== Args={'key': 'BBQ_rollover'}
2024-12-11 11:35:08,864 : INFO : Mode.rainey_multiball : Stopped.
2024-12-11 11:35:08,865 : INFO : EventManager : Event: ======'modes_active_modes_changed'====== Args={}
2024-12-11 11:35:08,865 : INFO : EventManager : Event: ======'mode_rainey_multiball_stopped'====== Args={}
2024-12-11 11:35:08,865 : INFO : EventManager : Event: ======'clear'====== Args={'key': 'rainey_multiball'}
2024-12-11 11:35:08,866 : INFO : Mode.game : Stopped.
2024-12-11 11:35:08,866 : INFO : EventManager : Event: ======'modes_active_modes_changed'====== Args={}
2024-12-11 11:35:08,866 : INFO : EventManager : Event: ======'mode_game_stopped'====== Args={}
2024-12-11 11:35:08,866 : INFO : EventManager : Event: ======'clear'====== Args={'key': 'game'}
2024-12-11 11:35:08,869 : INFO : root : MPF run loop ended.
