2024-07-17 17:35:18,597 : INFO : root : Loading config.
2024-07-17 17:35:18,599 : INFO : YamlMultifileConfigLoader : Machine config file #1: config.yaml
2024-07-17 17:35:18,599 : INFO : ConfigProcessor : Loading config from cache: /var/folders/sv/d29kcl5x50v7vt1n6xb5jsd40000gn/T/c166cef8060ffee16a35821bf698da85.mpf_cache
2024-07-17 17:35:18,632 : INFO : ConfigProcessor : Loading config from cache: /var/folders/sv/d29kcl5x50v7vt1n6xb5jsd40000gn/T/6b31c5ac6ecbad948994a8204ea6b05b.mpf_cache
2024-07-17 17:35:18,633 : INFO : ConfigProcessor : Loading config from cache: /var/folders/sv/d29kcl5x50v7vt1n6xb5jsd40000gn/T/fe612d1e66c8a96c19ba449d3748eeac.mpf_cache
2024-07-17 17:35:18,633 : INFO : ConfigProcessor : Loading config from cache: /var/folders/sv/d29kcl5x50v7vt1n6xb5jsd40000gn/T/6b31c5ac6ecbad948994a8204ea6b05b.mpf_cache
2024-07-17 17:35:18,633 : INFO : ConfigProcessor : Loading config from cache: /var/folders/sv/d29kcl5x50v7vt1n6xb5jsd40000gn/T/8765227693ecd961e0504502a81255e0.mpf_cache
2024-07-17 17:35:18,634 : INFO : ConfigProcessor : Loading config from cache: /var/folders/sv/d29kcl5x50v7vt1n6xb5jsd40000gn/T/b247728c74b4d81bcb2825e2b07062a7.mpf_cache
2024-07-17 17:35:18,634 : INFO : ConfigProcessor : Loading config from cache: /var/folders/sv/d29kcl5x50v7vt1n6xb5jsd40000gn/T/f240f94f0b5d0f37ec4fd7571275a101.mpf_cache
2024-07-17 17:35:18,634 : INFO : ConfigProcessor : Loading config from cache: /var/folders/sv/d29kcl5x50v7vt1n6xb5jsd40000gn/T/c4409acfdf3ec94666e0adef48d55400.mpf_cache
2024-07-17 17:35:18,634 : INFO : ConfigProcessor : Loading config from cache: /var/folders/sv/d29kcl5x50v7vt1n6xb5jsd40000gn/T/6a2f50ed892485825cc04dc0a68eab9f.mpf_cache
2024-07-17 17:35:18,635 : INFO : ConfigProcessor : Loading config from cache: /var/folders/sv/d29kcl5x50v7vt1n6xb5jsd40000gn/T/d58c58eb9fd1a2dc27f8acd255fb3761.mpf_cache
2024-07-17 17:35:18,635 : INFO : ConfigProcessor : Loading config from cache: /var/folders/sv/d29kcl5x50v7vt1n6xb5jsd40000gn/T/07adfd310b3ef0e03c5cbc91527abb6c.mpf_cache
2024-07-17 17:35:18,635 : INFO : ConfigProcessor : Loading config from cache: /var/folders/sv/d29kcl5x50v7vt1n6xb5jsd40000gn/T/12bd5247c3bf989b919364bdb7829769.mpf_cache
2024-07-17 17:35:18,635 : INFO : ConfigProcessor : Loading config from cache: /var/folders/sv/d29kcl5x50v7vt1n6xb5jsd40000gn/T/362e08f51a1a1b7a0809dd52f9c83f83.mpf_cache
2024-07-17 17:35:18,636 : INFO : ConfigProcessor : Loading config from cache: /var/folders/sv/d29kcl5x50v7vt1n6xb5jsd40000gn/T/e45e3bd39557ed8d0881194a7afab8f7.mpf_cache
2024-07-17 17:35:18,636 : INFO : ConfigProcessor : Loading config from cache: /var/folders/sv/d29kcl5x50v7vt1n6xb5jsd40000gn/T/331d8d1a1bc190cae8c13495e1db372f.mpf_cache
2024-07-17 17:35:18,636 : INFO : ConfigProcessor : Loading config from cache: /var/folders/sv/d29kcl5x50v7vt1n6xb5jsd40000gn/T/d17a9ff77386e6f1439d0802ace1de07.mpf_cache
2024-07-17 17:35:18,636 : INFO : ConfigProcessor : Loading config from cache: /var/folders/sv/d29kcl5x50v7vt1n6xb5jsd40000gn/T/280fd64455d0d243a54ab4db98fbccbd.mpf_cache
2024-07-17 17:35:18,636 : INFO : ConfigProcessor : Loading config from cache: /var/folders/sv/d29kcl5x50v7vt1n6xb5jsd40000gn/T/0c0596ed8fbb40b6113901d21bdc0a39.mpf_cache
2024-07-17 17:35:18,637 : INFO : ConfigProcessor : Loading config from cache: /var/folders/sv/d29kcl5x50v7vt1n6xb5jsd40000gn/T/2982e2d98506102244e9fa0f437a9fca.mpf_cache
2024-07-17 17:35:18,637 : INFO : ConfigProcessor : Loading config from cache: /var/folders/sv/d29kcl5x50v7vt1n6xb5jsd40000gn/T/0fedc249e142fba0aaf46d9adc7061fa.mpf_cache
2024-07-17 17:35:18,638 : INFO : ConfigProcessor : Loading config from cache: /var/folders/sv/d29kcl5x50v7vt1n6xb5jsd40000gn/T/3048ed2d7ea14eee3db896f6760aa474.mpf_cache
2024-07-17 17:35:18,639 : INFO : Machine : Mission Pinball Framework Core Engine v0.80.0.dev1
2024-07-17 17:35:18,639 : INFO : Machine : Command line arguments: {'no_load_cache': False, 'create_config_cache': True, 'bcp': True, 'configfile': ['config.yaml'], 'force_assets_load': False, 'platform_integration_test': False, 'jsonlogging': False, 'logfile': 'logs/2024-07-17-17-35-18-mpf-Nicks-Air.lan.log', 'pause': False, 'production': False, 'text_ui': True, 'loglevel': 15, 'consoleloglevel': 20, 'force_platform': None, 'syslog_address': None, 'mc_file_name': None, 'no_sound': False, 'full_logfile_path': '/Users/nicktaseris/Desktop/Pinball/KOTH/logs/2024-07-17-17-35-18-mpf-Nicks-Air.lan.log'}
2024-07-17 17:35:18,639 : INFO : Machine : MPF path: /Users/nicktaseris/mpfenv/lib/python3.9/site-packages/mpf
2024-07-17 17:35:18,639 : INFO : Machine : Machine path: /Users/nicktaseris/Desktop/Pinball/KOTH
2024-07-17 17:35:18,639 : INFO : Machine : Platform: darwin
2024-07-17 17:35:18,639 : INFO : Machine : Python executable location: /Users/nicktaseris/mpfenv/bin/python3
2024-07-17 17:35:18,639 : INFO : Machine : Python version: 3.9.13 (64-bit)
2024-07-17 17:35:18,639 : INFO : Machine : Initializing MPF...
2024-07-17 17:35:18,668 : INFO : EventManager : Event: ======'machine_var_credits_string'====== Args={'value': 'FREE PLAY', 'prev_value': None, 'change': True}
2024-07-17 17:35:18,674 : INFO : EventManager : Event: ======'machine_var_master_volume'====== Args={'value': 0.5, 'prev_value': None, 'change': True}
2024-07-17 17:35:18,674 : INFO : EventManager : Event: ======'machine_var_player1_score'====== Args={'value': 175300, 'prev_value': None, 'change': True}
2024-07-17 17:35:18,674 : INFO : EventManager : Event: ======'machine_var_mpf_version'====== Args={'value': 'Mission Pinball Framework v0.80.0.dev1', 'prev_value': None, 'change': True}
2024-07-17 17:35:18,674 : INFO : EventManager : Event: ======'machine_var_mpf_extended_version'====== Args={'value': 'Mission Pinball Framework v0.80.0.dev1, Config version:6, Show version: 6, BCP version:1.1', 'prev_value': None, 'change': True}
2024-07-17 17:35:18,674 : INFO : EventManager : Event: ======'machine_var_python_version'====== Args={'value': '3.9.13', 'prev_value': None, 'change': True}
2024-07-17 17:35:18,687 : INFO : EventManager : Event: ======'machine_var_platform'====== Args={'value': 'macOS-12.1-arm64-arm-64bit', 'prev_value': None, 'change': True}
2024-07-17 17:35:18,688 : INFO : EventManager : Event: ======'machine_var_platform_system'====== Args={'value': 'Darwin', 'prev_value': None, 'change': True}
2024-07-17 17:35:18,688 : INFO : EventManager : Event: ======'machine_var_platform_release'====== Args={'value': '21.2.0', 'prev_value': None, 'change': True}
2024-07-17 17:35:18,688 : INFO : EventManager : Event: ======'machine_var_platform_version'====== Args={'value': 'Darwin Kernel Version 21.2.0: Sun Nov 28 20:29:10 PST 2021; root:xnu-8019.61.5~1/RELEASE_ARM64_T8101', 'prev_value': None, 'change': True}
2024-07-17 17:35:18,688 : INFO : EventManager : Event: ======'machine_var_platform_machine'====== Args={'value': 'arm64', 'prev_value': None, 'change': True}
2024-07-17 17:35:18,688 : INFO : EventManager : Event: ======'machine_var_log_file_path'====== Args={'value': '/Users/nicktaseris/Desktop/Pinball/KOTH/logs/2024-07-17-17-35-18-mpf-Nicks-Air.lan.log', 'prev_value': None, 'change': True}
2024-07-17 17:35:18,688 : INFO : EventManager : Event: ======'init_phase_1'====== Args={}
2024-07-17 17:35:18,713 : INFO : EventManager : Event: ======'drop_target_bank_strickland_bank_up'====== Args={}
2024-07-17 17:35:18,714 : INFO : EventManager : Event: ======'init_phase_2'====== Args={}
2024-07-17 17:35:18,714 : INFO : SwitchController : Found active switch: ('39', <Platform.SmartVirtual>) <switch.s_trough1>
2024-07-17 17:35:18,714 : INFO : SwitchController : Found active switch: ('40', <Platform.SmartVirtual>) <switch.s_trough2>
2024-07-17 17:35:18,714 : INFO : SwitchController : Found active switch: ('41', <Platform.SmartVirtual>) <switch.s_trough3>
2024-07-17 17:35:18,714 : INFO : SwitchController : Found active switch: ('42', <Platform.SmartVirtual>) <switch.s_trough4>
2024-07-17 17:35:18,714 : INFO : SwitchController : Found active switch: ('43', <Platform.SmartVirtual>) <switch.s_trough5>
2024-07-17 17:35:18,714 : INFO : SwitchController : Found active switch: ('44', <Platform.SmartVirtual>) <switch.s_trough6>
2024-07-17 17:35:18,718 : INFO : EventManager : Event: ======'machine_var_score1_label'====== Args={'value': 'GRAND CHAMPION', 'prev_value': None, 'change': True}
2024-07-17 17:35:18,718 : INFO : EventManager : Event: ======'machine_var_score1_name'====== Args={'value': 'BRI', 'prev_value': None, 'change': True}
2024-07-17 17:35:18,718 : INFO : EventManager : Event: ======'machine_var_score1_value'====== Args={'value': 4242, 'prev_value': None, 'change': True}
2024-07-17 17:35:18,718 : INFO : EventManager : Event: ======'machine_var_score2_label'====== Args={'value': 'HIGH SCORE 1', 'prev_value': None, 'change': True}
2024-07-17 17:35:18,718 : INFO : EventManager : Event: ======'machine_var_score2_name'====== Args={'value': 'GHK', 'prev_value': None, 'change': True}
2024-07-17 17:35:18,718 : INFO : EventManager : Event: ======'machine_var_score2_value'====== Args={'value': 2323, 'prev_value': None, 'change': True}
2024-07-17 17:35:18,718 : INFO : EventManager : Event: ======'machine_var_score3_label'====== Args={'value': 'HIGH SCORE 2', 'prev_value': None, 'change': True}
2024-07-17 17:35:18,718 : INFO : EventManager : Event: ======'machine_var_score3_name'====== Args={'value': 'JK', 'prev_value': None, 'change': True}
2024-07-17 17:35:18,718 : INFO : EventManager : Event: ======'machine_var_score3_value'====== Args={'value': 1337, 'prev_value': None, 'change': True}
2024-07-17 17:35:18,718 : INFO : EventManager : Event: ======'machine_var_score4_label'====== Args={'value': 'HIGH SCORE 3', 'prev_value': None, 'change': True}
2024-07-17 17:35:18,718 : INFO : EventManager : Event: ======'machine_var_score4_name'====== Args={'value': 'QC', 'prev_value': None, 'change': True}
2024-07-17 17:35:18,718 : INFO : EventManager : Event: ======'machine_var_score4_value'====== Args={'value': 42, 'prev_value': None, 'change': True}
2024-07-17 17:35:18,718 : INFO : EventManager : Event: ======'machine_var_score5_label'====== Args={'value': 'HIGH SCORE 4', 'prev_value': None, 'change': True}
2024-07-17 17:35:18,718 : INFO : EventManager : Event: ======'machine_var_score5_name'====== Args={'value': 'MPF', 'prev_value': None, 'change': True}
2024-07-17 17:35:18,718 : INFO : EventManager : Event: ======'machine_var_score5_value'====== Args={'value': 23, 'prev_value': None, 'change': True}
2024-07-17 17:35:18,718 : INFO : EventManager : Event: ======'bcp_connection_attempt'====== Args={'name': 'local_display', 'host': 'localhost', 'port': 5050}
2024-07-17 17:35:18,719 : INFO : BCPClientSocket : Connecting BCP to 'local_display' at localhost:5050...
2024-07-17 17:35:18,722 : INFO : BCPClientSocket : Connected BCP to 'local_display' localhost:5050
2024-07-17 17:35:18,723 : INFO : EventManager : Event: ======'bcp_clients_connected'====== Args={}
2024-07-17 17:35:18,724 : INFO : ball_device.bd_trough : BCH: Initial count: 6
2024-07-17 17:35:18,724 : INFO : ball_device.bd_trough : State: idle
2024-07-17 17:35:18,724 : INFO : ball_device.bd_plunger : BCH: Initial count: 0
2024-07-17 17:35:18,724 : INFO : ball_device.bd_plunger : State: idle
2024-07-17 17:35:18,724 : INFO : ball_device.bd_scoop : BCH: Initial count: 0
2024-07-17 17:35:18,724 : INFO : ball_device.bd_scoop : State: idle
2024-07-17 17:35:18,729 : INFO : EventManager : Event: ======'init_phase_3'====== Args={}
2024-07-17 17:35:18,734 : INFO : EventManager : Event: ======'init_phase_4'====== Args={}
2024-07-17 17:35:18,734 : INFO : BallController : Initial balls found: 6
2024-07-17 17:35:18,735 : INFO : EventManager : Event: ======'machine_var_audits_events_game_ended'====== Args={'value': 4, 'prev_value': None, 'change': True}
2024-07-17 17:35:18,735 : INFO : EventManager : Event: ======'machine_var_audits_events_game_started'====== Args={'value': 443, 'prev_value': None, 'change': True}
2024-07-17 17:35:18,735 : INFO : EventManager : Event: ======'machine_var_audits_missing_switches_s_a_target'====== Args={'value': 8, 'prev_value': None, 'change': True}
2024-07-17 17:35:18,735 : INFO : EventManager : Event: ======'machine_var_audits_missing_switches_s_bottom_inline_drop'====== Args={'value': 11, 'prev_value': None, 'change': True}
2024-07-17 17:35:18,735 : INFO : EventManager : Event: ======'machine_var_audits_missing_switches_s_bottom_pop_bumper'====== Args={'value': 2, 'prev_value': None, 'change': True}
2024-07-17 17:35:18,735 : INFO : EventManager : Event: ======'machine_var_audits_missing_switches_s_center_spinner'====== Args={'value': 190, 'prev_value': None, 'change': True}
2024-07-17 17:35:18,735 : INFO : EventManager : Event: ======'machine_var_audits_missing_switches_s_e_target'====== Args={'value': 19, 'prev_value': None, 'change': True}
2024-07-17 17:35:18,735 : INFO : EventManager : Event: ======'machine_var_audits_missing_switches_s_left_flipper'====== Args={'value': 22, 'prev_value': None, 'change': True}
2024-07-17 17:35:18,735 : INFO : EventManager : Event: ======'machine_var_audits_missing_switches_s_left_inlane'====== Args={'value': 2, 'prev_value': None, 'change': True}
2024-07-17 17:35:18,735 : INFO : EventManager : Event: ======'machine_var_audits_missing_switches_s_left_inner_horseshoe'====== Args={'value': 77, 'prev_value': None, 'change': True}
2024-07-17 17:35:18,736 : INFO : EventManager : Event: ======'machine_var_audits_missing_switches_s_left_orbit_enter'====== Args={'value': 11, 'prev_value': None, 'change': True}
2024-07-17 17:35:18,736 : INFO : EventManager : Event: ======'machine_var_audits_missing_switches_s_left_orbit_exit'====== Args={'value': 199, 'prev_value': None, 'change': True}
2024-07-17 17:35:18,736 : INFO : EventManager : Event: ======'machine_var_audits_missing_switches_s_left_outlane'====== Args={'value': 2, 'prev_value': None, 'change': True}
2024-07-17 17:35:18,736 : INFO : EventManager : Event: ======'machine_var_audits_missing_switches_s_left_pop_bumper'====== Args={'value': 2, 'prev_value': None, 'change': True}
2024-07-17 17:35:18,736 : INFO : EventManager : Event: ======'machine_var_audits_missing_switches_s_left_ramp_enter'====== Args={'value': 35, 'prev_value': None, 'change': True}
2024-07-17 17:35:18,736 : INFO : EventManager : Event: ======'machine_var_audits_missing_switches_s_left_ramp_exit'====== Args={'value': 321, 'prev_value': None, 'change': True}
2024-07-17 17:35:18,736 : INFO : EventManager : Event: ======'machine_var_audits_missing_switches_s_left_rollover_lane'====== Args={'value': 2, 'prev_value': None, 'change': True}
2024-07-17 17:35:18,736 : INFO : EventManager : Event: ======'machine_var_audits_missing_switches_s_left_sling'====== Args={'value': 93, 'prev_value': None, 'change': True}
2024-07-17 17:35:18,736 : INFO : EventManager : Event: ======'machine_var_audits_missing_switches_s_left_spinner'====== Args={'value': 11, 'prev_value': None, 'change': True}
2024-07-17 17:35:18,736 : INFO : EventManager : Event: ======'machine_var_audits_missing_switches_s_middle_inline_drop'====== Args={'value': 11, 'prev_value': None, 'change': True}
2024-07-17 17:35:18,736 : INFO : EventManager : Event: ======'machine_var_audits_missing_switches_s_middle_rollover_lane'====== Args={'value': 2, 'prev_value': None, 'change': True}
2024-07-17 17:35:18,736 : INFO : EventManager : Event: ======'machine_var_audits_missing_switches_s_n_target'====== Args={'value': 1, 'prev_value': None, 'change': True}
2024-07-17 17:35:18,736 : INFO : EventManager : Event: ======'machine_var_audits_missing_switches_s_o_target'====== Args={'value': 2, 'prev_value': None, 'change': True}
2024-07-17 17:35:18,737 : INFO : EventManager : Event: ======'machine_var_audits_missing_switches_s_p2_target'====== Args={'value': 10, 'prev_value': None, 'change': True}
2024-07-17 17:35:18,737 : INFO : EventManager : Event: ======'machine_var_audits_missing_switches_s_r_target'====== Args={'value': 2, 'prev_value': None, 'change': True}
2024-07-17 17:35:18,737 : INFO : EventManager : Event: ======'machine_var_audits_missing_switches_s_right_flipper'====== Args={'value': 1, 'prev_value': None, 'change': True}
2024-07-17 17:35:18,737 : INFO : EventManager : Event: ======'machine_var_audits_missing_switches_s_right_inlane'====== Args={'value': 2, 'prev_value': None, 'change': True}
2024-07-17 17:35:18,737 : INFO : EventManager : Event: ======'machine_var_audits_missing_switches_s_right_inner_horseshoe'====== Args={'value': 84, 'prev_value': None, 'change': True}
2024-07-17 17:35:18,737 : INFO : EventManager : Event: ======'machine_var_audits_missing_switches_s_right_orbit_exit'====== Args={'value': 186, 'prev_value': None, 'change': True}
2024-07-17 17:35:18,737 : INFO : EventManager : Event: ======'machine_var_audits_missing_switches_s_right_outlane'====== Args={'value': 2, 'prev_value': None, 'change': True}
2024-07-17 17:35:18,737 : INFO : EventManager : Event: ======'machine_var_audits_missing_switches_s_right_pop_bumper'====== Args={'value': 2, 'prev_value': None, 'change': True}
2024-07-17 17:35:18,737 : INFO : EventManager : Event: ======'machine_var_audits_missing_switches_s_right_ramp_enter'====== Args={'value': 148, 'prev_value': None, 'change': True}
2024-07-17 17:35:18,737 : INFO : EventManager : Event: ======'machine_var_audits_missing_switches_s_right_ramp_exit'====== Args={'value': 148, 'prev_value': None, 'change': True}
2024-07-17 17:35:18,737 : INFO : EventManager : Event: ======'machine_var_audits_missing_switches_s_right_ramp_standup'====== Args={'value': 61, 'prev_value': None, 'change': True}
2024-07-17 17:35:18,737 : INFO : EventManager : Event: ======'machine_var_audits_missing_switches_s_right_rollover_lane'====== Args={'value': 2, 'prev_value': None, 'change': True}
2024-07-17 17:35:18,738 : INFO : EventManager : Event: ======'machine_var_audits_missing_switches_s_right_sling'====== Args={'value': 394, 'prev_value': None, 'change': True}
2024-07-17 17:35:18,738 : INFO : EventManager : Event: ======'machine_var_audits_missing_switches_s_scoop'====== Args={'value': 1, 'prev_value': None, 'change': True}
2024-07-17 17:35:18,738 : INFO : EventManager : Event: ======'machine_var_audits_missing_switches_s_start'====== Args={'value': 1, 'prev_value': None, 'change': True}
2024-07-17 17:35:18,738 : INFO : EventManager : Event: ======'machine_var_audits_missing_switches_s_top_inline_drop'====== Args={'value': 77, 'prev_value': None, 'change': True}
2024-07-17 17:35:18,738 : INFO : EventManager : Event: ======'machine_var_audits_missing_switches_s_trough1'====== Args={'value': 2, 'prev_value': None, 'change': True}
2024-07-17 17:35:18,738 : INFO : EventManager : Event: ======'machine_var_audits_missing_switches_s_trough2'====== Args={'value': 70, 'prev_value': None, 'change': True}
2024-07-17 17:35:18,738 : INFO : EventManager : Event: ======'machine_var_audits_missing_switches_s_trough3'====== Args={'value': 70, 'prev_value': None, 'change': True}
2024-07-17 17:35:18,738 : INFO : EventManager : Event: ======'machine_var_audits_missing_switches_s_trough4'====== Args={'value': 398, 'prev_value': None, 'change': True}
2024-07-17 17:35:18,738 : INFO : EventManager : Event: ======'machine_var_audits_missing_switches_s_trough5'====== Args={'value': 398, 'prev_value': None, 'change': True}
2024-07-17 17:35:18,738 : INFO : EventManager : Event: ======'machine_var_audits_missing_switches_s_trough6'====== Args={'value': 398, 'prev_value': None, 'change': True}
2024-07-17 17:35:18,739 : INFO : EventManager : Event: ======'machine_var_audits_missing_switches_s_trough_jam'====== Args={'value': 331, 'prev_value': None, 'change': True}
2024-07-17 17:35:18,739 : INFO : EventManager : Event: ======'machine_var_audits_player_score'====== Args={'value': {'average': 109379, 'top': [370600, 175300, 400, 300, 250], 'total': 5}, 'prev_value': None, 'change': True}
2024-07-17 17:35:18,739 : INFO : EventManager : Event: ======'machine_var_audits_shots_a_rollover_lane'====== Args={'value': 3, 'prev_value': None, 'change': True}
2024-07-17 17:35:18,739 : INFO : EventManager : Event: ======'machine_var_audits_shots_a_target'====== Args={'value': 7, 'prev_value': None, 'change': True}
2024-07-17 17:35:18,739 : INFO : EventManager : Event: ======'machine_var_audits_shots_e_target'====== Args={'value': 3, 'prev_value': None, 'change': True}
2024-07-17 17:35:18,739 : INFO : EventManager : Event: ======'machine_var_audits_shots_h_rollover_lane'====== Args={'value': 4, 'prev_value': None, 'change': True}
2024-07-17 17:35:18,739 : INFO : EventManager : Event: ======'machine_var_audits_shots_k_rollover_lane'====== Args={'value': 3, 'prev_value': None, 'change': True}
2024-07-17 17:35:18,739 : INFO : EventManager : Event: ======'machine_var_audits_shots_left_rollover_lane'====== Args={'value': 168, 'prev_value': None, 'change': True}
2024-07-17 17:35:18,739 : INFO : EventManager : Event: ======'machine_var_audits_shots_middle_rollover_lane'====== Args={'value': 163, 'prev_value': None, 'change': True}
2024-07-17 17:35:18,740 : INFO : EventManager : Event: ======'machine_var_audits_shots_n_rollover_lane'====== Args={'value': 3, 'prev_value': None, 'change': True}
2024-07-17 17:35:18,740 : INFO : EventManager : Event: ======'machine_var_audits_shots_n_target'====== Args={'value': 9, 'prev_value': None, 'change': True}
2024-07-17 17:35:18,740 : INFO : EventManager : Event: ======'machine_var_audits_shots_o_target'====== Args={'value': 4, 'prev_value': None, 'change': True}
2024-07-17 17:35:18,740 : INFO : EventManager : Event: ======'machine_var_audits_shots_p2_target'====== Args={'value': 5, 'prev_value': None, 'change': True}
2024-07-17 17:35:18,740 : INFO : EventManager : Event: ======'machine_var_audits_shots_p_target'====== Args={'value': 8, 'prev_value': None, 'change': True}
2024-07-17 17:35:18,740 : INFO : EventManager : Event: ======'machine_var_audits_shots_qualify_o_target'====== Args={'value': 66, 'prev_value': None, 'change': True}
2024-07-17 17:35:18,740 : INFO : EventManager : Event: ======'machine_var_audits_shots_qualify_p_target'====== Args={'value': 71, 'prev_value': None, 'change': True}
2024-07-17 17:35:18,740 : INFO : EventManager : Event: ======'machine_var_audits_shots_qualify_r_target'====== Args={'value': 90, 'prev_value': None, 'change': True}
2024-07-17 17:35:18,740 : INFO : EventManager : Event: ======'machine_var_audits_shots_r_target'====== Args={'value': 14, 'prev_value': None, 'change': True}
2024-07-17 17:35:18,741 : INFO : EventManager : Event: ======'machine_var_audits_shots_right_rollover_lane'====== Args={'value': 167, 'prev_value': None, 'change': True}
2024-07-17 17:35:18,741 : INFO : EventManager : Event: ======'machine_var_audits_shots_skillshot_a_target'====== Args={'value': 51, 'prev_value': None, 'change': True}
2024-07-17 17:35:18,741 : INFO : EventManager : Event: ======'machine_var_audits_shots_skillshot_e_target'====== Args={'value': 42, 'prev_value': None, 'change': True}
2024-07-17 17:35:18,741 : INFO : EventManager : Event: ======'machine_var_audits_shots_skillshot_n_target'====== Args={'value': 37, 'prev_value': None, 'change': True}
2024-07-17 17:35:18,741 : INFO : EventManager : Event: ======'machine_var_audits_shots_skillshot_o_target'====== Args={'value': 17, 'prev_value': None, 'change': True}
2024-07-17 17:35:18,741 : INFO : EventManager : Event: ======'machine_var_audits_shots_skillshot_p2_target'====== Args={'value': 13, 'prev_value': None, 'change': True}
2024-07-17 17:35:18,742 : INFO : EventManager : Event: ======'machine_var_audits_shots_skillshot_p_target'====== Args={'value': 28, 'prev_value': None, 'change': True}
2024-07-17 17:35:18,742 : INFO : EventManager : Event: ======'machine_var_audits_shots_skillshot_r_target'====== Args={'value': 15, 'prev_value': None, 'change': True}
2024-07-17 17:35:18,742 : INFO : EventManager : Event: ======'machine_var_audits_switches_s_a_target'====== Args={'value': 98, 'prev_value': None, 'change': True}
2024-07-17 17:35:18,742 : INFO : EventManager : Event: ======'machine_var_audits_switches_s_bottom_inline_drop'====== Args={'value': 467, 'prev_value': None, 'change': True}
2024-07-17 17:35:18,742 : INFO : EventManager : Event: ======'machine_var_audits_switches_s_bottom_pop_bumper'====== Args={'value': 10, 'prev_value': None, 'change': True}
2024-07-17 17:35:18,742 : INFO : EventManager : Event: ======'machine_var_audits_switches_s_center_spinner'====== Args={'value': 3, 'prev_value': None, 'change': True}
2024-07-17 17:35:18,742 : INFO : EventManager : Event: ======'machine_var_audits_switches_s_e_target'====== Args={'value': 106, 'prev_value': None, 'change': True}
2024-07-17 17:35:18,742 : INFO : EventManager : Event: ======'machine_var_audits_switches_s_left_flipper'====== Args={'value': 197, 'prev_value': None, 'change': True}
2024-07-17 17:35:18,743 : INFO : EventManager : Event: ======'machine_var_audits_switches_s_left_inlane'====== Args={'value': 14, 'prev_value': None, 'change': True}
2024-07-17 17:35:18,743 : INFO : EventManager : Event: ======'machine_var_audits_switches_s_left_inner_horseshoe'====== Args={'value': 15, 'prev_value': None, 'change': True}
2024-07-17 17:35:18,743 : INFO : EventManager : Event: ======'machine_var_audits_switches_s_left_orbit_enter'====== Args={'value': 22, 'prev_value': None, 'change': True}
2024-07-17 17:35:18,743 : INFO : EventManager : Event: ======'machine_var_audits_switches_s_left_orbit_exit'====== Args={'value': 13, 'prev_value': None, 'change': True}
2024-07-17 17:35:18,743 : INFO : EventManager : Event: ======'machine_var_audits_switches_s_left_outlane'====== Args={'value': 30, 'prev_value': None, 'change': True}
2024-07-17 17:35:18,743 : INFO : EventManager : Event: ======'machine_var_audits_switches_s_left_pop_bumper'====== Args={'value': 9, 'prev_value': None, 'change': True}
2024-07-17 17:35:18,743 : INFO : EventManager : Event: ======'machine_var_audits_switches_s_left_ramp_enter'====== Args={'value': 18, 'prev_value': None, 'change': True}
2024-07-17 17:35:18,744 : INFO : EventManager : Event: ======'machine_var_audits_switches_s_left_ramp_exit'====== Args={'value': 3, 'prev_value': None, 'change': True}
2024-07-17 17:35:18,744 : INFO : EventManager : Event: ======'machine_var_audits_switches_s_left_ramp_standup'====== Args={'value': 705, 'prev_value': None, 'change': True}
2024-07-17 17:35:18,744 : INFO : EventManager : Event: ======'machine_var_audits_switches_s_left_rollover_lane'====== Args={'value': 173, 'prev_value': None, 'change': True}
2024-07-17 17:35:18,744 : INFO : EventManager : Event: ======'machine_var_audits_switches_s_left_sling'====== Args={'value': 12, 'prev_value': None, 'change': True}
2024-07-17 17:35:18,744 : INFO : EventManager : Event: ======'machine_var_audits_switches_s_left_spinner'====== Args={'value': 116, 'prev_value': None, 'change': True}
2024-07-17 17:35:18,744 : INFO : EventManager : Event: ======'machine_var_audits_switches_s_middle_inline_drop'====== Args={'value': 464, 'prev_value': None, 'change': True}
2024-07-17 17:35:18,744 : INFO : EventManager : Event: ======'machine_var_audits_switches_s_middle_rollover_lane'====== Args={'value': 166, 'prev_value': None, 'change': True}
2024-07-17 17:35:18,745 : INFO : EventManager : Event: ======'machine_var_audits_switches_s_n_target'====== Args={'value': 96, 'prev_value': None, 'change': True}
2024-07-17 17:35:18,745 : INFO : EventManager : Event: ======'machine_var_audits_switches_s_o_target'====== Args={'value': 113, 'prev_value': None, 'change': True}
2024-07-17 17:35:18,745 : INFO : EventManager : Event: ======'machine_var_audits_switches_s_p2_target'====== Args={'value': 38, 'prev_value': None, 'change': True}
2024-07-17 17:35:18,745 : INFO : EventManager : Event: ======'machine_var_audits_switches_s_p_target'====== Args={'value': 292, 'prev_value': None, 'change': True}
2024-07-17 17:35:18,745 : INFO : EventManager : Event: ======'machine_var_audits_switches_s_plunger'====== Args={'value': 530, 'prev_value': None, 'change': True}
2024-07-17 17:35:18,745 : INFO : EventManager : Event: ======'machine_var_audits_switches_s_plunger_lane'====== Args={'value': 39, 'prev_value': None, 'change': True}
2024-07-17 17:35:18,746 : INFO : EventManager : Event: ======'machine_var_audits_switches_s_plunger_lane_exit'====== Args={'value': 321, 'prev_value': None, 'change': True}
2024-07-17 17:35:18,746 : INFO : EventManager : Event: ======'machine_var_audits_switches_s_r_target'====== Args={'value': 130, 'prev_value': None, 'change': True}
2024-07-17 17:35:18,746 : INFO : EventManager : Event: ======'machine_var_audits_switches_s_right_flipper'====== Args={'value': 487, 'prev_value': None, 'change': True}
2024-07-17 17:35:18,746 : INFO : EventManager : Event: ======'machine_var_audits_switches_s_right_inlane'====== Args={'value': 12, 'prev_value': None, 'change': True}
2024-07-17 17:35:18,746 : INFO : EventManager : Event: ======'machine_var_audits_switches_s_right_inner_horseshoe'====== Args={'value': 8, 'prev_value': None, 'change': True}
2024-07-17 17:35:18,746 : INFO : EventManager : Event: ======'machine_var_audits_switches_s_right_orbit_exit'====== Args={'value': 33, 'prev_value': None, 'change': True}
2024-07-17 17:35:18,747 : INFO : EventManager : Event: ======'machine_var_audits_switches_s_right_outlane'====== Args={'value': 11, 'prev_value': None, 'change': True}
2024-07-17 17:35:18,747 : INFO : EventManager : Event: ======'machine_var_audits_switches_s_right_pop_bumper'====== Args={'value': 17, 'prev_value': None, 'change': True}
2024-07-17 17:35:18,747 : INFO : EventManager : Event: ======'machine_var_audits_switches_s_right_ramp_enter'====== Args={'value': 1, 'prev_value': None, 'change': True}
2024-07-17 17:35:18,747 : INFO : EventManager : Event: ======'machine_var_audits_switches_s_right_ramp_exit'====== Args={'value': 1, 'prev_value': None, 'change': True}
2024-07-17 17:35:18,747 : INFO : EventManager : Event: ======'machine_var_audits_switches_s_right_ramp_standup'====== Args={'value': 184, 'prev_value': None, 'change': True}
2024-07-17 17:35:18,748 : INFO : EventManager : Event: ======'machine_var_audits_switches_s_right_rollover_lane'====== Args={'value': 181, 'prev_value': None, 'change': True}
2024-07-17 17:35:18,748 : INFO : EventManager : Event: ======'machine_var_audits_switches_s_right_sling'====== Args={'value': 1, 'prev_value': None, 'change': True}
2024-07-17 17:35:18,748 : INFO : EventManager : Event: ======'machine_var_audits_switches_s_scoop'====== Args={'value': 96, 'prev_value': None, 'change': True}
2024-07-17 17:35:18,748 : INFO : EventManager : Event: ======'machine_var_audits_switches_s_start'====== Args={'value': 299, 'prev_value': None, 'change': True}
2024-07-17 17:35:18,748 : INFO : EventManager : Event: ======'machine_var_audits_switches_s_top_inline_drop'====== Args={'value': 36, 'prev_value': None, 'change': True}
2024-07-17 17:35:18,748 : INFO : EventManager : Event: ======'machine_var_audits_switches_s_trough1'====== Args={'value': 331, 'prev_value': None, 'change': True}
2024-07-17 17:35:18,749 : INFO : EventManager : Event: ======'machine_var_audits_switches_s_trough2'====== Args={'value': 25, 'prev_value': None, 'change': True}
2024-07-17 17:35:18,749 : INFO : EventManager : Event: ======'machine_var_audits_switches_s_trough3'====== Args={'value': 5, 'prev_value': None, 'change': True}
2024-07-17 17:35:18,749 : INFO : EventManager : Event: ======'machine_var_audits_switches_s_trough4'====== Args={'value': 2, 'prev_value': None, 'change': True}
2024-07-17 17:35:18,749 : INFO : EventManager : Event: ======'machine_var_audits_switches_s_trough5'====== Args={'value': 2, 'prev_value': None, 'change': True}
2024-07-17 17:35:18,749 : INFO : EventManager : Event: ======'machine_var_audits_switches_s_trough6'====== Args={'value': 1, 'prev_value': None, 'change': True}
2024-07-17 17:35:18,750 : INFO : EventManager : Event: ======'machine_var_audits_switches_s_trough_jam'====== Args={'value': 5, 'prev_value': None, 'change': True}
2024-07-17 17:35:18,750 : INFO : EventManager : Event: ======'init_phase_5'====== Args={}
2024-07-17 17:35:18,752 : INFO : EventManager : Event: ======'init_done'====== Args={}
2024-07-17 17:35:18,753 : INFO : EventManager : Event: ======'machine_reset_phase_1'====== Args={}
2024-07-17 17:35:18,760 : INFO : EventManager : Event: ======'machine_reset_phase_2'====== Args={}
2024-07-17 17:35:18,760 : INFO : EventManager : Event: ======'machine_reset_phase_3'====== Args={}
2024-07-17 17:35:18,760 : INFO : drop_target_bank.strickland_bank : All targets are already up. Will not reset bank.
2024-07-17 17:35:18,760 : INFO : EventManager : Event: ======'reset_complete'====== Args={}
2024-07-17 17:35:18,761 : INFO : EventManager : Event: ======'mode_attract_will_start'====== Args={}
2024-07-17 17:35:18,761 : INFO : Timer.attract_switch : Starting Timer.
2024-07-17 17:35:18,761 : INFO : EventManager : Event: ======'timer_attract_switch_started'====== Args={'ticks': 0, 'ticks_remaining': 45}
2024-07-17 17:35:18,761 : INFO : EventManager : Event: ======'timer_attract_switch_tick'====== Args={'ticks': 0, 'ticks_remaining': 45}
2024-07-17 17:35:18,761 : INFO : EventManager : Event: ======'mode_attract_starting'====== Args={}
2024-07-17 17:35:18,761 : INFO : Mode.attract : Started. Priority: 10
2024-07-17 17:35:18,761 : INFO : EventManager : Event: ======'modes_active_modes_changed'====== Args={}
2024-07-17 17:35:18,761 : INFO : EventManager : Event: ======'mode_attract_started'====== Args={}
2024-07-17 17:35:18,761 : INFO : EventManager : Event: ======'collecting_balls_complete'====== Args={}
2024-07-17 17:35:18,762 : INFO : Machine : Starting the main run loop.
2024-07-17 17:35:18,812 : INFO : BcpServer : New client connected.
2024-07-17 17:35:19,762 : INFO : EventManager : Event: ======'timer_attract_switch_tick'====== Args={'ticks': 1, 'ticks_remaining': 44}
2024-07-17 17:35:19,786 : INFO : EventManager : Event: ======'slide__removed'====== Args={'_from_bcp': True}
2024-07-17 17:35:19,816 : INFO : EventManager : Event: ======'slide_dtp_logo_attract_created'====== Args={'_from_bcp': True}
2024-07-17 17:35:19,817 : INFO : EventManager : Event: ======'slide_dtp_logo_attract_active'====== Args={'original_context': 'attract', 'original_calling_context': 'timer_attract_switch_tick{ticks==1}', 'cmd': 'slides_play', '_from_bcp': True}
2024-07-17 17:35:19,942 : INFO : SwitchController : <<<<<<< 's_start' active >>>>>>>
2024-07-17 17:35:20,001 : INFO : SwitchController : <<<<<<< 's_start' inactive >>>>>>>
2024-07-17 17:35:20,001 : INFO : EventManager : Event: ======'request_to_start_game'====== Args={}
2024-07-17 17:35:20,002 : INFO : EventManager : Event: ======'game_start'====== Args={'buttons': [], 'hold_time': 0.059460999999999986}
2024-07-17 17:35:20,002 : INFO : EventManager : Event: ======'mode_game_will_start'====== Args={'buttons': [], 'hold_time': 0.059460999999999986}
2024-07-17 17:35:20,003 : INFO : EventManager : Event: ======'mode_game_starting'====== Args={'buttons': [], 'hold_time': 0.059460999999999986}
2024-07-17 17:35:20,003 : INFO : EventManager : Event: ======'mode_attract_will_stop'====== Args={}
2024-07-17 17:35:20,003 : INFO : EventManager : Event: ======'mode_attract_stopping'====== Args={}
2024-07-17 17:35:20,003 : INFO : Mode.attract : Stopped.
2024-07-17 17:35:20,003 : INFO : EventManager : Event: ======'modes_active_modes_changed'====== Args={}
2024-07-17 17:35:20,003 : INFO : EventManager : Event: ======'mode_attract_stopped'====== Args={}
2024-07-17 17:35:20,003 : INFO : EventManager : Event: ======'clear'====== Args={'key': 'attract'}
2024-07-17 17:35:20,004 : INFO : Timer.attract_switch : Stopping Timer
2024-07-17 17:35:20,004 : INFO : EventManager : Event: ======'timer_attract_switch_stopped'====== Args={'ticks': 1, 'ticks_remaining': 44}
2024-07-17 17:35:20,004 : INFO : Mode.game : Started. Priority: 20
2024-07-17 17:35:20,004 : INFO : EventManager : Event: ======'modes_active_modes_changed'====== Args={}
2024-07-17 17:35:20,004 : INFO : EventManager : Event: ======'mode_game_started'====== Args={'buttons': [], 'hold_time': 0.059460999999999986}
2024-07-17 17:35:20,005 : INFO : EventManager : Event: ======'game_will_start'====== Args={}
2024-07-17 17:35:20,005 : INFO : EventManager : Event: ======'game_starting'====== Args={'game': <Mode.game>}
2024-07-17 17:35:20,006 : INFO : EventManager : Unordered handler for class <Auditor> on event game_ended with priority 1. Handlers: [RegisteredHandler(callback=<bound method Auditor.disable of <Auditor>>, priority=1, kwargs={}, key=UUID('752a1c8f-0a10-4962-8536-9c4e4d4a15af'), condition=None, blocking_facility=None), RegisteredHandler(callback=<bound method Auditor._save_audits of <Auditor>>, priority=1, kwargs={}, key=UUID('4063d667-458e-4f67-bf78-7fa4f2b23b28'), condition=None, blocking_facility=None)]. The order of those handlers is not defined and they will be executed in random order. This might lead to race conditions and potential bugs.
2024-07-17 17:35:20,006 : INFO : EventManager : Event: ======'player_add_request'====== Args={}
2024-07-17 17:35:20,006 : INFO : EventManager : Event: ======'player_will_add'====== Args={'number': 1}
2024-07-17 17:35:20,006 : INFO : EventManager : Event: ======'player_adding'====== Args={'player': <Player 1>, 'number': 1}
2024-07-17 17:35:20,007 : INFO : EventManager : Event: ======'player_added'====== Args={'player': <Player 1>, 'num': 1}
2024-07-17 17:35:20,007 : INFO : Mode.game : Player added successfully. Total players: 1
2024-07-17 17:35:20,007 : INFO : EventManager : Event: ======'player_index'====== Args={'value': 0, 'prev_value': 0, 'change': 0, 'player_num': 1}
2024-07-17 17:35:20,007 : INFO : EventManager : Event: ======'player_number'====== Args={'value': 1, 'prev_value': 1, 'change': 0, 'player_num': 1}
2024-07-17 17:35:20,007 : INFO : EventManager : Event: ======'player_score'====== Args={'value': 0, 'prev_value': 0, 'change': 0, 'player_num': 1}
2024-07-17 17:35:20,008 : INFO : EventManager : Event: ======'game_started'====== Args={}
2024-07-17 17:35:20,008 : INFO : EventManager : Event: ======'player_turn_will_start'====== Args={'player': <Player 1>, 'number': 1}
2024-07-17 17:35:20,009 : INFO : EventManager : Event: ======'player_turn_starting'====== Args={'player': <Player 1>, 'number': 1}
2024-07-17 17:35:20,014 : INFO : EventManager : Event: ======'player_ball'====== Args={'value': 1, 'prev_value': 0, 'change': 1, 'player_num': 1}
2024-07-17 17:35:20,014 : INFO : EventManager : Event: ======'player_turn_started'====== Args={'player': <Player 1>, 'number': 1}
2024-07-17 17:35:20,018 : INFO : EventManager : Event: ======'ball_will_start'====== Args={'player': 1, 'ball': 1, 'balls_remaining': 2, 'is_extra_ball': False}
2024-07-17 17:35:20,019 : INFO : EventManager : Event: ======'ball_starting'====== Args={'player': 1, 'ball': 1, 'balls_remaining': 2, 'is_extra_ball': False}
2024-07-17 17:35:20,019 : INFO : EventManager : Event: ======'mode_skillshot_will_start'====== Args={'queue': <QueuedEvent>, 'player': 1, 'ball': 1, 'balls_remaining': 2, 'is_extra_ball': False}
2024-07-17 17:35:20,019 : INFO : EventManager : Event: ======'skillshot_complete'====== Args={'state': 'None'}
2024-07-17 17:35:20,019 : INFO : EventManager : Event: ======'skillshot_None_complete'====== Args={}
2024-07-17 17:35:20,020 : INFO : EventManager : Event: ======'player_shot_skillshot_p_target_enabled'====== Args={'value': True, 'prev_value': 0, 'change': 1, 'player_num': 1}
2024-07-17 17:35:20,020 : INFO : EventManager : Event: ======'player_shot_skillshot_r_target_enabled'====== Args={'value': True, 'prev_value': 0, 'change': 1, 'player_num': 1}
2024-07-17 17:35:20,021 : INFO : EventManager : Event: ======'player_shot_skillshot_o_target_enabled'====== Args={'value': True, 'prev_value': 0, 'change': 1, 'player_num': 1}
2024-07-17 17:35:20,021 : INFO : EventManager : Event: ======'player_shot_skillshot_p2_target_enabled'====== Args={'value': True, 'prev_value': 0, 'change': 1, 'player_num': 1}
2024-07-17 17:35:20,021 : INFO : EventManager : Event: ======'player_shot_skillshot_a_target_enabled'====== Args={'value': True, 'prev_value': 0, 'change': 1, 'player_num': 1}
2024-07-17 17:35:20,021 : INFO : EventManager : Event: ======'player_shot_skillshot_n_target_enabled'====== Args={'value': True, 'prev_value': 0, 'change': 1, 'player_num': 1}
2024-07-17 17:35:20,022 : INFO : EventManager : Event: ======'player_shot_skillshot_e_target_enabled'====== Args={'value': True, 'prev_value': 0, 'change': 1, 'player_num': 1}
2024-07-17 17:35:20,022 : INFO : EventManager : Event: ======'player_skillshot_skillshot_rotate_tick'====== Args={'value': 0, 'prev_value': 0, 'change': 0, 'player_num': 1}
2024-07-17 17:35:20,022 : INFO : Timer.skillshot_rotate : Starting Timer.
2024-07-17 17:35:20,022 : INFO : EventManager : Event: ======'timer_skillshot_rotate_started'====== Args={'ticks': 0, 'ticks_remaining': 0}
2024-07-17 17:35:20,022 : INFO : EventManager : Event: ======'timer_skillshot_rotate_tick'====== Args={'ticks': 0, 'ticks_remaining': 0}
2024-07-17 17:35:20,023 : INFO : EventManager : Event: ======'mode_skillshot_starting'====== Args={'queue': <QueuedEvent>, 'player': 1, 'ball': 1, 'balls_remaining': 2, 'is_extra_ball': False}
2024-07-17 17:35:20,023 : INFO : drop_target_bank.strickland_bank : All targets are already up. Will not reset bank.
2024-07-17 17:35:20,023 : INFO : EventManager : Event: ======'cmd_flippers_enable'====== Args={'priority': 0}
2024-07-17 17:35:20,024 : INFO : EventManager : Event: ======'cmd_autofire_coils_enable'====== Args={'priority': 0}
2024-07-17 17:35:20,024 : INFO : EventManager : Event: ======'cmd_drop_targets_reset'====== Args={'priority': 0}
2024-07-17 17:35:20,024 : INFO : Mode.skillshot : Started. Priority: 200
2024-07-17 17:35:20,024 : INFO : EventManager : Event: ======'modes_active_modes_changed'====== Args={}
2024-07-17 17:35:20,024 : INFO : EventManager : Event: ======'mode_skillshot_started'====== Args={'queue': <QueuedEvent>, 'player': 1, 'ball': 1, 'balls_remaining': 2, 'is_extra_ball': False}
2024-07-17 17:35:20,024 : INFO : EventManager : Event: ======'player_shot_skillshot_p_target'====== Args={'value': 1, 'prev_value': 0, 'change': 1, 'player_num': 1}
2024-07-17 17:35:20,025 : INFO : EventManager : Event: ======'balls_in_play'====== Args={'balls': 1}
2024-07-17 17:35:20,025 : INFO : EventManager : Event: ======'ball_started'====== Args={'player': 1, 'ball': 1, 'balls_remaining': 2, 'is_extra_ball': False}
2024-07-17 17:35:20,025 : INFO : EventManager : Event: ======'mode_hank_rollover_will_start'====== Args={'player': 1, 'ball': 1, 'balls_remaining': 2, 'is_extra_ball': False}
2024-07-17 17:35:20,026 : INFO : EventManager : Event: ======'player_shot_h_rollover_lane_enabled'====== Args={'value': True, 'prev_value': 0, 'change': 1, 'player_num': 1}
2024-07-17 17:35:20,026 : INFO : EventManager : Event: ======'player_shot_a_rollover_lane_enabled'====== Args={'value': True, 'prev_value': 0, 'change': 1, 'player_num': 1}
2024-07-17 17:35:20,026 : INFO : EventManager : Event: ======'player_shot_n_rollover_lane_enabled'====== Args={'value': True, 'prev_value': 0, 'change': 1, 'player_num': 1}
2024-07-17 17:35:20,027 : INFO : EventManager : Event: ======'player_shot_k_rollover_lane_enabled'====== Args={'value': True, 'prev_value': 0, 'change': 1, 'player_num': 1}
2024-07-17 17:35:20,027 : INFO : EventManager : Event: ======'hank_lanes_complete'====== Args={'state': 'unlit'}
2024-07-17 17:35:20,027 : INFO : EventManager : Event: ======'hank_lanes_unlit_complete'====== Args={}
2024-07-17 17:35:20,027 : INFO : EventManager : Event: ======'mode_hank_rollover_starting'====== Args={'player': 1, 'ball': 1, 'balls_remaining': 2, 'is_extra_ball': False}
2024-07-17 17:35:20,028 : INFO : EventManager : Event: ======'mode_BBQ_rollover_will_start'====== Args={'player': 1, 'ball': 1, 'balls_remaining': 2, 'is_extra_ball': False}
2024-07-17 17:35:20,028 : INFO : EventManager : Event: ======'player_shot_left_rollover_lane_enabled'====== Args={'value': True, 'prev_value': 0, 'change': 1, 'player_num': 1}
2024-07-17 17:35:20,028 : INFO : EventManager : Event: ======'player_shot_middle_rollover_lane_enabled'====== Args={'value': True, 'prev_value': 0, 'change': 1, 'player_num': 1}
2024-07-17 17:35:20,029 : INFO : EventManager : Event: ======'player_shot_right_rollover_lane_enabled'====== Args={'value': True, 'prev_value': 0, 'change': 1, 'player_num': 1}
2024-07-17 17:35:20,029 : INFO : EventManager : Event: ======'BBQ_lanes_complete'====== Args={'state': 'unlit'}
2024-07-17 17:35:20,029 : INFO : EventManager : Event: ======'BBQ_lanes_unlit_complete'====== Args={}
2024-07-17 17:35:20,030 : INFO : EventManager : Event: ======'mode_BBQ_rollover_starting'====== Args={'player': 1, 'ball': 1, 'balls_remaining': 2, 'is_extra_ball': False}
2024-07-17 17:35:20,030 : INFO : EventManager : Event: ======'mode_base_will_start'====== Args={'player': 1, 'ball': 1, 'balls_remaining': 2, 'is_extra_ball': False}
2024-07-17 17:35:20,030 : INFO : EventManager : Event: ======'player_extra_ball_score_one_num_awarded'====== Args={'value': 0, 'prev_value': 0, 'change': 0, 'player_num': 1}
2024-07-17 17:35:20,031 : INFO : EventManager : Event: ======'player_extra_ball_score_two_num_awarded'====== Args={'value': 0, 'prev_value': 0, 'change': 0, 'player_num': 1}
2024-07-17 17:35:20,031 : INFO : EventManager : Event: ======'player_shot_qualify_p_target_enabled'====== Args={'value': True, 'prev_value': 0, 'change': 1, 'player_num': 1}
2024-07-17 17:35:20,031 : INFO : EventManager : Event: ======'player_shot_qualify_r_target_enabled'====== Args={'value': True, 'prev_value': 0, 'change': 1, 'player_num': 1}
2024-07-17 17:35:20,032 : INFO : EventManager : Event: ======'player_shot_qualify_o_target_enabled'====== Args={'value': True, 'prev_value': 0, 'change': 1, 'player_num': 1}
2024-07-17 17:35:20,032 : INFO : EventManager : Event: ======'qualify_mission_complete'====== Args={'state': 'unlit'}
2024-07-17 17:35:20,032 : INFO : EventManager : Event: ======'qualify_mission_unlit_complete'====== Args={}
2024-07-17 17:35:20,034 : INFO : EventManager : Event: ======'mode_base_starting'====== Args={'player': 1, 'ball': 1, 'balls_remaining': 2, 'is_extra_ball': False}
2024-07-17 17:35:20,034 : INFO : Mode.base : Started. Priority: 100
2024-07-17 17:35:20,034 : INFO : EventManager : Event: ======'modes_active_modes_changed'====== Args={}
2024-07-17 17:35:20,034 : INFO : EventManager : Event: ======'mode_base_started'====== Args={'player': 1, 'ball': 1, 'balls_remaining': 2, 'is_extra_ball': False}
2024-07-17 17:35:20,035 : INFO : EventManager : Event: ======'ball_save_default_enabled'====== Args={}
2024-07-17 17:35:20,035 : INFO : EventManager : Event: ======'logicblock_lb_hank_complete_count_updated'====== Args={'value': 1, 'enabled': True}
2024-07-17 17:35:20,035 : INFO : EventManager : Event: ======'logicblock_lb_hank_complete_count_updated'====== Args={'value': 1, 'enabled': True}
2024-07-17 17:35:20,035 : INFO : Mode.hank_rollover : Started. Priority: 200
2024-07-17 17:35:20,035 : INFO : EventManager : Event: ======'modes_active_modes_changed'====== Args={}
2024-07-17 17:35:20,035 : INFO : EventManager : Event: ======'mode_hank_rollover_started'====== Args={'player': 1, 'ball': 1, 'balls_remaining': 2, 'is_extra_ball': False}
2024-07-17 17:35:20,035 : INFO : EventManager : Event: ======'logicblock_lb_BBQ_complete_count_updated'====== Args={'value': 1, 'enabled': True}
2024-07-17 17:35:20,035 : INFO : EventManager : Event: ======'logicblock_lb_BBQ_complete_count_updated'====== Args={'value': 1, 'enabled': True}
2024-07-17 17:35:20,035 : INFO : Mode.BBQ_rollover : Started. Priority: 200
2024-07-17 17:35:20,035 : INFO : EventManager : Event: ======'modes_active_modes_changed'====== Args={}
2024-07-17 17:35:20,035 : INFO : EventManager : Event: ======'mode_BBQ_rollover_started'====== Args={'player': 1, 'ball': 1, 'balls_remaining': 2, 'is_extra_ball': False}
2024-07-17 17:35:20,036 : INFO : EventManager : Event: ======'player_bonus_multiplier'====== Args={'value': 1, 'prev_value': 0, 'change': 1, 'player_num': 1, 'source': 'BBQ_rollover'}
2024-07-17 17:35:20,036 : INFO : EventManager : Event: ======'single_player_ball_started'====== Args={}
2024-07-17 17:35:20,039 : INFO : EventManager : Event: ======'ball_start_target'====== Args={'target': 'playfield'}
2024-07-17 17:35:20,040 : INFO : ball_device.bd_plunger : Setting up player-controlled eject. Balls: 1, Target: <playfield.playfield>, player_controlled_eject_event: None
2024-07-17 17:35:20,040 : INFO : EventManager : Event: ======'balldevice_balls_available'====== Args={}
2024-07-17 17:35:20,040 : INFO : ball_device.bd_trough : State: waiting_for_target_ready
2024-07-17 17:35:20,040 : INFO : EventManager : Event: ======'balldevice_bd_trough_ball_eject_attempt'====== Args={'balls': 1, 'target': <ball_device.bd_plunger>, 'source': <ball_device.bd_trough>, 'mechanical_eject': True, 'num_attempts': 0}
2024-07-17 17:35:20,041 : INFO : ball_device.bd_plunger : State: waiting_for_ball
2024-07-17 17:35:20,041 : INFO : ball_device.bd_trough : State: ejecting
2024-07-17 17:35:20,041 : INFO : ball_device.bd_trough : Ejecting ball to <ball_device.bd_plunger>
2024-07-17 17:35:20,041 : INFO : EventManager : Event: ======'balldevice_bd_trough_ejecting_ball'====== Args={'balls': 1, 'target': <ball_device.bd_plunger>, 'source': <ball_device.bd_trough>, 'mechanical_eject': True, 'num_attempts': 0}
2024-07-17 17:35:20,041 : INFO : ball_device.bd_trough : Wait for ball to leave device
2024-07-17 17:35:20,041 : INFO : coil.c_trough_eject : Pulsing Driver for 20ms (1.0 pulse_power)
2024-07-17 17:35:20,041 : INFO : SwitchController : <<<<<<< 's_trough1' inactive >>>>>>>
2024-07-17 17:35:20,042 : INFO : ball_device.bd_trough : State: ball_left
2024-07-17 17:35:20,042 : INFO : ball_device.bd_trough : Ball left
2024-07-17 17:35:20,042 : INFO : ball_device.bd_trough : Wait for confirm with timeout 3.0
2024-07-17 17:35:20,061 : INFO : EventManager : Event: ======'slide_skillshot_created'====== Args={'_from_bcp': True}
2024-07-17 17:35:20,062 : INFO : EventManager : Event: ======'slide_dtp_logo_attract_inactive'====== Args={'_from_bcp': True}
2024-07-17 17:35:20,062 : INFO : EventManager : Event: ======'slide_skillshot_active'====== Args={'original_context': 'skillshot', 'original_calling_context': 'mode_skillshot_started', 'queue': '<QueuedEvent>', 'cmd': 'slides_play', '_from_bcp': True}
2024-07-17 17:35:20,062 : INFO : EventManager : Event: ======'slide_dtp_logo_attract_removed'====== Args={'_from_bcp': True}
2024-07-17 17:35:20,068 : INFO : EventManager : Event: ======'slide_base_created'====== Args={'_from_bcp': True}
2024-07-17 17:35:20,143 : INFO : SwitchController : <<<<<<< 's_plunger' active >>>>>>>
2024-07-17 17:35:20,143 : INFO : EventManager : Event: ======'machine_var_audits_switches_s_plunger'====== Args={'value': 531, 'prev_value': 530, 'change': 1}
2024-07-17 17:35:20,643 : INFO : ball_device.bd_plunger : Received ball from <ball_device.bd_trough>
2024-07-17 17:35:20,644 : INFO : EventManager : Event: ======'balldevice_bd_plunger_ball_enter'====== Args={'new_balls': 1, 'unclaimed_balls': 0, 'new_available_balls': 0, 'device': <ball_device.bd_plunger>}
2024-07-17 17:35:20,645 : INFO : EventManager : Event: ======'balldevice_bd_plunger_ball_entered'====== Args={'new_balls': 0, 'device': <ball_device.bd_plunger>}
2024-07-17 17:35:20,646 : INFO : EventManager : Event: ======'balldevice_bd_plunger_ball_count_changed'====== Args={'balls': 1}
2024-07-17 17:35:20,647 : INFO : ball_device.bd_trough : Got eject confirm
2024-07-17 17:35:20,647 : INFO : ball_device.bd_trough : Eject successful
2024-07-17 17:35:20,647 : INFO : EventManager : Event: ======'balldevice_bd_trough_ball_eject_success'====== Args={'balls': 1, 'target': <ball_device.bd_plunger>}
2024-07-17 17:35:20,648 : INFO : EventManager : Event: ======'balldevice_bd_trough_ball_count_changed'====== Args={'balls': 5}
2024-07-17 17:35:20,649 : INFO : ball_device.bd_trough : State: idle
2024-07-17 17:35:20,649 : INFO : ball_device.bd_plunger : State: waiting_for_target_ready
2024-07-17 17:35:20,650 : INFO : EventManager : Event: ======'balldevice_bd_plunger_ball_eject_attempt'====== Args={'balls': 1, 'target': <playfield.playfield>, 'source': <ball_device.bd_plunger>, 'mechanical_eject': True, 'num_attempts': 0}
2024-07-17 17:35:20,652 : INFO : ball_device.bd_plunger : State: ejecting
2024-07-17 17:35:20,653 : INFO : ball_device.bd_plunger : Ejecting ball to <playfield.playfield>
2024-07-17 17:35:20,654 : INFO : EventManager : Event: ======'balldevice_bd_plunger_ejecting_ball'====== Args={'balls': 1, 'target': <playfield.playfield>, 'source': <ball_device.bd_plunger>, 'mechanical_eject': True, 'num_attempts': 0}
2024-07-17 17:35:20,655 : INFO : ball_device.bd_plunger : Wait for ball to leave device
2024-07-17 17:35:21,023 : INFO : EventManager : Event: ======'player_skillshot_skillshot_rotate_tick'====== Args={'value': 1, 'prev_value': 0, 'change': 1, 'player_num': 1}
2024-07-17 17:35:21,025 : INFO : EventManager : Event: ======'timer_skillshot_rotate_tick'====== Args={'ticks': 1, 'ticks_remaining': 0}
2024-07-17 17:35:21,038 : INFO : EventManager : Event: ======'player_shot_skillshot_p_target'====== Args={'value': 0, 'prev_value': 1, 'change': -1, 'player_num': 1}
2024-07-17 17:35:21,045 : INFO : EventManager : Event: ======'player_shot_skillshot_r_target'====== Args={'value': 1, 'prev_value': 0, 'change': 1, 'player_num': 1}
2024-07-17 17:35:21,303 : WARNING : SwitchController : Received duplicate switch state 1 for switch s_plunger from the platform interface. Log Code: Log-SwitchController-1 (https://missionpinball.org/logs)
2024-07-17 17:35:21,420 : INFO : SwitchController : <<<<<<< 's_plunger' inactive >>>>>>>
2024-07-17 17:35:21,422 : INFO : ball_device.bd_plunger : State: ball_left
2024-07-17 17:35:21,423 : INFO : ball_device.bd_plunger : Ball left
2024-07-17 17:35:21,423 : INFO : ball_device.bd_plunger : Wait for confirm with timeout 3.0
2024-07-17 17:35:22,023 : INFO : EventManager : Event: ======'player_skillshot_skillshot_rotate_tick'====== Args={'value': 2, 'prev_value': 1, 'change': 1, 'player_num': 1}
2024-07-17 17:35:22,024 : INFO : EventManager : Event: ======'timer_skillshot_rotate_tick'====== Args={'ticks': 2, 'ticks_remaining': 0}
2024-07-17 17:35:22,025 : INFO : EventManager : Event: ======'player_shot_skillshot_r_target'====== Args={'value': 0, 'prev_value': 1, 'change': -1, 'player_num': 1}
2024-07-17 17:35:22,027 : INFO : EventManager : Event: ======'player_shot_skillshot_o_target'====== Args={'value': 1, 'prev_value': 0, 'change': 1, 'player_num': 1}
2024-07-17 17:35:23,024 : INFO : EventManager : Event: ======'player_skillshot_skillshot_rotate_tick'====== Args={'value': 3, 'prev_value': 2, 'change': 1, 'player_num': 1}
2024-07-17 17:35:23,026 : INFO : EventManager : Event: ======'timer_skillshot_rotate_tick'====== Args={'ticks': 3, 'ticks_remaining': 0}
2024-07-17 17:35:23,027 : INFO : EventManager : Event: ======'player_shot_skillshot_o_target'====== Args={'value': 0, 'prev_value': 1, 'change': -1, 'player_num': 1}
2024-07-17 17:35:23,029 : INFO : EventManager : Event: ======'player_shot_skillshot_p2_target'====== Args={'value': 1, 'prev_value': 0, 'change': 1, 'player_num': 1}
2024-07-17 17:35:24,023 : INFO : EventManager : Event: ======'player_skillshot_skillshot_rotate_tick'====== Args={'value': 4, 'prev_value': 3, 'change': 1, 'player_num': 1}
2024-07-17 17:35:24,025 : INFO : EventManager : Event: ======'timer_skillshot_rotate_tick'====== Args={'ticks': 4, 'ticks_remaining': 0}
2024-07-17 17:35:24,025 : INFO : EventManager : Event: ======'player_shot_skillshot_p2_target'====== Args={'value': 0, 'prev_value': 1, 'change': -1, 'player_num': 1}
2024-07-17 17:35:24,027 : INFO : EventManager : Event: ======'player_shot_skillshot_a_target'====== Args={'value': 1, 'prev_value': 0, 'change': 1, 'player_num': 1}
2024-07-17 17:35:24,424 : INFO : ball_device.bd_plunger : State: failed_confirm
2024-07-17 17:35:24,425 : INFO : ball_device.bd_plunger : Got timeout (3.0s) before confirm from <playfield.playfield>
2024-07-17 17:35:24,526 : INFO : ball_device.bd_plunger : Confirming eject because target is playfield and ball did not return.
2024-07-17 17:35:24,526 : INFO : ball_device.bd_plunger : Eject successful
2024-07-17 17:35:24,526 : INFO : EventManager : Event: ======'balldevice_bd_plunger_ball_eject_success'====== Args={'balls': 1, 'target': <playfield.playfield>}
2024-07-17 17:35:24,528 : INFO : EventManager : Event: ======'balldevice_playfield_ball_enter'====== Args={'new_balls': 1, 'unclaimed_balls': 1, 'device': <playfield.playfield>}
2024-07-17 17:35:24,528 : INFO : EventManager : Event: ======'playfield_ball_count_change'====== Args={'balls': 1, 'change': 1}
2024-07-17 17:35:24,530 : INFO : EventManager : Event: ======'balldevice_bd_plunger_ball_count_changed'====== Args={'balls': 0}
2024-07-17 17:35:24,531 : INFO : ball_device.bd_plunger : State: idle
2024-07-17 17:35:25,023 : INFO : EventManager : Event: ======'player_skillshot_skillshot_rotate_tick'====== Args={'value': 5, 'prev_value': 4, 'change': 1, 'player_num': 1}
2024-07-17 17:35:25,024 : INFO : EventManager : Event: ======'timer_skillshot_rotate_tick'====== Args={'ticks': 5, 'ticks_remaining': 0}
2024-07-17 17:35:25,025 : INFO : EventManager : Event: ======'player_shot_skillshot_a_target'====== Args={'value': 0, 'prev_value': 1, 'change': -1, 'player_num': 1}
2024-07-17 17:35:25,027 : INFO : EventManager : Event: ======'player_shot_skillshot_n_target'====== Args={'value': 1, 'prev_value': 0, 'change': 1, 'player_num': 1}
2024-07-17 17:35:25,513 : INFO : SwitchController : <<<<<<< 's_plunger_lane_exit' active >>>>>>>
2024-07-17 17:35:25,513 : INFO : EventManager : Event: ======'s_plunger_lane_exit_active'====== Args={}
2024-07-17 17:35:25,514 : INFO : EventManager : Event: ======'sw_playfield_active'====== Args={}
2024-07-17 17:35:25,514 : INFO : EventManager : Event: ======'machine_var_audits_switches_s_plunger_lane_exit'====== Args={'value': 322, 'prev_value': 321, 'change': 1}
2024-07-17 17:35:25,515 : INFO : EventManager : Event: ======'ball_save_default_timer_start'====== Args={}
2024-07-17 17:35:25,621 : INFO : SwitchController : <<<<<<< 's_plunger_lane_exit' inactive >>>>>>>
2024-07-17 17:35:25,621 : INFO : EventManager : Event: ======'s_plunger_lane_exit_inactive'====== Args={}
2024-07-17 17:35:25,621 : INFO : Timer.skillshot_rotate : Stopping Timer
2024-07-17 17:35:25,622 : INFO : EventManager : Event: ======'timer_skillshot_rotate_stopped'====== Args={'ticks': 5, 'ticks_remaining': 0}
2024-07-17 17:35:25,622 : INFO : EventManager : Event: ======'advance_skillshot_6'====== Args={'priority': 0}
2024-07-17 17:35:25,622 : INFO : EventManager : Event: ======'player_shot_skillshot_n_target'====== Args={'value': 2, 'prev_value': 1, 'change': 1, 'player_num': 1}
2024-07-17 17:35:29,090 : INFO : SwitchController : <<<<<<< 's_bottom_inline_drop' active >>>>>>>
2024-07-17 17:35:29,091 : INFO : EventManager : Event: ======'s_bottom_inline_drop_active'====== Args={}
2024-07-17 17:35:29,092 : INFO : EventManager : Event: ======'drop_target_front_down'====== Args={'device': <drop_target.front>}
2024-07-17 17:35:29,093 : INFO : EventManager : Event: ======'drop_target_bank_strickland_bank_mixed'====== Args={'prev_value': <DropTargetBankState.UP: 'up'>, 'down': 1}
2024-07-17 17:35:29,093 : INFO : EventManager : Event: ======'machine_var_audits_switches_s_bottom_inline_drop'====== Args={'value': 468, 'prev_value': 467, 'change': 1}
2024-07-17 17:35:29,095 : INFO : EventManager : Event: ======'player_score'====== Args={'value': 1000, 'prev_value': 0, 'change': 1000, 'player_num': 1, 'source': 'base'}
2024-07-17 17:35:30,441 : INFO : SwitchController : <<<<<<< 's_bottom_inline_drop' inactive >>>>>>>
2024-07-17 17:35:30,442 : INFO : EventManager : Event: ======'drop_target_front_up'====== Args={'device': <drop_target.front>}
2024-07-17 17:35:30,443 : INFO : EventManager : Event: ======'drop_target_bank_strickland_bank_up'====== Args={}
2024-07-17 17:35:30,606 : INFO : SwitchController : <<<<<<< 's_bottom_inline_drop' active >>>>>>>
2024-07-17 17:35:30,606 : INFO : EventManager : Event: ======'s_bottom_inline_drop_active'====== Args={}
2024-07-17 17:35:30,606 : INFO : EventManager : Event: ======'drop_target_front_down'====== Args={'device': <drop_target.front>}
2024-07-17 17:35:30,607 : INFO : EventManager : Event: ======'drop_target_bank_strickland_bank_mixed'====== Args={'prev_value': <DropTargetBankState.UP: 'up'>, 'down': 1}
2024-07-17 17:35:30,607 : INFO : EventManager : Event: ======'machine_var_audits_switches_s_bottom_inline_drop'====== Args={'value': 469, 'prev_value': 468, 'change': 1}
2024-07-17 17:35:30,608 : INFO : EventManager : Event: ======'player_score'====== Args={'value': 2000, 'prev_value': 1000, 'change': 1000, 'player_num': 1, 'source': 'base'}
2024-07-17 17:35:31,325 : INFO : SwitchController : <<<<<<< 's_bottom_inline_drop' inactive >>>>>>>
2024-07-17 17:35:31,326 : INFO : EventManager : Event: ======'drop_target_front_up'====== Args={'device': <drop_target.front>}
2024-07-17 17:35:31,327 : INFO : EventManager : Event: ======'drop_target_bank_strickland_bank_up'====== Args={}
2024-07-17 17:35:32,074 : INFO : SwitchController : <<<<<<< 's_bottom_inline_drop' active >>>>>>>
2024-07-17 17:35:32,074 : INFO : EventManager : Event: ======'s_bottom_inline_drop_active'====== Args={}
2024-07-17 17:35:32,075 : INFO : EventManager : Event: ======'drop_target_front_down'====== Args={'device': <drop_target.front>}
2024-07-17 17:35:32,076 : INFO : EventManager : Event: ======'drop_target_bank_strickland_bank_mixed'====== Args={'prev_value': <DropTargetBankState.UP: 'up'>, 'down': 1}
2024-07-17 17:35:32,077 : INFO : EventManager : Event: ======'machine_var_audits_switches_s_bottom_inline_drop'====== Args={'value': 470, 'prev_value': 469, 'change': 1}
2024-07-17 17:35:32,079 : INFO : EventManager : Event: ======'player_score'====== Args={'value': 3000, 'prev_value': 2000, 'change': 1000, 'player_num': 1, 'source': 'base'}
2024-07-17 17:35:33,180 : INFO : SwitchController : <<<<<<< 's_bottom_inline_drop' inactive >>>>>>>
2024-07-17 17:35:33,181 : INFO : EventManager : Event: ======'drop_target_front_up'====== Args={'device': <drop_target.front>}
2024-07-17 17:35:33,182 : INFO : EventManager : Event: ======'drop_target_bank_strickland_bank_up'====== Args={}
2024-07-17 17:35:33,517 : INFO : EventManager : Event: ======'ball_save_default_hurry_up'====== Args={}
2024-07-17 17:35:34,226 : INFO : SwitchController : <<<<<<< 's_bottom_inline_drop' active >>>>>>>
2024-07-17 17:35:34,226 : INFO : EventManager : Event: ======'s_bottom_inline_drop_active'====== Args={}
2024-07-17 17:35:34,227 : INFO : EventManager : Event: ======'drop_target_front_down'====== Args={'device': <drop_target.front>}
2024-07-17 17:35:34,228 : INFO : EventManager : Event: ======'drop_target_bank_strickland_bank_mixed'====== Args={'prev_value': <DropTargetBankState.UP: 'up'>, 'down': 1}
2024-07-17 17:35:34,228 : INFO : EventManager : Event: ======'machine_var_audits_switches_s_bottom_inline_drop'====== Args={'value': 471, 'prev_value': 470, 'change': 1}
2024-07-17 17:35:34,230 : INFO : EventManager : Event: ======'player_score'====== Args={'value': 4000, 'prev_value': 3000, 'change': 1000, 'player_num': 1, 'source': 'base'}
2024-07-17 17:35:34,662 : INFO : SwitchController : <<<<<<< 's_bottom_inline_drop' inactive >>>>>>>
2024-07-17 17:35:34,663 : INFO : EventManager : Event: ======'drop_target_front_up'====== Args={'device': <drop_target.front>}
2024-07-17 17:35:34,664 : INFO : EventManager : Event: ======'drop_target_bank_strickland_bank_up'====== Args={}
2024-07-17 17:35:35,342 : INFO : SwitchController : <<<<<<< 's_bottom_inline_drop' active >>>>>>>
2024-07-17 17:35:35,342 : INFO : EventManager : Event: ======'s_bottom_inline_drop_active'====== Args={}
2024-07-17 17:35:35,343 : INFO : EventManager : Event: ======'drop_target_front_down'====== Args={'device': <drop_target.front>}
2024-07-17 17:35:35,344 : INFO : EventManager : Event: ======'drop_target_bank_strickland_bank_mixed'====== Args={'prev_value': <DropTargetBankState.UP: 'up'>, 'down': 1}
2024-07-17 17:35:35,344 : INFO : EventManager : Event: ======'machine_var_audits_switches_s_bottom_inline_drop'====== Args={'value': 472, 'prev_value': 471, 'change': 1}
2024-07-17 17:35:35,347 : INFO : EventManager : Event: ======'player_score'====== Args={'value': 5000, 'prev_value': 4000, 'change': 1000, 'player_num': 1, 'source': 'base'}
2024-07-17 17:35:35,450 : INFO : SwitchController : <<<<<<< 's_bottom_inline_drop' inactive >>>>>>>
2024-07-17 17:35:35,450 : INFO : EventManager : Event: ======'drop_target_front_up'====== Args={'device': <drop_target.front>}
2024-07-17 17:35:35,451 : INFO : EventManager : Event: ======'drop_target_bank_strickland_bank_up'====== Args={}
2024-07-17 17:35:35,516 : INFO : EventManager : Event: ======'ball_save_default_grace_period'====== Args={}
2024-07-17 17:35:37,125 : INFO : SwitchController : <<<<<<< 's_middle_inline_drop' active >>>>>>>
2024-07-17 17:35:37,126 : INFO : EventManager : Event: ======'s_middle_inline_drop_active'====== Args={}
2024-07-17 17:35:37,127 : INFO : EventManager : Event: ======'drop_target_middle_down'====== Args={'device': <drop_target.middle>}
2024-07-17 17:35:37,128 : INFO : EventManager : Event: ======'drop_target_bank_strickland_bank_mixed'====== Args={'prev_value': <DropTargetBankState.UP: 'up'>, 'down': 1}
2024-07-17 17:35:37,128 : INFO : EventManager : Event: ======'machine_var_audits_switches_s_middle_inline_drop'====== Args={'value': 465, 'prev_value': 464, 'change': 1}
2024-07-17 17:35:37,130 : INFO : EventManager : Event: ======'player_score'====== Args={'value': 6000, 'prev_value': 5000, 'change': 1000, 'player_num': 1, 'source': 'base'}
2024-07-17 17:35:37,255 : INFO : SwitchController : <<<<<<< 's_middle_inline_drop' inactive >>>>>>>
2024-07-17 17:35:37,255 : INFO : EventManager : Event: ======'drop_target_middle_up'====== Args={'device': <drop_target.middle>}
2024-07-17 17:35:37,256 : INFO : EventManager : Event: ======'drop_target_bank_strickland_bank_up'====== Args={}
2024-07-17 17:35:37,518 : INFO : EventManager : Event: ======'ball_save_default_disabled'====== Args={}
2024-07-17 17:35:37,972 : INFO : SwitchController : <<<<<<< 's_top_inline_drop' active >>>>>>>
2024-07-17 17:35:37,972 : INFO : EventManager : Event: ======'s_top_inline_drop_active'====== Args={}
2024-07-17 17:35:37,973 : INFO : EventManager : Event: ======'drop_target_back_down'====== Args={'device': <drop_target.back>}
2024-07-17 17:35:37,973 : INFO : EventManager : Event: ======'drop_target_bank_strickland_bank_mixed'====== Args={'prev_value': <DropTargetBankState.UP: 'up'>, 'down': 1}
2024-07-17 17:35:37,974 : INFO : EventManager : Event: ======'machine_var_audits_switches_s_top_inline_drop'====== Args={'value': 37, 'prev_value': 36, 'change': 1}
2024-07-17 17:35:37,975 : INFO : EventManager : Event: ======'player_score'====== Args={'value': 7000, 'prev_value': 6000, 'change': 1000, 'player_num': 1, 'source': 'base'}
2024-07-17 17:35:38,105 : INFO : SwitchController : <<<<<<< 's_top_inline_drop' inactive >>>>>>>
2024-07-17 17:35:38,106 : INFO : EventManager : Event: ======'drop_target_back_up'====== Args={'device': <drop_target.back>}
2024-07-17 17:35:38,106 : INFO : EventManager : Event: ======'drop_target_bank_strickland_bank_up'====== Args={}
2024-07-17 17:35:40,389 : INFO : SwitchController : <<<<<<< 's_n_target' active >>>>>>>
2024-07-17 17:35:40,389 : INFO : EventManager : Event: ======'s_n_target_active'====== Args={}
2024-07-17 17:35:40,390 : INFO : EventManager : Event: ======'machine_var_audits_switches_s_n_target'====== Args={'value': 97, 'prev_value': 96, 'change': 1}
2024-07-17 17:35:40,392 : INFO : EventManager : Event: ======'machine_var_audits_shots_skillshot_n_target'====== Args={'value': 38, 'prev_value': 37, 'change': 1}
2024-07-17 17:35:40,403 : INFO : EventManager : Event: ======'skillshot_n_target_hit'====== Args={'profile': 'skillshot_profile', 'state': 'lit', 'advancing': False}
2024-07-17 17:35:40,403 : INFO : EventManager : Event: ======'skillshot_n_target_skillshot_profile_hit'====== Args={'profile': 'skillshot_profile', 'state': 'lit', 'advancing': False}
2024-07-17 17:35:40,404 : INFO : EventManager : Event: ======'skillshot_n_target_skillshot_profile_lit_hit'====== Args={'profile': 'skillshot_profile', 'state': 'lit', 'advancing': False}
2024-07-17 17:35:40,404 : INFO : EventManager : Event: ======'skillshot_n_target_lit_hit'====== Args={'profile': 'skillshot_profile', 'state': 'lit', 'advancing': False}
2024-07-17 17:35:40,404 : INFO : EventManager : Event: ======'player_score'====== Args={'value': 7050, 'prev_value': 7000, 'change': 50, 'player_num': 1, 'source': 'base'}
2024-07-17 17:35:40,404 : INFO : EventManager : Event: ======'skillshot_hit'====== Args={'shot': 'skillshot_n_target'}
2024-07-17 17:35:40,405 : INFO : EventManager : Event: ======'skillshot_lit_hit'====== Args={'shot': 'skillshot_n_target'}
2024-07-17 17:35:40,405 : INFO : EventManager : Event: ======'stop_mode_skillshot'====== Args={'priority': 0}
2024-07-17 17:35:40,405 : INFO : EventManager : Event: ======'mode_skillshot_will_stop'====== Args={}
2024-07-17 17:35:40,405 : INFO : EventManager : Event: ======'mode_skillshot_stopping'====== Args={}
2024-07-17 17:35:40,406 : INFO : EventManager : Event: ======'player_score'====== Args={'value': 27050, 'prev_value': 7050, 'change': 20000, 'player_num': 1, 'source': 'skillshot'}
2024-07-17 17:35:40,409 : INFO : Mode.skillshot : Stopped.
2024-07-17 17:35:40,409 : INFO : EventManager : Event: ======'modes_active_modes_changed'====== Args={}
2024-07-17 17:35:40,409 : INFO : EventManager : Event: ======'mode_skillshot_stopped'====== Args={}
2024-07-17 17:35:40,410 : INFO : EventManager : Event: ======'clear'====== Args={'key': 'skillshot'}
2024-07-17 17:35:40,410 : INFO : Timer.skillshot_rotate : Stopping Timer
2024-07-17 17:35:40,411 : INFO : EventManager : Event: ======'timer_skillshot_rotate_stopped'====== Args={'ticks': 5, 'ticks_remaining': 0}
2024-07-17 17:35:40,418 : INFO : EventManager : Event: ======'slide_skillshot_inactive'====== Args={'_from_bcp': True}
2024-07-17 17:35:40,418 : INFO : EventManager : Event: ======'slide_base_active'====== Args={'_from_bcp': True}
2024-07-17 17:35:40,418 : INFO : EventManager : Event: ======'slide_skillshot_removed'====== Args={'_from_bcp': True}
2024-07-17 17:35:40,523 : INFO : SwitchController : <<<<<<< 's_n_target' inactive >>>>>>>
2024-07-17 17:35:42,623 : INFO : SwitchController : <<<<<<< 's_middle_inline_drop' active >>>>>>>
2024-07-17 17:35:42,623 : INFO : EventManager : Event: ======'s_middle_inline_drop_active'====== Args={}
2024-07-17 17:35:42,624 : INFO : EventManager : Event: ======'drop_target_middle_down'====== Args={'device': <drop_target.middle>}
2024-07-17 17:35:42,625 : INFO : EventManager : Event: ======'drop_target_bank_strickland_bank_mixed'====== Args={'prev_value': <DropTargetBankState.UP: 'up'>, 'down': 1}
2024-07-17 17:35:42,626 : INFO : EventManager : Event: ======'machine_var_audits_switches_s_middle_inline_drop'====== Args={'value': 466, 'prev_value': 465, 'change': 1}
2024-07-17 17:35:42,627 : INFO : EventManager : Event: ======'player_score'====== Args={'value': 28050, 'prev_value': 27050, 'change': 1000, 'player_num': 1, 'source': 'base'}
2024-07-17 17:35:42,789 : INFO : SwitchController : <<<<<<< 's_middle_inline_drop' inactive >>>>>>>
2024-07-17 17:35:42,789 : INFO : EventManager : Event: ======'drop_target_middle_up'====== Args={'device': <drop_target.middle>}
2024-07-17 17:35:42,789 : INFO : EventManager : Event: ======'drop_target_bank_strickland_bank_up'====== Args={}
2024-07-17 17:35:43,423 : INFO : SwitchController : <<<<<<< 's_bottom_inline_drop' active >>>>>>>
2024-07-17 17:35:43,423 : INFO : EventManager : Event: ======'s_bottom_inline_drop_active'====== Args={}
2024-07-17 17:35:43,424 : INFO : EventManager : Event: ======'drop_target_front_down'====== Args={'device': <drop_target.front>}
2024-07-17 17:35:43,425 : INFO : EventManager : Event: ======'drop_target_bank_strickland_bank_mixed'====== Args={'prev_value': <DropTargetBankState.UP: 'up'>, 'down': 1}
2024-07-17 17:35:43,425 : INFO : EventManager : Event: ======'machine_var_audits_switches_s_bottom_inline_drop'====== Args={'value': 473, 'prev_value': 472, 'change': 1}
2024-07-17 17:35:43,427 : INFO : EventManager : Event: ======'player_score'====== Args={'value': 29050, 'prev_value': 28050, 'change': 1000, 'player_num': 1, 'source': 'base'}
2024-07-17 17:35:43,588 : INFO : SwitchController : <<<<<<< 's_bottom_inline_drop' inactive >>>>>>>
2024-07-17 17:35:43,588 : INFO : EventManager : Event: ======'drop_target_front_up'====== Args={'device': <drop_target.front>}
2024-07-17 17:35:43,589 : INFO : EventManager : Event: ======'drop_target_bank_strickland_bank_up'====== Args={}
2024-07-17 17:35:43,909 : INFO : SwitchController : <<<<<<< 's_bottom_inline_drop' active >>>>>>>
2024-07-17 17:35:43,909 : INFO : EventManager : Event: ======'s_bottom_inline_drop_active'====== Args={}
2024-07-17 17:35:43,910 : INFO : EventManager : Event: ======'drop_target_front_down'====== Args={'device': <drop_target.front>}
2024-07-17 17:35:43,911 : INFO : EventManager : Event: ======'drop_target_bank_strickland_bank_mixed'====== Args={'prev_value': <DropTargetBankState.UP: 'up'>, 'down': 1}
2024-07-17 17:35:43,912 : INFO : EventManager : Event: ======'machine_var_audits_switches_s_bottom_inline_drop'====== Args={'value': 474, 'prev_value': 473, 'change': 1}
2024-07-17 17:35:43,913 : INFO : EventManager : Event: ======'player_score'====== Args={'value': 30050, 'prev_value': 29050, 'change': 1000, 'player_num': 1, 'source': 'base'}
2024-07-17 17:35:44,773 : INFO : SwitchController : <<<<<<< 's_bottom_inline_drop' inactive >>>>>>>
2024-07-17 17:35:44,774 : INFO : EventManager : Event: ======'drop_target_front_up'====== Args={'device': <drop_target.front>}
2024-07-17 17:35:44,775 : INFO : EventManager : Event: ======'drop_target_bank_strickland_bank_up'====== Args={}
2024-07-17 17:35:46,507 : INFO : SwitchController : <<<<<<< 's_top_inline_drop' active >>>>>>>
2024-07-17 17:35:46,507 : INFO : EventManager : Event: ======'s_top_inline_drop_active'====== Args={}
2024-07-17 17:35:46,508 : INFO : EventManager : Event: ======'drop_target_back_down'====== Args={'device': <drop_target.back>}
2024-07-17 17:35:46,509 : INFO : EventManager : Event: ======'drop_target_bank_strickland_bank_mixed'====== Args={'prev_value': <DropTargetBankState.UP: 'up'>, 'down': 1}
2024-07-17 17:35:46,509 : INFO : EventManager : Event: ======'machine_var_audits_switches_s_top_inline_drop'====== Args={'value': 38, 'prev_value': 37, 'change': 1}
2024-07-17 17:35:46,511 : INFO : EventManager : Event: ======'player_score'====== Args={'value': 31050, 'prev_value': 30050, 'change': 1000, 'player_num': 1, 'source': 'base'}
2024-07-17 17:35:48,990 : INFO : SwitchController : <<<<<<< 's_top_inline_drop' inactive >>>>>>>
2024-07-17 17:35:48,991 : INFO : EventManager : Event: ======'drop_target_back_up'====== Args={'device': <drop_target.back>}
2024-07-17 17:35:48,993 : INFO : EventManager : Event: ======'drop_target_bank_strickland_bank_up'====== Args={}
2024-07-17 17:35:50,240 : INFO : SwitchController : <<<<<<< 's_bottom_inline_drop' active >>>>>>>
2024-07-17 17:35:50,241 : INFO : EventManager : Event: ======'s_bottom_inline_drop_active'====== Args={}
2024-07-17 17:35:50,242 : INFO : EventManager : Event: ======'drop_target_front_down'====== Args={'device': <drop_target.front>}
2024-07-17 17:35:50,243 : INFO : EventManager : Event: ======'drop_target_bank_strickland_bank_mixed'====== Args={'prev_value': <DropTargetBankState.UP: 'up'>, 'down': 1}
2024-07-17 17:35:50,243 : INFO : EventManager : Event: ======'machine_var_audits_switches_s_bottom_inline_drop'====== Args={'value': 475, 'prev_value': 474, 'change': 1}
2024-07-17 17:35:50,245 : INFO : EventManager : Event: ======'player_score'====== Args={'value': 32050, 'prev_value': 31050, 'change': 1000, 'player_num': 1, 'source': 'base'}
2024-07-17 17:35:51,026 : INFO : SwitchController : <<<<<<< 's_bottom_inline_drop' inactive >>>>>>>
2024-07-17 17:35:51,027 : INFO : EventManager : Event: ======'drop_target_front_up'====== Args={'device': <drop_target.front>}
2024-07-17 17:35:51,028 : INFO : EventManager : Event: ======'drop_target_bank_strickland_bank_up'====== Args={}
2024-07-17 17:35:51,774 : INFO : SwitchController : <<<<<<< 's_bottom_inline_drop' active >>>>>>>
2024-07-17 17:35:51,775 : INFO : EventManager : Event: ======'s_bottom_inline_drop_active'====== Args={}
2024-07-17 17:35:51,776 : INFO : EventManager : Event: ======'drop_target_front_down'====== Args={'device': <drop_target.front>}
2024-07-17 17:35:51,777 : INFO : EventManager : Event: ======'drop_target_bank_strickland_bank_mixed'====== Args={'prev_value': <DropTargetBankState.UP: 'up'>, 'down': 1}
2024-07-17 17:35:51,777 : INFO : EventManager : Event: ======'machine_var_audits_switches_s_bottom_inline_drop'====== Args={'value': 476, 'prev_value': 475, 'change': 1}
2024-07-17 17:35:51,779 : INFO : EventManager : Event: ======'player_score'====== Args={'value': 33050, 'prev_value': 32050, 'change': 1000, 'player_num': 1, 'source': 'base'}
2024-07-17 17:35:51,922 : INFO : SwitchController : <<<<<<< 's_bottom_inline_drop' inactive >>>>>>>
2024-07-17 17:35:51,922 : INFO : EventManager : Event: ======'drop_target_front_up'====== Args={'device': <drop_target.front>}
2024-07-17 17:35:51,922 : INFO : EventManager : Event: ======'drop_target_bank_strickland_bank_up'====== Args={}
2024-07-17 17:35:53,256 : INFO : SwitchController : <<<<<<< 's_bottom_inline_drop' active >>>>>>>
2024-07-17 17:35:53,256 : INFO : EventManager : Event: ======'s_bottom_inline_drop_active'====== Args={}
2024-07-17 17:35:53,257 : INFO : EventManager : Event: ======'drop_target_front_down'====== Args={'device': <drop_target.front>}
2024-07-17 17:35:53,257 : INFO : EventManager : Event: ======'drop_target_bank_strickland_bank_mixed'====== Args={'prev_value': <DropTargetBankState.UP: 'up'>, 'down': 1}
2024-07-17 17:35:53,258 : INFO : EventManager : Event: ======'machine_var_audits_switches_s_bottom_inline_drop'====== Args={'value': 477, 'prev_value': 476, 'change': 1}
2024-07-17 17:35:53,260 : INFO : EventManager : Event: ======'player_score'====== Args={'value': 34050, 'prev_value': 33050, 'change': 1000, 'player_num': 1, 'source': 'base'}
2024-07-17 17:35:54,441 : INFO : SwitchController : <<<<<<< 's_bottom_inline_drop' inactive >>>>>>>
2024-07-17 17:35:54,442 : INFO : EventManager : Event: ======'drop_target_front_up'====== Args={'device': <drop_target.front>}
2024-07-17 17:35:54,443 : INFO : EventManager : Event: ======'drop_target_bank_strickland_bank_up'====== Args={}
2024-07-17 17:35:55,806 : INFO : SwitchController : <<<<<<< 's_top_inline_drop' active >>>>>>>
2024-07-17 17:35:55,807 : INFO : EventManager : Event: ======'s_top_inline_drop_active'====== Args={}
2024-07-17 17:35:55,807 : INFO : EventManager : Event: ======'drop_target_back_down'====== Args={'device': <drop_target.back>}
2024-07-17 17:35:55,808 : INFO : EventManager : Event: ======'drop_target_bank_strickland_bank_mixed'====== Args={'prev_value': <DropTargetBankState.UP: 'up'>, 'down': 1}
2024-07-17 17:35:55,809 : INFO : EventManager : Event: ======'machine_var_audits_switches_s_top_inline_drop'====== Args={'value': 39, 'prev_value': 38, 'change': 1}
2024-07-17 17:35:55,811 : INFO : EventManager : Event: ======'player_score'====== Args={'value': 35050, 'prev_value': 34050, 'change': 1000, 'player_num': 1, 'source': 'base'}
2024-07-17 17:35:55,954 : INFO : SwitchController : <<<<<<< 's_top_inline_drop' inactive >>>>>>>
2024-07-17 17:35:55,954 : INFO : EventManager : Event: ======'drop_target_back_up'====== Args={'device': <drop_target.back>}
2024-07-17 17:35:55,955 : INFO : EventManager : Event: ======'drop_target_bank_strickland_bank_up'====== Args={}
2024-07-17 17:35:58,606 : INFO : SwitchController : <<<<<<< 's_top_inline_drop' active >>>>>>>
2024-07-17 17:35:58,606 : INFO : EventManager : Event: ======'s_top_inline_drop_active'====== Args={}
2024-07-17 17:35:58,607 : INFO : EventManager : Event: ======'drop_target_back_down'====== Args={'device': <drop_target.back>}
2024-07-17 17:35:58,608 : INFO : EventManager : Event: ======'drop_target_bank_strickland_bank_mixed'====== Args={'prev_value': <DropTargetBankState.UP: 'up'>, 'down': 1}
2024-07-17 17:35:58,608 : INFO : EventManager : Event: ======'machine_var_audits_switches_s_top_inline_drop'====== Args={'value': 40, 'prev_value': 39, 'change': 1}
2024-07-17 17:35:58,611 : INFO : EventManager : Event: ======'player_score'====== Args={'value': 36050, 'prev_value': 35050, 'change': 1000, 'player_num': 1, 'source': 'base'}
2024-07-17 17:35:58,822 : INFO : SwitchController : <<<<<<< 's_top_inline_drop' inactive >>>>>>>
2024-07-17 17:35:58,822 : INFO : EventManager : Event: ======'drop_target_back_up'====== Args={'device': <drop_target.back>}
2024-07-17 17:35:58,823 : INFO : EventManager : Event: ======'drop_target_bank_strickland_bank_up'====== Args={}
2024-07-17 17:36:00,705 : INFO : SwitchController : <<<<<<< 's_middle_inline_drop' active >>>>>>>
2024-07-17 17:36:00,706 : INFO : EventManager : Event: ======'s_middle_inline_drop_active'====== Args={}
2024-07-17 17:36:00,706 : INFO : EventManager : Event: ======'drop_target_middle_down'====== Args={'device': <drop_target.middle>}
2024-07-17 17:36:00,707 : INFO : EventManager : Event: ======'drop_target_bank_strickland_bank_mixed'====== Args={'prev_value': <DropTargetBankState.UP: 'up'>, 'down': 1}
2024-07-17 17:36:00,708 : INFO : EventManager : Event: ======'machine_var_audits_switches_s_middle_inline_drop'====== Args={'value': 467, 'prev_value': 466, 'change': 1}
2024-07-17 17:36:00,709 : INFO : EventManager : Event: ======'player_score'====== Args={'value': 37050, 'prev_value': 36050, 'change': 1000, 'player_num': 1, 'source': 'base'}
2024-07-17 17:36:01,072 : INFO : SwitchController : <<<<<<< 's_middle_inline_drop' inactive >>>>>>>
2024-07-17 17:36:01,073 : INFO : EventManager : Event: ======'drop_target_middle_up'====== Args={'device': <drop_target.middle>}
2024-07-17 17:36:01,074 : INFO : EventManager : Event: ======'drop_target_bank_strickland_bank_up'====== Args={}
2024-07-17 17:36:02,372 : INFO : SwitchController : <<<<<<< 's_bottom_inline_drop' active >>>>>>>
2024-07-17 17:36:02,373 : INFO : EventManager : Event: ======'s_bottom_inline_drop_active'====== Args={}
2024-07-17 17:36:02,374 : INFO : EventManager : Event: ======'drop_target_front_down'====== Args={'device': <drop_target.front>}
2024-07-17 17:36:02,376 : INFO : EventManager : Event: ======'drop_target_bank_strickland_bank_mixed'====== Args={'prev_value': <DropTargetBankState.UP: 'up'>, 'down': 1}
2024-07-17 17:36:02,376 : INFO : EventManager : Event: ======'machine_var_audits_switches_s_bottom_inline_drop'====== Args={'value': 478, 'prev_value': 477, 'change': 1}
2024-07-17 17:36:02,378 : INFO : EventManager : Event: ======'player_score'====== Args={'value': 38050, 'prev_value': 37050, 'change': 1000, 'player_num': 1, 'source': 'base'}
2024-07-17 17:36:02,705 : INFO : SwitchController : <<<<<<< 's_bottom_inline_drop' inactive >>>>>>>
2024-07-17 17:36:02,706 : INFO : EventManager : Event: ======'drop_target_front_up'====== Args={'device': <drop_target.front>}
2024-07-17 17:36:02,707 : INFO : EventManager : Event: ======'drop_target_bank_strickland_bank_up'====== Args={}
2024-07-17 17:36:14,603 : INFO : SwitchController : <<<<<<< 's_bottom_inline_drop' active >>>>>>>
2024-07-17 17:36:14,603 : INFO : EventManager : Event: ======'s_bottom_inline_drop_active'====== Args={}
2024-07-17 17:36:14,604 : INFO : EventManager : Event: ======'drop_target_front_down'====== Args={'device': <drop_target.front>}
2024-07-17 17:36:14,605 : INFO : EventManager : Event: ======'drop_target_bank_strickland_bank_mixed'====== Args={'prev_value': <DropTargetBankState.UP: 'up'>, 'down': 1}
2024-07-17 17:36:14,605 : INFO : EventManager : Event: ======'machine_var_audits_switches_s_bottom_inline_drop'====== Args={'value': 479, 'prev_value': 478, 'change': 1}
2024-07-17 17:36:14,606 : INFO : EventManager : Event: ======'player_score'====== Args={'value': 39050, 'prev_value': 38050, 'change': 1000, 'player_num': 1, 'source': 'base'}
2024-07-17 17:36:14,940 : INFO : SwitchController : <<<<<<< 's_bottom_inline_drop' inactive >>>>>>>
2024-07-17 17:36:14,941 : INFO : EventManager : Event: ======'drop_target_front_up'====== Args={'device': <drop_target.front>}
2024-07-17 17:36:14,942 : INFO : EventManager : Event: ======'drop_target_bank_strickland_bank_up'====== Args={}
2024-07-17 17:36:16,255 : INFO : SwitchController : <<<<<<< 's_bottom_inline_drop' active >>>>>>>
2024-07-17 17:36:16,255 : INFO : EventManager : Event: ======'s_bottom_inline_drop_active'====== Args={}
2024-07-17 17:36:16,256 : INFO : EventManager : Event: ======'drop_target_front_down'====== Args={'device': <drop_target.front>}
2024-07-17 17:36:16,257 : INFO : EventManager : Event: ======'drop_target_bank_strickland_bank_mixed'====== Args={'prev_value': <DropTargetBankState.UP: 'up'>, 'down': 1}
2024-07-17 17:36:16,258 : INFO : EventManager : Event: ======'machine_var_audits_switches_s_bottom_inline_drop'====== Args={'value': 480, 'prev_value': 479, 'change': 1}
2024-07-17 17:36:16,260 : INFO : EventManager : Event: ======'player_score'====== Args={'value': 40050, 'prev_value': 39050, 'change': 1000, 'player_num': 1, 'source': 'base'}
2024-07-17 17:36:16,344 : INFO : SwitchController : <<<<<<< 's_bottom_inline_drop' inactive >>>>>>>
2024-07-17 17:36:16,344 : INFO : EventManager : Event: ======'drop_target_front_up'====== Args={'device': <drop_target.front>}
2024-07-17 17:36:16,345 : INFO : EventManager : Event: ======'drop_target_bank_strickland_bank_up'====== Args={}
2024-07-17 17:36:16,790 : INFO : SwitchController : <<<<<<< 's_bottom_inline_drop' active >>>>>>>
2024-07-17 17:36:16,791 : INFO : EventManager : Event: ======'s_bottom_inline_drop_active'====== Args={}
2024-07-17 17:36:16,791 : INFO : EventManager : Event: ======'drop_target_front_down'====== Args={'device': <drop_target.front>}
2024-07-17 17:36:16,792 : INFO : EventManager : Event: ======'drop_target_bank_strickland_bank_mixed'====== Args={'prev_value': <DropTargetBankState.UP: 'up'>, 'down': 1}
2024-07-17 17:36:16,793 : INFO : EventManager : Event: ======'machine_var_audits_switches_s_bottom_inline_drop'====== Args={'value': 481, 'prev_value': 480, 'change': 1}
2024-07-17 17:36:16,794 : INFO : EventManager : Event: ======'player_score'====== Args={'value': 41050, 'prev_value': 40050, 'change': 1000, 'player_num': 1, 'source': 'base'}
2024-07-17 17:36:18,606 : INFO : SwitchController : <<<<<<< 's_bottom_inline_drop' inactive >>>>>>>
2024-07-17 17:36:18,607 : INFO : EventManager : Event: ======'drop_target_front_up'====== Args={'device': <drop_target.front>}
2024-07-17 17:36:18,608 : INFO : EventManager : Event: ======'drop_target_bank_strickland_bank_up'====== Args={}
2024-07-17 17:36:19,372 : INFO : SwitchController : <<<<<<< 's_bottom_inline_drop' active >>>>>>>
2024-07-17 17:36:19,372 : INFO : EventManager : Event: ======'s_bottom_inline_drop_active'====== Args={}
2024-07-17 17:36:19,373 : INFO : EventManager : Event: ======'drop_target_front_down'====== Args={'device': <drop_target.front>}
2024-07-17 17:36:19,373 : INFO : EventManager : Event: ======'drop_target_bank_strickland_bank_mixed'====== Args={'prev_value': <DropTargetBankState.UP: 'up'>, 'down': 1}
2024-07-17 17:36:19,374 : INFO : EventManager : Event: ======'machine_var_audits_switches_s_bottom_inline_drop'====== Args={'value': 482, 'prev_value': 481, 'change': 1}
2024-07-17 17:36:19,375 : INFO : EventManager : Event: ======'player_score'====== Args={'value': 42050, 'prev_value': 41050, 'change': 1000, 'player_num': 1, 'source': 'base'}
2024-07-17 17:36:26,339 : INFO : SwitchController : <<<<<<< 's_bottom_inline_drop' inactive >>>>>>>
2024-07-17 17:36:26,341 : INFO : EventManager : Event: ======'drop_target_front_up'====== Args={'device': <drop_target.front>}
2024-07-17 17:36:26,342 : INFO : EventManager : Event: ======'drop_target_bank_strickland_bank_up'====== Args={}
2024-07-17 17:36:26,757 : INFO : SwitchController : <<<<<<< 's_bottom_inline_drop' active >>>>>>>
2024-07-17 17:36:26,757 : INFO : EventManager : Event: ======'s_bottom_inline_drop_active'====== Args={}
2024-07-17 17:36:26,758 : INFO : EventManager : Event: ======'drop_target_front_down'====== Args={'device': <drop_target.front>}
2024-07-17 17:36:26,760 : INFO : EventManager : Event: ======'drop_target_bank_strickland_bank_mixed'====== Args={'prev_value': <DropTargetBankState.UP: 'up'>, 'down': 1}
2024-07-17 17:36:26,760 : INFO : EventManager : Event: ======'machine_var_audits_switches_s_bottom_inline_drop'====== Args={'value': 483, 'prev_value': 482, 'change': 1}
2024-07-17 17:36:26,762 : INFO : EventManager : Event: ======'player_score'====== Args={'value': 43050, 'prev_value': 42050, 'change': 1000, 'player_num': 1, 'source': 'base'}
2024-07-17 17:36:29,972 : INFO : SwitchController : <<<<<<< 's_bottom_inline_drop' inactive >>>>>>>
2024-07-17 17:36:29,973 : INFO : EventManager : Event: ======'drop_target_front_up'====== Args={'device': <drop_target.front>}
2024-07-17 17:36:29,974 : INFO : EventManager : Event: ======'drop_target_bank_strickland_bank_up'====== Args={}
2024-07-17 17:38:27,677 : INFO : Machine : Shutting down...
2024-07-17 17:38:27,678 : INFO : EventManager : Event: ======'shutdown'====== Args={}
2024-07-17 17:38:27,696 : INFO : EventManager : Event: ======'mode_game_will_stop'====== Args={}
2024-07-17 17:38:27,697 : INFO : EventManager : Event: ======'mode_game_stopping'====== Args={}
2024-07-17 17:38:27,697 : INFO : EventManager : Event: ======'mode_base_will_stop'====== Args={}
2024-07-17 17:38:27,697 : INFO : EventManager : Event: ======'mode_base_stopping'====== Args={}
2024-07-17 17:38:27,697 : INFO : EventManager : Event: ======'mode_hank_rollover_will_stop'====== Args={}
2024-07-17 17:38:27,697 : INFO : EventManager : Event: ======'mode_hank_rollover_stopping'====== Args={}
2024-07-17 17:38:27,697 : INFO : EventManager : Event: ======'mode_BBQ_rollover_will_stop'====== Args={}
2024-07-17 17:38:27,698 : INFO : EventManager : Event: ======'mode_BBQ_rollover_stopping'====== Args={}
2024-07-17 17:38:27,698 : INFO : Mode.BBQ_rollover : Stopped.
2024-07-17 17:38:27,698 : INFO : EventManager : Event: ======'modes_active_modes_changed'====== Args={}
2024-07-17 17:38:27,698 : INFO : EventManager : Event: ======'mode_BBQ_rollover_stopped'====== Args={}
2024-07-17 17:38:27,699 : INFO : EventManager : Event: ======'clear'====== Args={'key': 'BBQ_rollover'}
2024-07-17 17:38:27,700 : INFO : Mode.hank_rollover : Stopped.
2024-07-17 17:38:27,700 : INFO : EventManager : Event: ======'modes_active_modes_changed'====== Args={}
2024-07-17 17:38:27,700 : INFO : EventManager : Event: ======'mode_hank_rollover_stopped'====== Args={}
2024-07-17 17:38:27,700 : INFO : EventManager : Event: ======'clear'====== Args={'key': 'hank_rollover'}
2024-07-17 17:38:27,702 : INFO : Mode.base : Stopped.
2024-07-17 17:38:27,702 : INFO : EventManager : Event: ======'modes_active_modes_changed'====== Args={}
2024-07-17 17:38:27,703 : INFO : EventManager : Event: ======'mode_base_stopped'====== Args={}
2024-07-17 17:38:27,703 : INFO : EventManager : Event: ======'clear'====== Args={'key': 'base'}
2024-07-17 17:38:27,704 : INFO : Mode.game : Stopped.
2024-07-17 17:38:27,704 : INFO : EventManager : Event: ======'modes_active_modes_changed'====== Args={}
2024-07-17 17:38:27,704 : INFO : EventManager : Event: ======'mode_game_stopped'====== Args={}
2024-07-17 17:38:27,704 : INFO : EventManager : Event: ======'clear'====== Args={'key': 'game'}
2024-07-17 17:38:27,707 : INFO : root : MPF run loop ended.
