2024-08-20 23:32:43,628 : INFO : root : Loading config.
2024-08-20 23:32:43,630 : INFO : YamlMultifileConfigLoader : Machine config file #1: config.yaml
2024-08-20 23:32:43,631 : INFO : ConfigProcessor : Loading config from cache: /var/folders/sv/d29kcl5x50v7vt1n6xb5jsd40000gn/T/c166cef8060ffee16a35821bf698da85.mpf_cache
2024-08-20 23:32:43,667 : INFO : ConfigProcessor : Loading config from cache: /var/folders/sv/d29kcl5x50v7vt1n6xb5jsd40000gn/T/6b31c5ac6ecbad948994a8204ea6b05b.mpf_cache
2024-08-20 23:32:43,668 : INFO : ConfigProcessor : Loading config from cache: /var/folders/sv/d29kcl5x50v7vt1n6xb5jsd40000gn/T/fe612d1e66c8a96c19ba449d3748eeac.mpf_cache
2024-08-20 23:32:43,668 : INFO : ConfigProcessor : Loading config from cache: /var/folders/sv/d29kcl5x50v7vt1n6xb5jsd40000gn/T/6b31c5ac6ecbad948994a8204ea6b05b.mpf_cache
2024-08-20 23:32:43,668 : INFO : ConfigProcessor : Loading config from cache: /var/folders/sv/d29kcl5x50v7vt1n6xb5jsd40000gn/T/8765227693ecd961e0504502a81255e0.mpf_cache
2024-08-20 23:32:43,669 : INFO : ConfigProcessor : Loading config from cache: /var/folders/sv/d29kcl5x50v7vt1n6xb5jsd40000gn/T/b247728c74b4d81bcb2825e2b07062a7.mpf_cache
2024-08-20 23:32:43,669 : INFO : ConfigProcessor : Loading config from cache: /var/folders/sv/d29kcl5x50v7vt1n6xb5jsd40000gn/T/f240f94f0b5d0f37ec4fd7571275a101.mpf_cache
2024-08-20 23:32:43,669 : INFO : ConfigProcessor : Loading config from cache: /var/folders/sv/d29kcl5x50v7vt1n6xb5jsd40000gn/T/c4409acfdf3ec94666e0adef48d55400.mpf_cache
2024-08-20 23:32:43,669 : INFO : ConfigProcessor : Loading config from cache: /var/folders/sv/d29kcl5x50v7vt1n6xb5jsd40000gn/T/6a2f50ed892485825cc04dc0a68eab9f.mpf_cache
2024-08-20 23:32:43,669 : INFO : ConfigProcessor : Loading config from cache: /var/folders/sv/d29kcl5x50v7vt1n6xb5jsd40000gn/T/d58c58eb9fd1a2dc27f8acd255fb3761.mpf_cache
2024-08-20 23:32:43,670 : INFO : ConfigProcessor : Loading config from cache: /var/folders/sv/d29kcl5x50v7vt1n6xb5jsd40000gn/T/07adfd310b3ef0e03c5cbc91527abb6c.mpf_cache
2024-08-20 23:32:43,670 : INFO : ConfigProcessor : Loading config from cache: /var/folders/sv/d29kcl5x50v7vt1n6xb5jsd40000gn/T/12bd5247c3bf989b919364bdb7829769.mpf_cache
2024-08-20 23:32:43,670 : INFO : ConfigProcessor : Loading config from cache: /var/folders/sv/d29kcl5x50v7vt1n6xb5jsd40000gn/T/362e08f51a1a1b7a0809dd52f9c83f83.mpf_cache
2024-08-20 23:32:43,671 : INFO : ConfigProcessor : Loading config from cache: /var/folders/sv/d29kcl5x50v7vt1n6xb5jsd40000gn/T/e45e3bd39557ed8d0881194a7afab8f7.mpf_cache
2024-08-20 23:32:43,671 : INFO : ConfigProcessor : Loading config from cache: /var/folders/sv/d29kcl5x50v7vt1n6xb5jsd40000gn/T/331d8d1a1bc190cae8c13495e1db372f.mpf_cache
2024-08-20 23:32:43,671 : INFO : ConfigProcessor : Loading config from cache: /var/folders/sv/d29kcl5x50v7vt1n6xb5jsd40000gn/T/d17a9ff77386e6f1439d0802ace1de07.mpf_cache
2024-08-20 23:32:43,671 : INFO : ConfigProcessor : Loading config from cache: /var/folders/sv/d29kcl5x50v7vt1n6xb5jsd40000gn/T/280fd64455d0d243a54ab4db98fbccbd.mpf_cache
2024-08-20 23:32:43,671 : INFO : ConfigProcessor : Loading config from cache: /var/folders/sv/d29kcl5x50v7vt1n6xb5jsd40000gn/T/0c0596ed8fbb40b6113901d21bdc0a39.mpf_cache
2024-08-20 23:32:43,672 : INFO : ConfigProcessor : Loading config from cache: /var/folders/sv/d29kcl5x50v7vt1n6xb5jsd40000gn/T/f521a0f834965d73920394ccceaa3c1c.mpf_cache
2024-08-20 23:32:43,672 : INFO : ConfigProcessor : Loading config from cache: /var/folders/sv/d29kcl5x50v7vt1n6xb5jsd40000gn/T/0fedc249e142fba0aaf46d9adc7061fa.mpf_cache
2024-08-20 23:32:43,672 : INFO : ConfigProcessor : Loading config from cache: /var/folders/sv/d29kcl5x50v7vt1n6xb5jsd40000gn/T/c57745b2fe399992c4aedf0209f8acc9.mpf_cache
2024-08-20 23:32:43,673 : INFO : ConfigProcessor : Loading config from cache: /var/folders/sv/d29kcl5x50v7vt1n6xb5jsd40000gn/T/4d7707f845442344c77faa09114dd414.mpf_cache
2024-08-20 23:32:43,673 : INFO : ConfigProcessor : Loading config from cache: /var/folders/sv/d29kcl5x50v7vt1n6xb5jsd40000gn/T/13b622eeb34cc558f4c171e6faf49f20.mpf_cache
2024-08-20 23:32:43,673 : INFO : ConfigProcessor : Loading config from cache: /var/folders/sv/d29kcl5x50v7vt1n6xb5jsd40000gn/T/897ffb6d77163469c302d894201d7081.mpf_cache
2024-08-20 23:32:43,673 : INFO : ConfigProcessor : Loading config from cache: /var/folders/sv/d29kcl5x50v7vt1n6xb5jsd40000gn/T/51caa30b8c50b4dd14ddbf8a263fb4c6.mpf_cache
2024-08-20 23:32:43,674 : INFO : ConfigProcessor : Loading config from cache: /var/folders/sv/d29kcl5x50v7vt1n6xb5jsd40000gn/T/aa4dd12681abd3ba3467de4d4b71c6b2.mpf_cache
2024-08-20 23:32:43,674 : INFO : ConfigProcessor : Loading config from cache: /var/folders/sv/d29kcl5x50v7vt1n6xb5jsd40000gn/T/edf8b775a93855f849af0e2eff0a7bac.mpf_cache
2024-08-20 23:32:43,675 : INFO : ConfigProcessor : Loading config from cache: /var/folders/sv/d29kcl5x50v7vt1n6xb5jsd40000gn/T/3048ed2d7ea14eee3db896f6760aa474.mpf_cache
2024-08-20 23:32:43,676 : INFO : ConfigProcessor : Loading config from cache: /var/folders/sv/d29kcl5x50v7vt1n6xb5jsd40000gn/T/a14a120665a0ee9fd8a6e22274033983.mpf_cache
2024-08-20 23:32:43,676 : INFO : ConfigProcessor : Loading config from cache: /var/folders/sv/d29kcl5x50v7vt1n6xb5jsd40000gn/T/984de704eb69e43ca43e84d7915bfa21.mpf_cache
2024-08-20 23:32:43,676 : INFO : ConfigProcessor : Loading config from cache: /var/folders/sv/d29kcl5x50v7vt1n6xb5jsd40000gn/T/0a9cb7260d26760274024f443d38cc22.mpf_cache
2024-08-20 23:32:43,677 : INFO : ConfigProcessor : Loading config from cache: /var/folders/sv/d29kcl5x50v7vt1n6xb5jsd40000gn/T/deb753c2acdccb3c49ddc8f2a7e04ee6.mpf_cache
2024-08-20 23:32:43,677 : INFO : ConfigProcessor : Loading config from cache: /var/folders/sv/d29kcl5x50v7vt1n6xb5jsd40000gn/T/4a90c06755c4a5beef2ee4c243f54397.mpf_cache
2024-08-20 23:32:43,677 : INFO : Machine : Mission Pinball Framework Core Engine v0.80.0.dev1
2024-08-20 23:32:43,677 : INFO : Machine : Command line arguments: {'no_load_cache': False, 'create_config_cache': True, 'bcp': True, 'configfile': ['config.yaml'], 'force_assets_load': False, 'platform_integration_test': False, 'jsonlogging': False, 'logfile': 'logs/2024-08-20-23-32-43-mpf-Nicks-Air.lan.log', 'pause': False, 'production': False, 'text_ui': True, 'loglevel': 15, 'consoleloglevel': 20, 'force_platform': None, 'syslog_address': None, 'mc_file_name': None, 'no_sound': False, 'full_logfile_path': '/Users/nicktaseris/Desktop/Pinball/KOTH/logs/2024-08-20-23-32-43-mpf-Nicks-Air.lan.log'}
2024-08-20 23:32:43,677 : INFO : Machine : MPF path: /Users/nicktaseris/mpfenv/lib/python3.9/site-packages/mpf
2024-08-20 23:32:43,677 : INFO : Machine : Machine path: /Users/nicktaseris/Desktop/Pinball/KOTH
2024-08-20 23:32:43,678 : INFO : Machine : Platform: darwin
2024-08-20 23:32:43,678 : INFO : Machine : Python executable location: /Users/nicktaseris/mpfenv/bin/python3
2024-08-20 23:32:43,678 : INFO : Machine : Python version: 3.9.13 (64-bit)
2024-08-20 23:32:43,678 : INFO : Machine : Initializing MPF...
2024-08-20 23:32:43,708 : INFO : EventManager : Event: ======'machine_var_credits_string'====== Args={'value': 'FREE PLAY', 'prev_value': None, 'change': True}
2024-08-20 23:32:43,715 : INFO : EventManager : Event: ======'machine_var_master_volume'====== Args={'value': 0.5, 'prev_value': None, 'change': True}
2024-08-20 23:32:43,715 : INFO : EventManager : Event: ======'machine_var_player1_score'====== Args={'value': 175300, 'prev_value': None, 'change': True}
2024-08-20 23:32:43,715 : INFO : EventManager : Event: ======'machine_var_mpf_version'====== Args={'value': 'Mission Pinball Framework v0.80.0.dev1', 'prev_value': None, 'change': True}
2024-08-20 23:32:43,715 : INFO : EventManager : Event: ======'machine_var_mpf_extended_version'====== Args={'value': 'Mission Pinball Framework v0.80.0.dev1, Config version:6, Show version: 6, BCP version:1.1', 'prev_value': None, 'change': True}
2024-08-20 23:32:43,715 : INFO : EventManager : Event: ======'machine_var_python_version'====== Args={'value': '3.9.13', 'prev_value': None, 'change': True}
2024-08-20 23:32:43,725 : INFO : EventManager : Event: ======'machine_var_platform'====== Args={'value': 'macOS-12.1-arm64-arm-64bit', 'prev_value': None, 'change': True}
2024-08-20 23:32:43,725 : INFO : EventManager : Event: ======'machine_var_platform_system'====== Args={'value': 'Darwin', 'prev_value': None, 'change': True}
2024-08-20 23:32:43,725 : INFO : EventManager : Event: ======'machine_var_platform_release'====== Args={'value': '21.2.0', 'prev_value': None, 'change': True}
2024-08-20 23:32:43,725 : INFO : EventManager : Event: ======'machine_var_platform_version'====== Args={'value': 'Darwin Kernel Version 21.2.0: Sun Nov 28 20:29:10 PST 2021; root:xnu-8019.61.5~1/RELEASE_ARM64_T8101', 'prev_value': None, 'change': True}
2024-08-20 23:32:43,725 : INFO : EventManager : Event: ======'machine_var_platform_machine'====== Args={'value': 'arm64', 'prev_value': None, 'change': True}
2024-08-20 23:32:43,725 : INFO : EventManager : Event: ======'machine_var_log_file_path'====== Args={'value': '/Users/nicktaseris/Desktop/Pinball/KOTH/logs/2024-08-20-23-32-43-mpf-Nicks-Air.lan.log', 'prev_value': None, 'change': True}
2024-08-20 23:32:43,725 : INFO : EventManager : Event: ======'init_phase_1'====== Args={}
2024-08-20 23:32:43,753 : INFO : EventManager : Event: ======'drop_target_bank_strickland_bank_up'====== Args={}
2024-08-20 23:32:43,753 : INFO : EventManager : Event: ======'init_phase_2'====== Args={}
2024-08-20 23:32:43,753 : INFO : SwitchController : Found active switch: ('39', <Platform.SmartVirtual>) <switch.s_trough1>
2024-08-20 23:32:43,753 : INFO : SwitchController : Found active switch: ('40', <Platform.SmartVirtual>) <switch.s_trough2>
2024-08-20 23:32:43,754 : INFO : SwitchController : Found active switch: ('41', <Platform.SmartVirtual>) <switch.s_trough3>
2024-08-20 23:32:43,754 : INFO : SwitchController : Found active switch: ('42', <Platform.SmartVirtual>) <switch.s_trough4>
2024-08-20 23:32:43,754 : INFO : SwitchController : Found active switch: ('43', <Platform.SmartVirtual>) <switch.s_trough5>
2024-08-20 23:32:43,754 : INFO : SwitchController : Found active switch: ('44', <Platform.SmartVirtual>) <switch.s_trough6>
2024-08-20 23:32:43,759 : INFO : EventManager : Event: ======'machine_var_score1_label'====== Args={'value': 'GRAND CHAMPION', 'prev_value': None, 'change': True}
2024-08-20 23:32:43,759 : INFO : EventManager : Event: ======'machine_var_score1_name'====== Args={'value': 'BRI', 'prev_value': None, 'change': True}
2024-08-20 23:32:43,759 : INFO : EventManager : Event: ======'machine_var_score1_value'====== Args={'value': 4242, 'prev_value': None, 'change': True}
2024-08-20 23:32:43,759 : INFO : EventManager : Event: ======'machine_var_score2_label'====== Args={'value': 'HIGH SCORE 1', 'prev_value': None, 'change': True}
2024-08-20 23:32:43,759 : INFO : EventManager : Event: ======'machine_var_score2_name'====== Args={'value': 'GHK', 'prev_value': None, 'change': True}
2024-08-20 23:32:43,759 : INFO : EventManager : Event: ======'machine_var_score2_value'====== Args={'value': 2323, 'prev_value': None, 'change': True}
2024-08-20 23:32:43,759 : INFO : EventManager : Event: ======'machine_var_score3_label'====== Args={'value': 'HIGH SCORE 2', 'prev_value': None, 'change': True}
2024-08-20 23:32:43,759 : INFO : EventManager : Event: ======'machine_var_score3_name'====== Args={'value': 'JK', 'prev_value': None, 'change': True}
2024-08-20 23:32:43,759 : INFO : EventManager : Event: ======'machine_var_score3_value'====== Args={'value': 1337, 'prev_value': None, 'change': True}
2024-08-20 23:32:43,759 : INFO : EventManager : Event: ======'machine_var_score4_label'====== Args={'value': 'HIGH SCORE 3', 'prev_value': None, 'change': True}
2024-08-20 23:32:43,760 : INFO : EventManager : Event: ======'machine_var_score4_name'====== Args={'value': 'QC', 'prev_value': None, 'change': True}
2024-08-20 23:32:43,760 : INFO : EventManager : Event: ======'machine_var_score4_value'====== Args={'value': 42, 'prev_value': None, 'change': True}
2024-08-20 23:32:43,760 : INFO : EventManager : Event: ======'machine_var_score5_label'====== Args={'value': 'HIGH SCORE 4', 'prev_value': None, 'change': True}
2024-08-20 23:32:43,760 : INFO : EventManager : Event: ======'machine_var_score5_name'====== Args={'value': 'MPF', 'prev_value': None, 'change': True}
2024-08-20 23:32:43,760 : INFO : EventManager : Event: ======'machine_var_score5_value'====== Args={'value': 23, 'prev_value': None, 'change': True}
2024-08-20 23:32:43,760 : INFO : EventManager : Event: ======'bcp_connection_attempt'====== Args={'name': 'local_display', 'host': 'localhost', 'port': 5050}
2024-08-20 23:32:43,761 : INFO : BCPClientSocket : Connecting BCP to 'local_display' at localhost:5050...
2024-08-20 23:32:43,763 : INFO : BCPClientSocket : Connected BCP to 'local_display' localhost:5050
2024-08-20 23:32:43,763 : INFO : EventManager : Event: ======'bcp_clients_connected'====== Args={}
2024-08-20 23:32:43,764 : INFO : ball_device.bd_trough : BCH: Initial count: 6
2024-08-20 23:32:43,764 : INFO : ball_device.bd_trough : State: idle
2024-08-20 23:32:43,764 : INFO : ball_device.bd_plunger : BCH: Initial count: 0
2024-08-20 23:32:43,764 : INFO : ball_device.bd_plunger : State: idle
2024-08-20 23:32:43,765 : INFO : ball_device.bd_scoop : BCH: Initial count: 0
2024-08-20 23:32:43,765 : INFO : ball_device.bd_scoop : State: idle
2024-08-20 23:32:43,769 : INFO : EventManager : Event: ======'init_phase_3'====== Args={}
2024-08-20 23:32:43,775 : INFO : EventManager : Event: ======'init_phase_4'====== Args={}
2024-08-20 23:32:43,775 : INFO : BallController : Initial balls found: 6
2024-08-20 23:32:43,775 : INFO : EventManager : Event: ======'machine_var_audits_events_game_ended'====== Args={'value': 4, 'prev_value': None, 'change': True}
2024-08-20 23:32:43,775 : INFO : EventManager : Event: ======'machine_var_audits_events_game_started'====== Args={'value': 919, 'prev_value': None, 'change': True}
2024-08-20 23:32:43,776 : INFO : EventManager : Event: ======'machine_var_audits_missing_switches_s_a_target'====== Args={'value': 3, 'prev_value': None, 'change': True}
2024-08-20 23:32:43,776 : INFO : EventManager : Event: ======'machine_var_audits_missing_switches_s_bottom_inline_drop'====== Args={'value': 109, 'prev_value': None, 'change': True}
2024-08-20 23:32:43,776 : INFO : EventManager : Event: ======'machine_var_audits_missing_switches_s_bottom_pop_bumper'====== Args={'value': 478, 'prev_value': None, 'change': True}
2024-08-20 23:32:43,776 : INFO : EventManager : Event: ======'machine_var_audits_missing_switches_s_center_spinner'====== Args={'value': 3, 'prev_value': None, 'change': True}
2024-08-20 23:32:43,776 : INFO : EventManager : Event: ======'machine_var_audits_missing_switches_s_e_target'====== Args={'value': 3, 'prev_value': None, 'change': True}
2024-08-20 23:32:43,776 : INFO : EventManager : Event: ======'machine_var_audits_missing_switches_s_launch_button'====== Args={'value': 390, 'prev_value': None, 'change': True}
2024-08-20 23:32:43,776 : INFO : EventManager : Event: ======'machine_var_audits_missing_switches_s_left_flipper'====== Args={'value': 49, 'prev_value': None, 'change': True}
2024-08-20 23:32:43,776 : INFO : EventManager : Event: ======'machine_var_audits_missing_switches_s_left_inlane'====== Args={'value': 75, 'prev_value': None, 'change': True}
2024-08-20 23:32:43,776 : INFO : EventManager : Event: ======'machine_var_audits_missing_switches_s_left_inner_horseshoe'====== Args={'value': 109, 'prev_value': None, 'change': True}
2024-08-20 23:32:43,776 : INFO : EventManager : Event: ======'machine_var_audits_missing_switches_s_left_orbit_enter'====== Args={'value': 11, 'prev_value': None, 'change': True}
2024-08-20 23:32:43,776 : INFO : EventManager : Event: ======'machine_var_audits_missing_switches_s_left_orbit_exit'====== Args={'value': 111, 'prev_value': None, 'change': True}
2024-08-20 23:32:43,776 : INFO : EventManager : Event: ======'machine_var_audits_missing_switches_s_left_outlane'====== Args={'value': 75, 'prev_value': None, 'change': True}
2024-08-20 23:32:43,776 : INFO : EventManager : Event: ======'machine_var_audits_missing_switches_s_left_pop_bumper'====== Args={'value': 478, 'prev_value': None, 'change': True}
2024-08-20 23:32:43,776 : INFO : EventManager : Event: ======'machine_var_audits_missing_switches_s_left_ramp_enter'====== Args={'value': 191, 'prev_value': None, 'change': True}
2024-08-20 23:32:43,776 : INFO : EventManager : Event: ======'machine_var_audits_missing_switches_s_left_ramp_exit'====== Args={'value': 191, 'prev_value': None, 'change': True}
2024-08-20 23:32:43,776 : INFO : EventManager : Event: ======'machine_var_audits_missing_switches_s_left_ramp_standup'====== Args={'value': 21, 'prev_value': None, 'change': True}
2024-08-20 23:32:43,777 : INFO : EventManager : Event: ======'machine_var_audits_missing_switches_s_left_rollover_lane'====== Args={'value': 110, 'prev_value': None, 'change': True}
2024-08-20 23:32:43,777 : INFO : EventManager : Event: ======'machine_var_audits_missing_switches_s_left_sling'====== Args={'value': 569, 'prev_value': None, 'change': True}
2024-08-20 23:32:43,777 : INFO : EventManager : Event: ======'machine_var_audits_missing_switches_s_left_spinner'====== Args={'value': 20, 'prev_value': None, 'change': True}
2024-08-20 23:32:43,777 : INFO : EventManager : Event: ======'machine_var_audits_missing_switches_s_middle_inline_drop'====== Args={'value': 109, 'prev_value': None, 'change': True}
2024-08-20 23:32:43,777 : INFO : EventManager : Event: ======'machine_var_audits_missing_switches_s_middle_rollover_lane'====== Args={'value': 110, 'prev_value': None, 'change': True}
2024-08-20 23:32:43,777 : INFO : EventManager : Event: ======'machine_var_audits_missing_switches_s_n_target'====== Args={'value': 3, 'prev_value': None, 'change': True}
2024-08-20 23:32:43,777 : INFO : EventManager : Event: ======'machine_var_audits_missing_switches_s_p2_target'====== Args={'value': 3, 'prev_value': None, 'change': True}
2024-08-20 23:32:43,777 : INFO : EventManager : Event: ======'machine_var_audits_missing_switches_s_right_flipper'====== Args={'value': 49, 'prev_value': None, 'change': True}
2024-08-20 23:32:43,777 : INFO : EventManager : Event: ======'machine_var_audits_missing_switches_s_right_inlane'====== Args={'value': 75, 'prev_value': None, 'change': True}
2024-08-20 23:32:43,777 : INFO : EventManager : Event: ======'machine_var_audits_missing_switches_s_right_inner_horseshoe'====== Args={'value': 20, 'prev_value': None, 'change': True}
2024-08-20 23:32:43,777 : INFO : EventManager : Event: ======'machine_var_audits_missing_switches_s_right_orbit_exit'====== Args={'value': 111, 'prev_value': None, 'change': True}
2024-08-20 23:32:43,777 : INFO : EventManager : Event: ======'machine_var_audits_missing_switches_s_right_outlane'====== Args={'value': 75, 'prev_value': None, 'change': True}
2024-08-20 23:32:43,777 : INFO : EventManager : Event: ======'machine_var_audits_missing_switches_s_right_pop_bumper'====== Args={'value': 109, 'prev_value': None, 'change': True}
2024-08-20 23:32:43,778 : INFO : EventManager : Event: ======'machine_var_audits_missing_switches_s_right_ramp_enter'====== Args={'value': 191, 'prev_value': None, 'change': True}
2024-08-20 23:32:43,778 : INFO : EventManager : Event: ======'machine_var_audits_missing_switches_s_right_ramp_exit'====== Args={'value': 191, 'prev_value': None, 'change': True}
2024-08-20 23:32:43,778 : INFO : EventManager : Event: ======'machine_var_audits_missing_switches_s_right_ramp_standup'====== Args={'value': 269, 'prev_value': None, 'change': True}
2024-08-20 23:32:43,778 : INFO : EventManager : Event: ======'machine_var_audits_missing_switches_s_right_rollover_lane'====== Args={'value': 110, 'prev_value': None, 'change': True}
2024-08-20 23:32:43,778 : INFO : EventManager : Event: ======'machine_var_audits_missing_switches_s_right_sling'====== Args={'value': 870, 'prev_value': None, 'change': True}
2024-08-20 23:32:43,778 : INFO : EventManager : Event: ======'machine_var_audits_missing_switches_s_start'====== Args={'value': 49, 'prev_value': None, 'change': True}
2024-08-20 23:32:43,778 : INFO : EventManager : Event: ======'machine_var_audits_missing_switches_s_top_inline_drop'====== Args={'value': 109, 'prev_value': None, 'change': True}
2024-08-20 23:32:43,778 : INFO : EventManager : Event: ======'machine_var_audits_missing_switches_s_trough1'====== Args={'value': 109, 'prev_value': None, 'change': True}
2024-08-20 23:32:43,778 : INFO : EventManager : Event: ======'machine_var_audits_missing_switches_s_trough2'====== Args={'value': 112, 'prev_value': None, 'change': True}
2024-08-20 23:32:43,778 : INFO : EventManager : Event: ======'machine_var_audits_missing_switches_s_trough3'====== Args={'value': 48, 'prev_value': None, 'change': True}
2024-08-20 23:32:43,778 : INFO : EventManager : Event: ======'machine_var_audits_missing_switches_s_trough4'====== Args={'value': 341, 'prev_value': None, 'change': True}
2024-08-20 23:32:43,779 : INFO : EventManager : Event: ======'machine_var_audits_missing_switches_s_trough5'====== Args={'value': 874, 'prev_value': None, 'change': True}
2024-08-20 23:32:43,779 : INFO : EventManager : Event: ======'machine_var_audits_missing_switches_s_trough6'====== Args={'value': 874, 'prev_value': None, 'change': True}
2024-08-20 23:32:43,779 : INFO : EventManager : Event: ======'machine_var_audits_missing_switches_s_trough_jam'====== Args={'value': 807, 'prev_value': None, 'change': True}
2024-08-20 23:32:43,779 : INFO : EventManager : Event: ======'machine_var_audits_player_score'====== Args={'value': {'average': 109379, 'top': [370600, 175300, 400, 300, 250], 'total': 5}, 'prev_value': None, 'change': True}
2024-08-20 23:32:43,779 : INFO : EventManager : Event: ======'machine_var_audits_shots_a_rollover_lane'====== Args={'value': 17, 'prev_value': None, 'change': True}
2024-08-20 23:32:43,779 : INFO : EventManager : Event: ======'machine_var_audits_shots_a_target'====== Args={'value': 7, 'prev_value': None, 'change': True}
2024-08-20 23:32:43,779 : INFO : EventManager : Event: ======'machine_var_audits_shots_ball_lock_a_target'====== Args={'value': 6, 'prev_value': None, 'change': True}
2024-08-20 23:32:43,779 : INFO : EventManager : Event: ======'machine_var_audits_shots_ball_lock_e_target'====== Args={'value': 5, 'prev_value': None, 'change': True}
2024-08-20 23:32:43,779 : INFO : EventManager : Event: ======'machine_var_audits_shots_ball_lock_n_target'====== Args={'value': 5, 'prev_value': None, 'change': True}
2024-08-20 23:32:43,779 : INFO : EventManager : Event: ======'machine_var_audits_shots_ball_lock_p2_target'====== Args={'value': 9, 'prev_value': None, 'change': True}
2024-08-20 23:32:43,780 : INFO : EventManager : Event: ======'machine_var_audits_shots_e_target'====== Args={'value': 3, 'prev_value': None, 'change': True}
2024-08-20 23:32:43,780 : INFO : EventManager : Event: ======'machine_var_audits_shots_h_rollover_lane'====== Args={'value': 21, 'prev_value': None, 'change': True}
2024-08-20 23:32:43,780 : INFO : EventManager : Event: ======'machine_var_audits_shots_k_rollover_lane'====== Args={'value': 17, 'prev_value': None, 'change': True}
2024-08-20 23:32:43,780 : INFO : EventManager : Event: ======'machine_var_audits_shots_left_rollover_lane'====== Args={'value': 215, 'prev_value': None, 'change': True}
2024-08-20 23:32:43,780 : INFO : EventManager : Event: ======'machine_var_audits_shots_middle_rollover_lane'====== Args={'value': 204, 'prev_value': None, 'change': True}
2024-08-20 23:32:43,780 : INFO : EventManager : Event: ======'machine_var_audits_shots_n_rollover_lane'====== Args={'value': 15, 'prev_value': None, 'change': True}
2024-08-20 23:32:43,780 : INFO : EventManager : Event: ======'machine_var_audits_shots_n_target'====== Args={'value': 9, 'prev_value': None, 'change': True}
2024-08-20 23:32:43,780 : INFO : EventManager : Event: ======'machine_var_audits_shots_o_target'====== Args={'value': 4, 'prev_value': None, 'change': True}
2024-08-20 23:32:43,781 : INFO : EventManager : Event: ======'machine_var_audits_shots_p2_target'====== Args={'value': 5, 'prev_value': None, 'change': True}
2024-08-20 23:32:43,781 : INFO : EventManager : Event: ======'machine_var_audits_shots_p_target'====== Args={'value': 8, 'prev_value': None, 'change': True}
2024-08-20 23:32:43,781 : INFO : EventManager : Event: ======'machine_var_audits_shots_qualify_a_target'====== Args={'value': 7, 'prev_value': None, 'change': True}
2024-08-20 23:32:43,781 : INFO : EventManager : Event: ======'machine_var_audits_shots_qualify_e_target'====== Args={'value': 8, 'prev_value': None, 'change': True}
2024-08-20 23:32:43,781 : INFO : EventManager : Event: ======'machine_var_audits_shots_qualify_n_target'====== Args={'value': 7, 'prev_value': None, 'change': True}
2024-08-20 23:32:43,781 : INFO : EventManager : Event: ======'machine_var_audits_shots_qualify_o_target'====== Args={'value': 319, 'prev_value': None, 'change': True}
2024-08-20 23:32:43,781 : INFO : EventManager : Event: ======'machine_var_audits_shots_qualify_p2_target'====== Args={'value': 9, 'prev_value': None, 'change': True}
2024-08-20 23:32:43,782 : INFO : EventManager : Event: ======'machine_var_audits_shots_qualify_p_target'====== Args={'value': 294, 'prev_value': None, 'change': True}
2024-08-20 23:32:43,782 : INFO : EventManager : Event: ======'machine_var_audits_shots_qualify_r_target'====== Args={'value': 328, 'prev_value': None, 'change': True}
2024-08-20 23:32:43,782 : INFO : EventManager : Event: ======'machine_var_audits_shots_r_target'====== Args={'value': 14, 'prev_value': None, 'change': True}
2024-08-20 23:32:43,782 : INFO : EventManager : Event: ======'machine_var_audits_shots_rainey_multiball_ball_lock_a_target'====== Args={'value': 59, 'prev_value': None, 'change': True}
2024-08-20 23:32:43,782 : INFO : EventManager : Event: ======'machine_var_audits_shots_rainey_multiball_ball_lock_e_target'====== Args={'value': 57, 'prev_value': None, 'change': True}
2024-08-20 23:32:43,782 : INFO : EventManager : Event: ======'machine_var_audits_shots_rainey_multiball_ball_lock_n_target'====== Args={'value': 55, 'prev_value': None, 'change': True}
2024-08-20 23:32:43,782 : INFO : EventManager : Event: ======'machine_var_audits_shots_rainey_multiball_ball_lock_p2_target'====== Args={'value': 119, 'prev_value': None, 'change': True}
2024-08-20 23:32:43,782 : INFO : EventManager : Event: ======'machine_var_audits_shots_right_rollover_lane'====== Args={'value': 209, 'prev_value': None, 'change': True}
2024-08-20 23:32:43,783 : INFO : EventManager : Event: ======'machine_var_audits_shots_scoop'====== Args={'value': 260, 'prev_value': None, 'change': True}
2024-08-20 23:32:43,783 : INFO : EventManager : Event: ======'machine_var_audits_shots_scoop_mission_select'====== Args={'value': 57, 'prev_value': None, 'change': True}
2024-08-20 23:32:43,783 : INFO : EventManager : Event: ======'machine_var_audits_shots_shot_left_ramp'====== Args={'value': 17, 'prev_value': None, 'change': True}
2024-08-20 23:32:43,783 : INFO : EventManager : Event: ======'machine_var_audits_shots_shot_right_ramp'====== Args={'value': 24, 'prev_value': None, 'change': True}
2024-08-20 23:32:43,783 : INFO : EventManager : Event: ======'machine_var_audits_shots_skillshot_a_target'====== Args={'value': 79, 'prev_value': None, 'change': True}
2024-08-20 23:32:43,783 : INFO : EventManager : Event: ======'machine_var_audits_shots_skillshot_e_target'====== Args={'value': 70, 'prev_value': None, 'change': True}
2024-08-20 23:32:43,783 : INFO : EventManager : Event: ======'machine_var_audits_shots_skillshot_n_target'====== Args={'value': 55, 'prev_value': None, 'change': True}
2024-08-20 23:32:43,783 : INFO : EventManager : Event: ======'machine_var_audits_shots_skillshot_o_target'====== Args={'value': 128, 'prev_value': None, 'change': True}
2024-08-20 23:32:43,784 : INFO : EventManager : Event: ======'machine_var_audits_shots_skillshot_p2_target'====== Args={'value': 107, 'prev_value': None, 'change': True}
2024-08-20 23:32:43,784 : INFO : EventManager : Event: ======'machine_var_audits_shots_skillshot_p_target'====== Args={'value': 54, 'prev_value': None, 'change': True}
2024-08-20 23:32:43,784 : INFO : EventManager : Event: ======'machine_var_audits_shots_skillshot_r_target'====== Args={'value': 128, 'prev_value': None, 'change': True}
2024-08-20 23:32:43,784 : INFO : EventManager : Event: ======'machine_var_audits_shots_spinner'====== Args={'value': 11, 'prev_value': None, 'change': True}
2024-08-20 23:32:43,784 : INFO : EventManager : Event: ======'machine_var_audits_switches_s_a_target'====== Args={'value': 187, 'prev_value': None, 'change': True}
2024-08-20 23:32:43,784 : INFO : EventManager : Event: ======'machine_var_audits_switches_s_bottom_inline_drop'====== Args={'value': 1019, 'prev_value': None, 'change': True}
2024-08-20 23:32:43,784 : INFO : EventManager : Event: ======'machine_var_audits_switches_s_bottom_pop_bumper'====== Args={'value': 10, 'prev_value': None, 'change': True}
2024-08-20 23:32:43,785 : INFO : EventManager : Event: ======'machine_var_audits_switches_s_center_spinner'====== Args={'value': 271, 'prev_value': None, 'change': True}
2024-08-20 23:32:43,785 : INFO : EventManager : Event: ======'machine_var_audits_switches_s_e_target'====== Args={'value': 189, 'prev_value': None, 'change': True}
2024-08-20 23:32:43,785 : INFO : EventManager : Event: ======'machine_var_audits_switches_s_launch_button'====== Args={'value': 10, 'prev_value': None, 'change': True}
2024-08-20 23:32:43,785 : INFO : EventManager : Event: ======'machine_var_audits_switches_s_left_flipper'====== Args={'value': 556, 'prev_value': None, 'change': True}
2024-08-20 23:32:43,785 : INFO : EventManager : Event: ======'machine_var_audits_switches_s_left_inlane'====== Args={'value': 28, 'prev_value': None, 'change': True}
2024-08-20 23:32:43,785 : INFO : EventManager : Event: ======'machine_var_audits_switches_s_left_inner_horseshoe'====== Args={'value': 16, 'prev_value': None, 'change': True}
2024-08-20 23:32:43,786 : INFO : EventManager : Event: ======'machine_var_audits_switches_s_left_orbit_enter'====== Args={'value': 76, 'prev_value': None, 'change': True}
2024-08-20 23:32:43,786 : INFO : EventManager : Event: ======'machine_var_audits_switches_s_left_orbit_exit'====== Args={'value': 21, 'prev_value': None, 'change': True}
2024-08-20 23:32:43,786 : INFO : EventManager : Event: ======'machine_var_audits_switches_s_left_outlane'====== Args={'value': 47, 'prev_value': None, 'change': True}
2024-08-20 23:32:43,786 : INFO : EventManager : Event: ======'machine_var_audits_switches_s_left_pop_bumper'====== Args={'value': 9, 'prev_value': None, 'change': True}
2024-08-20 23:32:43,786 : INFO : EventManager : Event: ======'machine_var_audits_switches_s_left_ramp_enter'====== Args={'value': 30, 'prev_value': None, 'change': True}
2024-08-20 23:32:43,786 : INFO : EventManager : Event: ======'machine_var_audits_switches_s_left_ramp_exit'====== Args={'value': 37, 'prev_value': None, 'change': True}
2024-08-20 23:32:43,786 : INFO : EventManager : Event: ======'machine_var_audits_switches_s_left_ramp_standup'====== Args={'value': 1383, 'prev_value': None, 'change': True}
2024-08-20 23:32:43,787 : INFO : EventManager : Event: ======'machine_var_audits_switches_s_left_rollover_lane'====== Args={'value': 220, 'prev_value': None, 'change': True}
2024-08-20 23:32:43,787 : INFO : EventManager : Event: ======'machine_var_audits_switches_s_left_sling'====== Args={'value': 12, 'prev_value': None, 'change': True}
2024-08-20 23:32:43,787 : INFO : EventManager : Event: ======'machine_var_audits_switches_s_left_spinner'====== Args={'value': 144, 'prev_value': None, 'change': True}
2024-08-20 23:32:43,787 : INFO : EventManager : Event: ======'machine_var_audits_switches_s_middle_inline_drop'====== Args={'value': 1001, 'prev_value': None, 'change': True}
2024-08-20 23:32:43,787 : INFO : EventManager : Event: ======'machine_var_audits_switches_s_middle_rollover_lane'====== Args={'value': 207, 'prev_value': None, 'change': True}
2024-08-20 23:32:43,787 : INFO : EventManager : Event: ======'machine_var_audits_switches_s_n_target'====== Args={'value': 175, 'prev_value': None, 'change': True}
2024-08-20 23:32:43,788 : INFO : EventManager : Event: ======'machine_var_audits_switches_s_o_target'====== Args={'value': 367, 'prev_value': None, 'change': True}
2024-08-20 23:32:43,788 : INFO : EventManager : Event: ======'machine_var_audits_switches_s_p2_target'====== Args={'value': 199, 'prev_value': None, 'change': True}
2024-08-20 23:32:43,788 : INFO : EventManager : Event: ======'machine_var_audits_switches_s_p_target'====== Args={'value': 516, 'prev_value': None, 'change': True}
2024-08-20 23:32:43,788 : INFO : EventManager : Event: ======'machine_var_audits_switches_s_plunger'====== Args={'value': 1126, 'prev_value': None, 'change': True}
2024-08-20 23:32:43,788 : INFO : EventManager : Event: ======'machine_var_audits_switches_s_plunger_lane'====== Args={'value': 39, 'prev_value': None, 'change': True}
2024-08-20 23:32:43,789 : INFO : EventManager : Event: ======'machine_var_audits_switches_s_plunger_lane_exit'====== Args={'value': 853, 'prev_value': None, 'change': True}
2024-08-20 23:32:43,789 : INFO : EventManager : Event: ======'machine_var_audits_switches_s_r_target'====== Args={'value': 369, 'prev_value': None, 'change': True}
2024-08-20 23:32:43,789 : INFO : EventManager : Event: ======'machine_var_audits_switches_s_right_flipper'====== Args={'value': 1594, 'prev_value': None, 'change': True}
2024-08-20 23:32:43,789 : INFO : EventManager : Event: ======'machine_var_audits_switches_s_right_inlane'====== Args={'value': 24, 'prev_value': None, 'change': True}
2024-08-20 23:32:43,789 : INFO : EventManager : Event: ======'machine_var_audits_switches_s_right_inner_horseshoe'====== Args={'value': 18, 'prev_value': None, 'change': True}
2024-08-20 23:32:43,789 : INFO : EventManager : Event: ======'machine_var_audits_switches_s_right_orbit_exit'====== Args={'value': 34, 'prev_value': None, 'change': True}
2024-08-20 23:32:43,790 : INFO : EventManager : Event: ======'machine_var_audits_switches_s_right_outlane'====== Args={'value': 25, 'prev_value': None, 'change': True}
2024-08-20 23:32:43,790 : INFO : EventManager : Event: ======'machine_var_audits_switches_s_right_pop_bumper'====== Args={'value': 19, 'prev_value': None, 'change': True}
2024-08-20 23:32:43,790 : INFO : EventManager : Event: ======'machine_var_audits_switches_s_right_ramp_enter'====== Args={'value': 16, 'prev_value': None, 'change': True}
2024-08-20 23:32:43,790 : INFO : EventManager : Event: ======'machine_var_audits_switches_s_right_ramp_exit'====== Args={'value': 26, 'prev_value': None, 'change': True}
2024-08-20 23:32:43,790 : INFO : EventManager : Event: ======'machine_var_audits_switches_s_right_ramp_standup'====== Args={'value': 287, 'prev_value': None, 'change': True}
2024-08-20 23:32:43,791 : INFO : EventManager : Event: ======'machine_var_audits_switches_s_right_rollover_lane'====== Args={'value': 223, 'prev_value': None, 'change': True}
2024-08-20 23:32:43,791 : INFO : EventManager : Event: ======'machine_var_audits_switches_s_right_sling'====== Args={'value': 1, 'prev_value': None, 'change': True}
2024-08-20 23:32:43,791 : INFO : EventManager : Event: ======'machine_var_audits_switches_s_scoop'====== Args={'value': 588, 'prev_value': None, 'change': True}
2024-08-20 23:32:43,791 : INFO : EventManager : Event: ======'machine_var_audits_switches_s_start'====== Args={'value': 659, 'prev_value': None, 'change': True}
2024-08-20 23:32:43,791 : INFO : EventManager : Event: ======'machine_var_audits_switches_s_top_inline_drop'====== Args={'value': 48, 'prev_value': None, 'change': True}
2024-08-20 23:32:43,792 : INFO : EventManager : Event: ======'machine_var_audits_switches_s_trough1'====== Args={'value': 420, 'prev_value': None, 'change': True}
2024-08-20 23:32:43,792 : INFO : EventManager : Event: ======'machine_var_audits_switches_s_trough2'====== Args={'value': 36, 'prev_value': None, 'change': True}
2024-08-20 23:32:43,792 : INFO : EventManager : Event: ======'machine_var_audits_switches_s_trough3'====== Args={'value': 21, 'prev_value': None, 'change': True}
2024-08-20 23:32:43,792 : INFO : EventManager : Event: ======'machine_var_audits_switches_s_trough4'====== Args={'value': 3, 'prev_value': None, 'change': True}
2024-08-20 23:32:43,792 : INFO : EventManager : Event: ======'machine_var_audits_switches_s_trough5'====== Args={'value': 2, 'prev_value': None, 'change': True}
2024-08-20 23:32:43,793 : INFO : EventManager : Event: ======'machine_var_audits_switches_s_trough6'====== Args={'value': 1, 'prev_value': None, 'change': True}
2024-08-20 23:32:43,793 : INFO : EventManager : Event: ======'machine_var_audits_switches_s_trough_jam'====== Args={'value': 5, 'prev_value': None, 'change': True}
2024-08-20 23:32:43,793 : INFO : EventManager : Event: ======'init_phase_5'====== Args={}
2024-08-20 23:32:43,796 : INFO : EventManager : Event: ======'init_done'====== Args={}
2024-08-20 23:32:43,796 : INFO : EventManager : Event: ======'machine_reset_phase_1'====== Args={}
2024-08-20 23:32:43,801 : INFO : EventManager : Event: ======'machine_reset_phase_2'====== Args={}
2024-08-20 23:32:43,801 : INFO : EventManager : Event: ======'machine_reset_phase_3'====== Args={}
2024-08-20 23:32:43,801 : INFO : drop_target_bank.strickland_bank : All targets are already up. Will not reset bank.
2024-08-20 23:32:43,801 : INFO : EventManager : Event: ======'reset_complete'====== Args={}
2024-08-20 23:32:43,801 : INFO : EventManager : Event: ======'mode_attract_will_start'====== Args={}
2024-08-20 23:32:43,801 : INFO : Timer.attract_switch : Starting Timer.
2024-08-20 23:32:43,802 : INFO : EventManager : Event: ======'timer_attract_switch_started'====== Args={'ticks': 0, 'ticks_remaining': 46}
2024-08-20 23:32:43,802 : INFO : EventManager : Event: ======'timer_attract_switch_tick'====== Args={'ticks': 0, 'ticks_remaining': 46}
2024-08-20 23:32:43,802 : INFO : EventManager : Event: ======'mode_attract_starting'====== Args={}
2024-08-20 23:32:43,802 : INFO : Mode.attract : Started. Priority: 10
2024-08-20 23:32:43,802 : INFO : EventManager : Event: ======'modes_active_modes_changed'====== Args={}
2024-08-20 23:32:43,802 : INFO : EventManager : Event: ======'mode_attract_started'====== Args={}
2024-08-20 23:32:43,803 : INFO : EventManager : Event: ======'collecting_balls_complete'====== Args={}
2024-08-20 23:32:43,803 : INFO : Machine : Starting the main run loop.
2024-08-20 23:32:44,546 : INFO : SwitchController : <<<<<<< 's_start' active >>>>>>>
2024-08-20 23:32:44,547 : INFO : EventManager : Event: ======'s_start_active'====== Args={}
2024-08-20 23:32:44,547 : INFO : EventManager : Event: ======'sw_add_player'====== Args={'priority': 0}
2024-08-20 23:32:44,605 : INFO : BcpServer : New client connected.
2024-08-20 23:32:44,652 : INFO : SwitchController : <<<<<<< 's_start' inactive >>>>>>>
2024-08-20 23:32:44,652 : INFO : EventManager : Event: ======'request_to_start_game'====== Args={}
2024-08-20 23:32:44,652 : INFO : EventManager : Event: ======'game_start'====== Args={'buttons': [], 'hold_time': 0.10504154199999993}
2024-08-20 23:32:44,653 : INFO : EventManager : Event: ======'mode_game_will_start'====== Args={'buttons': [], 'hold_time': 0.10504154199999993}
2024-08-20 23:32:44,653 : INFO : EventManager : Event: ======'mode_game_starting'====== Args={'buttons': [], 'hold_time': 0.10504154199999993}
2024-08-20 23:32:44,654 : INFO : EventManager : Event: ======'mode_attract_will_stop'====== Args={}
2024-08-20 23:32:44,654 : INFO : EventManager : Event: ======'mode_attract_stopping'====== Args={}
2024-08-20 23:32:44,654 : INFO : Mode.attract : Stopped.
2024-08-20 23:32:44,654 : INFO : EventManager : Event: ======'modes_active_modes_changed'====== Args={}
2024-08-20 23:32:44,655 : INFO : EventManager : Event: ======'mode_attract_stopped'====== Args={}
2024-08-20 23:32:44,655 : INFO : EventManager : Event: ======'clear'====== Args={'key': 'attract'}
2024-08-20 23:32:44,655 : INFO : Timer.attract_switch : Stopping Timer
2024-08-20 23:32:44,655 : INFO : EventManager : Event: ======'timer_attract_switch_stopped'====== Args={'ticks': 0, 'ticks_remaining': 46}
2024-08-20 23:32:44,655 : INFO : Mode.game : Started. Priority: 20
2024-08-20 23:32:44,656 : INFO : EventManager : Event: ======'modes_active_modes_changed'====== Args={}
2024-08-20 23:32:44,656 : INFO : EventManager : Event: ======'mode_game_started'====== Args={'buttons': [], 'hold_time': 0.10504154199999993}
2024-08-20 23:32:44,656 : INFO : EventManager : Event: ======'game_will_start'====== Args={}
2024-08-20 23:32:44,657 : INFO : EventManager : Event: ======'game_starting'====== Args={'game': <Mode.game>}
2024-08-20 23:32:44,658 : INFO : EventManager : Unordered handler for class <Auditor> on event game_ended with priority 1. Handlers: [RegisteredHandler(callback=<bound method Auditor.disable of <Auditor>>, priority=1, kwargs={}, key=UUID('c403f8cb-5416-44a8-936c-3e2eb5df4453'), condition=None, blocking_facility=None), RegisteredHandler(callback=<bound method Auditor._save_audits of <Auditor>>, priority=1, kwargs={}, key=UUID('9d0e5aa2-c8f9-4b0b-809b-7c827d2f23eb'), condition=None, blocking_facility=None)]. The order of those handlers is not defined and they will be executed in random order. This might lead to race conditions and potential bugs.
2024-08-20 23:32:44,658 : INFO : EventManager : Event: ======'player_add_request'====== Args={}
2024-08-20 23:32:44,658 : INFO : EventManager : Event: ======'player_will_add'====== Args={'number': 1}
2024-08-20 23:32:44,658 : INFO : EventManager : Event: ======'player_adding'====== Args={'player': <Player 1>, 'number': 1}
2024-08-20 23:32:44,659 : INFO : EventManager : Event: ======'player_added'====== Args={'player': <Player 1>, 'num': 1}
2024-08-20 23:32:44,659 : INFO : Mode.game : Player added successfully. Total players: 1
2024-08-20 23:32:44,659 : INFO : EventManager : Event: ======'player_index'====== Args={'value': 0, 'prev_value': 0, 'change': 0, 'player_num': 1}
2024-08-20 23:32:44,659 : INFO : EventManager : Event: ======'player_number'====== Args={'value': 1, 'prev_value': 1, 'change': 0, 'player_num': 1}
2024-08-20 23:32:44,659 : INFO : EventManager : Event: ======'player_score'====== Args={'value': 0, 'prev_value': 0, 'change': 0, 'player_num': 1}
2024-08-20 23:32:44,660 : INFO : EventManager : Event: ======'game_started'====== Args={}
2024-08-20 23:32:44,660 : INFO : EventManager : Event: ======'player_turn_will_start'====== Args={'player': <Player 1>, 'number': 1}
2024-08-20 23:32:44,661 : INFO : EventManager : Event: ======'player_turn_starting'====== Args={'player': <Player 1>, 'number': 1}
2024-08-20 23:32:44,661 : INFO : EventManager : Event: ======'player_ball'====== Args={'value': 1, 'prev_value': 0, 'change': 1, 'player_num': 1}
2024-08-20 23:32:44,661 : INFO : EventManager : Event: ======'player_turn_started'====== Args={'player': <Player 1>, 'number': 1}
2024-08-20 23:32:44,662 : INFO : EventManager : Event: ======'ball_will_start'====== Args={'player': 1, 'ball': 1, 'balls_remaining': 2, 'is_extra_ball': False}
2024-08-20 23:32:44,662 : INFO : EventManager : Event: ======'ball_starting'====== Args={'player': 1, 'ball': 1, 'balls_remaining': 2, 'is_extra_ball': False}
2024-08-20 23:32:44,667 : INFO : EventManager : Event: ======'mode_rainey_multiball_will_start'====== Args={'queue': <QueuedEvent>, 'player': 1, 'ball': 1, 'balls_remaining': 2, 'is_extra_ball': False}
2024-08-20 23:32:44,668 : INFO : EventManager : Event: ======'mode_rainey_multiball_starting'====== Args={'queue': <QueuedEvent>, 'player': 1, 'ball': 1, 'balls_remaining': 2, 'is_extra_ball': False}
2024-08-20 23:32:44,668 : INFO : EventManager : Event: ======'mode_skillshot_will_start'====== Args={'queue': <QueuedEvent>, 'player': 1, 'ball': 1, 'balls_remaining': 2, 'is_extra_ball': False}
2024-08-20 23:32:44,669 : INFO : EventManager : Event: ======'skillshot_complete'====== Args={'state': 'None'}
2024-08-20 23:32:44,669 : INFO : EventManager : Event: ======'skillshot_None_complete'====== Args={}
2024-08-20 23:32:44,669 : INFO : EventManager : Event: ======'player_shot_skillshot_p_target_enabled'====== Args={'value': True, 'prev_value': 0, 'change': 1, 'player_num': 1}
2024-08-20 23:32:44,670 : INFO : EventManager : Event: ======'player_shot_skillshot_r_target_enabled'====== Args={'value': True, 'prev_value': 0, 'change': 1, 'player_num': 1}
2024-08-20 23:32:44,670 : INFO : EventManager : Event: ======'player_shot_skillshot_o_target_enabled'====== Args={'value': True, 'prev_value': 0, 'change': 1, 'player_num': 1}
2024-08-20 23:32:44,670 : INFO : EventManager : Event: ======'player_shot_skillshot_p2_target_enabled'====== Args={'value': True, 'prev_value': 0, 'change': 1, 'player_num': 1}
2024-08-20 23:32:44,671 : INFO : EventManager : Event: ======'player_shot_skillshot_a_target_enabled'====== Args={'value': True, 'prev_value': 0, 'change': 1, 'player_num': 1}
2024-08-20 23:32:44,671 : INFO : EventManager : Event: ======'player_shot_skillshot_n_target_enabled'====== Args={'value': True, 'prev_value': 0, 'change': 1, 'player_num': 1}
2024-08-20 23:32:44,671 : INFO : EventManager : Event: ======'player_shot_skillshot_e_target_enabled'====== Args={'value': True, 'prev_value': 0, 'change': 1, 'player_num': 1}
2024-08-20 23:32:44,672 : INFO : EventManager : Event: ======'player_skillshot_skillshot_rotate_tick'====== Args={'value': 0, 'prev_value': 0, 'change': 0, 'player_num': 1}
2024-08-20 23:32:44,672 : INFO : Timer.skillshot_rotate : Starting Timer.
2024-08-20 23:32:44,672 : INFO : EventManager : Event: ======'timer_skillshot_rotate_started'====== Args={'ticks': 0, 'ticks_remaining': 0}
2024-08-20 23:32:44,672 : INFO : EventManager : Event: ======'timer_skillshot_rotate_tick'====== Args={'ticks': 0, 'ticks_remaining': 0}
2024-08-20 23:32:44,673 : INFO : EventManager : Event: ======'mode_skillshot_starting'====== Args={'queue': <QueuedEvent>, 'player': 1, 'ball': 1, 'balls_remaining': 2, 'is_extra_ball': False}
2024-08-20 23:32:44,673 : INFO : drop_target_bank.strickland_bank : All targets are already up. Will not reset bank.
2024-08-20 23:32:44,673 : INFO : EventManager : Event: ======'cmd_flippers_enable'====== Args={'priority': 0}
2024-08-20 23:32:44,674 : INFO : EventManager : Event: ======'cmd_autofire_coils_enable'====== Args={'priority': 0}
2024-08-20 23:32:44,674 : INFO : EventManager : Event: ======'cmd_drop_targets_reset'====== Args={'priority': 0}
2024-08-20 23:32:44,674 : INFO : Mode.skillshot : Started. Priority: 200
2024-08-20 23:32:44,674 : INFO : EventManager : Event: ======'modes_active_modes_changed'====== Args={}
2024-08-20 23:32:44,674 : INFO : EventManager : Event: ======'mode_skillshot_started'====== Args={'queue': <QueuedEvent>, 'player': 1, 'ball': 1, 'balls_remaining': 2, 'is_extra_ball': False}
2024-08-20 23:32:44,674 : INFO : EventManager : Event: ======'player_shot_skillshot_p_target'====== Args={'value': 1, 'prev_value': 0, 'change': 1, 'player_num': 1}
2024-08-20 23:32:44,675 : INFO : EventManager : Event: ======'balls_in_play'====== Args={'balls': 1}
2024-08-20 23:32:44,675 : INFO : EventManager : Event: ======'ball_started'====== Args={'player': 1, 'ball': 1, 'balls_remaining': 2, 'is_extra_ball': False}
2024-08-20 23:32:44,675 : INFO : EventManager : Event: ======'logicblock_mb_counter_updated'====== Args={'value': 0, 'enabled': False}
2024-08-20 23:32:44,675 : INFO : Mode.rainey_multiball : Started. Priority: 250
2024-08-20 23:32:44,675 : INFO : EventManager : Event: ======'modes_active_modes_changed'====== Args={}
2024-08-20 23:32:44,675 : INFO : EventManager : Event: ======'mode_rainey_multiball_started'====== Args={'queue': <QueuedEvent>, 'player': 1, 'ball': 1, 'balls_remaining': 2, 'is_extra_ball': False}
2024-08-20 23:32:44,676 : INFO : EventManager : Event: ======'mode_extra_ball_will_start'====== Args={'player': 1, 'ball': 1, 'balls_remaining': 2, 'is_extra_ball': False}
2024-08-20 23:32:44,676 : INFO : EventManager : Event: ======'player_extra_ball_score_one_num_awarded'====== Args={'value': 0, 'prev_value': 0, 'change': 0, 'player_num': 1}
2024-08-20 23:32:44,676 : INFO : EventManager : Event: ======'player_extra_ball_score_two_num_awarded'====== Args={'value': 0, 'prev_value': 0, 'change': 0, 'player_num': 1}
2024-08-20 23:32:44,676 : INFO : EventManager : Event: ======'mode_extra_ball_starting'====== Args={'player': 1, 'ball': 1, 'balls_remaining': 2, 'is_extra_ball': False}
2024-08-20 23:32:44,676 : INFO : EventManager : Event: ======'mode_hank_rollover_will_start'====== Args={'player': 1, 'ball': 1, 'balls_remaining': 2, 'is_extra_ball': False}
2024-08-20 23:32:44,676 : INFO : EventManager : Event: ======'player_shot_h_rollover_lane_enabled'====== Args={'value': True, 'prev_value': 0, 'change': 1, 'player_num': 1}
2024-08-20 23:32:44,677 : INFO : EventManager : Event: ======'player_shot_a_rollover_lane_enabled'====== Args={'value': True, 'prev_value': 0, 'change': 1, 'player_num': 1}
2024-08-20 23:32:44,677 : INFO : EventManager : Event: ======'player_shot_n_rollover_lane_enabled'====== Args={'value': True, 'prev_value': 0, 'change': 1, 'player_num': 1}
2024-08-20 23:32:44,678 : INFO : EventManager : Event: ======'player_shot_k_rollover_lane_enabled'====== Args={'value': True, 'prev_value': 0, 'change': 1, 'player_num': 1}
2024-08-20 23:32:44,678 : INFO : EventManager : Event: ======'hank_lanes_complete'====== Args={'state': 'unlit'}
2024-08-20 23:32:44,678 : INFO : EventManager : Event: ======'hank_lanes_unlit_complete'====== Args={}
2024-08-20 23:32:44,678 : INFO : EventManager : Event: ======'mode_hank_rollover_starting'====== Args={'player': 1, 'ball': 1, 'balls_remaining': 2, 'is_extra_ball': False}
2024-08-20 23:32:44,679 : INFO : EventManager : Event: ======'mode_BBQ_rollover_will_start'====== Args={'player': 1, 'ball': 1, 'balls_remaining': 2, 'is_extra_ball': False}
2024-08-20 23:32:44,679 : INFO : EventManager : Event: ======'player_shot_left_rollover_lane_enabled'====== Args={'value': True, 'prev_value': 0, 'change': 1, 'player_num': 1}
2024-08-20 23:32:44,679 : INFO : EventManager : Event: ======'player_shot_middle_rollover_lane_enabled'====== Args={'value': True, 'prev_value': 0, 'change': 1, 'player_num': 1}
2024-08-20 23:32:44,680 : INFO : EventManager : Event: ======'player_shot_right_rollover_lane_enabled'====== Args={'value': True, 'prev_value': 0, 'change': 1, 'player_num': 1}
2024-08-20 23:32:44,680 : INFO : EventManager : Event: ======'BBQ_lanes_complete'====== Args={'state': 'unlit'}
2024-08-20 23:32:44,680 : INFO : EventManager : Event: ======'BBQ_lanes_unlit_complete'====== Args={}
2024-08-20 23:32:44,682 : INFO : EventManager : Event: ======'mode_BBQ_rollover_starting'====== Args={'player': 1, 'ball': 1, 'balls_remaining': 2, 'is_extra_ball': False}
2024-08-20 23:32:44,682 : INFO : EventManager : Event: ======'mode_base_will_start'====== Args={'player': 1, 'ball': 1, 'balls_remaining': 2, 'is_extra_ball': False}
2024-08-20 23:32:44,682 : INFO : EventManager : Event: ======'player_shot_qualify_p_target_enabled'====== Args={'value': True, 'prev_value': 0, 'change': 1, 'player_num': 1}
2024-08-20 23:32:44,682 : INFO : EventManager : Event: ======'player_shot_qualify_r_target_enabled'====== Args={'value': True, 'prev_value': 0, 'change': 1, 'player_num': 1}
2024-08-20 23:32:44,683 : INFO : EventManager : Event: ======'player_shot_qualify_o_target_enabled'====== Args={'value': True, 'prev_value': 0, 'change': 1, 'player_num': 1}
2024-08-20 23:32:44,683 : INFO : EventManager : Event: ======'player_shot_scoop_enabled'====== Args={'value': True, 'prev_value': 0, 'change': 1, 'player_num': 1}
2024-08-20 23:32:44,683 : INFO : EventManager : Event: ======'player_shot_rainey_multiball_ball_lock_p2_target_enabled'====== Args={'value': True, 'prev_value': 0, 'change': 1, 'player_num': 1}
2024-08-20 23:32:44,683 : INFO : EventManager : Event: ======'player_shot_rainey_multiball_ball_lock_a_target_enabled'====== Args={'value': True, 'prev_value': 0, 'change': 1, 'player_num': 1}
2024-08-20 23:32:44,684 : INFO : EventManager : Event: ======'player_shot_rainey_multiball_ball_lock_n_target_enabled'====== Args={'value': True, 'prev_value': 0, 'change': 1, 'player_num': 1}
2024-08-20 23:32:44,684 : INFO : EventManager : Event: ======'player_shot_rainey_multiball_ball_lock_e_target_enabled'====== Args={'value': True, 'prev_value': 0, 'change': 1, 'player_num': 1}
2024-08-20 23:32:44,684 : INFO : EventManager : Event: ======'player_shot_spinner_enabled'====== Args={'value': True, 'prev_value': 0, 'change': 1, 'player_num': 1}
2024-08-20 23:32:44,684 : INFO : EventManager : Event: ======'qualify_mission_complete'====== Args={'state': 'unlit'}
2024-08-20 23:32:44,684 : INFO : EventManager : Event: ======'qualify_mission_unlit_complete'====== Args={}
2024-08-20 23:32:44,685 : INFO : EventManager : Event: ======'light_rainey_multiball_ball_lock_complete'====== Args={'state': 'unlit'}
2024-08-20 23:32:44,685 : INFO : EventManager : Event: ======'light_rainey_multiball_ball_lock_unlit_complete'====== Args={}
2024-08-20 23:32:44,686 : INFO : EventManager : Event: ======'achievement_bill_bulk_and_the_body_buddies_changed_state'====== Args={'restore': False, 'state': 'enabled', 'selected': False}
2024-08-20 23:32:44,686 : INFO : EventManager : Event: ======'achievement_bill_bulk_and_the_body_buddies_state_enabled'====== Args={'restore': False, 'state': 'enabled', 'selected': False}
2024-08-20 23:32:44,688 : INFO : EventManager : Event: ======'mode_base_starting'====== Args={'player': 1, 'ball': 1, 'balls_remaining': 2, 'is_extra_ball': False}
2024-08-20 23:32:44,689 : INFO : Mode.extra_ball : Started. Priority: 900
2024-08-20 23:32:44,689 : INFO : EventManager : Event: ======'modes_active_modes_changed'====== Args={}
2024-08-20 23:32:44,689 : INFO : EventManager : Event: ======'mode_extra_ball_started'====== Args={'player': 1, 'ball': 1, 'balls_remaining': 2, 'is_extra_ball': False}
2024-08-20 23:32:44,689 : INFO : EventManager : Event: ======'slide__removed'====== Args={'_from_bcp': True}
2024-08-20 23:32:44,689 : INFO : EventManager : Event: ======'logicblock_lb_hank_complete_count_updated'====== Args={'value': 1, 'enabled': True}
2024-08-20 23:32:44,689 : INFO : EventManager : Event: ======'logicblock_lb_hank_complete_count_updated'====== Args={'value': 1, 'enabled': True}
2024-08-20 23:32:44,689 : INFO : Mode.hank_rollover : Started. Priority: 200
2024-08-20 23:32:44,690 : INFO : EventManager : Event: ======'modes_active_modes_changed'====== Args={}
2024-08-20 23:32:44,690 : INFO : EventManager : Event: ======'mode_hank_rollover_started'====== Args={'player': 1, 'ball': 1, 'balls_remaining': 2, 'is_extra_ball': False}
2024-08-20 23:32:44,690 : INFO : EventManager : Event: ======'logicblock_lb_BBQ_complete_count_updated'====== Args={'value': 1, 'enabled': True}
2024-08-20 23:32:44,690 : INFO : EventManager : Event: ======'logicblock_lb_BBQ_complete_count_updated'====== Args={'value': 1, 'enabled': True}
2024-08-20 23:32:44,690 : INFO : Mode.BBQ_rollover : Started. Priority: 200
2024-08-20 23:32:44,690 : INFO : EventManager : Event: ======'modes_active_modes_changed'====== Args={}
2024-08-20 23:32:44,690 : INFO : EventManager : Event: ======'mode_BBQ_rollover_started'====== Args={'player': 1, 'ball': 1, 'balls_remaining': 2, 'is_extra_ball': False}
2024-08-20 23:32:44,690 : INFO : EventManager : Event: ======'logicblock_bill_mini_wizard_updated'====== Args={'value': [False, False], 'enabled': True}
2024-08-20 23:32:44,690 : INFO : EventManager : Event: ======'logicblock_dale_mini_wizard_updated'====== Args={'value': [False, False], 'enabled': True}
2024-08-20 23:32:44,690 : INFO : EventManager : Event: ======'logicblock_hank_mini_wizard_updated'====== Args={'value': [False, False], 'enabled': True}
2024-08-20 23:32:44,690 : INFO : EventManager : Event: ======'logicblock_boom_mini_wizard_updated'====== Args={'value': [False, False], 'enabled': True}
2024-08-20 23:32:44,690 : INFO : EventManager : Event: ======'logicblock_wizard_mode_updated'====== Args={'value': [False, False, False, False], 'enabled': True}
2024-08-20 23:32:44,690 : INFO : EventManager : Event: ======'logicblock_bill_mini_wizard_updated'====== Args={'value': [False, False], 'enabled': True}
2024-08-20 23:32:44,691 : INFO : EventManager : Event: ======'logicblock_dale_mini_wizard_updated'====== Args={'value': [False, False], 'enabled': True}
2024-08-20 23:32:44,691 : INFO : EventManager : Event: ======'logicblock_hank_mini_wizard_updated'====== Args={'value': [False, False], 'enabled': True}
2024-08-20 23:32:44,691 : INFO : EventManager : Event: ======'logicblock_boom_mini_wizard_updated'====== Args={'value': [False, False], 'enabled': True}
2024-08-20 23:32:44,691 : INFO : EventManager : Event: ======'logicblock_wizard_mode_updated'====== Args={'value': [False, False, False, False], 'enabled': True}
2024-08-20 23:32:44,691 : INFO : Mode.base : Started. Priority: 100
2024-08-20 23:32:44,691 : INFO : EventManager : Event: ======'modes_active_modes_changed'====== Args={}
2024-08-20 23:32:44,691 : INFO : EventManager : Event: ======'mode_base_started'====== Args={'player': 1, 'ball': 1, 'balls_remaining': 2, 'is_extra_ball': False}
2024-08-20 23:32:44,691 : INFO : EventManager : Event: ======'player_bonus_multiplier'====== Args={'value': 1, 'prev_value': 0, 'change': 1, 'player_num': 1, 'source': 'BBQ_rollover'}
2024-08-20 23:32:44,691 : INFO : EventManager : Event: ======'ball_save_default_enabled'====== Args={}
2024-08-20 23:32:44,692 : INFO : EventManager : Event: ======'single_player_ball_started'====== Args={}
2024-08-20 23:32:44,695 : INFO : EventManager : Event: ======'ball_start_target'====== Args={'target': 'playfield'}
2024-08-20 23:32:44,695 : INFO : ball_device.bd_plunger : Setting up player-controlled eject. Balls: 1, Target: <playfield.playfield>, player_controlled_eject_event: s_launch_button_inactive
2024-08-20 23:32:44,696 : INFO : EventManager : Event: ======'balldevice_balls_available'====== Args={}
2024-08-20 23:32:44,696 : INFO : ball_device.bd_trough : State: waiting_for_target_ready
2024-08-20 23:32:44,696 : INFO : EventManager : Event: ======'balldevice_bd_trough_ball_eject_attempt'====== Args={'balls': 1, 'target': <ball_device.bd_plunger>, 'source': <ball_device.bd_trough>, 'mechanical_eject': True, 'num_attempts': 0}
2024-08-20 23:32:44,696 : INFO : ball_device.bd_plunger : State: waiting_for_ball
2024-08-20 23:32:44,696 : INFO : ball_device.bd_trough : State: ejecting
2024-08-20 23:32:44,697 : INFO : ball_device.bd_trough : Ejecting ball to <ball_device.bd_plunger>
2024-08-20 23:32:44,697 : INFO : EventManager : Event: ======'balldevice_bd_trough_ejecting_ball'====== Args={'balls': 1, 'target': <ball_device.bd_plunger>, 'source': <ball_device.bd_trough>, 'mechanical_eject': True, 'num_attempts': 0}
2024-08-20 23:32:44,697 : INFO : ball_device.bd_trough : Wait for ball to leave device
2024-08-20 23:32:44,697 : INFO : coil.c_trough_eject : Pulsing Driver for 20ms (1.0 pulse_power)
2024-08-20 23:32:44,697 : INFO : SwitchController : <<<<<<< 's_trough1' inactive >>>>>>>
2024-08-20 23:32:44,698 : INFO : ball_device.bd_trough : State: ball_left
2024-08-20 23:32:44,698 : INFO : ball_device.bd_trough : Ball left
2024-08-20 23:32:44,698 : INFO : ball_device.bd_trough : Wait for confirm with timeout 3.0
2024-08-20 23:32:44,703 : INFO : EventManager : Event: ======'slide_arlen_intro_created'====== Args={'_from_bcp': True}
2024-08-20 23:32:44,704 : INFO : EventManager : Event: ======'slide_arlen_intro_active'====== Args={'original_context': 'skillshot', 'original_calling_context': 'mode_skillshot_started', 'queue': '<QueuedEvent>', 'cmd': 'slides_play', '_from_bcp': True}
2024-08-20 23:32:44,712 : INFO : EventManager : Event: ======'slide_base_created'====== Args={'_from_bcp': True}
2024-08-20 23:32:44,798 : INFO : SwitchController : <<<<<<< 's_plunger' active >>>>>>>
2024-08-20 23:32:44,799 : INFO : EventManager : Event: ======'machine_var_audits_switches_s_plunger'====== Args={'value': 1127, 'prev_value': 1126, 'change': 1}
2024-08-20 23:32:44,851 : WARNING : SwitchController : Received duplicate switch state 1 for switch s_plunger from the platform interface. Log Code: Log-SwitchController-1 (https://missionpinball.org/logs)
2024-08-20 23:32:44,951 : INFO : SwitchController : <<<<<<< 's_plunger' inactive >>>>>>>
2024-08-20 23:32:45,673 : INFO : EventManager : Event: ======'player_skillshot_skillshot_rotate_tick'====== Args={'value': 1, 'prev_value': 0, 'change': 1, 'player_num': 1}
2024-08-20 23:32:45,674 : INFO : EventManager : Event: ======'timer_skillshot_rotate_tick'====== Args={'ticks': 1, 'ticks_remaining': 0}
2024-08-20 23:32:45,674 : INFO : EventManager : Event: ======'player_shot_skillshot_p_target'====== Args={'value': 0, 'prev_value': 1, 'change': -1, 'player_num': 1}
2024-08-20 23:32:45,675 : INFO : EventManager : Event: ======'player_shot_skillshot_r_target'====== Args={'value': 1, 'prev_value': 0, 'change': 1, 'player_num': 1}
2024-08-20 23:32:46,413 : INFO : SwitchController : <<<<<<< 's_plunger_lane_exit' active >>>>>>>
2024-08-20 23:32:46,413 : INFO : EventManager : Event: ======'s_plunger_lane_exit_active'====== Args={}
2024-08-20 23:32:46,413 : INFO : EventManager : Event: ======'sw_playfield_active'====== Args={}
2024-08-20 23:32:46,414 : INFO : EventManager : Event: ======'machine_var_audits_switches_s_plunger_lane_exit'====== Args={'value': 854, 'prev_value': 853, 'change': 1}
2024-08-20 23:32:46,414 : INFO : EventManager : Event: ======'ball_save_default_timer_start'====== Args={}
2024-08-20 23:32:46,415 : INFO : EventManager : Event: ======'playfield_active'====== Args={}
2024-08-20 23:32:46,415 : INFO : EventManager : Event: ======'unexpected_ball_on_playfield'====== Args={}
2024-08-20 23:32:46,493 : INFO : SwitchController : <<<<<<< 's_plunger_lane_exit' inactive >>>>>>>
2024-08-20 23:32:46,494 : INFO : EventManager : Event: ======'s_plunger_lane_exit_inactive'====== Args={}
2024-08-20 23:32:46,494 : INFO : Timer.skillshot_rotate : Stopping Timer
2024-08-20 23:32:46,494 : INFO : EventManager : Event: ======'timer_skillshot_rotate_stopped'====== Args={'ticks': 1, 'ticks_remaining': 0}
2024-08-20 23:32:46,494 : INFO : EventManager : Event: ======'advance_skillshot_2'====== Args={'priority': 0}
2024-08-20 23:32:46,494 : INFO : EventManager : Event: ======'player_shot_skillshot_r_target'====== Args={'value': 2, 'prev_value': 1, 'change': 1, 'player_num': 1}
2024-08-20 23:32:47,700 : INFO : ball_device.bd_trough : State: failed_confirm
2024-08-20 23:32:47,700 : INFO : ball_device.bd_trough : Got timeout (3.0s) before confirm from <ball_device.bd_plunger>
2024-08-20 23:32:47,702 : INFO : ball_device.bd_plunger : Expecting incoming ball which may skip the device.
2024-08-20 23:32:47,702 : INFO : EventManager : Event: ======'balldevice_bd_plunger_ejecting_ball'====== Args={'balls': 1, 'target': <playfield.playfield>, 'source': <ball_device.bd_plunger>, 'mechanical_eject': False, 'num_attempts': 1}
2024-08-20 23:32:47,838 : INFO : SwitchController : <<<<<<< 's_r_target' active >>>>>>>
2024-08-20 23:32:47,838 : INFO : EventManager : Event: ======'playfield_active'====== Args={}
2024-08-20 23:32:47,838 : INFO : EventManager : Event: ======'playfield_active'====== Args={}
2024-08-20 23:32:47,838 : INFO : EventManager : Event: ======'s_r_target_active'====== Args={}
2024-08-20 23:32:47,838 : INFO : EventManager : Event: ======'machine_var_audits_switches_s_r_target'====== Args={'value': 370, 'prev_value': 369, 'change': 1}
2024-08-20 23:32:47,839 : INFO : EventManager : Event: ======'machine_var_audits_shots_skillshot_r_target'====== Args={'value': 129, 'prev_value': 128, 'change': 1}
2024-08-20 23:32:47,840 : INFO : EventManager : Event: ======'skillshot_r_target_hit'====== Args={'profile': 'skillshot_profile', 'state': 'lit', 'advancing': False}
2024-08-20 23:32:47,840 : INFO : EventManager : Event: ======'skillshot_r_target_skillshot_profile_hit'====== Args={'profile': 'skillshot_profile', 'state': 'lit', 'advancing': False}
2024-08-20 23:32:47,840 : INFO : EventManager : Event: ======'skillshot_r_target_skillshot_profile_lit_hit'====== Args={'profile': 'skillshot_profile', 'state': 'lit', 'advancing': False}
2024-08-20 23:32:47,840 : INFO : EventManager : Event: ======'skillshot_r_target_lit_hit'====== Args={'profile': 'skillshot_profile', 'state': 'lit', 'advancing': False}
2024-08-20 23:32:47,840 : INFO : EventManager : Event: ======'player_shot_qualify_r_target'====== Args={'value': 1, 'prev_value': 0, 'change': 1, 'player_num': 1}
2024-08-20 23:32:47,840 : INFO : EventManager : Event: ======'machine_var_audits_shots_qualify_r_target'====== Args={'value': 329, 'prev_value': 328, 'change': 1}
2024-08-20 23:32:47,841 : INFO : EventManager : Event: ======'qualify_r_target_hit'====== Args={'profile': 'mission_qualify', 'state': 'unlit', 'advancing': True}
2024-08-20 23:32:47,841 : INFO : EventManager : Event: ======'qualify_r_target_mission_qualify_hit'====== Args={'profile': 'mission_qualify', 'state': 'unlit', 'advancing': True}
2024-08-20 23:32:47,841 : INFO : EventManager : Event: ======'qualify_r_target_mission_qualify_unlit_hit'====== Args={'profile': 'mission_qualify', 'state': 'unlit', 'advancing': True}
2024-08-20 23:32:47,841 : INFO : EventManager : Event: ======'qualify_r_target_unlit_hit'====== Args={'profile': 'mission_qualify', 'state': 'unlit', 'advancing': True}
2024-08-20 23:32:47,841 : INFO : EventManager : Event: ======'player_score'====== Args={'value': 50, 'prev_value': 0, 'change': 50, 'player_num': 1, 'source': 'base'}
2024-08-20 23:32:47,841 : INFO : EventManager : Event: ======'skillshot_hit'====== Args={'shot': 'skillshot_r_target'}
2024-08-20 23:32:47,842 : INFO : EventManager : Event: ======'skillshot_lit_hit'====== Args={'shot': 'skillshot_r_target'}
2024-08-20 23:32:47,842 : INFO : EventManager : Event: ======'stop_mode_skillshot'====== Args={'priority': 0}
2024-08-20 23:32:47,842 : INFO : EventManager : Event: ======'mode_skillshot_will_stop'====== Args={}
2024-08-20 23:32:47,842 : INFO : EventManager : Event: ======'mode_skillshot_stopping'====== Args={}
2024-08-20 23:32:47,842 : INFO : EventManager : Event: ======'player_score'====== Args={'value': 90050, 'prev_value': 50, 'change': 90000, 'player_num': 1, 'source': 'skillshot'}
2024-08-20 23:32:47,844 : INFO : EventManager : Event: ======'qualify_mission_hit'====== Args={'shot': 'qualify_r_target'}
2024-08-20 23:32:47,844 : INFO : EventManager : Event: ======'qualify_mission_unlit_hit'====== Args={'shot': 'qualify_r_target'}
2024-08-20 23:32:47,845 : INFO : Mode.skillshot : Stopped.
2024-08-20 23:32:47,845 : INFO : EventManager : Event: ======'modes_active_modes_changed'====== Args={}
2024-08-20 23:32:47,845 : INFO : EventManager : Event: ======'mode_skillshot_stopped'====== Args={}
2024-08-20 23:32:47,845 : INFO : EventManager : Event: ======'clear'====== Args={'key': 'skillshot'}
2024-08-20 23:32:47,846 : INFO : Timer.skillshot_rotate : Stopping Timer
2024-08-20 23:32:47,846 : INFO : EventManager : Event: ======'timer_skillshot_rotate_stopped'====== Args={'ticks': 1, 'ticks_remaining': 0}
2024-08-20 23:32:47,860 : INFO : EventManager : Event: ======'slide_arlen_intro_inactive'====== Args={'_from_bcp': True}
2024-08-20 23:32:47,860 : INFO : EventManager : Event: ======'slide_base_active'====== Args={'_from_bcp': True}
2024-08-20 23:32:47,860 : INFO : EventManager : Event: ======'slide_arlen_intro_removed'====== Args={'_from_bcp': True}
2024-08-20 23:32:47,934 : INFO : SwitchController : <<<<<<< 's_r_target' inactive >>>>>>>
2024-08-20 23:32:49,023 : INFO : SwitchController : <<<<<<< 's_p_target' active >>>>>>>
2024-08-20 23:32:49,024 : INFO : EventManager : Event: ======'playfield_active'====== Args={}
2024-08-20 23:32:49,024 : INFO : EventManager : Event: ======'playfield_active'====== Args={}
2024-08-20 23:32:49,024 : INFO : EventManager : Event: ======'s_p_target_active'====== Args={}
2024-08-20 23:32:49,025 : INFO : EventManager : Event: ======'machine_var_audits_switches_s_p_target'====== Args={'value': 517, 'prev_value': 516, 'change': 1}
2024-08-20 23:32:49,027 : INFO : EventManager : Event: ======'player_shot_qualify_p_target'====== Args={'value': 1, 'prev_value': 0, 'change': 1, 'player_num': 1}
2024-08-20 23:32:49,028 : INFO : EventManager : Event: ======'machine_var_audits_shots_qualify_p_target'====== Args={'value': 295, 'prev_value': 294, 'change': 1}
2024-08-20 23:32:49,029 : INFO : EventManager : Event: ======'qualify_p_target_hit'====== Args={'profile': 'mission_qualify', 'state': 'unlit', 'advancing': True}
2024-08-20 23:32:49,030 : INFO : EventManager : Event: ======'qualify_p_target_mission_qualify_hit'====== Args={'profile': 'mission_qualify', 'state': 'unlit', 'advancing': True}
2024-08-20 23:32:49,030 : INFO : EventManager : Event: ======'qualify_p_target_mission_qualify_unlit_hit'====== Args={'profile': 'mission_qualify', 'state': 'unlit', 'advancing': True}
2024-08-20 23:32:49,031 : INFO : EventManager : Event: ======'qualify_p_target_unlit_hit'====== Args={'profile': 'mission_qualify', 'state': 'unlit', 'advancing': True}
2024-08-20 23:32:49,031 : INFO : EventManager : Event: ======'player_score'====== Args={'value': 90100, 'prev_value': 90050, 'change': 50, 'player_num': 1, 'source': 'base'}
2024-08-20 23:32:49,032 : INFO : EventManager : Event: ======'qualify_mission_hit'====== Args={'shot': 'qualify_p_target'}
2024-08-20 23:32:49,032 : INFO : EventManager : Event: ======'qualify_mission_unlit_hit'====== Args={'shot': 'qualify_p_target'}
2024-08-20 23:32:49,109 : INFO : SwitchController : <<<<<<< 's_p_target' inactive >>>>>>>
2024-08-20 23:32:49,726 : INFO : SwitchController : <<<<<<< 's_o_target' active >>>>>>>
2024-08-20 23:32:49,726 : INFO : EventManager : Event: ======'playfield_active'====== Args={}
2024-08-20 23:32:49,727 : INFO : EventManager : Event: ======'playfield_active'====== Args={}
2024-08-20 23:32:49,727 : INFO : EventManager : Event: ======'s_o_target_active'====== Args={}
2024-08-20 23:32:49,727 : INFO : EventManager : Event: ======'machine_var_audits_switches_s_o_target'====== Args={'value': 368, 'prev_value': 367, 'change': 1}
2024-08-20 23:32:49,728 : INFO : EventManager : Event: ======'player_shot_qualify_o_target'====== Args={'value': 1, 'prev_value': 0, 'change': 1, 'player_num': 1}
2024-08-20 23:32:49,729 : INFO : EventManager : Event: ======'machine_var_audits_shots_qualify_o_target'====== Args={'value': 320, 'prev_value': 319, 'change': 1}
2024-08-20 23:32:49,730 : INFO : EventManager : Event: ======'qualify_o_target_hit'====== Args={'profile': 'mission_qualify', 'state': 'unlit', 'advancing': True}
2024-08-20 23:32:49,730 : INFO : EventManager : Event: ======'qualify_o_target_mission_qualify_hit'====== Args={'profile': 'mission_qualify', 'state': 'unlit', 'advancing': True}
2024-08-20 23:32:49,730 : INFO : EventManager : Event: ======'qualify_o_target_mission_qualify_unlit_hit'====== Args={'profile': 'mission_qualify', 'state': 'unlit', 'advancing': True}
2024-08-20 23:32:49,731 : INFO : EventManager : Event: ======'qualify_o_target_unlit_hit'====== Args={'profile': 'mission_qualify', 'state': 'unlit', 'advancing': True}
2024-08-20 23:32:49,731 : INFO : EventManager : Event: ======'player_score'====== Args={'value': 90150, 'prev_value': 90100, 'change': 50, 'player_num': 1, 'source': 'base'}
2024-08-20 23:32:49,732 : INFO : EventManager : Event: ======'qualify_mission_complete'====== Args={'state': 'lit'}
2024-08-20 23:32:49,732 : INFO : EventManager : Event: ======'qualify_mission_lit_complete'====== Args={}
2024-08-20 23:32:49,732 : INFO : EventManager : Event: ======'qualify_mission_hit'====== Args={'shot': 'qualify_o_target'}
2024-08-20 23:32:49,732 : INFO : EventManager : Event: ======'qualify_mission_unlit_hit'====== Args={'shot': 'qualify_o_target'}
2024-08-20 23:32:49,806 : INFO : SwitchController : <<<<<<< 's_o_target' inactive >>>>>>>
2024-08-20 23:32:50,233 : INFO : EventManager : Event: ======'player_shot_qualify_p_target'====== Args={'value': 0, 'prev_value': 1, 'change': -1, 'player_num': 1}
2024-08-20 23:32:50,237 : INFO : EventManager : Event: ======'player_shot_qualify_r_target'====== Args={'value': 0, 'prev_value': 1, 'change': -1, 'player_num': 1}
2024-08-20 23:32:50,238 : INFO : EventManager : Event: ======'player_shot_qualify_o_target'====== Args={'value': 0, 'prev_value': 1, 'change': -1, 'player_num': 1}
2024-08-20 23:32:50,239 : INFO : EventManager : Event: ======'qualify_mission_complete'====== Args={'state': 'unlit'}
2024-08-20 23:32:50,239 : INFO : EventManager : Event: ======'qualify_mission_unlit_complete'====== Args={}
2024-08-20 23:32:50,705 : INFO : ball_device.bd_plunger : Got confirm for skipping ball.
2024-08-20 23:32:50,705 : INFO : ball_device.bd_plunger : Eject successful
2024-08-20 23:32:50,705 : INFO : EventManager : Event: ======'balldevice_bd_plunger_ball_eject_success'====== Args={'balls': 1, 'target': <playfield.playfield>}
2024-08-20 23:32:50,706 : INFO : EventManager : Event: ======'balldevice_playfield_ball_enter'====== Args={'new_balls': 1, 'unclaimed_balls': 1, 'device': <playfield.playfield>}
2024-08-20 23:32:50,707 : INFO : EventManager : Event: ======'playfield_ball_count_change'====== Args={'balls': 1, 'change': 1}
2024-08-20 23:32:50,709 : INFO : ball_device.bd_plunger : State: idle
2024-08-20 23:32:50,717 : INFO : ball_device.bd_trough : Eject successful
2024-08-20 23:32:50,717 : INFO : EventManager : Event: ======'balldevice_bd_trough_ball_eject_success'====== Args={'balls': 1, 'target': <ball_device.bd_plunger>}
2024-08-20 23:32:50,718 : INFO : EventManager : Event: ======'balldevice_bd_trough_ball_count_changed'====== Args={'balls': 5}
2024-08-20 23:32:50,718 : INFO : ball_device.bd_trough : State: idle
2024-08-20 23:32:51,416 : INFO : EventManager : Event: ======'stop_mode_skillshot'====== Args={'priority': 0}
2024-08-20 23:32:52,112 : INFO : SwitchController : <<<<<<< 's_scoop' active >>>>>>>
2024-08-20 23:32:52,112 : INFO : EventManager : Event: ======'s_scoop_active'====== Args={}
2024-08-20 23:32:52,113 : INFO : EventManager : Event: ======'machine_var_audits_switches_s_scoop'====== Args={'value': 589, 'prev_value': 588, 'change': 1}
2024-08-20 23:32:52,115 : INFO : EventManager : Event: ======'mode_mission_select_will_start'====== Args={}
2024-08-20 23:32:52,127 : INFO : EventManager : Event: ======'mode_mission_select_starting'====== Args={}
2024-08-20 23:32:52,127 : INFO : EventManager : Event: ======'player_shot_scoop'====== Args={'value': 1, 'prev_value': 0, 'change': 1, 'player_num': 1}
2024-08-20 23:32:52,127 : INFO : EventManager : Event: ======'machine_var_audits_shots_scoop'====== Args={'value': 261, 'prev_value': 260, 'change': 1}
2024-08-20 23:32:52,128 : INFO : EventManager : Event: ======'scoop_hit'====== Args={'profile': 'scoop_light', 'state': 'unqualified', 'advancing': True}
2024-08-20 23:32:52,128 : INFO : EventManager : Event: ======'scoop_scoop_light_hit'====== Args={'profile': 'scoop_light', 'state': 'unqualified', 'advancing': True}
2024-08-20 23:32:52,128 : INFO : EventManager : Event: ======'scoop_scoop_light_unqualified_hit'====== Args={'profile': 'scoop_light', 'state': 'unqualified', 'advancing': True}
2024-08-20 23:32:52,128 : INFO : EventManager : Event: ======'scoop_unqualified_hit'====== Args={'profile': 'scoop_light', 'state': 'unqualified', 'advancing': True}
2024-08-20 23:32:52,128 : INFO : Mode.mission_select : Started. Priority: 800
2024-08-20 23:32:52,129 : INFO : EventManager : Event: ======'modes_active_modes_changed'====== Args={}
2024-08-20 23:32:52,129 : INFO : EventManager : Event: ======'mode_mission_select_started'====== Args={}
2024-08-20 23:32:52,130 : INFO : EventManager : Event: ======'item_highlighted'====== Args={'carousel': 'mission_select', 'direction': None, 'item': 'beat_the_surfer'}
2024-08-20 23:32:52,195 : INFO : EventManager : Event: ======'slide_mission_select_created'====== Args={'_from_bcp': True}
2024-08-20 23:32:52,195 : INFO : EventManager : Event: ======'slide_base_inactive'====== Args={'_from_bcp': True}
2024-08-20 23:32:52,196 : INFO : EventManager : Event: ======'slide_mission_select_active'====== Args={'original_context': 'mission_select', 'original_calling_context': 'mode_mission_select_started', 'cmd': 'slides_play', '_from_bcp': True}
2024-08-20 23:32:52,614 : INFO : EventManager : Event: ======'balldevice_bd_scoop_ball_count_changed'====== Args={'balls': 1}
2024-08-20 23:32:52,615 : INFO : ball_device.bd_scoop : Received unexpected ball
2024-08-20 23:32:52,615 : INFO : EventManager : Event: ======'balldevice_captured_from_playfield'====== Args={'balls': 1}
2024-08-20 23:32:52,616 : INFO : EventManager : Event: ======'sw_playfield_active'====== Args={'balls': 1}
2024-08-20 23:32:52,617 : INFO : EventManager : Event: ======'playfield_ball_count_change'====== Args={'balls': 0, 'change': -1}
2024-08-20 23:32:52,618 : INFO : EventManager : Event: ======'balldevice_bd_scoop_ball_enter'====== Args={'new_balls': 1, 'unclaimed_balls': 1, 'new_available_balls': 1, 'device': <ball_device.bd_scoop>}
2024-08-20 23:32:52,619 : INFO : EventManager : Event: ======'ball_hold_scoop_held_ball'====== Args={'balls_held': 1, 'total_balls_held': 1}
2024-08-20 23:32:52,620 : INFO : EventManager : Event: ======'ball_hold_scoop_full'====== Args={'balls': 1}
2024-08-20 23:32:52,620 : INFO : EventManager : Event: ======'balldevice_balls_available'====== Args={}
2024-08-20 23:32:52,621 : INFO : EventManager : Event: ======'balldevice_bd_scoop_ball_entered'====== Args={'new_balls': 1, 'device': <ball_device.bd_scoop>}
2024-08-20 23:32:52,840 : INFO : EventManager : Event: ======'stop_mode_skillshot'====== Args={'priority': 0}
2024-08-20 23:32:52,840 : INFO : EventManager : Event: ======'stop_mode_skillshot'====== Args={'priority': 0}
2024-08-20 23:32:54,416 : INFO : EventManager : Event: ======'ball_save_default_hurry_up'====== Args={}
2024-08-20 23:32:54,619 : INFO : SwitchController : <<<<<<< 's_start' active >>>>>>>
2024-08-20 23:32:54,619 : INFO : EventManager : Event: ======'s_start_active'====== Args={}
2024-08-20 23:32:54,619 : INFO : EventManager : Event: ======'machine_var_audits_switches_s_start'====== Args={'value': 660, 'prev_value': 659, 'change': 1}
2024-08-20 23:32:54,620 : INFO : EventManager : Event: ======'sw_add_player'====== Args={'priority': 0}
2024-08-20 23:32:54,620 : INFO : EventManager : Event: ======'player_add_request'====== Args={}
2024-08-20 23:32:54,620 : INFO : EventManager : Event: ======'player_will_add'====== Args={'number': 2}
2024-08-20 23:32:54,621 : INFO : EventManager : Event: ======'player_adding'====== Args={'player': <Player 2>, 'number': 2}
2024-08-20 23:32:54,621 : INFO : EventManager : Event: ======'player_added'====== Args={'player': <Player 2>, 'num': 2}
2024-08-20 23:32:54,621 : INFO : Mode.game : Player added successfully. Total players: 2
2024-08-20 23:32:54,621 : INFO : EventManager : Event: ======'multiplayer_game'====== Args={}
2024-08-20 23:32:54,621 : INFO : EventManager : Event: ======'player_index'====== Args={'value': 1, 'prev_value': 1, 'change': 0, 'player_num': 2}
2024-08-20 23:32:54,621 : INFO : EventManager : Event: ======'player_number'====== Args={'value': 2, 'prev_value': 2, 'change': 0, 'player_num': 2}
2024-08-20 23:32:54,622 : INFO : EventManager : Event: ======'player_score'====== Args={'value': 0, 'prev_value': 0, 'change': 0, 'player_num': 2}
2024-08-20 23:32:54,718 : INFO : SwitchController : <<<<<<< 's_start' inactive >>>>>>>
2024-08-20 23:32:54,718 : INFO : EventManager : Event: ======'s_start_inactive'====== Args={}
2024-08-20 23:32:54,718 : INFO : EventManager : Event: ======'mission_select_beat_the_surfer_selected'====== Args={}
2024-08-20 23:32:54,718 : INFO : EventManager : Event: ======'mission_select_item_selected'====== Args={}
2024-08-20 23:32:54,718 : INFO : EventManager : Event: ======'player_selected_mission'====== Args={'value': 'beat the surfer', 'prev_value': 0, 'change': True, 'player_num': 1, 'source': 'mission_select'}
2024-08-20 23:32:54,719 : INFO : EventManager : Event: ======'mode_beat_the_surfer_will_start'====== Args={}
2024-08-20 23:32:54,719 : INFO : EventManager : Event: ======'player_beat_the_surfer_beat_the_surfer_mode_countdown_tick'====== Args={'value': 5, 'prev_value': 0, 'change': 5, 'player_num': 1}
2024-08-20 23:32:54,719 : INFO : Timer.beat_the_surfer_mode_countdown : Starting Timer.
2024-08-20 23:32:54,719 : INFO : EventManager : Event: ======'timer_beat_the_surfer_mode_countdown_started'====== Args={'ticks': 5, 'ticks_remaining': 5}
2024-08-20 23:32:54,719 : INFO : EventManager : Event: ======'timer_beat_the_surfer_mode_countdown_tick'====== Args={'ticks': 5, 'ticks_remaining': 5}
2024-08-20 23:32:54,720 : INFO : EventManager : Event: ======'mode_beat_the_surfer_starting'====== Args={}
2024-08-20 23:32:54,720 : INFO : EventManager : Event: ======'mode_mission_select_will_stop'====== Args={}
2024-08-20 23:32:54,720 : INFO : EventManager : Event: ======'mode_mission_select_stopping'====== Args={}
2024-08-20 23:32:54,720 : INFO : ball_device.bd_scoop : Adding 1 ball(s) to the eject_queue with target <playfield.playfield>.
2024-08-20 23:32:54,720 : INFO : EventManager : Event: ======'balldevice_balls_available'====== Args={}
2024-08-20 23:32:54,720 : INFO : EventManager : Event: ======'ball_hold_scoop_balls_released'====== Args={'balls_released': 1}
2024-08-20 23:32:54,720 : INFO : Mode.beat_the_surfer : Started. Priority: 130
2024-08-20 23:32:54,720 : INFO : EventManager : Event: ======'modes_active_modes_changed'====== Args={}
2024-08-20 23:32:54,720 : INFO : EventManager : Event: ======'mode_beat_the_surfer_started'====== Args={}
2024-08-20 23:32:54,721 : INFO : Mode.mission_select : Stopped.
2024-08-20 23:32:54,721 : INFO : EventManager : Event: ======'modes_active_modes_changed'====== Args={}
2024-08-20 23:32:54,721 : INFO : EventManager : Event: ======'mode_mission_select_stopped'====== Args={}
2024-08-20 23:32:54,721 : INFO : EventManager : Event: ======'clear'====== Args={'key': 'mission_select'}
2024-08-20 23:32:54,722 : INFO : ball_device.bd_scoop : State: waiting_for_target_ready
2024-08-20 23:32:54,722 : INFO : EventManager : Event: ======'balldevice_bd_scoop_ball_eject_attempt'====== Args={'balls': 1, 'target': <playfield.playfield>, 'source': <ball_device.bd_scoop>, 'mechanical_eject': False, 'num_attempts': 0}
2024-08-20 23:32:54,722 : INFO : ball_device.bd_scoop : State: ejecting
2024-08-20 23:32:54,722 : INFO : ball_device.bd_scoop : Ejecting ball to <playfield.playfield>
2024-08-20 23:32:54,722 : INFO : EventManager : Event: ======'balldevice_bd_scoop_ejecting_ball'====== Args={'balls': 1, 'target': <playfield.playfield>, 'source': <ball_device.bd_scoop>, 'mechanical_eject': False, 'num_attempts': 0}
2024-08-20 23:32:54,722 : INFO : ball_device.bd_scoop : Wait for ball to leave device
2024-08-20 23:32:54,722 : INFO : coil.c_scoop_eject : Pulsing Driver for 10ms (1.0 pulse_power)
2024-08-20 23:32:54,722 : INFO : SwitchController : <<<<<<< 's_scoop' inactive >>>>>>>
2024-08-20 23:32:54,723 : INFO : ball_device.bd_scoop : State: ball_left
2024-08-20 23:32:54,723 : INFO : ball_device.bd_scoop : Ball left
2024-08-20 23:32:54,723 : INFO : ball_device.bd_scoop : Wait for confirm with timeout 10.0
2024-08-20 23:32:54,752 : INFO : EventManager : Event: ======'slide_beat_the_surfer_created'====== Args={'_from_bcp': True}
2024-08-20 23:32:54,755 : INFO : EventManager : Event: ======'slide_mission_select_inactive'====== Args={'_from_bcp': True}
2024-08-20 23:32:54,756 : INFO : EventManager : Event: ======'slide_beat_the_surfer_active'====== Args={'_from_bcp': True}
2024-08-20 23:32:54,756 : INFO : EventManager : Event: ======'slide_mission_select_removed'====== Args={'_from_bcp': True}
2024-08-20 23:32:55,723 : INFO : EventManager : Event: ======'player_beat_the_surfer_beat_the_surfer_mode_countdown_tick'====== Args={'value': 4, 'prev_value': 5, 'change': -1, 'player_num': 1}
2024-08-20 23:32:55,724 : INFO : EventManager : Event: ======'timer_beat_the_surfer_mode_countdown_tick'====== Args={'ticks': 4, 'ticks_remaining': 4}
2024-08-20 23:32:56,415 : INFO : EventManager : Event: ======'ball_save_default_grace_period'====== Args={}
2024-08-20 23:32:56,722 : INFO : EventManager : Event: ======'player_beat_the_surfer_beat_the_surfer_mode_countdown_tick'====== Args={'value': 3, 'prev_value': 4, 'change': -1, 'player_num': 1}
2024-08-20 23:32:56,723 : INFO : EventManager : Event: ======'timer_beat_the_surfer_mode_countdown_tick'====== Args={'ticks': 3, 'ticks_remaining': 3}
2024-08-20 23:32:57,722 : INFO : EventManager : Event: ======'player_beat_the_surfer_beat_the_surfer_mode_countdown_tick'====== Args={'value': 2, 'prev_value': 3, 'change': -1, 'player_num': 1}
2024-08-20 23:32:57,723 : INFO : EventManager : Event: ======'timer_beat_the_surfer_mode_countdown_tick'====== Args={'ticks': 2, 'ticks_remaining': 2}
2024-08-20 23:32:58,417 : INFO : EventManager : Event: ======'ball_save_default_disabled'====== Args={}
2024-08-20 23:32:58,722 : INFO : EventManager : Event: ======'player_beat_the_surfer_beat_the_surfer_mode_countdown_tick'====== Args={'value': 1, 'prev_value': 2, 'change': -1, 'player_num': 1}
2024-08-20 23:32:58,723 : INFO : EventManager : Event: ======'timer_beat_the_surfer_mode_countdown_tick'====== Args={'ticks': 1, 'ticks_remaining': 1}
2024-08-20 23:32:59,722 : INFO : EventManager : Event: ======'player_beat_the_surfer_beat_the_surfer_mode_countdown_tick'====== Args={'value': 0, 'prev_value': 1, 'change': -1, 'player_num': 1}
2024-08-20 23:32:59,723 : INFO : Timer.beat_the_surfer_mode_countdown : Timer Complete
2024-08-20 23:32:59,723 : INFO : Timer.beat_the_surfer_mode_countdown : Stopping Timer
2024-08-20 23:32:59,723 : INFO : EventManager : Event: ======'timer_beat_the_surfer_mode_countdown_stopped'====== Args={'ticks': 0, 'ticks_remaining': 1}
2024-08-20 23:32:59,724 : INFO : EventManager : Event: ======'timer_beat_the_surfer_mode_countdown_complete'====== Args={'ticks': 0, 'ticks_remaining': 1}
2024-08-20 23:32:59,724 : INFO : EventManager : Event: ======'mode_beat_the_surfer_will_stop'====== Args={}
2024-08-20 23:32:59,724 : INFO : EventManager : Event: ======'mode_beat_the_surfer_stopping'====== Args={}
2024-08-20 23:32:59,725 : INFO : Mode.beat_the_surfer : Stopped.
2024-08-20 23:32:59,725 : INFO : EventManager : Event: ======'modes_active_modes_changed'====== Args={}
2024-08-20 23:32:59,725 : INFO : EventManager : Event: ======'mode_beat_the_surfer_stopped'====== Args={}
2024-08-20 23:32:59,726 : INFO : EventManager : Event: ======'clear'====== Args={'key': 'beat_the_surfer'}
2024-08-20 23:32:59,726 : INFO : EventManager : Event: ======'logicblock_boom_mini_wizard_updated'====== Args={'value': [False, True], 'enabled': True}
2024-08-20 23:32:59,727 : INFO : EventManager : Event: ======'logicblock_boom_mini_wizard_hit'====== Args={'step': 1}
2024-08-20 23:32:59,727 : INFO : Timer.beat_the_surfer_mode_countdown : Stopping Timer
2024-08-20 23:32:59,728 : INFO : EventManager : Event: ======'timer_beat_the_surfer_mode_countdown_stopped'====== Args={'ticks': 0, 'ticks_remaining': 1}
2024-08-20 23:32:59,735 : INFO : EventManager : Event: ======'slide_beat_the_surfer_inactive'====== Args={'_from_bcp': True}
2024-08-20 23:32:59,736 : INFO : EventManager : Event: ======'slide_base_active'====== Args={'_from_bcp': True}
2024-08-20 23:32:59,737 : INFO : EventManager : Event: ======'slide_beat_the_surfer_removed'====== Args={'_from_bcp': True}
2024-08-20 23:33:04,730 : INFO : ball_device.bd_scoop : State: failed_confirm
2024-08-20 23:33:04,731 : INFO : ball_device.bd_scoop : Got timeout (10.0s) before confirm from <playfield.playfield>
2024-08-20 23:33:04,833 : INFO : ball_device.bd_scoop : Confirming eject because target is playfield and ball did not return.
2024-08-20 23:33:04,833 : INFO : ball_device.bd_scoop : Eject successful
2024-08-20 23:33:04,834 : INFO : EventManager : Event: ======'balldevice_bd_scoop_ball_eject_success'====== Args={'balls': 1, 'target': <playfield.playfield>}
2024-08-20 23:33:04,835 : INFO : EventManager : Event: ======'balldevice_playfield_ball_enter'====== Args={'new_balls': 1, 'unclaimed_balls': 1, 'device': <playfield.playfield>}
2024-08-20 23:33:04,836 : INFO : EventManager : Event: ======'playfield_ball_count_change'====== Args={'balls': 1, 'change': 1}
2024-08-20 23:33:04,837 : INFO : EventManager : Event: ======'balldevice_bd_scoop_ball_count_changed'====== Args={'balls': 0}
2024-08-20 23:33:04,838 : INFO : ball_device.bd_scoop : State: idle
2024-08-20 23:35:33,102 : INFO : Machine : Shutting down...
2024-08-20 23:35:33,103 : INFO : EventManager : Event: ======'shutdown'====== Args={}
2024-08-20 23:35:33,113 : INFO : EventManager : Event: ======'mode_game_will_stop'====== Args={}
2024-08-20 23:35:33,113 : INFO : EventManager : Event: ======'mode_game_stopping'====== Args={}
2024-08-20 23:35:33,114 : INFO : EventManager : Event: ======'mode_base_will_stop'====== Args={}
2024-08-20 23:35:33,114 : INFO : EventManager : Event: ======'mode_base_stopping'====== Args={}
2024-08-20 23:35:33,114 : INFO : EventManager : Event: ======'mode_extra_ball_will_stop'====== Args={}
2024-08-20 23:35:33,114 : INFO : EventManager : Event: ======'mode_extra_ball_stopping'====== Args={}
2024-08-20 23:35:33,114 : INFO : EventManager : Event: ======'mode_hank_rollover_will_stop'====== Args={}
2024-08-20 23:35:33,114 : INFO : EventManager : Event: ======'mode_hank_rollover_stopping'====== Args={}
2024-08-20 23:35:33,114 : INFO : EventManager : Event: ======'mode_BBQ_rollover_will_stop'====== Args={}
2024-08-20 23:35:33,114 : INFO : EventManager : Event: ======'mode_BBQ_rollover_stopping'====== Args={}
2024-08-20 23:35:33,114 : INFO : EventManager : Event: ======'mode_rainey_multiball_will_stop'====== Args={}
2024-08-20 23:35:33,114 : INFO : EventManager : Event: ======'mode_rainey_multiball_stopping'====== Args={}
2024-08-20 23:35:33,115 : INFO : Mode.rainey_multiball : Stopped.
2024-08-20 23:35:33,115 : INFO : EventManager : Event: ======'modes_active_modes_changed'====== Args={}
2024-08-20 23:35:33,115 : INFO : EventManager : Event: ======'mode_rainey_multiball_stopped'====== Args={}
2024-08-20 23:35:33,115 : INFO : EventManager : Event: ======'clear'====== Args={'key': 'rainey_multiball'}
2024-08-20 23:35:33,116 : INFO : Mode.BBQ_rollover : Stopped.
2024-08-20 23:35:33,116 : INFO : EventManager : Event: ======'modes_active_modes_changed'====== Args={}
2024-08-20 23:35:33,116 : INFO : EventManager : Event: ======'mode_BBQ_rollover_stopped'====== Args={}
2024-08-20 23:35:33,116 : INFO : EventManager : Event: ======'clear'====== Args={'key': 'BBQ_rollover'}
2024-08-20 23:35:33,117 : INFO : Mode.hank_rollover : Stopped.
2024-08-20 23:35:33,117 : INFO : EventManager : Event: ======'modes_active_modes_changed'====== Args={}
2024-08-20 23:35:33,117 : INFO : EventManager : Event: ======'mode_hank_rollover_stopped'====== Args={}
2024-08-20 23:35:33,118 : INFO : EventManager : Event: ======'clear'====== Args={'key': 'hank_rollover'}
2024-08-20 23:35:33,118 : INFO : Mode.extra_ball : Stopped.
2024-08-20 23:35:33,118 : INFO : EventManager : Event: ======'modes_active_modes_changed'====== Args={}
2024-08-20 23:35:33,119 : INFO : EventManager : Event: ======'mode_extra_ball_stopped'====== Args={}
2024-08-20 23:35:33,119 : INFO : EventManager : Event: ======'clear'====== Args={'key': 'extra_ball'}
2024-08-20 23:35:33,119 : INFO : Mode.base : Stopped.
2024-08-20 23:35:33,119 : INFO : EventManager : Event: ======'modes_active_modes_changed'====== Args={}
2024-08-20 23:35:33,119 : INFO : EventManager : Event: ======'mode_base_stopped'====== Args={}
2024-08-20 23:35:33,120 : INFO : EventManager : Event: ======'clear'====== Args={'key': 'base'}
2024-08-20 23:35:33,123 : INFO : Mode.game : Stopped.
2024-08-20 23:35:33,123 : INFO : EventManager : Event: ======'modes_active_modes_changed'====== Args={}
2024-08-20 23:35:33,123 : INFO : EventManager : Event: ======'mode_game_stopped'====== Args={}
2024-08-20 23:35:33,123 : INFO : EventManager : Event: ======'clear'====== Args={'key': 'game'}
2024-08-20 23:35:33,126 : INFO : root : MPF run loop ended.
