2024-07-27 09:55:54,903 : INFO : root : Loading config.
2024-07-27 09:55:54,905 : INFO : YamlMultifileConfigLoader : Machine config file #1: config.yaml
2024-07-27 09:55:54,905 : INFO : ConfigProcessor : Loading config from cache: /var/folders/sv/d29kcl5x50v7vt1n6xb5jsd40000gn/T/c166cef8060ffee16a35821bf698da85.mpf_cache
2024-07-27 09:55:54,934 : INFO : ConfigProcessor : Loading config from cache: /var/folders/sv/d29kcl5x50v7vt1n6xb5jsd40000gn/T/6b31c5ac6ecbad948994a8204ea6b05b.mpf_cache
2024-07-27 09:55:54,935 : INFO : ConfigProcessor : Loading config from cache: /var/folders/sv/d29kcl5x50v7vt1n6xb5jsd40000gn/T/fe612d1e66c8a96c19ba449d3748eeac.mpf_cache
2024-07-27 09:55:54,935 : INFO : ConfigProcessor : Loading config from cache: /var/folders/sv/d29kcl5x50v7vt1n6xb5jsd40000gn/T/6b31c5ac6ecbad948994a8204ea6b05b.mpf_cache
2024-07-27 09:55:54,935 : INFO : ConfigProcessor : Loading config from cache: /var/folders/sv/d29kcl5x50v7vt1n6xb5jsd40000gn/T/8765227693ecd961e0504502a81255e0.mpf_cache
2024-07-27 09:55:54,935 : INFO : ConfigProcessor : Loading config from cache: /var/folders/sv/d29kcl5x50v7vt1n6xb5jsd40000gn/T/b247728c74b4d81bcb2825e2b07062a7.mpf_cache
2024-07-27 09:55:54,935 : INFO : ConfigProcessor : Loading config from cache: /var/folders/sv/d29kcl5x50v7vt1n6xb5jsd40000gn/T/f240f94f0b5d0f37ec4fd7571275a101.mpf_cache
2024-07-27 09:55:54,936 : INFO : ConfigProcessor : Loading config from cache: /var/folders/sv/d29kcl5x50v7vt1n6xb5jsd40000gn/T/c4409acfdf3ec94666e0adef48d55400.mpf_cache
2024-07-27 09:55:54,936 : INFO : ConfigProcessor : Loading config from cache: /var/folders/sv/d29kcl5x50v7vt1n6xb5jsd40000gn/T/6a2f50ed892485825cc04dc0a68eab9f.mpf_cache
2024-07-27 09:55:54,936 : INFO : ConfigProcessor : Loading config from cache: /var/folders/sv/d29kcl5x50v7vt1n6xb5jsd40000gn/T/d58c58eb9fd1a2dc27f8acd255fb3761.mpf_cache
2024-07-27 09:55:54,936 : INFO : ConfigProcessor : Loading config from cache: /var/folders/sv/d29kcl5x50v7vt1n6xb5jsd40000gn/T/07adfd310b3ef0e03c5cbc91527abb6c.mpf_cache
2024-07-27 09:55:54,936 : INFO : ConfigProcessor : Loading config from cache: /var/folders/sv/d29kcl5x50v7vt1n6xb5jsd40000gn/T/12bd5247c3bf989b919364bdb7829769.mpf_cache
2024-07-27 09:55:54,937 : INFO : ConfigProcessor : Loading config from cache: /var/folders/sv/d29kcl5x50v7vt1n6xb5jsd40000gn/T/362e08f51a1a1b7a0809dd52f9c83f83.mpf_cache
2024-07-27 09:55:54,937 : INFO : ConfigProcessor : Loading config from cache: /var/folders/sv/d29kcl5x50v7vt1n6xb5jsd40000gn/T/e45e3bd39557ed8d0881194a7afab8f7.mpf_cache
2024-07-27 09:55:54,937 : INFO : ConfigProcessor : Loading config from cache: /var/folders/sv/d29kcl5x50v7vt1n6xb5jsd40000gn/T/331d8d1a1bc190cae8c13495e1db372f.mpf_cache
2024-07-27 09:55:54,937 : INFO : ConfigProcessor : Loading config from cache: /var/folders/sv/d29kcl5x50v7vt1n6xb5jsd40000gn/T/d17a9ff77386e6f1439d0802ace1de07.mpf_cache
2024-07-27 09:55:54,937 : INFO : ConfigProcessor : Loading config from cache: /var/folders/sv/d29kcl5x50v7vt1n6xb5jsd40000gn/T/280fd64455d0d243a54ab4db98fbccbd.mpf_cache
2024-07-27 09:55:54,938 : INFO : ConfigProcessor : Loading config from cache: /var/folders/sv/d29kcl5x50v7vt1n6xb5jsd40000gn/T/0c0596ed8fbb40b6113901d21bdc0a39.mpf_cache
2024-07-27 09:55:54,938 : INFO : ConfigProcessor : Loading config from cache: /var/folders/sv/d29kcl5x50v7vt1n6xb5jsd40000gn/T/2982e2d98506102244e9fa0f437a9fca.mpf_cache
2024-07-27 09:55:54,938 : INFO : ConfigProcessor : Loading config from cache: /var/folders/sv/d29kcl5x50v7vt1n6xb5jsd40000gn/T/0fedc249e142fba0aaf46d9adc7061fa.mpf_cache
2024-07-27 09:55:54,938 : INFO : ConfigProcessor : Loading config from cache: /var/folders/sv/d29kcl5x50v7vt1n6xb5jsd40000gn/T/c57745b2fe399992c4aedf0209f8acc9.mpf_cache
2024-07-27 09:55:54,939 : INFO : ConfigProcessor : Loading config from cache: /var/folders/sv/d29kcl5x50v7vt1n6xb5jsd40000gn/T/4d7707f845442344c77faa09114dd414.mpf_cache
2024-07-27 09:55:54,939 : INFO : ConfigProcessor : Loading config from cache: /var/folders/sv/d29kcl5x50v7vt1n6xb5jsd40000gn/T/3048ed2d7ea14eee3db896f6760aa474.mpf_cache
2024-07-27 09:55:54,939 : INFO : ConfigProcessor : Loading config from cache: /var/folders/sv/d29kcl5x50v7vt1n6xb5jsd40000gn/T/984de704eb69e43ca43e84d7915bfa21.mpf_cache
2024-07-27 09:55:54,940 : INFO : ConfigProcessor : Loading config from cache: /var/folders/sv/d29kcl5x50v7vt1n6xb5jsd40000gn/T/0a9cb7260d26760274024f443d38cc22.mpf_cache
2024-07-27 09:55:54,940 : INFO : ConfigProcessor : Loading config from cache: /var/folders/sv/d29kcl5x50v7vt1n6xb5jsd40000gn/T/deb753c2acdccb3c49ddc8f2a7e04ee6.mpf_cache
2024-07-27 09:55:54,940 : INFO : ConfigProcessor : Loading config from cache: /var/folders/sv/d29kcl5x50v7vt1n6xb5jsd40000gn/T/4a90c06755c4a5beef2ee4c243f54397.mpf_cache
2024-07-27 09:55:54,941 : INFO : Machine : Mission Pinball Framework Core Engine v0.80.0.dev1
2024-07-27 09:55:54,941 : INFO : Machine : Command line arguments: {'no_load_cache': False, 'create_config_cache': True, 'bcp': True, 'configfile': ['config.yaml'], 'force_assets_load': False, 'platform_integration_test': False, 'jsonlogging': False, 'logfile': 'logs/2024-07-27-09-55-54-mpf-Nicks-MacBook-Air.local.log', 'pause': False, 'production': False, 'text_ui': True, 'loglevel': 15, 'consoleloglevel': 20, 'force_platform': None, 'syslog_address': None, 'mc_file_name': None, 'no_sound': False, 'full_logfile_path': '/Users/nicktaseris/Desktop/Pinball/KOTH/logs/2024-07-27-09-55-54-mpf-Nicks-MacBook-Air.local.log'}
2024-07-27 09:55:54,941 : INFO : Machine : MPF path: /Users/nicktaseris/mpfenv/lib/python3.9/site-packages/mpf
2024-07-27 09:55:54,941 : INFO : Machine : Machine path: /Users/nicktaseris/Desktop/Pinball/KOTH
2024-07-27 09:55:54,941 : INFO : Machine : Platform: darwin
2024-07-27 09:55:54,941 : INFO : Machine : Python executable location: /Users/nicktaseris/mpfenv/bin/python3
2024-07-27 09:55:54,941 : INFO : Machine : Python version: 3.9.13 (64-bit)
2024-07-27 09:55:54,941 : INFO : Machine : Initializing MPF...
2024-07-27 09:55:54,969 : INFO : EventManager : Event: ======'machine_var_credits_string'====== Args={'value': 'FREE PLAY', 'prev_value': None, 'change': True}
2024-07-27 09:55:54,975 : INFO : EventManager : Event: ======'machine_var_master_volume'====== Args={'value': 0.5, 'prev_value': None, 'change': True}
2024-07-27 09:55:54,975 : INFO : EventManager : Event: ======'machine_var_player1_score'====== Args={'value': 175300, 'prev_value': None, 'change': True}
2024-07-27 09:55:54,975 : INFO : EventManager : Event: ======'machine_var_mpf_version'====== Args={'value': 'Mission Pinball Framework v0.80.0.dev1', 'prev_value': None, 'change': True}
2024-07-27 09:55:54,975 : INFO : EventManager : Event: ======'machine_var_mpf_extended_version'====== Args={'value': 'Mission Pinball Framework v0.80.0.dev1, Config version:6, Show version: 6, BCP version:1.1', 'prev_value': None, 'change': True}
2024-07-27 09:55:54,975 : INFO : EventManager : Event: ======'machine_var_python_version'====== Args={'value': '3.9.13', 'prev_value': None, 'change': True}
2024-07-27 09:55:54,984 : INFO : EventManager : Event: ======'machine_var_platform'====== Args={'value': 'macOS-12.1-arm64-arm-64bit', 'prev_value': None, 'change': True}
2024-07-27 09:55:54,984 : INFO : EventManager : Event: ======'machine_var_platform_system'====== Args={'value': 'Darwin', 'prev_value': None, 'change': True}
2024-07-27 09:55:54,984 : INFO : EventManager : Event: ======'machine_var_platform_release'====== Args={'value': '21.2.0', 'prev_value': None, 'change': True}
2024-07-27 09:55:54,984 : INFO : EventManager : Event: ======'machine_var_platform_version'====== Args={'value': 'Darwin Kernel Version 21.2.0: Sun Nov 28 20:29:10 PST 2021; root:xnu-8019.61.5~1/RELEASE_ARM64_T8101', 'prev_value': None, 'change': True}
2024-07-27 09:55:54,984 : INFO : EventManager : Event: ======'machine_var_platform_machine'====== Args={'value': 'arm64', 'prev_value': None, 'change': True}
2024-07-27 09:55:54,984 : INFO : EventManager : Event: ======'machine_var_log_file_path'====== Args={'value': '/Users/nicktaseris/Desktop/Pinball/KOTH/logs/2024-07-27-09-55-54-mpf-Nicks-MacBook-Air.local.log', 'prev_value': None, 'change': True}
2024-07-27 09:55:54,984 : INFO : EventManager : Event: ======'init_phase_1'====== Args={}
2024-07-27 09:55:55,010 : INFO : EventManager : Event: ======'drop_target_bank_strickland_bank_up'====== Args={}
2024-07-27 09:55:55,011 : INFO : EventManager : Event: ======'init_phase_2'====== Args={}
2024-07-27 09:55:55,011 : INFO : SwitchController : Found active switch: ('39', <Platform.SmartVirtual>) <switch.s_trough1>
2024-07-27 09:55:55,011 : INFO : SwitchController : Found active switch: ('40', <Platform.SmartVirtual>) <switch.s_trough2>
2024-07-27 09:55:55,011 : INFO : SwitchController : Found active switch: ('41', <Platform.SmartVirtual>) <switch.s_trough3>
2024-07-27 09:55:55,011 : INFO : SwitchController : Found active switch: ('42', <Platform.SmartVirtual>) <switch.s_trough4>
2024-07-27 09:55:55,011 : INFO : SwitchController : Found active switch: ('43', <Platform.SmartVirtual>) <switch.s_trough5>
2024-07-27 09:55:55,011 : INFO : SwitchController : Found active switch: ('44', <Platform.SmartVirtual>) <switch.s_trough6>
2024-07-27 09:55:55,016 : INFO : EventManager : Event: ======'machine_var_score1_label'====== Args={'value': 'GRAND CHAMPION', 'prev_value': None, 'change': True}
2024-07-27 09:55:55,016 : INFO : EventManager : Event: ======'machine_var_score1_name'====== Args={'value': 'BRI', 'prev_value': None, 'change': True}
2024-07-27 09:55:55,016 : INFO : EventManager : Event: ======'machine_var_score1_value'====== Args={'value': 4242, 'prev_value': None, 'change': True}
2024-07-27 09:55:55,016 : INFO : EventManager : Event: ======'machine_var_score2_label'====== Args={'value': 'HIGH SCORE 1', 'prev_value': None, 'change': True}
2024-07-27 09:55:55,016 : INFO : EventManager : Event: ======'machine_var_score2_name'====== Args={'value': 'GHK', 'prev_value': None, 'change': True}
2024-07-27 09:55:55,016 : INFO : EventManager : Event: ======'machine_var_score2_value'====== Args={'value': 2323, 'prev_value': None, 'change': True}
2024-07-27 09:55:55,016 : INFO : EventManager : Event: ======'machine_var_score3_label'====== Args={'value': 'HIGH SCORE 2', 'prev_value': None, 'change': True}
2024-07-27 09:55:55,016 : INFO : EventManager : Event: ======'machine_var_score3_name'====== Args={'value': 'JK', 'prev_value': None, 'change': True}
2024-07-27 09:55:55,016 : INFO : EventManager : Event: ======'machine_var_score3_value'====== Args={'value': 1337, 'prev_value': None, 'change': True}
2024-07-27 09:55:55,017 : INFO : EventManager : Event: ======'machine_var_score4_label'====== Args={'value': 'HIGH SCORE 3', 'prev_value': None, 'change': True}
2024-07-27 09:55:55,017 : INFO : EventManager : Event: ======'machine_var_score4_name'====== Args={'value': 'QC', 'prev_value': None, 'change': True}
2024-07-27 09:55:55,017 : INFO : EventManager : Event: ======'machine_var_score4_value'====== Args={'value': 42, 'prev_value': None, 'change': True}
2024-07-27 09:55:55,017 : INFO : EventManager : Event: ======'machine_var_score5_label'====== Args={'value': 'HIGH SCORE 4', 'prev_value': None, 'change': True}
2024-07-27 09:55:55,017 : INFO : EventManager : Event: ======'machine_var_score5_name'====== Args={'value': 'MPF', 'prev_value': None, 'change': True}
2024-07-27 09:55:55,017 : INFO : EventManager : Event: ======'machine_var_score5_value'====== Args={'value': 23, 'prev_value': None, 'change': True}
2024-07-27 09:55:55,017 : INFO : EventManager : Event: ======'bcp_connection_attempt'====== Args={'name': 'local_display', 'host': 'localhost', 'port': 5050}
2024-07-27 09:55:55,018 : INFO : BCPClientSocket : Connecting BCP to 'local_display' at localhost:5050...
2024-07-27 09:55:55,754 : INFO : BCPClientSocket : Connected BCP to 'local_display' localhost:5050
2024-07-27 09:55:55,754 : INFO : EventManager : Event: ======'bcp_clients_connected'====== Args={}
2024-07-27 09:55:55,758 : INFO : ball_device.bd_trough : BCH: Initial count: 6
2024-07-27 09:55:55,758 : INFO : ball_device.bd_trough : State: idle
2024-07-27 09:55:55,759 : INFO : ball_device.bd_plunger : BCH: Initial count: 0
2024-07-27 09:55:55,759 : INFO : ball_device.bd_plunger : State: idle
2024-07-27 09:55:55,760 : INFO : ball_device.bd_scoop : BCH: Initial count: 0
2024-07-27 09:55:55,760 : INFO : ball_device.bd_scoop : State: idle
2024-07-27 09:55:55,768 : INFO : EventManager : Event: ======'init_phase_3'====== Args={}
2024-07-27 09:55:55,773 : INFO : EventManager : Event: ======'init_phase_4'====== Args={}
2024-07-27 09:55:55,773 : INFO : BallController : Initial balls found: 6
2024-07-27 09:55:55,774 : INFO : EventManager : Event: ======'machine_var_audits_events_game_ended'====== Args={'value': 4, 'prev_value': None, 'change': True}
2024-07-27 09:55:55,774 : INFO : EventManager : Event: ======'machine_var_audits_events_game_started'====== Args={'value': 623, 'prev_value': None, 'change': True}
2024-07-27 09:55:55,774 : INFO : EventManager : Event: ======'machine_var_audits_missing_switches_s_a_target'====== Args={'value': 12, 'prev_value': None, 'change': True}
2024-07-27 09:55:55,774 : INFO : EventManager : Event: ======'machine_var_audits_missing_switches_s_bottom_inline_drop'====== Args={'value': 31, 'prev_value': None, 'change': True}
2024-07-27 09:55:55,774 : INFO : EventManager : Event: ======'machine_var_audits_missing_switches_s_bottom_pop_bumper'====== Args={'value': 182, 'prev_value': None, 'change': True}
2024-07-27 09:55:55,774 : INFO : EventManager : Event: ======'machine_var_audits_missing_switches_s_center_spinner'====== Args={'value': 38, 'prev_value': None, 'change': True}
2024-07-27 09:55:55,774 : INFO : EventManager : Event: ======'machine_var_audits_missing_switches_s_e_target'====== Args={'value': 12, 'prev_value': None, 'change': True}
2024-07-27 09:55:55,774 : INFO : EventManager : Event: ======'machine_var_audits_missing_switches_s_launch_button'====== Args={'value': 94, 'prev_value': None, 'change': True}
2024-07-27 09:55:55,774 : INFO : EventManager : Event: ======'machine_var_audits_missing_switches_s_left_flipper'====== Args={'value': 34, 'prev_value': None, 'change': True}
2024-07-27 09:55:55,774 : INFO : EventManager : Event: ======'machine_var_audits_missing_switches_s_left_inlane'====== Args={'value': 45, 'prev_value': None, 'change': True}
2024-07-27 09:55:55,774 : INFO : EventManager : Event: ======'machine_var_audits_missing_switches_s_left_inner_horseshoe'====== Args={'value': 257, 'prev_value': None, 'change': True}
2024-07-27 09:55:55,775 : INFO : EventManager : Event: ======'machine_var_audits_missing_switches_s_left_orbit_enter'====== Args={'value': 45, 'prev_value': None, 'change': True}
2024-07-27 09:55:55,775 : INFO : EventManager : Event: ======'machine_var_audits_missing_switches_s_left_orbit_exit'====== Args={'value': 94, 'prev_value': None, 'change': True}
2024-07-27 09:55:55,775 : INFO : EventManager : Event: ======'machine_var_audits_missing_switches_s_left_outlane'====== Args={'value': 45, 'prev_value': None, 'change': True}
2024-07-27 09:55:55,775 : INFO : EventManager : Event: ======'machine_var_audits_missing_switches_s_left_pop_bumper'====== Args={'value': 182, 'prev_value': None, 'change': True}
2024-07-27 09:55:55,775 : INFO : EventManager : Event: ======'machine_var_audits_missing_switches_s_left_ramp_enter'====== Args={'value': 172, 'prev_value': None, 'change': True}
2024-07-27 09:55:55,775 : INFO : EventManager : Event: ======'machine_var_audits_missing_switches_s_left_ramp_exit'====== Args={'value': 172, 'prev_value': None, 'change': True}
2024-07-27 09:55:55,775 : INFO : EventManager : Event: ======'machine_var_audits_missing_switches_s_left_ramp_standup'====== Args={'value': 31, 'prev_value': None, 'change': True}
2024-07-27 09:55:55,775 : INFO : EventManager : Event: ======'machine_var_audits_missing_switches_s_left_rollover_lane'====== Args={'value': 45, 'prev_value': None, 'change': True}
2024-07-27 09:55:55,775 : INFO : EventManager : Event: ======'machine_var_audits_missing_switches_s_left_sling'====== Args={'value': 273, 'prev_value': None, 'change': True}
2024-07-27 09:55:55,775 : INFO : EventManager : Event: ======'machine_var_audits_missing_switches_s_left_spinner'====== Args={'value': 191, 'prev_value': None, 'change': True}
2024-07-27 09:55:55,775 : INFO : EventManager : Event: ======'machine_var_audits_missing_switches_s_middle_inline_drop'====== Args={'value': 46, 'prev_value': None, 'change': True}
2024-07-27 09:55:55,776 : INFO : EventManager : Event: ======'machine_var_audits_missing_switches_s_middle_rollover_lane'====== Args={'value': 45, 'prev_value': None, 'change': True}
2024-07-27 09:55:55,776 : INFO : EventManager : Event: ======'machine_var_audits_missing_switches_s_n_target'====== Args={'value': 12, 'prev_value': None, 'change': True}
2024-07-27 09:55:55,776 : INFO : EventManager : Event: ======'machine_var_audits_missing_switches_s_p2_target'====== Args={'value': 12, 'prev_value': None, 'change': True}
2024-07-27 09:55:55,776 : INFO : EventManager : Event: ======'machine_var_audits_missing_switches_s_right_flipper'====== Args={'value': 34, 'prev_value': None, 'change': True}
2024-07-27 09:55:55,776 : INFO : EventManager : Event: ======'machine_var_audits_missing_switches_s_right_inlane'====== Args={'value': 94, 'prev_value': None, 'change': True}
2024-07-27 09:55:55,776 : INFO : EventManager : Event: ======'machine_var_audits_missing_switches_s_right_inner_horseshoe'====== Args={'value': 264, 'prev_value': None, 'change': True}
2024-07-27 09:55:55,776 : INFO : EventManager : Event: ======'machine_var_audits_missing_switches_s_right_orbit_exit'====== Args={'value': 366, 'prev_value': None, 'change': True}
2024-07-27 09:55:55,776 : INFO : EventManager : Event: ======'machine_var_audits_missing_switches_s_right_outlane'====== Args={'value': 94, 'prev_value': None, 'change': True}
2024-07-27 09:55:55,776 : INFO : EventManager : Event: ======'machine_var_audits_missing_switches_s_right_pop_bumper'====== Args={'value': 182, 'prev_value': None, 'change': True}
2024-07-27 09:55:55,776 : INFO : EventManager : Event: ======'machine_var_audits_missing_switches_s_right_ramp_enter'====== Args={'value': 328, 'prev_value': None, 'change': True}
2024-07-27 09:55:55,777 : INFO : EventManager : Event: ======'machine_var_audits_missing_switches_s_right_ramp_exit'====== Args={'value': 328, 'prev_value': None, 'change': True}
2024-07-27 09:55:55,777 : INFO : EventManager : Event: ======'machine_var_audits_missing_switches_s_right_ramp_standup'====== Args={'value': 45, 'prev_value': None, 'change': True}
2024-07-27 09:55:55,777 : INFO : EventManager : Event: ======'machine_var_audits_missing_switches_s_right_rollover_lane'====== Args={'value': 45, 'prev_value': None, 'change': True}
2024-07-27 09:55:55,777 : INFO : EventManager : Event: ======'machine_var_audits_missing_switches_s_right_sling'====== Args={'value': 574, 'prev_value': None, 'change': True}
2024-07-27 09:55:55,777 : INFO : EventManager : Event: ======'machine_var_audits_missing_switches_s_start'====== Args={'value': 13, 'prev_value': None, 'change': True}
2024-07-27 09:55:55,777 : INFO : EventManager : Event: ======'machine_var_audits_missing_switches_s_top_inline_drop'====== Args={'value': 94, 'prev_value': None, 'change': True}
2024-07-27 09:55:55,777 : INFO : EventManager : Event: ======'machine_var_audits_missing_switches_s_trough1'====== Args={'value': 31, 'prev_value': None, 'change': True}
2024-07-27 09:55:55,777 : INFO : EventManager : Event: ======'machine_var_audits_missing_switches_s_trough2'====== Args={'value': 94, 'prev_value': None, 'change': True}
2024-07-27 09:55:55,777 : INFO : EventManager : Event: ======'machine_var_audits_missing_switches_s_trough3'====== Args={'value': 94, 'prev_value': None, 'change': True}
2024-07-27 09:55:55,778 : INFO : EventManager : Event: ======'machine_var_audits_missing_switches_s_trough4'====== Args={'value': 45, 'prev_value': None, 'change': True}
2024-07-27 09:55:55,778 : INFO : EventManager : Event: ======'machine_var_audits_missing_switches_s_trough5'====== Args={'value': 578, 'prev_value': None, 'change': True}
2024-07-27 09:55:55,778 : INFO : EventManager : Event: ======'machine_var_audits_missing_switches_s_trough6'====== Args={'value': 578, 'prev_value': None, 'change': True}
2024-07-27 09:55:55,778 : INFO : EventManager : Event: ======'machine_var_audits_missing_switches_s_trough_jam'====== Args={'value': 511, 'prev_value': None, 'change': True}
2024-07-27 09:55:55,778 : INFO : EventManager : Event: ======'machine_var_audits_player_score'====== Args={'value': {'average': 109379, 'top': [370600, 175300, 400, 300, 250], 'total': 5}, 'prev_value': None, 'change': True}
2024-07-27 09:55:55,778 : INFO : EventManager : Event: ======'machine_var_audits_shots_a_rollover_lane'====== Args={'value': 10, 'prev_value': None, 'change': True}
2024-07-27 09:55:55,778 : INFO : EventManager : Event: ======'machine_var_audits_shots_a_target'====== Args={'value': 7, 'prev_value': None, 'change': True}
2024-07-27 09:55:55,778 : INFO : EventManager : Event: ======'machine_var_audits_shots_ball_lock_a_target'====== Args={'value': 6, 'prev_value': None, 'change': True}
2024-07-27 09:55:55,779 : INFO : EventManager : Event: ======'machine_var_audits_shots_ball_lock_e_target'====== Args={'value': 5, 'prev_value': None, 'change': True}
2024-07-27 09:55:55,779 : INFO : EventManager : Event: ======'machine_var_audits_shots_ball_lock_n_target'====== Args={'value': 5, 'prev_value': None, 'change': True}
2024-07-27 09:55:55,779 : INFO : EventManager : Event: ======'machine_var_audits_shots_ball_lock_p2_target'====== Args={'value': 9, 'prev_value': None, 'change': True}
2024-07-27 09:55:55,779 : INFO : EventManager : Event: ======'machine_var_audits_shots_e_target'====== Args={'value': 3, 'prev_value': None, 'change': True}
2024-07-27 09:55:55,779 : INFO : EventManager : Event: ======'machine_var_audits_shots_h_rollover_lane'====== Args={'value': 12, 'prev_value': None, 'change': True}
2024-07-27 09:55:55,779 : INFO : EventManager : Event: ======'machine_var_audits_shots_k_rollover_lane'====== Args={'value': 8, 'prev_value': None, 'change': True}
2024-07-27 09:55:55,779 : INFO : EventManager : Event: ======'machine_var_audits_shots_left_rollover_lane'====== Args={'value': 199, 'prev_value': None, 'change': True}
2024-07-27 09:55:55,780 : INFO : EventManager : Event: ======'machine_var_audits_shots_middle_rollover_lane'====== Args={'value': 191, 'prev_value': None, 'change': True}
2024-07-27 09:55:55,780 : INFO : EventManager : Event: ======'machine_var_audits_shots_n_rollover_lane'====== Args={'value': 8, 'prev_value': None, 'change': True}
2024-07-27 09:55:55,781 : INFO : EventManager : Event: ======'machine_var_audits_shots_n_target'====== Args={'value': 9, 'prev_value': None, 'change': True}
2024-07-27 09:55:55,781 : INFO : EventManager : Event: ======'machine_var_audits_shots_o_target'====== Args={'value': 4, 'prev_value': None, 'change': True}
2024-07-27 09:55:55,781 : INFO : EventManager : Event: ======'machine_var_audits_shots_p2_target'====== Args={'value': 5, 'prev_value': None, 'change': True}
2024-07-27 09:55:55,782 : INFO : EventManager : Event: ======'machine_var_audits_shots_p_target'====== Args={'value': 8, 'prev_value': None, 'change': True}
2024-07-27 09:55:55,782 : INFO : EventManager : Event: ======'machine_var_audits_shots_qualify_a_target'====== Args={'value': 7, 'prev_value': None, 'change': True}
2024-07-27 09:55:55,782 : INFO : EventManager : Event: ======'machine_var_audits_shots_qualify_e_target'====== Args={'value': 8, 'prev_value': None, 'change': True}
2024-07-27 09:55:55,782 : INFO : EventManager : Event: ======'machine_var_audits_shots_qualify_n_target'====== Args={'value': 7, 'prev_value': None, 'change': True}
2024-07-27 09:55:55,782 : INFO : EventManager : Event: ======'machine_var_audits_shots_qualify_o_target'====== Args={'value': 188, 'prev_value': None, 'change': True}
2024-07-27 09:55:55,782 : INFO : EventManager : Event: ======'machine_var_audits_shots_qualify_p2_target'====== Args={'value': 9, 'prev_value': None, 'change': True}
2024-07-27 09:55:55,783 : INFO : EventManager : Event: ======'machine_var_audits_shots_qualify_p_target'====== Args={'value': 137, 'prev_value': None, 'change': True}
2024-07-27 09:55:55,783 : INFO : EventManager : Event: ======'machine_var_audits_shots_qualify_r_target'====== Args={'value': 170, 'prev_value': None, 'change': True}
2024-07-27 09:55:55,783 : INFO : EventManager : Event: ======'machine_var_audits_shots_r_target'====== Args={'value': 14, 'prev_value': None, 'change': True}
2024-07-27 09:55:55,783 : INFO : EventManager : Event: ======'machine_var_audits_shots_rainey_multiball_ball_lock_a_target'====== Args={'value': 11, 'prev_value': None, 'change': True}
2024-07-27 09:55:55,783 : INFO : EventManager : Event: ======'machine_var_audits_shots_rainey_multiball_ball_lock_e_target'====== Args={'value': 10, 'prev_value': None, 'change': True}
2024-07-27 09:55:55,784 : INFO : EventManager : Event: ======'machine_var_audits_shots_rainey_multiball_ball_lock_n_target'====== Args={'value': 11, 'prev_value': None, 'change': True}
2024-07-27 09:55:55,784 : INFO : EventManager : Event: ======'machine_var_audits_shots_rainey_multiball_ball_lock_p2_target'====== Args={'value': 9, 'prev_value': None, 'change': True}
2024-07-27 09:55:55,784 : INFO : EventManager : Event: ======'machine_var_audits_shots_right_rollover_lane'====== Args={'value': 196, 'prev_value': None, 'change': True}
2024-07-27 09:55:55,784 : INFO : EventManager : Event: ======'machine_var_audits_shots_skillshot_a_target'====== Args={'value': 69, 'prev_value': None, 'change': True}
2024-07-27 09:55:55,784 : INFO : EventManager : Event: ======'machine_var_audits_shots_skillshot_e_target'====== Args={'value': 50, 'prev_value': None, 'change': True}
2024-07-27 09:55:55,785 : INFO : EventManager : Event: ======'machine_var_audits_shots_skillshot_n_target'====== Args={'value': 47, 'prev_value': None, 'change': True}
2024-07-27 09:55:55,785 : INFO : EventManager : Event: ======'machine_var_audits_shots_skillshot_o_target'====== Args={'value': 85, 'prev_value': None, 'change': True}
2024-07-27 09:55:55,785 : INFO : EventManager : Event: ======'machine_var_audits_shots_skillshot_p2_target'====== Args={'value': 40, 'prev_value': None, 'change': True}
2024-07-27 09:55:55,785 : INFO : EventManager : Event: ======'machine_var_audits_shots_skillshot_p_target'====== Args={'value': 36, 'prev_value': None, 'change': True}
2024-07-27 09:55:55,785 : INFO : EventManager : Event: ======'machine_var_audits_shots_skillshot_r_target'====== Args={'value': 59, 'prev_value': None, 'change': True}
2024-07-27 09:55:55,786 : INFO : EventManager : Event: ======'machine_var_audits_switches_s_a_target'====== Args={'value': 139, 'prev_value': None, 'change': True}
2024-07-27 09:55:55,786 : INFO : EventManager : Event: ======'machine_var_audits_switches_s_bottom_inline_drop'====== Args={'value': 927, 'prev_value': None, 'change': True}
2024-07-27 09:55:55,786 : INFO : EventManager : Event: ======'machine_var_audits_switches_s_bottom_pop_bumper'====== Args={'value': 10, 'prev_value': None, 'change': True}
2024-07-27 09:55:55,786 : INFO : EventManager : Event: ======'machine_var_audits_switches_s_center_spinner'====== Args={'value': 167, 'prev_value': None, 'change': True}
2024-07-27 09:55:55,786 : INFO : EventManager : Event: ======'machine_var_audits_switches_s_e_target'====== Args={'value': 142, 'prev_value': None, 'change': True}
2024-07-27 09:55:55,787 : INFO : EventManager : Event: ======'machine_var_audits_switches_s_launch_button'====== Args={'value': 10, 'prev_value': None, 'change': True}
2024-07-27 09:55:55,787 : INFO : EventManager : Event: ======'machine_var_audits_switches_s_left_flipper'====== Args={'value': 201, 'prev_value': None, 'change': True}
2024-07-27 09:55:55,787 : INFO : EventManager : Event: ======'machine_var_audits_switches_s_left_inlane'====== Args={'value': 21, 'prev_value': None, 'change': True}
2024-07-27 09:55:55,787 : INFO : EventManager : Event: ======'machine_var_audits_switches_s_left_inner_horseshoe'====== Args={'value': 15, 'prev_value': None, 'change': True}
2024-07-27 09:55:55,787 : INFO : EventManager : Event: ======'machine_var_audits_switches_s_left_orbit_enter'====== Args={'value': 36, 'prev_value': None, 'change': True}
2024-07-27 09:55:55,788 : INFO : EventManager : Event: ======'machine_var_audits_switches_s_left_orbit_exit'====== Args={'value': 14, 'prev_value': None, 'change': True}
2024-07-27 09:55:55,788 : INFO : EventManager : Event: ======'machine_var_audits_switches_s_left_outlane'====== Args={'value': 38, 'prev_value': None, 'change': True}
2024-07-27 09:55:55,788 : INFO : EventManager : Event: ======'machine_var_audits_switches_s_left_pop_bumper'====== Args={'value': 9, 'prev_value': None, 'change': True}
2024-07-27 09:55:55,788 : INFO : EventManager : Event: ======'machine_var_audits_switches_s_left_ramp_enter'====== Args={'value': 20, 'prev_value': None, 'change': True}
2024-07-27 09:55:55,789 : INFO : EventManager : Event: ======'machine_var_audits_switches_s_left_ramp_exit'====== Args={'value': 5, 'prev_value': None, 'change': True}
2024-07-27 09:55:55,789 : INFO : EventManager : Event: ======'machine_var_audits_switches_s_left_ramp_standup'====== Args={'value': 1009, 'prev_value': None, 'change': True}
2024-07-27 09:55:55,789 : INFO : EventManager : Event: ======'machine_var_audits_switches_s_left_rollover_lane'====== Args={'value': 204, 'prev_value': None, 'change': True}
2024-07-27 09:55:55,789 : INFO : EventManager : Event: ======'machine_var_audits_switches_s_left_sling'====== Args={'value': 12, 'prev_value': None, 'change': True}
2024-07-27 09:55:55,789 : INFO : EventManager : Event: ======'machine_var_audits_switches_s_left_spinner'====== Args={'value': 116, 'prev_value': None, 'change': True}
2024-07-27 09:55:55,790 : INFO : EventManager : Event: ======'machine_var_audits_switches_s_middle_inline_drop'====== Args={'value': 936, 'prev_value': None, 'change': True}
2024-07-27 09:55:55,790 : INFO : EventManager : Event: ======'machine_var_audits_switches_s_middle_rollover_lane'====== Args={'value': 194, 'prev_value': None, 'change': True}
2024-07-27 09:55:55,790 : INFO : EventManager : Event: ======'machine_var_audits_switches_s_n_target'====== Args={'value': 131, 'prev_value': None, 'change': True}
2024-07-27 09:55:55,790 : INFO : EventManager : Event: ======'machine_var_audits_switches_s_o_target'====== Args={'value': 235, 'prev_value': None, 'change': True}
2024-07-27 09:55:55,791 : INFO : EventManager : Event: ======'machine_var_audits_switches_s_p2_target'====== Args={'value': 89, 'prev_value': None, 'change': True}
2024-07-27 09:55:55,791 : INFO : EventManager : Event: ======'machine_var_audits_switches_s_p_target'====== Args={'value': 358, 'prev_value': None, 'change': True}
2024-07-27 09:55:55,791 : INFO : EventManager : Event: ======'machine_var_audits_switches_s_plunger'====== Args={'value': 753, 'prev_value': None, 'change': True}
2024-07-27 09:55:55,791 : INFO : EventManager : Event: ======'machine_var_audits_switches_s_plunger_lane'====== Args={'value': 39, 'prev_value': None, 'change': True}
2024-07-27 09:55:55,792 : INFO : EventManager : Event: ======'machine_var_audits_switches_s_plunger_lane_exit'====== Args={'value': 515, 'prev_value': None, 'change': True}
2024-07-27 09:55:55,792 : INFO : EventManager : Event: ======'machine_var_audits_switches_s_r_target'====== Args={'value': 210, 'prev_value': None, 'change': True}
2024-07-27 09:55:55,792 : INFO : EventManager : Event: ======'machine_var_audits_switches_s_right_flipper'====== Args={'value': 740, 'prev_value': None, 'change': True}
2024-07-27 09:55:55,792 : INFO : EventManager : Event: ======'machine_var_audits_switches_s_right_inlane'====== Args={'value': 17, 'prev_value': None, 'change': True}
2024-07-27 09:55:55,793 : INFO : EventManager : Event: ======'machine_var_audits_switches_s_right_inner_horseshoe'====== Args={'value': 8, 'prev_value': None, 'change': True}
2024-07-27 09:55:55,793 : INFO : EventManager : Event: ======'machine_var_audits_switches_s_right_orbit_exit'====== Args={'value': 33, 'prev_value': None, 'change': True}
2024-07-27 09:55:55,793 : INFO : EventManager : Event: ======'machine_var_audits_switches_s_right_outlane'====== Args={'value': 16, 'prev_value': None, 'change': True}
2024-07-27 09:55:55,793 : INFO : EventManager : Event: ======'machine_var_audits_switches_s_right_pop_bumper'====== Args={'value': 17, 'prev_value': None, 'change': True}
2024-07-27 09:55:55,794 : INFO : EventManager : Event: ======'machine_var_audits_switches_s_right_ramp_enter'====== Args={'value': 1, 'prev_value': None, 'change': True}
2024-07-27 09:55:55,794 : INFO : EventManager : Event: ======'machine_var_audits_switches_s_right_ramp_exit'====== Args={'value': 1, 'prev_value': None, 'change': True}
2024-07-27 09:55:55,794 : INFO : EventManager : Event: ======'machine_var_audits_switches_s_right_ramp_standup'====== Args={'value': 262, 'prev_value': None, 'change': True}
2024-07-27 09:55:55,795 : INFO : EventManager : Event: ======'machine_var_audits_switches_s_right_rollover_lane'====== Args={'value': 210, 'prev_value': None, 'change': True}
2024-07-27 09:55:55,795 : INFO : EventManager : Event: ======'machine_var_audits_switches_s_right_sling'====== Args={'value': 1, 'prev_value': None, 'change': True}
2024-07-27 09:55:55,795 : INFO : EventManager : Event: ======'machine_var_audits_switches_s_scoop'====== Args={'value': 206, 'prev_value': None, 'change': True}
2024-07-27 09:55:55,795 : INFO : EventManager : Event: ======'machine_var_audits_switches_s_start'====== Args={'value': 386, 'prev_value': None, 'change': True}
2024-07-27 09:55:55,796 : INFO : EventManager : Event: ======'machine_var_audits_switches_s_top_inline_drop'====== Args={'value': 42, 'prev_value': None, 'change': True}
2024-07-27 09:55:55,796 : INFO : EventManager : Event: ======'machine_var_audits_switches_s_trough1'====== Args={'value': 371, 'prev_value': None, 'change': True}
2024-07-27 09:55:55,796 : INFO : EventManager : Event: ======'machine_var_audits_switches_s_trough2'====== Args={'value': 27, 'prev_value': None, 'change': True}
2024-07-27 09:55:55,796 : INFO : EventManager : Event: ======'machine_var_audits_switches_s_trough3'====== Args={'value': 8, 'prev_value': None, 'change': True}
2024-07-27 09:55:55,797 : INFO : EventManager : Event: ======'machine_var_audits_switches_s_trough4'====== Args={'value': 3, 'prev_value': None, 'change': True}
2024-07-27 09:55:55,797 : INFO : EventManager : Event: ======'machine_var_audits_switches_s_trough5'====== Args={'value': 2, 'prev_value': None, 'change': True}
2024-07-27 09:55:55,798 : INFO : EventManager : Event: ======'machine_var_audits_switches_s_trough6'====== Args={'value': 1, 'prev_value': None, 'change': True}
2024-07-27 09:55:55,798 : INFO : EventManager : Event: ======'machine_var_audits_switches_s_trough_jam'====== Args={'value': 5, 'prev_value': None, 'change': True}
2024-07-27 09:55:55,799 : INFO : EventManager : Event: ======'init_phase_5'====== Args={}
2024-07-27 09:55:55,804 : INFO : EventManager : Event: ======'init_done'====== Args={}
2024-07-27 09:55:55,804 : INFO : EventManager : Event: ======'machine_reset_phase_1'====== Args={}
2024-07-27 09:55:55,809 : INFO : EventManager : Event: ======'machine_reset_phase_2'====== Args={}
2024-07-27 09:55:55,809 : INFO : EventManager : Event: ======'machine_reset_phase_3'====== Args={}
2024-07-27 09:55:55,809 : INFO : drop_target_bank.strickland_bank : All targets are already up. Will not reset bank.
2024-07-27 09:55:55,809 : INFO : EventManager : Event: ======'reset_complete'====== Args={}
2024-07-27 09:55:55,809 : INFO : EventManager : Event: ======'mode_attract_will_start'====== Args={}
2024-07-27 09:55:55,809 : INFO : Timer.attract_switch : Starting Timer.
2024-07-27 09:55:55,809 : INFO : EventManager : Event: ======'timer_attract_switch_started'====== Args={'ticks': 0, 'ticks_remaining': 45}
2024-07-27 09:55:55,809 : INFO : EventManager : Event: ======'timer_attract_switch_tick'====== Args={'ticks': 0, 'ticks_remaining': 45}
2024-07-27 09:55:55,810 : INFO : EventManager : Event: ======'mode_attract_starting'====== Args={}
2024-07-27 09:55:55,810 : INFO : Mode.attract : Started. Priority: 10
2024-07-27 09:55:55,810 : INFO : EventManager : Event: ======'modes_active_modes_changed'====== Args={}
2024-07-27 09:55:55,810 : INFO : EventManager : Event: ======'mode_attract_started'====== Args={}
2024-07-27 09:55:55,811 : INFO : EventManager : Event: ======'collecting_balls_complete'====== Args={}
2024-07-27 09:55:55,811 : INFO : Machine : Starting the main run loop.
2024-07-27 09:55:55,888 : INFO : BcpServer : New client connected.
2024-07-27 09:55:56,312 : INFO : SwitchController : <<<<<<< 's_start' active >>>>>>>
2024-07-27 09:55:56,312 : INFO : EventManager : Event: ======'s_start_active'====== Args={}
2024-07-27 09:55:56,313 : INFO : EventManager : Event: ======'sw_add_player'====== Args={'priority': 0}
2024-07-27 09:55:56,420 : INFO : SwitchController : <<<<<<< 's_start' inactive >>>>>>>
2024-07-27 09:55:56,420 : INFO : EventManager : Event: ======'request_to_start_game'====== Args={}
2024-07-27 09:55:56,420 : INFO : EventManager : Event: ======'game_start'====== Args={'buttons': [], 'hold_time': 0.10768837499999995}
2024-07-27 09:55:56,420 : INFO : EventManager : Event: ======'mode_game_will_start'====== Args={'buttons': [], 'hold_time': 0.10768837499999995}
2024-07-27 09:55:56,421 : INFO : EventManager : Event: ======'mode_game_starting'====== Args={'buttons': [], 'hold_time': 0.10768837499999995}
2024-07-27 09:55:56,421 : INFO : EventManager : Event: ======'mode_attract_will_stop'====== Args={}
2024-07-27 09:55:56,421 : INFO : EventManager : Event: ======'mode_attract_stopping'====== Args={}
2024-07-27 09:55:56,421 : INFO : Mode.attract : Stopped.
2024-07-27 09:55:56,421 : INFO : EventManager : Event: ======'modes_active_modes_changed'====== Args={}
2024-07-27 09:55:56,421 : INFO : EventManager : Event: ======'mode_attract_stopped'====== Args={}
2024-07-27 09:55:56,421 : INFO : EventManager : Event: ======'clear'====== Args={'key': 'attract'}
2024-07-27 09:55:56,422 : INFO : Timer.attract_switch : Stopping Timer
2024-07-27 09:55:56,422 : INFO : EventManager : Event: ======'timer_attract_switch_stopped'====== Args={'ticks': 0, 'ticks_remaining': 45}
2024-07-27 09:55:56,422 : INFO : Mode.game : Started. Priority: 20
2024-07-27 09:55:56,422 : INFO : EventManager : Event: ======'modes_active_modes_changed'====== Args={}
2024-07-27 09:55:56,422 : INFO : EventManager : Event: ======'mode_game_started'====== Args={'buttons': [], 'hold_time': 0.10768837499999995}
2024-07-27 09:55:56,422 : INFO : EventManager : Event: ======'game_will_start'====== Args={}
2024-07-27 09:55:56,423 : INFO : EventManager : Event: ======'game_starting'====== Args={'game': <Mode.game>}
2024-07-27 09:55:56,423 : INFO : EventManager : Unordered handler for class <Auditor> on event game_ended with priority 1. Handlers: [RegisteredHandler(callback=<bound method Auditor.disable of <Auditor>>, priority=1, kwargs={}, key=UUID('8cb19178-7f21-4434-8b0b-501a8f4be33c'), condition=None, blocking_facility=None), RegisteredHandler(callback=<bound method Auditor._save_audits of <Auditor>>, priority=1, kwargs={}, key=UUID('307730f8-1a6b-499a-a7f6-a31846fa38e0'), condition=None, blocking_facility=None)]. The order of those handlers is not defined and they will be executed in random order. This might lead to race conditions and potential bugs.
2024-07-27 09:55:56,423 : INFO : EventManager : Event: ======'player_add_request'====== Args={}
2024-07-27 09:55:56,423 : INFO : EventManager : Event: ======'player_will_add'====== Args={'number': 1}
2024-07-27 09:55:56,423 : INFO : EventManager : Event: ======'player_adding'====== Args={'player': <Player 1>, 'number': 1}
2024-07-27 09:55:56,423 : INFO : EventManager : Event: ======'player_added'====== Args={'player': <Player 1>, 'num': 1}
2024-07-27 09:55:56,423 : INFO : Mode.game : Player added successfully. Total players: 1
2024-07-27 09:55:56,423 : INFO : EventManager : Event: ======'player_index'====== Args={'value': 0, 'prev_value': 0, 'change': 0, 'player_num': 1}
2024-07-27 09:55:56,424 : INFO : EventManager : Event: ======'player_number'====== Args={'value': 1, 'prev_value': 1, 'change': 0, 'player_num': 1}
2024-07-27 09:55:56,424 : INFO : EventManager : Event: ======'player_score'====== Args={'value': 0, 'prev_value': 0, 'change': 0, 'player_num': 1}
2024-07-27 09:55:56,424 : INFO : EventManager : Event: ======'game_started'====== Args={}
2024-07-27 09:55:56,424 : INFO : EventManager : Event: ======'player_turn_will_start'====== Args={'player': <Player 1>, 'number': 1}
2024-07-27 09:55:56,425 : INFO : EventManager : Event: ======'player_turn_starting'====== Args={'player': <Player 1>, 'number': 1}
2024-07-27 09:55:56,425 : INFO : EventManager : Event: ======'player_ball'====== Args={'value': 1, 'prev_value': 0, 'change': 1, 'player_num': 1}
2024-07-27 09:55:56,425 : INFO : EventManager : Event: ======'player_turn_started'====== Args={'player': <Player 1>, 'number': 1}
2024-07-27 09:55:56,425 : INFO : EventManager : Event: ======'ball_will_start'====== Args={'player': 1, 'ball': 1, 'balls_remaining': 2, 'is_extra_ball': False}
2024-07-27 09:55:56,425 : INFO : EventManager : Event: ======'ball_starting'====== Args={'player': 1, 'ball': 1, 'balls_remaining': 2, 'is_extra_ball': False}
2024-07-27 09:55:56,426 : INFO : EventManager : Event: ======'mode_skillshot_will_start'====== Args={'queue': <QueuedEvent>, 'player': 1, 'ball': 1, 'balls_remaining': 2, 'is_extra_ball': False}
2024-07-27 09:55:56,426 : INFO : EventManager : Event: ======'skillshot_complete'====== Args={'state': 'None'}
2024-07-27 09:55:56,426 : INFO : EventManager : Event: ======'skillshot_None_complete'====== Args={}
2024-07-27 09:55:56,426 : INFO : EventManager : Event: ======'player_shot_skillshot_p_target_enabled'====== Args={'value': True, 'prev_value': 0, 'change': 1, 'player_num': 1}
2024-07-27 09:55:56,427 : INFO : EventManager : Event: ======'player_shot_skillshot_r_target_enabled'====== Args={'value': True, 'prev_value': 0, 'change': 1, 'player_num': 1}
2024-07-27 09:55:56,427 : INFO : EventManager : Event: ======'player_shot_skillshot_o_target_enabled'====== Args={'value': True, 'prev_value': 0, 'change': 1, 'player_num': 1}
2024-07-27 09:55:56,427 : INFO : EventManager : Event: ======'player_shot_skillshot_p2_target_enabled'====== Args={'value': True, 'prev_value': 0, 'change': 1, 'player_num': 1}
2024-07-27 09:55:56,427 : INFO : EventManager : Event: ======'player_shot_skillshot_a_target_enabled'====== Args={'value': True, 'prev_value': 0, 'change': 1, 'player_num': 1}
2024-07-27 09:55:56,428 : INFO : EventManager : Event: ======'player_shot_skillshot_n_target_enabled'====== Args={'value': True, 'prev_value': 0, 'change': 1, 'player_num': 1}
2024-07-27 09:55:56,428 : INFO : EventManager : Event: ======'player_shot_skillshot_e_target_enabled'====== Args={'value': True, 'prev_value': 0, 'change': 1, 'player_num': 1}
2024-07-27 09:55:56,428 : INFO : EventManager : Event: ======'player_skillshot_skillshot_rotate_tick'====== Args={'value': 0, 'prev_value': 0, 'change': 0, 'player_num': 1}
2024-07-27 09:55:56,428 : INFO : Timer.skillshot_rotate : Starting Timer.
2024-07-27 09:55:56,428 : INFO : EventManager : Event: ======'timer_skillshot_rotate_started'====== Args={'ticks': 0, 'ticks_remaining': 0}
2024-07-27 09:55:56,428 : INFO : EventManager : Event: ======'timer_skillshot_rotate_tick'====== Args={'ticks': 0, 'ticks_remaining': 0}
2024-07-27 09:55:56,429 : INFO : EventManager : Event: ======'mode_skillshot_starting'====== Args={'queue': <QueuedEvent>, 'player': 1, 'ball': 1, 'balls_remaining': 2, 'is_extra_ball': False}
2024-07-27 09:55:56,429 : INFO : drop_target_bank.strickland_bank : All targets are already up. Will not reset bank.
2024-07-27 09:55:56,429 : INFO : EventManager : Event: ======'cmd_flippers_enable'====== Args={'priority': 0}
2024-07-27 09:55:56,429 : INFO : EventManager : Event: ======'cmd_autofire_coils_enable'====== Args={'priority': 0}
2024-07-27 09:55:56,429 : INFO : EventManager : Event: ======'cmd_drop_targets_reset'====== Args={'priority': 0}
2024-07-27 09:55:56,430 : INFO : Mode.skillshot : Started. Priority: 200
2024-07-27 09:55:56,430 : INFO : EventManager : Event: ======'modes_active_modes_changed'====== Args={}
2024-07-27 09:55:56,430 : INFO : EventManager : Event: ======'mode_skillshot_started'====== Args={'queue': <QueuedEvent>, 'player': 1, 'ball': 1, 'balls_remaining': 2, 'is_extra_ball': False}
2024-07-27 09:55:56,430 : INFO : EventManager : Event: ======'player_shot_skillshot_p_target'====== Args={'value': 1, 'prev_value': 0, 'change': 1, 'player_num': 1}
2024-07-27 09:55:56,430 : INFO : EventManager : Event: ======'balls_in_play'====== Args={'balls': 1}
2024-07-27 09:55:56,430 : INFO : EventManager : Event: ======'ball_started'====== Args={'player': 1, 'ball': 1, 'balls_remaining': 2, 'is_extra_ball': False}
2024-07-27 09:55:56,431 : INFO : EventManager : Event: ======'mode_extra_ball_will_start'====== Args={'player': 1, 'ball': 1, 'balls_remaining': 2, 'is_extra_ball': False}
2024-07-27 09:55:56,431 : INFO : EventManager : Event: ======'player_extra_ball_score_one_num_awarded'====== Args={'value': 0, 'prev_value': 0, 'change': 0, 'player_num': 1}
2024-07-27 09:55:56,431 : INFO : EventManager : Event: ======'player_extra_ball_score_two_num_awarded'====== Args={'value': 0, 'prev_value': 0, 'change': 0, 'player_num': 1}
2024-07-27 09:55:56,431 : INFO : EventManager : Event: ======'mode_extra_ball_starting'====== Args={'player': 1, 'ball': 1, 'balls_remaining': 2, 'is_extra_ball': False}
2024-07-27 09:55:56,431 : INFO : EventManager : Event: ======'mode_rainey_multiball_will_start'====== Args={'player': 1, 'ball': 1, 'balls_remaining': 2, 'is_extra_ball': False}
2024-07-27 09:55:56,431 : INFO : EventManager : Event: ======'player_shot_rainey_multiball_ball_lock_p2_target_enabled'====== Args={'value': True, 'prev_value': 0, 'change': 1, 'player_num': 1}
2024-07-27 09:55:56,431 : INFO : EventManager : Event: ======'player_shot_rainey_multiball_ball_lock_a_target_enabled'====== Args={'value': True, 'prev_value': 0, 'change': 1, 'player_num': 1}
2024-07-27 09:55:56,432 : INFO : EventManager : Event: ======'player_shot_rainey_multiball_ball_lock_n_target_enabled'====== Args={'value': True, 'prev_value': 0, 'change': 1, 'player_num': 1}
2024-07-27 09:55:56,432 : INFO : EventManager : Event: ======'player_shot_rainey_multiball_ball_lock_e_target_enabled'====== Args={'value': True, 'prev_value': 0, 'change': 1, 'player_num': 1}
2024-07-27 09:55:56,432 : INFO : EventManager : Event: ======'light_rainey_multiball_ball_lock_complete'====== Args={'state': 'unlit'}
2024-07-27 09:55:56,432 : INFO : EventManager : Event: ======'light_rainey_multiball_ball_lock_unlit_complete'====== Args={}
2024-07-27 09:55:56,433 : INFO : EventManager : Event: ======'mode_rainey_multiball_starting'====== Args={'player': 1, 'ball': 1, 'balls_remaining': 2, 'is_extra_ball': False}
2024-07-27 09:55:56,433 : INFO : EventManager : Event: ======'mode_hank_rollover_will_start'====== Args={'player': 1, 'ball': 1, 'balls_remaining': 2, 'is_extra_ball': False}
2024-07-27 09:55:56,433 : INFO : EventManager : Event: ======'player_shot_h_rollover_lane_enabled'====== Args={'value': True, 'prev_value': 0, 'change': 1, 'player_num': 1}
2024-07-27 09:55:56,433 : INFO : EventManager : Event: ======'player_shot_a_rollover_lane_enabled'====== Args={'value': True, 'prev_value': 0, 'change': 1, 'player_num': 1}
2024-07-27 09:55:56,433 : INFO : EventManager : Event: ======'player_shot_n_rollover_lane_enabled'====== Args={'value': True, 'prev_value': 0, 'change': 1, 'player_num': 1}
2024-07-27 09:55:56,434 : INFO : EventManager : Event: ======'player_shot_k_rollover_lane_enabled'====== Args={'value': True, 'prev_value': 0, 'change': 1, 'player_num': 1}
2024-07-27 09:55:56,434 : INFO : EventManager : Event: ======'hank_lanes_complete'====== Args={'state': 'unlit'}
2024-07-27 09:55:56,434 : INFO : EventManager : Event: ======'hank_lanes_unlit_complete'====== Args={}
2024-07-27 09:55:56,434 : INFO : EventManager : Event: ======'mode_hank_rollover_starting'====== Args={'player': 1, 'ball': 1, 'balls_remaining': 2, 'is_extra_ball': False}
2024-07-27 09:55:56,434 : INFO : EventManager : Event: ======'mode_BBQ_rollover_will_start'====== Args={'player': 1, 'ball': 1, 'balls_remaining': 2, 'is_extra_ball': False}
2024-07-27 09:55:56,435 : INFO : EventManager : Event: ======'player_shot_left_rollover_lane_enabled'====== Args={'value': True, 'prev_value': 0, 'change': 1, 'player_num': 1}
2024-07-27 09:55:56,435 : INFO : EventManager : Event: ======'player_shot_middle_rollover_lane_enabled'====== Args={'value': True, 'prev_value': 0, 'change': 1, 'player_num': 1}
2024-07-27 09:55:56,435 : INFO : EventManager : Event: ======'player_shot_right_rollover_lane_enabled'====== Args={'value': True, 'prev_value': 0, 'change': 1, 'player_num': 1}
2024-07-27 09:55:56,435 : INFO : EventManager : Event: ======'BBQ_lanes_complete'====== Args={'state': 'unlit'}
2024-07-27 09:55:56,435 : INFO : EventManager : Event: ======'BBQ_lanes_unlit_complete'====== Args={}
2024-07-27 09:55:56,436 : INFO : EventManager : Event: ======'mode_BBQ_rollover_starting'====== Args={'player': 1, 'ball': 1, 'balls_remaining': 2, 'is_extra_ball': False}
2024-07-27 09:55:56,436 : INFO : EventManager : Event: ======'mode_base_will_start'====== Args={'player': 1, 'ball': 1, 'balls_remaining': 2, 'is_extra_ball': False}
2024-07-27 09:55:56,437 : INFO : EventManager : Event: ======'player_shot_qualify_p_target_enabled'====== Args={'value': True, 'prev_value': 0, 'change': 1, 'player_num': 1}
2024-07-27 09:55:56,437 : INFO : EventManager : Event: ======'player_shot_qualify_r_target_enabled'====== Args={'value': True, 'prev_value': 0, 'change': 1, 'player_num': 1}
2024-07-27 09:55:56,437 : INFO : EventManager : Event: ======'player_shot_qualify_o_target_enabled'====== Args={'value': True, 'prev_value': 0, 'change': 1, 'player_num': 1}
2024-07-27 09:55:56,437 : INFO : EventManager : Event: ======'qualify_mission_complete'====== Args={'state': 'unlit'}
2024-07-27 09:55:56,437 : INFO : EventManager : Event: ======'qualify_mission_unlit_complete'====== Args={}
2024-07-27 09:55:56,439 : INFO : EventManager : Event: ======'mode_base_starting'====== Args={'player': 1, 'ball': 1, 'balls_remaining': 2, 'is_extra_ball': False}
2024-07-27 09:55:56,439 : INFO : Mode.extra_ball : Started. Priority: 900
2024-07-27 09:55:56,439 : INFO : EventManager : Event: ======'modes_active_modes_changed'====== Args={}
2024-07-27 09:55:56,439 : INFO : EventManager : Event: ======'mode_extra_ball_started'====== Args={'player': 1, 'ball': 1, 'balls_remaining': 2, 'is_extra_ball': False}
2024-07-27 09:55:56,442 : INFO : EventManager : Event: ======'logicblock_mb_counter_updated'====== Args={'value': 0, 'enabled': False}
2024-07-27 09:55:56,442 : INFO : Mode.rainey_multiball : Started. Priority: 250
2024-07-27 09:55:56,442 : INFO : EventManager : Event: ======'modes_active_modes_changed'====== Args={}
2024-07-27 09:55:56,442 : INFO : EventManager : Event: ======'mode_rainey_multiball_started'====== Args={'player': 1, 'ball': 1, 'balls_remaining': 2, 'is_extra_ball': False}
2024-07-27 09:55:56,442 : INFO : EventManager : Event: ======'logicblock_lb_hank_complete_count_updated'====== Args={'value': 1, 'enabled': True}
2024-07-27 09:55:56,442 : INFO : EventManager : Event: ======'logicblock_lb_hank_complete_count_updated'====== Args={'value': 1, 'enabled': True}
2024-07-27 09:55:56,443 : INFO : Mode.hank_rollover : Started. Priority: 200
2024-07-27 09:55:56,443 : INFO : EventManager : Event: ======'modes_active_modes_changed'====== Args={}
2024-07-27 09:55:56,443 : INFO : EventManager : Event: ======'mode_hank_rollover_started'====== Args={'player': 1, 'ball': 1, 'balls_remaining': 2, 'is_extra_ball': False}
2024-07-27 09:55:56,443 : INFO : EventManager : Event: ======'logicblock_lb_BBQ_complete_count_updated'====== Args={'value': 1, 'enabled': True}
2024-07-27 09:55:56,443 : INFO : EventManager : Event: ======'logicblock_lb_BBQ_complete_count_updated'====== Args={'value': 1, 'enabled': True}
2024-07-27 09:55:56,443 : INFO : Mode.BBQ_rollover : Started. Priority: 200
2024-07-27 09:55:56,443 : INFO : EventManager : Event: ======'modes_active_modes_changed'====== Args={}
2024-07-27 09:55:56,443 : INFO : EventManager : Event: ======'mode_BBQ_rollover_started'====== Args={'player': 1, 'ball': 1, 'balls_remaining': 2, 'is_extra_ball': False}
2024-07-27 09:55:56,443 : INFO : EventManager : Event: ======'logicblock_mission_select_sequence_updated'====== Args={'value': 0, 'enabled': True}
2024-07-27 09:55:56,443 : INFO : EventManager : Event: ======'logicblock_mission_select_sequence_updated'====== Args={'value': 0, 'enabled': True}
2024-07-27 09:55:56,443 : INFO : Mode.base : Started. Priority: 100
2024-07-27 09:55:56,443 : INFO : EventManager : Event: ======'modes_active_modes_changed'====== Args={}
2024-07-27 09:55:56,443 : INFO : EventManager : Event: ======'mode_base_started'====== Args={'player': 1, 'ball': 1, 'balls_remaining': 2, 'is_extra_ball': False}
2024-07-27 09:55:56,443 : INFO : EventManager : Event: ======'player_bonus_multiplier'====== Args={'value': 1, 'prev_value': 0, 'change': 1, 'player_num': 1, 'source': 'BBQ_rollover'}
2024-07-27 09:55:56,444 : INFO : EventManager : Event: ======'ball_save_default_enabled'====== Args={}
2024-07-27 09:55:56,444 : INFO : EventManager : Event: ======'single_player_ball_started'====== Args={}
2024-07-27 09:55:56,444 : INFO : EventManager : Event: ======'slide__removed'====== Args={'_from_bcp': True}
2024-07-27 09:55:56,444 : INFO : EventManager : Event: ======'slide_skillshot_created'====== Args={'_from_bcp': True}
2024-07-27 09:55:56,444 : INFO : EventManager : Event: ======'slide_skillshot_active'====== Args={'original_context': 'skillshot', 'original_calling_context': 'mode_skillshot_started', 'queue': '<QueuedEvent>', 'cmd': 'slides_play', '_from_bcp': True}
2024-07-27 09:55:56,444 : INFO : EventManager : Event: ======'ball_start_target'====== Args={'target': 'playfield'}
2024-07-27 09:55:56,445 : INFO : ball_device.bd_plunger : Setting up player-controlled eject. Balls: 1, Target: <playfield.playfield>, player_controlled_eject_event: s_launch_button_inactive
2024-07-27 09:55:56,445 : INFO : EventManager : Event: ======'balldevice_balls_available'====== Args={}
2024-07-27 09:55:56,445 : INFO : ball_device.bd_trough : State: waiting_for_target_ready
2024-07-27 09:55:56,445 : INFO : EventManager : Event: ======'balldevice_bd_trough_ball_eject_attempt'====== Args={'balls': 1, 'target': <ball_device.bd_plunger>, 'source': <ball_device.bd_trough>, 'mechanical_eject': True, 'num_attempts': 0}
2024-07-27 09:55:56,445 : INFO : ball_device.bd_plunger : State: waiting_for_ball
2024-07-27 09:55:56,445 : INFO : ball_device.bd_trough : State: ejecting
2024-07-27 09:55:56,445 : INFO : ball_device.bd_trough : Ejecting ball to <ball_device.bd_plunger>
2024-07-27 09:55:56,446 : INFO : EventManager : Event: ======'balldevice_bd_trough_ejecting_ball'====== Args={'balls': 1, 'target': <ball_device.bd_plunger>, 'source': <ball_device.bd_trough>, 'mechanical_eject': True, 'num_attempts': 0}
2024-07-27 09:55:56,446 : INFO : ball_device.bd_trough : Wait for ball to leave device
2024-07-27 09:55:56,446 : INFO : coil.c_trough_eject : Pulsing Driver for 20ms (1.0 pulse_power)
2024-07-27 09:55:56,446 : INFO : SwitchController : <<<<<<< 's_trough1' inactive >>>>>>>
2024-07-27 09:55:56,446 : INFO : ball_device.bd_trough : State: ball_left
2024-07-27 09:55:56,447 : INFO : ball_device.bd_trough : Ball left
2024-07-27 09:55:56,447 : INFO : ball_device.bd_trough : Wait for confirm with timeout 3.0
2024-07-27 09:55:56,457 : INFO : EventManager : Event: ======'slide_base_created'====== Args={'_from_bcp': True}
2024-07-27 09:55:56,547 : INFO : SwitchController : <<<<<<< 's_plunger' active >>>>>>>
2024-07-27 09:55:56,547 : INFO : EventManager : Event: ======'machine_var_audits_switches_s_plunger'====== Args={'value': 754, 'prev_value': 753, 'change': 1}
2024-07-27 09:55:57,047 : INFO : ball_device.bd_plunger : Received ball from <ball_device.bd_trough>
2024-07-27 09:55:57,048 : INFO : EventManager : Event: ======'balldevice_bd_plunger_ball_enter'====== Args={'new_balls': 1, 'unclaimed_balls': 0, 'new_available_balls': 0, 'device': <ball_device.bd_plunger>}
2024-07-27 09:55:57,049 : INFO : EventManager : Event: ======'balldevice_bd_plunger_ball_entered'====== Args={'new_balls': 0, 'device': <ball_device.bd_plunger>}
2024-07-27 09:55:57,049 : INFO : EventManager : Event: ======'balldevice_bd_plunger_ball_count_changed'====== Args={'balls': 1}
2024-07-27 09:55:57,050 : INFO : ball_device.bd_trough : Got eject confirm
2024-07-27 09:55:57,050 : INFO : ball_device.bd_trough : Eject successful
2024-07-27 09:55:57,050 : INFO : EventManager : Event: ======'balldevice_bd_trough_ball_eject_success'====== Args={'balls': 1, 'target': <ball_device.bd_plunger>}
2024-07-27 09:55:57,051 : INFO : EventManager : Event: ======'balldevice_bd_trough_ball_count_changed'====== Args={'balls': 5}
2024-07-27 09:55:57,051 : INFO : ball_device.bd_trough : State: idle
2024-07-27 09:55:57,051 : INFO : ball_device.bd_plunger : State: waiting_for_target_ready
2024-07-27 09:55:57,052 : INFO : EventManager : Event: ======'balldevice_bd_plunger_ball_eject_attempt'====== Args={'balls': 1, 'target': <playfield.playfield>, 'source': <ball_device.bd_plunger>, 'mechanical_eject': True, 'num_attempts': 0}
2024-07-27 09:55:57,053 : INFO : ball_device.bd_plunger : State: ejecting
2024-07-27 09:55:57,053 : INFO : ball_device.bd_plunger : Ejecting ball to <playfield.playfield>
2024-07-27 09:55:57,053 : INFO : EventManager : Event: ======'balldevice_bd_plunger_ejecting_ball'====== Args={'balls': 1, 'target': <playfield.playfield>, 'source': <ball_device.bd_plunger>, 'mechanical_eject': True, 'num_attempts': 0}
2024-07-27 09:55:57,054 : INFO : ball_device.bd_plunger : Wait for ball to leave device
2024-07-27 09:55:57,429 : INFO : EventManager : Event: ======'player_skillshot_skillshot_rotate_tick'====== Args={'value': 1, 'prev_value': 0, 'change': 1, 'player_num': 1}
2024-07-27 09:55:57,431 : INFO : EventManager : Event: ======'timer_skillshot_rotate_tick'====== Args={'ticks': 1, 'ticks_remaining': 0}
2024-07-27 09:55:57,433 : INFO : EventManager : Event: ======'player_shot_skillshot_p_target'====== Args={'value': 0, 'prev_value': 1, 'change': -1, 'player_num': 1}
2024-07-27 09:55:57,441 : INFO : EventManager : Event: ======'player_shot_skillshot_r_target'====== Args={'value': 1, 'prev_value': 0, 'change': 1, 'player_num': 1}
2024-07-27 09:55:57,823 : WARNING : SwitchController : Received duplicate switch state 1 for switch s_plunger from the platform interface. Log Code: Log-SwitchController-1 (https://missionpinball.org/logs)
2024-07-27 09:55:57,924 : INFO : SwitchController : <<<<<<< 's_plunger' inactive >>>>>>>
2024-07-27 09:55:57,925 : INFO : ball_device.bd_plunger : State: ball_left
2024-07-27 09:55:57,925 : INFO : ball_device.bd_plunger : Ball left
2024-07-27 09:55:57,926 : INFO : ball_device.bd_plunger : Wait for confirm with timeout 3.0
2024-07-27 09:55:58,429 : INFO : EventManager : Event: ======'player_skillshot_skillshot_rotate_tick'====== Args={'value': 2, 'prev_value': 1, 'change': 1, 'player_num': 1}
2024-07-27 09:55:58,430 : INFO : EventManager : Event: ======'timer_skillshot_rotate_tick'====== Args={'ticks': 2, 'ticks_remaining': 0}
2024-07-27 09:55:58,432 : INFO : EventManager : Event: ======'player_shot_skillshot_r_target'====== Args={'value': 0, 'prev_value': 1, 'change': -1, 'player_num': 1}
2024-07-27 09:55:58,434 : INFO : EventManager : Event: ======'player_shot_skillshot_o_target'====== Args={'value': 1, 'prev_value': 0, 'change': 1, 'player_num': 1}
2024-07-27 09:55:59,429 : INFO : EventManager : Event: ======'player_skillshot_skillshot_rotate_tick'====== Args={'value': 3, 'prev_value': 2, 'change': 1, 'player_num': 1}
2024-07-27 09:55:59,432 : INFO : EventManager : Event: ======'timer_skillshot_rotate_tick'====== Args={'ticks': 3, 'ticks_remaining': 0}
2024-07-27 09:55:59,433 : INFO : EventManager : Event: ======'player_shot_skillshot_o_target'====== Args={'value': 0, 'prev_value': 1, 'change': -1, 'player_num': 1}
2024-07-27 09:55:59,434 : INFO : EventManager : Event: ======'player_shot_skillshot_p2_target'====== Args={'value': 1, 'prev_value': 0, 'change': 1, 'player_num': 1}
2024-07-27 09:55:59,508 : INFO : SwitchController : <<<<<<< 's_plunger_lane_exit' active >>>>>>>
2024-07-27 09:55:59,508 : INFO : EventManager : Event: ======'s_plunger_lane_exit_active'====== Args={}
2024-07-27 09:55:59,508 : INFO : EventManager : Event: ======'sw_playfield_active'====== Args={}
2024-07-27 09:55:59,508 : INFO : EventManager : Event: ======'machine_var_audits_switches_s_plunger_lane_exit'====== Args={'value': 516, 'prev_value': 515, 'change': 1}
2024-07-27 09:55:59,509 : INFO : EventManager : Event: ======'ball_save_default_timer_start'====== Args={}
2024-07-27 09:55:59,509 : INFO : EventManager : Event: ======'playfield_active'====== Args={}
2024-07-27 09:55:59,513 : INFO : ball_device.bd_plunger : Got eject confirm
2024-07-27 09:55:59,513 : INFO : ball_device.bd_plunger : Eject successful
2024-07-27 09:55:59,513 : INFO : EventManager : Event: ======'balldevice_bd_plunger_ball_eject_success'====== Args={'balls': 1, 'target': <playfield.playfield>}
2024-07-27 09:55:59,513 : INFO : EventManager : Event: ======'balldevice_playfield_ball_enter'====== Args={'new_balls': 1, 'unclaimed_balls': 1, 'device': <playfield.playfield>}
2024-07-27 09:55:59,514 : INFO : EventManager : Event: ======'playfield_ball_count_change'====== Args={'balls': 1, 'change': 1}
2024-07-27 09:55:59,514 : INFO : EventManager : Event: ======'balldevice_bd_plunger_ball_count_changed'====== Args={'balls': 0}
2024-07-27 09:55:59,514 : INFO : ball_device.bd_plunger : State: idle
2024-07-27 09:55:59,576 : INFO : SwitchController : <<<<<<< 's_plunger_lane_exit' inactive >>>>>>>
2024-07-27 09:55:59,576 : INFO : EventManager : Event: ======'s_plunger_lane_exit_inactive'====== Args={}
2024-07-27 09:55:59,577 : INFO : Timer.skillshot_rotate : Stopping Timer
2024-07-27 09:55:59,577 : INFO : EventManager : Event: ======'timer_skillshot_rotate_stopped'====== Args={'ticks': 3, 'ticks_remaining': 0}
2024-07-27 09:55:59,577 : INFO : EventManager : Event: ======'advance_skillshot_4'====== Args={'priority': 0}
2024-07-27 09:55:59,577 : INFO : EventManager : Event: ======'player_shot_skillshot_p2_target'====== Args={'value': 2, 'prev_value': 1, 'change': 1, 'player_num': 1}
2024-07-27 09:56:00,910 : INFO : SwitchController : <<<<<<< 's_p2_target' active >>>>>>>
2024-07-27 09:56:00,910 : INFO : EventManager : Event: ======'s_p2_target_active'====== Args={}
2024-07-27 09:56:00,911 : INFO : EventManager : Event: ======'machine_var_audits_switches_s_p2_target'====== Args={'value': 90, 'prev_value': 89, 'change': 1}
2024-07-27 09:56:00,912 : INFO : EventManager : Event: ======'player_shot_rainey_multiball_ball_lock_p2_target'====== Args={'value': 1, 'prev_value': 0, 'change': 1, 'player_num': 1}
2024-07-27 09:56:00,920 : INFO : EventManager : Event: ======'machine_var_audits_shots_rainey_multiball_ball_lock_p2_target'====== Args={'value': 10, 'prev_value': 9, 'change': 1}
2024-07-27 09:56:00,921 : INFO : EventManager : Event: ======'rainey_multiball_ball_lock_p2_target_hit'====== Args={'profile': 'default', 'state': 'unlit', 'advancing': True}
2024-07-27 09:56:00,921 : INFO : EventManager : Event: ======'rainey_multiball_ball_lock_p2_target_default_hit'====== Args={'profile': 'default', 'state': 'unlit', 'advancing': True}
2024-07-27 09:56:00,922 : INFO : EventManager : Event: ======'rainey_multiball_ball_lock_p2_target_default_unlit_hit'====== Args={'profile': 'default', 'state': 'unlit', 'advancing': True}
2024-07-27 09:56:00,922 : INFO : EventManager : Event: ======'rainey_multiball_ball_lock_p2_target_unlit_hit'====== Args={'profile': 'default', 'state': 'unlit', 'advancing': True}
2024-07-27 09:56:00,922 : INFO : EventManager : Event: ======'machine_var_audits_shots_skillshot_p2_target'====== Args={'value': 41, 'prev_value': 40, 'change': 1}
2024-07-27 09:56:00,923 : INFO : EventManager : Event: ======'skillshot_p2_target_hit'====== Args={'profile': 'skillshot_profile', 'state': 'lit', 'advancing': False}
2024-07-27 09:56:00,923 : INFO : EventManager : Event: ======'skillshot_p2_target_skillshot_profile_hit'====== Args={'profile': 'skillshot_profile', 'state': 'lit', 'advancing': False}
2024-07-27 09:56:00,923 : INFO : EventManager : Event: ======'skillshot_p2_target_skillshot_profile_lit_hit'====== Args={'profile': 'skillshot_profile', 'state': 'lit', 'advancing': False}
2024-07-27 09:56:00,923 : INFO : EventManager : Event: ======'skillshot_p2_target_lit_hit'====== Args={'profile': 'skillshot_profile', 'state': 'lit', 'advancing': False}
2024-07-27 09:56:00,923 : INFO : EventManager : Event: ======'player_score'====== Args={'value': 50, 'prev_value': 0, 'change': 50, 'player_num': 1, 'source': 'base'}
2024-07-27 09:56:00,924 : INFO : EventManager : Event: ======'light_rainey_multiball_ball_lock_hit'====== Args={'shot': 'rainey_multiball_ball_lock_p2_target'}
2024-07-27 09:56:00,924 : INFO : EventManager : Event: ======'light_rainey_multiball_ball_lock_unlit_hit'====== Args={'shot': 'rainey_multiball_ball_lock_p2_target'}
2024-07-27 09:56:00,924 : INFO : EventManager : Event: ======'skillshot_hit'====== Args={'shot': 'skillshot_p2_target'}
2024-07-27 09:56:00,924 : INFO : EventManager : Event: ======'skillshot_lit_hit'====== Args={'shot': 'skillshot_p2_target'}
2024-07-27 09:56:00,924 : INFO : EventManager : Event: ======'stop_mode_skillshot'====== Args={'priority': 0}
2024-07-27 09:56:00,925 : INFO : EventManager : Event: ======'mode_skillshot_will_stop'====== Args={}
2024-07-27 09:56:00,925 : INFO : EventManager : Event: ======'mode_skillshot_stopping'====== Args={}
2024-07-27 09:56:00,925 : INFO : EventManager : Event: ======'player_score'====== Args={'value': 90050, 'prev_value': 50, 'change': 90000, 'player_num': 1, 'source': 'skillshot'}
2024-07-27 09:56:00,927 : INFO : Mode.skillshot : Stopped.
2024-07-27 09:56:00,927 : INFO : EventManager : Event: ======'modes_active_modes_changed'====== Args={}
2024-07-27 09:56:00,928 : INFO : EventManager : Event: ======'mode_skillshot_stopped'====== Args={}
2024-07-27 09:56:00,928 : INFO : EventManager : Event: ======'clear'====== Args={'key': 'skillshot'}
2024-07-27 09:56:00,928 : INFO : Timer.skillshot_rotate : Stopping Timer
2024-07-27 09:56:00,928 : INFO : EventManager : Event: ======'timer_skillshot_rotate_stopped'====== Args={'ticks': 3, 'ticks_remaining': 0}
2024-07-27 09:56:00,940 : INFO : EventManager : Event: ======'slide_skillshot_inactive'====== Args={'_from_bcp': True}
2024-07-27 09:56:00,940 : INFO : EventManager : Event: ======'slide_base_active'====== Args={'_from_bcp': True}
2024-07-27 09:56:00,940 : INFO : EventManager : Event: ======'slide_skillshot_removed'====== Args={'_from_bcp': True}
2024-07-27 09:56:01,025 : INFO : SwitchController : <<<<<<< 's_p2_target' inactive >>>>>>>
2024-07-27 09:56:02,910 : INFO : SwitchController : <<<<<<< 's_p_target' active >>>>>>>
2024-07-27 09:56:02,911 : INFO : EventManager : Event: ======'s_p_target_active'====== Args={}
2024-07-27 09:56:02,912 : INFO : EventManager : Event: ======'machine_var_audits_switches_s_p_target'====== Args={'value': 359, 'prev_value': 358, 'change': 1}
2024-07-27 09:56:02,913 : INFO : EventManager : Event: ======'player_shot_qualify_p_target'====== Args={'value': 1, 'prev_value': 0, 'change': 1, 'player_num': 1}
2024-07-27 09:56:02,915 : INFO : EventManager : Event: ======'machine_var_audits_shots_qualify_p_target'====== Args={'value': 138, 'prev_value': 137, 'change': 1}
2024-07-27 09:56:02,916 : INFO : EventManager : Event: ======'qualify_p_target_hit'====== Args={'profile': 'default', 'state': 'unlit', 'advancing': True}
2024-07-27 09:56:02,917 : INFO : EventManager : Event: ======'qualify_p_target_default_hit'====== Args={'profile': 'default', 'state': 'unlit', 'advancing': True}
2024-07-27 09:56:02,917 : INFO : EventManager : Event: ======'qualify_p_target_default_unlit_hit'====== Args={'profile': 'default', 'state': 'unlit', 'advancing': True}
2024-07-27 09:56:02,917 : INFO : EventManager : Event: ======'qualify_p_target_unlit_hit'====== Args={'profile': 'default', 'state': 'unlit', 'advancing': True}
2024-07-27 09:56:02,917 : INFO : EventManager : Event: ======'player_score'====== Args={'value': 90100, 'prev_value': 90050, 'change': 50, 'player_num': 1, 'source': 'base'}
2024-07-27 09:56:02,918 : INFO : EventManager : Event: ======'qualify_mission_hit'====== Args={'shot': 'qualify_p_target'}
2024-07-27 09:56:02,918 : INFO : EventManager : Event: ======'qualify_mission_unlit_hit'====== Args={'shot': 'qualify_p_target'}
2024-07-27 09:56:02,991 : INFO : SwitchController : <<<<<<< 's_p_target' inactive >>>>>>>
2024-07-27 09:56:04,510 : INFO : EventManager : Event: ======'stop_mode_skillshot'====== Args={'priority': 0}
2024-07-27 09:56:07,510 : INFO : EventManager : Event: ======'ball_save_default_hurry_up'====== Args={}
2024-07-27 09:56:07,626 : INFO : SwitchController : <<<<<<< 's_r_target' active >>>>>>>
2024-07-27 09:56:07,626 : INFO : EventManager : Event: ======'s_r_target_active'====== Args={}
2024-07-27 09:56:07,627 : INFO : EventManager : Event: ======'machine_var_audits_switches_s_r_target'====== Args={'value': 211, 'prev_value': 210, 'change': 1}
2024-07-27 09:56:07,627 : INFO : EventManager : Event: ======'player_shot_qualify_r_target'====== Args={'value': 1, 'prev_value': 0, 'change': 1, 'player_num': 1}
2024-07-27 09:56:07,628 : INFO : EventManager : Event: ======'machine_var_audits_shots_qualify_r_target'====== Args={'value': 171, 'prev_value': 170, 'change': 1}
2024-07-27 09:56:07,631 : INFO : EventManager : Event: ======'qualify_r_target_hit'====== Args={'profile': 'default', 'state': 'unlit', 'advancing': True}
2024-07-27 09:56:07,631 : INFO : EventManager : Event: ======'qualify_r_target_default_hit'====== Args={'profile': 'default', 'state': 'unlit', 'advancing': True}
2024-07-27 09:56:07,631 : INFO : EventManager : Event: ======'qualify_r_target_default_unlit_hit'====== Args={'profile': 'default', 'state': 'unlit', 'advancing': True}
2024-07-27 09:56:07,631 : INFO : EventManager : Event: ======'qualify_r_target_unlit_hit'====== Args={'profile': 'default', 'state': 'unlit', 'advancing': True}
2024-07-27 09:56:07,632 : INFO : EventManager : Event: ======'player_score'====== Args={'value': 90150, 'prev_value': 90100, 'change': 50, 'player_num': 1, 'source': 'base'}
2024-07-27 09:56:07,632 : INFO : EventManager : Event: ======'qualify_mission_hit'====== Args={'shot': 'qualify_r_target'}
2024-07-27 09:56:07,632 : INFO : EventManager : Event: ======'qualify_mission_unlit_hit'====== Args={'shot': 'qualify_r_target'}
2024-07-27 09:56:07,633 : INFO : SwitchController : <<<<<<< 's_r_target' inactive >>>>>>>
2024-07-27 09:56:09,510 : INFO : EventManager : Event: ======'ball_save_default_grace_period'====== Args={}
2024-07-27 09:56:11,512 : INFO : EventManager : Event: ======'ball_save_default_disabled'====== Args={}
2024-07-27 09:56:13,508 : INFO : SwitchController : <<<<<<< 's_o_target' active >>>>>>>
2024-07-27 09:56:13,508 : INFO : EventManager : Event: ======'s_o_target_active'====== Args={}
2024-07-27 09:56:13,509 : INFO : EventManager : Event: ======'machine_var_audits_switches_s_o_target'====== Args={'value': 236, 'prev_value': 235, 'change': 1}
2024-07-27 09:56:13,512 : INFO : EventManager : Event: ======'player_shot_qualify_o_target'====== Args={'value': 1, 'prev_value': 0, 'change': 1, 'player_num': 1}
2024-07-27 09:56:13,519 : INFO : EventManager : Event: ======'machine_var_audits_shots_qualify_o_target'====== Args={'value': 189, 'prev_value': 188, 'change': 1}
2024-07-27 09:56:13,524 : INFO : EventManager : Event: ======'qualify_o_target_hit'====== Args={'profile': 'default', 'state': 'unlit', 'advancing': True}
2024-07-27 09:56:13,524 : INFO : EventManager : Event: ======'qualify_o_target_default_hit'====== Args={'profile': 'default', 'state': 'unlit', 'advancing': True}
2024-07-27 09:56:13,524 : INFO : EventManager : Event: ======'qualify_o_target_default_unlit_hit'====== Args={'profile': 'default', 'state': 'unlit', 'advancing': True}
2024-07-27 09:56:13,525 : INFO : EventManager : Event: ======'qualify_o_target_unlit_hit'====== Args={'profile': 'default', 'state': 'unlit', 'advancing': True}
2024-07-27 09:56:13,525 : INFO : EventManager : Event: ======'player_score'====== Args={'value': 90200, 'prev_value': 90150, 'change': 50, 'player_num': 1, 'source': 'base'}
2024-07-27 09:56:13,525 : INFO : EventManager : Event: ======'qualify_mission_complete'====== Args={'state': 'lit'}
2024-07-27 09:56:13,526 : INFO : EventManager : Event: ======'qualify_mission_lit_complete'====== Args={}
2024-07-27 09:56:13,526 : INFO : EventManager : Event: ======'logicblock_mission_select_sequence_updated'====== Args={'value': 1, 'enabled': True}
2024-07-27 09:56:13,526 : INFO : EventManager : Event: ======'logicblock_mission_select_sequence_hit'====== Args={'step': 1}
2024-07-27 09:56:13,527 : INFO : EventManager : Event: ======'qualify_mission_hit'====== Args={'shot': 'qualify_o_target'}
2024-07-27 09:56:13,527 : INFO : EventManager : Event: ======'qualify_mission_unlit_hit'====== Args={'shot': 'qualify_o_target'}
2024-07-27 09:56:13,642 : INFO : SwitchController : <<<<<<< 's_o_target' inactive >>>>>>>
2024-07-27 09:56:14,527 : INFO : EventManager : Event: ======'player_shot_qualify_p_target'====== Args={'value': 0, 'prev_value': 1, 'change': -1, 'player_num': 1}
2024-07-27 09:56:14,528 : INFO : EventManager : Event: ======'player_shot_qualify_r_target'====== Args={'value': 0, 'prev_value': 1, 'change': -1, 'player_num': 1}
2024-07-27 09:56:14,529 : INFO : EventManager : Event: ======'player_shot_qualify_o_target'====== Args={'value': 0, 'prev_value': 1, 'change': -1, 'player_num': 1}
2024-07-27 09:56:14,530 : INFO : EventManager : Event: ======'qualify_mission_complete'====== Args={'state': 'unlit'}
2024-07-27 09:56:14,530 : INFO : EventManager : Event: ======'qualify_mission_unlit_complete'====== Args={}
2024-07-27 09:56:36,880 : INFO : SwitchController : <<<<<<< 's_scoop' active >>>>>>>
2024-07-27 09:56:36,881 : INFO : EventManager : Event: ======'machine_var_audits_switches_s_scoop'====== Args={'value': 207, 'prev_value': 206, 'change': 1}
2024-07-27 09:56:37,386 : INFO : EventManager : Event: ======'balldevice_bd_scoop_ball_count_changed'====== Args={'balls': 1}
2024-07-27 09:56:37,387 : INFO : ball_device.bd_scoop : Received unexpected ball
2024-07-27 09:56:37,387 : INFO : EventManager : Event: ======'balldevice_captured_from_playfield'====== Args={'balls': 1}
2024-07-27 09:56:37,388 : INFO : EventManager : Event: ======'sw_playfield_active'====== Args={'balls': 1}
2024-07-27 09:56:37,388 : INFO : EventManager : Event: ======'playfield_ball_count_change'====== Args={'balls': 0, 'change': -1}
2024-07-27 09:56:37,390 : INFO : EventManager : Event: ======'balldevice_bd_scoop_ball_enter'====== Args={'new_balls': 1, 'unclaimed_balls': 1, 'new_available_balls': 1, 'device': <ball_device.bd_scoop>}
2024-07-27 09:56:37,391 : INFO : EventManager : Event: ======'ball_hold_scoop_held_ball'====== Args={'balls_held': 1, 'total_balls_held': 1}
2024-07-27 09:56:37,392 : INFO : EventManager : Event: ======'ball_hold_scoop_full'====== Args={'balls': 1}
2024-07-27 09:56:37,393 : INFO : EventManager : Event: ======'balldevice_balls_available'====== Args={}
2024-07-27 09:56:37,393 : INFO : EventManager : Event: ======'balldevice_bd_scoop_ball_entered'====== Args={'new_balls': 1, 'device': <ball_device.bd_scoop>}
2024-07-27 09:57:01,248 : INFO : SwitchController : <<<<<<< 's_scoop' inactive >>>>>>>
2024-07-27 09:57:01,392 : INFO : SwitchController : <<<<<<< 's_scoop' active >>>>>>>
2024-07-27 09:57:01,394 : INFO : EventManager : Event: ======'machine_var_audits_switches_s_scoop'====== Args={'value': 208, 'prev_value': 207, 'change': 1}
2024-07-27 09:57:02,643 : INFO : SwitchController : <<<<<<< 's_scoop' inactive >>>>>>>
2024-07-27 09:57:08,146 : INFO : EventManager : Event: ======'balldevice_bd_scoop_ball_count_changed'====== Args={'balls': 0}
2024-07-27 09:57:08,149 : WARNING : ball_device.bd_scoop : Ball disappeared while idle. This should not normally happen.
2024-07-27 09:57:08,149 : INFO : EventManager : Event: ======'balldevice_playfield_ball_enter'====== Args={'new_balls': 1, 'unclaimed_balls': 1, 'device': <playfield.playfield>}
2024-07-27 09:57:08,150 : INFO : EventManager : Event: ======'playfield_ball_count_change'====== Args={'balls': 1, 'change': 1}
2024-07-27 09:57:08,151 : INFO : ball_device.bd_scoop : 1 ball(s) missing from device. Mechanical eject? False
2024-07-27 09:57:08,151 : INFO : EventManager : Event: ======'balldevice_bd_scoop_ball_missing'====== Args={'balls': 1}
2024-07-27 09:57:08,152 : INFO : ball_hold.scoop : Ball device <ball_device.bd_scoop> lost 1 balls, hold now has 0 balls held
2024-07-27 09:57:08,152 : INFO : EventManager : Event: ======'balldevice_ball_missing'====== Args={'balls': 1, 'name': 'bd_scoop'}
2024-07-27 09:57:13,157 : INFO : SwitchController : <<<<<<< 's_o_target' active >>>>>>>
2024-07-27 09:57:13,158 : INFO : EventManager : Event: ======'s_o_target_active'====== Args={}
2024-07-27 09:57:13,160 : INFO : EventManager : Event: ======'machine_var_audits_switches_s_o_target'====== Args={'value': 237, 'prev_value': 236, 'change': 1}
2024-07-27 09:57:13,162 : INFO : EventManager : Event: ======'player_shot_qualify_o_target'====== Args={'value': 1, 'prev_value': 0, 'change': 1, 'player_num': 1}
2024-07-27 09:57:13,173 : INFO : EventManager : Event: ======'machine_var_audits_shots_qualify_o_target'====== Args={'value': 190, 'prev_value': 189, 'change': 1}
2024-07-27 09:57:13,174 : INFO : EventManager : Event: ======'qualify_o_target_hit'====== Args={'profile': 'default', 'state': 'unlit', 'advancing': True}
2024-07-27 09:57:13,174 : INFO : EventManager : Event: ======'qualify_o_target_default_hit'====== Args={'profile': 'default', 'state': 'unlit', 'advancing': True}
2024-07-27 09:57:13,174 : INFO : EventManager : Event: ======'qualify_o_target_default_unlit_hit'====== Args={'profile': 'default', 'state': 'unlit', 'advancing': True}
2024-07-27 09:57:13,175 : INFO : EventManager : Event: ======'qualify_o_target_unlit_hit'====== Args={'profile': 'default', 'state': 'unlit', 'advancing': True}
2024-07-27 09:57:13,175 : INFO : EventManager : Event: ======'player_score'====== Args={'value': 90250, 'prev_value': 90200, 'change': 50, 'player_num': 1, 'source': 'base'}
2024-07-27 09:57:13,178 : INFO : EventManager : Event: ======'qualify_mission_hit'====== Args={'shot': 'qualify_o_target'}
2024-07-27 09:57:13,178 : INFO : EventManager : Event: ======'qualify_mission_unlit_hit'====== Args={'shot': 'qualify_o_target'}
2024-07-27 09:57:13,276 : INFO : SwitchController : <<<<<<< 's_o_target' inactive >>>>>>>
2024-07-27 09:57:15,635 : INFO : SwitchController : <<<<<<< 's_r_target' active >>>>>>>
2024-07-27 09:57:15,635 : INFO : EventManager : Event: ======'s_r_target_active'====== Args={}
2024-07-27 09:57:15,636 : INFO : EventManager : Event: ======'machine_var_audits_switches_s_r_target'====== Args={'value': 212, 'prev_value': 211, 'change': 1}
2024-07-27 09:57:15,639 : INFO : EventManager : Event: ======'player_shot_qualify_r_target'====== Args={'value': 1, 'prev_value': 0, 'change': 1, 'player_num': 1}
2024-07-27 09:57:15,647 : INFO : EventManager : Event: ======'machine_var_audits_shots_qualify_r_target'====== Args={'value': 172, 'prev_value': 171, 'change': 1}
2024-07-27 09:57:15,648 : INFO : EventManager : Event: ======'qualify_r_target_hit'====== Args={'profile': 'default', 'state': 'unlit', 'advancing': True}
2024-07-27 09:57:15,648 : INFO : EventManager : Event: ======'qualify_r_target_default_hit'====== Args={'profile': 'default', 'state': 'unlit', 'advancing': True}
2024-07-27 09:57:15,649 : INFO : EventManager : Event: ======'qualify_r_target_default_unlit_hit'====== Args={'profile': 'default', 'state': 'unlit', 'advancing': True}
2024-07-27 09:57:15,649 : INFO : EventManager : Event: ======'qualify_r_target_unlit_hit'====== Args={'profile': 'default', 'state': 'unlit', 'advancing': True}
2024-07-27 09:57:15,650 : INFO : EventManager : Event: ======'player_score'====== Args={'value': 90300, 'prev_value': 90250, 'change': 50, 'player_num': 1, 'source': 'base'}
2024-07-27 09:57:15,655 : INFO : EventManager : Event: ======'qualify_mission_hit'====== Args={'shot': 'qualify_r_target'}
2024-07-27 09:57:15,655 : INFO : EventManager : Event: ======'qualify_mission_unlit_hit'====== Args={'shot': 'qualify_r_target'}
2024-07-27 09:57:15,733 : INFO : SwitchController : <<<<<<< 's_r_target' inactive >>>>>>>
2024-07-27 09:57:16,342 : INFO : SwitchController : <<<<<<< 's_p_target' active >>>>>>>
2024-07-27 09:57:16,343 : INFO : EventManager : Event: ======'s_p_target_active'====== Args={}
2024-07-27 09:57:16,343 : INFO : EventManager : Event: ======'machine_var_audits_switches_s_p_target'====== Args={'value': 360, 'prev_value': 359, 'change': 1}
2024-07-27 09:57:16,345 : INFO : EventManager : Event: ======'player_shot_qualify_p_target'====== Args={'value': 1, 'prev_value': 0, 'change': 1, 'player_num': 1}
2024-07-27 09:57:16,347 : INFO : EventManager : Event: ======'machine_var_audits_shots_qualify_p_target'====== Args={'value': 139, 'prev_value': 138, 'change': 1}
2024-07-27 09:57:16,348 : INFO : EventManager : Event: ======'qualify_p_target_hit'====== Args={'profile': 'default', 'state': 'unlit', 'advancing': True}
2024-07-27 09:57:16,348 : INFO : EventManager : Event: ======'qualify_p_target_default_hit'====== Args={'profile': 'default', 'state': 'unlit', 'advancing': True}
2024-07-27 09:57:16,349 : INFO : EventManager : Event: ======'qualify_p_target_default_unlit_hit'====== Args={'profile': 'default', 'state': 'unlit', 'advancing': True}
2024-07-27 09:57:16,349 : INFO : EventManager : Event: ======'qualify_p_target_unlit_hit'====== Args={'profile': 'default', 'state': 'unlit', 'advancing': True}
2024-07-27 09:57:16,350 : INFO : EventManager : Event: ======'player_score'====== Args={'value': 90350, 'prev_value': 90300, 'change': 50, 'player_num': 1, 'source': 'base'}
2024-07-27 09:57:16,351 : INFO : EventManager : Event: ======'qualify_mission_complete'====== Args={'state': 'lit'}
2024-07-27 09:57:16,351 : INFO : EventManager : Event: ======'qualify_mission_lit_complete'====== Args={}
2024-07-27 09:57:16,354 : INFO : EventManager : Event: ======'qualify_mission_hit'====== Args={'shot': 'qualify_p_target'}
2024-07-27 09:57:16,354 : INFO : EventManager : Event: ======'qualify_mission_unlit_hit'====== Args={'shot': 'qualify_p_target'}
2024-07-27 09:57:16,459 : INFO : SwitchController : <<<<<<< 's_p_target' inactive >>>>>>>
2024-07-27 09:57:17,354 : INFO : EventManager : Event: ======'player_shot_qualify_p_target'====== Args={'value': 0, 'prev_value': 1, 'change': -1, 'player_num': 1}
2024-07-27 09:57:17,357 : INFO : EventManager : Event: ======'player_shot_qualify_r_target'====== Args={'value': 0, 'prev_value': 1, 'change': -1, 'player_num': 1}
2024-07-27 09:57:17,358 : INFO : EventManager : Event: ======'player_shot_qualify_o_target'====== Args={'value': 0, 'prev_value': 1, 'change': -1, 'player_num': 1}
2024-07-27 09:57:17,359 : INFO : EventManager : Event: ======'qualify_mission_complete'====== Args={'state': 'unlit'}
2024-07-27 09:57:17,359 : INFO : EventManager : Event: ======'qualify_mission_unlit_complete'====== Args={}
2024-07-27 09:57:25,460 : INFO : SwitchController : <<<<<<< 's_scoop' active >>>>>>>
2024-07-27 09:57:25,461 : INFO : EventManager : Event: ======'machine_var_audits_switches_s_scoop'====== Args={'value': 209, 'prev_value': 208, 'change': 1}
2024-07-27 09:57:25,962 : INFO : EventManager : Event: ======'balldevice_bd_scoop_ball_count_changed'====== Args={'balls': 1}
2024-07-27 09:57:25,963 : INFO : ball_device.bd_scoop : Received unexpected ball
2024-07-27 09:57:25,963 : INFO : EventManager : Event: ======'balldevice_captured_from_playfield'====== Args={'balls': 1}
2024-07-27 09:57:25,964 : INFO : EventManager : Event: ======'sw_playfield_active'====== Args={'balls': 1}
2024-07-27 09:57:25,965 : INFO : EventManager : Event: ======'playfield_ball_count_change'====== Args={'balls': 0, 'change': -1}
2024-07-27 09:57:25,966 : INFO : EventManager : Event: ======'balldevice_bd_scoop_ball_enter'====== Args={'new_balls': 1, 'unclaimed_balls': 1, 'new_available_balls': 1, 'device': <ball_device.bd_scoop>}
2024-07-27 09:57:25,966 : INFO : EventManager : Event: ======'ball_hold_scoop_held_ball'====== Args={'balls_held': 1, 'total_balls_held': 1}
2024-07-27 09:57:25,967 : INFO : EventManager : Event: ======'ball_hold_scoop_full'====== Args={'balls': 1}
2024-07-27 09:57:25,967 : INFO : EventManager : Event: ======'balldevice_balls_available'====== Args={}
2024-07-27 09:57:25,968 : INFO : EventManager : Event: ======'balldevice_bd_scoop_ball_entered'====== Args={'new_balls': 1, 'device': <ball_device.bd_scoop>}
2024-07-27 09:57:27,990 : INFO : SwitchController : <<<<<<< 's_scoop' inactive >>>>>>>
2024-07-27 09:57:33,507 : INFO : EventManager : Event: ======'balldevice_bd_scoop_ball_count_changed'====== Args={'balls': 0}
2024-07-27 09:57:33,509 : WARNING : ball_device.bd_scoop : Ball disappeared while idle. This should not normally happen.
2024-07-27 09:57:33,509 : INFO : EventManager : Event: ======'balldevice_playfield_ball_enter'====== Args={'new_balls': 1, 'unclaimed_balls': 1, 'device': <playfield.playfield>}
2024-07-27 09:57:33,509 : INFO : EventManager : Event: ======'playfield_ball_count_change'====== Args={'balls': 1, 'change': 1}
2024-07-27 09:57:33,510 : INFO : ball_device.bd_scoop : 1 ball(s) missing from device. Mechanical eject? False
2024-07-27 09:57:33,510 : INFO : EventManager : Event: ======'balldevice_bd_scoop_ball_missing'====== Args={'balls': 1}
2024-07-27 09:57:33,511 : INFO : ball_hold.scoop : Ball device <ball_device.bd_scoop> lost 1 balls, hold now has 0 balls held
2024-07-27 09:57:33,511 : INFO : EventManager : Event: ======'balldevice_ball_missing'====== Args={'balls': 1, 'name': 'bd_scoop'}
2024-07-27 09:57:45,714 : INFO : Machine : Shutting down...
2024-07-27 09:57:45,715 : INFO : EventManager : Event: ======'shutdown'====== Args={}
2024-07-27 09:57:45,728 : INFO : EventManager : Event: ======'mode_game_will_stop'====== Args={}
2024-07-27 09:57:45,728 : INFO : EventManager : Event: ======'mode_game_stopping'====== Args={}
2024-07-27 09:57:45,732 : INFO : EventManager : Event: ======'mode_extra_ball_will_stop'====== Args={}
2024-07-27 09:57:45,732 : INFO : EventManager : Event: ======'mode_extra_ball_stopping'====== Args={}
2024-07-27 09:57:45,732 : INFO : EventManager : Event: ======'mode_hank_rollover_will_stop'====== Args={}
2024-07-27 09:57:45,732 : INFO : EventManager : Event: ======'mode_hank_rollover_stopping'====== Args={}
2024-07-27 09:57:45,732 : INFO : EventManager : Event: ======'mode_base_will_stop'====== Args={}
2024-07-27 09:57:45,732 : INFO : EventManager : Event: ======'mode_base_stopping'====== Args={}
2024-07-27 09:57:45,732 : INFO : EventManager : Event: ======'mode_rainey_multiball_will_stop'====== Args={}
2024-07-27 09:57:45,732 : INFO : EventManager : Event: ======'mode_rainey_multiball_stopping'====== Args={}
2024-07-27 09:57:45,732 : INFO : EventManager : Event: ======'mode_BBQ_rollover_will_stop'====== Args={}
2024-07-27 09:57:45,732 : INFO : EventManager : Event: ======'mode_BBQ_rollover_stopping'====== Args={}
2024-07-27 09:57:45,733 : INFO : Mode.BBQ_rollover : Stopped.
2024-07-27 09:57:45,734 : INFO : EventManager : Event: ======'modes_active_modes_changed'====== Args={}
2024-07-27 09:57:45,734 : INFO : EventManager : Event: ======'mode_BBQ_rollover_stopped'====== Args={}
2024-07-27 09:57:45,734 : INFO : EventManager : Event: ======'clear'====== Args={'key': 'BBQ_rollover'}
2024-07-27 09:57:45,741 : INFO : Mode.rainey_multiball : Stopped.
2024-07-27 09:57:45,741 : INFO : EventManager : Event: ======'modes_active_modes_changed'====== Args={}
2024-07-27 09:57:45,742 : INFO : EventManager : Event: ======'mode_rainey_multiball_stopped'====== Args={}
2024-07-27 09:57:45,742 : INFO : EventManager : Event: ======'clear'====== Args={'key': 'rainey_multiball'}
2024-07-27 09:57:45,743 : INFO : Mode.base : Stopped.
2024-07-27 09:57:45,743 : INFO : EventManager : Event: ======'modes_active_modes_changed'====== Args={}
2024-07-27 09:57:45,743 : INFO : EventManager : Event: ======'mode_base_stopped'====== Args={}
2024-07-27 09:57:45,743 : INFO : EventManager : Event: ======'clear'====== Args={'key': 'base'}
2024-07-27 09:57:45,745 : INFO : Mode.hank_rollover : Stopped.
2024-07-27 09:57:45,745 : INFO : EventManager : Event: ======'modes_active_modes_changed'====== Args={}
2024-07-27 09:57:45,745 : INFO : EventManager : Event: ======'mode_hank_rollover_stopped'====== Args={}
2024-07-27 09:57:45,745 : INFO : EventManager : Event: ======'clear'====== Args={'key': 'hank_rollover'}
2024-07-27 09:57:45,746 : INFO : Mode.extra_ball : Stopped.
2024-07-27 09:57:45,746 : INFO : EventManager : Event: ======'modes_active_modes_changed'====== Args={}
2024-07-27 09:57:45,746 : INFO : EventManager : Event: ======'mode_extra_ball_stopped'====== Args={}
2024-07-27 09:57:45,746 : INFO : EventManager : Event: ======'clear'====== Args={'key': 'extra_ball'}
2024-07-27 09:57:45,749 : INFO : Mode.game : Stopped.
2024-07-27 09:57:45,749 : INFO : EventManager : Event: ======'modes_active_modes_changed'====== Args={}
2024-07-27 09:57:45,752 : INFO : EventManager : Event: ======'mode_game_stopped'====== Args={}
2024-07-27 09:57:45,752 : INFO : EventManager : Event: ======'clear'====== Args={'key': 'game'}
2024-07-27 09:57:45,762 : INFO : root : MPF run loop ended.
