2024-08-21 20:34:50,821 : INFO : root : Loading config.
2024-08-21 20:34:50,823 : INFO : YamlMultifileConfigLoader : Machine config file #1: config.yaml
2024-08-21 20:34:50,823 : INFO : ConfigProcessor : Loading config from cache: /var/folders/sv/d29kcl5x50v7vt1n6xb5jsd40000gn/T/c166cef8060ffee16a35821bf698da85.mpf_cache
2024-08-21 20:34:50,854 : INFO : ConfigProcessor : Loading config from cache: /var/folders/sv/d29kcl5x50v7vt1n6xb5jsd40000gn/T/6b31c5ac6ecbad948994a8204ea6b05b.mpf_cache
2024-08-21 20:34:50,854 : INFO : ConfigProcessor : Loading config from cache: /var/folders/sv/d29kcl5x50v7vt1n6xb5jsd40000gn/T/fe612d1e66c8a96c19ba449d3748eeac.mpf_cache
2024-08-21 20:34:50,854 : INFO : ConfigProcessor : Loading config from cache: /var/folders/sv/d29kcl5x50v7vt1n6xb5jsd40000gn/T/6b31c5ac6ecbad948994a8204ea6b05b.mpf_cache
2024-08-21 20:34:50,855 : INFO : ConfigProcessor : Loading config from cache: /var/folders/sv/d29kcl5x50v7vt1n6xb5jsd40000gn/T/8765227693ecd961e0504502a81255e0.mpf_cache
2024-08-21 20:34:50,855 : INFO : ConfigProcessor : Loading config from cache: /var/folders/sv/d29kcl5x50v7vt1n6xb5jsd40000gn/T/b247728c74b4d81bcb2825e2b07062a7.mpf_cache
2024-08-21 20:34:50,855 : INFO : ConfigProcessor : Loading config from cache: /var/folders/sv/d29kcl5x50v7vt1n6xb5jsd40000gn/T/f240f94f0b5d0f37ec4fd7571275a101.mpf_cache
2024-08-21 20:34:50,856 : INFO : ConfigProcessor : Loading config from cache: /var/folders/sv/d29kcl5x50v7vt1n6xb5jsd40000gn/T/c4409acfdf3ec94666e0adef48d55400.mpf_cache
2024-08-21 20:34:50,856 : INFO : ConfigProcessor : Loading config from cache: /var/folders/sv/d29kcl5x50v7vt1n6xb5jsd40000gn/T/6a2f50ed892485825cc04dc0a68eab9f.mpf_cache
2024-08-21 20:34:50,856 : INFO : ConfigProcessor : Loading config from cache: /var/folders/sv/d29kcl5x50v7vt1n6xb5jsd40000gn/T/d58c58eb9fd1a2dc27f8acd255fb3761.mpf_cache
2024-08-21 20:34:50,856 : INFO : ConfigProcessor : Loading config from cache: /var/folders/sv/d29kcl5x50v7vt1n6xb5jsd40000gn/T/07adfd310b3ef0e03c5cbc91527abb6c.mpf_cache
2024-08-21 20:34:50,856 : INFO : ConfigProcessor : Loading config from cache: /var/folders/sv/d29kcl5x50v7vt1n6xb5jsd40000gn/T/12bd5247c3bf989b919364bdb7829769.mpf_cache
2024-08-21 20:34:50,857 : INFO : ConfigProcessor : Loading config from cache: /var/folders/sv/d29kcl5x50v7vt1n6xb5jsd40000gn/T/362e08f51a1a1b7a0809dd52f9c83f83.mpf_cache
2024-08-21 20:34:50,857 : INFO : ConfigProcessor : Loading config from cache: /var/folders/sv/d29kcl5x50v7vt1n6xb5jsd40000gn/T/e45e3bd39557ed8d0881194a7afab8f7.mpf_cache
2024-08-21 20:34:50,857 : INFO : ConfigProcessor : Loading config from cache: /var/folders/sv/d29kcl5x50v7vt1n6xb5jsd40000gn/T/331d8d1a1bc190cae8c13495e1db372f.mpf_cache
2024-08-21 20:34:50,857 : INFO : ConfigProcessor : Loading config from cache: /var/folders/sv/d29kcl5x50v7vt1n6xb5jsd40000gn/T/d17a9ff77386e6f1439d0802ace1de07.mpf_cache
2024-08-21 20:34:50,858 : INFO : ConfigProcessor : Loading config from cache: /var/folders/sv/d29kcl5x50v7vt1n6xb5jsd40000gn/T/280fd64455d0d243a54ab4db98fbccbd.mpf_cache
2024-08-21 20:34:50,858 : WARNING : ConfigProcessor : Config file in cache changed: /Users/nicktaseris/Desktop/Pinball/KOTH/modes/mission_select/config/mission_select.yaml
2024-08-21 20:34:50,858 : INFO : ConfigProcessor : Loading config from file /Users/nicktaseris/Desktop/Pinball/KOTH/modes/mission_select/config/mission_select.yaml.
2024-08-21 20:34:50,860 : INFO : ConfigProcessor : Loading config: /Users/nicktaseris/Desktop/Pinball/KOTH/modes/mission_select/config/mission_select.yaml
2024-08-21 20:34:50,860 : INFO : ConfigProcessor : Config file cache created: /var/folders/sv/d29kcl5x50v7vt1n6xb5jsd40000gn/T/0c0596ed8fbb40b6113901d21bdc0a39.mpf_cache
2024-08-21 20:34:50,861 : INFO : ConfigProcessor : Loading config from cache: /var/folders/sv/d29kcl5x50v7vt1n6xb5jsd40000gn/T/f521a0f834965d73920394ccceaa3c1c.mpf_cache
2024-08-21 20:34:50,861 : INFO : ConfigProcessor : Loading config from cache: /var/folders/sv/d29kcl5x50v7vt1n6xb5jsd40000gn/T/0fedc249e142fba0aaf46d9adc7061fa.mpf_cache
2024-08-21 20:34:50,861 : INFO : ConfigProcessor : Loading config from cache: /var/folders/sv/d29kcl5x50v7vt1n6xb5jsd40000gn/T/c57745b2fe399992c4aedf0209f8acc9.mpf_cache
2024-08-21 20:34:50,861 : INFO : ConfigProcessor : Loading config from cache: /var/folders/sv/d29kcl5x50v7vt1n6xb5jsd40000gn/T/4d7707f845442344c77faa09114dd414.mpf_cache
2024-08-21 20:34:50,862 : INFO : ConfigProcessor : Loading config from cache: /var/folders/sv/d29kcl5x50v7vt1n6xb5jsd40000gn/T/13b622eeb34cc558f4c171e6faf49f20.mpf_cache
2024-08-21 20:34:50,862 : INFO : ConfigProcessor : Loading config from cache: /var/folders/sv/d29kcl5x50v7vt1n6xb5jsd40000gn/T/897ffb6d77163469c302d894201d7081.mpf_cache
2024-08-21 20:34:50,862 : INFO : ConfigProcessor : Loading config from cache: /var/folders/sv/d29kcl5x50v7vt1n6xb5jsd40000gn/T/51caa30b8c50b4dd14ddbf8a263fb4c6.mpf_cache
2024-08-21 20:34:50,863 : INFO : ConfigProcessor : Loading config from cache: /var/folders/sv/d29kcl5x50v7vt1n6xb5jsd40000gn/T/aa4dd12681abd3ba3467de4d4b71c6b2.mpf_cache
2024-08-21 20:34:50,863 : INFO : ConfigProcessor : Loading config from cache: /var/folders/sv/d29kcl5x50v7vt1n6xb5jsd40000gn/T/edf8b775a93855f849af0e2eff0a7bac.mpf_cache
2024-08-21 20:34:50,864 : INFO : ConfigProcessor : Loading config from cache: /var/folders/sv/d29kcl5x50v7vt1n6xb5jsd40000gn/T/3048ed2d7ea14eee3db896f6760aa474.mpf_cache
2024-08-21 20:34:50,864 : INFO : ConfigProcessor : Loading config from cache: /var/folders/sv/d29kcl5x50v7vt1n6xb5jsd40000gn/T/a14a120665a0ee9fd8a6e22274033983.mpf_cache
2024-08-21 20:34:50,864 : INFO : ConfigProcessor : Loading config from cache: /var/folders/sv/d29kcl5x50v7vt1n6xb5jsd40000gn/T/984de704eb69e43ca43e84d7915bfa21.mpf_cache
2024-08-21 20:34:50,865 : INFO : ConfigProcessor : Loading config from cache: /var/folders/sv/d29kcl5x50v7vt1n6xb5jsd40000gn/T/0a9cb7260d26760274024f443d38cc22.mpf_cache
2024-08-21 20:34:50,865 : INFO : ConfigProcessor : Loading config from cache: /var/folders/sv/d29kcl5x50v7vt1n6xb5jsd40000gn/T/deb753c2acdccb3c49ddc8f2a7e04ee6.mpf_cache
2024-08-21 20:34:50,866 : INFO : ConfigProcessor : Loading config from cache: /var/folders/sv/d29kcl5x50v7vt1n6xb5jsd40000gn/T/4a90c06755c4a5beef2ee4c243f54397.mpf_cache
2024-08-21 20:34:50,866 : INFO : Machine : Mission Pinball Framework Core Engine v0.80.0.dev1
2024-08-21 20:34:50,866 : INFO : Machine : Command line arguments: {'no_load_cache': False, 'create_config_cache': True, 'bcp': True, 'configfile': ['config.yaml'], 'force_assets_load': False, 'platform_integration_test': False, 'jsonlogging': False, 'logfile': 'logs/2024-08-21-20-34-50-mpf-Nicks-Air.lan.log', 'pause': False, 'production': False, 'text_ui': True, 'loglevel': 15, 'consoleloglevel': 20, 'force_platform': None, 'syslog_address': None, 'mc_file_name': None, 'no_sound': False, 'full_logfile_path': '/Users/nicktaseris/Desktop/Pinball/KOTH/logs/2024-08-21-20-34-50-mpf-Nicks-Air.lan.log'}
2024-08-21 20:34:50,866 : INFO : Machine : MPF path: /Users/nicktaseris/mpfenv/lib/python3.9/site-packages/mpf
2024-08-21 20:34:50,866 : INFO : Machine : Machine path: /Users/nicktaseris/Desktop/Pinball/KOTH
2024-08-21 20:34:50,866 : INFO : Machine : Platform: darwin
2024-08-21 20:34:50,866 : INFO : Machine : Python executable location: /Users/nicktaseris/mpfenv/bin/python3
2024-08-21 20:34:50,866 : INFO : Machine : Python version: 3.9.13 (64-bit)
2024-08-21 20:34:50,866 : INFO : Machine : Initializing MPF...
2024-08-21 20:34:50,892 : INFO : EventManager : Event: ======'machine_var_credits_string'====== Args={'value': 'FREE PLAY', 'prev_value': None, 'change': True}
2024-08-21 20:34:50,904 : INFO : EventManager : Event: ======'machine_var_master_volume'====== Args={'value': 0.5, 'prev_value': None, 'change': True}
2024-08-21 20:34:50,904 : INFO : EventManager : Event: ======'machine_var_player1_score'====== Args={'value': 175300, 'prev_value': None, 'change': True}
2024-08-21 20:34:50,904 : INFO : EventManager : Event: ======'machine_var_mpf_version'====== Args={'value': 'Mission Pinball Framework v0.80.0.dev1', 'prev_value': None, 'change': True}
2024-08-21 20:34:50,904 : INFO : EventManager : Event: ======'machine_var_mpf_extended_version'====== Args={'value': 'Mission Pinball Framework v0.80.0.dev1, Config version:6, Show version: 6, BCP version:1.1', 'prev_value': None, 'change': True}
2024-08-21 20:34:50,904 : INFO : EventManager : Event: ======'machine_var_python_version'====== Args={'value': '3.9.13', 'prev_value': None, 'change': True}
2024-08-21 20:34:50,914 : INFO : EventManager : Event: ======'machine_var_platform'====== Args={'value': 'macOS-12.1-arm64-arm-64bit', 'prev_value': None, 'change': True}
2024-08-21 20:34:50,914 : INFO : EventManager : Event: ======'machine_var_platform_system'====== Args={'value': 'Darwin', 'prev_value': None, 'change': True}
2024-08-21 20:34:50,914 : INFO : EventManager : Event: ======'machine_var_platform_release'====== Args={'value': '21.2.0', 'prev_value': None, 'change': True}
2024-08-21 20:34:50,914 : INFO : EventManager : Event: ======'machine_var_platform_version'====== Args={'value': 'Darwin Kernel Version 21.2.0: Sun Nov 28 20:29:10 PST 2021; root:xnu-8019.61.5~1/RELEASE_ARM64_T8101', 'prev_value': None, 'change': True}
2024-08-21 20:34:50,914 : INFO : EventManager : Event: ======'machine_var_platform_machine'====== Args={'value': 'arm64', 'prev_value': None, 'change': True}
2024-08-21 20:34:50,914 : INFO : EventManager : Event: ======'machine_var_log_file_path'====== Args={'value': '/Users/nicktaseris/Desktop/Pinball/KOTH/logs/2024-08-21-20-34-50-mpf-Nicks-Air.lan.log', 'prev_value': None, 'change': True}
2024-08-21 20:34:50,914 : INFO : EventManager : Event: ======'init_phase_1'====== Args={}
2024-08-21 20:34:50,935 : INFO : EventManager : Event: ======'drop_target_bank_strickland_bank_up'====== Args={}
2024-08-21 20:34:50,936 : INFO : EventManager : Event: ======'init_phase_2'====== Args={}
2024-08-21 20:34:50,936 : INFO : SwitchController : Found active switch: ('39', <Platform.SmartVirtual>) <switch.s_trough1>
2024-08-21 20:34:50,936 : INFO : SwitchController : Found active switch: ('40', <Platform.SmartVirtual>) <switch.s_trough2>
2024-08-21 20:34:50,936 : INFO : SwitchController : Found active switch: ('41', <Platform.SmartVirtual>) <switch.s_trough3>
2024-08-21 20:34:50,936 : INFO : SwitchController : Found active switch: ('42', <Platform.SmartVirtual>) <switch.s_trough4>
2024-08-21 20:34:50,936 : INFO : SwitchController : Found active switch: ('43', <Platform.SmartVirtual>) <switch.s_trough5>
2024-08-21 20:34:50,936 : INFO : SwitchController : Found active switch: ('44', <Platform.SmartVirtual>) <switch.s_trough6>
2024-08-21 20:34:50,942 : INFO : EventManager : Event: ======'machine_var_score1_label'====== Args={'value': 'GRAND CHAMPION', 'prev_value': None, 'change': True}
2024-08-21 20:34:50,942 : INFO : EventManager : Event: ======'machine_var_score1_name'====== Args={'value': 'BRI', 'prev_value': None, 'change': True}
2024-08-21 20:34:50,942 : INFO : EventManager : Event: ======'machine_var_score1_value'====== Args={'value': 4242, 'prev_value': None, 'change': True}
2024-08-21 20:34:50,942 : INFO : EventManager : Event: ======'machine_var_score2_label'====== Args={'value': 'HIGH SCORE 1', 'prev_value': None, 'change': True}
2024-08-21 20:34:50,942 : INFO : EventManager : Event: ======'machine_var_score2_name'====== Args={'value': 'GHK', 'prev_value': None, 'change': True}
2024-08-21 20:34:50,942 : INFO : EventManager : Event: ======'machine_var_score2_value'====== Args={'value': 2323, 'prev_value': None, 'change': True}
2024-08-21 20:34:50,942 : INFO : EventManager : Event: ======'machine_var_score3_label'====== Args={'value': 'HIGH SCORE 2', 'prev_value': None, 'change': True}
2024-08-21 20:34:50,942 : INFO : EventManager : Event: ======'machine_var_score3_name'====== Args={'value': 'JK', 'prev_value': None, 'change': True}
2024-08-21 20:34:50,942 : INFO : EventManager : Event: ======'machine_var_score3_value'====== Args={'value': 1337, 'prev_value': None, 'change': True}
2024-08-21 20:34:50,942 : INFO : EventManager : Event: ======'machine_var_score4_label'====== Args={'value': 'HIGH SCORE 3', 'prev_value': None, 'change': True}
2024-08-21 20:34:50,942 : INFO : EventManager : Event: ======'machine_var_score4_name'====== Args={'value': 'QC', 'prev_value': None, 'change': True}
2024-08-21 20:34:50,942 : INFO : EventManager : Event: ======'machine_var_score4_value'====== Args={'value': 42, 'prev_value': None, 'change': True}
2024-08-21 20:34:50,942 : INFO : EventManager : Event: ======'machine_var_score5_label'====== Args={'value': 'HIGH SCORE 4', 'prev_value': None, 'change': True}
2024-08-21 20:34:50,942 : INFO : EventManager : Event: ======'machine_var_score5_name'====== Args={'value': 'MPF', 'prev_value': None, 'change': True}
2024-08-21 20:34:50,942 : INFO : EventManager : Event: ======'machine_var_score5_value'====== Args={'value': 23, 'prev_value': None, 'change': True}
2024-08-21 20:34:50,943 : INFO : EventManager : Event: ======'bcp_connection_attempt'====== Args={'name': 'local_display', 'host': 'localhost', 'port': 5050}
2024-08-21 20:34:50,943 : INFO : BCPClientSocket : Connecting BCP to 'local_display' at localhost:5050...
2024-08-21 20:34:50,946 : INFO : BCPClientSocket : Connected BCP to 'local_display' localhost:5050
2024-08-21 20:34:50,946 : INFO : EventManager : Event: ======'bcp_clients_connected'====== Args={}
2024-08-21 20:34:50,947 : INFO : ball_device.bd_trough : BCH: Initial count: 6
2024-08-21 20:34:50,947 : INFO : ball_device.bd_trough : State: idle
2024-08-21 20:34:50,947 : INFO : ball_device.bd_plunger : BCH: Initial count: 0
2024-08-21 20:34:50,947 : INFO : ball_device.bd_plunger : State: idle
2024-08-21 20:34:50,947 : INFO : ball_device.bd_scoop : BCH: Initial count: 0
2024-08-21 20:34:50,947 : INFO : ball_device.bd_scoop : State: idle
2024-08-21 20:34:50,952 : INFO : EventManager : Event: ======'init_phase_3'====== Args={}
2024-08-21 20:34:50,957 : INFO : EventManager : Event: ======'init_phase_4'====== Args={}
2024-08-21 20:34:50,958 : INFO : BallController : Initial balls found: 6
2024-08-21 20:34:50,958 : INFO : EventManager : Event: ======'machine_var_audits_events_game_ended'====== Args={'value': 4, 'prev_value': None, 'change': True}
2024-08-21 20:34:50,958 : INFO : EventManager : Event: ======'machine_var_audits_events_game_started'====== Args={'value': 961, 'prev_value': None, 'change': True}
2024-08-21 20:34:50,958 : INFO : EventManager : Event: ======'machine_var_audits_missing_switches_s_a_target'====== Args={'value': 10, 'prev_value': None, 'change': True}
2024-08-21 20:34:50,958 : INFO : EventManager : Event: ======'machine_var_audits_missing_switches_s_bottom_inline_drop'====== Args={'value': 151, 'prev_value': None, 'change': True}
2024-08-21 20:34:50,958 : INFO : EventManager : Event: ======'machine_var_audits_missing_switches_s_bottom_pop_bumper'====== Args={'value': 520, 'prev_value': None, 'change': True}
2024-08-21 20:34:50,958 : INFO : EventManager : Event: ======'machine_var_audits_missing_switches_s_center_spinner'====== Args={'value': 32, 'prev_value': None, 'change': True}
2024-08-21 20:34:50,958 : INFO : EventManager : Event: ======'machine_var_audits_missing_switches_s_e_target'====== Args={'value': 10, 'prev_value': None, 'change': True}
2024-08-21 20:34:50,958 : INFO : EventManager : Event: ======'machine_var_audits_missing_switches_s_launch_button'====== Args={'value': 432, 'prev_value': None, 'change': True}
2024-08-21 20:34:50,959 : INFO : EventManager : Event: ======'machine_var_audits_missing_switches_s_left_flipper'====== Args={'value': 23, 'prev_value': None, 'change': True}
2024-08-21 20:34:50,959 : INFO : EventManager : Event: ======'machine_var_audits_missing_switches_s_left_inlane'====== Args={'value': 117, 'prev_value': None, 'change': True}
2024-08-21 20:34:50,959 : INFO : EventManager : Event: ======'machine_var_audits_missing_switches_s_left_inner_horseshoe'====== Args={'value': 39, 'prev_value': None, 'change': True}
2024-08-21 20:34:50,959 : INFO : EventManager : Event: ======'machine_var_audits_missing_switches_s_left_orbit_enter'====== Args={'value': 39, 'prev_value': None, 'change': True}
2024-08-21 20:34:50,959 : INFO : EventManager : Event: ======'machine_var_audits_missing_switches_s_left_orbit_exit'====== Args={'value': 153, 'prev_value': None, 'change': True}
2024-08-21 20:34:50,959 : INFO : EventManager : Event: ======'machine_var_audits_missing_switches_s_left_outlane'====== Args={'value': 117, 'prev_value': None, 'change': True}
2024-08-21 20:34:50,959 : INFO : EventManager : Event: ======'machine_var_audits_missing_switches_s_left_pop_bumper'====== Args={'value': 520, 'prev_value': None, 'change': True}
2024-08-21 20:34:50,959 : INFO : EventManager : Event: ======'machine_var_audits_missing_switches_s_left_ramp_enter'====== Args={'value': 233, 'prev_value': None, 'change': True}
2024-08-21 20:34:50,959 : INFO : EventManager : Event: ======'machine_var_audits_missing_switches_s_left_ramp_exit'====== Args={'value': 233, 'prev_value': None, 'change': True}
2024-08-21 20:34:50,959 : INFO : EventManager : Event: ======'machine_var_audits_missing_switches_s_left_ramp_standup'====== Args={'value': 40, 'prev_value': None, 'change': True}
2024-08-21 20:34:50,959 : INFO : EventManager : Event: ======'machine_var_audits_missing_switches_s_left_rollover_lane'====== Args={'value': 152, 'prev_value': None, 'change': True}
2024-08-21 20:34:50,959 : INFO : EventManager : Event: ======'machine_var_audits_missing_switches_s_left_sling'====== Args={'value': 611, 'prev_value': None, 'change': True}
2024-08-21 20:34:50,959 : INFO : EventManager : Event: ======'machine_var_audits_missing_switches_s_left_spinner'====== Args={'value': 62, 'prev_value': None, 'change': True}
2024-08-21 20:34:50,959 : INFO : EventManager : Event: ======'machine_var_audits_missing_switches_s_middle_inline_drop'====== Args={'value': 151, 'prev_value': None, 'change': True}
2024-08-21 20:34:50,960 : INFO : EventManager : Event: ======'machine_var_audits_missing_switches_s_middle_rollover_lane'====== Args={'value': 152, 'prev_value': None, 'change': True}
2024-08-21 20:34:50,960 : INFO : EventManager : Event: ======'machine_var_audits_missing_switches_s_n_target'====== Args={'value': 10, 'prev_value': None, 'change': True}
2024-08-21 20:34:50,960 : INFO : EventManager : Event: ======'machine_var_audits_missing_switches_s_p2_target'====== Args={'value': 10, 'prev_value': None, 'change': True}
2024-08-21 20:34:50,960 : INFO : EventManager : Event: ======'machine_var_audits_missing_switches_s_right_flipper'====== Args={'value': 11, 'prev_value': None, 'change': True}
2024-08-21 20:34:50,960 : INFO : EventManager : Event: ======'machine_var_audits_missing_switches_s_right_inlane'====== Args={'value': 117, 'prev_value': None, 'change': True}
2024-08-21 20:34:50,960 : INFO : EventManager : Event: ======'machine_var_audits_missing_switches_s_right_inner_horseshoe'====== Args={'value': 39, 'prev_value': None, 'change': True}
2024-08-21 20:34:50,960 : INFO : EventManager : Event: ======'machine_var_audits_missing_switches_s_right_orbit_exit'====== Args={'value': 153, 'prev_value': None, 'change': True}
2024-08-21 20:34:50,960 : INFO : EventManager : Event: ======'machine_var_audits_missing_switches_s_right_outlane'====== Args={'value': 117, 'prev_value': None, 'change': True}
2024-08-21 20:34:50,960 : INFO : EventManager : Event: ======'machine_var_audits_missing_switches_s_right_pop_bumper'====== Args={'value': 151, 'prev_value': None, 'change': True}
2024-08-21 20:34:50,960 : INFO : EventManager : Event: ======'machine_var_audits_missing_switches_s_right_ramp_enter'====== Args={'value': 233, 'prev_value': None, 'change': True}
2024-08-21 20:34:50,960 : INFO : EventManager : Event: ======'machine_var_audits_missing_switches_s_right_ramp_exit'====== Args={'value': 233, 'prev_value': None, 'change': True}
2024-08-21 20:34:50,960 : INFO : EventManager : Event: ======'machine_var_audits_missing_switches_s_right_ramp_standup'====== Args={'value': 311, 'prev_value': None, 'change': True}
2024-08-21 20:34:50,960 : INFO : EventManager : Event: ======'machine_var_audits_missing_switches_s_right_rollover_lane'====== Args={'value': 152, 'prev_value': None, 'change': True}
2024-08-21 20:34:50,961 : INFO : EventManager : Event: ======'machine_var_audits_missing_switches_s_right_sling'====== Args={'value': 912, 'prev_value': None, 'change': True}
2024-08-21 20:34:50,961 : INFO : EventManager : Event: ======'machine_var_audits_missing_switches_s_start'====== Args={'value': 10, 'prev_value': None, 'change': True}
2024-08-21 20:34:50,961 : INFO : EventManager : Event: ======'machine_var_audits_missing_switches_s_top_inline_drop'====== Args={'value': 151, 'prev_value': None, 'change': True}
2024-08-21 20:34:50,961 : INFO : EventManager : Event: ======'machine_var_audits_missing_switches_s_trough1'====== Args={'value': 151, 'prev_value': None, 'change': True}
2024-08-21 20:34:50,961 : INFO : EventManager : Event: ======'machine_var_audits_missing_switches_s_trough2'====== Args={'value': 154, 'prev_value': None, 'change': True}
2024-08-21 20:34:50,961 : INFO : EventManager : Event: ======'machine_var_audits_missing_switches_s_trough3'====== Args={'value': 90, 'prev_value': None, 'change': True}
2024-08-21 20:34:50,961 : INFO : EventManager : Event: ======'machine_var_audits_missing_switches_s_trough4'====== Args={'value': 383, 'prev_value': None, 'change': True}
2024-08-21 20:34:50,961 : INFO : EventManager : Event: ======'machine_var_audits_missing_switches_s_trough5'====== Args={'value': 916, 'prev_value': None, 'change': True}
2024-08-21 20:34:50,961 : INFO : EventManager : Event: ======'machine_var_audits_missing_switches_s_trough6'====== Args={'value': 916, 'prev_value': None, 'change': True}
2024-08-21 20:34:50,961 : INFO : EventManager : Event: ======'machine_var_audits_missing_switches_s_trough_jam'====== Args={'value': 849, 'prev_value': None, 'change': True}
2024-08-21 20:34:50,961 : INFO : EventManager : Event: ======'machine_var_audits_player_score'====== Args={'value': {'average': 109379, 'top': [370600, 175300, 400, 300, 250], 'total': 5}, 'prev_value': None, 'change': True}
2024-08-21 20:34:50,962 : INFO : EventManager : Event: ======'machine_var_audits_shots_a_rollover_lane'====== Args={'value': 17, 'prev_value': None, 'change': True}
2024-08-21 20:34:50,962 : INFO : EventManager : Event: ======'machine_var_audits_shots_a_target'====== Args={'value': 7, 'prev_value': None, 'change': True}
2024-08-21 20:34:50,962 : INFO : EventManager : Event: ======'machine_var_audits_shots_ball_lock_a_target'====== Args={'value': 6, 'prev_value': None, 'change': True}
2024-08-21 20:34:50,962 : INFO : EventManager : Event: ======'machine_var_audits_shots_ball_lock_e_target'====== Args={'value': 5, 'prev_value': None, 'change': True}
2024-08-21 20:34:50,962 : INFO : EventManager : Event: ======'machine_var_audits_shots_ball_lock_n_target'====== Args={'value': 5, 'prev_value': None, 'change': True}
2024-08-21 20:34:50,962 : INFO : EventManager : Event: ======'machine_var_audits_shots_ball_lock_p2_target'====== Args={'value': 9, 'prev_value': None, 'change': True}
2024-08-21 20:34:50,962 : INFO : EventManager : Event: ======'machine_var_audits_shots_e_target'====== Args={'value': 3, 'prev_value': None, 'change': True}
2024-08-21 20:34:50,962 : INFO : EventManager : Event: ======'machine_var_audits_shots_h_rollover_lane'====== Args={'value': 21, 'prev_value': None, 'change': True}
2024-08-21 20:34:50,962 : INFO : EventManager : Event: ======'machine_var_audits_shots_k_rollover_lane'====== Args={'value': 17, 'prev_value': None, 'change': True}
2024-08-21 20:34:50,963 : INFO : EventManager : Event: ======'machine_var_audits_shots_left_rollover_lane'====== Args={'value': 215, 'prev_value': None, 'change': True}
2024-08-21 20:34:50,963 : INFO : EventManager : Event: ======'machine_var_audits_shots_middle_rollover_lane'====== Args={'value': 204, 'prev_value': None, 'change': True}
2024-08-21 20:34:50,963 : INFO : EventManager : Event: ======'machine_var_audits_shots_mode_scoop'====== Args={'value': 2, 'prev_value': None, 'change': True}
2024-08-21 20:34:50,963 : INFO : EventManager : Event: ======'machine_var_audits_shots_n_rollover_lane'====== Args={'value': 15, 'prev_value': None, 'change': True}
2024-08-21 20:34:50,963 : INFO : EventManager : Event: ======'machine_var_audits_shots_n_target'====== Args={'value': 9, 'prev_value': None, 'change': True}
2024-08-21 20:34:50,963 : INFO : EventManager : Event: ======'machine_var_audits_shots_o_target'====== Args={'value': 4, 'prev_value': None, 'change': True}
2024-08-21 20:34:50,963 : INFO : EventManager : Event: ======'machine_var_audits_shots_p2_target'====== Args={'value': 5, 'prev_value': None, 'change': True}
2024-08-21 20:34:50,963 : INFO : EventManager : Event: ======'machine_var_audits_shots_p_target'====== Args={'value': 8, 'prev_value': None, 'change': True}
2024-08-21 20:34:50,963 : INFO : EventManager : Event: ======'machine_var_audits_shots_qualify_a_target'====== Args={'value': 7, 'prev_value': None, 'change': True}
2024-08-21 20:34:50,964 : INFO : EventManager : Event: ======'machine_var_audits_shots_qualify_e_target'====== Args={'value': 8, 'prev_value': None, 'change': True}
2024-08-21 20:34:50,964 : INFO : EventManager : Event: ======'machine_var_audits_shots_qualify_n_target'====== Args={'value': 7, 'prev_value': None, 'change': True}
2024-08-21 20:34:50,964 : INFO : EventManager : Event: ======'machine_var_audits_shots_qualify_o_target'====== Args={'value': 356, 'prev_value': None, 'change': True}
2024-08-21 20:34:50,964 : INFO : EventManager : Event: ======'machine_var_audits_shots_qualify_p2_target'====== Args={'value': 9, 'prev_value': None, 'change': True}
2024-08-21 20:34:50,964 : INFO : EventManager : Event: ======'machine_var_audits_shots_qualify_p_target'====== Args={'value': 332, 'prev_value': None, 'change': True}
2024-08-21 20:34:50,964 : INFO : EventManager : Event: ======'machine_var_audits_shots_qualify_r_target'====== Args={'value': 366, 'prev_value': None, 'change': True}
2024-08-21 20:34:50,964 : INFO : EventManager : Event: ======'machine_var_audits_shots_r_target'====== Args={'value': 14, 'prev_value': None, 'change': True}
2024-08-21 20:34:50,965 : INFO : EventManager : Event: ======'machine_var_audits_shots_rainey_multiball_ball_lock_a_target'====== Args={'value': 71, 'prev_value': None, 'change': True}
2024-08-21 20:34:50,965 : INFO : EventManager : Event: ======'machine_var_audits_shots_rainey_multiball_ball_lock_e_target'====== Args={'value': 66, 'prev_value': None, 'change': True}
2024-08-21 20:34:50,965 : INFO : EventManager : Event: ======'machine_var_audits_shots_rainey_multiball_ball_lock_n_target'====== Args={'value': 65, 'prev_value': None, 'change': True}
2024-08-21 20:34:50,965 : INFO : EventManager : Event: ======'machine_var_audits_shots_rainey_multiball_ball_lock_p2_target'====== Args={'value': 131, 'prev_value': None, 'change': True}
2024-08-21 20:34:50,965 : INFO : EventManager : Event: ======'machine_var_audits_shots_right_rollover_lane'====== Args={'value': 209, 'prev_value': None, 'change': True}
2024-08-21 20:34:50,965 : INFO : EventManager : Event: ======'machine_var_audits_shots_scoop'====== Args={'value': 284, 'prev_value': None, 'change': True}
2024-08-21 20:34:50,965 : INFO : EventManager : Event: ======'machine_var_audits_shots_scoop_mission_select'====== Args={'value': 57, 'prev_value': None, 'change': True}
2024-08-21 20:34:50,965 : INFO : EventManager : Event: ======'machine_var_audits_shots_shot_left_ramp'====== Args={'value': 17, 'prev_value': None, 'change': True}
2024-08-21 20:34:50,966 : INFO : EventManager : Event: ======'machine_var_audits_shots_shot_right_ramp'====== Args={'value': 24, 'prev_value': None, 'change': True}
2024-08-21 20:34:50,966 : INFO : EventManager : Event: ======'machine_var_audits_shots_skillshot_a_target'====== Args={'value': 81, 'prev_value': None, 'change': True}
2024-08-21 20:34:50,966 : INFO : EventManager : Event: ======'machine_var_audits_shots_skillshot_e_target'====== Args={'value': 71, 'prev_value': None, 'change': True}
2024-08-21 20:34:50,966 : INFO : EventManager : Event: ======'machine_var_audits_shots_skillshot_n_target'====== Args={'value': 55, 'prev_value': None, 'change': True}
2024-08-21 20:34:50,966 : INFO : EventManager : Event: ======'machine_var_audits_shots_skillshot_o_target'====== Args={'value': 133, 'prev_value': None, 'change': True}
2024-08-21 20:34:50,966 : INFO : EventManager : Event: ======'machine_var_audits_shots_skillshot_p2_target'====== Args={'value': 111, 'prev_value': None, 'change': True}
2024-08-21 20:34:50,966 : INFO : EventManager : Event: ======'machine_var_audits_shots_skillshot_p_target'====== Args={'value': 67, 'prev_value': None, 'change': True}
2024-08-21 20:34:50,967 : INFO : EventManager : Event: ======'machine_var_audits_shots_skillshot_r_target'====== Args={'value': 140, 'prev_value': None, 'change': True}
2024-08-21 20:34:50,967 : INFO : EventManager : Event: ======'machine_var_audits_shots_spinner'====== Args={'value': 11, 'prev_value': None, 'change': True}
2024-08-21 20:34:50,967 : INFO : EventManager : Event: ======'machine_var_audits_switches_s_a_target'====== Args={'value': 199, 'prev_value': None, 'change': True}
2024-08-21 20:34:50,967 : INFO : EventManager : Event: ======'machine_var_audits_switches_s_bottom_inline_drop'====== Args={'value': 1019, 'prev_value': None, 'change': True}
2024-08-21 20:34:50,967 : INFO : EventManager : Event: ======'machine_var_audits_switches_s_bottom_pop_bumper'====== Args={'value': 10, 'prev_value': None, 'change': True}
2024-08-21 20:34:50,967 : INFO : EventManager : Event: ======'machine_var_audits_switches_s_center_spinner'====== Args={'value': 280, 'prev_value': None, 'change': True}
2024-08-21 20:34:50,967 : INFO : EventManager : Event: ======'machine_var_audits_switches_s_e_target'====== Args={'value': 198, 'prev_value': None, 'change': True}
2024-08-21 20:34:50,968 : INFO : EventManager : Event: ======'machine_var_audits_switches_s_launch_button'====== Args={'value': 10, 'prev_value': None, 'change': True}
2024-08-21 20:34:50,968 : INFO : EventManager : Event: ======'machine_var_audits_switches_s_left_flipper'====== Args={'value': 558, 'prev_value': None, 'change': True}
2024-08-21 20:34:50,968 : INFO : EventManager : Event: ======'machine_var_audits_switches_s_left_inlane'====== Args={'value': 28, 'prev_value': None, 'change': True}
2024-08-21 20:34:50,968 : INFO : EventManager : Event: ======'machine_var_audits_switches_s_left_inner_horseshoe'====== Args={'value': 19, 'prev_value': None, 'change': True}
2024-08-21 20:34:50,968 : INFO : EventManager : Event: ======'machine_var_audits_switches_s_left_orbit_enter'====== Args={'value': 77, 'prev_value': None, 'change': True}
2024-08-21 20:34:50,968 : INFO : EventManager : Event: ======'machine_var_audits_switches_s_left_orbit_exit'====== Args={'value': 21, 'prev_value': None, 'change': True}
2024-08-21 20:34:50,969 : INFO : EventManager : Event: ======'machine_var_audits_switches_s_left_outlane'====== Args={'value': 47, 'prev_value': None, 'change': True}
2024-08-21 20:34:50,969 : INFO : EventManager : Event: ======'machine_var_audits_switches_s_left_pop_bumper'====== Args={'value': 9, 'prev_value': None, 'change': True}
2024-08-21 20:34:50,969 : INFO : EventManager : Event: ======'machine_var_audits_switches_s_left_ramp_enter'====== Args={'value': 30, 'prev_value': None, 'change': True}
2024-08-21 20:34:50,969 : INFO : EventManager : Event: ======'machine_var_audits_switches_s_left_ramp_exit'====== Args={'value': 37, 'prev_value': None, 'change': True}
2024-08-21 20:34:50,969 : INFO : EventManager : Event: ======'machine_var_audits_switches_s_left_ramp_standup'====== Args={'value': 1407, 'prev_value': None, 'change': True}
2024-08-21 20:34:50,969 : INFO : EventManager : Event: ======'machine_var_audits_switches_s_left_rollover_lane'====== Args={'value': 220, 'prev_value': None, 'change': True}
2024-08-21 20:34:50,969 : INFO : EventManager : Event: ======'machine_var_audits_switches_s_left_sling'====== Args={'value': 12, 'prev_value': None, 'change': True}
2024-08-21 20:34:50,970 : INFO : EventManager : Event: ======'machine_var_audits_switches_s_left_spinner'====== Args={'value': 144, 'prev_value': None, 'change': True}
2024-08-21 20:34:50,970 : INFO : EventManager : Event: ======'machine_var_audits_switches_s_middle_inline_drop'====== Args={'value': 1001, 'prev_value': None, 'change': True}
2024-08-21 20:34:50,970 : INFO : EventManager : Event: ======'machine_var_audits_switches_s_middle_rollover_lane'====== Args={'value': 207, 'prev_value': None, 'change': True}
2024-08-21 20:34:50,970 : INFO : EventManager : Event: ======'machine_var_audits_switches_s_n_target'====== Args={'value': 185, 'prev_value': None, 'change': True}
2024-08-21 20:34:50,970 : INFO : EventManager : Event: ======'machine_var_audits_switches_s_o_target'====== Args={'value': 404, 'prev_value': None, 'change': True}
2024-08-21 20:34:50,971 : INFO : EventManager : Event: ======'machine_var_audits_switches_s_p2_target'====== Args={'value': 211, 'prev_value': None, 'change': True}
2024-08-21 20:34:50,971 : INFO : EventManager : Event: ======'machine_var_audits_switches_s_p_target'====== Args={'value': 554, 'prev_value': None, 'change': True}
2024-08-21 20:34:50,971 : INFO : EventManager : Event: ======'machine_var_audits_switches_s_plunger'====== Args={'value': 1171, 'prev_value': None, 'change': True}
2024-08-21 20:34:50,971 : INFO : EventManager : Event: ======'machine_var_audits_switches_s_plunger_lane'====== Args={'value': 39, 'prev_value': None, 'change': True}
2024-08-21 20:34:50,971 : INFO : EventManager : Event: ======'machine_var_audits_switches_s_plunger_lane_exit'====== Args={'value': 890, 'prev_value': None, 'change': True}
2024-08-21 20:34:50,971 : INFO : EventManager : Event: ======'machine_var_audits_switches_s_r_target'====== Args={'value': 407, 'prev_value': None, 'change': True}
2024-08-21 20:34:50,972 : INFO : EventManager : Event: ======'machine_var_audits_switches_s_right_flipper'====== Args={'value': 1616, 'prev_value': None, 'change': True}
2024-08-21 20:34:50,972 : INFO : EventManager : Event: ======'machine_var_audits_switches_s_right_inlane'====== Args={'value': 24, 'prev_value': None, 'change': True}
2024-08-21 20:34:50,972 : INFO : EventManager : Event: ======'machine_var_audits_switches_s_right_inner_horseshoe'====== Args={'value': 21, 'prev_value': None, 'change': True}
2024-08-21 20:34:50,972 : INFO : EventManager : Event: ======'machine_var_audits_switches_s_right_orbit_exit'====== Args={'value': 34, 'prev_value': None, 'change': True}
2024-08-21 20:34:50,972 : INFO : EventManager : Event: ======'machine_var_audits_switches_s_right_outlane'====== Args={'value': 25, 'prev_value': None, 'change': True}
2024-08-21 20:34:50,973 : INFO : EventManager : Event: ======'machine_var_audits_switches_s_right_pop_bumper'====== Args={'value': 19, 'prev_value': None, 'change': True}
2024-08-21 20:34:50,973 : INFO : EventManager : Event: ======'machine_var_audits_switches_s_right_ramp_enter'====== Args={'value': 16, 'prev_value': None, 'change': True}
2024-08-21 20:34:50,973 : INFO : EventManager : Event: ======'machine_var_audits_switches_s_right_ramp_exit'====== Args={'value': 26, 'prev_value': None, 'change': True}
2024-08-21 20:34:50,973 : INFO : EventManager : Event: ======'machine_var_audits_switches_s_right_ramp_standup'====== Args={'value': 287, 'prev_value': None, 'change': True}
2024-08-21 20:34:50,973 : INFO : EventManager : Event: ======'machine_var_audits_switches_s_right_rollover_lane'====== Args={'value': 223, 'prev_value': None, 'change': True}
2024-08-21 20:34:50,973 : INFO : EventManager : Event: ======'machine_var_audits_switches_s_right_sling'====== Args={'value': 1, 'prev_value': None, 'change': True}
2024-08-21 20:34:50,974 : INFO : EventManager : Event: ======'machine_var_audits_switches_s_scoop'====== Args={'value': 614, 'prev_value': None, 'change': True}
2024-08-21 20:34:50,974 : INFO : EventManager : Event: ======'machine_var_audits_switches_s_start'====== Args={'value': 671, 'prev_value': None, 'change': True}
2024-08-21 20:34:50,974 : INFO : EventManager : Event: ======'machine_var_audits_switches_s_top_inline_drop'====== Args={'value': 48, 'prev_value': None, 'change': True}
2024-08-21 20:34:50,974 : INFO : EventManager : Event: ======'machine_var_audits_switches_s_trough1'====== Args={'value': 420, 'prev_value': None, 'change': True}
2024-08-21 20:34:50,974 : INFO : EventManager : Event: ======'machine_var_audits_switches_s_trough2'====== Args={'value': 36, 'prev_value': None, 'change': True}
2024-08-21 20:34:50,975 : INFO : EventManager : Event: ======'machine_var_audits_switches_s_trough3'====== Args={'value': 21, 'prev_value': None, 'change': True}
2024-08-21 20:34:50,975 : INFO : EventManager : Event: ======'machine_var_audits_switches_s_trough4'====== Args={'value': 3, 'prev_value': None, 'change': True}
2024-08-21 20:34:50,975 : INFO : EventManager : Event: ======'machine_var_audits_switches_s_trough5'====== Args={'value': 2, 'prev_value': None, 'change': True}
2024-08-21 20:34:50,975 : INFO : EventManager : Event: ======'machine_var_audits_switches_s_trough6'====== Args={'value': 1, 'prev_value': None, 'change': True}
2024-08-21 20:34:50,975 : INFO : EventManager : Event: ======'machine_var_audits_switches_s_trough_jam'====== Args={'value': 5, 'prev_value': None, 'change': True}
2024-08-21 20:34:50,976 : INFO : EventManager : Event: ======'init_phase_5'====== Args={}
2024-08-21 20:34:50,978 : INFO : EventManager : Event: ======'init_done'====== Args={}
2024-08-21 20:34:50,979 : INFO : EventManager : Event: ======'machine_reset_phase_1'====== Args={}
2024-08-21 20:34:50,989 : INFO : EventManager : Event: ======'machine_reset_phase_2'====== Args={}
2024-08-21 20:34:50,989 : INFO : EventManager : Event: ======'machine_reset_phase_3'====== Args={}
2024-08-21 20:34:50,989 : INFO : drop_target_bank.strickland_bank : All targets are already up. Will not reset bank.
2024-08-21 20:34:50,989 : INFO : EventManager : Event: ======'reset_complete'====== Args={}
2024-08-21 20:34:50,989 : INFO : EventManager : Event: ======'mode_attract_will_start'====== Args={}
2024-08-21 20:34:50,989 : INFO : Timer.attract_switch : Starting Timer.
2024-08-21 20:34:50,989 : INFO : EventManager : Event: ======'timer_attract_switch_started'====== Args={'ticks': 0, 'ticks_remaining': 46}
2024-08-21 20:34:50,989 : INFO : EventManager : Event: ======'timer_attract_switch_tick'====== Args={'ticks': 0, 'ticks_remaining': 46}
2024-08-21 20:34:50,990 : INFO : EventManager : Event: ======'mode_attract_starting'====== Args={}
2024-08-21 20:34:50,990 : INFO : Mode.attract : Started. Priority: 10
2024-08-21 20:34:50,990 : INFO : EventManager : Event: ======'modes_active_modes_changed'====== Args={}
2024-08-21 20:34:50,990 : INFO : EventManager : Event: ======'mode_attract_started'====== Args={}
2024-08-21 20:34:50,990 : INFO : EventManager : Event: ======'collecting_balls_complete'====== Args={}
2024-08-21 20:34:50,991 : INFO : Machine : Starting the main run loop.
2024-08-21 20:34:51,244 : INFO : BcpServer : New client connected.
2024-08-21 20:34:51,693 : INFO : SwitchController : <<<<<<< 's_start' active >>>>>>>
2024-08-21 20:34:51,694 : INFO : EventManager : Event: ======'s_start_active'====== Args={}
2024-08-21 20:34:51,694 : INFO : EventManager : Event: ======'sw_add_player'====== Args={'priority': 0}
2024-08-21 20:34:51,800 : INFO : SwitchController : <<<<<<< 's_start' inactive >>>>>>>
2024-08-21 20:34:51,800 : INFO : EventManager : Event: ======'request_to_start_game'====== Args={}
2024-08-21 20:34:51,800 : INFO : EventManager : Event: ======'game_start'====== Args={'buttons': [], 'hold_time': 0.10609662499999994}
2024-08-21 20:34:51,800 : INFO : EventManager : Event: ======'mode_game_will_start'====== Args={'buttons': [], 'hold_time': 0.10609662499999994}
2024-08-21 20:34:51,801 : INFO : EventManager : Event: ======'mode_game_starting'====== Args={'buttons': [], 'hold_time': 0.10609662499999994}
2024-08-21 20:34:51,801 : INFO : EventManager : Event: ======'mode_attract_will_stop'====== Args={}
2024-08-21 20:34:51,801 : INFO : EventManager : Event: ======'mode_attract_stopping'====== Args={}
2024-08-21 20:34:51,801 : INFO : Mode.attract : Stopped.
2024-08-21 20:34:51,801 : INFO : EventManager : Event: ======'modes_active_modes_changed'====== Args={}
2024-08-21 20:34:51,801 : INFO : EventManager : Event: ======'mode_attract_stopped'====== Args={}
2024-08-21 20:34:51,802 : INFO : EventManager : Event: ======'clear'====== Args={'key': 'attract'}
2024-08-21 20:34:51,802 : INFO : Timer.attract_switch : Stopping Timer
2024-08-21 20:34:51,802 : INFO : EventManager : Event: ======'timer_attract_switch_stopped'====== Args={'ticks': 0, 'ticks_remaining': 46}
2024-08-21 20:34:51,802 : INFO : Mode.game : Started. Priority: 20
2024-08-21 20:34:51,802 : INFO : EventManager : Event: ======'modes_active_modes_changed'====== Args={}
2024-08-21 20:34:51,802 : INFO : EventManager : Event: ======'mode_game_started'====== Args={'buttons': [], 'hold_time': 0.10609662499999994}
2024-08-21 20:34:51,802 : INFO : EventManager : Event: ======'game_will_start'====== Args={}
2024-08-21 20:34:51,803 : INFO : EventManager : Event: ======'game_starting'====== Args={'game': <Mode.game>}
2024-08-21 20:34:51,803 : INFO : EventManager : Unordered handler for class <Auditor> on event game_ended with priority 1. Handlers: [RegisteredHandler(callback=<bound method Auditor.disable of <Auditor>>, priority=1, kwargs={}, key=UUID('6c05e930-b40d-4e51-aa83-cb75c24dcee3'), condition=None, blocking_facility=None), RegisteredHandler(callback=<bound method Auditor._save_audits of <Auditor>>, priority=1, kwargs={}, key=UUID('2253dce2-a4c7-4619-9d88-861942e40864'), condition=None, blocking_facility=None)]. The order of those handlers is not defined and they will be executed in random order. This might lead to race conditions and potential bugs.
2024-08-21 20:34:51,803 : INFO : EventManager : Event: ======'player_add_request'====== Args={}
2024-08-21 20:34:51,803 : INFO : EventManager : Event: ======'player_will_add'====== Args={'number': 1}
2024-08-21 20:34:51,803 : INFO : EventManager : Event: ======'player_adding'====== Args={'player': <Player 1>, 'number': 1}
2024-08-21 20:34:51,803 : INFO : EventManager : Event: ======'player_added'====== Args={'player': <Player 1>, 'num': 1}
2024-08-21 20:34:51,804 : INFO : Mode.game : Player added successfully. Total players: 1
2024-08-21 20:34:51,804 : INFO : EventManager : Event: ======'player_index'====== Args={'value': 0, 'prev_value': 0, 'change': 0, 'player_num': 1}
2024-08-21 20:34:51,804 : INFO : EventManager : Event: ======'player_number'====== Args={'value': 1, 'prev_value': 1, 'change': 0, 'player_num': 1}
2024-08-21 20:34:51,804 : INFO : EventManager : Event: ======'player_score'====== Args={'value': 0, 'prev_value': 0, 'change': 0, 'player_num': 1}
2024-08-21 20:34:51,804 : INFO : EventManager : Event: ======'game_started'====== Args={}
2024-08-21 20:34:51,805 : INFO : EventManager : Event: ======'player_turn_will_start'====== Args={'player': <Player 1>, 'number': 1}
2024-08-21 20:34:51,805 : INFO : EventManager : Event: ======'player_turn_starting'====== Args={'player': <Player 1>, 'number': 1}
2024-08-21 20:34:51,805 : INFO : EventManager : Event: ======'player_ball'====== Args={'value': 1, 'prev_value': 0, 'change': 1, 'player_num': 1}
2024-08-21 20:34:51,805 : INFO : EventManager : Event: ======'player_turn_started'====== Args={'player': <Player 1>, 'number': 1}
2024-08-21 20:34:51,805 : INFO : EventManager : Event: ======'ball_will_start'====== Args={'player': 1, 'ball': 1, 'balls_remaining': 2, 'is_extra_ball': False}
2024-08-21 20:34:51,806 : INFO : EventManager : Event: ======'ball_starting'====== Args={'player': 1, 'ball': 1, 'balls_remaining': 2, 'is_extra_ball': False}
2024-08-21 20:34:51,806 : INFO : EventManager : Event: ======'mode_rainey_multiball_will_start'====== Args={'queue': <QueuedEvent>, 'player': 1, 'ball': 1, 'balls_remaining': 2, 'is_extra_ball': False}
2024-08-21 20:34:51,807 : INFO : EventManager : Event: ======'mode_rainey_multiball_starting'====== Args={'queue': <QueuedEvent>, 'player': 1, 'ball': 1, 'balls_remaining': 2, 'is_extra_ball': False}
2024-08-21 20:34:51,807 : INFO : EventManager : Event: ======'mode_skillshot_will_start'====== Args={'queue': <QueuedEvent>, 'player': 1, 'ball': 1, 'balls_remaining': 2, 'is_extra_ball': False}
2024-08-21 20:34:51,807 : INFO : EventManager : Event: ======'skillshot_complete'====== Args={'state': 'None'}
2024-08-21 20:34:51,807 : INFO : EventManager : Event: ======'skillshot_None_complete'====== Args={}
2024-08-21 20:34:51,807 : INFO : EventManager : Event: ======'player_shot_skillshot_p_target_enabled'====== Args={'value': True, 'prev_value': 0, 'change': 1, 'player_num': 1}
2024-08-21 20:34:51,808 : INFO : EventManager : Event: ======'player_shot_skillshot_r_target_enabled'====== Args={'value': True, 'prev_value': 0, 'change': 1, 'player_num': 1}
2024-08-21 20:34:51,808 : INFO : EventManager : Event: ======'player_shot_skillshot_o_target_enabled'====== Args={'value': True, 'prev_value': 0, 'change': 1, 'player_num': 1}
2024-08-21 20:34:51,808 : INFO : EventManager : Event: ======'player_shot_skillshot_p2_target_enabled'====== Args={'value': True, 'prev_value': 0, 'change': 1, 'player_num': 1}
2024-08-21 20:34:51,809 : INFO : EventManager : Event: ======'player_shot_skillshot_a_target_enabled'====== Args={'value': True, 'prev_value': 0, 'change': 1, 'player_num': 1}
2024-08-21 20:34:51,809 : INFO : EventManager : Event: ======'player_shot_skillshot_n_target_enabled'====== Args={'value': True, 'prev_value': 0, 'change': 1, 'player_num': 1}
2024-08-21 20:34:51,809 : INFO : EventManager : Event: ======'player_shot_skillshot_e_target_enabled'====== Args={'value': True, 'prev_value': 0, 'change': 1, 'player_num': 1}
2024-08-21 20:34:51,810 : INFO : EventManager : Event: ======'player_skillshot_skillshot_rotate_tick'====== Args={'value': 0, 'prev_value': 0, 'change': 0, 'player_num': 1}
2024-08-21 20:34:51,810 : INFO : Timer.skillshot_rotate : Starting Timer.
2024-08-21 20:34:51,810 : INFO : EventManager : Event: ======'timer_skillshot_rotate_started'====== Args={'ticks': 0, 'ticks_remaining': 0}
2024-08-21 20:34:51,810 : INFO : EventManager : Event: ======'timer_skillshot_rotate_tick'====== Args={'ticks': 0, 'ticks_remaining': 0}
2024-08-21 20:34:51,811 : INFO : EventManager : Event: ======'mode_skillshot_starting'====== Args={'queue': <QueuedEvent>, 'player': 1, 'ball': 1, 'balls_remaining': 2, 'is_extra_ball': False}
2024-08-21 20:34:51,811 : INFO : drop_target_bank.strickland_bank : All targets are already up. Will not reset bank.
2024-08-21 20:34:51,811 : INFO : EventManager : Event: ======'cmd_flippers_enable'====== Args={'priority': 0}
2024-08-21 20:34:51,811 : INFO : EventManager : Event: ======'cmd_autofire_coils_enable'====== Args={'priority': 0}
2024-08-21 20:34:51,811 : INFO : EventManager : Event: ======'cmd_drop_targets_reset'====== Args={'priority': 0}
2024-08-21 20:34:51,811 : INFO : Mode.skillshot : Started. Priority: 200
2024-08-21 20:34:51,811 : INFO : EventManager : Event: ======'modes_active_modes_changed'====== Args={}
2024-08-21 20:34:51,811 : INFO : EventManager : Event: ======'mode_skillshot_started'====== Args={'queue': <QueuedEvent>, 'player': 1, 'ball': 1, 'balls_remaining': 2, 'is_extra_ball': False}
2024-08-21 20:34:51,812 : INFO : EventManager : Event: ======'player_shot_skillshot_p_target'====== Args={'value': 1, 'prev_value': 0, 'change': 1, 'player_num': 1}
2024-08-21 20:34:51,812 : INFO : EventManager : Event: ======'balls_in_play'====== Args={'balls': 1}
2024-08-21 20:34:51,812 : INFO : EventManager : Event: ======'ball_started'====== Args={'player': 1, 'ball': 1, 'balls_remaining': 2, 'is_extra_ball': False}
2024-08-21 20:34:51,815 : INFO : EventManager : Event: ======'mode_extra_ball_will_start'====== Args={'player': 1, 'ball': 1, 'balls_remaining': 2, 'is_extra_ball': False}
2024-08-21 20:34:51,815 : INFO : EventManager : Event: ======'player_extra_ball_score_one_num_awarded'====== Args={'value': 0, 'prev_value': 0, 'change': 0, 'player_num': 1}
2024-08-21 20:34:51,815 : INFO : EventManager : Event: ======'player_extra_ball_score_two_num_awarded'====== Args={'value': 0, 'prev_value': 0, 'change': 0, 'player_num': 1}
2024-08-21 20:34:51,816 : INFO : EventManager : Event: ======'mode_extra_ball_starting'====== Args={'player': 1, 'ball': 1, 'balls_remaining': 2, 'is_extra_ball': False}
2024-08-21 20:34:51,816 : INFO : EventManager : Event: ======'mode_BBQ_rollover_will_start'====== Args={'player': 1, 'ball': 1, 'balls_remaining': 2, 'is_extra_ball': False}
2024-08-21 20:34:51,816 : INFO : EventManager : Event: ======'player_shot_left_rollover_lane_enabled'====== Args={'value': True, 'prev_value': 0, 'change': 1, 'player_num': 1}
2024-08-21 20:34:51,816 : INFO : EventManager : Event: ======'player_shot_middle_rollover_lane_enabled'====== Args={'value': True, 'prev_value': 0, 'change': 1, 'player_num': 1}
2024-08-21 20:34:51,816 : INFO : EventManager : Event: ======'player_shot_right_rollover_lane_enabled'====== Args={'value': True, 'prev_value': 0, 'change': 1, 'player_num': 1}
2024-08-21 20:34:51,817 : INFO : EventManager : Event: ======'BBQ_lanes_complete'====== Args={'state': 'unlit'}
2024-08-21 20:34:51,817 : INFO : EventManager : Event: ======'BBQ_lanes_unlit_complete'====== Args={}
2024-08-21 20:34:51,818 : INFO : EventManager : Event: ======'mode_BBQ_rollover_starting'====== Args={'player': 1, 'ball': 1, 'balls_remaining': 2, 'is_extra_ball': False}
2024-08-21 20:34:51,818 : INFO : EventManager : Event: ======'mode_hank_rollover_will_start'====== Args={'player': 1, 'ball': 1, 'balls_remaining': 2, 'is_extra_ball': False}
2024-08-21 20:34:51,818 : INFO : EventManager : Event: ======'player_shot_h_rollover_lane_enabled'====== Args={'value': True, 'prev_value': 0, 'change': 1, 'player_num': 1}
2024-08-21 20:34:51,818 : INFO : EventManager : Event: ======'player_shot_a_rollover_lane_enabled'====== Args={'value': True, 'prev_value': 0, 'change': 1, 'player_num': 1}
2024-08-21 20:34:51,818 : INFO : EventManager : Event: ======'player_shot_n_rollover_lane_enabled'====== Args={'value': True, 'prev_value': 0, 'change': 1, 'player_num': 1}
2024-08-21 20:34:51,818 : INFO : EventManager : Event: ======'player_shot_k_rollover_lane_enabled'====== Args={'value': True, 'prev_value': 0, 'change': 1, 'player_num': 1}
2024-08-21 20:34:51,819 : INFO : EventManager : Event: ======'hank_lanes_complete'====== Args={'state': 'unlit'}
2024-08-21 20:34:51,819 : INFO : EventManager : Event: ======'hank_lanes_unlit_complete'====== Args={}
2024-08-21 20:34:51,819 : INFO : EventManager : Event: ======'mode_hank_rollover_starting'====== Args={'player': 1, 'ball': 1, 'balls_remaining': 2, 'is_extra_ball': False}
2024-08-21 20:34:51,819 : INFO : EventManager : Event: ======'mode_base_will_start'====== Args={'player': 1, 'ball': 1, 'balls_remaining': 2, 'is_extra_ball': False}
2024-08-21 20:34:51,819 : INFO : EventManager : Event: ======'player_shot_qualify_p_target_enabled'====== Args={'value': True, 'prev_value': 0, 'change': 1, 'player_num': 1}
2024-08-21 20:34:51,820 : INFO : EventManager : Event: ======'player_shot_qualify_r_target_enabled'====== Args={'value': True, 'prev_value': 0, 'change': 1, 'player_num': 1}
2024-08-21 20:34:51,820 : INFO : EventManager : Event: ======'player_shot_qualify_o_target_enabled'====== Args={'value': True, 'prev_value': 0, 'change': 1, 'player_num': 1}
2024-08-21 20:34:51,820 : INFO : EventManager : Event: ======'player_shot_rainey_multiball_ball_lock_p2_target_enabled'====== Args={'value': True, 'prev_value': 0, 'change': 1, 'player_num': 1}
2024-08-21 20:34:51,820 : INFO : EventManager : Event: ======'player_shot_rainey_multiball_ball_lock_a_target_enabled'====== Args={'value': True, 'prev_value': 0, 'change': 1, 'player_num': 1}
2024-08-21 20:34:51,821 : INFO : EventManager : Event: ======'player_shot_rainey_multiball_ball_lock_n_target_enabled'====== Args={'value': True, 'prev_value': 0, 'change': 1, 'player_num': 1}
2024-08-21 20:34:51,821 : INFO : EventManager : Event: ======'player_shot_rainey_multiball_ball_lock_e_target_enabled'====== Args={'value': True, 'prev_value': 0, 'change': 1, 'player_num': 1}
2024-08-21 20:34:51,821 : INFO : EventManager : Event: ======'player_shot_mode_scoop_enabled'====== Args={'value': False, 'prev_value': 0, 'change': 0, 'player_num': 1}
2024-08-21 20:34:51,821 : INFO : EventManager : Event: ======'qualify_mission_complete'====== Args={'state': 'unlit'}
2024-08-21 20:34:51,821 : INFO : EventManager : Event: ======'qualify_mission_unlit_complete'====== Args={}
2024-08-21 20:34:51,821 : INFO : EventManager : Event: ======'light_rainey_multiball_ball_lock_complete'====== Args={'state': 'unlit'}
2024-08-21 20:34:51,821 : INFO : EventManager : Event: ======'light_rainey_multiball_ball_lock_unlit_complete'====== Args={}
2024-08-21 20:34:51,822 : INFO : EventManager : Event: ======'achievement_bill_bulk_and_the_body_buddies_changed_state'====== Args={'restore': False, 'state': 'enabled', 'selected': False}
2024-08-21 20:34:51,822 : INFO : EventManager : Event: ======'achievement_bill_bulk_and_the_body_buddies_state_enabled'====== Args={'restore': False, 'state': 'enabled', 'selected': False}
2024-08-21 20:34:51,824 : INFO : EventManager : Event: ======'mode_base_starting'====== Args={'player': 1, 'ball': 1, 'balls_remaining': 2, 'is_extra_ball': False}
2024-08-21 20:34:51,825 : INFO : EventManager : Event: ======'player_shot_mode_scoop_enabled'====== Args={'value': True, 'prev_value': False, 'change': 1, 'player_num': 1}
2024-08-21 20:34:51,825 : INFO : Mode.extra_ball : Started. Priority: 900
2024-08-21 20:34:51,825 : INFO : EventManager : Event: ======'modes_active_modes_changed'====== Args={}
2024-08-21 20:34:51,825 : INFO : EventManager : Event: ======'mode_extra_ball_started'====== Args={'player': 1, 'ball': 1, 'balls_remaining': 2, 'is_extra_ball': False}
2024-08-21 20:34:51,825 : INFO : EventManager : Event: ======'logicblock_mb_counter_updated'====== Args={'value': 0, 'enabled': False}
2024-08-21 20:34:51,825 : INFO : Mode.rainey_multiball : Started. Priority: 250
2024-08-21 20:34:51,825 : INFO : EventManager : Event: ======'modes_active_modes_changed'====== Args={}
2024-08-21 20:34:51,825 : INFO : EventManager : Event: ======'mode_rainey_multiball_started'====== Args={'queue': <QueuedEvent>, 'player': 1, 'ball': 1, 'balls_remaining': 2, 'is_extra_ball': False}
2024-08-21 20:34:51,825 : INFO : EventManager : Event: ======'logicblock_lb_BBQ_complete_count_updated'====== Args={'value': 1, 'enabled': True}
2024-08-21 20:34:51,825 : INFO : EventManager : Event: ======'logicblock_lb_BBQ_complete_count_updated'====== Args={'value': 1, 'enabled': True}
2024-08-21 20:34:51,825 : INFO : Mode.BBQ_rollover : Started. Priority: 200
2024-08-21 20:34:51,825 : INFO : EventManager : Event: ======'modes_active_modes_changed'====== Args={}
2024-08-21 20:34:51,826 : INFO : EventManager : Event: ======'mode_BBQ_rollover_started'====== Args={'player': 1, 'ball': 1, 'balls_remaining': 2, 'is_extra_ball': False}
2024-08-21 20:34:51,826 : INFO : EventManager : Event: ======'logicblock_lb_hank_complete_count_updated'====== Args={'value': 1, 'enabled': True}
2024-08-21 20:34:51,826 : INFO : EventManager : Event: ======'logicblock_lb_hank_complete_count_updated'====== Args={'value': 1, 'enabled': True}
2024-08-21 20:34:51,826 : INFO : Mode.hank_rollover : Started. Priority: 200
2024-08-21 20:34:51,826 : INFO : EventManager : Event: ======'modes_active_modes_changed'====== Args={}
2024-08-21 20:34:51,826 : INFO : EventManager : Event: ======'mode_hank_rollover_started'====== Args={'player': 1, 'ball': 1, 'balls_remaining': 2, 'is_extra_ball': False}
2024-08-21 20:34:51,826 : INFO : EventManager : Event: ======'player_bonus_multiplier'====== Args={'value': 1, 'prev_value': 0, 'change': 1, 'player_num': 1, 'source': 'BBQ_rollover'}
2024-08-21 20:34:51,826 : INFO : EventManager : Event: ======'logicblock_bill_mini_wizard_updated'====== Args={'value': [False, False], 'enabled': True}
2024-08-21 20:34:51,826 : INFO : EventManager : Event: ======'logicblock_dale_mini_wizard_updated'====== Args={'value': [False, False], 'enabled': True}
2024-08-21 20:34:51,826 : INFO : EventManager : Event: ======'logicblock_hank_mini_wizard_updated'====== Args={'value': [False, False], 'enabled': True}
2024-08-21 20:34:51,827 : INFO : EventManager : Event: ======'logicblock_boom_mini_wizard_updated'====== Args={'value': [False, False], 'enabled': True}
2024-08-21 20:34:51,827 : INFO : EventManager : Event: ======'logicblock_wizard_mode_updated'====== Args={'value': [False, False, False, False], 'enabled': True}
2024-08-21 20:34:51,827 : INFO : EventManager : Event: ======'logicblock_bill_mini_wizard_updated'====== Args={'value': [False, False], 'enabled': True}
2024-08-21 20:34:51,827 : INFO : EventManager : Event: ======'logicblock_dale_mini_wizard_updated'====== Args={'value': [False, False], 'enabled': True}
2024-08-21 20:34:51,827 : INFO : EventManager : Event: ======'logicblock_hank_mini_wizard_updated'====== Args={'value': [False, False], 'enabled': True}
2024-08-21 20:34:51,827 : INFO : EventManager : Event: ======'logicblock_boom_mini_wizard_updated'====== Args={'value': [False, False], 'enabled': True}
2024-08-21 20:34:51,827 : INFO : EventManager : Event: ======'logicblock_wizard_mode_updated'====== Args={'value': [False, False, False, False], 'enabled': True}
2024-08-21 20:34:51,827 : INFO : Mode.base : Started. Priority: 100
2024-08-21 20:34:51,827 : INFO : EventManager : Event: ======'modes_active_modes_changed'====== Args={}
2024-08-21 20:34:51,827 : INFO : EventManager : Event: ======'mode_base_started'====== Args={'player': 1, 'ball': 1, 'balls_remaining': 2, 'is_extra_ball': False}
2024-08-21 20:34:51,827 : INFO : EventManager : Event: ======'ball_save_default_enabled'====== Args={}
2024-08-21 20:34:51,827 : INFO : EventManager : Event: ======'single_player_ball_started'====== Args={}
2024-08-21 20:34:51,828 : INFO : EventManager : Event: ======'slide__removed'====== Args={'_from_bcp': True}
2024-08-21 20:34:51,828 : INFO : EventManager : Event: ======'ball_start_target'====== Args={'target': 'playfield'}
2024-08-21 20:34:51,828 : INFO : ball_device.bd_plunger : Setting up player-controlled eject. Balls: 1, Target: <playfield.playfield>, player_controlled_eject_event: s_launch_button_inactive
2024-08-21 20:34:51,828 : INFO : EventManager : Event: ======'balldevice_balls_available'====== Args={}
2024-08-21 20:34:51,829 : INFO : ball_device.bd_trough : State: waiting_for_target_ready
2024-08-21 20:34:51,829 : INFO : EventManager : Event: ======'balldevice_bd_trough_ball_eject_attempt'====== Args={'balls': 1, 'target': <ball_device.bd_plunger>, 'source': <ball_device.bd_trough>, 'mechanical_eject': True, 'num_attempts': 0}
2024-08-21 20:34:51,829 : INFO : ball_device.bd_plunger : State: waiting_for_ball
2024-08-21 20:34:51,829 : INFO : ball_device.bd_trough : State: ejecting
2024-08-21 20:34:51,829 : INFO : ball_device.bd_trough : Ejecting ball to <ball_device.bd_plunger>
2024-08-21 20:34:51,829 : INFO : EventManager : Event: ======'balldevice_bd_trough_ejecting_ball'====== Args={'balls': 1, 'target': <ball_device.bd_plunger>, 'source': <ball_device.bd_trough>, 'mechanical_eject': True, 'num_attempts': 0}
2024-08-21 20:34:51,829 : INFO : ball_device.bd_trough : Wait for ball to leave device
2024-08-21 20:34:51,829 : INFO : coil.c_trough_eject : Pulsing Driver for 20ms (1.0 pulse_power)
2024-08-21 20:34:51,829 : INFO : SwitchController : <<<<<<< 's_trough1' inactive >>>>>>>
2024-08-21 20:34:51,830 : INFO : ball_device.bd_trough : State: ball_left
2024-08-21 20:34:51,830 : INFO : ball_device.bd_trough : Ball left
2024-08-21 20:34:51,830 : INFO : ball_device.bd_trough : Wait for confirm with timeout 3.0
2024-08-21 20:34:51,847 : INFO : EventManager : Event: ======'slide_arlen_intro_created'====== Args={'_from_bcp': True}
2024-08-21 20:34:51,847 : INFO : EventManager : Event: ======'slide_arlen_intro_active'====== Args={'original_context': 'skillshot', 'original_calling_context': 'mode_skillshot_started', 'queue': '<QueuedEvent>', 'cmd': 'slides_play', '_from_bcp': True}
2024-08-21 20:34:51,853 : INFO : EventManager : Event: ======'slide_base_created'====== Args={'_from_bcp': True}
2024-08-21 20:34:51,931 : INFO : SwitchController : <<<<<<< 's_plunger' active >>>>>>>
2024-08-21 20:34:51,931 : INFO : EventManager : Event: ======'machine_var_audits_switches_s_plunger'====== Args={'value': 1172, 'prev_value': 1171, 'change': 1}
2024-08-21 20:34:51,965 : WARNING : SwitchController : Received duplicate switch state 1 for switch s_plunger from the platform interface. Log Code: Log-SwitchController-1 (https://missionpinball.org/logs)
2024-08-21 20:34:52,066 : INFO : SwitchController : <<<<<<< 's_plunger' inactive >>>>>>>
2024-08-21 20:34:52,810 : INFO : EventManager : Event: ======'player_skillshot_skillshot_rotate_tick'====== Args={'value': 1, 'prev_value': 0, 'change': 1, 'player_num': 1}
2024-08-21 20:34:52,812 : INFO : EventManager : Event: ======'timer_skillshot_rotate_tick'====== Args={'ticks': 1, 'ticks_remaining': 0}
2024-08-21 20:34:52,813 : INFO : EventManager : Event: ======'player_shot_skillshot_p_target'====== Args={'value': 0, 'prev_value': 1, 'change': -1, 'player_num': 1}
2024-08-21 20:34:52,814 : INFO : EventManager : Event: ======'player_shot_skillshot_r_target'====== Args={'value': 1, 'prev_value': 0, 'change': 1, 'player_num': 1}
2024-08-21 20:34:53,600 : INFO : SwitchController : <<<<<<< 's_plunger_lane_exit' active >>>>>>>
2024-08-21 20:34:53,600 : INFO : EventManager : Event: ======'s_plunger_lane_exit_active'====== Args={}
2024-08-21 20:34:53,600 : INFO : EventManager : Event: ======'sw_playfield_active'====== Args={}
2024-08-21 20:34:53,601 : INFO : EventManager : Event: ======'machine_var_audits_switches_s_plunger_lane_exit'====== Args={'value': 891, 'prev_value': 890, 'change': 1}
2024-08-21 20:34:53,602 : INFO : EventManager : Event: ======'ball_save_default_timer_start'====== Args={}
2024-08-21 20:34:53,603 : INFO : EventManager : Event: ======'playfield_active'====== Args={}
2024-08-21 20:34:53,603 : INFO : EventManager : Event: ======'unexpected_ball_on_playfield'====== Args={}
2024-08-21 20:34:53,700 : INFO : SwitchController : <<<<<<< 's_plunger_lane_exit' inactive >>>>>>>
2024-08-21 20:34:53,700 : INFO : EventManager : Event: ======'s_plunger_lane_exit_inactive'====== Args={}
2024-08-21 20:34:53,700 : INFO : Timer.skillshot_rotate : Stopping Timer
2024-08-21 20:34:53,700 : INFO : EventManager : Event: ======'timer_skillshot_rotate_stopped'====== Args={'ticks': 1, 'ticks_remaining': 0}
2024-08-21 20:34:53,700 : INFO : EventManager : Event: ======'advance_skillshot_2'====== Args={'priority': 0}
2024-08-21 20:34:53,700 : INFO : EventManager : Event: ======'player_shot_skillshot_r_target'====== Args={'value': 2, 'prev_value': 1, 'change': 1, 'player_num': 1}
2024-08-21 20:34:54,831 : INFO : ball_device.bd_trough : State: failed_confirm
2024-08-21 20:34:54,832 : INFO : ball_device.bd_trough : Got timeout (3.0s) before confirm from <ball_device.bd_plunger>
2024-08-21 20:34:54,834 : INFO : ball_device.bd_plunger : Expecting incoming ball which may skip the device.
2024-08-21 20:34:54,834 : INFO : EventManager : Event: ======'balldevice_bd_plunger_ejecting_ball'====== Args={'balls': 1, 'target': <playfield.playfield>, 'source': <ball_device.bd_plunger>, 'mechanical_eject': False, 'num_attempts': 1}
2024-08-21 20:34:54,915 : INFO : SwitchController : <<<<<<< 's_p_target' active >>>>>>>
2024-08-21 20:34:54,916 : INFO : EventManager : Event: ======'playfield_active'====== Args={}
2024-08-21 20:34:54,916 : INFO : EventManager : Event: ======'playfield_active'====== Args={}
2024-08-21 20:34:54,916 : INFO : EventManager : Event: ======'s_p_target_active'====== Args={}
2024-08-21 20:34:54,916 : INFO : EventManager : Event: ======'machine_var_audits_switches_s_p_target'====== Args={'value': 555, 'prev_value': 554, 'change': 1}
2024-08-21 20:34:54,917 : INFO : EventManager : Event: ======'machine_var_audits_shots_skillshot_p_target'====== Args={'value': 68, 'prev_value': 67, 'change': 1}
2024-08-21 20:34:54,917 : INFO : EventManager : Event: ======'skillshot_p_target_hit'====== Args={'profile': 'skillshot_profile', 'state': 'off', 'advancing': False}
2024-08-21 20:34:54,917 : INFO : EventManager : Event: ======'skillshot_p_target_skillshot_profile_hit'====== Args={'profile': 'skillshot_profile', 'state': 'off', 'advancing': False}
2024-08-21 20:34:54,917 : INFO : EventManager : Event: ======'skillshot_p_target_skillshot_profile_off_hit'====== Args={'profile': 'skillshot_profile', 'state': 'off', 'advancing': False}
2024-08-21 20:34:54,917 : INFO : EventManager : Event: ======'skillshot_p_target_off_hit'====== Args={'profile': 'skillshot_profile', 'state': 'off', 'advancing': False}
2024-08-21 20:34:54,917 : INFO : EventManager : Event: ======'player_shot_qualify_p_target'====== Args={'value': 1, 'prev_value': 0, 'change': 1, 'player_num': 1}
2024-08-21 20:34:54,918 : INFO : EventManager : Event: ======'machine_var_audits_shots_qualify_p_target'====== Args={'value': 333, 'prev_value': 332, 'change': 1}
2024-08-21 20:34:54,918 : INFO : EventManager : Event: ======'qualify_p_target_hit'====== Args={'profile': 'mission_qualify', 'state': 'unlit', 'advancing': True}
2024-08-21 20:34:54,918 : INFO : EventManager : Event: ======'qualify_p_target_mission_qualify_hit'====== Args={'profile': 'mission_qualify', 'state': 'unlit', 'advancing': True}
2024-08-21 20:34:54,918 : INFO : EventManager : Event: ======'qualify_p_target_mission_qualify_unlit_hit'====== Args={'profile': 'mission_qualify', 'state': 'unlit', 'advancing': True}
2024-08-21 20:34:54,918 : INFO : EventManager : Event: ======'qualify_p_target_unlit_hit'====== Args={'profile': 'mission_qualify', 'state': 'unlit', 'advancing': True}
2024-08-21 20:34:54,918 : INFO : EventManager : Event: ======'player_score'====== Args={'value': 50, 'prev_value': 0, 'change': 50, 'player_num': 1, 'source': 'base'}
2024-08-21 20:34:54,922 : INFO : EventManager : Event: ======'skillshot_hit'====== Args={'shot': 'skillshot_p_target'}
2024-08-21 20:34:54,922 : INFO : EventManager : Event: ======'skillshot_off_hit'====== Args={'shot': 'skillshot_p_target'}
2024-08-21 20:34:54,922 : INFO : EventManager : Event: ======'stop_mode_skillshot'====== Args={'priority': 0}
2024-08-21 20:34:54,922 : INFO : EventManager : Event: ======'mode_skillshot_will_stop'====== Args={}
2024-08-21 20:34:54,922 : INFO : EventManager : Event: ======'mode_skillshot_stopping'====== Args={}
2024-08-21 20:34:54,923 : INFO : EventManager : Event: ======'qualify_mission_hit'====== Args={'shot': 'qualify_p_target'}
2024-08-21 20:34:54,923 : INFO : EventManager : Event: ======'qualify_mission_unlit_hit'====== Args={'shot': 'qualify_p_target'}
2024-08-21 20:34:54,923 : INFO : Mode.skillshot : Stopped.
2024-08-21 20:34:54,923 : INFO : EventManager : Event: ======'modes_active_modes_changed'====== Args={}
2024-08-21 20:34:54,924 : INFO : EventManager : Event: ======'mode_skillshot_stopped'====== Args={}
2024-08-21 20:34:54,924 : INFO : EventManager : Event: ======'clear'====== Args={'key': 'skillshot'}
2024-08-21 20:34:54,924 : INFO : Timer.skillshot_rotate : Stopping Timer
2024-08-21 20:34:54,924 : INFO : EventManager : Event: ======'timer_skillshot_rotate_stopped'====== Args={'ticks': 1, 'ticks_remaining': 0}
2024-08-21 20:34:54,931 : INFO : EventManager : Event: ======'slide_arlen_intro_inactive'====== Args={'_from_bcp': True}
2024-08-21 20:34:54,931 : INFO : EventManager : Event: ======'slide_base_active'====== Args={'_from_bcp': True}
2024-08-21 20:34:54,931 : INFO : EventManager : Event: ======'slide_arlen_intro_removed'====== Args={'_from_bcp': True}
2024-08-21 20:34:54,999 : INFO : SwitchController : <<<<<<< 's_p_target' inactive >>>>>>>
2024-08-21 20:34:55,454 : INFO : SwitchController : <<<<<<< 's_r_target' active >>>>>>>
2024-08-21 20:34:55,454 : INFO : EventManager : Event: ======'playfield_active'====== Args={}
2024-08-21 20:34:55,454 : INFO : EventManager : Event: ======'playfield_active'====== Args={}
2024-08-21 20:34:55,454 : INFO : EventManager : Event: ======'s_r_target_active'====== Args={}
2024-08-21 20:34:55,454 : INFO : EventManager : Event: ======'machine_var_audits_switches_s_r_target'====== Args={'value': 408, 'prev_value': 407, 'change': 1}
2024-08-21 20:34:55,456 : INFO : EventManager : Event: ======'player_shot_qualify_r_target'====== Args={'value': 1, 'prev_value': 0, 'change': 1, 'player_num': 1}
2024-08-21 20:34:55,457 : INFO : EventManager : Event: ======'machine_var_audits_shots_qualify_r_target'====== Args={'value': 367, 'prev_value': 366, 'change': 1}
2024-08-21 20:34:55,458 : INFO : EventManager : Event: ======'qualify_r_target_hit'====== Args={'profile': 'mission_qualify', 'state': 'unlit', 'advancing': True}
2024-08-21 20:34:55,458 : INFO : EventManager : Event: ======'qualify_r_target_mission_qualify_hit'====== Args={'profile': 'mission_qualify', 'state': 'unlit', 'advancing': True}
2024-08-21 20:34:55,459 : INFO : EventManager : Event: ======'qualify_r_target_mission_qualify_unlit_hit'====== Args={'profile': 'mission_qualify', 'state': 'unlit', 'advancing': True}
2024-08-21 20:34:55,459 : INFO : EventManager : Event: ======'qualify_r_target_unlit_hit'====== Args={'profile': 'mission_qualify', 'state': 'unlit', 'advancing': True}
2024-08-21 20:34:55,459 : INFO : EventManager : Event: ======'player_score'====== Args={'value': 100, 'prev_value': 50, 'change': 50, 'player_num': 1, 'source': 'base'}
2024-08-21 20:34:55,460 : INFO : EventManager : Event: ======'qualify_mission_hit'====== Args={'shot': 'qualify_r_target'}
2024-08-21 20:34:55,460 : INFO : EventManager : Event: ======'qualify_mission_unlit_hit'====== Args={'shot': 'qualify_r_target'}
2024-08-21 20:34:55,557 : INFO : SwitchController : <<<<<<< 's_r_target' inactive >>>>>>>
2024-08-21 20:34:56,226 : INFO : SwitchController : <<<<<<< 's_o_target' active >>>>>>>
2024-08-21 20:34:56,226 : INFO : EventManager : Event: ======'playfield_active'====== Args={}
2024-08-21 20:34:56,227 : INFO : EventManager : Event: ======'playfield_active'====== Args={}
2024-08-21 20:34:56,227 : INFO : EventManager : Event: ======'s_o_target_active'====== Args={}
2024-08-21 20:34:56,228 : INFO : EventManager : Event: ======'machine_var_audits_switches_s_o_target'====== Args={'value': 405, 'prev_value': 404, 'change': 1}
2024-08-21 20:34:56,229 : INFO : EventManager : Event: ======'player_shot_qualify_o_target'====== Args={'value': 1, 'prev_value': 0, 'change': 1, 'player_num': 1}
2024-08-21 20:34:56,230 : INFO : EventManager : Event: ======'machine_var_audits_shots_qualify_o_target'====== Args={'value': 357, 'prev_value': 356, 'change': 1}
2024-08-21 20:34:56,232 : INFO : EventManager : Event: ======'qualify_o_target_hit'====== Args={'profile': 'mission_qualify', 'state': 'unlit', 'advancing': True}
2024-08-21 20:34:56,232 : INFO : EventManager : Event: ======'qualify_o_target_mission_qualify_hit'====== Args={'profile': 'mission_qualify', 'state': 'unlit', 'advancing': True}
2024-08-21 20:34:56,232 : INFO : EventManager : Event: ======'qualify_o_target_mission_qualify_unlit_hit'====== Args={'profile': 'mission_qualify', 'state': 'unlit', 'advancing': True}
2024-08-21 20:34:56,232 : INFO : EventManager : Event: ======'qualify_o_target_unlit_hit'====== Args={'profile': 'mission_qualify', 'state': 'unlit', 'advancing': True}
2024-08-21 20:34:56,232 : INFO : EventManager : Event: ======'player_score'====== Args={'value': 150, 'prev_value': 100, 'change': 50, 'player_num': 1, 'source': 'base'}
2024-08-21 20:34:56,233 : INFO : EventManager : Event: ======'qualify_mission_complete'====== Args={'state': 'lit'}
2024-08-21 20:34:56,233 : INFO : EventManager : Event: ======'qualify_mission_lit_complete'====== Args={}
2024-08-21 20:34:56,233 : INFO : EventManager : Event: ======'qualify_mission_hit'====== Args={'shot': 'qualify_o_target'}
2024-08-21 20:34:56,233 : INFO : EventManager : Event: ======'qualify_mission_unlit_hit'====== Args={'shot': 'qualify_o_target'}
2024-08-21 20:34:56,320 : INFO : SwitchController : <<<<<<< 's_o_target' inactive >>>>>>>
2024-08-21 20:34:56,735 : INFO : EventManager : Event: ======'player_shot_qualify_p_target'====== Args={'value': 0, 'prev_value': 1, 'change': -1, 'player_num': 1}
2024-08-21 20:34:56,737 : INFO : EventManager : Event: ======'player_shot_qualify_r_target'====== Args={'value': 0, 'prev_value': 1, 'change': -1, 'player_num': 1}
2024-08-21 20:34:56,738 : INFO : EventManager : Event: ======'player_shot_qualify_o_target'====== Args={'value': 0, 'prev_value': 1, 'change': -1, 'player_num': 1}
2024-08-21 20:34:56,739 : INFO : EventManager : Event: ======'qualify_mission_complete'====== Args={'state': 'unlit'}
2024-08-21 20:34:56,740 : INFO : EventManager : Event: ======'qualify_mission_unlit_complete'====== Args={}
2024-08-21 20:34:57,837 : INFO : ball_device.bd_plunger : Got confirm for skipping ball.
2024-08-21 20:34:57,837 : INFO : ball_device.bd_plunger : Eject successful
2024-08-21 20:34:57,837 : INFO : EventManager : Event: ======'balldevice_bd_plunger_ball_eject_success'====== Args={'balls': 1, 'target': <playfield.playfield>}
2024-08-21 20:34:57,839 : INFO : EventManager : Event: ======'balldevice_playfield_ball_enter'====== Args={'new_balls': 1, 'unclaimed_balls': 1, 'device': <playfield.playfield>}
2024-08-21 20:34:57,839 : INFO : EventManager : Event: ======'playfield_ball_count_change'====== Args={'balls': 1, 'change': 1}
2024-08-21 20:34:57,840 : INFO : ball_device.bd_plunger : State: idle
2024-08-21 20:34:57,841 : INFO : ball_device.bd_trough : Eject successful
2024-08-21 20:34:57,841 : INFO : EventManager : Event: ======'balldevice_bd_trough_ball_eject_success'====== Args={'balls': 1, 'target': <ball_device.bd_plunger>}
2024-08-21 20:34:57,842 : INFO : EventManager : Event: ======'balldevice_bd_trough_ball_count_changed'====== Args={'balls': 5}
2024-08-21 20:34:57,842 : INFO : ball_device.bd_trough : State: idle
2024-08-21 20:34:58,088 : INFO : SwitchController : <<<<<<< 's_scoop' active >>>>>>>
2024-08-21 20:34:58,088 : INFO : EventManager : Event: ======'s_scoop_active'====== Args={}
2024-08-21 20:34:58,088 : INFO : EventManager : Event: ======'machine_var_audits_switches_s_scoop'====== Args={'value': 615, 'prev_value': 614, 'change': 1}
2024-08-21 20:34:58,090 : INFO : EventManager : Event: ======'player_shot_mode_scoop'====== Args={'value': 1, 'prev_value': 0, 'change': 1, 'player_num': 1}
2024-08-21 20:34:58,100 : INFO : EventManager : Event: ======'machine_var_audits_shots_mode_scoop'====== Args={'value': 3, 'prev_value': 2, 'change': 1}
2024-08-21 20:34:58,101 : INFO : EventManager : Event: ======'mode_scoop_hit'====== Args={'profile': 'default', 'state': 'unlit', 'advancing': True}
2024-08-21 20:34:58,101 : INFO : EventManager : Event: ======'mode_scoop_default_hit'====== Args={'profile': 'default', 'state': 'unlit', 'advancing': True}
2024-08-21 20:34:58,101 : INFO : EventManager : Event: ======'mode_scoop_default_unlit_hit'====== Args={'profile': 'default', 'state': 'unlit', 'advancing': True}
2024-08-21 20:34:58,101 : INFO : EventManager : Event: ======'mode_scoop_unlit_hit'====== Args={'profile': 'default', 'state': 'unlit', 'advancing': True}
2024-08-21 20:34:58,101 : INFO : EventManager : Event: ======'mode_mission_select_will_start'====== Args={'profile': 'default', 'state': 'unlit', 'advancing': True}
2024-08-21 20:34:58,103 : INFO : EventManager : Event: ======'mode_mission_select_starting'====== Args={'profile': 'default', 'state': 'unlit', 'advancing': True}
2024-08-21 20:34:58,103 : INFO : Mode.mission_select : Started. Priority: 800
2024-08-21 20:34:58,103 : INFO : EventManager : Event: ======'modes_active_modes_changed'====== Args={}
2024-08-21 20:34:58,103 : INFO : EventManager : Event: ======'mode_mission_select_started'====== Args={'profile': 'default', 'state': 'unlit', 'advancing': True}
2024-08-21 20:34:58,104 : INFO : EventManager : Event: ======'item_highlighted'====== Args={'carousel': 'mission_select', 'direction': None, 'item': 'beat_the_surfer'}
2024-08-21 20:34:58,199 : INFO : EventManager : Event: ======'slide_mission_select_created'====== Args={'_from_bcp': True}
2024-08-21 20:34:58,199 : INFO : EventManager : Event: ======'slide_base_inactive'====== Args={'_from_bcp': True}
2024-08-21 20:34:58,199 : INFO : EventManager : Event: ======'slide_mission_select_active'====== Args={'original_context': 'mission_select', 'original_calling_context': 'mode_mission_select_started', 'profile': 'default', 'state': 'unlit', 'cmd': 'slides_play', '_from_bcp': True}
2024-08-21 20:34:58,199 : INFO : EventManager : Event: ======'slide_base_removed'====== Args={'_from_bcp': True}
2024-08-21 20:34:58,590 : INFO : EventManager : Event: ======'balldevice_bd_scoop_ball_count_changed'====== Args={'balls': 1}
2024-08-21 20:34:58,591 : INFO : ball_device.bd_scoop : Received unexpected ball
2024-08-21 20:34:58,591 : INFO : EventManager : Event: ======'balldevice_captured_from_playfield'====== Args={'balls': 1}
2024-08-21 20:34:58,592 : INFO : EventManager : Event: ======'sw_playfield_active'====== Args={'balls': 1}
2024-08-21 20:34:58,592 : INFO : EventManager : Event: ======'playfield_ball_count_change'====== Args={'balls': 0, 'change': -1}
2024-08-21 20:34:58,593 : INFO : EventManager : Event: ======'balldevice_bd_scoop_ball_enter'====== Args={'new_balls': 1, 'unclaimed_balls': 1, 'new_available_balls': 1, 'device': <ball_device.bd_scoop>}
2024-08-21 20:34:58,594 : INFO : EventManager : Event: ======'ball_hold_scoop_held_ball'====== Args={'balls_held': 1, 'total_balls_held': 1}
2024-08-21 20:34:58,594 : INFO : EventManager : Event: ======'ball_hold_scoop_full'====== Args={'balls': 1}
2024-08-21 20:34:58,595 : INFO : EventManager : Event: ======'balldevice_balls_available'====== Args={}
2024-08-21 20:34:58,595 : INFO : EventManager : Event: ======'balldevice_bd_scoop_ball_entered'====== Args={'new_balls': 1, 'device': <ball_device.bd_scoop>}
2024-08-21 20:34:58,603 : INFO : EventManager : Event: ======'stop_mode_skillshot'====== Args={'priority': 0}
2024-08-21 20:34:59,909 : INFO : SwitchController : <<<<<<< 's_start' active >>>>>>>
2024-08-21 20:34:59,910 : INFO : EventManager : Event: ======'s_start_active'====== Args={}
2024-08-21 20:34:59,910 : INFO : EventManager : Event: ======'machine_var_audits_switches_s_start'====== Args={'value': 672, 'prev_value': 671, 'change': 1}
2024-08-21 20:34:59,913 : INFO : EventManager : Event: ======'sw_add_player'====== Args={'priority': 0}
2024-08-21 20:34:59,913 : INFO : EventManager : Event: ======'player_add_request'====== Args={}
2024-08-21 20:34:59,913 : INFO : EventManager : Event: ======'player_will_add'====== Args={'number': 2}
2024-08-21 20:34:59,914 : INFO : EventManager : Event: ======'player_adding'====== Args={'player': <Player 2>, 'number': 2}
2024-08-21 20:34:59,914 : INFO : EventManager : Event: ======'player_added'====== Args={'player': <Player 2>, 'num': 2}
2024-08-21 20:34:59,914 : INFO : Mode.game : Player added successfully. Total players: 2
2024-08-21 20:34:59,914 : INFO : EventManager : Event: ======'multiplayer_game'====== Args={}
2024-08-21 20:34:59,915 : INFO : EventManager : Event: ======'player_index'====== Args={'value': 1, 'prev_value': 1, 'change': 0, 'player_num': 2}
2024-08-21 20:34:59,915 : INFO : EventManager : Event: ======'player_number'====== Args={'value': 2, 'prev_value': 2, 'change': 0, 'player_num': 2}
2024-08-21 20:34:59,916 : INFO : EventManager : Event: ======'player_score'====== Args={'value': 0, 'prev_value': 0, 'change': 0, 'player_num': 2}
2024-08-21 20:34:59,923 : INFO : EventManager : Event: ======'stop_mode_skillshot'====== Args={'priority': 0}
2024-08-21 20:34:59,924 : INFO : EventManager : Event: ======'stop_mode_skillshot'====== Args={'priority': 0}
2024-08-21 20:35:00,033 : INFO : SwitchController : <<<<<<< 's_start' inactive >>>>>>>
2024-08-21 20:35:00,033 : INFO : EventManager : Event: ======'s_start_inactive'====== Args={}
2024-08-21 20:35:00,033 : INFO : EventManager : Event: ======'mission_select_beat_the_surfer_selected'====== Args={}
2024-08-21 20:35:00,033 : INFO : EventManager : Event: ======'mission_select_item_selected'====== Args={}
2024-08-21 20:35:00,033 : INFO : EventManager : Event: ======'player_selected_mission'====== Args={'value': 'beat the surfer', 'prev_value': 0, 'change': True, 'player_num': 1, 'source': 'mission_select'}
2024-08-21 20:35:00,034 : INFO : EventManager : Event: ======'mode_beat_the_surfer_will_start'====== Args={}
2024-08-21 20:35:00,034 : INFO : EventManager : Event: ======'player_beat_the_surfer_beat_the_surfer_mode_countdown_tick'====== Args={'value': 5, 'prev_value': 0, 'change': 5, 'player_num': 1}
2024-08-21 20:35:00,034 : INFO : Timer.beat_the_surfer_mode_countdown : Starting Timer.
2024-08-21 20:35:00,034 : INFO : EventManager : Event: ======'timer_beat_the_surfer_mode_countdown_started'====== Args={'ticks': 5, 'ticks_remaining': 5}
2024-08-21 20:35:00,034 : INFO : EventManager : Event: ======'timer_beat_the_surfer_mode_countdown_tick'====== Args={'ticks': 5, 'ticks_remaining': 5}
2024-08-21 20:35:00,034 : INFO : EventManager : Event: ======'mode_beat_the_surfer_starting'====== Args={}
2024-08-21 20:35:00,035 : INFO : EventManager : Event: ======'mode_mission_select_will_stop'====== Args={}
2024-08-21 20:35:00,035 : INFO : EventManager : Event: ======'mode_mission_select_stopping'====== Args={}
2024-08-21 20:35:00,035 : INFO : ball_device.bd_scoop : Adding 1 ball(s) to the eject_queue with target <playfield.playfield>.
2024-08-21 20:35:00,035 : INFO : EventManager : Event: ======'balldevice_balls_available'====== Args={}
2024-08-21 20:35:00,035 : INFO : EventManager : Event: ======'ball_hold_scoop_balls_released'====== Args={'balls_released': 1}
2024-08-21 20:35:00,035 : INFO : Mode.beat_the_surfer : Started. Priority: 130
2024-08-21 20:35:00,035 : INFO : EventManager : Event: ======'modes_active_modes_changed'====== Args={}
2024-08-21 20:35:00,035 : INFO : EventManager : Event: ======'mode_beat_the_surfer_started'====== Args={}
2024-08-21 20:35:00,035 : INFO : Mode.mission_select : Stopped.
2024-08-21 20:35:00,035 : INFO : EventManager : Event: ======'modes_active_modes_changed'====== Args={}
2024-08-21 20:35:00,036 : INFO : EventManager : Event: ======'mode_mission_select_stopped'====== Args={}
2024-08-21 20:35:00,036 : INFO : EventManager : Event: ======'clear'====== Args={'key': 'mission_select'}
2024-08-21 20:35:00,036 : INFO : ball_device.bd_scoop : State: waiting_for_target_ready
2024-08-21 20:35:00,036 : INFO : EventManager : Event: ======'balldevice_bd_scoop_ball_eject_attempt'====== Args={'balls': 1, 'target': <playfield.playfield>, 'source': <ball_device.bd_scoop>, 'mechanical_eject': False, 'num_attempts': 0}
2024-08-21 20:35:00,036 : INFO : ball_device.bd_scoop : State: ejecting
2024-08-21 20:35:00,037 : INFO : ball_device.bd_scoop : Ejecting ball to <playfield.playfield>
2024-08-21 20:35:00,037 : INFO : EventManager : Event: ======'balldevice_bd_scoop_ejecting_ball'====== Args={'balls': 1, 'target': <playfield.playfield>, 'source': <ball_device.bd_scoop>, 'mechanical_eject': False, 'num_attempts': 0}
2024-08-21 20:35:00,037 : INFO : ball_device.bd_scoop : Wait for ball to leave device
2024-08-21 20:35:00,037 : INFO : coil.c_scoop_eject : Pulsing Driver for 10ms (1.0 pulse_power)
2024-08-21 20:35:00,037 : INFO : SwitchController : <<<<<<< 's_scoop' inactive >>>>>>>
2024-08-21 20:35:00,037 : INFO : ball_device.bd_scoop : State: ball_left
2024-08-21 20:35:00,037 : INFO : ball_device.bd_scoop : Ball left
2024-08-21 20:35:00,037 : INFO : ball_device.bd_scoop : Wait for confirm with timeout 10.0
2024-08-21 20:35:00,061 : INFO : EventManager : Event: ======'slide_beat_the_surfer_created'====== Args={'_from_bcp': True}
2024-08-21 20:35:00,066 : INFO : EventManager : Event: ======'slide_mission_select_inactive'====== Args={'_from_bcp': True}
2024-08-21 20:35:00,066 : INFO : EventManager : Event: ======'slide_beat_the_surfer_active'====== Args={'_from_bcp': True}
2024-08-21 20:35:00,067 : INFO : EventManager : Event: ======'slide_mission_select_removed'====== Args={'_from_bcp': True}
2024-08-21 20:35:01,035 : INFO : EventManager : Event: ======'player_beat_the_surfer_beat_the_surfer_mode_countdown_tick'====== Args={'value': 4, 'prev_value': 5, 'change': -1, 'player_num': 1}
2024-08-21 20:35:01,038 : INFO : EventManager : Event: ======'timer_beat_the_surfer_mode_countdown_tick'====== Args={'ticks': 4, 'ticks_remaining': 4}
2024-08-21 20:35:01,603 : INFO : EventManager : Event: ======'ball_save_default_hurry_up'====== Args={}
2024-08-21 20:35:02,035 : INFO : EventManager : Event: ======'player_beat_the_surfer_beat_the_surfer_mode_countdown_tick'====== Args={'value': 3, 'prev_value': 4, 'change': -1, 'player_num': 1}
2024-08-21 20:35:02,036 : INFO : EventManager : Event: ======'timer_beat_the_surfer_mode_countdown_tick'====== Args={'ticks': 3, 'ticks_remaining': 3}
2024-08-21 20:35:03,035 : INFO : EventManager : Event: ======'player_beat_the_surfer_beat_the_surfer_mode_countdown_tick'====== Args={'value': 2, 'prev_value': 3, 'change': -1, 'player_num': 1}
2024-08-21 20:35:03,036 : INFO : EventManager : Event: ======'timer_beat_the_surfer_mode_countdown_tick'====== Args={'ticks': 2, 'ticks_remaining': 2}
2024-08-21 20:35:03,603 : INFO : EventManager : Event: ======'ball_save_default_grace_period'====== Args={}
2024-08-21 20:35:04,034 : INFO : EventManager : Event: ======'player_beat_the_surfer_beat_the_surfer_mode_countdown_tick'====== Args={'value': 1, 'prev_value': 2, 'change': -1, 'player_num': 1}
2024-08-21 20:35:04,035 : INFO : EventManager : Event: ======'timer_beat_the_surfer_mode_countdown_tick'====== Args={'ticks': 1, 'ticks_remaining': 1}
2024-08-21 20:35:05,035 : INFO : EventManager : Event: ======'player_beat_the_surfer_beat_the_surfer_mode_countdown_tick'====== Args={'value': 0, 'prev_value': 1, 'change': -1, 'player_num': 1}
2024-08-21 20:35:05,037 : INFO : Timer.beat_the_surfer_mode_countdown : Timer Complete
2024-08-21 20:35:05,037 : INFO : Timer.beat_the_surfer_mode_countdown : Stopping Timer
2024-08-21 20:35:05,037 : INFO : EventManager : Event: ======'timer_beat_the_surfer_mode_countdown_stopped'====== Args={'ticks': 0, 'ticks_remaining': 1}
2024-08-21 20:35:05,038 : INFO : EventManager : Event: ======'timer_beat_the_surfer_mode_countdown_complete'====== Args={'ticks': 0, 'ticks_remaining': 1}
2024-08-21 20:35:05,039 : INFO : EventManager : Event: ======'mode_beat_the_surfer_will_stop'====== Args={}
2024-08-21 20:35:05,039 : INFO : EventManager : Event: ======'mode_beat_the_surfer_stopping'====== Args={}
2024-08-21 20:35:05,040 : INFO : Mode.beat_the_surfer : Stopped.
2024-08-21 20:35:05,040 : INFO : EventManager : Event: ======'modes_active_modes_changed'====== Args={}
2024-08-21 20:35:05,041 : INFO : EventManager : Event: ======'mode_beat_the_surfer_stopped'====== Args={}
2024-08-21 20:35:05,041 : INFO : EventManager : Event: ======'clear'====== Args={'key': 'beat_the_surfer'}
2024-08-21 20:35:05,042 : INFO : EventManager : Event: ======'logicblock_boom_mini_wizard_updated'====== Args={'value': [False, True], 'enabled': True}
2024-08-21 20:35:05,042 : INFO : EventManager : Event: ======'logicblock_boom_mini_wizard_hit'====== Args={'step': 1}
2024-08-21 20:35:05,043 : INFO : Timer.beat_the_surfer_mode_countdown : Stopping Timer
2024-08-21 20:35:05,043 : INFO : EventManager : Event: ======'timer_beat_the_surfer_mode_countdown_stopped'====== Args={'ticks': 0, 'ticks_remaining': 1}
2024-08-21 20:35:05,062 : INFO : EventManager : Event: ======'slide_base_created'====== Args={'_from_bcp': True}
2024-08-21 20:35:05,062 : INFO : EventManager : Event: ======'slide_beat_the_surfer_inactive'====== Args={'_from_bcp': True}
2024-08-21 20:35:05,062 : INFO : EventManager : Event: ======'slide_base_active'====== Args={'original_context': 'base', 'original_calling_context': 'mode_beat_the_surfer_stopped', 'cmd': 'slides_play', '_from_bcp': True}
2024-08-21 20:35:05,062 : INFO : EventManager : Event: ======'slide_beat_the_surfer_removed'====== Args={'_from_bcp': True}
2024-08-21 20:35:05,365 : INFO : Machine : Shutting down...
2024-08-21 20:35:05,365 : INFO : EventManager : Event: ======'shutdown'====== Args={}
2024-08-21 20:35:05,370 : INFO : EventManager : Event: ======'mode_game_will_stop'====== Args={}
2024-08-21 20:35:05,370 : INFO : EventManager : Event: ======'mode_game_stopping'====== Args={}
2024-08-21 20:35:05,371 : INFO : EventManager : Event: ======'mode_base_will_stop'====== Args={}
2024-08-21 20:35:05,371 : INFO : EventManager : Event: ======'mode_base_stopping'====== Args={}
2024-08-21 20:35:05,371 : INFO : EventManager : Event: ======'mode_extra_ball_will_stop'====== Args={}
2024-08-21 20:35:05,371 : INFO : EventManager : Event: ======'mode_extra_ball_stopping'====== Args={}
2024-08-21 20:35:05,371 : INFO : EventManager : Event: ======'mode_rainey_multiball_will_stop'====== Args={}
2024-08-21 20:35:05,371 : INFO : EventManager : Event: ======'mode_rainey_multiball_stopping'====== Args={}
2024-08-21 20:35:05,371 : INFO : EventManager : Event: ======'mode_BBQ_rollover_will_stop'====== Args={}
2024-08-21 20:35:05,371 : INFO : EventManager : Event: ======'mode_BBQ_rollover_stopping'====== Args={}
2024-08-21 20:35:05,371 : INFO : EventManager : Event: ======'mode_hank_rollover_will_stop'====== Args={}
2024-08-21 20:35:05,371 : INFO : EventManager : Event: ======'mode_hank_rollover_stopping'====== Args={}
2024-08-21 20:35:05,372 : INFO : Mode.hank_rollover : Stopped.
2024-08-21 20:35:05,372 : INFO : EventManager : Event: ======'modes_active_modes_changed'====== Args={}
2024-08-21 20:35:05,372 : INFO : EventManager : Event: ======'mode_hank_rollover_stopped'====== Args={}
2024-08-21 20:35:05,372 : INFO : EventManager : Event: ======'clear'====== Args={'key': 'hank_rollover'}
2024-08-21 20:35:05,373 : INFO : Mode.BBQ_rollover : Stopped.
2024-08-21 20:35:05,374 : INFO : EventManager : Event: ======'modes_active_modes_changed'====== Args={}
2024-08-21 20:35:05,374 : INFO : EventManager : Event: ======'mode_BBQ_rollover_stopped'====== Args={}
2024-08-21 20:35:05,374 : INFO : EventManager : Event: ======'clear'====== Args={'key': 'BBQ_rollover'}
2024-08-21 20:35:05,375 : INFO : Mode.rainey_multiball : Stopped.
2024-08-21 20:35:05,375 : INFO : EventManager : Event: ======'modes_active_modes_changed'====== Args={}
2024-08-21 20:35:05,375 : INFO : EventManager : Event: ======'mode_rainey_multiball_stopped'====== Args={}
2024-08-21 20:35:05,375 : INFO : EventManager : Event: ======'clear'====== Args={'key': 'rainey_multiball'}
2024-08-21 20:35:05,375 : INFO : Mode.extra_ball : Stopped.
2024-08-21 20:35:05,375 : INFO : EventManager : Event: ======'modes_active_modes_changed'====== Args={}
2024-08-21 20:35:05,375 : INFO : EventManager : Event: ======'mode_extra_ball_stopped'====== Args={}
2024-08-21 20:35:05,375 : INFO : EventManager : Event: ======'clear'====== Args={'key': 'extra_ball'}
2024-08-21 20:35:05,376 : INFO : Mode.base : Stopped.
2024-08-21 20:35:05,376 : INFO : EventManager : Event: ======'modes_active_modes_changed'====== Args={}
2024-08-21 20:35:05,376 : INFO : EventManager : Event: ======'mode_base_stopped'====== Args={}
2024-08-21 20:35:05,376 : INFO : EventManager : Event: ======'clear'====== Args={'key': 'base'}
2024-08-21 20:35:05,378 : INFO : EventManager : Event: ======'ball_save_default_disabled'====== Args={}
2024-08-21 20:35:05,379 : INFO : Mode.game : Stopped.
2024-08-21 20:35:05,379 : INFO : EventManager : Event: ======'modes_active_modes_changed'====== Args={}
2024-08-21 20:35:05,379 : INFO : EventManager : Event: ======'mode_game_stopped'====== Args={}
2024-08-21 20:35:05,380 : INFO : EventManager : Event: ======'clear'====== Args={'key': 'game'}
2024-08-21 20:35:05,383 : INFO : root : MPF run loop ended.
