2024-07-16 10:40:31,003 : INFO : root : Loading config.
2024-07-16 10:40:31,005 : INFO : YamlMultifileConfigLoader : Machine config file #1: config.yaml
2024-07-16 10:40:31,005 : INFO : ConfigProcessor : Loading config from cache: /var/folders/sv/d29kcl5x50v7vt1n6xb5jsd40000gn/T/c166cef8060ffee16a35821bf698da85.mpf_cache
2024-07-16 10:40:31,035 : INFO : ConfigProcessor : Loading config from cache: /var/folders/sv/d29kcl5x50v7vt1n6xb5jsd40000gn/T/6b31c5ac6ecbad948994a8204ea6b05b.mpf_cache
2024-07-16 10:40:31,036 : INFO : ConfigProcessor : Loading config from cache: /var/folders/sv/d29kcl5x50v7vt1n6xb5jsd40000gn/T/fe612d1e66c8a96c19ba449d3748eeac.mpf_cache
2024-07-16 10:40:31,036 : INFO : ConfigProcessor : Loading config from cache: /var/folders/sv/d29kcl5x50v7vt1n6xb5jsd40000gn/T/6b31c5ac6ecbad948994a8204ea6b05b.mpf_cache
2024-07-16 10:40:31,036 : INFO : ConfigProcessor : Loading config from cache: /var/folders/sv/d29kcl5x50v7vt1n6xb5jsd40000gn/T/8765227693ecd961e0504502a81255e0.mpf_cache
2024-07-16 10:40:31,036 : WARNING : ConfigProcessor : Config file in cache changed: /Users/nicktaseris/Desktop/Pinball/KOTH/modes/base/config/base.yaml
2024-07-16 10:40:31,036 : INFO : ConfigProcessor : Loading config from file /Users/nicktaseris/Desktop/Pinball/KOTH/modes/base/config/base.yaml.
2024-07-16 10:40:31,040 : INFO : ConfigProcessor : Loading config: /Users/nicktaseris/Desktop/Pinball/KOTH/modes/base/config/base.yaml
2024-07-16 10:40:31,040 : INFO : ConfigProcessor : Config file cache created: /var/folders/sv/d29kcl5x50v7vt1n6xb5jsd40000gn/T/b247728c74b4d81bcb2825e2b07062a7.mpf_cache
2024-07-16 10:40:31,040 : INFO : ConfigProcessor : Loading config from cache: /var/folders/sv/d29kcl5x50v7vt1n6xb5jsd40000gn/T/f240f94f0b5d0f37ec4fd7571275a101.mpf_cache
2024-07-16 10:40:31,041 : INFO : ConfigProcessor : Loading config from cache: /var/folders/sv/d29kcl5x50v7vt1n6xb5jsd40000gn/T/c4409acfdf3ec94666e0adef48d55400.mpf_cache
2024-07-16 10:40:31,041 : INFO : ConfigProcessor : Loading config from cache: /var/folders/sv/d29kcl5x50v7vt1n6xb5jsd40000gn/T/6a2f50ed892485825cc04dc0a68eab9f.mpf_cache
2024-07-16 10:40:31,041 : INFO : ConfigProcessor : Loading config from cache: /var/folders/sv/d29kcl5x50v7vt1n6xb5jsd40000gn/T/d58c58eb9fd1a2dc27f8acd255fb3761.mpf_cache
2024-07-16 10:40:31,041 : INFO : ConfigProcessor : Loading config from cache: /var/folders/sv/d29kcl5x50v7vt1n6xb5jsd40000gn/T/07adfd310b3ef0e03c5cbc91527abb6c.mpf_cache
2024-07-16 10:40:31,042 : INFO : ConfigProcessor : Loading config from cache: /var/folders/sv/d29kcl5x50v7vt1n6xb5jsd40000gn/T/362e08f51a1a1b7a0809dd52f9c83f83.mpf_cache
2024-07-16 10:40:31,042 : INFO : ConfigProcessor : Loading config from cache: /var/folders/sv/d29kcl5x50v7vt1n6xb5jsd40000gn/T/e45e3bd39557ed8d0881194a7afab8f7.mpf_cache
2024-07-16 10:40:31,042 : INFO : ConfigProcessor : Loading config from cache: /var/folders/sv/d29kcl5x50v7vt1n6xb5jsd40000gn/T/331d8d1a1bc190cae8c13495e1db372f.mpf_cache
2024-07-16 10:40:31,042 : INFO : ConfigProcessor : Loading config from cache: /var/folders/sv/d29kcl5x50v7vt1n6xb5jsd40000gn/T/34853b7ed6df3aedbba239874ade5ac8.mpf_cache
2024-07-16 10:40:31,042 : INFO : ConfigProcessor : Loading config from cache: /var/folders/sv/d29kcl5x50v7vt1n6xb5jsd40000gn/T/280fd64455d0d243a54ab4db98fbccbd.mpf_cache
2024-07-16 10:40:31,042 : INFO : ConfigProcessor : Loading config from cache: /var/folders/sv/d29kcl5x50v7vt1n6xb5jsd40000gn/T/0c0596ed8fbb40b6113901d21bdc0a39.mpf_cache
2024-07-16 10:40:31,042 : INFO : ConfigProcessor : Loading config from cache: /var/folders/sv/d29kcl5x50v7vt1n6xb5jsd40000gn/T/2982e2d98506102244e9fa0f437a9fca.mpf_cache
2024-07-16 10:40:31,043 : INFO : ConfigProcessor : Loading config from cache: /var/folders/sv/d29kcl5x50v7vt1n6xb5jsd40000gn/T/3048ed2d7ea14eee3db896f6760aa474.mpf_cache
2024-07-16 10:40:31,043 : INFO : Machine : Mission Pinball Framework Core Engine v0.80.0.dev1
2024-07-16 10:40:31,043 : INFO : Machine : Command line arguments: {'no_load_cache': False, 'create_config_cache': True, 'bcp': True, 'configfile': ['config.yaml'], 'force_assets_load': False, 'platform_integration_test': False, 'jsonlogging': False, 'logfile': 'logs/2024-07-16-10-40-31-mpf-Nicks-Air.lan.log', 'pause': False, 'production': False, 'text_ui': True, 'loglevel': 15, 'consoleloglevel': 20, 'force_platform': None, 'syslog_address': None, 'mc_file_name': None, 'no_sound': False, 'full_logfile_path': '/Users/nicktaseris/Desktop/Pinball/KOTH/logs/2024-07-16-10-40-31-mpf-Nicks-Air.lan.log'}
2024-07-16 10:40:31,043 : INFO : Machine : MPF path: /Users/nicktaseris/mpfenv/lib/python3.9/site-packages/mpf
2024-07-16 10:40:31,043 : INFO : Machine : Machine path: /Users/nicktaseris/Desktop/Pinball/KOTH
2024-07-16 10:40:31,043 : INFO : Machine : Platform: darwin
2024-07-16 10:40:31,043 : INFO : Machine : Python executable location: /Users/nicktaseris/mpfenv/bin/python3
2024-07-16 10:40:31,043 : INFO : Machine : Python version: 3.9.13 (64-bit)
2024-07-16 10:40:31,044 : INFO : Machine : Initializing MPF...
2024-07-16 10:40:31,071 : INFO : EventManager : Event: ======'machine_var_credits_string'====== Args={'value': 'FREE PLAY', 'prev_value': None, 'change': True}
2024-07-16 10:40:31,083 : INFO : EventManager : Event: ======'machine_var_master_volume'====== Args={'value': 0.5, 'prev_value': None, 'change': True}
2024-07-16 10:40:31,083 : INFO : EventManager : Event: ======'machine_var_player1_score'====== Args={'value': 175300, 'prev_value': None, 'change': True}
2024-07-16 10:40:31,083 : INFO : EventManager : Event: ======'machine_var_mpf_version'====== Args={'value': 'Mission Pinball Framework v0.80.0.dev1', 'prev_value': None, 'change': True}
2024-07-16 10:40:31,083 : INFO : EventManager : Event: ======'machine_var_mpf_extended_version'====== Args={'value': 'Mission Pinball Framework v0.80.0.dev1, Config version:6, Show version: 6, BCP version:1.1', 'prev_value': None, 'change': True}
2024-07-16 10:40:31,083 : INFO : EventManager : Event: ======'machine_var_python_version'====== Args={'value': '3.9.13', 'prev_value': None, 'change': True}
2024-07-16 10:40:31,090 : INFO : EventManager : Event: ======'machine_var_platform'====== Args={'value': 'macOS-12.1-arm64-arm-64bit', 'prev_value': None, 'change': True}
2024-07-16 10:40:31,090 : INFO : EventManager : Event: ======'machine_var_platform_system'====== Args={'value': 'Darwin', 'prev_value': None, 'change': True}
2024-07-16 10:40:31,090 : INFO : EventManager : Event: ======'machine_var_platform_release'====== Args={'value': '21.2.0', 'prev_value': None, 'change': True}
2024-07-16 10:40:31,090 : INFO : EventManager : Event: ======'machine_var_platform_version'====== Args={'value': 'Darwin Kernel Version 21.2.0: Sun Nov 28 20:29:10 PST 2021; root:xnu-8019.61.5~1/RELEASE_ARM64_T8101', 'prev_value': None, 'change': True}
2024-07-16 10:40:31,090 : INFO : EventManager : Event: ======'machine_var_platform_machine'====== Args={'value': 'arm64', 'prev_value': None, 'change': True}
2024-07-16 10:40:31,090 : INFO : EventManager : Event: ======'machine_var_log_file_path'====== Args={'value': '/Users/nicktaseris/Desktop/Pinball/KOTH/logs/2024-07-16-10-40-31-mpf-Nicks-Air.lan.log', 'prev_value': None, 'change': True}
2024-07-16 10:40:31,090 : INFO : EventManager : Event: ======'init_phase_1'====== Args={}
2024-07-16 10:40:31,107 : INFO : EventManager : Event: ======'drop_target_bank_strickland_bank_up'====== Args={}
2024-07-16 10:40:31,107 : INFO : EventManager : Event: ======'init_phase_2'====== Args={}
2024-07-16 10:40:31,107 : INFO : SwitchController : Found active switch: ('39', <Platform.SmartVirtual>) <switch.s_trough1>
2024-07-16 10:40:31,108 : INFO : SwitchController : Found active switch: ('40', <Platform.SmartVirtual>) <switch.s_trough2>
2024-07-16 10:40:31,108 : INFO : SwitchController : Found active switch: ('41', <Platform.SmartVirtual>) <switch.s_trough3>
2024-07-16 10:40:31,108 : INFO : SwitchController : Found active switch: ('42', <Platform.SmartVirtual>) <switch.s_trough4>
2024-07-16 10:40:31,108 : INFO : SwitchController : Found active switch: ('43', <Platform.SmartVirtual>) <switch.s_trough5>
2024-07-16 10:40:31,108 : INFO : SwitchController : Found active switch: ('44', <Platform.SmartVirtual>) <switch.s_trough6>
2024-07-16 10:40:31,111 : INFO : EventManager : Event: ======'machine_var_score1_label'====== Args={'value': 'GRAND CHAMPION', 'prev_value': None, 'change': True}
2024-07-16 10:40:31,111 : INFO : EventManager : Event: ======'machine_var_score1_name'====== Args={'value': 'BRI', 'prev_value': None, 'change': True}
2024-07-16 10:40:31,111 : INFO : EventManager : Event: ======'machine_var_score1_value'====== Args={'value': 4242, 'prev_value': None, 'change': True}
2024-07-16 10:40:31,111 : INFO : EventManager : Event: ======'machine_var_score2_label'====== Args={'value': 'HIGH SCORE 1', 'prev_value': None, 'change': True}
2024-07-16 10:40:31,111 : INFO : EventManager : Event: ======'machine_var_score2_name'====== Args={'value': 'GHK', 'prev_value': None, 'change': True}
2024-07-16 10:40:31,111 : INFO : EventManager : Event: ======'machine_var_score2_value'====== Args={'value': 2323, 'prev_value': None, 'change': True}
2024-07-16 10:40:31,111 : INFO : EventManager : Event: ======'machine_var_score3_label'====== Args={'value': 'HIGH SCORE 2', 'prev_value': None, 'change': True}
2024-07-16 10:40:31,111 : INFO : EventManager : Event: ======'machine_var_score3_name'====== Args={'value': 'JK', 'prev_value': None, 'change': True}
2024-07-16 10:40:31,111 : INFO : EventManager : Event: ======'machine_var_score3_value'====== Args={'value': 1337, 'prev_value': None, 'change': True}
2024-07-16 10:40:31,111 : INFO : EventManager : Event: ======'machine_var_score4_label'====== Args={'value': 'HIGH SCORE 3', 'prev_value': None, 'change': True}
2024-07-16 10:40:31,111 : INFO : EventManager : Event: ======'machine_var_score4_name'====== Args={'value': 'QC', 'prev_value': None, 'change': True}
2024-07-16 10:40:31,111 : INFO : EventManager : Event: ======'machine_var_score4_value'====== Args={'value': 42, 'prev_value': None, 'change': True}
2024-07-16 10:40:31,111 : INFO : EventManager : Event: ======'machine_var_score5_label'====== Args={'value': 'HIGH SCORE 4', 'prev_value': None, 'change': True}
2024-07-16 10:40:31,111 : INFO : EventManager : Event: ======'machine_var_score5_name'====== Args={'value': 'MPF', 'prev_value': None, 'change': True}
2024-07-16 10:40:31,111 : INFO : EventManager : Event: ======'machine_var_score5_value'====== Args={'value': 23, 'prev_value': None, 'change': True}
2024-07-16 10:40:31,112 : INFO : EventManager : Event: ======'bcp_connection_attempt'====== Args={'name': 'local_display', 'host': 'localhost', 'port': 5050}
2024-07-16 10:40:31,112 : INFO : BCPClientSocket : Connecting BCP to 'local_display' at localhost:5050...
2024-07-16 10:40:31,115 : INFO : BCPClientSocket : Connected BCP to 'local_display' localhost:5050
2024-07-16 10:40:31,116 : INFO : EventManager : Event: ======'bcp_clients_connected'====== Args={}
2024-07-16 10:40:31,117 : INFO : ball_device.bd_trough : BCH: Initial count: 6
2024-07-16 10:40:31,117 : INFO : ball_device.bd_trough : State: idle
2024-07-16 10:40:31,117 : INFO : ball_device.bd_plunger : BCH: Initial count: 0
2024-07-16 10:40:31,117 : INFO : ball_device.bd_plunger : State: idle
2024-07-16 10:40:31,117 : INFO : ball_device.bd_scoop : BCH: Initial count: 0
2024-07-16 10:40:31,117 : INFO : ball_device.bd_scoop : State: idle
2024-07-16 10:40:31,121 : INFO : EventManager : Event: ======'init_phase_3'====== Args={}
2024-07-16 10:40:31,127 : INFO : EventManager : Event: ======'init_phase_4'====== Args={}
2024-07-16 10:40:31,127 : INFO : BallController : Initial balls found: 6
2024-07-16 10:40:31,127 : INFO : EventManager : Event: ======'machine_var_audits_events_game_ended'====== Args={'value': 4, 'prev_value': None, 'change': True}
2024-07-16 10:40:31,127 : INFO : EventManager : Event: ======'machine_var_audits_events_game_started'====== Args={'value': 379, 'prev_value': None, 'change': True}
2024-07-16 10:40:31,127 : INFO : EventManager : Event: ======'machine_var_audits_missing_switches_s_a_target'====== Args={'value': 1, 'prev_value': None, 'change': True}
2024-07-16 10:40:31,127 : INFO : EventManager : Event: ======'machine_var_audits_missing_switches_s_bottom_inline_drop'====== Args={'value': 1, 'prev_value': None, 'change': True}
2024-07-16 10:40:31,128 : INFO : EventManager : Event: ======'machine_var_audits_missing_switches_s_bottom_pop_bumper'====== Args={'value': 61, 'prev_value': None, 'change': True}
2024-07-16 10:40:31,128 : INFO : EventManager : Event: ======'machine_var_audits_missing_switches_s_center_spinner'====== Args={'value': 126, 'prev_value': None, 'change': True}
2024-07-16 10:40:31,128 : INFO : EventManager : Event: ======'machine_var_audits_missing_switches_s_e_target'====== Args={'value': 6, 'prev_value': None, 'change': True}
2024-07-16 10:40:31,128 : INFO : EventManager : Event: ======'machine_var_audits_missing_switches_s_left_flipper'====== Args={'value': 4, 'prev_value': None, 'change': True}
2024-07-16 10:40:31,128 : INFO : EventManager : Event: ======'machine_var_audits_missing_switches_s_left_inlane'====== Args={'value': 13, 'prev_value': None, 'change': True}
2024-07-16 10:40:31,128 : INFO : EventManager : Event: ======'machine_var_audits_missing_switches_s_left_inner_horseshoe'====== Args={'value': 13, 'prev_value': None, 'change': True}
2024-07-16 10:40:31,128 : INFO : EventManager : Event: ======'machine_var_audits_missing_switches_s_left_orbit_enter'====== Args={'value': 1, 'prev_value': None, 'change': True}
2024-07-16 10:40:31,128 : INFO : EventManager : Event: ======'machine_var_audits_missing_switches_s_left_orbit_exit'====== Args={'value': 135, 'prev_value': None, 'change': True}
2024-07-16 10:40:31,128 : INFO : EventManager : Event: ======'machine_var_audits_missing_switches_s_left_outlane'====== Args={'value': 15, 'prev_value': None, 'change': True}
2024-07-16 10:40:31,128 : INFO : EventManager : Event: ======'machine_var_audits_missing_switches_s_left_pop_bumper'====== Args={'value': 13, 'prev_value': None, 'change': True}
2024-07-16 10:40:31,128 : INFO : EventManager : Event: ======'machine_var_audits_missing_switches_s_left_ramp_enter'====== Args={'value': 193, 'prev_value': None, 'change': True}
2024-07-16 10:40:31,128 : INFO : EventManager : Event: ======'machine_var_audits_missing_switches_s_left_ramp_exit'====== Args={'value': 257, 'prev_value': None, 'change': True}
2024-07-16 10:40:31,128 : INFO : EventManager : Event: ======'machine_var_audits_missing_switches_s_left_rollover_lane'====== Args={'value': 11, 'prev_value': None, 'change': True}
2024-07-16 10:40:31,128 : INFO : EventManager : Event: ======'machine_var_audits_missing_switches_s_left_sling'====== Args={'value': 29, 'prev_value': None, 'change': True}
2024-07-16 10:40:31,128 : INFO : EventManager : Event: ======'machine_var_audits_missing_switches_s_left_spinner'====== Args={'value': 4, 'prev_value': None, 'change': True}
2024-07-16 10:40:31,129 : INFO : EventManager : Event: ======'machine_var_audits_missing_switches_s_middle_inline_drop'====== Args={'value': 1, 'prev_value': None, 'change': True}
2024-07-16 10:40:31,129 : INFO : EventManager : Event: ======'machine_var_audits_missing_switches_s_middle_rollover_lane'====== Args={'value': 11, 'prev_value': None, 'change': True}
2024-07-16 10:40:31,129 : INFO : EventManager : Event: ======'machine_var_audits_missing_switches_s_o_target'====== Args={'value': 6, 'prev_value': None, 'change': True}
2024-07-16 10:40:31,129 : INFO : EventManager : Event: ======'machine_var_audits_missing_switches_s_p2_target'====== Args={'value': 3, 'prev_value': None, 'change': True}
2024-07-16 10:40:31,129 : INFO : EventManager : Event: ======'machine_var_audits_missing_switches_s_p_target'====== Args={'value': 10, 'prev_value': None, 'change': True}
2024-07-16 10:40:31,129 : INFO : EventManager : Event: ======'machine_var_audits_missing_switches_s_r_target'====== Args={'value': 26, 'prev_value': None, 'change': True}
2024-07-16 10:40:31,129 : INFO : EventManager : Event: ======'machine_var_audits_missing_switches_s_right_flipper'====== Args={'value': 18, 'prev_value': None, 'change': True}
2024-07-16 10:40:31,129 : INFO : EventManager : Event: ======'machine_var_audits_missing_switches_s_right_inlane'====== Args={'value': 330, 'prev_value': None, 'change': True}
2024-07-16 10:40:31,129 : INFO : EventManager : Event: ======'machine_var_audits_missing_switches_s_right_inner_horseshoe'====== Args={'value': 20, 'prev_value': None, 'change': True}
2024-07-16 10:40:31,129 : INFO : EventManager : Event: ======'machine_var_audits_missing_switches_s_right_orbit_exit'====== Args={'value': 122, 'prev_value': None, 'change': True}
2024-07-16 10:40:31,129 : INFO : EventManager : Event: ======'machine_var_audits_missing_switches_s_right_outlane'====== Args={'value': 27, 'prev_value': None, 'change': True}
2024-07-16 10:40:31,129 : INFO : EventManager : Event: ======'machine_var_audits_missing_switches_s_right_pop_bumper'====== Args={'value': 40, 'prev_value': None, 'change': True}
2024-07-16 10:40:31,130 : INFO : EventManager : Event: ======'machine_var_audits_missing_switches_s_right_ramp_enter'====== Args={'value': 84, 'prev_value': None, 'change': True}
2024-07-16 10:40:31,130 : INFO : EventManager : Event: ======'machine_var_audits_missing_switches_s_right_ramp_exit'====== Args={'value': 84, 'prev_value': None, 'change': True}
2024-07-16 10:40:31,130 : INFO : EventManager : Event: ======'machine_var_audits_missing_switches_s_right_rollover_lane'====== Args={'value': 11, 'prev_value': None, 'change': True}
2024-07-16 10:40:31,130 : INFO : EventManager : Event: ======'machine_var_audits_missing_switches_s_right_sling'====== Args={'value': 330, 'prev_value': None, 'change': True}
2024-07-16 10:40:31,130 : INFO : EventManager : Event: ======'machine_var_audits_missing_switches_s_scoop'====== Args={'value': 20, 'prev_value': None, 'change': True}
2024-07-16 10:40:31,130 : INFO : EventManager : Event: ======'machine_var_audits_missing_switches_s_start'====== Args={'value': 18, 'prev_value': None, 'change': True}
2024-07-16 10:40:31,130 : INFO : EventManager : Event: ======'machine_var_audits_missing_switches_s_top_inline_drop'====== Args={'value': 13, 'prev_value': None, 'change': True}
2024-07-16 10:40:31,130 : INFO : EventManager : Event: ======'machine_var_audits_missing_switches_s_trough1'====== Args={'value': 6, 'prev_value': None, 'change': True}
2024-07-16 10:40:31,130 : INFO : EventManager : Event: ======'machine_var_audits_missing_switches_s_trough2'====== Args={'value': 6, 'prev_value': None, 'change': True}
2024-07-16 10:40:31,130 : INFO : EventManager : Event: ======'machine_var_audits_missing_switches_s_trough3'====== Args={'value': 6, 'prev_value': None, 'change': True}
2024-07-16 10:40:31,130 : INFO : EventManager : Event: ======'machine_var_audits_missing_switches_s_trough4'====== Args={'value': 334, 'prev_value': None, 'change': True}
2024-07-16 10:40:31,131 : INFO : EventManager : Event: ======'machine_var_audits_missing_switches_s_trough5'====== Args={'value': 334, 'prev_value': None, 'change': True}
2024-07-16 10:40:31,131 : INFO : EventManager : Event: ======'machine_var_audits_missing_switches_s_trough6'====== Args={'value': 334, 'prev_value': None, 'change': True}
2024-07-16 10:40:31,131 : INFO : EventManager : Event: ======'machine_var_audits_missing_switches_s_trough_jam'====== Args={'value': 267, 'prev_value': None, 'change': True}
2024-07-16 10:40:31,131 : INFO : EventManager : Event: ======'machine_var_audits_player_score'====== Args={'value': {'average': 109379, 'top': [370600, 175300, 400, 300, 250], 'total': 5}, 'prev_value': None, 'change': True}
2024-07-16 10:40:31,131 : INFO : EventManager : Event: ======'machine_var_audits_shots_a_target'====== Args={'value': 7, 'prev_value': None, 'change': True}
2024-07-16 10:40:31,131 : INFO : EventManager : Event: ======'machine_var_audits_shots_e_target'====== Args={'value': 3, 'prev_value': None, 'change': True}
2024-07-16 10:40:31,131 : INFO : EventManager : Event: ======'machine_var_audits_shots_left_rollover_lane'====== Args={'value': 152, 'prev_value': None, 'change': True}
2024-07-16 10:40:31,131 : INFO : EventManager : Event: ======'machine_var_audits_shots_middle_rollover_lane'====== Args={'value': 149, 'prev_value': None, 'change': True}
2024-07-16 10:40:31,131 : INFO : EventManager : Event: ======'machine_var_audits_shots_n_target'====== Args={'value': 9, 'prev_value': None, 'change': True}
2024-07-16 10:40:31,132 : INFO : EventManager : Event: ======'machine_var_audits_shots_o_target'====== Args={'value': 4, 'prev_value': None, 'change': True}
2024-07-16 10:40:31,132 : INFO : EventManager : Event: ======'machine_var_audits_shots_p2_target'====== Args={'value': 5, 'prev_value': None, 'change': True}
2024-07-16 10:40:31,132 : INFO : EventManager : Event: ======'machine_var_audits_shots_p_target'====== Args={'value': 8, 'prev_value': None, 'change': True}
2024-07-16 10:40:31,132 : INFO : EventManager : Event: ======'machine_var_audits_shots_qualify_o_target'====== Args={'value': 53, 'prev_value': None, 'change': True}
2024-07-16 10:40:31,132 : INFO : EventManager : Event: ======'machine_var_audits_shots_qualify_p_target'====== Args={'value': 60, 'prev_value': None, 'change': True}
2024-07-16 10:40:31,132 : INFO : EventManager : Event: ======'machine_var_audits_shots_qualify_r_target'====== Args={'value': 80, 'prev_value': None, 'change': True}
2024-07-16 10:40:31,132 : INFO : EventManager : Event: ======'machine_var_audits_shots_r_target'====== Args={'value': 14, 'prev_value': None, 'change': True}
2024-07-16 10:40:31,132 : INFO : EventManager : Event: ======'machine_var_audits_shots_right_rollover_lane'====== Args={'value': 152, 'prev_value': None, 'change': True}
2024-07-16 10:40:31,132 : INFO : EventManager : Event: ======'machine_var_audits_shots_skillshot_a_target'====== Args={'value': 43, 'prev_value': None, 'change': True}
2024-07-16 10:40:31,133 : INFO : EventManager : Event: ======'machine_var_audits_shots_skillshot_e_target'====== Args={'value': 32, 'prev_value': None, 'change': True}
2024-07-16 10:40:31,133 : INFO : EventManager : Event: ======'machine_var_audits_shots_skillshot_n_target'====== Args={'value': 30, 'prev_value': None, 'change': True}
2024-07-16 10:40:31,133 : INFO : EventManager : Event: ======'machine_var_audits_shots_skillshot_o_target'====== Args={'value': 11, 'prev_value': None, 'change': True}
2024-07-16 10:40:31,133 : INFO : EventManager : Event: ======'machine_var_audits_shots_skillshot_p2_target'====== Args={'value': 5, 'prev_value': None, 'change': True}
2024-07-16 10:40:31,133 : INFO : EventManager : Event: ======'machine_var_audits_shots_skillshot_p_target'====== Args={'value': 23, 'prev_value': None, 'change': True}
2024-07-16 10:40:31,133 : INFO : EventManager : Event: ======'machine_var_audits_shots_skillshot_r_target'====== Args={'value': 13, 'prev_value': None, 'change': True}
2024-07-16 10:40:31,133 : INFO : EventManager : Event: ======'machine_var_audits_switches_s_a_target'====== Args={'value': 88, 'prev_value': None, 'change': True}
2024-07-16 10:40:31,134 : INFO : EventManager : Event: ======'machine_var_audits_switches_s_bottom_inline_drop'====== Args={'value': 232, 'prev_value': None, 'change': True}
2024-07-16 10:40:31,134 : INFO : EventManager : Event: ======'machine_var_audits_switches_s_bottom_pop_bumper'====== Args={'value': 9, 'prev_value': None, 'change': True}
2024-07-16 10:40:31,134 : INFO : EventManager : Event: ======'machine_var_audits_switches_s_center_spinner'====== Args={'value': 3, 'prev_value': None, 'change': True}
2024-07-16 10:40:31,134 : INFO : EventManager : Event: ======'machine_var_audits_switches_s_e_target'====== Args={'value': 95, 'prev_value': None, 'change': True}
2024-07-16 10:40:31,134 : INFO : EventManager : Event: ======'machine_var_audits_switches_s_left_flipper'====== Args={'value': 131, 'prev_value': None, 'change': True}
2024-07-16 10:40:31,134 : INFO : EventManager : Event: ======'machine_var_audits_switches_s_left_inlane'====== Args={'value': 10, 'prev_value': None, 'change': True}
2024-07-16 10:40:31,134 : INFO : EventManager : Event: ======'machine_var_audits_switches_s_left_inner_horseshoe'====== Args={'value': 15, 'prev_value': None, 'change': True}
2024-07-16 10:40:31,135 : INFO : EventManager : Event: ======'machine_var_audits_switches_s_left_orbit_enter'====== Args={'value': 16, 'prev_value': None, 'change': True}
2024-07-16 10:40:31,135 : INFO : EventManager : Event: ======'machine_var_audits_switches_s_left_orbit_exit'====== Args={'value': 13, 'prev_value': None, 'change': True}
2024-07-16 10:40:31,135 : INFO : EventManager : Event: ======'machine_var_audits_switches_s_left_outlane'====== Args={'value': 25, 'prev_value': None, 'change': True}
2024-07-16 10:40:31,135 : INFO : EventManager : Event: ======'machine_var_audits_switches_s_left_pop_bumper'====== Args={'value': 4, 'prev_value': None, 'change': True}
2024-07-16 10:40:31,135 : INFO : EventManager : Event: ======'machine_var_audits_switches_s_left_ramp_enter'====== Args={'value': 9, 'prev_value': None, 'change': True}
2024-07-16 10:40:31,135 : INFO : EventManager : Event: ======'machine_var_audits_switches_s_left_ramp_exit'====== Args={'value': 3, 'prev_value': None, 'change': True}
2024-07-16 10:40:31,135 : INFO : EventManager : Event: ======'machine_var_audits_switches_s_left_ramp_standup'====== Args={'value': 616, 'prev_value': None, 'change': True}
2024-07-16 10:40:31,135 : INFO : EventManager : Event: ======'machine_var_audits_switches_s_left_rollover_lane'====== Args={'value': 157, 'prev_value': None, 'change': True}
2024-07-16 10:40:31,136 : INFO : EventManager : Event: ======'machine_var_audits_switches_s_left_sling'====== Args={'value': 12, 'prev_value': None, 'change': True}
2024-07-16 10:40:31,136 : INFO : EventManager : Event: ======'machine_var_audits_switches_s_left_spinner'====== Args={'value': 47, 'prev_value': None, 'change': True}
2024-07-16 10:40:31,136 : INFO : EventManager : Event: ======'machine_var_audits_switches_s_middle_inline_drop'====== Args={'value': 210, 'prev_value': None, 'change': True}
2024-07-16 10:40:31,136 : INFO : EventManager : Event: ======'machine_var_audits_switches_s_middle_rollover_lane'====== Args={'value': 152, 'prev_value': None, 'change': True}
2024-07-16 10:40:31,136 : INFO : EventManager : Event: ======'machine_var_audits_switches_s_n_target'====== Args={'value': 86, 'prev_value': None, 'change': True}
2024-07-16 10:40:31,136 : INFO : EventManager : Event: ======'machine_var_audits_switches_s_o_target'====== Args={'value': 98, 'prev_value': None, 'change': True}
2024-07-16 10:40:31,136 : INFO : EventManager : Event: ======'machine_var_audits_switches_s_p2_target'====== Args={'value': 27, 'prev_value': None, 'change': True}
2024-07-16 10:40:31,137 : INFO : EventManager : Event: ======'machine_var_audits_switches_s_p_target'====== Args={'value': 275, 'prev_value': None, 'change': True}
2024-07-16 10:40:31,137 : INFO : EventManager : Event: ======'machine_var_audits_switches_s_plunger'====== Args={'value': 465, 'prev_value': None, 'change': True}
2024-07-16 10:40:31,137 : INFO : EventManager : Event: ======'machine_var_audits_switches_s_plunger_lane'====== Args={'value': 39, 'prev_value': None, 'change': True}
2024-07-16 10:40:31,137 : INFO : EventManager : Event: ======'machine_var_audits_switches_s_plunger_lane_exit'====== Args={'value': 265, 'prev_value': None, 'change': True}
2024-07-16 10:40:31,137 : INFO : EventManager : Event: ======'machine_var_audits_switches_s_r_target'====== Args={'value': 119, 'prev_value': None, 'change': True}
2024-07-16 10:40:31,137 : INFO : EventManager : Event: ======'machine_var_audits_switches_s_right_flipper'====== Args={'value': 144, 'prev_value': None, 'change': True}
2024-07-16 10:40:31,138 : INFO : EventManager : Event: ======'machine_var_audits_switches_s_right_inlane'====== Args={'value': 9, 'prev_value': None, 'change': True}
2024-07-16 10:40:31,138 : INFO : EventManager : Event: ======'machine_var_audits_switches_s_right_inner_horseshoe'====== Args={'value': 8, 'prev_value': None, 'change': True}
2024-07-16 10:40:31,138 : INFO : EventManager : Event: ======'machine_var_audits_switches_s_right_orbit_exit'====== Args={'value': 33, 'prev_value': None, 'change': True}
2024-07-16 10:40:31,138 : INFO : EventManager : Event: ======'machine_var_audits_switches_s_right_outlane'====== Args={'value': 8, 'prev_value': None, 'change': True}
2024-07-16 10:40:31,138 : INFO : EventManager : Event: ======'machine_var_audits_switches_s_right_pop_bumper'====== Args={'value': 16, 'prev_value': None, 'change': True}
2024-07-16 10:40:31,138 : INFO : EventManager : Event: ======'machine_var_audits_switches_s_right_ramp_enter'====== Args={'value': 1, 'prev_value': None, 'change': True}
2024-07-16 10:40:31,139 : INFO : EventManager : Event: ======'machine_var_audits_switches_s_right_ramp_exit'====== Args={'value': 1, 'prev_value': None, 'change': True}
2024-07-16 10:40:31,139 : INFO : EventManager : Event: ======'machine_var_audits_switches_s_right_ramp_standup'====== Args={'value': 179, 'prev_value': None, 'change': True}
2024-07-16 10:40:31,139 : INFO : EventManager : Event: ======'machine_var_audits_switches_s_right_rollover_lane'====== Args={'value': 166, 'prev_value': None, 'change': True}
2024-07-16 10:40:31,139 : INFO : EventManager : Event: ======'machine_var_audits_switches_s_right_sling'====== Args={'value': 1, 'prev_value': None, 'change': True}
2024-07-16 10:40:31,139 : INFO : EventManager : Event: ======'machine_var_audits_switches_s_scoop'====== Args={'value': 69, 'prev_value': None, 'change': True}
2024-07-16 10:40:31,139 : INFO : EventManager : Event: ======'machine_var_audits_switches_s_start'====== Args={'value': 270, 'prev_value': None, 'change': True}
2024-07-16 10:40:31,140 : INFO : EventManager : Event: ======'machine_var_audits_switches_s_top_inline_drop'====== Args={'value': 36, 'prev_value': None, 'change': True}
2024-07-16 10:40:31,140 : INFO : EventManager : Event: ======'machine_var_audits_switches_s_trough1'====== Args={'value': 323, 'prev_value': None, 'change': True}
2024-07-16 10:40:31,140 : INFO : EventManager : Event: ======'machine_var_audits_switches_s_trough2'====== Args={'value': 25, 'prev_value': None, 'change': True}
2024-07-16 10:40:31,140 : INFO : EventManager : Event: ======'machine_var_audits_switches_s_trough3'====== Args={'value': 5, 'prev_value': None, 'change': True}
2024-07-16 10:40:31,140 : INFO : EventManager : Event: ======'machine_var_audits_switches_s_trough4'====== Args={'value': 2, 'prev_value': None, 'change': True}
2024-07-16 10:40:31,141 : INFO : EventManager : Event: ======'machine_var_audits_switches_s_trough5'====== Args={'value': 2, 'prev_value': None, 'change': True}
2024-07-16 10:40:31,141 : INFO : EventManager : Event: ======'machine_var_audits_switches_s_trough6'====== Args={'value': 1, 'prev_value': None, 'change': True}
2024-07-16 10:40:31,141 : INFO : EventManager : Event: ======'machine_var_audits_switches_s_trough_jam'====== Args={'value': 5, 'prev_value': None, 'change': True}
2024-07-16 10:40:31,141 : INFO : EventManager : Event: ======'init_phase_5'====== Args={}
2024-07-16 10:40:31,144 : INFO : EventManager : Event: ======'init_done'====== Args={}
2024-07-16 10:40:31,144 : INFO : EventManager : Event: ======'machine_reset_phase_1'====== Args={}
2024-07-16 10:40:31,148 : INFO : EventManager : Event: ======'machine_reset_phase_2'====== Args={}
2024-07-16 10:40:31,148 : INFO : EventManager : Event: ======'machine_reset_phase_3'====== Args={}
2024-07-16 10:40:31,148 : INFO : drop_target_bank.strickland_bank : All targets are already up. Will not reset bank.
2024-07-16 10:40:31,149 : INFO : EventManager : Event: ======'reset_complete'====== Args={}
2024-07-16 10:40:31,149 : INFO : EventManager : Event: ======'mode_attract_will_start'====== Args={}
2024-07-16 10:40:31,149 : INFO : Timer.attract_switch : Starting Timer.
2024-07-16 10:40:31,149 : INFO : EventManager : Event: ======'timer_attract_switch_started'====== Args={'ticks': 0, 'ticks_remaining': 45}
2024-07-16 10:40:31,149 : INFO : EventManager : Event: ======'timer_attract_switch_tick'====== Args={'ticks': 0, 'ticks_remaining': 45}
2024-07-16 10:40:31,149 : INFO : EventManager : Event: ======'mode_attract_starting'====== Args={}
2024-07-16 10:40:31,149 : INFO : Mode.attract : Started. Priority: 10
2024-07-16 10:40:31,149 : INFO : EventManager : Event: ======'modes_active_modes_changed'====== Args={}
2024-07-16 10:40:31,149 : INFO : EventManager : Event: ======'mode_attract_started'====== Args={}
2024-07-16 10:40:31,149 : INFO : EventManager : Event: ======'collecting_balls_complete'====== Args={}
2024-07-16 10:40:31,150 : INFO : Machine : Starting the main run loop.
2024-07-16 10:40:31,392 : INFO : BcpServer : New client connected.
2024-07-16 10:40:32,150 : INFO : EventManager : Event: ======'timer_attract_switch_tick'====== Args={'ticks': 1, 'ticks_remaining': 44}
2024-07-16 10:40:32,166 : INFO : EventManager : Event: ======'slide__removed'====== Args={'_from_bcp': True}
2024-07-16 10:40:32,191 : INFO : EventManager : Event: ======'slide_dtp_logo_attract_created'====== Args={'_from_bcp': True}
2024-07-16 10:40:32,192 : INFO : EventManager : Event: ======'slide_dtp_logo_attract_active'====== Args={'original_context': 'attract', 'original_calling_context': 'timer_attract_switch_tick{ticks==1}', 'cmd': 'slides_play', '_from_bcp': True}
2024-07-16 10:40:33,151 : INFO : EventManager : Event: ======'timer_attract_switch_tick'====== Args={'ticks': 2, 'ticks_remaining': 43}
2024-07-16 10:40:34,149 : INFO : EventManager : Event: ======'timer_attract_switch_tick'====== Args={'ticks': 3, 'ticks_remaining': 42}
2024-07-16 10:40:35,150 : INFO : EventManager : Event: ======'timer_attract_switch_tick'====== Args={'ticks': 4, 'ticks_remaining': 41}
2024-07-16 10:40:35,174 : INFO : EventManager : Event: ======'slide_high_scores_attract_created'====== Args={'_from_bcp': True}
2024-07-16 10:40:35,174 : INFO : EventManager : Event: ======'slide_dtp_logo_attract_inactive'====== Args={'_from_bcp': True}
2024-07-16 10:40:35,175 : INFO : EventManager : Event: ======'slide_high_scores_attract_active'====== Args={'original_context': 'attract', 'original_calling_context': 'timer_attract_switch_tick{ticks==4}', 'cmd': 'slides_play', '_from_bcp': True}
2024-07-16 10:40:35,175 : INFO : EventManager : Event: ======'slide_dtp_logo_attract_removed'====== Args={'_from_bcp': True}
2024-07-16 10:40:36,149 : INFO : EventManager : Event: ======'timer_attract_switch_tick'====== Args={'ticks': 5, 'ticks_remaining': 40}
2024-07-16 10:40:37,150 : INFO : EventManager : Event: ======'timer_attract_switch_tick'====== Args={'ticks': 6, 'ticks_remaining': 39}
2024-07-16 10:40:38,150 : INFO : EventManager : Event: ======'timer_attract_switch_tick'====== Args={'ticks': 7, 'ticks_remaining': 38}
2024-07-16 10:40:39,150 : INFO : EventManager : Event: ======'timer_attract_switch_tick'====== Args={'ticks': 8, 'ticks_remaining': 37}
2024-07-16 10:40:39,188 : INFO : EventManager : Event: ======'slide_koth_logo_attract_created'====== Args={'_from_bcp': True}
2024-07-16 10:40:39,188 : INFO : EventManager : Event: ======'slide_high_scores_attract_inactive'====== Args={'_from_bcp': True}
2024-07-16 10:40:39,189 : INFO : EventManager : Event: ======'slide_koth_logo_attract_active'====== Args={'original_context': 'attract', 'original_calling_context': 'timer_attract_switch_tick{ticks==8}', 'cmd': 'slides_play', '_from_bcp': True}
2024-07-16 10:40:39,189 : INFO : EventManager : Event: ======'slide_high_scores_attract_removed'====== Args={'_from_bcp': True}
2024-07-16 10:40:40,150 : INFO : EventManager : Event: ======'timer_attract_switch_tick'====== Args={'ticks': 9, 'ticks_remaining': 36}
2024-07-16 10:40:41,149 : INFO : EventManager : Event: ======'timer_attract_switch_tick'====== Args={'ticks': 10, 'ticks_remaining': 35}
2024-07-16 10:40:42,150 : INFO : EventManager : Event: ======'timer_attract_switch_tick'====== Args={'ticks': 11, 'ticks_remaining': 34}
2024-07-16 10:40:43,149 : INFO : EventManager : Event: ======'timer_attract_switch_tick'====== Args={'ticks': 12, 'ticks_remaining': 33}
2024-07-16 10:40:43,610 : INFO : Machine : Shutting down...
2024-07-16 10:40:43,610 : INFO : EventManager : Event: ======'shutdown'====== Args={}
2024-07-16 10:40:43,618 : INFO : root : MPF run loop ended.
