2024-07-29 13:33:18,211 : INFO : root : Loading config.
2024-07-29 13:33:18,213 : INFO : YamlMultifileConfigLoader : Machine config file #1: config.yaml
2024-07-29 13:33:18,214 : INFO : ConfigProcessor : Loading config from cache: /var/folders/sv/d29kcl5x50v7vt1n6xb5jsd40000gn/T/c166cef8060ffee16a35821bf698da85.mpf_cache
2024-07-29 13:33:18,249 : INFO : ConfigProcessor : Loading config from cache: /var/folders/sv/d29kcl5x50v7vt1n6xb5jsd40000gn/T/6b31c5ac6ecbad948994a8204ea6b05b.mpf_cache
2024-07-29 13:33:18,250 : INFO : ConfigProcessor : Loading config from cache: /var/folders/sv/d29kcl5x50v7vt1n6xb5jsd40000gn/T/fe612d1e66c8a96c19ba449d3748eeac.mpf_cache
2024-07-29 13:33:18,251 : INFO : ConfigProcessor : Loading config from cache: /var/folders/sv/d29kcl5x50v7vt1n6xb5jsd40000gn/T/6b31c5ac6ecbad948994a8204ea6b05b.mpf_cache
2024-07-29 13:33:18,251 : INFO : ConfigProcessor : Loading config from cache: /var/folders/sv/d29kcl5x50v7vt1n6xb5jsd40000gn/T/8765227693ecd961e0504502a81255e0.mpf_cache
2024-07-29 13:33:18,251 : INFO : ConfigProcessor : Loading config from cache: /var/folders/sv/d29kcl5x50v7vt1n6xb5jsd40000gn/T/b247728c74b4d81bcb2825e2b07062a7.mpf_cache
2024-07-29 13:33:18,251 : INFO : ConfigProcessor : Loading config from cache: /var/folders/sv/d29kcl5x50v7vt1n6xb5jsd40000gn/T/f240f94f0b5d0f37ec4fd7571275a101.mpf_cache
2024-07-29 13:33:18,252 : INFO : ConfigProcessor : Loading config from cache: /var/folders/sv/d29kcl5x50v7vt1n6xb5jsd40000gn/T/c4409acfdf3ec94666e0adef48d55400.mpf_cache
2024-07-29 13:33:18,252 : INFO : ConfigProcessor : Loading config from cache: /var/folders/sv/d29kcl5x50v7vt1n6xb5jsd40000gn/T/6a2f50ed892485825cc04dc0a68eab9f.mpf_cache
2024-07-29 13:33:18,252 : INFO : ConfigProcessor : Loading config from cache: /var/folders/sv/d29kcl5x50v7vt1n6xb5jsd40000gn/T/d58c58eb9fd1a2dc27f8acd255fb3761.mpf_cache
2024-07-29 13:33:18,252 : INFO : ConfigProcessor : Loading config from cache: /var/folders/sv/d29kcl5x50v7vt1n6xb5jsd40000gn/T/07adfd310b3ef0e03c5cbc91527abb6c.mpf_cache
2024-07-29 13:33:18,253 : INFO : ConfigProcessor : Loading config from cache: /var/folders/sv/d29kcl5x50v7vt1n6xb5jsd40000gn/T/12bd5247c3bf989b919364bdb7829769.mpf_cache
2024-07-29 13:33:18,253 : INFO : ConfigProcessor : Loading config from cache: /var/folders/sv/d29kcl5x50v7vt1n6xb5jsd40000gn/T/362e08f51a1a1b7a0809dd52f9c83f83.mpf_cache
2024-07-29 13:33:18,253 : INFO : ConfigProcessor : Loading config from cache: /var/folders/sv/d29kcl5x50v7vt1n6xb5jsd40000gn/T/e45e3bd39557ed8d0881194a7afab8f7.mpf_cache
2024-07-29 13:33:18,253 : INFO : ConfigProcessor : Loading config from cache: /var/folders/sv/d29kcl5x50v7vt1n6xb5jsd40000gn/T/331d8d1a1bc190cae8c13495e1db372f.mpf_cache
2024-07-29 13:33:18,254 : INFO : ConfigProcessor : Loading config from cache: /var/folders/sv/d29kcl5x50v7vt1n6xb5jsd40000gn/T/d17a9ff77386e6f1439d0802ace1de07.mpf_cache
2024-07-29 13:33:18,254 : INFO : ConfigProcessor : Loading config from cache: /var/folders/sv/d29kcl5x50v7vt1n6xb5jsd40000gn/T/280fd64455d0d243a54ab4db98fbccbd.mpf_cache
2024-07-29 13:33:18,254 : INFO : ConfigProcessor : Loading config from cache: /var/folders/sv/d29kcl5x50v7vt1n6xb5jsd40000gn/T/0c0596ed8fbb40b6113901d21bdc0a39.mpf_cache
2024-07-29 13:33:18,255 : INFO : ConfigProcessor : Loading config from cache: /var/folders/sv/d29kcl5x50v7vt1n6xb5jsd40000gn/T/f521a0f834965d73920394ccceaa3c1c.mpf_cache
2024-07-29 13:33:18,255 : INFO : ConfigProcessor : Loading config from cache: /var/folders/sv/d29kcl5x50v7vt1n6xb5jsd40000gn/T/0fedc249e142fba0aaf46d9adc7061fa.mpf_cache
2024-07-29 13:33:18,255 : INFO : ConfigProcessor : Loading config from cache: /var/folders/sv/d29kcl5x50v7vt1n6xb5jsd40000gn/T/c57745b2fe399992c4aedf0209f8acc9.mpf_cache
2024-07-29 13:33:18,256 : INFO : ConfigProcessor : Loading config from cache: /var/folders/sv/d29kcl5x50v7vt1n6xb5jsd40000gn/T/4d7707f845442344c77faa09114dd414.mpf_cache
2024-07-29 13:33:18,256 : INFO : ConfigProcessor : Loading config from cache: /var/folders/sv/d29kcl5x50v7vt1n6xb5jsd40000gn/T/3048ed2d7ea14eee3db896f6760aa474.mpf_cache
2024-07-29 13:33:18,257 : INFO : ConfigProcessor : Loading config from cache: /var/folders/sv/d29kcl5x50v7vt1n6xb5jsd40000gn/T/984de704eb69e43ca43e84d7915bfa21.mpf_cache
2024-07-29 13:33:18,257 : INFO : ConfigProcessor : Loading config from cache: /var/folders/sv/d29kcl5x50v7vt1n6xb5jsd40000gn/T/0a9cb7260d26760274024f443d38cc22.mpf_cache
2024-07-29 13:33:18,258 : INFO : ConfigProcessor : Loading config from cache: /var/folders/sv/d29kcl5x50v7vt1n6xb5jsd40000gn/T/deb753c2acdccb3c49ddc8f2a7e04ee6.mpf_cache
2024-07-29 13:33:18,258 : INFO : ConfigProcessor : Loading config from cache: /var/folders/sv/d29kcl5x50v7vt1n6xb5jsd40000gn/T/4a90c06755c4a5beef2ee4c243f54397.mpf_cache
2024-07-29 13:33:18,258 : INFO : Machine : Mission Pinball Framework Core Engine v0.80.0.dev1
2024-07-29 13:33:18,258 : INFO : Machine : Command line arguments: {'no_load_cache': False, 'create_config_cache': True, 'bcp': True, 'configfile': ['config.yaml'], 'force_assets_load': False, 'platform_integration_test': False, 'jsonlogging': False, 'logfile': 'logs/2024-07-29-13-33-18-mpf-Nicks-MacBook-Air.local.log', 'pause': False, 'production': False, 'text_ui': True, 'loglevel': 15, 'consoleloglevel': 20, 'force_platform': None, 'syslog_address': None, 'mc_file_name': None, 'no_sound': False, 'full_logfile_path': '/Users/nicktaseris/Desktop/Pinball/KOTH/logs/2024-07-29-13-33-18-mpf-Nicks-MacBook-Air.local.log'}
2024-07-29 13:33:18,258 : INFO : Machine : MPF path: /Users/nicktaseris/mpfenv/lib/python3.9/site-packages/mpf
2024-07-29 13:33:18,258 : INFO : Machine : Machine path: /Users/nicktaseris/Desktop/Pinball/KOTH
2024-07-29 13:33:18,258 : INFO : Machine : Platform: darwin
2024-07-29 13:33:18,258 : INFO : Machine : Python executable location: /Users/nicktaseris/mpfenv/bin/python3
2024-07-29 13:33:18,258 : INFO : Machine : Python version: 3.9.13 (64-bit)
2024-07-29 13:33:18,259 : INFO : Machine : Initializing MPF...
2024-07-29 13:33:18,295 : INFO : EventManager : Event: ======'machine_var_credits_string'====== Args={'value': 'FREE PLAY', 'prev_value': None, 'change': True}
2024-07-29 13:33:18,303 : INFO : EventManager : Event: ======'machine_var_master_volume'====== Args={'value': 0.5, 'prev_value': None, 'change': True}
2024-07-29 13:33:18,303 : INFO : EventManager : Event: ======'machine_var_player1_score'====== Args={'value': 175300, 'prev_value': None, 'change': True}
2024-07-29 13:33:18,303 : INFO : EventManager : Event: ======'machine_var_mpf_version'====== Args={'value': 'Mission Pinball Framework v0.80.0.dev1', 'prev_value': None, 'change': True}
2024-07-29 13:33:18,303 : INFO : EventManager : Event: ======'machine_var_mpf_extended_version'====== Args={'value': 'Mission Pinball Framework v0.80.0.dev1, Config version:6, Show version: 6, BCP version:1.1', 'prev_value': None, 'change': True}
2024-07-29 13:33:18,303 : INFO : EventManager : Event: ======'machine_var_python_version'====== Args={'value': '3.9.13', 'prev_value': None, 'change': True}
2024-07-29 13:33:18,318 : INFO : EventManager : Event: ======'machine_var_platform'====== Args={'value': 'macOS-12.1-arm64-arm-64bit', 'prev_value': None, 'change': True}
2024-07-29 13:33:18,318 : INFO : EventManager : Event: ======'machine_var_platform_system'====== Args={'value': 'Darwin', 'prev_value': None, 'change': True}
2024-07-29 13:33:18,318 : INFO : EventManager : Event: ======'machine_var_platform_release'====== Args={'value': '21.2.0', 'prev_value': None, 'change': True}
2024-07-29 13:33:18,318 : INFO : EventManager : Event: ======'machine_var_platform_version'====== Args={'value': 'Darwin Kernel Version 21.2.0: Sun Nov 28 20:29:10 PST 2021; root:xnu-8019.61.5~1/RELEASE_ARM64_T8101', 'prev_value': None, 'change': True}
2024-07-29 13:33:18,318 : INFO : EventManager : Event: ======'machine_var_platform_machine'====== Args={'value': 'arm64', 'prev_value': None, 'change': True}
2024-07-29 13:33:18,318 : INFO : EventManager : Event: ======'machine_var_log_file_path'====== Args={'value': '/Users/nicktaseris/Desktop/Pinball/KOTH/logs/2024-07-29-13-33-18-mpf-Nicks-MacBook-Air.local.log', 'prev_value': None, 'change': True}
2024-07-29 13:33:18,318 : INFO : EventManager : Event: ======'init_phase_1'====== Args={}
2024-07-29 13:33:18,348 : INFO : EventManager : Event: ======'drop_target_bank_strickland_bank_up'====== Args={}
2024-07-29 13:33:18,349 : INFO : EventManager : Event: ======'init_phase_2'====== Args={}
2024-07-29 13:33:18,349 : INFO : SwitchController : Found active switch: ('39', <Platform.SmartVirtual>) <switch.s_trough1>
2024-07-29 13:33:18,349 : INFO : SwitchController : Found active switch: ('40', <Platform.SmartVirtual>) <switch.s_trough2>
2024-07-29 13:33:18,349 : INFO : SwitchController : Found active switch: ('41', <Platform.SmartVirtual>) <switch.s_trough3>
2024-07-29 13:33:18,349 : INFO : SwitchController : Found active switch: ('42', <Platform.SmartVirtual>) <switch.s_trough4>
2024-07-29 13:33:18,349 : INFO : SwitchController : Found active switch: ('43', <Platform.SmartVirtual>) <switch.s_trough5>
2024-07-29 13:33:18,349 : INFO : SwitchController : Found active switch: ('44', <Platform.SmartVirtual>) <switch.s_trough6>
2024-07-29 13:33:18,354 : INFO : EventManager : Event: ======'machine_var_score1_label'====== Args={'value': 'GRAND CHAMPION', 'prev_value': None, 'change': True}
2024-07-29 13:33:18,354 : INFO : EventManager : Event: ======'machine_var_score1_name'====== Args={'value': 'BRI', 'prev_value': None, 'change': True}
2024-07-29 13:33:18,354 : INFO : EventManager : Event: ======'machine_var_score1_value'====== Args={'value': 4242, 'prev_value': None, 'change': True}
2024-07-29 13:33:18,354 : INFO : EventManager : Event: ======'machine_var_score2_label'====== Args={'value': 'HIGH SCORE 1', 'prev_value': None, 'change': True}
2024-07-29 13:33:18,355 : INFO : EventManager : Event: ======'machine_var_score2_name'====== Args={'value': 'GHK', 'prev_value': None, 'change': True}
2024-07-29 13:33:18,355 : INFO : EventManager : Event: ======'machine_var_score2_value'====== Args={'value': 2323, 'prev_value': None, 'change': True}
2024-07-29 13:33:18,355 : INFO : EventManager : Event: ======'machine_var_score3_label'====== Args={'value': 'HIGH SCORE 2', 'prev_value': None, 'change': True}
2024-07-29 13:33:18,355 : INFO : EventManager : Event: ======'machine_var_score3_name'====== Args={'value': 'JK', 'prev_value': None, 'change': True}
2024-07-29 13:33:18,355 : INFO : EventManager : Event: ======'machine_var_score3_value'====== Args={'value': 1337, 'prev_value': None, 'change': True}
2024-07-29 13:33:18,355 : INFO : EventManager : Event: ======'machine_var_score4_label'====== Args={'value': 'HIGH SCORE 3', 'prev_value': None, 'change': True}
2024-07-29 13:33:18,355 : INFO : EventManager : Event: ======'machine_var_score4_name'====== Args={'value': 'QC', 'prev_value': None, 'change': True}
2024-07-29 13:33:18,355 : INFO : EventManager : Event: ======'machine_var_score4_value'====== Args={'value': 42, 'prev_value': None, 'change': True}
2024-07-29 13:33:18,355 : INFO : EventManager : Event: ======'machine_var_score5_label'====== Args={'value': 'HIGH SCORE 4', 'prev_value': None, 'change': True}
2024-07-29 13:33:18,355 : INFO : EventManager : Event: ======'machine_var_score5_name'====== Args={'value': 'MPF', 'prev_value': None, 'change': True}
2024-07-29 13:33:18,355 : INFO : EventManager : Event: ======'machine_var_score5_value'====== Args={'value': 23, 'prev_value': None, 'change': True}
2024-07-29 13:33:18,355 : INFO : EventManager : Event: ======'bcp_connection_attempt'====== Args={'name': 'local_display', 'host': 'localhost', 'port': 5050}
2024-07-29 13:33:18,356 : INFO : BCPClientSocket : Connecting BCP to 'local_display' at localhost:5050...
2024-07-29 13:33:19,697 : INFO : BCPClientSocket : Connected BCP to 'local_display' localhost:5050
2024-07-29 13:33:19,698 : INFO : EventManager : Event: ======'bcp_clients_connected'====== Args={}
2024-07-29 13:33:19,702 : INFO : ball_device.bd_trough : BCH: Initial count: 6
2024-07-29 13:33:19,702 : INFO : ball_device.bd_trough : State: idle
2024-07-29 13:33:19,703 : INFO : ball_device.bd_plunger : BCH: Initial count: 0
2024-07-29 13:33:19,703 : INFO : ball_device.bd_plunger : State: idle
2024-07-29 13:33:19,704 : INFO : ball_device.bd_scoop : BCH: Initial count: 0
2024-07-29 13:33:19,704 : INFO : ball_device.bd_scoop : State: idle
2024-07-29 13:33:19,714 : INFO : EventManager : Event: ======'init_phase_3'====== Args={}
2024-07-29 13:33:19,718 : INFO : EventManager : Event: ======'init_phase_4'====== Args={}
2024-07-29 13:33:19,719 : INFO : BallController : Initial balls found: 6
2024-07-29 13:33:19,719 : INFO : EventManager : Event: ======'machine_var_audits_events_game_ended'====== Args={'value': 4, 'prev_value': None, 'change': True}
2024-07-29 13:33:19,719 : INFO : EventManager : Event: ======'machine_var_audits_events_game_started'====== Args={'value': 661, 'prev_value': None, 'change': True}
2024-07-29 13:33:19,720 : INFO : EventManager : Event: ======'machine_var_audits_missing_switches_s_a_target'====== Args={'value': 7, 'prev_value': None, 'change': True}
2024-07-29 13:33:19,720 : INFO : EventManager : Event: ======'machine_var_audits_missing_switches_s_bottom_inline_drop'====== Args={'value': 8, 'prev_value': None, 'change': True}
2024-07-29 13:33:19,720 : INFO : EventManager : Event: ======'machine_var_audits_missing_switches_s_bottom_pop_bumper'====== Args={'value': 220, 'prev_value': None, 'change': True}
2024-07-29 13:33:19,720 : INFO : EventManager : Event: ======'machine_var_audits_missing_switches_s_center_spinner'====== Args={'value': 10, 'prev_value': None, 'change': True}
2024-07-29 13:33:19,720 : INFO : EventManager : Event: ======'machine_var_audits_missing_switches_s_e_target'====== Args={'value': 7, 'prev_value': None, 'change': True}
2024-07-29 13:33:19,720 : INFO : EventManager : Event: ======'machine_var_audits_missing_switches_s_launch_button'====== Args={'value': 132, 'prev_value': None, 'change': True}
2024-07-29 13:33:19,720 : INFO : EventManager : Event: ======'machine_var_audits_missing_switches_s_left_flipper'====== Args={'value': 16, 'prev_value': None, 'change': True}
2024-07-29 13:33:19,720 : INFO : EventManager : Event: ======'machine_var_audits_missing_switches_s_left_inlane'====== Args={'value': 16, 'prev_value': None, 'change': True}
2024-07-29 13:33:19,720 : INFO : EventManager : Event: ======'machine_var_audits_missing_switches_s_left_inner_horseshoe'====== Args={'value': 295, 'prev_value': None, 'change': True}
2024-07-29 13:33:19,720 : INFO : EventManager : Event: ======'machine_var_audits_missing_switches_s_left_orbit_enter'====== Args={'value': 11, 'prev_value': None, 'change': True}
2024-07-29 13:33:19,720 : INFO : EventManager : Event: ======'machine_var_audits_missing_switches_s_left_orbit_exit'====== Args={'value': 11, 'prev_value': None, 'change': True}
2024-07-29 13:33:19,721 : INFO : EventManager : Event: ======'machine_var_audits_missing_switches_s_left_outlane'====== Args={'value': 11, 'prev_value': None, 'change': True}
2024-07-29 13:33:19,721 : INFO : EventManager : Event: ======'machine_var_audits_missing_switches_s_left_pop_bumper'====== Args={'value': 220, 'prev_value': None, 'change': True}
2024-07-29 13:33:19,721 : INFO : EventManager : Event: ======'machine_var_audits_missing_switches_s_left_ramp_enter'====== Args={'value': 17, 'prev_value': None, 'change': True}
2024-07-29 13:33:19,721 : INFO : EventManager : Event: ======'machine_var_audits_missing_switches_s_left_ramp_exit'====== Args={'value': 17, 'prev_value': None, 'change': True}
2024-07-29 13:33:19,721 : INFO : EventManager : Event: ======'machine_var_audits_missing_switches_s_left_ramp_standup'====== Args={'value': 16, 'prev_value': None, 'change': True}
2024-07-29 13:33:19,721 : INFO : EventManager : Event: ======'machine_var_audits_missing_switches_s_left_rollover_lane'====== Args={'value': 11, 'prev_value': None, 'change': True}
2024-07-29 13:33:19,721 : INFO : EventManager : Event: ======'machine_var_audits_missing_switches_s_left_sling'====== Args={'value': 311, 'prev_value': None, 'change': True}
2024-07-29 13:33:19,721 : INFO : EventManager : Event: ======'machine_var_audits_missing_switches_s_left_spinner'====== Args={'value': 16, 'prev_value': None, 'change': True}
2024-07-29 13:33:19,721 : INFO : EventManager : Event: ======'machine_var_audits_missing_switches_s_middle_inline_drop'====== Args={'value': 8, 'prev_value': None, 'change': True}
2024-07-29 13:33:19,721 : INFO : EventManager : Event: ======'machine_var_audits_missing_switches_s_middle_rollover_lane'====== Args={'value': 11, 'prev_value': None, 'change': True}
2024-07-29 13:33:19,722 : INFO : EventManager : Event: ======'machine_var_audits_missing_switches_s_n_target'====== Args={'value': 6, 'prev_value': None, 'change': True}
2024-07-29 13:33:19,722 : INFO : EventManager : Event: ======'machine_var_audits_missing_switches_s_p2_target'====== Args={'value': 2, 'prev_value': None, 'change': True}
2024-07-29 13:33:19,722 : INFO : EventManager : Event: ======'machine_var_audits_missing_switches_s_right_inlane'====== Args={'value': 11, 'prev_value': None, 'change': True}
2024-07-29 13:33:19,722 : INFO : EventManager : Event: ======'machine_var_audits_missing_switches_s_right_inner_horseshoe'====== Args={'value': 11, 'prev_value': None, 'change': True}
2024-07-29 13:33:19,722 : INFO : EventManager : Event: ======'machine_var_audits_missing_switches_s_right_orbit_exit'====== Args={'value': 404, 'prev_value': None, 'change': True}
2024-07-29 13:33:19,722 : INFO : EventManager : Event: ======'machine_var_audits_missing_switches_s_right_outlane'====== Args={'value': 11, 'prev_value': None, 'change': True}
2024-07-29 13:33:19,722 : INFO : EventManager : Event: ======'machine_var_audits_missing_switches_s_right_pop_bumper'====== Args={'value': 220, 'prev_value': None, 'change': True}
2024-07-29 13:33:19,722 : INFO : EventManager : Event: ======'machine_var_audits_missing_switches_s_right_ramp_enter'====== Args={'value': 20, 'prev_value': None, 'change': True}
2024-07-29 13:33:19,723 : INFO : EventManager : Event: ======'machine_var_audits_missing_switches_s_right_ramp_exit'====== Args={'value': 18, 'prev_value': None, 'change': True}
2024-07-29 13:33:19,723 : INFO : EventManager : Event: ======'machine_var_audits_missing_switches_s_right_ramp_standup'====== Args={'value': 11, 'prev_value': None, 'change': True}
2024-07-29 13:33:19,723 : INFO : EventManager : Event: ======'machine_var_audits_missing_switches_s_right_rollover_lane'====== Args={'value': 11, 'prev_value': None, 'change': True}
2024-07-29 13:33:19,723 : INFO : EventManager : Event: ======'machine_var_audits_missing_switches_s_right_sling'====== Args={'value': 612, 'prev_value': None, 'change': True}
2024-07-29 13:33:19,723 : INFO : EventManager : Event: ======'machine_var_audits_missing_switches_s_top_inline_drop'====== Args={'value': 8, 'prev_value': None, 'change': True}
2024-07-29 13:33:19,723 : INFO : EventManager : Event: ======'machine_var_audits_missing_switches_s_trough1'====== Args={'value': 6, 'prev_value': None, 'change': True}
2024-07-29 13:33:19,723 : INFO : EventManager : Event: ======'machine_var_audits_missing_switches_s_trough2'====== Args={'value': 11, 'prev_value': None, 'change': True}
2024-07-29 13:33:19,723 : INFO : EventManager : Event: ======'machine_var_audits_missing_switches_s_trough3'====== Args={'value': 11, 'prev_value': None, 'change': True}
2024-07-29 13:33:19,724 : INFO : EventManager : Event: ======'machine_var_audits_missing_switches_s_trough4'====== Args={'value': 83, 'prev_value': None, 'change': True}
2024-07-29 13:33:19,724 : INFO : EventManager : Event: ======'machine_var_audits_missing_switches_s_trough5'====== Args={'value': 616, 'prev_value': None, 'change': True}
2024-07-29 13:33:19,724 : INFO : EventManager : Event: ======'machine_var_audits_missing_switches_s_trough6'====== Args={'value': 616, 'prev_value': None, 'change': True}
2024-07-29 13:33:19,724 : INFO : EventManager : Event: ======'machine_var_audits_missing_switches_s_trough_jam'====== Args={'value': 549, 'prev_value': None, 'change': True}
2024-07-29 13:33:19,724 : INFO : EventManager : Event: ======'machine_var_audits_player_score'====== Args={'value': {'average': 109379, 'top': [370600, 175300, 400, 300, 250], 'total': 5}, 'prev_value': None, 'change': True}
2024-07-29 13:33:19,724 : INFO : EventManager : Event: ======'machine_var_audits_shots_a_rollover_lane'====== Args={'value': 11, 'prev_value': None, 'change': True}
2024-07-29 13:33:19,724 : INFO : EventManager : Event: ======'machine_var_audits_shots_a_target'====== Args={'value': 7, 'prev_value': None, 'change': True}
2024-07-29 13:33:19,725 : INFO : EventManager : Event: ======'machine_var_audits_shots_ball_lock_a_target'====== Args={'value': 6, 'prev_value': None, 'change': True}
2024-07-29 13:33:19,725 : INFO : EventManager : Event: ======'machine_var_audits_shots_ball_lock_e_target'====== Args={'value': 5, 'prev_value': None, 'change': True}
2024-07-29 13:33:19,725 : INFO : EventManager : Event: ======'machine_var_audits_shots_ball_lock_n_target'====== Args={'value': 5, 'prev_value': None, 'change': True}
2024-07-29 13:33:19,725 : INFO : EventManager : Event: ======'machine_var_audits_shots_ball_lock_p2_target'====== Args={'value': 9, 'prev_value': None, 'change': True}
2024-07-29 13:33:19,725 : INFO : EventManager : Event: ======'machine_var_audits_shots_e_target'====== Args={'value': 3, 'prev_value': None, 'change': True}
2024-07-29 13:33:19,725 : INFO : EventManager : Event: ======'machine_var_audits_shots_h_rollover_lane'====== Args={'value': 15, 'prev_value': None, 'change': True}
2024-07-29 13:33:19,725 : INFO : EventManager : Event: ======'machine_var_audits_shots_k_rollover_lane'====== Args={'value': 12, 'prev_value': None, 'change': True}
2024-07-29 13:33:19,726 : INFO : EventManager : Event: ======'machine_var_audits_shots_left_rollover_lane'====== Args={'value': 205, 'prev_value': None, 'change': True}
2024-07-29 13:33:19,726 : INFO : EventManager : Event: ======'machine_var_audits_shots_middle_rollover_lane'====== Args={'value': 196, 'prev_value': None, 'change': True}
2024-07-29 13:33:19,726 : INFO : EventManager : Event: ======'machine_var_audits_shots_n_rollover_lane'====== Args={'value': 10, 'prev_value': None, 'change': True}
2024-07-29 13:33:19,726 : INFO : EventManager : Event: ======'machine_var_audits_shots_n_target'====== Args={'value': 9, 'prev_value': None, 'change': True}
2024-07-29 13:33:19,726 : INFO : EventManager : Event: ======'machine_var_audits_shots_o_target'====== Args={'value': 4, 'prev_value': None, 'change': True}
2024-07-29 13:33:19,727 : INFO : EventManager : Event: ======'machine_var_audits_shots_p2_target'====== Args={'value': 5, 'prev_value': None, 'change': True}
2024-07-29 13:33:19,727 : INFO : EventManager : Event: ======'machine_var_audits_shots_p_target'====== Args={'value': 8, 'prev_value': None, 'change': True}
2024-07-29 13:33:19,727 : INFO : EventManager : Event: ======'machine_var_audits_shots_qualify_a_target'====== Args={'value': 7, 'prev_value': None, 'change': True}
2024-07-29 13:33:19,727 : INFO : EventManager : Event: ======'machine_var_audits_shots_qualify_e_target'====== Args={'value': 8, 'prev_value': None, 'change': True}
2024-07-29 13:33:19,727 : INFO : EventManager : Event: ======'machine_var_audits_shots_qualify_n_target'====== Args={'value': 7, 'prev_value': None, 'change': True}
2024-07-29 13:33:19,727 : INFO : EventManager : Event: ======'machine_var_audits_shots_qualify_o_target'====== Args={'value': 222, 'prev_value': None, 'change': True}
2024-07-29 13:33:19,728 : INFO : EventManager : Event: ======'machine_var_audits_shots_qualify_p2_target'====== Args={'value': 9, 'prev_value': None, 'change': True}
2024-07-29 13:33:19,728 : INFO : EventManager : Event: ======'machine_var_audits_shots_qualify_p_target'====== Args={'value': 173, 'prev_value': None, 'change': True}
2024-07-29 13:33:19,728 : INFO : EventManager : Event: ======'machine_var_audits_shots_qualify_r_target'====== Args={'value': 203, 'prev_value': None, 'change': True}
2024-07-29 13:33:19,728 : INFO : EventManager : Event: ======'machine_var_audits_shots_r_target'====== Args={'value': 14, 'prev_value': None, 'change': True}
2024-07-29 13:33:19,728 : INFO : EventManager : Event: ======'machine_var_audits_shots_rainey_multiball_ball_lock_a_target'====== Args={'value': 17, 'prev_value': None, 'change': True}
2024-07-29 13:33:19,729 : INFO : EventManager : Event: ======'machine_var_audits_shots_rainey_multiball_ball_lock_e_target'====== Args={'value': 19, 'prev_value': None, 'change': True}
2024-07-29 13:33:19,729 : INFO : EventManager : Event: ======'machine_var_audits_shots_rainey_multiball_ball_lock_n_target'====== Args={'value': 21, 'prev_value': None, 'change': True}
2024-07-29 13:33:19,729 : INFO : EventManager : Event: ======'machine_var_audits_shots_rainey_multiball_ball_lock_p2_target'====== Args={'value': 24, 'prev_value': None, 'change': True}
2024-07-29 13:33:19,729 : INFO : EventManager : Event: ======'machine_var_audits_shots_right_rollover_lane'====== Args={'value': 200, 'prev_value': None, 'change': True}
2024-07-29 13:33:19,729 : INFO : EventManager : Event: ======'machine_var_audits_shots_shot_left_ramp'====== Args={'value': 8, 'prev_value': None, 'change': True}
2024-07-29 13:33:19,729 : INFO : EventManager : Event: ======'machine_var_audits_shots_shot_right_ramp'====== Args={'value': 16, 'prev_value': None, 'change': True}
2024-07-29 13:33:19,730 : INFO : EventManager : Event: ======'machine_var_audits_shots_skillshot_a_target'====== Args={'value': 71, 'prev_value': None, 'change': True}
2024-07-29 13:33:19,730 : INFO : EventManager : Event: ======'machine_var_audits_shots_skillshot_e_target'====== Args={'value': 56, 'prev_value': None, 'change': True}
2024-07-29 13:33:19,730 : INFO : EventManager : Event: ======'machine_var_audits_shots_skillshot_n_target'====== Args={'value': 53, 'prev_value': None, 'change': True}
2024-07-29 13:33:19,730 : INFO : EventManager : Event: ======'machine_var_audits_shots_skillshot_o_target'====== Args={'value': 99, 'prev_value': None, 'change': True}
2024-07-29 13:33:19,730 : INFO : EventManager : Event: ======'machine_var_audits_shots_skillshot_p2_target'====== Args={'value': 51, 'prev_value': None, 'change': True}
2024-07-29 13:33:19,731 : INFO : EventManager : Event: ======'machine_var_audits_shots_skillshot_p_target'====== Args={'value': 43, 'prev_value': None, 'change': True}
2024-07-29 13:33:19,731 : INFO : EventManager : Event: ======'machine_var_audits_shots_skillshot_r_target'====== Args={'value': 67, 'prev_value': None, 'change': True}
2024-07-29 13:33:19,731 : INFO : EventManager : Event: ======'machine_var_audits_switches_s_a_target'====== Args={'value': 145, 'prev_value': None, 'change': True}
2024-07-29 13:33:19,731 : INFO : EventManager : Event: ======'machine_var_audits_switches_s_bottom_inline_drop'====== Args={'value': 938, 'prev_value': None, 'change': True}
2024-07-29 13:33:19,731 : INFO : EventManager : Event: ======'machine_var_audits_switches_s_bottom_pop_bumper'====== Args={'value': 10, 'prev_value': None, 'change': True}
2024-07-29 13:33:19,732 : INFO : EventManager : Event: ======'machine_var_audits_switches_s_center_spinner'====== Args={'value': 176, 'prev_value': None, 'change': True}
2024-07-29 13:33:19,732 : INFO : EventManager : Event: ======'machine_var_audits_switches_s_e_target'====== Args={'value': 151, 'prev_value': None, 'change': True}
2024-07-29 13:33:19,732 : INFO : EventManager : Event: ======'machine_var_audits_switches_s_launch_button'====== Args={'value': 10, 'prev_value': None, 'change': True}
2024-07-29 13:33:19,732 : INFO : EventManager : Event: ======'machine_var_audits_switches_s_left_flipper'====== Args={'value': 213, 'prev_value': None, 'change': True}
2024-07-29 13:33:19,733 : INFO : EventManager : Event: ======'machine_var_audits_switches_s_left_inlane'====== Args={'value': 22, 'prev_value': None, 'change': True}
2024-07-29 13:33:19,733 : INFO : EventManager : Event: ======'machine_var_audits_switches_s_left_inner_horseshoe'====== Args={'value': 15, 'prev_value': None, 'change': True}
2024-07-29 13:33:19,733 : INFO : EventManager : Event: ======'machine_var_audits_switches_s_left_orbit_enter'====== Args={'value': 41, 'prev_value': None, 'change': True}
2024-07-29 13:33:19,733 : INFO : EventManager : Event: ======'machine_var_audits_switches_s_left_orbit_exit'====== Args={'value': 20, 'prev_value': None, 'change': True}
2024-07-29 13:33:19,734 : INFO : EventManager : Event: ======'machine_var_audits_switches_s_left_outlane'====== Args={'value': 41, 'prev_value': None, 'change': True}
2024-07-29 13:33:19,734 : INFO : EventManager : Event: ======'machine_var_audits_switches_s_left_pop_bumper'====== Args={'value': 9, 'prev_value': None, 'change': True}
2024-07-29 13:33:19,734 : INFO : EventManager : Event: ======'machine_var_audits_switches_s_left_ramp_enter'====== Args={'value': 27, 'prev_value': None, 'change': True}
2024-07-29 13:33:19,734 : INFO : EventManager : Event: ======'machine_var_audits_switches_s_left_ramp_exit'====== Args={'value': 28, 'prev_value': None, 'change': True}
2024-07-29 13:33:19,735 : INFO : EventManager : Event: ======'machine_var_audits_switches_s_left_ramp_standup'====== Args={'value': 1057, 'prev_value': None, 'change': True}
2024-07-29 13:33:19,735 : INFO : EventManager : Event: ======'machine_var_audits_switches_s_left_rollover_lane'====== Args={'value': 210, 'prev_value': None, 'change': True}
2024-07-29 13:33:19,735 : INFO : EventManager : Event: ======'machine_var_audits_switches_s_left_sling'====== Args={'value': 12, 'prev_value': None, 'change': True}
2024-07-29 13:33:19,735 : INFO : EventManager : Event: ======'machine_var_audits_switches_s_left_spinner'====== Args={'value': 133, 'prev_value': None, 'change': True}
2024-07-29 13:33:19,736 : INFO : EventManager : Event: ======'machine_var_audits_switches_s_middle_inline_drop'====== Args={'value': 937, 'prev_value': None, 'change': True}
2024-07-29 13:33:19,736 : INFO : EventManager : Event: ======'machine_var_audits_switches_s_middle_rollover_lane'====== Args={'value': 199, 'prev_value': None, 'change': True}
2024-07-29 13:33:19,736 : INFO : EventManager : Event: ======'machine_var_audits_switches_s_n_target'====== Args={'value': 141, 'prev_value': None, 'change': True}
2024-07-29 13:33:19,737 : INFO : EventManager : Event: ======'machine_var_audits_switches_s_o_target'====== Args={'value': 269, 'prev_value': None, 'change': True}
2024-07-29 13:33:19,737 : INFO : EventManager : Event: ======'machine_var_audits_switches_s_p2_target'====== Args={'value': 104, 'prev_value': None, 'change': True}
2024-07-29 13:33:19,737 : INFO : EventManager : Event: ======'machine_var_audits_switches_s_p_target'====== Args={'value': 394, 'prev_value': None, 'change': True}
2024-07-29 13:33:19,737 : INFO : EventManager : Event: ======'machine_var_audits_switches_s_plunger'====== Args={'value': 823, 'prev_value': None, 'change': True}
2024-07-29 13:33:19,738 : INFO : EventManager : Event: ======'machine_var_audits_switches_s_plunger_lane'====== Args={'value': 39, 'prev_value': None, 'change': True}
2024-07-29 13:33:19,738 : INFO : EventManager : Event: ======'machine_var_audits_switches_s_plunger_lane_exit'====== Args={'value': 580, 'prev_value': None, 'change': True}
2024-07-29 13:33:19,738 : INFO : EventManager : Event: ======'machine_var_audits_switches_s_r_target'====== Args={'value': 243, 'prev_value': None, 'change': True}
2024-07-29 13:33:19,739 : INFO : EventManager : Event: ======'machine_var_audits_switches_s_right_flipper'====== Args={'value': 828, 'prev_value': None, 'change': True}
2024-07-29 13:33:19,739 : INFO : EventManager : Event: ======'machine_var_audits_switches_s_right_inlane'====== Args={'value': 19, 'prev_value': None, 'change': True}
2024-07-29 13:33:19,739 : INFO : EventManager : Event: ======'machine_var_audits_switches_s_right_inner_horseshoe'====== Args={'value': 16, 'prev_value': None, 'change': True}
2024-07-29 13:33:19,739 : INFO : EventManager : Event: ======'machine_var_audits_switches_s_right_orbit_exit'====== Args={'value': 33, 'prev_value': None, 'change': True}
2024-07-29 13:33:19,740 : INFO : EventManager : Event: ======'machine_var_audits_switches_s_right_outlane'====== Args={'value': 20, 'prev_value': None, 'change': True}
2024-07-29 13:33:19,740 : INFO : EventManager : Event: ======'machine_var_audits_switches_s_right_pop_bumper'====== Args={'value': 17, 'prev_value': None, 'change': True}
2024-07-29 13:33:19,740 : INFO : EventManager : Event: ======'machine_var_audits_switches_s_right_ramp_enter'====== Args={'value': 14, 'prev_value': None, 'change': True}
2024-07-29 13:33:19,741 : INFO : EventManager : Event: ======'machine_var_audits_switches_s_right_ramp_exit'====== Args={'value': 18, 'prev_value': None, 'change': True}
2024-07-29 13:33:19,741 : INFO : EventManager : Event: ======'machine_var_audits_switches_s_right_ramp_standup'====== Args={'value': 287, 'prev_value': None, 'change': True}
2024-07-29 13:33:19,741 : INFO : EventManager : Event: ======'machine_var_audits_switches_s_right_rollover_lane'====== Args={'value': 214, 'prev_value': None, 'change': True}
2024-07-29 13:33:19,742 : INFO : EventManager : Event: ======'machine_var_audits_switches_s_right_sling'====== Args={'value': 1, 'prev_value': None, 'change': True}
2024-07-29 13:33:19,742 : INFO : EventManager : Event: ======'machine_var_audits_switches_s_scoop'====== Args={'value': 237, 'prev_value': None, 'change': True}
2024-07-29 13:33:19,742 : INFO : EventManager : Event: ======'machine_var_audits_switches_s_start'====== Args={'value': 414, 'prev_value': None, 'change': True}
2024-07-29 13:33:19,742 : INFO : EventManager : Event: ======'machine_var_audits_switches_s_top_inline_drop'====== Args={'value': 45, 'prev_value': None, 'change': True}
2024-07-29 13:33:19,743 : INFO : EventManager : Event: ======'machine_var_audits_switches_s_trough1'====== Args={'value': 404, 'prev_value': None, 'change': True}
2024-07-29 13:33:19,743 : INFO : EventManager : Event: ======'machine_var_audits_switches_s_trough2'====== Args={'value': 30, 'prev_value': None, 'change': True}
2024-07-29 13:33:19,743 : INFO : EventManager : Event: ======'machine_var_audits_switches_s_trough3'====== Args={'value': 9, 'prev_value': None, 'change': True}
2024-07-29 13:33:19,744 : INFO : EventManager : Event: ======'machine_var_audits_switches_s_trough4'====== Args={'value': 3, 'prev_value': None, 'change': True}
2024-07-29 13:33:19,744 : INFO : EventManager : Event: ======'machine_var_audits_switches_s_trough5'====== Args={'value': 2, 'prev_value': None, 'change': True}
2024-07-29 13:33:19,744 : INFO : EventManager : Event: ======'machine_var_audits_switches_s_trough6'====== Args={'value': 1, 'prev_value': None, 'change': True}
2024-07-29 13:33:19,745 : INFO : EventManager : Event: ======'machine_var_audits_switches_s_trough_jam'====== Args={'value': 5, 'prev_value': None, 'change': True}
2024-07-29 13:33:19,746 : INFO : EventManager : Event: ======'init_phase_5'====== Args={}
2024-07-29 13:33:19,751 : INFO : EventManager : Event: ======'init_done'====== Args={}
2024-07-29 13:33:19,751 : INFO : EventManager : Event: ======'machine_reset_phase_1'====== Args={}
2024-07-29 13:33:19,757 : INFO : EventManager : Event: ======'machine_reset_phase_2'====== Args={}
2024-07-29 13:33:19,757 : INFO : EventManager : Event: ======'machine_reset_phase_3'====== Args={}
2024-07-29 13:33:19,757 : INFO : drop_target_bank.strickland_bank : All targets are already up. Will not reset bank.
2024-07-29 13:33:19,757 : INFO : EventManager : Event: ======'reset_complete'====== Args={}
2024-07-29 13:33:19,757 : INFO : EventManager : Event: ======'mode_attract_will_start'====== Args={}
2024-07-29 13:33:19,757 : INFO : Timer.attract_switch : Starting Timer.
2024-07-29 13:33:19,757 : INFO : EventManager : Event: ======'timer_attract_switch_started'====== Args={'ticks': 0, 'ticks_remaining': 45}
2024-07-29 13:33:19,757 : INFO : EventManager : Event: ======'timer_attract_switch_tick'====== Args={'ticks': 0, 'ticks_remaining': 45}
2024-07-29 13:33:19,758 : INFO : EventManager : Event: ======'mode_attract_starting'====== Args={}
2024-07-29 13:33:19,758 : INFO : Mode.attract : Started. Priority: 10
2024-07-29 13:33:19,758 : INFO : EventManager : Event: ======'modes_active_modes_changed'====== Args={}
2024-07-29 13:33:19,758 : INFO : EventManager : Event: ======'mode_attract_started'====== Args={}
2024-07-29 13:33:19,759 : INFO : EventManager : Event: ======'collecting_balls_complete'====== Args={}
2024-07-29 13:33:19,759 : INFO : Machine : Starting the main run loop.
2024-07-29 13:33:20,195 : INFO : SwitchController : <<<<<<< 's_start' active >>>>>>>
2024-07-29 13:33:20,195 : INFO : EventManager : Event: ======'s_start_active'====== Args={}
2024-07-29 13:33:20,197 : INFO : EventManager : Event: ======'sw_add_player'====== Args={'priority': 0}
2024-07-29 13:33:20,282 : INFO : SwitchController : <<<<<<< 's_start' inactive >>>>>>>
2024-07-29 13:33:20,282 : INFO : EventManager : Event: ======'request_to_start_game'====== Args={}
2024-07-29 13:33:20,283 : INFO : EventManager : Event: ======'game_start'====== Args={'buttons': [], 'hold_time': 0.08706533299999997}
2024-07-29 13:33:20,283 : INFO : EventManager : Event: ======'mode_game_will_start'====== Args={'buttons': [], 'hold_time': 0.08706533299999997}
2024-07-29 13:33:20,284 : INFO : EventManager : Event: ======'mode_game_starting'====== Args={'buttons': [], 'hold_time': 0.08706533299999997}
2024-07-29 13:33:20,284 : INFO : EventManager : Event: ======'mode_attract_will_stop'====== Args={}
2024-07-29 13:33:20,284 : INFO : EventManager : Event: ======'mode_attract_stopping'====== Args={}
2024-07-29 13:33:20,284 : INFO : Mode.attract : Stopped.
2024-07-29 13:33:20,284 : INFO : EventManager : Event: ======'modes_active_modes_changed'====== Args={}
2024-07-29 13:33:20,284 : INFO : EventManager : Event: ======'mode_attract_stopped'====== Args={}
2024-07-29 13:33:20,284 : INFO : EventManager : Event: ======'clear'====== Args={'key': 'attract'}
2024-07-29 13:33:20,285 : INFO : Timer.attract_switch : Stopping Timer
2024-07-29 13:33:20,285 : INFO : EventManager : Event: ======'timer_attract_switch_stopped'====== Args={'ticks': 0, 'ticks_remaining': 45}
2024-07-29 13:33:20,285 : INFO : Mode.game : Started. Priority: 20
2024-07-29 13:33:20,285 : INFO : EventManager : Event: ======'modes_active_modes_changed'====== Args={}
2024-07-29 13:33:20,285 : INFO : EventManager : Event: ======'mode_game_started'====== Args={'buttons': [], 'hold_time': 0.08706533299999997}
2024-07-29 13:33:20,286 : INFO : EventManager : Event: ======'game_will_start'====== Args={}
2024-07-29 13:33:20,286 : INFO : EventManager : Event: ======'game_starting'====== Args={'game': <Mode.game>}
2024-07-29 13:33:20,287 : INFO : EventManager : Unordered handler for class <Auditor> on event game_ended with priority 1. Handlers: [RegisteredHandler(callback=<bound method Auditor.disable of <Auditor>>, priority=1, kwargs={}, key=UUID('652a9066-a0f9-4c0f-9a60-969c076e3a4e'), condition=None, blocking_facility=None), RegisteredHandler(callback=<bound method Auditor._save_audits of <Auditor>>, priority=1, kwargs={}, key=UUID('dc6acc5a-9bf6-4e8d-bbe3-ee7e63b9bea0'), condition=None, blocking_facility=None)]. The order of those handlers is not defined and they will be executed in random order. This might lead to race conditions and potential bugs.
2024-07-29 13:33:20,287 : INFO : EventManager : Event: ======'player_add_request'====== Args={}
2024-07-29 13:33:20,287 : INFO : EventManager : Event: ======'player_will_add'====== Args={'number': 1}
2024-07-29 13:33:20,287 : INFO : EventManager : Event: ======'player_adding'====== Args={'player': <Player 1>, 'number': 1}
2024-07-29 13:33:20,287 : INFO : EventManager : Event: ======'player_added'====== Args={'player': <Player 1>, 'num': 1}
2024-07-29 13:33:20,287 : INFO : Mode.game : Player added successfully. Total players: 1
2024-07-29 13:33:20,287 : INFO : EventManager : Event: ======'player_index'====== Args={'value': 0, 'prev_value': 0, 'change': 0, 'player_num': 1}
2024-07-29 13:33:20,288 : INFO : EventManager : Event: ======'player_number'====== Args={'value': 1, 'prev_value': 1, 'change': 0, 'player_num': 1}
2024-07-29 13:33:20,288 : INFO : EventManager : Event: ======'player_score'====== Args={'value': 0, 'prev_value': 0, 'change': 0, 'player_num': 1}
2024-07-29 13:33:20,288 : INFO : EventManager : Event: ======'game_started'====== Args={}
2024-07-29 13:33:20,289 : INFO : EventManager : Event: ======'player_turn_will_start'====== Args={'player': <Player 1>, 'number': 1}
2024-07-29 13:33:20,289 : INFO : EventManager : Event: ======'player_turn_starting'====== Args={'player': <Player 1>, 'number': 1}
2024-07-29 13:33:20,289 : INFO : EventManager : Event: ======'player_ball'====== Args={'value': 1, 'prev_value': 0, 'change': 1, 'player_num': 1}
2024-07-29 13:33:20,289 : INFO : EventManager : Event: ======'player_turn_started'====== Args={'player': <Player 1>, 'number': 1}
2024-07-29 13:33:20,290 : INFO : EventManager : Event: ======'ball_will_start'====== Args={'player': 1, 'ball': 1, 'balls_remaining': 2, 'is_extra_ball': False}
2024-07-29 13:33:20,290 : INFO : EventManager : Event: ======'ball_starting'====== Args={'player': 1, 'ball': 1, 'balls_remaining': 2, 'is_extra_ball': False}
2024-07-29 13:33:20,291 : INFO : EventManager : Event: ======'mode_skillshot_will_start'====== Args={'queue': <QueuedEvent>, 'player': 1, 'ball': 1, 'balls_remaining': 2, 'is_extra_ball': False}
2024-07-29 13:33:20,291 : INFO : EventManager : Event: ======'skillshot_complete'====== Args={'state': 'None'}
2024-07-29 13:33:20,291 : INFO : EventManager : Event: ======'skillshot_None_complete'====== Args={}
2024-07-29 13:33:20,293 : INFO : EventManager : Event: ======'player_shot_skillshot_p_target_enabled'====== Args={'value': True, 'prev_value': 0, 'change': 1, 'player_num': 1}
2024-07-29 13:33:20,294 : INFO : EventManager : Event: ======'player_shot_skillshot_r_target_enabled'====== Args={'value': True, 'prev_value': 0, 'change': 1, 'player_num': 1}
2024-07-29 13:33:20,294 : INFO : EventManager : Event: ======'player_shot_skillshot_o_target_enabled'====== Args={'value': True, 'prev_value': 0, 'change': 1, 'player_num': 1}
2024-07-29 13:33:20,295 : INFO : EventManager : Event: ======'player_shot_skillshot_p2_target_enabled'====== Args={'value': True, 'prev_value': 0, 'change': 1, 'player_num': 1}
2024-07-29 13:33:20,296 : INFO : EventManager : Event: ======'player_shot_skillshot_a_target_enabled'====== Args={'value': True, 'prev_value': 0, 'change': 1, 'player_num': 1}
2024-07-29 13:33:20,298 : INFO : EventManager : Event: ======'player_shot_skillshot_n_target_enabled'====== Args={'value': True, 'prev_value': 0, 'change': 1, 'player_num': 1}
2024-07-29 13:33:20,300 : INFO : EventManager : Event: ======'player_shot_skillshot_e_target_enabled'====== Args={'value': True, 'prev_value': 0, 'change': 1, 'player_num': 1}
2024-07-29 13:33:20,301 : INFO : EventManager : Event: ======'player_skillshot_skillshot_rotate_tick'====== Args={'value': 0, 'prev_value': 0, 'change': 0, 'player_num': 1}
2024-07-29 13:33:20,301 : INFO : Timer.skillshot_rotate : Starting Timer.
2024-07-29 13:33:20,301 : INFO : EventManager : Event: ======'timer_skillshot_rotate_started'====== Args={'ticks': 0, 'ticks_remaining': 0}
2024-07-29 13:33:20,301 : INFO : EventManager : Event: ======'timer_skillshot_rotate_tick'====== Args={'ticks': 0, 'ticks_remaining': 0}
2024-07-29 13:33:20,304 : INFO : EventManager : Event: ======'mode_skillshot_starting'====== Args={'queue': <QueuedEvent>, 'player': 1, 'ball': 1, 'balls_remaining': 2, 'is_extra_ball': False}
2024-07-29 13:33:20,304 : INFO : drop_target_bank.strickland_bank : All targets are already up. Will not reset bank.
2024-07-29 13:33:20,304 : INFO : EventManager : Event: ======'cmd_flippers_enable'====== Args={'priority': 0}
2024-07-29 13:33:20,304 : INFO : EventManager : Event: ======'cmd_autofire_coils_enable'====== Args={'priority': 0}
2024-07-29 13:33:20,305 : INFO : EventManager : Event: ======'cmd_drop_targets_reset'====== Args={'priority': 0}
2024-07-29 13:33:20,305 : INFO : Mode.skillshot : Started. Priority: 200
2024-07-29 13:33:20,305 : INFO : EventManager : Event: ======'modes_active_modes_changed'====== Args={}
2024-07-29 13:33:20,305 : INFO : EventManager : Event: ======'mode_skillshot_started'====== Args={'queue': <QueuedEvent>, 'player': 1, 'ball': 1, 'balls_remaining': 2, 'is_extra_ball': False}
2024-07-29 13:33:20,306 : INFO : EventManager : Event: ======'player_shot_skillshot_p_target'====== Args={'value': 1, 'prev_value': 0, 'change': 1, 'player_num': 1}
2024-07-29 13:33:20,307 : INFO : EventManager : Event: ======'balls_in_play'====== Args={'balls': 1}
2024-07-29 13:33:20,307 : INFO : EventManager : Event: ======'ball_started'====== Args={'player': 1, 'ball': 1, 'balls_remaining': 2, 'is_extra_ball': False}
2024-07-29 13:33:20,316 : INFO : EventManager : Event: ======'mode_extra_ball_will_start'====== Args={'player': 1, 'ball': 1, 'balls_remaining': 2, 'is_extra_ball': False}
2024-07-29 13:33:20,316 : INFO : EventManager : Event: ======'player_extra_ball_score_one_num_awarded'====== Args={'value': 0, 'prev_value': 0, 'change': 0, 'player_num': 1}
2024-07-29 13:33:20,316 : INFO : EventManager : Event: ======'player_extra_ball_score_two_num_awarded'====== Args={'value': 0, 'prev_value': 0, 'change': 0, 'player_num': 1}
2024-07-29 13:33:20,317 : INFO : EventManager : Event: ======'mode_extra_ball_starting'====== Args={'player': 1, 'ball': 1, 'balls_remaining': 2, 'is_extra_ball': False}
2024-07-29 13:33:20,317 : INFO : EventManager : Event: ======'mode_rainey_multiball_will_start'====== Args={'player': 1, 'ball': 1, 'balls_remaining': 2, 'is_extra_ball': False}
2024-07-29 13:33:20,317 : INFO : EventManager : Event: ======'player_shot_rainey_multiball_ball_lock_p2_target_enabled'====== Args={'value': True, 'prev_value': 0, 'change': 1, 'player_num': 1}
2024-07-29 13:33:20,318 : INFO : EventManager : Event: ======'player_shot_rainey_multiball_ball_lock_a_target_enabled'====== Args={'value': True, 'prev_value': 0, 'change': 1, 'player_num': 1}
2024-07-29 13:33:20,319 : INFO : EventManager : Event: ======'player_shot_rainey_multiball_ball_lock_n_target_enabled'====== Args={'value': True, 'prev_value': 0, 'change': 1, 'player_num': 1}
2024-07-29 13:33:20,319 : INFO : EventManager : Event: ======'player_shot_rainey_multiball_ball_lock_e_target_enabled'====== Args={'value': True, 'prev_value': 0, 'change': 1, 'player_num': 1}
2024-07-29 13:33:20,320 : INFO : EventManager : Event: ======'light_rainey_multiball_ball_lock_complete'====== Args={'state': 'unlit'}
2024-07-29 13:33:20,320 : INFO : EventManager : Event: ======'light_rainey_multiball_ball_lock_unlit_complete'====== Args={}
2024-07-29 13:33:20,321 : INFO : EventManager : Event: ======'mode_rainey_multiball_starting'====== Args={'player': 1, 'ball': 1, 'balls_remaining': 2, 'is_extra_ball': False}
2024-07-29 13:33:20,321 : INFO : EventManager : Event: ======'mode_hank_rollover_will_start'====== Args={'player': 1, 'ball': 1, 'balls_remaining': 2, 'is_extra_ball': False}
2024-07-29 13:33:20,321 : INFO : EventManager : Event: ======'player_shot_h_rollover_lane_enabled'====== Args={'value': True, 'prev_value': 0, 'change': 1, 'player_num': 1}
2024-07-29 13:33:20,322 : INFO : EventManager : Event: ======'player_shot_a_rollover_lane_enabled'====== Args={'value': True, 'prev_value': 0, 'change': 1, 'player_num': 1}
2024-07-29 13:33:20,322 : INFO : EventManager : Event: ======'player_shot_n_rollover_lane_enabled'====== Args={'value': True, 'prev_value': 0, 'change': 1, 'player_num': 1}
2024-07-29 13:33:20,323 : INFO : EventManager : Event: ======'player_shot_k_rollover_lane_enabled'====== Args={'value': True, 'prev_value': 0, 'change': 1, 'player_num': 1}
2024-07-29 13:33:20,323 : INFO : EventManager : Event: ======'hank_lanes_complete'====== Args={'state': 'unlit'}
2024-07-29 13:33:20,323 : INFO : EventManager : Event: ======'hank_lanes_unlit_complete'====== Args={}
2024-07-29 13:33:20,324 : INFO : EventManager : Event: ======'mode_hank_rollover_starting'====== Args={'player': 1, 'ball': 1, 'balls_remaining': 2, 'is_extra_ball': False}
2024-07-29 13:33:20,325 : INFO : EventManager : Event: ======'mode_BBQ_rollover_will_start'====== Args={'player': 1, 'ball': 1, 'balls_remaining': 2, 'is_extra_ball': False}
2024-07-29 13:33:20,325 : INFO : EventManager : Event: ======'player_shot_left_rollover_lane_enabled'====== Args={'value': True, 'prev_value': 0, 'change': 1, 'player_num': 1}
2024-07-29 13:33:20,325 : INFO : EventManager : Event: ======'player_shot_middle_rollover_lane_enabled'====== Args={'value': True, 'prev_value': 0, 'change': 1, 'player_num': 1}
2024-07-29 13:33:20,326 : INFO : EventManager : Event: ======'player_shot_right_rollover_lane_enabled'====== Args={'value': True, 'prev_value': 0, 'change': 1, 'player_num': 1}
2024-07-29 13:33:20,326 : INFO : EventManager : Event: ======'BBQ_lanes_complete'====== Args={'state': 'unlit'}
2024-07-29 13:33:20,326 : INFO : EventManager : Event: ======'BBQ_lanes_unlit_complete'====== Args={}
2024-07-29 13:33:20,328 : INFO : EventManager : Event: ======'mode_BBQ_rollover_starting'====== Args={'player': 1, 'ball': 1, 'balls_remaining': 2, 'is_extra_ball': False}
2024-07-29 13:33:20,328 : INFO : EventManager : Event: ======'mode_base_will_start'====== Args={'player': 1, 'ball': 1, 'balls_remaining': 2, 'is_extra_ball': False}
2024-07-29 13:33:20,328 : INFO : EventManager : Event: ======'player_shot_qualify_p_target_enabled'====== Args={'value': True, 'prev_value': 0, 'change': 1, 'player_num': 1}
2024-07-29 13:33:20,329 : INFO : EventManager : Event: ======'player_shot_qualify_r_target_enabled'====== Args={'value': True, 'prev_value': 0, 'change': 1, 'player_num': 1}
2024-07-29 13:33:20,329 : INFO : EventManager : Event: ======'player_shot_qualify_o_target_enabled'====== Args={'value': True, 'prev_value': 0, 'change': 1, 'player_num': 1}
2024-07-29 13:33:20,329 : INFO : EventManager : Event: ======'qualify_mission_complete'====== Args={'state': 'unlit'}
2024-07-29 13:33:20,330 : INFO : EventManager : Event: ======'qualify_mission_unlit_complete'====== Args={}
2024-07-29 13:33:20,332 : INFO : EventManager : Event: ======'mode_base_starting'====== Args={'player': 1, 'ball': 1, 'balls_remaining': 2, 'is_extra_ball': False}
2024-07-29 13:33:20,333 : INFO : Mode.extra_ball : Started. Priority: 900
2024-07-29 13:33:20,333 : INFO : EventManager : Event: ======'modes_active_modes_changed'====== Args={}
2024-07-29 13:33:20,333 : INFO : EventManager : Event: ======'mode_extra_ball_started'====== Args={'player': 1, 'ball': 1, 'balls_remaining': 2, 'is_extra_ball': False}
2024-07-29 13:33:20,333 : INFO : EventManager : Event: ======'slide__removed'====== Args={'_from_bcp': True}
2024-07-29 13:33:20,333 : INFO : EventManager : Event: ======'logicblock_mb_counter_updated'====== Args={'value': 0, 'enabled': False}
2024-07-29 13:33:20,333 : INFO : Mode.rainey_multiball : Started. Priority: 250
2024-07-29 13:33:20,333 : INFO : EventManager : Event: ======'modes_active_modes_changed'====== Args={}
2024-07-29 13:33:20,333 : INFO : EventManager : Event: ======'mode_rainey_multiball_started'====== Args={'player': 1, 'ball': 1, 'balls_remaining': 2, 'is_extra_ball': False}
2024-07-29 13:33:20,334 : INFO : EventManager : Event: ======'logicblock_lb_hank_complete_count_updated'====== Args={'value': 1, 'enabled': True}
2024-07-29 13:33:20,334 : INFO : EventManager : Event: ======'logicblock_lb_hank_complete_count_updated'====== Args={'value': 1, 'enabled': True}
2024-07-29 13:33:20,334 : INFO : Mode.hank_rollover : Started. Priority: 200
2024-07-29 13:33:20,334 : INFO : EventManager : Event: ======'modes_active_modes_changed'====== Args={}
2024-07-29 13:33:20,334 : INFO : EventManager : Event: ======'mode_hank_rollover_started'====== Args={'player': 1, 'ball': 1, 'balls_remaining': 2, 'is_extra_ball': False}
2024-07-29 13:33:20,334 : INFO : EventManager : Event: ======'logicblock_lb_BBQ_complete_count_updated'====== Args={'value': 1, 'enabled': True}
2024-07-29 13:33:20,334 : INFO : EventManager : Event: ======'logicblock_lb_BBQ_complete_count_updated'====== Args={'value': 1, 'enabled': True}
2024-07-29 13:33:20,334 : INFO : Mode.BBQ_rollover : Started. Priority: 200
2024-07-29 13:33:20,334 : INFO : EventManager : Event: ======'modes_active_modes_changed'====== Args={}
2024-07-29 13:33:20,334 : INFO : EventManager : Event: ======'mode_BBQ_rollover_started'====== Args={'player': 1, 'ball': 1, 'balls_remaining': 2, 'is_extra_ball': False}
2024-07-29 13:33:20,334 : INFO : EventManager : Event: ======'logicblock_mission_select_sequence_updated'====== Args={'value': 0, 'enabled': True}
2024-07-29 13:33:20,334 : INFO : EventManager : Event: ======'logicblock_mission_select_sequence_updated'====== Args={'value': 0, 'enabled': True}
2024-07-29 13:33:20,334 : INFO : Mode.base : Started. Priority: 100
2024-07-29 13:33:20,334 : INFO : EventManager : Event: ======'modes_active_modes_changed'====== Args={}
2024-07-29 13:33:20,334 : INFO : EventManager : Event: ======'mode_base_started'====== Args={'player': 1, 'ball': 1, 'balls_remaining': 2, 'is_extra_ball': False}
2024-07-29 13:33:20,335 : INFO : EventManager : Event: ======'player_bonus_multiplier'====== Args={'value': 1, 'prev_value': 0, 'change': 1, 'player_num': 1, 'source': 'BBQ_rollover'}
2024-07-29 13:33:20,335 : INFO : EventManager : Event: ======'ball_save_default_enabled'====== Args={}
2024-07-29 13:33:20,336 : INFO : EventManager : Event: ======'single_player_ball_started'====== Args={}
2024-07-29 13:33:20,336 : INFO : EventManager : Event: ======'slide_skillshot_created'====== Args={'_from_bcp': True}
2024-07-29 13:33:20,336 : INFO : EventManager : Event: ======'slide_skillshot_active'====== Args={'original_context': 'skillshot', 'original_calling_context': 'mode_skillshot_started', 'queue': '<QueuedEvent>', 'cmd': 'slides_play', '_from_bcp': True}
2024-07-29 13:33:20,336 : INFO : EventManager : Event: ======'ball_start_target'====== Args={'target': 'playfield'}
2024-07-29 13:33:20,336 : INFO : ball_device.bd_plunger : Setting up player-controlled eject. Balls: 1, Target: <playfield.playfield>, player_controlled_eject_event: s_launch_button_inactive
2024-07-29 13:33:20,336 : INFO : EventManager : Event: ======'balldevice_balls_available'====== Args={}
2024-07-29 13:33:20,337 : INFO : ball_device.bd_trough : State: waiting_for_target_ready
2024-07-29 13:33:20,337 : INFO : EventManager : Event: ======'balldevice_bd_trough_ball_eject_attempt'====== Args={'balls': 1, 'target': <ball_device.bd_plunger>, 'source': <ball_device.bd_trough>, 'mechanical_eject': True, 'num_attempts': 0}
2024-07-29 13:33:20,337 : INFO : ball_device.bd_plunger : State: waiting_for_ball
2024-07-29 13:33:20,337 : INFO : ball_device.bd_trough : State: ejecting
2024-07-29 13:33:20,337 : INFO : ball_device.bd_trough : Ejecting ball to <ball_device.bd_plunger>
2024-07-29 13:33:20,338 : INFO : EventManager : Event: ======'balldevice_bd_trough_ejecting_ball'====== Args={'balls': 1, 'target': <ball_device.bd_plunger>, 'source': <ball_device.bd_trough>, 'mechanical_eject': True, 'num_attempts': 0}
2024-07-29 13:33:20,338 : INFO : ball_device.bd_trough : Wait for ball to leave device
2024-07-29 13:33:20,338 : INFO : coil.c_trough_eject : Pulsing Driver for 20ms (1.0 pulse_power)
2024-07-29 13:33:20,338 : INFO : SwitchController : <<<<<<< 's_trough1' inactive >>>>>>>
2024-07-29 13:33:20,339 : INFO : ball_device.bd_trough : State: ball_left
2024-07-29 13:33:20,339 : INFO : ball_device.bd_trough : Ball left
2024-07-29 13:33:20,339 : INFO : ball_device.bd_trough : Wait for confirm with timeout 3.0
2024-07-29 13:33:20,356 : INFO : EventManager : Event: ======'slide_base_created'====== Args={'_from_bcp': True}
2024-07-29 13:33:20,440 : INFO : SwitchController : <<<<<<< 's_plunger' active >>>>>>>
2024-07-29 13:33:20,440 : INFO : EventManager : Event: ======'machine_var_audits_switches_s_plunger'====== Args={'value': 824, 'prev_value': 823, 'change': 1}
2024-07-29 13:33:20,460 : WARNING : SwitchController : Received duplicate switch state 1 for switch s_plunger from the platform interface. Log Code: Log-SwitchController-1 (https://missionpinball.org/logs)
2024-07-29 13:33:20,522 : INFO : BcpServer : New client connected.
2024-07-29 13:33:20,567 : INFO : SwitchController : <<<<<<< 's_plunger' inactive >>>>>>>
2024-07-29 13:33:21,302 : INFO : EventManager : Event: ======'player_skillshot_skillshot_rotate_tick'====== Args={'value': 1, 'prev_value': 0, 'change': 1, 'player_num': 1}
2024-07-29 13:33:21,303 : INFO : EventManager : Event: ======'timer_skillshot_rotate_tick'====== Args={'ticks': 1, 'ticks_remaining': 0}
2024-07-29 13:33:21,304 : INFO : EventManager : Event: ======'player_shot_skillshot_p_target'====== Args={'value': 0, 'prev_value': 1, 'change': -1, 'player_num': 1}
2024-07-29 13:33:21,305 : INFO : EventManager : Event: ======'player_shot_skillshot_r_target'====== Args={'value': 1, 'prev_value': 0, 'change': 1, 'player_num': 1}
2024-07-29 13:33:21,908 : INFO : SwitchController : <<<<<<< 's_plunger_lane_exit' active >>>>>>>
2024-07-29 13:33:21,908 : INFO : EventManager : Event: ======'s_plunger_lane_exit_active'====== Args={}
2024-07-29 13:33:21,908 : INFO : EventManager : Event: ======'sw_playfield_active'====== Args={}
2024-07-29 13:33:21,908 : INFO : EventManager : Event: ======'machine_var_audits_switches_s_plunger_lane_exit'====== Args={'value': 581, 'prev_value': 580, 'change': 1}
2024-07-29 13:33:21,909 : INFO : EventManager : Event: ======'ball_save_default_timer_start'====== Args={}
2024-07-29 13:33:21,910 : INFO : EventManager : Event: ======'playfield_active'====== Args={}
2024-07-29 13:33:21,916 : INFO : EventManager : Event: ======'unexpected_ball_on_playfield'====== Args={}
2024-07-29 13:33:21,957 : INFO : SwitchController : <<<<<<< 's_plunger_lane_exit' inactive >>>>>>>
2024-07-29 13:33:21,957 : INFO : EventManager : Event: ======'s_plunger_lane_exit_inactive'====== Args={}
2024-07-29 13:33:21,957 : INFO : Timer.skillshot_rotate : Stopping Timer
2024-07-29 13:33:21,957 : INFO : EventManager : Event: ======'timer_skillshot_rotate_stopped'====== Args={'ticks': 1, 'ticks_remaining': 0}
2024-07-29 13:33:21,957 : INFO : EventManager : Event: ======'advance_skillshot_2'====== Args={'priority': 0}
2024-07-29 13:33:21,958 : INFO : EventManager : Event: ======'player_shot_skillshot_r_target'====== Args={'value': 2, 'prev_value': 1, 'change': 1, 'player_num': 1}
2024-07-29 13:33:23,202 : INFO : SwitchController : <<<<<<< 's_r_target' active >>>>>>>
2024-07-29 13:33:23,202 : INFO : EventManager : Event: ======'playfield_active'====== Args={}
2024-07-29 13:33:23,203 : INFO : EventManager : Event: ======'unexpected_ball_on_playfield'====== Args={}
2024-07-29 13:33:23,203 : INFO : EventManager : Event: ======'playfield_active'====== Args={}
2024-07-29 13:33:23,203 : INFO : EventManager : Event: ======'unexpected_ball_on_playfield'====== Args={}
2024-07-29 13:33:23,203 : INFO : EventManager : Event: ======'s_r_target_active'====== Args={}
2024-07-29 13:33:23,204 : INFO : EventManager : Event: ======'machine_var_audits_switches_s_r_target'====== Args={'value': 244, 'prev_value': 243, 'change': 1}
2024-07-29 13:33:23,206 : INFO : EventManager : Event: ======'machine_var_audits_shots_skillshot_r_target'====== Args={'value': 68, 'prev_value': 67, 'change': 1}
2024-07-29 13:33:23,214 : INFO : EventManager : Event: ======'skillshot_r_target_hit'====== Args={'profile': 'skillshot_profile', 'state': 'lit', 'advancing': False}
2024-07-29 13:33:23,214 : INFO : EventManager : Event: ======'skillshot_r_target_skillshot_profile_hit'====== Args={'profile': 'skillshot_profile', 'state': 'lit', 'advancing': False}
2024-07-29 13:33:23,215 : INFO : EventManager : Event: ======'skillshot_r_target_skillshot_profile_lit_hit'====== Args={'profile': 'skillshot_profile', 'state': 'lit', 'advancing': False}
2024-07-29 13:33:23,215 : INFO : EventManager : Event: ======'skillshot_r_target_lit_hit'====== Args={'profile': 'skillshot_profile', 'state': 'lit', 'advancing': False}
2024-07-29 13:33:23,215 : INFO : EventManager : Event: ======'player_shot_qualify_r_target'====== Args={'value': 1, 'prev_value': 0, 'change': 1, 'player_num': 1}
2024-07-29 13:33:23,215 : INFO : EventManager : Event: ======'machine_var_audits_shots_qualify_r_target'====== Args={'value': 204, 'prev_value': 203, 'change': 1}
2024-07-29 13:33:23,216 : INFO : EventManager : Event: ======'qualify_r_target_hit'====== Args={'profile': 'default', 'state': 'unlit', 'advancing': True}
2024-07-29 13:33:23,216 : INFO : EventManager : Event: ======'qualify_r_target_default_hit'====== Args={'profile': 'default', 'state': 'unlit', 'advancing': True}
2024-07-29 13:33:23,217 : INFO : EventManager : Event: ======'qualify_r_target_default_unlit_hit'====== Args={'profile': 'default', 'state': 'unlit', 'advancing': True}
2024-07-29 13:33:23,217 : INFO : EventManager : Event: ======'qualify_r_target_unlit_hit'====== Args={'profile': 'default', 'state': 'unlit', 'advancing': True}
2024-07-29 13:33:23,217 : INFO : EventManager : Event: ======'player_score'====== Args={'value': 50, 'prev_value': 0, 'change': 50, 'player_num': 1, 'source': 'base'}
2024-07-29 13:33:23,217 : INFO : EventManager : Event: ======'skillshot_hit'====== Args={'shot': 'skillshot_r_target'}
2024-07-29 13:33:23,217 : INFO : EventManager : Event: ======'skillshot_lit_hit'====== Args={'shot': 'skillshot_r_target'}
2024-07-29 13:33:23,218 : INFO : EventManager : Event: ======'stop_mode_skillshot'====== Args={'priority': 0}
2024-07-29 13:33:23,218 : INFO : EventManager : Event: ======'mode_skillshot_will_stop'====== Args={}
2024-07-29 13:33:23,218 : INFO : EventManager : Event: ======'mode_skillshot_stopping'====== Args={}
2024-07-29 13:33:23,218 : INFO : EventManager : Event: ======'player_score'====== Args={'value': 90050, 'prev_value': 50, 'change': 90000, 'player_num': 1, 'source': 'skillshot'}
2024-07-29 13:33:23,221 : INFO : EventManager : Event: ======'qualify_mission_hit'====== Args={'shot': 'qualify_r_target'}
2024-07-29 13:33:23,221 : INFO : EventManager : Event: ======'qualify_mission_unlit_hit'====== Args={'shot': 'qualify_r_target'}
2024-07-29 13:33:23,222 : INFO : Mode.skillshot : Stopped.
2024-07-29 13:33:23,222 : INFO : EventManager : Event: ======'modes_active_modes_changed'====== Args={}
2024-07-29 13:33:23,223 : INFO : EventManager : Event: ======'mode_skillshot_stopped'====== Args={}
2024-07-29 13:33:23,223 : INFO : EventManager : Event: ======'clear'====== Args={'key': 'skillshot'}
2024-07-29 13:33:23,224 : INFO : Timer.skillshot_rotate : Stopping Timer
2024-07-29 13:33:23,224 : INFO : EventManager : Event: ======'timer_skillshot_rotate_stopped'====== Args={'ticks': 1, 'ticks_remaining': 0}
2024-07-29 13:33:23,241 : INFO : EventManager : Event: ======'slide_skillshot_inactive'====== Args={'_from_bcp': True}
2024-07-29 13:33:23,241 : INFO : EventManager : Event: ======'slide_base_active'====== Args={'_from_bcp': True}
2024-07-29 13:33:23,241 : INFO : EventManager : Event: ======'slide_skillshot_removed'====== Args={'_from_bcp': True}
2024-07-29 13:33:23,310 : INFO : SwitchController : <<<<<<< 's_r_target' inactive >>>>>>>
2024-07-29 13:33:23,339 : INFO : ball_device.bd_trough : State: failed_confirm
2024-07-29 13:33:23,340 : INFO : ball_device.bd_trough : Got timeout (3.0s) before confirm from <ball_device.bd_plunger>
2024-07-29 13:33:23,340 : INFO : ball_device.bd_plunger : Expecting incoming ball which may skip the device.
2024-07-29 13:33:23,340 : INFO : EventManager : Event: ======'balldevice_bd_plunger_ejecting_ball'====== Args={'balls': 1, 'target': <playfield.playfield>, 'source': <ball_device.bd_plunger>, 'mechanical_eject': False, 'num_attempts': 1}
2024-07-29 13:33:23,754 : INFO : SwitchController : <<<<<<< 's_o_target' active >>>>>>>
2024-07-29 13:33:23,754 : INFO : EventManager : Event: ======'playfield_active'====== Args={}
2024-07-29 13:33:23,755 : INFO : EventManager : Event: ======'playfield_active'====== Args={}
2024-07-29 13:33:23,755 : INFO : EventManager : Event: ======'s_o_target_active'====== Args={}
2024-07-29 13:33:23,755 : INFO : EventManager : Event: ======'machine_var_audits_switches_s_o_target'====== Args={'value': 270, 'prev_value': 269, 'change': 1}
2024-07-29 13:33:23,756 : INFO : EventManager : Event: ======'player_shot_qualify_o_target'====== Args={'value': 1, 'prev_value': 0, 'change': 1, 'player_num': 1}
2024-07-29 13:33:23,756 : INFO : EventManager : Event: ======'machine_var_audits_shots_qualify_o_target'====== Args={'value': 223, 'prev_value': 222, 'change': 1}
2024-07-29 13:33:23,757 : INFO : EventManager : Event: ======'qualify_o_target_hit'====== Args={'profile': 'default', 'state': 'unlit', 'advancing': True}
2024-07-29 13:33:23,757 : INFO : EventManager : Event: ======'qualify_o_target_default_hit'====== Args={'profile': 'default', 'state': 'unlit', 'advancing': True}
2024-07-29 13:33:23,757 : INFO : EventManager : Event: ======'qualify_o_target_default_unlit_hit'====== Args={'profile': 'default', 'state': 'unlit', 'advancing': True}
2024-07-29 13:33:23,757 : INFO : EventManager : Event: ======'qualify_o_target_unlit_hit'====== Args={'profile': 'default', 'state': 'unlit', 'advancing': True}
2024-07-29 13:33:23,757 : INFO : EventManager : Event: ======'player_score'====== Args={'value': 90100, 'prev_value': 90050, 'change': 50, 'player_num': 1, 'source': 'base'}
2024-07-29 13:33:23,758 : INFO : EventManager : Event: ======'qualify_mission_hit'====== Args={'shot': 'qualify_o_target'}
2024-07-29 13:33:23,758 : INFO : EventManager : Event: ======'qualify_mission_unlit_hit'====== Args={'shot': 'qualify_o_target'}
2024-07-29 13:33:23,836 : INFO : SwitchController : <<<<<<< 's_o_target' inactive >>>>>>>
2024-07-29 13:33:24,403 : INFO : SwitchController : <<<<<<< 's_p_target' active >>>>>>>
2024-07-29 13:33:24,403 : INFO : EventManager : Event: ======'playfield_active'====== Args={}
2024-07-29 13:33:24,404 : INFO : EventManager : Event: ======'playfield_active'====== Args={}
2024-07-29 13:33:24,404 : INFO : EventManager : Event: ======'s_p_target_active'====== Args={}
2024-07-29 13:33:24,405 : INFO : EventManager : Event: ======'machine_var_audits_switches_s_p_target'====== Args={'value': 395, 'prev_value': 394, 'change': 1}
2024-07-29 13:33:24,406 : INFO : EventManager : Event: ======'player_shot_qualify_p_target'====== Args={'value': 1, 'prev_value': 0, 'change': 1, 'player_num': 1}
2024-07-29 13:33:24,407 : INFO : EventManager : Event: ======'machine_var_audits_shots_qualify_p_target'====== Args={'value': 174, 'prev_value': 173, 'change': 1}
2024-07-29 13:33:24,408 : INFO : EventManager : Event: ======'qualify_p_target_hit'====== Args={'profile': 'default', 'state': 'unlit', 'advancing': True}
2024-07-29 13:33:24,408 : INFO : EventManager : Event: ======'qualify_p_target_default_hit'====== Args={'profile': 'default', 'state': 'unlit', 'advancing': True}
2024-07-29 13:33:24,408 : INFO : EventManager : Event: ======'qualify_p_target_default_unlit_hit'====== Args={'profile': 'default', 'state': 'unlit', 'advancing': True}
2024-07-29 13:33:24,408 : INFO : EventManager : Event: ======'qualify_p_target_unlit_hit'====== Args={'profile': 'default', 'state': 'unlit', 'advancing': True}
2024-07-29 13:33:24,408 : INFO : EventManager : Event: ======'player_score'====== Args={'value': 90150, 'prev_value': 90100, 'change': 50, 'player_num': 1, 'source': 'base'}
2024-07-29 13:33:24,409 : INFO : EventManager : Event: ======'qualify_mission_complete'====== Args={'state': 'lit'}
2024-07-29 13:33:24,409 : INFO : EventManager : Event: ======'qualify_mission_lit_complete'====== Args={}
2024-07-29 13:33:24,409 : INFO : EventManager : Event: ======'logicblock_mission_select_sequence_updated'====== Args={'value': 1, 'enabled': True}
2024-07-29 13:33:24,409 : INFO : EventManager : Event: ======'logicblock_mission_select_sequence_hit'====== Args={'step': 1}
2024-07-29 13:33:24,409 : INFO : EventManager : Event: ======'qualify_mission_hit'====== Args={'shot': 'qualify_p_target'}
2024-07-29 13:33:24,409 : INFO : EventManager : Event: ======'qualify_mission_unlit_hit'====== Args={'shot': 'qualify_p_target'}
2024-07-29 13:33:24,504 : INFO : SwitchController : <<<<<<< 's_p_target' inactive >>>>>>>
2024-07-29 13:33:25,410 : INFO : EventManager : Event: ======'player_shot_qualify_p_target'====== Args={'value': 0, 'prev_value': 1, 'change': -1, 'player_num': 1}
2024-07-29 13:33:25,412 : INFO : EventManager : Event: ======'player_shot_qualify_r_target'====== Args={'value': 0, 'prev_value': 1, 'change': -1, 'player_num': 1}
2024-07-29 13:33:25,413 : INFO : EventManager : Event: ======'player_shot_qualify_o_target'====== Args={'value': 0, 'prev_value': 1, 'change': -1, 'player_num': 1}
2024-07-29 13:33:25,414 : INFO : EventManager : Event: ======'qualify_mission_complete'====== Args={'state': 'unlit'}
2024-07-29 13:33:25,415 : INFO : EventManager : Event: ======'qualify_mission_unlit_complete'====== Args={}
2024-07-29 13:33:26,342 : INFO : ball_device.bd_plunger : Got confirm for skipping ball.
2024-07-29 13:33:26,343 : INFO : ball_device.bd_plunger : Eject successful
2024-07-29 13:33:26,343 : INFO : EventManager : Event: ======'balldevice_bd_plunger_ball_eject_success'====== Args={'balls': 1, 'target': <playfield.playfield>}
2024-07-29 13:33:26,344 : INFO : EventManager : Event: ======'balldevice_playfield_ball_enter'====== Args={'new_balls': 1, 'unclaimed_balls': 1, 'device': <playfield.playfield>}
2024-07-29 13:33:26,344 : INFO : EventManager : Event: ======'playfield_ball_count_change'====== Args={'balls': 1, 'change': 1}
2024-07-29 13:33:26,345 : INFO : ball_device.bd_plunger : State: idle
2024-07-29 13:33:26,348 : INFO : ball_device.bd_trough : Eject successful
2024-07-29 13:33:26,348 : INFO : EventManager : Event: ======'balldevice_bd_trough_ball_eject_success'====== Args={'balls': 1, 'target': <ball_device.bd_plunger>}
2024-07-29 13:33:26,348 : INFO : EventManager : Event: ======'balldevice_bd_trough_ball_count_changed'====== Args={'balls': 5}
2024-07-29 13:33:26,349 : INFO : ball_device.bd_trough : State: idle
2024-07-29 13:33:26,917 : INFO : EventManager : Event: ======'stop_mode_skillshot'====== Args={'priority': 0}
2024-07-29 13:33:27,804 : INFO : SwitchController : <<<<<<< 's_scoop' active >>>>>>>
2024-07-29 13:33:27,804 : INFO : EventManager : Event: ======'machine_var_audits_switches_s_scoop'====== Args={'value': 238, 'prev_value': 237, 'change': 1}
2024-07-29 13:33:28,205 : INFO : EventManager : Event: ======'stop_mode_skillshot'====== Args={'priority': 0}
2024-07-29 13:33:28,207 : INFO : EventManager : Event: ======'stop_mode_skillshot'====== Args={'priority': 0}
2024-07-29 13:33:28,305 : INFO : EventManager : Event: ======'balldevice_bd_scoop_ball_count_changed'====== Args={'balls': 1}
2024-07-29 13:33:28,305 : INFO : ball_device.bd_scoop : Received unexpected ball
2024-07-29 13:33:28,305 : INFO : EventManager : Event: ======'balldevice_captured_from_playfield'====== Args={'balls': 1}
2024-07-29 13:33:28,305 : INFO : EventManager : Event: ======'sw_playfield_active'====== Args={'balls': 1}
2024-07-29 13:33:28,305 : INFO : EventManager : Event: ======'playfield_ball_count_change'====== Args={'balls': 0, 'change': -1}
2024-07-29 13:33:28,305 : INFO : EventManager : Event: ======'balldevice_bd_scoop_ball_enter'====== Args={'new_balls': 1, 'unclaimed_balls': 1, 'new_available_balls': 1, 'device': <ball_device.bd_scoop>}
2024-07-29 13:33:28,306 : INFO : EventManager : Event: ======'logicblock_mission_select_sequence_updated'====== Args={'value': 2, 'enabled': True}
2024-07-29 13:33:28,306 : INFO : EventManager : Event: ======'logicblock_mission_select_sequence_hit'====== Args={'step': 2}
2024-07-29 13:33:28,306 : INFO : EventManager : Event: ======'mode_mission_select_start'====== Args={}
2024-07-29 13:33:28,306 : INFO : EventManager : Event: ======'logicblock_mission_select_sequence_updated'====== Args={'value': 0, 'enabled': True}
2024-07-29 13:33:28,306 : INFO : EventManager : Event: ======'logicblock_mission_select_sequence_updated'====== Args={'value': 0, 'enabled': False}
2024-07-29 13:33:28,306 : INFO : EventManager : Event: ======'ball_hold_scoop_held_ball'====== Args={'balls_held': 1, 'total_balls_held': 1}
2024-07-29 13:33:28,307 : INFO : EventManager : Event: ======'ball_hold_scoop_full'====== Args={'balls': 1}
2024-07-29 13:33:28,307 : INFO : EventManager : Event: ======'mode_mission_select_will_start'====== Args={'balls': 1}
2024-07-29 13:33:28,308 : INFO : EventManager : Event: ======'mode_mission_select_starting'====== Args={'balls': 1}
2024-07-29 13:33:28,308 : INFO : Mode.mission_select : Started. Priority: 800
2024-07-29 13:33:28,308 : INFO : EventManager : Event: ======'modes_active_modes_changed'====== Args={}
2024-07-29 13:33:28,308 : INFO : EventManager : Event: ======'mode_mission_select_started'====== Args={'balls': 1}
2024-07-29 13:33:28,308 : INFO : EventManager : Event: ======'item_highlighted'====== Args={'carousel': 'mission_select', 'direction': None, 'item': 'beat_the_surfer'}
2024-07-29 13:33:28,308 : INFO : EventManager : Event: ======'balldevice_balls_available'====== Args={}
2024-07-29 13:33:28,309 : INFO : EventManager : Event: ======'balldevice_bd_scoop_ball_entered'====== Args={'new_balls': 1, 'device': <ball_device.bd_scoop>}
2024-07-29 13:33:28,387 : INFO : EventManager : Event: ======'slide_mission_select_created'====== Args={'_from_bcp': True}
2024-07-29 13:33:28,388 : INFO : EventManager : Event: ======'slide_base_inactive'====== Args={'_from_bcp': True}
2024-07-29 13:33:28,388 : INFO : EventManager : Event: ======'slide_mission_select_active'====== Args={'original_context': 'mission_select', 'original_calling_context': 'mode_mission_select_started', 'cmd': 'slides_play', '_from_bcp': True}
2024-07-29 13:33:29,911 : INFO : EventManager : Event: ======'ball_save_default_hurry_up'====== Args={}
2024-07-29 13:33:30,987 : INFO : SwitchController : <<<<<<< 's_right_flipper' active >>>>>>>
2024-07-29 13:33:30,987 : INFO : EventManager : Event: ======'s_right_flipper_active'====== Args={}
2024-07-29 13:33:30,987 : INFO : EventManager : Event: ======'machine_var_audits_switches_s_right_flipper'====== Args={'value': 829, 'prev_value': 828, 'change': 1}
2024-07-29 13:33:30,989 : INFO : EventManager : Event: ======'item_highlighted'====== Args={'carousel': 'mission_select', 'direction': 'forwards', 'item': 'beer_can_named_desire'}
2024-07-29 13:33:31,119 : INFO : SwitchController : <<<<<<< 's_right_flipper' inactive >>>>>>>
2024-07-29 13:33:31,655 : INFO : SwitchController : <<<<<<< 's_right_flipper' active >>>>>>>
2024-07-29 13:33:31,656 : INFO : EventManager : Event: ======'s_right_flipper_active'====== Args={}
2024-07-29 13:33:31,657 : INFO : EventManager : Event: ======'machine_var_audits_switches_s_right_flipper'====== Args={'value': 830, 'prev_value': 829, 'change': 1}
2024-07-29 13:33:31,658 : INFO : EventManager : Event: ======'item_highlighted'====== Args={'carousel': 'mission_select', 'direction': 'forwards', 'item': 'bill_bulk_and_the_body_buddies'}
2024-07-29 13:33:31,769 : INFO : SwitchController : <<<<<<< 's_right_flipper' inactive >>>>>>>
2024-07-29 13:33:31,910 : INFO : EventManager : Event: ======'ball_save_default_grace_period'====== Args={}
2024-07-29 13:33:33,753 : INFO : SwitchController : <<<<<<< 's_right_flipper' active >>>>>>>
2024-07-29 13:33:33,753 : INFO : EventManager : Event: ======'s_right_flipper_active'====== Args={}
2024-07-29 13:33:33,754 : INFO : EventManager : Event: ======'machine_var_audits_switches_s_right_flipper'====== Args={'value': 831, 'prev_value': 830, 'change': 1}
2024-07-29 13:33:33,756 : INFO : EventManager : Event: ======'item_highlighted'====== Args={'carousel': 'mission_select', 'direction': 'forwards', 'item': 'boomhauer_tbd'}
2024-07-29 13:33:33,873 : INFO : SwitchController : <<<<<<< 's_right_flipper' inactive >>>>>>>
2024-07-29 13:33:33,911 : INFO : EventManager : Event: ======'ball_save_default_disabled'====== Args={}
2024-07-29 13:33:35,371 : INFO : SwitchController : <<<<<<< 's_left_flipper' active >>>>>>>
2024-07-29 13:33:35,371 : INFO : EventManager : Event: ======'s_left_flipper_active'====== Args={}
2024-07-29 13:33:35,372 : INFO : EventManager : Event: ======'machine_var_audits_switches_s_left_flipper'====== Args={'value': 214, 'prev_value': 213, 'change': 1}
2024-07-29 13:33:35,375 : INFO : EventManager : Event: ======'item_highlighted'====== Args={'carousel': 'mission_select', 'direction': 'backwards', 'item': 'bill_bulk_and_the_body_buddies'}
2024-07-29 13:33:35,488 : INFO : SwitchController : <<<<<<< 's_left_flipper' inactive >>>>>>>
2024-07-29 13:33:35,568 : INFO : SwitchController : <<<<<<< 's_left_flipper' active >>>>>>>
2024-07-29 13:33:35,569 : INFO : EventManager : Event: ======'s_left_flipper_active'====== Args={}
2024-07-29 13:33:35,569 : INFO : EventManager : Event: ======'machine_var_audits_switches_s_left_flipper'====== Args={'value': 215, 'prev_value': 214, 'change': 1}
2024-07-29 13:33:35,570 : INFO : EventManager : Event: ======'item_highlighted'====== Args={'carousel': 'mission_select', 'direction': 'backwards', 'item': 'beer_can_named_desire'}
2024-07-29 13:33:35,654 : INFO : SwitchController : <<<<<<< 's_left_flipper' inactive >>>>>>>
2024-07-29 13:33:35,769 : INFO : SwitchController : <<<<<<< 's_left_flipper' active >>>>>>>
2024-07-29 13:33:35,769 : INFO : EventManager : Event: ======'s_left_flipper_active'====== Args={}
2024-07-29 13:33:35,769 : INFO : EventManager : Event: ======'machine_var_audits_switches_s_left_flipper'====== Args={'value': 216, 'prev_value': 215, 'change': 1}
2024-07-29 13:33:35,770 : INFO : EventManager : Event: ======'item_highlighted'====== Args={'carousel': 'mission_select', 'direction': 'backwards', 'item': 'beat_the_surfer'}
2024-07-29 13:33:35,868 : INFO : SwitchController : <<<<<<< 's_left_flipper' inactive >>>>>>>
2024-07-29 13:33:37,703 : INFO : SwitchController : <<<<<<< 's_start' active >>>>>>>
2024-07-29 13:33:37,704 : INFO : EventManager : Event: ======'s_start_active'====== Args={}
2024-07-29 13:33:37,704 : INFO : EventManager : Event: ======'machine_var_audits_switches_s_start'====== Args={'value': 415, 'prev_value': 414, 'change': 1}
2024-07-29 13:33:37,707 : INFO : EventManager : Event: ======'sw_add_player'====== Args={'priority': 0}
2024-07-29 13:33:37,707 : INFO : EventManager : Event: ======'player_add_request'====== Args={}
2024-07-29 13:33:37,708 : INFO : EventManager : Event: ======'player_will_add'====== Args={'number': 2}
2024-07-29 13:33:37,708 : INFO : EventManager : Event: ======'player_adding'====== Args={'player': <Player 2>, 'number': 2}
2024-07-29 13:33:37,709 : INFO : EventManager : Event: ======'player_added'====== Args={'player': <Player 2>, 'num': 2}
2024-07-29 13:33:37,710 : INFO : Mode.game : Player added successfully. Total players: 2
2024-07-29 13:33:37,710 : INFO : EventManager : Event: ======'multiplayer_game'====== Args={}
2024-07-29 13:33:37,711 : INFO : EventManager : Event: ======'player_index'====== Args={'value': 1, 'prev_value': 1, 'change': 0, 'player_num': 2}
2024-07-29 13:33:37,727 : INFO : EventManager : Event: ======'player_number'====== Args={'value': 2, 'prev_value': 2, 'change': 0, 'player_num': 2}
2024-07-29 13:33:37,730 : INFO : EventManager : Event: ======'player_score'====== Args={'value': 0, 'prev_value': 0, 'change': 0, 'player_num': 2}
2024-07-29 13:33:37,781 : INFO : SwitchController : <<<<<<< 's_start' inactive >>>>>>>
2024-07-29 13:33:37,781 : INFO : EventManager : Event: ======'s_start_inactive'====== Args={}
2024-07-29 13:33:37,781 : INFO : EventManager : Event: ======'mission_select_beat_the_surfer_selected'====== Args={}
2024-07-29 13:33:37,781 : INFO : EventManager : Event: ======'mission_select_item_selected'====== Args={}
2024-07-29 13:33:37,781 : INFO : EventManager : Event: ======'player_selected_mission'====== Args={'value': 'beat the surfer', 'prev_value': 0, 'change': True, 'player_num': 1, 'source': 'mission_select'}
2024-07-29 13:33:37,782 : INFO : EventManager : Event: ======'mode_beat_the_surfer_will_start'====== Args={}
2024-07-29 13:33:37,782 : INFO : EventManager : Event: ======'player_beat_the_surfer_mode_countdown_tick'====== Args={'value': 45, 'prev_value': 0, 'change': 45, 'player_num': 1}
2024-07-29 13:33:37,782 : INFO : Timer.mode_countdown : Starting Timer.
2024-07-29 13:33:37,782 : INFO : EventManager : Event: ======'timer_mode_countdown_started'====== Args={'ticks': 45, 'ticks_remaining': 45}
2024-07-29 13:33:37,782 : INFO : EventManager : Event: ======'timer_mode_countdown_tick'====== Args={'ticks': 45, 'ticks_remaining': 45}
2024-07-29 13:33:37,782 : INFO : EventManager : Event: ======'mode_beat_the_surfer_starting'====== Args={}
2024-07-29 13:33:37,782 : INFO : EventManager : Event: ======'mode_mission_select_will_stop'====== Args={}
2024-07-29 13:33:37,782 : INFO : EventManager : Event: ======'mode_mission_select_stopping'====== Args={}
2024-07-29 13:33:37,783 : INFO : ball_device.bd_scoop : Adding 1 ball(s) to the eject_queue with target <playfield.playfield>.
2024-07-29 13:33:37,783 : INFO : EventManager : Event: ======'balldevice_balls_available'====== Args={}
2024-07-29 13:33:37,783 : INFO : EventManager : Event: ======'ball_hold_scoop_balls_released'====== Args={'balls_released': 1}
2024-07-29 13:33:37,783 : INFO : Mode.beat_the_surfer : Started. Priority: 130
2024-07-29 13:33:37,783 : INFO : EventManager : Event: ======'modes_active_modes_changed'====== Args={}
2024-07-29 13:33:37,783 : INFO : EventManager : Event: ======'mode_beat_the_surfer_started'====== Args={}
2024-07-29 13:33:37,783 : INFO : Mode.mission_select : Stopped.
2024-07-29 13:33:37,783 : INFO : EventManager : Event: ======'modes_active_modes_changed'====== Args={}
2024-07-29 13:33:37,784 : INFO : EventManager : Event: ======'mode_mission_select_stopped'====== Args={}
2024-07-29 13:33:37,784 : INFO : EventManager : Event: ======'clear'====== Args={'key': 'mission_select'}
2024-07-29 13:33:37,785 : INFO : ball_device.bd_scoop : State: waiting_for_target_ready
2024-07-29 13:33:37,785 : INFO : EventManager : Event: ======'balldevice_bd_scoop_ball_eject_attempt'====== Args={'balls': 1, 'target': <playfield.playfield>, 'source': <ball_device.bd_scoop>, 'mechanical_eject': False, 'num_attempts': 0}
2024-07-29 13:33:37,785 : INFO : ball_device.bd_scoop : State: ejecting
2024-07-29 13:33:37,785 : INFO : ball_device.bd_scoop : Ejecting ball to <playfield.playfield>
2024-07-29 13:33:37,785 : INFO : EventManager : Event: ======'balldevice_bd_scoop_ejecting_ball'====== Args={'balls': 1, 'target': <playfield.playfield>, 'source': <ball_device.bd_scoop>, 'mechanical_eject': False, 'num_attempts': 0}
2024-07-29 13:33:37,786 : INFO : ball_device.bd_scoop : Wait for ball to leave device
2024-07-29 13:33:37,786 : INFO : coil.c_scoop_eject : Pulsing Driver for 10ms (1.0 pulse_power)
2024-07-29 13:33:37,786 : INFO : SwitchController : <<<<<<< 's_scoop' inactive >>>>>>>
2024-07-29 13:33:37,787 : INFO : ball_device.bd_scoop : State: ball_left
2024-07-29 13:33:37,787 : INFO : ball_device.bd_scoop : Ball left
2024-07-29 13:33:37,787 : INFO : ball_device.bd_scoop : Wait for confirm with timeout 10.0
2024-07-29 13:33:37,813 : INFO : EventManager : Event: ======'slide_beat_the_surfer_created'====== Args={'_from_bcp': True}
2024-07-29 13:33:37,818 : INFO : EventManager : Event: ======'slide_mission_select_inactive'====== Args={'_from_bcp': True}
2024-07-29 13:33:37,818 : INFO : EventManager : Event: ======'slide_beat_the_surfer_active'====== Args={'_from_bcp': True}
2024-07-29 13:33:37,818 : INFO : EventManager : Event: ======'slide_mission_select_removed'====== Args={'_from_bcp': True}
2024-07-29 13:33:38,783 : INFO : EventManager : Event: ======'player_beat_the_surfer_mode_countdown_tick'====== Args={'value': 44, 'prev_value': 45, 'change': -1, 'player_num': 1}
2024-07-29 13:33:38,784 : INFO : EventManager : Event: ======'timer_mode_countdown_tick'====== Args={'ticks': 44, 'ticks_remaining': 44}
2024-07-29 13:33:38,784 : INFO : EventManager : Event: ======'player_your_timer_variable_times_1'====== Args={'value': 44, 'prev_value': 0, 'change': 44, 'player_num': 1, 'source': 'beat_the_surfer'}
2024-07-29 13:33:39,782 : INFO : EventManager : Event: ======'player_beat_the_surfer_mode_countdown_tick'====== Args={'value': 43, 'prev_value': 44, 'change': -1, 'player_num': 1}
2024-07-29 13:33:39,784 : INFO : EventManager : Event: ======'timer_mode_countdown_tick'====== Args={'ticks': 43, 'ticks_remaining': 43}
2024-07-29 13:33:39,785 : INFO : EventManager : Event: ======'player_your_timer_variable_times_1'====== Args={'value': 43, 'prev_value': 44, 'change': -1, 'player_num': 1, 'source': 'beat_the_surfer'}
2024-07-29 13:33:40,783 : INFO : EventManager : Event: ======'player_beat_the_surfer_mode_countdown_tick'====== Args={'value': 42, 'prev_value': 43, 'change': -1, 'player_num': 1}
2024-07-29 13:33:40,784 : INFO : EventManager : Event: ======'timer_mode_countdown_tick'====== Args={'ticks': 42, 'ticks_remaining': 42}
2024-07-29 13:33:40,785 : INFO : EventManager : Event: ======'player_your_timer_variable_times_1'====== Args={'value': 42, 'prev_value': 43, 'change': -1, 'player_num': 1, 'source': 'beat_the_surfer'}
2024-07-29 13:33:41,783 : INFO : EventManager : Event: ======'player_beat_the_surfer_mode_countdown_tick'====== Args={'value': 41, 'prev_value': 42, 'change': -1, 'player_num': 1}
2024-07-29 13:33:41,785 : INFO : EventManager : Event: ======'timer_mode_countdown_tick'====== Args={'ticks': 41, 'ticks_remaining': 41}
2024-07-29 13:33:41,786 : INFO : EventManager : Event: ======'player_your_timer_variable_times_1'====== Args={'value': 41, 'prev_value': 42, 'change': -1, 'player_num': 1, 'source': 'beat_the_surfer'}
2024-07-29 13:33:42,785 : INFO : EventManager : Event: ======'player_beat_the_surfer_mode_countdown_tick'====== Args={'value': 40, 'prev_value': 41, 'change': -1, 'player_num': 1}
2024-07-29 13:33:42,789 : INFO : EventManager : Event: ======'timer_mode_countdown_tick'====== Args={'ticks': 40, 'ticks_remaining': 40}
2024-07-29 13:33:42,791 : INFO : EventManager : Event: ======'player_your_timer_variable_times_1'====== Args={'value': 40, 'prev_value': 41, 'change': -1, 'player_num': 1, 'source': 'beat_the_surfer'}
2024-07-29 13:33:43,783 : INFO : EventManager : Event: ======'player_beat_the_surfer_mode_countdown_tick'====== Args={'value': 39, 'prev_value': 40, 'change': -1, 'player_num': 1}
2024-07-29 13:33:43,785 : INFO : EventManager : Event: ======'timer_mode_countdown_tick'====== Args={'ticks': 39, 'ticks_remaining': 39}
2024-07-29 13:33:43,785 : INFO : EventManager : Event: ======'player_your_timer_variable_times_1'====== Args={'value': 39, 'prev_value': 40, 'change': -1, 'player_num': 1, 'source': 'beat_the_surfer'}
2024-07-29 13:33:44,783 : INFO : EventManager : Event: ======'player_beat_the_surfer_mode_countdown_tick'====== Args={'value': 38, 'prev_value': 39, 'change': -1, 'player_num': 1}
2024-07-29 13:33:44,785 : INFO : EventManager : Event: ======'timer_mode_countdown_tick'====== Args={'ticks': 38, 'ticks_remaining': 38}
2024-07-29 13:33:44,786 : INFO : EventManager : Event: ======'player_your_timer_variable_times_1'====== Args={'value': 38, 'prev_value': 39, 'change': -1, 'player_num': 1, 'source': 'beat_the_surfer'}
2024-07-29 13:33:45,782 : INFO : EventManager : Event: ======'player_beat_the_surfer_mode_countdown_tick'====== Args={'value': 37, 'prev_value': 38, 'change': -1, 'player_num': 1}
2024-07-29 13:33:45,784 : INFO : EventManager : Event: ======'timer_mode_countdown_tick'====== Args={'ticks': 37, 'ticks_remaining': 37}
2024-07-29 13:33:45,785 : INFO : EventManager : Event: ======'player_your_timer_variable_times_1'====== Args={'value': 37, 'prev_value': 38, 'change': -1, 'player_num': 1, 'source': 'beat_the_surfer'}
2024-07-29 13:33:46,782 : INFO : EventManager : Event: ======'player_beat_the_surfer_mode_countdown_tick'====== Args={'value': 36, 'prev_value': 37, 'change': -1, 'player_num': 1}
2024-07-29 13:33:46,784 : INFO : EventManager : Event: ======'timer_mode_countdown_tick'====== Args={'ticks': 36, 'ticks_remaining': 36}
2024-07-29 13:33:46,786 : INFO : EventManager : Event: ======'player_your_timer_variable_times_1'====== Args={'value': 36, 'prev_value': 37, 'change': -1, 'player_num': 1, 'source': 'beat_the_surfer'}
2024-07-29 13:33:47,563 : INFO : Machine : Shutting down...
2024-07-29 13:33:47,563 : INFO : EventManager : Event: ======'shutdown'====== Args={}
2024-07-29 13:33:47,567 : INFO : EventManager : Event: ======'mode_game_will_stop'====== Args={}
2024-07-29 13:33:47,567 : INFO : EventManager : Event: ======'mode_game_stopping'====== Args={}
2024-07-29 13:33:47,568 : INFO : EventManager : Event: ======'mode_rainey_multiball_will_stop'====== Args={}
2024-07-29 13:33:47,569 : INFO : EventManager : Event: ======'mode_rainey_multiball_stopping'====== Args={}
2024-07-29 13:33:47,569 : INFO : EventManager : Event: ======'mode_base_will_stop'====== Args={}
2024-07-29 13:33:47,569 : INFO : EventManager : Event: ======'mode_base_stopping'====== Args={}
2024-07-29 13:33:47,569 : INFO : EventManager : Event: ======'mode_beat_the_surfer_will_stop'====== Args={}
2024-07-29 13:33:47,569 : INFO : EventManager : Event: ======'mode_beat_the_surfer_stopping'====== Args={}
2024-07-29 13:33:47,569 : INFO : EventManager : Event: ======'mode_hank_rollover_will_stop'====== Args={}
2024-07-29 13:33:47,569 : INFO : EventManager : Event: ======'mode_hank_rollover_stopping'====== Args={}
2024-07-29 13:33:47,569 : INFO : EventManager : Event: ======'mode_extra_ball_will_stop'====== Args={}
2024-07-29 13:33:47,570 : INFO : EventManager : Event: ======'mode_extra_ball_stopping'====== Args={}
2024-07-29 13:33:47,570 : INFO : EventManager : Event: ======'mode_BBQ_rollover_will_stop'====== Args={}
2024-07-29 13:33:47,570 : INFO : EventManager : Event: ======'mode_BBQ_rollover_stopping'====== Args={}
2024-07-29 13:33:47,570 : INFO : Mode.BBQ_rollover : Stopped.
2024-07-29 13:33:47,570 : INFO : EventManager : Event: ======'modes_active_modes_changed'====== Args={}
2024-07-29 13:33:47,571 : INFO : EventManager : Event: ======'mode_BBQ_rollover_stopped'====== Args={}
2024-07-29 13:33:47,571 : INFO : EventManager : Event: ======'clear'====== Args={'key': 'BBQ_rollover'}
2024-07-29 13:33:47,572 : INFO : Mode.extra_ball : Stopped.
2024-07-29 13:33:47,572 : INFO : EventManager : Event: ======'modes_active_modes_changed'====== Args={}
2024-07-29 13:33:47,572 : INFO : EventManager : Event: ======'mode_extra_ball_stopped'====== Args={}
2024-07-29 13:33:47,572 : INFO : EventManager : Event: ======'clear'====== Args={'key': 'extra_ball'}
2024-07-29 13:33:47,572 : INFO : Mode.hank_rollover : Stopped.
2024-07-29 13:33:47,572 : INFO : EventManager : Event: ======'modes_active_modes_changed'====== Args={}
2024-07-29 13:33:47,572 : INFO : EventManager : Event: ======'mode_hank_rollover_stopped'====== Args={}
2024-07-29 13:33:47,572 : INFO : EventManager : Event: ======'clear'====== Args={'key': 'hank_rollover'}
2024-07-29 13:33:47,573 : INFO : Mode.beat_the_surfer : Stopped.
2024-07-29 13:33:47,573 : INFO : EventManager : Event: ======'modes_active_modes_changed'====== Args={}
2024-07-29 13:33:47,573 : INFO : EventManager : Event: ======'mode_beat_the_surfer_stopped'====== Args={}
2024-07-29 13:33:47,573 : INFO : EventManager : Event: ======'clear'====== Args={'key': 'beat_the_surfer'}
2024-07-29 13:33:47,574 : INFO : Timer.mode_countdown : Stopping Timer
2024-07-29 13:33:47,574 : INFO : EventManager : Event: ======'timer_mode_countdown_stopped'====== Args={'ticks': 36, 'ticks_remaining': 36}
2024-07-29 13:33:47,574 : INFO : Mode.base : Stopped.
2024-07-29 13:33:47,574 : INFO : EventManager : Event: ======'modes_active_modes_changed'====== Args={}
2024-07-29 13:33:47,574 : INFO : EventManager : Event: ======'mode_base_stopped'====== Args={}
2024-07-29 13:33:47,574 : INFO : EventManager : Event: ======'clear'====== Args={'key': 'base'}
2024-07-29 13:33:47,575 : INFO : Mode.rainey_multiball : Stopped.
2024-07-29 13:33:47,575 : INFO : EventManager : Event: ======'modes_active_modes_changed'====== Args={}
2024-07-29 13:33:47,575 : INFO : EventManager : Event: ======'mode_rainey_multiball_stopped'====== Args={}
2024-07-29 13:33:47,575 : INFO : EventManager : Event: ======'clear'====== Args={'key': 'rainey_multiball'}
2024-07-29 13:33:47,577 : INFO : Mode.game : Stopped.
2024-07-29 13:33:47,577 : INFO : EventManager : Event: ======'modes_active_modes_changed'====== Args={}
2024-07-29 13:33:47,577 : INFO : EventManager : Event: ======'mode_game_stopped'====== Args={}
2024-07-29 13:33:47,577 : INFO : EventManager : Event: ======'clear'====== Args={'key': 'game'}
2024-07-29 13:33:47,583 : INFO : root : MPF run loop ended.
