2024-08-20 23:53:59,753 : INFO : root : Loading config.
2024-08-20 23:53:59,755 : INFO : YamlMultifileConfigLoader : Machine config file #1: config.yaml
2024-08-20 23:53:59,756 : INFO : ConfigProcessor : Loading config from cache: /var/folders/sv/d29kcl5x50v7vt1n6xb5jsd40000gn/T/c166cef8060ffee16a35821bf698da85.mpf_cache
2024-08-20 23:53:59,787 : INFO : ConfigProcessor : Loading config from cache: /var/folders/sv/d29kcl5x50v7vt1n6xb5jsd40000gn/T/6b31c5ac6ecbad948994a8204ea6b05b.mpf_cache
2024-08-20 23:53:59,788 : INFO : ConfigProcessor : Loading config from cache: /var/folders/sv/d29kcl5x50v7vt1n6xb5jsd40000gn/T/fe612d1e66c8a96c19ba449d3748eeac.mpf_cache
2024-08-20 23:53:59,788 : INFO : ConfigProcessor : Loading config from cache: /var/folders/sv/d29kcl5x50v7vt1n6xb5jsd40000gn/T/6b31c5ac6ecbad948994a8204ea6b05b.mpf_cache
2024-08-20 23:53:59,788 : INFO : ConfigProcessor : Loading config from cache: /var/folders/sv/d29kcl5x50v7vt1n6xb5jsd40000gn/T/8765227693ecd961e0504502a81255e0.mpf_cache
2024-08-20 23:53:59,788 : WARNING : ConfigProcessor : Config file in cache changed: /Users/nicktaseris/Desktop/Pinball/KOTH/modes/base/config/base.yaml
2024-08-20 23:53:59,788 : INFO : ConfigProcessor : Loading config from file /Users/nicktaseris/Desktop/Pinball/KOTH/modes/base/config/base.yaml.
2024-08-20 23:53:59,793 : INFO : ConfigProcessor : Loading config: /Users/nicktaseris/Desktop/Pinball/KOTH/modes/base/config/base.yaml
2024-08-20 23:53:59,794 : INFO : ConfigProcessor : Config file cache created: /var/folders/sv/d29kcl5x50v7vt1n6xb5jsd40000gn/T/b247728c74b4d81bcb2825e2b07062a7.mpf_cache
2024-08-20 23:53:59,794 : INFO : ConfigProcessor : Loading config from cache: /var/folders/sv/d29kcl5x50v7vt1n6xb5jsd40000gn/T/f240f94f0b5d0f37ec4fd7571275a101.mpf_cache
2024-08-20 23:53:59,795 : INFO : ConfigProcessor : Loading config from cache: /var/folders/sv/d29kcl5x50v7vt1n6xb5jsd40000gn/T/c4409acfdf3ec94666e0adef48d55400.mpf_cache
2024-08-20 23:53:59,795 : INFO : ConfigProcessor : Loading config from cache: /var/folders/sv/d29kcl5x50v7vt1n6xb5jsd40000gn/T/6a2f50ed892485825cc04dc0a68eab9f.mpf_cache
2024-08-20 23:53:59,795 : INFO : ConfigProcessor : Loading config from cache: /var/folders/sv/d29kcl5x50v7vt1n6xb5jsd40000gn/T/d58c58eb9fd1a2dc27f8acd255fb3761.mpf_cache
2024-08-20 23:53:59,795 : INFO : ConfigProcessor : Loading config from cache: /var/folders/sv/d29kcl5x50v7vt1n6xb5jsd40000gn/T/07adfd310b3ef0e03c5cbc91527abb6c.mpf_cache
2024-08-20 23:53:59,795 : INFO : ConfigProcessor : Loading config from cache: /var/folders/sv/d29kcl5x50v7vt1n6xb5jsd40000gn/T/12bd5247c3bf989b919364bdb7829769.mpf_cache
2024-08-20 23:53:59,796 : INFO : ConfigProcessor : Loading config from cache: /var/folders/sv/d29kcl5x50v7vt1n6xb5jsd40000gn/T/362e08f51a1a1b7a0809dd52f9c83f83.mpf_cache
2024-08-20 23:53:59,796 : INFO : ConfigProcessor : Loading config from cache: /var/folders/sv/d29kcl5x50v7vt1n6xb5jsd40000gn/T/e45e3bd39557ed8d0881194a7afab8f7.mpf_cache
2024-08-20 23:53:59,796 : INFO : ConfigProcessor : Loading config from cache: /var/folders/sv/d29kcl5x50v7vt1n6xb5jsd40000gn/T/331d8d1a1bc190cae8c13495e1db372f.mpf_cache
2024-08-20 23:53:59,796 : INFO : ConfigProcessor : Loading config from cache: /var/folders/sv/d29kcl5x50v7vt1n6xb5jsd40000gn/T/d17a9ff77386e6f1439d0802ace1de07.mpf_cache
2024-08-20 23:53:59,797 : INFO : ConfigProcessor : Loading config from cache: /var/folders/sv/d29kcl5x50v7vt1n6xb5jsd40000gn/T/280fd64455d0d243a54ab4db98fbccbd.mpf_cache
2024-08-20 23:53:59,797 : INFO : ConfigProcessor : Loading config from cache: /var/folders/sv/d29kcl5x50v7vt1n6xb5jsd40000gn/T/0c0596ed8fbb40b6113901d21bdc0a39.mpf_cache
2024-08-20 23:53:59,797 : INFO : ConfigProcessor : Loading config from cache: /var/folders/sv/d29kcl5x50v7vt1n6xb5jsd40000gn/T/f521a0f834965d73920394ccceaa3c1c.mpf_cache
2024-08-20 23:53:59,797 : INFO : ConfigProcessor : Loading config from cache: /var/folders/sv/d29kcl5x50v7vt1n6xb5jsd40000gn/T/0fedc249e142fba0aaf46d9adc7061fa.mpf_cache
2024-08-20 23:53:59,798 : INFO : ConfigProcessor : Loading config from cache: /var/folders/sv/d29kcl5x50v7vt1n6xb5jsd40000gn/T/c57745b2fe399992c4aedf0209f8acc9.mpf_cache
2024-08-20 23:53:59,798 : INFO : ConfigProcessor : Loading config from cache: /var/folders/sv/d29kcl5x50v7vt1n6xb5jsd40000gn/T/4d7707f845442344c77faa09114dd414.mpf_cache
2024-08-20 23:53:59,798 : INFO : ConfigProcessor : Loading config from cache: /var/folders/sv/d29kcl5x50v7vt1n6xb5jsd40000gn/T/13b622eeb34cc558f4c171e6faf49f20.mpf_cache
2024-08-20 23:53:59,798 : INFO : ConfigProcessor : Loading config from cache: /var/folders/sv/d29kcl5x50v7vt1n6xb5jsd40000gn/T/897ffb6d77163469c302d894201d7081.mpf_cache
2024-08-20 23:53:59,799 : INFO : ConfigProcessor : Loading config from cache: /var/folders/sv/d29kcl5x50v7vt1n6xb5jsd40000gn/T/51caa30b8c50b4dd14ddbf8a263fb4c6.mpf_cache
2024-08-20 23:53:59,799 : INFO : ConfigProcessor : Loading config from cache: /var/folders/sv/d29kcl5x50v7vt1n6xb5jsd40000gn/T/aa4dd12681abd3ba3467de4d4b71c6b2.mpf_cache
2024-08-20 23:53:59,799 : INFO : ConfigProcessor : Loading config from cache: /var/folders/sv/d29kcl5x50v7vt1n6xb5jsd40000gn/T/edf8b775a93855f849af0e2eff0a7bac.mpf_cache
2024-08-20 23:53:59,799 : INFO : ConfigProcessor : Loading config from cache: /var/folders/sv/d29kcl5x50v7vt1n6xb5jsd40000gn/T/3048ed2d7ea14eee3db896f6760aa474.mpf_cache
2024-08-20 23:53:59,799 : INFO : ConfigProcessor : Loading config from cache: /var/folders/sv/d29kcl5x50v7vt1n6xb5jsd40000gn/T/a14a120665a0ee9fd8a6e22274033983.mpf_cache
2024-08-20 23:53:59,800 : INFO : ConfigProcessor : Loading config from cache: /var/folders/sv/d29kcl5x50v7vt1n6xb5jsd40000gn/T/984de704eb69e43ca43e84d7915bfa21.mpf_cache
2024-08-20 23:53:59,800 : INFO : ConfigProcessor : Loading config from cache: /var/folders/sv/d29kcl5x50v7vt1n6xb5jsd40000gn/T/0a9cb7260d26760274024f443d38cc22.mpf_cache
2024-08-20 23:53:59,800 : INFO : ConfigProcessor : Loading config from cache: /var/folders/sv/d29kcl5x50v7vt1n6xb5jsd40000gn/T/deb753c2acdccb3c49ddc8f2a7e04ee6.mpf_cache
2024-08-20 23:53:59,800 : INFO : ConfigProcessor : Loading config from cache: /var/folders/sv/d29kcl5x50v7vt1n6xb5jsd40000gn/T/4a90c06755c4a5beef2ee4c243f54397.mpf_cache
2024-08-20 23:53:59,801 : INFO : Machine : Mission Pinball Framework Core Engine v0.80.0.dev1
2024-08-20 23:53:59,801 : INFO : Machine : Command line arguments: {'no_load_cache': False, 'create_config_cache': True, 'bcp': True, 'configfile': ['config.yaml'], 'force_assets_load': False, 'platform_integration_test': False, 'jsonlogging': False, 'logfile': 'logs/2024-08-20-23-53-59-mpf-Nicks-Air.lan.log', 'pause': False, 'production': False, 'text_ui': True, 'loglevel': 15, 'consoleloglevel': 20, 'force_platform': None, 'syslog_address': None, 'mc_file_name': None, 'no_sound': False, 'full_logfile_path': '/Users/nicktaseris/Desktop/Pinball/KOTH/logs/2024-08-20-23-53-59-mpf-Nicks-Air.lan.log'}
2024-08-20 23:53:59,801 : INFO : Machine : MPF path: /Users/nicktaseris/mpfenv/lib/python3.9/site-packages/mpf
2024-08-20 23:53:59,801 : INFO : Machine : Machine path: /Users/nicktaseris/Desktop/Pinball/KOTH
2024-08-20 23:53:59,801 : INFO : Machine : Platform: darwin
2024-08-20 23:53:59,801 : INFO : Machine : Python executable location: /Users/nicktaseris/mpfenv/bin/python3
2024-08-20 23:53:59,801 : INFO : Machine : Python version: 3.9.13 (64-bit)
2024-08-20 23:53:59,801 : INFO : Machine : Initializing MPF...
2024-08-20 23:53:59,827 : INFO : EventManager : Event: ======'machine_var_credits_string'====== Args={'value': 'FREE PLAY', 'prev_value': None, 'change': True}
2024-08-20 23:53:59,839 : INFO : EventManager : Event: ======'machine_var_master_volume'====== Args={'value': 0.5, 'prev_value': None, 'change': True}
2024-08-20 23:53:59,839 : INFO : EventManager : Event: ======'machine_var_player1_score'====== Args={'value': 175300, 'prev_value': None, 'change': True}
2024-08-20 23:53:59,839 : INFO : EventManager : Event: ======'machine_var_mpf_version'====== Args={'value': 'Mission Pinball Framework v0.80.0.dev1', 'prev_value': None, 'change': True}
2024-08-20 23:53:59,839 : INFO : EventManager : Event: ======'machine_var_mpf_extended_version'====== Args={'value': 'Mission Pinball Framework v0.80.0.dev1, Config version:6, Show version: 6, BCP version:1.1', 'prev_value': None, 'change': True}
2024-08-20 23:53:59,839 : INFO : EventManager : Event: ======'machine_var_python_version'====== Args={'value': '3.9.13', 'prev_value': None, 'change': True}
2024-08-20 23:53:59,848 : INFO : EventManager : Event: ======'machine_var_platform'====== Args={'value': 'macOS-12.1-arm64-arm-64bit', 'prev_value': None, 'change': True}
2024-08-20 23:53:59,848 : INFO : EventManager : Event: ======'machine_var_platform_system'====== Args={'value': 'Darwin', 'prev_value': None, 'change': True}
2024-08-20 23:53:59,848 : INFO : EventManager : Event: ======'machine_var_platform_release'====== Args={'value': '21.2.0', 'prev_value': None, 'change': True}
2024-08-20 23:53:59,848 : INFO : EventManager : Event: ======'machine_var_platform_version'====== Args={'value': 'Darwin Kernel Version 21.2.0: Sun Nov 28 20:29:10 PST 2021; root:xnu-8019.61.5~1/RELEASE_ARM64_T8101', 'prev_value': None, 'change': True}
2024-08-20 23:53:59,848 : INFO : EventManager : Event: ======'machine_var_platform_machine'====== Args={'value': 'arm64', 'prev_value': None, 'change': True}
2024-08-20 23:53:59,848 : INFO : EventManager : Event: ======'machine_var_log_file_path'====== Args={'value': '/Users/nicktaseris/Desktop/Pinball/KOTH/logs/2024-08-20-23-53-59-mpf-Nicks-Air.lan.log', 'prev_value': None, 'change': True}
2024-08-20 23:53:59,848 : INFO : EventManager : Event: ======'init_phase_1'====== Args={}
2024-08-20 23:53:59,871 : INFO : EventManager : Event: ======'drop_target_bank_strickland_bank_up'====== Args={}
2024-08-20 23:53:59,871 : INFO : EventManager : Event: ======'init_phase_2'====== Args={}
2024-08-20 23:53:59,871 : INFO : SwitchController : Found active switch: ('39', <Platform.SmartVirtual>) <switch.s_trough1>
2024-08-20 23:53:59,872 : INFO : SwitchController : Found active switch: ('40', <Platform.SmartVirtual>) <switch.s_trough2>
2024-08-20 23:53:59,872 : INFO : SwitchController : Found active switch: ('41', <Platform.SmartVirtual>) <switch.s_trough3>
2024-08-20 23:53:59,872 : INFO : SwitchController : Found active switch: ('42', <Platform.SmartVirtual>) <switch.s_trough4>
2024-08-20 23:53:59,872 : INFO : SwitchController : Found active switch: ('43', <Platform.SmartVirtual>) <switch.s_trough5>
2024-08-20 23:53:59,872 : INFO : SwitchController : Found active switch: ('44', <Platform.SmartVirtual>) <switch.s_trough6>
2024-08-20 23:53:59,877 : INFO : EventManager : Event: ======'machine_var_score1_label'====== Args={'value': 'GRAND CHAMPION', 'prev_value': None, 'change': True}
2024-08-20 23:53:59,877 : INFO : EventManager : Event: ======'machine_var_score1_name'====== Args={'value': 'BRI', 'prev_value': None, 'change': True}
2024-08-20 23:53:59,877 : INFO : EventManager : Event: ======'machine_var_score1_value'====== Args={'value': 4242, 'prev_value': None, 'change': True}
2024-08-20 23:53:59,877 : INFO : EventManager : Event: ======'machine_var_score2_label'====== Args={'value': 'HIGH SCORE 1', 'prev_value': None, 'change': True}
2024-08-20 23:53:59,877 : INFO : EventManager : Event: ======'machine_var_score2_name'====== Args={'value': 'GHK', 'prev_value': None, 'change': True}
2024-08-20 23:53:59,877 : INFO : EventManager : Event: ======'machine_var_score2_value'====== Args={'value': 2323, 'prev_value': None, 'change': True}
2024-08-20 23:53:59,877 : INFO : EventManager : Event: ======'machine_var_score3_label'====== Args={'value': 'HIGH SCORE 2', 'prev_value': None, 'change': True}
2024-08-20 23:53:59,877 : INFO : EventManager : Event: ======'machine_var_score3_name'====== Args={'value': 'JK', 'prev_value': None, 'change': True}
2024-08-20 23:53:59,877 : INFO : EventManager : Event: ======'machine_var_score3_value'====== Args={'value': 1337, 'prev_value': None, 'change': True}
2024-08-20 23:53:59,878 : INFO : EventManager : Event: ======'machine_var_score4_label'====== Args={'value': 'HIGH SCORE 3', 'prev_value': None, 'change': True}
2024-08-20 23:53:59,878 : INFO : EventManager : Event: ======'machine_var_score4_name'====== Args={'value': 'QC', 'prev_value': None, 'change': True}
2024-08-20 23:53:59,878 : INFO : EventManager : Event: ======'machine_var_score4_value'====== Args={'value': 42, 'prev_value': None, 'change': True}
2024-08-20 23:53:59,878 : INFO : EventManager : Event: ======'machine_var_score5_label'====== Args={'value': 'HIGH SCORE 4', 'prev_value': None, 'change': True}
2024-08-20 23:53:59,878 : INFO : EventManager : Event: ======'machine_var_score5_name'====== Args={'value': 'MPF', 'prev_value': None, 'change': True}
2024-08-20 23:53:59,878 : INFO : EventManager : Event: ======'machine_var_score5_value'====== Args={'value': 23, 'prev_value': None, 'change': True}
2024-08-20 23:53:59,878 : INFO : EventManager : Event: ======'bcp_connection_attempt'====== Args={'name': 'local_display', 'host': 'localhost', 'port': 5050}
2024-08-20 23:53:59,879 : INFO : BCPClientSocket : Connecting BCP to 'local_display' at localhost:5050...
2024-08-20 23:54:00,703 : INFO : BCPClientSocket : Connected BCP to 'local_display' localhost:5050
2024-08-20 23:54:00,704 : INFO : EventManager : Event: ======'bcp_clients_connected'====== Args={}
2024-08-20 23:54:00,709 : INFO : ball_device.bd_trough : BCH: Initial count: 6
2024-08-20 23:54:00,710 : INFO : ball_device.bd_trough : State: idle
2024-08-20 23:54:00,711 : INFO : ball_device.bd_plunger : BCH: Initial count: 0
2024-08-20 23:54:00,712 : INFO : ball_device.bd_plunger : State: idle
2024-08-20 23:54:00,713 : INFO : ball_device.bd_scoop : BCH: Initial count: 0
2024-08-20 23:54:00,714 : INFO : ball_device.bd_scoop : State: idle
2024-08-20 23:54:00,728 : INFO : EventManager : Event: ======'init_phase_3'====== Args={}
2024-08-20 23:54:00,732 : INFO : EventManager : Event: ======'init_phase_4'====== Args={}
2024-08-20 23:54:00,733 : INFO : BallController : Initial balls found: 6
2024-08-20 23:54:00,733 : INFO : EventManager : Event: ======'machine_var_audits_events_game_ended'====== Args={'value': 4, 'prev_value': None, 'change': True}
2024-08-20 23:54:00,733 : INFO : EventManager : Event: ======'machine_var_audits_events_game_started'====== Args={'value': 927, 'prev_value': None, 'change': True}
2024-08-20 23:54:00,733 : INFO : EventManager : Event: ======'machine_var_audits_missing_switches_s_bottom_inline_drop'====== Args={'value': 117, 'prev_value': None, 'change': True}
2024-08-20 23:54:00,733 : INFO : EventManager : Event: ======'machine_var_audits_missing_switches_s_bottom_pop_bumper'====== Args={'value': 486, 'prev_value': None, 'change': True}
2024-08-20 23:54:00,733 : INFO : EventManager : Event: ======'machine_var_audits_missing_switches_s_launch_button'====== Args={'value': 398, 'prev_value': None, 'change': True}
2024-08-20 23:54:00,734 : INFO : EventManager : Event: ======'machine_var_audits_missing_switches_s_left_flipper'====== Args={'value': 4, 'prev_value': None, 'change': True}
2024-08-20 23:54:00,734 : INFO : EventManager : Event: ======'machine_var_audits_missing_switches_s_left_inlane'====== Args={'value': 83, 'prev_value': None, 'change': True}
2024-08-20 23:54:00,734 : INFO : EventManager : Event: ======'machine_var_audits_missing_switches_s_left_inner_horseshoe'====== Args={'value': 5, 'prev_value': None, 'change': True}
2024-08-20 23:54:00,734 : INFO : EventManager : Event: ======'machine_var_audits_missing_switches_s_left_orbit_enter'====== Args={'value': 5, 'prev_value': None, 'change': True}
2024-08-20 23:54:00,734 : INFO : EventManager : Event: ======'machine_var_audits_missing_switches_s_left_orbit_exit'====== Args={'value': 119, 'prev_value': None, 'change': True}
2024-08-20 23:54:00,734 : INFO : EventManager : Event: ======'machine_var_audits_missing_switches_s_left_outlane'====== Args={'value': 83, 'prev_value': None, 'change': True}
2024-08-20 23:54:00,734 : INFO : EventManager : Event: ======'machine_var_audits_missing_switches_s_left_pop_bumper'====== Args={'value': 486, 'prev_value': None, 'change': True}
2024-08-20 23:54:00,734 : INFO : EventManager : Event: ======'machine_var_audits_missing_switches_s_left_ramp_enter'====== Args={'value': 199, 'prev_value': None, 'change': True}
2024-08-20 23:54:00,734 : INFO : EventManager : Event: ======'machine_var_audits_missing_switches_s_left_ramp_exit'====== Args={'value': 199, 'prev_value': None, 'change': True}
2024-08-20 23:54:00,734 : INFO : EventManager : Event: ======'machine_var_audits_missing_switches_s_left_ramp_standup'====== Args={'value': 6, 'prev_value': None, 'change': True}
2024-08-20 23:54:00,734 : INFO : EventManager : Event: ======'machine_var_audits_missing_switches_s_left_rollover_lane'====== Args={'value': 118, 'prev_value': None, 'change': True}
2024-08-20 23:54:00,734 : INFO : EventManager : Event: ======'machine_var_audits_missing_switches_s_left_sling'====== Args={'value': 577, 'prev_value': None, 'change': True}
2024-08-20 23:54:00,734 : INFO : EventManager : Event: ======'machine_var_audits_missing_switches_s_left_spinner'====== Args={'value': 28, 'prev_value': None, 'change': True}
2024-08-20 23:54:00,735 : INFO : EventManager : Event: ======'machine_var_audits_missing_switches_s_middle_inline_drop'====== Args={'value': 117, 'prev_value': None, 'change': True}
2024-08-20 23:54:00,735 : INFO : EventManager : Event: ======'machine_var_audits_missing_switches_s_middle_rollover_lane'====== Args={'value': 118, 'prev_value': None, 'change': True}
2024-08-20 23:54:00,735 : INFO : EventManager : Event: ======'machine_var_audits_missing_switches_s_right_flipper'====== Args={'value': 1, 'prev_value': None, 'change': True}
2024-08-20 23:54:00,735 : INFO : EventManager : Event: ======'machine_var_audits_missing_switches_s_right_inlane'====== Args={'value': 83, 'prev_value': None, 'change': True}
2024-08-20 23:54:00,735 : INFO : EventManager : Event: ======'machine_var_audits_missing_switches_s_right_inner_horseshoe'====== Args={'value': 5, 'prev_value': None, 'change': True}
2024-08-20 23:54:00,735 : INFO : EventManager : Event: ======'machine_var_audits_missing_switches_s_right_orbit_exit'====== Args={'value': 119, 'prev_value': None, 'change': True}
2024-08-20 23:54:00,735 : INFO : EventManager : Event: ======'machine_var_audits_missing_switches_s_right_outlane'====== Args={'value': 83, 'prev_value': None, 'change': True}
2024-08-20 23:54:00,735 : INFO : EventManager : Event: ======'machine_var_audits_missing_switches_s_right_pop_bumper'====== Args={'value': 117, 'prev_value': None, 'change': True}
2024-08-20 23:54:00,735 : INFO : EventManager : Event: ======'machine_var_audits_missing_switches_s_right_ramp_enter'====== Args={'value': 199, 'prev_value': None, 'change': True}
2024-08-20 23:54:00,735 : INFO : EventManager : Event: ======'machine_var_audits_missing_switches_s_right_ramp_exit'====== Args={'value': 199, 'prev_value': None, 'change': True}
2024-08-20 23:54:00,736 : INFO : EventManager : Event: ======'machine_var_audits_missing_switches_s_right_ramp_standup'====== Args={'value': 277, 'prev_value': None, 'change': True}
2024-08-20 23:54:00,736 : INFO : EventManager : Event: ======'machine_var_audits_missing_switches_s_right_rollover_lane'====== Args={'value': 118, 'prev_value': None, 'change': True}
2024-08-20 23:54:00,736 : INFO : EventManager : Event: ======'machine_var_audits_missing_switches_s_right_sling'====== Args={'value': 878, 'prev_value': None, 'change': True}
2024-08-20 23:54:00,736 : INFO : EventManager : Event: ======'machine_var_audits_missing_switches_s_scoop'====== Args={'value': 1, 'prev_value': None, 'change': True}
2024-08-20 23:54:00,736 : INFO : EventManager : Event: ======'machine_var_audits_missing_switches_s_start'====== Args={'value': 1, 'prev_value': None, 'change': True}
2024-08-20 23:54:00,736 : INFO : EventManager : Event: ======'machine_var_audits_missing_switches_s_top_inline_drop'====== Args={'value': 117, 'prev_value': None, 'change': True}
2024-08-20 23:54:00,736 : INFO : EventManager : Event: ======'machine_var_audits_missing_switches_s_trough1'====== Args={'value': 117, 'prev_value': None, 'change': True}
2024-08-20 23:54:00,736 : INFO : EventManager : Event: ======'machine_var_audits_missing_switches_s_trough2'====== Args={'value': 120, 'prev_value': None, 'change': True}
2024-08-20 23:54:00,736 : INFO : EventManager : Event: ======'machine_var_audits_missing_switches_s_trough3'====== Args={'value': 56, 'prev_value': None, 'change': True}
2024-08-20 23:54:00,736 : INFO : EventManager : Event: ======'machine_var_audits_missing_switches_s_trough4'====== Args={'value': 349, 'prev_value': None, 'change': True}
2024-08-20 23:54:00,737 : INFO : EventManager : Event: ======'machine_var_audits_missing_switches_s_trough5'====== Args={'value': 882, 'prev_value': None, 'change': True}
2024-08-20 23:54:00,737 : INFO : EventManager : Event: ======'machine_var_audits_missing_switches_s_trough6'====== Args={'value': 882, 'prev_value': None, 'change': True}
2024-08-20 23:54:00,737 : INFO : EventManager : Event: ======'machine_var_audits_missing_switches_s_trough_jam'====== Args={'value': 815, 'prev_value': None, 'change': True}
2024-08-20 23:54:00,737 : INFO : EventManager : Event: ======'machine_var_audits_player_score'====== Args={'value': {'average': 109379, 'top': [370600, 175300, 400, 300, 250], 'total': 5}, 'prev_value': None, 'change': True}
2024-08-20 23:54:00,737 : INFO : EventManager : Event: ======'machine_var_audits_shots_a_rollover_lane'====== Args={'value': 17, 'prev_value': None, 'change': True}
2024-08-20 23:54:00,737 : INFO : EventManager : Event: ======'machine_var_audits_shots_a_target'====== Args={'value': 7, 'prev_value': None, 'change': True}
2024-08-20 23:54:00,737 : INFO : EventManager : Event: ======'machine_var_audits_shots_ball_lock_a_target'====== Args={'value': 6, 'prev_value': None, 'change': True}
2024-08-20 23:54:00,737 : INFO : EventManager : Event: ======'machine_var_audits_shots_ball_lock_e_target'====== Args={'value': 5, 'prev_value': None, 'change': True}
2024-08-20 23:54:00,738 : INFO : EventManager : Event: ======'machine_var_audits_shots_ball_lock_n_target'====== Args={'value': 5, 'prev_value': None, 'change': True}
2024-08-20 23:54:00,738 : INFO : EventManager : Event: ======'machine_var_audits_shots_ball_lock_p2_target'====== Args={'value': 9, 'prev_value': None, 'change': True}
2024-08-20 23:54:00,738 : INFO : EventManager : Event: ======'machine_var_audits_shots_e_target'====== Args={'value': 3, 'prev_value': None, 'change': True}
2024-08-20 23:54:00,738 : INFO : EventManager : Event: ======'machine_var_audits_shots_h_rollover_lane'====== Args={'value': 21, 'prev_value': None, 'change': True}
2024-08-20 23:54:00,738 : INFO : EventManager : Event: ======'machine_var_audits_shots_k_rollover_lane'====== Args={'value': 17, 'prev_value': None, 'change': True}
2024-08-20 23:54:00,738 : INFO : EventManager : Event: ======'machine_var_audits_shots_left_rollover_lane'====== Args={'value': 215, 'prev_value': None, 'change': True}
2024-08-20 23:54:00,738 : INFO : EventManager : Event: ======'machine_var_audits_shots_middle_rollover_lane'====== Args={'value': 204, 'prev_value': None, 'change': True}
2024-08-20 23:54:00,738 : INFO : EventManager : Event: ======'machine_var_audits_shots_n_rollover_lane'====== Args={'value': 15, 'prev_value': None, 'change': True}
2024-08-20 23:54:00,739 : INFO : EventManager : Event: ======'machine_var_audits_shots_n_target'====== Args={'value': 9, 'prev_value': None, 'change': True}
2024-08-20 23:54:00,739 : INFO : EventManager : Event: ======'machine_var_audits_shots_o_target'====== Args={'value': 4, 'prev_value': None, 'change': True}
2024-08-20 23:54:00,739 : INFO : EventManager : Event: ======'machine_var_audits_shots_p2_target'====== Args={'value': 5, 'prev_value': None, 'change': True}
2024-08-20 23:54:00,740 : INFO : EventManager : Event: ======'machine_var_audits_shots_p_target'====== Args={'value': 8, 'prev_value': None, 'change': True}
2024-08-20 23:54:00,740 : INFO : EventManager : Event: ======'machine_var_audits_shots_qualify_a_target'====== Args={'value': 7, 'prev_value': None, 'change': True}
2024-08-20 23:54:00,740 : INFO : EventManager : Event: ======'machine_var_audits_shots_qualify_e_target'====== Args={'value': 8, 'prev_value': None, 'change': True}
2024-08-20 23:54:00,741 : INFO : EventManager : Event: ======'machine_var_audits_shots_qualify_n_target'====== Args={'value': 7, 'prev_value': None, 'change': True}
2024-08-20 23:54:00,741 : INFO : EventManager : Event: ======'machine_var_audits_shots_qualify_o_target'====== Args={'value': 327, 'prev_value': None, 'change': True}
2024-08-20 23:54:00,741 : INFO : EventManager : Event: ======'machine_var_audits_shots_qualify_p2_target'====== Args={'value': 9, 'prev_value': None, 'change': True}
2024-08-20 23:54:00,741 : INFO : EventManager : Event: ======'machine_var_audits_shots_qualify_p_target'====== Args={'value': 302, 'prev_value': None, 'change': True}
2024-08-20 23:54:00,741 : INFO : EventManager : Event: ======'machine_var_audits_shots_qualify_r_target'====== Args={'value': 336, 'prev_value': None, 'change': True}
2024-08-20 23:54:00,742 : INFO : EventManager : Event: ======'machine_var_audits_shots_r_target'====== Args={'value': 14, 'prev_value': None, 'change': True}
2024-08-20 23:54:00,742 : INFO : EventManager : Event: ======'machine_var_audits_shots_rainey_multiball_ball_lock_a_target'====== Args={'value': 61, 'prev_value': None, 'change': True}
2024-08-20 23:54:00,742 : INFO : EventManager : Event: ======'machine_var_audits_shots_rainey_multiball_ball_lock_e_target'====== Args={'value': 59, 'prev_value': None, 'change': True}
2024-08-20 23:54:00,742 : INFO : EventManager : Event: ======'machine_var_audits_shots_rainey_multiball_ball_lock_n_target'====== Args={'value': 57, 'prev_value': None, 'change': True}
2024-08-20 23:54:00,742 : INFO : EventManager : Event: ======'machine_var_audits_shots_rainey_multiball_ball_lock_p2_target'====== Args={'value': 121, 'prev_value': None, 'change': True}
2024-08-20 23:54:00,743 : INFO : EventManager : Event: ======'machine_var_audits_shots_right_rollover_lane'====== Args={'value': 209, 'prev_value': None, 'change': True}
2024-08-20 23:54:00,743 : INFO : EventManager : Event: ======'machine_var_audits_shots_scoop'====== Args={'value': 267, 'prev_value': None, 'change': True}
2024-08-20 23:54:00,743 : INFO : EventManager : Event: ======'machine_var_audits_shots_scoop_mission_select'====== Args={'value': 57, 'prev_value': None, 'change': True}
2024-08-20 23:54:00,743 : INFO : EventManager : Event: ======'machine_var_audits_shots_shot_left_ramp'====== Args={'value': 17, 'prev_value': None, 'change': True}
2024-08-20 23:54:00,743 : INFO : EventManager : Event: ======'machine_var_audits_shots_shot_right_ramp'====== Args={'value': 24, 'prev_value': None, 'change': True}
2024-08-20 23:54:00,743 : INFO : EventManager : Event: ======'machine_var_audits_shots_skillshot_a_target'====== Args={'value': 79, 'prev_value': None, 'change': True}
2024-08-20 23:54:00,744 : INFO : EventManager : Event: ======'machine_var_audits_shots_skillshot_e_target'====== Args={'value': 71, 'prev_value': None, 'change': True}
2024-08-20 23:54:00,744 : INFO : EventManager : Event: ======'machine_var_audits_shots_skillshot_n_target'====== Args={'value': 55, 'prev_value': None, 'change': True}
2024-08-20 23:54:00,744 : INFO : EventManager : Event: ======'machine_var_audits_shots_skillshot_o_target'====== Args={'value': 130, 'prev_value': None, 'change': True}
2024-08-20 23:54:00,744 : INFO : EventManager : Event: ======'machine_var_audits_shots_skillshot_p2_target'====== Args={'value': 107, 'prev_value': None, 'change': True}
2024-08-20 23:54:00,744 : INFO : EventManager : Event: ======'machine_var_audits_shots_skillshot_p_target'====== Args={'value': 55, 'prev_value': None, 'change': True}
2024-08-20 23:54:00,745 : INFO : EventManager : Event: ======'machine_var_audits_shots_skillshot_r_target'====== Args={'value': 131, 'prev_value': None, 'change': True}
2024-08-20 23:54:00,745 : INFO : EventManager : Event: ======'machine_var_audits_shots_spinner'====== Args={'value': 11, 'prev_value': None, 'change': True}
2024-08-20 23:54:00,745 : INFO : EventManager : Event: ======'machine_var_audits_switches_s_a_target'====== Args={'value': 189, 'prev_value': None, 'change': True}
2024-08-20 23:54:00,745 : INFO : EventManager : Event: ======'machine_var_audits_switches_s_bottom_inline_drop'====== Args={'value': 1019, 'prev_value': None, 'change': True}
2024-08-20 23:54:00,745 : INFO : EventManager : Event: ======'machine_var_audits_switches_s_bottom_pop_bumper'====== Args={'value': 10, 'prev_value': None, 'change': True}
2024-08-20 23:54:00,746 : INFO : EventManager : Event: ======'machine_var_audits_switches_s_center_spinner'====== Args={'value': 274, 'prev_value': None, 'change': True}
2024-08-20 23:54:00,746 : INFO : EventManager : Event: ======'machine_var_audits_switches_s_e_target'====== Args={'value': 191, 'prev_value': None, 'change': True}
2024-08-20 23:54:00,746 : INFO : EventManager : Event: ======'machine_var_audits_switches_s_launch_button'====== Args={'value': 10, 'prev_value': None, 'change': True}
2024-08-20 23:54:00,747 : INFO : EventManager : Event: ======'machine_var_audits_switches_s_left_flipper'====== Args={'value': 557, 'prev_value': None, 'change': True}
2024-08-20 23:54:00,747 : INFO : EventManager : Event: ======'machine_var_audits_switches_s_left_inlane'====== Args={'value': 28, 'prev_value': None, 'change': True}
2024-08-20 23:54:00,747 : INFO : EventManager : Event: ======'machine_var_audits_switches_s_left_inner_horseshoe'====== Args={'value': 19, 'prev_value': None, 'change': True}
2024-08-20 23:54:00,747 : INFO : EventManager : Event: ======'machine_var_audits_switches_s_left_orbit_enter'====== Args={'value': 77, 'prev_value': None, 'change': True}
2024-08-20 23:54:00,747 : INFO : EventManager : Event: ======'machine_var_audits_switches_s_left_orbit_exit'====== Args={'value': 21, 'prev_value': None, 'change': True}
2024-08-20 23:54:00,748 : INFO : EventManager : Event: ======'machine_var_audits_switches_s_left_outlane'====== Args={'value': 47, 'prev_value': None, 'change': True}
2024-08-20 23:54:00,748 : INFO : EventManager : Event: ======'machine_var_audits_switches_s_left_pop_bumper'====== Args={'value': 9, 'prev_value': None, 'change': True}
2024-08-20 23:54:00,748 : INFO : EventManager : Event: ======'machine_var_audits_switches_s_left_ramp_enter'====== Args={'value': 30, 'prev_value': None, 'change': True}
2024-08-20 23:54:00,748 : INFO : EventManager : Event: ======'machine_var_audits_switches_s_left_ramp_exit'====== Args={'value': 37, 'prev_value': None, 'change': True}
2024-08-20 23:54:00,749 : INFO : EventManager : Event: ======'machine_var_audits_switches_s_left_ramp_standup'====== Args={'value': 1407, 'prev_value': None, 'change': True}
2024-08-20 23:54:00,749 : INFO : EventManager : Event: ======'machine_var_audits_switches_s_left_rollover_lane'====== Args={'value': 220, 'prev_value': None, 'change': True}
2024-08-20 23:54:00,749 : INFO : EventManager : Event: ======'machine_var_audits_switches_s_left_sling'====== Args={'value': 12, 'prev_value': None, 'change': True}
2024-08-20 23:54:00,749 : INFO : EventManager : Event: ======'machine_var_audits_switches_s_left_spinner'====== Args={'value': 144, 'prev_value': None, 'change': True}
2024-08-20 23:54:00,749 : INFO : EventManager : Event: ======'machine_var_audits_switches_s_middle_inline_drop'====== Args={'value': 1001, 'prev_value': None, 'change': True}
2024-08-20 23:54:00,750 : INFO : EventManager : Event: ======'machine_var_audits_switches_s_middle_rollover_lane'====== Args={'value': 207, 'prev_value': None, 'change': True}
2024-08-20 23:54:00,750 : INFO : EventManager : Event: ======'machine_var_audits_switches_s_n_target'====== Args={'value': 177, 'prev_value': None, 'change': True}
2024-08-20 23:54:00,750 : INFO : EventManager : Event: ======'machine_var_audits_switches_s_o_target'====== Args={'value': 375, 'prev_value': None, 'change': True}
2024-08-20 23:54:00,750 : INFO : EventManager : Event: ======'machine_var_audits_switches_s_p2_target'====== Args={'value': 201, 'prev_value': None, 'change': True}
2024-08-20 23:54:00,751 : INFO : EventManager : Event: ======'machine_var_audits_switches_s_p_target'====== Args={'value': 524, 'prev_value': None, 'change': True}
2024-08-20 23:54:00,751 : INFO : EventManager : Event: ======'machine_var_audits_switches_s_plunger'====== Args={'value': 1135, 'prev_value': None, 'change': True}
2024-08-20 23:54:00,751 : INFO : EventManager : Event: ======'machine_var_audits_switches_s_plunger_lane'====== Args={'value': 39, 'prev_value': None, 'change': True}
2024-08-20 23:54:00,752 : INFO : EventManager : Event: ======'machine_var_audits_switches_s_plunger_lane_exit'====== Args={'value': 860, 'prev_value': None, 'change': True}
2024-08-20 23:54:00,752 : INFO : EventManager : Event: ======'machine_var_audits_switches_s_r_target'====== Args={'value': 377, 'prev_value': None, 'change': True}
2024-08-20 23:54:00,752 : INFO : EventManager : Event: ======'machine_var_audits_switches_s_right_flipper'====== Args={'value': 1596, 'prev_value': None, 'change': True}
2024-08-20 23:54:00,753 : INFO : EventManager : Event: ======'machine_var_audits_switches_s_right_inlane'====== Args={'value': 24, 'prev_value': None, 'change': True}
2024-08-20 23:54:00,753 : INFO : EventManager : Event: ======'machine_var_audits_switches_s_right_inner_horseshoe'====== Args={'value': 21, 'prev_value': None, 'change': True}
2024-08-20 23:54:00,753 : INFO : EventManager : Event: ======'machine_var_audits_switches_s_right_orbit_exit'====== Args={'value': 34, 'prev_value': None, 'change': True}
2024-08-20 23:54:00,753 : INFO : EventManager : Event: ======'machine_var_audits_switches_s_right_outlane'====== Args={'value': 25, 'prev_value': None, 'change': True}
2024-08-20 23:54:00,754 : INFO : EventManager : Event: ======'machine_var_audits_switches_s_right_pop_bumper'====== Args={'value': 19, 'prev_value': None, 'change': True}
2024-08-20 23:54:00,754 : INFO : EventManager : Event: ======'machine_var_audits_switches_s_right_ramp_enter'====== Args={'value': 16, 'prev_value': None, 'change': True}
2024-08-20 23:54:00,754 : INFO : EventManager : Event: ======'machine_var_audits_switches_s_right_ramp_exit'====== Args={'value': 26, 'prev_value': None, 'change': True}
2024-08-20 23:54:00,754 : INFO : EventManager : Event: ======'machine_var_audits_switches_s_right_ramp_standup'====== Args={'value': 287, 'prev_value': None, 'change': True}
2024-08-20 23:54:00,755 : INFO : EventManager : Event: ======'machine_var_audits_switches_s_right_rollover_lane'====== Args={'value': 223, 'prev_value': None, 'change': True}
2024-08-20 23:54:00,755 : INFO : EventManager : Event: ======'machine_var_audits_switches_s_right_sling'====== Args={'value': 1, 'prev_value': None, 'change': True}
2024-08-20 23:54:00,756 : INFO : EventManager : Event: ======'machine_var_audits_switches_s_scoop'====== Args={'value': 595, 'prev_value': None, 'change': True}
2024-08-20 23:54:00,756 : INFO : EventManager : Event: ======'machine_var_audits_switches_s_start'====== Args={'value': 664, 'prev_value': None, 'change': True}
2024-08-20 23:54:00,756 : INFO : EventManager : Event: ======'machine_var_audits_switches_s_top_inline_drop'====== Args={'value': 48, 'prev_value': None, 'change': True}
2024-08-20 23:54:00,757 : INFO : EventManager : Event: ======'machine_var_audits_switches_s_trough1'====== Args={'value': 420, 'prev_value': None, 'change': True}
2024-08-20 23:54:00,757 : INFO : EventManager : Event: ======'machine_var_audits_switches_s_trough2'====== Args={'value': 36, 'prev_value': None, 'change': True}
2024-08-20 23:54:00,758 : INFO : EventManager : Event: ======'machine_var_audits_switches_s_trough3'====== Args={'value': 21, 'prev_value': None, 'change': True}
2024-08-20 23:54:00,758 : INFO : EventManager : Event: ======'machine_var_audits_switches_s_trough4'====== Args={'value': 3, 'prev_value': None, 'change': True}
2024-08-20 23:54:00,759 : INFO : EventManager : Event: ======'machine_var_audits_switches_s_trough5'====== Args={'value': 2, 'prev_value': None, 'change': True}
2024-08-20 23:54:00,759 : INFO : EventManager : Event: ======'machine_var_audits_switches_s_trough6'====== Args={'value': 1, 'prev_value': None, 'change': True}
2024-08-20 23:54:00,759 : INFO : EventManager : Event: ======'machine_var_audits_switches_s_trough_jam'====== Args={'value': 5, 'prev_value': None, 'change': True}
2024-08-20 23:54:00,760 : INFO : EventManager : Event: ======'init_phase_5'====== Args={}
2024-08-20 23:54:00,765 : INFO : EventManager : Event: ======'init_done'====== Args={}
2024-08-20 23:54:00,766 : INFO : EventManager : Event: ======'machine_reset_phase_1'====== Args={}
2024-08-20 23:54:00,774 : INFO : EventManager : Event: ======'machine_reset_phase_2'====== Args={}
2024-08-20 23:54:00,774 : INFO : EventManager : Event: ======'machine_reset_phase_3'====== Args={}
2024-08-20 23:54:00,774 : INFO : drop_target_bank.strickland_bank : All targets are already up. Will not reset bank.
2024-08-20 23:54:00,774 : INFO : EventManager : Event: ======'reset_complete'====== Args={}
2024-08-20 23:54:00,774 : INFO : EventManager : Event: ======'mode_attract_will_start'====== Args={}
2024-08-20 23:54:00,774 : INFO : Timer.attract_switch : Starting Timer.
2024-08-20 23:54:00,774 : INFO : EventManager : Event: ======'timer_attract_switch_started'====== Args={'ticks': 0, 'ticks_remaining': 46}
2024-08-20 23:54:00,774 : INFO : EventManager : Event: ======'timer_attract_switch_tick'====== Args={'ticks': 0, 'ticks_remaining': 46}
2024-08-20 23:54:00,775 : INFO : EventManager : Event: ======'mode_attract_starting'====== Args={}
2024-08-20 23:54:00,775 : INFO : Mode.attract : Started. Priority: 10
2024-08-20 23:54:00,775 : INFO : EventManager : Event: ======'modes_active_modes_changed'====== Args={}
2024-08-20 23:54:00,775 : INFO : EventManager : Event: ======'mode_attract_started'====== Args={}
2024-08-20 23:54:00,776 : INFO : EventManager : Event: ======'collecting_balls_complete'====== Args={}
2024-08-20 23:54:00,776 : INFO : Machine : Starting the main run loop.
2024-08-20 23:54:01,470 : INFO : SwitchController : <<<<<<< 's_start' active >>>>>>>
2024-08-20 23:54:01,471 : INFO : EventManager : Event: ======'s_start_active'====== Args={}
2024-08-20 23:54:01,471 : INFO : EventManager : Event: ======'sw_add_player'====== Args={'priority': 0}
2024-08-20 23:54:01,596 : INFO : SwitchController : <<<<<<< 's_start' inactive >>>>>>>
2024-08-20 23:54:01,597 : INFO : EventManager : Event: ======'request_to_start_game'====== Args={}
2024-08-20 23:54:01,598 : INFO : EventManager : Event: ======'game_start'====== Args={'buttons': [], 'hold_time': 0.12628083299999981}
2024-08-20 23:54:01,598 : INFO : EventManager : Event: ======'mode_game_will_start'====== Args={'buttons': [], 'hold_time': 0.12628083299999981}
2024-08-20 23:54:01,599 : INFO : EventManager : Event: ======'mode_game_starting'====== Args={'buttons': [], 'hold_time': 0.12628083299999981}
2024-08-20 23:54:01,600 : INFO : EventManager : Event: ======'mode_attract_will_stop'====== Args={}
2024-08-20 23:54:01,600 : INFO : EventManager : Event: ======'mode_attract_stopping'====== Args={}
2024-08-20 23:54:01,600 : INFO : Mode.attract : Stopped.
2024-08-20 23:54:01,600 : INFO : EventManager : Event: ======'modes_active_modes_changed'====== Args={}
2024-08-20 23:54:01,602 : INFO : EventManager : Event: ======'mode_attract_stopped'====== Args={}
2024-08-20 23:54:01,602 : INFO : EventManager : Event: ======'clear'====== Args={'key': 'attract'}
2024-08-20 23:54:01,602 : INFO : Timer.attract_switch : Stopping Timer
2024-08-20 23:54:01,603 : INFO : EventManager : Event: ======'timer_attract_switch_stopped'====== Args={'ticks': 0, 'ticks_remaining': 46}
2024-08-20 23:54:01,603 : INFO : Mode.game : Started. Priority: 20
2024-08-20 23:54:01,603 : INFO : EventManager : Event: ======'modes_active_modes_changed'====== Args={}
2024-08-20 23:54:01,603 : INFO : EventManager : Event: ======'mode_game_started'====== Args={'buttons': [], 'hold_time': 0.12628083299999981}
2024-08-20 23:54:01,604 : INFO : EventManager : Event: ======'game_will_start'====== Args={}
2024-08-20 23:54:01,605 : INFO : EventManager : Event: ======'game_starting'====== Args={'game': <Mode.game>}
2024-08-20 23:54:01,606 : INFO : EventManager : Unordered handler for class <Auditor> on event game_ended with priority 1. Handlers: [RegisteredHandler(callback=<bound method Auditor.disable of <Auditor>>, priority=1, kwargs={}, key=UUID('f89a04c5-981f-44a9-8d92-d3ebca0e6f71'), condition=None, blocking_facility=None), RegisteredHandler(callback=<bound method Auditor._save_audits of <Auditor>>, priority=1, kwargs={}, key=UUID('a25d09f1-6b19-44cc-96fe-986998dd756b'), condition=None, blocking_facility=None)]. The order of those handlers is not defined and they will be executed in random order. This might lead to race conditions and potential bugs.
2024-08-20 23:54:01,606 : INFO : EventManager : Event: ======'player_add_request'====== Args={}
2024-08-20 23:54:01,607 : INFO : EventManager : Event: ======'player_will_add'====== Args={'number': 1}
2024-08-20 23:54:01,607 : INFO : EventManager : Event: ======'player_adding'====== Args={'player': <Player 1>, 'number': 1}
2024-08-20 23:54:01,607 : INFO : EventManager : Event: ======'player_added'====== Args={'player': <Player 1>, 'num': 1}
2024-08-20 23:54:01,607 : INFO : Mode.game : Player added successfully. Total players: 1
2024-08-20 23:54:01,607 : INFO : EventManager : Event: ======'player_index'====== Args={'value': 0, 'prev_value': 0, 'change': 0, 'player_num': 1}
2024-08-20 23:54:01,608 : INFO : EventManager : Event: ======'player_number'====== Args={'value': 1, 'prev_value': 1, 'change': 0, 'player_num': 1}
2024-08-20 23:54:01,608 : INFO : EventManager : Event: ======'player_score'====== Args={'value': 0, 'prev_value': 0, 'change': 0, 'player_num': 1}
2024-08-20 23:54:01,609 : INFO : EventManager : Event: ======'game_started'====== Args={}
2024-08-20 23:54:01,622 : INFO : EventManager : Event: ======'player_turn_will_start'====== Args={'player': <Player 1>, 'number': 1}
2024-08-20 23:54:01,623 : INFO : EventManager : Event: ======'slide__removed'====== Args={'_from_bcp': True}
2024-08-20 23:54:01,623 : INFO : EventManager : Event: ======'player_turn_starting'====== Args={'player': <Player 1>, 'number': 1}
2024-08-20 23:54:01,623 : INFO : EventManager : Event: ======'player_ball'====== Args={'value': 1, 'prev_value': 0, 'change': 1, 'player_num': 1}
2024-08-20 23:54:01,624 : INFO : EventManager : Event: ======'player_turn_started'====== Args={'player': <Player 1>, 'number': 1}
2024-08-20 23:54:01,624 : INFO : EventManager : Event: ======'ball_will_start'====== Args={'player': 1, 'ball': 1, 'balls_remaining': 2, 'is_extra_ball': False}
2024-08-20 23:54:01,625 : INFO : EventManager : Event: ======'ball_starting'====== Args={'player': 1, 'ball': 1, 'balls_remaining': 2, 'is_extra_ball': False}
2024-08-20 23:54:01,625 : INFO : EventManager : Event: ======'mode_rainey_multiball_will_start'====== Args={'queue': <QueuedEvent>, 'player': 1, 'ball': 1, 'balls_remaining': 2, 'is_extra_ball': False}
2024-08-20 23:54:01,626 : INFO : EventManager : Event: ======'mode_rainey_multiball_starting'====== Args={'queue': <QueuedEvent>, 'player': 1, 'ball': 1, 'balls_remaining': 2, 'is_extra_ball': False}
2024-08-20 23:54:01,627 : INFO : EventManager : Event: ======'mode_skillshot_will_start'====== Args={'queue': <QueuedEvent>, 'player': 1, 'ball': 1, 'balls_remaining': 2, 'is_extra_ball': False}
2024-08-20 23:54:01,627 : INFO : EventManager : Event: ======'skillshot_complete'====== Args={'state': 'None'}
2024-08-20 23:54:01,627 : INFO : EventManager : Event: ======'skillshot_None_complete'====== Args={}
2024-08-20 23:54:01,628 : INFO : EventManager : Event: ======'player_shot_skillshot_p_target_enabled'====== Args={'value': True, 'prev_value': 0, 'change': 1, 'player_num': 1}
2024-08-20 23:54:01,628 : INFO : EventManager : Event: ======'player_shot_skillshot_r_target_enabled'====== Args={'value': True, 'prev_value': 0, 'change': 1, 'player_num': 1}
2024-08-20 23:54:01,629 : INFO : EventManager : Event: ======'player_shot_skillshot_o_target_enabled'====== Args={'value': True, 'prev_value': 0, 'change': 1, 'player_num': 1}
2024-08-20 23:54:01,629 : INFO : EventManager : Event: ======'player_shot_skillshot_p2_target_enabled'====== Args={'value': True, 'prev_value': 0, 'change': 1, 'player_num': 1}
2024-08-20 23:54:01,630 : INFO : EventManager : Event: ======'player_shot_skillshot_a_target_enabled'====== Args={'value': True, 'prev_value': 0, 'change': 1, 'player_num': 1}
2024-08-20 23:54:01,630 : INFO : EventManager : Event: ======'player_shot_skillshot_n_target_enabled'====== Args={'value': True, 'prev_value': 0, 'change': 1, 'player_num': 1}
2024-08-20 23:54:01,631 : INFO : EventManager : Event: ======'player_shot_skillshot_e_target_enabled'====== Args={'value': True, 'prev_value': 0, 'change': 1, 'player_num': 1}
2024-08-20 23:54:01,631 : INFO : EventManager : Event: ======'player_skillshot_skillshot_rotate_tick'====== Args={'value': 0, 'prev_value': 0, 'change': 0, 'player_num': 1}
2024-08-20 23:54:01,631 : INFO : Timer.skillshot_rotate : Starting Timer.
2024-08-20 23:54:01,631 : INFO : EventManager : Event: ======'timer_skillshot_rotate_started'====== Args={'ticks': 0, 'ticks_remaining': 0}
2024-08-20 23:54:01,631 : INFO : EventManager : Event: ======'timer_skillshot_rotate_tick'====== Args={'ticks': 0, 'ticks_remaining': 0}
2024-08-20 23:54:01,633 : INFO : EventManager : Event: ======'mode_skillshot_starting'====== Args={'queue': <QueuedEvent>, 'player': 1, 'ball': 1, 'balls_remaining': 2, 'is_extra_ball': False}
2024-08-20 23:54:01,633 : INFO : drop_target_bank.strickland_bank : All targets are already up. Will not reset bank.
2024-08-20 23:54:01,633 : INFO : EventManager : Event: ======'cmd_flippers_enable'====== Args={'priority': 0}
2024-08-20 23:54:01,633 : INFO : EventManager : Event: ======'cmd_autofire_coils_enable'====== Args={'priority': 0}
2024-08-20 23:54:01,633 : INFO : EventManager : Event: ======'cmd_drop_targets_reset'====== Args={'priority': 0}
2024-08-20 23:54:01,633 : INFO : Mode.skillshot : Started. Priority: 200
2024-08-20 23:54:01,633 : INFO : EventManager : Event: ======'modes_active_modes_changed'====== Args={}
2024-08-20 23:54:01,633 : INFO : EventManager : Event: ======'mode_skillshot_started'====== Args={'queue': <QueuedEvent>, 'player': 1, 'ball': 1, 'balls_remaining': 2, 'is_extra_ball': False}
2024-08-20 23:54:01,634 : INFO : EventManager : Event: ======'player_shot_skillshot_p_target'====== Args={'value': 1, 'prev_value': 0, 'change': 1, 'player_num': 1}
2024-08-20 23:54:01,635 : INFO : EventManager : Event: ======'balls_in_play'====== Args={'balls': 1}
2024-08-20 23:54:01,635 : INFO : EventManager : Event: ======'ball_started'====== Args={'player': 1, 'ball': 1, 'balls_remaining': 2, 'is_extra_ball': False}
2024-08-20 23:54:01,635 : INFO : EventManager : Event: ======'logicblock_mb_counter_updated'====== Args={'value': 0, 'enabled': False}
2024-08-20 23:54:01,635 : INFO : Mode.rainey_multiball : Started. Priority: 250
2024-08-20 23:54:01,635 : INFO : EventManager : Event: ======'modes_active_modes_changed'====== Args={}
2024-08-20 23:54:01,635 : INFO : EventManager : Event: ======'mode_rainey_multiball_started'====== Args={'queue': <QueuedEvent>, 'player': 1, 'ball': 1, 'balls_remaining': 2, 'is_extra_ball': False}
2024-08-20 23:54:01,635 : INFO : EventManager : Event: ======'mode_extra_ball_will_start'====== Args={'player': 1, 'ball': 1, 'balls_remaining': 2, 'is_extra_ball': False}
2024-08-20 23:54:01,635 : INFO : EventManager : Event: ======'player_extra_ball_score_one_num_awarded'====== Args={'value': 0, 'prev_value': 0, 'change': 0, 'player_num': 1}
2024-08-20 23:54:01,635 : INFO : EventManager : Event: ======'player_extra_ball_score_two_num_awarded'====== Args={'value': 0, 'prev_value': 0, 'change': 0, 'player_num': 1}
2024-08-20 23:54:01,636 : INFO : EventManager : Event: ======'mode_extra_ball_starting'====== Args={'player': 1, 'ball': 1, 'balls_remaining': 2, 'is_extra_ball': False}
2024-08-20 23:54:01,636 : INFO : EventManager : Event: ======'mode_BBQ_rollover_will_start'====== Args={'player': 1, 'ball': 1, 'balls_remaining': 2, 'is_extra_ball': False}
2024-08-20 23:54:01,636 : INFO : EventManager : Event: ======'player_shot_left_rollover_lane_enabled'====== Args={'value': True, 'prev_value': 0, 'change': 1, 'player_num': 1}
2024-08-20 23:54:01,636 : INFO : EventManager : Event: ======'player_shot_middle_rollover_lane_enabled'====== Args={'value': True, 'prev_value': 0, 'change': 1, 'player_num': 1}
2024-08-20 23:54:01,637 : INFO : EventManager : Event: ======'player_shot_right_rollover_lane_enabled'====== Args={'value': True, 'prev_value': 0, 'change': 1, 'player_num': 1}
2024-08-20 23:54:01,637 : INFO : EventManager : Event: ======'BBQ_lanes_complete'====== Args={'state': 'unlit'}
2024-08-20 23:54:01,637 : INFO : EventManager : Event: ======'BBQ_lanes_unlit_complete'====== Args={}
2024-08-20 23:54:01,639 : INFO : EventManager : Event: ======'mode_BBQ_rollover_starting'====== Args={'player': 1, 'ball': 1, 'balls_remaining': 2, 'is_extra_ball': False}
2024-08-20 23:54:01,639 : INFO : EventManager : Event: ======'mode_hank_rollover_will_start'====== Args={'player': 1, 'ball': 1, 'balls_remaining': 2, 'is_extra_ball': False}
2024-08-20 23:54:01,639 : INFO : EventManager : Event: ======'player_shot_h_rollover_lane_enabled'====== Args={'value': True, 'prev_value': 0, 'change': 1, 'player_num': 1}
2024-08-20 23:54:01,639 : INFO : EventManager : Event: ======'player_shot_a_rollover_lane_enabled'====== Args={'value': True, 'prev_value': 0, 'change': 1, 'player_num': 1}
2024-08-20 23:54:01,639 : INFO : EventManager : Event: ======'player_shot_n_rollover_lane_enabled'====== Args={'value': True, 'prev_value': 0, 'change': 1, 'player_num': 1}
2024-08-20 23:54:01,640 : INFO : EventManager : Event: ======'player_shot_k_rollover_lane_enabled'====== Args={'value': True, 'prev_value': 0, 'change': 1, 'player_num': 1}
2024-08-20 23:54:01,640 : INFO : EventManager : Event: ======'hank_lanes_complete'====== Args={'state': 'unlit'}
2024-08-20 23:54:01,640 : INFO : EventManager : Event: ======'hank_lanes_unlit_complete'====== Args={}
2024-08-20 23:54:01,641 : INFO : EventManager : Event: ======'mode_hank_rollover_starting'====== Args={'player': 1, 'ball': 1, 'balls_remaining': 2, 'is_extra_ball': False}
2024-08-20 23:54:01,641 : INFO : EventManager : Event: ======'mode_base_will_start'====== Args={'player': 1, 'ball': 1, 'balls_remaining': 2, 'is_extra_ball': False}
2024-08-20 23:54:01,641 : INFO : EventManager : Event: ======'player_shot_qualify_p_target_enabled'====== Args={'value': True, 'prev_value': 0, 'change': 1, 'player_num': 1}
2024-08-20 23:54:01,641 : INFO : EventManager : Event: ======'player_shot_qualify_r_target_enabled'====== Args={'value': True, 'prev_value': 0, 'change': 1, 'player_num': 1}
2024-08-20 23:54:01,641 : INFO : EventManager : Event: ======'player_shot_qualify_o_target_enabled'====== Args={'value': True, 'prev_value': 0, 'change': 1, 'player_num': 1}
2024-08-20 23:54:01,642 : INFO : EventManager : Event: ======'player_shot_scoop_enabled'====== Args={'value': True, 'prev_value': 0, 'change': 1, 'player_num': 1}
2024-08-20 23:54:01,643 : INFO : EventManager : Event: ======'player_shot_rainey_multiball_ball_lock_p2_target_enabled'====== Args={'value': True, 'prev_value': 0, 'change': 1, 'player_num': 1}
2024-08-20 23:54:01,643 : INFO : EventManager : Event: ======'player_shot_rainey_multiball_ball_lock_a_target_enabled'====== Args={'value': True, 'prev_value': 0, 'change': 1, 'player_num': 1}
2024-08-20 23:54:01,643 : INFO : EventManager : Event: ======'player_shot_rainey_multiball_ball_lock_n_target_enabled'====== Args={'value': True, 'prev_value': 0, 'change': 1, 'player_num': 1}
2024-08-20 23:54:01,644 : INFO : EventManager : Event: ======'player_shot_rainey_multiball_ball_lock_e_target_enabled'====== Args={'value': True, 'prev_value': 0, 'change': 1, 'player_num': 1}
2024-08-20 23:54:01,644 : INFO : EventManager : Event: ======'player_shot_spinner_enabled'====== Args={'value': True, 'prev_value': 0, 'change': 1, 'player_num': 1}
2024-08-20 23:54:01,644 : INFO : EventManager : Event: ======'qualify_mission_complete'====== Args={'state': 'unlit'}
2024-08-20 23:54:01,644 : INFO : EventManager : Event: ======'qualify_mission_unlit_complete'====== Args={}
2024-08-20 23:54:01,644 : INFO : EventManager : Event: ======'light_rainey_multiball_ball_lock_complete'====== Args={'state': 'unlit'}
2024-08-20 23:54:01,645 : INFO : EventManager : Event: ======'light_rainey_multiball_ball_lock_unlit_complete'====== Args={}
2024-08-20 23:54:01,645 : INFO : EventManager : Event: ======'achievement_bill_bulk_and_the_body_buddies_changed_state'====== Args={'restore': False, 'state': 'enabled', 'selected': False}
2024-08-20 23:54:01,645 : INFO : EventManager : Event: ======'achievement_bill_bulk_and_the_body_buddies_state_enabled'====== Args={'restore': False, 'state': 'enabled', 'selected': False}
2024-08-20 23:54:01,649 : INFO : EventManager : Event: ======'mode_base_starting'====== Args={'player': 1, 'ball': 1, 'balls_remaining': 2, 'is_extra_ball': False}
2024-08-20 23:54:01,649 : INFO : Mode.extra_ball : Started. Priority: 900
2024-08-20 23:54:01,650 : INFO : EventManager : Event: ======'modes_active_modes_changed'====== Args={}
2024-08-20 23:54:01,650 : INFO : EventManager : Event: ======'mode_extra_ball_started'====== Args={'player': 1, 'ball': 1, 'balls_remaining': 2, 'is_extra_ball': False}
2024-08-20 23:54:01,655 : INFO : EventManager : Event: ======'logicblock_lb_BBQ_complete_count_updated'====== Args={'value': 1, 'enabled': True}
2024-08-20 23:54:01,655 : INFO : EventManager : Event: ======'logicblock_lb_BBQ_complete_count_updated'====== Args={'value': 1, 'enabled': True}
2024-08-20 23:54:01,655 : INFO : Mode.BBQ_rollover : Started. Priority: 200
2024-08-20 23:54:01,655 : INFO : EventManager : Event: ======'modes_active_modes_changed'====== Args={}
2024-08-20 23:54:01,655 : INFO : EventManager : Event: ======'mode_BBQ_rollover_started'====== Args={'player': 1, 'ball': 1, 'balls_remaining': 2, 'is_extra_ball': False}
2024-08-20 23:54:01,655 : INFO : EventManager : Event: ======'logicblock_lb_hank_complete_count_updated'====== Args={'value': 1, 'enabled': True}
2024-08-20 23:54:01,655 : INFO : EventManager : Event: ======'logicblock_lb_hank_complete_count_updated'====== Args={'value': 1, 'enabled': True}
2024-08-20 23:54:01,655 : INFO : Mode.hank_rollover : Started. Priority: 200
2024-08-20 23:54:01,655 : INFO : EventManager : Event: ======'modes_active_modes_changed'====== Args={}
2024-08-20 23:54:01,655 : INFO : EventManager : Event: ======'mode_hank_rollover_started'====== Args={'player': 1, 'ball': 1, 'balls_remaining': 2, 'is_extra_ball': False}
2024-08-20 23:54:01,655 : INFO : EventManager : Event: ======'logicblock_bill_mini_wizard_updated'====== Args={'value': [False, False], 'enabled': True}
2024-08-20 23:54:01,655 : INFO : EventManager : Event: ======'logicblock_dale_mini_wizard_updated'====== Args={'value': [False, False], 'enabled': True}
2024-08-20 23:54:01,655 : INFO : EventManager : Event: ======'logicblock_hank_mini_wizard_updated'====== Args={'value': [False, False], 'enabled': True}
2024-08-20 23:54:01,655 : INFO : EventManager : Event: ======'logicblock_boom_mini_wizard_updated'====== Args={'value': [False, False], 'enabled': True}
2024-08-20 23:54:01,655 : INFO : EventManager : Event: ======'logicblock_wizard_mode_updated'====== Args={'value': [False, False, False, False], 'enabled': True}
2024-08-20 23:54:01,655 : INFO : EventManager : Event: ======'logicblock_bill_mini_wizard_updated'====== Args={'value': [False, False], 'enabled': True}
2024-08-20 23:54:01,655 : INFO : EventManager : Event: ======'logicblock_dale_mini_wizard_updated'====== Args={'value': [False, False], 'enabled': True}
2024-08-20 23:54:01,655 : INFO : EventManager : Event: ======'logicblock_hank_mini_wizard_updated'====== Args={'value': [False, False], 'enabled': True}
2024-08-20 23:54:01,656 : INFO : EventManager : Event: ======'logicblock_boom_mini_wizard_updated'====== Args={'value': [False, False], 'enabled': True}
2024-08-20 23:54:01,656 : INFO : EventManager : Event: ======'logicblock_wizard_mode_updated'====== Args={'value': [False, False, False, False], 'enabled': True}
2024-08-20 23:54:01,656 : INFO : Mode.base : Started. Priority: 100
2024-08-20 23:54:01,656 : INFO : EventManager : Event: ======'modes_active_modes_changed'====== Args={}
2024-08-20 23:54:01,656 : INFO : EventManager : Event: ======'mode_base_started'====== Args={'player': 1, 'ball': 1, 'balls_remaining': 2, 'is_extra_ball': False}
2024-08-20 23:54:01,656 : INFO : EventManager : Event: ======'player_bonus_multiplier'====== Args={'value': 1, 'prev_value': 0, 'change': 1, 'player_num': 1, 'source': 'BBQ_rollover'}
2024-08-20 23:54:01,656 : INFO : EventManager : Event: ======'ball_save_default_enabled'====== Args={}
2024-08-20 23:54:01,657 : INFO : EventManager : Event: ======'single_player_ball_started'====== Args={}
2024-08-20 23:54:01,657 : INFO : EventManager : Event: ======'ball_start_target'====== Args={'target': 'playfield'}
2024-08-20 23:54:01,657 : INFO : BcpServer : New client connected.
2024-08-20 23:54:01,658 : INFO : ball_device.bd_plunger : Setting up player-controlled eject. Balls: 1, Target: <playfield.playfield>, player_controlled_eject_event: s_launch_button_inactive
2024-08-20 23:54:01,658 : INFO : EventManager : Event: ======'balldevice_balls_available'====== Args={}
2024-08-20 23:54:01,665 : INFO : ball_device.bd_trough : State: waiting_for_target_ready
2024-08-20 23:54:01,665 : INFO : EventManager : Event: ======'balldevice_bd_trough_ball_eject_attempt'====== Args={'balls': 1, 'target': <ball_device.bd_plunger>, 'source': <ball_device.bd_trough>, 'mechanical_eject': True, 'num_attempts': 0}
2024-08-20 23:54:01,666 : INFO : ball_device.bd_plunger : State: waiting_for_ball
2024-08-20 23:54:01,666 : INFO : ball_device.bd_trough : State: ejecting
2024-08-20 23:54:01,666 : INFO : ball_device.bd_trough : Ejecting ball to <ball_device.bd_plunger>
2024-08-20 23:54:01,666 : INFO : EventManager : Event: ======'balldevice_bd_trough_ejecting_ball'====== Args={'balls': 1, 'target': <ball_device.bd_plunger>, 'source': <ball_device.bd_trough>, 'mechanical_eject': True, 'num_attempts': 0}
2024-08-20 23:54:01,666 : INFO : EventManager : Event: ======'slide_arlen_intro_created'====== Args={'_from_bcp': True}
2024-08-20 23:54:01,666 : INFO : EventManager : Event: ======'slide_arlen_intro_active'====== Args={'original_context': 'skillshot', 'original_calling_context': 'mode_skillshot_started', 'queue': '<QueuedEvent>', 'cmd': 'slides_play', '_from_bcp': True}
2024-08-20 23:54:01,671 : INFO : ball_device.bd_trough : Wait for ball to leave device
2024-08-20 23:54:01,671 : INFO : coil.c_trough_eject : Pulsing Driver for 20ms (1.0 pulse_power)
2024-08-20 23:54:01,671 : INFO : SwitchController : <<<<<<< 's_trough1' inactive >>>>>>>
2024-08-20 23:54:01,671 : INFO : ball_device.bd_trough : State: ball_left
2024-08-20 23:54:01,672 : INFO : ball_device.bd_trough : Ball left
2024-08-20 23:54:01,672 : INFO : ball_device.bd_trough : Wait for confirm with timeout 3.0
2024-08-20 23:54:01,673 : INFO : EventManager : Event: ======'slide_base_created'====== Args={'_from_bcp': True}
2024-08-20 23:54:01,772 : INFO : SwitchController : <<<<<<< 's_plunger' active >>>>>>>
2024-08-20 23:54:01,772 : INFO : EventManager : Event: ======'machine_var_audits_switches_s_plunger'====== Args={'value': 1136, 'prev_value': 1135, 'change': 1}
2024-08-20 23:54:01,979 : WARNING : SwitchController : Received duplicate switch state 1 for switch s_plunger from the platform interface. Log Code: Log-SwitchController-1 (https://missionpinball.org/logs)
2024-08-20 23:54:02,114 : INFO : SwitchController : <<<<<<< 's_plunger' inactive >>>>>>>
2024-08-20 23:54:02,632 : INFO : EventManager : Event: ======'player_skillshot_skillshot_rotate_tick'====== Args={'value': 1, 'prev_value': 0, 'change': 1, 'player_num': 1}
2024-08-20 23:54:02,634 : INFO : EventManager : Event: ======'timer_skillshot_rotate_tick'====== Args={'ticks': 1, 'ticks_remaining': 0}
2024-08-20 23:54:02,636 : INFO : EventManager : Event: ======'player_shot_skillshot_p_target'====== Args={'value': 0, 'prev_value': 1, 'change': -1, 'player_num': 1}
2024-08-20 23:54:02,637 : INFO : EventManager : Event: ======'player_shot_skillshot_r_target'====== Args={'value': 1, 'prev_value': 0, 'change': 1, 'player_num': 1}
2024-08-20 23:54:03,632 : INFO : EventManager : Event: ======'player_skillshot_skillshot_rotate_tick'====== Args={'value': 2, 'prev_value': 1, 'change': 1, 'player_num': 1}
2024-08-20 23:54:03,634 : INFO : EventManager : Event: ======'timer_skillshot_rotate_tick'====== Args={'ticks': 2, 'ticks_remaining': 0}
2024-08-20 23:54:03,634 : INFO : EventManager : Event: ======'player_shot_skillshot_r_target'====== Args={'value': 0, 'prev_value': 1, 'change': -1, 'player_num': 1}
2024-08-20 23:54:03,636 : INFO : EventManager : Event: ======'player_shot_skillshot_o_target'====== Args={'value': 1, 'prev_value': 0, 'change': 1, 'player_num': 1}
2024-08-20 23:54:04,632 : INFO : EventManager : Event: ======'player_skillshot_skillshot_rotate_tick'====== Args={'value': 3, 'prev_value': 2, 'change': 1, 'player_num': 1}
2024-08-20 23:54:04,633 : INFO : EventManager : Event: ======'timer_skillshot_rotate_tick'====== Args={'ticks': 3, 'ticks_remaining': 0}
2024-08-20 23:54:04,634 : INFO : EventManager : Event: ======'player_shot_skillshot_o_target'====== Args={'value': 0, 'prev_value': 1, 'change': -1, 'player_num': 1}
2024-08-20 23:54:04,636 : INFO : EventManager : Event: ======'player_shot_skillshot_p2_target'====== Args={'value': 1, 'prev_value': 0, 'change': 1, 'player_num': 1}
2024-08-20 23:54:04,673 : INFO : ball_device.bd_trough : State: failed_confirm
2024-08-20 23:54:04,673 : INFO : ball_device.bd_trough : Got timeout (3.0s) before confirm from <ball_device.bd_plunger>
2024-08-20 23:54:04,674 : INFO : ball_device.bd_plunger : Expecting incoming ball which may skip the device.
2024-08-20 23:54:04,674 : INFO : EventManager : Event: ======'balldevice_bd_plunger_ejecting_ball'====== Args={'balls': 1, 'target': <playfield.playfield>, 'source': <ball_device.bd_plunger>, 'mechanical_eject': False, 'num_attempts': 1}
2024-08-20 23:54:04,760 : INFO : SwitchController : <<<<<<< 's_plunger_lane_exit' active >>>>>>>
2024-08-20 23:54:04,761 : INFO : EventManager : Event: ======'s_plunger_lane_exit_active'====== Args={}
2024-08-20 23:54:04,761 : INFO : EventManager : Event: ======'sw_playfield_active'====== Args={}
2024-08-20 23:54:04,761 : INFO : EventManager : Event: ======'machine_var_audits_switches_s_plunger_lane_exit'====== Args={'value': 861, 'prev_value': 860, 'change': 1}
2024-08-20 23:54:04,761 : INFO : EventManager : Event: ======'ball_save_default_timer_start'====== Args={}
2024-08-20 23:54:04,762 : INFO : EventManager : Event: ======'playfield_active'====== Args={}
2024-08-20 23:54:04,765 : INFO : ball_device.bd_plunger : Got confirm for skipping ball.
2024-08-20 23:54:04,765 : INFO : ball_device.bd_plunger : Eject successful
2024-08-20 23:54:04,765 : INFO : EventManager : Event: ======'balldevice_bd_plunger_ball_eject_success'====== Args={'balls': 1, 'target': <playfield.playfield>}
2024-08-20 23:54:04,765 : INFO : EventManager : Event: ======'balldevice_playfield_ball_enter'====== Args={'new_balls': 1, 'unclaimed_balls': 1, 'device': <playfield.playfield>}
2024-08-20 23:54:04,765 : INFO : EventManager : Event: ======'playfield_ball_count_change'====== Args={'balls': 1, 'change': 1}
2024-08-20 23:54:04,766 : INFO : ball_device.bd_plunger : State: idle
2024-08-20 23:54:04,766 : INFO : ball_device.bd_trough : Eject successful
2024-08-20 23:54:04,766 : INFO : EventManager : Event: ======'balldevice_bd_trough_ball_eject_success'====== Args={'balls': 1, 'target': <ball_device.bd_plunger>}
2024-08-20 23:54:04,766 : INFO : EventManager : Event: ======'balldevice_bd_trough_ball_count_changed'====== Args={'balls': 5}
2024-08-20 23:54:04,766 : INFO : ball_device.bd_trough : State: idle
2024-08-20 23:54:04,834 : INFO : SwitchController : <<<<<<< 's_plunger_lane_exit' inactive >>>>>>>
2024-08-20 23:54:04,834 : INFO : EventManager : Event: ======'s_plunger_lane_exit_inactive'====== Args={}
2024-08-20 23:54:04,834 : INFO : Timer.skillshot_rotate : Stopping Timer
2024-08-20 23:54:04,834 : INFO : EventManager : Event: ======'timer_skillshot_rotate_stopped'====== Args={'ticks': 3, 'ticks_remaining': 0}
2024-08-20 23:54:04,834 : INFO : EventManager : Event: ======'advance_skillshot_4'====== Args={'priority': 0}
2024-08-20 23:54:04,834 : INFO : EventManager : Event: ======'player_shot_skillshot_p2_target'====== Args={'value': 2, 'prev_value': 1, 'change': 1, 'player_num': 1}
2024-08-20 23:54:05,771 : INFO : SwitchController : <<<<<<< 's_p2_target' active >>>>>>>
2024-08-20 23:54:05,774 : INFO : EventManager : Event: ======'s_p2_target_active'====== Args={}
2024-08-20 23:54:05,775 : INFO : EventManager : Event: ======'machine_var_audits_switches_s_p2_target'====== Args={'value': 202, 'prev_value': 201, 'change': 1}
2024-08-20 23:54:05,783 : INFO : EventManager : Event: ======'machine_var_audits_shots_skillshot_p2_target'====== Args={'value': 108, 'prev_value': 107, 'change': 1}
2024-08-20 23:54:05,794 : INFO : EventManager : Event: ======'skillshot_p2_target_hit'====== Args={'profile': 'skillshot_profile', 'state': 'lit', 'advancing': False}
2024-08-20 23:54:05,795 : INFO : EventManager : Event: ======'skillshot_p2_target_skillshot_profile_hit'====== Args={'profile': 'skillshot_profile', 'state': 'lit', 'advancing': False}
2024-08-20 23:54:05,795 : INFO : EventManager : Event: ======'skillshot_p2_target_skillshot_profile_lit_hit'====== Args={'profile': 'skillshot_profile', 'state': 'lit', 'advancing': False}
2024-08-20 23:54:05,795 : INFO : EventManager : Event: ======'skillshot_p2_target_lit_hit'====== Args={'profile': 'skillshot_profile', 'state': 'lit', 'advancing': False}
2024-08-20 23:54:05,795 : INFO : EventManager : Event: ======'player_shot_rainey_multiball_ball_lock_p2_target'====== Args={'value': 1, 'prev_value': 0, 'change': 1, 'player_num': 1}
2024-08-20 23:54:05,796 : INFO : EventManager : Event: ======'machine_var_audits_shots_rainey_multiball_ball_lock_p2_target'====== Args={'value': 122, 'prev_value': 121, 'change': 1}
2024-08-20 23:54:05,797 : INFO : EventManager : Event: ======'rainey_multiball_ball_lock_p2_target_hit'====== Args={'profile': 'rainey_multiball_ball_lock', 'state': 'unlit', 'advancing': True}
2024-08-20 23:54:05,797 : INFO : EventManager : Event: ======'rainey_multiball_ball_lock_p2_target_rainey_multiball_ball_lock_hit'====== Args={'profile': 'rainey_multiball_ball_lock', 'state': 'unlit', 'advancing': True}
2024-08-20 23:54:05,797 : INFO : EventManager : Event: ======'rainey_multiball_ball_lock_p2_target_rainey_multiball_ball_lock_unlit_hit'====== Args={'profile': 'rainey_multiball_ball_lock', 'state': 'unlit', 'advancing': True}
2024-08-20 23:54:05,797 : INFO : EventManager : Event: ======'rainey_multiball_ball_lock_p2_target_unlit_hit'====== Args={'profile': 'rainey_multiball_ball_lock', 'state': 'unlit', 'advancing': True}
2024-08-20 23:54:05,797 : INFO : EventManager : Event: ======'player_score'====== Args={'value': 50, 'prev_value': 0, 'change': 50, 'player_num': 1, 'source': 'base'}
2024-08-20 23:54:05,798 : INFO : EventManager : Event: ======'skillshot_hit'====== Args={'shot': 'skillshot_p2_target'}
2024-08-20 23:54:05,798 : INFO : EventManager : Event: ======'skillshot_lit_hit'====== Args={'shot': 'skillshot_p2_target'}
2024-08-20 23:54:05,798 : INFO : EventManager : Event: ======'stop_mode_skillshot'====== Args={'priority': 0}
2024-08-20 23:54:05,798 : INFO : EventManager : Event: ======'mode_skillshot_will_stop'====== Args={}
2024-08-20 23:54:05,798 : INFO : EventManager : Event: ======'mode_skillshot_stopping'====== Args={}
2024-08-20 23:54:05,799 : INFO : EventManager : Event: ======'player_score'====== Args={'value': 90050, 'prev_value': 50, 'change': 90000, 'player_num': 1, 'source': 'skillshot'}
2024-08-20 23:54:05,811 : INFO : EventManager : Event: ======'light_rainey_multiball_ball_lock_hit'====== Args={'shot': 'rainey_multiball_ball_lock_p2_target'}
2024-08-20 23:54:05,811 : INFO : EventManager : Event: ======'light_rainey_multiball_ball_lock_unlit_hit'====== Args={'shot': 'rainey_multiball_ball_lock_p2_target'}
2024-08-20 23:54:05,813 : INFO : Mode.skillshot : Stopped.
2024-08-20 23:54:05,813 : INFO : EventManager : Event: ======'modes_active_modes_changed'====== Args={}
2024-08-20 23:54:05,813 : INFO : EventManager : Event: ======'mode_skillshot_stopped'====== Args={}
2024-08-20 23:54:05,813 : INFO : EventManager : Event: ======'clear'====== Args={'key': 'skillshot'}
2024-08-20 23:54:05,813 : INFO : Timer.skillshot_rotate : Stopping Timer
2024-08-20 23:54:05,813 : INFO : EventManager : Event: ======'timer_skillshot_rotate_stopped'====== Args={'ticks': 3, 'ticks_remaining': 0}
2024-08-20 23:54:05,823 : INFO : EventManager : Event: ======'slide_arlen_intro_inactive'====== Args={'_from_bcp': True}
2024-08-20 23:54:05,824 : INFO : EventManager : Event: ======'slide_base_active'====== Args={'_from_bcp': True}
2024-08-20 23:54:05,824 : INFO : EventManager : Event: ======'slide_arlen_intro_removed'====== Args={'_from_bcp': True}
2024-08-20 23:54:05,875 : INFO : SwitchController : <<<<<<< 's_p2_target' inactive >>>>>>>
2024-08-20 23:54:06,401 : INFO : SwitchController : <<<<<<< 's_a_target' active >>>>>>>
2024-08-20 23:54:06,401 : INFO : EventManager : Event: ======'s_a_target_active'====== Args={}
2024-08-20 23:54:06,402 : INFO : EventManager : Event: ======'machine_var_audits_switches_s_a_target'====== Args={'value': 190, 'prev_value': 189, 'change': 1}
2024-08-20 23:54:06,403 : INFO : EventManager : Event: ======'player_shot_rainey_multiball_ball_lock_a_target'====== Args={'value': 1, 'prev_value': 0, 'change': 1, 'player_num': 1}
2024-08-20 23:54:06,404 : INFO : EventManager : Event: ======'machine_var_audits_shots_rainey_multiball_ball_lock_a_target'====== Args={'value': 62, 'prev_value': 61, 'change': 1}
2024-08-20 23:54:06,406 : INFO : EventManager : Event: ======'rainey_multiball_ball_lock_a_target_hit'====== Args={'profile': 'rainey_multiball_ball_lock', 'state': 'unlit', 'advancing': True}
2024-08-20 23:54:06,406 : INFO : EventManager : Event: ======'rainey_multiball_ball_lock_a_target_rainey_multiball_ball_lock_hit'====== Args={'profile': 'rainey_multiball_ball_lock', 'state': 'unlit', 'advancing': True}
2024-08-20 23:54:06,406 : INFO : EventManager : Event: ======'rainey_multiball_ball_lock_a_target_rainey_multiball_ball_lock_unlit_hit'====== Args={'profile': 'rainey_multiball_ball_lock', 'state': 'unlit', 'advancing': True}
2024-08-20 23:54:06,407 : INFO : EventManager : Event: ======'rainey_multiball_ball_lock_a_target_unlit_hit'====== Args={'profile': 'rainey_multiball_ball_lock', 'state': 'unlit', 'advancing': True}
2024-08-20 23:54:06,407 : INFO : EventManager : Event: ======'player_score'====== Args={'value': 90100, 'prev_value': 90050, 'change': 50, 'player_num': 1, 'source': 'base'}
2024-08-20 23:54:06,408 : INFO : EventManager : Event: ======'light_rainey_multiball_ball_lock_hit'====== Args={'shot': 'rainey_multiball_ball_lock_a_target'}
2024-08-20 23:54:06,408 : INFO : EventManager : Event: ======'light_rainey_multiball_ball_lock_unlit_hit'====== Args={'shot': 'rainey_multiball_ball_lock_a_target'}
2024-08-20 23:54:06,503 : INFO : SwitchController : <<<<<<< 's_a_target' inactive >>>>>>>
2024-08-20 23:54:07,018 : INFO : SwitchController : <<<<<<< 's_n_target' active >>>>>>>
2024-08-20 23:54:07,019 : INFO : EventManager : Event: ======'s_n_target_active'====== Args={}
2024-08-20 23:54:07,019 : INFO : EventManager : Event: ======'machine_var_audits_switches_s_n_target'====== Args={'value': 178, 'prev_value': 177, 'change': 1}
2024-08-20 23:54:07,021 : INFO : EventManager : Event: ======'player_shot_rainey_multiball_ball_lock_n_target'====== Args={'value': 1, 'prev_value': 0, 'change': 1, 'player_num': 1}
2024-08-20 23:54:07,023 : INFO : EventManager : Event: ======'machine_var_audits_shots_rainey_multiball_ball_lock_n_target'====== Args={'value': 58, 'prev_value': 57, 'change': 1}
2024-08-20 23:54:07,024 : INFO : EventManager : Event: ======'rainey_multiball_ball_lock_n_target_hit'====== Args={'profile': 'rainey_multiball_ball_lock', 'state': 'unlit', 'advancing': True}
2024-08-20 23:54:07,024 : INFO : EventManager : Event: ======'rainey_multiball_ball_lock_n_target_rainey_multiball_ball_lock_hit'====== Args={'profile': 'rainey_multiball_ball_lock', 'state': 'unlit', 'advancing': True}
2024-08-20 23:54:07,024 : INFO : EventManager : Event: ======'rainey_multiball_ball_lock_n_target_rainey_multiball_ball_lock_unlit_hit'====== Args={'profile': 'rainey_multiball_ball_lock', 'state': 'unlit', 'advancing': True}
2024-08-20 23:54:07,025 : INFO : EventManager : Event: ======'rainey_multiball_ball_lock_n_target_unlit_hit'====== Args={'profile': 'rainey_multiball_ball_lock', 'state': 'unlit', 'advancing': True}
2024-08-20 23:54:07,025 : INFO : EventManager : Event: ======'player_score'====== Args={'value': 90150, 'prev_value': 90100, 'change': 50, 'player_num': 1, 'source': 'base'}
2024-08-20 23:54:07,026 : INFO : EventManager : Event: ======'light_rainey_multiball_ball_lock_hit'====== Args={'shot': 'rainey_multiball_ball_lock_n_target'}
2024-08-20 23:54:07,026 : INFO : EventManager : Event: ======'light_rainey_multiball_ball_lock_unlit_hit'====== Args={'shot': 'rainey_multiball_ball_lock_n_target'}
2024-08-20 23:54:07,135 : INFO : SwitchController : <<<<<<< 's_n_target' inactive >>>>>>>
2024-08-20 23:54:07,602 : INFO : SwitchController : <<<<<<< 's_e_target' active >>>>>>>
2024-08-20 23:54:07,602 : INFO : EventManager : Event: ======'s_e_target_active'====== Args={}
2024-08-20 23:54:07,603 : INFO : EventManager : Event: ======'machine_var_audits_switches_s_e_target'====== Args={'value': 192, 'prev_value': 191, 'change': 1}
2024-08-20 23:54:07,605 : INFO : EventManager : Event: ======'player_shot_rainey_multiball_ball_lock_e_target'====== Args={'value': 1, 'prev_value': 0, 'change': 1, 'player_num': 1}
2024-08-20 23:54:07,606 : INFO : EventManager : Event: ======'machine_var_audits_shots_rainey_multiball_ball_lock_e_target'====== Args={'value': 60, 'prev_value': 59, 'change': 1}
2024-08-20 23:54:07,607 : INFO : EventManager : Event: ======'rainey_multiball_ball_lock_e_target_hit'====== Args={'profile': 'rainey_multiball_ball_lock', 'state': 'unlit', 'advancing': True}
2024-08-20 23:54:07,608 : INFO : EventManager : Event: ======'rainey_multiball_ball_lock_e_target_rainey_multiball_ball_lock_hit'====== Args={'profile': 'rainey_multiball_ball_lock', 'state': 'unlit', 'advancing': True}
2024-08-20 23:54:07,608 : INFO : EventManager : Event: ======'rainey_multiball_ball_lock_e_target_rainey_multiball_ball_lock_unlit_hit'====== Args={'profile': 'rainey_multiball_ball_lock', 'state': 'unlit', 'advancing': True}
2024-08-20 23:54:07,608 : INFO : EventManager : Event: ======'rainey_multiball_ball_lock_e_target_unlit_hit'====== Args={'profile': 'rainey_multiball_ball_lock', 'state': 'unlit', 'advancing': True}
2024-08-20 23:54:07,609 : INFO : EventManager : Event: ======'player_score'====== Args={'value': 90200, 'prev_value': 90150, 'change': 50, 'player_num': 1, 'source': 'base'}
2024-08-20 23:54:07,609 : INFO : EventManager : Event: ======'light_rainey_multiball_ball_lock_complete'====== Args={'state': 'lit'}
2024-08-20 23:54:07,610 : INFO : EventManager : Event: ======'light_rainey_multiball_ball_lock_lit_complete'====== Args={}
2024-08-20 23:54:07,610 : INFO : EventManager : Event: ======'logicblock_mb_counter_updated'====== Args={'value': 0, 'enabled': True}
2024-08-20 23:54:07,611 : INFO : EventManager : Event: ======'light_rainey_multiball_ball_lock_hit'====== Args={'shot': 'rainey_multiball_ball_lock_e_target'}
2024-08-20 23:54:07,611 : INFO : EventManager : Event: ======'light_rainey_multiball_ball_lock_unlit_hit'====== Args={'shot': 'rainey_multiball_ball_lock_e_target'}
2024-08-20 23:54:07,687 : INFO : SwitchController : <<<<<<< 's_e_target' inactive >>>>>>>
2024-08-20 23:54:08,111 : INFO : EventManager : Event: ======'player_shot_rainey_multiball_ball_lock_p2_target'====== Args={'value': 0, 'prev_value': 1, 'change': -1, 'player_num': 1}
2024-08-20 23:54:08,114 : INFO : EventManager : Event: ======'player_shot_rainey_multiball_ball_lock_a_target'====== Args={'value': 0, 'prev_value': 1, 'change': -1, 'player_num': 1}
2024-08-20 23:54:08,116 : INFO : EventManager : Event: ======'player_shot_rainey_multiball_ball_lock_n_target'====== Args={'value': 0, 'prev_value': 1, 'change': -1, 'player_num': 1}
2024-08-20 23:54:08,117 : INFO : EventManager : Event: ======'player_shot_rainey_multiball_ball_lock_e_target'====== Args={'value': 0, 'prev_value': 1, 'change': -1, 'player_num': 1}
2024-08-20 23:54:08,118 : INFO : EventManager : Event: ======'light_rainey_multiball_ball_lock_complete'====== Args={'state': 'unlit'}
2024-08-20 23:54:08,118 : INFO : EventManager : Event: ======'light_rainey_multiball_ball_lock_unlit_complete'====== Args={}
2024-08-20 23:54:09,185 : INFO : SwitchController : <<<<<<< 's_center_spinner' active >>>>>>>
2024-08-20 23:54:09,186 : INFO : EventManager : Event: ======'s_center_spinner_active'====== Args={}
2024-08-20 23:54:09,186 : INFO : EventManager : Event: ======'machine_var_audits_switches_s_center_spinner'====== Args={'value': 275, 'prev_value': 274, 'change': 1}
2024-08-20 23:54:09,189 : INFO : EventManager : Event: ======'logicblock_mb_counter_updated'====== Args={'value': 1, 'enabled': True}
2024-08-20 23:54:09,189 : INFO : EventManager : Event: ======'counter_mb_counter_hit'====== Args={'count': 1, 'hits': 1, 'remaining': 2}
2024-08-20 23:54:09,189 : INFO : EventManager : Event: ======'logicblock_mb_counter_hit'====== Args={'count': 1, 'hits': 1, 'remaining': 2}
2024-08-20 23:54:09,190 : INFO : EventManager : Event: ======'player_score'====== Args={'value': 90300, 'prev_value': 90200, 'change': 100, 'player_num': 1, 'source': 'base'}
2024-08-20 23:54:09,304 : INFO : SwitchController : <<<<<<< 's_center_spinner' inactive >>>>>>>
2024-08-20 23:54:09,399 : INFO : SwitchController : <<<<<<< 's_center_spinner' active >>>>>>>
2024-08-20 23:54:09,399 : INFO : EventManager : Event: ======'s_center_spinner_active'====== Args={}
2024-08-20 23:54:09,399 : INFO : EventManager : Event: ======'machine_var_audits_switches_s_center_spinner'====== Args={'value': 276, 'prev_value': 275, 'change': 1}
2024-08-20 23:54:09,400 : INFO : EventManager : Event: ======'logicblock_mb_counter_updated'====== Args={'value': 2, 'enabled': True}
2024-08-20 23:54:09,400 : INFO : EventManager : Event: ======'counter_mb_counter_hit'====== Args={'count': 2, 'hits': 2, 'remaining': 1}
2024-08-20 23:54:09,400 : INFO : EventManager : Event: ======'logicblock_mb_counter_hit'====== Args={'count': 2, 'hits': 2, 'remaining': 1}
2024-08-20 23:54:09,400 : INFO : EventManager : Event: ======'player_score'====== Args={'value': 90400, 'prev_value': 90300, 'change': 100, 'player_num': 1, 'source': 'base'}
2024-08-20 23:54:09,500 : INFO : SwitchController : <<<<<<< 's_center_spinner' inactive >>>>>>>
2024-08-20 23:54:09,652 : INFO : SwitchController : <<<<<<< 's_center_spinner' active >>>>>>>
2024-08-20 23:54:09,652 : INFO : EventManager : Event: ======'s_center_spinner_active'====== Args={}
2024-08-20 23:54:09,653 : INFO : EventManager : Event: ======'machine_var_audits_switches_s_center_spinner'====== Args={'value': 277, 'prev_value': 276, 'change': 1}
2024-08-20 23:54:09,654 : INFO : EventManager : Event: ======'logicblock_mb_counter_updated'====== Args={'value': 3, 'enabled': True}
2024-08-20 23:54:09,655 : INFO : EventManager : Event: ======'counter_mb_counter_hit'====== Args={'count': 3, 'hits': 3, 'remaining': 0}
2024-08-20 23:54:09,655 : INFO : EventManager : Event: ======'logicblock_mb_counter_hit'====== Args={'count': 3, 'hits': 3, 'remaining': 0}
2024-08-20 23:54:09,656 : INFO : EventManager : Event: ======'logicblock_mb_counter_complete'====== Args={}
2024-08-20 23:54:09,656 : INFO : EventManager : Event: ======'logicblock_mb_counter_updated'====== Args={'value': 0, 'enabled': True}
2024-08-20 23:54:09,656 : INFO : EventManager : Event: ======'logicblock_mb_counter_updated'====== Args={'value': 0, 'enabled': False}
2024-08-20 23:54:09,656 : INFO : EventManager : Event: ======'player_score'====== Args={'value': 90500, 'prev_value': 90400, 'change': 100, 'player_num': 1, 'source': 'base'}
2024-08-20 23:54:09,657 : INFO : EventManager : Event: ======'balls_in_play'====== Args={'balls': 3}
2024-08-20 23:54:09,657 : INFO : ball_device.bd_plunger : Adding 2 ball(s) to the eject_queue with target <playfield.playfield>.
2024-08-20 23:54:09,658 : INFO : EventManager : Event: ======'balldevice_balls_available'====== Args={}
2024-08-20 23:54:09,658 : INFO : EventManager : Event: ======'balldevice_balls_available'====== Args={}
2024-08-20 23:54:09,659 : INFO : EventManager : Event: ======'ball_save_rainey_multiball_timer_start'====== Args={}
2024-08-20 23:54:09,659 : INFO : EventManager : Event: ======'multiball_rainey_multiball_started'====== Args={'balls': 3}
2024-08-20 23:54:09,662 : INFO : ball_device.bd_trough : State: waiting_for_target_ready
2024-08-20 23:54:09,662 : INFO : EventManager : Event: ======'balldevice_bd_trough_ball_eject_attempt'====== Args={'balls': 1, 'target': <ball_device.bd_plunger>, 'source': <ball_device.bd_trough>, 'mechanical_eject': False, 'num_attempts': 0}
2024-08-20 23:54:09,663 : INFO : ball_device.bd_plunger : State: waiting_for_ball
2024-08-20 23:54:09,663 : INFO : ball_device.bd_trough : State: ejecting
2024-08-20 23:54:09,663 : INFO : ball_device.bd_trough : Ejecting ball to <ball_device.bd_plunger>
2024-08-20 23:54:09,663 : INFO : EventManager : Event: ======'balldevice_bd_trough_ejecting_ball'====== Args={'balls': 1, 'target': <ball_device.bd_plunger>, 'source': <ball_device.bd_trough>, 'mechanical_eject': False, 'num_attempts': 0}
2024-08-20 23:54:09,670 : INFO : EventManager : Event: ======'slide_rainey_multiball_created'====== Args={'_from_bcp': True}
2024-08-20 23:54:09,670 : INFO : EventManager : Event: ======'slide_base_inactive'====== Args={'_from_bcp': True}
2024-08-20 23:54:09,671 : INFO : EventManager : Event: ======'slide_rainey_multiball_active'====== Args={'original_context': 'rainey_multiball', 'original_calling_context': 'multiball_rainey_multiball_started', 'cmd': 'slides_play', '_from_bcp': True}
2024-08-20 23:54:09,671 : INFO : ball_device.bd_trough : Wait for ball to leave device
2024-08-20 23:54:09,671 : INFO : coil.c_trough_eject : Pulsing Driver for 20ms (1.0 pulse_power)
2024-08-20 23:54:09,671 : INFO : SwitchController : <<<<<<< 's_trough2' inactive >>>>>>>
2024-08-20 23:54:09,672 : INFO : ball_device.bd_trough : State: ball_left
2024-08-20 23:54:09,672 : INFO : ball_device.bd_trough : Ball left
2024-08-20 23:54:09,672 : INFO : ball_device.bd_trough : Wait for confirm with timeout 3.0
2024-08-20 23:54:09,751 : INFO : SwitchController : <<<<<<< 's_center_spinner' inactive >>>>>>>
2024-08-20 23:54:09,765 : INFO : EventManager : Event: ======'stop_mode_skillshot'====== Args={'priority': 0}
2024-08-20 23:54:09,772 : INFO : SwitchController : <<<<<<< 's_plunger' active >>>>>>>
2024-08-20 23:54:09,772 : INFO : EventManager : Event: ======'machine_var_audits_switches_s_plunger'====== Args={'value': 1137, 'prev_value': 1136, 'change': 1}
2024-08-20 23:54:10,273 : INFO : ball_device.bd_plunger : Received ball from <ball_device.bd_trough>
2024-08-20 23:54:10,274 : INFO : EventManager : Event: ======'balldevice_bd_plunger_ball_enter'====== Args={'new_balls': 1, 'unclaimed_balls': 0, 'new_available_balls': 0, 'device': <ball_device.bd_plunger>}
2024-08-20 23:54:10,276 : INFO : EventManager : Event: ======'balldevice_bd_plunger_ball_entered'====== Args={'new_balls': 0, 'device': <ball_device.bd_plunger>}
2024-08-20 23:54:10,276 : INFO : EventManager : Event: ======'balldevice_bd_plunger_ball_count_changed'====== Args={'balls': 1}
2024-08-20 23:54:10,277 : INFO : ball_device.bd_trough : Got eject confirm
2024-08-20 23:54:10,277 : INFO : ball_device.bd_trough : Eject successful
2024-08-20 23:54:10,277 : INFO : EventManager : Event: ======'balldevice_bd_trough_ball_eject_success'====== Args={'balls': 1, 'target': <ball_device.bd_plunger>}
2024-08-20 23:54:10,278 : INFO : EventManager : Event: ======'balldevice_bd_trough_ball_count_changed'====== Args={'balls': 4}
2024-08-20 23:54:10,279 : INFO : ball_device.bd_trough : State: idle
2024-08-20 23:54:10,279 : INFO : ball_device.bd_plunger : State: waiting_for_target_ready
2024-08-20 23:54:10,279 : INFO : EventManager : Event: ======'balldevice_bd_plunger_ball_eject_attempt'====== Args={'balls': 1, 'target': <playfield.playfield>, 'source': <ball_device.bd_plunger>, 'mechanical_eject': False, 'num_attempts': 0}
2024-08-20 23:54:10,281 : INFO : ball_device.bd_plunger : State: ejecting
2024-08-20 23:54:10,281 : INFO : ball_device.bd_plunger : Ejecting ball to <playfield.playfield>
2024-08-20 23:54:10,281 : INFO : EventManager : Event: ======'balldevice_bd_plunger_ejecting_ball'====== Args={'balls': 1, 'target': <playfield.playfield>, 'source': <ball_device.bd_plunger>, 'mechanical_eject': False, 'num_attempts': 0}
2024-08-20 23:54:10,283 : INFO : ball_device.bd_trough : State: waiting_for_target_ready
2024-08-20 23:54:10,283 : INFO : EventManager : Event: ======'balldevice_bd_trough_ball_eject_attempt'====== Args={'balls': 1, 'target': <ball_device.bd_plunger>, 'source': <ball_device.bd_trough>, 'mechanical_eject': False, 'num_attempts': 0}
2024-08-20 23:54:10,283 : INFO : ball_device.bd_plunger : Wait for ball to leave device
2024-08-20 23:54:12,763 : INFO : EventManager : Event: ======'ball_save_default_hurry_up'====== Args={}
2024-08-20 23:54:13,284 : INFO : EventManager : Event: ======'balldevice_bd_plunger_ball_eject_failed'====== Args={'target': <playfield.playfield>, 'balls': 1, 'retry': True, 'num_attempts': 1}
2024-08-20 23:54:13,287 : INFO : ball_device.bd_plunger : State: waiting_for_target_ready
2024-08-20 23:54:13,287 : INFO : EventManager : Event: ======'balldevice_bd_plunger_ball_eject_attempt'====== Args={'balls': 1, 'target': <playfield.playfield>, 'source': <ball_device.bd_plunger>, 'mechanical_eject': False, 'num_attempts': 1}
2024-08-20 23:54:13,288 : INFO : ball_device.bd_plunger : State: ejecting
2024-08-20 23:54:13,288 : INFO : ball_device.bd_plunger : Ejecting ball to <playfield.playfield>
2024-08-20 23:54:13,288 : INFO : EventManager : Event: ======'balldevice_bd_plunger_ejecting_ball'====== Args={'balls': 1, 'target': <playfield.playfield>, 'source': <ball_device.bd_plunger>, 'mechanical_eject': False, 'num_attempts': 1}
2024-08-20 23:54:13,289 : INFO : ball_device.bd_plunger : Wait for ball to leave device
2024-08-20 23:54:14,764 : INFO : EventManager : Event: ======'ball_save_default_grace_period'====== Args={}
2024-08-20 23:54:16,291 : INFO : EventManager : Event: ======'balldevice_bd_plunger_ball_eject_failed'====== Args={'target': <playfield.playfield>, 'balls': 1, 'retry': True, 'num_attempts': 2}
2024-08-20 23:54:16,294 : INFO : ball_device.bd_plunger : State: waiting_for_target_ready
2024-08-20 23:54:16,294 : INFO : EventManager : Event: ======'balldevice_bd_plunger_ball_eject_attempt'====== Args={'balls': 1, 'target': <playfield.playfield>, 'source': <ball_device.bd_plunger>, 'mechanical_eject': False, 'num_attempts': 2}
2024-08-20 23:54:16,294 : INFO : ball_device.bd_plunger : State: ejecting
2024-08-20 23:54:16,295 : INFO : ball_device.bd_plunger : Ejecting ball to <playfield.playfield>
2024-08-20 23:54:16,295 : INFO : EventManager : Event: ======'balldevice_bd_plunger_ejecting_ball'====== Args={'balls': 1, 'target': <playfield.playfield>, 'source': <ball_device.bd_plunger>, 'mechanical_eject': False, 'num_attempts': 2}
2024-08-20 23:54:16,296 : INFO : ball_device.bd_plunger : Wait for ball to leave device
2024-08-20 23:54:16,762 : INFO : EventManager : Event: ======'ball_save_default_disabled'====== Args={}
2024-08-20 23:54:19,296 : INFO : EventManager : Event: ======'balldevice_bd_plunger_ball_eject_failed'====== Args={'target': <playfield.playfield>, 'balls': 1, 'retry': True, 'num_attempts': 3}
2024-08-20 23:54:19,299 : INFO : ball_device.bd_plunger : State: waiting_for_target_ready
2024-08-20 23:54:19,299 : INFO : EventManager : Event: ======'balldevice_bd_plunger_ball_eject_attempt'====== Args={'balls': 1, 'target': <playfield.playfield>, 'source': <ball_device.bd_plunger>, 'mechanical_eject': False, 'num_attempts': 3}
2024-08-20 23:54:19,300 : INFO : ball_device.bd_plunger : State: ejecting
2024-08-20 23:54:19,300 : INFO : ball_device.bd_plunger : Ejecting ball to <playfield.playfield>
2024-08-20 23:54:19,300 : INFO : EventManager : Event: ======'balldevice_bd_plunger_ejecting_ball'====== Args={'balls': 1, 'target': <playfield.playfield>, 'source': <ball_device.bd_plunger>, 'mechanical_eject': False, 'num_attempts': 3}
2024-08-20 23:54:19,301 : INFO : ball_device.bd_plunger : Wait for ball to leave device
2024-08-20 23:54:22,302 : INFO : EventManager : Event: ======'balldevice_bd_plunger_ball_eject_failed'====== Args={'target': <playfield.playfield>, 'balls': 1, 'retry': True, 'num_attempts': 4}
2024-08-20 23:54:22,305 : INFO : ball_device.bd_plunger : State: waiting_for_target_ready
2024-08-20 23:54:22,305 : INFO : EventManager : Event: ======'balldevice_bd_plunger_ball_eject_attempt'====== Args={'balls': 1, 'target': <playfield.playfield>, 'source': <ball_device.bd_plunger>, 'mechanical_eject': False, 'num_attempts': 4}
2024-08-20 23:54:22,306 : INFO : ball_device.bd_plunger : State: ejecting
2024-08-20 23:54:22,306 : INFO : ball_device.bd_plunger : Ejecting ball to <playfield.playfield>
2024-08-20 23:54:22,307 : INFO : EventManager : Event: ======'balldevice_bd_plunger_ejecting_ball'====== Args={'balls': 1, 'target': <playfield.playfield>, 'source': <ball_device.bd_plunger>, 'mechanical_eject': False, 'num_attempts': 4}
2024-08-20 23:54:22,308 : INFO : ball_device.bd_plunger : Wait for ball to leave device
2024-08-20 23:54:25,309 : INFO : EventManager : Event: ======'balldevice_bd_plunger_ball_eject_failed'====== Args={'target': <playfield.playfield>, 'balls': 1, 'retry': True, 'num_attempts': 5}
2024-08-20 23:54:25,312 : INFO : ball_device.bd_plunger : State: waiting_for_target_ready
2024-08-20 23:54:25,312 : INFO : EventManager : Event: ======'balldevice_bd_plunger_ball_eject_attempt'====== Args={'balls': 1, 'target': <playfield.playfield>, 'source': <ball_device.bd_plunger>, 'mechanical_eject': False, 'num_attempts': 5}
2024-08-20 23:54:25,314 : INFO : ball_device.bd_plunger : State: ejecting
2024-08-20 23:54:25,314 : INFO : ball_device.bd_plunger : Ejecting ball to <playfield.playfield>
2024-08-20 23:54:25,315 : INFO : EventManager : Event: ======'balldevice_bd_plunger_ejecting_ball'====== Args={'balls': 1, 'target': <playfield.playfield>, 'source': <ball_device.bd_plunger>, 'mechanical_eject': False, 'num_attempts': 5}
2024-08-20 23:54:25,316 : INFO : ball_device.bd_plunger : Wait for ball to leave device
2024-08-20 23:54:28,317 : INFO : EventManager : Event: ======'balldevice_bd_plunger_ball_eject_failed'====== Args={'target': <playfield.playfield>, 'balls': 1, 'retry': True, 'num_attempts': 6}
2024-08-20 23:54:28,317 : INFO : ball_device.bd_plunger : State: waiting_for_target_ready
2024-08-20 23:54:28,317 : INFO : EventManager : Event: ======'balldevice_bd_plunger_ball_eject_attempt'====== Args={'balls': 1, 'target': <playfield.playfield>, 'source': <ball_device.bd_plunger>, 'mechanical_eject': False, 'num_attempts': 6}
2024-08-20 23:54:28,318 : INFO : ball_device.bd_plunger : State: ejecting
2024-08-20 23:54:28,318 : INFO : ball_device.bd_plunger : Ejecting ball to <playfield.playfield>
2024-08-20 23:54:28,318 : INFO : EventManager : Event: ======'balldevice_bd_plunger_ejecting_ball'====== Args={'balls': 1, 'target': <playfield.playfield>, 'source': <ball_device.bd_plunger>, 'mechanical_eject': False, 'num_attempts': 6}
2024-08-20 23:54:28,318 : INFO : ball_device.bd_plunger : Wait for ball to leave device
2024-08-20 23:54:31,320 : INFO : EventManager : Event: ======'balldevice_bd_plunger_ball_eject_failed'====== Args={'target': <playfield.playfield>, 'balls': 1, 'retry': True, 'num_attempts': 7}
2024-08-20 23:54:31,323 : INFO : ball_device.bd_plunger : State: waiting_for_target_ready
2024-08-20 23:54:31,323 : INFO : EventManager : Event: ======'balldevice_bd_plunger_ball_eject_attempt'====== Args={'balls': 1, 'target': <playfield.playfield>, 'source': <ball_device.bd_plunger>, 'mechanical_eject': False, 'num_attempts': 7}
2024-08-20 23:54:31,324 : INFO : ball_device.bd_plunger : State: ejecting
2024-08-20 23:54:31,324 : INFO : ball_device.bd_plunger : Ejecting ball to <playfield.playfield>
2024-08-20 23:54:31,325 : INFO : EventManager : Event: ======'balldevice_bd_plunger_ejecting_ball'====== Args={'balls': 1, 'target': <playfield.playfield>, 'source': <ball_device.bd_plunger>, 'mechanical_eject': False, 'num_attempts': 7}
2024-08-20 23:54:31,326 : INFO : ball_device.bd_plunger : Wait for ball to leave device
2024-08-20 23:54:34,327 : INFO : EventManager : Event: ======'balldevice_bd_plunger_ball_eject_failed'====== Args={'target': <playfield.playfield>, 'balls': 1, 'retry': True, 'num_attempts': 8}
2024-08-20 23:54:34,330 : INFO : ball_device.bd_plunger : State: waiting_for_target_ready
2024-08-20 23:54:34,330 : INFO : EventManager : Event: ======'balldevice_bd_plunger_ball_eject_attempt'====== Args={'balls': 1, 'target': <playfield.playfield>, 'source': <ball_device.bd_plunger>, 'mechanical_eject': False, 'num_attempts': 8}
2024-08-20 23:54:34,331 : INFO : ball_device.bd_plunger : State: ejecting
2024-08-20 23:54:34,332 : INFO : ball_device.bd_plunger : Ejecting ball to <playfield.playfield>
2024-08-20 23:54:34,332 : INFO : EventManager : Event: ======'balldevice_bd_plunger_ejecting_ball'====== Args={'balls': 1, 'target': <playfield.playfield>, 'source': <ball_device.bd_plunger>, 'mechanical_eject': False, 'num_attempts': 8}
2024-08-20 23:54:34,334 : INFO : ball_device.bd_plunger : Wait for ball to leave device
2024-08-20 23:54:37,336 : INFO : EventManager : Event: ======'balldevice_bd_plunger_ball_eject_failed'====== Args={'target': <playfield.playfield>, 'balls': 1, 'retry': True, 'num_attempts': 9}
2024-08-20 23:54:37,339 : INFO : ball_device.bd_plunger : State: waiting_for_target_ready
2024-08-20 23:54:37,340 : INFO : EventManager : Event: ======'balldevice_bd_plunger_ball_eject_attempt'====== Args={'balls': 1, 'target': <playfield.playfield>, 'source': <ball_device.bd_plunger>, 'mechanical_eject': False, 'num_attempts': 9}
2024-08-20 23:54:37,341 : INFO : ball_device.bd_plunger : State: ejecting
2024-08-20 23:54:37,341 : INFO : ball_device.bd_plunger : Ejecting ball to <playfield.playfield>
2024-08-20 23:54:37,341 : INFO : EventManager : Event: ======'balldevice_bd_plunger_ejecting_ball'====== Args={'balls': 1, 'target': <playfield.playfield>, 'source': <ball_device.bd_plunger>, 'mechanical_eject': False, 'num_attempts': 9}
2024-08-20 23:54:37,343 : INFO : ball_device.bd_plunger : Wait for ball to leave device
2024-08-20 23:54:39,328 : INFO : Machine : Shutting down...
2024-08-20 23:54:39,328 : INFO : EventManager : Event: ======'shutdown'====== Args={}
2024-08-20 23:54:39,332 : INFO : EventManager : Event: ======'mode_game_will_stop'====== Args={}
2024-08-20 23:54:39,332 : INFO : EventManager : Event: ======'mode_game_stopping'====== Args={}
2024-08-20 23:54:39,333 : INFO : EventManager : Event: ======'mode_rainey_multiball_will_stop'====== Args={}
2024-08-20 23:54:39,333 : INFO : EventManager : Event: ======'mode_rainey_multiball_stopping'====== Args={}
2024-08-20 23:54:39,333 : INFO : EventManager : Event: ======'mode_BBQ_rollover_will_stop'====== Args={}
2024-08-20 23:54:39,333 : INFO : EventManager : Event: ======'mode_BBQ_rollover_stopping'====== Args={}
2024-08-20 23:54:39,333 : INFO : EventManager : Event: ======'mode_extra_ball_will_stop'====== Args={}
2024-08-20 23:54:39,333 : INFO : EventManager : Event: ======'mode_extra_ball_stopping'====== Args={}
2024-08-20 23:54:39,333 : INFO : EventManager : Event: ======'mode_hank_rollover_will_stop'====== Args={}
2024-08-20 23:54:39,333 : INFO : EventManager : Event: ======'mode_hank_rollover_stopping'====== Args={}
2024-08-20 23:54:39,334 : INFO : EventManager : Event: ======'mode_base_will_stop'====== Args={}
2024-08-20 23:54:39,334 : INFO : EventManager : Event: ======'mode_base_stopping'====== Args={}
2024-08-20 23:54:39,334 : INFO : Mode.base : Stopped.
2024-08-20 23:54:39,334 : INFO : EventManager : Event: ======'modes_active_modes_changed'====== Args={}
2024-08-20 23:54:39,335 : INFO : EventManager : Event: ======'mode_base_stopped'====== Args={}
2024-08-20 23:54:39,335 : INFO : EventManager : Event: ======'clear'====== Args={'key': 'base'}
2024-08-20 23:54:39,338 : INFO : Mode.hank_rollover : Stopped.
2024-08-20 23:54:39,338 : INFO : EventManager : Event: ======'modes_active_modes_changed'====== Args={}
2024-08-20 23:54:39,338 : INFO : EventManager : Event: ======'mode_hank_rollover_stopped'====== Args={}
2024-08-20 23:54:39,338 : INFO : EventManager : Event: ======'clear'====== Args={'key': 'hank_rollover'}
2024-08-20 23:54:39,339 : INFO : Mode.extra_ball : Stopped.
2024-08-20 23:54:39,339 : INFO : EventManager : Event: ======'modes_active_modes_changed'====== Args={}
2024-08-20 23:54:39,340 : INFO : EventManager : Event: ======'mode_extra_ball_stopped'====== Args={}
2024-08-20 23:54:39,340 : INFO : EventManager : Event: ======'clear'====== Args={'key': 'extra_ball'}
2024-08-20 23:54:39,340 : INFO : Mode.BBQ_rollover : Stopped.
2024-08-20 23:54:39,340 : INFO : EventManager : Event: ======'modes_active_modes_changed'====== Args={}
2024-08-20 23:54:39,342 : INFO : EventManager : Event: ======'mode_BBQ_rollover_stopped'====== Args={}
2024-08-20 23:54:39,342 : INFO : EventManager : Event: ======'clear'====== Args={'key': 'BBQ_rollover'}
2024-08-20 23:54:39,343 : INFO : Mode.rainey_multiball : Stopped.
2024-08-20 23:54:39,343 : INFO : EventManager : Event: ======'modes_active_modes_changed'====== Args={}
2024-08-20 23:54:39,343 : INFO : EventManager : Event: ======'mode_rainey_multiball_stopped'====== Args={}
2024-08-20 23:54:39,344 : INFO : EventManager : Event: ======'clear'====== Args={'key': 'rainey_multiball'}
2024-08-20 23:54:39,344 : INFO : EventManager : Event: ======'multiball_rainey_multiball_shoot_again_ended'====== Args={}
2024-08-20 23:54:39,346 : INFO : Mode.game : Stopped.
2024-08-20 23:54:39,346 : INFO : EventManager : Event: ======'modes_active_modes_changed'====== Args={}
2024-08-20 23:54:39,346 : INFO : EventManager : Event: ======'mode_game_stopped'====== Args={}
2024-08-20 23:54:39,346 : INFO : EventManager : Event: ======'clear'====== Args={'key': 'game'}
2024-08-20 23:54:39,349 : INFO : root : MPF run loop ended.
