2024-07-14 17:24:55,970 : INFO : root : Loading config.
2024-07-14 17:24:55,971 : INFO : YamlMultifileConfigLoader : Machine config file #1: config.yaml
2024-07-14 17:24:55,972 : INFO : ConfigProcessor : Loading config from cache: /var/folders/sv/d29kcl5x50v7vt1n6xb5jsd40000gn/T/c166cef8060ffee16a35821bf698da85.mpf_cache
2024-07-14 17:24:56,003 : INFO : ConfigProcessor : Loading config from cache: /var/folders/sv/d29kcl5x50v7vt1n6xb5jsd40000gn/T/6b31c5ac6ecbad948994a8204ea6b05b.mpf_cache
2024-07-14 17:24:56,003 : INFO : ConfigProcessor : Loading config from cache: /var/folders/sv/d29kcl5x50v7vt1n6xb5jsd40000gn/T/fe612d1e66c8a96c19ba449d3748eeac.mpf_cache
2024-07-14 17:24:56,003 : INFO : ConfigProcessor : Loading config from cache: /var/folders/sv/d29kcl5x50v7vt1n6xb5jsd40000gn/T/6b31c5ac6ecbad948994a8204ea6b05b.mpf_cache
2024-07-14 17:24:56,003 : INFO : ConfigProcessor : Loading config from cache: /var/folders/sv/d29kcl5x50v7vt1n6xb5jsd40000gn/T/8765227693ecd961e0504502a81255e0.mpf_cache
2024-07-14 17:24:56,003 : INFO : ConfigProcessor : Loading config from cache: /var/folders/sv/d29kcl5x50v7vt1n6xb5jsd40000gn/T/b247728c74b4d81bcb2825e2b07062a7.mpf_cache
2024-07-14 17:24:56,004 : WARNING : ConfigProcessor : Config file in cache changed: /Users/nicktaseris/Desktop/Pinball/KOTH/modes/skillshot/config/skillshot.yaml
2024-07-14 17:24:56,004 : INFO : ConfigProcessor : Loading config from file /Users/nicktaseris/Desktop/Pinball/KOTH/modes/skillshot/config/skillshot.yaml.
2024-07-14 17:24:56,006 : INFO : ConfigProcessor : Loading config: /Users/nicktaseris/Desktop/Pinball/KOTH/modes/skillshot/config/skillshot.yaml
2024-07-14 17:24:56,006 : INFO : ConfigProcessor : Config file cache created: /var/folders/sv/d29kcl5x50v7vt1n6xb5jsd40000gn/T/f240f94f0b5d0f37ec4fd7571275a101.mpf_cache
2024-07-14 17:24:56,006 : INFO : ConfigProcessor : Loading config from cache: /var/folders/sv/d29kcl5x50v7vt1n6xb5jsd40000gn/T/c4409acfdf3ec94666e0adef48d55400.mpf_cache
2024-07-14 17:24:56,006 : INFO : ConfigProcessor : Loading config from cache: /var/folders/sv/d29kcl5x50v7vt1n6xb5jsd40000gn/T/6a2f50ed892485825cc04dc0a68eab9f.mpf_cache
2024-07-14 17:24:56,006 : INFO : ConfigProcessor : Loading config from cache: /var/folders/sv/d29kcl5x50v7vt1n6xb5jsd40000gn/T/d58c58eb9fd1a2dc27f8acd255fb3761.mpf_cache
2024-07-14 17:24:56,007 : INFO : ConfigProcessor : Loading config from cache: /var/folders/sv/d29kcl5x50v7vt1n6xb5jsd40000gn/T/07adfd310b3ef0e03c5cbc91527abb6c.mpf_cache
2024-07-14 17:24:56,007 : INFO : ConfigProcessor : Loading config from cache: /var/folders/sv/d29kcl5x50v7vt1n6xb5jsd40000gn/T/12bd5247c3bf989b919364bdb7829769.mpf_cache
2024-07-14 17:24:56,007 : INFO : ConfigProcessor : Loading config from cache: /var/folders/sv/d29kcl5x50v7vt1n6xb5jsd40000gn/T/362e08f51a1a1b7a0809dd52f9c83f83.mpf_cache
2024-07-14 17:24:56,007 : INFO : ConfigProcessor : Loading config from cache: /var/folders/sv/d29kcl5x50v7vt1n6xb5jsd40000gn/T/e45e3bd39557ed8d0881194a7afab8f7.mpf_cache
2024-07-14 17:24:56,007 : INFO : ConfigProcessor : Loading config from cache: /var/folders/sv/d29kcl5x50v7vt1n6xb5jsd40000gn/T/331d8d1a1bc190cae8c13495e1db372f.mpf_cache
2024-07-14 17:24:56,007 : INFO : ConfigProcessor : Loading config from cache: /var/folders/sv/d29kcl5x50v7vt1n6xb5jsd40000gn/T/34853b7ed6df3aedbba239874ade5ac8.mpf_cache
2024-07-14 17:24:56,007 : INFO : ConfigProcessor : Loading config from cache: /var/folders/sv/d29kcl5x50v7vt1n6xb5jsd40000gn/T/280fd64455d0d243a54ab4db98fbccbd.mpf_cache
2024-07-14 17:24:56,008 : INFO : ConfigProcessor : Loading config from cache: /var/folders/sv/d29kcl5x50v7vt1n6xb5jsd40000gn/T/0c0596ed8fbb40b6113901d21bdc0a39.mpf_cache
2024-07-14 17:24:56,008 : INFO : ConfigProcessor : Loading config from cache: /var/folders/sv/d29kcl5x50v7vt1n6xb5jsd40000gn/T/3048ed2d7ea14eee3db896f6760aa474.mpf_cache
2024-07-14 17:24:56,008 : INFO : Machine : Mission Pinball Framework Core Engine v0.80.0.dev1
2024-07-14 17:24:56,008 : INFO : Machine : Command line arguments: {'no_load_cache': False, 'create_config_cache': True, 'bcp': True, 'configfile': ['config.yaml'], 'force_assets_load': False, 'platform_integration_test': False, 'jsonlogging': False, 'logfile': 'logs/2024-07-14-17-24-55-mpf-Nicks-MacBook-Air.local.log', 'pause': False, 'production': False, 'text_ui': True, 'loglevel': 15, 'consoleloglevel': 20, 'force_platform': None, 'syslog_address': None, 'mc_file_name': None, 'no_sound': False, 'full_logfile_path': '/Users/nicktaseris/Desktop/Pinball/KOTH/logs/2024-07-14-17-24-55-mpf-Nicks-MacBook-Air.local.log'}
2024-07-14 17:24:56,008 : INFO : Machine : MPF path: /Users/nicktaseris/mpfenv/lib/python3.9/site-packages/mpf
2024-07-14 17:24:56,008 : INFO : Machine : Machine path: /Users/nicktaseris/Desktop/Pinball/KOTH
2024-07-14 17:24:56,008 : INFO : Machine : Platform: darwin
2024-07-14 17:24:56,008 : INFO : Machine : Python executable location: /Users/nicktaseris/mpfenv/bin/python3
2024-07-14 17:24:56,008 : INFO : Machine : Python version: 3.9.13 (64-bit)
2024-07-14 17:24:56,009 : INFO : Machine : Initializing MPF...
2024-07-14 17:24:56,033 : INFO : EventManager : Event: ======'machine_var_credits_string'====== Args={'value': 'FREE PLAY', 'prev_value': None, 'change': True}
2024-07-14 17:24:56,046 : INFO : EventManager : Event: ======'machine_var_master_volume'====== Args={'value': 0.5, 'prev_value': None, 'change': True}
2024-07-14 17:24:56,046 : INFO : EventManager : Event: ======'machine_var_player1_score'====== Args={'value': 370600, 'prev_value': None, 'change': True}
2024-07-14 17:24:56,046 : INFO : EventManager : Event: ======'machine_var_mpf_version'====== Args={'value': 'Mission Pinball Framework v0.80.0.dev1', 'prev_value': None, 'change': True}
2024-07-14 17:24:56,046 : INFO : EventManager : Event: ======'machine_var_mpf_extended_version'====== Args={'value': 'Mission Pinball Framework v0.80.0.dev1, Config version:6, Show version: 6, BCP version:1.1', 'prev_value': None, 'change': True}
2024-07-14 17:24:56,046 : INFO : EventManager : Event: ======'machine_var_python_version'====== Args={'value': '3.9.13', 'prev_value': None, 'change': True}
2024-07-14 17:24:56,053 : INFO : EventManager : Event: ======'machine_var_platform'====== Args={'value': 'macOS-12.1-arm64-arm-64bit', 'prev_value': None, 'change': True}
2024-07-14 17:24:56,053 : INFO : EventManager : Event: ======'machine_var_platform_system'====== Args={'value': 'Darwin', 'prev_value': None, 'change': True}
2024-07-14 17:24:56,053 : INFO : EventManager : Event: ======'machine_var_platform_release'====== Args={'value': '21.2.0', 'prev_value': None, 'change': True}
2024-07-14 17:24:56,054 : INFO : EventManager : Event: ======'machine_var_platform_version'====== Args={'value': 'Darwin Kernel Version 21.2.0: Sun Nov 28 20:29:10 PST 2021; root:xnu-8019.61.5~1/RELEASE_ARM64_T8101', 'prev_value': None, 'change': True}
2024-07-14 17:24:56,054 : INFO : EventManager : Event: ======'machine_var_platform_machine'====== Args={'value': 'arm64', 'prev_value': None, 'change': True}
2024-07-14 17:24:56,054 : INFO : EventManager : Event: ======'machine_var_log_file_path'====== Args={'value': '/Users/nicktaseris/Desktop/Pinball/KOTH/logs/2024-07-14-17-24-55-mpf-Nicks-MacBook-Air.local.log', 'prev_value': None, 'change': True}
2024-07-14 17:24:56,054 : INFO : EventManager : Event: ======'init_phase_1'====== Args={}
2024-07-14 17:24:56,069 : INFO : EventManager : Event: ======'drop_target_bank_strickland_bank_up'====== Args={}
2024-07-14 17:24:56,070 : INFO : EventManager : Event: ======'init_phase_2'====== Args={}
2024-07-14 17:24:56,070 : INFO : SwitchController : Found active switch: ('39', <Platform.SmartVirtual>) <switch.s_trough1>
2024-07-14 17:24:56,070 : INFO : SwitchController : Found active switch: ('40', <Platform.SmartVirtual>) <switch.s_trough2>
2024-07-14 17:24:56,070 : INFO : SwitchController : Found active switch: ('41', <Platform.SmartVirtual>) <switch.s_trough3>
2024-07-14 17:24:56,070 : INFO : SwitchController : Found active switch: ('42', <Platform.SmartVirtual>) <switch.s_trough4>
2024-07-14 17:24:56,070 : INFO : SwitchController : Found active switch: ('43', <Platform.SmartVirtual>) <switch.s_trough5>
2024-07-14 17:24:56,070 : INFO : SwitchController : Found active switch: ('44', <Platform.SmartVirtual>) <switch.s_trough6>
2024-07-14 17:24:56,073 : INFO : EventManager : Event: ======'bcp_connection_attempt'====== Args={'name': 'local_display', 'host': 'localhost', 'port': 5050}
2024-07-14 17:24:56,074 : INFO : BCPClientSocket : Connecting BCP to 'local_display' at localhost:5050...
2024-07-14 17:24:56,076 : INFO : BCPClientSocket : Connected BCP to 'local_display' localhost:5050
2024-07-14 17:24:56,077 : INFO : EventManager : Event: ======'bcp_clients_connected'====== Args={}
2024-07-14 17:24:56,078 : INFO : ball_device.bd_trough : BCH: Initial count: 6
2024-07-14 17:24:56,078 : INFO : ball_device.bd_trough : State: idle
2024-07-14 17:24:56,078 : INFO : ball_device.bd_plunger : BCH: Initial count: 0
2024-07-14 17:24:56,078 : INFO : ball_device.bd_plunger : State: idle
2024-07-14 17:24:56,078 : INFO : ball_device.bd_scoop : BCH: Initial count: 0
2024-07-14 17:24:56,079 : INFO : ball_device.bd_scoop : State: idle
2024-07-14 17:24:56,083 : INFO : EventManager : Event: ======'init_phase_3'====== Args={}
2024-07-14 17:24:56,086 : INFO : EventManager : Event: ======'init_phase_4'====== Args={}
2024-07-14 17:24:56,086 : INFO : BallController : Initial balls found: 6
2024-07-14 17:24:56,086 : INFO : EventManager : Event: ======'machine_var_audits_events_game_ended'====== Args={'value': 3, 'prev_value': None, 'change': True}
2024-07-14 17:24:56,086 : INFO : EventManager : Event: ======'machine_var_audits_events_game_started'====== Args={'value': 310, 'prev_value': None, 'change': True}
2024-07-14 17:24:56,086 : INFO : EventManager : Event: ======'machine_var_audits_missing_switches_s_bottom_inline_drop'====== Args={'value': 55, 'prev_value': None, 'change': True}
2024-07-14 17:24:56,086 : INFO : EventManager : Event: ======'machine_var_audits_missing_switches_s_bottom_pop_bumper'====== Args={'value': 11, 'prev_value': None, 'change': True}
2024-07-14 17:24:56,086 : INFO : EventManager : Event: ======'machine_var_audits_missing_switches_s_center_spinner'====== Args={'value': 57, 'prev_value': None, 'change': True}
2024-07-14 17:24:56,086 : INFO : EventManager : Event: ======'machine_var_audits_missing_switches_s_e_target'====== Args={'value': 7, 'prev_value': None, 'change': True}
2024-07-14 17:24:56,087 : INFO : EventManager : Event: ======'machine_var_audits_missing_switches_s_left_flipper'====== Args={'value': 29, 'prev_value': None, 'change': True}
2024-07-14 17:24:56,087 : INFO : EventManager : Event: ======'machine_var_audits_missing_switches_s_left_inlane'====== Args={'value': 188, 'prev_value': None, 'change': True}
2024-07-14 17:24:56,087 : INFO : EventManager : Event: ======'machine_var_audits_missing_switches_s_left_inner_horseshoe'====== Args={'value': 66, 'prev_value': None, 'change': True}
2024-07-14 17:24:56,087 : INFO : EventManager : Event: ======'machine_var_audits_missing_switches_s_left_orbit_enter'====== Args={'value': 225, 'prev_value': None, 'change': True}
2024-07-14 17:24:56,087 : INFO : EventManager : Event: ======'machine_var_audits_missing_switches_s_left_orbit_exit'====== Args={'value': 66, 'prev_value': None, 'change': True}
2024-07-14 17:24:56,087 : INFO : EventManager : Event: ======'machine_var_audits_missing_switches_s_left_outlane'====== Args={'value': 185, 'prev_value': None, 'change': True}
2024-07-14 17:24:56,087 : INFO : EventManager : Event: ======'machine_var_audits_missing_switches_s_left_pop_bumper'====== Args={'value': 261, 'prev_value': None, 'change': True}
2024-07-14 17:24:56,087 : INFO : EventManager : Event: ======'machine_var_audits_missing_switches_s_left_ramp_enter'====== Args={'value': 124, 'prev_value': None, 'change': True}
2024-07-14 17:24:56,087 : INFO : EventManager : Event: ======'machine_var_audits_missing_switches_s_left_ramp_exit'====== Args={'value': 188, 'prev_value': None, 'change': True}
2024-07-14 17:24:56,087 : INFO : EventManager : Event: ======'machine_var_audits_missing_switches_s_left_ramp_standup'====== Args={'value': 13, 'prev_value': None, 'change': True}
2024-07-14 17:24:56,087 : INFO : EventManager : Event: ======'machine_var_audits_missing_switches_s_left_rollover_lane'====== Args={'value': 13, 'prev_value': None, 'change': True}
2024-07-14 17:24:56,087 : INFO : EventManager : Event: ======'machine_var_audits_missing_switches_s_left_sling'====== Args={'value': 250, 'prev_value': None, 'change': True}
2024-07-14 17:24:56,087 : INFO : EventManager : Event: ======'machine_var_audits_missing_switches_s_left_spinner'====== Args={'value': 199, 'prev_value': None, 'change': True}
2024-07-14 17:24:56,087 : INFO : EventManager : Event: ======'machine_var_audits_missing_switches_s_middle_inline_drop'====== Args={'value': 55, 'prev_value': None, 'change': True}
2024-07-14 17:24:56,087 : INFO : EventManager : Event: ======'machine_var_audits_missing_switches_s_middle_rollover_lane'====== Args={'value': 13, 'prev_value': None, 'change': True}
2024-07-14 17:24:56,087 : INFO : EventManager : Event: ======'machine_var_audits_missing_switches_s_o_target'====== Args={'value': 3, 'prev_value': None, 'change': True}
2024-07-14 17:24:56,087 : INFO : EventManager : Event: ======'machine_var_audits_missing_switches_s_p2_target'====== Args={'value': 2, 'prev_value': None, 'change': True}
2024-07-14 17:24:56,087 : INFO : EventManager : Event: ======'machine_var_audits_missing_switches_s_p_target'====== Args={'value': 4, 'prev_value': None, 'change': True}
2024-07-14 17:24:56,087 : INFO : EventManager : Event: ======'machine_var_audits_missing_switches_s_r_target'====== Args={'value': 4, 'prev_value': None, 'change': True}
2024-07-14 17:24:56,088 : INFO : EventManager : Event: ======'machine_var_audits_missing_switches_s_right_flipper'====== Args={'value': 13, 'prev_value': None, 'change': True}
2024-07-14 17:24:56,088 : INFO : EventManager : Event: ======'machine_var_audits_missing_switches_s_right_inlane'====== Args={'value': 261, 'prev_value': None, 'change': True}
2024-07-14 17:24:56,088 : INFO : EventManager : Event: ======'machine_var_audits_missing_switches_s_right_inner_horseshoe'====== Args={'value': 40, 'prev_value': None, 'change': True}
2024-07-14 17:24:56,088 : INFO : EventManager : Event: ======'machine_var_audits_missing_switches_s_right_orbit_exit'====== Args={'value': 53, 'prev_value': None, 'change': True}
2024-07-14 17:24:56,088 : INFO : EventManager : Event: ======'machine_var_audits_missing_switches_s_right_outlane'====== Args={'value': 261, 'prev_value': None, 'change': True}
2024-07-14 17:24:56,088 : INFO : EventManager : Event: ======'machine_var_audits_missing_switches_s_right_pop_bumper'====== Args={'value': 14, 'prev_value': None, 'change': True}
2024-07-14 17:24:56,088 : INFO : EventManager : Event: ======'machine_var_audits_missing_switches_s_right_ramp_enter'====== Args={'value': 15, 'prev_value': None, 'change': True}
2024-07-14 17:24:56,088 : INFO : EventManager : Event: ======'machine_var_audits_missing_switches_s_right_ramp_exit'====== Args={'value': 15, 'prev_value': None, 'change': True}
2024-07-14 17:24:56,088 : INFO : EventManager : Event: ======'machine_var_audits_missing_switches_s_right_ramp_standup'====== Args={'value': 13, 'prev_value': None, 'change': True}
2024-07-14 17:24:56,088 : INFO : EventManager : Event: ======'machine_var_audits_missing_switches_s_right_rollover_lane'====== Args={'value': 13, 'prev_value': None, 'change': True}
2024-07-14 17:24:56,088 : INFO : EventManager : Event: ======'machine_var_audits_missing_switches_s_right_sling'====== Args={'value': 261, 'prev_value': None, 'change': True}
2024-07-14 17:24:56,088 : INFO : EventManager : Event: ======'machine_var_audits_missing_switches_s_scoop'====== Args={'value': 4, 'prev_value': None, 'change': True}
2024-07-14 17:24:56,088 : INFO : EventManager : Event: ======'machine_var_audits_missing_switches_s_start'====== Args={'value': 5, 'prev_value': None, 'change': True}
2024-07-14 17:24:56,088 : INFO : EventManager : Event: ======'machine_var_audits_missing_switches_s_top_inline_drop'====== Args={'value': 55, 'prev_value': None, 'change': True}
2024-07-14 17:24:56,089 : INFO : EventManager : Event: ======'machine_var_audits_missing_switches_s_trough1'====== Args={'value': 13, 'prev_value': None, 'change': True}
2024-07-14 17:24:56,089 : INFO : EventManager : Event: ======'machine_var_audits_missing_switches_s_trough2'====== Args={'value': 187, 'prev_value': None, 'change': True}
2024-07-14 17:24:56,089 : INFO : EventManager : Event: ======'machine_var_audits_missing_switches_s_trough3'====== Args={'value': 265, 'prev_value': None, 'change': True}
2024-07-14 17:24:56,089 : INFO : EventManager : Event: ======'machine_var_audits_missing_switches_s_trough4'====== Args={'value': 265, 'prev_value': None, 'change': True}
2024-07-14 17:24:56,089 : INFO : EventManager : Event: ======'machine_var_audits_missing_switches_s_trough5'====== Args={'value': 265, 'prev_value': None, 'change': True}
2024-07-14 17:24:56,089 : INFO : EventManager : Event: ======'machine_var_audits_missing_switches_s_trough6'====== Args={'value': 265, 'prev_value': None, 'change': True}
2024-07-14 17:24:56,089 : INFO : EventManager : Event: ======'machine_var_audits_missing_switches_s_trough_jam'====== Args={'value': 198, 'prev_value': None, 'change': True}
2024-07-14 17:24:56,089 : INFO : EventManager : Event: ======'machine_var_audits_player_score'====== Args={'value': {'average': 92899, 'top': [370600, 400, 300, 250], 'total': 4}, 'prev_value': None, 'change': True}
2024-07-14 17:24:56,089 : INFO : EventManager : Event: ======'machine_var_audits_shots_a_target'====== Args={'value': 7, 'prev_value': None, 'change': True}
2024-07-14 17:24:56,089 : INFO : EventManager : Event: ======'machine_var_audits_shots_e_target'====== Args={'value': 3, 'prev_value': None, 'change': True}
2024-07-14 17:24:56,089 : INFO : EventManager : Event: ======'machine_var_audits_shots_left_rollover_lane'====== Args={'value': 109, 'prev_value': None, 'change': True}
2024-07-14 17:24:56,089 : INFO : EventManager : Event: ======'machine_var_audits_shots_middle_rollover_lane'====== Args={'value': 106, 'prev_value': None, 'change': True}
2024-07-14 17:24:56,090 : INFO : EventManager : Event: ======'machine_var_audits_shots_n_target'====== Args={'value': 9, 'prev_value': None, 'change': True}
2024-07-14 17:24:56,090 : INFO : EventManager : Event: ======'machine_var_audits_shots_o_target'====== Args={'value': 4, 'prev_value': None, 'change': True}
2024-07-14 17:24:56,090 : INFO : EventManager : Event: ======'machine_var_audits_shots_p2_target'====== Args={'value': 5, 'prev_value': None, 'change': True}
2024-07-14 17:24:56,090 : INFO : EventManager : Event: ======'machine_var_audits_shots_p_target'====== Args={'value': 8, 'prev_value': None, 'change': True}
2024-07-14 17:24:56,090 : INFO : EventManager : Event: ======'machine_var_audits_shots_qualify_o_target'====== Args={'value': 36, 'prev_value': None, 'change': True}
2024-07-14 17:24:56,090 : INFO : EventManager : Event: ======'machine_var_audits_shots_qualify_p_target'====== Args={'value': 31, 'prev_value': None, 'change': True}
2024-07-14 17:24:56,090 : INFO : EventManager : Event: ======'machine_var_audits_shots_qualify_r_target'====== Args={'value': 66, 'prev_value': None, 'change': True}
2024-07-14 17:24:56,090 : INFO : EventManager : Event: ======'machine_var_audits_shots_r_target'====== Args={'value': 14, 'prev_value': None, 'change': True}
2024-07-14 17:24:56,090 : INFO : EventManager : Event: ======'machine_var_audits_shots_right_rollover_lane'====== Args={'value': 109, 'prev_value': None, 'change': True}
2024-07-14 17:24:56,090 : INFO : EventManager : Event: ======'machine_var_audits_shots_skillshot_a_target'====== Args={'value': 36, 'prev_value': None, 'change': True}
2024-07-14 17:24:56,090 : INFO : EventManager : Event: ======'machine_var_audits_shots_skillshot_e_target'====== Args={'value': 20, 'prev_value': None, 'change': True}
2024-07-14 17:24:56,091 : INFO : EventManager : Event: ======'machine_var_audits_shots_skillshot_n_target'====== Args={'value': 21, 'prev_value': None, 'change': True}
2024-07-14 17:24:56,091 : INFO : EventManager : Event: ======'machine_var_audits_shots_skillshot_o_target'====== Args={'value': 5, 'prev_value': None, 'change': True}
2024-07-14 17:24:56,091 : INFO : EventManager : Event: ======'machine_var_audits_shots_skillshot_p2_target'====== Args={'value': 3, 'prev_value': None, 'change': True}
2024-07-14 17:24:56,091 : INFO : EventManager : Event: ======'machine_var_audits_shots_skillshot_p_target'====== Args={'value': 8, 'prev_value': None, 'change': True}
2024-07-14 17:24:56,091 : INFO : EventManager : Event: ======'machine_var_audits_shots_skillshot_r_target'====== Args={'value': 9, 'prev_value': None, 'change': True}
2024-07-14 17:24:56,091 : INFO : EventManager : Event: ======'machine_var_audits_switches_s_a_target'====== Args={'value': 74, 'prev_value': None, 'change': True}
2024-07-14 17:24:56,091 : INFO : EventManager : Event: ======'machine_var_audits_switches_s_bottom_inline_drop'====== Args={'value': 17, 'prev_value': None, 'change': True}
2024-07-14 17:24:56,091 : INFO : EventManager : Event: ======'machine_var_audits_switches_s_bottom_pop_bumper'====== Args={'value': 6, 'prev_value': None, 'change': True}
2024-07-14 17:24:56,091 : INFO : EventManager : Event: ======'machine_var_audits_switches_s_center_spinner'====== Args={'value': 3, 'prev_value': None, 'change': True}
2024-07-14 17:24:56,092 : INFO : EventManager : Event: ======'machine_var_audits_switches_s_e_target'====== Args={'value': 77, 'prev_value': None, 'change': True}
2024-07-14 17:24:56,092 : INFO : EventManager : Event: ======'machine_var_audits_switches_s_left_flipper'====== Args={'value': 127, 'prev_value': None, 'change': True}
2024-07-14 17:24:56,092 : INFO : EventManager : Event: ======'machine_var_audits_switches_s_left_inlane'====== Args={'value': 7, 'prev_value': None, 'change': True}
2024-07-14 17:24:56,092 : INFO : EventManager : Event: ======'machine_var_audits_switches_s_left_inner_horseshoe'====== Args={'value': 6, 'prev_value': None, 'change': True}
2024-07-14 17:24:56,092 : INFO : EventManager : Event: ======'machine_var_audits_switches_s_left_orbit_enter'====== Args={'value': 8, 'prev_value': None, 'change': True}
2024-07-14 17:24:56,092 : INFO : EventManager : Event: ======'machine_var_audits_switches_s_left_orbit_exit'====== Args={'value': 13, 'prev_value': None, 'change': True}
2024-07-14 17:24:56,092 : INFO : EventManager : Event: ======'machine_var_audits_switches_s_left_outlane'====== Args={'value': 15, 'prev_value': None, 'change': True}
2024-07-14 17:24:56,093 : INFO : EventManager : Event: ======'machine_var_audits_switches_s_left_pop_bumper'====== Args={'value': 2, 'prev_value': None, 'change': True}
2024-07-14 17:24:56,093 : INFO : EventManager : Event: ======'machine_var_audits_switches_s_left_ramp_enter'====== Args={'value': 9, 'prev_value': None, 'change': True}
2024-07-14 17:24:56,093 : INFO : EventManager : Event: ======'machine_var_audits_switches_s_left_ramp_exit'====== Args={'value': 3, 'prev_value': None, 'change': True}
2024-07-14 17:24:56,093 : INFO : EventManager : Event: ======'machine_var_audits_switches_s_left_ramp_standup'====== Args={'value': 328, 'prev_value': None, 'change': True}
2024-07-14 17:24:56,093 : INFO : EventManager : Event: ======'machine_var_audits_switches_s_left_rollover_lane'====== Args={'value': 114, 'prev_value': None, 'change': True}
2024-07-14 17:24:56,093 : INFO : EventManager : Event: ======'machine_var_audits_switches_s_left_sling'====== Args={'value': 10, 'prev_value': None, 'change': True}
2024-07-14 17:24:56,093 : INFO : EventManager : Event: ======'machine_var_audits_switches_s_left_spinner'====== Args={'value': 27, 'prev_value': None, 'change': True}
2024-07-14 17:24:56,093 : INFO : EventManager : Event: ======'machine_var_audits_switches_s_middle_inline_drop'====== Args={'value': 18, 'prev_value': None, 'change': True}
2024-07-14 17:24:56,094 : INFO : EventManager : Event: ======'machine_var_audits_switches_s_middle_rollover_lane'====== Args={'value': 109, 'prev_value': None, 'change': True}
2024-07-14 17:24:56,094 : INFO : EventManager : Event: ======'machine_var_audits_switches_s_n_target'====== Args={'value': 73, 'prev_value': None, 'change': True}
2024-07-14 17:24:56,094 : INFO : EventManager : Event: ======'machine_var_audits_switches_s_o_target'====== Args={'value': 81, 'prev_value': None, 'change': True}
2024-07-14 17:24:56,094 : INFO : EventManager : Event: ======'machine_var_audits_switches_s_p2_target'====== Args={'value': 23, 'prev_value': None, 'change': True}
2024-07-14 17:24:56,094 : INFO : EventManager : Event: ======'machine_var_audits_switches_s_p_target'====== Args={'value': 245, 'prev_value': None, 'change': True}
2024-07-14 17:24:56,094 : INFO : EventManager : Event: ======'machine_var_audits_switches_s_plunger'====== Args={'value': 384, 'prev_value': None, 'change': True}
2024-07-14 17:24:56,094 : INFO : EventManager : Event: ======'machine_var_audits_switches_s_plunger_lane'====== Args={'value': 39, 'prev_value': None, 'change': True}
2024-07-14 17:24:56,094 : INFO : EventManager : Event: ======'machine_var_audits_switches_s_plunger_lane_exit'====== Args={'value': 204, 'prev_value': None, 'change': True}
2024-07-14 17:24:56,095 : INFO : EventManager : Event: ======'machine_var_audits_switches_s_r_target'====== Args={'value': 103, 'prev_value': None, 'change': True}
2024-07-14 17:24:56,095 : INFO : EventManager : Event: ======'machine_var_audits_switches_s_right_flipper'====== Args={'value': 115, 'prev_value': None, 'change': True}
2024-07-14 17:24:56,095 : INFO : EventManager : Event: ======'machine_var_audits_switches_s_right_inlane'====== Args={'value': 9, 'prev_value': None, 'change': True}
2024-07-14 17:24:56,095 : INFO : EventManager : Event: ======'machine_var_audits_switches_s_right_inner_horseshoe'====== Args={'value': 5, 'prev_value': None, 'change': True}
2024-07-14 17:24:56,095 : INFO : EventManager : Event: ======'machine_var_audits_switches_s_right_orbit_exit'====== Args={'value': 33, 'prev_value': None, 'change': True}
2024-07-14 17:24:56,095 : INFO : EventManager : Event: ======'machine_var_audits_switches_s_right_outlane'====== Args={'value': 7, 'prev_value': None, 'change': True}
2024-07-14 17:24:56,095 : INFO : EventManager : Event: ======'machine_var_audits_switches_s_right_pop_bumper'====== Args={'value': 15, 'prev_value': None, 'change': True}
2024-07-14 17:24:56,096 : INFO : EventManager : Event: ======'machine_var_audits_switches_s_right_ramp_enter'====== Args={'value': 1, 'prev_value': None, 'change': True}
2024-07-14 17:24:56,096 : INFO : EventManager : Event: ======'machine_var_audits_switches_s_right_ramp_exit'====== Args={'value': 1, 'prev_value': None, 'change': True}
2024-07-14 17:24:56,096 : INFO : EventManager : Event: ======'machine_var_audits_switches_s_right_ramp_standup'====== Args={'value': 160, 'prev_value': None, 'change': True}
2024-07-14 17:24:56,096 : INFO : EventManager : Event: ======'machine_var_audits_switches_s_right_rollover_lane'====== Args={'value': 123, 'prev_value': None, 'change': True}
2024-07-14 17:24:56,096 : INFO : EventManager : Event: ======'machine_var_audits_switches_s_right_sling'====== Args={'value': 1, 'prev_value': None, 'change': True}
2024-07-14 17:24:56,096 : INFO : EventManager : Event: ======'machine_var_audits_switches_s_scoop'====== Args={'value': 64, 'prev_value': None, 'change': True}
2024-07-14 17:24:56,096 : INFO : EventManager : Event: ======'machine_var_audits_switches_s_start'====== Args={'value': 264, 'prev_value': None, 'change': True}
2024-07-14 17:24:56,097 : INFO : EventManager : Event: ======'machine_var_audits_switches_s_top_inline_drop'====== Args={'value': 12, 'prev_value': None, 'change': True}
2024-07-14 17:24:56,097 : INFO : EventManager : Event: ======'machine_var_audits_switches_s_trough1'====== Args={'value': 272, 'prev_value': None, 'change': True}
2024-07-14 17:24:56,097 : INFO : EventManager : Event: ======'machine_var_audits_switches_s_trough2'====== Args={'value': 11, 'prev_value': None, 'change': True}
2024-07-14 17:24:56,097 : INFO : EventManager : Event: ======'machine_var_audits_switches_s_trough3'====== Args={'value': 2, 'prev_value': None, 'change': True}
2024-07-14 17:24:56,097 : INFO : EventManager : Event: ======'machine_var_audits_switches_s_trough4'====== Args={'value': 2, 'prev_value': None, 'change': True}
2024-07-14 17:24:56,097 : INFO : EventManager : Event: ======'machine_var_audits_switches_s_trough5'====== Args={'value': 2, 'prev_value': None, 'change': True}
2024-07-14 17:24:56,097 : INFO : EventManager : Event: ======'machine_var_audits_switches_s_trough6'====== Args={'value': 1, 'prev_value': None, 'change': True}
2024-07-14 17:24:56,098 : INFO : EventManager : Event: ======'machine_var_audits_switches_s_trough_jam'====== Args={'value': 5, 'prev_value': None, 'change': True}
2024-07-14 17:24:56,098 : INFO : EventManager : Event: ======'init_phase_5'====== Args={}
2024-07-14 17:24:56,102 : INFO : EventManager : Event: ======'init_done'====== Args={}
2024-07-14 17:24:56,102 : INFO : EventManager : Event: ======'machine_reset_phase_1'====== Args={}
2024-07-14 17:24:56,109 : INFO : EventManager : Event: ======'machine_reset_phase_2'====== Args={}
2024-07-14 17:24:56,109 : INFO : EventManager : Event: ======'machine_reset_phase_3'====== Args={}
2024-07-14 17:24:56,109 : INFO : drop_target_bank.strickland_bank : All targets are already up. Will not reset bank.
2024-07-14 17:24:56,109 : INFO : EventManager : Event: ======'reset_complete'====== Args={}
2024-07-14 17:24:56,109 : INFO : EventManager : Event: ======'mode_attract_will_start'====== Args={}
2024-07-14 17:24:56,109 : INFO : Timer.attract_switch : Starting Timer.
2024-07-14 17:24:56,109 : INFO : EventManager : Event: ======'timer_attract_switch_started'====== Args={'ticks': 0, 'ticks_remaining': 45}
2024-07-14 17:24:56,109 : INFO : EventManager : Event: ======'timer_attract_switch_tick'====== Args={'ticks': 0, 'ticks_remaining': 45}
2024-07-14 17:24:56,110 : INFO : EventManager : Event: ======'mode_attract_starting'====== Args={}
2024-07-14 17:24:56,110 : INFO : Mode.attract : Started. Priority: 10
2024-07-14 17:24:56,110 : INFO : EventManager : Event: ======'modes_active_modes_changed'====== Args={}
2024-07-14 17:24:56,110 : INFO : EventManager : Event: ======'mode_attract_started'====== Args={}
2024-07-14 17:24:56,110 : INFO : EventManager : Event: ======'collecting_balls_complete'====== Args={}
2024-07-14 17:24:56,110 : INFO : Machine : Starting the main run loop.
2024-07-14 17:24:56,982 : INFO : BcpServer : New client connected.
2024-07-14 17:24:57,111 : INFO : EventManager : Event: ======'timer_attract_switch_tick'====== Args={'ticks': 1, 'ticks_remaining': 44}
2024-07-14 17:24:57,136 : INFO : EventManager : Event: ======'slide__removed'====== Args={'_from_bcp': True}
2024-07-14 17:24:57,158 : INFO : EventManager : Event: ======'slide_dtp_logo_attract_created'====== Args={'_from_bcp': True}
2024-07-14 17:24:57,158 : INFO : EventManager : Event: ======'slide_dtp_logo_attract_active'====== Args={'original_context': 'attract', 'original_calling_context': 'timer_attract_switch_tick{ticks==1}', 'cmd': 'slides_play', '_from_bcp': True}
2024-07-14 17:24:57,244 : INFO : SwitchController : <<<<<<< 's_start' active >>>>>>>
2024-07-14 17:24:57,371 : INFO : SwitchController : <<<<<<< 's_start' inactive >>>>>>>
2024-07-14 17:24:57,371 : INFO : EventManager : Event: ======'request_to_start_game'====== Args={}
2024-07-14 17:24:57,371 : INFO : EventManager : Event: ======'game_start'====== Args={'buttons': [], 'hold_time': 0.1269102080000002}
2024-07-14 17:24:57,372 : INFO : EventManager : Event: ======'mode_game_will_start'====== Args={'buttons': [], 'hold_time': 0.1269102080000002}
2024-07-14 17:24:57,372 : INFO : EventManager : Event: ======'mode_game_starting'====== Args={'buttons': [], 'hold_time': 0.1269102080000002}
2024-07-14 17:24:57,372 : INFO : EventManager : Event: ======'mode_attract_will_stop'====== Args={}
2024-07-14 17:24:57,372 : INFO : EventManager : Event: ======'mode_attract_stopping'====== Args={}
2024-07-14 17:24:57,373 : INFO : Mode.attract : Stopped.
2024-07-14 17:24:57,373 : INFO : EventManager : Event: ======'modes_active_modes_changed'====== Args={}
2024-07-14 17:24:57,373 : INFO : EventManager : Event: ======'mode_attract_stopped'====== Args={}
2024-07-14 17:24:57,373 : INFO : EventManager : Event: ======'clear'====== Args={'key': 'attract'}
2024-07-14 17:24:57,373 : INFO : Timer.attract_switch : Stopping Timer
2024-07-14 17:24:57,374 : INFO : EventManager : Event: ======'timer_attract_switch_stopped'====== Args={'ticks': 1, 'ticks_remaining': 44}
2024-07-14 17:24:57,374 : INFO : Mode.game : Started. Priority: 20
2024-07-14 17:24:57,374 : INFO : EventManager : Event: ======'modes_active_modes_changed'====== Args={}
2024-07-14 17:24:57,374 : INFO : EventManager : Event: ======'mode_game_started'====== Args={'buttons': [], 'hold_time': 0.1269102080000002}
2024-07-14 17:24:57,374 : INFO : EventManager : Event: ======'game_will_start'====== Args={}
2024-07-14 17:24:57,375 : INFO : EventManager : Event: ======'game_starting'====== Args={'game': <Mode.game>}
2024-07-14 17:24:57,376 : INFO : EventManager : Unordered handler for class <Auditor> on event game_ended with priority 1. Handlers: [RegisteredHandler(callback=<bound method Auditor.disable of <Auditor>>, priority=1, kwargs={}, key=UUID('49b4b0d1-7795-401e-adad-4edd1267e26b'), condition=None, blocking_facility=None), RegisteredHandler(callback=<bound method Auditor._save_audits of <Auditor>>, priority=1, kwargs={}, key=UUID('8bbe2bcb-e407-4328-a8f2-e54159836a79'), condition=None, blocking_facility=None)]. The order of those handlers is not defined and they will be executed in random order. This might lead to race conditions and potential bugs.
2024-07-14 17:24:57,376 : INFO : EventManager : Event: ======'player_add_request'====== Args={}
2024-07-14 17:24:57,376 : INFO : EventManager : Event: ======'player_will_add'====== Args={'number': 1}
2024-07-14 17:24:57,376 : INFO : EventManager : Event: ======'player_adding'====== Args={'player': <Player 1>, 'number': 1}
2024-07-14 17:24:57,377 : INFO : EventManager : Event: ======'player_added'====== Args={'player': <Player 1>, 'num': 1}
2024-07-14 17:24:57,377 : INFO : Mode.game : Player added successfully. Total players: 1
2024-07-14 17:24:57,377 : INFO : EventManager : Event: ======'player_index'====== Args={'value': 0, 'prev_value': 0, 'change': 0, 'player_num': 1}
2024-07-14 17:24:57,377 : INFO : EventManager : Event: ======'player_number'====== Args={'value': 1, 'prev_value': 1, 'change': 0, 'player_num': 1}
2024-07-14 17:24:57,377 : INFO : EventManager : Event: ======'player_score'====== Args={'value': 0, 'prev_value': 0, 'change': 0, 'player_num': 1}
2024-07-14 17:24:57,378 : INFO : EventManager : Event: ======'game_started'====== Args={}
2024-07-14 17:24:57,378 : INFO : EventManager : Event: ======'player_turn_will_start'====== Args={'player': <Player 1>, 'number': 1}
2024-07-14 17:24:57,379 : INFO : EventManager : Event: ======'player_turn_starting'====== Args={'player': <Player 1>, 'number': 1}
2024-07-14 17:24:57,390 : INFO : EventManager : Event: ======'player_ball'====== Args={'value': 1, 'prev_value': 0, 'change': 1, 'player_num': 1}
2024-07-14 17:24:57,390 : INFO : EventManager : Event: ======'player_turn_started'====== Args={'player': <Player 1>, 'number': 1}
2024-07-14 17:24:57,390 : INFO : EventManager : Event: ======'ball_will_start'====== Args={'player': 1, 'ball': 1, 'balls_remaining': 2, 'is_extra_ball': False}
2024-07-14 17:24:57,391 : INFO : EventManager : Event: ======'ball_starting'====== Args={'player': 1, 'ball': 1, 'balls_remaining': 2, 'is_extra_ball': False}
2024-07-14 17:24:57,391 : INFO : EventManager : Event: ======'mode_skillshot_will_start'====== Args={'queue': <QueuedEvent>, 'player': 1, 'ball': 1, 'balls_remaining': 2, 'is_extra_ball': False}
2024-07-14 17:24:57,391 : INFO : EventManager : Event: ======'skillshot_complete'====== Args={'state': 'None'}
2024-07-14 17:24:57,391 : INFO : EventManager : Event: ======'skillshot_None_complete'====== Args={}
2024-07-14 17:24:57,392 : INFO : EventManager : Event: ======'player_shot_skillshot_p_target_enabled'====== Args={'value': True, 'prev_value': 0, 'change': 1, 'player_num': 1}
2024-07-14 17:24:57,392 : INFO : EventManager : Event: ======'player_shot_skillshot_r_target_enabled'====== Args={'value': True, 'prev_value': 0, 'change': 1, 'player_num': 1}
2024-07-14 17:24:57,393 : INFO : EventManager : Event: ======'player_shot_skillshot_o_target_enabled'====== Args={'value': True, 'prev_value': 0, 'change': 1, 'player_num': 1}
2024-07-14 17:24:57,393 : INFO : EventManager : Event: ======'player_shot_skillshot_p2_target_enabled'====== Args={'value': True, 'prev_value': 0, 'change': 1, 'player_num': 1}
2024-07-14 17:24:57,393 : INFO : EventManager : Event: ======'player_shot_skillshot_a_target_enabled'====== Args={'value': True, 'prev_value': 0, 'change': 1, 'player_num': 1}
2024-07-14 17:24:57,394 : INFO : EventManager : Event: ======'player_shot_skillshot_n_target_enabled'====== Args={'value': True, 'prev_value': 0, 'change': 1, 'player_num': 1}
2024-07-14 17:24:57,394 : INFO : EventManager : Event: ======'player_shot_skillshot_e_target_enabled'====== Args={'value': True, 'prev_value': 0, 'change': 1, 'player_num': 1}
2024-07-14 17:24:57,394 : INFO : EventManager : Event: ======'player_skillshot_skillshot_rotate_tick'====== Args={'value': 0, 'prev_value': 0, 'change': 0, 'player_num': 1}
2024-07-14 17:24:57,395 : INFO : Timer.skillshot_rotate : Starting Timer.
2024-07-14 17:24:57,395 : INFO : EventManager : Event: ======'timer_skillshot_rotate_started'====== Args={'ticks': 0, 'ticks_remaining': 0}
2024-07-14 17:24:57,395 : INFO : EventManager : Event: ======'timer_skillshot_rotate_tick'====== Args={'ticks': 0, 'ticks_remaining': 0}
2024-07-14 17:24:57,396 : INFO : EventManager : Event: ======'mode_skillshot_starting'====== Args={'queue': <QueuedEvent>, 'player': 1, 'ball': 1, 'balls_remaining': 2, 'is_extra_ball': False}
2024-07-14 17:24:57,396 : INFO : drop_target_bank.strickland_bank : All targets are already up. Will not reset bank.
2024-07-14 17:24:57,396 : INFO : EventManager : Event: ======'cmd_flippers_enable'====== Args={'priority': 0}
2024-07-14 17:24:57,396 : INFO : EventManager : Event: ======'cmd_autofire_coils_enable'====== Args={'priority': 0}
2024-07-14 17:24:57,396 : INFO : EventManager : Event: ======'cmd_drop_targets_reset'====== Args={'priority': 0}
2024-07-14 17:24:57,397 : INFO : Mode.skillshot : Started. Priority: 200
2024-07-14 17:24:57,397 : INFO : EventManager : Event: ======'modes_active_modes_changed'====== Args={}
2024-07-14 17:24:57,397 : INFO : EventManager : Event: ======'mode_skillshot_started'====== Args={'queue': <QueuedEvent>, 'player': 1, 'ball': 1, 'balls_remaining': 2, 'is_extra_ball': False}
2024-07-14 17:24:57,397 : INFO : EventManager : Event: ======'player_shot_skillshot_p_target'====== Args={'value': 1, 'prev_value': 0, 'change': 1, 'player_num': 1}
2024-07-14 17:24:57,398 : INFO : EventManager : Event: ======'balls_in_play'====== Args={'balls': 1}
2024-07-14 17:24:57,398 : INFO : EventManager : Event: ======'ball_started'====== Args={'player': 1, 'ball': 1, 'balls_remaining': 2, 'is_extra_ball': False}
2024-07-14 17:24:57,398 : INFO : EventManager : Event: ======'mode_BBQ_rollover_will_start'====== Args={'player': 1, 'ball': 1, 'balls_remaining': 2, 'is_extra_ball': False}
2024-07-14 17:24:57,398 : INFO : EventManager : Event: ======'player_shot_left_rollover_lane_enabled'====== Args={'value': True, 'prev_value': 0, 'change': 1, 'player_num': 1}
2024-07-14 17:24:57,398 : INFO : EventManager : Event: ======'player_shot_middle_rollover_lane_enabled'====== Args={'value': True, 'prev_value': 0, 'change': 1, 'player_num': 1}
2024-07-14 17:24:57,399 : INFO : EventManager : Event: ======'player_shot_right_rollover_lane_enabled'====== Args={'value': True, 'prev_value': 0, 'change': 1, 'player_num': 1}
2024-07-14 17:24:57,399 : INFO : EventManager : Event: ======'BBQ_lanes_complete'====== Args={'state': 'unlit'}
2024-07-14 17:24:57,399 : INFO : EventManager : Event: ======'BBQ_lanes_unlit_complete'====== Args={}
2024-07-14 17:24:57,400 : INFO : EventManager : Event: ======'mode_BBQ_rollover_starting'====== Args={'player': 1, 'ball': 1, 'balls_remaining': 2, 'is_extra_ball': False}
2024-07-14 17:24:57,400 : INFO : EventManager : Event: ======'mode_base_will_start'====== Args={'player': 1, 'ball': 1, 'balls_remaining': 2, 'is_extra_ball': False}
2024-07-14 17:24:57,400 : INFO : EventManager : Event: ======'player_shot_qualify_p_target_enabled'====== Args={'value': True, 'prev_value': 0, 'change': 1, 'player_num': 1}
2024-07-14 17:24:57,401 : INFO : EventManager : Event: ======'player_shot_qualify_r_target_enabled'====== Args={'value': True, 'prev_value': 0, 'change': 1, 'player_num': 1}
2024-07-14 17:24:57,401 : INFO : EventManager : Event: ======'player_shot_qualify_o_target_enabled'====== Args={'value': True, 'prev_value': 0, 'change': 1, 'player_num': 1}
2024-07-14 17:24:57,401 : INFO : EventManager : Event: ======'qualify_mission_complete'====== Args={'state': 'unlit'}
2024-07-14 17:24:57,401 : INFO : EventManager : Event: ======'qualify_mission_unlit_complete'====== Args={}
2024-07-14 17:24:57,404 : INFO : EventManager : Event: ======'mode_base_starting'====== Args={'player': 1, 'ball': 1, 'balls_remaining': 2, 'is_extra_ball': False}
2024-07-14 17:24:57,404 : INFO : Mode.base : Started. Priority: 100
2024-07-14 17:24:57,404 : INFO : EventManager : Event: ======'modes_active_modes_changed'====== Args={}
2024-07-14 17:24:57,404 : INFO : EventManager : Event: ======'mode_base_started'====== Args={'player': 1, 'ball': 1, 'balls_remaining': 2, 'is_extra_ball': False}
2024-07-14 17:24:57,405 : INFO : EventManager : Event: ======'ball_save_default_enabled'====== Args={}
2024-07-14 17:24:57,405 : INFO : EventManager : Event: ======'logicblock_lb_BBQ_complete_count_updated'====== Args={'value': 1, 'enabled': True}
2024-07-14 17:24:57,405 : INFO : EventManager : Event: ======'logicblock_lb_BBQ_complete_count_updated'====== Args={'value': 1, 'enabled': True}
2024-07-14 17:24:57,405 : INFO : Mode.BBQ_rollover : Started. Priority: 600
2024-07-14 17:24:57,405 : INFO : EventManager : Event: ======'modes_active_modes_changed'====== Args={}
2024-07-14 17:24:57,405 : INFO : EventManager : Event: ======'mode_BBQ_rollover_started'====== Args={'player': 1, 'ball': 1, 'balls_remaining': 2, 'is_extra_ball': False}
2024-07-14 17:24:57,405 : INFO : EventManager : Event: ======'player_pf_multiplier'====== Args={'value': 1, 'prev_value': 0, 'change': 1, 'player_num': 1, 'source': 'BBQ_rollover'}
2024-07-14 17:24:57,406 : INFO : EventManager : Event: ======'single_player_ball_started'====== Args={}
2024-07-14 17:24:57,409 : INFO : EventManager : Event: ======'ball_start_target'====== Args={'target': 'playfield'}
2024-07-14 17:24:57,409 : INFO : ball_device.bd_plunger : Setting up player-controlled eject. Balls: 1, Target: <playfield.playfield>, player_controlled_eject_event: None
2024-07-14 17:24:57,410 : INFO : EventManager : Event: ======'balldevice_balls_available'====== Args={}
2024-07-14 17:24:57,410 : INFO : ball_device.bd_trough : State: waiting_for_target_ready
2024-07-14 17:24:57,410 : INFO : EventManager : Event: ======'balldevice_bd_trough_ball_eject_attempt'====== Args={'balls': 1, 'target': <ball_device.bd_plunger>, 'source': <ball_device.bd_trough>, 'mechanical_eject': True, 'num_attempts': 0}
2024-07-14 17:24:57,411 : INFO : ball_device.bd_plunger : State: waiting_for_ball
2024-07-14 17:24:57,411 : INFO : ball_device.bd_trough : State: ejecting
2024-07-14 17:24:57,411 : INFO : ball_device.bd_trough : Ejecting ball to <ball_device.bd_plunger>
2024-07-14 17:24:57,411 : INFO : EventManager : Event: ======'balldevice_bd_trough_ejecting_ball'====== Args={'balls': 1, 'target': <ball_device.bd_plunger>, 'source': <ball_device.bd_trough>, 'mechanical_eject': True, 'num_attempts': 0}
2024-07-14 17:24:57,412 : INFO : ball_device.bd_trough : Wait for ball to leave device
2024-07-14 17:24:57,412 : INFO : coil.c_trough_eject : Pulsing Driver for 20ms (1.0 pulse_power)
2024-07-14 17:24:57,412 : INFO : SwitchController : <<<<<<< 's_trough1' inactive >>>>>>>
2024-07-14 17:24:57,412 : INFO : ball_device.bd_trough : State: ball_left
2024-07-14 17:24:57,412 : INFO : ball_device.bd_trough : Ball left
2024-07-14 17:24:57,412 : INFO : ball_device.bd_trough : Wait for confirm with timeout 3.0
2024-07-14 17:24:57,413 : INFO : EventManager : Event: ======'slide_skillshot_created'====== Args={'_from_bcp': True}
2024-07-14 17:24:57,413 : INFO : EventManager : Event: ======'slide_dtp_logo_attract_inactive'====== Args={'_from_bcp': True}
2024-07-14 17:24:57,413 : INFO : EventManager : Event: ======'slide_skillshot_active'====== Args={'original_context': 'skillshot', 'original_calling_context': 'mode_skillshot_started', 'queue': '<QueuedEvent>', 'cmd': 'slides_play', '_from_bcp': True}
2024-07-14 17:24:57,413 : INFO : EventManager : Event: ======'slide_dtp_logo_attract_removed'====== Args={'_from_bcp': True}
2024-07-14 17:24:57,426 : INFO : EventManager : Event: ======'slide_base_created'====== Args={'_from_bcp': True}
2024-07-14 17:24:57,513 : INFO : SwitchController : <<<<<<< 's_plunger' active >>>>>>>
2024-07-14 17:24:57,513 : INFO : EventManager : Event: ======'machine_var_audits_switches_s_plunger'====== Args={'value': 385, 'prev_value': 384, 'change': 1}
2024-07-14 17:24:58,014 : INFO : ball_device.bd_plunger : Received ball from <ball_device.bd_trough>
2024-07-14 17:24:58,015 : INFO : EventManager : Event: ======'balldevice_bd_plunger_ball_enter'====== Args={'new_balls': 1, 'unclaimed_balls': 0, 'new_available_balls': 0, 'device': <ball_device.bd_plunger>}
2024-07-14 17:24:58,016 : INFO : EventManager : Event: ======'balldevice_bd_plunger_ball_entered'====== Args={'new_balls': 0, 'device': <ball_device.bd_plunger>}
2024-07-14 17:24:58,017 : INFO : EventManager : Event: ======'balldevice_bd_plunger_ball_count_changed'====== Args={'balls': 1}
2024-07-14 17:24:58,018 : INFO : ball_device.bd_trough : Got eject confirm
2024-07-14 17:24:58,018 : INFO : ball_device.bd_trough : Eject successful
2024-07-14 17:24:58,018 : INFO : EventManager : Event: ======'balldevice_bd_trough_ball_eject_success'====== Args={'balls': 1, 'target': <ball_device.bd_plunger>}
2024-07-14 17:24:58,020 : INFO : EventManager : Event: ======'balldevice_bd_trough_ball_count_changed'====== Args={'balls': 5}
2024-07-14 17:24:58,021 : INFO : ball_device.bd_trough : State: idle
2024-07-14 17:24:58,022 : INFO : ball_device.bd_plunger : State: waiting_for_target_ready
2024-07-14 17:24:58,022 : INFO : EventManager : Event: ======'balldevice_bd_plunger_ball_eject_attempt'====== Args={'balls': 1, 'target': <playfield.playfield>, 'source': <ball_device.bd_plunger>, 'mechanical_eject': True, 'num_attempts': 0}
2024-07-14 17:24:58,023 : INFO : ball_device.bd_plunger : State: ejecting
2024-07-14 17:24:58,024 : INFO : ball_device.bd_plunger : Ejecting ball to <playfield.playfield>
2024-07-14 17:24:58,024 : INFO : EventManager : Event: ======'balldevice_bd_plunger_ejecting_ball'====== Args={'balls': 1, 'target': <playfield.playfield>, 'source': <ball_device.bd_plunger>, 'mechanical_eject': True, 'num_attempts': 0}
2024-07-14 17:24:58,025 : INFO : ball_device.bd_plunger : Wait for ball to leave device
2024-07-14 17:24:58,396 : INFO : EventManager : Event: ======'player_skillshot_skillshot_rotate_tick'====== Args={'value': 1, 'prev_value': 0, 'change': 1, 'player_num': 1}
2024-07-14 17:24:58,415 : INFO : EventManager : Event: ======'timer_skillshot_rotate_tick'====== Args={'ticks': 1, 'ticks_remaining': 0}
2024-07-14 17:24:58,417 : INFO : EventManager : Event: ======'player_shot_skillshot_p_target'====== Args={'value': 0, 'prev_value': 1, 'change': -1, 'player_num': 1}
2024-07-14 17:24:58,418 : INFO : EventManager : Event: ======'player_shot_skillshot_r_target'====== Args={'value': 1, 'prev_value': 0, 'change': 1, 'player_num': 1}
2024-07-14 17:24:58,806 : WARNING : SwitchController : Received duplicate switch state 1 for switch s_plunger from the platform interface. Log Code: Log-SwitchController-1 (https://missionpinball.org/logs)
2024-07-14 17:24:59,322 : INFO : SwitchController : <<<<<<< 's_plunger' inactive >>>>>>>
2024-07-14 17:24:59,323 : INFO : ball_device.bd_plunger : State: ball_left
2024-07-14 17:24:59,324 : INFO : ball_device.bd_plunger : Ball left
2024-07-14 17:24:59,324 : INFO : ball_device.bd_plunger : Wait for confirm with timeout 3.0
2024-07-14 17:24:59,395 : INFO : EventManager : Event: ======'player_skillshot_skillshot_rotate_tick'====== Args={'value': 2, 'prev_value': 1, 'change': 1, 'player_num': 1}
2024-07-14 17:24:59,397 : INFO : EventManager : Event: ======'timer_skillshot_rotate_tick'====== Args={'ticks': 2, 'ticks_remaining': 0}
2024-07-14 17:24:59,398 : INFO : EventManager : Event: ======'player_shot_skillshot_r_target'====== Args={'value': 0, 'prev_value': 1, 'change': -1, 'player_num': 1}
2024-07-14 17:24:59,400 : INFO : EventManager : Event: ======'player_shot_skillshot_o_target'====== Args={'value': 1, 'prev_value': 0, 'change': 1, 'player_num': 1}
2024-07-14 17:25:00,396 : INFO : EventManager : Event: ======'player_skillshot_skillshot_rotate_tick'====== Args={'value': 3, 'prev_value': 2, 'change': 1, 'player_num': 1}
2024-07-14 17:25:00,398 : INFO : EventManager : Event: ======'timer_skillshot_rotate_tick'====== Args={'ticks': 3, 'ticks_remaining': 0}
2024-07-14 17:25:00,399 : INFO : EventManager : Event: ======'player_shot_skillshot_o_target'====== Args={'value': 0, 'prev_value': 1, 'change': -1, 'player_num': 1}
2024-07-14 17:25:00,401 : INFO : EventManager : Event: ======'player_shot_skillshot_p2_target'====== Args={'value': 1, 'prev_value': 0, 'change': 1, 'player_num': 1}
2024-07-14 17:25:01,395 : INFO : EventManager : Event: ======'player_skillshot_skillshot_rotate_tick'====== Args={'value': 4, 'prev_value': 3, 'change': 1, 'player_num': 1}
2024-07-14 17:25:01,396 : INFO : EventManager : Event: ======'timer_skillshot_rotate_tick'====== Args={'ticks': 4, 'ticks_remaining': 0}
2024-07-14 17:25:01,397 : INFO : EventManager : Event: ======'player_shot_skillshot_p2_target'====== Args={'value': 0, 'prev_value': 1, 'change': -1, 'player_num': 1}
2024-07-14 17:25:01,399 : INFO : EventManager : Event: ======'player_shot_skillshot_a_target'====== Args={'value': 1, 'prev_value': 0, 'change': 1, 'player_num': 1}
2024-07-14 17:25:02,326 : INFO : ball_device.bd_plunger : State: failed_confirm
2024-07-14 17:25:02,327 : INFO : ball_device.bd_plunger : Got timeout (3.0s) before confirm from <playfield.playfield>
2024-07-14 17:25:02,395 : INFO : EventManager : Event: ======'player_skillshot_skillshot_rotate_tick'====== Args={'value': 5, 'prev_value': 4, 'change': 1, 'player_num': 1}
2024-07-14 17:25:02,397 : INFO : EventManager : Event: ======'timer_skillshot_rotate_tick'====== Args={'ticks': 5, 'ticks_remaining': 0}
2024-07-14 17:25:02,398 : INFO : EventManager : Event: ======'player_shot_skillshot_a_target'====== Args={'value': 0, 'prev_value': 1, 'change': -1, 'player_num': 1}
2024-07-14 17:25:02,400 : INFO : EventManager : Event: ======'player_shot_skillshot_n_target'====== Args={'value': 1, 'prev_value': 0, 'change': 1, 'player_num': 1}
2024-07-14 17:25:02,427 : INFO : ball_device.bd_plunger : Confirming eject because target is playfield and ball did not return.
2024-07-14 17:25:02,427 : INFO : ball_device.bd_plunger : Eject successful
2024-07-14 17:25:02,427 : INFO : EventManager : Event: ======'balldevice_bd_plunger_ball_eject_success'====== Args={'balls': 1, 'target': <playfield.playfield>}
2024-07-14 17:25:02,428 : INFO : EventManager : Event: ======'balldevice_playfield_ball_enter'====== Args={'new_balls': 1, 'unclaimed_balls': 1, 'device': <playfield.playfield>}
2024-07-14 17:25:02,428 : INFO : EventManager : Event: ======'playfield_ball_count_change'====== Args={'balls': 1, 'change': 1}
2024-07-14 17:25:02,429 : INFO : EventManager : Event: ======'balldevice_bd_plunger_ball_count_changed'====== Args={'balls': 0}
2024-07-14 17:25:02,429 : INFO : ball_device.bd_plunger : State: idle
2024-07-14 17:25:02,870 : INFO : SwitchController : <<<<<<< 's_plunger_lane_exit' active >>>>>>>
2024-07-14 17:25:02,870 : INFO : EventManager : Event: ======'s_plunger_lane_exit_active'====== Args={}
2024-07-14 17:25:02,871 : INFO : EventManager : Event: ======'sw_playfield_active'====== Args={}
2024-07-14 17:25:02,871 : INFO : EventManager : Event: ======'machine_var_audits_switches_s_plunger_lane_exit'====== Args={'value': 205, 'prev_value': 204, 'change': 1}
2024-07-14 17:25:02,872 : INFO : EventManager : Event: ======'ball_save_default_timer_start'====== Args={}
2024-07-14 17:25:03,023 : INFO : SwitchController : <<<<<<< 's_plunger_lane_exit' inactive >>>>>>>
2024-07-14 17:25:03,023 : INFO : EventManager : Event: ======'s_plunger_lane_exit_inactive'====== Args={}
2024-07-14 17:25:03,023 : INFO : Timer.skillshot_rotate : Stopping Timer
2024-07-14 17:25:03,023 : INFO : EventManager : Event: ======'timer_skillshot_rotate_stopped'====== Args={'ticks': 5, 'ticks_remaining': 0}
2024-07-14 17:25:03,024 : INFO : EventManager : Event: ======'advance_skillshot_5'====== Args={'priority': 0}
2024-07-14 17:25:03,024 : INFO : EventManager : Event: ======'player_shot_skillshot_a_target'====== Args={'value': 1, 'prev_value': 0, 'change': 1, 'player_num': 1}
2024-07-14 17:25:05,345 : INFO : SwitchController : <<<<<<< 's_n_target' active >>>>>>>
2024-07-14 17:25:05,345 : INFO : EventManager : Event: ======'s_n_target_active'====== Args={}
2024-07-14 17:25:05,346 : INFO : EventManager : Event: ======'machine_var_audits_switches_s_n_target'====== Args={'value': 74, 'prev_value': 73, 'change': 1}
2024-07-14 17:25:05,347 : INFO : EventManager : Event: ======'machine_var_audits_shots_skillshot_n_target'====== Args={'value': 22, 'prev_value': 21, 'change': 1}
2024-07-14 17:25:05,354 : INFO : EventManager : Event: ======'skillshot_n_target_hit'====== Args={'profile': 'skillshot_profile', 'state': 'on', 'advancing': False}
2024-07-14 17:25:05,355 : INFO : EventManager : Event: ======'skillshot_n_target_skillshot_profile_hit'====== Args={'profile': 'skillshot_profile', 'state': 'on', 'advancing': False}
2024-07-14 17:25:05,355 : INFO : EventManager : Event: ======'skillshot_n_target_skillshot_profile_on_hit'====== Args={'profile': 'skillshot_profile', 'state': 'on', 'advancing': False}
2024-07-14 17:25:05,355 : INFO : EventManager : Event: ======'skillshot_n_target_on_hit'====== Args={'profile': 'skillshot_profile', 'state': 'on', 'advancing': False}
2024-07-14 17:25:05,355 : INFO : EventManager : Event: ======'player_score'====== Args={'value': 50, 'prev_value': 0, 'change': 50, 'player_num': 1, 'source': 'base'}
2024-07-14 17:25:05,356 : INFO : EventManager : Event: ======'skillshot_hit'====== Args={'shot': 'skillshot_n_target'}
2024-07-14 17:25:05,356 : INFO : EventManager : Event: ======'skillshot_on_hit'====== Args={'shot': 'skillshot_n_target'}
2024-07-14 17:25:05,356 : INFO : EventManager : Event: ======'stop_mode_skillshot'====== Args={'priority': 0}
2024-07-14 17:25:05,356 : INFO : EventManager : Event: ======'mode_skillshot_will_stop'====== Args={}
2024-07-14 17:25:05,356 : INFO : EventManager : Event: ======'mode_skillshot_stopping'====== Args={}
2024-07-14 17:25:05,358 : INFO : Mode.skillshot : Stopped.
2024-07-14 17:25:05,358 : INFO : EventManager : Event: ======'modes_active_modes_changed'====== Args={}
2024-07-14 17:25:05,358 : INFO : EventManager : Event: ======'mode_skillshot_stopped'====== Args={}
2024-07-14 17:25:05,358 : INFO : EventManager : Event: ======'clear'====== Args={'key': 'skillshot'}
2024-07-14 17:25:05,359 : INFO : Timer.skillshot_rotate : Stopping Timer
2024-07-14 17:25:05,359 : INFO : EventManager : Event: ======'timer_skillshot_rotate_stopped'====== Args={'ticks': 5, 'ticks_remaining': 0}
2024-07-14 17:25:05,369 : INFO : EventManager : Event: ======'slide_skillshot_inactive'====== Args={'_from_bcp': True}
2024-07-14 17:25:05,369 : INFO : EventManager : Event: ======'slide_base_active'====== Args={'_from_bcp': True}
2024-07-14 17:25:05,369 : INFO : EventManager : Event: ======'slide_skillshot_removed'====== Args={'_from_bcp': True}
2024-07-14 17:25:05,489 : INFO : SwitchController : <<<<<<< 's_n_target' inactive >>>>>>>
2024-07-14 17:25:06,509 : INFO : SwitchController : <<<<<<< 's_a_target' active >>>>>>>
2024-07-14 17:25:06,510 : INFO : EventManager : Event: ======'s_a_target_active'====== Args={}
2024-07-14 17:25:06,511 : INFO : EventManager : Event: ======'machine_var_audits_switches_s_a_target'====== Args={'value': 75, 'prev_value': 74, 'change': 1}
2024-07-14 17:25:06,512 : INFO : EventManager : Event: ======'player_score'====== Args={'value': 100, 'prev_value': 50, 'change': 50, 'player_num': 1, 'source': 'base'}
2024-07-14 17:25:06,594 : INFO : SwitchController : <<<<<<< 's_a_target' inactive >>>>>>>
2024-07-14 17:25:09,645 : INFO : Machine : Shutting down...
2024-07-14 17:25:09,646 : INFO : EventManager : Event: ======'shutdown'====== Args={}
2024-07-14 17:25:09,648 : INFO : EventManager : Event: ======'mode_game_will_stop'====== Args={}
2024-07-14 17:25:09,648 : INFO : EventManager : Event: ======'mode_game_stopping'====== Args={}
2024-07-14 17:25:09,648 : INFO : EventManager : Event: ======'mode_BBQ_rollover_will_stop'====== Args={}
2024-07-14 17:25:09,648 : INFO : EventManager : Event: ======'mode_BBQ_rollover_stopping'====== Args={}
2024-07-14 17:25:09,648 : INFO : EventManager : Event: ======'mode_base_will_stop'====== Args={}
2024-07-14 17:25:09,649 : INFO : EventManager : Event: ======'mode_base_stopping'====== Args={}
2024-07-14 17:25:09,649 : INFO : Mode.base : Stopped.
2024-07-14 17:25:09,649 : INFO : EventManager : Event: ======'modes_active_modes_changed'====== Args={}
2024-07-14 17:25:09,650 : INFO : EventManager : Event: ======'mode_base_stopped'====== Args={}
2024-07-14 17:25:09,650 : INFO : EventManager : Event: ======'clear'====== Args={'key': 'base'}
2024-07-14 17:25:09,651 : INFO : EventManager : Event: ======'ball_save_default_disabled'====== Args={}
2024-07-14 17:25:09,651 : INFO : Mode.BBQ_rollover : Stopped.
2024-07-14 17:25:09,651 : INFO : EventManager : Event: ======'modes_active_modes_changed'====== Args={}
2024-07-14 17:25:09,651 : INFO : EventManager : Event: ======'mode_BBQ_rollover_stopped'====== Args={}
2024-07-14 17:25:09,651 : INFO : EventManager : Event: ======'clear'====== Args={'key': 'BBQ_rollover'}
2024-07-14 17:25:09,653 : INFO : Mode.game : Stopped.
2024-07-14 17:25:09,653 : INFO : EventManager : Event: ======'modes_active_modes_changed'====== Args={}
2024-07-14 17:25:09,653 : INFO : EventManager : Event: ======'mode_game_stopped'====== Args={}
2024-07-14 17:25:09,653 : INFO : EventManager : Event: ======'clear'====== Args={'key': 'game'}
2024-07-14 17:25:09,655 : INFO : root : MPF run loop ended.
