2024-07-16 07:57:22,572 : INFO : root : Loading config.
2024-07-16 07:57:22,598 : INFO : ConfigProcessor : Config spec file cache created: /var/folders/sv/d29kcl5x50v7vt1n6xb5jsd40000gn/T/config_spec.mpf_cache
2024-07-16 07:57:22,599 : INFO : YamlMultifileConfigLoader : Machine config file #1: config.yaml
2024-07-16 07:57:22,599 : INFO : ConfigProcessor : Loading config from cache: /var/folders/sv/d29kcl5x50v7vt1n6xb5jsd40000gn/T/c166cef8060ffee16a35821bf698da85.mpf_cache
2024-07-16 07:57:22,634 : INFO : ConfigProcessor : Loading config from cache: /var/folders/sv/d29kcl5x50v7vt1n6xb5jsd40000gn/T/6b31c5ac6ecbad948994a8204ea6b05b.mpf_cache
2024-07-16 07:57:22,634 : INFO : ConfigProcessor : Loading config from cache: /var/folders/sv/d29kcl5x50v7vt1n6xb5jsd40000gn/T/fe612d1e66c8a96c19ba449d3748eeac.mpf_cache
2024-07-16 07:57:22,634 : INFO : ConfigProcessor : Loading config from cache: /var/folders/sv/d29kcl5x50v7vt1n6xb5jsd40000gn/T/6b31c5ac6ecbad948994a8204ea6b05b.mpf_cache
2024-07-16 07:57:22,634 : INFO : ConfigProcessor : Loading config from cache: /var/folders/sv/d29kcl5x50v7vt1n6xb5jsd40000gn/T/8765227693ecd961e0504502a81255e0.mpf_cache
2024-07-16 07:57:22,635 : INFO : ConfigProcessor : Loading config from cache: /var/folders/sv/d29kcl5x50v7vt1n6xb5jsd40000gn/T/b247728c74b4d81bcb2825e2b07062a7.mpf_cache
2024-07-16 07:57:22,635 : INFO : ConfigProcessor : Loading config from cache: /var/folders/sv/d29kcl5x50v7vt1n6xb5jsd40000gn/T/f240f94f0b5d0f37ec4fd7571275a101.mpf_cache
2024-07-16 07:57:22,635 : INFO : ConfigProcessor : Loading config from cache: /var/folders/sv/d29kcl5x50v7vt1n6xb5jsd40000gn/T/c4409acfdf3ec94666e0adef48d55400.mpf_cache
2024-07-16 07:57:22,635 : INFO : ConfigProcessor : Loading config from cache: /var/folders/sv/d29kcl5x50v7vt1n6xb5jsd40000gn/T/6a2f50ed892485825cc04dc0a68eab9f.mpf_cache
2024-07-16 07:57:22,636 : INFO : ConfigProcessor : Loading config from cache: /var/folders/sv/d29kcl5x50v7vt1n6xb5jsd40000gn/T/d58c58eb9fd1a2dc27f8acd255fb3761.mpf_cache
2024-07-16 07:57:22,636 : INFO : ConfigProcessor : Loading config from cache: /var/folders/sv/d29kcl5x50v7vt1n6xb5jsd40000gn/T/07adfd310b3ef0e03c5cbc91527abb6c.mpf_cache
2024-07-16 07:57:22,636 : INFO : ConfigProcessor : Loading config from cache: /var/folders/sv/d29kcl5x50v7vt1n6xb5jsd40000gn/T/362e08f51a1a1b7a0809dd52f9c83f83.mpf_cache
2024-07-16 07:57:22,636 : INFO : ConfigProcessor : Loading config from cache: /var/folders/sv/d29kcl5x50v7vt1n6xb5jsd40000gn/T/e45e3bd39557ed8d0881194a7afab8f7.mpf_cache
2024-07-16 07:57:22,636 : INFO : ConfigProcessor : Loading config from cache: /var/folders/sv/d29kcl5x50v7vt1n6xb5jsd40000gn/T/331d8d1a1bc190cae8c13495e1db372f.mpf_cache
2024-07-16 07:57:22,636 : INFO : ConfigProcessor : Loading config from cache: /var/folders/sv/d29kcl5x50v7vt1n6xb5jsd40000gn/T/34853b7ed6df3aedbba239874ade5ac8.mpf_cache
2024-07-16 07:57:22,637 : INFO : ConfigProcessor : Loading config from cache: /var/folders/sv/d29kcl5x50v7vt1n6xb5jsd40000gn/T/280fd64455d0d243a54ab4db98fbccbd.mpf_cache
2024-07-16 07:57:22,637 : WARNING : ConfigProcessor : Config file in cache changed: /Users/nicktaseris/Desktop/Pinball/KOTH/modes/mission_select/config/mission_select.yaml
2024-07-16 07:57:22,637 : INFO : ConfigProcessor : Loading config from file /Users/nicktaseris/Desktop/Pinball/KOTH/modes/mission_select/config/mission_select.yaml.
2024-07-16 07:57:22,638 : INFO : ConfigProcessor : Loading config: /Users/nicktaseris/Desktop/Pinball/KOTH/modes/mission_select/config/mission_select.yaml
2024-07-16 07:57:22,638 : INFO : ConfigProcessor : Config file cache created: /var/folders/sv/d29kcl5x50v7vt1n6xb5jsd40000gn/T/0c0596ed8fbb40b6113901d21bdc0a39.mpf_cache
2024-07-16 07:57:22,638 : INFO : ConfigProcessor : Loading config from cache: /var/folders/sv/d29kcl5x50v7vt1n6xb5jsd40000gn/T/2982e2d98506102244e9fa0f437a9fca.mpf_cache
2024-07-16 07:57:22,639 : INFO : ConfigProcessor : Loading config from cache: /var/folders/sv/d29kcl5x50v7vt1n6xb5jsd40000gn/T/3048ed2d7ea14eee3db896f6760aa474.mpf_cache
2024-07-16 07:57:22,640 : INFO : Machine : Mission Pinball Framework Core Engine v0.80.0.dev1
2024-07-16 07:57:22,640 : INFO : Machine : Command line arguments: {'no_load_cache': False, 'create_config_cache': True, 'bcp': True, 'configfile': ['config.yaml'], 'force_assets_load': False, 'platform_integration_test': False, 'jsonlogging': False, 'logfile': 'logs/2024-07-16-07-57-22-mpf-Nicks-Air.lan.log', 'pause': False, 'production': False, 'text_ui': True, 'loglevel': 15, 'consoleloglevel': 20, 'force_platform': None, 'syslog_address': None, 'mc_file_name': None, 'no_sound': False, 'full_logfile_path': '/Users/nicktaseris/Desktop/Pinball/KOTH/logs/2024-07-16-07-57-22-mpf-Nicks-Air.lan.log'}
2024-07-16 07:57:22,640 : INFO : Machine : MPF path: /Users/nicktaseris/mpfenv/lib/python3.9/site-packages/mpf
2024-07-16 07:57:22,640 : INFO : Machine : Machine path: /Users/nicktaseris/Desktop/Pinball/KOTH
2024-07-16 07:57:22,640 : INFO : Machine : Platform: darwin
2024-07-16 07:57:22,640 : INFO : Machine : Python executable location: /Users/nicktaseris/mpfenv/bin/python3
2024-07-16 07:57:22,640 : INFO : Machine : Python version: 3.9.13 (64-bit)
2024-07-16 07:57:22,640 : INFO : Machine : Initializing MPF...
2024-07-16 07:57:22,668 : INFO : EventManager : Event: ======'machine_var_credits_string'====== Args={'value': 'FREE PLAY', 'prev_value': None, 'change': True}
2024-07-16 07:57:22,674 : INFO : EventManager : Event: ======'machine_var_master_volume'====== Args={'value': 0.5, 'prev_value': None, 'change': True}
2024-07-16 07:57:22,674 : INFO : EventManager : Event: ======'machine_var_player1_score'====== Args={'value': 175300, 'prev_value': None, 'change': True}
2024-07-16 07:57:22,674 : INFO : EventManager : Event: ======'machine_var_mpf_version'====== Args={'value': 'Mission Pinball Framework v0.80.0.dev1', 'prev_value': None, 'change': True}
2024-07-16 07:57:22,674 : INFO : EventManager : Event: ======'machine_var_mpf_extended_version'====== Args={'value': 'Mission Pinball Framework v0.80.0.dev1, Config version:6, Show version: 6, BCP version:1.1', 'prev_value': None, 'change': True}
2024-07-16 07:57:22,674 : INFO : EventManager : Event: ======'machine_var_python_version'====== Args={'value': '3.9.13', 'prev_value': None, 'change': True}
2024-07-16 07:57:22,686 : INFO : EventManager : Event: ======'machine_var_platform'====== Args={'value': 'macOS-12.1-arm64-arm-64bit', 'prev_value': None, 'change': True}
2024-07-16 07:57:22,686 : INFO : EventManager : Event: ======'machine_var_platform_system'====== Args={'value': 'Darwin', 'prev_value': None, 'change': True}
2024-07-16 07:57:22,686 : INFO : EventManager : Event: ======'machine_var_platform_release'====== Args={'value': '21.2.0', 'prev_value': None, 'change': True}
2024-07-16 07:57:22,686 : INFO : EventManager : Event: ======'machine_var_platform_version'====== Args={'value': 'Darwin Kernel Version 21.2.0: Sun Nov 28 20:29:10 PST 2021; root:xnu-8019.61.5~1/RELEASE_ARM64_T8101', 'prev_value': None, 'change': True}
2024-07-16 07:57:22,686 : INFO : EventManager : Event: ======'machine_var_platform_machine'====== Args={'value': 'arm64', 'prev_value': None, 'change': True}
2024-07-16 07:57:22,687 : INFO : EventManager : Event: ======'machine_var_log_file_path'====== Args={'value': '/Users/nicktaseris/Desktop/Pinball/KOTH/logs/2024-07-16-07-57-22-mpf-Nicks-Air.lan.log', 'prev_value': None, 'change': True}
2024-07-16 07:57:22,687 : INFO : EventManager : Event: ======'init_phase_1'====== Args={}
2024-07-16 07:57:22,704 : INFO : EventManager : Event: ======'drop_target_bank_strickland_bank_up'====== Args={}
2024-07-16 07:57:22,705 : INFO : EventManager : Event: ======'init_phase_2'====== Args={}
2024-07-16 07:57:22,705 : INFO : SwitchController : Found active switch: ('39', <Platform.SmartVirtual>) <switch.s_trough1>
2024-07-16 07:57:22,705 : INFO : SwitchController : Found active switch: ('40', <Platform.SmartVirtual>) <switch.s_trough2>
2024-07-16 07:57:22,705 : INFO : SwitchController : Found active switch: ('41', <Platform.SmartVirtual>) <switch.s_trough3>
2024-07-16 07:57:22,705 : INFO : SwitchController : Found active switch: ('42', <Platform.SmartVirtual>) <switch.s_trough4>
2024-07-16 07:57:22,705 : INFO : SwitchController : Found active switch: ('43', <Platform.SmartVirtual>) <switch.s_trough5>
2024-07-16 07:57:22,705 : INFO : SwitchController : Found active switch: ('44', <Platform.SmartVirtual>) <switch.s_trough6>
2024-07-16 07:57:22,708 : INFO : EventManager : Event: ======'machine_var_score1_label'====== Args={'value': 'GRAND CHAMPION', 'prev_value': None, 'change': True}
2024-07-16 07:57:22,708 : INFO : EventManager : Event: ======'machine_var_score1_name'====== Args={'value': 'BRI', 'prev_value': None, 'change': True}
2024-07-16 07:57:22,708 : INFO : EventManager : Event: ======'machine_var_score1_value'====== Args={'value': 4242, 'prev_value': None, 'change': True}
2024-07-16 07:57:22,708 : INFO : EventManager : Event: ======'machine_var_score2_label'====== Args={'value': 'HIGH SCORE 1', 'prev_value': None, 'change': True}
2024-07-16 07:57:22,708 : INFO : EventManager : Event: ======'machine_var_score2_name'====== Args={'value': 'GHK', 'prev_value': None, 'change': True}
2024-07-16 07:57:22,708 : INFO : EventManager : Event: ======'machine_var_score2_value'====== Args={'value': 2323, 'prev_value': None, 'change': True}
2024-07-16 07:57:22,708 : INFO : EventManager : Event: ======'machine_var_score3_label'====== Args={'value': 'HIGH SCORE 2', 'prev_value': None, 'change': True}
2024-07-16 07:57:22,708 : INFO : EventManager : Event: ======'machine_var_score3_name'====== Args={'value': 'JK', 'prev_value': None, 'change': True}
2024-07-16 07:57:22,708 : INFO : EventManager : Event: ======'machine_var_score3_value'====== Args={'value': 1337, 'prev_value': None, 'change': True}
2024-07-16 07:57:22,709 : INFO : EventManager : Event: ======'machine_var_score4_label'====== Args={'value': 'HIGH SCORE 3', 'prev_value': None, 'change': True}
2024-07-16 07:57:22,709 : INFO : EventManager : Event: ======'machine_var_score4_name'====== Args={'value': 'QC', 'prev_value': None, 'change': True}
2024-07-16 07:57:22,709 : INFO : EventManager : Event: ======'machine_var_score4_value'====== Args={'value': 42, 'prev_value': None, 'change': True}
2024-07-16 07:57:22,709 : INFO : EventManager : Event: ======'machine_var_score5_label'====== Args={'value': 'HIGH SCORE 4', 'prev_value': None, 'change': True}
2024-07-16 07:57:22,709 : INFO : EventManager : Event: ======'machine_var_score5_name'====== Args={'value': 'MPF', 'prev_value': None, 'change': True}
2024-07-16 07:57:22,709 : INFO : EventManager : Event: ======'machine_var_score5_value'====== Args={'value': 23, 'prev_value': None, 'change': True}
2024-07-16 07:57:22,709 : INFO : EventManager : Event: ======'bcp_connection_attempt'====== Args={'name': 'local_display', 'host': 'localhost', 'port': 5050}
2024-07-16 07:57:22,710 : INFO : BCPClientSocket : Connecting BCP to 'local_display' at localhost:5050...
2024-07-16 07:57:22,712 : INFO : BCPClientSocket : Connected BCP to 'local_display' localhost:5050
2024-07-16 07:57:22,712 : INFO : EventManager : Event: ======'bcp_clients_connected'====== Args={}
2024-07-16 07:57:22,713 : INFO : ball_device.bd_trough : BCH: Initial count: 6
2024-07-16 07:57:22,713 : INFO : ball_device.bd_trough : State: idle
2024-07-16 07:57:22,713 : INFO : ball_device.bd_plunger : BCH: Initial count: 0
2024-07-16 07:57:22,713 : INFO : ball_device.bd_plunger : State: idle
2024-07-16 07:57:22,714 : INFO : ball_device.bd_scoop : BCH: Initial count: 0
2024-07-16 07:57:22,714 : INFO : ball_device.bd_scoop : State: idle
2024-07-16 07:57:22,718 : INFO : EventManager : Event: ======'init_phase_3'====== Args={}
2024-07-16 07:57:22,723 : INFO : EventManager : Event: ======'init_phase_4'====== Args={}
2024-07-16 07:57:22,723 : INFO : BallController : Initial balls found: 6
2024-07-16 07:57:22,724 : INFO : EventManager : Event: ======'machine_var_audits_events_game_ended'====== Args={'value': 4, 'prev_value': None, 'change': True}
2024-07-16 07:57:22,724 : INFO : EventManager : Event: ======'machine_var_audits_events_game_started'====== Args={'value': 358, 'prev_value': None, 'change': True}
2024-07-16 07:57:22,724 : INFO : EventManager : Event: ======'machine_var_audits_missing_switches_s_a_target'====== Args={'value': 10, 'prev_value': None, 'change': True}
2024-07-16 07:57:22,724 : INFO : EventManager : Event: ======'machine_var_audits_missing_switches_s_bottom_inline_drop'====== Args={'value': 10, 'prev_value': None, 'change': True}
2024-07-16 07:57:22,724 : INFO : EventManager : Event: ======'machine_var_audits_missing_switches_s_bottom_pop_bumper'====== Args={'value': 40, 'prev_value': None, 'change': True}
2024-07-16 07:57:22,724 : INFO : EventManager : Event: ======'machine_var_audits_missing_switches_s_center_spinner'====== Args={'value': 105, 'prev_value': None, 'change': True}
2024-07-16 07:57:22,724 : INFO : EventManager : Event: ======'machine_var_audits_missing_switches_s_left_flipper'====== Args={'value': 8, 'prev_value': None, 'change': True}
2024-07-16 07:57:22,724 : INFO : EventManager : Event: ======'machine_var_audits_missing_switches_s_left_inlane'====== Args={'value': 6, 'prev_value': None, 'change': True}
2024-07-16 07:57:22,724 : INFO : EventManager : Event: ======'machine_var_audits_missing_switches_s_left_inner_horseshoe'====== Args={'value': 12, 'prev_value': None, 'change': True}
2024-07-16 07:57:22,725 : INFO : EventManager : Event: ======'machine_var_audits_missing_switches_s_left_orbit_enter'====== Args={'value': 13, 'prev_value': None, 'change': True}
2024-07-16 07:57:22,725 : INFO : EventManager : Event: ======'machine_var_audits_missing_switches_s_left_orbit_exit'====== Args={'value': 114, 'prev_value': None, 'change': True}
2024-07-16 07:57:22,725 : INFO : EventManager : Event: ======'machine_var_audits_missing_switches_s_left_outlane'====== Args={'value': 5, 'prev_value': None, 'change': True}
2024-07-16 07:57:22,725 : INFO : EventManager : Event: ======'machine_var_audits_missing_switches_s_left_pop_bumper'====== Args={'value': 11, 'prev_value': None, 'change': True}
2024-07-16 07:57:22,725 : INFO : EventManager : Event: ======'machine_var_audits_missing_switches_s_left_ramp_enter'====== Args={'value': 172, 'prev_value': None, 'change': True}
2024-07-16 07:57:22,725 : INFO : EventManager : Event: ======'machine_var_audits_missing_switches_s_left_ramp_exit'====== Args={'value': 236, 'prev_value': None, 'change': True}
2024-07-16 07:57:22,725 : INFO : EventManager : Event: ======'machine_var_audits_missing_switches_s_left_ramp_standup'====== Args={'value': 1, 'prev_value': None, 'change': True}
2024-07-16 07:57:22,725 : INFO : EventManager : Event: ======'machine_var_audits_missing_switches_s_left_rollover_lane'====== Args={'value': 8, 'prev_value': None, 'change': True}
2024-07-16 07:57:22,725 : INFO : EventManager : Event: ======'machine_var_audits_missing_switches_s_left_sling'====== Args={'value': 8, 'prev_value': None, 'change': True}
2024-07-16 07:57:22,725 : INFO : EventManager : Event: ======'machine_var_audits_missing_switches_s_left_spinner'====== Args={'value': 13, 'prev_value': None, 'change': True}
2024-07-16 07:57:22,725 : INFO : EventManager : Event: ======'machine_var_audits_missing_switches_s_middle_inline_drop'====== Args={'value': 10, 'prev_value': None, 'change': True}
2024-07-16 07:57:22,725 : INFO : EventManager : Event: ======'machine_var_audits_missing_switches_s_middle_rollover_lane'====== Args={'value': 8, 'prev_value': None, 'change': True}
2024-07-16 07:57:22,725 : INFO : EventManager : Event: ======'machine_var_audits_missing_switches_s_n_target'====== Args={'value': 5, 'prev_value': None, 'change': True}
2024-07-16 07:57:22,725 : INFO : EventManager : Event: ======'machine_var_audits_missing_switches_s_p2_target'====== Args={'value': 10, 'prev_value': None, 'change': True}
2024-07-16 07:57:22,726 : INFO : EventManager : Event: ======'machine_var_audits_missing_switches_s_p_target'====== Args={'value': 1, 'prev_value': None, 'change': True}
2024-07-16 07:57:22,726 : INFO : EventManager : Event: ======'machine_var_audits_missing_switches_s_r_target'====== Args={'value': 5, 'prev_value': None, 'change': True}
2024-07-16 07:57:22,726 : INFO : EventManager : Event: ======'machine_var_audits_missing_switches_s_right_inlane'====== Args={'value': 309, 'prev_value': None, 'change': True}
2024-07-16 07:57:22,726 : INFO : EventManager : Event: ======'machine_var_audits_missing_switches_s_right_inner_horseshoe'====== Args={'value': 12, 'prev_value': None, 'change': True}
2024-07-16 07:57:22,726 : INFO : EventManager : Event: ======'machine_var_audits_missing_switches_s_right_orbit_exit'====== Args={'value': 101, 'prev_value': None, 'change': True}
2024-07-16 07:57:22,726 : INFO : EventManager : Event: ======'machine_var_audits_missing_switches_s_right_outlane'====== Args={'value': 6, 'prev_value': None, 'change': True}
2024-07-16 07:57:22,726 : INFO : EventManager : Event: ======'machine_var_audits_missing_switches_s_right_pop_bumper'====== Args={'value': 19, 'prev_value': None, 'change': True}
2024-07-16 07:57:22,726 : INFO : EventManager : Event: ======'machine_var_audits_missing_switches_s_right_ramp_enter'====== Args={'value': 63, 'prev_value': None, 'change': True}
2024-07-16 07:57:22,726 : INFO : EventManager : Event: ======'machine_var_audits_missing_switches_s_right_ramp_exit'====== Args={'value': 63, 'prev_value': None, 'change': True}
2024-07-16 07:57:22,726 : INFO : EventManager : Event: ======'machine_var_audits_missing_switches_s_right_ramp_standup'====== Args={'value': 1, 'prev_value': None, 'change': True}
2024-07-16 07:57:22,726 : INFO : EventManager : Event: ======'machine_var_audits_missing_switches_s_right_rollover_lane'====== Args={'value': 8, 'prev_value': None, 'change': True}
2024-07-16 07:57:22,726 : INFO : EventManager : Event: ======'machine_var_audits_missing_switches_s_right_sling'====== Args={'value': 309, 'prev_value': None, 'change': True}
2024-07-16 07:57:22,727 : INFO : EventManager : Event: ======'machine_var_audits_missing_switches_s_scoop'====== Args={'value': 7, 'prev_value': None, 'change': True}
2024-07-16 07:57:22,727 : INFO : EventManager : Event: ======'machine_var_audits_missing_switches_s_start'====== Args={'value': 5, 'prev_value': None, 'change': True}
2024-07-16 07:57:22,727 : INFO : EventManager : Event: ======'machine_var_audits_missing_switches_s_top_inline_drop'====== Args={'value': 10, 'prev_value': None, 'change': True}
2024-07-16 07:57:22,727 : INFO : EventManager : Event: ======'machine_var_audits_missing_switches_s_trough1'====== Args={'value': 5, 'prev_value': None, 'change': True}
2024-07-16 07:57:22,727 : INFO : EventManager : Event: ======'machine_var_audits_missing_switches_s_trough2'====== Args={'value': 5, 'prev_value': None, 'change': True}
2024-07-16 07:57:22,727 : INFO : EventManager : Event: ======'machine_var_audits_missing_switches_s_trough3'====== Args={'value': 5, 'prev_value': None, 'change': True}
2024-07-16 07:57:22,727 : INFO : EventManager : Event: ======'machine_var_audits_missing_switches_s_trough4'====== Args={'value': 313, 'prev_value': None, 'change': True}
2024-07-16 07:57:22,727 : INFO : EventManager : Event: ======'machine_var_audits_missing_switches_s_trough5'====== Args={'value': 313, 'prev_value': None, 'change': True}
2024-07-16 07:57:22,727 : INFO : EventManager : Event: ======'machine_var_audits_missing_switches_s_trough6'====== Args={'value': 313, 'prev_value': None, 'change': True}
2024-07-16 07:57:22,727 : INFO : EventManager : Event: ======'machine_var_audits_missing_switches_s_trough_jam'====== Args={'value': 246, 'prev_value': None, 'change': True}
2024-07-16 07:57:22,728 : INFO : EventManager : Event: ======'machine_var_audits_player_score'====== Args={'value': {'average': 109379, 'top': [370600, 175300, 400, 300, 250], 'total': 5}, 'prev_value': None, 'change': True}
2024-07-16 07:57:22,728 : INFO : EventManager : Event: ======'machine_var_audits_shots_a_target'====== Args={'value': 7, 'prev_value': None, 'change': True}
2024-07-16 07:57:22,728 : INFO : EventManager : Event: ======'machine_var_audits_shots_e_target'====== Args={'value': 3, 'prev_value': None, 'change': True}
2024-07-16 07:57:22,728 : INFO : EventManager : Event: ======'machine_var_audits_shots_left_rollover_lane'====== Args={'value': 146, 'prev_value': None, 'change': True}
2024-07-16 07:57:22,728 : INFO : EventManager : Event: ======'machine_var_audits_shots_middle_rollover_lane'====== Args={'value': 143, 'prev_value': None, 'change': True}
2024-07-16 07:57:22,728 : INFO : EventManager : Event: ======'machine_var_audits_shots_n_target'====== Args={'value': 9, 'prev_value': None, 'change': True}
2024-07-16 07:57:22,728 : INFO : EventManager : Event: ======'machine_var_audits_shots_o_target'====== Args={'value': 4, 'prev_value': None, 'change': True}
2024-07-16 07:57:22,728 : INFO : EventManager : Event: ======'machine_var_audits_shots_p2_target'====== Args={'value': 5, 'prev_value': None, 'change': True}
2024-07-16 07:57:22,728 : INFO : EventManager : Event: ======'machine_var_audits_shots_p_target'====== Args={'value': 8, 'prev_value': None, 'change': True}
2024-07-16 07:57:22,729 : INFO : EventManager : Event: ======'machine_var_audits_shots_qualify_o_target'====== Args={'value': 52, 'prev_value': None, 'change': True}
2024-07-16 07:57:22,729 : INFO : EventManager : Event: ======'machine_var_audits_shots_qualify_p_target'====== Args={'value': 52, 'prev_value': None, 'change': True}
2024-07-16 07:57:22,729 : INFO : EventManager : Event: ======'machine_var_audits_shots_qualify_r_target'====== Args={'value': 80, 'prev_value': None, 'change': True}
2024-07-16 07:57:22,729 : INFO : EventManager : Event: ======'machine_var_audits_shots_r_target'====== Args={'value': 14, 'prev_value': None, 'change': True}
2024-07-16 07:57:22,729 : INFO : EventManager : Event: ======'machine_var_audits_shots_right_rollover_lane'====== Args={'value': 146, 'prev_value': None, 'change': True}
2024-07-16 07:57:22,729 : INFO : EventManager : Event: ======'machine_var_audits_shots_skillshot_a_target'====== Args={'value': 38, 'prev_value': None, 'change': True}
2024-07-16 07:57:22,729 : INFO : EventManager : Event: ======'machine_var_audits_shots_skillshot_e_target'====== Args={'value': 30, 'prev_value': None, 'change': True}
2024-07-16 07:57:22,729 : INFO : EventManager : Event: ======'machine_var_audits_shots_skillshot_n_target'====== Args={'value': 24, 'prev_value': None, 'change': True}
2024-07-16 07:57:22,729 : INFO : EventManager : Event: ======'machine_var_audits_shots_skillshot_o_target'====== Args={'value': 11, 'prev_value': None, 'change': True}
2024-07-16 07:57:22,730 : INFO : EventManager : Event: ======'machine_var_audits_shots_skillshot_p2_target'====== Args={'value': 3, 'prev_value': None, 'change': True}
2024-07-16 07:57:22,730 : INFO : EventManager : Event: ======'machine_var_audits_shots_skillshot_p_target'====== Args={'value': 18, 'prev_value': None, 'change': True}
2024-07-16 07:57:22,730 : INFO : EventManager : Event: ======'machine_var_audits_shots_skillshot_r_target'====== Args={'value': 13, 'prev_value': None, 'change': True}
2024-07-16 07:57:22,730 : INFO : EventManager : Event: ======'machine_var_audits_switches_s_a_target'====== Args={'value': 81, 'prev_value': None, 'change': True}
2024-07-16 07:57:22,730 : INFO : EventManager : Event: ======'machine_var_audits_switches_s_bottom_inline_drop'====== Args={'value': 38, 'prev_value': None, 'change': True}
2024-07-16 07:57:22,730 : INFO : EventManager : Event: ======'machine_var_audits_switches_s_bottom_pop_bumper'====== Args={'value': 9, 'prev_value': None, 'change': True}
2024-07-16 07:57:22,731 : INFO : EventManager : Event: ======'machine_var_audits_switches_s_center_spinner'====== Args={'value': 3, 'prev_value': None, 'change': True}
2024-07-16 07:57:22,731 : INFO : EventManager : Event: ======'machine_var_audits_switches_s_e_target'====== Args={'value': 91, 'prev_value': None, 'change': True}
2024-07-16 07:57:22,731 : INFO : EventManager : Event: ======'machine_var_audits_switches_s_left_flipper'====== Args={'value': 129, 'prev_value': None, 'change': True}
2024-07-16 07:57:22,731 : INFO : EventManager : Event: ======'machine_var_audits_switches_s_left_inlane'====== Args={'value': 8, 'prev_value': None, 'change': True}
2024-07-16 07:57:22,731 : INFO : EventManager : Event: ======'machine_var_audits_switches_s_left_inner_horseshoe'====== Args={'value': 9, 'prev_value': None, 'change': True}
2024-07-16 07:57:22,731 : INFO : EventManager : Event: ======'machine_var_audits_switches_s_left_orbit_enter'====== Args={'value': 10, 'prev_value': None, 'change': True}
2024-07-16 07:57:22,731 : INFO : EventManager : Event: ======'machine_var_audits_switches_s_left_orbit_exit'====== Args={'value': 13, 'prev_value': None, 'change': True}
2024-07-16 07:57:22,732 : INFO : EventManager : Event: ======'machine_var_audits_switches_s_left_outlane'====== Args={'value': 24, 'prev_value': None, 'change': True}
2024-07-16 07:57:22,732 : INFO : EventManager : Event: ======'machine_var_audits_switches_s_left_pop_bumper'====== Args={'value': 3, 'prev_value': None, 'change': True}
2024-07-16 07:57:22,732 : INFO : EventManager : Event: ======'machine_var_audits_switches_s_left_ramp_enter'====== Args={'value': 9, 'prev_value': None, 'change': True}
2024-07-16 07:57:22,732 : INFO : EventManager : Event: ======'machine_var_audits_switches_s_left_ramp_exit'====== Args={'value': 3, 'prev_value': None, 'change': True}
2024-07-16 07:57:22,732 : INFO : EventManager : Event: ======'machine_var_audits_switches_s_left_ramp_standup'====== Args={'value': 390, 'prev_value': None, 'change': True}
2024-07-16 07:57:22,732 : INFO : EventManager : Event: ======'machine_var_audits_switches_s_left_rollover_lane'====== Args={'value': 151, 'prev_value': None, 'change': True}
2024-07-16 07:57:22,732 : INFO : EventManager : Event: ======'machine_var_audits_switches_s_left_sling'====== Args={'value': 12, 'prev_value': None, 'change': True}
2024-07-16 07:57:22,733 : INFO : EventManager : Event: ======'machine_var_audits_switches_s_left_spinner'====== Args={'value': 35, 'prev_value': None, 'change': True}
2024-07-16 07:57:22,733 : INFO : EventManager : Event: ======'machine_var_audits_switches_s_middle_inline_drop'====== Args={'value': 33, 'prev_value': None, 'change': True}
2024-07-16 07:57:22,733 : INFO : EventManager : Event: ======'machine_var_audits_switches_s_middle_rollover_lane'====== Args={'value': 146, 'prev_value': None, 'change': True}
2024-07-16 07:57:22,733 : INFO : EventManager : Event: ======'machine_var_audits_switches_s_n_target'====== Args={'value': 79, 'prev_value': None, 'change': True}
2024-07-16 07:57:22,733 : INFO : EventManager : Event: ======'machine_var_audits_switches_s_o_target'====== Args={'value': 97, 'prev_value': None, 'change': True}
2024-07-16 07:57:22,733 : INFO : EventManager : Event: ======'machine_var_audits_switches_s_p2_target'====== Args={'value': 24, 'prev_value': None, 'change': True}
2024-07-16 07:57:22,733 : INFO : EventManager : Event: ======'machine_var_audits_switches_s_p_target'====== Args={'value': 267, 'prev_value': None, 'change': True}
2024-07-16 07:57:22,734 : INFO : EventManager : Event: ======'machine_var_audits_switches_s_plunger'====== Args={'value': 436, 'prev_value': None, 'change': True}
2024-07-16 07:57:22,734 : INFO : EventManager : Event: ======'machine_var_audits_switches_s_plunger_lane'====== Args={'value': 39, 'prev_value': None, 'change': True}
2024-07-16 07:57:22,734 : INFO : EventManager : Event: ======'machine_var_audits_switches_s_plunger_lane_exit'====== Args={'value': 239, 'prev_value': None, 'change': True}
2024-07-16 07:57:22,734 : INFO : EventManager : Event: ======'machine_var_audits_switches_s_r_target'====== Args={'value': 119, 'prev_value': None, 'change': True}
2024-07-16 07:57:22,734 : INFO : EventManager : Event: ======'machine_var_audits_switches_s_right_flipper'====== Args={'value': 138, 'prev_value': None, 'change': True}
2024-07-16 07:57:22,734 : INFO : EventManager : Event: ======'machine_var_audits_switches_s_right_inlane'====== Args={'value': 9, 'prev_value': None, 'change': True}
2024-07-16 07:57:22,735 : INFO : EventManager : Event: ======'machine_var_audits_switches_s_right_inner_horseshoe'====== Args={'value': 7, 'prev_value': None, 'change': True}
2024-07-16 07:57:22,735 : INFO : EventManager : Event: ======'machine_var_audits_switches_s_right_orbit_exit'====== Args={'value': 33, 'prev_value': None, 'change': True}
2024-07-16 07:57:22,735 : INFO : EventManager : Event: ======'machine_var_audits_switches_s_right_outlane'====== Args={'value': 8, 'prev_value': None, 'change': True}
2024-07-16 07:57:22,735 : INFO : EventManager : Event: ======'machine_var_audits_switches_s_right_pop_bumper'====== Args={'value': 16, 'prev_value': None, 'change': True}
2024-07-16 07:57:22,735 : INFO : EventManager : Event: ======'machine_var_audits_switches_s_right_ramp_enter'====== Args={'value': 1, 'prev_value': None, 'change': True}
2024-07-16 07:57:22,735 : INFO : EventManager : Event: ======'machine_var_audits_switches_s_right_ramp_exit'====== Args={'value': 1, 'prev_value': None, 'change': True}
2024-07-16 07:57:22,736 : INFO : EventManager : Event: ======'machine_var_audits_switches_s_right_ramp_standup'====== Args={'value': 177, 'prev_value': None, 'change': True}
2024-07-16 07:57:22,736 : INFO : EventManager : Event: ======'machine_var_audits_switches_s_right_rollover_lane'====== Args={'value': 160, 'prev_value': None, 'change': True}
2024-07-16 07:57:22,736 : INFO : EventManager : Event: ======'machine_var_audits_switches_s_right_sling'====== Args={'value': 1, 'prev_value': None, 'change': True}
2024-07-16 07:57:22,736 : INFO : EventManager : Event: ======'machine_var_audits_switches_s_scoop'====== Args={'value': 68, 'prev_value': None, 'change': True}
2024-07-16 07:57:22,736 : INFO : EventManager : Event: ======'machine_var_audits_switches_s_start'====== Args={'value': 269, 'prev_value': None, 'change': True}
2024-07-16 07:57:22,737 : INFO : EventManager : Event: ======'machine_var_audits_switches_s_top_inline_drop'====== Args={'value': 35, 'prev_value': None, 'change': True}
2024-07-16 07:57:22,737 : INFO : EventManager : Event: ======'machine_var_audits_switches_s_trough1'====== Args={'value': 305, 'prev_value': None, 'change': True}
2024-07-16 07:57:22,737 : INFO : EventManager : Event: ======'machine_var_audits_switches_s_trough2'====== Args={'value': 18, 'prev_value': None, 'change': True}
2024-07-16 07:57:22,737 : INFO : EventManager : Event: ======'machine_var_audits_switches_s_trough3'====== Args={'value': 2, 'prev_value': None, 'change': True}
2024-07-16 07:57:22,737 : INFO : EventManager : Event: ======'machine_var_audits_switches_s_trough4'====== Args={'value': 2, 'prev_value': None, 'change': True}
2024-07-16 07:57:22,737 : INFO : EventManager : Event: ======'machine_var_audits_switches_s_trough5'====== Args={'value': 2, 'prev_value': None, 'change': True}
2024-07-16 07:57:22,738 : INFO : EventManager : Event: ======'machine_var_audits_switches_s_trough6'====== Args={'value': 1, 'prev_value': None, 'change': True}
2024-07-16 07:57:22,738 : INFO : EventManager : Event: ======'machine_var_audits_switches_s_trough_jam'====== Args={'value': 5, 'prev_value': None, 'change': True}
2024-07-16 07:57:22,738 : INFO : EventManager : Event: ======'init_phase_5'====== Args={}
2024-07-16 07:57:22,741 : INFO : EventManager : Event: ======'init_done'====== Args={}
2024-07-16 07:57:22,741 : INFO : EventManager : Event: ======'machine_reset_phase_1'====== Args={}
2024-07-16 07:57:22,751 : INFO : EventManager : Event: ======'machine_reset_phase_2'====== Args={}
2024-07-16 07:57:22,751 : INFO : EventManager : Event: ======'machine_reset_phase_3'====== Args={}
2024-07-16 07:57:22,751 : INFO : drop_target_bank.strickland_bank : All targets are already up. Will not reset bank.
2024-07-16 07:57:22,752 : INFO : EventManager : Event: ======'reset_complete'====== Args={}
2024-07-16 07:57:22,752 : INFO : EventManager : Event: ======'mode_attract_will_start'====== Args={}
2024-07-16 07:57:22,752 : INFO : Timer.attract_switch : Starting Timer.
2024-07-16 07:57:22,752 : INFO : EventManager : Event: ======'timer_attract_switch_started'====== Args={'ticks': 0, 'ticks_remaining': 45}
2024-07-16 07:57:22,752 : INFO : EventManager : Event: ======'timer_attract_switch_tick'====== Args={'ticks': 0, 'ticks_remaining': 45}
2024-07-16 07:57:22,752 : INFO : EventManager : Event: ======'mode_attract_starting'====== Args={}
2024-07-16 07:57:22,752 : INFO : Mode.attract : Started. Priority: 10
2024-07-16 07:57:22,752 : INFO : EventManager : Event: ======'modes_active_modes_changed'====== Args={}
2024-07-16 07:57:22,752 : INFO : EventManager : Event: ======'mode_attract_started'====== Args={}
2024-07-16 07:57:22,753 : INFO : EventManager : Event: ======'collecting_balls_complete'====== Args={}
2024-07-16 07:57:22,753 : INFO : Machine : Starting the main run loop.
2024-07-16 07:57:23,248 : INFO : BcpServer : New client connected.
2024-07-16 07:57:23,754 : INFO : EventManager : Event: ======'timer_attract_switch_tick'====== Args={'ticks': 1, 'ticks_remaining': 44}
2024-07-16 07:57:23,769 : INFO : EventManager : Event: ======'slide__removed'====== Args={'_from_bcp': True}
2024-07-16 07:57:23,858 : INFO : EventManager : Event: ======'slide_dtp_logo_attract_created'====== Args={'_from_bcp': True}
2024-07-16 07:57:23,858 : INFO : EventManager : Event: ======'slide_dtp_logo_attract_active'====== Args={'original_context': 'attract', 'original_calling_context': 'timer_attract_switch_tick{ticks==1}', 'cmd': 'slides_play', '_from_bcp': True}
2024-07-16 07:57:23,874 : INFO : SwitchController : <<<<<<< 's_start' active >>>>>>>
2024-07-16 07:57:24,004 : INFO : SwitchController : <<<<<<< 's_start' inactive >>>>>>>
2024-07-16 07:57:24,005 : INFO : EventManager : Event: ======'request_to_start_game'====== Args={}
2024-07-16 07:57:24,006 : INFO : EventManager : Event: ======'game_start'====== Args={'buttons': [], 'hold_time': 0.1310908340000001}
2024-07-16 07:57:24,007 : INFO : EventManager : Event: ======'mode_game_will_start'====== Args={'buttons': [], 'hold_time': 0.1310908340000001}
2024-07-16 07:57:24,008 : INFO : EventManager : Event: ======'mode_game_starting'====== Args={'buttons': [], 'hold_time': 0.1310908340000001}
2024-07-16 07:57:24,008 : INFO : EventManager : Event: ======'mode_attract_will_stop'====== Args={}
2024-07-16 07:57:24,009 : INFO : EventManager : Event: ======'mode_attract_stopping'====== Args={}
2024-07-16 07:57:24,009 : INFO : Mode.attract : Stopped.
2024-07-16 07:57:24,009 : INFO : EventManager : Event: ======'modes_active_modes_changed'====== Args={}
2024-07-16 07:57:24,010 : INFO : EventManager : Event: ======'mode_attract_stopped'====== Args={}
2024-07-16 07:57:24,010 : INFO : EventManager : Event: ======'clear'====== Args={'key': 'attract'}
2024-07-16 07:57:24,011 : INFO : Timer.attract_switch : Stopping Timer
2024-07-16 07:57:24,011 : INFO : EventManager : Event: ======'timer_attract_switch_stopped'====== Args={'ticks': 1, 'ticks_remaining': 44}
2024-07-16 07:57:24,011 : INFO : Mode.game : Started. Priority: 20
2024-07-16 07:57:24,011 : INFO : EventManager : Event: ======'modes_active_modes_changed'====== Args={}
2024-07-16 07:57:24,012 : INFO : EventManager : Event: ======'mode_game_started'====== Args={'buttons': [], 'hold_time': 0.1310908340000001}
2024-07-16 07:57:24,013 : INFO : EventManager : Event: ======'game_will_start'====== Args={}
2024-07-16 07:57:24,013 : INFO : EventManager : Event: ======'game_starting'====== Args={'game': <Mode.game>}
2024-07-16 07:57:24,014 : INFO : EventManager : Unordered handler for class <Auditor> on event game_ended with priority 1. Handlers: [RegisteredHandler(callback=<bound method Auditor.disable of <Auditor>>, priority=1, kwargs={}, key=UUID('87e80c7b-b147-4623-adec-c32cc72bc4d5'), condition=None, blocking_facility=None), RegisteredHandler(callback=<bound method Auditor._save_audits of <Auditor>>, priority=1, kwargs={}, key=UUID('b5ee2e85-f332-4d31-864b-7957bb23c8fa'), condition=None, blocking_facility=None)]. The order of those handlers is not defined and they will be executed in random order. This might lead to race conditions and potential bugs.
2024-07-16 07:57:24,014 : INFO : EventManager : Event: ======'player_add_request'====== Args={}
2024-07-16 07:57:24,015 : INFO : EventManager : Event: ======'player_will_add'====== Args={'number': 1}
2024-07-16 07:57:24,015 : INFO : EventManager : Event: ======'player_adding'====== Args={'player': <Player 1>, 'number': 1}
2024-07-16 07:57:24,015 : INFO : EventManager : Event: ======'player_added'====== Args={'player': <Player 1>, 'num': 1}
2024-07-16 07:57:24,015 : INFO : Mode.game : Player added successfully. Total players: 1
2024-07-16 07:57:24,016 : INFO : EventManager : Event: ======'player_index'====== Args={'value': 0, 'prev_value': 0, 'change': 0, 'player_num': 1}
2024-07-16 07:57:24,016 : INFO : EventManager : Event: ======'player_number'====== Args={'value': 1, 'prev_value': 1, 'change': 0, 'player_num': 1}
2024-07-16 07:57:24,016 : INFO : EventManager : Event: ======'player_score'====== Args={'value': 0, 'prev_value': 0, 'change': 0, 'player_num': 1}
2024-07-16 07:57:24,017 : INFO : EventManager : Event: ======'game_started'====== Args={}
2024-07-16 07:57:24,034 : INFO : EventManager : Event: ======'player_turn_will_start'====== Args={'player': <Player 1>, 'number': 1}
2024-07-16 07:57:24,036 : INFO : EventManager : Event: ======'player_turn_starting'====== Args={'player': <Player 1>, 'number': 1}
2024-07-16 07:57:24,036 : INFO : EventManager : Event: ======'player_ball'====== Args={'value': 1, 'prev_value': 0, 'change': 1, 'player_num': 1}
2024-07-16 07:57:24,036 : INFO : EventManager : Event: ======'player_turn_started'====== Args={'player': <Player 1>, 'number': 1}
2024-07-16 07:57:24,037 : INFO : EventManager : Event: ======'ball_will_start'====== Args={'player': 1, 'ball': 1, 'balls_remaining': 2, 'is_extra_ball': False}
2024-07-16 07:57:24,037 : INFO : EventManager : Event: ======'ball_starting'====== Args={'player': 1, 'ball': 1, 'balls_remaining': 2, 'is_extra_ball': False}
2024-07-16 07:57:24,038 : INFO : EventManager : Event: ======'mode_skillshot_will_start'====== Args={'queue': <QueuedEvent>, 'player': 1, 'ball': 1, 'balls_remaining': 2, 'is_extra_ball': False}
2024-07-16 07:57:24,038 : INFO : EventManager : Event: ======'skillshot_complete'====== Args={'state': 'None'}
2024-07-16 07:57:24,038 : INFO : EventManager : Event: ======'skillshot_None_complete'====== Args={}
2024-07-16 07:57:24,039 : INFO : EventManager : Event: ======'player_shot_skillshot_p_target_enabled'====== Args={'value': True, 'prev_value': 0, 'change': 1, 'player_num': 1}
2024-07-16 07:57:24,039 : INFO : EventManager : Event: ======'player_shot_skillshot_r_target_enabled'====== Args={'value': True, 'prev_value': 0, 'change': 1, 'player_num': 1}
2024-07-16 07:57:24,040 : INFO : EventManager : Event: ======'player_shot_skillshot_o_target_enabled'====== Args={'value': True, 'prev_value': 0, 'change': 1, 'player_num': 1}
2024-07-16 07:57:24,041 : INFO : EventManager : Event: ======'player_shot_skillshot_p2_target_enabled'====== Args={'value': True, 'prev_value': 0, 'change': 1, 'player_num': 1}
2024-07-16 07:57:24,041 : INFO : EventManager : Event: ======'player_shot_skillshot_a_target_enabled'====== Args={'value': True, 'prev_value': 0, 'change': 1, 'player_num': 1}
2024-07-16 07:57:24,042 : INFO : EventManager : Event: ======'player_shot_skillshot_n_target_enabled'====== Args={'value': True, 'prev_value': 0, 'change': 1, 'player_num': 1}
2024-07-16 07:57:24,042 : INFO : EventManager : Event: ======'player_shot_skillshot_e_target_enabled'====== Args={'value': True, 'prev_value': 0, 'change': 1, 'player_num': 1}
2024-07-16 07:57:24,042 : INFO : EventManager : Event: ======'player_skillshot_skillshot_rotate_tick'====== Args={'value': 0, 'prev_value': 0, 'change': 0, 'player_num': 1}
2024-07-16 07:57:24,043 : INFO : Timer.skillshot_rotate : Starting Timer.
2024-07-16 07:57:24,043 : INFO : EventManager : Event: ======'timer_skillshot_rotate_started'====== Args={'ticks': 0, 'ticks_remaining': 0}
2024-07-16 07:57:24,043 : INFO : EventManager : Event: ======'timer_skillshot_rotate_tick'====== Args={'ticks': 0, 'ticks_remaining': 0}
2024-07-16 07:57:24,044 : INFO : EventManager : Event: ======'mode_skillshot_starting'====== Args={'queue': <QueuedEvent>, 'player': 1, 'ball': 1, 'balls_remaining': 2, 'is_extra_ball': False}
2024-07-16 07:57:24,044 : INFO : drop_target_bank.strickland_bank : All targets are already up. Will not reset bank.
2024-07-16 07:57:24,044 : INFO : EventManager : Event: ======'cmd_flippers_enable'====== Args={'priority': 0}
2024-07-16 07:57:24,045 : INFO : EventManager : Event: ======'cmd_autofire_coils_enable'====== Args={'priority': 0}
2024-07-16 07:57:24,045 : INFO : EventManager : Event: ======'cmd_drop_targets_reset'====== Args={'priority': 0}
2024-07-16 07:57:24,045 : INFO : Mode.skillshot : Started. Priority: 200
2024-07-16 07:57:24,045 : INFO : EventManager : Event: ======'modes_active_modes_changed'====== Args={}
2024-07-16 07:57:24,045 : INFO : EventManager : Event: ======'mode_skillshot_started'====== Args={'queue': <QueuedEvent>, 'player': 1, 'ball': 1, 'balls_remaining': 2, 'is_extra_ball': False}
2024-07-16 07:57:24,045 : INFO : EventManager : Event: ======'player_shot_skillshot_p_target'====== Args={'value': 1, 'prev_value': 0, 'change': 1, 'player_num': 1}
2024-07-16 07:57:24,046 : INFO : EventManager : Event: ======'balls_in_play'====== Args={'balls': 1}
2024-07-16 07:57:24,046 : INFO : EventManager : Event: ======'ball_started'====== Args={'player': 1, 'ball': 1, 'balls_remaining': 2, 'is_extra_ball': False}
2024-07-16 07:57:24,047 : INFO : EventManager : Event: ======'mode_BBQ_rollover_will_start'====== Args={'player': 1, 'ball': 1, 'balls_remaining': 2, 'is_extra_ball': False}
2024-07-16 07:57:24,047 : INFO : EventManager : Event: ======'player_shot_left_rollover_lane_enabled'====== Args={'value': True, 'prev_value': 0, 'change': 1, 'player_num': 1}
2024-07-16 07:57:24,047 : INFO : EventManager : Event: ======'player_shot_middle_rollover_lane_enabled'====== Args={'value': True, 'prev_value': 0, 'change': 1, 'player_num': 1}
2024-07-16 07:57:24,048 : INFO : EventManager : Event: ======'player_shot_right_rollover_lane_enabled'====== Args={'value': True, 'prev_value': 0, 'change': 1, 'player_num': 1}
2024-07-16 07:57:24,048 : INFO : EventManager : Event: ======'BBQ_lanes_complete'====== Args={'state': 'unlit'}
2024-07-16 07:57:24,048 : INFO : EventManager : Event: ======'BBQ_lanes_unlit_complete'====== Args={}
2024-07-16 07:57:24,049 : INFO : EventManager : Event: ======'mode_BBQ_rollover_starting'====== Args={'player': 1, 'ball': 1, 'balls_remaining': 2, 'is_extra_ball': False}
2024-07-16 07:57:24,050 : INFO : EventManager : Event: ======'mode_base_will_start'====== Args={'player': 1, 'ball': 1, 'balls_remaining': 2, 'is_extra_ball': False}
2024-07-16 07:57:24,050 : INFO : EventManager : Event: ======'player_shot_qualify_p_target_enabled'====== Args={'value': True, 'prev_value': 0, 'change': 1, 'player_num': 1}
2024-07-16 07:57:24,050 : INFO : EventManager : Event: ======'player_shot_qualify_r_target_enabled'====== Args={'value': True, 'prev_value': 0, 'change': 1, 'player_num': 1}
2024-07-16 07:57:24,050 : INFO : EventManager : Event: ======'player_shot_qualify_o_target_enabled'====== Args={'value': True, 'prev_value': 0, 'change': 1, 'player_num': 1}
2024-07-16 07:57:24,051 : INFO : EventManager : Event: ======'qualify_mission_complete'====== Args={'state': 'unlit'}
2024-07-16 07:57:24,051 : INFO : EventManager : Event: ======'qualify_mission_unlit_complete'====== Args={}
2024-07-16 07:57:24,053 : INFO : EventManager : Event: ======'mode_base_starting'====== Args={'player': 1, 'ball': 1, 'balls_remaining': 2, 'is_extra_ball': False}
2024-07-16 07:57:24,053 : INFO : Mode.base : Started. Priority: 100
2024-07-16 07:57:24,053 : INFO : EventManager : Event: ======'modes_active_modes_changed'====== Args={}
2024-07-16 07:57:24,053 : INFO : EventManager : Event: ======'mode_base_started'====== Args={'player': 1, 'ball': 1, 'balls_remaining': 2, 'is_extra_ball': False}
2024-07-16 07:57:24,054 : INFO : EventManager : Event: ======'ball_save_default_enabled'====== Args={}
2024-07-16 07:57:24,054 : INFO : EventManager : Event: ======'logicblock_lb_BBQ_complete_count_updated'====== Args={'value': 1, 'enabled': True}
2024-07-16 07:57:24,054 : INFO : EventManager : Event: ======'logicblock_lb_BBQ_complete_count_updated'====== Args={'value': 1, 'enabled': True}
2024-07-16 07:57:24,054 : INFO : Mode.BBQ_rollover : Started. Priority: 200
2024-07-16 07:57:24,055 : INFO : EventManager : Event: ======'modes_active_modes_changed'====== Args={}
2024-07-16 07:57:24,055 : INFO : EventManager : Event: ======'mode_BBQ_rollover_started'====== Args={'player': 1, 'ball': 1, 'balls_remaining': 2, 'is_extra_ball': False}
2024-07-16 07:57:24,055 : INFO : EventManager : Event: ======'player_bonus_multiplier'====== Args={'value': 1, 'prev_value': 0, 'change': 1, 'player_num': 1, 'source': 'BBQ_rollover'}
2024-07-16 07:57:24,055 : INFO : EventManager : Event: ======'single_player_ball_started'====== Args={}
2024-07-16 07:57:24,059 : INFO : EventManager : Event: ======'ball_start_target'====== Args={'target': 'playfield'}
2024-07-16 07:57:24,060 : INFO : ball_device.bd_plunger : Setting up player-controlled eject. Balls: 1, Target: <playfield.playfield>, player_controlled_eject_event: None
2024-07-16 07:57:24,060 : INFO : EventManager : Event: ======'balldevice_balls_available'====== Args={}
2024-07-16 07:57:24,061 : INFO : ball_device.bd_trough : State: waiting_for_target_ready
2024-07-16 07:57:24,061 : INFO : EventManager : Event: ======'balldevice_bd_trough_ball_eject_attempt'====== Args={'balls': 1, 'target': <ball_device.bd_plunger>, 'source': <ball_device.bd_trough>, 'mechanical_eject': True, 'num_attempts': 0}
2024-07-16 07:57:24,061 : INFO : ball_device.bd_plunger : State: waiting_for_ball
2024-07-16 07:57:24,061 : INFO : ball_device.bd_trough : State: ejecting
2024-07-16 07:57:24,061 : INFO : ball_device.bd_trough : Ejecting ball to <ball_device.bd_plunger>
2024-07-16 07:57:24,061 : INFO : EventManager : Event: ======'balldevice_bd_trough_ejecting_ball'====== Args={'balls': 1, 'target': <ball_device.bd_plunger>, 'source': <ball_device.bd_trough>, 'mechanical_eject': True, 'num_attempts': 0}
2024-07-16 07:57:24,061 : INFO : EventManager : Event: ======'slide_skillshot_created'====== Args={'_from_bcp': True}
2024-07-16 07:57:24,062 : INFO : EventManager : Event: ======'slide_dtp_logo_attract_inactive'====== Args={'_from_bcp': True}
2024-07-16 07:57:24,062 : INFO : EventManager : Event: ======'slide_skillshot_active'====== Args={'original_context': 'skillshot', 'original_calling_context': 'mode_skillshot_started', 'queue': '<QueuedEvent>', 'cmd': 'slides_play', '_from_bcp': True}
2024-07-16 07:57:24,062 : INFO : EventManager : Event: ======'slide_dtp_logo_attract_removed'====== Args={'_from_bcp': True}
2024-07-16 07:57:24,062 : INFO : ball_device.bd_trough : Wait for ball to leave device
2024-07-16 07:57:24,063 : INFO : coil.c_trough_eject : Pulsing Driver for 20ms (1.0 pulse_power)
2024-07-16 07:57:24,063 : INFO : SwitchController : <<<<<<< 's_trough1' inactive >>>>>>>
2024-07-16 07:57:24,063 : INFO : ball_device.bd_trough : State: ball_left
2024-07-16 07:57:24,064 : INFO : ball_device.bd_trough : Ball left
2024-07-16 07:57:24,064 : INFO : ball_device.bd_trough : Wait for confirm with timeout 3.0
2024-07-16 07:57:24,077 : INFO : EventManager : Event: ======'slide_base_created'====== Args={'_from_bcp': True}
2024-07-16 07:57:24,164 : INFO : SwitchController : <<<<<<< 's_plunger' active >>>>>>>
2024-07-16 07:57:24,164 : INFO : EventManager : Event: ======'machine_var_audits_switches_s_plunger'====== Args={'value': 437, 'prev_value': 436, 'change': 1}
2024-07-16 07:57:24,665 : INFO : ball_device.bd_plunger : Received ball from <ball_device.bd_trough>
2024-07-16 07:57:24,665 : INFO : EventManager : Event: ======'balldevice_bd_plunger_ball_enter'====== Args={'new_balls': 1, 'unclaimed_balls': 0, 'new_available_balls': 0, 'device': <ball_device.bd_plunger>}
2024-07-16 07:57:24,667 : INFO : EventManager : Event: ======'balldevice_bd_plunger_ball_entered'====== Args={'new_balls': 0, 'device': <ball_device.bd_plunger>}
2024-07-16 07:57:24,668 : INFO : EventManager : Event: ======'balldevice_bd_plunger_ball_count_changed'====== Args={'balls': 1}
2024-07-16 07:57:24,669 : INFO : ball_device.bd_trough : Got eject confirm
2024-07-16 07:57:24,670 : INFO : ball_device.bd_trough : Eject successful
2024-07-16 07:57:24,671 : INFO : EventManager : Event: ======'balldevice_bd_trough_ball_eject_success'====== Args={'balls': 1, 'target': <ball_device.bd_plunger>}
2024-07-16 07:57:24,672 : INFO : EventManager : Event: ======'balldevice_bd_trough_ball_count_changed'====== Args={'balls': 5}
2024-07-16 07:57:24,673 : INFO : ball_device.bd_trough : State: idle
2024-07-16 07:57:24,673 : INFO : ball_device.bd_plunger : State: waiting_for_target_ready
2024-07-16 07:57:24,674 : INFO : EventManager : Event: ======'balldevice_bd_plunger_ball_eject_attempt'====== Args={'balls': 1, 'target': <playfield.playfield>, 'source': <ball_device.bd_plunger>, 'mechanical_eject': True, 'num_attempts': 0}
2024-07-16 07:57:24,690 : INFO : ball_device.bd_plunger : State: ejecting
2024-07-16 07:57:24,691 : INFO : ball_device.bd_plunger : Ejecting ball to <playfield.playfield>
2024-07-16 07:57:24,691 : INFO : EventManager : Event: ======'balldevice_bd_plunger_ejecting_ball'====== Args={'balls': 1, 'target': <playfield.playfield>, 'source': <ball_device.bd_plunger>, 'mechanical_eject': True, 'num_attempts': 0}
2024-07-16 07:57:24,693 : INFO : ball_device.bd_plunger : Wait for ball to leave device
2024-07-16 07:57:25,044 : INFO : EventManager : Event: ======'player_skillshot_skillshot_rotate_tick'====== Args={'value': 1, 'prev_value': 0, 'change': 1, 'player_num': 1}
2024-07-16 07:57:25,046 : INFO : EventManager : Event: ======'timer_skillshot_rotate_tick'====== Args={'ticks': 1, 'ticks_remaining': 0}
2024-07-16 07:57:25,047 : INFO : EventManager : Event: ======'player_shot_skillshot_p_target'====== Args={'value': 0, 'prev_value': 1, 'change': -1, 'player_num': 1}
2024-07-16 07:57:25,049 : INFO : EventManager : Event: ======'player_shot_skillshot_r_target'====== Args={'value': 1, 'prev_value': 0, 'change': 1, 'player_num': 1}
2024-07-16 07:57:26,044 : INFO : EventManager : Event: ======'player_skillshot_skillshot_rotate_tick'====== Args={'value': 2, 'prev_value': 1, 'change': 1, 'player_num': 1}
2024-07-16 07:57:26,046 : INFO : EventManager : Event: ======'timer_skillshot_rotate_tick'====== Args={'ticks': 2, 'ticks_remaining': 0}
2024-07-16 07:57:26,047 : INFO : EventManager : Event: ======'player_shot_skillshot_r_target'====== Args={'value': 0, 'prev_value': 1, 'change': -1, 'player_num': 1}
2024-07-16 07:57:26,049 : INFO : EventManager : Event: ======'player_shot_skillshot_o_target'====== Args={'value': 1, 'prev_value': 0, 'change': 1, 'player_num': 1}
2024-07-16 07:57:26,421 : WARNING : SwitchController : Received duplicate switch state 1 for switch s_plunger from the platform interface. Log Code: Log-SwitchController-1 (https://missionpinball.org/logs)
2024-07-16 07:57:26,588 : INFO : SwitchController : <<<<<<< 's_plunger' inactive >>>>>>>
2024-07-16 07:57:26,590 : INFO : ball_device.bd_plunger : State: ball_left
2024-07-16 07:57:26,590 : INFO : ball_device.bd_plunger : Ball left
2024-07-16 07:57:26,591 : INFO : ball_device.bd_plunger : Wait for confirm with timeout 3.0
2024-07-16 07:57:27,044 : INFO : EventManager : Event: ======'player_skillshot_skillshot_rotate_tick'====== Args={'value': 3, 'prev_value': 2, 'change': 1, 'player_num': 1}
2024-07-16 07:57:27,046 : INFO : EventManager : Event: ======'timer_skillshot_rotate_tick'====== Args={'ticks': 3, 'ticks_remaining': 0}
2024-07-16 07:57:27,047 : INFO : EventManager : Event: ======'player_shot_skillshot_o_target'====== Args={'value': 0, 'prev_value': 1, 'change': -1, 'player_num': 1}
2024-07-16 07:57:27,049 : INFO : EventManager : Event: ======'player_shot_skillshot_p2_target'====== Args={'value': 1, 'prev_value': 0, 'change': 1, 'player_num': 1}
2024-07-16 07:57:28,044 : INFO : EventManager : Event: ======'player_skillshot_skillshot_rotate_tick'====== Args={'value': 4, 'prev_value': 3, 'change': 1, 'player_num': 1}
2024-07-16 07:57:28,045 : INFO : EventManager : Event: ======'timer_skillshot_rotate_tick'====== Args={'ticks': 4, 'ticks_remaining': 0}
2024-07-16 07:57:28,046 : INFO : EventManager : Event: ======'player_shot_skillshot_p2_target'====== Args={'value': 0, 'prev_value': 1, 'change': -1, 'player_num': 1}
2024-07-16 07:57:28,047 : INFO : EventManager : Event: ======'player_shot_skillshot_a_target'====== Args={'value': 1, 'prev_value': 0, 'change': 1, 'player_num': 1}
2024-07-16 07:57:29,044 : INFO : EventManager : Event: ======'player_skillshot_skillshot_rotate_tick'====== Args={'value': 5, 'prev_value': 4, 'change': 1, 'player_num': 1}
2024-07-16 07:57:29,045 : INFO : EventManager : Event: ======'timer_skillshot_rotate_tick'====== Args={'ticks': 5, 'ticks_remaining': 0}
2024-07-16 07:57:29,046 : INFO : EventManager : Event: ======'player_shot_skillshot_a_target'====== Args={'value': 0, 'prev_value': 1, 'change': -1, 'player_num': 1}
2024-07-16 07:57:29,047 : INFO : EventManager : Event: ======'player_shot_skillshot_n_target'====== Args={'value': 1, 'prev_value': 0, 'change': 1, 'player_num': 1}
2024-07-16 07:57:29,593 : INFO : ball_device.bd_plunger : State: failed_confirm
2024-07-16 07:57:29,594 : INFO : ball_device.bd_plunger : Got timeout (3.0s) before confirm from <playfield.playfield>
2024-07-16 07:57:29,695 : INFO : ball_device.bd_plunger : Confirming eject because target is playfield and ball did not return.
2024-07-16 07:57:29,695 : INFO : ball_device.bd_plunger : Eject successful
2024-07-16 07:57:29,695 : INFO : EventManager : Event: ======'balldevice_bd_plunger_ball_eject_success'====== Args={'balls': 1, 'target': <playfield.playfield>}
2024-07-16 07:57:29,696 : INFO : EventManager : Event: ======'balldevice_playfield_ball_enter'====== Args={'new_balls': 1, 'unclaimed_balls': 1, 'device': <playfield.playfield>}
2024-07-16 07:57:29,696 : INFO : EventManager : Event: ======'playfield_ball_count_change'====== Args={'balls': 1, 'change': 1}
2024-07-16 07:57:29,697 : INFO : EventManager : Event: ======'balldevice_bd_plunger_ball_count_changed'====== Args={'balls': 0}
2024-07-16 07:57:29,698 : INFO : ball_device.bd_plunger : State: idle
2024-07-16 07:57:30,044 : INFO : EventManager : Event: ======'player_skillshot_skillshot_rotate_tick'====== Args={'value': 6, 'prev_value': 5, 'change': 1, 'player_num': 1}
2024-07-16 07:57:30,046 : INFO : EventManager : Event: ======'timer_skillshot_rotate_tick'====== Args={'ticks': 6, 'ticks_remaining': 0}
2024-07-16 07:57:30,047 : INFO : EventManager : Event: ======'player_shot_skillshot_n_target'====== Args={'value': 0, 'prev_value': 1, 'change': -1, 'player_num': 1}
2024-07-16 07:57:30,049 : INFO : EventManager : Event: ======'player_shot_skillshot_e_target'====== Args={'value': 1, 'prev_value': 0, 'change': 1, 'player_num': 1}
2024-07-16 07:57:31,044 : INFO : EventManager : Event: ======'player_skillshot_skillshot_rotate_tick'====== Args={'value': 7, 'prev_value': 6, 'change': 1, 'player_num': 1}
2024-07-16 07:57:31,046 : INFO : EventManager : Event: ======'timer_skillshot_rotate_tick'====== Args={'ticks': 7, 'ticks_remaining': 0}
2024-07-16 07:57:31,047 : INFO : EventManager : Event: ======'player_shot_skillshot_p_target'====== Args={'value': 1, 'prev_value': 0, 'change': 1, 'player_num': 1}
2024-07-16 07:57:31,049 : INFO : EventManager : Event: ======'player_shot_skillshot_e_target'====== Args={'value': 0, 'prev_value': 1, 'change': -1, 'player_num': 1}
2024-07-16 07:57:31,614 : INFO : SwitchController : <<<<<<< 's_plunger_lane_exit' active >>>>>>>
2024-07-16 07:57:31,614 : INFO : EventManager : Event: ======'s_plunger_lane_exit_active'====== Args={}
2024-07-16 07:57:31,615 : INFO : EventManager : Event: ======'sw_playfield_active'====== Args={}
2024-07-16 07:57:31,615 : INFO : EventManager : Event: ======'machine_var_audits_switches_s_plunger_lane_exit'====== Args={'value': 240, 'prev_value': 239, 'change': 1}
2024-07-16 07:57:31,616 : INFO : EventManager : Event: ======'ball_save_default_timer_start'====== Args={}
2024-07-16 07:57:31,756 : INFO : SwitchController : <<<<<<< 's_plunger_lane_exit' inactive >>>>>>>
2024-07-16 07:57:31,756 : INFO : EventManager : Event: ======'s_plunger_lane_exit_inactive'====== Args={}
2024-07-16 07:57:31,757 : INFO : Timer.skillshot_rotate : Stopping Timer
2024-07-16 07:57:31,757 : INFO : EventManager : Event: ======'timer_skillshot_rotate_stopped'====== Args={'ticks': 7, 'ticks_remaining': 0}
2024-07-16 07:57:31,757 : INFO : EventManager : Event: ======'advance_skillshot_1'====== Args={'priority': 0}
2024-07-16 07:57:31,758 : INFO : EventManager : Event: ======'player_shot_skillshot_p_target'====== Args={'value': 2, 'prev_value': 1, 'change': 1, 'player_num': 1}
2024-07-16 07:57:33,977 : INFO : SwitchController : <<<<<<< 's_p_target' active >>>>>>>
2024-07-16 07:57:33,977 : INFO : EventManager : Event: ======'s_p_target_active'====== Args={}
2024-07-16 07:57:33,978 : INFO : EventManager : Event: ======'machine_var_audits_switches_s_p_target'====== Args={'value': 268, 'prev_value': 267, 'change': 1}
2024-07-16 07:57:33,980 : INFO : EventManager : Event: ======'machine_var_audits_shots_skillshot_p_target'====== Args={'value': 19, 'prev_value': 18, 'change': 1}
2024-07-16 07:57:33,981 : INFO : EventManager : Event: ======'skillshot_p_target_hit'====== Args={'profile': 'skillshot_profile', 'state': 'lit', 'advancing': False}
2024-07-16 07:57:33,981 : INFO : EventManager : Event: ======'skillshot_p_target_skillshot_profile_hit'====== Args={'profile': 'skillshot_profile', 'state': 'lit', 'advancing': False}
2024-07-16 07:57:33,988 : INFO : EventManager : Event: ======'skillshot_p_target_skillshot_profile_lit_hit'====== Args={'profile': 'skillshot_profile', 'state': 'lit', 'advancing': False}
2024-07-16 07:57:33,990 : INFO : EventManager : Event: ======'skillshot_p_target_lit_hit'====== Args={'profile': 'skillshot_profile', 'state': 'lit', 'advancing': False}
2024-07-16 07:57:33,990 : INFO : EventManager : Event: ======'player_shot_qualify_p_target'====== Args={'value': 1, 'prev_value': 0, 'change': 1, 'player_num': 1}
2024-07-16 07:57:33,991 : INFO : EventManager : Event: ======'machine_var_audits_shots_qualify_p_target'====== Args={'value': 53, 'prev_value': 52, 'change': 1}
2024-07-16 07:57:33,992 : INFO : EventManager : Event: ======'qualify_p_target_hit'====== Args={'profile': 'default', 'state': 'unlit', 'advancing': True}
2024-07-16 07:57:33,993 : INFO : EventManager : Event: ======'qualify_p_target_default_hit'====== Args={'profile': 'default', 'state': 'unlit', 'advancing': True}
2024-07-16 07:57:33,993 : INFO : EventManager : Event: ======'qualify_p_target_default_unlit_hit'====== Args={'profile': 'default', 'state': 'unlit', 'advancing': True}
2024-07-16 07:57:33,993 : INFO : EventManager : Event: ======'qualify_p_target_unlit_hit'====== Args={'profile': 'default', 'state': 'unlit', 'advancing': True}
2024-07-16 07:57:33,993 : INFO : EventManager : Event: ======'player_score'====== Args={'value': 50, 'prev_value': 0, 'change': 50, 'player_num': 1, 'source': 'base'}
2024-07-16 07:57:33,993 : INFO : EventManager : Event: ======'skillshot_hit'====== Args={'shot': 'skillshot_p_target'}
2024-07-16 07:57:33,993 : INFO : EventManager : Event: ======'skillshot_lit_hit'====== Args={'shot': 'skillshot_p_target'}
2024-07-16 07:57:33,994 : INFO : EventManager : Event: ======'stop_mode_skillshot'====== Args={'priority': 0}
2024-07-16 07:57:33,994 : INFO : EventManager : Event: ======'mode_skillshot_will_stop'====== Args={}
2024-07-16 07:57:33,994 : INFO : EventManager : Event: ======'mode_skillshot_stopping'====== Args={}
2024-07-16 07:57:33,995 : INFO : EventManager : Event: ======'player_score'====== Args={'value': 20050, 'prev_value': 50, 'change': 20000, 'player_num': 1, 'source': 'skillshot'}
2024-07-16 07:57:33,997 : INFO : EventManager : Event: ======'qualify_mission_hit'====== Args={'shot': 'qualify_p_target'}
2024-07-16 07:57:33,997 : INFO : EventManager : Event: ======'qualify_mission_unlit_hit'====== Args={'shot': 'qualify_p_target'}
2024-07-16 07:57:33,999 : INFO : Mode.skillshot : Stopped.
2024-07-16 07:57:33,999 : INFO : EventManager : Event: ======'modes_active_modes_changed'====== Args={}
2024-07-16 07:57:33,999 : INFO : EventManager : Event: ======'mode_skillshot_stopped'====== Args={}
2024-07-16 07:57:33,999 : INFO : EventManager : Event: ======'clear'====== Args={'key': 'skillshot'}
2024-07-16 07:57:34,001 : INFO : Timer.skillshot_rotate : Stopping Timer
2024-07-16 07:57:34,001 : INFO : EventManager : Event: ======'timer_skillshot_rotate_stopped'====== Args={'ticks': 7, 'ticks_remaining': 0}
2024-07-16 07:57:34,019 : INFO : EventManager : Event: ======'slide_skillshot_inactive'====== Args={'_from_bcp': True}
2024-07-16 07:57:34,019 : INFO : EventManager : Event: ======'slide_base_active'====== Args={'_from_bcp': True}
2024-07-16 07:57:34,019 : INFO : EventManager : Event: ======'slide_skillshot_removed'====== Args={'_from_bcp': True}
2024-07-16 07:57:34,090 : INFO : SwitchController : <<<<<<< 's_p_target' inactive >>>>>>>
2024-07-16 07:57:35,830 : INFO : SwitchController : <<<<<<< 's_left_inner_horseshoe' active >>>>>>>
2024-07-16 07:57:35,830 : INFO : EventManager : Event: ======'s_left_inner_horseshoe_active'====== Args={}
2024-07-16 07:57:35,831 : INFO : EventManager : Event: ======'machine_var_audits_switches_s_left_inner_horseshoe'====== Args={'value': 10, 'prev_value': 9, 'change': 1}
2024-07-16 07:57:35,832 : INFO : EventManager : Event: ======'player_score'====== Args={'value': 20150, 'prev_value': 20050, 'change': 100, 'player_num': 1, 'source': 'base'}
2024-07-16 07:57:35,892 : INFO : SwitchController : <<<<<<< 's_left_inner_horseshoe' inactive >>>>>>>
2024-07-16 07:57:38,076 : INFO : SwitchController : <<<<<<< 's_right_inner_horseshoe' active >>>>>>>
2024-07-16 07:57:38,077 : INFO : EventManager : Event: ======'s_right_inner_horseshoe_active'====== Args={}
2024-07-16 07:57:38,078 : INFO : EventManager : Event: ======'machine_var_audits_switches_s_right_inner_horseshoe'====== Args={'value': 8, 'prev_value': 7, 'change': 1}
2024-07-16 07:57:38,079 : INFO : EventManager : Event: ======'player_score'====== Args={'value': 20250, 'prev_value': 20150, 'change': 100, 'player_num': 1, 'source': 'base'}
2024-07-16 07:57:38,223 : INFO : SwitchController : <<<<<<< 's_right_inner_horseshoe' inactive >>>>>>>
2024-07-16 07:57:39,617 : INFO : EventManager : Event: ======'ball_save_default_hurry_up'====== Args={}
2024-07-16 07:57:40,311 : INFO : SwitchController : <<<<<<< 's_scoop' active >>>>>>>
2024-07-16 07:57:40,311 : INFO : EventManager : Event: ======'machine_var_audits_switches_s_scoop'====== Args={'value': 69, 'prev_value': 68, 'change': 1}
2024-07-16 07:57:40,812 : INFO : EventManager : Event: ======'balldevice_bd_scoop_ball_count_changed'====== Args={'balls': 1}
2024-07-16 07:57:40,813 : INFO : ball_device.bd_scoop : Received unexpected ball
2024-07-16 07:57:40,813 : INFO : EventManager : Event: ======'balldevice_captured_from_playfield'====== Args={'balls': 1}
2024-07-16 07:57:40,813 : INFO : EventManager : Event: ======'sw_playfield_active'====== Args={'balls': 1}
2024-07-16 07:57:40,814 : INFO : EventManager : Event: ======'playfield_ball_count_change'====== Args={'balls': 0, 'change': -1}
2024-07-16 07:57:40,815 : INFO : EventManager : Event: ======'balldevice_bd_scoop_ball_enter'====== Args={'new_balls': 1, 'unclaimed_balls': 1, 'new_available_balls': 1, 'device': <ball_device.bd_scoop>}
2024-07-16 07:57:40,815 : INFO : EventManager : Event: ======'ball_hold_scoop_held_ball'====== Args={'balls_held': 1, 'total_balls_held': 1}
2024-07-16 07:57:40,815 : INFO : EventManager : Event: ======'ball_hold_scoop_full'====== Args={'balls': 1}
2024-07-16 07:57:40,816 : INFO : EventManager : Event: ======'balldevice_balls_available'====== Args={}
2024-07-16 07:57:40,816 : INFO : EventManager : Event: ======'balldevice_bd_scoop_ball_entered'====== Args={'new_balls': 1, 'device': <ball_device.bd_scoop>}
2024-07-16 07:57:41,618 : INFO : EventManager : Event: ======'ball_save_default_grace_period'====== Args={}
2024-07-16 07:57:43,618 : INFO : EventManager : Event: ======'ball_save_default_disabled'====== Args={}
2024-07-16 07:58:43,516 : INFO : Machine : Shutting down...
2024-07-16 07:58:43,516 : INFO : EventManager : Event: ======'shutdown'====== Args={}
2024-07-16 07:58:43,519 : INFO : EventManager : Event: ======'mode_game_will_stop'====== Args={}
2024-07-16 07:58:43,519 : INFO : EventManager : Event: ======'mode_game_stopping'====== Args={}
2024-07-16 07:58:43,520 : INFO : EventManager : Event: ======'mode_BBQ_rollover_will_stop'====== Args={}
2024-07-16 07:58:43,520 : INFO : EventManager : Event: ======'mode_BBQ_rollover_stopping'====== Args={}
2024-07-16 07:58:43,520 : INFO : EventManager : Event: ======'mode_base_will_stop'====== Args={}
2024-07-16 07:58:43,520 : INFO : EventManager : Event: ======'mode_base_stopping'====== Args={}
2024-07-16 07:58:43,521 : INFO : Mode.base : Stopped.
2024-07-16 07:58:43,521 : INFO : EventManager : Event: ======'modes_active_modes_changed'====== Args={}
2024-07-16 07:58:43,521 : INFO : EventManager : Event: ======'mode_base_stopped'====== Args={}
2024-07-16 07:58:43,521 : INFO : EventManager : Event: ======'clear'====== Args={'key': 'base'}
2024-07-16 07:58:43,522 : INFO : Mode.BBQ_rollover : Stopped.
2024-07-16 07:58:43,522 : INFO : EventManager : Event: ======'modes_active_modes_changed'====== Args={}
2024-07-16 07:58:43,523 : INFO : EventManager : Event: ======'mode_BBQ_rollover_stopped'====== Args={}
2024-07-16 07:58:43,523 : INFO : EventManager : Event: ======'clear'====== Args={'key': 'BBQ_rollover'}
2024-07-16 07:58:43,524 : INFO : Mode.game : Stopped.
2024-07-16 07:58:43,524 : INFO : EventManager : Event: ======'modes_active_modes_changed'====== Args={}
2024-07-16 07:58:43,524 : INFO : EventManager : Event: ======'mode_game_stopped'====== Args={}
2024-07-16 07:58:43,524 : INFO : EventManager : Event: ======'clear'====== Args={'key': 'game'}
2024-07-16 07:58:43,526 : INFO : root : MPF run loop ended.
