2024-07-15 09:42:18,400 : INFO : root : Loading config.
2024-07-15 09:42:18,402 : INFO : YamlMultifileConfigLoader : Machine config file #1: config.yaml
2024-07-15 09:42:18,402 : WARNING : ConfigProcessor : Config file in cache changed: /Users/nicktaseris/Desktop/Pinball/KOTH/config/config.yaml
2024-07-15 09:42:18,402 : INFO : ConfigProcessor : Loading config from file /Users/nicktaseris/mpfenv/lib/python3.9/site-packages/mpf/mpfconfig.yaml.
2024-07-15 09:42:18,408 : INFO : ConfigProcessor : Loading config: /Users/nicktaseris/mpfenv/lib/python3.9/site-packages/mpf/mpfconfig.yaml
2024-07-15 09:42:18,409 : INFO : ConfigProcessor : Loading config from file /Users/nicktaseris/Desktop/Pinball/KOTH/config/config.yaml.
2024-07-15 09:42:18,413 : INFO : ConfigProcessor : Loading config: /Users/nicktaseris/Desktop/Pinball/KOTH/config/config.yaml
2024-07-15 09:42:18,414 : INFO : ConfigProcessor : Config file cache created: /var/folders/sv/d29kcl5x50v7vt1n6xb5jsd40000gn/T/c166cef8060ffee16a35821bf698da85.mpf_cache
2024-07-15 09:42:18,445 : INFO : ConfigProcessor : Loading config from cache: /var/folders/sv/d29kcl5x50v7vt1n6xb5jsd40000gn/T/6b31c5ac6ecbad948994a8204ea6b05b.mpf_cache
2024-07-15 09:42:18,445 : INFO : ConfigProcessor : Loading config from cache: /var/folders/sv/d29kcl5x50v7vt1n6xb5jsd40000gn/T/fe612d1e66c8a96c19ba449d3748eeac.mpf_cache
2024-07-15 09:42:18,445 : INFO : ConfigProcessor : Loading config from cache: /var/folders/sv/d29kcl5x50v7vt1n6xb5jsd40000gn/T/6b31c5ac6ecbad948994a8204ea6b05b.mpf_cache
2024-07-15 09:42:18,446 : INFO : ConfigProcessor : Loading config from cache: /var/folders/sv/d29kcl5x50v7vt1n6xb5jsd40000gn/T/8765227693ecd961e0504502a81255e0.mpf_cache
2024-07-15 09:42:18,446 : INFO : ConfigProcessor : Loading config from cache: /var/folders/sv/d29kcl5x50v7vt1n6xb5jsd40000gn/T/b247728c74b4d81bcb2825e2b07062a7.mpf_cache
2024-07-15 09:42:18,446 : INFO : ConfigProcessor : Loading config from cache: /var/folders/sv/d29kcl5x50v7vt1n6xb5jsd40000gn/T/f240f94f0b5d0f37ec4fd7571275a101.mpf_cache
2024-07-15 09:42:18,446 : INFO : ConfigProcessor : Loading config from cache: /var/folders/sv/d29kcl5x50v7vt1n6xb5jsd40000gn/T/c4409acfdf3ec94666e0adef48d55400.mpf_cache
2024-07-15 09:42:18,446 : INFO : ConfigProcessor : Loading config from cache: /var/folders/sv/d29kcl5x50v7vt1n6xb5jsd40000gn/T/6a2f50ed892485825cc04dc0a68eab9f.mpf_cache
2024-07-15 09:42:18,447 : INFO : ConfigProcessor : Loading config from cache: /var/folders/sv/d29kcl5x50v7vt1n6xb5jsd40000gn/T/d58c58eb9fd1a2dc27f8acd255fb3761.mpf_cache
2024-07-15 09:42:18,447 : INFO : ConfigProcessor : Loading config from cache: /var/folders/sv/d29kcl5x50v7vt1n6xb5jsd40000gn/T/07adfd310b3ef0e03c5cbc91527abb6c.mpf_cache
2024-07-15 09:42:18,447 : INFO : ConfigProcessor : Loading config from cache: /var/folders/sv/d29kcl5x50v7vt1n6xb5jsd40000gn/T/362e08f51a1a1b7a0809dd52f9c83f83.mpf_cache
2024-07-15 09:42:18,447 : INFO : ConfigProcessor : Loading config from cache: /var/folders/sv/d29kcl5x50v7vt1n6xb5jsd40000gn/T/e45e3bd39557ed8d0881194a7afab8f7.mpf_cache
2024-07-15 09:42:18,447 : INFO : ConfigProcessor : Loading config from cache: /var/folders/sv/d29kcl5x50v7vt1n6xb5jsd40000gn/T/331d8d1a1bc190cae8c13495e1db372f.mpf_cache
2024-07-15 09:42:18,447 : INFO : ConfigProcessor : Loading config from cache: /var/folders/sv/d29kcl5x50v7vt1n6xb5jsd40000gn/T/34853b7ed6df3aedbba239874ade5ac8.mpf_cache
2024-07-15 09:42:18,448 : INFO : ConfigProcessor : Loading config from cache: /var/folders/sv/d29kcl5x50v7vt1n6xb5jsd40000gn/T/280fd64455d0d243a54ab4db98fbccbd.mpf_cache
2024-07-15 09:42:18,448 : INFO : ConfigProcessor : Loading config from cache: /var/folders/sv/d29kcl5x50v7vt1n6xb5jsd40000gn/T/0c0596ed8fbb40b6113901d21bdc0a39.mpf_cache
2024-07-15 09:42:18,448 : INFO : ConfigProcessor : Loading config from cache: /var/folders/sv/d29kcl5x50v7vt1n6xb5jsd40000gn/T/84fc69921bfaf1bfbbfe305e0f70f232.mpf_cache
2024-07-15 09:42:18,448 : INFO : ConfigProcessor : Loading config from cache: /var/folders/sv/d29kcl5x50v7vt1n6xb5jsd40000gn/T/3048ed2d7ea14eee3db896f6760aa474.mpf_cache
2024-07-15 09:42:18,449 : INFO : Machine : Mission Pinball Framework Core Engine v0.80.0.dev1
2024-07-15 09:42:18,449 : INFO : Machine : Command line arguments: {'no_load_cache': False, 'create_config_cache': True, 'bcp': True, 'configfile': ['config.yaml'], 'force_assets_load': False, 'platform_integration_test': False, 'jsonlogging': False, 'logfile': 'logs/2024-07-15-09-42-18-mpf-Nicks-Air.lan.log', 'pause': False, 'production': False, 'text_ui': True, 'loglevel': 15, 'consoleloglevel': 20, 'force_platform': None, 'syslog_address': None, 'mc_file_name': None, 'no_sound': False, 'full_logfile_path': '/Users/nicktaseris/Desktop/Pinball/KOTH/logs/2024-07-15-09-42-18-mpf-Nicks-Air.lan.log'}
2024-07-15 09:42:18,449 : INFO : Machine : MPF path: /Users/nicktaseris/mpfenv/lib/python3.9/site-packages/mpf
2024-07-15 09:42:18,449 : INFO : Machine : Machine path: /Users/nicktaseris/Desktop/Pinball/KOTH
2024-07-15 09:42:18,449 : INFO : Machine : Platform: darwin
2024-07-15 09:42:18,449 : INFO : Machine : Python executable location: /Users/nicktaseris/mpfenv/bin/python3
2024-07-15 09:42:18,449 : INFO : Machine : Python version: 3.9.13 (64-bit)
2024-07-15 09:42:18,449 : INFO : Machine : Initializing MPF...
2024-07-15 09:42:18,488 : INFO : EventManager : Event: ======'machine_var_credits_string'====== Args={'value': 'FREE PLAY', 'prev_value': None, 'change': True}
2024-07-15 09:42:18,494 : INFO : EventManager : Event: ======'machine_var_master_volume'====== Args={'value': 0.5, 'prev_value': None, 'change': True}
2024-07-15 09:42:18,494 : INFO : EventManager : Event: ======'machine_var_player1_score'====== Args={'value': 175300, 'prev_value': None, 'change': True}
2024-07-15 09:42:18,494 : INFO : EventManager : Event: ======'machine_var_mpf_version'====== Args={'value': 'Mission Pinball Framework v0.80.0.dev1', 'prev_value': None, 'change': True}
2024-07-15 09:42:18,494 : INFO : EventManager : Event: ======'machine_var_mpf_extended_version'====== Args={'value': 'Mission Pinball Framework v0.80.0.dev1, Config version:6, Show version: 6, BCP version:1.1', 'prev_value': None, 'change': True}
2024-07-15 09:42:18,494 : INFO : EventManager : Event: ======'machine_var_python_version'====== Args={'value': '3.9.13', 'prev_value': None, 'change': True}
2024-07-15 09:42:18,502 : INFO : EventManager : Event: ======'machine_var_platform'====== Args={'value': 'macOS-12.1-arm64-arm-64bit', 'prev_value': None, 'change': True}
2024-07-15 09:42:18,502 : INFO : EventManager : Event: ======'machine_var_platform_system'====== Args={'value': 'Darwin', 'prev_value': None, 'change': True}
2024-07-15 09:42:18,502 : INFO : EventManager : Event: ======'machine_var_platform_release'====== Args={'value': '21.2.0', 'prev_value': None, 'change': True}
2024-07-15 09:42:18,502 : INFO : EventManager : Event: ======'machine_var_platform_version'====== Args={'value': 'Darwin Kernel Version 21.2.0: Sun Nov 28 20:29:10 PST 2021; root:xnu-8019.61.5~1/RELEASE_ARM64_T8101', 'prev_value': None, 'change': True}
2024-07-15 09:42:18,502 : INFO : EventManager : Event: ======'machine_var_platform_machine'====== Args={'value': 'arm64', 'prev_value': None, 'change': True}
2024-07-15 09:42:18,502 : INFO : EventManager : Event: ======'machine_var_log_file_path'====== Args={'value': '/Users/nicktaseris/Desktop/Pinball/KOTH/logs/2024-07-15-09-42-18-mpf-Nicks-Air.lan.log', 'prev_value': None, 'change': True}
2024-07-15 09:42:18,502 : INFO : EventManager : Event: ======'init_phase_1'====== Args={}
2024-07-15 09:42:18,520 : INFO : EventManager : Event: ======'drop_target_bank_strickland_bank_up'====== Args={}
2024-07-15 09:42:18,520 : INFO : EventManager : Event: ======'init_phase_2'====== Args={}
2024-07-15 09:42:18,521 : INFO : SwitchController : Found active switch: ('39', <Platform.SmartVirtual>) <switch.s_trough1>
2024-07-15 09:42:18,521 : INFO : SwitchController : Found active switch: ('40', <Platform.SmartVirtual>) <switch.s_trough2>
2024-07-15 09:42:18,521 : INFO : SwitchController : Found active switch: ('41', <Platform.SmartVirtual>) <switch.s_trough3>
2024-07-15 09:42:18,521 : INFO : SwitchController : Found active switch: ('42', <Platform.SmartVirtual>) <switch.s_trough4>
2024-07-15 09:42:18,521 : INFO : SwitchController : Found active switch: ('43', <Platform.SmartVirtual>) <switch.s_trough5>
2024-07-15 09:42:18,521 : INFO : SwitchController : Found active switch: ('44', <Platform.SmartVirtual>) <switch.s_trough6>
2024-07-15 09:42:18,524 : INFO : EventManager : Event: ======'bcp_connection_attempt'====== Args={'name': 'local_display', 'host': 'localhost', 'port': 5050}
2024-07-15 09:42:18,524 : INFO : BCPClientSocket : Connecting BCP to 'local_display' at localhost:5050...
2024-07-15 09:42:18,527 : INFO : BCPClientSocket : Connected BCP to 'local_display' localhost:5050
2024-07-15 09:42:18,527 : INFO : EventManager : Event: ======'bcp_clients_connected'====== Args={}
2024-07-15 09:42:18,528 : INFO : ball_device.bd_trough : BCH: Initial count: 6
2024-07-15 09:42:18,528 : INFO : ball_device.bd_trough : State: idle
2024-07-15 09:42:18,529 : INFO : ball_device.bd_plunger : BCH: Initial count: 0
2024-07-15 09:42:18,529 : INFO : ball_device.bd_plunger : State: idle
2024-07-15 09:42:18,529 : INFO : ball_device.bd_scoop : BCH: Initial count: 0
2024-07-15 09:42:18,529 : INFO : ball_device.bd_scoop : State: idle
2024-07-15 09:42:18,533 : INFO : EventManager : Event: ======'init_phase_3'====== Args={}
2024-07-15 09:42:18,536 : INFO : EventManager : Event: ======'init_phase_4'====== Args={}
2024-07-15 09:42:18,536 : INFO : BallController : Initial balls found: 6
2024-07-15 09:42:18,537 : INFO : EventManager : Event: ======'machine_var_audits_events_game_ended'====== Args={'value': 4, 'prev_value': None, 'change': True}
2024-07-15 09:42:18,537 : INFO : EventManager : Event: ======'machine_var_audits_events_game_started'====== Args={'value': 354, 'prev_value': None, 'change': True}
2024-07-15 09:42:18,537 : INFO : EventManager : Event: ======'machine_var_audits_missing_switches_s_a_target'====== Args={'value': 6, 'prev_value': None, 'change': True}
2024-07-15 09:42:18,537 : INFO : EventManager : Event: ======'machine_var_audits_missing_switches_s_bottom_inline_drop'====== Args={'value': 6, 'prev_value': None, 'change': True}
2024-07-15 09:42:18,537 : INFO : EventManager : Event: ======'machine_var_audits_missing_switches_s_bottom_pop_bumper'====== Args={'value': 36, 'prev_value': None, 'change': True}
2024-07-15 09:42:18,537 : INFO : EventManager : Event: ======'machine_var_audits_missing_switches_s_center_spinner'====== Args={'value': 101, 'prev_value': None, 'change': True}
2024-07-15 09:42:18,537 : INFO : EventManager : Event: ======'machine_var_audits_missing_switches_s_e_target'====== Args={'value': 2, 'prev_value': None, 'change': True}
2024-07-15 09:42:18,537 : INFO : EventManager : Event: ======'machine_var_audits_missing_switches_s_left_flipper'====== Args={'value': 4, 'prev_value': None, 'change': True}
2024-07-15 09:42:18,537 : INFO : EventManager : Event: ======'machine_var_audits_missing_switches_s_left_inlane'====== Args={'value': 2, 'prev_value': None, 'change': True}
2024-07-15 09:42:18,537 : INFO : EventManager : Event: ======'machine_var_audits_missing_switches_s_left_inner_horseshoe'====== Args={'value': 8, 'prev_value': None, 'change': True}
2024-07-15 09:42:18,537 : INFO : EventManager : Event: ======'machine_var_audits_missing_switches_s_left_orbit_enter'====== Args={'value': 9, 'prev_value': None, 'change': True}
2024-07-15 09:42:18,537 : INFO : EventManager : Event: ======'machine_var_audits_missing_switches_s_left_orbit_exit'====== Args={'value': 110, 'prev_value': None, 'change': True}
2024-07-15 09:42:18,537 : INFO : EventManager : Event: ======'machine_var_audits_missing_switches_s_left_outlane'====== Args={'value': 1, 'prev_value': None, 'change': True}
2024-07-15 09:42:18,537 : INFO : EventManager : Event: ======'machine_var_audits_missing_switches_s_left_pop_bumper'====== Args={'value': 7, 'prev_value': None, 'change': True}
2024-07-15 09:42:18,537 : INFO : EventManager : Event: ======'machine_var_audits_missing_switches_s_left_ramp_enter'====== Args={'value': 168, 'prev_value': None, 'change': True}
2024-07-15 09:42:18,538 : INFO : EventManager : Event: ======'machine_var_audits_missing_switches_s_left_ramp_exit'====== Args={'value': 232, 'prev_value': None, 'change': True}
2024-07-15 09:42:18,538 : INFO : EventManager : Event: ======'machine_var_audits_missing_switches_s_left_ramp_standup'====== Args={'value': 2, 'prev_value': None, 'change': True}
2024-07-15 09:42:18,538 : INFO : EventManager : Event: ======'machine_var_audits_missing_switches_s_left_rollover_lane'====== Args={'value': 4, 'prev_value': None, 'change': True}
2024-07-15 09:42:18,538 : INFO : EventManager : Event: ======'machine_var_audits_missing_switches_s_left_sling'====== Args={'value': 4, 'prev_value': None, 'change': True}
2024-07-15 09:42:18,538 : INFO : EventManager : Event: ======'machine_var_audits_missing_switches_s_left_spinner'====== Args={'value': 9, 'prev_value': None, 'change': True}
2024-07-15 09:42:18,538 : INFO : EventManager : Event: ======'machine_var_audits_missing_switches_s_middle_inline_drop'====== Args={'value': 6, 'prev_value': None, 'change': True}
2024-07-15 09:42:18,538 : INFO : EventManager : Event: ======'machine_var_audits_missing_switches_s_middle_rollover_lane'====== Args={'value': 4, 'prev_value': None, 'change': True}
2024-07-15 09:42:18,538 : INFO : EventManager : Event: ======'machine_var_audits_missing_switches_s_n_target'====== Args={'value': 1, 'prev_value': None, 'change': True}
2024-07-15 09:42:18,538 : INFO : EventManager : Event: ======'machine_var_audits_missing_switches_s_o_target'====== Args={'value': 3, 'prev_value': None, 'change': True}
2024-07-15 09:42:18,538 : INFO : EventManager : Event: ======'machine_var_audits_missing_switches_s_p2_target'====== Args={'value': 6, 'prev_value': None, 'change': True}
2024-07-15 09:42:18,538 : INFO : EventManager : Event: ======'machine_var_audits_missing_switches_s_p_target'====== Args={'value': 1, 'prev_value': None, 'change': True}
2024-07-15 09:42:18,538 : INFO : EventManager : Event: ======'machine_var_audits_missing_switches_s_plunger_lane_exit'====== Args={'value': 1, 'prev_value': None, 'change': True}
2024-07-15 09:42:18,538 : INFO : EventManager : Event: ======'machine_var_audits_missing_switches_s_r_target'====== Args={'value': 1, 'prev_value': None, 'change': True}
2024-07-15 09:42:18,538 : INFO : EventManager : Event: ======'machine_var_audits_missing_switches_s_right_flipper'====== Args={'value': 3, 'prev_value': None, 'change': True}
2024-07-15 09:42:18,538 : INFO : EventManager : Event: ======'machine_var_audits_missing_switches_s_right_inlane'====== Args={'value': 305, 'prev_value': None, 'change': True}
2024-07-15 09:42:18,538 : INFO : EventManager : Event: ======'machine_var_audits_missing_switches_s_right_inner_horseshoe'====== Args={'value': 8, 'prev_value': None, 'change': True}
2024-07-15 09:42:18,539 : INFO : EventManager : Event: ======'machine_var_audits_missing_switches_s_right_orbit_exit'====== Args={'value': 97, 'prev_value': None, 'change': True}
2024-07-15 09:42:18,539 : INFO : EventManager : Event: ======'machine_var_audits_missing_switches_s_right_outlane'====== Args={'value': 2, 'prev_value': None, 'change': True}
2024-07-15 09:42:18,539 : INFO : EventManager : Event: ======'machine_var_audits_missing_switches_s_right_pop_bumper'====== Args={'value': 15, 'prev_value': None, 'change': True}
2024-07-15 09:42:18,539 : INFO : EventManager : Event: ======'machine_var_audits_missing_switches_s_right_ramp_enter'====== Args={'value': 59, 'prev_value': None, 'change': True}
2024-07-15 09:42:18,539 : INFO : EventManager : Event: ======'machine_var_audits_missing_switches_s_right_ramp_exit'====== Args={'value': 59, 'prev_value': None, 'change': True}
2024-07-15 09:42:18,539 : INFO : EventManager : Event: ======'machine_var_audits_missing_switches_s_right_ramp_standup'====== Args={'value': 4, 'prev_value': None, 'change': True}
2024-07-15 09:42:18,539 : INFO : EventManager : Event: ======'machine_var_audits_missing_switches_s_right_rollover_lane'====== Args={'value': 4, 'prev_value': None, 'change': True}
2024-07-15 09:42:18,539 : INFO : EventManager : Event: ======'machine_var_audits_missing_switches_s_right_sling'====== Args={'value': 305, 'prev_value': None, 'change': True}
2024-07-15 09:42:18,539 : INFO : EventManager : Event: ======'machine_var_audits_missing_switches_s_scoop'====== Args={'value': 3, 'prev_value': None, 'change': True}
2024-07-15 09:42:18,539 : INFO : EventManager : Event: ======'machine_var_audits_missing_switches_s_start'====== Args={'value': 1, 'prev_value': None, 'change': True}
2024-07-15 09:42:18,539 : INFO : EventManager : Event: ======'machine_var_audits_missing_switches_s_top_inline_drop'====== Args={'value': 6, 'prev_value': None, 'change': True}
2024-07-15 09:42:18,539 : INFO : EventManager : Event: ======'machine_var_audits_missing_switches_s_trough1'====== Args={'value': 1, 'prev_value': None, 'change': True}
2024-07-15 09:42:18,539 : INFO : EventManager : Event: ======'machine_var_audits_missing_switches_s_trough2'====== Args={'value': 1, 'prev_value': None, 'change': True}
2024-07-15 09:42:18,540 : INFO : EventManager : Event: ======'machine_var_audits_missing_switches_s_trough3'====== Args={'value': 1, 'prev_value': None, 'change': True}
2024-07-15 09:42:18,540 : INFO : EventManager : Event: ======'machine_var_audits_missing_switches_s_trough4'====== Args={'value': 309, 'prev_value': None, 'change': True}
2024-07-15 09:42:18,540 : INFO : EventManager : Event: ======'machine_var_audits_missing_switches_s_trough5'====== Args={'value': 309, 'prev_value': None, 'change': True}
2024-07-15 09:42:18,540 : INFO : EventManager : Event: ======'machine_var_audits_missing_switches_s_trough6'====== Args={'value': 309, 'prev_value': None, 'change': True}
2024-07-15 09:42:18,540 : INFO : EventManager : Event: ======'machine_var_audits_missing_switches_s_trough_jam'====== Args={'value': 242, 'prev_value': None, 'change': True}
2024-07-15 09:42:18,540 : INFO : EventManager : Event: ======'machine_var_audits_player_score'====== Args={'value': {'average': 109379, 'top': [370600, 175300, 400, 300, 250], 'total': 5}, 'prev_value': None, 'change': True}
2024-07-15 09:42:18,540 : INFO : EventManager : Event: ======'machine_var_audits_shots_a_target'====== Args={'value': 7, 'prev_value': None, 'change': True}
2024-07-15 09:42:18,540 : INFO : EventManager : Event: ======'machine_var_audits_shots_e_target'====== Args={'value': 3, 'prev_value': None, 'change': True}
2024-07-15 09:42:18,540 : INFO : EventManager : Event: ======'machine_var_audits_shots_left_rollover_lane'====== Args={'value': 146, 'prev_value': None, 'change': True}
2024-07-15 09:42:18,540 : INFO : EventManager : Event: ======'machine_var_audits_shots_middle_rollover_lane'====== Args={'value': 143, 'prev_value': None, 'change': True}
2024-07-15 09:42:18,540 : INFO : EventManager : Event: ======'machine_var_audits_shots_n_target'====== Args={'value': 9, 'prev_value': None, 'change': True}
2024-07-15 09:42:18,541 : INFO : EventManager : Event: ======'machine_var_audits_shots_o_target'====== Args={'value': 4, 'prev_value': None, 'change': True}
2024-07-15 09:42:18,541 : INFO : EventManager : Event: ======'machine_var_audits_shots_p2_target'====== Args={'value': 5, 'prev_value': None, 'change': True}
2024-07-15 09:42:18,541 : INFO : EventManager : Event: ======'machine_var_audits_shots_p_target'====== Args={'value': 8, 'prev_value': None, 'change': True}
2024-07-15 09:42:18,541 : INFO : EventManager : Event: ======'machine_var_audits_shots_qualify_o_target'====== Args={'value': 51, 'prev_value': None, 'change': True}
2024-07-15 09:42:18,541 : INFO : EventManager : Event: ======'machine_var_audits_shots_qualify_p_target'====== Args={'value': 49, 'prev_value': None, 'change': True}
2024-07-15 09:42:18,541 : INFO : EventManager : Event: ======'machine_var_audits_shots_qualify_r_target'====== Args={'value': 80, 'prev_value': None, 'change': True}
2024-07-15 09:42:18,541 : INFO : EventManager : Event: ======'machine_var_audits_shots_r_target'====== Args={'value': 14, 'prev_value': None, 'change': True}
2024-07-15 09:42:18,541 : INFO : EventManager : Event: ======'machine_var_audits_shots_right_rollover_lane'====== Args={'value': 146, 'prev_value': None, 'change': True}
2024-07-15 09:42:18,541 : INFO : EventManager : Event: ======'machine_var_audits_shots_skillshot_a_target'====== Args={'value': 38, 'prev_value': None, 'change': True}
2024-07-15 09:42:18,541 : INFO : EventManager : Event: ======'machine_var_audits_shots_skillshot_e_target'====== Args={'value': 28, 'prev_value': None, 'change': True}
2024-07-15 09:42:18,542 : INFO : EventManager : Event: ======'machine_var_audits_shots_skillshot_n_target'====== Args={'value': 24, 'prev_value': None, 'change': True}
2024-07-15 09:42:18,542 : INFO : EventManager : Event: ======'machine_var_audits_shots_skillshot_o_target'====== Args={'value': 11, 'prev_value': None, 'change': True}
2024-07-15 09:42:18,542 : INFO : EventManager : Event: ======'machine_var_audits_shots_skillshot_p2_target'====== Args={'value': 3, 'prev_value': None, 'change': True}
2024-07-15 09:42:18,542 : INFO : EventManager : Event: ======'machine_var_audits_shots_skillshot_p_target'====== Args={'value': 16, 'prev_value': None, 'change': True}
2024-07-15 09:42:18,542 : INFO : EventManager : Event: ======'machine_var_audits_shots_skillshot_r_target'====== Args={'value': 13, 'prev_value': None, 'change': True}
2024-07-15 09:42:18,542 : INFO : EventManager : Event: ======'machine_var_audits_switches_s_a_target'====== Args={'value': 81, 'prev_value': None, 'change': True}
2024-07-15 09:42:18,542 : INFO : EventManager : Event: ======'machine_var_audits_switches_s_bottom_inline_drop'====== Args={'value': 38, 'prev_value': None, 'change': True}
2024-07-15 09:42:18,542 : INFO : EventManager : Event: ======'machine_var_audits_switches_s_bottom_pop_bumper'====== Args={'value': 9, 'prev_value': None, 'change': True}
2024-07-15 09:42:18,542 : INFO : EventManager : Event: ======'machine_var_audits_switches_s_center_spinner'====== Args={'value': 3, 'prev_value': None, 'change': True}
2024-07-15 09:42:18,543 : INFO : EventManager : Event: ======'machine_var_audits_switches_s_e_target'====== Args={'value': 89, 'prev_value': None, 'change': True}
2024-07-15 09:42:18,543 : INFO : EventManager : Event: ======'machine_var_audits_switches_s_left_flipper'====== Args={'value': 129, 'prev_value': None, 'change': True}
2024-07-15 09:42:18,543 : INFO : EventManager : Event: ======'machine_var_audits_switches_s_left_inlane'====== Args={'value': 8, 'prev_value': None, 'change': True}
2024-07-15 09:42:18,543 : INFO : EventManager : Event: ======'machine_var_audits_switches_s_left_inner_horseshoe'====== Args={'value': 9, 'prev_value': None, 'change': True}
2024-07-15 09:42:18,543 : INFO : EventManager : Event: ======'machine_var_audits_switches_s_left_orbit_enter'====== Args={'value': 10, 'prev_value': None, 'change': True}
2024-07-15 09:42:18,543 : INFO : EventManager : Event: ======'machine_var_audits_switches_s_left_orbit_exit'====== Args={'value': 13, 'prev_value': None, 'change': True}
2024-07-15 09:42:18,544 : INFO : EventManager : Event: ======'machine_var_audits_switches_s_left_outlane'====== Args={'value': 24, 'prev_value': None, 'change': True}
2024-07-15 09:42:18,544 : INFO : EventManager : Event: ======'machine_var_audits_switches_s_left_pop_bumper'====== Args={'value': 3, 'prev_value': None, 'change': True}
2024-07-15 09:42:18,544 : INFO : EventManager : Event: ======'machine_var_audits_switches_s_left_ramp_enter'====== Args={'value': 9, 'prev_value': None, 'change': True}
2024-07-15 09:42:18,544 : INFO : EventManager : Event: ======'machine_var_audits_switches_s_left_ramp_exit'====== Args={'value': 3, 'prev_value': None, 'change': True}
2024-07-15 09:42:18,544 : INFO : EventManager : Event: ======'machine_var_audits_switches_s_left_ramp_standup'====== Args={'value': 387, 'prev_value': None, 'change': True}
2024-07-15 09:42:18,544 : INFO : EventManager : Event: ======'machine_var_audits_switches_s_left_rollover_lane'====== Args={'value': 151, 'prev_value': None, 'change': True}
2024-07-15 09:42:18,544 : INFO : EventManager : Event: ======'machine_var_audits_switches_s_left_sling'====== Args={'value': 12, 'prev_value': None, 'change': True}
2024-07-15 09:42:18,544 : INFO : EventManager : Event: ======'machine_var_audits_switches_s_left_spinner'====== Args={'value': 35, 'prev_value': None, 'change': True}
2024-07-15 09:42:18,545 : INFO : EventManager : Event: ======'machine_var_audits_switches_s_middle_inline_drop'====== Args={'value': 33, 'prev_value': None, 'change': True}
2024-07-15 09:42:18,545 : INFO : EventManager : Event: ======'machine_var_audits_switches_s_middle_rollover_lane'====== Args={'value': 146, 'prev_value': None, 'change': True}
2024-07-15 09:42:18,545 : INFO : EventManager : Event: ======'machine_var_audits_switches_s_n_target'====== Args={'value': 79, 'prev_value': None, 'change': True}
2024-07-15 09:42:18,545 : INFO : EventManager : Event: ======'machine_var_audits_switches_s_o_target'====== Args={'value': 96, 'prev_value': None, 'change': True}
2024-07-15 09:42:18,545 : INFO : EventManager : Event: ======'machine_var_audits_switches_s_p2_target'====== Args={'value': 24, 'prev_value': None, 'change': True}
2024-07-15 09:42:18,545 : INFO : EventManager : Event: ======'machine_var_audits_switches_s_p_target'====== Args={'value': 264, 'prev_value': None, 'change': True}
2024-07-15 09:42:18,545 : INFO : EventManager : Event: ======'machine_var_audits_switches_s_plunger'====== Args={'value': 432, 'prev_value': None, 'change': True}
2024-07-15 09:42:18,546 : INFO : EventManager : Event: ======'machine_var_audits_switches_s_plunger_lane'====== Args={'value': 39, 'prev_value': None, 'change': True}
2024-07-15 09:42:18,546 : INFO : EventManager : Event: ======'machine_var_audits_switches_s_plunger_lane_exit'====== Args={'value': 236, 'prev_value': None, 'change': True}
2024-07-15 09:42:18,546 : INFO : EventManager : Event: ======'machine_var_audits_switches_s_r_target'====== Args={'value': 119, 'prev_value': None, 'change': True}
2024-07-15 09:42:18,546 : INFO : EventManager : Event: ======'machine_var_audits_switches_s_right_flipper'====== Args={'value': 134, 'prev_value': None, 'change': True}
2024-07-15 09:42:18,546 : INFO : EventManager : Event: ======'machine_var_audits_switches_s_right_inlane'====== Args={'value': 9, 'prev_value': None, 'change': True}
2024-07-15 09:42:18,546 : INFO : EventManager : Event: ======'machine_var_audits_switches_s_right_inner_horseshoe'====== Args={'value': 7, 'prev_value': None, 'change': True}
2024-07-15 09:42:18,546 : INFO : EventManager : Event: ======'machine_var_audits_switches_s_right_orbit_exit'====== Args={'value': 33, 'prev_value': None, 'change': True}
2024-07-15 09:42:18,547 : INFO : EventManager : Event: ======'machine_var_audits_switches_s_right_outlane'====== Args={'value': 8, 'prev_value': None, 'change': True}
2024-07-15 09:42:18,547 : INFO : EventManager : Event: ======'machine_var_audits_switches_s_right_pop_bumper'====== Args={'value': 16, 'prev_value': None, 'change': True}
2024-07-15 09:42:18,547 : INFO : EventManager : Event: ======'machine_var_audits_switches_s_right_ramp_enter'====== Args={'value': 1, 'prev_value': None, 'change': True}
2024-07-15 09:42:18,547 : INFO : EventManager : Event: ======'machine_var_audits_switches_s_right_ramp_exit'====== Args={'value': 1, 'prev_value': None, 'change': True}
2024-07-15 09:42:18,547 : INFO : EventManager : Event: ======'machine_var_audits_switches_s_right_ramp_standup'====== Args={'value': 174, 'prev_value': None, 'change': True}
2024-07-15 09:42:18,547 : INFO : EventManager : Event: ======'machine_var_audits_switches_s_right_rollover_lane'====== Args={'value': 160, 'prev_value': None, 'change': True}
2024-07-15 09:42:18,547 : INFO : EventManager : Event: ======'machine_var_audits_switches_s_right_sling'====== Args={'value': 1, 'prev_value': None, 'change': True}
2024-07-15 09:42:18,548 : INFO : EventManager : Event: ======'machine_var_audits_switches_s_scoop'====== Args={'value': 68, 'prev_value': None, 'change': True}
2024-07-15 09:42:18,548 : INFO : EventManager : Event: ======'machine_var_audits_switches_s_start'====== Args={'value': 269, 'prev_value': None, 'change': True}
2024-07-15 09:42:18,548 : INFO : EventManager : Event: ======'machine_var_audits_switches_s_top_inline_drop'====== Args={'value': 35, 'prev_value': None, 'change': True}
2024-07-15 09:42:18,548 : INFO : EventManager : Event: ======'machine_var_audits_switches_s_trough1'====== Args={'value': 305, 'prev_value': None, 'change': True}
2024-07-15 09:42:18,548 : INFO : EventManager : Event: ======'machine_var_audits_switches_s_trough2'====== Args={'value': 18, 'prev_value': None, 'change': True}
2024-07-15 09:42:18,548 : INFO : EventManager : Event: ======'machine_var_audits_switches_s_trough3'====== Args={'value': 2, 'prev_value': None, 'change': True}
2024-07-15 09:42:18,549 : INFO : EventManager : Event: ======'machine_var_audits_switches_s_trough4'====== Args={'value': 2, 'prev_value': None, 'change': True}
2024-07-15 09:42:18,549 : INFO : EventManager : Event: ======'machine_var_audits_switches_s_trough5'====== Args={'value': 2, 'prev_value': None, 'change': True}
2024-07-15 09:42:18,549 : INFO : EventManager : Event: ======'machine_var_audits_switches_s_trough6'====== Args={'value': 1, 'prev_value': None, 'change': True}
2024-07-15 09:42:18,549 : INFO : EventManager : Event: ======'machine_var_audits_switches_s_trough_jam'====== Args={'value': 5, 'prev_value': None, 'change': True}
2024-07-15 09:42:18,550 : INFO : EventManager : Event: ======'init_phase_5'====== Args={}
2024-07-15 09:42:18,554 : INFO : EventManager : Event: ======'init_done'====== Args={}
2024-07-15 09:42:18,554 : INFO : EventManager : Event: ======'machine_reset_phase_1'====== Args={}
2024-07-15 09:42:18,563 : INFO : EventManager : Event: ======'machine_reset_phase_2'====== Args={}
2024-07-15 09:42:18,563 : INFO : EventManager : Event: ======'machine_reset_phase_3'====== Args={}
2024-07-15 09:42:18,563 : INFO : drop_target_bank.strickland_bank : All targets are already up. Will not reset bank.
2024-07-15 09:42:18,563 : INFO : EventManager : Event: ======'reset_complete'====== Args={}
2024-07-15 09:42:18,563 : INFO : EventManager : Event: ======'mode_attract_will_start'====== Args={}
2024-07-15 09:42:18,563 : INFO : Timer.attract_switch : Starting Timer.
2024-07-15 09:42:18,563 : INFO : EventManager : Event: ======'timer_attract_switch_started'====== Args={'ticks': 0, 'ticks_remaining': 45}
2024-07-15 09:42:18,563 : INFO : EventManager : Event: ======'timer_attract_switch_tick'====== Args={'ticks': 0, 'ticks_remaining': 45}
2024-07-15 09:42:18,564 : INFO : EventManager : Event: ======'mode_attract_starting'====== Args={}
2024-07-15 09:42:18,564 : INFO : Mode.attract : Started. Priority: 10
2024-07-15 09:42:18,564 : INFO : EventManager : Event: ======'modes_active_modes_changed'====== Args={}
2024-07-15 09:42:18,564 : INFO : EventManager : Event: ======'mode_attract_started'====== Args={}
2024-07-15 09:42:18,564 : INFO : EventManager : Event: ======'collecting_balls_complete'====== Args={}
2024-07-15 09:42:18,564 : INFO : Machine : Starting the main run loop.
2024-07-15 09:42:18,852 : INFO : BcpServer : New client connected.
2024-07-15 09:42:19,565 : INFO : EventManager : Event: ======'timer_attract_switch_tick'====== Args={'ticks': 1, 'ticks_remaining': 44}
2024-07-15 09:42:19,574 : INFO : EventManager : Event: ======'slide__removed'====== Args={'_from_bcp': True}
2024-07-15 09:42:19,600 : INFO : EventManager : Event: ======'slide_dtp_logo_attract_created'====== Args={'_from_bcp': True}
2024-07-15 09:42:19,600 : INFO : EventManager : Event: ======'slide_dtp_logo_attract_active'====== Args={'original_context': 'attract', 'original_calling_context': 'timer_attract_switch_tick{ticks==1}', 'cmd': 'slides_play', '_from_bcp': True}
2024-07-15 09:42:20,564 : INFO : EventManager : Event: ======'timer_attract_switch_tick'====== Args={'ticks': 2, 'ticks_remaining': 43}
2024-07-15 09:42:21,565 : INFO : EventManager : Event: ======'timer_attract_switch_tick'====== Args={'ticks': 3, 'ticks_remaining': 42}
2024-07-15 09:42:22,565 : INFO : EventManager : Event: ======'timer_attract_switch_tick'====== Args={'ticks': 4, 'ticks_remaining': 41}
2024-07-15 09:42:22,602 : INFO : EventManager : Event: ======'slide_high_scores_attract_created'====== Args={'_from_bcp': True}
2024-07-15 09:42:22,603 : INFO : EventManager : Event: ======'slide_dtp_logo_attract_inactive'====== Args={'_from_bcp': True}
2024-07-15 09:42:22,603 : INFO : EventManager : Event: ======'slide_high_scores_attract_active'====== Args={'original_context': 'attract', 'original_calling_context': 'timer_attract_switch_tick{ticks==4}', 'cmd': 'slides_play', '_from_bcp': True}
2024-07-15 09:42:22,603 : INFO : EventManager : Event: ======'slide_dtp_logo_attract_removed'====== Args={'_from_bcp': True}
2024-07-15 09:42:23,564 : INFO : EventManager : Event: ======'timer_attract_switch_tick'====== Args={'ticks': 5, 'ticks_remaining': 40}
2024-07-15 09:42:24,565 : INFO : EventManager : Event: ======'timer_attract_switch_tick'====== Args={'ticks': 6, 'ticks_remaining': 39}
2024-07-15 09:42:25,565 : INFO : EventManager : Event: ======'timer_attract_switch_tick'====== Args={'ticks': 7, 'ticks_remaining': 38}
2024-07-15 09:42:26,565 : INFO : EventManager : Event: ======'timer_attract_switch_tick'====== Args={'ticks': 8, 'ticks_remaining': 37}
2024-07-15 09:42:26,598 : INFO : EventManager : Event: ======'slide_koth_logo_attract_created'====== Args={'_from_bcp': True}
2024-07-15 09:42:26,598 : INFO : EventManager : Event: ======'slide_high_scores_attract_inactive'====== Args={'_from_bcp': True}
2024-07-15 09:42:26,599 : INFO : EventManager : Event: ======'slide_koth_logo_attract_active'====== Args={'original_context': 'attract', 'original_calling_context': 'timer_attract_switch_tick{ticks==8}', 'cmd': 'slides_play', '_from_bcp': True}
2024-07-15 09:42:26,599 : INFO : EventManager : Event: ======'slide_high_scores_attract_removed'====== Args={'_from_bcp': True}
2024-07-15 09:42:27,565 : INFO : EventManager : Event: ======'timer_attract_switch_tick'====== Args={'ticks': 9, 'ticks_remaining': 36}
2024-07-15 09:42:28,565 : INFO : EventManager : Event: ======'timer_attract_switch_tick'====== Args={'ticks': 10, 'ticks_remaining': 35}
2024-07-15 09:42:29,565 : INFO : EventManager : Event: ======'timer_attract_switch_tick'====== Args={'ticks': 11, 'ticks_remaining': 34}
2024-07-15 09:42:30,564 : INFO : EventManager : Event: ======'timer_attract_switch_tick'====== Args={'ticks': 12, 'ticks_remaining': 33}
2024-07-15 09:42:31,565 : INFO : EventManager : Event: ======'timer_attract_switch_tick'====== Args={'ticks': 13, 'ticks_remaining': 32}
2024-07-15 09:42:32,565 : INFO : EventManager : Event: ======'timer_attract_switch_tick'====== Args={'ticks': 14, 'ticks_remaining': 31}
2024-07-15 09:42:33,564 : INFO : EventManager : Event: ======'timer_attract_switch_tick'====== Args={'ticks': 15, 'ticks_remaining': 30}
2024-07-15 09:42:34,564 : INFO : EventManager : Event: ======'timer_attract_switch_tick'====== Args={'ticks': 16, 'ticks_remaining': 29}
2024-07-15 09:42:35,565 : INFO : EventManager : Event: ======'timer_attract_switch_tick'====== Args={'ticks': 17, 'ticks_remaining': 28}
2024-07-15 09:42:36,565 : INFO : EventManager : Event: ======'timer_attract_switch_tick'====== Args={'ticks': 18, 'ticks_remaining': 27}
2024-07-15 09:42:37,565 : INFO : EventManager : Event: ======'timer_attract_switch_tick'====== Args={'ticks': 19, 'ticks_remaining': 26}
2024-07-15 09:42:38,564 : INFO : EventManager : Event: ======'timer_attract_switch_tick'====== Args={'ticks': 20, 'ticks_remaining': 25}
2024-07-15 09:42:39,565 : INFO : EventManager : Event: ======'timer_attract_switch_tick'====== Args={'ticks': 21, 'ticks_remaining': 24}
2024-07-15 09:42:40,564 : INFO : EventManager : Event: ======'timer_attract_switch_tick'====== Args={'ticks': 22, 'ticks_remaining': 23}
2024-07-15 09:42:41,564 : INFO : EventManager : Event: ======'timer_attract_switch_tick'====== Args={'ticks': 23, 'ticks_remaining': 22}
2024-07-15 09:42:42,564 : INFO : EventManager : Event: ======'timer_attract_switch_tick'====== Args={'ticks': 24, 'ticks_remaining': 21}
2024-07-15 09:42:43,564 : INFO : EventManager : Event: ======'timer_attract_switch_tick'====== Args={'ticks': 25, 'ticks_remaining': 20}
2024-07-15 09:42:44,564 : INFO : EventManager : Event: ======'timer_attract_switch_tick'====== Args={'ticks': 26, 'ticks_remaining': 19}
2024-07-15 09:42:45,564 : INFO : EventManager : Event: ======'timer_attract_switch_tick'====== Args={'ticks': 27, 'ticks_remaining': 18}
2024-07-15 09:42:46,564 : INFO : EventManager : Event: ======'timer_attract_switch_tick'====== Args={'ticks': 28, 'ticks_remaining': 17}
2024-07-15 09:42:47,564 : INFO : EventManager : Event: ======'timer_attract_switch_tick'====== Args={'ticks': 29, 'ticks_remaining': 16}
2024-07-15 09:42:48,563 : INFO : EventManager : Event: ======'timer_attract_switch_tick'====== Args={'ticks': 30, 'ticks_remaining': 15}
2024-07-15 09:42:49,564 : INFO : EventManager : Event: ======'timer_attract_switch_tick'====== Args={'ticks': 31, 'ticks_remaining': 14}
2024-07-15 09:42:50,564 : INFO : EventManager : Event: ======'timer_attract_switch_tick'====== Args={'ticks': 32, 'ticks_remaining': 13}
2024-07-15 09:42:50,920 : INFO : Machine : Shutting down...
2024-07-15 09:42:50,920 : INFO : EventManager : Event: ======'shutdown'====== Args={}
2024-07-15 09:42:50,937 : INFO : root : MPF run loop ended.
