2024-07-17 12:30:46,835 : INFO : root : Loading config.
2024-07-17 12:30:46,837 : INFO : YamlMultifileConfigLoader : Machine config file #1: config.yaml
2024-07-17 12:30:46,837 : INFO : ConfigProcessor : Loading config from cache: /var/folders/sv/d29kcl5x50v7vt1n6xb5jsd40000gn/T/c166cef8060ffee16a35821bf698da85.mpf_cache
2024-07-17 12:30:46,868 : INFO : ConfigProcessor : Loading config from cache: /var/folders/sv/d29kcl5x50v7vt1n6xb5jsd40000gn/T/6b31c5ac6ecbad948994a8204ea6b05b.mpf_cache
2024-07-17 12:30:46,869 : INFO : ConfigProcessor : Loading config from cache: /var/folders/sv/d29kcl5x50v7vt1n6xb5jsd40000gn/T/fe612d1e66c8a96c19ba449d3748eeac.mpf_cache
2024-07-17 12:30:46,869 : INFO : ConfigProcessor : Loading config from cache: /var/folders/sv/d29kcl5x50v7vt1n6xb5jsd40000gn/T/6b31c5ac6ecbad948994a8204ea6b05b.mpf_cache
2024-07-17 12:30:46,869 : INFO : ConfigProcessor : Loading config from cache: /var/folders/sv/d29kcl5x50v7vt1n6xb5jsd40000gn/T/8765227693ecd961e0504502a81255e0.mpf_cache
2024-07-17 12:30:46,869 : INFO : ConfigProcessor : Loading config from cache: /var/folders/sv/d29kcl5x50v7vt1n6xb5jsd40000gn/T/b247728c74b4d81bcb2825e2b07062a7.mpf_cache
2024-07-17 12:30:46,870 : INFO : ConfigProcessor : Loading config from cache: /var/folders/sv/d29kcl5x50v7vt1n6xb5jsd40000gn/T/f240f94f0b5d0f37ec4fd7571275a101.mpf_cache
2024-07-17 12:30:46,870 : INFO : ConfigProcessor : Loading config from cache: /var/folders/sv/d29kcl5x50v7vt1n6xb5jsd40000gn/T/c4409acfdf3ec94666e0adef48d55400.mpf_cache
2024-07-17 12:30:46,870 : INFO : ConfigProcessor : Loading config from cache: /var/folders/sv/d29kcl5x50v7vt1n6xb5jsd40000gn/T/6a2f50ed892485825cc04dc0a68eab9f.mpf_cache
2024-07-17 12:30:46,870 : INFO : ConfigProcessor : Loading config from cache: /var/folders/sv/d29kcl5x50v7vt1n6xb5jsd40000gn/T/d58c58eb9fd1a2dc27f8acd255fb3761.mpf_cache
2024-07-17 12:30:46,870 : INFO : ConfigProcessor : Loading config from cache: /var/folders/sv/d29kcl5x50v7vt1n6xb5jsd40000gn/T/07adfd310b3ef0e03c5cbc91527abb6c.mpf_cache
2024-07-17 12:30:46,871 : INFO : ConfigProcessor : Loading config from cache: /var/folders/sv/d29kcl5x50v7vt1n6xb5jsd40000gn/T/12bd5247c3bf989b919364bdb7829769.mpf_cache
2024-07-17 12:30:46,871 : INFO : ConfigProcessor : Loading config from cache: /var/folders/sv/d29kcl5x50v7vt1n6xb5jsd40000gn/T/362e08f51a1a1b7a0809dd52f9c83f83.mpf_cache
2024-07-17 12:30:46,871 : INFO : ConfigProcessor : Loading config from cache: /var/folders/sv/d29kcl5x50v7vt1n6xb5jsd40000gn/T/e45e3bd39557ed8d0881194a7afab8f7.mpf_cache
2024-07-17 12:30:46,871 : INFO : ConfigProcessor : Loading config from cache: /var/folders/sv/d29kcl5x50v7vt1n6xb5jsd40000gn/T/331d8d1a1bc190cae8c13495e1db372f.mpf_cache
2024-07-17 12:30:46,871 : INFO : ConfigProcessor : Loading config from cache: /var/folders/sv/d29kcl5x50v7vt1n6xb5jsd40000gn/T/d17a9ff77386e6f1439d0802ace1de07.mpf_cache
2024-07-17 12:30:46,871 : INFO : ConfigProcessor : Loading config from cache: /var/folders/sv/d29kcl5x50v7vt1n6xb5jsd40000gn/T/280fd64455d0d243a54ab4db98fbccbd.mpf_cache
2024-07-17 12:30:46,872 : INFO : ConfigProcessor : Loading config from cache: /var/folders/sv/d29kcl5x50v7vt1n6xb5jsd40000gn/T/0c0596ed8fbb40b6113901d21bdc0a39.mpf_cache
2024-07-17 12:30:46,872 : INFO : ConfigProcessor : Loading config from cache: /var/folders/sv/d29kcl5x50v7vt1n6xb5jsd40000gn/T/2982e2d98506102244e9fa0f437a9fca.mpf_cache
2024-07-17 12:30:46,873 : INFO : ConfigProcessor : Loading config from cache: /var/folders/sv/d29kcl5x50v7vt1n6xb5jsd40000gn/T/3048ed2d7ea14eee3db896f6760aa474.mpf_cache
2024-07-17 12:30:46,873 : INFO : Machine : Mission Pinball Framework Core Engine v0.80.0.dev1
2024-07-17 12:30:46,873 : INFO : Machine : Command line arguments: {'no_load_cache': False, 'create_config_cache': True, 'bcp': True, 'configfile': ['config.yaml'], 'force_assets_load': False, 'platform_integration_test': False, 'jsonlogging': False, 'logfile': 'logs/2024-07-17-12-30-46-mpf-Nicks-Air.lan.log', 'pause': False, 'production': False, 'text_ui': True, 'loglevel': 15, 'consoleloglevel': 20, 'force_platform': None, 'syslog_address': None, 'mc_file_name': None, 'no_sound': False, 'full_logfile_path': '/Users/nicktaseris/Desktop/Pinball/KOTH/logs/2024-07-17-12-30-46-mpf-Nicks-Air.lan.log'}
2024-07-17 12:30:46,873 : INFO : Machine : MPF path: /Users/nicktaseris/mpfenv/lib/python3.9/site-packages/mpf
2024-07-17 12:30:46,873 : INFO : Machine : Machine path: /Users/nicktaseris/Desktop/Pinball/KOTH
2024-07-17 12:30:46,873 : INFO : Machine : Platform: darwin
2024-07-17 12:30:46,873 : INFO : Machine : Python executable location: /Users/nicktaseris/mpfenv/bin/python3
2024-07-17 12:30:46,873 : INFO : Machine : Python version: 3.9.13 (64-bit)
2024-07-17 12:30:46,874 : INFO : Machine : Initializing MPF...
2024-07-17 12:30:46,903 : INFO : EventManager : Event: ======'machine_var_credits_string'====== Args={'value': 'FREE PLAY', 'prev_value': None, 'change': True}
2024-07-17 12:30:46,909 : INFO : EventManager : Event: ======'machine_var_master_volume'====== Args={'value': 0.5, 'prev_value': None, 'change': True}
2024-07-17 12:30:46,909 : INFO : EventManager : Event: ======'machine_var_player1_score'====== Args={'value': 175300, 'prev_value': None, 'change': True}
2024-07-17 12:30:46,909 : INFO : EventManager : Event: ======'machine_var_mpf_version'====== Args={'value': 'Mission Pinball Framework v0.80.0.dev1', 'prev_value': None, 'change': True}
2024-07-17 12:30:46,909 : INFO : EventManager : Event: ======'machine_var_mpf_extended_version'====== Args={'value': 'Mission Pinball Framework v0.80.0.dev1, Config version:6, Show version: 6, BCP version:1.1', 'prev_value': None, 'change': True}
2024-07-17 12:30:46,909 : INFO : EventManager : Event: ======'machine_var_python_version'====== Args={'value': '3.9.13', 'prev_value': None, 'change': True}
2024-07-17 12:30:46,919 : INFO : EventManager : Event: ======'machine_var_platform'====== Args={'value': 'macOS-12.1-arm64-arm-64bit', 'prev_value': None, 'change': True}
2024-07-17 12:30:46,919 : INFO : EventManager : Event: ======'machine_var_platform_system'====== Args={'value': 'Darwin', 'prev_value': None, 'change': True}
2024-07-17 12:30:46,919 : INFO : EventManager : Event: ======'machine_var_platform_release'====== Args={'value': '21.2.0', 'prev_value': None, 'change': True}
2024-07-17 12:30:46,919 : INFO : EventManager : Event: ======'machine_var_platform_version'====== Args={'value': 'Darwin Kernel Version 21.2.0: Sun Nov 28 20:29:10 PST 2021; root:xnu-8019.61.5~1/RELEASE_ARM64_T8101', 'prev_value': None, 'change': True}
2024-07-17 12:30:46,919 : INFO : EventManager : Event: ======'machine_var_platform_machine'====== Args={'value': 'arm64', 'prev_value': None, 'change': True}
2024-07-17 12:30:46,919 : INFO : EventManager : Event: ======'machine_var_log_file_path'====== Args={'value': '/Users/nicktaseris/Desktop/Pinball/KOTH/logs/2024-07-17-12-30-46-mpf-Nicks-Air.lan.log', 'prev_value': None, 'change': True}
2024-07-17 12:30:46,919 : INFO : EventManager : Event: ======'init_phase_1'====== Args={}
2024-07-17 12:30:46,943 : INFO : EventManager : Event: ======'drop_target_bank_strickland_bank_up'====== Args={}
2024-07-17 12:30:46,944 : INFO : EventManager : Event: ======'init_phase_2'====== Args={}
2024-07-17 12:30:46,944 : INFO : SwitchController : Found active switch: ('39', <Platform.SmartVirtual>) <switch.s_trough1>
2024-07-17 12:30:46,944 : INFO : SwitchController : Found active switch: ('40', <Platform.SmartVirtual>) <switch.s_trough2>
2024-07-17 12:30:46,944 : INFO : SwitchController : Found active switch: ('41', <Platform.SmartVirtual>) <switch.s_trough3>
2024-07-17 12:30:46,944 : INFO : SwitchController : Found active switch: ('42', <Platform.SmartVirtual>) <switch.s_trough4>
2024-07-17 12:30:46,944 : INFO : SwitchController : Found active switch: ('43', <Platform.SmartVirtual>) <switch.s_trough5>
2024-07-17 12:30:46,944 : INFO : SwitchController : Found active switch: ('44', <Platform.SmartVirtual>) <switch.s_trough6>
2024-07-17 12:30:46,948 : INFO : EventManager : Event: ======'machine_var_score1_label'====== Args={'value': 'GRAND CHAMPION', 'prev_value': None, 'change': True}
2024-07-17 12:30:46,948 : INFO : EventManager : Event: ======'machine_var_score1_name'====== Args={'value': 'BRI', 'prev_value': None, 'change': True}
2024-07-17 12:30:46,948 : INFO : EventManager : Event: ======'machine_var_score1_value'====== Args={'value': 4242, 'prev_value': None, 'change': True}
2024-07-17 12:30:46,948 : INFO : EventManager : Event: ======'machine_var_score2_label'====== Args={'value': 'HIGH SCORE 1', 'prev_value': None, 'change': True}
2024-07-17 12:30:46,948 : INFO : EventManager : Event: ======'machine_var_score2_name'====== Args={'value': 'GHK', 'prev_value': None, 'change': True}
2024-07-17 12:30:46,948 : INFO : EventManager : Event: ======'machine_var_score2_value'====== Args={'value': 2323, 'prev_value': None, 'change': True}
2024-07-17 12:30:46,948 : INFO : EventManager : Event: ======'machine_var_score3_label'====== Args={'value': 'HIGH SCORE 2', 'prev_value': None, 'change': True}
2024-07-17 12:30:46,948 : INFO : EventManager : Event: ======'machine_var_score3_name'====== Args={'value': 'JK', 'prev_value': None, 'change': True}
2024-07-17 12:30:46,948 : INFO : EventManager : Event: ======'machine_var_score3_value'====== Args={'value': 1337, 'prev_value': None, 'change': True}
2024-07-17 12:30:46,948 : INFO : EventManager : Event: ======'machine_var_score4_label'====== Args={'value': 'HIGH SCORE 3', 'prev_value': None, 'change': True}
2024-07-17 12:30:46,948 : INFO : EventManager : Event: ======'machine_var_score4_name'====== Args={'value': 'QC', 'prev_value': None, 'change': True}
2024-07-17 12:30:46,948 : INFO : EventManager : Event: ======'machine_var_score4_value'====== Args={'value': 42, 'prev_value': None, 'change': True}
2024-07-17 12:30:46,948 : INFO : EventManager : Event: ======'machine_var_score5_label'====== Args={'value': 'HIGH SCORE 4', 'prev_value': None, 'change': True}
2024-07-17 12:30:46,948 : INFO : EventManager : Event: ======'machine_var_score5_name'====== Args={'value': 'MPF', 'prev_value': None, 'change': True}
2024-07-17 12:30:46,948 : INFO : EventManager : Event: ======'machine_var_score5_value'====== Args={'value': 23, 'prev_value': None, 'change': True}
2024-07-17 12:30:46,949 : INFO : EventManager : Event: ======'bcp_connection_attempt'====== Args={'name': 'local_display', 'host': 'localhost', 'port': 5050}
2024-07-17 12:30:46,949 : INFO : BCPClientSocket : Connecting BCP to 'local_display' at localhost:5050...
2024-07-17 12:30:46,951 : INFO : BCPClientSocket : Connected BCP to 'local_display' localhost:5050
2024-07-17 12:30:46,952 : INFO : EventManager : Event: ======'bcp_clients_connected'====== Args={}
2024-07-17 12:30:46,953 : INFO : ball_device.bd_trough : BCH: Initial count: 6
2024-07-17 12:30:46,953 : INFO : ball_device.bd_trough : State: idle
2024-07-17 12:30:46,953 : INFO : ball_device.bd_plunger : BCH: Initial count: 0
2024-07-17 12:30:46,953 : INFO : ball_device.bd_plunger : State: idle
2024-07-17 12:30:46,953 : INFO : ball_device.bd_scoop : BCH: Initial count: 0
2024-07-17 12:30:46,954 : INFO : ball_device.bd_scoop : State: idle
2024-07-17 12:30:46,958 : INFO : EventManager : Event: ======'init_phase_3'====== Args={}
2024-07-17 12:30:46,963 : INFO : EventManager : Event: ======'init_phase_4'====== Args={}
2024-07-17 12:30:46,963 : INFO : BallController : Initial balls found: 6
2024-07-17 12:30:46,964 : INFO : EventManager : Event: ======'machine_var_audits_events_game_ended'====== Args={'value': 4, 'prev_value': None, 'change': True}
2024-07-17 12:30:46,964 : INFO : EventManager : Event: ======'machine_var_audits_events_game_started'====== Args={'value': 425, 'prev_value': None, 'change': True}
2024-07-17 12:30:46,964 : INFO : EventManager : Event: ======'machine_var_audits_missing_switches_s_a_target'====== Args={'value': 4, 'prev_value': None, 'change': True}
2024-07-17 12:30:46,964 : INFO : EventManager : Event: ======'machine_var_audits_missing_switches_s_bottom_inline_drop'====== Args={'value': 8, 'prev_value': None, 'change': True}
2024-07-17 12:30:46,964 : INFO : EventManager : Event: ======'machine_var_audits_missing_switches_s_bottom_pop_bumper'====== Args={'value': 107, 'prev_value': None, 'change': True}
2024-07-17 12:30:46,964 : INFO : EventManager : Event: ======'machine_var_audits_missing_switches_s_center_spinner'====== Args={'value': 172, 'prev_value': None, 'change': True}
2024-07-17 12:30:46,964 : INFO : EventManager : Event: ======'machine_var_audits_missing_switches_s_e_target'====== Args={'value': 1, 'prev_value': None, 'change': True}
2024-07-17 12:30:46,964 : INFO : EventManager : Event: ======'machine_var_audits_missing_switches_s_left_flipper'====== Args={'value': 4, 'prev_value': None, 'change': True}
2024-07-17 12:30:46,964 : INFO : EventManager : Event: ======'machine_var_audits_missing_switches_s_left_inlane'====== Args={'value': 59, 'prev_value': None, 'change': True}
2024-07-17 12:30:46,964 : INFO : EventManager : Event: ======'machine_var_audits_missing_switches_s_left_inner_horseshoe'====== Args={'value': 59, 'prev_value': None, 'change': True}
2024-07-17 12:30:46,964 : INFO : EventManager : Event: ======'machine_var_audits_missing_switches_s_left_orbit_enter'====== Args={'value': 30, 'prev_value': None, 'change': True}
2024-07-17 12:30:46,964 : INFO : EventManager : Event: ======'machine_var_audits_missing_switches_s_left_orbit_exit'====== Args={'value': 181, 'prev_value': None, 'change': True}
2024-07-17 12:30:46,964 : INFO : EventManager : Event: ======'machine_var_audits_missing_switches_s_left_outlane'====== Args={'value': 61, 'prev_value': None, 'change': True}
2024-07-17 12:30:46,965 : INFO : EventManager : Event: ======'machine_var_audits_missing_switches_s_left_pop_bumper'====== Args={'value': 59, 'prev_value': None, 'change': True}
2024-07-17 12:30:46,965 : INFO : EventManager : Event: ======'machine_var_audits_missing_switches_s_left_ramp_enter'====== Args={'value': 17, 'prev_value': None, 'change': True}
2024-07-17 12:30:46,965 : INFO : EventManager : Event: ======'machine_var_audits_missing_switches_s_left_ramp_exit'====== Args={'value': 303, 'prev_value': None, 'change': True}
2024-07-17 12:30:46,965 : INFO : EventManager : Event: ======'machine_var_audits_missing_switches_s_left_ramp_standup'====== Args={'value': 40, 'prev_value': None, 'change': True}
2024-07-17 12:30:46,965 : INFO : EventManager : Event: ======'machine_var_audits_missing_switches_s_left_rollover_lane'====== Args={'value': 40, 'prev_value': None, 'change': True}
2024-07-17 12:30:46,965 : INFO : EventManager : Event: ======'machine_var_audits_missing_switches_s_left_sling'====== Args={'value': 75, 'prev_value': None, 'change': True}
2024-07-17 12:30:46,965 : INFO : EventManager : Event: ======'machine_var_audits_missing_switches_s_left_spinner'====== Args={'value': 3, 'prev_value': None, 'change': True}
2024-07-17 12:30:46,965 : INFO : EventManager : Event: ======'machine_var_audits_missing_switches_s_middle_inline_drop'====== Args={'value': 8, 'prev_value': None, 'change': True}
2024-07-17 12:30:46,965 : INFO : EventManager : Event: ======'machine_var_audits_missing_switches_s_middle_rollover_lane'====== Args={'value': 40, 'prev_value': None, 'change': True}
2024-07-17 12:30:46,965 : INFO : EventManager : Event: ======'machine_var_audits_missing_switches_s_o_target'====== Args={'value': 1, 'prev_value': None, 'change': True}
2024-07-17 12:30:46,965 : INFO : EventManager : Event: ======'machine_var_audits_missing_switches_s_p2_target'====== Args={'value': 2, 'prev_value': None, 'change': True}
2024-07-17 12:30:46,965 : INFO : EventManager : Event: ======'machine_var_audits_missing_switches_s_p_target'====== Args={'value': 1, 'prev_value': None, 'change': True}
2024-07-17 12:30:46,965 : INFO : EventManager : Event: ======'machine_var_audits_missing_switches_s_r_target'====== Args={'value': 1, 'prev_value': None, 'change': True}
2024-07-17 12:30:46,965 : INFO : EventManager : Event: ======'machine_var_audits_missing_switches_s_right_inlane'====== Args={'value': 376, 'prev_value': None, 'change': True}
2024-07-17 12:30:46,966 : INFO : EventManager : Event: ======'machine_var_audits_missing_switches_s_right_inner_horseshoe'====== Args={'value': 66, 'prev_value': None, 'change': True}
2024-07-17 12:30:46,966 : INFO : EventManager : Event: ======'machine_var_audits_missing_switches_s_right_orbit_exit'====== Args={'value': 168, 'prev_value': None, 'change': True}
2024-07-17 12:30:46,966 : INFO : EventManager : Event: ======'machine_var_audits_missing_switches_s_right_outlane'====== Args={'value': 73, 'prev_value': None, 'change': True}
2024-07-17 12:30:46,966 : INFO : EventManager : Event: ======'machine_var_audits_missing_switches_s_right_pop_bumper'====== Args={'value': 86, 'prev_value': None, 'change': True}
2024-07-17 12:30:46,966 : INFO : EventManager : Event: ======'machine_var_audits_missing_switches_s_right_ramp_enter'====== Args={'value': 130, 'prev_value': None, 'change': True}
2024-07-17 12:30:46,966 : INFO : EventManager : Event: ======'machine_var_audits_missing_switches_s_right_ramp_exit'====== Args={'value': 130, 'prev_value': None, 'change': True}
2024-07-17 12:30:46,966 : INFO : EventManager : Event: ======'machine_var_audits_missing_switches_s_right_ramp_standup'====== Args={'value': 43, 'prev_value': None, 'change': True}
2024-07-17 12:30:46,966 : INFO : EventManager : Event: ======'machine_var_audits_missing_switches_s_right_rollover_lane'====== Args={'value': 40, 'prev_value': None, 'change': True}
2024-07-17 12:30:46,966 : INFO : EventManager : Event: ======'machine_var_audits_missing_switches_s_right_sling'====== Args={'value': 376, 'prev_value': None, 'change': True}
2024-07-17 12:30:46,966 : INFO : EventManager : Event: ======'machine_var_audits_missing_switches_s_start'====== Args={'value': 1, 'prev_value': None, 'change': True}
2024-07-17 12:30:46,966 : INFO : EventManager : Event: ======'machine_var_audits_missing_switches_s_top_inline_drop'====== Args={'value': 59, 'prev_value': None, 'change': True}
2024-07-17 12:30:46,967 : INFO : EventManager : Event: ======'machine_var_audits_missing_switches_s_trough1'====== Args={'value': 43, 'prev_value': None, 'change': True}
2024-07-17 12:30:46,967 : INFO : EventManager : Event: ======'machine_var_audits_missing_switches_s_trough2'====== Args={'value': 52, 'prev_value': None, 'change': True}
2024-07-17 12:30:46,967 : INFO : EventManager : Event: ======'machine_var_audits_missing_switches_s_trough3'====== Args={'value': 52, 'prev_value': None, 'change': True}
2024-07-17 12:30:46,967 : INFO : EventManager : Event: ======'machine_var_audits_missing_switches_s_trough4'====== Args={'value': 380, 'prev_value': None, 'change': True}
2024-07-17 12:30:46,967 : INFO : EventManager : Event: ======'machine_var_audits_missing_switches_s_trough5'====== Args={'value': 380, 'prev_value': None, 'change': True}
2024-07-17 12:30:46,967 : INFO : EventManager : Event: ======'machine_var_audits_missing_switches_s_trough6'====== Args={'value': 380, 'prev_value': None, 'change': True}
2024-07-17 12:30:46,967 : INFO : EventManager : Event: ======'machine_var_audits_missing_switches_s_trough_jam'====== Args={'value': 313, 'prev_value': None, 'change': True}
2024-07-17 12:30:46,967 : INFO : EventManager : Event: ======'machine_var_audits_player_score'====== Args={'value': {'average': 109379, 'top': [370600, 175300, 400, 300, 250], 'total': 5}, 'prev_value': None, 'change': True}
2024-07-17 12:30:46,967 : INFO : EventManager : Event: ======'machine_var_audits_shots_a_target'====== Args={'value': 7, 'prev_value': None, 'change': True}
2024-07-17 12:30:46,967 : INFO : EventManager : Event: ======'machine_var_audits_shots_e_target'====== Args={'value': 3, 'prev_value': None, 'change': True}
2024-07-17 12:30:46,968 : INFO : EventManager : Event: ======'machine_var_audits_shots_left_rollover_lane'====== Args={'value': 157, 'prev_value': None, 'change': True}
2024-07-17 12:30:46,968 : INFO : EventManager : Event: ======'machine_var_audits_shots_middle_rollover_lane'====== Args={'value': 152, 'prev_value': None, 'change': True}
2024-07-17 12:30:46,968 : INFO : EventManager : Event: ======'machine_var_audits_shots_n_target'====== Args={'value': 9, 'prev_value': None, 'change': True}
2024-07-17 12:30:46,968 : INFO : EventManager : Event: ======'machine_var_audits_shots_o_target'====== Args={'value': 4, 'prev_value': None, 'change': True}
2024-07-17 12:30:46,968 : INFO : EventManager : Event: ======'machine_var_audits_shots_p2_target'====== Args={'value': 5, 'prev_value': None, 'change': True}
2024-07-17 12:30:46,968 : INFO : EventManager : Event: ======'machine_var_audits_shots_p_target'====== Args={'value': 8, 'prev_value': None, 'change': True}
2024-07-17 12:30:46,968 : INFO : EventManager : Event: ======'machine_var_audits_shots_qualify_o_target'====== Args={'value': 64, 'prev_value': None, 'change': True}
2024-07-17 12:30:46,968 : INFO : EventManager : Event: ======'machine_var_audits_shots_qualify_p_target'====== Args={'value': 67, 'prev_value': None, 'change': True}
2024-07-17 12:30:46,968 : INFO : EventManager : Event: ======'machine_var_audits_shots_qualify_r_target'====== Args={'value': 88, 'prev_value': None, 'change': True}
2024-07-17 12:30:46,969 : INFO : EventManager : Event: ======'machine_var_audits_shots_r_target'====== Args={'value': 14, 'prev_value': None, 'change': True}
2024-07-17 12:30:46,969 : INFO : EventManager : Event: ======'machine_var_audits_shots_right_rollover_lane'====== Args={'value': 155, 'prev_value': None, 'change': True}
2024-07-17 12:30:46,969 : INFO : EventManager : Event: ======'machine_var_audits_shots_skillshot_a_target'====== Args={'value': 48, 'prev_value': None, 'change': True}
2024-07-17 12:30:46,969 : INFO : EventManager : Event: ======'machine_var_audits_shots_skillshot_e_target'====== Args={'value': 42, 'prev_value': None, 'change': True}
2024-07-17 12:30:46,969 : INFO : EventManager : Event: ======'machine_var_audits_shots_skillshot_n_target'====== Args={'value': 33, 'prev_value': None, 'change': True}
2024-07-17 12:30:46,969 : INFO : EventManager : Event: ======'machine_var_audits_shots_skillshot_o_target'====== Args={'value': 17, 'prev_value': None, 'change': True}
2024-07-17 12:30:46,969 : INFO : EventManager : Event: ======'machine_var_audits_shots_skillshot_p2_target'====== Args={'value': 11, 'prev_value': None, 'change': True}
2024-07-17 12:30:46,970 : INFO : EventManager : Event: ======'machine_var_audits_shots_skillshot_p_target'====== Args={'value': 25, 'prev_value': None, 'change': True}
2024-07-17 12:30:46,970 : INFO : EventManager : Event: ======'machine_var_audits_shots_skillshot_r_target'====== Args={'value': 15, 'prev_value': None, 'change': True}
2024-07-17 12:30:46,970 : INFO : EventManager : Event: ======'machine_var_audits_switches_s_a_target'====== Args={'value': 95, 'prev_value': None, 'change': True}
2024-07-17 12:30:46,970 : INFO : EventManager : Event: ======'machine_var_audits_switches_s_bottom_inline_drop'====== Args={'value': 352, 'prev_value': None, 'change': True}
2024-07-17 12:30:46,970 : INFO : EventManager : Event: ======'machine_var_audits_switches_s_bottom_pop_bumper'====== Args={'value': 9, 'prev_value': None, 'change': True}
2024-07-17 12:30:46,970 : INFO : EventManager : Event: ======'machine_var_audits_switches_s_center_spinner'====== Args={'value': 3, 'prev_value': None, 'change': True}
2024-07-17 12:30:46,970 : INFO : EventManager : Event: ======'machine_var_audits_switches_s_e_target'====== Args={'value': 106, 'prev_value': None, 'change': True}
2024-07-17 12:30:46,971 : INFO : EventManager : Event: ======'machine_var_audits_switches_s_left_flipper'====== Args={'value': 197, 'prev_value': None, 'change': True}
2024-07-17 12:30:46,971 : INFO : EventManager : Event: ======'machine_var_audits_switches_s_left_inlane'====== Args={'value': 10, 'prev_value': None, 'change': True}
2024-07-17 12:30:46,971 : INFO : EventManager : Event: ======'machine_var_audits_switches_s_left_inner_horseshoe'====== Args={'value': 15, 'prev_value': None, 'change': True}
2024-07-17 12:30:46,971 : INFO : EventManager : Event: ======'machine_var_audits_switches_s_left_orbit_enter'====== Args={'value': 21, 'prev_value': None, 'change': True}
2024-07-17 12:30:46,971 : INFO : EventManager : Event: ======'machine_var_audits_switches_s_left_orbit_exit'====== Args={'value': 13, 'prev_value': None, 'change': True}
2024-07-17 12:30:46,971 : INFO : EventManager : Event: ======'machine_var_audits_switches_s_left_outlane'====== Args={'value': 25, 'prev_value': None, 'change': True}
2024-07-17 12:30:46,971 : INFO : EventManager : Event: ======'machine_var_audits_switches_s_left_pop_bumper'====== Args={'value': 4, 'prev_value': None, 'change': True}
2024-07-17 12:30:46,972 : INFO : EventManager : Event: ======'machine_var_audits_switches_s_left_ramp_enter'====== Args={'value': 18, 'prev_value': None, 'change': True}
2024-07-17 12:30:46,972 : INFO : EventManager : Event: ======'machine_var_audits_switches_s_left_ramp_exit'====== Args={'value': 3, 'prev_value': None, 'change': True}
2024-07-17 12:30:46,972 : INFO : EventManager : Event: ======'machine_var_audits_switches_s_left_ramp_standup'====== Args={'value': 633, 'prev_value': None, 'change': True}
2024-07-17 12:30:46,972 : INFO : EventManager : Event: ======'machine_var_audits_switches_s_left_rollover_lane'====== Args={'value': 162, 'prev_value': None, 'change': True}
2024-07-17 12:30:46,972 : INFO : EventManager : Event: ======'machine_var_audits_switches_s_left_sling'====== Args={'value': 12, 'prev_value': None, 'change': True}
2024-07-17 12:30:46,972 : INFO : EventManager : Event: ======'machine_var_audits_switches_s_left_spinner'====== Args={'value': 106, 'prev_value': None, 'change': True}
2024-07-17 12:30:46,972 : INFO : EventManager : Event: ======'machine_var_audits_switches_s_middle_inline_drop'====== Args={'value': 342, 'prev_value': None, 'change': True}
2024-07-17 12:30:46,973 : INFO : EventManager : Event: ======'machine_var_audits_switches_s_middle_rollover_lane'====== Args={'value': 155, 'prev_value': None, 'change': True}
2024-07-17 12:30:46,973 : INFO : EventManager : Event: ======'machine_var_audits_switches_s_n_target'====== Args={'value': 92, 'prev_value': None, 'change': True}
2024-07-17 12:30:46,973 : INFO : EventManager : Event: ======'machine_var_audits_switches_s_o_target'====== Args={'value': 111, 'prev_value': None, 'change': True}
2024-07-17 12:30:46,973 : INFO : EventManager : Event: ======'machine_var_audits_switches_s_p2_target'====== Args={'value': 36, 'prev_value': None, 'change': True}
2024-07-17 12:30:46,973 : INFO : EventManager : Event: ======'machine_var_audits_switches_s_p_target'====== Args={'value': 288, 'prev_value': None, 'change': True}
2024-07-17 12:30:46,973 : INFO : EventManager : Event: ======'machine_var_audits_switches_s_plunger'====== Args={'value': 511, 'prev_value': None, 'change': True}
2024-07-17 12:30:46,974 : INFO : EventManager : Event: ======'machine_var_audits_switches_s_plunger_lane'====== Args={'value': 39, 'prev_value': None, 'change': True}
2024-07-17 12:30:46,974 : INFO : EventManager : Event: ======'machine_var_audits_switches_s_plunger_lane_exit'====== Args={'value': 308, 'prev_value': None, 'change': True}
2024-07-17 12:30:46,974 : INFO : EventManager : Event: ======'machine_var_audits_switches_s_r_target'====== Args={'value': 128, 'prev_value': None, 'change': True}
2024-07-17 12:30:46,974 : INFO : EventManager : Event: ======'machine_var_audits_switches_s_right_flipper'====== Args={'value': 457, 'prev_value': None, 'change': True}
2024-07-17 12:30:46,974 : INFO : EventManager : Event: ======'machine_var_audits_switches_s_right_inlane'====== Args={'value': 9, 'prev_value': None, 'change': True}
2024-07-17 12:30:46,974 : INFO : EventManager : Event: ======'machine_var_audits_switches_s_right_inner_horseshoe'====== Args={'value': 8, 'prev_value': None, 'change': True}
2024-07-17 12:30:46,974 : INFO : EventManager : Event: ======'machine_var_audits_switches_s_right_orbit_exit'====== Args={'value': 33, 'prev_value': None, 'change': True}
2024-07-17 12:30:46,975 : INFO : EventManager : Event: ======'machine_var_audits_switches_s_right_outlane'====== Args={'value': 8, 'prev_value': None, 'change': True}
2024-07-17 12:30:46,975 : INFO : EventManager : Event: ======'machine_var_audits_switches_s_right_pop_bumper'====== Args={'value': 16, 'prev_value': None, 'change': True}
2024-07-17 12:30:46,975 : INFO : EventManager : Event: ======'machine_var_audits_switches_s_right_ramp_enter'====== Args={'value': 1, 'prev_value': None, 'change': True}
2024-07-17 12:30:46,975 : INFO : EventManager : Event: ======'machine_var_audits_switches_s_right_ramp_exit'====== Args={'value': 1, 'prev_value': None, 'change': True}
2024-07-17 12:30:46,975 : INFO : EventManager : Event: ======'machine_var_audits_switches_s_right_ramp_standup'====== Args={'value': 184, 'prev_value': None, 'change': True}
2024-07-17 12:30:46,975 : INFO : EventManager : Event: ======'machine_var_audits_switches_s_right_rollover_lane'====== Args={'value': 169, 'prev_value': None, 'change': True}
2024-07-17 12:30:46,976 : INFO : EventManager : Event: ======'machine_var_audits_switches_s_right_sling'====== Args={'value': 1, 'prev_value': None, 'change': True}
2024-07-17 12:30:46,976 : INFO : EventManager : Event: ======'machine_var_audits_switches_s_scoop'====== Args={'value': 89, 'prev_value': None, 'change': True}
2024-07-17 12:30:46,976 : INFO : EventManager : Event: ======'machine_var_audits_switches_s_start'====== Args={'value': 297, 'prev_value': None, 'change': True}
2024-07-17 12:30:46,976 : INFO : EventManager : Event: ======'machine_var_audits_switches_s_top_inline_drop'====== Args={'value': 36, 'prev_value': None, 'change': True}
2024-07-17 12:30:46,976 : INFO : EventManager : Event: ======'machine_var_audits_switches_s_trough1'====== Args={'value': 324, 'prev_value': None, 'change': True}
2024-07-17 12:30:46,977 : INFO : EventManager : Event: ======'machine_var_audits_switches_s_trough2'====== Args={'value': 25, 'prev_value': None, 'change': True}
2024-07-17 12:30:46,977 : INFO : EventManager : Event: ======'machine_var_audits_switches_s_trough3'====== Args={'value': 5, 'prev_value': None, 'change': True}
2024-07-17 12:30:46,977 : INFO : EventManager : Event: ======'machine_var_audits_switches_s_trough4'====== Args={'value': 2, 'prev_value': None, 'change': True}
2024-07-17 12:30:46,977 : INFO : EventManager : Event: ======'machine_var_audits_switches_s_trough5'====== Args={'value': 2, 'prev_value': None, 'change': True}
2024-07-17 12:30:46,977 : INFO : EventManager : Event: ======'machine_var_audits_switches_s_trough6'====== Args={'value': 1, 'prev_value': None, 'change': True}
2024-07-17 12:30:46,978 : INFO : EventManager : Event: ======'machine_var_audits_switches_s_trough_jam'====== Args={'value': 5, 'prev_value': None, 'change': True}
2024-07-17 12:30:46,978 : INFO : EventManager : Event: ======'init_phase_5'====== Args={}
2024-07-17 12:30:46,980 : INFO : EventManager : Event: ======'init_done'====== Args={}
2024-07-17 12:30:46,980 : INFO : BcpServer : New client connected.
2024-07-17 12:30:46,981 : INFO : EventManager : Event: ======'machine_reset_phase_1'====== Args={}
2024-07-17 12:30:46,990 : INFO : EventManager : Event: ======'machine_reset_phase_2'====== Args={}
2024-07-17 12:30:46,990 : INFO : EventManager : Event: ======'machine_reset_phase_3'====== Args={}
2024-07-17 12:30:46,990 : INFO : drop_target_bank.strickland_bank : All targets are already up. Will not reset bank.
2024-07-17 12:30:46,991 : INFO : EventManager : Event: ======'reset_complete'====== Args={}
2024-07-17 12:30:46,991 : INFO : EventManager : Event: ======'mode_attract_will_start'====== Args={}
2024-07-17 12:30:46,991 : INFO : Timer.attract_switch : Starting Timer.
2024-07-17 12:30:46,991 : INFO : EventManager : Event: ======'timer_attract_switch_started'====== Args={'ticks': 0, 'ticks_remaining': 45}
2024-07-17 12:30:46,991 : INFO : EventManager : Event: ======'timer_attract_switch_tick'====== Args={'ticks': 0, 'ticks_remaining': 45}
2024-07-17 12:30:46,992 : INFO : EventManager : Event: ======'mode_attract_starting'====== Args={}
2024-07-17 12:30:46,992 : INFO : Mode.attract : Started. Priority: 10
2024-07-17 12:30:46,992 : INFO : EventManager : Event: ======'modes_active_modes_changed'====== Args={}
2024-07-17 12:30:46,992 : INFO : EventManager : Event: ======'mode_attract_started'====== Args={}
2024-07-17 12:30:46,992 : INFO : EventManager : Event: ======'collecting_balls_complete'====== Args={}
2024-07-17 12:30:46,992 : INFO : Machine : Starting the main run loop.
2024-07-17 12:30:47,720 : INFO : SwitchController : <<<<<<< 's_start' active >>>>>>>
2024-07-17 12:30:47,811 : INFO : SwitchController : <<<<<<< 's_start' inactive >>>>>>>
2024-07-17 12:30:47,811 : INFO : EventManager : Event: ======'request_to_start_game'====== Args={}
2024-07-17 12:30:47,813 : INFO : EventManager : Event: ======'game_start'====== Args={'buttons': [], 'hold_time': 0.0910918329999999}
2024-07-17 12:30:47,813 : INFO : EventManager : Event: ======'mode_game_will_start'====== Args={'buttons': [], 'hold_time': 0.0910918329999999}
2024-07-17 12:30:47,814 : INFO : EventManager : Event: ======'mode_game_starting'====== Args={'buttons': [], 'hold_time': 0.0910918329999999}
2024-07-17 12:30:47,814 : INFO : EventManager : Event: ======'mode_attract_will_stop'====== Args={}
2024-07-17 12:30:47,815 : INFO : EventManager : Event: ======'mode_attract_stopping'====== Args={}
2024-07-17 12:30:47,815 : INFO : Mode.attract : Stopped.
2024-07-17 12:30:47,815 : INFO : EventManager : Event: ======'modes_active_modes_changed'====== Args={}
2024-07-17 12:30:47,816 : INFO : EventManager : Event: ======'mode_attract_stopped'====== Args={}
2024-07-17 12:30:47,816 : INFO : EventManager : Event: ======'clear'====== Args={'key': 'attract'}
2024-07-17 12:30:47,817 : INFO : Timer.attract_switch : Stopping Timer
2024-07-17 12:30:47,817 : INFO : EventManager : Event: ======'timer_attract_switch_stopped'====== Args={'ticks': 0, 'ticks_remaining': 45}
2024-07-17 12:30:47,818 : INFO : Mode.game : Started. Priority: 20
2024-07-17 12:30:47,818 : INFO : EventManager : Event: ======'modes_active_modes_changed'====== Args={}
2024-07-17 12:30:47,818 : INFO : EventManager : Event: ======'mode_game_started'====== Args={'buttons': [], 'hold_time': 0.0910918329999999}
2024-07-17 12:30:47,820 : INFO : EventManager : Event: ======'game_will_start'====== Args={}
2024-07-17 12:30:47,820 : INFO : EventManager : Event: ======'game_starting'====== Args={'game': <Mode.game>}
2024-07-17 12:30:47,821 : INFO : EventManager : Unordered handler for class <Auditor> on event game_ended with priority 1. Handlers: [RegisteredHandler(callback=<bound method Auditor.disable of <Auditor>>, priority=1, kwargs={}, key=UUID('ec3324bb-1a2f-4404-b1c5-ac533816773d'), condition=None, blocking_facility=None), RegisteredHandler(callback=<bound method Auditor._save_audits of <Auditor>>, priority=1, kwargs={}, key=UUID('9d355996-3607-4112-95f8-cef0b2c01531'), condition=None, blocking_facility=None)]. The order of those handlers is not defined and they will be executed in random order. This might lead to race conditions and potential bugs.
2024-07-17 12:30:47,822 : INFO : EventManager : Event: ======'player_add_request'====== Args={}
2024-07-17 12:30:47,822 : INFO : EventManager : Event: ======'player_will_add'====== Args={'number': 1}
2024-07-17 12:30:47,823 : INFO : EventManager : Event: ======'player_adding'====== Args={'player': <Player 1>, 'number': 1}
2024-07-17 12:30:47,824 : INFO : EventManager : Event: ======'player_added'====== Args={'player': <Player 1>, 'num': 1}
2024-07-17 12:30:47,824 : INFO : Mode.game : Player added successfully. Total players: 1
2024-07-17 12:30:47,825 : INFO : EventManager : Event: ======'player_index'====== Args={'value': 0, 'prev_value': 0, 'change': 0, 'player_num': 1}
2024-07-17 12:30:47,825 : INFO : EventManager : Event: ======'player_number'====== Args={'value': 1, 'prev_value': 1, 'change': 0, 'player_num': 1}
2024-07-17 12:30:47,826 : INFO : EventManager : Event: ======'player_score'====== Args={'value': 0, 'prev_value': 0, 'change': 0, 'player_num': 1}
2024-07-17 12:30:47,830 : INFO : EventManager : Event: ======'game_started'====== Args={}
2024-07-17 12:30:47,839 : INFO : EventManager : Event: ======'player_turn_will_start'====== Args={'player': <Player 1>, 'number': 1}
2024-07-17 12:30:47,840 : INFO : EventManager : Event: ======'slide__removed'====== Args={'_from_bcp': True}
2024-07-17 12:30:47,840 : INFO : EventManager : Event: ======'player_turn_starting'====== Args={'player': <Player 1>, 'number': 1}
2024-07-17 12:30:47,841 : INFO : EventManager : Event: ======'player_ball'====== Args={'value': 1, 'prev_value': 0, 'change': 1, 'player_num': 1}
2024-07-17 12:30:47,841 : INFO : EventManager : Event: ======'player_turn_started'====== Args={'player': <Player 1>, 'number': 1}
2024-07-17 12:30:47,842 : INFO : EventManager : Event: ======'ball_will_start'====== Args={'player': 1, 'ball': 1, 'balls_remaining': 2, 'is_extra_ball': False}
2024-07-17 12:30:47,842 : INFO : EventManager : Event: ======'ball_starting'====== Args={'player': 1, 'ball': 1, 'balls_remaining': 2, 'is_extra_ball': False}
2024-07-17 12:30:47,843 : INFO : EventManager : Event: ======'mode_skillshot_will_start'====== Args={'queue': <QueuedEvent>, 'player': 1, 'ball': 1, 'balls_remaining': 2, 'is_extra_ball': False}
2024-07-17 12:30:47,843 : INFO : EventManager : Event: ======'skillshot_complete'====== Args={'state': 'None'}
2024-07-17 12:30:47,844 : INFO : EventManager : Event: ======'skillshot_None_complete'====== Args={}
2024-07-17 12:30:47,844 : INFO : EventManager : Event: ======'player_shot_skillshot_p_target_enabled'====== Args={'value': True, 'prev_value': 0, 'change': 1, 'player_num': 1}
2024-07-17 12:30:47,845 : INFO : EventManager : Event: ======'player_shot_skillshot_r_target_enabled'====== Args={'value': True, 'prev_value': 0, 'change': 1, 'player_num': 1}
2024-07-17 12:30:47,846 : INFO : EventManager : Event: ======'player_shot_skillshot_o_target_enabled'====== Args={'value': True, 'prev_value': 0, 'change': 1, 'player_num': 1}
2024-07-17 12:30:47,846 : INFO : EventManager : Event: ======'player_shot_skillshot_p2_target_enabled'====== Args={'value': True, 'prev_value': 0, 'change': 1, 'player_num': 1}
2024-07-17 12:30:47,846 : INFO : EventManager : Event: ======'player_shot_skillshot_a_target_enabled'====== Args={'value': True, 'prev_value': 0, 'change': 1, 'player_num': 1}
2024-07-17 12:30:47,847 : INFO : EventManager : Event: ======'player_shot_skillshot_n_target_enabled'====== Args={'value': True, 'prev_value': 0, 'change': 1, 'player_num': 1}
2024-07-17 12:30:47,848 : INFO : EventManager : Event: ======'player_shot_skillshot_e_target_enabled'====== Args={'value': True, 'prev_value': 0, 'change': 1, 'player_num': 1}
2024-07-17 12:30:47,848 : INFO : EventManager : Event: ======'player_skillshot_skillshot_rotate_tick'====== Args={'value': 0, 'prev_value': 0, 'change': 0, 'player_num': 1}
2024-07-17 12:30:47,849 : INFO : Timer.skillshot_rotate : Starting Timer.
2024-07-17 12:30:47,849 : INFO : EventManager : Event: ======'timer_skillshot_rotate_started'====== Args={'ticks': 0, 'ticks_remaining': 0}
2024-07-17 12:30:47,849 : INFO : EventManager : Event: ======'timer_skillshot_rotate_tick'====== Args={'ticks': 0, 'ticks_remaining': 0}
2024-07-17 12:30:47,851 : INFO : EventManager : Event: ======'mode_skillshot_starting'====== Args={'queue': <QueuedEvent>, 'player': 1, 'ball': 1, 'balls_remaining': 2, 'is_extra_ball': False}
2024-07-17 12:30:47,851 : INFO : drop_target_bank.strickland_bank : All targets are already up. Will not reset bank.
2024-07-17 12:30:47,851 : INFO : EventManager : Event: ======'cmd_flippers_enable'====== Args={'priority': 0}
2024-07-17 12:30:47,851 : INFO : EventManager : Event: ======'cmd_autofire_coils_enable'====== Args={'priority': 0}
2024-07-17 12:30:47,851 : INFO : EventManager : Event: ======'cmd_drop_targets_reset'====== Args={'priority': 0}
2024-07-17 12:30:47,851 : INFO : Mode.skillshot : Started. Priority: 200
2024-07-17 12:30:47,852 : INFO : EventManager : Event: ======'modes_active_modes_changed'====== Args={}
2024-07-17 12:30:47,852 : INFO : EventManager : Event: ======'mode_skillshot_started'====== Args={'queue': <QueuedEvent>, 'player': 1, 'ball': 1, 'balls_remaining': 2, 'is_extra_ball': False}
2024-07-17 12:30:47,852 : INFO : EventManager : Event: ======'player_shot_skillshot_p_target'====== Args={'value': 1, 'prev_value': 0, 'change': 1, 'player_num': 1}
2024-07-17 12:30:47,854 : INFO : EventManager : Event: ======'balls_in_play'====== Args={'balls': 1}
2024-07-17 12:30:47,854 : INFO : EventManager : Event: ======'ball_started'====== Args={'player': 1, 'ball': 1, 'balls_remaining': 2, 'is_extra_ball': False}
2024-07-17 12:30:47,854 : INFO : EventManager : Event: ======'mode_BBQ_rollover_will_start'====== Args={'player': 1, 'ball': 1, 'balls_remaining': 2, 'is_extra_ball': False}
2024-07-17 12:30:47,855 : INFO : EventManager : Event: ======'player_shot_left_rollover_lane_enabled'====== Args={'value': True, 'prev_value': 0, 'change': 1, 'player_num': 1}
2024-07-17 12:30:47,855 : INFO : EventManager : Event: ======'player_shot_middle_rollover_lane_enabled'====== Args={'value': True, 'prev_value': 0, 'change': 1, 'player_num': 1}
2024-07-17 12:30:47,855 : INFO : EventManager : Event: ======'player_shot_right_rollover_lane_enabled'====== Args={'value': True, 'prev_value': 0, 'change': 1, 'player_num': 1}
2024-07-17 12:30:47,856 : INFO : EventManager : Event: ======'BBQ_lanes_complete'====== Args={'state': 'unlit'}
2024-07-17 12:30:47,856 : INFO : EventManager : Event: ======'BBQ_lanes_unlit_complete'====== Args={}
2024-07-17 12:30:47,858 : INFO : EventManager : Event: ======'mode_BBQ_rollover_starting'====== Args={'player': 1, 'ball': 1, 'balls_remaining': 2, 'is_extra_ball': False}
2024-07-17 12:30:47,858 : INFO : EventManager : Event: ======'mode_base_will_start'====== Args={'player': 1, 'ball': 1, 'balls_remaining': 2, 'is_extra_ball': False}
2024-07-17 12:30:47,858 : INFO : EventManager : Event: ======'player_extra_ball_score_one_num_awarded'====== Args={'value': 0, 'prev_value': 0, 'change': 0, 'player_num': 1}
2024-07-17 12:30:47,858 : INFO : EventManager : Event: ======'player_extra_ball_score_two_num_awarded'====== Args={'value': 0, 'prev_value': 0, 'change': 0, 'player_num': 1}
2024-07-17 12:30:47,858 : INFO : EventManager : Event: ======'player_shot_qualify_p_target_enabled'====== Args={'value': True, 'prev_value': 0, 'change': 1, 'player_num': 1}
2024-07-17 12:30:47,859 : INFO : EventManager : Event: ======'player_shot_qualify_r_target_enabled'====== Args={'value': True, 'prev_value': 0, 'change': 1, 'player_num': 1}
2024-07-17 12:30:47,859 : INFO : EventManager : Event: ======'player_shot_qualify_o_target_enabled'====== Args={'value': True, 'prev_value': 0, 'change': 1, 'player_num': 1}
2024-07-17 12:30:47,859 : INFO : EventManager : Event: ======'qualify_mission_complete'====== Args={'state': 'unlit'}
2024-07-17 12:30:47,859 : INFO : EventManager : Event: ======'qualify_mission_unlit_complete'====== Args={}
2024-07-17 12:30:47,862 : INFO : EventManager : Event: ======'mode_base_starting'====== Args={'player': 1, 'ball': 1, 'balls_remaining': 2, 'is_extra_ball': False}
2024-07-17 12:30:47,863 : INFO : Mode.base : Started. Priority: 100
2024-07-17 12:30:47,863 : INFO : EventManager : Event: ======'modes_active_modes_changed'====== Args={}
2024-07-17 12:30:47,863 : INFO : EventManager : Event: ======'mode_base_started'====== Args={'player': 1, 'ball': 1, 'balls_remaining': 2, 'is_extra_ball': False}
2024-07-17 12:30:47,863 : INFO : EventManager : Event: ======'ball_save_default_enabled'====== Args={}
2024-07-17 12:30:47,868 : INFO : EventManager : Event: ======'logicblock_lb_BBQ_complete_count_updated'====== Args={'value': 1, 'enabled': True}
2024-07-17 12:30:47,868 : INFO : EventManager : Event: ======'logicblock_lb_BBQ_complete_count_updated'====== Args={'value': 1, 'enabled': True}
2024-07-17 12:30:47,869 : INFO : Mode.BBQ_rollover : Started. Priority: 200
2024-07-17 12:30:47,869 : INFO : EventManager : Event: ======'modes_active_modes_changed'====== Args={}
2024-07-17 12:30:47,869 : INFO : EventManager : Event: ======'mode_BBQ_rollover_started'====== Args={'player': 1, 'ball': 1, 'balls_remaining': 2, 'is_extra_ball': False}
2024-07-17 12:30:47,869 : INFO : EventManager : Event: ======'player_bonus_multiplier'====== Args={'value': 1, 'prev_value': 0, 'change': 1, 'player_num': 1, 'source': 'BBQ_rollover'}
2024-07-17 12:30:47,869 : INFO : EventManager : Event: ======'single_player_ball_started'====== Args={}
2024-07-17 12:30:47,870 : INFO : EventManager : Event: ======'ball_start_target'====== Args={'target': 'playfield'}
2024-07-17 12:30:47,870 : INFO : EventManager : Event: ======'slide_skillshot_created'====== Args={'_from_bcp': True}
2024-07-17 12:30:47,870 : INFO : EventManager : Event: ======'slide_skillshot_active'====== Args={'original_context': 'skillshot', 'original_calling_context': 'mode_skillshot_started', 'queue': '<QueuedEvent>', 'cmd': 'slides_play', '_from_bcp': True}
2024-07-17 12:30:47,871 : INFO : ball_device.bd_plunger : Setting up player-controlled eject. Balls: 1, Target: <playfield.playfield>, player_controlled_eject_event: None
2024-07-17 12:30:47,871 : INFO : EventManager : Event: ======'balldevice_balls_available'====== Args={}
2024-07-17 12:30:47,871 : INFO : ball_device.bd_trough : State: waiting_for_target_ready
2024-07-17 12:30:47,872 : INFO : EventManager : Event: ======'balldevice_bd_trough_ball_eject_attempt'====== Args={'balls': 1, 'target': <ball_device.bd_plunger>, 'source': <ball_device.bd_trough>, 'mechanical_eject': True, 'num_attempts': 0}
2024-07-17 12:30:47,872 : INFO : ball_device.bd_plunger : State: waiting_for_ball
2024-07-17 12:30:47,872 : INFO : ball_device.bd_trough : State: ejecting
2024-07-17 12:30:47,872 : INFO : ball_device.bd_trough : Ejecting ball to <ball_device.bd_plunger>
2024-07-17 12:30:47,872 : INFO : EventManager : Event: ======'balldevice_bd_trough_ejecting_ball'====== Args={'balls': 1, 'target': <ball_device.bd_plunger>, 'source': <ball_device.bd_trough>, 'mechanical_eject': True, 'num_attempts': 0}
2024-07-17 12:30:47,873 : INFO : ball_device.bd_trough : Wait for ball to leave device
2024-07-17 12:30:47,873 : INFO : coil.c_trough_eject : Pulsing Driver for 20ms (1.0 pulse_power)
2024-07-17 12:30:47,873 : INFO : SwitchController : <<<<<<< 's_trough1' inactive >>>>>>>
2024-07-17 12:30:47,874 : INFO : ball_device.bd_trough : State: ball_left
2024-07-17 12:30:47,874 : INFO : ball_device.bd_trough : Ball left
2024-07-17 12:30:47,874 : INFO : ball_device.bd_trough : Wait for confirm with timeout 3.0
2024-07-17 12:30:47,886 : INFO : EventManager : Event: ======'slide_base_created'====== Args={'_from_bcp': True}
2024-07-17 12:30:47,974 : INFO : SwitchController : <<<<<<< 's_plunger' active >>>>>>>
2024-07-17 12:30:47,974 : INFO : EventManager : Event: ======'machine_var_audits_switches_s_plunger'====== Args={'value': 512, 'prev_value': 511, 'change': 1}
2024-07-17 12:30:48,475 : INFO : ball_device.bd_plunger : Received ball from <ball_device.bd_trough>
2024-07-17 12:30:48,475 : INFO : EventManager : Event: ======'balldevice_bd_plunger_ball_enter'====== Args={'new_balls': 1, 'unclaimed_balls': 0, 'new_available_balls': 0, 'device': <ball_device.bd_plunger>}
2024-07-17 12:30:48,478 : INFO : EventManager : Event: ======'balldevice_bd_plunger_ball_entered'====== Args={'new_balls': 0, 'device': <ball_device.bd_plunger>}
2024-07-17 12:30:48,479 : INFO : EventManager : Event: ======'balldevice_bd_plunger_ball_count_changed'====== Args={'balls': 1}
2024-07-17 12:30:48,480 : INFO : ball_device.bd_trough : Got eject confirm
2024-07-17 12:30:48,480 : INFO : ball_device.bd_trough : Eject successful
2024-07-17 12:30:48,480 : INFO : EventManager : Event: ======'balldevice_bd_trough_ball_eject_success'====== Args={'balls': 1, 'target': <ball_device.bd_plunger>}
2024-07-17 12:30:48,482 : INFO : EventManager : Event: ======'balldevice_bd_trough_ball_count_changed'====== Args={'balls': 5}
2024-07-17 12:30:48,482 : INFO : ball_device.bd_trough : State: idle
2024-07-17 12:30:48,483 : INFO : ball_device.bd_plunger : State: waiting_for_target_ready
2024-07-17 12:30:48,483 : INFO : EventManager : Event: ======'balldevice_bd_plunger_ball_eject_attempt'====== Args={'balls': 1, 'target': <playfield.playfield>, 'source': <ball_device.bd_plunger>, 'mechanical_eject': True, 'num_attempts': 0}
2024-07-17 12:30:48,484 : INFO : ball_device.bd_plunger : State: ejecting
2024-07-17 12:30:48,484 : INFO : ball_device.bd_plunger : Ejecting ball to <playfield.playfield>
2024-07-17 12:30:48,484 : INFO : EventManager : Event: ======'balldevice_bd_plunger_ejecting_ball'====== Args={'balls': 1, 'target': <playfield.playfield>, 'source': <ball_device.bd_plunger>, 'mechanical_eject': True, 'num_attempts': 0}
2024-07-17 12:30:48,485 : INFO : ball_device.bd_plunger : Wait for ball to leave device
2024-07-17 12:30:48,849 : INFO : EventManager : Event: ======'player_skillshot_skillshot_rotate_tick'====== Args={'value': 1, 'prev_value': 0, 'change': 1, 'player_num': 1}
2024-07-17 12:30:48,851 : INFO : EventManager : Event: ======'timer_skillshot_rotate_tick'====== Args={'ticks': 1, 'ticks_remaining': 0}
2024-07-17 12:30:48,851 : INFO : EventManager : Event: ======'player_shot_skillshot_p_target'====== Args={'value': 0, 'prev_value': 1, 'change': -1, 'player_num': 1}
2024-07-17 12:30:48,853 : INFO : EventManager : Event: ======'player_shot_skillshot_r_target'====== Args={'value': 1, 'prev_value': 0, 'change': 1, 'player_num': 1}
2024-07-17 12:30:49,146 : WARNING : SwitchController : Received duplicate switch state 1 for switch s_plunger from the platform interface. Log Code: Log-SwitchController-1 (https://missionpinball.org/logs)
2024-07-17 12:30:49,212 : INFO : SwitchController : <<<<<<< 's_plunger' inactive >>>>>>>
2024-07-17 12:30:49,213 : INFO : ball_device.bd_plunger : State: ball_left
2024-07-17 12:30:49,213 : INFO : ball_device.bd_plunger : Ball left
2024-07-17 12:30:49,213 : INFO : ball_device.bd_plunger : Wait for confirm with timeout 3.0
2024-07-17 12:30:49,850 : INFO : EventManager : Event: ======'player_skillshot_skillshot_rotate_tick'====== Args={'value': 2, 'prev_value': 1, 'change': 1, 'player_num': 1}
2024-07-17 12:30:49,852 : INFO : EventManager : Event: ======'timer_skillshot_rotate_tick'====== Args={'ticks': 2, 'ticks_remaining': 0}
2024-07-17 12:30:49,852 : INFO : EventManager : Event: ======'player_shot_skillshot_r_target'====== Args={'value': 0, 'prev_value': 1, 'change': -1, 'player_num': 1}
2024-07-17 12:30:49,853 : INFO : EventManager : Event: ======'player_shot_skillshot_o_target'====== Args={'value': 1, 'prev_value': 0, 'change': 1, 'player_num': 1}
2024-07-17 12:30:50,849 : INFO : EventManager : Event: ======'player_skillshot_skillshot_rotate_tick'====== Args={'value': 3, 'prev_value': 2, 'change': 1, 'player_num': 1}
2024-07-17 12:30:50,851 : INFO : EventManager : Event: ======'timer_skillshot_rotate_tick'====== Args={'ticks': 3, 'ticks_remaining': 0}
2024-07-17 12:30:50,852 : INFO : EventManager : Event: ======'player_shot_skillshot_o_target'====== Args={'value': 0, 'prev_value': 1, 'change': -1, 'player_num': 1}
2024-07-17 12:30:50,853 : INFO : EventManager : Event: ======'player_shot_skillshot_p2_target'====== Args={'value': 1, 'prev_value': 0, 'change': 1, 'player_num': 1}
2024-07-17 12:30:51,849 : INFO : EventManager : Event: ======'player_skillshot_skillshot_rotate_tick'====== Args={'value': 4, 'prev_value': 3, 'change': 1, 'player_num': 1}
2024-07-17 12:30:51,851 : INFO : EventManager : Event: ======'timer_skillshot_rotate_tick'====== Args={'ticks': 4, 'ticks_remaining': 0}
2024-07-17 12:30:51,852 : INFO : EventManager : Event: ======'player_shot_skillshot_p2_target'====== Args={'value': 0, 'prev_value': 1, 'change': -1, 'player_num': 1}
2024-07-17 12:30:51,855 : INFO : EventManager : Event: ======'player_shot_skillshot_a_target'====== Args={'value': 1, 'prev_value': 0, 'change': 1, 'player_num': 1}
2024-07-17 12:30:52,215 : INFO : ball_device.bd_plunger : State: failed_confirm
2024-07-17 12:30:52,216 : INFO : ball_device.bd_plunger : Got timeout (3.0s) before confirm from <playfield.playfield>
2024-07-17 12:30:52,317 : INFO : ball_device.bd_plunger : Confirming eject because target is playfield and ball did not return.
2024-07-17 12:30:52,318 : INFO : ball_device.bd_plunger : Eject successful
2024-07-17 12:30:52,318 : INFO : EventManager : Event: ======'balldevice_bd_plunger_ball_eject_success'====== Args={'balls': 1, 'target': <playfield.playfield>}
2024-07-17 12:30:52,319 : INFO : EventManager : Event: ======'balldevice_playfield_ball_enter'====== Args={'new_balls': 1, 'unclaimed_balls': 1, 'device': <playfield.playfield>}
2024-07-17 12:30:52,320 : INFO : EventManager : Event: ======'playfield_ball_count_change'====== Args={'balls': 1, 'change': 1}
2024-07-17 12:30:52,321 : INFO : EventManager : Event: ======'balldevice_bd_plunger_ball_count_changed'====== Args={'balls': 0}
2024-07-17 12:30:52,322 : INFO : ball_device.bd_plunger : State: idle
2024-07-17 12:30:52,849 : INFO : EventManager : Event: ======'player_skillshot_skillshot_rotate_tick'====== Args={'value': 5, 'prev_value': 4, 'change': 1, 'player_num': 1}
2024-07-17 12:30:52,852 : INFO : EventManager : Event: ======'timer_skillshot_rotate_tick'====== Args={'ticks': 5, 'ticks_remaining': 0}
2024-07-17 12:30:52,853 : INFO : EventManager : Event: ======'player_shot_skillshot_a_target'====== Args={'value': 0, 'prev_value': 1, 'change': -1, 'player_num': 1}
2024-07-17 12:30:52,854 : INFO : EventManager : Event: ======'player_shot_skillshot_n_target'====== Args={'value': 1, 'prev_value': 0, 'change': 1, 'player_num': 1}
2024-07-17 12:30:53,339 : INFO : SwitchController : <<<<<<< 's_plunger_lane_exit' active >>>>>>>
2024-07-17 12:30:53,339 : INFO : EventManager : Event: ======'s_plunger_lane_exit_active'====== Args={}
2024-07-17 12:30:53,339 : INFO : EventManager : Event: ======'sw_playfield_active'====== Args={}
2024-07-17 12:30:53,340 : INFO : EventManager : Event: ======'machine_var_audits_switches_s_plunger_lane_exit'====== Args={'value': 309, 'prev_value': 308, 'change': 1}
2024-07-17 12:30:53,340 : INFO : EventManager : Event: ======'ball_save_default_timer_start'====== Args={}
2024-07-17 12:30:53,431 : INFO : SwitchController : <<<<<<< 's_plunger_lane_exit' inactive >>>>>>>
2024-07-17 12:30:53,431 : INFO : EventManager : Event: ======'s_plunger_lane_exit_inactive'====== Args={}
2024-07-17 12:30:53,431 : INFO : Timer.skillshot_rotate : Stopping Timer
2024-07-17 12:30:53,432 : INFO : EventManager : Event: ======'timer_skillshot_rotate_stopped'====== Args={'ticks': 5, 'ticks_remaining': 0}
2024-07-17 12:30:53,432 : INFO : EventManager : Event: ======'advance_skillshot_6'====== Args={'priority': 0}
2024-07-17 12:30:53,433 : INFO : EventManager : Event: ======'player_shot_skillshot_n_target'====== Args={'value': 2, 'prev_value': 1, 'change': 1, 'player_num': 1}
2024-07-17 12:30:56,034 : INFO : SwitchController : <<<<<<< 's_n_target' active >>>>>>>
2024-07-17 12:30:56,034 : INFO : EventManager : Event: ======'s_n_target_active'====== Args={}
2024-07-17 12:30:56,035 : INFO : EventManager : Event: ======'machine_var_audits_switches_s_n_target'====== Args={'value': 93, 'prev_value': 92, 'change': 1}
2024-07-17 12:30:56,037 : INFO : EventManager : Event: ======'machine_var_audits_shots_skillshot_n_target'====== Args={'value': 34, 'prev_value': 33, 'change': 1}
2024-07-17 12:30:56,046 : INFO : EventManager : Event: ======'skillshot_n_target_hit'====== Args={'profile': 'skillshot_profile', 'state': 'lit', 'advancing': False}
2024-07-17 12:30:56,047 : INFO : EventManager : Event: ======'skillshot_n_target_skillshot_profile_hit'====== Args={'profile': 'skillshot_profile', 'state': 'lit', 'advancing': False}
2024-07-17 12:30:56,047 : INFO : EventManager : Event: ======'skillshot_n_target_skillshot_profile_lit_hit'====== Args={'profile': 'skillshot_profile', 'state': 'lit', 'advancing': False}
2024-07-17 12:30:56,047 : INFO : EventManager : Event: ======'skillshot_n_target_lit_hit'====== Args={'profile': 'skillshot_profile', 'state': 'lit', 'advancing': False}
2024-07-17 12:30:56,047 : INFO : EventManager : Event: ======'player_score'====== Args={'value': 50, 'prev_value': 0, 'change': 50, 'player_num': 1, 'source': 'base'}
2024-07-17 12:30:56,048 : INFO : EventManager : Event: ======'skillshot_hit'====== Args={'shot': 'skillshot_n_target'}
2024-07-17 12:30:56,048 : INFO : EventManager : Event: ======'skillshot_lit_hit'====== Args={'shot': 'skillshot_n_target'}
2024-07-17 12:30:56,048 : INFO : EventManager : Event: ======'stop_mode_skillshot'====== Args={'priority': 0}
2024-07-17 12:30:56,048 : INFO : EventManager : Event: ======'mode_skillshot_will_stop'====== Args={}
2024-07-17 12:30:56,048 : INFO : EventManager : Event: ======'mode_skillshot_stopping'====== Args={}
2024-07-17 12:30:56,049 : INFO : EventManager : Event: ======'player_score'====== Args={'value': 20050, 'prev_value': 50, 'change': 20000, 'player_num': 1, 'source': 'skillshot'}
2024-07-17 12:30:56,052 : INFO : Mode.skillshot : Stopped.
2024-07-17 12:30:56,052 : INFO : EventManager : Event: ======'modes_active_modes_changed'====== Args={}
2024-07-17 12:30:56,052 : INFO : EventManager : Event: ======'mode_skillshot_stopped'====== Args={}
2024-07-17 12:30:56,052 : INFO : EventManager : Event: ======'clear'====== Args={'key': 'skillshot'}
2024-07-17 12:30:56,054 : INFO : Timer.skillshot_rotate : Stopping Timer
2024-07-17 12:30:56,054 : INFO : EventManager : Event: ======'timer_skillshot_rotate_stopped'====== Args={'ticks': 5, 'ticks_remaining': 0}
2024-07-17 12:30:56,061 : INFO : EventManager : Event: ======'slide_skillshot_inactive'====== Args={'_from_bcp': True}
2024-07-17 12:30:56,062 : INFO : EventManager : Event: ======'slide_base_active'====== Args={'_from_bcp': True}
2024-07-17 12:30:56,062 : INFO : EventManager : Event: ======'slide_skillshot_removed'====== Args={'_from_bcp': True}
2024-07-17 12:30:56,118 : INFO : SwitchController : <<<<<<< 's_n_target' inactive >>>>>>>
2024-07-17 12:30:57,617 : INFO : SwitchController : <<<<<<< 's_scoop' active >>>>>>>
2024-07-17 12:30:57,618 : INFO : EventManager : Event: ======'machine_var_audits_switches_s_scoop'====== Args={'value': 90, 'prev_value': 89, 'change': 1}
2024-07-17 12:30:58,118 : INFO : EventManager : Event: ======'balldevice_bd_scoop_ball_count_changed'====== Args={'balls': 1}
2024-07-17 12:30:58,119 : INFO : ball_device.bd_scoop : Received unexpected ball
2024-07-17 12:30:58,119 : INFO : EventManager : Event: ======'balldevice_captured_from_playfield'====== Args={'balls': 1}
2024-07-17 12:30:58,120 : INFO : EventManager : Event: ======'sw_playfield_active'====== Args={'balls': 1}
2024-07-17 12:30:58,120 : INFO : EventManager : Event: ======'playfield_ball_count_change'====== Args={'balls': 0, 'change': -1}
2024-07-17 12:30:58,121 : INFO : EventManager : Event: ======'balldevice_bd_scoop_ball_enter'====== Args={'new_balls': 1, 'unclaimed_balls': 1, 'new_available_balls': 1, 'device': <ball_device.bd_scoop>}
2024-07-17 12:30:58,122 : INFO : EventManager : Event: ======'ball_hold_scoop_held_ball'====== Args={'balls_held': 1, 'total_balls_held': 1}
2024-07-17 12:30:58,122 : INFO : EventManager : Event: ======'ball_hold_scoop_full'====== Args={'balls': 1}
2024-07-17 12:30:58,122 : INFO : EventManager : Event: ======'mode_mission_select_will_start'====== Args={'balls': 1}
2024-07-17 12:30:58,124 : INFO : EventManager : Event: ======'mode_mission_select_starting'====== Args={'balls': 1}
2024-07-17 12:30:58,124 : INFO : Mode.mission_select : Started. Priority: 800
2024-07-17 12:30:58,124 : INFO : EventManager : Event: ======'modes_active_modes_changed'====== Args={}
2024-07-17 12:30:58,125 : INFO : EventManager : Event: ======'mode_mission_select_started'====== Args={'balls': 1}
2024-07-17 12:30:58,125 : INFO : EventManager : Event: ======'item_highlighted'====== Args={'carousel': 'mission_select', 'direction': None, 'item': 'beat_the_surfer'}
2024-07-17 12:30:58,126 : INFO : EventManager : Event: ======'balldevice_balls_available'====== Args={}
2024-07-17 12:30:58,126 : INFO : EventManager : Event: ======'balldevice_bd_scoop_ball_entered'====== Args={'new_balls': 1, 'device': <ball_device.bd_scoop>}
2024-07-17 12:30:58,179 : INFO : EventManager : Event: ======'slide_mission_select_created'====== Args={'_from_bcp': True}
2024-07-17 12:30:58,179 : INFO : EventManager : Event: ======'slide_base_inactive'====== Args={'_from_bcp': True}
2024-07-17 12:30:58,179 : INFO : EventManager : Event: ======'slide_mission_select_active'====== Args={'original_context': 'mission_select', 'original_calling_context': 'mode_mission_select_started', 'cmd': 'slides_play', '_from_bcp': True}
2024-07-17 12:30:58,214 : INFO : SwitchController : <<<<<<< 's_scoop' inactive >>>>>>>
2024-07-17 12:30:59,816 : INFO : SwitchController : <<<<<<< 's_right_flipper' active >>>>>>>
2024-07-17 12:30:59,817 : INFO : EventManager : Event: ======'s_right_flipper_active'====== Args={}
2024-07-17 12:30:59,818 : INFO : EventManager : Event: ======'machine_var_audits_switches_s_right_flipper'====== Args={'value': 458, 'prev_value': 457, 'change': 1}
2024-07-17 12:30:59,820 : INFO : EventManager : Event: ======'item_highlighted'====== Args={'carousel': 'mission_select', 'direction': 'forwards', 'item': 'beer_can_named_desire'}
2024-07-17 12:30:59,882 : INFO : SwitchController : <<<<<<< 's_right_flipper' inactive >>>>>>>
2024-07-17 12:31:00,332 : INFO : SwitchController : <<<<<<< 's_right_flipper' active >>>>>>>
2024-07-17 12:31:00,333 : INFO : EventManager : Event: ======'s_right_flipper_active'====== Args={}
2024-07-17 12:31:00,333 : INFO : EventManager : Event: ======'machine_var_audits_switches_s_right_flipper'====== Args={'value': 459, 'prev_value': 458, 'change': 1}
2024-07-17 12:31:00,335 : INFO : EventManager : Event: ======'item_highlighted'====== Args={'carousel': 'mission_select', 'direction': 'forwards', 'item': 'bill_bulk_and_the_body_buddies'}
2024-07-17 12:31:00,431 : INFO : SwitchController : <<<<<<< 's_right_flipper' inactive >>>>>>>
2024-07-17 12:31:01,342 : INFO : EventManager : Event: ======'ball_save_default_hurry_up'====== Args={}
2024-07-17 12:31:01,387 : INFO : SwitchController : <<<<<<< 's_right_flipper' active >>>>>>>
2024-07-17 12:31:01,387 : INFO : EventManager : Event: ======'s_right_flipper_active'====== Args={}
2024-07-17 12:31:01,387 : INFO : EventManager : Event: ======'machine_var_audits_switches_s_right_flipper'====== Args={'value': 460, 'prev_value': 459, 'change': 1}
2024-07-17 12:31:01,388 : INFO : EventManager : Event: ======'item_highlighted'====== Args={'carousel': 'mission_select', 'direction': 'forwards', 'item': 'boomhauer_tbd'}
2024-07-17 12:31:01,463 : INFO : SwitchController : <<<<<<< 's_right_flipper' inactive >>>>>>>
2024-07-17 12:31:02,081 : INFO : SwitchController : <<<<<<< 's_right_flipper' active >>>>>>>
2024-07-17 12:31:02,081 : INFO : EventManager : Event: ======'s_right_flipper_active'====== Args={}
2024-07-17 12:31:02,082 : INFO : EventManager : Event: ======'machine_var_audits_switches_s_right_flipper'====== Args={'value': 461, 'prev_value': 460, 'change': 1}
2024-07-17 12:31:02,084 : INFO : EventManager : Event: ======'item_highlighted'====== Args={'carousel': 'mission_select', 'direction': 'forwards', 'item': 'dale_tbd'}
2024-07-17 12:31:02,165 : INFO : SwitchController : <<<<<<< 's_right_flipper' inactive >>>>>>>
2024-07-17 12:31:02,532 : INFO : SwitchController : <<<<<<< 's_right_flipper' active >>>>>>>
2024-07-17 12:31:02,532 : INFO : EventManager : Event: ======'s_right_flipper_active'====== Args={}
2024-07-17 12:31:02,533 : INFO : EventManager : Event: ======'machine_var_audits_switches_s_right_flipper'====== Args={'value': 462, 'prev_value': 461, 'change': 1}
2024-07-17 12:31:02,535 : INFO : EventManager : Event: ======'item_highlighted'====== Args={'carousel': 'mission_select', 'direction': 'forwards', 'item': 'duke_the_dolphin'}
2024-07-17 12:31:02,599 : INFO : SwitchController : <<<<<<< 's_right_flipper' inactive >>>>>>>
2024-07-17 12:31:03,133 : INFO : SwitchController : <<<<<<< 's_right_flipper' active >>>>>>>
2024-07-17 12:31:03,133 : INFO : EventManager : Event: ======'s_right_flipper_active'====== Args={}
2024-07-17 12:31:03,134 : INFO : EventManager : Event: ======'machine_var_audits_switches_s_right_flipper'====== Args={'value': 463, 'prev_value': 462, 'change': 1}
2024-07-17 12:31:03,136 : INFO : EventManager : Event: ======'item_highlighted'====== Args={'carousel': 'mission_select', 'direction': 'forwards', 'item': 'gladstone'}
2024-07-17 12:31:03,215 : INFO : SwitchController : <<<<<<< 's_right_flipper' inactive >>>>>>>
2024-07-17 12:31:03,343 : INFO : EventManager : Event: ======'ball_save_default_grace_period'====== Args={}
2024-07-17 12:31:03,717 : INFO : EventManager : Event: ======'balldevice_bd_scoop_ball_count_changed'====== Args={'balls': 0}
2024-07-17 12:31:03,718 : WARNING : ball_device.bd_scoop : Ball disappeared while idle. This should not normally happen.
2024-07-17 12:31:03,718 : INFO : EventManager : Event: ======'balldevice_playfield_ball_enter'====== Args={'new_balls': 1, 'unclaimed_balls': 1, 'device': <playfield.playfield>}
2024-07-17 12:31:03,719 : INFO : EventManager : Event: ======'playfield_ball_count_change'====== Args={'balls': 1, 'change': 1}
2024-07-17 12:31:03,719 : INFO : ball_device.bd_scoop : 1 ball(s) missing from device. Mechanical eject? False
2024-07-17 12:31:03,719 : INFO : EventManager : Event: ======'balldevice_bd_scoop_ball_missing'====== Args={'balls': 1}
2024-07-17 12:31:03,720 : INFO : ball_hold.scoop : Ball device <ball_device.bd_scoop> lost 1 balls, hold now has 0 balls held
2024-07-17 12:31:03,720 : INFO : EventManager : Event: ======'balldevice_ball_missing'====== Args={'balls': 1, 'name': 'bd_scoop'}
2024-07-17 12:31:03,932 : INFO : SwitchController : <<<<<<< 's_right_flipper' active >>>>>>>
2024-07-17 12:31:03,932 : INFO : EventManager : Event: ======'s_right_flipper_active'====== Args={}
2024-07-17 12:31:03,933 : INFO : EventManager : Event: ======'machine_var_audits_switches_s_right_flipper'====== Args={'value': 464, 'prev_value': 463, 'change': 1}
2024-07-17 12:31:03,934 : INFO : EventManager : Event: ======'item_highlighted'====== Args={'carousel': 'mission_select', 'direction': 'forwards', 'item': 'the_heat_waver'}
2024-07-17 12:31:04,033 : INFO : SwitchController : <<<<<<< 's_right_flipper' inactive >>>>>>>
2024-07-17 12:31:05,014 : INFO : SwitchController : <<<<<<< 's_right_flipper' active >>>>>>>
2024-07-17 12:31:05,015 : INFO : EventManager : Event: ======'s_right_flipper_active'====== Args={}
2024-07-17 12:31:05,015 : INFO : EventManager : Event: ======'machine_var_audits_switches_s_right_flipper'====== Args={'value': 465, 'prev_value': 464, 'change': 1}
2024-07-17 12:31:05,017 : INFO : EventManager : Event: ======'item_highlighted'====== Args={'carousel': 'mission_select', 'direction': 'forwards', 'item': 'beat_the_surfer'}
2024-07-17 12:31:05,096 : INFO : SwitchController : <<<<<<< 's_right_flipper' inactive >>>>>>>
2024-07-17 12:31:05,343 : INFO : EventManager : Event: ======'ball_save_default_disabled'====== Args={}
2024-07-17 12:31:07,408 : INFO : Machine : Shutting down...
2024-07-17 12:31:07,409 : INFO : EventManager : Event: ======'shutdown'====== Args={}
2024-07-17 12:31:07,415 : INFO : EventManager : Event: ======'mode_game_will_stop'====== Args={}
2024-07-17 12:31:07,415 : INFO : EventManager : Event: ======'mode_game_stopping'====== Args={}
2024-07-17 12:31:07,416 : INFO : EventManager : Event: ======'mode_base_will_stop'====== Args={}
2024-07-17 12:31:07,416 : INFO : EventManager : Event: ======'mode_base_stopping'====== Args={}
2024-07-17 12:31:07,416 : INFO : EventManager : Event: ======'mode_mission_select_will_stop'====== Args={}
2024-07-17 12:31:07,416 : INFO : EventManager : Event: ======'mode_mission_select_stopping'====== Args={}
2024-07-17 12:31:07,416 : INFO : EventManager : Event: ======'mode_BBQ_rollover_will_stop'====== Args={}
2024-07-17 12:31:07,416 : INFO : EventManager : Event: ======'mode_BBQ_rollover_stopping'====== Args={}
2024-07-17 12:31:07,417 : INFO : Mode.BBQ_rollover : Stopped.
2024-07-17 12:31:07,417 : INFO : EventManager : Event: ======'modes_active_modes_changed'====== Args={}
2024-07-17 12:31:07,417 : INFO : EventManager : Event: ======'mode_BBQ_rollover_stopped'====== Args={}
2024-07-17 12:31:07,417 : INFO : EventManager : Event: ======'clear'====== Args={'key': 'BBQ_rollover'}
2024-07-17 12:31:07,418 : INFO : Mode.mission_select : Stopped.
2024-07-17 12:31:07,418 : INFO : EventManager : Event: ======'modes_active_modes_changed'====== Args={}
2024-07-17 12:31:07,418 : INFO : EventManager : Event: ======'mode_mission_select_stopped'====== Args={}
2024-07-17 12:31:07,418 : INFO : EventManager : Event: ======'clear'====== Args={'key': 'mission_select'}
2024-07-17 12:31:07,419 : INFO : Mode.base : Stopped.
2024-07-17 12:31:07,419 : INFO : EventManager : Event: ======'modes_active_modes_changed'====== Args={}
2024-07-17 12:31:07,419 : INFO : EventManager : Event: ======'mode_base_stopped'====== Args={}
2024-07-17 12:31:07,419 : INFO : EventManager : Event: ======'clear'====== Args={'key': 'base'}
2024-07-17 12:31:07,421 : INFO : Mode.game : Stopped.
2024-07-17 12:31:07,421 : INFO : EventManager : Event: ======'modes_active_modes_changed'====== Args={}
2024-07-17 12:31:07,421 : INFO : EventManager : Event: ======'mode_game_stopped'====== Args={}
2024-07-17 12:31:07,421 : INFO : EventManager : Event: ======'clear'====== Args={'key': 'game'}
2024-07-17 12:31:07,423 : INFO : root : MPF run loop ended.
