2024-08-17 21:23:31,981 : INFO : root : Loading config.
2024-08-17 21:23:31,982 : INFO : YamlMultifileConfigLoader : Machine config file #1: config.yaml
2024-08-17 21:23:31,983 : INFO : ConfigProcessor : Loading config from cache: /var/folders/sv/d29kcl5x50v7vt1n6xb5jsd40000gn/T/c166cef8060ffee16a35821bf698da85.mpf_cache
2024-08-17 21:23:32,009 : INFO : ConfigProcessor : Loading config from cache: /var/folders/sv/d29kcl5x50v7vt1n6xb5jsd40000gn/T/6b31c5ac6ecbad948994a8204ea6b05b.mpf_cache
2024-08-17 21:23:32,009 : INFO : ConfigProcessor : Loading config from cache: /var/folders/sv/d29kcl5x50v7vt1n6xb5jsd40000gn/T/fe612d1e66c8a96c19ba449d3748eeac.mpf_cache
2024-08-17 21:23:32,009 : INFO : ConfigProcessor : Loading config from cache: /var/folders/sv/d29kcl5x50v7vt1n6xb5jsd40000gn/T/6b31c5ac6ecbad948994a8204ea6b05b.mpf_cache
2024-08-17 21:23:32,009 : INFO : ConfigProcessor : Loading config from cache: /var/folders/sv/d29kcl5x50v7vt1n6xb5jsd40000gn/T/8765227693ecd961e0504502a81255e0.mpf_cache
2024-08-17 21:23:32,010 : WARNING : ConfigProcessor : Config file in cache changed: /Users/nicktaseris/Desktop/Pinball/KOTH/modes/base/config/base.yaml
2024-08-17 21:23:32,010 : INFO : ConfigProcessor : Loading config from file /Users/nicktaseris/Desktop/Pinball/KOTH/modes/base/config/base.yaml.
2024-08-17 21:23:32,013 : INFO : ConfigProcessor : Loading config: /Users/nicktaseris/Desktop/Pinball/KOTH/modes/base/config/base.yaml
2024-08-17 21:23:32,014 : INFO : ConfigProcessor : Config file cache created: /var/folders/sv/d29kcl5x50v7vt1n6xb5jsd40000gn/T/b247728c74b4d81bcb2825e2b07062a7.mpf_cache
2024-08-17 21:23:32,014 : INFO : ConfigProcessor : Loading config from cache: /var/folders/sv/d29kcl5x50v7vt1n6xb5jsd40000gn/T/f240f94f0b5d0f37ec4fd7571275a101.mpf_cache
2024-08-17 21:23:32,014 : INFO : ConfigProcessor : Loading config from cache: /var/folders/sv/d29kcl5x50v7vt1n6xb5jsd40000gn/T/c4409acfdf3ec94666e0adef48d55400.mpf_cache
2024-08-17 21:23:32,014 : INFO : ConfigProcessor : Loading config from cache: /var/folders/sv/d29kcl5x50v7vt1n6xb5jsd40000gn/T/6a2f50ed892485825cc04dc0a68eab9f.mpf_cache
2024-08-17 21:23:32,015 : INFO : ConfigProcessor : Loading config from cache: /var/folders/sv/d29kcl5x50v7vt1n6xb5jsd40000gn/T/d58c58eb9fd1a2dc27f8acd255fb3761.mpf_cache
2024-08-17 21:23:32,015 : INFO : ConfigProcessor : Loading config from cache: /var/folders/sv/d29kcl5x50v7vt1n6xb5jsd40000gn/T/07adfd310b3ef0e03c5cbc91527abb6c.mpf_cache
2024-08-17 21:23:32,015 : INFO : ConfigProcessor : Loading config from cache: /var/folders/sv/d29kcl5x50v7vt1n6xb5jsd40000gn/T/12bd5247c3bf989b919364bdb7829769.mpf_cache
2024-08-17 21:23:32,015 : INFO : ConfigProcessor : Loading config from cache: /var/folders/sv/d29kcl5x50v7vt1n6xb5jsd40000gn/T/362e08f51a1a1b7a0809dd52f9c83f83.mpf_cache
2024-08-17 21:23:32,015 : INFO : ConfigProcessor : Loading config from cache: /var/folders/sv/d29kcl5x50v7vt1n6xb5jsd40000gn/T/e45e3bd39557ed8d0881194a7afab8f7.mpf_cache
2024-08-17 21:23:32,015 : INFO : ConfigProcessor : Loading config from cache: /var/folders/sv/d29kcl5x50v7vt1n6xb5jsd40000gn/T/331d8d1a1bc190cae8c13495e1db372f.mpf_cache
2024-08-17 21:23:32,016 : INFO : ConfigProcessor : Loading config from cache: /var/folders/sv/d29kcl5x50v7vt1n6xb5jsd40000gn/T/d17a9ff77386e6f1439d0802ace1de07.mpf_cache
2024-08-17 21:23:32,016 : INFO : ConfigProcessor : Loading config from cache: /var/folders/sv/d29kcl5x50v7vt1n6xb5jsd40000gn/T/280fd64455d0d243a54ab4db98fbccbd.mpf_cache
2024-08-17 21:23:32,016 : INFO : ConfigProcessor : Loading config from cache: /var/folders/sv/d29kcl5x50v7vt1n6xb5jsd40000gn/T/0c0596ed8fbb40b6113901d21bdc0a39.mpf_cache
2024-08-17 21:23:32,016 : INFO : ConfigProcessor : Loading config from cache: /var/folders/sv/d29kcl5x50v7vt1n6xb5jsd40000gn/T/f521a0f834965d73920394ccceaa3c1c.mpf_cache
2024-08-17 21:23:32,016 : INFO : ConfigProcessor : Loading config from cache: /var/folders/sv/d29kcl5x50v7vt1n6xb5jsd40000gn/T/0fedc249e142fba0aaf46d9adc7061fa.mpf_cache
2024-08-17 21:23:32,016 : INFO : ConfigProcessor : Loading config from cache: /var/folders/sv/d29kcl5x50v7vt1n6xb5jsd40000gn/T/c57745b2fe399992c4aedf0209f8acc9.mpf_cache
2024-08-17 21:23:32,016 : INFO : ConfigProcessor : Loading config from cache: /var/folders/sv/d29kcl5x50v7vt1n6xb5jsd40000gn/T/4d7707f845442344c77faa09114dd414.mpf_cache
2024-08-17 21:23:32,017 : INFO : ConfigProcessor : Loading config from cache: /var/folders/sv/d29kcl5x50v7vt1n6xb5jsd40000gn/T/3048ed2d7ea14eee3db896f6760aa474.mpf_cache
2024-08-17 21:23:32,017 : INFO : ConfigProcessor : Loading config from cache: /var/folders/sv/d29kcl5x50v7vt1n6xb5jsd40000gn/T/a14a120665a0ee9fd8a6e22274033983.mpf_cache
2024-08-17 21:23:32,017 : INFO : ConfigProcessor : Loading config from cache: /var/folders/sv/d29kcl5x50v7vt1n6xb5jsd40000gn/T/984de704eb69e43ca43e84d7915bfa21.mpf_cache
2024-08-17 21:23:32,017 : INFO : ConfigProcessor : Loading config from cache: /var/folders/sv/d29kcl5x50v7vt1n6xb5jsd40000gn/T/0a9cb7260d26760274024f443d38cc22.mpf_cache
2024-08-17 21:23:32,017 : INFO : ConfigProcessor : Loading config from cache: /var/folders/sv/d29kcl5x50v7vt1n6xb5jsd40000gn/T/deb753c2acdccb3c49ddc8f2a7e04ee6.mpf_cache
2024-08-17 21:23:32,017 : INFO : ConfigProcessor : Loading config from cache: /var/folders/sv/d29kcl5x50v7vt1n6xb5jsd40000gn/T/4a90c06755c4a5beef2ee4c243f54397.mpf_cache
2024-08-17 21:23:32,018 : INFO : Machine : Mission Pinball Framework Core Engine v0.80.0.dev1
2024-08-17 21:23:32,018 : INFO : Machine : Command line arguments: {'no_load_cache': False, 'create_config_cache': True, 'bcp': True, 'configfile': ['config.yaml'], 'force_assets_load': False, 'platform_integration_test': False, 'jsonlogging': False, 'logfile': 'logs/2024-08-17-21-23-31-mpf-Nicks-Air.lan.log', 'pause': False, 'production': False, 'text_ui': True, 'loglevel': 15, 'consoleloglevel': 20, 'force_platform': None, 'syslog_address': None, 'mc_file_name': None, 'no_sound': False, 'full_logfile_path': '/Users/nicktaseris/Desktop/Pinball/KOTH/logs/2024-08-17-21-23-31-mpf-Nicks-Air.lan.log'}
2024-08-17 21:23:32,018 : INFO : Machine : MPF path: /Users/nicktaseris/mpfenv/lib/python3.9/site-packages/mpf
2024-08-17 21:23:32,018 : INFO : Machine : Machine path: /Users/nicktaseris/Desktop/Pinball/KOTH
2024-08-17 21:23:32,018 : INFO : Machine : Platform: darwin
2024-08-17 21:23:32,018 : INFO : Machine : Python executable location: /Users/nicktaseris/mpfenv/bin/python3
2024-08-17 21:23:32,018 : INFO : Machine : Python version: 3.9.13 (64-bit)
2024-08-17 21:23:32,018 : INFO : Machine : Initializing MPF...
2024-08-17 21:23:32,043 : INFO : EventManager : Event: ======'machine_var_credits_string'====== Args={'value': 'FREE PLAY', 'prev_value': None, 'change': True}
2024-08-17 21:23:32,055 : INFO : EventManager : Event: ======'machine_var_master_volume'====== Args={'value': 0.5, 'prev_value': None, 'change': True}
2024-08-17 21:23:32,055 : INFO : EventManager : Event: ======'machine_var_player1_score'====== Args={'value': 175300, 'prev_value': None, 'change': True}
2024-08-17 21:23:32,055 : INFO : EventManager : Event: ======'machine_var_mpf_version'====== Args={'value': 'Mission Pinball Framework v0.80.0.dev1', 'prev_value': None, 'change': True}
2024-08-17 21:23:32,055 : INFO : EventManager : Event: ======'machine_var_mpf_extended_version'====== Args={'value': 'Mission Pinball Framework v0.80.0.dev1, Config version:6, Show version: 6, BCP version:1.1', 'prev_value': None, 'change': True}
2024-08-17 21:23:32,055 : INFO : EventManager : Event: ======'machine_var_python_version'====== Args={'value': '3.9.13', 'prev_value': None, 'change': True}
2024-08-17 21:23:32,063 : INFO : EventManager : Event: ======'machine_var_platform'====== Args={'value': 'macOS-12.1-arm64-arm-64bit', 'prev_value': None, 'change': True}
2024-08-17 21:23:32,063 : INFO : EventManager : Event: ======'machine_var_platform_system'====== Args={'value': 'Darwin', 'prev_value': None, 'change': True}
2024-08-17 21:23:32,063 : INFO : EventManager : Event: ======'machine_var_platform_release'====== Args={'value': '21.2.0', 'prev_value': None, 'change': True}
2024-08-17 21:23:32,063 : INFO : EventManager : Event: ======'machine_var_platform_version'====== Args={'value': 'Darwin Kernel Version 21.2.0: Sun Nov 28 20:29:10 PST 2021; root:xnu-8019.61.5~1/RELEASE_ARM64_T8101', 'prev_value': None, 'change': True}
2024-08-17 21:23:32,063 : INFO : EventManager : Event: ======'machine_var_platform_machine'====== Args={'value': 'arm64', 'prev_value': None, 'change': True}
2024-08-17 21:23:32,063 : INFO : EventManager : Event: ======'machine_var_log_file_path'====== Args={'value': '/Users/nicktaseris/Desktop/Pinball/KOTH/logs/2024-08-17-21-23-31-mpf-Nicks-Air.lan.log', 'prev_value': None, 'change': True}
2024-08-17 21:23:32,063 : INFO : EventManager : Event: ======'init_phase_1'====== Args={}
2024-08-17 21:23:32,082 : INFO : EventManager : Event: ======'drop_target_bank_strickland_bank_up'====== Args={}
2024-08-17 21:23:32,083 : INFO : EventManager : Event: ======'init_phase_2'====== Args={}
2024-08-17 21:23:32,083 : INFO : SwitchController : Found active switch: ('39', <Platform.SmartVirtual>) <switch.s_trough1>
2024-08-17 21:23:32,083 : INFO : SwitchController : Found active switch: ('40', <Platform.SmartVirtual>) <switch.s_trough2>
2024-08-17 21:23:32,083 : INFO : SwitchController : Found active switch: ('41', <Platform.SmartVirtual>) <switch.s_trough3>
2024-08-17 21:23:32,083 : INFO : SwitchController : Found active switch: ('42', <Platform.SmartVirtual>) <switch.s_trough4>
2024-08-17 21:23:32,083 : INFO : SwitchController : Found active switch: ('43', <Platform.SmartVirtual>) <switch.s_trough5>
2024-08-17 21:23:32,083 : INFO : SwitchController : Found active switch: ('44', <Platform.SmartVirtual>) <switch.s_trough6>
2024-08-17 21:23:32,088 : INFO : EventManager : Event: ======'machine_var_score1_label'====== Args={'value': 'GRAND CHAMPION', 'prev_value': None, 'change': True}
2024-08-17 21:23:32,088 : INFO : EventManager : Event: ======'machine_var_score1_name'====== Args={'value': 'BRI', 'prev_value': None, 'change': True}
2024-08-17 21:23:32,088 : INFO : EventManager : Event: ======'machine_var_score1_value'====== Args={'value': 4242, 'prev_value': None, 'change': True}
2024-08-17 21:23:32,088 : INFO : EventManager : Event: ======'machine_var_score2_label'====== Args={'value': 'HIGH SCORE 1', 'prev_value': None, 'change': True}
2024-08-17 21:23:32,088 : INFO : EventManager : Event: ======'machine_var_score2_name'====== Args={'value': 'GHK', 'prev_value': None, 'change': True}
2024-08-17 21:23:32,088 : INFO : EventManager : Event: ======'machine_var_score2_value'====== Args={'value': 2323, 'prev_value': None, 'change': True}
2024-08-17 21:23:32,088 : INFO : EventManager : Event: ======'machine_var_score3_label'====== Args={'value': 'HIGH SCORE 2', 'prev_value': None, 'change': True}
2024-08-17 21:23:32,088 : INFO : EventManager : Event: ======'machine_var_score3_name'====== Args={'value': 'JK', 'prev_value': None, 'change': True}
2024-08-17 21:23:32,088 : INFO : EventManager : Event: ======'machine_var_score3_value'====== Args={'value': 1337, 'prev_value': None, 'change': True}
2024-08-17 21:23:32,088 : INFO : EventManager : Event: ======'machine_var_score4_label'====== Args={'value': 'HIGH SCORE 3', 'prev_value': None, 'change': True}
2024-08-17 21:23:32,088 : INFO : EventManager : Event: ======'machine_var_score4_name'====== Args={'value': 'QC', 'prev_value': None, 'change': True}
2024-08-17 21:23:32,088 : INFO : EventManager : Event: ======'machine_var_score4_value'====== Args={'value': 42, 'prev_value': None, 'change': True}
2024-08-17 21:23:32,088 : INFO : EventManager : Event: ======'machine_var_score5_label'====== Args={'value': 'HIGH SCORE 4', 'prev_value': None, 'change': True}
2024-08-17 21:23:32,088 : INFO : EventManager : Event: ======'machine_var_score5_name'====== Args={'value': 'MPF', 'prev_value': None, 'change': True}
2024-08-17 21:23:32,088 : INFO : EventManager : Event: ======'machine_var_score5_value'====== Args={'value': 23, 'prev_value': None, 'change': True}
2024-08-17 21:23:32,089 : INFO : EventManager : Event: ======'bcp_connection_attempt'====== Args={'name': 'local_display', 'host': 'localhost', 'port': 5050}
2024-08-17 21:23:32,089 : INFO : BCPClientSocket : Connecting BCP to 'local_display' at localhost:5050...
2024-08-17 21:23:32,092 : INFO : BCPClientSocket : Connected BCP to 'local_display' localhost:5050
2024-08-17 21:23:32,092 : INFO : EventManager : Event: ======'bcp_clients_connected'====== Args={}
2024-08-17 21:23:32,093 : INFO : ball_device.bd_trough : BCH: Initial count: 6
2024-08-17 21:23:32,093 : INFO : ball_device.bd_trough : State: idle
2024-08-17 21:23:32,093 : INFO : ball_device.bd_plunger : BCH: Initial count: 0
2024-08-17 21:23:32,093 : INFO : ball_device.bd_plunger : State: idle
2024-08-17 21:23:32,093 : INFO : ball_device.bd_scoop : BCH: Initial count: 0
2024-08-17 21:23:32,093 : INFO : ball_device.bd_scoop : State: idle
2024-08-17 21:23:32,097 : INFO : EventManager : Event: ======'init_phase_3'====== Args={}
2024-08-17 21:23:32,103 : INFO : EventManager : Event: ======'init_phase_4'====== Args={}
2024-08-17 21:23:32,103 : INFO : BallController : Initial balls found: 6
2024-08-17 21:23:32,104 : INFO : EventManager : Event: ======'machine_var_audits_events_game_ended'====== Args={'value': 4, 'prev_value': None, 'change': True}
2024-08-17 21:23:32,104 : INFO : EventManager : Event: ======'machine_var_audits_events_game_started'====== Args={'value': 729, 'prev_value': None, 'change': True}
2024-08-17 21:23:32,104 : INFO : EventManager : Event: ======'machine_var_audits_missing_switches_s_a_target'====== Args={'value': 10, 'prev_value': None, 'change': True}
2024-08-17 21:23:32,104 : INFO : EventManager : Event: ======'machine_var_audits_missing_switches_s_bottom_inline_drop'====== Args={'value': 5, 'prev_value': None, 'change': True}
2024-08-17 21:23:32,104 : INFO : EventManager : Event: ======'machine_var_audits_missing_switches_s_bottom_pop_bumper'====== Args={'value': 288, 'prev_value': None, 'change': True}
2024-08-17 21:23:32,104 : INFO : EventManager : Event: ======'machine_var_audits_missing_switches_s_center_spinner'====== Args={'value': 10, 'prev_value': None, 'change': True}
2024-08-17 21:23:32,104 : INFO : EventManager : Event: ======'machine_var_audits_missing_switches_s_e_target'====== Args={'value': 5, 'prev_value': None, 'change': True}
2024-08-17 21:23:32,104 : INFO : EventManager : Event: ======'machine_var_audits_missing_switches_s_launch_button'====== Args={'value': 200, 'prev_value': None, 'change': True}
2024-08-17 21:23:32,104 : INFO : EventManager : Event: ======'machine_var_audits_missing_switches_s_left_flipper'====== Args={'value': 30, 'prev_value': None, 'change': True}
2024-08-17 21:23:32,104 : INFO : EventManager : Event: ======'machine_var_audits_missing_switches_s_left_inlane'====== Args={'value': 10, 'prev_value': None, 'change': True}
2024-08-17 21:23:32,104 : INFO : EventManager : Event: ======'machine_var_audits_missing_switches_s_left_inner_horseshoe'====== Args={'value': 363, 'prev_value': None, 'change': True}
2024-08-17 21:23:32,104 : INFO : EventManager : Event: ======'machine_var_audits_missing_switches_s_left_orbit_exit'====== Args={'value': 79, 'prev_value': None, 'change': True}
2024-08-17 21:23:32,104 : INFO : EventManager : Event: ======'machine_var_audits_missing_switches_s_left_outlane'====== Args={'value': 10, 'prev_value': None, 'change': True}
2024-08-17 21:23:32,104 : INFO : EventManager : Event: ======'machine_var_audits_missing_switches_s_left_pop_bumper'====== Args={'value': 288, 'prev_value': None, 'change': True}
2024-08-17 21:23:32,104 : INFO : EventManager : Event: ======'machine_var_audits_missing_switches_s_left_ramp_enter'====== Args={'value': 1, 'prev_value': None, 'change': True}
2024-08-17 21:23:32,104 : INFO : EventManager : Event: ======'machine_var_audits_missing_switches_s_left_ramp_exit'====== Args={'value': 1, 'prev_value': None, 'change': True}
2024-08-17 21:23:32,105 : INFO : EventManager : Event: ======'machine_var_audits_missing_switches_s_left_rollover_lane'====== Args={'value': 10, 'prev_value': None, 'change': True}
2024-08-17 21:23:32,105 : INFO : EventManager : Event: ======'machine_var_audits_missing_switches_s_left_sling'====== Args={'value': 379, 'prev_value': None, 'change': True}
2024-08-17 21:23:32,105 : INFO : EventManager : Event: ======'machine_var_audits_missing_switches_s_left_spinner'====== Args={'value': 22, 'prev_value': None, 'change': True}
2024-08-17 21:23:32,105 : INFO : EventManager : Event: ======'machine_var_audits_missing_switches_s_middle_inline_drop'====== Args={'value': 5, 'prev_value': None, 'change': True}
2024-08-17 21:23:32,105 : INFO : EventManager : Event: ======'machine_var_audits_missing_switches_s_middle_rollover_lane'====== Args={'value': 10, 'prev_value': None, 'change': True}
2024-08-17 21:23:32,105 : INFO : EventManager : Event: ======'machine_var_audits_missing_switches_s_n_target'====== Args={'value': 10, 'prev_value': None, 'change': True}
2024-08-17 21:23:32,105 : INFO : EventManager : Event: ======'machine_var_audits_missing_switches_s_o_target'====== Args={'value': 8, 'prev_value': None, 'change': True}
2024-08-17 21:23:32,105 : INFO : EventManager : Event: ======'machine_var_audits_missing_switches_s_p2_target'====== Args={'value': 1, 'prev_value': None, 'change': True}
2024-08-17 21:23:32,105 : INFO : EventManager : Event: ======'machine_var_audits_missing_switches_s_p_target'====== Args={'value': 8, 'prev_value': None, 'change': True}
2024-08-17 21:23:32,105 : INFO : EventManager : Event: ======'machine_var_audits_missing_switches_s_r_target'====== Args={'value': 8, 'prev_value': None, 'change': True}
2024-08-17 21:23:32,105 : INFO : EventManager : Event: ======'machine_var_audits_missing_switches_s_right_inlane'====== Args={'value': 10, 'prev_value': None, 'change': True}
2024-08-17 21:23:32,105 : INFO : EventManager : Event: ======'machine_var_audits_missing_switches_s_right_inner_horseshoe'====== Args={'value': 79, 'prev_value': None, 'change': True}
2024-08-17 21:23:32,105 : INFO : EventManager : Event: ======'machine_var_audits_missing_switches_s_right_orbit_exit'====== Args={'value': 472, 'prev_value': None, 'change': True}
2024-08-17 21:23:32,106 : INFO : EventManager : Event: ======'machine_var_audits_missing_switches_s_right_outlane'====== Args={'value': 10, 'prev_value': None, 'change': True}
2024-08-17 21:23:32,106 : INFO : EventManager : Event: ======'machine_var_audits_missing_switches_s_right_pop_bumper'====== Args={'value': 9, 'prev_value': None, 'change': True}
2024-08-17 21:23:32,106 : INFO : EventManager : Event: ======'machine_var_audits_missing_switches_s_right_ramp_enter'====== Args={'value': 1, 'prev_value': None, 'change': True}
2024-08-17 21:23:32,106 : INFO : EventManager : Event: ======'machine_var_audits_missing_switches_s_right_ramp_exit'====== Args={'value': 1, 'prev_value': None, 'change': True}
2024-08-17 21:23:32,106 : INFO : EventManager : Event: ======'machine_var_audits_missing_switches_s_right_ramp_standup'====== Args={'value': 79, 'prev_value': None, 'change': True}
2024-08-17 21:23:32,106 : INFO : EventManager : Event: ======'machine_var_audits_missing_switches_s_right_rollover_lane'====== Args={'value': 10, 'prev_value': None, 'change': True}
2024-08-17 21:23:32,106 : INFO : EventManager : Event: ======'machine_var_audits_missing_switches_s_right_sling'====== Args={'value': 680, 'prev_value': None, 'change': True}
2024-08-17 21:23:32,106 : INFO : EventManager : Event: ======'machine_var_audits_missing_switches_s_top_inline_drop'====== Args={'value': 15, 'prev_value': None, 'change': True}
2024-08-17 21:23:32,106 : INFO : EventManager : Event: ======'machine_var_audits_missing_switches_s_trough1'====== Args={'value': 10, 'prev_value': None, 'change': True}
2024-08-17 21:23:32,106 : INFO : EventManager : Event: ======'machine_var_audits_missing_switches_s_trough2'====== Args={'value': 25, 'prev_value': None, 'change': True}
2024-08-17 21:23:32,106 : INFO : EventManager : Event: ======'machine_var_audits_missing_switches_s_trough3'====== Args={'value': 24, 'prev_value': None, 'change': True}
2024-08-17 21:23:32,106 : INFO : EventManager : Event: ======'machine_var_audits_missing_switches_s_trough4'====== Args={'value': 151, 'prev_value': None, 'change': True}
2024-08-17 21:23:32,107 : INFO : EventManager : Event: ======'machine_var_audits_missing_switches_s_trough5'====== Args={'value': 684, 'prev_value': None, 'change': True}
2024-08-17 21:23:32,107 : INFO : EventManager : Event: ======'machine_var_audits_missing_switches_s_trough6'====== Args={'value': 684, 'prev_value': None, 'change': True}
2024-08-17 21:23:32,107 : INFO : EventManager : Event: ======'machine_var_audits_missing_switches_s_trough_jam'====== Args={'value': 617, 'prev_value': None, 'change': True}
2024-08-17 21:23:32,107 : INFO : EventManager : Event: ======'machine_var_audits_player_score'====== Args={'value': {'average': 109379, 'top': [370600, 175300, 400, 300, 250], 'total': 5}, 'prev_value': None, 'change': True}
2024-08-17 21:23:32,107 : INFO : EventManager : Event: ======'machine_var_audits_shots_a_rollover_lane'====== Args={'value': 14, 'prev_value': None, 'change': True}
2024-08-17 21:23:32,107 : INFO : EventManager : Event: ======'machine_var_audits_shots_a_target'====== Args={'value': 7, 'prev_value': None, 'change': True}
2024-08-17 21:23:32,107 : INFO : EventManager : Event: ======'machine_var_audits_shots_ball_lock_a_target'====== Args={'value': 6, 'prev_value': None, 'change': True}
2024-08-17 21:23:32,107 : INFO : EventManager : Event: ======'machine_var_audits_shots_ball_lock_e_target'====== Args={'value': 5, 'prev_value': None, 'change': True}
2024-08-17 21:23:32,107 : INFO : EventManager : Event: ======'machine_var_audits_shots_ball_lock_n_target'====== Args={'value': 5, 'prev_value': None, 'change': True}
2024-08-17 21:23:32,107 : INFO : EventManager : Event: ======'machine_var_audits_shots_ball_lock_p2_target'====== Args={'value': 9, 'prev_value': None, 'change': True}
2024-08-17 21:23:32,108 : INFO : EventManager : Event: ======'machine_var_audits_shots_e_target'====== Args={'value': 3, 'prev_value': None, 'change': True}
2024-08-17 21:23:32,108 : INFO : EventManager : Event: ======'machine_var_audits_shots_h_rollover_lane'====== Args={'value': 17, 'prev_value': None, 'change': True}
2024-08-17 21:23:32,108 : INFO : EventManager : Event: ======'machine_var_audits_shots_k_rollover_lane'====== Args={'value': 13, 'prev_value': None, 'change': True}
2024-08-17 21:23:32,108 : INFO : EventManager : Event: ======'machine_var_audits_shots_left_rollover_lane'====== Args={'value': 211, 'prev_value': None, 'change': True}
2024-08-17 21:23:32,108 : INFO : EventManager : Event: ======'machine_var_audits_shots_middle_rollover_lane'====== Args={'value': 200, 'prev_value': None, 'change': True}
2024-08-17 21:23:32,108 : INFO : EventManager : Event: ======'machine_var_audits_shots_n_rollover_lane'====== Args={'value': 12, 'prev_value': None, 'change': True}
2024-08-17 21:23:32,108 : INFO : EventManager : Event: ======'machine_var_audits_shots_n_target'====== Args={'value': 9, 'prev_value': None, 'change': True}
2024-08-17 21:23:32,108 : INFO : EventManager : Event: ======'machine_var_audits_shots_o_target'====== Args={'value': 4, 'prev_value': None, 'change': True}
2024-08-17 21:23:32,109 : INFO : EventManager : Event: ======'machine_var_audits_shots_p2_target'====== Args={'value': 5, 'prev_value': None, 'change': True}
2024-08-17 21:23:32,109 : INFO : EventManager : Event: ======'machine_var_audits_shots_p_target'====== Args={'value': 8, 'prev_value': None, 'change': True}
2024-08-17 21:23:32,109 : INFO : EventManager : Event: ======'machine_var_audits_shots_qualify_a_target'====== Args={'value': 7, 'prev_value': None, 'change': True}
2024-08-17 21:23:32,109 : INFO : EventManager : Event: ======'machine_var_audits_shots_qualify_e_target'====== Args={'value': 8, 'prev_value': None, 'change': True}
2024-08-17 21:23:32,109 : INFO : EventManager : Event: ======'machine_var_audits_shots_qualify_n_target'====== Args={'value': 7, 'prev_value': None, 'change': True}
2024-08-17 21:23:32,109 : INFO : EventManager : Event: ======'machine_var_audits_shots_qualify_o_target'====== Args={'value': 272, 'prev_value': None, 'change': True}
2024-08-17 21:23:32,109 : INFO : EventManager : Event: ======'machine_var_audits_shots_qualify_p2_target'====== Args={'value': 9, 'prev_value': None, 'change': True}
2024-08-17 21:23:32,109 : INFO : EventManager : Event: ======'machine_var_audits_shots_qualify_p_target'====== Args={'value': 220, 'prev_value': None, 'change': True}
2024-08-17 21:23:32,110 : INFO : EventManager : Event: ======'machine_var_audits_shots_qualify_r_target'====== Args={'value': 261, 'prev_value': None, 'change': True}
2024-08-17 21:23:32,110 : INFO : EventManager : Event: ======'machine_var_audits_shots_r_target'====== Args={'value': 14, 'prev_value': None, 'change': True}
2024-08-17 21:23:32,110 : INFO : EventManager : Event: ======'machine_var_audits_shots_rainey_multiball_ball_lock_a_target'====== Args={'value': 31, 'prev_value': None, 'change': True}
2024-08-17 21:23:32,110 : INFO : EventManager : Event: ======'machine_var_audits_shots_rainey_multiball_ball_lock_e_target'====== Args={'value': 32, 'prev_value': None, 'change': True}
2024-08-17 21:23:32,110 : INFO : EventManager : Event: ======'machine_var_audits_shots_rainey_multiball_ball_lock_n_target'====== Args={'value': 30, 'prev_value': None, 'change': True}
2024-08-17 21:23:32,110 : INFO : EventManager : Event: ======'machine_var_audits_shots_rainey_multiball_ball_lock_p2_target'====== Args={'value': 43, 'prev_value': None, 'change': True}
2024-08-17 21:23:32,110 : INFO : EventManager : Event: ======'machine_var_audits_shots_right_rollover_lane'====== Args={'value': 205, 'prev_value': None, 'change': True}
2024-08-17 21:23:32,111 : INFO : EventManager : Event: ======'machine_var_audits_shots_scoop'====== Args={'value': 19, 'prev_value': None, 'change': True}
2024-08-17 21:23:32,111 : INFO : EventManager : Event: ======'machine_var_audits_shots_scoop_mission_select'====== Args={'value': 57, 'prev_value': None, 'change': True}
2024-08-17 21:23:32,111 : INFO : EventManager : Event: ======'machine_var_audits_shots_shot_left_ramp'====== Args={'value': 17, 'prev_value': None, 'change': True}
2024-08-17 21:23:32,111 : INFO : EventManager : Event: ======'machine_var_audits_shots_shot_right_ramp'====== Args={'value': 24, 'prev_value': None, 'change': True}
2024-08-17 21:23:32,111 : INFO : EventManager : Event: ======'machine_var_audits_shots_skillshot_a_target'====== Args={'value': 74, 'prev_value': None, 'change': True}
2024-08-17 21:23:32,111 : INFO : EventManager : Event: ======'machine_var_audits_shots_skillshot_e_target'====== Args={'value': 61, 'prev_value': None, 'change': True}
2024-08-17 21:23:32,111 : INFO : EventManager : Event: ======'machine_var_audits_shots_skillshot_n_target'====== Args={'value': 53, 'prev_value': None, 'change': True}
2024-08-17 21:23:32,112 : INFO : EventManager : Event: ======'machine_var_audits_shots_skillshot_o_target'====== Args={'value': 110, 'prev_value': None, 'change': True}
2024-08-17 21:23:32,112 : INFO : EventManager : Event: ======'machine_var_audits_shots_skillshot_p2_target'====== Args={'value': 61, 'prev_value': None, 'change': True}
2024-08-17 21:23:32,112 : INFO : EventManager : Event: ======'machine_var_audits_shots_skillshot_p_target'====== Args={'value': 47, 'prev_value': None, 'change': True}
2024-08-17 21:23:32,112 : INFO : EventManager : Event: ======'machine_var_audits_shots_skillshot_r_target'====== Args={'value': 88, 'prev_value': None, 'change': True}
2024-08-17 21:23:32,112 : INFO : EventManager : Event: ======'machine_var_audits_shots_spinner'====== Args={'value': 4, 'prev_value': None, 'change': True}
2024-08-17 21:23:32,112 : INFO : EventManager : Event: ======'machine_var_audits_switches_s_a_target'====== Args={'value': 159, 'prev_value': None, 'change': True}
2024-08-17 21:23:32,112 : INFO : EventManager : Event: ======'machine_var_audits_switches_s_bottom_inline_drop'====== Args={'value': 1013, 'prev_value': None, 'change': True}
2024-08-17 21:23:32,113 : INFO : EventManager : Event: ======'machine_var_audits_switches_s_bottom_pop_bumper'====== Args={'value': 10, 'prev_value': None, 'change': True}
2024-08-17 21:23:32,113 : INFO : EventManager : Event: ======'machine_var_audits_switches_s_center_spinner'====== Args={'value': 197, 'prev_value': None, 'change': True}
2024-08-17 21:23:32,113 : INFO : EventManager : Event: ======'machine_var_audits_switches_s_e_target'====== Args={'value': 164, 'prev_value': None, 'change': True}
2024-08-17 21:23:32,113 : INFO : EventManager : Event: ======'machine_var_audits_switches_s_launch_button'====== Args={'value': 10, 'prev_value': None, 'change': True}
2024-08-17 21:23:32,113 : INFO : EventManager : Event: ======'machine_var_audits_switches_s_left_flipper'====== Args={'value': 217, 'prev_value': None, 'change': True}
2024-08-17 21:23:32,113 : INFO : EventManager : Event: ======'machine_var_audits_switches_s_left_inlane'====== Args={'value': 25, 'prev_value': None, 'change': True}
2024-08-17 21:23:32,113 : INFO : EventManager : Event: ======'machine_var_audits_switches_s_left_inner_horseshoe'====== Args={'value': 15, 'prev_value': None, 'change': True}
2024-08-17 21:23:32,114 : INFO : EventManager : Event: ======'machine_var_audits_switches_s_left_orbit_enter'====== Args={'value': 59, 'prev_value': None, 'change': True}
2024-08-17 21:23:32,114 : INFO : EventManager : Event: ======'machine_var_audits_switches_s_left_orbit_exit'====== Args={'value': 20, 'prev_value': None, 'change': True}
2024-08-17 21:23:32,114 : INFO : EventManager : Event: ======'machine_var_audits_switches_s_left_outlane'====== Args={'value': 43, 'prev_value': None, 'change': True}
2024-08-17 21:23:32,114 : INFO : EventManager : Event: ======'machine_var_audits_switches_s_left_pop_bumper'====== Args={'value': 9, 'prev_value': None, 'change': True}
2024-08-17 21:23:32,114 : INFO : EventManager : Event: ======'machine_var_audits_switches_s_left_ramp_enter'====== Args={'value': 30, 'prev_value': None, 'change': True}
2024-08-17 21:23:32,114 : INFO : EventManager : Event: ======'machine_var_audits_switches_s_left_ramp_exit'====== Args={'value': 37, 'prev_value': None, 'change': True}
2024-08-17 21:23:32,115 : INFO : EventManager : Event: ======'machine_var_audits_switches_s_left_ramp_standup'====== Args={'value': 1262, 'prev_value': None, 'change': True}
2024-08-17 21:23:32,115 : INFO : EventManager : Event: ======'machine_var_audits_switches_s_left_rollover_lane'====== Args={'value': 216, 'prev_value': None, 'change': True}
2024-08-17 21:23:32,115 : INFO : EventManager : Event: ======'machine_var_audits_switches_s_left_sling'====== Args={'value': 12, 'prev_value': None, 'change': True}
2024-08-17 21:23:32,115 : INFO : EventManager : Event: ======'machine_var_audits_switches_s_left_spinner'====== Args={'value': 137, 'prev_value': None, 'change': True}
2024-08-17 21:23:32,115 : INFO : EventManager : Event: ======'machine_var_audits_switches_s_middle_inline_drop'====== Args={'value': 999, 'prev_value': None, 'change': True}
2024-08-17 21:23:32,115 : INFO : EventManager : Event: ======'machine_var_audits_switches_s_middle_rollover_lane'====== Args={'value': 203, 'prev_value': None, 'change': True}
2024-08-17 21:23:32,116 : INFO : EventManager : Event: ======'machine_var_audits_switches_s_n_target'====== Args={'value': 150, 'prev_value': None, 'change': True}
2024-08-17 21:23:32,116 : INFO : EventManager : Event: ======'machine_var_audits_switches_s_o_target'====== Args={'value': 319, 'prev_value': None, 'change': True}
2024-08-17 21:23:32,116 : INFO : EventManager : Event: ======'machine_var_audits_switches_s_p2_target'====== Args={'value': 123, 'prev_value': None, 'change': True}
2024-08-17 21:23:32,116 : INFO : EventManager : Event: ======'machine_var_audits_switches_s_p_target'====== Args={'value': 441, 'prev_value': None, 'change': True}
2024-08-17 21:23:32,117 : INFO : EventManager : Event: ======'machine_var_audits_switches_s_plunger'====== Args={'value': 907, 'prev_value': None, 'change': True}
2024-08-17 21:23:32,117 : INFO : EventManager : Event: ======'machine_var_audits_switches_s_plunger_lane'====== Args={'value': 39, 'prev_value': None, 'change': True}
2024-08-17 21:23:32,117 : INFO : EventManager : Event: ======'machine_var_audits_switches_s_plunger_lane_exit'====== Args={'value': 649, 'prev_value': None, 'change': True}
2024-08-17 21:23:32,117 : INFO : EventManager : Event: ======'machine_var_audits_switches_s_r_target'====== Args={'value': 301, 'prev_value': None, 'change': True}
2024-08-17 21:23:32,117 : INFO : EventManager : Event: ======'machine_var_audits_switches_s_right_flipper'====== Args={'value': 895, 'prev_value': None, 'change': True}
2024-08-17 21:23:32,118 : INFO : EventManager : Event: ======'machine_var_audits_switches_s_right_inlane'====== Args={'value': 21, 'prev_value': None, 'change': True}
2024-08-17 21:23:32,118 : INFO : EventManager : Event: ======'machine_var_audits_switches_s_right_inner_horseshoe'====== Args={'value': 16, 'prev_value': None, 'change': True}
2024-08-17 21:23:32,118 : INFO : EventManager : Event: ======'machine_var_audits_switches_s_right_orbit_exit'====== Args={'value': 33, 'prev_value': None, 'change': True}
2024-08-17 21:23:32,118 : INFO : EventManager : Event: ======'machine_var_audits_switches_s_right_outlane'====== Args={'value': 21, 'prev_value': None, 'change': True}
2024-08-17 21:23:32,118 : INFO : EventManager : Event: ======'machine_var_audits_switches_s_right_pop_bumper'====== Args={'value': 18, 'prev_value': None, 'change': True}
2024-08-17 21:23:32,118 : INFO : EventManager : Event: ======'machine_var_audits_switches_s_right_ramp_enter'====== Args={'value': 16, 'prev_value': None, 'change': True}
2024-08-17 21:23:32,119 : INFO : EventManager : Event: ======'machine_var_audits_switches_s_right_ramp_exit'====== Args={'value': 26, 'prev_value': None, 'change': True}
2024-08-17 21:23:32,119 : INFO : EventManager : Event: ======'machine_var_audits_switches_s_right_ramp_standup'====== Args={'value': 287, 'prev_value': None, 'change': True}
2024-08-17 21:23:32,119 : INFO : EventManager : Event: ======'machine_var_audits_switches_s_right_rollover_lane'====== Args={'value': 219, 'prev_value': None, 'change': True}
2024-08-17 21:23:32,119 : INFO : EventManager : Event: ======'machine_var_audits_switches_s_right_sling'====== Args={'value': 1, 'prev_value': None, 'change': True}
2024-08-17 21:23:32,119 : INFO : EventManager : Event: ======'machine_var_audits_switches_s_scoop'====== Args={'value': 337, 'prev_value': None, 'change': True}
2024-08-17 21:23:32,120 : INFO : EventManager : Event: ======'machine_var_audits_switches_s_start'====== Args={'value': 439, 'prev_value': None, 'change': True}
2024-08-17 21:23:32,120 : INFO : EventManager : Event: ======'machine_var_audits_switches_s_top_inline_drop'====== Args={'value': 46, 'prev_value': None, 'change': True}
2024-08-17 21:23:32,120 : INFO : EventManager : Event: ======'machine_var_audits_switches_s_trough1'====== Args={'value': 407, 'prev_value': None, 'change': True}
2024-08-17 21:23:32,120 : INFO : EventManager : Event: ======'machine_var_audits_switches_s_trough2'====== Args={'value': 31, 'prev_value': None, 'change': True}
2024-08-17 21:23:32,120 : INFO : EventManager : Event: ======'machine_var_audits_switches_s_trough3'====== Args={'value': 12, 'prev_value': None, 'change': True}
2024-08-17 21:23:32,121 : INFO : EventManager : Event: ======'machine_var_audits_switches_s_trough4'====== Args={'value': 3, 'prev_value': None, 'change': True}
2024-08-17 21:23:32,121 : INFO : EventManager : Event: ======'machine_var_audits_switches_s_trough5'====== Args={'value': 2, 'prev_value': None, 'change': True}
2024-08-17 21:23:32,121 : INFO : EventManager : Event: ======'machine_var_audits_switches_s_trough6'====== Args={'value': 1, 'prev_value': None, 'change': True}
2024-08-17 21:23:32,121 : INFO : EventManager : Event: ======'machine_var_audits_switches_s_trough_jam'====== Args={'value': 5, 'prev_value': None, 'change': True}
2024-08-17 21:23:32,122 : INFO : EventManager : Event: ======'init_phase_5'====== Args={}
2024-08-17 21:23:32,125 : INFO : EventManager : Event: ======'init_done'====== Args={}
2024-08-17 21:23:32,125 : INFO : EventManager : Event: ======'machine_reset_phase_1'====== Args={}
2024-08-17 21:23:32,150 : INFO : EventManager : Event: ======'machine_reset_phase_2'====== Args={}
2024-08-17 21:23:32,150 : INFO : EventManager : Event: ======'machine_reset_phase_3'====== Args={}
2024-08-17 21:23:32,150 : INFO : drop_target_bank.strickland_bank : All targets are already up. Will not reset bank.
2024-08-17 21:23:32,150 : INFO : EventManager : Event: ======'reset_complete'====== Args={}
2024-08-17 21:23:32,150 : INFO : EventManager : Event: ======'mode_attract_will_start'====== Args={}
2024-08-17 21:23:32,150 : INFO : Timer.attract_switch : Starting Timer.
2024-08-17 21:23:32,150 : INFO : EventManager : Event: ======'timer_attract_switch_started'====== Args={'ticks': 0, 'ticks_remaining': 45}
2024-08-17 21:23:32,150 : INFO : EventManager : Event: ======'timer_attract_switch_tick'====== Args={'ticks': 0, 'ticks_remaining': 45}
2024-08-17 21:23:32,151 : INFO : EventManager : Event: ======'mode_attract_starting'====== Args={}
2024-08-17 21:23:32,151 : INFO : Mode.attract : Started. Priority: 10
2024-08-17 21:23:32,151 : INFO : EventManager : Event: ======'modes_active_modes_changed'====== Args={}
2024-08-17 21:23:32,151 : INFO : EventManager : Event: ======'mode_attract_started'====== Args={}
2024-08-17 21:23:32,151 : INFO : EventManager : Event: ======'collecting_balls_complete'====== Args={}
2024-08-17 21:23:32,151 : INFO : Machine : Starting the main run loop.
2024-08-17 21:23:32,519 : INFO : BcpServer : New client connected.
2024-08-17 21:23:33,152 : INFO : EventManager : Event: ======'timer_attract_switch_tick'====== Args={'ticks': 1, 'ticks_remaining': 44}
2024-08-17 21:23:33,177 : INFO : EventManager : Event: ======'slide__removed'====== Args={'_from_bcp': True}
2024-08-17 21:23:33,197 : INFO : EventManager : Event: ======'slide_dtp_logo_attract_created'====== Args={'_from_bcp': True}
2024-08-17 21:23:33,197 : INFO : EventManager : Event: ======'slide_dtp_logo_attract_active'====== Args={'original_context': 'attract', 'original_calling_context': 'timer_attract_switch_tick{ticks==1}', 'cmd': 'slides_play', '_from_bcp': True}
2024-08-17 21:23:33,302 : INFO : SwitchController : <<<<<<< 's_start' active >>>>>>>
2024-08-17 21:23:33,303 : INFO : EventManager : Event: ======'s_start_active'====== Args={}
2024-08-17 21:23:33,303 : INFO : EventManager : Event: ======'sw_add_player'====== Args={'priority': 0}
2024-08-17 21:23:33,427 : INFO : SwitchController : <<<<<<< 's_start' inactive >>>>>>>
2024-08-17 21:23:33,427 : INFO : EventManager : Event: ======'request_to_start_game'====== Args={}
2024-08-17 21:23:33,427 : INFO : EventManager : Event: ======'game_start'====== Args={'buttons': [], 'hold_time': 0.12416833300000008}
2024-08-17 21:23:33,427 : INFO : EventManager : Event: ======'mode_game_will_start'====== Args={'buttons': [], 'hold_time': 0.12416833300000008}
2024-08-17 21:23:33,428 : INFO : EventManager : Event: ======'mode_game_starting'====== Args={'buttons': [], 'hold_time': 0.12416833300000008}
2024-08-17 21:23:33,428 : INFO : EventManager : Event: ======'mode_attract_will_stop'====== Args={}
2024-08-17 21:23:33,428 : INFO : EventManager : Event: ======'mode_attract_stopping'====== Args={}
2024-08-17 21:23:33,428 : INFO : Mode.attract : Stopped.
2024-08-17 21:23:33,428 : INFO : EventManager : Event: ======'modes_active_modes_changed'====== Args={}
2024-08-17 21:23:33,428 : INFO : EventManager : Event: ======'mode_attract_stopped'====== Args={}
2024-08-17 21:23:33,429 : INFO : EventManager : Event: ======'clear'====== Args={'key': 'attract'}
2024-08-17 21:23:33,429 : INFO : Timer.attract_switch : Stopping Timer
2024-08-17 21:23:33,429 : INFO : EventManager : Event: ======'timer_attract_switch_stopped'====== Args={'ticks': 1, 'ticks_remaining': 44}
2024-08-17 21:23:33,429 : INFO : Mode.game : Started. Priority: 20
2024-08-17 21:23:33,429 : INFO : EventManager : Event: ======'modes_active_modes_changed'====== Args={}
2024-08-17 21:23:33,429 : INFO : EventManager : Event: ======'mode_game_started'====== Args={'buttons': [], 'hold_time': 0.12416833300000008}
2024-08-17 21:23:33,429 : INFO : EventManager : Event: ======'game_will_start'====== Args={}
2024-08-17 21:23:33,430 : INFO : EventManager : Event: ======'game_starting'====== Args={'game': <Mode.game>}
2024-08-17 21:23:33,430 : INFO : EventManager : Unordered handler for class <Auditor> on event game_ended with priority 1. Handlers: [RegisteredHandler(callback=<bound method Auditor.disable of <Auditor>>, priority=1, kwargs={}, key=UUID('36b82c2c-2878-440f-b4f2-a79110d49a68'), condition=None, blocking_facility=None), RegisteredHandler(callback=<bound method Auditor._save_audits of <Auditor>>, priority=1, kwargs={}, key=UUID('55e172b2-5267-4879-8cf8-b60ca16bafa8'), condition=None, blocking_facility=None)]. The order of those handlers is not defined and they will be executed in random order. This might lead to race conditions and potential bugs.
2024-08-17 21:23:33,431 : INFO : EventManager : Event: ======'player_add_request'====== Args={}
2024-08-17 21:23:33,431 : INFO : EventManager : Event: ======'player_will_add'====== Args={'number': 1}
2024-08-17 21:23:33,431 : INFO : EventManager : Event: ======'player_adding'====== Args={'player': <Player 1>, 'number': 1}
2024-08-17 21:23:33,431 : INFO : EventManager : Event: ======'player_added'====== Args={'player': <Player 1>, 'num': 1}
2024-08-17 21:23:33,431 : INFO : Mode.game : Player added successfully. Total players: 1
2024-08-17 21:23:33,431 : INFO : EventManager : Event: ======'player_index'====== Args={'value': 0, 'prev_value': 0, 'change': 0, 'player_num': 1}
2024-08-17 21:23:33,431 : INFO : EventManager : Event: ======'player_number'====== Args={'value': 1, 'prev_value': 1, 'change': 0, 'player_num': 1}
2024-08-17 21:23:33,432 : INFO : EventManager : Event: ======'player_score'====== Args={'value': 0, 'prev_value': 0, 'change': 0, 'player_num': 1}
2024-08-17 21:23:33,432 : INFO : EventManager : Event: ======'game_started'====== Args={}
2024-08-17 21:23:33,432 : INFO : EventManager : Event: ======'player_turn_will_start'====== Args={'player': <Player 1>, 'number': 1}
2024-08-17 21:23:33,441 : INFO : EventManager : Event: ======'player_turn_starting'====== Args={'player': <Player 1>, 'number': 1}
2024-08-17 21:23:33,441 : INFO : EventManager : Event: ======'player_ball'====== Args={'value': 1, 'prev_value': 0, 'change': 1, 'player_num': 1}
2024-08-17 21:23:33,441 : INFO : EventManager : Event: ======'player_turn_started'====== Args={'player': <Player 1>, 'number': 1}
2024-08-17 21:23:33,442 : INFO : EventManager : Event: ======'ball_will_start'====== Args={'player': 1, 'ball': 1, 'balls_remaining': 2, 'is_extra_ball': False}
2024-08-17 21:23:33,442 : INFO : EventManager : Event: ======'ball_starting'====== Args={'player': 1, 'ball': 1, 'balls_remaining': 2, 'is_extra_ball': False}
2024-08-17 21:23:33,442 : INFO : EventManager : Event: ======'mode_skillshot_will_start'====== Args={'queue': <QueuedEvent>, 'player': 1, 'ball': 1, 'balls_remaining': 2, 'is_extra_ball': False}
2024-08-17 21:23:33,442 : INFO : EventManager : Event: ======'skillshot_complete'====== Args={'state': 'None'}
2024-08-17 21:23:33,442 : INFO : EventManager : Event: ======'skillshot_None_complete'====== Args={}
2024-08-17 21:23:33,443 : INFO : EventManager : Event: ======'player_shot_skillshot_p_target_enabled'====== Args={'value': True, 'prev_value': 0, 'change': 1, 'player_num': 1}
2024-08-17 21:23:33,443 : INFO : EventManager : Event: ======'player_shot_skillshot_r_target_enabled'====== Args={'value': True, 'prev_value': 0, 'change': 1, 'player_num': 1}
2024-08-17 21:23:33,444 : INFO : EventManager : Event: ======'player_shot_skillshot_o_target_enabled'====== Args={'value': True, 'prev_value': 0, 'change': 1, 'player_num': 1}
2024-08-17 21:23:33,444 : INFO : EventManager : Event: ======'player_shot_skillshot_p2_target_enabled'====== Args={'value': True, 'prev_value': 0, 'change': 1, 'player_num': 1}
2024-08-17 21:23:33,444 : INFO : EventManager : Event: ======'player_shot_skillshot_a_target_enabled'====== Args={'value': True, 'prev_value': 0, 'change': 1, 'player_num': 1}
2024-08-17 21:23:33,444 : INFO : EventManager : Event: ======'player_shot_skillshot_n_target_enabled'====== Args={'value': True, 'prev_value': 0, 'change': 1, 'player_num': 1}
2024-08-17 21:23:33,445 : INFO : EventManager : Event: ======'player_shot_skillshot_e_target_enabled'====== Args={'value': True, 'prev_value': 0, 'change': 1, 'player_num': 1}
2024-08-17 21:23:33,445 : INFO : EventManager : Event: ======'player_skillshot_skillshot_rotate_tick'====== Args={'value': 0, 'prev_value': 0, 'change': 0, 'player_num': 1}
2024-08-17 21:23:33,445 : INFO : Timer.skillshot_rotate : Starting Timer.
2024-08-17 21:23:33,445 : INFO : EventManager : Event: ======'timer_skillshot_rotate_started'====== Args={'ticks': 0, 'ticks_remaining': 0}
2024-08-17 21:23:33,445 : INFO : EventManager : Event: ======'timer_skillshot_rotate_tick'====== Args={'ticks': 0, 'ticks_remaining': 0}
2024-08-17 21:23:33,446 : INFO : EventManager : Event: ======'mode_skillshot_starting'====== Args={'queue': <QueuedEvent>, 'player': 1, 'ball': 1, 'balls_remaining': 2, 'is_extra_ball': False}
2024-08-17 21:23:33,446 : INFO : drop_target_bank.strickland_bank : All targets are already up. Will not reset bank.
2024-08-17 21:23:33,446 : INFO : EventManager : Event: ======'cmd_flippers_enable'====== Args={'priority': 0}
2024-08-17 21:23:33,446 : INFO : EventManager : Event: ======'cmd_autofire_coils_enable'====== Args={'priority': 0}
2024-08-17 21:23:33,447 : INFO : EventManager : Event: ======'cmd_drop_targets_reset'====== Args={'priority': 0}
2024-08-17 21:23:33,447 : INFO : Mode.skillshot : Started. Priority: 200
2024-08-17 21:23:33,447 : INFO : EventManager : Event: ======'modes_active_modes_changed'====== Args={}
2024-08-17 21:23:33,447 : INFO : EventManager : Event: ======'mode_skillshot_started'====== Args={'queue': <QueuedEvent>, 'player': 1, 'ball': 1, 'balls_remaining': 2, 'is_extra_ball': False}
2024-08-17 21:23:33,447 : INFO : EventManager : Event: ======'player_shot_skillshot_p_target'====== Args={'value': 1, 'prev_value': 0, 'change': 1, 'player_num': 1}
2024-08-17 21:23:33,448 : INFO : EventManager : Event: ======'balls_in_play'====== Args={'balls': 1}
2024-08-17 21:23:33,448 : INFO : EventManager : Event: ======'ball_started'====== Args={'player': 1, 'ball': 1, 'balls_remaining': 2, 'is_extra_ball': False}
2024-08-17 21:23:33,448 : INFO : EventManager : Event: ======'mode_extra_ball_will_start'====== Args={'player': 1, 'ball': 1, 'balls_remaining': 2, 'is_extra_ball': False}
2024-08-17 21:23:33,448 : INFO : EventManager : Event: ======'player_extra_ball_score_one_num_awarded'====== Args={'value': 0, 'prev_value': 0, 'change': 0, 'player_num': 1}
2024-08-17 21:23:33,448 : INFO : EventManager : Event: ======'player_extra_ball_score_two_num_awarded'====== Args={'value': 0, 'prev_value': 0, 'change': 0, 'player_num': 1}
2024-08-17 21:23:33,449 : INFO : EventManager : Event: ======'mode_extra_ball_starting'====== Args={'player': 1, 'ball': 1, 'balls_remaining': 2, 'is_extra_ball': False}
2024-08-17 21:23:33,449 : INFO : EventManager : Event: ======'mode_rainey_multiball_will_start'====== Args={'player': 1, 'ball': 1, 'balls_remaining': 2, 'is_extra_ball': False}
2024-08-17 21:23:33,449 : INFO : EventManager : Event: ======'mode_rainey_multiball_starting'====== Args={'player': 1, 'ball': 1, 'balls_remaining': 2, 'is_extra_ball': False}
2024-08-17 21:23:33,449 : INFO : EventManager : Event: ======'mode_BBQ_rollover_will_start'====== Args={'player': 1, 'ball': 1, 'balls_remaining': 2, 'is_extra_ball': False}
2024-08-17 21:23:33,450 : INFO : EventManager : Event: ======'player_shot_left_rollover_lane_enabled'====== Args={'value': True, 'prev_value': 0, 'change': 1, 'player_num': 1}
2024-08-17 21:23:33,450 : INFO : EventManager : Event: ======'player_shot_middle_rollover_lane_enabled'====== Args={'value': True, 'prev_value': 0, 'change': 1, 'player_num': 1}
2024-08-17 21:23:33,450 : INFO : EventManager : Event: ======'player_shot_right_rollover_lane_enabled'====== Args={'value': True, 'prev_value': 0, 'change': 1, 'player_num': 1}
2024-08-17 21:23:33,450 : INFO : EventManager : Event: ======'BBQ_lanes_complete'====== Args={'state': 'unlit'}
2024-08-17 21:23:33,450 : INFO : EventManager : Event: ======'BBQ_lanes_unlit_complete'====== Args={}
2024-08-17 21:23:33,451 : INFO : EventManager : Event: ======'mode_BBQ_rollover_starting'====== Args={'player': 1, 'ball': 1, 'balls_remaining': 2, 'is_extra_ball': False}
2024-08-17 21:23:33,451 : INFO : EventManager : Event: ======'mode_hank_rollover_will_start'====== Args={'player': 1, 'ball': 1, 'balls_remaining': 2, 'is_extra_ball': False}
2024-08-17 21:23:33,451 : INFO : EventManager : Event: ======'player_shot_h_rollover_lane_enabled'====== Args={'value': True, 'prev_value': 0, 'change': 1, 'player_num': 1}
2024-08-17 21:23:33,451 : INFO : EventManager : Event: ======'player_shot_a_rollover_lane_enabled'====== Args={'value': True, 'prev_value': 0, 'change': 1, 'player_num': 1}
2024-08-17 21:23:33,452 : INFO : EventManager : Event: ======'player_shot_n_rollover_lane_enabled'====== Args={'value': True, 'prev_value': 0, 'change': 1, 'player_num': 1}
2024-08-17 21:23:33,452 : INFO : EventManager : Event: ======'player_shot_k_rollover_lane_enabled'====== Args={'value': True, 'prev_value': 0, 'change': 1, 'player_num': 1}
2024-08-17 21:23:33,452 : INFO : EventManager : Event: ======'hank_lanes_complete'====== Args={'state': 'unlit'}
2024-08-17 21:23:33,452 : INFO : EventManager : Event: ======'hank_lanes_unlit_complete'====== Args={}
2024-08-17 21:23:33,453 : INFO : EventManager : Event: ======'mode_hank_rollover_starting'====== Args={'player': 1, 'ball': 1, 'balls_remaining': 2, 'is_extra_ball': False}
2024-08-17 21:23:33,453 : INFO : EventManager : Event: ======'mode_base_will_start'====== Args={'player': 1, 'ball': 1, 'balls_remaining': 2, 'is_extra_ball': False}
2024-08-17 21:23:33,453 : INFO : EventManager : Event: ======'player_shot_qualify_p_target_enabled'====== Args={'value': True, 'prev_value': 0, 'change': 1, 'player_num': 1}
2024-08-17 21:23:33,453 : INFO : EventManager : Event: ======'player_shot_qualify_r_target_enabled'====== Args={'value': True, 'prev_value': 0, 'change': 1, 'player_num': 1}
2024-08-17 21:23:33,453 : INFO : EventManager : Event: ======'player_shot_qualify_o_target_enabled'====== Args={'value': True, 'prev_value': 0, 'change': 1, 'player_num': 1}
2024-08-17 21:23:33,453 : INFO : EventManager : Event: ======'player_shot_scoop_enabled'====== Args={'value': True, 'prev_value': 0, 'change': 1, 'player_num': 1}
2024-08-17 21:23:33,454 : INFO : EventManager : Event: ======'player_shot_rainey_multiball_ball_lock_p2_target_enabled'====== Args={'value': True, 'prev_value': 0, 'change': 1, 'player_num': 1}
2024-08-17 21:23:33,454 : INFO : EventManager : Event: ======'player_shot_rainey_multiball_ball_lock_a_target_enabled'====== Args={'value': True, 'prev_value': 0, 'change': 1, 'player_num': 1}
2024-08-17 21:23:33,454 : INFO : EventManager : Event: ======'player_shot_rainey_multiball_ball_lock_n_target_enabled'====== Args={'value': True, 'prev_value': 0, 'change': 1, 'player_num': 1}
2024-08-17 21:23:33,454 : INFO : EventManager : Event: ======'player_shot_rainey_multiball_ball_lock_e_target_enabled'====== Args={'value': True, 'prev_value': 0, 'change': 1, 'player_num': 1}
2024-08-17 21:23:33,454 : INFO : EventManager : Event: ======'player_shot_spinner_enabled'====== Args={'value': True, 'prev_value': 0, 'change': 1, 'player_num': 1}
2024-08-17 21:23:33,455 : INFO : EventManager : Event: ======'qualify_mission_complete'====== Args={'state': 'unlit'}
2024-08-17 21:23:33,455 : INFO : EventManager : Event: ======'qualify_mission_unlit_complete'====== Args={}
2024-08-17 21:23:33,455 : INFO : EventManager : Event: ======'light_rainey_multiball_ball_lock_complete'====== Args={'state': 'unlit'}
2024-08-17 21:23:33,455 : INFO : EventManager : Event: ======'light_rainey_multiball_ball_lock_unlit_complete'====== Args={}
2024-08-17 21:23:33,457 : INFO : EventManager : Event: ======'mode_base_starting'====== Args={'player': 1, 'ball': 1, 'balls_remaining': 2, 'is_extra_ball': False}
2024-08-17 21:23:33,457 : INFO : Mode.base : Started. Priority: 100
2024-08-17 21:23:33,457 : INFO : EventManager : Event: ======'modes_active_modes_changed'====== Args={}
2024-08-17 21:23:33,457 : INFO : EventManager : Event: ======'mode_base_started'====== Args={'player': 1, 'ball': 1, 'balls_remaining': 2, 'is_extra_ball': False}
2024-08-17 21:23:33,458 : INFO : EventManager : Event: ======'ball_save_default_enabled'====== Args={}
2024-08-17 21:23:33,458 : INFO : Mode.extra_ball : Started. Priority: 900
2024-08-17 21:23:33,458 : INFO : EventManager : Event: ======'modes_active_modes_changed'====== Args={}
2024-08-17 21:23:33,458 : INFO : EventManager : Event: ======'mode_extra_ball_started'====== Args={'player': 1, 'ball': 1, 'balls_remaining': 2, 'is_extra_ball': False}
2024-08-17 21:23:33,458 : INFO : EventManager : Event: ======'logicblock_mb_counter_updated'====== Args={'value': 0, 'enabled': False}
2024-08-17 21:23:33,458 : INFO : Mode.rainey_multiball : Started. Priority: 250
2024-08-17 21:23:33,458 : INFO : EventManager : Event: ======'modes_active_modes_changed'====== Args={}
2024-08-17 21:23:33,458 : INFO : EventManager : Event: ======'mode_rainey_multiball_started'====== Args={'player': 1, 'ball': 1, 'balls_remaining': 2, 'is_extra_ball': False}
2024-08-17 21:23:33,458 : INFO : EventManager : Event: ======'logicblock_lb_BBQ_complete_count_updated'====== Args={'value': 1, 'enabled': True}
2024-08-17 21:23:33,458 : INFO : EventManager : Event: ======'logicblock_lb_BBQ_complete_count_updated'====== Args={'value': 1, 'enabled': True}
2024-08-17 21:23:33,459 : INFO : Mode.BBQ_rollover : Started. Priority: 200
2024-08-17 21:23:33,459 : INFO : EventManager : Event: ======'modes_active_modes_changed'====== Args={}
2024-08-17 21:23:33,459 : INFO : EventManager : Event: ======'mode_BBQ_rollover_started'====== Args={'player': 1, 'ball': 1, 'balls_remaining': 2, 'is_extra_ball': False}
2024-08-17 21:23:33,459 : INFO : EventManager : Event: ======'logicblock_lb_hank_complete_count_updated'====== Args={'value': 1, 'enabled': True}
2024-08-17 21:23:33,459 : INFO : EventManager : Event: ======'logicblock_lb_hank_complete_count_updated'====== Args={'value': 1, 'enabled': True}
2024-08-17 21:23:33,459 : INFO : Mode.hank_rollover : Started. Priority: 200
2024-08-17 21:23:33,459 : INFO : EventManager : Event: ======'modes_active_modes_changed'====== Args={}
2024-08-17 21:23:33,459 : INFO : EventManager : Event: ======'mode_hank_rollover_started'====== Args={'player': 1, 'ball': 1, 'balls_remaining': 2, 'is_extra_ball': False}
2024-08-17 21:23:33,459 : INFO : EventManager : Event: ======'player_bonus_multiplier'====== Args={'value': 1, 'prev_value': 0, 'change': 1, 'player_num': 1, 'source': 'BBQ_rollover'}
2024-08-17 21:23:33,460 : INFO : EventManager : Event: ======'single_player_ball_started'====== Args={}
2024-08-17 21:23:33,463 : INFO : EventManager : Event: ======'ball_start_target'====== Args={'target': 'playfield'}
2024-08-17 21:23:33,463 : INFO : ball_device.bd_plunger : Setting up player-controlled eject. Balls: 1, Target: <playfield.playfield>, player_controlled_eject_event: s_launch_button_inactive
2024-08-17 21:23:33,463 : INFO : EventManager : Event: ======'balldevice_balls_available'====== Args={}
2024-08-17 21:23:33,464 : INFO : ball_device.bd_trough : State: waiting_for_target_ready
2024-08-17 21:23:33,464 : INFO : EventManager : Event: ======'balldevice_bd_trough_ball_eject_attempt'====== Args={'balls': 1, 'target': <ball_device.bd_plunger>, 'source': <ball_device.bd_trough>, 'mechanical_eject': True, 'num_attempts': 0}
2024-08-17 21:23:33,464 : INFO : ball_device.bd_plunger : State: waiting_for_ball
2024-08-17 21:23:33,464 : INFO : ball_device.bd_trough : State: ejecting
2024-08-17 21:23:33,464 : INFO : ball_device.bd_trough : Ejecting ball to <ball_device.bd_plunger>
2024-08-17 21:23:33,464 : INFO : EventManager : Event: ======'balldevice_bd_trough_ejecting_ball'====== Args={'balls': 1, 'target': <ball_device.bd_plunger>, 'source': <ball_device.bd_trough>, 'mechanical_eject': True, 'num_attempts': 0}
2024-08-17 21:23:33,464 : INFO : ball_device.bd_trough : Wait for ball to leave device
2024-08-17 21:23:33,464 : INFO : coil.c_trough_eject : Pulsing Driver for 20ms (1.0 pulse_power)
2024-08-17 21:23:33,464 : INFO : SwitchController : <<<<<<< 's_trough1' inactive >>>>>>>
2024-08-17 21:23:33,465 : INFO : ball_device.bd_trough : State: ball_left
2024-08-17 21:23:33,465 : INFO : ball_device.bd_trough : Ball left
2024-08-17 21:23:33,465 : INFO : ball_device.bd_trough : Wait for confirm with timeout 3.0
2024-08-17 21:23:33,474 : INFO : EventManager : Event: ======'slide_arlen_intro_created'====== Args={'_from_bcp': True}
2024-08-17 21:23:33,474 : INFO : EventManager : Event: ======'slide_dtp_logo_attract_inactive'====== Args={'_from_bcp': True}
2024-08-17 21:23:33,474 : INFO : EventManager : Event: ======'slide_arlen_intro_active'====== Args={'original_context': 'skillshot', 'original_calling_context': 'mode_skillshot_started', 'queue': '<QueuedEvent>', 'cmd': 'slides_play', '_from_bcp': True}
2024-08-17 21:23:33,474 : INFO : EventManager : Event: ======'slide_dtp_logo_attract_removed'====== Args={'_from_bcp': True}
2024-08-17 21:23:33,480 : INFO : EventManager : Event: ======'slide_base_created'====== Args={'_from_bcp': True}
2024-08-17 21:23:33,566 : INFO : SwitchController : <<<<<<< 's_plunger' active >>>>>>>
2024-08-17 21:23:33,566 : INFO : EventManager : Event: ======'machine_var_audits_switches_s_plunger'====== Args={'value': 908, 'prev_value': 907, 'change': 1}
2024-08-17 21:23:33,650 : WARNING : SwitchController : Received duplicate switch state 1 for switch s_plunger from the platform interface. Log Code: Log-SwitchController-1 (https://missionpinball.org/logs)
2024-08-17 21:23:33,744 : INFO : SwitchController : <<<<<<< 's_plunger' inactive >>>>>>>
2024-08-17 21:23:34,447 : INFO : EventManager : Event: ======'player_skillshot_skillshot_rotate_tick'====== Args={'value': 1, 'prev_value': 0, 'change': 1, 'player_num': 1}
2024-08-17 21:23:34,462 : INFO : EventManager : Event: ======'timer_skillshot_rotate_tick'====== Args={'ticks': 1, 'ticks_remaining': 0}
2024-08-17 21:23:34,471 : INFO : EventManager : Event: ======'player_shot_skillshot_p_target'====== Args={'value': 0, 'prev_value': 1, 'change': -1, 'player_num': 1}
2024-08-17 21:23:34,472 : INFO : EventManager : Event: ======'player_shot_skillshot_r_target'====== Args={'value': 1, 'prev_value': 0, 'change': 1, 'player_num': 1}
2024-08-17 21:23:35,447 : INFO : EventManager : Event: ======'player_skillshot_skillshot_rotate_tick'====== Args={'value': 2, 'prev_value': 1, 'change': 1, 'player_num': 1}
2024-08-17 21:23:35,448 : INFO : EventManager : Event: ======'timer_skillshot_rotate_tick'====== Args={'ticks': 2, 'ticks_remaining': 0}
2024-08-17 21:23:35,449 : INFO : EventManager : Event: ======'player_shot_skillshot_r_target'====== Args={'value': 0, 'prev_value': 1, 'change': -1, 'player_num': 1}
2024-08-17 21:23:35,450 : INFO : EventManager : Event: ======'player_shot_skillshot_o_target'====== Args={'value': 1, 'prev_value': 0, 'change': 1, 'player_num': 1}
2024-08-17 21:23:35,801 : INFO : SwitchController : <<<<<<< 's_plunger_lane_exit' active >>>>>>>
2024-08-17 21:23:35,801 : INFO : EventManager : Event: ======'s_plunger_lane_exit_active'====== Args={}
2024-08-17 21:23:35,802 : INFO : EventManager : Event: ======'sw_playfield_active'====== Args={}
2024-08-17 21:23:35,802 : INFO : EventManager : Event: ======'machine_var_audits_switches_s_plunger_lane_exit'====== Args={'value': 650, 'prev_value': 649, 'change': 1}
2024-08-17 21:23:35,805 : INFO : EventManager : Event: ======'ball_save_default_timer_start'====== Args={}
2024-08-17 21:23:35,806 : INFO : EventManager : Event: ======'playfield_active'====== Args={}
2024-08-17 21:23:35,807 : INFO : EventManager : Event: ======'unexpected_ball_on_playfield'====== Args={}
2024-08-17 21:23:35,917 : INFO : SwitchController : <<<<<<< 's_plunger_lane_exit' inactive >>>>>>>
2024-08-17 21:23:35,917 : INFO : EventManager : Event: ======'s_plunger_lane_exit_inactive'====== Args={}
2024-08-17 21:23:35,917 : INFO : Timer.skillshot_rotate : Stopping Timer
2024-08-17 21:23:35,918 : INFO : EventManager : Event: ======'timer_skillshot_rotate_stopped'====== Args={'ticks': 2, 'ticks_remaining': 0}
2024-08-17 21:23:35,918 : INFO : EventManager : Event: ======'advance_skillshot_3'====== Args={'priority': 0}
2024-08-17 21:23:35,918 : INFO : EventManager : Event: ======'player_shot_skillshot_o_target'====== Args={'value': 2, 'prev_value': 1, 'change': 1, 'player_num': 1}
2024-08-17 21:23:36,466 : INFO : ball_device.bd_trough : State: failed_confirm
2024-08-17 21:23:36,467 : INFO : ball_device.bd_trough : Got timeout (3.0s) before confirm from <ball_device.bd_plunger>
2024-08-17 21:23:36,468 : INFO : ball_device.bd_plunger : Expecting incoming ball which may skip the device.
2024-08-17 21:23:36,469 : INFO : EventManager : Event: ======'balldevice_bd_plunger_ejecting_ball'====== Args={'balls': 1, 'target': <playfield.playfield>, 'source': <ball_device.bd_plunger>, 'mechanical_eject': False, 'num_attempts': 1}
2024-08-17 21:23:37,715 : INFO : SwitchController : <<<<<<< 's_scoop' active >>>>>>>
2024-08-17 21:23:37,715 : INFO : EventManager : Event: ======'playfield_active'====== Args={}
2024-08-17 21:23:37,716 : INFO : EventManager : Event: ======'s_scoop_active'====== Args={}
2024-08-17 21:23:37,716 : INFO : EventManager : Event: ======'machine_var_audits_switches_s_scoop'====== Args={'value': 338, 'prev_value': 337, 'change': 1}
2024-08-17 21:23:37,719 : INFO : EventManager : Event: ======'mode_mission_select_will_start'====== Args={}
2024-08-17 21:23:37,727 : INFO : EventManager : Event: ======'mode_mission_select_starting'====== Args={}
2024-08-17 21:23:37,730 : INFO : EventManager : Event: ======'player_shot_scoop'====== Args={'value': 1, 'prev_value': 0, 'change': 1, 'player_num': 1}
2024-08-17 21:23:37,731 : INFO : EventManager : Event: ======'machine_var_audits_shots_scoop'====== Args={'value': 20, 'prev_value': 19, 'change': 1}
2024-08-17 21:23:37,732 : INFO : EventManager : Event: ======'scoop_hit'====== Args={'profile': 'scoop_light', 'state': 'unqualified', 'advancing': True}
2024-08-17 21:23:37,732 : INFO : EventManager : Event: ======'scoop_scoop_light_hit'====== Args={'profile': 'scoop_light', 'state': 'unqualified', 'advancing': True}
2024-08-17 21:23:37,733 : INFO : EventManager : Event: ======'scoop_scoop_light_unqualified_hit'====== Args={'profile': 'scoop_light', 'state': 'unqualified', 'advancing': True}
2024-08-17 21:23:37,733 : INFO : EventManager : Event: ======'scoop_unqualified_hit'====== Args={'profile': 'scoop_light', 'state': 'unqualified', 'advancing': True}
2024-08-17 21:23:37,733 : INFO : Mode.mission_select : Started. Priority: 800
2024-08-17 21:23:37,733 : INFO : EventManager : Event: ======'modes_active_modes_changed'====== Args={}
2024-08-17 21:23:37,733 : INFO : EventManager : Event: ======'mode_mission_select_started'====== Args={}
2024-08-17 21:23:37,734 : INFO : EventManager : Event: ======'item_highlighted'====== Args={'carousel': 'mission_select', 'direction': None, 'item': 'beat_the_surfer'}
2024-08-17 21:23:37,783 : INFO : EventManager : Event: ======'slide_mission_select_created'====== Args={'_from_bcp': True}
2024-08-17 21:23:37,783 : INFO : EventManager : Event: ======'slide_arlen_intro_inactive'====== Args={'_from_bcp': True}
2024-08-17 21:23:37,783 : INFO : EventManager : Event: ======'slide_mission_select_active'====== Args={'original_context': 'mission_select', 'original_calling_context': 'mode_mission_select_started', 'cmd': 'slides_play', '_from_bcp': True}
2024-08-17 21:23:38,216 : INFO : EventManager : Event: ======'balldevice_bd_scoop_ball_count_changed'====== Args={'balls': 1}
2024-08-17 21:23:38,217 : INFO : ball_device.bd_scoop : Received unexpected ball
2024-08-17 21:23:38,217 : INFO : EventManager : Event: ======'balldevice_captured_from_playfield'====== Args={'balls': 1}
2024-08-17 21:23:38,218 : INFO : EventManager : Event: ======'sw_playfield_active'====== Args={'balls': 1}
2024-08-17 21:23:38,218 : INFO : EventManager : Event: ======'playfield_active'====== Args={}
2024-08-17 21:23:38,219 : INFO : EventManager : Event: ======'playfield_ball_count_change'====== Args={'balls': -1, 'change': -1}
2024-08-17 21:23:38,220 : INFO : EventManager : Event: ======'balldevice_bd_scoop_ball_enter'====== Args={'new_balls': 1, 'unclaimed_balls': 1, 'new_available_balls': 1, 'device': <ball_device.bd_scoop>}
2024-08-17 21:23:38,221 : INFO : EventManager : Event: ======'ball_hold_scoop_held_ball'====== Args={'balls_held': 1, 'total_balls_held': 1}
2024-08-17 21:23:38,221 : INFO : EventManager : Event: ======'ball_hold_scoop_full'====== Args={'balls': 1}
2024-08-17 21:23:38,221 : INFO : EventManager : Event: ======'balldevice_balls_available'====== Args={}
2024-08-17 21:23:38,222 : INFO : EventManager : Event: ======'balldevice_bd_scoop_ball_entered'====== Args={'new_balls': 1, 'device': <ball_device.bd_scoop>}
2024-08-17 21:23:39,470 : INFO : ball_device.bd_plunger : Got confirm for skipping ball.
2024-08-17 21:23:39,470 : INFO : ball_device.bd_plunger : Eject successful
2024-08-17 21:23:39,470 : INFO : EventManager : Event: ======'balldevice_bd_plunger_ball_eject_success'====== Args={'balls': 1, 'target': <playfield.playfield>}
2024-08-17 21:23:39,471 : INFO : EventManager : Event: ======'balldevice_playfield_ball_enter'====== Args={'new_balls': 1, 'unclaimed_balls': 1, 'device': <playfield.playfield>}
2024-08-17 21:23:39,472 : INFO : EventManager : Event: ======'playfield_ball_count_change'====== Args={'balls': 0, 'change': 1}
2024-08-17 21:23:39,473 : INFO : ball_device.bd_plunger : State: idle
2024-08-17 21:23:39,473 : INFO : ball_device.bd_trough : Eject successful
2024-08-17 21:23:39,474 : INFO : EventManager : Event: ======'balldevice_bd_trough_ball_eject_success'====== Args={'balls': 1, 'target': <ball_device.bd_plunger>}
2024-08-17 21:23:39,474 : INFO : EventManager : Event: ======'balldevice_bd_trough_ball_count_changed'====== Args={'balls': 5}
2024-08-17 21:23:39,475 : INFO : ball_device.bd_trough : State: idle
2024-08-17 21:23:39,618 : INFO : SwitchController : <<<<<<< 's_right_flipper' active >>>>>>>
2024-08-17 21:23:39,618 : INFO : EventManager : Event: ======'s_right_flipper_active'====== Args={}
2024-08-17 21:23:39,618 : INFO : EventManager : Event: ======'machine_var_audits_switches_s_right_flipper'====== Args={'value': 896, 'prev_value': 895, 'change': 1}
2024-08-17 21:23:39,619 : INFO : EventManager : Event: ======'item_highlighted'====== Args={'carousel': 'mission_select', 'direction': 'forwards', 'item': 'beer_can_named_desire'}
2024-08-17 21:23:39,730 : INFO : SwitchController : <<<<<<< 's_right_flipper' inactive >>>>>>>
2024-08-17 21:23:40,817 : INFO : EventManager : Event: ======'stop_mode_skillshot'====== Args={'priority': 0}
2024-08-17 21:23:40,818 : INFO : EventManager : Event: ======'mode_skillshot_will_stop'====== Args={}
2024-08-17 21:23:40,818 : INFO : EventManager : Event: ======'mode_skillshot_stopping'====== Args={}
2024-08-17 21:23:40,819 : INFO : Mode.skillshot : Stopped.
2024-08-17 21:23:40,819 : INFO : EventManager : Event: ======'modes_active_modes_changed'====== Args={}
2024-08-17 21:23:40,820 : INFO : EventManager : Event: ======'mode_skillshot_stopped'====== Args={}
2024-08-17 21:23:40,820 : INFO : EventManager : Event: ======'clear'====== Args={'key': 'skillshot'}
2024-08-17 21:23:40,821 : INFO : Timer.skillshot_rotate : Stopping Timer
2024-08-17 21:23:40,821 : INFO : EventManager : Event: ======'timer_skillshot_rotate_stopped'====== Args={'ticks': 2, 'ticks_remaining': 0}
2024-08-17 21:23:40,843 : INFO : EventManager : Event: ======'slide_arlen_intro_removed'====== Args={'_from_bcp': True}
2024-08-17 21:23:41,104 : INFO : SwitchController : <<<<<<< 's_left_flipper' active >>>>>>>
2024-08-17 21:23:41,104 : INFO : EventManager : Event: ======'s_left_flipper_active'====== Args={}
2024-08-17 21:23:41,104 : INFO : EventManager : Event: ======'machine_var_audits_switches_s_left_flipper'====== Args={'value': 218, 'prev_value': 217, 'change': 1}
2024-08-17 21:23:41,105 : INFO : EventManager : Event: ======'item_highlighted'====== Args={'carousel': 'mission_select', 'direction': 'backwards', 'item': 'beat_the_surfer'}
2024-08-17 21:23:41,197 : INFO : SwitchController : <<<<<<< 's_left_flipper' inactive >>>>>>>
2024-08-17 21:23:42,720 : INFO : EventManager : Event: ======'stop_mode_skillshot'====== Args={'priority': 0}
2024-08-17 21:23:43,219 : INFO : EventManager : Event: ======'stop_mode_skillshot'====== Args={'priority': 0}
2024-08-17 21:23:43,806 : INFO : EventManager : Event: ======'ball_save_default_hurry_up'====== Args={}
2024-08-17 21:23:45,806 : INFO : EventManager : Event: ======'ball_save_default_grace_period'====== Args={}
2024-08-17 21:23:47,807 : INFO : EventManager : Event: ======'ball_save_default_disabled'====== Args={}
2024-08-17 21:24:14,603 : INFO : Machine : Shutting down...
2024-08-17 21:24:14,603 : INFO : EventManager : Event: ======'shutdown'====== Args={}
2024-08-17 21:24:14,606 : INFO : EventManager : Event: ======'mode_game_will_stop'====== Args={}
2024-08-17 21:24:14,606 : INFO : EventManager : Event: ======'mode_game_stopping'====== Args={}
2024-08-17 21:24:14,607 : INFO : EventManager : Event: ======'mode_extra_ball_will_stop'====== Args={}
2024-08-17 21:24:14,607 : INFO : EventManager : Event: ======'mode_extra_ball_stopping'====== Args={}
2024-08-17 21:24:14,607 : INFO : EventManager : Event: ======'mode_BBQ_rollover_will_stop'====== Args={}
2024-08-17 21:24:14,607 : INFO : EventManager : Event: ======'mode_BBQ_rollover_stopping'====== Args={}
2024-08-17 21:24:14,607 : INFO : EventManager : Event: ======'mode_base_will_stop'====== Args={}
2024-08-17 21:24:14,607 : INFO : EventManager : Event: ======'mode_base_stopping'====== Args={}
2024-08-17 21:24:14,607 : INFO : EventManager : Event: ======'mode_mission_select_will_stop'====== Args={}
2024-08-17 21:24:14,607 : INFO : EventManager : Event: ======'mode_mission_select_stopping'====== Args={}
2024-08-17 21:24:14,607 : INFO : EventManager : Event: ======'mode_rainey_multiball_will_stop'====== Args={}
2024-08-17 21:24:14,607 : INFO : EventManager : Event: ======'mode_rainey_multiball_stopping'====== Args={}
2024-08-17 21:24:14,608 : INFO : EventManager : Event: ======'mode_hank_rollover_will_stop'====== Args={}
2024-08-17 21:24:14,608 : INFO : EventManager : Event: ======'mode_hank_rollover_stopping'====== Args={}
2024-08-17 21:24:14,608 : INFO : Mode.hank_rollover : Stopped.
2024-08-17 21:24:14,608 : INFO : EventManager : Event: ======'modes_active_modes_changed'====== Args={}
2024-08-17 21:24:14,608 : INFO : EventManager : Event: ======'mode_hank_rollover_stopped'====== Args={}
2024-08-17 21:24:14,609 : INFO : EventManager : Event: ======'clear'====== Args={'key': 'hank_rollover'}
2024-08-17 21:24:14,611 : INFO : Mode.rainey_multiball : Stopped.
2024-08-17 21:24:14,611 : INFO : EventManager : Event: ======'modes_active_modes_changed'====== Args={}
2024-08-17 21:24:14,611 : INFO : EventManager : Event: ======'mode_rainey_multiball_stopped'====== Args={}
2024-08-17 21:24:14,611 : INFO : EventManager : Event: ======'clear'====== Args={'key': 'rainey_multiball'}
2024-08-17 21:24:14,611 : INFO : Mode.mission_select : Stopped.
2024-08-17 21:24:14,611 : INFO : EventManager : Event: ======'modes_active_modes_changed'====== Args={}
2024-08-17 21:24:14,612 : INFO : EventManager : Event: ======'mode_mission_select_stopped'====== Args={}
2024-08-17 21:24:14,612 : INFO : EventManager : Event: ======'clear'====== Args={'key': 'mission_select'}
2024-08-17 21:24:14,612 : INFO : Mode.base : Stopped.
2024-08-17 21:24:14,612 : INFO : EventManager : Event: ======'modes_active_modes_changed'====== Args={}
2024-08-17 21:24:14,612 : INFO : EventManager : Event: ======'mode_base_stopped'====== Args={}
2024-08-17 21:24:14,612 : INFO : EventManager : Event: ======'clear'====== Args={'key': 'base'}
2024-08-17 21:24:14,614 : INFO : Mode.BBQ_rollover : Stopped.
2024-08-17 21:24:14,614 : INFO : EventManager : Event: ======'modes_active_modes_changed'====== Args={}
2024-08-17 21:24:14,614 : INFO : EventManager : Event: ======'mode_BBQ_rollover_stopped'====== Args={}
2024-08-17 21:24:14,615 : INFO : EventManager : Event: ======'clear'====== Args={'key': 'BBQ_rollover'}
2024-08-17 21:24:14,615 : INFO : Mode.extra_ball : Stopped.
2024-08-17 21:24:14,616 : INFO : EventManager : Event: ======'modes_active_modes_changed'====== Args={}
2024-08-17 21:24:14,616 : INFO : EventManager : Event: ======'mode_extra_ball_stopped'====== Args={}
2024-08-17 21:24:14,616 : INFO : EventManager : Event: ======'clear'====== Args={'key': 'extra_ball'}
2024-08-17 21:24:14,616 : INFO : Mode.game : Stopped.
2024-08-17 21:24:14,616 : INFO : EventManager : Event: ======'modes_active_modes_changed'====== Args={}
2024-08-17 21:24:14,616 : INFO : EventManager : Event: ======'mode_game_stopped'====== Args={}
2024-08-17 21:24:14,616 : INFO : EventManager : Event: ======'clear'====== Args={'key': 'game'}
2024-08-17 21:24:14,619 : INFO : root : MPF run loop ended.
