2025-01-16 20:52:05,132 : INFO : root : Loading config.
2025-01-16 20:52:05,134 : INFO : YamlMultifileConfigLoader : Machine config file #1: config.yaml
2025-01-16 20:52:05,134 : INFO : ConfigProcessor : Loading config from cache: /var/folders/sv/d29kcl5x50v7vt1n6xb5jsd40000gn/T/c166cef8060ffee16a35821bf698da85.mpf_cache
2025-01-16 20:52:05,158 : INFO : ConfigProcessor : Loading config from cache: /var/folders/sv/d29kcl5x50v7vt1n6xb5jsd40000gn/T/6b31c5ac6ecbad948994a8204ea6b05b.mpf_cache
2025-01-16 20:52:05,159 : INFO : ConfigProcessor : Loading config from cache: /var/folders/sv/d29kcl5x50v7vt1n6xb5jsd40000gn/T/fe612d1e66c8a96c19ba449d3748eeac.mpf_cache
2025-01-16 20:52:05,159 : INFO : ConfigProcessor : Loading config from cache: /var/folders/sv/d29kcl5x50v7vt1n6xb5jsd40000gn/T/6b31c5ac6ecbad948994a8204ea6b05b.mpf_cache
2025-01-16 20:52:05,159 : INFO : ConfigProcessor : Loading config from cache: /var/folders/sv/d29kcl5x50v7vt1n6xb5jsd40000gn/T/8765227693ecd961e0504502a81255e0.mpf_cache
2025-01-16 20:52:05,159 : INFO : ConfigProcessor : Loading config from cache: /var/folders/sv/d29kcl5x50v7vt1n6xb5jsd40000gn/T/b247728c74b4d81bcb2825e2b07062a7.mpf_cache
2025-01-16 20:52:05,160 : INFO : ConfigProcessor : Loading config from cache: /var/folders/sv/d29kcl5x50v7vt1n6xb5jsd40000gn/T/f240f94f0b5d0f37ec4fd7571275a101.mpf_cache
2025-01-16 20:52:05,160 : INFO : ConfigProcessor : Loading config from cache: /var/folders/sv/d29kcl5x50v7vt1n6xb5jsd40000gn/T/6a2f50ed892485825cc04dc0a68eab9f.mpf_cache
2025-01-16 20:52:05,160 : INFO : ConfigProcessor : Loading config from cache: /var/folders/sv/d29kcl5x50v7vt1n6xb5jsd40000gn/T/d58c58eb9fd1a2dc27f8acd255fb3761.mpf_cache
2025-01-16 20:52:05,160 : INFO : ConfigProcessor : Loading config from cache: /var/folders/sv/d29kcl5x50v7vt1n6xb5jsd40000gn/T/07adfd310b3ef0e03c5cbc91527abb6c.mpf_cache
2025-01-16 20:52:05,160 : INFO : ConfigProcessor : Loading config from cache: /var/folders/sv/d29kcl5x50v7vt1n6xb5jsd40000gn/T/12bd5247c3bf989b919364bdb7829769.mpf_cache
2025-01-16 20:52:05,160 : INFO : ConfigProcessor : Loading config from cache: /var/folders/sv/d29kcl5x50v7vt1n6xb5jsd40000gn/T/f195ca78086e498cf7f81ce7ad5861d9.mpf_cache
2025-01-16 20:52:05,161 : WARNING : ConfigProcessor : Config file in cache changed: /Users/nicktaseris/Desktop/Pinball/KOTH/modes/dog_dale_afternoon/config/dog_dale_afternoon.yaml
2025-01-16 20:52:05,161 : INFO : ConfigProcessor : Loading config from file /Users/nicktaseris/Desktop/Pinball/KOTH/modes/dog_dale_afternoon/config/dog_dale_afternoon.yaml.
2025-01-16 20:52:05,162 : INFO : ConfigProcessor : Loading config: /Users/nicktaseris/Desktop/Pinball/KOTH/modes/dog_dale_afternoon/config/dog_dale_afternoon.yaml
2025-01-16 20:52:05,162 : INFO : ConfigProcessor : Config file cache created: /var/folders/sv/d29kcl5x50v7vt1n6xb5jsd40000gn/T/e0db17dd068fe6304aabdbeff00fac0d.mpf_cache
2025-01-16 20:52:05,163 : INFO : ConfigProcessor : Loading config from cache: /var/folders/sv/d29kcl5x50v7vt1n6xb5jsd40000gn/T/331d8d1a1bc190cae8c13495e1db372f.mpf_cache
2025-01-16 20:52:05,163 : INFO : ConfigProcessor : Loading config from cache: /var/folders/sv/d29kcl5x50v7vt1n6xb5jsd40000gn/T/d17a9ff77386e6f1439d0802ace1de07.mpf_cache
2025-01-16 20:52:05,163 : INFO : ConfigProcessor : Loading config from cache: /var/folders/sv/d29kcl5x50v7vt1n6xb5jsd40000gn/T/280fd64455d0d243a54ab4db98fbccbd.mpf_cache
2025-01-16 20:52:05,163 : INFO : ConfigProcessor : Loading config from cache: /var/folders/sv/d29kcl5x50v7vt1n6xb5jsd40000gn/T/0c0596ed8fbb40b6113901d21bdc0a39.mpf_cache
2025-01-16 20:52:05,163 : INFO : ConfigProcessor : Loading config from cache: /var/folders/sv/d29kcl5x50v7vt1n6xb5jsd40000gn/T/f521a0f834965d73920394ccceaa3c1c.mpf_cache
2025-01-16 20:52:05,164 : INFO : ConfigProcessor : Loading config from cache: /var/folders/sv/d29kcl5x50v7vt1n6xb5jsd40000gn/T/0fedc249e142fba0aaf46d9adc7061fa.mpf_cache
2025-01-16 20:52:05,164 : INFO : ConfigProcessor : Loading config from cache: /var/folders/sv/d29kcl5x50v7vt1n6xb5jsd40000gn/T/c57745b2fe399992c4aedf0209f8acc9.mpf_cache
2025-01-16 20:52:05,164 : INFO : ConfigProcessor : Loading config from cache: /var/folders/sv/d29kcl5x50v7vt1n6xb5jsd40000gn/T/4d7707f845442344c77faa09114dd414.mpf_cache
2025-01-16 20:52:05,164 : INFO : ConfigProcessor : Loading config from cache: /var/folders/sv/d29kcl5x50v7vt1n6xb5jsd40000gn/T/13b622eeb34cc558f4c171e6faf49f20.mpf_cache
2025-01-16 20:52:05,164 : INFO : ConfigProcessor : Loading config from cache: /var/folders/sv/d29kcl5x50v7vt1n6xb5jsd40000gn/T/897ffb6d77163469c302d894201d7081.mpf_cache
2025-01-16 20:52:05,164 : INFO : ConfigProcessor : Loading config from cache: /var/folders/sv/d29kcl5x50v7vt1n6xb5jsd40000gn/T/51caa30b8c50b4dd14ddbf8a263fb4c6.mpf_cache
2025-01-16 20:52:05,164 : INFO : ConfigProcessor : Loading config from cache: /var/folders/sv/d29kcl5x50v7vt1n6xb5jsd40000gn/T/aa4dd12681abd3ba3467de4d4b71c6b2.mpf_cache
2025-01-16 20:52:05,165 : INFO : ConfigProcessor : Loading config from cache: /var/folders/sv/d29kcl5x50v7vt1n6xb5jsd40000gn/T/edf8b775a93855f849af0e2eff0a7bac.mpf_cache
2025-01-16 20:52:05,165 : INFO : ConfigProcessor : Loading config from cache: /var/folders/sv/d29kcl5x50v7vt1n6xb5jsd40000gn/T/a8808f7c3567c8d62dc12e9ad7d55d7c.mpf_cache
2025-01-16 20:52:05,165 : INFO : ConfigProcessor : Loading config from cache: /var/folders/sv/d29kcl5x50v7vt1n6xb5jsd40000gn/T/9437faed8d9c330c56f3b67b3f9b149d.mpf_cache
2025-01-16 20:52:05,165 : INFO : ConfigProcessor : Loading config from cache: /var/folders/sv/d29kcl5x50v7vt1n6xb5jsd40000gn/T/4bb31ac09fad15f35aa3bae4975f2b4d.mpf_cache
2025-01-16 20:52:05,165 : INFO : ConfigProcessor : Loading config from cache: /var/folders/sv/d29kcl5x50v7vt1n6xb5jsd40000gn/T/171fa3edb78e87d39090f00e24afd7e5.mpf_cache
2025-01-16 20:52:05,165 : INFO : ConfigProcessor : Loading config from cache: /var/folders/sv/d29kcl5x50v7vt1n6xb5jsd40000gn/T/25ba7c654d8deda4806aeb2fbd125af4.mpf_cache
2025-01-16 20:52:05,165 : INFO : ConfigProcessor : Loading config from cache: /var/folders/sv/d29kcl5x50v7vt1n6xb5jsd40000gn/T/9fa0389f378ce1c32788b03da8e567a0.mpf_cache
2025-01-16 20:52:05,166 : INFO : ConfigProcessor : Loading config from cache: /var/folders/sv/d29kcl5x50v7vt1n6xb5jsd40000gn/T/b96db304cd478efed63e3ec3b65b1cc2.mpf_cache
2025-01-16 20:52:05,166 : INFO : ConfigProcessor : Loading config from cache: /var/folders/sv/d29kcl5x50v7vt1n6xb5jsd40000gn/T/33d9f9790ee2091d408aa4843fba1147.mpf_cache
2025-01-16 20:52:05,166 : INFO : ConfigProcessor : Loading config from cache: /var/folders/sv/d29kcl5x50v7vt1n6xb5jsd40000gn/T/0d34c9b949b098fdaf3a3edf77d8187b.mpf_cache
2025-01-16 20:52:05,166 : INFO : ConfigProcessor : Loading config from cache: /var/folders/sv/d29kcl5x50v7vt1n6xb5jsd40000gn/T/70cafd8f66e0fa5a10c29223c3e76f56.mpf_cache
2025-01-16 20:52:05,166 : INFO : ConfigProcessor : Loading config from cache: /var/folders/sv/d29kcl5x50v7vt1n6xb5jsd40000gn/T/1044f60e39cdd2646d0e1adc0cc2ebf9.mpf_cache
2025-01-16 20:52:05,166 : INFO : ConfigProcessor : Loading config from cache: /var/folders/sv/d29kcl5x50v7vt1n6xb5jsd40000gn/T/3230893c409a20e306ca451fa4be823d.mpf_cache
2025-01-16 20:52:05,166 : INFO : ConfigProcessor : Loading config from cache: /var/folders/sv/d29kcl5x50v7vt1n6xb5jsd40000gn/T/0b3582fe7cc46d8ee07a99f572d23c43.mpf_cache
2025-01-16 20:52:05,167 : INFO : ConfigProcessor : Loading config from cache: /var/folders/sv/d29kcl5x50v7vt1n6xb5jsd40000gn/T/3048ed2d7ea14eee3db896f6760aa474.mpf_cache
2025-01-16 20:52:05,167 : INFO : ConfigProcessor : Loading config from cache: /var/folders/sv/d29kcl5x50v7vt1n6xb5jsd40000gn/T/8a2c3f97a6f4b3c8d8764c54a0c5a10e.mpf_cache
2025-01-16 20:52:05,167 : INFO : ConfigProcessor : Loading config from cache: /var/folders/sv/d29kcl5x50v7vt1n6xb5jsd40000gn/T/c20811a1d17edfd1dcc92677afca03be.mpf_cache
2025-01-16 20:52:05,167 : INFO : ConfigProcessor : Loading config from cache: /var/folders/sv/d29kcl5x50v7vt1n6xb5jsd40000gn/T/a14a120665a0ee9fd8a6e22274033983.mpf_cache
2025-01-16 20:52:05,167 : INFO : ConfigProcessor : Loading config from cache: /var/folders/sv/d29kcl5x50v7vt1n6xb5jsd40000gn/T/984de704eb69e43ca43e84d7915bfa21.mpf_cache
2025-01-16 20:52:05,167 : INFO : ConfigProcessor : Loading config from cache: /var/folders/sv/d29kcl5x50v7vt1n6xb5jsd40000gn/T/4c59ebe0edb67971c77ecbf1f12a295c.mpf_cache
2025-01-16 20:52:05,167 : INFO : ConfigProcessor : Loading config from cache: /var/folders/sv/d29kcl5x50v7vt1n6xb5jsd40000gn/T/e151291736403f63db558dae8f86b9a6.mpf_cache
2025-01-16 20:52:05,168 : INFO : ConfigProcessor : Loading config from cache: /var/folders/sv/d29kcl5x50v7vt1n6xb5jsd40000gn/T/81ffe1796583077c7101a9635dd90e73.mpf_cache
2025-01-16 20:52:05,168 : INFO : ConfigProcessor : Loading config from cache: /var/folders/sv/d29kcl5x50v7vt1n6xb5jsd40000gn/T/04bdadfa8d860a04250393efd361f045.mpf_cache
2025-01-16 20:52:05,168 : INFO : ConfigProcessor : Loading config from cache: /var/folders/sv/d29kcl5x50v7vt1n6xb5jsd40000gn/T/c82a0ecbb762ff6fe004ef757693d2ae.mpf_cache
2025-01-16 20:52:05,168 : INFO : ConfigProcessor : Loading config from cache: /var/folders/sv/d29kcl5x50v7vt1n6xb5jsd40000gn/T/3e9e76d166792f9c3bef3d1d86d97fda.mpf_cache
2025-01-16 20:52:05,168 : INFO : ConfigProcessor : Loading config from cache: /var/folders/sv/d29kcl5x50v7vt1n6xb5jsd40000gn/T/11a918d3152702ba265e96ad6f68ed20.mpf_cache
2025-01-16 20:52:05,168 : INFO : ConfigProcessor : Loading config from cache: /var/folders/sv/d29kcl5x50v7vt1n6xb5jsd40000gn/T/ceebadaab29f25c9a53ce189a8db5cf9.mpf_cache
2025-01-16 20:52:05,168 : INFO : ConfigProcessor : Loading config from cache: /var/folders/sv/d29kcl5x50v7vt1n6xb5jsd40000gn/T/6681071d88be12817abd471747b65be6.mpf_cache
2025-01-16 20:52:05,169 : INFO : ConfigProcessor : Loading config from cache: /var/folders/sv/d29kcl5x50v7vt1n6xb5jsd40000gn/T/53492c928c9d654d5ba799a04e08560b.mpf_cache
2025-01-16 20:52:05,169 : INFO : ConfigProcessor : Loading config from cache: /var/folders/sv/d29kcl5x50v7vt1n6xb5jsd40000gn/T/1e8810dd57719f59c36cb9385b8ab313.mpf_cache
2025-01-16 20:52:05,169 : INFO : ConfigProcessor : Loading config from cache: /var/folders/sv/d29kcl5x50v7vt1n6xb5jsd40000gn/T/8812b35d126cadc26bfacccaebddfdef.mpf_cache
2025-01-16 20:52:05,169 : INFO : ConfigProcessor : Loading config from cache: /var/folders/sv/d29kcl5x50v7vt1n6xb5jsd40000gn/T/46635530aad202ef48b5607c669ff431.mpf_cache
2025-01-16 20:52:05,169 : INFO : ConfigProcessor : Loading config from cache: /var/folders/sv/d29kcl5x50v7vt1n6xb5jsd40000gn/T/dd284709607c13b5639917a19b41209a.mpf_cache
2025-01-16 20:52:05,169 : INFO : ConfigProcessor : Loading config from cache: /var/folders/sv/d29kcl5x50v7vt1n6xb5jsd40000gn/T/1f7f726388b0fb87373e6b87caf6dbbb.mpf_cache
2025-01-16 20:52:05,169 : INFO : ConfigProcessor : Loading config from cache: /var/folders/sv/d29kcl5x50v7vt1n6xb5jsd40000gn/T/32dec9b6457646e42ac79bded55dc112.mpf_cache
2025-01-16 20:52:05,169 : INFO : ConfigProcessor : Loading config from cache: /var/folders/sv/d29kcl5x50v7vt1n6xb5jsd40000gn/T/7f1d27c5dd24f1449bd8f54a4b390edb.mpf_cache
2025-01-16 20:52:05,169 : INFO : ConfigProcessor : Loading config from cache: /var/folders/sv/d29kcl5x50v7vt1n6xb5jsd40000gn/T/15d17e02f4541cb81c0776f97b8db0a5.mpf_cache
2025-01-16 20:52:05,170 : INFO : ConfigProcessor : Loading config from cache: /var/folders/sv/d29kcl5x50v7vt1n6xb5jsd40000gn/T/0a9cb7260d26760274024f443d38cc22.mpf_cache
2025-01-16 20:52:05,170 : INFO : ConfigProcessor : Loading config from cache: /var/folders/sv/d29kcl5x50v7vt1n6xb5jsd40000gn/T/deb753c2acdccb3c49ddc8f2a7e04ee6.mpf_cache
2025-01-16 20:52:05,170 : INFO : ConfigProcessor : Loading config from cache: /var/folders/sv/d29kcl5x50v7vt1n6xb5jsd40000gn/T/4a90c06755c4a5beef2ee4c243f54397.mpf_cache
2025-01-16 20:52:05,170 : INFO : ConfigProcessor : Loading config from cache: /var/folders/sv/d29kcl5x50v7vt1n6xb5jsd40000gn/T/ba1b9abfe9d53ccae8b2ab8917566802.mpf_cache
2025-01-16 20:52:05,170 : INFO : ConfigProcessor : Loading config from cache: /var/folders/sv/d29kcl5x50v7vt1n6xb5jsd40000gn/T/3e4cfff95626fcb8283ee8bb46da8828.mpf_cache
2025-01-16 20:52:05,170 : INFO : ConfigProcessor : Loading config from cache: /var/folders/sv/d29kcl5x50v7vt1n6xb5jsd40000gn/T/957b0d5e59e31db1d21e3b27370e5cde.mpf_cache
2025-01-16 20:52:05,171 : INFO : Machine : Mission Pinball Framework Core Engine v0.80.0.dev6
2025-01-16 20:52:05,171 : INFO : Machine : Command line arguments: {'no_load_cache': False, 'create_config_cache': True, 'bcp': True, 'configfile': ['config.yaml'], 'force_assets_load': False, 'platform_integration_test': False, 'jsonlogging': False, 'logfile': 'logs/2025-01-16-20-52-05-mpf-Nicks-Air.lan.log', 'pause': False, 'production': False, 'text_ui': True, 'loglevel': 15, 'consoleloglevel': 20, 'force_platform': None, 'syslog_address': None, 'full_logfile_path': '/Users/nicktaseris/Desktop/Pinball/KOTH/logs/2025-01-16-20-52-05-mpf-Nicks-Air.lan.log'}
2025-01-16 20:52:05,171 : INFO : Machine : MPF path: /Users/nicktaseris/mpfenv/lib/python3.9/site-packages/mpf
2025-01-16 20:52:05,171 : INFO : Machine : Machine path: /Users/nicktaseris/Desktop/Pinball/KOTH
2025-01-16 20:52:05,171 : INFO : Machine : Platform: darwin
2025-01-16 20:52:05,171 : INFO : Machine : Python executable location: /Users/nicktaseris/mpfenv/bin/python3
2025-01-16 20:52:05,171 : INFO : Machine : Python version: 3.9.13 (64-bit)
2025-01-16 20:52:05,171 : INFO : Machine : Initializing MPF...
2025-01-16 20:52:05,200 : INFO : EventManager : Event: ======'machine_var_credits_string'====== Args={'value': 'FREE PLAY', 'prev_value': None, 'change': True}
2025-01-16 20:52:05,211 : INFO : EventManager : Event: ======'machine_var_master_volume'====== Args={'value': 0.8, 'prev_value': None, 'change': True}
2025-01-16 20:52:05,211 : INFO : EventManager : Event: ======'machine_var_player1_score'====== Args={'value': 8173450, 'prev_value': None, 'change': True}
2025-01-16 20:52:05,211 : INFO : EventManager : Event: ======'machine_var_mpf_version'====== Args={'value': 'Mission Pinball Framework v0.80.0.dev6', 'prev_value': None, 'change': True}
2025-01-16 20:52:05,211 : INFO : EventManager : Event: ======'machine_var_mpf_extended_version'====== Args={'value': 'Mission Pinball Framework v0.80.0.dev6, Config version:6, Show version: 6, BCP version:1.1', 'prev_value': None, 'change': True}
2025-01-16 20:52:05,211 : INFO : EventManager : Event: ======'machine_var_python_version'====== Args={'value': '3.9.13', 'prev_value': None, 'change': True}
2025-01-16 20:52:05,220 : INFO : EventManager : Event: ======'machine_var_platform'====== Args={'value': 'macOS-12.1-arm64-arm-64bit', 'prev_value': None, 'change': True}
2025-01-16 20:52:05,220 : INFO : EventManager : Event: ======'machine_var_platform_system'====== Args={'value': 'Darwin', 'prev_value': None, 'change': True}
2025-01-16 20:52:05,220 : INFO : EventManager : Event: ======'machine_var_platform_release'====== Args={'value': '21.2.0', 'prev_value': None, 'change': True}
2025-01-16 20:52:05,220 : INFO : EventManager : Event: ======'machine_var_platform_version'====== Args={'value': 'Darwin Kernel Version 21.2.0: Sun Nov 28 20:29:10 PST 2021; root:xnu-8019.61.5~1/RELEASE_ARM64_T8101', 'prev_value': None, 'change': True}
2025-01-16 20:52:05,220 : INFO : EventManager : Event: ======'machine_var_platform_machine'====== Args={'value': 'arm64', 'prev_value': None, 'change': True}
2025-01-16 20:52:05,220 : INFO : EventManager : Event: ======'machine_var_log_file_path'====== Args={'value': '/Users/nicktaseris/Desktop/Pinball/KOTH/logs/2025-01-16-20-52-05-mpf-Nicks-Air.lan.log', 'prev_value': None, 'change': True}
2025-01-16 20:52:05,220 : INFO : EventManager : Event: ======'init_phase_1'====== Args={}
2025-01-16 20:52:05,248 : INFO : EventManager : Event: ======'drop_target_bank_strickland_bank_up'====== Args={}
2025-01-16 20:52:05,249 : INFO : EventManager : Event: ======'init_phase_2'====== Args={}
2025-01-16 20:52:05,249 : INFO : SwitchController : Found active switch: ('39', <Platform.SmartVirtual>) <switch.s_trough1>
2025-01-16 20:52:05,249 : INFO : SwitchController : Found active switch: ('40', <Platform.SmartVirtual>) <switch.s_trough2>
2025-01-16 20:52:05,249 : INFO : SwitchController : Found active switch: ('41', <Platform.SmartVirtual>) <switch.s_trough3>
2025-01-16 20:52:05,249 : INFO : SwitchController : Found active switch: ('42', <Platform.SmartVirtual>) <switch.s_trough4>
2025-01-16 20:52:05,249 : INFO : SwitchController : Found active switch: ('43', <Platform.SmartVirtual>) <switch.s_trough5>
2025-01-16 20:52:05,249 : INFO : SwitchController : Found active switch: ('44', <Platform.SmartVirtual>) <switch.s_trough6>
2025-01-16 20:52:05,259 : WARNING : Mode.high_score : High Score Category alamo contains 0 entries while defaults contain 1
2025-01-16 20:52:05,259 : WARNING : Mode.high_score : High score data failed validation. Resetting to defaults.
2025-01-16 20:52:05,259 : INFO : EventManager : Event: ======'machine_var_score1_label'====== Args={'value': 'KING OF THE HILL', 'prev_value': None, 'change': True}
2025-01-16 20:52:05,259 : INFO : EventManager : Event: ======'machine_var_score1_name'====== Args={'value': 'HNK', 'prev_value': None, 'change': True}
2025-01-16 20:52:05,259 : INFO : EventManager : Event: ======'machine_var_score1_value'====== Args={'value': 4000000, 'prev_value': None, 'change': True}
2025-01-16 20:52:05,259 : INFO : EventManager : Event: ======'machine_var_score2_label'====== Args={'value': 'HIGH SCORE 1', 'prev_value': None, 'change': True}
2025-01-16 20:52:05,259 : INFO : EventManager : Event: ======'machine_var_score2_name'====== Args={'value': 'PGY', 'prev_value': None, 'change': True}
2025-01-16 20:52:05,260 : INFO : EventManager : Event: ======'machine_var_score2_value'====== Args={'value': 3000000, 'prev_value': None, 'change': True}
2025-01-16 20:52:05,260 : INFO : EventManager : Event: ======'machine_var_score3_label'====== Args={'value': 'HIGH SCORE 2', 'prev_value': None, 'change': True}
2025-01-16 20:52:05,260 : INFO : EventManager : Event: ======'machine_var_score3_name'====== Args={'value': 'BBY', 'prev_value': None, 'change': True}
2025-01-16 20:52:05,260 : INFO : EventManager : Event: ======'machine_var_score3_value'====== Args={'value': 2000000, 'prev_value': None, 'change': True}
2025-01-16 20:52:05,260 : INFO : EventManager : Event: ======'machine_var_score4_label'====== Args={'value': 'HIGH SCORE 3', 'prev_value': None, 'change': True}
2025-01-16 20:52:05,260 : INFO : EventManager : Event: ======'machine_var_score4_name'====== Args={'value': 'DLE', 'prev_value': None, 'change': True}
2025-01-16 20:52:05,260 : INFO : EventManager : Event: ======'machine_var_score4_value'====== Args={'value': 1000000, 'prev_value': None, 'change': True}
2025-01-16 20:52:05,260 : INFO : EventManager : Event: ======'machine_var_alamo1_label'====== Args={'value': 'Alamo Beer Champ', 'prev_value': None, 'change': True}
2025-01-16 20:52:05,260 : INFO : EventManager : Event: ======'machine_var_alamo1_name'====== Args={'value': 'ENI', 'prev_value': None, 'change': True}
2025-01-16 20:52:05,260 : INFO : EventManager : Event: ======'machine_var_alamo1_value'====== Args={'value': 24, 'prev_value': None, 'change': True}
2025-01-16 20:52:05,260 : INFO : EventManager : Event: ======'bcp_connection_attempt'====== Args={'name': 'local_display', 'host': 'localhost', 'port': 5050}
2025-01-16 20:52:05,261 : INFO : BCPClientSocket : Connecting BCP to 'local_display' at localhost:5050...
2025-01-16 20:52:05,266 : INFO : BCPClientSocket : Connected BCP to 'local_display' localhost:5050
2025-01-16 20:52:05,267 : INFO : EventManager : Event: ======'bcp_clients_connected'====== Args={}
2025-01-16 20:52:05,267 : INFO : ball_device.bd_trough : BCH: Initial count: 6
2025-01-16 20:52:05,268 : INFO : ball_device.bd_trough : State: idle
2025-01-16 20:52:05,268 : INFO : ball_device.bd_plunger : BCH: Initial count: 0
2025-01-16 20:52:05,268 : INFO : ball_device.bd_plunger : State: idle
2025-01-16 20:52:05,268 : INFO : ball_device.bd_scoop : BCH: Initial count: 0
2025-01-16 20:52:05,268 : INFO : ball_device.bd_scoop : State: idle
2025-01-16 20:52:05,274 : INFO : EventManager : Event: ======'init_phase_3'====== Args={}
2025-01-16 20:52:05,277 : INFO : EventManager : Event: ======'init_phase_4'====== Args={}
2025-01-16 20:52:05,277 : INFO : BallController : Initial balls found: 6
2025-01-16 20:52:05,277 : INFO : EventManager : Event: ======'machine_var_audits_events_game_ended'====== Args={'value': 42, 'prev_value': None, 'change': True}
2025-01-16 20:52:05,277 : INFO : EventManager : Event: ======'machine_var_audits_events_game_started'====== Args={'value': 1923, 'prev_value': None, 'change': True}
2025-01-16 20:52:05,277 : INFO : EventManager : Event: ======'machine_var_audits_missing_switches_s_a_target'====== Args={'value': 81, 'prev_value': None, 'change': True}
2025-01-16 20:52:05,277 : INFO : EventManager : Event: ======'machine_var_audits_missing_switches_s_bottom_inline_drop'====== Args={'value': 3, 'prev_value': None, 'change': True}
2025-01-16 20:52:05,277 : INFO : EventManager : Event: ======'machine_var_audits_missing_switches_s_bottom_pop_bumper'====== Args={'value': 29, 'prev_value': None, 'change': True}
2025-01-16 20:52:05,278 : INFO : EventManager : Event: ======'machine_var_audits_missing_switches_s_captive_ball'====== Args={'value': 29, 'prev_value': None, 'change': True}
2025-01-16 20:52:05,278 : INFO : EventManager : Event: ======'machine_var_audits_missing_switches_s_center_spinner'====== Args={'value': 29, 'prev_value': None, 'change': True}
2025-01-16 20:52:05,278 : INFO : EventManager : Event: ======'machine_var_audits_missing_switches_s_door_open'====== Args={'value': 501, 'prev_value': None, 'change': True}
2025-01-16 20:52:05,278 : INFO : EventManager : Event: ======'machine_var_audits_missing_switches_s_e_target'====== Args={'value': 32, 'prev_value': None, 'change': True}
2025-01-16 20:52:05,278 : INFO : EventManager : Event: ======'machine_var_audits_missing_switches_s_launch_button'====== Args={'value': 171, 'prev_value': None, 'change': True}
2025-01-16 20:52:05,278 : INFO : EventManager : Event: ======'machine_var_audits_missing_switches_s_left_inlane'====== Args={'value': 147, 'prev_value': None, 'change': True}
2025-01-16 20:52:05,278 : INFO : EventManager : Event: ======'machine_var_audits_missing_switches_s_left_inner_horseshoe'====== Args={'value': 29, 'prev_value': None, 'change': True}
2025-01-16 20:52:05,278 : INFO : EventManager : Event: ======'machine_var_audits_missing_switches_s_left_orbit_enter'====== Args={'value': 29, 'prev_value': None, 'change': True}
2025-01-16 20:52:05,278 : INFO : EventManager : Event: ======'machine_var_audits_missing_switches_s_left_orbit_exit'====== Args={'value': 29, 'prev_value': None, 'change': True}
2025-01-16 20:52:05,278 : INFO : EventManager : Event: ======'machine_var_audits_missing_switches_s_left_outlane'====== Args={'value': 147, 'prev_value': None, 'change': True}
2025-01-16 20:52:05,278 : INFO : EventManager : Event: ======'machine_var_audits_missing_switches_s_left_pop_bumper'====== Args={'value': 93, 'prev_value': None, 'change': True}
2025-01-16 20:52:05,278 : INFO : EventManager : Event: ======'machine_var_audits_missing_switches_s_left_ramp_enter'====== Args={'value': 392, 'prev_value': None, 'change': True}
2025-01-16 20:52:05,278 : INFO : EventManager : Event: ======'machine_var_audits_missing_switches_s_left_ramp_exit'====== Args={'value': 29, 'prev_value': None, 'change': True}
2025-01-16 20:52:05,278 : INFO : EventManager : Event: ======'machine_var_audits_missing_switches_s_left_ramp_standup'====== Args={'value': 29, 'prev_value': None, 'change': True}
2025-01-16 20:52:05,278 : INFO : EventManager : Event: ======'machine_var_audits_missing_switches_s_left_rollover_lane'====== Args={'value': 229, 'prev_value': None, 'change': True}
2025-01-16 20:52:05,278 : INFO : EventManager : Event: ======'machine_var_audits_missing_switches_s_left_sling'====== Args={'value': 324, 'prev_value': None, 'change': True}
2025-01-16 20:52:05,278 : INFO : EventManager : Event: ======'machine_var_audits_missing_switches_s_left_spinner'====== Args={'value': 91, 'prev_value': None, 'change': True}
2025-01-16 20:52:05,278 : INFO : EventManager : Event: ======'machine_var_audits_missing_switches_s_middle_inline_drop'====== Args={'value': 81, 'prev_value': None, 'change': True}
2025-01-16 20:52:05,278 : INFO : EventManager : Event: ======'machine_var_audits_missing_switches_s_middle_rollover_lane'====== Args={'value': 229, 'prev_value': None, 'change': True}
2025-01-16 20:52:05,278 : INFO : EventManager : Event: ======'machine_var_audits_missing_switches_s_n_target'====== Args={'value': 81, 'prev_value': None, 'change': True}
2025-01-16 20:52:05,279 : INFO : EventManager : Event: ======'machine_var_audits_missing_switches_s_o_target'====== Args={'value': 4, 'prev_value': None, 'change': True}
2025-01-16 20:52:05,279 : INFO : EventManager : Event: ======'machine_var_audits_missing_switches_s_p2_target'====== Args={'value': 35, 'prev_value': None, 'change': True}
2025-01-16 20:52:05,279 : INFO : EventManager : Event: ======'machine_var_audits_missing_switches_s_p_target'====== Args={'value': 4, 'prev_value': None, 'change': True}
2025-01-16 20:52:05,279 : INFO : EventManager : Event: ======'machine_var_audits_missing_switches_s_plunger'====== Args={'value': 1, 'prev_value': None, 'change': True}
2025-01-16 20:52:05,279 : INFO : EventManager : Event: ======'machine_var_audits_missing_switches_s_plunger_lane_exit'====== Args={'value': 4, 'prev_value': None, 'change': True}
2025-01-16 20:52:05,279 : INFO : EventManager : Event: ======'machine_var_audits_missing_switches_s_r_target'====== Args={'value': 4, 'prev_value': None, 'change': True}
2025-01-16 20:52:05,279 : INFO : EventManager : Event: ======'machine_var_audits_missing_switches_s_right_flipper'====== Args={'value': 1, 'prev_value': None, 'change': True}
2025-01-16 20:52:05,279 : INFO : EventManager : Event: ======'machine_var_audits_missing_switches_s_right_inlane'====== Args={'value': 2, 'prev_value': None, 'change': True}
2025-01-16 20:52:05,279 : INFO : EventManager : Event: ======'machine_var_audits_missing_switches_s_right_inner_horseshoe'====== Args={'value': 243, 'prev_value': None, 'change': True}
2025-01-16 20:52:05,279 : INFO : EventManager : Event: ======'machine_var_audits_missing_switches_s_right_orbit_exit'====== Args={'value': 29, 'prev_value': None, 'change': True}
2025-01-16 20:52:05,279 : INFO : EventManager : Event: ======'machine_var_audits_missing_switches_s_right_outlane'====== Args={'value': 147, 'prev_value': None, 'change': True}
2025-01-16 20:52:05,279 : INFO : EventManager : Event: ======'machine_var_audits_missing_switches_s_right_pop_bumper'====== Args={'value': 81, 'prev_value': None, 'change': True}
2025-01-16 20:52:05,279 : INFO : EventManager : Event: ======'machine_var_audits_missing_switches_s_right_ramp_enter'====== Args={'value': 609, 'prev_value': None, 'change': True}
2025-01-16 20:52:05,279 : INFO : EventManager : Event: ======'machine_var_audits_missing_switches_s_right_ramp_exit'====== Args={'value': 29, 'prev_value': None, 'change': True}
2025-01-16 20:52:05,279 : INFO : EventManager : Event: ======'machine_var_audits_missing_switches_s_right_ramp_standup'====== Args={'value': 227, 'prev_value': None, 'change': True}
2025-01-16 20:52:05,279 : INFO : EventManager : Event: ======'machine_var_audits_missing_switches_s_right_rollover_lane'====== Args={'value': 229, 'prev_value': None, 'change': True}
2025-01-16 20:52:05,279 : INFO : EventManager : Event: ======'machine_var_audits_missing_switches_s_right_sling'====== Args={'value': 673, 'prev_value': None, 'change': True}
2025-01-16 20:52:05,279 : INFO : EventManager : Event: ======'machine_var_audits_missing_switches_s_scoop'====== Args={'value': 4, 'prev_value': None, 'change': True}
2025-01-16 20:52:05,280 : INFO : EventManager : Event: ======'machine_var_audits_missing_switches_s_scoop_standup_left'====== Args={'value': 78, 'prev_value': None, 'change': True}
2025-01-16 20:52:05,280 : INFO : EventManager : Event: ======'machine_var_audits_missing_switches_s_scoop_standup_right'====== Args={'value': 78, 'prev_value': None, 'change': True}
2025-01-16 20:52:05,280 : INFO : EventManager : Event: ======'machine_var_audits_missing_switches_s_service_down'====== Args={'value': 501, 'prev_value': None, 'change': True}
2025-01-16 20:52:05,280 : INFO : EventManager : Event: ======'machine_var_audits_missing_switches_s_service_enter'====== Args={'value': 501, 'prev_value': None, 'change': True}
2025-01-16 20:52:05,280 : INFO : EventManager : Event: ======'machine_var_audits_missing_switches_s_service_esc'====== Args={'value': 501, 'prev_value': None, 'change': True}
2025-01-16 20:52:05,280 : INFO : EventManager : Event: ======'machine_var_audits_missing_switches_s_service_up'====== Args={'value': 501, 'prev_value': None, 'change': True}
2025-01-16 20:52:05,280 : INFO : EventManager : Event: ======'machine_var_audits_missing_switches_s_start'====== Args={'value': 90, 'prev_value': None, 'change': True}
2025-01-16 20:52:05,280 : INFO : EventManager : Event: ======'machine_var_audits_missing_switches_s_top_inline_drop'====== Args={'value': 81, 'prev_value': None, 'change': True}
2025-01-16 20:52:05,280 : INFO : EventManager : Event: ======'machine_var_audits_missing_switches_s_trough1'====== Args={'value': 80, 'prev_value': None, 'change': True}
2025-01-16 20:52:05,280 : INFO : EventManager : Event: ======'machine_var_audits_missing_switches_s_trough2'====== Args={'value': 310, 'prev_value': None, 'change': True}
2025-01-16 20:52:05,280 : INFO : EventManager : Event: ======'machine_var_audits_missing_switches_s_trough3'====== Args={'value': 310, 'prev_value': None, 'change': True}
2025-01-16 20:52:05,280 : INFO : EventManager : Event: ======'machine_var_audits_missing_switches_s_trough4'====== Args={'value': 1345, 'prev_value': None, 'change': True}
2025-01-16 20:52:05,280 : INFO : EventManager : Event: ======'machine_var_audits_missing_switches_s_trough5'====== Args={'value': 1878, 'prev_value': None, 'change': True}
2025-01-16 20:52:05,280 : INFO : EventManager : Event: ======'machine_var_audits_missing_switches_s_trough6'====== Args={'value': 122, 'prev_value': None, 'change': True}
2025-01-16 20:52:05,280 : INFO : EventManager : Event: ======'machine_var_audits_missing_switches_s_trough_jam'====== Args={'value': 1811, 'prev_value': None, 'change': True}
2025-01-16 20:52:05,280 : INFO : EventManager : Event: ======'machine_var_audits_player_score'====== Args={'value': {'average': 21576107, 'top': [132398600, 91250250, 68340100, 62250100, 49430150, 48340150, 40340150, 36245050, 36245050, 35245050], 'total': 45}, 'prev_value': None, 'change': True}
2025-01-16 20:52:05,280 : INFO : EventManager : Event: ======'machine_var_audits_shots_a_rollover_lane'====== Args={'value': 322, 'prev_value': None, 'change': True}
2025-01-16 20:52:05,280 : INFO : EventManager : Event: ======'machine_var_audits_shots_a_target'====== Args={'value': 7, 'prev_value': None, 'change': True}
2025-01-16 20:52:05,280 : INFO : EventManager : Event: ======'machine_var_audits_shots_ball_lock_a_target'====== Args={'value': 6, 'prev_value': None, 'change': True}
2025-01-16 20:52:05,281 : INFO : EventManager : Event: ======'machine_var_audits_shots_ball_lock_e_target'====== Args={'value': 5, 'prev_value': None, 'change': True}
2025-01-16 20:52:05,281 : INFO : EventManager : Event: ======'machine_var_audits_shots_ball_lock_n_target'====== Args={'value': 5, 'prev_value': None, 'change': True}
2025-01-16 20:52:05,281 : INFO : EventManager : Event: ======'machine_var_audits_shots_ball_lock_p2_target'====== Args={'value': 9, 'prev_value': None, 'change': True}
2025-01-16 20:52:05,281 : INFO : EventManager : Event: ======'machine_var_audits_shots_bottom_inline_drop'====== Args={'value': 188, 'prev_value': None, 'change': True}
2025-01-16 20:52:05,281 : INFO : EventManager : Event: ======'machine_var_audits_shots_e_target'====== Args={'value': 3, 'prev_value': None, 'change': True}
2025-01-16 20:52:05,281 : INFO : EventManager : Event: ======'machine_var_audits_shots_h_rollover_lane'====== Args={'value': 280, 'prev_value': None, 'change': True}
2025-01-16 20:52:05,281 : INFO : EventManager : Event: ======'machine_var_audits_shots_k_rollover_lane'====== Args={'value': 277, 'prev_value': None, 'change': True}
2025-01-16 20:52:05,281 : INFO : EventManager : Event: ======'machine_var_audits_shots_left_pop_bumper'====== Args={'value': 247, 'prev_value': None, 'change': True}
2025-01-16 20:52:05,281 : INFO : EventManager : Event: ======'machine_var_audits_shots_left_rollover_lane'====== Args={'value': 243, 'prev_value': None, 'change': True}
2025-01-16 20:52:05,281 : INFO : EventManager : Event: ======'machine_var_audits_shots_middle_inline_drop'====== Args={'value': 109, 'prev_value': None, 'change': True}
2025-01-16 20:52:05,281 : INFO : EventManager : Event: ======'machine_var_audits_shots_middle_rollover_lane'====== Args={'value': 230, 'prev_value': None, 'change': True}
2025-01-16 20:52:05,281 : INFO : EventManager : Event: ======'machine_var_audits_shots_mode_scoop'====== Args={'value': 523, 'prev_value': None, 'change': True}
2025-01-16 20:52:05,281 : INFO : EventManager : Event: ======'machine_var_audits_shots_n_rollover_lane'====== Args={'value': 284, 'prev_value': None, 'change': True}
2025-01-16 20:52:05,281 : INFO : EventManager : Event: ======'machine_var_audits_shots_n_target'====== Args={'value': 9, 'prev_value': None, 'change': True}
2025-01-16 20:52:05,281 : INFO : EventManager : Event: ======'machine_var_audits_shots_o_target'====== Args={'value': 4, 'prev_value': None, 'change': True}
2025-01-16 20:52:05,281 : INFO : EventManager : Event: ======'machine_var_audits_shots_p2_target'====== Args={'value': 5, 'prev_value': None, 'change': True}
2025-01-16 20:52:05,281 : INFO : EventManager : Event: ======'machine_var_audits_shots_p_target'====== Args={'value': 8, 'prev_value': None, 'change': True}
2025-01-16 20:52:05,281 : INFO : EventManager : Event: ======'machine_var_audits_shots_qualify_a_target'====== Args={'value': 7, 'prev_value': None, 'change': True}
2025-01-16 20:52:05,281 : INFO : EventManager : Event: ======'machine_var_audits_shots_qualify_e_target'====== Args={'value': 8, 'prev_value': None, 'change': True}
2025-01-16 20:52:05,282 : INFO : EventManager : Event: ======'machine_var_audits_shots_qualify_n_target'====== Args={'value': 7, 'prev_value': None, 'change': True}
2025-01-16 20:52:05,282 : INFO : EventManager : Event: ======'machine_var_audits_shots_qualify_o_target'====== Args={'value': 1177, 'prev_value': None, 'change': True}
2025-01-16 20:52:05,282 : INFO : EventManager : Event: ======'machine_var_audits_shots_qualify_p2_target'====== Args={'value': 9, 'prev_value': None, 'change': True}
2025-01-16 20:52:05,282 : INFO : EventManager : Event: ======'machine_var_audits_shots_qualify_p_target'====== Args={'value': 1206, 'prev_value': None, 'change': True}
2025-01-16 20:52:05,282 : INFO : EventManager : Event: ======'machine_var_audits_shots_qualify_r_target'====== Args={'value': 1054, 'prev_value': None, 'change': True}
2025-01-16 20:52:05,282 : INFO : EventManager : Event: ======'machine_var_audits_shots_r_target'====== Args={'value': 14, 'prev_value': None, 'change': True}
2025-01-16 20:52:05,282 : INFO : EventManager : Event: ======'machine_var_audits_shots_rainey_multiball_ball_lock_a_target'====== Args={'value': 282, 'prev_value': None, 'change': True}
2025-01-16 20:52:05,282 : INFO : EventManager : Event: ======'machine_var_audits_shots_rainey_multiball_ball_lock_e_target'====== Args={'value': 264, 'prev_value': None, 'change': True}
2025-01-16 20:52:05,282 : INFO : EventManager : Event: ======'machine_var_audits_shots_rainey_multiball_ball_lock_n_target'====== Args={'value': 261, 'prev_value': None, 'change': True}
2025-01-16 20:52:05,282 : INFO : EventManager : Event: ======'machine_var_audits_shots_rainey_multiball_ball_lock_p2_target'====== Args={'value': 400, 'prev_value': None, 'change': True}
2025-01-16 20:52:05,282 : INFO : EventManager : Event: ======'machine_var_audits_shots_right_pop_bumper'====== Args={'value': 367, 'prev_value': None, 'change': True}
2025-01-16 20:52:05,282 : INFO : EventManager : Event: ======'machine_var_audits_shots_right_rollover_lane'====== Args={'value': 240, 'prev_value': None, 'change': True}
2025-01-16 20:52:05,282 : INFO : EventManager : Event: ======'machine_var_audits_shots_scoop'====== Args={'value': 285, 'prev_value': None, 'change': True}
2025-01-16 20:52:05,282 : INFO : EventManager : Event: ======'machine_var_audits_shots_scoop_mission_select'====== Args={'value': 57, 'prev_value': None, 'change': True}
2025-01-16 20:52:05,282 : INFO : EventManager : Event: ======'machine_var_audits_shots_shot_1_duke'====== Args={'value': 18, 'prev_value': None, 'change': True}
2025-01-16 20:52:05,282 : INFO : EventManager : Event: ======'machine_var_audits_shots_shot_2_duke'====== Args={'value': 3, 'prev_value': None, 'change': True}
2025-01-16 20:52:05,282 : INFO : EventManager : Event: ======'machine_var_audits_shots_shot_3_duke'====== Args={'value': 40, 'prev_value': None, 'change': True}
2025-01-16 20:52:05,283 : INFO : EventManager : Event: ======'machine_var_audits_shots_shot_4_duke'====== Args={'value': 6, 'prev_value': None, 'change': True}
2025-01-16 20:52:05,283 : INFO : EventManager : Event: ======'machine_var_audits_shots_shot_5_duke'====== Args={'value': 24, 'prev_value': None, 'change': True}
2025-01-16 20:52:05,283 : INFO : EventManager : Event: ======'machine_var_audits_shots_shot_beercan_right_ramp'====== Args={'value': 11, 'prev_value': None, 'change': True}
2025-01-16 20:52:05,283 : INFO : EventManager : Event: ======'machine_var_audits_shots_shot_captive_ball_surfer'====== Args={'value': 24, 'prev_value': None, 'change': True}
2025-01-16 20:52:05,283 : INFO : EventManager : Event: ======'machine_var_audits_shots_shot_center_spinner_heat'====== Args={'value': 61, 'prev_value': None, 'change': True}
2025-01-16 20:52:05,283 : INFO : EventManager : Event: ======'machine_var_audits_shots_shot_center_spinner_surfer'====== Args={'value': 19, 'prev_value': None, 'change': True}
2025-01-16 20:52:05,283 : INFO : EventManager : Event: ======'machine_var_audits_shots_shot_inline_drop_surfer'====== Args={'value': 19, 'prev_value': None, 'change': True}
2025-01-16 20:52:05,283 : INFO : EventManager : Event: ======'machine_var_audits_shots_shot_left_horseshoe_surfer'====== Args={'value': 19, 'prev_value': None, 'change': True}
2025-01-16 20:52:05,283 : INFO : EventManager : Event: ======'machine_var_audits_shots_shot_left_orbit_heat'====== Args={'value': 330, 'prev_value': None, 'change': True}
2025-01-16 20:52:05,283 : INFO : EventManager : Event: ======'machine_var_audits_shots_shot_left_orbit_surfer'====== Args={'value': 23, 'prev_value': None, 'change': True}
2025-01-16 20:52:05,283 : INFO : EventManager : Event: ======'machine_var_audits_shots_shot_left_ramp'====== Args={'value': 639, 'prev_value': None, 'change': True}
2025-01-16 20:52:05,283 : INFO : EventManager : Event: ======'machine_var_audits_shots_shot_left_ramp_heat'====== Args={'value': 73, 'prev_value': None, 'change': True}
2025-01-16 20:52:05,283 : INFO : EventManager : Event: ======'machine_var_audits_shots_shot_left_ramp_surfer'====== Args={'value': 18, 'prev_value': None, 'change': True}
2025-01-16 20:52:05,283 : INFO : EventManager : Event: ======'machine_var_audits_shots_shot_right_orbit_heat'====== Args={'value': 57, 'prev_value': None, 'change': True}
2025-01-16 20:52:05,283 : INFO : EventManager : Event: ======'machine_var_audits_shots_shot_right_orbit_surfer'====== Args={'value': 19, 'prev_value': None, 'change': True}
2025-01-16 20:52:05,283 : INFO : EventManager : Event: ======'machine_var_audits_shots_shot_right_ramp'====== Args={'value': 480, 'prev_value': None, 'change': True}
2025-01-16 20:52:05,283 : INFO : EventManager : Event: ======'machine_var_audits_shots_shot_right_ramp_heat'====== Args={'value': 61, 'prev_value': None, 'change': True}
2025-01-16 20:52:05,284 : INFO : EventManager : Event: ======'machine_var_audits_shots_shot_right_ramp_surfer'====== Args={'value': 19, 'prev_value': None, 'change': True}
2025-01-16 20:52:05,284 : INFO : EventManager : Event: ======'machine_var_audits_shots_shot_scoop_finish_surfer'====== Args={'value': 34, 'prev_value': None, 'change': True}
2025-01-16 20:52:05,284 : INFO : EventManager : Event: ======'machine_var_audits_shots_skillshot_a_target'====== Args={'value': 117, 'prev_value': None, 'change': True}
2025-01-16 20:52:05,284 : INFO : EventManager : Event: ======'machine_var_audits_shots_skillshot_e_target'====== Args={'value': 97, 'prev_value': None, 'change': True}
2025-01-16 20:52:05,284 : INFO : EventManager : Event: ======'machine_var_audits_shots_skillshot_n_target'====== Args={'value': 88, 'prev_value': None, 'change': True}
2025-01-16 20:52:05,284 : INFO : EventManager : Event: ======'machine_var_audits_shots_skillshot_o_target'====== Args={'value': 207, 'prev_value': None, 'change': True}
2025-01-16 20:52:05,284 : INFO : EventManager : Event: ======'machine_var_audits_shots_skillshot_p2_target'====== Args={'value': 218, 'prev_value': None, 'change': True}
2025-01-16 20:52:05,284 : INFO : EventManager : Event: ======'machine_var_audits_shots_skillshot_p_target'====== Args={'value': 606, 'prev_value': None, 'change': True}
2025-01-16 20:52:05,284 : INFO : EventManager : Event: ======'machine_var_audits_shots_skillshot_r_target'====== Args={'value': 194, 'prev_value': None, 'change': True}
2025-01-16 20:52:05,284 : INFO : EventManager : Event: ======'machine_var_audits_shots_spinner'====== Args={'value': 11, 'prev_value': None, 'change': True}
2025-01-16 20:52:05,284 : INFO : EventManager : Event: ======'machine_var_audits_shots_super_jackpot_collect'====== Args={'value': 61, 'prev_value': None, 'change': True}
2025-01-16 20:52:05,284 : INFO : EventManager : Event: ======'machine_var_audits_shots_top_inline_drop'====== Args={'value': 68, 'prev_value': None, 'change': True}
2025-01-16 20:52:05,284 : INFO : EventManager : Event: ======'machine_var_audits_switches_s_a_target'====== Args={'value': 413, 'prev_value': None, 'change': True}
2025-01-16 20:52:05,284 : INFO : EventManager : Event: ======'machine_var_audits_switches_s_bottom_inline_drop'====== Args={'value': 1215, 'prev_value': None, 'change': True}
2025-01-16 20:52:05,285 : INFO : EventManager : Event: ======'machine_var_audits_switches_s_bottom_pop_bumper'====== Args={'value': 931, 'prev_value': None, 'change': True}
2025-01-16 20:52:05,285 : INFO : EventManager : Event: ======'machine_var_audits_switches_s_captive_ball'====== Args={'value': 24, 'prev_value': None, 'change': True}
2025-01-16 20:52:05,285 : INFO : EventManager : Event: ======'machine_var_audits_switches_s_center_spinner'====== Args={'value': 765, 'prev_value': None, 'change': True}
2025-01-16 20:52:05,285 : INFO : EventManager : Event: ======'machine_var_audits_switches_s_door_open'====== Args={'value': 0, 'prev_value': None, 'change': True}
2025-01-16 20:52:05,285 : INFO : EventManager : Event: ======'machine_var_audits_switches_s_e_target'====== Args={'value': 404, 'prev_value': None, 'change': True}
2025-01-16 20:52:05,285 : INFO : EventManager : Event: ======'machine_var_audits_switches_s_launch_button'====== Args={'value': 11, 'prev_value': None, 'change': True}
2025-01-16 20:52:05,285 : INFO : EventManager : Event: ======'machine_var_audits_switches_s_left_flipper'====== Args={'value': 1349, 'prev_value': None, 'change': True}
2025-01-16 20:52:05,285 : INFO : EventManager : Event: ======'machine_var_audits_switches_s_left_inlane'====== Args={'value': 333, 'prev_value': None, 'change': True}
2025-01-16 20:52:05,285 : INFO : EventManager : Event: ======'machine_var_audits_switches_s_left_inner_horseshoe'====== Args={'value': 50, 'prev_value': None, 'change': True}
2025-01-16 20:52:05,285 : INFO : EventManager : Event: ======'machine_var_audits_switches_s_left_orbit_enter'====== Args={'value': 285, 'prev_value': None, 'change': True}
2025-01-16 20:52:05,285 : INFO : EventManager : Event: ======'machine_var_audits_switches_s_left_orbit_exit'====== Args={'value': 482, 'prev_value': None, 'change': True}
2025-01-16 20:52:05,285 : INFO : EventManager : Event: ======'machine_var_audits_switches_s_left_outlane'====== Args={'value': 306, 'prev_value': None, 'change': True}
2025-01-16 20:52:05,285 : INFO : EventManager : Event: ======'machine_var_audits_switches_s_left_pop_bumper'====== Args={'value': 277, 'prev_value': None, 'change': True}
2025-01-16 20:52:05,285 : INFO : EventManager : Event: ======'machine_var_audits_switches_s_left_ramp_enter'====== Args={'value': 48, 'prev_value': None, 'change': True}
2025-01-16 20:52:05,285 : INFO : EventManager : Event: ======'machine_var_audits_switches_s_left_ramp_exit'====== Args={'value': 774, 'prev_value': None, 'change': True}
2025-01-16 20:52:05,285 : INFO : EventManager : Event: ======'machine_var_audits_switches_s_left_ramp_standup'====== Args={'value': 4608, 'prev_value': None, 'change': True}
2025-01-16 20:52:05,285 : INFO : EventManager : Event: ======'machine_var_audits_switches_s_left_rollover_lane'====== Args={'value': 248, 'prev_value': None, 'change': True}
2025-01-16 20:52:05,286 : INFO : EventManager : Event: ======'machine_var_audits_switches_s_left_sling'====== Args={'value': 14, 'prev_value': None, 'change': True}
2025-01-16 20:52:05,286 : INFO : EventManager : Event: ======'machine_var_audits_switches_s_left_spinner'====== Args={'value': 768, 'prev_value': None, 'change': True}
2025-01-16 20:52:05,286 : INFO : EventManager : Event: ======'machine_var_audits_switches_s_middle_inline_drop'====== Args={'value': 1113, 'prev_value': None, 'change': True}
2025-01-16 20:52:05,286 : INFO : EventManager : Event: ======'machine_var_audits_switches_s_middle_rollover_lane'====== Args={'value': 233, 'prev_value': None, 'change': True}
2025-01-16 20:52:05,286 : INFO : EventManager : Event: ======'machine_var_audits_switches_s_n_target'====== Args={'value': 389, 'prev_value': None, 'change': True}
2025-01-16 20:52:05,286 : INFO : EventManager : Event: ======'machine_var_audits_switches_s_o_target'====== Args={'value': 1305, 'prev_value': None, 'change': True}
2025-01-16 20:52:05,286 : INFO : EventManager : Event: ======'machine_var_audits_switches_s_p2_target'====== Args={'value': 489, 'prev_value': None, 'change': True}
2025-01-16 20:52:05,286 : INFO : EventManager : Event: ======'machine_var_audits_switches_s_p_target'====== Args={'value': 1983, 'prev_value': None, 'change': True}
2025-01-16 20:52:05,286 : INFO : EventManager : Event: ======'machine_var_audits_switches_s_plunger'====== Args={'value': 2543, 'prev_value': None, 'change': True}
2025-01-16 20:52:05,286 : INFO : EventManager : Event: ======'machine_var_audits_switches_s_plunger_lane'====== Args={'value': 39, 'prev_value': None, 'change': True}
2025-01-16 20:52:05,286 : INFO : EventManager : Event: ======'machine_var_audits_switches_s_plunger_lane_exit'====== Args={'value': 2103, 'prev_value': None, 'change': True}
2025-01-16 20:52:05,286 : INFO : EventManager : Event: ======'machine_var_audits_switches_s_r_target'====== Args={'value': 1163, 'prev_value': None, 'change': True}
2025-01-16 20:52:05,286 : INFO : EventManager : Event: ======'machine_var_audits_switches_s_right_flipper'====== Args={'value': 3549, 'prev_value': None, 'change': True}
2025-01-16 20:52:05,286 : INFO : EventManager : Event: ======'machine_var_audits_switches_s_right_inlane'====== Args={'value': 296, 'prev_value': None, 'change': True}
2025-01-16 20:52:05,286 : INFO : EventManager : Event: ======'machine_var_audits_switches_s_right_inner_horseshoe'====== Args={'value': 38, 'prev_value': None, 'change': True}
2025-01-16 20:52:05,286 : INFO : EventManager : Event: ======'machine_var_audits_switches_s_right_orbit_exit'====== Args={'value': 126, 'prev_value': None, 'change': True}
2025-01-16 20:52:05,287 : INFO : EventManager : Event: ======'machine_var_audits_switches_s_right_outlane'====== Args={'value': 285, 'prev_value': None, 'change': True}
2025-01-16 20:52:05,287 : INFO : EventManager : Event: ======'machine_var_audits_switches_s_right_pop_bumper'====== Args={'value': 440, 'prev_value': None, 'change': True}
2025-01-16 20:52:05,287 : INFO : EventManager : Event: ======'machine_var_audits_switches_s_right_ramp_enter'====== Args={'value': 20, 'prev_value': None, 'change': True}
2025-01-16 20:52:05,287 : INFO : EventManager : Event: ======'machine_var_audits_switches_s_right_ramp_exit'====== Args={'value': 588, 'prev_value': None, 'change': True}
2025-01-16 20:52:05,287 : INFO : EventManager : Event: ======'machine_var_audits_switches_s_right_ramp_standup'====== Args={'value': 353, 'prev_value': None, 'change': True}
2025-01-16 20:52:05,287 : INFO : EventManager : Event: ======'machine_var_audits_switches_s_right_rollover_lane'====== Args={'value': 254, 'prev_value': None, 'change': True}
2025-01-16 20:52:05,287 : INFO : EventManager : Event: ======'machine_var_audits_switches_s_right_sling'====== Args={'value': 22, 'prev_value': None, 'change': True}
2025-01-16 20:52:05,287 : INFO : EventManager : Event: ======'machine_var_audits_switches_s_scoop'====== Args={'value': 1520, 'prev_value': None, 'change': True}
2025-01-16 20:52:05,287 : INFO : EventManager : Event: ======'machine_var_audits_switches_s_scoop_standup_left'====== Args={'value': 0, 'prev_value': None, 'change': True}
2025-01-16 20:52:05,287 : INFO : EventManager : Event: ======'machine_var_audits_switches_s_scoop_standup_right'====== Args={'value': 0, 'prev_value': None, 'change': True}
2025-01-16 20:52:05,287 : INFO : EventManager : Event: ======'machine_var_audits_switches_s_service_down'====== Args={'value': 0, 'prev_value': None, 'change': True}
2025-01-16 20:52:05,287 : INFO : EventManager : Event: ======'machine_var_audits_switches_s_service_enter'====== Args={'value': 0, 'prev_value': None, 'change': True}
2025-01-16 20:52:05,287 : INFO : EventManager : Event: ======'machine_var_audits_switches_s_service_esc'====== Args={'value': 0, 'prev_value': None, 'change': True}
2025-01-16 20:52:05,287 : INFO : EventManager : Event: ======'machine_var_audits_switches_s_service_up'====== Args={'value': 0, 'prev_value': None, 'change': True}
2025-01-16 20:52:05,287 : INFO : EventManager : Event: ======'machine_var_audits_switches_s_start'====== Args={'value': 1409, 'prev_value': None, 'change': True}
2025-01-16 20:52:05,287 : INFO : EventManager : Event: ======'machine_var_audits_switches_s_top_inline_drop'====== Args={'value': 118, 'prev_value': None, 'change': True}
2025-01-16 20:52:05,287 : INFO : EventManager : Event: ======'machine_var_audits_switches_s_trough1'====== Args={'value': 689, 'prev_value': None, 'change': True}
2025-01-16 20:52:05,288 : INFO : EventManager : Event: ======'machine_var_audits_switches_s_trough2'====== Args={'value': 85, 'prev_value': None, 'change': True}
2025-01-16 20:52:05,288 : INFO : EventManager : Event: ======'machine_var_audits_switches_s_trough3'====== Args={'value': 106, 'prev_value': None, 'change': True}
2025-01-16 20:52:05,288 : INFO : EventManager : Event: ======'machine_var_audits_switches_s_trough4'====== Args={'value': 3, 'prev_value': None, 'change': True}
2025-01-16 20:52:05,288 : INFO : EventManager : Event: ======'machine_var_audits_switches_s_trough5'====== Args={'value': 2, 'prev_value': None, 'change': True}
2025-01-16 20:52:05,288 : INFO : EventManager : Event: ======'machine_var_audits_switches_s_trough6'====== Args={'value': 2, 'prev_value': None, 'change': True}
2025-01-16 20:52:05,288 : INFO : EventManager : Event: ======'machine_var_audits_switches_s_trough_jam'====== Args={'value': 5, 'prev_value': None, 'change': True}
2025-01-16 20:52:05,288 : INFO : EventManager : Event: ======'init_phase_5'====== Args={}
2025-01-16 20:52:05,292 : INFO : EventManager : Event: ======'init_done'====== Args={}
2025-01-16 20:52:05,292 : INFO : EventManager : Event: ======'machine_reset_phase_1'====== Args={}
2025-01-16 20:52:05,294 : INFO : EventManager : Event: ======'machine_reset_phase_2'====== Args={}
2025-01-16 20:52:05,294 : INFO : EventManager : Event: ======'machine_reset_phase_3'====== Args={}
2025-01-16 20:52:05,295 : INFO : drop_target_bank.strickland_bank : All targets are already up. Will not reset bank.
2025-01-16 20:52:05,295 : INFO : EventManager : Event: ======'reset_complete'====== Args={}
2025-01-16 20:52:05,295 : INFO : EventManager : Event: ======'mode_service_will_start'====== Args={}
2025-01-16 20:52:05,295 : INFO : EventManager : Event: ======'mode_service_starting'====== Args={}
2025-01-16 20:52:05,295 : INFO : EventManager : Event: ======'mode_attract_will_start'====== Args={}
2025-01-16 20:52:05,295 : INFO : Timer.attract_switch : Starting Timer.
2025-01-16 20:52:05,295 : INFO : EventManager : Event: ======'timer_attract_switch_started'====== Args={'ticks': 0, 'ticks_remaining': 1}
2025-01-16 20:52:05,295 : INFO : EventManager : Event: ======'timer_attract_switch_tick'====== Args={'ticks': 0, 'ticks_remaining': 1}
2025-01-16 20:52:05,296 : INFO : EventManager : Event: ======'mode_attract_starting'====== Args={}
2025-01-16 20:52:05,296 : INFO : Mode.attract : Started. Priority: 10
2025-01-16 20:52:05,296 : INFO : EventManager : Event: ======'modes_active_modes_changed'====== Args={}
2025-01-16 20:52:05,296 : INFO : EventManager : Event: ======'mode_attract_started'====== Args={}
2025-01-16 20:52:05,296 : INFO : EventManager : Event: ======'collecting_balls_complete'====== Args={}
2025-01-16 20:52:05,296 : INFO : EventManager : Event: ======'item_highlighted'====== Args={'carousel': 'attract', 'direction': None, 'item': 'mpf_logo'}
2025-01-16 20:52:05,296 : INFO : EventManager : Event: ======'timer_attract_switch_tick'====== Args={'ticks': 0, 'ticks_remaining': 1}
2025-01-16 20:52:05,296 : INFO : Mode.service : Started. Priority: 100000
2025-01-16 20:52:05,296 : INFO : EventManager : Event: ======'modes_active_modes_changed'====== Args={}
2025-01-16 20:52:05,296 : INFO : EventManager : Event: ======'mode_service_started'====== Args={}
2025-01-16 20:52:05,300 : INFO : Machine : Starting the main run loop with active modes: [<Mode.service>, <Mode.attract>]
2025-01-16 20:52:05,434 : INFO : EventManager : Event: ======'slide_attract_created'====== Args={'_from_bcp': True}
2025-01-16 20:52:05,434 : INFO : EventManager : Event: ======'slide__removed'====== Args={'_from_bcp': True}
2025-01-16 20:52:05,435 : INFO : EventManager : Event: ======'slide_attract_active'====== Args={'original_context': 'attract', 'original_calling_context': 'mode_attract_started', 'priority': 10.0, 'cmd': 'slides_play', '_from_bcp': True}
2025-01-16 20:52:05,439 : INFO : EventManager : Event: ======'widget_press_start_active'====== Args={'original_context': 'attract', 'original_calling_context': 'mode_attract_started', 'priority': 10.0, 'cmd': 'widgets_play', '_from_bcp': True}
2025-01-16 20:52:05,906 : INFO : BcpServer : New client connected.
2025-01-16 20:52:10,297 : INFO : Timer.attract_switch : Timer Complete
2025-01-16 20:52:10,297 : INFO : Timer.attract_switch : Stopping Timer
2025-01-16 20:52:10,299 : INFO : EventManager : Event: ======'timer_attract_switch_stopped'====== Args={'ticks': 1, 'ticks_remaining': 1}
2025-01-16 20:52:10,299 : INFO : EventManager : Event: ======'timer_attract_switch_complete'====== Args={'ticks': 1, 'ticks_remaining': 1}
2025-01-16 20:52:10,300 : INFO : EventManager : Event: ======'item_highlighted'====== Args={'carousel': 'attract', 'direction': 'forwards', 'item': 'dtp_logo'}
2025-01-16 20:52:10,300 : INFO : Timer.attract_switch : Starting Timer.
2025-01-16 20:52:10,301 : INFO : EventManager : Event: ======'timer_attract_switch_started'====== Args={'ticks': 0, 'ticks_remaining': 1}
2025-01-16 20:52:10,301 : INFO : EventManager : Event: ======'timer_attract_switch_tick'====== Args={'ticks': 0, 'ticks_remaining': 1}
2025-01-16 20:52:15,302 : INFO : Timer.attract_switch : Timer Complete
2025-01-16 20:52:15,303 : INFO : Timer.attract_switch : Stopping Timer
2025-01-16 20:52:15,304 : INFO : EventManager : Event: ======'timer_attract_switch_stopped'====== Args={'ticks': 1, 'ticks_remaining': 1}
2025-01-16 20:52:15,304 : INFO : EventManager : Event: ======'timer_attract_switch_complete'====== Args={'ticks': 1, 'ticks_remaining': 1}
2025-01-16 20:52:15,304 : INFO : EventManager : Event: ======'item_highlighted'====== Args={'carousel': 'attract', 'direction': 'forwards', 'item': 'koth_intro'}
2025-01-16 20:52:15,305 : INFO : Timer.attract_switch : Starting Timer.
2025-01-16 20:52:15,305 : INFO : EventManager : Event: ======'timer_attract_switch_started'====== Args={'ticks': 0, 'ticks_remaining': 1}
2025-01-16 20:52:15,306 : INFO : EventManager : Event: ======'timer_attract_switch_tick'====== Args={'ticks': 0, 'ticks_remaining': 1}
2025-01-16 20:52:15,324 : INFO : SwitchController : <<<<<<< 's_left_flipper' active >>>>>>>
2025-01-16 20:52:15,324 : INFO : EventManager : Event: ======'s_left_flipper_active'====== Args={}
2025-01-16 20:52:15,328 : INFO : EventManager : Event: ======'item_highlighted'====== Args={'carousel': 'attract', 'direction': 'backwards', 'item': 'dtp_logo'}
2025-01-16 20:52:15,328 : INFO : EventManager : Event: ======'timer_attract_switch_tick'====== Args={'ticks': 0, 'ticks_remaining': 1}
2025-01-16 20:52:15,346 : INFO : SwitchController : <<<<<<< 's_left_flipper' inactive >>>>>>>
2025-01-16 20:52:15,724 : INFO : SwitchController : <<<<<<< 's_left_flipper' active >>>>>>>
2025-01-16 20:52:15,725 : INFO : EventManager : Event: ======'s_left_flipper_active'====== Args={}
2025-01-16 20:52:15,725 : INFO : EventManager : Event: ======'item_highlighted'====== Args={'carousel': 'attract', 'direction': 'backwards', 'item': 'mpf_logo'}
2025-01-16 20:52:15,726 : INFO : EventManager : Event: ======'timer_attract_switch_tick'====== Args={'ticks': 0, 'ticks_remaining': 1}
2025-01-16 20:52:15,864 : INFO : SwitchController : <<<<<<< 's_left_flipper' inactive >>>>>>>
2025-01-16 20:52:16,132 : INFO : SwitchController : <<<<<<< 's_left_flipper' active >>>>>>>
2025-01-16 20:52:16,133 : INFO : EventManager : Event: ======'s_left_flipper_active'====== Args={}
2025-01-16 20:52:16,134 : INFO : EventManager : Event: ======'item_highlighted'====== Args={'carousel': 'attract', 'direction': 'backwards', 'item': 'last_scores_1p'}
2025-01-16 20:52:16,134 : INFO : EventManager : Event: ======'timer_attract_switch_tick'====== Args={'ticks': 0, 'ticks_remaining': 1}
2025-01-16 20:52:16,230 : INFO : SwitchController : <<<<<<< 's_left_flipper' inactive >>>>>>>
2025-01-16 20:52:16,699 : INFO : SwitchController : <<<<<<< 's_left_flipper' active >>>>>>>
2025-01-16 20:52:16,700 : INFO : EventManager : Event: ======'s_left_flipper_active'====== Args={}
2025-01-16 20:52:16,701 : INFO : EventManager : Event: ======'item_highlighted'====== Args={'carousel': 'attract', 'direction': 'backwards', 'item': 'credits'}
2025-01-16 20:52:16,701 : INFO : EventManager : Event: ======'timer_attract_switch_tick'====== Args={'ticks': 0, 'ticks_remaining': 1}
2025-01-16 20:52:16,763 : INFO : SwitchController : <<<<<<< 's_left_flipper' inactive >>>>>>>
2025-01-16 20:52:16,863 : INFO : SwitchController : <<<<<<< 's_left_flipper' active >>>>>>>
2025-01-16 20:52:16,863 : INFO : EventManager : Event: ======'s_left_flipper_active'====== Args={}
2025-01-16 20:52:16,864 : INFO : EventManager : Event: ======'item_highlighted'====== Args={'carousel': 'attract', 'direction': 'backwards', 'item': 'alamo_champ'}
2025-01-16 20:52:16,864 : INFO : EventManager : Event: ======'timer_attract_switch_tick'====== Args={'ticks': 0, 'ticks_remaining': 1}
2025-01-16 20:52:16,930 : INFO : SwitchController : <<<<<<< 's_left_flipper' inactive >>>>>>>
2025-01-16 20:52:17,014 : INFO : SwitchController : <<<<<<< 's_left_flipper' active >>>>>>>
2025-01-16 20:52:17,014 : INFO : EventManager : Event: ======'s_left_flipper_active'====== Args={}
2025-01-16 20:52:17,014 : INFO : EventManager : Event: ======'item_highlighted'====== Args={'carousel': 'attract', 'direction': 'backwards', 'item': 'scores'}
2025-01-16 20:52:17,014 : INFO : EventManager : Event: ======'timer_attract_switch_tick'====== Args={'ticks': 0, 'ticks_remaining': 1}
2025-01-16 20:52:17,080 : INFO : SwitchController : <<<<<<< 's_left_flipper' inactive >>>>>>>
2025-01-16 20:52:17,180 : INFO : SwitchController : <<<<<<< 's_left_flipper' active >>>>>>>
2025-01-16 20:52:17,180 : INFO : EventManager : Event: ======'s_left_flipper_active'====== Args={}
2025-01-16 20:52:17,181 : INFO : EventManager : Event: ======'item_highlighted'====== Args={'carousel': 'attract', 'direction': 'backwards', 'item': 'king_of_the_hill'}
2025-01-16 20:52:17,181 : INFO : EventManager : Event: ======'timer_attract_switch_tick'====== Args={'ticks': 0, 'ticks_remaining': 1}
2025-01-16 20:52:17,247 : INFO : SwitchController : <<<<<<< 's_left_flipper' inactive >>>>>>>
2025-01-16 20:52:17,346 : INFO : SwitchController : <<<<<<< 's_left_flipper' active >>>>>>>
2025-01-16 20:52:17,347 : INFO : EventManager : Event: ======'s_left_flipper_active'====== Args={}
2025-01-16 20:52:17,347 : INFO : EventManager : Event: ======'item_highlighted'====== Args={'carousel': 'attract', 'direction': 'backwards', 'item': 'koth_intro'}
2025-01-16 20:52:17,347 : INFO : EventManager : Event: ======'timer_attract_switch_tick'====== Args={'ticks': 0, 'ticks_remaining': 1}
2025-01-16 20:52:17,396 : INFO : SwitchController : <<<<<<< 's_left_flipper' inactive >>>>>>>
2025-01-16 20:52:17,513 : INFO : SwitchController : <<<<<<< 's_left_flipper' active >>>>>>>
2025-01-16 20:52:17,513 : INFO : EventManager : Event: ======'s_left_flipper_active'====== Args={}
2025-01-16 20:52:17,514 : INFO : EventManager : Event: ======'item_highlighted'====== Args={'carousel': 'attract', 'direction': 'backwards', 'item': 'dtp_logo'}
2025-01-16 20:52:17,514 : INFO : EventManager : Event: ======'timer_attract_switch_tick'====== Args={'ticks': 0, 'ticks_remaining': 1}
2025-01-16 20:52:17,563 : INFO : SwitchController : <<<<<<< 's_left_flipper' inactive >>>>>>>
2025-01-16 20:52:17,663 : INFO : SwitchController : <<<<<<< 's_left_flipper' active >>>>>>>
2025-01-16 20:52:17,663 : INFO : EventManager : Event: ======'s_left_flipper_active'====== Args={}
2025-01-16 20:52:17,663 : INFO : EventManager : Event: ======'item_highlighted'====== Args={'carousel': 'attract', 'direction': 'backwards', 'item': 'mpf_logo'}
2025-01-16 20:52:17,664 : INFO : EventManager : Event: ======'timer_attract_switch_tick'====== Args={'ticks': 0, 'ticks_remaining': 1}
2025-01-16 20:52:17,730 : INFO : SwitchController : <<<<<<< 's_left_flipper' inactive >>>>>>>
2025-01-16 20:52:17,830 : INFO : SwitchController : <<<<<<< 's_left_flipper' active >>>>>>>
2025-01-16 20:52:17,830 : INFO : EventManager : Event: ======'s_left_flipper_active'====== Args={}
2025-01-16 20:52:17,830 : INFO : EventManager : Event: ======'item_highlighted'====== Args={'carousel': 'attract', 'direction': 'backwards', 'item': 'last_scores_1p'}
2025-01-16 20:52:17,830 : INFO : EventManager : Event: ======'timer_attract_switch_tick'====== Args={'ticks': 0, 'ticks_remaining': 1}
2025-01-16 20:52:17,898 : INFO : SwitchController : <<<<<<< 's_left_flipper' inactive >>>>>>>
2025-01-16 20:52:17,997 : INFO : SwitchController : <<<<<<< 's_left_flipper' active >>>>>>>
2025-01-16 20:52:17,997 : INFO : EventManager : Event: ======'s_left_flipper_active'====== Args={}
2025-01-16 20:52:17,997 : INFO : EventManager : Event: ======'item_highlighted'====== Args={'carousel': 'attract', 'direction': 'backwards', 'item': 'credits'}
2025-01-16 20:52:17,997 : INFO : EventManager : Event: ======'timer_attract_switch_tick'====== Args={'ticks': 0, 'ticks_remaining': 1}
2025-01-16 20:52:18,064 : INFO : SwitchController : <<<<<<< 's_left_flipper' inactive >>>>>>>
2025-01-16 20:52:18,182 : INFO : SwitchController : <<<<<<< 's_left_flipper' active >>>>>>>
2025-01-16 20:52:18,182 : INFO : EventManager : Event: ======'s_left_flipper_active'====== Args={}
2025-01-16 20:52:18,182 : INFO : EventManager : Event: ======'item_highlighted'====== Args={'carousel': 'attract', 'direction': 'backwards', 'item': 'alamo_champ'}
2025-01-16 20:52:18,182 : INFO : EventManager : Event: ======'timer_attract_switch_tick'====== Args={'ticks': 0, 'ticks_remaining': 1}
2025-01-16 20:52:18,247 : INFO : SwitchController : <<<<<<< 's_left_flipper' inactive >>>>>>>
2025-01-16 20:52:18,364 : INFO : SwitchController : <<<<<<< 's_left_flipper' active >>>>>>>
2025-01-16 20:52:18,364 : INFO : EventManager : Event: ======'s_left_flipper_active'====== Args={}
2025-01-16 20:52:18,364 : INFO : EventManager : Event: ======'item_highlighted'====== Args={'carousel': 'attract', 'direction': 'backwards', 'item': 'scores'}
2025-01-16 20:52:18,365 : INFO : EventManager : Event: ======'timer_attract_switch_tick'====== Args={'ticks': 0, 'ticks_remaining': 1}
2025-01-16 20:52:18,413 : INFO : SwitchController : <<<<<<< 's_left_flipper' inactive >>>>>>>
2025-01-16 20:52:18,531 : INFO : SwitchController : <<<<<<< 's_left_flipper' active >>>>>>>
2025-01-16 20:52:18,531 : INFO : EventManager : Event: ======'s_left_flipper_active'====== Args={}
2025-01-16 20:52:18,531 : INFO : EventManager : Event: ======'item_highlighted'====== Args={'carousel': 'attract', 'direction': 'backwards', 'item': 'king_of_the_hill'}
2025-01-16 20:52:18,531 : INFO : EventManager : Event: ======'timer_attract_switch_tick'====== Args={'ticks': 0, 'ticks_remaining': 1}
2025-01-16 20:52:18,597 : INFO : SwitchController : <<<<<<< 's_left_flipper' inactive >>>>>>>
2025-01-16 20:52:18,697 : INFO : SwitchController : <<<<<<< 's_left_flipper' active >>>>>>>
2025-01-16 20:52:18,697 : INFO : EventManager : Event: ======'s_left_flipper_active'====== Args={}
2025-01-16 20:52:18,697 : INFO : EventManager : Event: ======'item_highlighted'====== Args={'carousel': 'attract', 'direction': 'backwards', 'item': 'koth_intro'}
2025-01-16 20:52:18,698 : INFO : EventManager : Event: ======'timer_attract_switch_tick'====== Args={'ticks': 0, 'ticks_remaining': 1}
2025-01-16 20:52:18,763 : INFO : SwitchController : <<<<<<< 's_left_flipper' inactive >>>>>>>
2025-01-16 20:52:18,864 : INFO : SwitchController : <<<<<<< 's_left_flipper' active >>>>>>>
2025-01-16 20:52:18,864 : INFO : EventManager : Event: ======'s_left_flipper_active'====== Args={}
2025-01-16 20:52:18,864 : INFO : EventManager : Event: ======'item_highlighted'====== Args={'carousel': 'attract', 'direction': 'backwards', 'item': 'dtp_logo'}
2025-01-16 20:52:18,864 : INFO : EventManager : Event: ======'timer_attract_switch_tick'====== Args={'ticks': 0, 'ticks_remaining': 1}
2025-01-16 20:52:18,930 : INFO : SwitchController : <<<<<<< 's_left_flipper' inactive >>>>>>>
2025-01-16 20:52:19,030 : INFO : SwitchController : <<<<<<< 's_left_flipper' active >>>>>>>
2025-01-16 20:52:19,031 : INFO : EventManager : Event: ======'s_left_flipper_active'====== Args={}
2025-01-16 20:52:19,031 : INFO : EventManager : Event: ======'item_highlighted'====== Args={'carousel': 'attract', 'direction': 'backwards', 'item': 'mpf_logo'}
2025-01-16 20:52:19,031 : INFO : EventManager : Event: ======'timer_attract_switch_tick'====== Args={'ticks': 0, 'ticks_remaining': 1}
2025-01-16 20:52:19,097 : INFO : SwitchController : <<<<<<< 's_left_flipper' inactive >>>>>>>
2025-01-16 20:52:19,201 : INFO : SwitchController : <<<<<<< 's_left_flipper' active >>>>>>>
2025-01-16 20:52:19,201 : INFO : EventManager : Event: ======'s_left_flipper_active'====== Args={}
2025-01-16 20:52:19,201 : INFO : EventManager : Event: ======'item_highlighted'====== Args={'carousel': 'attract', 'direction': 'backwards', 'item': 'last_scores_1p'}
2025-01-16 20:52:19,201 : INFO : EventManager : Event: ======'timer_attract_switch_tick'====== Args={'ticks': 0, 'ticks_remaining': 1}
2025-01-16 20:52:19,263 : INFO : SwitchController : <<<<<<< 's_left_flipper' inactive >>>>>>>
2025-01-16 20:52:19,364 : INFO : SwitchController : <<<<<<< 's_left_flipper' active >>>>>>>
2025-01-16 20:52:19,364 : INFO : EventManager : Event: ======'s_left_flipper_active'====== Args={}
2025-01-16 20:52:19,364 : INFO : EventManager : Event: ======'item_highlighted'====== Args={'carousel': 'attract', 'direction': 'backwards', 'item': 'credits'}
2025-01-16 20:52:19,364 : INFO : EventManager : Event: ======'timer_attract_switch_tick'====== Args={'ticks': 0, 'ticks_remaining': 1}
2025-01-16 20:52:19,430 : INFO : SwitchController : <<<<<<< 's_left_flipper' inactive >>>>>>>
2025-01-16 20:52:19,514 : INFO : SwitchController : <<<<<<< 's_left_flipper' active >>>>>>>
2025-01-16 20:52:19,514 : INFO : EventManager : Event: ======'s_left_flipper_active'====== Args={}
2025-01-16 20:52:19,514 : INFO : EventManager : Event: ======'item_highlighted'====== Args={'carousel': 'attract', 'direction': 'backwards', 'item': 'alamo_champ'}
2025-01-16 20:52:19,514 : INFO : EventManager : Event: ======'timer_attract_switch_tick'====== Args={'ticks': 0, 'ticks_remaining': 1}
2025-01-16 20:52:19,580 : INFO : SwitchController : <<<<<<< 's_left_flipper' inactive >>>>>>>
2025-01-16 20:52:19,697 : INFO : SwitchController : <<<<<<< 's_left_flipper' active >>>>>>>
2025-01-16 20:52:19,697 : INFO : EventManager : Event: ======'s_left_flipper_active'====== Args={}
2025-01-16 20:52:19,698 : INFO : EventManager : Event: ======'item_highlighted'====== Args={'carousel': 'attract', 'direction': 'backwards', 'item': 'scores'}
2025-01-16 20:52:19,698 : INFO : EventManager : Event: ======'timer_attract_switch_tick'====== Args={'ticks': 0, 'ticks_remaining': 1}
2025-01-16 20:52:19,730 : INFO : SwitchController : <<<<<<< 's_left_flipper' inactive >>>>>>>
2025-01-16 20:52:19,847 : INFO : SwitchController : <<<<<<< 's_left_flipper' active >>>>>>>
2025-01-16 20:52:19,847 : INFO : EventManager : Event: ======'s_left_flipper_active'====== Args={}
2025-01-16 20:52:19,847 : INFO : EventManager : Event: ======'item_highlighted'====== Args={'carousel': 'attract', 'direction': 'backwards', 'item': 'king_of_the_hill'}
2025-01-16 20:52:19,847 : INFO : EventManager : Event: ======'timer_attract_switch_tick'====== Args={'ticks': 0, 'ticks_remaining': 1}
2025-01-16 20:52:19,930 : INFO : SwitchController : <<<<<<< 's_left_flipper' inactive >>>>>>>
2025-01-16 20:52:20,014 : INFO : SwitchController : <<<<<<< 's_left_flipper' active >>>>>>>
2025-01-16 20:52:20,014 : INFO : EventManager : Event: ======'s_left_flipper_active'====== Args={}
2025-01-16 20:52:20,014 : INFO : EventManager : Event: ======'item_highlighted'====== Args={'carousel': 'attract', 'direction': 'backwards', 'item': 'koth_intro'}
2025-01-16 20:52:20,015 : INFO : EventManager : Event: ======'timer_attract_switch_tick'====== Args={'ticks': 0, 'ticks_remaining': 1}
2025-01-16 20:52:20,097 : INFO : SwitchController : <<<<<<< 's_left_flipper' inactive >>>>>>>
2025-01-16 20:52:20,198 : INFO : SwitchController : <<<<<<< 's_left_flipper' active >>>>>>>
2025-01-16 20:52:20,198 : INFO : EventManager : Event: ======'s_left_flipper_active'====== Args={}
2025-01-16 20:52:20,198 : INFO : EventManager : Event: ======'item_highlighted'====== Args={'carousel': 'attract', 'direction': 'backwards', 'item': 'dtp_logo'}
2025-01-16 20:52:20,198 : INFO : EventManager : Event: ======'timer_attract_switch_tick'====== Args={'ticks': 0, 'ticks_remaining': 1}
2025-01-16 20:52:20,246 : INFO : SwitchController : <<<<<<< 's_left_flipper' inactive >>>>>>>
2025-01-16 20:52:20,364 : INFO : SwitchController : <<<<<<< 's_left_flipper' active >>>>>>>
2025-01-16 20:52:20,364 : INFO : EventManager : Event: ======'s_left_flipper_active'====== Args={}
2025-01-16 20:52:20,364 : INFO : EventManager : Event: ======'item_highlighted'====== Args={'carousel': 'attract', 'direction': 'backwards', 'item': 'mpf_logo'}
2025-01-16 20:52:20,364 : INFO : EventManager : Event: ======'timer_attract_switch_tick'====== Args={'ticks': 0, 'ticks_remaining': 1}
2025-01-16 20:52:20,413 : INFO : SwitchController : <<<<<<< 's_left_flipper' inactive >>>>>>>
2025-01-16 20:52:20,514 : INFO : SwitchController : <<<<<<< 's_left_flipper' active >>>>>>>
2025-01-16 20:52:20,514 : INFO : EventManager : Event: ======'s_left_flipper_active'====== Args={}
2025-01-16 20:52:20,514 : INFO : EventManager : Event: ======'item_highlighted'====== Args={'carousel': 'attract', 'direction': 'backwards', 'item': 'last_scores_1p'}
2025-01-16 20:52:20,514 : INFO : EventManager : Event: ======'timer_attract_switch_tick'====== Args={'ticks': 0, 'ticks_remaining': 1}
2025-01-16 20:52:20,580 : INFO : SwitchController : <<<<<<< 's_left_flipper' inactive >>>>>>>
2025-01-16 20:52:20,680 : INFO : SwitchController : <<<<<<< 's_left_flipper' active >>>>>>>
2025-01-16 20:52:20,680 : INFO : EventManager : Event: ======'s_left_flipper_active'====== Args={}
2025-01-16 20:52:20,681 : INFO : EventManager : Event: ======'item_highlighted'====== Args={'carousel': 'attract', 'direction': 'backwards', 'item': 'credits'}
2025-01-16 20:52:20,681 : INFO : EventManager : Event: ======'timer_attract_switch_tick'====== Args={'ticks': 0, 'ticks_remaining': 1}
2025-01-16 20:52:20,730 : INFO : SwitchController : <<<<<<< 's_left_flipper' inactive >>>>>>>
2025-01-16 20:52:20,847 : INFO : SwitchController : <<<<<<< 's_left_flipper' active >>>>>>>
2025-01-16 20:52:20,847 : INFO : EventManager : Event: ======'s_left_flipper_active'====== Args={}
2025-01-16 20:52:20,847 : INFO : EventManager : Event: ======'item_highlighted'====== Args={'carousel': 'attract', 'direction': 'backwards', 'item': 'alamo_champ'}
2025-01-16 20:52:20,848 : INFO : EventManager : Event: ======'timer_attract_switch_tick'====== Args={'ticks': 0, 'ticks_remaining': 1}
2025-01-16 20:52:20,913 : INFO : SwitchController : <<<<<<< 's_left_flipper' inactive >>>>>>>
2025-01-16 20:52:21,383 : INFO : SwitchController : <<<<<<< 's_left_flipper' active >>>>>>>
2025-01-16 20:52:21,383 : INFO : EventManager : Event: ======'s_left_flipper_active'====== Args={}
2025-01-16 20:52:21,384 : INFO : EventManager : Event: ======'item_highlighted'====== Args={'carousel': 'attract', 'direction': 'backwards', 'item': 'scores'}
2025-01-16 20:52:21,385 : INFO : EventManager : Event: ======'timer_attract_switch_tick'====== Args={'ticks': 0, 'ticks_remaining': 1}
2025-01-16 20:52:21,468 : INFO : SwitchController : <<<<<<< 's_left_flipper' inactive >>>>>>>
2025-01-16 20:52:21,782 : INFO : SwitchController : <<<<<<< 's_left_flipper' active >>>>>>>
2025-01-16 20:52:21,782 : INFO : EventManager : Event: ======'s_left_flipper_active'====== Args={}
2025-01-16 20:52:21,783 : INFO : EventManager : Event: ======'item_highlighted'====== Args={'carousel': 'attract', 'direction': 'backwards', 'item': 'king_of_the_hill'}
2025-01-16 20:52:21,784 : INFO : EventManager : Event: ======'timer_attract_switch_tick'====== Args={'ticks': 0, 'ticks_remaining': 1}
2025-01-16 20:52:21,863 : INFO : SwitchController : <<<<<<< 's_left_flipper' inactive >>>>>>>
2025-01-16 20:52:22,032 : INFO : SwitchController : <<<<<<< 's_left_flipper' active >>>>>>>
2025-01-16 20:52:22,032 : INFO : EventManager : Event: ======'s_left_flipper_active'====== Args={}
2025-01-16 20:52:22,032 : INFO : EventManager : Event: ======'item_highlighted'====== Args={'carousel': 'attract', 'direction': 'backwards', 'item': 'koth_intro'}
2025-01-16 20:52:22,033 : INFO : EventManager : Event: ======'timer_attract_switch_tick'====== Args={'ticks': 0, 'ticks_remaining': 1}
2025-01-16 20:52:22,097 : INFO : SwitchController : <<<<<<< 's_left_flipper' inactive >>>>>>>
2025-01-16 20:52:22,214 : INFO : SwitchController : <<<<<<< 's_left_flipper' active >>>>>>>
2025-01-16 20:52:22,214 : INFO : EventManager : Event: ======'s_left_flipper_active'====== Args={}
2025-01-16 20:52:22,214 : INFO : EventManager : Event: ======'item_highlighted'====== Args={'carousel': 'attract', 'direction': 'backwards', 'item': 'dtp_logo'}
2025-01-16 20:52:22,214 : INFO : EventManager : Event: ======'timer_attract_switch_tick'====== Args={'ticks': 0, 'ticks_remaining': 1}
2025-01-16 20:52:22,263 : INFO : SwitchController : <<<<<<< 's_left_flipper' inactive >>>>>>>
2025-01-16 20:52:22,364 : INFO : SwitchController : <<<<<<< 's_left_flipper' active >>>>>>>
2025-01-16 20:52:22,364 : INFO : EventManager : Event: ======'s_left_flipper_active'====== Args={}
2025-01-16 20:52:22,364 : INFO : EventManager : Event: ======'item_highlighted'====== Args={'carousel': 'attract', 'direction': 'backwards', 'item': 'mpf_logo'}
2025-01-16 20:52:22,364 : INFO : EventManager : Event: ======'timer_attract_switch_tick'====== Args={'ticks': 0, 'ticks_remaining': 1}
2025-01-16 20:52:22,430 : INFO : SwitchController : <<<<<<< 's_left_flipper' inactive >>>>>>>
2025-01-16 20:52:22,547 : INFO : SwitchController : <<<<<<< 's_left_flipper' active >>>>>>>
2025-01-16 20:52:22,547 : INFO : EventManager : Event: ======'s_left_flipper_active'====== Args={}
2025-01-16 20:52:22,548 : INFO : EventManager : Event: ======'item_highlighted'====== Args={'carousel': 'attract', 'direction': 'backwards', 'item': 'last_scores_1p'}
2025-01-16 20:52:22,548 : INFO : EventManager : Event: ======'timer_attract_switch_tick'====== Args={'ticks': 0, 'ticks_remaining': 1}
2025-01-16 20:52:22,647 : INFO : SwitchController : <<<<<<< 's_left_flipper' inactive >>>>>>>
2025-01-16 20:52:22,831 : INFO : SwitchController : <<<<<<< 's_left_flipper' active >>>>>>>
2025-01-16 20:52:22,831 : INFO : EventManager : Event: ======'s_left_flipper_active'====== Args={}
2025-01-16 20:52:22,831 : INFO : EventManager : Event: ======'item_highlighted'====== Args={'carousel': 'attract', 'direction': 'backwards', 'item': 'credits'}
2025-01-16 20:52:22,832 : INFO : EventManager : Event: ======'timer_attract_switch_tick'====== Args={'ticks': 0, 'ticks_remaining': 1}
2025-01-16 20:52:22,930 : INFO : SwitchController : <<<<<<< 's_left_flipper' inactive >>>>>>>
2025-01-16 20:52:23,915 : INFO : SwitchController : <<<<<<< 's_left_flipper' active >>>>>>>
2025-01-16 20:52:23,915 : INFO : EventManager : Event: ======'s_left_flipper_active'====== Args={}
2025-01-16 20:52:23,916 : INFO : EventManager : Event: ======'item_highlighted'====== Args={'carousel': 'attract', 'direction': 'backwards', 'item': 'alamo_champ'}
2025-01-16 20:52:23,917 : INFO : EventManager : Event: ======'timer_attract_switch_tick'====== Args={'ticks': 0, 'ticks_remaining': 1}
2025-01-16 20:52:24,064 : INFO : SwitchController : <<<<<<< 's_left_flipper' inactive >>>>>>>
2025-01-16 20:52:24,682 : INFO : SwitchController : <<<<<<< 's_left_flipper' active >>>>>>>
2025-01-16 20:52:24,682 : INFO : EventManager : Event: ======'s_left_flipper_active'====== Args={}
2025-01-16 20:52:24,683 : INFO : EventManager : Event: ======'item_highlighted'====== Args={'carousel': 'attract', 'direction': 'backwards', 'item': 'scores'}
2025-01-16 20:52:24,684 : INFO : EventManager : Event: ======'timer_attract_switch_tick'====== Args={'ticks': 0, 'ticks_remaining': 1}
2025-01-16 20:52:24,797 : INFO : SwitchController : <<<<<<< 's_left_flipper' inactive >>>>>>>
2025-01-16 20:52:25,082 : INFO : SwitchController : <<<<<<< 's_left_flipper' active >>>>>>>
2025-01-16 20:52:25,083 : INFO : EventManager : Event: ======'s_left_flipper_active'====== Args={}
2025-01-16 20:52:25,084 : INFO : EventManager : Event: ======'item_highlighted'====== Args={'carousel': 'attract', 'direction': 'backwards', 'item': 'king_of_the_hill'}
2025-01-16 20:52:25,084 : INFO : EventManager : Event: ======'timer_attract_switch_tick'====== Args={'ticks': 0, 'ticks_remaining': 1}
2025-01-16 20:52:25,163 : INFO : SwitchController : <<<<<<< 's_left_flipper' inactive >>>>>>>
2025-01-16 20:52:30,091 : INFO : Timer.attract_switch : Timer Complete
2025-01-16 20:52:30,094 : INFO : Timer.attract_switch : Stopping Timer
2025-01-16 20:52:30,097 : INFO : EventManager : Event: ======'timer_attract_switch_stopped'====== Args={'ticks': 1, 'ticks_remaining': 1}
2025-01-16 20:52:30,098 : INFO : EventManager : Event: ======'timer_attract_switch_complete'====== Args={'ticks': 1, 'ticks_remaining': 1}
2025-01-16 20:52:30,099 : INFO : EventManager : Event: ======'item_highlighted'====== Args={'carousel': 'attract', 'direction': 'forwards', 'item': 'scores'}
2025-01-16 20:52:30,100 : INFO : Timer.attract_switch : Starting Timer.
2025-01-16 20:52:30,100 : INFO : EventManager : Event: ======'timer_attract_switch_started'====== Args={'ticks': 0, 'ticks_remaining': 1}
2025-01-16 20:52:30,100 : INFO : EventManager : Event: ======'timer_attract_switch_tick'====== Args={'ticks': 0, 'ticks_remaining': 1}
2025-01-16 20:52:35,101 : INFO : Timer.attract_switch : Timer Complete
2025-01-16 20:52:35,101 : INFO : Timer.attract_switch : Stopping Timer
2025-01-16 20:52:35,101 : INFO : EventManager : Event: ======'timer_attract_switch_stopped'====== Args={'ticks': 1, 'ticks_remaining': 1}
2025-01-16 20:52:35,102 : INFO : EventManager : Event: ======'timer_attract_switch_complete'====== Args={'ticks': 1, 'ticks_remaining': 1}
2025-01-16 20:52:35,102 : INFO : EventManager : Event: ======'item_highlighted'====== Args={'carousel': 'attract', 'direction': 'forwards', 'item': 'alamo_champ'}
2025-01-16 20:52:35,103 : INFO : Timer.attract_switch : Starting Timer.
2025-01-16 20:52:35,103 : INFO : EventManager : Event: ======'timer_attract_switch_started'====== Args={'ticks': 0, 'ticks_remaining': 1}
2025-01-16 20:52:35,103 : INFO : EventManager : Event: ======'timer_attract_switch_tick'====== Args={'ticks': 0, 'ticks_remaining': 1}
2025-01-16 20:52:40,105 : INFO : Timer.attract_switch : Timer Complete
2025-01-16 20:52:40,105 : INFO : Timer.attract_switch : Stopping Timer
2025-01-16 20:52:40,105 : INFO : EventManager : Event: ======'timer_attract_switch_stopped'====== Args={'ticks': 1, 'ticks_remaining': 1}
2025-01-16 20:52:40,106 : INFO : EventManager : Event: ======'timer_attract_switch_complete'====== Args={'ticks': 1, 'ticks_remaining': 1}
2025-01-16 20:52:40,106 : INFO : EventManager : Event: ======'item_highlighted'====== Args={'carousel': 'attract', 'direction': 'forwards', 'item': 'credits'}
2025-01-16 20:52:40,107 : INFO : Timer.attract_switch : Starting Timer.
2025-01-16 20:52:40,107 : INFO : EventManager : Event: ======'timer_attract_switch_started'====== Args={'ticks': 0, 'ticks_remaining': 1}
2025-01-16 20:52:40,108 : INFO : EventManager : Event: ======'timer_attract_switch_tick'====== Args={'ticks': 0, 'ticks_remaining': 1}
2025-01-16 20:52:45,107 : INFO : Timer.attract_switch : Timer Complete
2025-01-16 20:52:45,108 : INFO : Timer.attract_switch : Stopping Timer
2025-01-16 20:52:45,108 : INFO : EventManager : Event: ======'timer_attract_switch_stopped'====== Args={'ticks': 1, 'ticks_remaining': 1}
2025-01-16 20:52:45,108 : INFO : EventManager : Event: ======'timer_attract_switch_complete'====== Args={'ticks': 1, 'ticks_remaining': 1}
2025-01-16 20:52:45,109 : INFO : EventManager : Event: ======'item_highlighted'====== Args={'carousel': 'attract', 'direction': 'forwards', 'item': 'last_scores_1p'}
2025-01-16 20:52:45,109 : INFO : Timer.attract_switch : Starting Timer.
2025-01-16 20:52:45,110 : INFO : EventManager : Event: ======'timer_attract_switch_started'====== Args={'ticks': 0, 'ticks_remaining': 1}
2025-01-16 20:52:45,110 : INFO : EventManager : Event: ======'timer_attract_switch_tick'====== Args={'ticks': 0, 'ticks_remaining': 1}
2025-01-16 20:52:50,111 : INFO : Timer.attract_switch : Timer Complete
2025-01-16 20:52:50,112 : INFO : Timer.attract_switch : Stopping Timer
2025-01-16 20:52:50,113 : INFO : EventManager : Event: ======'timer_attract_switch_stopped'====== Args={'ticks': 1, 'ticks_remaining': 1}
2025-01-16 20:52:50,114 : INFO : EventManager : Event: ======'timer_attract_switch_complete'====== Args={'ticks': 1, 'ticks_remaining': 1}
2025-01-16 20:52:50,116 : INFO : EventManager : Event: ======'item_highlighted'====== Args={'carousel': 'attract', 'direction': 'forwards', 'item': 'mpf_logo'}
2025-01-16 20:52:50,118 : INFO : Timer.attract_switch : Starting Timer.
2025-01-16 20:52:50,118 : INFO : EventManager : Event: ======'timer_attract_switch_started'====== Args={'ticks': 0, 'ticks_remaining': 1}
2025-01-16 20:52:50,119 : INFO : EventManager : Event: ======'timer_attract_switch_tick'====== Args={'ticks': 0, 'ticks_remaining': 1}
2025-01-16 20:52:51,789 : INFO : SwitchController : <<<<<<< 's_left_flipper' active >>>>>>>
2025-01-16 20:52:51,790 : INFO : EventManager : Event: ======'s_left_flipper_active'====== Args={}
2025-01-16 20:52:51,791 : INFO : EventManager : Event: ======'item_highlighted'====== Args={'carousel': 'attract', 'direction': 'backwards', 'item': 'last_scores_1p'}
2025-01-16 20:52:51,792 : INFO : EventManager : Event: ======'timer_attract_switch_tick'====== Args={'ticks': 0, 'ticks_remaining': 1}
2025-01-16 20:52:51,898 : INFO : SwitchController : <<<<<<< 's_left_flipper' inactive >>>>>>>
2025-01-16 20:52:52,066 : INFO : SwitchController : <<<<<<< 's_left_flipper' active >>>>>>>
2025-01-16 20:52:52,067 : INFO : EventManager : Event: ======'s_left_flipper_active'====== Args={}
2025-01-16 20:52:52,067 : INFO : EventManager : Event: ======'item_highlighted'====== Args={'carousel': 'attract', 'direction': 'backwards', 'item': 'credits'}
2025-01-16 20:52:52,068 : INFO : EventManager : Event: ======'timer_attract_switch_tick'====== Args={'ticks': 0, 'ticks_remaining': 1}
2025-01-16 20:52:52,148 : INFO : SwitchController : <<<<<<< 's_left_flipper' inactive >>>>>>>
2025-01-16 20:52:52,248 : INFO : SwitchController : <<<<<<< 's_left_flipper' active >>>>>>>
2025-01-16 20:52:52,248 : INFO : EventManager : Event: ======'s_left_flipper_active'====== Args={}
2025-01-16 20:52:52,248 : INFO : EventManager : Event: ======'item_highlighted'====== Args={'carousel': 'attract', 'direction': 'backwards', 'item': 'alamo_champ'}
2025-01-16 20:52:52,249 : INFO : EventManager : Event: ======'timer_attract_switch_tick'====== Args={'ticks': 0, 'ticks_remaining': 1}
2025-01-16 20:52:52,330 : INFO : SwitchController : <<<<<<< 's_left_flipper' inactive >>>>>>>
2025-01-16 20:52:52,448 : INFO : SwitchController : <<<<<<< 's_left_flipper' active >>>>>>>
2025-01-16 20:52:52,449 : INFO : EventManager : Event: ======'s_left_flipper_active'====== Args={}
2025-01-16 20:52:52,449 : INFO : EventManager : Event: ======'item_highlighted'====== Args={'carousel': 'attract', 'direction': 'backwards', 'item': 'scores'}
2025-01-16 20:52:52,449 : INFO : EventManager : Event: ======'timer_attract_switch_tick'====== Args={'ticks': 0, 'ticks_remaining': 1}
2025-01-16 20:52:52,515 : INFO : SwitchController : <<<<<<< 's_left_flipper' inactive >>>>>>>
2025-01-16 20:52:52,632 : INFO : SwitchController : <<<<<<< 's_left_flipper' active >>>>>>>
2025-01-16 20:52:52,632 : INFO : EventManager : Event: ======'s_left_flipper_active'====== Args={}
2025-01-16 20:52:52,632 : INFO : EventManager : Event: ======'item_highlighted'====== Args={'carousel': 'attract', 'direction': 'backwards', 'item': 'king_of_the_hill'}
2025-01-16 20:52:52,632 : INFO : EventManager : Event: ======'timer_attract_switch_tick'====== Args={'ticks': 0, 'ticks_remaining': 1}
2025-01-16 20:52:52,697 : INFO : SwitchController : <<<<<<< 's_left_flipper' inactive >>>>>>>
2025-01-16 20:52:52,782 : INFO : SwitchController : <<<<<<< 's_left_flipper' active >>>>>>>
2025-01-16 20:52:52,782 : INFO : EventManager : Event: ======'s_left_flipper_active'====== Args={}
2025-01-16 20:52:52,782 : INFO : EventManager : Event: ======'item_highlighted'====== Args={'carousel': 'attract', 'direction': 'backwards', 'item': 'koth_intro'}
2025-01-16 20:52:52,782 : INFO : EventManager : Event: ======'timer_attract_switch_tick'====== Args={'ticks': 0, 'ticks_remaining': 1}
2025-01-16 20:52:52,847 : INFO : SwitchController : <<<<<<< 's_left_flipper' inactive >>>>>>>
2025-01-16 20:52:52,949 : INFO : SwitchController : <<<<<<< 's_left_flipper' active >>>>>>>
2025-01-16 20:52:52,949 : INFO : EventManager : Event: ======'s_left_flipper_active'====== Args={}
2025-01-16 20:52:52,949 : INFO : EventManager : Event: ======'item_highlighted'====== Args={'carousel': 'attract', 'direction': 'backwards', 'item': 'dtp_logo'}
2025-01-16 20:52:52,949 : INFO : EventManager : Event: ======'timer_attract_switch_tick'====== Args={'ticks': 0, 'ticks_remaining': 1}
2025-01-16 20:52:53,014 : INFO : SwitchController : <<<<<<< 's_left_flipper' inactive >>>>>>>
2025-01-16 20:52:57,952 : INFO : Timer.attract_switch : Timer Complete
2025-01-16 20:52:57,954 : INFO : Timer.attract_switch : Stopping Timer
2025-01-16 20:52:57,957 : INFO : EventManager : Event: ======'timer_attract_switch_stopped'====== Args={'ticks': 1, 'ticks_remaining': 1}
2025-01-16 20:52:57,958 : INFO : EventManager : Event: ======'timer_attract_switch_complete'====== Args={'ticks': 1, 'ticks_remaining': 1}
2025-01-16 20:52:57,959 : INFO : EventManager : Event: ======'item_highlighted'====== Args={'carousel': 'attract', 'direction': 'forwards', 'item': 'koth_intro'}
2025-01-16 20:52:57,960 : INFO : Timer.attract_switch : Starting Timer.
2025-01-16 20:52:57,960 : INFO : EventManager : Event: ======'timer_attract_switch_started'====== Args={'ticks': 0, 'ticks_remaining': 1}
2025-01-16 20:52:57,960 : INFO : EventManager : Event: ======'timer_attract_switch_tick'====== Args={'ticks': 0, 'ticks_remaining': 1}
2025-01-16 20:52:58,466 : INFO : SwitchController : <<<<<<< 's_left_flipper' active >>>>>>>
2025-01-16 20:52:58,466 : INFO : EventManager : Event: ======'s_left_flipper_active'====== Args={}
2025-01-16 20:52:58,468 : INFO : EventManager : Event: ======'item_highlighted'====== Args={'carousel': 'attract', 'direction': 'backwards', 'item': 'dtp_logo'}
2025-01-16 20:52:58,468 : INFO : EventManager : Event: ======'timer_attract_switch_tick'====== Args={'ticks': 0, 'ticks_remaining': 1}
2025-01-16 20:52:58,582 : INFO : SwitchController : <<<<<<< 's_left_flipper' inactive >>>>>>>
2025-01-16 20:52:58,682 : INFO : SwitchController : <<<<<<< 's_left_flipper' active >>>>>>>
2025-01-16 20:52:58,682 : INFO : EventManager : Event: ======'s_left_flipper_active'====== Args={}
2025-01-16 20:52:58,683 : INFO : EventManager : Event: ======'item_highlighted'====== Args={'carousel': 'attract', 'direction': 'backwards', 'item': 'mpf_logo'}
2025-01-16 20:52:58,683 : INFO : EventManager : Event: ======'timer_attract_switch_tick'====== Args={'ticks': 0, 'ticks_remaining': 1}
2025-01-16 20:52:58,748 : INFO : SwitchController : <<<<<<< 's_left_flipper' inactive >>>>>>>
2025-01-16 20:52:58,865 : INFO : SwitchController : <<<<<<< 's_left_flipper' active >>>>>>>
2025-01-16 20:52:58,865 : INFO : EventManager : Event: ======'s_left_flipper_active'====== Args={}
2025-01-16 20:52:58,865 : INFO : EventManager : Event: ======'item_highlighted'====== Args={'carousel': 'attract', 'direction': 'backwards', 'item': 'last_scores_1p'}
2025-01-16 20:52:58,866 : INFO : EventManager : Event: ======'timer_attract_switch_tick'====== Args={'ticks': 0, 'ticks_remaining': 1}
2025-01-16 20:52:58,914 : INFO : SwitchController : <<<<<<< 's_left_flipper' inactive >>>>>>>
2025-01-16 20:52:59,032 : INFO : SwitchController : <<<<<<< 's_left_flipper' active >>>>>>>
2025-01-16 20:52:59,032 : INFO : EventManager : Event: ======'s_left_flipper_active'====== Args={}
2025-01-16 20:52:59,032 : INFO : EventManager : Event: ======'item_highlighted'====== Args={'carousel': 'attract', 'direction': 'backwards', 'item': 'credits'}
2025-01-16 20:52:59,032 : INFO : EventManager : Event: ======'timer_attract_switch_tick'====== Args={'ticks': 0, 'ticks_remaining': 1}
2025-01-16 20:52:59,098 : INFO : SwitchController : <<<<<<< 's_left_flipper' inactive >>>>>>>
2025-01-16 20:52:59,198 : INFO : SwitchController : <<<<<<< 's_left_flipper' active >>>>>>>
2025-01-16 20:52:59,199 : INFO : EventManager : Event: ======'s_left_flipper_active'====== Args={}
2025-01-16 20:52:59,199 : INFO : EventManager : Event: ======'item_highlighted'====== Args={'carousel': 'attract', 'direction': 'backwards', 'item': 'alamo_champ'}
2025-01-16 20:52:59,199 : INFO : EventManager : Event: ======'timer_attract_switch_tick'====== Args={'ticks': 0, 'ticks_remaining': 1}
2025-01-16 20:52:59,265 : INFO : SwitchController : <<<<<<< 's_left_flipper' inactive >>>>>>>
2025-01-16 20:52:59,381 : INFO : SwitchController : <<<<<<< 's_left_flipper' active >>>>>>>
2025-01-16 20:52:59,382 : INFO : EventManager : Event: ======'s_left_flipper_active'====== Args={}
2025-01-16 20:52:59,382 : INFO : EventManager : Event: ======'item_highlighted'====== Args={'carousel': 'attract', 'direction': 'backwards', 'item': 'scores'}
2025-01-16 20:52:59,382 : INFO : EventManager : Event: ======'timer_attract_switch_tick'====== Args={'ticks': 0, 'ticks_remaining': 1}
2025-01-16 20:52:59,448 : INFO : SwitchController : <<<<<<< 's_left_flipper' inactive >>>>>>>
2025-01-16 20:52:59,549 : INFO : SwitchController : <<<<<<< 's_left_flipper' active >>>>>>>
2025-01-16 20:52:59,549 : INFO : EventManager : Event: ======'s_left_flipper_active'====== Args={}
2025-01-16 20:52:59,549 : INFO : EventManager : Event: ======'item_highlighted'====== Args={'carousel': 'attract', 'direction': 'backwards', 'item': 'king_of_the_hill'}
2025-01-16 20:52:59,549 : INFO : EventManager : Event: ======'timer_attract_switch_tick'====== Args={'ticks': 0, 'ticks_remaining': 1}
2025-01-16 20:52:59,614 : INFO : SwitchController : <<<<<<< 's_left_flipper' inactive >>>>>>>
2025-01-16 20:52:59,698 : INFO : SwitchController : <<<<<<< 's_left_flipper' active >>>>>>>
2025-01-16 20:52:59,698 : INFO : EventManager : Event: ======'s_left_flipper_active'====== Args={}
2025-01-16 20:52:59,699 : INFO : EventManager : Event: ======'item_highlighted'====== Args={'carousel': 'attract', 'direction': 'backwards', 'item': 'koth_intro'}
2025-01-16 20:52:59,699 : INFO : EventManager : Event: ======'timer_attract_switch_tick'====== Args={'ticks': 0, 'ticks_remaining': 1}
2025-01-16 20:52:59,764 : INFO : SwitchController : <<<<<<< 's_left_flipper' inactive >>>>>>>
2025-01-16 20:52:59,849 : INFO : SwitchController : <<<<<<< 's_left_flipper' active >>>>>>>
2025-01-16 20:52:59,849 : INFO : EventManager : Event: ======'s_left_flipper_active'====== Args={}
2025-01-16 20:52:59,849 : INFO : EventManager : Event: ======'item_highlighted'====== Args={'carousel': 'attract', 'direction': 'backwards', 'item': 'dtp_logo'}
2025-01-16 20:52:59,849 : INFO : EventManager : Event: ======'timer_attract_switch_tick'====== Args={'ticks': 0, 'ticks_remaining': 1}
2025-01-16 20:52:59,915 : INFO : SwitchController : <<<<<<< 's_left_flipper' inactive >>>>>>>
2025-01-16 20:52:59,999 : INFO : SwitchController : <<<<<<< 's_left_flipper' active >>>>>>>
2025-01-16 20:52:59,999 : INFO : EventManager : Event: ======'s_left_flipper_active'====== Args={}
2025-01-16 20:52:59,999 : INFO : EventManager : Event: ======'item_highlighted'====== Args={'carousel': 'attract', 'direction': 'backwards', 'item': 'mpf_logo'}
2025-01-16 20:52:59,999 : INFO : EventManager : Event: ======'timer_attract_switch_tick'====== Args={'ticks': 0, 'ticks_remaining': 1}
2025-01-16 20:53:00,047 : INFO : SwitchController : <<<<<<< 's_left_flipper' inactive >>>>>>>
2025-01-16 20:53:00,132 : INFO : SwitchController : <<<<<<< 's_left_flipper' active >>>>>>>
2025-01-16 20:53:00,132 : INFO : EventManager : Event: ======'s_left_flipper_active'====== Args={}
2025-01-16 20:53:00,132 : INFO : EventManager : Event: ======'item_highlighted'====== Args={'carousel': 'attract', 'direction': 'backwards', 'item': 'last_scores_1p'}
2025-01-16 20:53:00,132 : INFO : EventManager : Event: ======'timer_attract_switch_tick'====== Args={'ticks': 0, 'ticks_remaining': 1}
2025-01-16 20:53:00,199 : INFO : SwitchController : <<<<<<< 's_left_flipper' inactive >>>>>>>
2025-01-16 20:53:02,532 : INFO : Machine : Shutting down...
2025-01-16 20:53:02,532 : INFO : EventManager : Event: ======'shutdown'====== Args={}
2025-01-16 20:53:02,533 : INFO : EventManager : Event: ======'mode_service_will_stop'====== Args={}
2025-01-16 20:53:02,534 : INFO : EventManager : Event: ======'mode_service_stopping'====== Args={}
2025-01-16 20:53:02,543 : INFO : Mode.service : Stopped.
2025-01-16 20:53:02,544 : INFO : EventManager : Event: ======'modes_active_modes_changed'====== Args={}
2025-01-16 20:53:02,545 : INFO : EventManager : Event: ======'mode_service_stopped'====== Args={}
2025-01-16 20:53:02,546 : INFO : EventManager : Event: ======'clear'====== Args={'key': 'service'}
2025-01-16 20:53:02,556 : INFO : root : MPF run loop ended.
