2025-01-09 21:56:45,135 : INFO : root : Loading config.
2025-01-09 21:56:45,137 : INFO : YamlMultifileConfigLoader : Machine config file #1: config.yaml
2025-01-09 21:56:45,137 : INFO : ConfigProcessor : Loading config from cache: /var/folders/sv/d29kcl5x50v7vt1n6xb5jsd40000gn/T/c166cef8060ffee16a35821bf698da85.mpf_cache
2025-01-09 21:56:45,167 : INFO : ConfigProcessor : Loading config from cache: /var/folders/sv/d29kcl5x50v7vt1n6xb5jsd40000gn/T/6b31c5ac6ecbad948994a8204ea6b05b.mpf_cache
2025-01-09 21:56:45,168 : INFO : ConfigProcessor : Loading config from cache: /var/folders/sv/d29kcl5x50v7vt1n6xb5jsd40000gn/T/fe612d1e66c8a96c19ba449d3748eeac.mpf_cache
2025-01-09 21:56:45,168 : INFO : ConfigProcessor : Loading config from cache: /var/folders/sv/d29kcl5x50v7vt1n6xb5jsd40000gn/T/6b31c5ac6ecbad948994a8204ea6b05b.mpf_cache
2025-01-09 21:56:45,168 : INFO : ConfigProcessor : Loading config from cache: /var/folders/sv/d29kcl5x50v7vt1n6xb5jsd40000gn/T/8765227693ecd961e0504502a81255e0.mpf_cache
2025-01-09 21:56:45,169 : INFO : ConfigProcessor : Loading config from cache: /var/folders/sv/d29kcl5x50v7vt1n6xb5jsd40000gn/T/b247728c74b4d81bcb2825e2b07062a7.mpf_cache
2025-01-09 21:56:45,169 : WARNING : ConfigProcessor : Config file in cache changed: /Users/nicktaseris/Desktop/Pinball/KOTH/modes/skillshot/config/skillshot.yaml
2025-01-09 21:56:45,169 : INFO : ConfigProcessor : Loading config from file /Users/nicktaseris/Desktop/Pinball/KOTH/modes/skillshot/config/skillshot.yaml.
2025-01-09 21:56:45,171 : INFO : ConfigProcessor : Loading config: /Users/nicktaseris/Desktop/Pinball/KOTH/modes/skillshot/config/skillshot.yaml
2025-01-09 21:56:45,171 : INFO : ConfigProcessor : Config file cache created: /var/folders/sv/d29kcl5x50v7vt1n6xb5jsd40000gn/T/f240f94f0b5d0f37ec4fd7571275a101.mpf_cache
2025-01-09 21:56:45,172 : INFO : ConfigProcessor : Loading config from cache: /var/folders/sv/d29kcl5x50v7vt1n6xb5jsd40000gn/T/6a2f50ed892485825cc04dc0a68eab9f.mpf_cache
2025-01-09 21:56:45,172 : INFO : ConfigProcessor : Loading config from cache: /var/folders/sv/d29kcl5x50v7vt1n6xb5jsd40000gn/T/d58c58eb9fd1a2dc27f8acd255fb3761.mpf_cache
2025-01-09 21:56:45,172 : INFO : ConfigProcessor : Loading config from cache: /var/folders/sv/d29kcl5x50v7vt1n6xb5jsd40000gn/T/07adfd310b3ef0e03c5cbc91527abb6c.mpf_cache
2025-01-09 21:56:45,172 : INFO : ConfigProcessor : Loading config from cache: /var/folders/sv/d29kcl5x50v7vt1n6xb5jsd40000gn/T/12bd5247c3bf989b919364bdb7829769.mpf_cache
2025-01-09 21:56:45,172 : INFO : ConfigProcessor : Loading config from cache: /var/folders/sv/d29kcl5x50v7vt1n6xb5jsd40000gn/T/362e08f51a1a1b7a0809dd52f9c83f83.mpf_cache
2025-01-09 21:56:45,173 : INFO : ConfigProcessor : Loading config from cache: /var/folders/sv/d29kcl5x50v7vt1n6xb5jsd40000gn/T/e0db17dd068fe6304aabdbeff00fac0d.mpf_cache
2025-01-09 21:56:45,173 : INFO : ConfigProcessor : Loading config from cache: /var/folders/sv/d29kcl5x50v7vt1n6xb5jsd40000gn/T/331d8d1a1bc190cae8c13495e1db372f.mpf_cache
2025-01-09 21:56:45,173 : INFO : ConfigProcessor : Loading config from cache: /var/folders/sv/d29kcl5x50v7vt1n6xb5jsd40000gn/T/d17a9ff77386e6f1439d0802ace1de07.mpf_cache
2025-01-09 21:56:45,173 : INFO : ConfigProcessor : Loading config from cache: /var/folders/sv/d29kcl5x50v7vt1n6xb5jsd40000gn/T/280fd64455d0d243a54ab4db98fbccbd.mpf_cache
2025-01-09 21:56:45,174 : INFO : ConfigProcessor : Loading config from cache: /var/folders/sv/d29kcl5x50v7vt1n6xb5jsd40000gn/T/0c0596ed8fbb40b6113901d21bdc0a39.mpf_cache
2025-01-09 21:56:45,174 : INFO : ConfigProcessor : Loading config from cache: /var/folders/sv/d29kcl5x50v7vt1n6xb5jsd40000gn/T/f521a0f834965d73920394ccceaa3c1c.mpf_cache
2025-01-09 21:56:45,174 : INFO : ConfigProcessor : Loading config from cache: /var/folders/sv/d29kcl5x50v7vt1n6xb5jsd40000gn/T/0fedc249e142fba0aaf46d9adc7061fa.mpf_cache
2025-01-09 21:56:45,174 : INFO : ConfigProcessor : Loading config from cache: /var/folders/sv/d29kcl5x50v7vt1n6xb5jsd40000gn/T/c57745b2fe399992c4aedf0209f8acc9.mpf_cache
2025-01-09 21:56:45,175 : INFO : ConfigProcessor : Loading config from cache: /var/folders/sv/d29kcl5x50v7vt1n6xb5jsd40000gn/T/4d7707f845442344c77faa09114dd414.mpf_cache
2025-01-09 21:56:45,175 : INFO : ConfigProcessor : Loading config from cache: /var/folders/sv/d29kcl5x50v7vt1n6xb5jsd40000gn/T/13b622eeb34cc558f4c171e6faf49f20.mpf_cache
2025-01-09 21:56:45,175 : INFO : ConfigProcessor : Loading config from cache: /var/folders/sv/d29kcl5x50v7vt1n6xb5jsd40000gn/T/897ffb6d77163469c302d894201d7081.mpf_cache
2025-01-09 21:56:45,176 : INFO : ConfigProcessor : Loading config from cache: /var/folders/sv/d29kcl5x50v7vt1n6xb5jsd40000gn/T/51caa30b8c50b4dd14ddbf8a263fb4c6.mpf_cache
2025-01-09 21:56:45,176 : INFO : ConfigProcessor : Loading config from cache: /var/folders/sv/d29kcl5x50v7vt1n6xb5jsd40000gn/T/aa4dd12681abd3ba3467de4d4b71c6b2.mpf_cache
2025-01-09 21:56:45,176 : INFO : ConfigProcessor : Loading config from cache: /var/folders/sv/d29kcl5x50v7vt1n6xb5jsd40000gn/T/edf8b775a93855f849af0e2eff0a7bac.mpf_cache
2025-01-09 21:56:45,176 : INFO : ConfigProcessor : Loading config from cache: /var/folders/sv/d29kcl5x50v7vt1n6xb5jsd40000gn/T/a8808f7c3567c8d62dc12e9ad7d55d7c.mpf_cache
2025-01-09 21:56:45,176 : INFO : ConfigProcessor : Loading config from cache: /var/folders/sv/d29kcl5x50v7vt1n6xb5jsd40000gn/T/9437faed8d9c330c56f3b67b3f9b149d.mpf_cache
2025-01-09 21:56:45,177 : INFO : ConfigProcessor : Loading config from cache: /var/folders/sv/d29kcl5x50v7vt1n6xb5jsd40000gn/T/4bb31ac09fad15f35aa3bae4975f2b4d.mpf_cache
2025-01-09 21:56:45,177 : INFO : ConfigProcessor : Loading config from cache: /var/folders/sv/d29kcl5x50v7vt1n6xb5jsd40000gn/T/171fa3edb78e87d39090f00e24afd7e5.mpf_cache
2025-01-09 21:56:45,177 : INFO : ConfigProcessor : Loading config from cache: /var/folders/sv/d29kcl5x50v7vt1n6xb5jsd40000gn/T/25ba7c654d8deda4806aeb2fbd125af4.mpf_cache
2025-01-09 21:56:45,177 : INFO : ConfigProcessor : Loading config from cache: /var/folders/sv/d29kcl5x50v7vt1n6xb5jsd40000gn/T/9fa0389f378ce1c32788b03da8e567a0.mpf_cache
2025-01-09 21:56:45,178 : INFO : ConfigProcessor : Loading config from cache: /var/folders/sv/d29kcl5x50v7vt1n6xb5jsd40000gn/T/b96db304cd478efed63e3ec3b65b1cc2.mpf_cache
2025-01-09 21:56:45,178 : INFO : ConfigProcessor : Loading config from cache: /var/folders/sv/d29kcl5x50v7vt1n6xb5jsd40000gn/T/33d9f9790ee2091d408aa4843fba1147.mpf_cache
2025-01-09 21:56:45,178 : INFO : ConfigProcessor : Loading config from cache: /var/folders/sv/d29kcl5x50v7vt1n6xb5jsd40000gn/T/0d34c9b949b098fdaf3a3edf77d8187b.mpf_cache
2025-01-09 21:56:45,179 : INFO : ConfigProcessor : Loading config from cache: /var/folders/sv/d29kcl5x50v7vt1n6xb5jsd40000gn/T/70cafd8f66e0fa5a10c29223c3e76f56.mpf_cache
2025-01-09 21:56:45,179 : INFO : ConfigProcessor : Loading config from cache: /var/folders/sv/d29kcl5x50v7vt1n6xb5jsd40000gn/T/1044f60e39cdd2646d0e1adc0cc2ebf9.mpf_cache
2025-01-09 21:56:45,180 : INFO : ConfigProcessor : Loading config from cache: /var/folders/sv/d29kcl5x50v7vt1n6xb5jsd40000gn/T/3230893c409a20e306ca451fa4be823d.mpf_cache
2025-01-09 21:56:45,180 : INFO : ConfigProcessor : Loading config from cache: /var/folders/sv/d29kcl5x50v7vt1n6xb5jsd40000gn/T/0b3582fe7cc46d8ee07a99f572d23c43.mpf_cache
2025-01-09 21:56:45,180 : INFO : ConfigProcessor : Loading config from cache: /var/folders/sv/d29kcl5x50v7vt1n6xb5jsd40000gn/T/3048ed2d7ea14eee3db896f6760aa474.mpf_cache
2025-01-09 21:56:45,180 : INFO : ConfigProcessor : Loading config from cache: /var/folders/sv/d29kcl5x50v7vt1n6xb5jsd40000gn/T/8a2c3f97a6f4b3c8d8764c54a0c5a10e.mpf_cache
2025-01-09 21:56:45,180 : INFO : ConfigProcessor : Loading config from cache: /var/folders/sv/d29kcl5x50v7vt1n6xb5jsd40000gn/T/c20811a1d17edfd1dcc92677afca03be.mpf_cache
2025-01-09 21:56:45,181 : INFO : ConfigProcessor : Loading config from cache: /var/folders/sv/d29kcl5x50v7vt1n6xb5jsd40000gn/T/a14a120665a0ee9fd8a6e22274033983.mpf_cache
2025-01-09 21:56:45,181 : INFO : ConfigProcessor : Loading config from cache: /var/folders/sv/d29kcl5x50v7vt1n6xb5jsd40000gn/T/984de704eb69e43ca43e84d7915bfa21.mpf_cache
2025-01-09 21:56:45,182 : INFO : ConfigProcessor : Loading config from cache: /var/folders/sv/d29kcl5x50v7vt1n6xb5jsd40000gn/T/e151291736403f63db558dae8f86b9a6.mpf_cache
2025-01-09 21:56:45,183 : INFO : ConfigProcessor : Loading config from cache: /var/folders/sv/d29kcl5x50v7vt1n6xb5jsd40000gn/T/81ffe1796583077c7101a9635dd90e73.mpf_cache
2025-01-09 21:56:45,184 : INFO : ConfigProcessor : Loading config from cache: /var/folders/sv/d29kcl5x50v7vt1n6xb5jsd40000gn/T/04bdadfa8d860a04250393efd361f045.mpf_cache
2025-01-09 21:56:45,184 : INFO : ConfigProcessor : Loading config from cache: /var/folders/sv/d29kcl5x50v7vt1n6xb5jsd40000gn/T/c82a0ecbb762ff6fe004ef757693d2ae.mpf_cache
2025-01-09 21:56:45,184 : INFO : ConfigProcessor : Loading config from cache: /var/folders/sv/d29kcl5x50v7vt1n6xb5jsd40000gn/T/3e9e76d166792f9c3bef3d1d86d97fda.mpf_cache
2025-01-09 21:56:45,184 : INFO : ConfigProcessor : Loading config from cache: /var/folders/sv/d29kcl5x50v7vt1n6xb5jsd40000gn/T/11a918d3152702ba265e96ad6f68ed20.mpf_cache
2025-01-09 21:56:45,184 : INFO : ConfigProcessor : Loading config from cache: /var/folders/sv/d29kcl5x50v7vt1n6xb5jsd40000gn/T/ceebadaab29f25c9a53ce189a8db5cf9.mpf_cache
2025-01-09 21:56:45,185 : INFO : ConfigProcessor : Loading config from cache: /var/folders/sv/d29kcl5x50v7vt1n6xb5jsd40000gn/T/6681071d88be12817abd471747b65be6.mpf_cache
2025-01-09 21:56:45,185 : INFO : ConfigProcessor : Loading config from cache: /var/folders/sv/d29kcl5x50v7vt1n6xb5jsd40000gn/T/53492c928c9d654d5ba799a04e08560b.mpf_cache
2025-01-09 21:56:45,185 : INFO : ConfigProcessor : Loading config from cache: /var/folders/sv/d29kcl5x50v7vt1n6xb5jsd40000gn/T/1e8810dd57719f59c36cb9385b8ab313.mpf_cache
2025-01-09 21:56:45,185 : INFO : ConfigProcessor : Loading config from cache: /var/folders/sv/d29kcl5x50v7vt1n6xb5jsd40000gn/T/8812b35d126cadc26bfacccaebddfdef.mpf_cache
2025-01-09 21:56:45,185 : INFO : ConfigProcessor : Loading config from cache: /var/folders/sv/d29kcl5x50v7vt1n6xb5jsd40000gn/T/46635530aad202ef48b5607c669ff431.mpf_cache
2025-01-09 21:56:45,185 : INFO : ConfigProcessor : Loading config from cache: /var/folders/sv/d29kcl5x50v7vt1n6xb5jsd40000gn/T/dd284709607c13b5639917a19b41209a.mpf_cache
2025-01-09 21:56:45,185 : INFO : ConfigProcessor : Loading config from cache: /var/folders/sv/d29kcl5x50v7vt1n6xb5jsd40000gn/T/1f7f726388b0fb87373e6b87caf6dbbb.mpf_cache
2025-01-09 21:56:45,186 : INFO : ConfigProcessor : Loading config from cache: /var/folders/sv/d29kcl5x50v7vt1n6xb5jsd40000gn/T/32dec9b6457646e42ac79bded55dc112.mpf_cache
2025-01-09 21:56:45,186 : INFO : ConfigProcessor : Loading config from cache: /var/folders/sv/d29kcl5x50v7vt1n6xb5jsd40000gn/T/7f1d27c5dd24f1449bd8f54a4b390edb.mpf_cache
2025-01-09 21:56:45,186 : INFO : ConfigProcessor : Loading config from cache: /var/folders/sv/d29kcl5x50v7vt1n6xb5jsd40000gn/T/15d17e02f4541cb81c0776f97b8db0a5.mpf_cache
2025-01-09 21:56:45,186 : INFO : ConfigProcessor : Loading config from cache: /var/folders/sv/d29kcl5x50v7vt1n6xb5jsd40000gn/T/0a9cb7260d26760274024f443d38cc22.mpf_cache
2025-01-09 21:56:45,187 : INFO : ConfigProcessor : Loading config from cache: /var/folders/sv/d29kcl5x50v7vt1n6xb5jsd40000gn/T/deb753c2acdccb3c49ddc8f2a7e04ee6.mpf_cache
2025-01-09 21:56:45,187 : INFO : ConfigProcessor : Loading config from cache: /var/folders/sv/d29kcl5x50v7vt1n6xb5jsd40000gn/T/4a90c06755c4a5beef2ee4c243f54397.mpf_cache
2025-01-09 21:56:45,188 : INFO : ConfigProcessor : Loading config from cache: /var/folders/sv/d29kcl5x50v7vt1n6xb5jsd40000gn/T/ba1b9abfe9d53ccae8b2ab8917566802.mpf_cache
2025-01-09 21:56:45,189 : INFO : ConfigProcessor : Loading config from cache: /var/folders/sv/d29kcl5x50v7vt1n6xb5jsd40000gn/T/3e4cfff95626fcb8283ee8bb46da8828.mpf_cache
2025-01-09 21:56:45,189 : INFO : ConfigProcessor : Loading config from cache: /var/folders/sv/d29kcl5x50v7vt1n6xb5jsd40000gn/T/957b0d5e59e31db1d21e3b27370e5cde.mpf_cache
2025-01-09 21:56:45,189 : INFO : Machine : Mission Pinball Framework Core Engine v0.80.0.dev6
2025-01-09 21:56:45,189 : INFO : Machine : Command line arguments: {'no_load_cache': False, 'create_config_cache': True, 'bcp': True, 'configfile': ['config.yaml'], 'force_assets_load': False, 'platform_integration_test': False, 'jsonlogging': False, 'logfile': 'logs/2025-01-09-21-56-45-mpf-Nicks-Air.lan.log', 'pause': False, 'production': False, 'text_ui': True, 'loglevel': 15, 'consoleloglevel': 20, 'force_platform': None, 'syslog_address': None, 'full_logfile_path': '/Users/nicktaseris/Desktop/Pinball/KOTH/logs/2025-01-09-21-56-45-mpf-Nicks-Air.lan.log'}
2025-01-09 21:56:45,189 : INFO : Machine : MPF path: /Users/nicktaseris/mpfenv/lib/python3.9/site-packages/mpf
2025-01-09 21:56:45,189 : INFO : Machine : Machine path: /Users/nicktaseris/Desktop/Pinball/KOTH
2025-01-09 21:56:45,189 : INFO : Machine : Platform: darwin
2025-01-09 21:56:45,189 : INFO : Machine : Python executable location: /Users/nicktaseris/mpfenv/bin/python3
2025-01-09 21:56:45,189 : INFO : Machine : Python version: 3.9.13 (64-bit)
2025-01-09 21:56:45,189 : INFO : Machine : Initializing MPF...
2025-01-09 21:56:45,224 : INFO : EventManager : Event: ======'machine_var_credits_string'====== Args={'value': 'FREE PLAY', 'prev_value': None, 'change': True}
2025-01-09 21:56:45,236 : INFO : EventManager : Event: ======'machine_var_master_volume'====== Args={'value': 0.8, 'prev_value': None, 'change': True}
2025-01-09 21:56:45,236 : INFO : EventManager : Event: ======'machine_var_player1_score'====== Args={'value': 90050, 'prev_value': None, 'change': True}
2025-01-09 21:56:45,236 : INFO : EventManager : Event: ======'machine_var_mpf_version'====== Args={'value': 'Mission Pinball Framework v0.80.0.dev6', 'prev_value': None, 'change': True}
2025-01-09 21:56:45,237 : INFO : EventManager : Event: ======'machine_var_mpf_extended_version'====== Args={'value': 'Mission Pinball Framework v0.80.0.dev6, Config version:6, Show version: 6, BCP version:1.1', 'prev_value': None, 'change': True}
2025-01-09 21:56:45,237 : INFO : EventManager : Event: ======'machine_var_python_version'====== Args={'value': '3.9.13', 'prev_value': None, 'change': True}
2025-01-09 21:56:45,246 : INFO : EventManager : Event: ======'machine_var_platform'====== Args={'value': 'macOS-12.1-arm64-arm-64bit', 'prev_value': None, 'change': True}
2025-01-09 21:56:45,246 : INFO : EventManager : Event: ======'machine_var_platform_system'====== Args={'value': 'Darwin', 'prev_value': None, 'change': True}
2025-01-09 21:56:45,246 : INFO : EventManager : Event: ======'machine_var_platform_release'====== Args={'value': '21.2.0', 'prev_value': None, 'change': True}
2025-01-09 21:56:45,246 : INFO : EventManager : Event: ======'machine_var_platform_version'====== Args={'value': 'Darwin Kernel Version 21.2.0: Sun Nov 28 20:29:10 PST 2021; root:xnu-8019.61.5~1/RELEASE_ARM64_T8101', 'prev_value': None, 'change': True}
2025-01-09 21:56:45,246 : INFO : EventManager : Event: ======'machine_var_platform_machine'====== Args={'value': 'arm64', 'prev_value': None, 'change': True}
2025-01-09 21:56:45,246 : INFO : EventManager : Event: ======'machine_var_log_file_path'====== Args={'value': '/Users/nicktaseris/Desktop/Pinball/KOTH/logs/2025-01-09-21-56-45-mpf-Nicks-Air.lan.log', 'prev_value': None, 'change': True}
2025-01-09 21:56:45,246 : INFO : EventManager : Event: ======'init_phase_1'====== Args={}
2025-01-09 21:56:45,275 : INFO : EventManager : Event: ======'drop_target_bank_strickland_bank_up'====== Args={}
2025-01-09 21:56:45,275 : INFO : EventManager : Event: ======'init_phase_2'====== Args={}
2025-01-09 21:56:45,276 : INFO : SwitchController : Found active switch: ('39', <Platform.SmartVirtual>) <switch.s_trough1>
2025-01-09 21:56:45,276 : INFO : SwitchController : Found active switch: ('40', <Platform.SmartVirtual>) <switch.s_trough2>
2025-01-09 21:56:45,276 : INFO : SwitchController : Found active switch: ('41', <Platform.SmartVirtual>) <switch.s_trough3>
2025-01-09 21:56:45,276 : INFO : SwitchController : Found active switch: ('42', <Platform.SmartVirtual>) <switch.s_trough4>
2025-01-09 21:56:45,276 : INFO : SwitchController : Found active switch: ('43', <Platform.SmartVirtual>) <switch.s_trough5>
2025-01-09 21:56:45,276 : INFO : SwitchController : Found active switch: ('44', <Platform.SmartVirtual>) <switch.s_trough6>
2025-01-09 21:56:45,286 : INFO : EventManager : Event: ======'machine_var_score1_label'====== Args={'value': 'KING OF THE HILL', 'prev_value': None, 'change': True}
2025-01-09 21:56:45,286 : INFO : EventManager : Event: ======'machine_var_score1_name'====== Args={'value': 'NJT', 'prev_value': None, 'change': True}
2025-01-09 21:56:45,286 : INFO : EventManager : Event: ======'machine_var_score1_value'====== Args={'value': 19991650, 'prev_value': None, 'change': True}
2025-01-09 21:56:45,286 : INFO : EventManager : Event: ======'machine_var_score2_label'====== Args={'value': 'HIGH SCORE 1', 'prev_value': None, 'change': True}
2025-01-09 21:56:45,286 : INFO : EventManager : Event: ======'machine_var_score2_name'====== Args={'value': 'NJT', 'prev_value': None, 'change': True}
2025-01-09 21:56:45,286 : INFO : EventManager : Event: ======'machine_var_score2_value'====== Args={'value': 14675650, 'prev_value': None, 'change': True}
2025-01-09 21:56:45,286 : INFO : EventManager : Event: ======'machine_var_score3_label'====== Args={'value': 'HIGH SCORE 2', 'prev_value': None, 'change': True}
2025-01-09 21:56:45,286 : INFO : EventManager : Event: ======'machine_var_score3_name'====== Args={'value': 'A', 'prev_value': None, 'change': True}
2025-01-09 21:56:45,286 : INFO : EventManager : Event: ======'machine_var_score3_value'====== Args={'value': 10400350, 'prev_value': None, 'change': True}
2025-01-09 21:56:45,286 : INFO : EventManager : Event: ======'machine_var_score4_label'====== Args={'value': 'HIGH SCORE 3', 'prev_value': None, 'change': True}
2025-01-09 21:56:45,286 : INFO : EventManager : Event: ======'machine_var_score4_name'====== Args={'value': 'HHH', 'prev_value': None, 'change': True}
2025-01-09 21:56:45,286 : INFO : EventManager : Event: ======'machine_var_score4_value'====== Args={'value': 10160200, 'prev_value': None, 'change': True}
2025-01-09 21:56:45,287 : INFO : EventManager : Event: ======'bcp_connection_attempt'====== Args={'name': 'local_display', 'host': 'localhost', 'port': 5050}
2025-01-09 21:56:45,287 : INFO : BCPClientSocket : Connecting BCP to 'local_display' at localhost:5050...
2025-01-09 21:56:45,292 : INFO : BCPClientSocket : Connected BCP to 'local_display' localhost:5050
2025-01-09 21:56:45,292 : INFO : EventManager : Event: ======'bcp_clients_connected'====== Args={}
2025-01-09 21:56:45,293 : INFO : ball_device.bd_trough : BCH: Initial count: 6
2025-01-09 21:56:45,293 : INFO : ball_device.bd_trough : State: idle
2025-01-09 21:56:45,293 : INFO : ball_device.bd_plunger : BCH: Initial count: 0
2025-01-09 21:56:45,294 : INFO : ball_device.bd_plunger : State: idle
2025-01-09 21:56:45,294 : INFO : ball_device.bd_scoop : BCH: Initial count: 0
2025-01-09 21:56:45,294 : INFO : ball_device.bd_scoop : State: idle
2025-01-09 21:56:45,299 : INFO : EventManager : Event: ======'init_phase_3'====== Args={}
2025-01-09 21:56:45,302 : INFO : EventManager : Event: ======'init_phase_4'====== Args={}
2025-01-09 21:56:45,302 : INFO : BallController : Initial balls found: 6
2025-01-09 21:56:45,303 : INFO : EventManager : Event: ======'machine_var_audits_events_game_ended'====== Args={'value': 40, 'prev_value': None, 'change': True}
2025-01-09 21:56:45,303 : INFO : EventManager : Event: ======'machine_var_audits_events_game_started'====== Args={'value': 1814, 'prev_value': None, 'change': True}
2025-01-09 21:56:45,303 : INFO : EventManager : Event: ======'machine_var_audits_missing_switches_s_a_target'====== Args={'value': 45, 'prev_value': None, 'change': True}
2025-01-09 21:56:45,303 : INFO : EventManager : Event: ======'machine_var_audits_missing_switches_s_bottom_inline_drop'====== Args={'value': 197, 'prev_value': None, 'change': True}
2025-01-09 21:56:45,303 : INFO : EventManager : Event: ======'machine_var_audits_missing_switches_s_bottom_pop_bumper'====== Args={'value': 29, 'prev_value': None, 'change': True}
2025-01-09 21:56:45,303 : INFO : EventManager : Event: ======'machine_var_audits_missing_switches_s_center_spinner'====== Args={'value': 82, 'prev_value': None, 'change': True}
2025-01-09 21:56:45,303 : INFO : EventManager : Event: ======'machine_var_audits_missing_switches_s_door_open'====== Args={'value': 392, 'prev_value': None, 'change': True}
2025-01-09 21:56:45,303 : INFO : EventManager : Event: ======'machine_var_audits_missing_switches_s_e_target'====== Args={'value': 45, 'prev_value': None, 'change': True}
2025-01-09 21:56:45,303 : INFO : EventManager : Event: ======'machine_var_audits_missing_switches_s_launch_button'====== Args={'value': 62, 'prev_value': None, 'change': True}
2025-01-09 21:56:45,303 : INFO : EventManager : Event: ======'machine_var_audits_missing_switches_s_left_inlane'====== Args={'value': 38, 'prev_value': None, 'change': True}
2025-01-09 21:56:45,303 : INFO : EventManager : Event: ======'machine_var_audits_missing_switches_s_left_inner_horseshoe'====== Args={'value': 195, 'prev_value': None, 'change': True}
2025-01-09 21:56:45,303 : INFO : EventManager : Event: ======'machine_var_audits_missing_switches_s_left_orbit_enter'====== Args={'value': 34, 'prev_value': None, 'change': True}
2025-01-09 21:56:45,303 : INFO : EventManager : Event: ======'machine_var_audits_missing_switches_s_left_orbit_exit'====== Args={'value': 82, 'prev_value': None, 'change': True}
2025-01-09 21:56:45,303 : INFO : EventManager : Event: ======'machine_var_audits_missing_switches_s_left_outlane'====== Args={'value': 38, 'prev_value': None, 'change': True}
2025-01-09 21:56:45,303 : INFO : EventManager : Event: ======'machine_var_audits_missing_switches_s_left_pop_bumper'====== Args={'value': 195, 'prev_value': None, 'change': True}
2025-01-09 21:56:45,303 : INFO : EventManager : Event: ======'machine_var_audits_missing_switches_s_left_ramp_enter'====== Args={'value': 283, 'prev_value': None, 'change': True}
2025-01-09 21:56:45,303 : INFO : EventManager : Event: ======'machine_var_audits_missing_switches_s_left_ramp_exit'====== Args={'value': 82, 'prev_value': None, 'change': True}
2025-01-09 21:56:45,304 : INFO : EventManager : Event: ======'machine_var_audits_missing_switches_s_left_ramp_standup'====== Args={'value': 34, 'prev_value': None, 'change': True}
2025-01-09 21:56:45,304 : INFO : EventManager : Event: ======'machine_var_audits_missing_switches_s_left_rollover_lane'====== Args={'value': 120, 'prev_value': None, 'change': True}
2025-01-09 21:56:45,304 : INFO : EventManager : Event: ======'machine_var_audits_missing_switches_s_left_sling'====== Args={'value': 215, 'prev_value': None, 'change': True}
2025-01-09 21:56:45,304 : INFO : EventManager : Event: ======'machine_var_audits_missing_switches_s_left_spinner'====== Args={'value': 34, 'prev_value': None, 'change': True}
2025-01-09 21:56:45,304 : INFO : EventManager : Event: ======'machine_var_audits_missing_switches_s_middle_inline_drop'====== Args={'value': 199, 'prev_value': None, 'change': True}
2025-01-09 21:56:45,304 : INFO : EventManager : Event: ======'machine_var_audits_missing_switches_s_middle_rollover_lane'====== Args={'value': 120, 'prev_value': None, 'change': True}
2025-01-09 21:56:45,304 : INFO : EventManager : Event: ======'machine_var_audits_missing_switches_s_n_target'====== Args={'value': 45, 'prev_value': None, 'change': True}
2025-01-09 21:56:45,304 : INFO : EventManager : Event: ======'machine_var_audits_missing_switches_s_o_target'====== Args={'value': 34, 'prev_value': None, 'change': True}
2025-01-09 21:56:45,304 : INFO : EventManager : Event: ======'machine_var_audits_missing_switches_s_p2_target'====== Args={'value': 45, 'prev_value': None, 'change': True}
2025-01-09 21:56:45,304 : INFO : EventManager : Event: ======'machine_var_audits_missing_switches_s_p_target'====== Args={'value': 34, 'prev_value': None, 'change': True}
2025-01-09 21:56:45,304 : INFO : EventManager : Event: ======'machine_var_audits_missing_switches_s_plunger_lane_exit'====== Args={'value': 11, 'prev_value': None, 'change': True}
2025-01-09 21:56:45,304 : INFO : EventManager : Event: ======'machine_var_audits_missing_switches_s_r_target'====== Args={'value': 34, 'prev_value': None, 'change': True}
2025-01-09 21:56:45,304 : INFO : EventManager : Event: ======'machine_var_audits_missing_switches_s_right_inlane'====== Args={'value': 38, 'prev_value': None, 'change': True}
2025-01-09 21:56:45,304 : INFO : EventManager : Event: ======'machine_var_audits_missing_switches_s_right_inner_horseshoe'====== Args={'value': 134, 'prev_value': None, 'change': True}
2025-01-09 21:56:45,304 : INFO : EventManager : Event: ======'machine_var_audits_missing_switches_s_right_orbit_exit'====== Args={'value': 82, 'prev_value': None, 'change': True}
2025-01-09 21:56:45,304 : INFO : EventManager : Event: ======'machine_var_audits_missing_switches_s_right_outlane'====== Args={'value': 38, 'prev_value': None, 'change': True}
2025-01-09 21:56:45,304 : INFO : EventManager : Event: ======'machine_var_audits_missing_switches_s_right_pop_bumper'====== Args={'value': 195, 'prev_value': None, 'change': True}
2025-01-09 21:56:45,304 : INFO : EventManager : Event: ======'machine_var_audits_missing_switches_s_right_ramp_enter'====== Args={'value': 500, 'prev_value': None, 'change': True}
2025-01-09 21:56:45,304 : INFO : EventManager : Event: ======'machine_var_audits_missing_switches_s_right_ramp_exit'====== Args={'value': 82, 'prev_value': None, 'change': True}
2025-01-09 21:56:45,304 : INFO : EventManager : Event: ======'machine_var_audits_missing_switches_s_right_ramp_standup'====== Args={'value': 118, 'prev_value': None, 'change': True}
2025-01-09 21:56:45,304 : INFO : EventManager : Event: ======'machine_var_audits_missing_switches_s_right_rollover_lane'====== Args={'value': 120, 'prev_value': None, 'change': True}
2025-01-09 21:56:45,305 : INFO : EventManager : Event: ======'machine_var_audits_missing_switches_s_right_sling'====== Args={'value': 564, 'prev_value': None, 'change': True}
2025-01-09 21:56:45,305 : INFO : EventManager : Event: ======'machine_var_audits_missing_switches_s_scoop'====== Args={'value': 35, 'prev_value': None, 'change': True}
2025-01-09 21:56:45,305 : INFO : EventManager : Event: ======'machine_var_audits_missing_switches_s_service_down'====== Args={'value': 392, 'prev_value': None, 'change': True}
2025-01-09 21:56:45,305 : INFO : EventManager : Event: ======'machine_var_audits_missing_switches_s_service_enter'====== Args={'value': 392, 'prev_value': None, 'change': True}
2025-01-09 21:56:45,305 : INFO : EventManager : Event: ======'machine_var_audits_missing_switches_s_service_esc'====== Args={'value': 392, 'prev_value': None, 'change': True}
2025-01-09 21:56:45,305 : INFO : EventManager : Event: ======'machine_var_audits_missing_switches_s_service_up'====== Args={'value': 392, 'prev_value': None, 'change': True}
2025-01-09 21:56:45,305 : INFO : EventManager : Event: ======'machine_var_audits_missing_switches_s_start'====== Args={'value': 17, 'prev_value': None, 'change': True}
2025-01-09 21:56:45,305 : INFO : EventManager : Event: ======'machine_var_audits_missing_switches_s_top_inline_drop'====== Args={'value': 201, 'prev_value': None, 'change': True}
2025-01-09 21:56:45,305 : INFO : EventManager : Event: ======'machine_var_audits_missing_switches_s_trough1'====== Args={'value': 124, 'prev_value': None, 'change': True}
2025-01-09 21:56:45,305 : INFO : EventManager : Event: ======'machine_var_audits_missing_switches_s_trough2'====== Args={'value': 201, 'prev_value': None, 'change': True}
2025-01-09 21:56:45,305 : INFO : EventManager : Event: ======'machine_var_audits_missing_switches_s_trough3'====== Args={'value': 201, 'prev_value': None, 'change': True}
2025-01-09 21:56:45,305 : INFO : EventManager : Event: ======'machine_var_audits_missing_switches_s_trough4'====== Args={'value': 1236, 'prev_value': None, 'change': True}
2025-01-09 21:56:45,305 : INFO : EventManager : Event: ======'machine_var_audits_missing_switches_s_trough5'====== Args={'value': 1769, 'prev_value': None, 'change': True}
2025-01-09 21:56:45,305 : INFO : EventManager : Event: ======'machine_var_audits_missing_switches_s_trough6'====== Args={'value': 13, 'prev_value': None, 'change': True}
2025-01-09 21:56:45,305 : INFO : EventManager : Event: ======'machine_var_audits_missing_switches_s_trough_jam'====== Args={'value': 1702, 'prev_value': None, 'change': True}
2025-01-09 21:56:45,305 : INFO : EventManager : Event: ======'machine_var_audits_player_score'====== Args={'value': {'average': 22142671, 'top': [132398600, 91250250, 68340100, 62250100, 49430150, 48340150, 40340150, 36245050, 36245050, 35245050], 'total': 42}, 'prev_value': None, 'change': True}
2025-01-09 21:56:45,305 : INFO : EventManager : Event: ======'machine_var_audits_shots_a_rollover_lane'====== Args={'value': 322, 'prev_value': None, 'change': True}
2025-01-09 21:56:45,305 : INFO : EventManager : Event: ======'machine_var_audits_shots_a_target'====== Args={'value': 7, 'prev_value': None, 'change': True}
2025-01-09 21:56:45,305 : INFO : EventManager : Event: ======'machine_var_audits_shots_ball_lock_a_target'====== Args={'value': 6, 'prev_value': None, 'change': True}
2025-01-09 21:56:45,306 : INFO : EventManager : Event: ======'machine_var_audits_shots_ball_lock_e_target'====== Args={'value': 5, 'prev_value': None, 'change': True}
2025-01-09 21:56:45,306 : INFO : EventManager : Event: ======'machine_var_audits_shots_ball_lock_n_target'====== Args={'value': 5, 'prev_value': None, 'change': True}
2025-01-09 21:56:45,306 : INFO : EventManager : Event: ======'machine_var_audits_shots_ball_lock_p2_target'====== Args={'value': 9, 'prev_value': None, 'change': True}
2025-01-09 21:56:45,306 : INFO : EventManager : Event: ======'machine_var_audits_shots_bottom_inline_drop'====== Args={'value': 149, 'prev_value': None, 'change': True}
2025-01-09 21:56:45,306 : INFO : EventManager : Event: ======'machine_var_audits_shots_e_target'====== Args={'value': 3, 'prev_value': None, 'change': True}
2025-01-09 21:56:45,306 : INFO : EventManager : Event: ======'machine_var_audits_shots_h_rollover_lane'====== Args={'value': 280, 'prev_value': None, 'change': True}
2025-01-09 21:56:45,306 : INFO : EventManager : Event: ======'machine_var_audits_shots_k_rollover_lane'====== Args={'value': 277, 'prev_value': None, 'change': True}
2025-01-09 21:56:45,306 : INFO : EventManager : Event: ======'machine_var_audits_shots_left_pop_bumper'====== Args={'value': 237, 'prev_value': None, 'change': True}
2025-01-09 21:56:45,306 : INFO : EventManager : Event: ======'machine_var_audits_shots_left_rollover_lane'====== Args={'value': 243, 'prev_value': None, 'change': True}
2025-01-09 21:56:45,306 : INFO : EventManager : Event: ======'machine_var_audits_shots_middle_inline_drop'====== Args={'value': 102, 'prev_value': None, 'change': True}
2025-01-09 21:56:45,306 : INFO : EventManager : Event: ======'machine_var_audits_shots_middle_rollover_lane'====== Args={'value': 230, 'prev_value': None, 'change': True}
2025-01-09 21:56:45,306 : INFO : EventManager : Event: ======'machine_var_audits_shots_mode_scoop'====== Args={'value': 472, 'prev_value': None, 'change': True}
2025-01-09 21:56:45,306 : INFO : EventManager : Event: ======'machine_var_audits_shots_n_rollover_lane'====== Args={'value': 284, 'prev_value': None, 'change': True}
2025-01-09 21:56:45,306 : INFO : EventManager : Event: ======'machine_var_audits_shots_n_target'====== Args={'value': 9, 'prev_value': None, 'change': True}
2025-01-09 21:56:45,306 : INFO : EventManager : Event: ======'machine_var_audits_shots_o_target'====== Args={'value': 4, 'prev_value': None, 'change': True}
2025-01-09 21:56:45,306 : INFO : EventManager : Event: ======'machine_var_audits_shots_p2_target'====== Args={'value': 5, 'prev_value': None, 'change': True}
2025-01-09 21:56:45,306 : INFO : EventManager : Event: ======'machine_var_audits_shots_p_target'====== Args={'value': 8, 'prev_value': None, 'change': True}
2025-01-09 21:56:45,306 : INFO : EventManager : Event: ======'machine_var_audits_shots_qualify_a_target'====== Args={'value': 7, 'prev_value': None, 'change': True}
2025-01-09 21:56:45,306 : INFO : EventManager : Event: ======'machine_var_audits_shots_qualify_e_target'====== Args={'value': 8, 'prev_value': None, 'change': True}
2025-01-09 21:56:45,306 : INFO : EventManager : Event: ======'machine_var_audits_shots_qualify_n_target'====== Args={'value': 7, 'prev_value': None, 'change': True}
2025-01-09 21:56:45,307 : INFO : EventManager : Event: ======'machine_var_audits_shots_qualify_o_target'====== Args={'value': 1045, 'prev_value': None, 'change': True}
2025-01-09 21:56:45,307 : INFO : EventManager : Event: ======'machine_var_audits_shots_qualify_p2_target'====== Args={'value': 9, 'prev_value': None, 'change': True}
2025-01-09 21:56:45,307 : INFO : EventManager : Event: ======'machine_var_audits_shots_qualify_p_target'====== Args={'value': 975, 'prev_value': None, 'change': True}
2025-01-09 21:56:45,307 : INFO : EventManager : Event: ======'machine_var_audits_shots_qualify_r_target'====== Args={'value': 968, 'prev_value': None, 'change': True}
2025-01-09 21:56:45,307 : INFO : EventManager : Event: ======'machine_var_audits_shots_r_target'====== Args={'value': 14, 'prev_value': None, 'change': True}
2025-01-09 21:56:45,307 : INFO : EventManager : Event: ======'machine_var_audits_shots_rainey_multiball_ball_lock_a_target'====== Args={'value': 276, 'prev_value': None, 'change': True}
2025-01-09 21:56:45,307 : INFO : EventManager : Event: ======'machine_var_audits_shots_rainey_multiball_ball_lock_e_target'====== Args={'value': 252, 'prev_value': None, 'change': True}
2025-01-09 21:56:45,307 : INFO : EventManager : Event: ======'machine_var_audits_shots_rainey_multiball_ball_lock_n_target'====== Args={'value': 256, 'prev_value': None, 'change': True}
2025-01-09 21:56:45,307 : INFO : EventManager : Event: ======'machine_var_audits_shots_rainey_multiball_ball_lock_p2_target'====== Args={'value': 392, 'prev_value': None, 'change': True}
2025-01-09 21:56:45,307 : INFO : EventManager : Event: ======'machine_var_audits_shots_right_pop_bumper'====== Args={'value': 333, 'prev_value': None, 'change': True}
2025-01-09 21:56:45,307 : INFO : EventManager : Event: ======'machine_var_audits_shots_right_rollover_lane'====== Args={'value': 240, 'prev_value': None, 'change': True}
2025-01-09 21:56:45,307 : INFO : EventManager : Event: ======'machine_var_audits_shots_scoop'====== Args={'value': 285, 'prev_value': None, 'change': True}
2025-01-09 21:56:45,307 : INFO : EventManager : Event: ======'machine_var_audits_shots_scoop_mission_select'====== Args={'value': 57, 'prev_value': None, 'change': True}
2025-01-09 21:56:45,307 : INFO : EventManager : Event: ======'machine_var_audits_shots_shot_1_duke'====== Args={'value': 18, 'prev_value': None, 'change': True}
2025-01-09 21:56:45,307 : INFO : EventManager : Event: ======'machine_var_audits_shots_shot_2_duke'====== Args={'value': 3, 'prev_value': None, 'change': True}
2025-01-09 21:56:45,307 : INFO : EventManager : Event: ======'machine_var_audits_shots_shot_3_duke'====== Args={'value': 40, 'prev_value': None, 'change': True}
2025-01-09 21:56:45,307 : INFO : EventManager : Event: ======'machine_var_audits_shots_shot_4_duke'====== Args={'value': 6, 'prev_value': None, 'change': True}
2025-01-09 21:56:45,307 : INFO : EventManager : Event: ======'machine_var_audits_shots_shot_5_duke'====== Args={'value': 24, 'prev_value': None, 'change': True}
2025-01-09 21:56:45,307 : INFO : EventManager : Event: ======'machine_var_audits_shots_shot_beercan_right_ramp'====== Args={'value': 8, 'prev_value': None, 'change': True}
2025-01-09 21:56:45,307 : INFO : EventManager : Event: ======'machine_var_audits_shots_shot_center_spinner_heat'====== Args={'value': 59, 'prev_value': None, 'change': True}
2025-01-09 21:56:45,308 : INFO : EventManager : Event: ======'machine_var_audits_shots_shot_left_orbit_heat'====== Args={'value': 328, 'prev_value': None, 'change': True}
2025-01-09 21:56:45,308 : INFO : EventManager : Event: ======'machine_var_audits_shots_shot_left_ramp'====== Args={'value': 639, 'prev_value': None, 'change': True}
2025-01-09 21:56:45,308 : INFO : EventManager : Event: ======'machine_var_audits_shots_shot_left_ramp_heat'====== Args={'value': 71, 'prev_value': None, 'change': True}
2025-01-09 21:56:45,308 : INFO : EventManager : Event: ======'machine_var_audits_shots_shot_right_orbit_heat'====== Args={'value': 55, 'prev_value': None, 'change': True}
2025-01-09 21:56:45,308 : INFO : EventManager : Event: ======'machine_var_audits_shots_shot_right_ramp'====== Args={'value': 480, 'prev_value': None, 'change': True}
2025-01-09 21:56:45,308 : INFO : EventManager : Event: ======'machine_var_audits_shots_shot_right_ramp_heat'====== Args={'value': 59, 'prev_value': None, 'change': True}
2025-01-09 21:56:45,308 : INFO : EventManager : Event: ======'machine_var_audits_shots_skillshot_a_target'====== Args={'value': 117, 'prev_value': None, 'change': True}
2025-01-09 21:56:45,308 : INFO : EventManager : Event: ======'machine_var_audits_shots_skillshot_e_target'====== Args={'value': 97, 'prev_value': None, 'change': True}
2025-01-09 21:56:45,308 : INFO : EventManager : Event: ======'machine_var_audits_shots_skillshot_n_target'====== Args={'value': 88, 'prev_value': None, 'change': True}
2025-01-09 21:56:45,308 : INFO : EventManager : Event: ======'machine_var_audits_shots_skillshot_o_target'====== Args={'value': 197, 'prev_value': None, 'change': True}
2025-01-09 21:56:45,308 : INFO : EventManager : Event: ======'machine_var_audits_shots_skillshot_p2_target'====== Args={'value': 217, 'prev_value': None, 'change': True}
2025-01-09 21:56:45,308 : INFO : EventManager : Event: ======'machine_var_audits_shots_skillshot_p_target'====== Args={'value': 521, 'prev_value': None, 'change': True}
2025-01-09 21:56:45,308 : INFO : EventManager : Event: ======'machine_var_audits_shots_skillshot_r_target'====== Args={'value': 189, 'prev_value': None, 'change': True}
2025-01-09 21:56:45,308 : INFO : EventManager : Event: ======'machine_var_audits_shots_spinner'====== Args={'value': 11, 'prev_value': None, 'change': True}
2025-01-09 21:56:45,308 : INFO : EventManager : Event: ======'machine_var_audits_shots_super_jackpot_collect'====== Args={'value': 57, 'prev_value': None, 'change': True}
2025-01-09 21:56:45,308 : INFO : EventManager : Event: ======'machine_var_audits_shots_top_inline_drop'====== Args={'value': 61, 'prev_value': None, 'change': True}
2025-01-09 21:56:45,308 : INFO : EventManager : Event: ======'machine_var_audits_switches_s_a_target'====== Args={'value': 404, 'prev_value': None, 'change': True}
2025-01-09 21:56:45,308 : INFO : EventManager : Event: ======'machine_var_audits_switches_s_bottom_inline_drop'====== Args={'value': 1171, 'prev_value': None, 'change': True}
2025-01-09 21:56:45,308 : INFO : EventManager : Event: ======'machine_var_audits_switches_s_bottom_pop_bumper'====== Args={'value': 931, 'prev_value': None, 'change': True}
2025-01-09 21:56:45,309 : INFO : EventManager : Event: ======'machine_var_audits_switches_s_center_spinner'====== Args={'value': 735, 'prev_value': None, 'change': True}
2025-01-09 21:56:45,309 : INFO : EventManager : Event: ======'machine_var_audits_switches_s_door_open'====== Args={'value': 0, 'prev_value': None, 'change': True}
2025-01-09 21:56:45,309 : INFO : EventManager : Event: ======'machine_var_audits_switches_s_e_target'====== Args={'value': 385, 'prev_value': None, 'change': True}
2025-01-09 21:56:45,309 : INFO : EventManager : Event: ======'machine_var_audits_switches_s_launch_button'====== Args={'value': 11, 'prev_value': None, 'change': True}
2025-01-09 21:56:45,309 : INFO : EventManager : Event: ======'machine_var_audits_switches_s_left_flipper'====== Args={'value': 1042, 'prev_value': None, 'change': True}
2025-01-09 21:56:45,309 : INFO : EventManager : Event: ======'machine_var_audits_switches_s_left_inlane'====== Args={'value': 333, 'prev_value': None, 'change': True}
2025-01-09 21:56:45,309 : INFO : EventManager : Event: ======'machine_var_audits_switches_s_left_inner_horseshoe'====== Args={'value': 31, 'prev_value': None, 'change': True}
2025-01-09 21:56:45,309 : INFO : EventManager : Event: ======'machine_var_audits_switches_s_left_orbit_enter'====== Args={'value': 183, 'prev_value': None, 'change': True}
2025-01-09 21:56:45,309 : INFO : EventManager : Event: ======'machine_var_audits_switches_s_left_orbit_exit'====== Args={'value': 453, 'prev_value': None, 'change': True}
2025-01-09 21:56:45,309 : INFO : EventManager : Event: ======'machine_var_audits_switches_s_left_outlane'====== Args={'value': 306, 'prev_value': None, 'change': True}
2025-01-09 21:56:45,309 : INFO : EventManager : Event: ======'machine_var_audits_switches_s_left_pop_bumper'====== Args={'value': 267, 'prev_value': None, 'change': True}
2025-01-09 21:56:45,309 : INFO : EventManager : Event: ======'machine_var_audits_switches_s_left_ramp_enter'====== Args={'value': 48, 'prev_value': None, 'change': True}
2025-01-09 21:56:45,309 : INFO : EventManager : Event: ======'machine_var_audits_switches_s_left_ramp_exit'====== Args={'value': 754, 'prev_value': None, 'change': True}
2025-01-09 21:56:45,310 : INFO : EventManager : Event: ======'machine_var_audits_switches_s_left_ramp_standup'====== Args={'value': 4399, 'prev_value': None, 'change': True}
2025-01-09 21:56:45,310 : INFO : EventManager : Event: ======'machine_var_audits_switches_s_left_rollover_lane'====== Args={'value': 248, 'prev_value': None, 'change': True}
2025-01-09 21:56:45,310 : INFO : EventManager : Event: ======'machine_var_audits_switches_s_left_sling'====== Args={'value': 14, 'prev_value': None, 'change': True}
2025-01-09 21:56:45,310 : INFO : EventManager : Event: ======'machine_var_audits_switches_s_left_spinner'====== Args={'value': 633, 'prev_value': None, 'change': True}
2025-01-09 21:56:45,310 : INFO : EventManager : Event: ======'machine_var_audits_switches_s_middle_inline_drop'====== Args={'value': 1106, 'prev_value': None, 'change': True}
2025-01-09 21:56:45,310 : INFO : EventManager : Event: ======'machine_var_audits_switches_s_middle_rollover_lane'====== Args={'value': 233, 'prev_value': None, 'change': True}
2025-01-09 21:56:45,310 : INFO : EventManager : Event: ======'machine_var_audits_switches_s_n_target'====== Args={'value': 378, 'prev_value': None, 'change': True}
2025-01-09 21:56:45,310 : INFO : EventManager : Event: ======'machine_var_audits_switches_s_o_target'====== Args={'value': 1153, 'prev_value': None, 'change': True}
2025-01-09 21:56:45,310 : INFO : EventManager : Event: ======'machine_var_audits_switches_s_p2_target'====== Args={'value': 477, 'prev_value': None, 'change': True}
2025-01-09 21:56:45,310 : INFO : EventManager : Event: ======'machine_var_audits_switches_s_p_target'====== Args={'value': 1652, 'prev_value': None, 'change': True}
2025-01-09 21:56:45,310 : INFO : EventManager : Event: ======'machine_var_audits_switches_s_plunger'====== Args={'value': 2419, 'prev_value': None, 'change': True}
2025-01-09 21:56:45,310 : INFO : EventManager : Event: ======'machine_var_audits_switches_s_plunger_lane'====== Args={'value': 39, 'prev_value': None, 'change': True}
2025-01-09 21:56:45,310 : INFO : EventManager : Event: ======'machine_var_audits_switches_s_plunger_lane_exit'====== Args={'value': 1992, 'prev_value': None, 'change': True}
2025-01-09 21:56:45,310 : INFO : EventManager : Event: ======'machine_var_audits_switches_s_r_target'====== Args={'value': 1056, 'prev_value': None, 'change': True}
2025-01-09 21:56:45,310 : INFO : EventManager : Event: ======'machine_var_audits_switches_s_right_flipper'====== Args={'value': 3236, 'prev_value': None, 'change': True}
2025-01-09 21:56:45,310 : INFO : EventManager : Event: ======'machine_var_audits_switches_s_right_inlane'====== Args={'value': 293, 'prev_value': None, 'change': True}
2025-01-09 21:56:45,310 : INFO : EventManager : Event: ======'machine_var_audits_switches_s_right_inner_horseshoe'====== Args={'value': 38, 'prev_value': None, 'change': True}
2025-01-09 21:56:45,310 : INFO : EventManager : Event: ======'machine_var_audits_switches_s_right_orbit_exit'====== Args={'value': 105, 'prev_value': None, 'change': True}
2025-01-09 21:56:45,311 : INFO : EventManager : Event: ======'machine_var_audits_switches_s_right_outlane'====== Args={'value': 285, 'prev_value': None, 'change': True}
2025-01-09 21:56:45,311 : INFO : EventManager : Event: ======'machine_var_audits_switches_s_right_pop_bumper'====== Args={'value': 400, 'prev_value': None, 'change': True}
2025-01-09 21:56:45,311 : INFO : EventManager : Event: ======'machine_var_audits_switches_s_right_ramp_enter'====== Args={'value': 20, 'prev_value': None, 'change': True}
2025-01-09 21:56:45,311 : INFO : EventManager : Event: ======'machine_var_audits_switches_s_right_ramp_exit'====== Args={'value': 564, 'prev_value': None, 'change': True}
2025-01-09 21:56:45,311 : INFO : EventManager : Event: ======'machine_var_audits_switches_s_right_ramp_standup'====== Args={'value': 353, 'prev_value': None, 'change': True}
2025-01-09 21:56:45,311 : INFO : EventManager : Event: ======'machine_var_audits_switches_s_right_rollover_lane'====== Args={'value': 254, 'prev_value': None, 'change': True}
2025-01-09 21:56:45,311 : INFO : EventManager : Event: ======'machine_var_audits_switches_s_right_sling'====== Args={'value': 22, 'prev_value': None, 'change': True}
2025-01-09 21:56:45,311 : INFO : EventManager : Event: ======'machine_var_audits_switches_s_scoop'====== Args={'value': 1428, 'prev_value': None, 'change': True}
2025-01-09 21:56:45,311 : INFO : EventManager : Event: ======'machine_var_audits_switches_s_service_down'====== Args={'value': 0, 'prev_value': None, 'change': True}
2025-01-09 21:56:45,311 : INFO : EventManager : Event: ======'machine_var_audits_switches_s_service_enter'====== Args={'value': 0, 'prev_value': None, 'change': True}
2025-01-09 21:56:45,311 : INFO : EventManager : Event: ======'machine_var_audits_switches_s_service_esc'====== Args={'value': 0, 'prev_value': None, 'change': True}
2025-01-09 21:56:45,311 : INFO : EventManager : Event: ======'machine_var_audits_switches_s_service_up'====== Args={'value': 0, 'prev_value': None, 'change': True}
2025-01-09 21:56:45,311 : INFO : EventManager : Event: ======'machine_var_audits_switches_s_start'====== Args={'value': 1397, 'prev_value': None, 'change': True}
2025-01-09 21:56:45,311 : INFO : EventManager : Event: ======'machine_var_audits_switches_s_top_inline_drop'====== Args={'value': 111, 'prev_value': None, 'change': True}
2025-01-09 21:56:45,311 : INFO : EventManager : Event: ======'machine_var_audits_switches_s_trough1'====== Args={'value': 677, 'prev_value': None, 'change': True}
2025-01-09 21:56:45,311 : INFO : EventManager : Event: ======'machine_var_audits_switches_s_trough2'====== Args={'value': 85, 'prev_value': None, 'change': True}
2025-01-09 21:56:45,311 : INFO : EventManager : Event: ======'machine_var_audits_switches_s_trough3'====== Args={'value': 106, 'prev_value': None, 'change': True}
2025-01-09 21:56:45,312 : INFO : EventManager : Event: ======'machine_var_audits_switches_s_trough4'====== Args={'value': 3, 'prev_value': None, 'change': True}
2025-01-09 21:56:45,312 : INFO : EventManager : Event: ======'machine_var_audits_switches_s_trough5'====== Args={'value': 2, 'prev_value': None, 'change': True}
2025-01-09 21:56:45,312 : INFO : EventManager : Event: ======'machine_var_audits_switches_s_trough6'====== Args={'value': 2, 'prev_value': None, 'change': True}
2025-01-09 21:56:45,312 : INFO : EventManager : Event: ======'machine_var_audits_switches_s_trough_jam'====== Args={'value': 5, 'prev_value': None, 'change': True}
2025-01-09 21:56:45,312 : INFO : EventManager : Event: ======'init_phase_5'====== Args={}
2025-01-09 21:56:45,316 : INFO : EventManager : Event: ======'init_done'====== Args={}
2025-01-09 21:56:45,316 : INFO : EventManager : Event: ======'machine_reset_phase_1'====== Args={}
2025-01-09 21:56:45,320 : INFO : EventManager : Event: ======'machine_reset_phase_2'====== Args={}
2025-01-09 21:56:45,320 : INFO : EventManager : Event: ======'machine_reset_phase_3'====== Args={}
2025-01-09 21:56:45,320 : INFO : drop_target_bank.strickland_bank : All targets are already up. Will not reset bank.
2025-01-09 21:56:45,320 : INFO : EventManager : Event: ======'reset_complete'====== Args={}
2025-01-09 21:56:45,320 : INFO : EventManager : Event: ======'mode_service_will_start'====== Args={}
2025-01-09 21:56:45,321 : INFO : EventManager : Event: ======'mode_service_starting'====== Args={}
2025-01-09 21:56:45,321 : INFO : EventManager : Event: ======'mode_attract_will_start'====== Args={}
2025-01-09 21:56:45,321 : INFO : Timer.attract_switch : Starting Timer.
2025-01-09 21:56:45,321 : INFO : EventManager : Event: ======'timer_attract_switch_started'====== Args={'ticks': 0, 'ticks_remaining': 1}
2025-01-09 21:56:45,321 : INFO : EventManager : Event: ======'timer_attract_switch_tick'====== Args={'ticks': 0, 'ticks_remaining': 1}
2025-01-09 21:56:45,321 : INFO : EventManager : Event: ======'mode_attract_starting'====== Args={}
2025-01-09 21:56:45,321 : INFO : Mode.attract : Started. Priority: 10
2025-01-09 21:56:45,321 : INFO : EventManager : Event: ======'modes_active_modes_changed'====== Args={}
2025-01-09 21:56:45,321 : INFO : EventManager : Event: ======'mode_attract_started'====== Args={}
2025-01-09 21:56:45,322 : INFO : EventManager : Event: ======'collecting_balls_complete'====== Args={}
2025-01-09 21:56:45,322 : INFO : EventManager : Event: ======'item_highlighted'====== Args={'carousel': 'attract', 'direction': None, 'item': 'mpf_logo'}
2025-01-09 21:56:45,322 : INFO : EventManager : Event: ======'timer_attract_switch_tick'====== Args={'ticks': 0, 'ticks_remaining': 1}
2025-01-09 21:56:45,322 : INFO : Mode.service : Started. Priority: 100000
2025-01-09 21:56:45,322 : INFO : EventManager : Event: ======'modes_active_modes_changed'====== Args={}
2025-01-09 21:56:45,322 : INFO : EventManager : Event: ======'mode_service_started'====== Args={}
2025-01-09 21:56:45,323 : INFO : Machine : Starting the main run loop with active modes: [<Mode.service>, <Mode.attract>]
2025-01-09 21:56:45,443 : INFO : EventManager : Event: ======'slide_attract_created'====== Args={'_from_bcp': True}
2025-01-09 21:56:45,443 : INFO : EventManager : Event: ======'slide__removed'====== Args={'_from_bcp': True}
2025-01-09 21:56:45,443 : INFO : EventManager : Event: ======'slide_attract_active'====== Args={'original_context': 'attract', 'original_calling_context': 'mode_attract_started', 'priority': 10.0, 'cmd': 'slides_play', '_from_bcp': True}
2025-01-09 21:56:45,446 : INFO : EventManager : Event: ======'widget_press_start_active'====== Args={'original_context': 'attract', 'original_calling_context': 'mode_attract_started', 'priority': 10.0, 'cmd': 'widgets_play', '_from_bcp': True}
2025-01-09 21:56:46,009 : INFO : SwitchController : <<<<<<< 's_start' active >>>>>>>
2025-01-09 21:56:46,009 : INFO : EventManager : Event: ======'s_start_active'====== Args={}
2025-01-09 21:56:46,010 : INFO : EventManager : Event: ======'sw_add_player'====== Args={'priority': 0}
2025-01-09 21:56:46,028 : INFO : BcpServer : New client connected.
2025-01-09 21:56:46,131 : INFO : SwitchController : <<<<<<< 's_start' inactive >>>>>>>
2025-01-09 21:56:46,132 : INFO : EventManager : Event: ======'sw_start_inactive'====== Args={}
2025-01-09 21:56:46,133 : INFO : EventManager : Event: ======'request_to_start_game'====== Args={}
2025-01-09 21:56:46,134 : INFO : EventManager : Event: ======'game_start'====== Args={'buttons': [], 'hold_time': 0.12294804199999998}
2025-01-09 21:56:46,134 : INFO : EventManager : Event: ======'mode_game_will_start'====== Args={'buttons': [], 'hold_time': 0.12294804199999998}
2025-01-09 21:56:46,135 : INFO : EventManager : Event: ======'mode_game_starting'====== Args={'buttons': [], 'hold_time': 0.12294804199999998}
2025-01-09 21:56:46,136 : INFO : EventManager : Event: ======'mode_attract_will_stop'====== Args={}
2025-01-09 21:56:46,136 : INFO : EventManager : Event: ======'mode_attract_stopping'====== Args={}
2025-01-09 21:56:46,137 : INFO : Mode.attract : Stopped.
2025-01-09 21:56:46,137 : INFO : EventManager : Event: ======'modes_active_modes_changed'====== Args={}
2025-01-09 21:56:46,138 : INFO : EventManager : Event: ======'mode_attract_stopped'====== Args={}
2025-01-09 21:56:46,139 : INFO : EventManager : Event: ======'clear'====== Args={'key': 'attract'}
2025-01-09 21:56:46,139 : INFO : Timer.attract_switch : Stopping Timer
2025-01-09 21:56:46,140 : INFO : EventManager : Event: ======'timer_attract_switch_stopped'====== Args={'ticks': 0, 'ticks_remaining': 1}
2025-01-09 21:56:46,140 : INFO : Mode.game : Started. Priority: 20
2025-01-09 21:56:46,140 : INFO : EventManager : Event: ======'modes_active_modes_changed'====== Args={}
2025-01-09 21:56:46,140 : INFO : EventManager : Event: ======'mode_game_started'====== Args={'buttons': [], 'hold_time': 0.12294804199999998}
2025-01-09 21:56:46,141 : INFO : EventManager : Event: ======'game_will_start'====== Args={}
2025-01-09 21:56:46,144 : INFO : EventManager : Event: ======'game_starting'====== Args={'game': <Mode.game>}
2025-01-09 21:56:46,153 : INFO : EventManager : Unordered handler for class <Auditor> on event game_ended with priority 1. Handlers: [RegisteredHandler(callback=<bound method Auditor.disable of <Auditor>>, priority=1, kwargs={}, key=UUID('02eb5184-175d-49bf-9c1e-c63870be0d01'), condition=None, blocking_facility=None), RegisteredHandler(callback=<bound method Auditor._save_audits of <Auditor>>, priority=1, kwargs={}, key=UUID('fdaff211-8ee5-49dc-8716-208adb81c4e8'), condition=None, blocking_facility=None)]. The order of those handlers is not defined and they will be executed in random order. This might lead to race conditions and potential bugs.
2025-01-09 21:56:46,153 : INFO : EventManager : Event: ======'player_add_request'====== Args={}
2025-01-09 21:56:46,154 : INFO : EventManager : Event: ======'player_will_add'====== Args={'number': 1}
2025-01-09 21:56:46,154 : INFO : EventManager : Event: ======'player_adding'====== Args={'player': <Player 1>, 'number': 1}
2025-01-09 21:56:46,154 : INFO : EventManager : Event: ======'player_added'====== Args={'player': <Player 1>, 'num': 1}
2025-01-09 21:56:46,155 : INFO : Mode.game : Player added successfully. Total players: 1
2025-01-09 21:56:46,155 : INFO : EventManager : Event: ======'player_index'====== Args={'value': 0, 'prev_value': 0, 'change': 0, 'player_num': 1}
2025-01-09 21:56:46,155 : INFO : EventManager : Event: ======'player_number'====== Args={'value': 1, 'prev_value': 1, 'change': 0, 'player_num': 1}
2025-01-09 21:56:46,156 : INFO : EventManager : Event: ======'player_score'====== Args={'value': 0, 'prev_value': 0, 'change': 0, 'player_num': 1}
2025-01-09 21:56:46,157 : INFO : EventManager : Event: ======'game_started'====== Args={}
2025-01-09 21:56:46,157 : INFO : EventManager : Event: ======'player_turn_will_start'====== Args={'player': <Player 1>, 'number': 1}
2025-01-09 21:56:46,157 : INFO : EventManager : Event: ======'player_turn_starting'====== Args={'player': <Player 1>, 'number': 1}
2025-01-09 21:56:46,158 : INFO : EventManager : Event: ======'player_ball'====== Args={'value': 1, 'prev_value': 0, 'change': 1, 'player_num': 1}
2025-01-09 21:56:46,158 : INFO : EventManager : Event: ======'player_turn_started'====== Args={'player': <Player 1>, 'number': 1}
2025-01-09 21:56:46,159 : INFO : EventManager : Event: ======'ball_will_start'====== Args={'player': 1, 'ball': 1, 'balls_remaining': 2, 'is_extra_ball': False}
2025-01-09 21:56:46,159 : INFO : EventManager : Event: ======'mode_intro_will_start'====== Args={'player': 1, 'ball': 1, 'balls_remaining': 2, 'is_extra_ball': False}
2025-01-09 21:56:46,160 : INFO : EventManager : Event: ======'mode_intro_starting'====== Args={'player': 1, 'ball': 1, 'balls_remaining': 2, 'is_extra_ball': False}
2025-01-09 21:56:46,160 : INFO : EventManager : Event: ======'mode_skillshot_will_start'====== Args={'player': 1, 'ball': 1, 'balls_remaining': 2, 'is_extra_ball': False}
2025-01-09 21:56:46,160 : INFO : EventManager : Event: ======'skillshot_complete'====== Args={'state': 'None'}
2025-01-09 21:56:46,160 : INFO : EventManager : Event: ======'skillshot_None_complete'====== Args={}
2025-01-09 21:56:46,161 : INFO : EventManager : Event: ======'player_shot_skillshot_p_target_enabled'====== Args={'value': True, 'prev_value': 0, 'change': 1, 'player_num': 1}
2025-01-09 21:56:46,162 : INFO : EventManager : Event: ======'player_shot_skillshot_r_target_enabled'====== Args={'value': True, 'prev_value': 0, 'change': 1, 'player_num': 1}
2025-01-09 21:56:46,162 : INFO : EventManager : Event: ======'player_shot_skillshot_o_target_enabled'====== Args={'value': True, 'prev_value': 0, 'change': 1, 'player_num': 1}
2025-01-09 21:56:46,163 : INFO : EventManager : Event: ======'player_shot_skillshot_p2_target_enabled'====== Args={'value': True, 'prev_value': 0, 'change': 1, 'player_num': 1}
2025-01-09 21:56:46,163 : INFO : EventManager : Event: ======'player_shot_skillshot_a_target_enabled'====== Args={'value': True, 'prev_value': 0, 'change': 1, 'player_num': 1}
2025-01-09 21:56:46,163 : INFO : EventManager : Event: ======'player_shot_skillshot_n_target_enabled'====== Args={'value': True, 'prev_value': 0, 'change': 1, 'player_num': 1}
2025-01-09 21:56:46,164 : INFO : EventManager : Event: ======'player_shot_skillshot_e_target_enabled'====== Args={'value': True, 'prev_value': 0, 'change': 1, 'player_num': 1}
2025-01-09 21:56:46,164 : INFO : EventManager : Event: ======'player_skillshot_skillshot_rotate_tick'====== Args={'value': 0, 'prev_value': 0, 'change': 0, 'player_num': 1}
2025-01-09 21:56:46,165 : INFO : Timer.skillshot_rotate : Starting Timer.
2025-01-09 21:56:46,165 : INFO : EventManager : Event: ======'timer_skillshot_rotate_started'====== Args={'ticks': 0, 'ticks_remaining': 0}
2025-01-09 21:56:46,165 : INFO : EventManager : Event: ======'timer_skillshot_rotate_tick'====== Args={'ticks': 0, 'ticks_remaining': 0}
2025-01-09 21:56:46,165 : INFO : EventManager : Event: ======'player_skillshot_arlen_intro_timer_tick'====== Args={'value': 16, 'prev_value': 0, 'change': 16, 'player_num': 1}
2025-01-09 21:56:46,168 : INFO : EventManager : Event: ======'mode_skillshot_starting'====== Args={'player': 1, 'ball': 1, 'balls_remaining': 2, 'is_extra_ball': False}
2025-01-09 21:56:46,168 : INFO : Mode.skillshot : Started. Priority: 200
2025-01-09 21:56:46,168 : INFO : EventManager : Event: ======'modes_active_modes_changed'====== Args={}
2025-01-09 21:56:46,168 : INFO : EventManager : Event: ======'mode_skillshot_started'====== Args={'player': 1, 'ball': 1, 'balls_remaining': 2, 'is_extra_ball': False}
2025-01-09 21:56:46,168 : INFO : EventManager : Event: ======'player_shot_skillshot_p_target'====== Args={'value': 1, 'prev_value': 0, 'change': 1, 'player_num': 1}
2025-01-09 21:56:46,169 : INFO : Mode.intro : Started. Priority: 200
2025-01-09 21:56:46,169 : INFO : EventManager : Event: ======'modes_active_modes_changed'====== Args={}
2025-01-09 21:56:46,169 : INFO : EventManager : Event: ======'mode_intro_started'====== Args={'player': 1, 'ball': 1, 'balls_remaining': 2, 'is_extra_ball': False}
2025-01-09 21:56:46,170 : INFO : EventManager : Event: ======'ball_starting'====== Args={'player': 1, 'ball': 1, 'balls_remaining': 2, 'is_extra_ball': False}
2025-01-09 21:56:46,175 : INFO : EventManager : Event: ======'mode_add_player_will_start'====== Args={'queue': <QueuedEvent>, 'player': 1, 'ball': 1, 'balls_remaining': 2, 'is_extra_ball': False}
2025-01-09 21:56:46,175 : INFO : EventManager : Event: ======'mode_add_player_starting'====== Args={'queue': <QueuedEvent>, 'player': 1, 'ball': 1, 'balls_remaining': 2, 'is_extra_ball': False}
2025-01-09 21:56:46,175 : INFO : EventManager : Event: ======'mode_rainey_multiball_will_start'====== Args={'queue': <QueuedEvent>, 'player': 1, 'ball': 1, 'balls_remaining': 2, 'is_extra_ball': False}
2025-01-09 21:56:46,176 : INFO : EventManager : Event: ======'mode_rainey_multiball_starting'====== Args={'queue': <QueuedEvent>, 'player': 1, 'ball': 1, 'balls_remaining': 2, 'is_extra_ball': False}
2025-01-09 21:56:46,177 : INFO : EventManager : Event: ======'play_arlen_intro'====== Args={}
2025-01-09 21:56:46,177 : INFO : Timer.arlen_intro_timer : Starting Timer.
2025-01-09 21:56:46,177 : INFO : EventManager : Event: ======'timer_arlen_intro_timer_started'====== Args={'ticks': 16, 'ticks_remaining': 16}
2025-01-09 21:56:46,177 : INFO : EventManager : Event: ======'timer_arlen_intro_timer_tick'====== Args={'ticks': 16, 'ticks_remaining': 16}
2025-01-09 21:56:46,177 : INFO : Mode.add_player : Started. Priority: 300
2025-01-09 21:56:46,177 : INFO : EventManager : Event: ======'modes_active_modes_changed'====== Args={}
2025-01-09 21:56:46,177 : INFO : EventManager : Event: ======'mode_add_player_started'====== Args={'queue': <QueuedEvent>, 'player': 1, 'ball': 1, 'balls_remaining': 2, 'is_extra_ball': False}
2025-01-09 21:56:46,178 : INFO : EventManager : Event: ======'logicblock_mb_counter_updated'====== Args={'value': 0, 'enabled': False}
2025-01-09 21:56:46,178 : INFO : Mode.rainey_multiball : Started. Priority: 250
2025-01-09 21:56:46,178 : INFO : EventManager : Event: ======'modes_active_modes_changed'====== Args={}
2025-01-09 21:56:46,178 : INFO : EventManager : Event: ======'mode_rainey_multiball_started'====== Args={'queue': <QueuedEvent>, 'player': 1, 'ball': 1, 'balls_remaining': 2, 'is_extra_ball': False}
2025-01-09 21:56:46,200 : INFO : EventManager : Event: ======'slide_arlen_intro_created'====== Args={'_from_bcp': True}
2025-01-09 21:56:46,201 : INFO : EventManager : Event: ======'slide_attract_inactive'====== Args={'is_removing': True, '_from_bcp': True}
2025-01-09 21:56:46,201 : INFO : EventManager : Event: ======'slide_arlen_intro_active'====== Args={'original_context': 'skillshot', 'original_calling_context': 'play_arlen_intro', 'priority': 200.0, 'cmd': 'slides_play', '_from_bcp': True}
2025-01-09 21:56:46,201 : INFO : EventManager : Event: ======'slide_attract_removed'====== Args={'_from_bcp': True}
2025-01-09 21:56:46,665 : INFO : EventManager : Event: ======'player_skillshot_skillshot_rotate_tick'====== Args={'value': 1, 'prev_value': 0, 'change': 1, 'player_num': 1}
2025-01-09 21:56:46,667 : INFO : EventManager : Event: ======'timer_skillshot_rotate_tick'====== Args={'ticks': 1, 'ticks_remaining': 0}
2025-01-09 21:56:46,668 : INFO : EventManager : Event: ======'player_shot_skillshot_p_target'====== Args={'value': 0, 'prev_value': 1, 'change': -1, 'player_num': 1}
2025-01-09 21:56:46,670 : INFO : EventManager : Event: ======'player_shot_skillshot_r_target'====== Args={'value': 1, 'prev_value': 0, 'change': 1, 'player_num': 1}
2025-01-09 21:56:47,166 : INFO : EventManager : Event: ======'player_skillshot_skillshot_rotate_tick'====== Args={'value': 2, 'prev_value': 1, 'change': 1, 'player_num': 1}
2025-01-09 21:56:47,167 : INFO : EventManager : Event: ======'timer_skillshot_rotate_tick'====== Args={'ticks': 2, 'ticks_remaining': 0}
2025-01-09 21:56:47,168 : INFO : EventManager : Event: ======'player_shot_skillshot_r_target'====== Args={'value': 0, 'prev_value': 1, 'change': -1, 'player_num': 1}
2025-01-09 21:56:47,170 : INFO : EventManager : Event: ======'player_shot_skillshot_o_target'====== Args={'value': 1, 'prev_value': 0, 'change': 1, 'player_num': 1}
2025-01-09 21:56:47,178 : INFO : EventManager : Event: ======'player_skillshot_arlen_intro_timer_tick'====== Args={'value': 15, 'prev_value': 16, 'change': -1, 'player_num': 1}
2025-01-09 21:56:47,179 : INFO : EventManager : Event: ======'timer_arlen_intro_timer_tick'====== Args={'ticks': 15, 'ticks_remaining': 15}
2025-01-09 21:56:47,666 : INFO : EventManager : Event: ======'player_skillshot_skillshot_rotate_tick'====== Args={'value': 3, 'prev_value': 2, 'change': 1, 'player_num': 1}
2025-01-09 21:56:47,668 : INFO : EventManager : Event: ======'timer_skillshot_rotate_tick'====== Args={'ticks': 3, 'ticks_remaining': 0}
2025-01-09 21:56:47,669 : INFO : EventManager : Event: ======'player_shot_skillshot_o_target'====== Args={'value': 0, 'prev_value': 1, 'change': -1, 'player_num': 1}
2025-01-09 21:56:47,670 : INFO : EventManager : Event: ======'player_shot_skillshot_p2_target'====== Args={'value': 1, 'prev_value': 0, 'change': 1, 'player_num': 1}
2025-01-09 21:56:48,165 : INFO : EventManager : Event: ======'player_skillshot_skillshot_rotate_tick'====== Args={'value': 4, 'prev_value': 3, 'change': 1, 'player_num': 1}
2025-01-09 21:56:48,166 : INFO : EventManager : Event: ======'timer_skillshot_rotate_tick'====== Args={'ticks': 4, 'ticks_remaining': 0}
2025-01-09 21:56:48,167 : INFO : EventManager : Event: ======'player_shot_skillshot_p2_target'====== Args={'value': 0, 'prev_value': 1, 'change': -1, 'player_num': 1}
2025-01-09 21:56:48,168 : INFO : EventManager : Event: ======'player_shot_skillshot_a_target'====== Args={'value': 1, 'prev_value': 0, 'change': 1, 'player_num': 1}
2025-01-09 21:56:48,179 : INFO : EventManager : Event: ======'player_skillshot_arlen_intro_timer_tick'====== Args={'value': 14, 'prev_value': 15, 'change': -1, 'player_num': 1}
2025-01-09 21:56:48,181 : INFO : EventManager : Event: ======'timer_arlen_intro_timer_tick'====== Args={'ticks': 14, 'ticks_remaining': 14}
2025-01-09 21:56:48,666 : INFO : EventManager : Event: ======'player_skillshot_skillshot_rotate_tick'====== Args={'value': 5, 'prev_value': 4, 'change': 1, 'player_num': 1}
2025-01-09 21:56:48,667 : INFO : EventManager : Event: ======'timer_skillshot_rotate_tick'====== Args={'ticks': 5, 'ticks_remaining': 0}
2025-01-09 21:56:48,667 : INFO : EventManager : Event: ======'player_shot_skillshot_a_target'====== Args={'value': 0, 'prev_value': 1, 'change': -1, 'player_num': 1}
2025-01-09 21:56:48,668 : INFO : EventManager : Event: ======'player_shot_skillshot_n_target'====== Args={'value': 1, 'prev_value': 0, 'change': 1, 'player_num': 1}
2025-01-09 21:56:49,166 : INFO : EventManager : Event: ======'player_skillshot_skillshot_rotate_tick'====== Args={'value': 6, 'prev_value': 5, 'change': 1, 'player_num': 1}
2025-01-09 21:56:49,166 : INFO : EventManager : Event: ======'timer_skillshot_rotate_tick'====== Args={'ticks': 6, 'ticks_remaining': 0}
2025-01-09 21:56:49,167 : INFO : EventManager : Event: ======'player_shot_skillshot_n_target'====== Args={'value': 0, 'prev_value': 1, 'change': -1, 'player_num': 1}
2025-01-09 21:56:49,167 : INFO : EventManager : Event: ======'player_shot_skillshot_e_target'====== Args={'value': 1, 'prev_value': 0, 'change': 1, 'player_num': 1}
2025-01-09 21:56:49,178 : INFO : EventManager : Event: ======'player_skillshot_arlen_intro_timer_tick'====== Args={'value': 13, 'prev_value': 14, 'change': -1, 'player_num': 1}
2025-01-09 21:56:49,179 : INFO : EventManager : Event: ======'timer_arlen_intro_timer_tick'====== Args={'ticks': 13, 'ticks_remaining': 13}
2025-01-09 21:56:49,665 : INFO : EventManager : Event: ======'player_skillshot_skillshot_rotate_tick'====== Args={'value': 7, 'prev_value': 6, 'change': 1, 'player_num': 1}
2025-01-09 21:56:49,667 : INFO : EventManager : Event: ======'timer_skillshot_rotate_tick'====== Args={'ticks': 7, 'ticks_remaining': 0}
2025-01-09 21:56:49,668 : INFO : EventManager : Event: ======'player_shot_skillshot_p_target'====== Args={'value': 1, 'prev_value': 0, 'change': 1, 'player_num': 1}
2025-01-09 21:56:49,670 : INFO : EventManager : Event: ======'player_shot_skillshot_e_target'====== Args={'value': 0, 'prev_value': 1, 'change': -1, 'player_num': 1}
2025-01-09 21:56:50,165 : INFO : EventManager : Event: ======'player_skillshot_skillshot_rotate_tick'====== Args={'value': 8, 'prev_value': 7, 'change': 1, 'player_num': 1}
2025-01-09 21:56:50,166 : INFO : EventManager : Event: ======'timer_skillshot_rotate_tick'====== Args={'ticks': 8, 'ticks_remaining': 0}
2025-01-09 21:56:50,166 : INFO : EventManager : Event: ======'player_shot_skillshot_p_target'====== Args={'value': 0, 'prev_value': 1, 'change': -1, 'player_num': 1}
2025-01-09 21:56:50,168 : INFO : EventManager : Event: ======'player_shot_skillshot_r_target'====== Args={'value': 1, 'prev_value': 0, 'change': 1, 'player_num': 1}
2025-01-09 21:56:50,178 : INFO : EventManager : Event: ======'player_skillshot_arlen_intro_timer_tick'====== Args={'value': 12, 'prev_value': 13, 'change': -1, 'player_num': 1}
2025-01-09 21:56:50,179 : INFO : EventManager : Event: ======'timer_arlen_intro_timer_tick'====== Args={'ticks': 12, 'ticks_remaining': 12}
2025-01-09 21:56:50,666 : INFO : EventManager : Event: ======'player_skillshot_skillshot_rotate_tick'====== Args={'value': 9, 'prev_value': 8, 'change': 1, 'player_num': 1}
2025-01-09 21:56:50,668 : INFO : EventManager : Event: ======'timer_skillshot_rotate_tick'====== Args={'ticks': 9, 'ticks_remaining': 0}
2025-01-09 21:56:50,668 : INFO : EventManager : Event: ======'player_shot_skillshot_r_target'====== Args={'value': 0, 'prev_value': 1, 'change': -1, 'player_num': 1}
2025-01-09 21:56:50,670 : INFO : EventManager : Event: ======'player_shot_skillshot_o_target'====== Args={'value': 1, 'prev_value': 0, 'change': 1, 'player_num': 1}
2025-01-09 21:56:51,165 : INFO : EventManager : Event: ======'player_skillshot_skillshot_rotate_tick'====== Args={'value': 10, 'prev_value': 9, 'change': 1, 'player_num': 1}
2025-01-09 21:56:51,166 : INFO : EventManager : Event: ======'timer_skillshot_rotate_tick'====== Args={'ticks': 10, 'ticks_remaining': 0}
2025-01-09 21:56:51,166 : INFO : EventManager : Event: ======'player_shot_skillshot_o_target'====== Args={'value': 0, 'prev_value': 1, 'change': -1, 'player_num': 1}
2025-01-09 21:56:51,168 : INFO : EventManager : Event: ======'player_shot_skillshot_p2_target'====== Args={'value': 1, 'prev_value': 0, 'change': 1, 'player_num': 1}
2025-01-09 21:56:51,178 : INFO : EventManager : Event: ======'player_skillshot_arlen_intro_timer_tick'====== Args={'value': 11, 'prev_value': 12, 'change': -1, 'player_num': 1}
2025-01-09 21:56:51,180 : INFO : EventManager : Event: ======'timer_arlen_intro_timer_tick'====== Args={'ticks': 11, 'ticks_remaining': 11}
2025-01-09 21:56:51,665 : INFO : EventManager : Event: ======'player_skillshot_skillshot_rotate_tick'====== Args={'value': 11, 'prev_value': 10, 'change': 1, 'player_num': 1}
2025-01-09 21:56:51,666 : INFO : EventManager : Event: ======'timer_skillshot_rotate_tick'====== Args={'ticks': 11, 'ticks_remaining': 0}
2025-01-09 21:56:51,666 : INFO : EventManager : Event: ======'player_shot_skillshot_p2_target'====== Args={'value': 0, 'prev_value': 1, 'change': -1, 'player_num': 1}
2025-01-09 21:56:51,667 : INFO : EventManager : Event: ======'player_shot_skillshot_a_target'====== Args={'value': 1, 'prev_value': 0, 'change': 1, 'player_num': 1}
2025-01-09 21:56:52,165 : INFO : EventManager : Event: ======'player_skillshot_skillshot_rotate_tick'====== Args={'value': 12, 'prev_value': 11, 'change': 1, 'player_num': 1}
2025-01-09 21:56:52,166 : INFO : EventManager : Event: ======'timer_skillshot_rotate_tick'====== Args={'ticks': 12, 'ticks_remaining': 0}
2025-01-09 21:56:52,167 : INFO : EventManager : Event: ======'player_shot_skillshot_a_target'====== Args={'value': 0, 'prev_value': 1, 'change': -1, 'player_num': 1}
2025-01-09 21:56:52,168 : INFO : EventManager : Event: ======'player_shot_skillshot_n_target'====== Args={'value': 1, 'prev_value': 0, 'change': 1, 'player_num': 1}
2025-01-09 21:56:52,178 : INFO : EventManager : Event: ======'player_skillshot_arlen_intro_timer_tick'====== Args={'value': 10, 'prev_value': 11, 'change': -1, 'player_num': 1}
2025-01-09 21:56:52,179 : INFO : EventManager : Event: ======'timer_arlen_intro_timer_tick'====== Args={'ticks': 10, 'ticks_remaining': 10}
2025-01-09 21:56:52,666 : INFO : EventManager : Event: ======'player_skillshot_skillshot_rotate_tick'====== Args={'value': 13, 'prev_value': 12, 'change': 1, 'player_num': 1}
2025-01-09 21:56:52,668 : INFO : EventManager : Event: ======'timer_skillshot_rotate_tick'====== Args={'ticks': 13, 'ticks_remaining': 0}
2025-01-09 21:56:52,669 : INFO : EventManager : Event: ======'player_shot_skillshot_n_target'====== Args={'value': 0, 'prev_value': 1, 'change': -1, 'player_num': 1}
2025-01-09 21:56:52,671 : INFO : EventManager : Event: ======'player_shot_skillshot_e_target'====== Args={'value': 1, 'prev_value': 0, 'change': 1, 'player_num': 1}
2025-01-09 21:56:53,165 : INFO : EventManager : Event: ======'player_skillshot_skillshot_rotate_tick'====== Args={'value': 14, 'prev_value': 13, 'change': 1, 'player_num': 1}
2025-01-09 21:56:53,167 : INFO : EventManager : Event: ======'timer_skillshot_rotate_tick'====== Args={'ticks': 14, 'ticks_remaining': 0}
2025-01-09 21:56:53,168 : INFO : EventManager : Event: ======'player_shot_skillshot_p_target'====== Args={'value': 1, 'prev_value': 0, 'change': 1, 'player_num': 1}
2025-01-09 21:56:53,169 : INFO : EventManager : Event: ======'player_shot_skillshot_e_target'====== Args={'value': 0, 'prev_value': 1, 'change': -1, 'player_num': 1}
2025-01-09 21:56:53,178 : INFO : EventManager : Event: ======'player_skillshot_arlen_intro_timer_tick'====== Args={'value': 9, 'prev_value': 10, 'change': -1, 'player_num': 1}
2025-01-09 21:56:53,180 : INFO : EventManager : Event: ======'timer_arlen_intro_timer_tick'====== Args={'ticks': 9, 'ticks_remaining': 9}
2025-01-09 21:56:53,423 : INFO : SwitchController : <<<<<<< 's_start' active >>>>>>>
2025-01-09 21:56:53,423 : INFO : EventManager : Event: ======'s_start_active'====== Args={}
2025-01-09 21:56:53,424 : INFO : EventManager : Event: ======'machine_var_audits_switches_s_start'====== Args={'value': 1398, 'prev_value': 1397, 'change': 1}
2025-01-09 21:56:53,424 : INFO : EventManager : Event: ======'sw_add_player'====== Args={'priority': 0}
2025-01-09 21:56:53,425 : INFO : EventManager : Event: ======'player_add_request'====== Args={}
2025-01-09 21:56:53,430 : INFO : EventManager : Event: ======'player_will_add'====== Args={'number': 2}
2025-01-09 21:56:53,432 : INFO : EventManager : Event: ======'player_adding'====== Args={'player': <Player 2>, 'number': 2}
2025-01-09 21:56:53,433 : INFO : EventManager : Event: ======'player_added'====== Args={'player': <Player 2>, 'num': 2}
2025-01-09 21:56:53,433 : INFO : Mode.game : Player added successfully. Total players: 2
2025-01-09 21:56:53,433 : INFO : EventManager : Event: ======'multiplayer_game'====== Args={}
2025-01-09 21:56:53,434 : INFO : EventManager : Event: ======'player_index'====== Args={'value': 1, 'prev_value': 1, 'change': 0, 'player_num': 2}
2025-01-09 21:56:53,434 : INFO : EventManager : Event: ======'player_number'====== Args={'value': 2, 'prev_value': 2, 'change': 0, 'player_num': 2}
2025-01-09 21:56:53,434 : INFO : EventManager : Event: ======'player_score'====== Args={'value': 0, 'prev_value': 0, 'change': 0, 'player_num': 2}
2025-01-09 21:56:53,547 : INFO : SwitchController : <<<<<<< 's_start' inactive >>>>>>>
2025-01-09 21:56:53,547 : INFO : EventManager : Event: ======'sw_start_inactive'====== Args={}
2025-01-09 21:56:53,666 : INFO : EventManager : Event: ======'player_skillshot_skillshot_rotate_tick'====== Args={'value': 15, 'prev_value': 14, 'change': 1, 'player_num': 1}
2025-01-09 21:56:53,666 : INFO : EventManager : Event: ======'timer_skillshot_rotate_tick'====== Args={'ticks': 15, 'ticks_remaining': 0}
2025-01-09 21:56:53,667 : INFO : EventManager : Event: ======'player_shot_skillshot_p_target'====== Args={'value': 0, 'prev_value': 1, 'change': -1, 'player_num': 1}
2025-01-09 21:56:53,667 : INFO : EventManager : Event: ======'player_shot_skillshot_r_target'====== Args={'value': 1, 'prev_value': 0, 'change': 1, 'player_num': 1}
2025-01-09 21:56:54,165 : INFO : EventManager : Event: ======'player_skillshot_skillshot_rotate_tick'====== Args={'value': 16, 'prev_value': 15, 'change': 1, 'player_num': 1}
2025-01-09 21:56:54,167 : INFO : EventManager : Event: ======'timer_skillshot_rotate_tick'====== Args={'ticks': 16, 'ticks_remaining': 0}
2025-01-09 21:56:54,171 : INFO : EventManager : Event: ======'player_shot_skillshot_r_target'====== Args={'value': 0, 'prev_value': 1, 'change': -1, 'player_num': 1}
2025-01-09 21:56:54,172 : INFO : EventManager : Event: ======'player_shot_skillshot_o_target'====== Args={'value': 1, 'prev_value': 0, 'change': 1, 'player_num': 1}
2025-01-09 21:56:54,177 : INFO : EventManager : Event: ======'player_skillshot_arlen_intro_timer_tick'====== Args={'value': 8, 'prev_value': 9, 'change': -1, 'player_num': 1}
2025-01-09 21:56:54,178 : INFO : EventManager : Event: ======'timer_arlen_intro_timer_tick'====== Args={'ticks': 8, 'ticks_remaining': 8}
2025-01-09 21:56:54,560 : INFO : SwitchController : <<<<<<< 's_start' active >>>>>>>
2025-01-09 21:56:54,561 : INFO : EventManager : Event: ======'s_start_active'====== Args={}
2025-01-09 21:56:54,561 : INFO : EventManager : Event: ======'machine_var_audits_switches_s_start'====== Args={'value': 1399, 'prev_value': 1398, 'change': 1}
2025-01-09 21:56:54,564 : INFO : EventManager : Event: ======'sw_add_player'====== Args={'priority': 0}
2025-01-09 21:56:54,564 : INFO : EventManager : Event: ======'player_add_request'====== Args={}
2025-01-09 21:56:54,564 : INFO : EventManager : Event: ======'player_will_add'====== Args={'number': 3}
2025-01-09 21:56:54,565 : INFO : EventManager : Event: ======'player_adding'====== Args={'player': <Player 3>, 'number': 3}
2025-01-09 21:56:54,571 : INFO : EventManager : Event: ======'player_added'====== Args={'player': <Player 3>, 'num': 3}
2025-01-09 21:56:54,585 : INFO : Mode.game : Player added successfully. Total players: 3
2025-01-09 21:56:54,586 : INFO : EventManager : Event: ======'player_index'====== Args={'value': 2, 'prev_value': 2, 'change': 0, 'player_num': 3}
2025-01-09 21:56:54,586 : INFO : EventManager : Event: ======'player_number'====== Args={'value': 3, 'prev_value': 3, 'change': 0, 'player_num': 3}
2025-01-09 21:56:54,586 : INFO : EventManager : Event: ======'player_score'====== Args={'value': 0, 'prev_value': 0, 'change': 0, 'player_num': 3}
2025-01-09 21:56:54,665 : INFO : EventManager : Event: ======'player_skillshot_skillshot_rotate_tick'====== Args={'value': 17, 'prev_value': 16, 'change': 1, 'player_num': 1}
2025-01-09 21:56:54,665 : INFO : EventManager : Event: ======'timer_skillshot_rotate_tick'====== Args={'ticks': 17, 'ticks_remaining': 0}
2025-01-09 21:56:54,666 : INFO : EventManager : Event: ======'player_shot_skillshot_o_target'====== Args={'value': 0, 'prev_value': 1, 'change': -1, 'player_num': 1}
2025-01-09 21:56:54,666 : INFO : EventManager : Event: ======'player_shot_skillshot_p2_target'====== Args={'value': 1, 'prev_value': 0, 'change': 1, 'player_num': 1}
2025-01-09 21:56:54,721 : INFO : SwitchController : <<<<<<< 's_start' inactive >>>>>>>
2025-01-09 21:56:54,721 : INFO : EventManager : Event: ======'sw_start_inactive'====== Args={}
2025-01-09 21:56:55,166 : INFO : EventManager : Event: ======'player_skillshot_skillshot_rotate_tick'====== Args={'value': 18, 'prev_value': 17, 'change': 1, 'player_num': 1}
2025-01-09 21:56:55,167 : INFO : EventManager : Event: ======'timer_skillshot_rotate_tick'====== Args={'ticks': 18, 'ticks_remaining': 0}
2025-01-09 21:56:55,171 : INFO : EventManager : Event: ======'player_shot_skillshot_p2_target'====== Args={'value': 0, 'prev_value': 1, 'change': -1, 'player_num': 1}
2025-01-09 21:56:55,173 : INFO : EventManager : Event: ======'player_shot_skillshot_a_target'====== Args={'value': 1, 'prev_value': 0, 'change': 1, 'player_num': 1}
2025-01-09 21:56:55,178 : INFO : EventManager : Event: ======'player_skillshot_arlen_intro_timer_tick'====== Args={'value': 7, 'prev_value': 8, 'change': -1, 'player_num': 1}
2025-01-09 21:56:55,179 : INFO : EventManager : Event: ======'timer_arlen_intro_timer_tick'====== Args={'ticks': 7, 'ticks_remaining': 7}
2025-01-09 21:56:55,645 : INFO : SwitchController : <<<<<<< 's_start' active >>>>>>>
2025-01-09 21:56:55,645 : INFO : EventManager : Event: ======'s_start_active'====== Args={}
2025-01-09 21:56:55,646 : INFO : EventManager : Event: ======'machine_var_audits_switches_s_start'====== Args={'value': 1400, 'prev_value': 1399, 'change': 1}
2025-01-09 21:56:55,647 : INFO : EventManager : Event: ======'sw_add_player'====== Args={'priority': 0}
2025-01-09 21:56:55,648 : INFO : EventManager : Event: ======'player_add_request'====== Args={}
2025-01-09 21:56:55,654 : INFO : EventManager : Event: ======'player_will_add'====== Args={'number': 4}
2025-01-09 21:56:55,661 : INFO : EventManager : Event: ======'player_adding'====== Args={'player': <Player 4>, 'number': 4}
2025-01-09 21:56:55,668 : INFO : EventManager : Event: ======'player_added'====== Args={'player': <Player 4>, 'num': 4}
2025-01-09 21:56:55,669 : INFO : Mode.game : Player added successfully. Total players: 4
2025-01-09 21:56:55,670 : INFO : EventManager : Event: ======'player_index'====== Args={'value': 3, 'prev_value': 3, 'change': 0, 'player_num': 4}
2025-01-09 21:56:55,670 : INFO : EventManager : Event: ======'player_number'====== Args={'value': 4, 'prev_value': 4, 'change': 0, 'player_num': 4}
2025-01-09 21:56:55,670 : INFO : EventManager : Event: ======'player_score'====== Args={'value': 0, 'prev_value': 0, 'change': 0, 'player_num': 4}
2025-01-09 21:56:55,680 : INFO : EventManager : Event: ======'player_skillshot_skillshot_rotate_tick'====== Args={'value': 19, 'prev_value': 18, 'change': 1, 'player_num': 1}
2025-01-09 21:56:55,681 : INFO : EventManager : Event: ======'timer_skillshot_rotate_tick'====== Args={'ticks': 19, 'ticks_remaining': 0}
2025-01-09 21:56:55,682 : INFO : EventManager : Event: ======'player_shot_skillshot_a_target'====== Args={'value': 0, 'prev_value': 1, 'change': -1, 'player_num': 1}
2025-01-09 21:56:55,682 : INFO : EventManager : Event: ======'player_shot_skillshot_n_target'====== Args={'value': 1, 'prev_value': 0, 'change': 1, 'player_num': 1}
2025-01-09 21:56:55,848 : INFO : SwitchController : <<<<<<< 's_start' inactive >>>>>>>
2025-01-09 21:56:55,848 : INFO : EventManager : Event: ======'sw_start_inactive'====== Args={}
2025-01-09 21:56:56,165 : INFO : EventManager : Event: ======'player_skillshot_skillshot_rotate_tick'====== Args={'value': 20, 'prev_value': 19, 'change': 1, 'player_num': 1}
2025-01-09 21:56:56,167 : INFO : EventManager : Event: ======'timer_skillshot_rotate_tick'====== Args={'ticks': 20, 'ticks_remaining': 0}
2025-01-09 21:56:56,170 : INFO : EventManager : Event: ======'player_shot_skillshot_n_target'====== Args={'value': 0, 'prev_value': 1, 'change': -1, 'player_num': 1}
2025-01-09 21:56:56,172 : INFO : EventManager : Event: ======'player_shot_skillshot_e_target'====== Args={'value': 1, 'prev_value': 0, 'change': 1, 'player_num': 1}
2025-01-09 21:56:56,178 : INFO : EventManager : Event: ======'player_skillshot_arlen_intro_timer_tick'====== Args={'value': 6, 'prev_value': 7, 'change': -1, 'player_num': 1}
2025-01-09 21:56:56,178 : INFO : EventManager : Event: ======'timer_arlen_intro_timer_tick'====== Args={'ticks': 6, 'ticks_remaining': 6}
2025-01-09 21:56:56,665 : INFO : EventManager : Event: ======'player_skillshot_skillshot_rotate_tick'====== Args={'value': 21, 'prev_value': 20, 'change': 1, 'player_num': 1}
2025-01-09 21:56:56,667 : INFO : EventManager : Event: ======'timer_skillshot_rotate_tick'====== Args={'ticks': 21, 'ticks_remaining': 0}
2025-01-09 21:56:56,670 : INFO : EventManager : Event: ======'player_shot_skillshot_p_target'====== Args={'value': 1, 'prev_value': 0, 'change': 1, 'player_num': 1}
2025-01-09 21:56:56,672 : INFO : EventManager : Event: ======'player_shot_skillshot_e_target'====== Args={'value': 0, 'prev_value': 1, 'change': -1, 'player_num': 1}
2025-01-09 21:56:57,147 : INFO : SwitchController : <<<<<<< 's_start' active >>>>>>>
2025-01-09 21:56:57,147 : INFO : EventManager : Event: ======'s_start_active'====== Args={}
2025-01-09 21:56:57,148 : INFO : EventManager : Event: ======'machine_var_audits_switches_s_start'====== Args={'value': 1401, 'prev_value': 1400, 'change': 1}
2025-01-09 21:56:57,149 : INFO : EventManager : Event: ======'sw_add_player'====== Args={'priority': 0}
2025-01-09 21:56:57,176 : INFO : EventManager : Event: ======'player_skillshot_skillshot_rotate_tick'====== Args={'value': 22, 'prev_value': 21, 'change': 1, 'player_num': 1}
2025-01-09 21:56:57,177 : INFO : EventManager : Event: ======'timer_skillshot_rotate_tick'====== Args={'ticks': 22, 'ticks_remaining': 0}
2025-01-09 21:56:57,178 : INFO : EventManager : Event: ======'player_shot_skillshot_p_target'====== Args={'value': 0, 'prev_value': 1, 'change': -1, 'player_num': 1}
2025-01-09 21:56:57,179 : INFO : EventManager : Event: ======'player_shot_skillshot_r_target'====== Args={'value': 1, 'prev_value': 0, 'change': 1, 'player_num': 1}
2025-01-09 21:56:57,182 : INFO : EventManager : Event: ======'player_skillshot_arlen_intro_timer_tick'====== Args={'value': 5, 'prev_value': 6, 'change': -1, 'player_num': 1}
2025-01-09 21:56:57,182 : INFO : EventManager : Event: ======'timer_arlen_intro_timer_tick'====== Args={'ticks': 5, 'ticks_remaining': 5}
2025-01-09 21:56:57,313 : INFO : SwitchController : <<<<<<< 's_start' inactive >>>>>>>
2025-01-09 21:56:57,314 : INFO : EventManager : Event: ======'sw_start_inactive'====== Args={}
2025-01-09 21:56:57,665 : INFO : EventManager : Event: ======'player_skillshot_skillshot_rotate_tick'====== Args={'value': 23, 'prev_value': 22, 'change': 1, 'player_num': 1}
2025-01-09 21:56:57,666 : INFO : EventManager : Event: ======'timer_skillshot_rotate_tick'====== Args={'ticks': 23, 'ticks_remaining': 0}
2025-01-09 21:56:57,669 : INFO : EventManager : Event: ======'player_shot_skillshot_r_target'====== Args={'value': 0, 'prev_value': 1, 'change': -1, 'player_num': 1}
2025-01-09 21:56:57,671 : INFO : EventManager : Event: ======'player_shot_skillshot_o_target'====== Args={'value': 1, 'prev_value': 0, 'change': 1, 'player_num': 1}
2025-01-09 21:56:58,165 : INFO : EventManager : Event: ======'player_skillshot_skillshot_rotate_tick'====== Args={'value': 24, 'prev_value': 23, 'change': 1, 'player_num': 1}
2025-01-09 21:56:58,167 : INFO : EventManager : Event: ======'timer_skillshot_rotate_tick'====== Args={'ticks': 24, 'ticks_remaining': 0}
2025-01-09 21:56:58,171 : INFO : EventManager : Event: ======'player_shot_skillshot_o_target'====== Args={'value': 0, 'prev_value': 1, 'change': -1, 'player_num': 1}
2025-01-09 21:56:58,173 : INFO : EventManager : Event: ======'player_shot_skillshot_p2_target'====== Args={'value': 1, 'prev_value': 0, 'change': 1, 'player_num': 1}
2025-01-09 21:56:58,177 : INFO : EventManager : Event: ======'player_skillshot_arlen_intro_timer_tick'====== Args={'value': 4, 'prev_value': 5, 'change': -1, 'player_num': 1}
2025-01-09 21:56:58,178 : INFO : EventManager : Event: ======'timer_arlen_intro_timer_tick'====== Args={'ticks': 4, 'ticks_remaining': 4}
2025-01-09 21:56:58,666 : INFO : EventManager : Event: ======'player_skillshot_skillshot_rotate_tick'====== Args={'value': 25, 'prev_value': 24, 'change': 1, 'player_num': 1}
2025-01-09 21:56:58,667 : INFO : EventManager : Event: ======'timer_skillshot_rotate_tick'====== Args={'ticks': 25, 'ticks_remaining': 0}
2025-01-09 21:56:58,669 : INFO : EventManager : Event: ======'player_shot_skillshot_p2_target'====== Args={'value': 0, 'prev_value': 1, 'change': -1, 'player_num': 1}
2025-01-09 21:56:58,670 : INFO : EventManager : Event: ======'player_shot_skillshot_a_target'====== Args={'value': 1, 'prev_value': 0, 'change': 1, 'player_num': 1}
2025-01-09 21:56:59,165 : INFO : EventManager : Event: ======'player_skillshot_skillshot_rotate_tick'====== Args={'value': 26, 'prev_value': 25, 'change': 1, 'player_num': 1}
2025-01-09 21:56:59,166 : INFO : EventManager : Event: ======'timer_skillshot_rotate_tick'====== Args={'ticks': 26, 'ticks_remaining': 0}
2025-01-09 21:56:59,168 : INFO : EventManager : Event: ======'player_shot_skillshot_a_target'====== Args={'value': 0, 'prev_value': 1, 'change': -1, 'player_num': 1}
2025-01-09 21:56:59,169 : INFO : EventManager : Event: ======'player_shot_skillshot_n_target'====== Args={'value': 1, 'prev_value': 0, 'change': 1, 'player_num': 1}
2025-01-09 21:56:59,178 : INFO : EventManager : Event: ======'player_skillshot_arlen_intro_timer_tick'====== Args={'value': 3, 'prev_value': 4, 'change': -1, 'player_num': 1}
2025-01-09 21:56:59,179 : INFO : EventManager : Event: ======'timer_arlen_intro_timer_tick'====== Args={'ticks': 3, 'ticks_remaining': 3}
2025-01-09 21:56:59,656 : INFO : Machine : Shutting down...
2025-01-09 21:56:59,656 : INFO : EventManager : Event: ======'shutdown'====== Args={}
2025-01-09 21:56:59,657 : INFO : EventManager : Event: ======'mode_service_will_stop'====== Args={}
2025-01-09 21:56:59,657 : INFO : EventManager : Event: ======'mode_service_stopping'====== Args={}
2025-01-09 21:56:59,658 : INFO : Mode.service : Stopped.
2025-01-09 21:56:59,658 : INFO : EventManager : Event: ======'modes_active_modes_changed'====== Args={}
2025-01-09 21:56:59,658 : INFO : EventManager : Event: ======'mode_service_stopped'====== Args={}
2025-01-09 21:56:59,659 : INFO : EventManager : Event: ======'clear'====== Args={'key': 'service'}
2025-01-09 21:56:59,659 : INFO : EventManager : Event: ======'mode_game_will_stop'====== Args={}
2025-01-09 21:56:59,660 : INFO : EventManager : Event: ======'mode_game_stopping'====== Args={}
2025-01-09 21:56:59,660 : INFO : EventManager : Event: ======'mode_intro_will_stop'====== Args={}
2025-01-09 21:56:59,660 : INFO : EventManager : Event: ======'mode_intro_stopping'====== Args={}
2025-01-09 21:56:59,660 : INFO : EventManager : Event: ======'mode_skillshot_will_stop'====== Args={}
2025-01-09 21:56:59,660 : INFO : EventManager : Event: ======'mode_skillshot_stopping'====== Args={}
2025-01-09 21:56:59,660 : INFO : EventManager : Event: ======'mode_rainey_multiball_will_stop'====== Args={}
2025-01-09 21:56:59,660 : INFO : EventManager : Event: ======'mode_rainey_multiball_stopping'====== Args={}
2025-01-09 21:56:59,660 : INFO : EventManager : Event: ======'mode_add_player_will_stop'====== Args={}
2025-01-09 21:56:59,661 : INFO : EventManager : Event: ======'mode_add_player_stopping'====== Args={}
2025-01-09 21:56:59,661 : INFO : Mode.add_player : Stopped.
2025-01-09 21:56:59,661 : INFO : EventManager : Event: ======'modes_active_modes_changed'====== Args={}
2025-01-09 21:56:59,662 : INFO : EventManager : Event: ======'mode_add_player_stopped'====== Args={}
2025-01-09 21:56:59,662 : INFO : EventManager : Event: ======'clear'====== Args={'key': 'add_player'}
2025-01-09 21:56:59,662 : INFO : Mode.rainey_multiball : Stopped.
2025-01-09 21:56:59,662 : INFO : EventManager : Event: ======'modes_active_modes_changed'====== Args={}
2025-01-09 21:56:59,662 : INFO : EventManager : Event: ======'mode_rainey_multiball_stopped'====== Args={}
2025-01-09 21:56:59,662 : INFO : EventManager : Event: ======'clear'====== Args={'key': 'rainey_multiball'}
2025-01-09 21:56:59,663 : INFO : EventManager : Event: ======'mode_rainey_multiball2_will_start'====== Args={}
2025-01-09 21:56:59,665 : INFO : EventManager : Event: ======'mode_rainey_multiball2_starting'====== Args={}
2025-01-09 21:56:59,665 : INFO : Mode.skillshot : Stopped.
2025-01-09 21:56:59,666 : INFO : EventManager : Event: ======'modes_active_modes_changed'====== Args={}
2025-01-09 21:56:59,666 : INFO : EventManager : Event: ======'mode_skillshot_stopped'====== Args={}
2025-01-09 21:56:59,666 : INFO : EventManager : Event: ======'clear'====== Args={'key': 'skillshot'}
2025-01-09 21:56:59,667 : INFO : Timer.skillshot_rotate : Stopping Timer
2025-01-09 21:56:59,668 : INFO : EventManager : Event: ======'timer_skillshot_rotate_stopped'====== Args={'ticks': 26, 'ticks_remaining': 0}
2025-01-09 21:56:59,668 : INFO : Timer.arlen_intro_timer : Stopping Timer
2025-01-09 21:56:59,668 : INFO : EventManager : Event: ======'timer_arlen_intro_timer_stopped'====== Args={'ticks': 3, 'ticks_remaining': 3}
2025-01-09 21:56:59,668 : INFO : Mode.intro : Stopped.
2025-01-09 21:56:59,668 : INFO : EventManager : Event: ======'modes_active_modes_changed'====== Args={}
2025-01-09 21:56:59,669 : INFO : EventManager : Event: ======'mode_intro_stopped'====== Args={}
2025-01-09 21:56:59,669 : INFO : EventManager : Event: ======'clear'====== Args={'key': 'intro'}
2025-01-09 21:56:59,669 : INFO : EventManager : Event: ======'logicblock_mb_counter2_updated'====== Args={'value': 0, 'enabled': False}
2025-01-09 21:56:59,670 : INFO : Mode.rainey_multiball2 : Will not start because machine is shutting down.
2025-01-09 21:56:59,670 : INFO : drop_target_bank.strickland_bank : All targets are already up. Will not reset bank.
2025-01-09 21:56:59,670 : INFO : EventManager : Event: ======'cmd_flippers_enable'====== Args={'priority': 0}
2025-01-09 21:56:59,670 : INFO : EventManager : Event: ======'cmd_autofire_coils_enable'====== Args={'priority': 0}
2025-01-09 21:56:59,670 : INFO : EventManager : Event: ======'cmd_drop_targets_reset'====== Args={'priority': 0}
2025-01-09 21:56:59,670 : INFO : Mode.game : Stopped.
2025-01-09 21:56:59,670 : INFO : EventManager : Event: ======'modes_active_modes_changed'====== Args={}
2025-01-09 21:56:59,671 : INFO : EventManager : Event: ======'mode_game_stopped'====== Args={}
2025-01-09 21:56:59,671 : INFO : EventManager : Event: ======'clear'====== Args={'key': 'game'}
2025-01-09 21:56:59,675 : INFO : root : MPF run loop ended.
